R tmr
 ets Jan  8 2013,rst cause:4, boot mode:(3,7)

wdt reset
load 0x4010f000, len 1384, room 16 
tail 8
chksum 0x2d
csum 0x2d
v8b899c12
~ld


6.01
 0h00:04.143 2021/11/16T00:10:06z: DS3231
 0h00:04.159 2021/11/16T00:10:06z: BME280 (0x76)
 0h00:04.173 2021/11/16T00:10:06z: 84:f3:eb:7d:7:a8
 0h00:04.174 2021/11/16T00:10:06z: SSID: MU Open
 0h00:04.180 2021/11/16T00:10:06z: AP_STAR tmr
 ets Jan  8 2013,rst cause:4, boot mode:(3,7)

wdt reset
load 0x4010f000, len 1384, room 16 
tail 8
chksum 0x2d
csum 0x2d
v8b899c12
~ld


6.01
 0h00:03.873 2021/11/16T00:30:05z: DS3231
 0h00:03.889 2021/11/16T00:30:05z: BME280 (0x76)
 0h00:03.903 2021/11/16T00:30:05z: 84:f3:eb:7d:7:a8
 0h00:03.904 2021/11/16T00:30:05z: SSID: MU Open
 0h00:03.910 2021/11/16T00:30:05z: AP_STAR tmr
 ets Jan  8 2013,rst cause:4, boot mode:(3,7)

wdt reset
load 0x4010f000, len 1384, room 16 
tail 8
chksum 0x2d
csum 0x2d
v8b899c12
~ld


6.01
 0h00:04.019 2021/11/16T00:50:03z: DS3231
 0h00:04.034 2021/11/16T00:50:03z: BME280 (0x76)
 0h00:04.049 2021/11/16T00:50:03z: 84:f3:eb:7d:7:a8
 0h00:04.050 2021/11/16T00:50:03z: SSID: MU Open
 0h00:04.055 2021/11/16T00:50:03z: AP_STAR tmr
 ets Jan  8 2013,rst cause:4, boot mode:(3,7)

wdt reset
load 0x4010f000, len 1384, room 16 
tail 8
chksum 0x2d
csum 0x2d
v8b899c12
~ld


6.01
 0h00:04.133 2021/11/16T01:10:03z: DS3231
 0h00:04.148 2021/11/16T01:10:03z: BME280 (0x76)
 0h00:04.162 2021/11/16T01:10:03z: 84:f3:eb:7d:7:a8
 0h00:04.164 2021/11/16T01:10:03z: SSID: MU Open
 0h00:04.169 2021/11/16T01:10:03z: AP_STAR tmr
 ets Jan  8 2013,rst cause:4, boot mode:(3,7)

wdt reset
load 0x4010f000, len 1384, room 16 
tail 8
chksum 0x2d
csum 0x2d
v8b899c12
~ld


6.01
 0h00:04.082 2021/11/16T01:30:03z: DS3231
 0h00:04.097 2021/11/16T01:30:03z: BME280 (0x76)
 0h00:04.112 2021/11/16T01:30:03z: 84:f3:eb:7d:7:a8
 0h00:04.113 2021/11/16T01:30:03z: SSID: MU Open
 0h00:04.118 2021/11/16T01:30:03z: AP_STAR tmr
 ets Jan  8 2013,rst cause:4, boot mode:(3,7)

wdt reset
load 0x4010f000, len 1384, room 16 
tail 8
chksum 0x2d
csum 0x2d
v8b899c12
~ld


6.01
 0h00:04.035 2021/11/16T01:50:02z: DS3231
 0h00:04.050 2021/11/16T01:50:02z: BME280 (0x76)
 0h00:04.064 2021/11/16T01:50:02z: 84:f3:eb:7d:7:a8
 0h00:04.066 2021/11/16T01:50:02z: SSID: MU Open
 0h00:04.071 2021/11/16T01:50:02z: AP_STAR tmr
 ets Jan  8 2013,rst cause:4, boot mode:(3,7)

wdt reset
load 0x4010f000, len 1384, room 16 
tail 8
chksum 0x2d
csum 0x2d
v8b899c12
~ld


6.01
 0h00:04.051 2021/11/16T02:10:01z: DS3231
 0h00:04.066 2021/11/16T02:10:01z: BME280 (0x76)
 0h00:04.081 2021/11/16T02:10:01z: 84:f3:eb:7d:7:a8
 0h00:04.082 2021/11/16T02:10:01z: SSID: MU Open
 0h00:04.087 2021/11/16T02:10:01z: AP_STAR tmr
 ets Jan  8 2013,rst cause:4, boot mode:(3,7)

wdt reset
load 0x4010f000, len 1384, room 16 
tail 8
chksum 0x2d
csum 0x2d
v8b899c12
~ld


6.01
 0h00:04.154 2021/11/16T02:30:01z: DS3231
 0h00:04.169 2021/11/16T02:30:01z: BME280 (0x76)
 0h00:04.184 2021/11/16T02:30:01z: 84:f3:eb:7d:7:a8
 0h00:04.185 2021/11/16T02:30:01z: SSID: MU Open
 0h00:04.190 2021/11/16T02:30:01z: AP_STAR tmr
 ets Jan  8 2013,rst cause:4, boot mode:(3,7)

wdt reset
load 0x4010f000, len 1384, room 16 
tail 8
chksum 0x2d
csum 0x2d
v8b899c12
~ld


6.01
 0h00:04.174 2021/11/16T02:50:00z: DS3231
 0h00:04.190 2021/11/16T02:50:00z: BME280 (0x76)
 0h00:04.204 2021/11/16T02:50:00z: 84:f3:eb:7d:7:a8
 0h00:04.205 2021/11/16T02:50:00z: SSID: MU Open
 0h00:04.211 2021/11/16T02:50:00z: AP_STAR tmr
 ets Jan  8 2013,rst cause:4, boot mode:(3,7)

wdt reset
load 0x4010f000, len 1384, room 16 
tail 8
chksum 0x2d
csum 0x2d
v8b899c12
~ld


6.01
 0h00:04.241 2021/11/16T03:10:00z: DS3231
 0h00:04.256 2021/11/16T03:10:00z: BME280 (0x76)
 0h00:04.270 2021/11/16T03:10:00z: 84:f3:eb:7d:7:a8
 0h00:04.272 2021/11/16T03:10:00z: SSID: MU Open
 0h00:04.277 2021/11/16T03:10:00z: AP_STAR tmr
 ets Jan  8 2013,rst cause:4, boot mode:(3,7)

wdt reset
load 0x4010f000, len 1384, room 16 
tail 8
chksum 0x2d
csum 0x2d
v8b899c12
~ld


6.01
 0h00:04.177 2021/11/16T03:30:00z: DS3231
 0h00:04.192 2021/11/16T03:30:00z: BME280 (0x76)
 0h00:04.206 2021/11/16T03:30:00z: 84:f3:eb:7d:7:a8
 0h00:04.208 2021/11/16T03:30:00z: SSID: MU Open
 0h00:04.213 2021/11/16T03:30:00z: AP_STAR tmr
 ets Jan  8 2013,rst cause:4, boot mode:(3,7)

wdt reset
load 0x4010f000, len 1384, room 16 
tail 8
chksum 0x2d
csum 0x2d
v8b899c12
~ld


6.01
 0h00:04.090 2021/11/16T03:49:58z: DS3231
 0h00:04.105 2021/11/16T03:49:58z: BME280 (0x76)
 0h00:04.119 2021/11/16T03:49:59z: 84:f3:eb:7d:7:a8
 0h00:04.121 2021/11/16T03:49:59z: SSID: MU Open
 0h00:04.126 2021/11/16T03:49:59z: AP_STAR tmr
 ets Jan  8 2013,rst cause:4, boot mode:(3,7)

wdt reset
load 0x4010f000, len 1384, room 16 
tail 8
chksum 0x2d
csum 0x2d
v8b899c12
~ld


6.01
 0h00:04.193 2021/11/16T04:09:58z: DS3231
 0h00:04.209 2021/11/16T04:09:58z: BME280 (0x76)
 0h00:04.223 2021/11/16T04:09:58z: 84:f3:eb:7d:7:a8
 0h00:04.224 2021/11/16T04:09:58z: SSID: MU Open
 0h00:04.230 2021/11/16T04:09:58z: AP_STAR tmr
 ets Jan  8 2013,rst cause:4, boot mode:(3,7)

wdt reset
load 0x4010f000, len 1384, room 16 
tail 8
chksum 0x2d
csum 0x2d
v8b899c12
~ld


6.01
 0h00:04.187 2021/11/16T04:29:57z: DS3231
 0h00:04.202 2021/11/16T04:29:57z: BME280 (0x76)
 0h00:04.217 2021/11/16T04:29:57z: 84:f3:eb:7d:7:a8
 0h00:04.218 2021/11/16T04:29:57z: SSID: MU Open
 0h00:04.223 2021/11/16T04:29:57z: AP_STAR tmr
 ets Jan  8 2013,rst cause:4, boot mode:(3,7)

wdt reset
load 0x4010f000, len 1384, room 16 
tail 8
chksum 0x2d
csum 0x2d
v8b899c12
~ld


6.01
 0h00:04.315 2021/11/16T04:49:57z: DS3231
 0h00:04.330 2021/11/16T04:49:57z: BME280 (0x76)
 0h00:04.344 2021/11/16T04:49:57z: 84:f3:eb:7d:7:a8
 0h00:04.346 2021/11/16T04:49:57z: SSID: MU Open
 0h00:04.351 2021/11/16T04:49:57z: AP_STAR tmr
 ets Jan  8 2013,rst cause:4, boot mode:(3,7)

wdt reset
load 0x4010f000, len 1384, room 16 
tail 8
chksum 0x2d
csum 0x2d
v8b899c12
~ld


6.01
 0h00:04.092 2021/11/16T05:09:56z: DS3231
 0h00:04.108 2021/11/16T05:09:56z: BME280 (0x76)
 0h00:04.122 2021/11/16T05:09:56z: 84:f3:eb:7d:7:a8
 0h00:04.124 2021/11/16T05:09:56z: SSID: MU Open
 0h00:04.129 2021/11/16T05:09:56z: AP_STAR tmr
 ets Jan  8 2013,rst cause:4, boot mode:(3,7)

wdt reset
load 0x4010f000, len 1384, room 16 
tail 8
chksum 0x2d
csum 0x2d
v8b899c12
~ld


6.01
 0h00:04.137 2021/11/16T05:29:56z: DS3231
 0h00:04.153 2021/11/16T05:29:56z: BME280 (0x76)
 0h00:04.167 2021/11/16T05:29:56z: 84:f3:eb:7d:7:a8
 0h00:04.168 2021/11/16T05:29:56z: SSID: MU Open
 0h00:04.174 2021/11/16T05:29:56z: AP_STAR tmr
 ets Jan  8 2013,rst cause:4, boot mode:(3,7)

wdt reset
load 0x4010f000, len 1384, room 16 
tail 8
chksum 0x2d
csum 0x2d
v8b899c12
~ld


6.01
 0h00:03.958 2021/11/16T05:49:54z: DS3231
 0h00:03.974 2021/11/16T05:49:54z: BME280 (0x76)
 0h00:03.988 2021/11/16T05:49:54z: 84:f3:eb:7d:7:a8
 0h00:03.989 2021/11/16T05:49:54z: SSID: MU Open
 0h00:03.995 2021/11/16T05:49:54z: AP_STAR tmr
 ets Jan  8 2013,rst cause:4, boot mode:(3,7)

wdt reset
load 0x4010f000, len 1384, room 16 
tail 8
chksum 0x2d
csum 0x2d
v8b899c12
~ld


6.01
 0h00:04.146 2021/11/16T06:09:53z: DS3231
 0h00:04.162 2021/11/16T06:09:53z: BME280 (0x76)
 0h00:04.176 2021/11/16T06:09:53z: 84:f3:eb:7d:7:a8
 0h00:04.178 2021/11/16T06:09:53z: SSID: MU Open
 0h00:04.183 2021/11/16T06:09:53z: AP_STAR tmr
 ets Jan  8 2013,rst cause:4, boot mode:(3,7)

wdt reset
load 0x4010f000, len 1384, room 16 
tail 8
chksum 0x2d
csum 0x2d
v8b899c12
~ld


6.01
 0h00:04.046 2021/11/16T06:29:52z: DS3231
 0h00:04.061 2021/11/16T06:29:52z: BME280 (0x76)
 0h00:04.076 2021/11/16T06:29:52z: 84:f3:eb:7d:7:a8
 0h00:04.077 2021/11/16T06:29:52z: SSID: MU Open
 0h00:04.082 2021/11/16T06:29:52z: AP_STAR tmr
 ets Jan  8 2013,rst cause:4, boot mode:(3,7)

wdt reset
load 0x4010f000, len 1384, room 16 
tail 8
chksum 0x2d
csum 0x2d
v8b899c12
~ld


6.01
 0h00:03.646 2021/11/16T06:49:50z: DS3231
 0h00:03.662 2021/11/16T06:49:50z: BME280 (0x76)
 0h00:03.676 2021/11/16T06:49:50z: 84:f3:eb:7d:7:a8
 0h00:03.677 2021/11/16T06:49:50z: SSID: MU Open
 0h00:03.683 2021/11/16T06:49:50z: AP_STAR tmr
 ets Jan  8 2013,rst cause:4, boot mode:(3,7)

wdt reset
load 0x4010f000, len 1384, room 16 
tail 8
chksum 0x2d
csum 0x2d
v8b899c12
~ld


6.01
 0h00:04.161 2021/11/16T07:09:49z: DS3231
 0h00:04.177 2021/11/16T07:09:49z: BME280 (0x76)
 0h00:04.191 2021/11/16T07:09:49z: 84:f3:eb:7d:7:a8
 0h00:04.192 2021/11/16T07:09:49z: SSID: MU Open
 0h00:04.198 2021/11/16T07:09:49z: AP_STAR tmr
 ets Jan  8 2013,rst cause:4, boot mode:(3,7)

wdt reset
load 0x4010f000, len 1384, room 16 
tail 8
chksum 0x2d
csum 0x2d
v8b899c12
~ld


6.01
 0h00:04.049 2021/11/16T07:29:48z: DS3231
 0h00:04.064 2021/11/16T07:29:48z: BME280 (0x76)
 0h00:04.079 2021/11/16T07:29:48z: 84:f3:eb:7d:7:a8
 0h00:04.080 2021/11/16T07:29:48z: SSID: MU Open
 0h00:04.085 2021/11/16T07:29:48z: AP_STAR tmr
 ets Jan  8 2013,rst cause:4, boot mode:(3,7)

wdt reset
load 0x4010f000, len 1384, room 16 
tail 8
chksum 0x2d
csum 0x2d
v8b899c12
~ld


6.01
 0h00:03.826 2021/11/16T07:49:47z: DS3231
 0h00:03.842 2021/11/16T07:49:47z: BME280 (0x76)
 0h00:03.856 2021/11/16T07:49:47z: 84:f3:eb:7d:7:a8
 0h00:03.857 2021/11/16T07:49:47z: SSID: MU Open
 0h00:03.863 2021/11/16T07:49:47z: AP_STAR tmr
 ets Jan  8 2013,rst cause:4, boot mode:(3,7)

wdt reset
load 0x4010f000, len 1384, room 16 
tail 8
chksum 0x2d
csum 0x2d
v8b899c12
~ld


6.01
 0h00:04.111 2021/11/16T08:09:46z: DS3231
 0h00:04.126 2021/11/16T08:09:46z: BME280 (0x76)
 0h00:04.140 2021/11/16T08:09:46z: 84:f3:eb:7d:7:a8
 0h00:04.142 2021/11/16T08:09:46z: SSID: MU Open
 0h00:04.147 2021/11/16T08:09:46z: AP_STAR tmr
 ets Jan  8 2013,rst cause:4, boot mode:(3,7)

wdt reset
load 0x4010f000, len 1384, room 16 
tail 8
chksum 0x2d
csum 0x2d
v8b899c12
~ld


6.01
 0h00:04.198 2021/11/16T08:29:46z: DS3231
 0h00:04.214 2021/11/16T08:29:46z: BME280 (0x76)
 0h00:04.228 2021/11/16T08:29:46z: 84:f3:eb:7d:7:a8
 0h00:04.230 2021/11/16T08:29:46z: SSID: MU Open
 0h00:04.235 2021/11/16T08:29:46z: AP_STAR tmr
 ets Jan  8 2013,rst cause:4, boot mode:(3,7)

wdt reset
load 0x4010f000, len 1384, room 16 
tail 8
chksum 0x2d
csum 0x2d
v8b899c12
~ld


6.01
 0h00:04.175 2021/11/16T08:49:45z: DS3231
 0h00:04.190 2021/11/16T08:49:45z: BME280 (0x76)
 0h00:04.204 2021/11/16T08:49:45z: 84:f3:eb:7d:7:a8
 0h00:04.206 2021/11/16T08:49:45z: SSID: MU Open
 0h00:04.211 2021/11/16T08:49:45z: AP_STAR tmr
 ets Jan  8 2013,rst cause:4, boot mode:(3,7)

wdt reset
load 0x4010f000, len 1384, room 16 
tail 8
chksum 0x2d
csum 0x2d
v8b899c12
~ld


6.01
 0h00:04.203 2021/11/16T09:09:44z: DS3231
 0h00:04.219 2021/11/16T09:09:44z: BME280 (0x76)
 0h00:04.233 2021/11/16T09:09:44z: 84:f3:eb:7d:7:a8
 0h00:04.235 2021/11/16T09:09:44z: SSID: MU Open
 0h00:04.240 2021/11/16T09:09:44z: AP_STAR tmr
 ets Jan  8 2013,rst cause:4, boot mode:(3,7)

wdt reset
load 0x4010f000, len 1384, room 16 
tail 8
chksum 0x2d
csum 0x2d
v8b899c12
~ld


6.01
 0h00:04.130 2021/11/16T09:29:43z: DS3231
 0h00:04.146 2021/11/16T09:29:43z: BME280 (0x76)
 0h00:04.160 2021/11/16T09:29:43z: 84:f3:eb:7d:7:a8
 0h00:04.162 2021/11/16T09:29:43z: SSID: MU Open
 0h00:04.167 2021/11/16T09:29:43z: AP_STAR tmr
 ets Jan  8 2013,rst cause:4, boot mode:(3,7)

wdt reset
load 0x4010f000, len 1384, room 16 
tail 8
chksum 0x2d
csum 0x2d
v8b899c12
~ld


6.01
 0h00:04.043 2021/11/16T09:49:42z: DS3231
 0h00:04.058 2021/11/16T09:49:42z: BME280 (0x76)
 0h00:04.072 2021/11/16T09:49:42z: 84:f3:eb:7d:7:a8
 0h00:04.074 2021/11/16T09:49:42z: SSID: MU Open
 0h00:04.079 2021/11/16T09:49:42z: AP_STAR tmr
 ets Jan  8 2013,rst cause:4, boot mode:(3,7)

wdt reset
load 0x4010f000, len 1384, room 16 
tail 8
chksum 0x2d
csum 0x2d
v8b899c12
~ld


6.01
 0h00:04.153 2021/11/16T10:09:40z: DS3231
 0h00:04.168 2021/11/16T10:09:40z: BME280 (0x76)
 0h00:04.182 2021/11/16T10:09:40z: 84:f3:eb:7d:7:a8
 0h00:04.184 2021/11/16T10:09:40z: SSID: MU Open
 0h00:04.189 2021/11/16T10:09:40z: AP_STAR tmr
 ets Jan  8 2013,rst cause:4, boot mode:(3,7)

wdt reset
load 0x4010f000, len 1384, room 16 
tail 8
chksum 0x2d
csum 0x2d
v8b899c12
~ld


6.01
 0h00:04.224 2021/11/16T10:29:39z: DS3231
 0h00:04.239 2021/11/16T10:29:39z: BME280 (0x76)
 0h00:04.253 2021/11/16T10:29:39z: 84:f3:eb:7d:7:a8
 0h00:04.255 2021/11/16T10:29:39z: SSID: MU Open
 0h00:04.260 2021/11/16T10:29:39z: AP_STAR tmr
 ets Jan  8 2013,rst cause:4, boot mode:(3,7)

wdt reset
load 0x4010f000, len 1384, room 16 
tail 8
chksum 0x2d
csum 0x2d
v8b899c12
~ld


6.01
 0h00:04.051 2021/11/16T10:49:38z: DS3231
 0h00:04.066 2021/11/16T10:49:38z: BME280 (0x76)
 0h00:04.080 2021/11/16T10:49:38z: 84:f3:eb:7d:7:a8
 0h00:04.082 2021/11/16T10:49:38z: SSID: MU Open
 0h00:04.087 2021/11/16T10:49:38z: AP_STAR tmr
 ets Jan  8 2013,rst cause:4, boot mode:(3,7)

wdt reset
load 0x4010f000, len 1384, room 16 
tail 8
chksum 0x2d
csum 0x2d
v8b899c12
~ld


6.01
 0h00:04.162 2021/11/16T11:09:37z: DS3231
 0h00:04.177 2021/11/16T11:09:37z: BME280 (0x76)
 0h00:04.191 2021/11/16T11:09:37z: 84:f3:eb:7d:7:a8
 0h00:04.193 2021/11/16T11:09:37z: SSID: MU Open
 0h00:04.198 2021/11/16T11:09:37z: AP_STAR tmr
 ets Jan  8 2013,rst cause:4, boot mode:(3,7)

wdt reset
load 0x4010f000, len 1384, room 16 
tail 8
chksum 0x2d
csum 0x2d
v8b899c12
~ld


6.01
 0h00:04.087 2021/11/16T11:29:37z: DS3231
 0h00:04.103 2021/11/16T11:29:37z: BME280 (0x76)
 0h00:04.117 2021/11/16T11:29:37z: 84:f3:eb:7d:7:a8
 0h00:04.118 2021/11/16T11:29:37z: SSID: MU Open
 0h00:04.124 2021/11/16T11:29:37z: AP_STAR tmr
 ets Jan  8 2013,rst cause:4, boot mode:(3,7)

wdt reset
load 0x4010f000, len 1384, room 16 
tail 8
chksum 0x2d
csum 0x2d
v8b899c12
~ld


6.01
 0h00:04.049 2021/11/16T11:49:37z: DS3231
 0h00:04.065 2021/11/16T11:49:37z: BME280 (0x76)
 0h00:04.079 2021/11/16T11:49:37z: 84:f3:eb:7d:7:a8
 0h00:04.081 2021/11/16T11:49:37z: SSID: MU Open
 0h00:04.086 2021/11/16T11:49:37z: AP_STAR tmr
 ets Jan  8 2013,rst cause:4, boot mode:(3,7)

wdt reset
load 0x4010f000, len 1384, room 16 
tail 8
chksum 0x2d
csum 0x2d
v8b899c12
~ld


6.01
 0h00:04.234 2021/11/16T12:09:36z: DS3231
 0h00:04.249 2021/11/16T12:09:36z: BME280 (0x76)
 0h00:04.263 2021/11/16T12:09:36z: 84:f3:eb:7d:7:a8
 0h00:04.265 2021/11/16T12:09:36z: SSID: MU Open
 0h00:04.270 2021/11/16T12:09:36z: AP_STAR tmr
 ets Jan  8 2013,rst cause:4, boot mode:(3,7)

wdt reset
load 0x4010f000, len 1384, room 16 
tail 8
chksum 0x2d
csum 0x2d
v8b899c12
~ld


6.01
 0h00:04.325 2021/11/16T12:29:35z: DS3231
 0h00:04.341 2021/11/16T12:29:35z: BME280 (0x76)
 0h00:04.355 2021/11/16T12:29:35z: 84:f3:eb:7d:7:a8
 0h00:04.356 2021/11/16T12:29:35z: SSID: MU Open
 0h00:04.362 2021/11/16T12:29:35z: AP_STAR tmr
 ets Jan  8 2013,rst cause:4, boot mode:(3,7)

wdt reset
load 0x4010f000, len 1384, room 16 
tail 8
chksum 0x2d
csum 0x2d
v8b899c12
~ld


6.01
 0h00:04.274 2021/11/16T12:49:35z: DS3231
 0h00:04.289 2021/11/16T12:49:35z: BME280 (0x76)
 0h00:04.304 2021/11/16T12:49:35z: 84:f3:eb:7d:7:a8
 0h00:04.305 2021/11/16T12:49:35z: SSID: MU Open
 0h00:04.310 2021/11/16T12:49:35z: AP_STAR tmr
 ets Jan  8 2013,rst cause:4, boot mode:(3,7)

wdt reset
load 0x4010f000, len 1384, room 16 
tail 8
chksum 0x2d
csum 0x2d
v8b899c12
~ld


6.01
 0h00:04.301 2021/11/16T13:09:34z: DS3231
 0h00:04.316 2021/11/16T13:09:34z: BME280 (0x76)
 0h00:04.330 2021/11/16T13:09:34z: 84:f3:eb:7d:7:a8
 0h00:04.332 2021/11/16T13:09:34z: SSID: MU Open
 0h00:04.337 2021/11/16T13:09:34z: AP_STAR tmr
 ets Jan  8 2013,rst cause:4, boot mode:(3,7)

wdt reset
load 0x4010f000, len 1384, room 16 
tail 8
chksum 0x2d
csum 0x2d
v8b899c12
~ld


6.01
 0h00:04.060 2021/11/16T13:29:34z: DS3231
 0h00:04.076 2021/11/16T13:29:34z: BME280 (0x76)
 0h00:04.090 2021/11/16T13:29:34z: 84:f3:eb:7d:7:a8
 0h00:04.091 2021/11/16T13:29:34z: SSID: MU Open
 0h00:04.097 2021/11/16T13:29:34z: AP_STAR tmr
 ets Jan  8 2013,rst cause:4, boot mode:(3,7)

wdt reset
load 0x4010f000, len 1384, room 16 
tail 8
chksum 0x2d
csum 0x2d
v8b899c12
~ld


6.01
 0h00:04.249 2021/11/16T13:49:33z: DS3231
 0h00:04.265 2021/11/16T13:49:33z: BME280 (0x76)
 0h00:04.279 2021/11/16T13:49:33z: 84:f3:eb:7d:7:a8
 0h00:04.281 2021/11/16T13:49:33z: SSID: MU Open
 0h00:04.286 2021/11/16T13:49:33z: AP_STAR tmr
 ets Jan  8 2013,rst cause:4, boot mode:(3,7)

wdt reset
load 0x4010f000, len 1384, room 16 
tail 8
chksum 0x2d
csum 0x2d
v8b899c12
~ld


6.01
 0h00:04.228 2021/11/16T14:09:32z: DS3231
 0h00:04.243 2021/11/16T14:09:32z: BME280 (0x76)
 0h00:04.258 2021/11/16T14:09:32z: 84:f3:eb:7d:7:a8
 0h00:04.259 2021/11/16T14:09:32z: SSID: MU Open
 0h00:04.265 2021/11/16T14:09:32z: AP_STAR tmr
 ets Jan  8 2013,rst cause:4, boot mode:(3,7)

wdt reset
load 0x4010f000, len 1384, room 16 
tail 8
chksum 0x2d
csum 0x2d
v8b899c12
~ld


6.01
 0h00:04.210 2021/11/16T14:29:32z: DS3231
 0h00:04.225 2021/11/16T14:29:32z: BME280 (0x76)
 0h00:04.240 2021/11/16T14:29:32z: 84:f3:eb:7d:7:a8
 0h00:04.241 2021/11/16T14:29:32z: SSID: MU Open
 0h00:04.246 2021/11/16T14:29:32z: AP_STAR tmr
 ets Jan  8 2013,rst cause:4, boot mode:(3,7)

wdt reset
load 0x4010f000, len 1384, room 16 
tail 8
chksum 0x2d
csum 0x2d
v8b899c12
~ld


6.01
 0h00:04.004 2021/11/16T14:49:32z: DS3231
 0h00:04.020 2021/11/16T14:49:32z: BME280 (0x76)
 0h00:04.034 2021/11/16T14:49:32z: 84:f3:eb:7d:7:a8
 0h00:04.035 2021/11/16T14:49:32z: SSID: MU Open
 0h00:04.041 2021/11/16T14:49:32z: AP_STAR tmr
 ets Jan  8 2013,rst cause:4, boot mode:(3,7)

wdt reset
load 0x4010f000, len 1384, room 16 
tail 8
chksum 0x2d
csum 0x2d
v8b899c12
~ld


6.01
 0h00:03.843 2021/11/16T15:09:30z: DS3231
 0h00:03.858 2021/11/16T15:09:30z: BME280 (0x76)
 0h00:03.872 2021/11/16T15:09:30z: 84:f3:eb:7d:7:a8
 0h00:03.874 2021/11/16T15:09:30z: SSID: MU Open
 0h00:03.879 2021/11/16T15:09:30z: AP_STAR tmr
 ets Jan  8 2013,rst cause:4, boot mode:(3,7)

wdt reset
load 0x4010f000, len 1384, room 16 
tail 8
chksum 0x2d
csum 0x2d
v8b899c12
~ld


6.01
 0h00:04.016 2021/11/16T15:29:30z: DS3231
 0h00:04.031 2021/11/16T15:29:30z: BME280 (0x76)
 0h00:04.045 2021/11/16T15:29:30z: 84:f3:eb:7d:7:a8
 0h00:04.047 2021/11/16T15:29:30z: SSID: MU Open
 0h00:04.052 2021/11/16T15:29:30z: AP_STAR tmr
 ets Jan  8 2013,rst cause:4, boot mode:(3,7)

wdt reset
load 0x4010f000, len 1384, room 16 
tail 8
chksum 0x2d
csum 0x2d
v8b899c12
~ld


6.01
 0h00:03.961 2021/11/16T15:49:28z: DS3231
 0h00:03.977 2021/11/16T15:49:28z: BME280 (0x76)
 0h00:03.991 2021/11/16T15:49:28z: 84:f3:eb:7d:7:a8
 0h00:03.992 2021/11/16T15:49:28z: SSID: MU Open
 0h00:03.998 2021/11/16T15:49:28z: AP_STAR tmr
 ets Jan  8 2013,rst cause:4, boot mode:(3,7)

wdt reset
load 0x4010f000, len 1384, room 16 
tail 8
chksum 0x2d
csum 0x2d
v8b899c12
~ld


6.01
 0h00:03.952 2021/11/16T16:09:27z: DS3231
 0h00:03.967 2021/11/16T16:09:27z: BME280 (0x76)
 0h00:03.982 2021/11/16T16:09:27z: 84:f3:eb:7d:7:a8
 0h00:03.983 2021/11/16T16:09:27z: SSID: MU Open
 0h00:03.988 2021/11/16T16:09:27z: AP_STAR tmr
 ets Jan  8 2013,rst cause:4, boot mode:(3,7)

wdt reset
load 0x4010f000, len 1384, room 16 
tail 8
chksum 0x2d
csum 0x2d
v8b899c12
~ld


6.01
 0h00:04.125 2021/11/16T16:29:26z: DS3231
 0h00:04.141 2021/11/16T16:29:26z: BME280 (0x76)
 0h00:04.155 2021/11/16T16:29:26z: 84:f3:eb:7d:7:a8
 0h00:04.156 2021/11/16T16:29:26z: SSID: MU Open
 0h00:04.162 2021/11/16T16:29:26z: AP_STAR tmr
 ets Jan  8 2013,rst cause:4, boot mode:(3,7)

wdt reset
load 0x4010f000, len 1384, room 16 
tail 8
chksum 0x2d
csum 0x2d
v8b899c12
~ld


6.01
 0h00:04.014 2021/11/16T16:49:25z: DS3231
 0h00:04.030 2021/11/16T16:49:25z: BME280 (0x76)
 0h00:04.044 2021/11/16T16:49:26z: 84:f3:eb:7d:7:a8
 0h00:04.046 2021/11/16T16:49:26z: SSID: MU Open
 0h00:04.051 2021/11/16T16:49:26z: AP_STAR tmr
 ets Jan  8 2013,rst cause:4, boot mode:(3,7)

wdt reset
load 0x4010f000, len 1384, room 16 
tail 8
chksum 0x2d
csum 0x2d
v8b899c12
~ld


6.01
 0h00:04.133 2021/11/16T17:09:25z: DS3231
 0h00:04.148 2021/11/16T17:09:25z: BME280 (0x76)
 0h00:04.162 2021/11/16T17:09:25z: 84:f3:eb:7d:7:a8
 0h00:04.164 2021/11/16T17:09:25z: SSID: MU Open
 0h00:04.169 2021/11/16T17:09:25z: AP_STAR tmr
 ets Jan  8 2013,rst cause:4, boot mode:(3,7)

wdt reset
load 0x4010f000, len 1384, room 16 
tail 8
chksum 0x2d
csum 0x2d
v8b899c12
~ld


6.01
 0h00:03.983 2021/11/16T17:29:24z: DS3231
 0h00:03.998 2021/11/16T17:29:24z: BME280 (0x76)
 0h00:04.012 2021/11/16T17:29:24z: 84:f3:eb:7d:7:a8
 0h00:04.014 2021/11/16T17:29:24z: SSID: MU Open
 0h00:04.019 2021/11/16T17:29:24z: AP_STAR tmr
 ets Jan  8 2013,rst cause:4, boot mode:(3,7)

wdt reset
load 0x4010f000, len 1384, room 16 
tail 8
chksum 0x2d
csum 0x2d
v8b899c12
~ld


6.01
 0h00:04.077 2021/11/16T17:49:23z: DS3231
 0h00:04.093 2021/11/16T17:49:23z: BME280 (0x76)
 0h00:04.107 2021/11/16T17:49:23z: 84:f3:eb:7d:7:a8
 0h00:04.109 2021/11/16T17:49:23z: SSID: MU Open
 0h00:04.114 2021/11/16T17:49:23z: AP_STAR tmr
 ets Jan  8 2013,rst cause:4, boot mode:(3,7)

wdt reset
load 0x4010f000, len 1384, room 16 
tail 8
chksum 0x2d
csum 0x2d
v8b899c12
~ld


6.01
 0h00:03.874 2021/11/16T18:09:22z: DS3231
 0h00:03.889 2021/11/16T18:09:22z: BME280 (0x76)
 0h00:03.903 2021/11/16T18:09:22z: 84:f3:eb:7d:7:a8
 0h00:03.905 2021/11/16T18:09:22z: SSID: MU Open
 0h00:03.910 2021/11/16T18:09:22z: AP_STAR tmr
 ets Jan  8 2013,rst cause:4, boot mode:(3,7)

wdt reset
load 0x4010f000, len 1384, room 16 
tail 8
chksum 0x2d
csum 0x2d
v8b899c12
~ld


6.01
 0h00:04.160 2021/11/16T18:29:21z: DS3231
 0h00:04.176 2021/11/16T18:29:21z: BME280 (0x76)
 0h00:04.190 2021/11/16T18:29:21z: 84:f3:eb:7d:7:a8
 0h00:04.191 2021/11/16T18:29:21z: SSID: MU Open
 0h00:04.197 2021/11/16T18:29:21z: AP_STAR tmr
 ets Jan  8 2013,rst cause:4, boot mode:(3,7)

wdt reset
load 0x4010f000, len 1384, room 16 
tail 8
chksum 0x2d
csum 0x2d
v8b899c12
~ld


6.01
 0h00:03.894 2021/11/16T18:49:21z: DS3231
 0h00:03.909 2021/11/16T18:49:21z: BME280 (0x76)
 0h00:03.923 2021/11/16T18:49:21z: 84:f3:eb:7d:7:a8
 0h00:03.925 2021/11/16T18:49:21z: SSID: MU Open
 0h00:03.930 2021/11/16T18:49:21z: AP_STAR tmr
 ets Jan  8 2013,rst cause:4, boot mode:(3,7)

wdt reset
load 0x4010f000, len 1384, room 16 
tail 8
chksum 0x2d
csum 0x2d
v8b899c12
~ld


6.01
 0h00:04.157 2021/11/16T19:09:20z: DS3231
 0h00:04.172 2021/11/16T19:09:20z: BME280 (0x76)
 0h00:04.186 2021/11/16T19:09:20z: 84:f3:eb:7d:7:a8
 0h00:04.188 2021/11/16T19:09:20z: SSID: MU Open
 0h00:04.193 2021/11/16T19:09:20z: AP_STAR tmr
 ets Jan  8 2013,rst cause:4, boot mode:(3,7)

wdt reset
load 0x4010f000, len 1384, room 16 
tail 8
chksum 0x2d
csum 0x2d
v8b899c12
~ld


6.01
 0h00:04.165 2021/11/16T19:29:19z: DS3231
 0h00:04.180 2021/11/16T19:29:19z: BME280 (0x76)
 0h00:04.194 2021/11/16T19:29:19z: 84:f3:eb:7d:7:a8
 0h00:04.196 2021/11/16T19:29:19z: SSID: MU Open
 0h00:04.201 2021/11/16T19:29:19z: AP_STAR tmr
 ets Jan  8 2013,rst cause:4, boot mode:(3,7)

wdt reset
load 0x4010f000, len 1384, room 16 
tail 8
chksum 0x2d
csum 0x2d
v8b899c12
~ld


6.01
 0h00:04.099 2021/11/16T19:49:18z: DS3231
 0h00:04.114 2021/11/16T19:49:18z: BME280 (0x76)
 0h00:04.128 2021/11/16T19:49:18z: 84:f3:eb:7d:7:a8
 0h00:04.130 2021/11/16T19:49:18z: SSID: MU Open
 0h00:04.135 2021/11/16T19:49:18z: AP_STAR tmr
 ets Jan  8 2013,rst cause:4, boot mode:(3,7)

wdt reset
load 0x4010f000, len 1384, room 16 
tail 8
chksum 0x2d
csum 0x2d
v8b899c12
~ld


6.01
 0h00:04.208 2021/11/16T20:09:17z: DS3231
 0h00:04.223 2021/11/16T20:09:17z: BME280 (0x76)
 0h00:04.237 2021/11/16T20:09:17z: 84:f3:eb:7d:7:a8
 0h00:04.239 2021/11/16T20:09:17z: SSID: MU Open
 0h00:04.244 2021/11/16T20:09:17z: AP_STAR tmr
 ets Jan  8 2013,rst cause:4, boot mode:(3,7)

wdt reset
load 0x4010f000, len 1384, room 16 
tail 8
chksum 0x2d
csum 0x2d
v8b899c12
~ld


6.01
 0h00:04.200 2021/11/16T20:29:16z: DS3231
 0h00:04.216 2021/11/16T20:29:16z: BME280 (0x76)
 0h00:04.230 2021/11/16T20:29:16z: 84:f3:eb:7d:7:a8
 0h00:04.231 2021/11/16T20:29:16z: SSID: MU Open
 0h00:04.237 2021/11/16T20:29:16z: AP_STAR tmr
 ets Jan  8 2013,rst cause:4, boot mode:(3,7)

wdt reset
load 0x4010f000, len 1384, room 16 
tail 8
chksum 0x2d
csum 0x2d
v8b899c12
~ld


6.01
 0h00:04.023 2021/11/16T20:49:15z: DS3231
 0h00:04.038 2021/11/16T20:49:15z: BME280 (0x76)
 0h00:04.053 2021/11/16T20:49:15z: 84:f3:eb:7d:7:a8
 0h00:04.054 2021/11/16T20:49:15z: SSID: MU Open
 0h00:04.059 2021/11/16T20:49:15z: AP_STAR tmr
 ets Jan  8 2013,rst cause:4, boot mode:(3,7)

wdt reset
load 0x4010f000, len 1384, room 16 
tail 8
chksum 0x2d
csum 0x2d
v8b899c12
~ld


6.01
 0h00:04.035 2021/11/16T21:09:15z: DS3231
 0h00:04.050 2021/11/16T21:09:15z: BME280 (0x76)
 0h00:04.064 2021/11/16T21:09:15z: 84:f3:eb:7d:7:a8
 0h00:04.066 2021/11/16T21:09:15z: SSID: MU Open
 0h00:04.071 2021/11/16T21:09:15z: AP_STAR tmr
 ets Jan  8 2013,rst cause:4, boot mode:(3,7)

wdt reset
load 0x4010f000, len 1384, room 16 
tail 8
chksum 0x2d
csum 0x2d
v8b899c12
~ld


6.01
 0h00:04.098 2021/11/16T21:29:14z: DS3231
 0h00:04.113 2021/11/16T21:29:14z: BME280 (0x76)
 0h00:04.128 2021/11/16T21:29:14z: 84:f3:eb:7d:7:a8
 0h00:04.129 2021/11/16T21:29:14z: SSID: MU Open
 0h00:04.134 2021/11/16T21:29:14z: AP_STAR tmr
 ets Jan  8 2013,rst cause:4, boot mode:(3,7)

wdt reset
load 0x4010f000, len 1384, room 16 
tail 8
chksum 0x2d
csum 0x2d
v8b899c12
~ld


6.01
 0h00:04.087 2021/11/16T21:49:14z: DS3231
 0h00:04.102 2021/11/16T21:49:14z: BME280 (0x76)
 0h00:04.116 2021/11/16T21:49:14z: 84:f3:eb:7d:7:a8
 0h00:04.118 2021/11/16T21:49:14z: SSID: MU Open
 0h00:04.123 2021/11/16T21:49:14z: AP_STAR tmr
 ets Jan  8 2013,rst cause:4, boot mode:(3,7)

wdt reset
load 0x4010f000, len 1384, room 16 
tail 8
chksum 0x2d
csum 0x2d
v8b899c12
~ld


6.01
 0h00:04.050 2021/11/16T22:09:14z: DS3231
 0h00:04.065 2021/11/16T22:09:14z: BME280 (0x76)
 0h00:04.079 2021/11/16T22:09:14z: 84:f3:eb:7d:7:a8
 0h00:04.081 2021/11/16T22:09:14z: SSID: MU Open
 0h00:04.086 2021/11/16T22:09:14z: AP_STAR tmr
 ets Jan  8 2013,rst cause:4, boot mode:(3,7)

wdt reset
load 0x4010f000, len 1384, room 16 
tail 8
chksum 0x2d
csum 0x2d
v8b899c12
~ld


6.01
 0h00:04.249 2021/11/16T22:29:14z: DS3231
 0h00:04.264 2021/11/16T22:29:14z: BME280 (0x76)
 0h00:04.278 2021/11/16T22:29:14z: 84:f3:eb:7d:7:a8
 0h00:04.280 2021/11/16T22:29:14z: SSID: MU Open
 0h00:04.285 2021/11/16T22:29:14z: AP_STAR tmr
 ets Jan  8 2013,rst cause:4, boot mode:(3,7)

wdt reset
load 0x4010f000, len 1384, room 16 
tail 8
chksum 0x2d
csum 0x2d
v8b899c12
~ld


6.01
 0h00:04.100 2021/11/16T22:49:13z: DS3231
 0h00:04.116 2021/11/16T22:49:13z: BME280 (0x76)
 0h00:04.130 2021/11/16T22:49:13z: 84:f3:eb:7d:7:a8
 0h00:04.131 2021/11/16T22:49:13z: SSID: MU Open
 0h00:04.137 2021/11/16T22:49:13z: AP_STAR tmr
 ets Jan  8 2013,rst cause:4, boot mode:(3,7)

wdt reset
load 0x4010f000, len 1384, room 16 
tail 8
chksum 0x2d
csum 0x2d
v8b899c12
~ld


6.01
 0h00:04.013 2021/11/16T23:09:12z: DS3231
 0h00:04.028 2021/11/16T23:09:12z: BME280 (0x76)
 0h00:04.042 2021/11/16T23:09:12z: 84:f3:eb:7d:7:a8
 0h00:04.044 2021/11/16T23:09:12z: SSID: MU Open
 0h00:04.049 2021/11/16T23:09:12z: AP_STAR tmr
 ets Jan  8 2013,rst cause:4, boot mode:(3,7)

wdt reset
load 0x4010f000, len 1384, room 16 
tail 8
chksum 0x2d
csum 0x2d
v8b899c12
~ld


6.01
 0h00:04.206 2021/11/16T23:29:12z: DS3231
 0h00:04.221 2021/11/16T23:29:12z: BME280 (0x76)
 0h00:04.235 2021/11/16T23:29:12z: 84:f3:eb:7d:7:a8
 0h00:04.237 2021/11/16T23:29:12z: SSID: MU Open
 0h00:04.242 2021/11/16T23:29:12z: AP_STAR tmr
 ets Jan  8 2013,rst cause:4, boot mode:(3,7)

wdt reset
load 0x4010f000, len 1384, room 16 
tail 8
chksum 0x2d
csum 0x2d
v8b899c12
~ld


6.01
 0h00:04.023 2021/11/16T23:49:11z: DS3231
 0h00:04.039 2021/11/16T23:49:11z: BME280 (0x76)
 0h00:04.053 2021/11/16T23:49:11z: 84:f3:eb:7d:7:a8
 0h00:04.054 2021/11/16T23:49:11z: SSID: MU Open
 0h00:04.060 2021/11/16T23:49:11z: AP_STA