R tmr
 ets Jan  8 2013,rst cause:4, boot mode:(3,7)

wdt reset
load 0x4010f000, len 1384, room 16 
tail 8
chksum 0x2d
csum 0x2d
v8b899c12
~ld


6.01
 0h00:03.712 2021/10/08T00:14:19z: DS3231
 0h00:03.727 2021/10/08T00:14:19z: BME280 (0x76)
 0h00:03.741 2021/10/08T00:14:19z: 84:f3:eb:7d:7:a8
 0h00:03.743 2021/10/08T00:14:19z: SSID: MU Open
 0h00:03.748 2021/10/08T00:14:19z: AP_STAR tmr
 ets Jan  8 2013,rst cause:4, boot mode:(3,7)

wdt reset
load 0x4010f000, len 1384, room 16 
tail 8
chksum 0x2d
csum 0x2d
v8b899c12
~ld


6.01
 0h00:03.674 2021/10/08T00:34:18z: DS3231
 0h00:03.689 2021/10/08T00:34:18z: BME280 (0x76)
 0h00:03.703 2021/10/08T00:34:18z: 84:f3:eb:7d:7:a8
 0h00:03.705 2021/10/08T00:34:18z: SSID: MU Open
 0h00:03.710 2021/10/08T00:34:18z: AP_STAR tmr
 ets Jan  8 2013,rst cause:4, boot mode:(3,7)

wdt reset
load 0x4010f000, len 1384, room 16 
tail 8
chksum 0x2d
csum 0x2d
v8b899c12
~ld


6.01
 0h00:03.687 2021/10/08T00:54:17z: DS3231
 0h00:03.702 2021/10/08T00:54:17z: BME280 (0x76)
 0h00:03.716 2021/10/08T00:54:17z: 84:f3:eb:7d:7:a8
 0h00:03.718 2021/10/08T00:54:17z: SSID: MU Open
 0h00:03.723 2021/10/08T00:54:17z: AP_STAR tmr
 ets Jan  8 2013,rst cause:4, boot mode:(3,7)

wdt reset
load 0x4010f000, len 1384, room 16 
tail 8
chksum 0x2d
csum 0x2d
v8b899c12
~ld


6.01
 0h00:03.885 2021/10/08T01:14:15z: DS3231
 0h00:03.901 2021/10/08T01:14:15z: BME280 (0x76)
 0h00:03.915 2021/10/08T01:14:15z: 84:f3:eb:7d:7:a8
 0h00:03.916 2021/10/08T01:14:15z: SSID: MU Open
 0h00:03.922 2021/10/08T01:14:15z: AP_STAR tmr
 ets Jan  8 2013,rst cause:4, boot mode:(3,7)

wdt reset
load 0x4010f000, len 1384, room 16 
tail 8
chksum 0x2d
csum 0x2d
v8b899c12
~ld


6.01
 0h00:03.810 2021/10/08T01:34:14z: DS3231
 0h00:03.825 2021/10/08T01:34:14z: BME280 (0x76)
 0h00:03.839 2021/10/08T01:34:14z: 84:f3:eb:7d:7:a8
 0h00:03.841 2021/10/08T01:34:14z: SSID: MU Open
 0h00:03.846 2021/10/08T01:34:14z: AP_STAR tmr
 ets Jan  8 2013,rst cause:4, boot mode:(3,7)

wdt reset
load 0x4010f000, len 1384, room 16 
tail 8
chksum 0x2d
csum 0x2d
v8b899c12
~ld


6.01
 0h00:03.863 2021/10/08T01:54:12z: DS3231
 0h00:03.878 2021/10/08T01:54:12z: BME280 (0x76)
 0h00:03.892 2021/10/08T01:54:12z: 84:f3:eb:7d:7:a8
 0h00:03.894 2021/10/08T01:54:12z: SSID: MU Open
 0h00:03.899 2021/10/08T01:54:12z: AP_STAR tmr
 ets Jan  8 2013,rst cause:4, boot mode:(3,7)

wdt reset
load 0x4010f000, len 1384, room 16 
tail 8
chksum 0x2d
csum 0x2d
v8b899c12
~ld


6.01
 0h00:03.680 2021/10/08T02:14:11z: DS3231
 0h00:03.695 2021/10/08T02:14:11z: BME280 (0x76)
 0h00:03.709 2021/10/08T02:14:11z: 84:f3:eb:7d:7:a8
 0h00:03.711 2021/10/08T02:14:11z: SSID: MU Open
 0h00:03.716 2021/10/08T02:14:11z: AP_STAR tmr
 ets Jan  8 2013,rst cause:4, boot mode:(3,7)

wdt reset
load 0x4010f000, len 1384, room 16 
tail 8
chksum 0x2d
csum 0x2d
v8b899c12
~ld


6.01
 0h00:03.806 2021/10/08T02:34:09z: DS3231
 0h00:03.821 2021/10/08T02:34:09z: BME280 (0x76)
 0h00:03.835 2021/10/08T02:34:09z: 84:f3:eb:7d:7:a8
 0h00:03.837 2021/10/08T02:34:09z: SSID: MU Open
 0h00:03.842 2021/10/08T02:34:09z: AP_STAR tmr
 ets Jan  8 2013,rst cause:4, boot mode:(3,7)

wdt reset
load 0x4010f000, len 1384, room 16 
tail 8
chksum 0x2d
csum 0x2d
v8b899c12
~ld


6.01
 0h00:03.806 2021/10/08T02:54:07z: DS3231
 0h00:03.821 2021/10/08T02:54:07z: BME280 (0x76)
 0h00:03.835 2021/10/08T02:54:07z: 84:f3:eb:7d:7:a8
 0h00:03.837 2021/10/08T02:54:07z: SSID: MU Open
 0h00:03.842 2021/10/08T02:54:07z: AP_STAR tmr
 ets Jan  8 2013,rst cause:4, boot mode:(3,7)

wdt reset
load 0x4010f000, len 1384, room 16 
tail 8
chksum 0x2d
csum 0x2d
v8b899c12
~ld


6.01
 0h00:03.733 2021/10/08T03:14:05z: DS3231
 0h00:03.749 2021/10/08T03:14:05z: BME280 (0x76)
 0h00:03.763 2021/10/08T03:14:05z: 84:f3:eb:7d:7:a8
 0h00:03.765 2021/10/08T03:14:05z: SSID: MU Open
 0h00:03.770 2021/10/08T03:14:05z: AP_STAR tmr
 ets Jan  8 2013,rst cause:4, boot mode:(3,7)

wdt reset
load 0x4010f000, len 1384, room 16 
tail 8
chksum 0x2d
csum 0x2d
v8b899c12
~ld


6.01
 0h00:03.655 2021/10/08T03:34:04z: DS3231
 0h00:03.671 2021/10/08T03:34:04z: BME280 (0x76)
 0h00:03.685 2021/10/08T03:34:04z: 84:f3:eb:7d:7:a8
 0h00:03.686 2021/10/08T03:34:04z: SSID: MU Open
 0h00:03.692 2021/10/08T03:34:04z: AP_STAR tmr
 ets Jan  8 2013,rst cause:4, boot mode:(3,7)

wdt reset
load 0x4010f000, len 1384, room 16 
tail 8
chksum 0x2d
csum 0x2d
v8b899c12
~ld


6.01
 0h00:03.638 2021/10/08T03:54:01z: DS3231
 0h00:03.654 2021/10/08T03:54:01z: BME280 (0x76)
 0h00:03.668 2021/10/08T03:54:01z: 84:f3:eb:7d:7:a8
 0h00:03.670 2021/10/08T03:54:01z: SSID: MU Open
 0h00:03.675 2021/10/08T03:54:01z: AP_STAR tmr
 ets Jan  8 2013,rst cause:4, boot mode:(3,7)

wdt reset
load 0x4010f000, len 1384, room 16 
tail 8
chksum 0x2d
csum 0x2d
v8b899c12
~ld


6.01
 0h00:03.631 2021/10/08T04:13:59z: DS3231
 0h00:03.647 2021/10/08T04:13:59z: BME280 (0x76)
 0h00:03.661 2021/10/08T04:13:59z: 84:f3:eb:7d:7:a8
 0h00:03.662 2021/10/08T04:13:59z: SSID: MU Open
 0h00:03.668 2021/10/08T04:13:59z: AP_STAR tmr
 ets Jan  8 2013,rst cause:4, boot mode:(3,7)

wdt reset
load 0x4010f000, len 1384, room 16 
tail 8
chksum 0x2d
csum 0x2d
v8b899c12
~ld


6.01
 0h00:03.831 2021/10/08T04:33:57z: DS3231
 0h00:03.847 2021/10/08T04:33:57z: BME280 (0x76)
 0h00:03.861 2021/10/08T04:33:57z: 84:f3:eb:7d:7:a8
 0h00:03.863 2021/10/08T04:33:57z: SSID: MU Open
 0h00:03.868 2021/10/08T04:33:57z: AP_STAR tmr
 ets Jan  8 2013,rst cause:4, boot mode:(3,7)

wdt reset
load 0x4010f000, len 1384, room 16 
tail 8
chksum 0x2d
csum 0x2d
v8b899c12
~ld


6.01
 0h00:03.603 2021/10/08T04:53:56z: DS3231
 0h00:03.618 2021/10/08T04:53:56z: BME280 (0x76)
 0h00:03.633 2021/10/08T04:53:56z: 84:f3:eb:7d:7:a8
 0h00:03.634 2021/10/08T04:53:56z: SSID: MU Open
 0h00:03.639 2021/10/08T04:53:56z: AP_STAR tmr
 ets Jan  8 2013,rst cause:4, boot mode:(3,7)

wdt reset
load 0x4010f000, len 1384, room 16 
tail 8
chksum 0x2d
csum 0x2d
v8b899c12
~ld


6.01
 0h00:03.645 2021/10/08T05:13:54z: DS3231
 0h00:03.661 2021/10/08T05:13:54z: BME280 (0x76)
 0h00:03.675 2021/10/08T05:13:54z: 84:f3:eb:7d:7:a8
 0h00:03.676 2021/10/08T05:13:54z: SSID: MU Open
 0h00:03.682 2021/10/08T05:13:54z: AP_STAR tmr
 ets Jan  8 2013,rst cause:4, boot mode:(3,7)

wdt reset
load 0x4010f000, len 1384, room 16 
tail 8
chksum 0x2d
csum 0x2d
v8b899c12
~ld


6.01
 0h00:03.650 2021/10/08T05:33:52z: DS3231
 0h00:03.666 2021/10/08T05:33:52z: BME280 (0x76)
 0h00:03.680 2021/10/08T05:33:52z: 84:f3:eb:7d:7:a8
 0h00:03.682 2021/10/08T05:33:52z: SSID: MU Open
 0h00:03.687 2021/10/08T05:33:52z: AP_STAR tmr
 ets Jan  8 2013,rst cause:4, boot mode:(3,7)

wdt reset
load 0x4010f000, len 1384, room 16 
tail 8
chksum 0x2d
csum 0x2d
v8b899c12
~ld


6.01
 0h00:03.597 2021/10/08T05:53:50z: DS3231
 0h00:03.612 2021/10/08T05:53:50z: BME280 (0x76)
 0h00:03.627 2021/10/08T05:53:50z: 84:f3:eb:7d:7:a8
 0h00:03.628 2021/10/08T05:53:50z: SSID: MU Open
 0h00:03.633 2021/10/08T05:53:50z: AP_STAR tmr
 ets Jan  8 2013,rst cause:4, boot mode:(3,7)

wdt reset
load 0x4010f000, len 1384, room 16 
tail 8
chksum 0x2d
csum 0x2d
v8b899c12
~ld


6.01
 0h00:03.683 2021/10/08T06:13:48z: DS3231
 0h00:03.698 2021/10/08T06:13:48z: BME280 (0x76)
 0h00:03.712 2021/10/08T06:13:48z: 84:f3:eb:7d:7:a8
 0h00:03.714 2021/10/08T06:13:48z: SSID: MU Open
 0h00:03.719 2021/10/08T06:13:48z: AP_STAR tmr
 ets Jan  8 2013,rst cause:4, boot mode:(3,7)

wdt reset
load 0x4010f000, len 1384, room 16 
tail 8
chksum 0x2d
csum 0x2d
v8b899c12
~ld


6.01
 0h00:03.640 2021/10/08T06:33:47z: DS3231
 0h00:03.655 2021/10/08T06:33:47z: BME280 (0x76)
 0h00:03.669 2021/10/08T06:33:47z: 84:f3:eb:7d:7:a8
 0h00:03.671 2021/10/08T06:33:47z: SSID: MU Open
 0h00:03.676 2021/10/08T06:33:47z: AP_STAR tmr
 ets Jan  8 2013,rst cause:4, boot mode:(3,7)

wdt reset
load 0x4010f000, len 1384, room 16 
tail 8
chksum 0x2d
csum 0x2d
v8b899c12
~ld


6.01
 0h00:03.896 2021/10/08T06:53:45z: DS3231
 0h00:03.912 2021/10/08T06:53:45z: BME280 (0x76)
 0h00:03.926 2021/10/08T06:53:45z: 84:f3:eb:7d:7:a8
 0h00:03.927 2021/10/08T06:53:45z: SSID: MU Open
 0h00:03.933 2021/10/08T06:53:45z: AP_STAR tmr
 ets Jan  8 2013,rst cause:4, boot mode:(3,7)

wdt reset
load 0x4010f000, len 1384, room 16 
tail 8
chksum 0x2d
csum 0x2d
v8b899c12
~ld


6.01
 0h00:03.817 2021/10/08T07:13:44z: DS3231
 0h00:03.833 2021/10/08T07:13:44z: BME280 (0x76)
 0h00:03.847 2021/10/08T07:13:44z: 84:f3:eb:7d:7:a8
 0h00:03.849 2021/10/08T07:13:44z: SSID: MU Open
 0h00:03.854 2021/10/08T07:13:44z: AP_STAR tmr
 ets Jan  8 2013,rst cause:4, boot mode:(3,7)

wdt reset
load 0x4010f000, len 1384, room 16 
tail 8
chksum 0x2d
csum 0x2d
v8b899c12
~ld


6.01
 0h00:03.768 2021/10/08T07:33:43z: DS3231
 0h00:03.783 2021/10/08T07:33:43z: BME280 (0x76)
 0h00:03.797 2021/10/08T07:33:43z: 84:f3:eb:7d:7:a8
 0h00:03.799 2021/10/08T07:33:43z: SSID: MU Open
 0h00:03.804 2021/10/08T07:33:43z: AP_STAR tmr
 ets Jan  8 2013,rst cause:4, boot mode:(3,7)

wdt reset
load 0x4010f000, len 1384, room 16 
tail 8
chksum 0x2d
csum 0x2d
v8b899c12
~ld


6.01
 0h00:03.687 2021/10/08T07:53:41z: DS3231
 0h00:03.702 2021/10/08T07:53:41z: BME280 (0x76)
 0h00:03.717 2021/10/08T07:53:41z: 84:f3:eb:7d:7:a8
 0h00:03.718 2021/10/08T07:53:41z: SSID: MU Open
 0h00:03.724 2021/10/08T07:53:41z: AP_STAR tmr
 ets Jan  8 2013,rst cause:4, boot mode:(3,7)

wdt reset
load 0x4010f000, len 1384, room 16 
tail 8
chksum 0x2d
csum 0x2d
v8b899c12
~ld


6.01
 0h00:03.649 2021/10/08T08:13:41z: DS3231
 0h00:03.664 2021/10/08T08:13:41z: BME280 (0x76)
 0h00:03.679 2021/10/08T08:13:41z: 84:f3:eb:7d:7:a8
 0h00:03.680 2021/10/08T08:13:41z: SSID: MU Open
 0h00:03.685 2021/10/08T08:13:41z: AP_STAR tmr
 ets Jan  8 2013,rst cause:4, boot mode:(3,7)

wdt reset
load 0x4010f000, len 1384, room 16 
tail 8
chksum 0x2d
csum 0x2d
v8b899c12
~ld


6.01
 0h00:03.754 2021/10/08T08:33:40z: DS3231
 0h00:03.769 2021/10/08T08:33:40z: BME280 (0x76)
 0h00:03.783 2021/10/08T08:33:40z: 84:f3:eb:7d:7:a8
 0h00:03.785 2021/10/08T08:33:40z: SSID: MU Open
 0h00:03.790 2021/10/08T08:33:40z: AP_STAR tmr
 ets Jan  8 2013,rst cause:4, boot mode:(3,7)

wdt reset
load 0x4010f000, len 1384, room 16 
tail 8
chksum 0x2d
csum 0x2d
v8b899c12
~ld


6.01
 0h00:03.676 2021/10/08T08:53:38z: DS3231
 0h00:03.691 2021/10/08T08:53:38z: BME280 (0x76)
 0h00:03.705 2021/10/08T08:53:38z: 84:f3:eb:7d:7:a8
 0h00:03.707 2021/10/08T08:53:38z: SSID: MU Open
 0h00:03.712 2021/10/08T08:53:38z: AP_STAR tmr
 ets Jan  8 2013,rst cause:4, boot mode:(3,7)

wdt reset
load 0x4010f000, len 1384, room 16 
tail 8
chksum 0x2d
csum 0x2d
v8b899c12
~ld


6.01
 0h00:03.767 2021/10/08T09:13:36z: DS3231
 0h00:03.782 2021/10/08T09:13:37z: BME280 (0x76)
 0h00:03.796 2021/10/08T09:13:37z: 84:f3:eb:7d:7:a8
 0h00:03.798 2021/10/08T09:13:37z: SSID: MU Open
 0h00:03.803 2021/10/08T09:13:37z: AP_STAR tmr
 ets Jan  8 2013,rst cause:4, boot mode:(3,7)

wdt reset
load 0x4010f000, len 1384, room 16 
tail 8
chksum 0x2d
csum 0x2d
v8b899c12
~ld


6.01
 0h00:03.785 2021/10/08T09:33:35z: DS3231
 0h00:03.801 2021/10/08T09:33:35z: BME280 (0x76)
 0h00:03.815 2021/10/08T09:33:35z: 84:f3:eb:7d:7:a8
 0h00:03.817 2021/10/08T09:33:35z: SSID: MU Open
 0h00:03.822 2021/10/08T09:33:35z: AP_STAR tmr
 ets Jan  8 2013,rst cause:4, boot mode:(3,7)

wdt reset
load 0x4010f000, len 1384, room 16 
tail 8
chksum 0x2d
csum 0x2d
v8b899c12
~ld


6.01
 0h00:03.686 2021/10/08T09:53:34z: DS3231
 0h00:03.701 2021/10/08T09:53:34z: BME280 (0x76)
 0h00:03.715 2021/10/08T09:53:34z: 84:f3:eb:7d:7:a8
 0h00:03.717 2021/10/08T09:53:34z: SSID: MU Open
 0h00:03.722 2021/10/08T09:53:34z: AP_STAR tmr
 ets Jan  8 2013,rst cause:4, boot mode:(3,7)

wdt reset
load 0x4010f000, len 1384, room 16 
tail 8
chksum 0x2d
csum 0x2d
v8b899c12
~ld


6.01
 0h00:03.789 2021/10/08T10:13:33z: DS3231
 0h00:03.804 2021/10/08T10:13:33z: BME280 (0x76)
 0h00:03.818 2021/10/08T10:13:33z: 84:f3:eb:7d:7:a8
 0h00:03.820 2021/10/08T10:13:33z: SSID: MU Open
 0h00:03.825 2021/10/08T10:13:33z: AP_STAR tmr
 ets Jan  8 2013,rst cause:4, boot mode:(3,7)

wdt reset
load 0x4010f000, len 1384, room 16 
tail 8
chksum 0x2d
csum 0x2d
v8b899c12
~ld


6.01
 0h00:03.773 2021/10/08T10:33:31z: DS3231
 0h00:03.788 2021/10/08T10:33:31z: BME280 (0x76)
 0h00:03.803 2021/10/08T10:33:31z: 84:f3:eb:7d:7:a8
 0h00:03.804 2021/10/08T10:33:31z: SSID: MU Open
 0h00:03.809 2021/10/08T10:33:31z: AP_STAR tmr
 ets Jan  8 2013,rst cause:4, boot mode:(3,7)

wdt reset
load 0x4010f000, len 1384, room 16 
tail 8
chksum 0x2d
csum 0x2d
v8b899c12
~ld


6.01
 0h00:03.663 2021/10/08T10:53:29z: DS3231
 0h00:03.678 2021/10/08T10:53:29z: BME280 (0x76)
 0h00:03.692 2021/10/08T10:53:29z: 84:f3:eb:7d:7:a8
 0h00:03.694 2021/10/08T10:53:29z: SSID: MU Open
 0h00:03.699 2021/10/08T10:53:29z: AP_STAR tmr
 ets Jan  8 2013,rst cause:4, boot mode:(3,7)

wdt reset
load 0x4010f000, len 1384, room 16 
tail 8
chksum 0x2d
csum 0x2d
v8b899c12
~ld


6.01
 0h00:03.792 2021/10/08T11:13:27z: DS3231
 0h00:03.807 2021/10/08T11:13:27z: BME280 (0x76)
 0h00:03.822 2021/10/08T11:13:27z: 84:f3:eb:7d:7:a8
 0h00:03.823 2021/10/08T11:13:27z: SSID: MU Open
 0h00:03.828 2021/10/08T11:13:27z: AP_STAR tmr
 ets Jan  8 2013,rst cause:4, boot mode:(3,7)

wdt reset
load 0x4010f000, len 1384, room 16 
tail 8
chksum 0x2d
csum 0x2d
v8b899c12
~ld


6.01
 0h00:03.658 2021/10/08T11:33:25z: DS3231
 0h00:03.673 2021/10/08T11:33:25z: BME280 (0x76)
 0h00:03.687 2021/10/08T11:33:25z: 84:f3:eb:7d:7:a8
 0h00:03.689 2021/10/08T11:33:25z: SSID: MU Open
 0h00:03.694 2021/10/08T11:33:25z: AP_STAR tmr
 ets Jan  8 2013,rst cause:4, boot mode:(3,7)

wdt reset
load 0x4010f000, len 1384, room 16 
tail 8
chksum 0x2d
csum 0x2d
v8b899c12
~ld


6.01
 0h00:03.671 2021/10/08T11:53:24z: DS3231
 0h00:03.686 2021/10/08T11:53:24z: BME280 (0x76)
 0h00:03.700 2021/10/08T11:53:24z: 84:f3:eb:7d:7:a8
 0h00:03.702 2021/10/08T11:53:24z: SSID: MU Open
 0h00:03.707 2021/10/08T11:53:24z: AP_STAR tmr
 ets Jan  8 2013,rst cause:4, boot mode:(3,7)

wdt reset
load 0x4010f000, len 1384, room 16 
tail 8
chksum 0x2d
csum 0x2d
v8b899c12
~ld


6.01
 0h00:03.755 2021/10/08T12:13:22z: DS3231
 0h00:03.770 2021/10/08T12:13:22z: BME280 (0x76)
 0h00:03.784 2021/10/08T12:13:22z: 84:f3:eb:7d:7:a8
 0h00:03.786 2021/10/08T12:13:22z: SSID: MU Open
 0h00:03.791 2021/10/08T12:13:22z: AP_STAR tmr
 ets Jan  8 2013,rst cause:4, boot mode:(3,7)

wdt reset
load 0x4010f000, len 1384, room 16 
tail 8
chksum 0x2d
csum 0x2d
v8b899c12
~ld


6.01
 0h00:03.560 2021/10/08T12:33:20z: DS3231
 0h00:03.576 2021/10/08T12:33:20z: BME280 (0x76)
 0h00:03.590 2021/10/08T12:33:20z: 84:f3:eb:7d:7:a8
 0h00:03.592 2021/10/08T12:33:20z: SSID: MU Open
 0h00:03.597 2021/10/08T12:33:20z: AP_STAR tmr
 ets Jan  8 2013,rst cause:4, boot mode:(3,7)

wdt reset
load 0x4010f000, len 1384, room 16 
tail 8
chksum 0x2d
csum 0x2d
v8b899c12
~ld


6.01
 0h00:03.585 2021/10/08T12:53:18z: DS3231
 0h00:03.600 2021/10/08T12:53:18z: BME280 (0x76)
 0h00:03.614 2021/10/08T12:53:18z: 84:f3:eb:7d:7:a8
 0h00:03.616 2021/10/08T12:53:18z: SSID: MU Open
 0h00:03.621 2021/10/08T12:53:18z: AP_STAR tmr
 ets Jan  8 2013,rst cause:4, boot mode:(3,7)

wdt reset
load 0x4010f000, len 1384, room 16 
tail 8
chksum 0x2d
csum 0x2d
v8b899c12
~ld


6.01
 0h00:03.652 2021/10/08T13:13:17z: DS3231
 0h00:03.667 2021/10/08T13:13:17z: BME280 (0x76)
 0h00:03.681 2021/10/08T13:13:17z: 84:f3:eb:7d:7:a8
 0h00:03.683 2021/10/08T13:13:17z: SSID: MU Open
 0h00:03.688 2021/10/08T13:13:17z: AP_STAR tmr
 ets Jan  8 2013,rst cause:4, boot mode:(3,7)

wdt reset
load 0x4010f000, len 1384, room 16 
tail 8
chksum 0x2d
csum 0x2d
v8b899c12
~ld


6.01
 0h00:03.577 2021/10/08T13:33:15z: DS3231
 0h00:03.593 2021/10/08T13:33:15z: BME280 (0x76)
 0h00:03.607 2021/10/08T13:33:15z: 84:f3:eb:7d:7:a8
 0h00:03.609 2021/10/08T13:33:15z: SSID: MU Open
 0h00:03.614 2021/10/08T13:33:15z: AP_STAR tmr
 ets Jan  8 2013,rst cause:4, boot mode:(3,7)

wdt reset
load 0x4010f000, len 1384, room 16 
tail 8
chksum 0x2d
csum 0x2d
v8b899c12
~ld


6.01
 0h00:03.675 2021/10/08T13:53:14z: DS3231
 0h00:03.691 2021/10/08T13:53:14z: BME280 (0x76)
 0h00:03.705 2021/10/08T13:53:14z: 84:f3:eb:7d:7:a8
 0h00:03.707 2021/10/08T13:53:14z: SSID: MU Open
 0h00:03.712 2021/10/08T13:53:14z: AP_STAR tmr
 ets Jan  8 2013,rst cause:4, boot mode:(3,7)

wdt reset
load 0x4010f000, len 1384, room 16 
tail 8
chksum 0x2d
csum 0x2d
v8b899c12
~ld


6.01
 0h00:03.722 2021/10/08T14:13:12z: DS3231
 0h00:03.738 2021/10/08T14:13:12z: BME280 (0x76)
 0h00:03.752 2021/10/08T14:13:12z: 84:f3:eb:7d:7:a8
 0h00:03.753 2021/10/08T14:13:12z: SSID: MU Open
 0h00:03.759 2021/10/08T14:13:12z: AP_STAR tmr
 ets Jan  8 2013,rst cause:4, boot mode:(3,7)

wdt reset
load 0x4010f000, len 1384, room 16 
tail 8
chksum 0x2d
csum 0x2d
v8b899c12
~ld


6.01
 0h00:03.606 2021/10/08T14:33:09z: DS3231
 0h00:03.621 2021/10/08T14:33:09z: BME280 (0x76)
 0h00:03.635 2021/10/08T14:33:09z: 84:f3:eb:7d:7:a8
 0h00:03.637 2021/10/08T14:33:09z: SSID: MU Open
 0h00:03.642 2021/10/08T14:33:09z: AP_STAR tmr
 ets Jan  8 2013,rst cause:4, boot mode:(3,7)

wdt reset
load 0x4010f000, len 1384, room 16 
tail 8
chksum 0x2d
csum 0x2d
v8b899c12
~ld


6.01
 0h00:03.777 2021/10/08T14:53:08z: DS3231
 0h00:03.793 2021/10/08T14:53:08z: BME280 (0x76)
 0h00:03.807 2021/10/08T14:53:08z: 84:f3:eb:7d:7:a8
 0h00:03.809 2021/10/08T14:53:08z: SSID: MU Open
 0h00:03.814 2021/10/08T14:53:08z: AP_STAR tmr
 ets Jan  8 2013,rst cause:4, boot mode:(3,7)

wdt reset
load 0x4010f000, len 1384, room 16 
tail 8
chksum 0x2d
csum 0x2d
v8b899c12
~ld


6.01
 0h00:03.648 2021/10/08T15:13:06z: DS3231
 0h00:03.664 2021/10/08T15:13:06z: BME280 (0x76)
 0h00:03.678 2021/10/08T15:13:06z: 84:f3:eb:7d:7:a8
 0h00:03.680 2021/10/08T15:13:06z: SSID: MU Open
 0h00:03.685 2021/10/08T15:13:06z: AP_STAR tmr
 ets Jan  8 2013,rst cause:4, boot mode:(3,7)

wdt reset
load 0x4010f000, len 1384, room 16 
tail 8
chksum 0x2d
csum 0x2d
v8b899c12
~ld


6.01
 0h00:03.652 2021/10/08T15:33:04z: DS3231
 0h00:03.667 2021/10/08T15:33:04z: BME280 (0x76)
 0h00:03.681 2021/10/08T15:33:04z: 84:f3:eb:7d:7:a8
 0h00:03.683 2021/10/08T15:33:04z: SSID: MU Open
 0h00:03.688 2021/10/08T15:33:04z: AP_STAR tmr
 ets Jan  8 2013,rst cause:4, boot mode:(3,7)

wdt reset
load 0x4010f000, len 1384, room 16 
tail 8
chksum 0x2d
csum 0x2d
v8b899c12
~ld


6.01
 0h00:03.613 2021/10/08T15:53:02z: DS3231
 0h00:03.628 2021/10/08T15:53:02z: BME280 (0x76)
 0h00:03.642 2021/10/08T15:53:02z: 84:f3:eb:7d:7:a8
 0h00:03.644 2021/10/08T15:53:02z: SSID: MU Open
 0h00:03.649 2021/10/08T15:53:02z: AP_STAR tmr
 ets Jan  8 2013,rst cause:4, boot mode:(3,7)

wdt reset
load 0x4010f000, len 1384, room 16 
tail 8
chksum 0x2d
csum 0x2d
v8b899c12
~ld


6.01
 0h00:03.633 2021/10/08T16:13:00z: DS3231
 0h00:03.649 2021/10/08T16:13:00z: BME280 (0x76)
 0h00:03.663 2021/10/08T16:13:00z: 84:f3:eb:7d:7:a8
 0h00:03.664 2021/10/08T16:13:00z: SSID: MU Open
 0h00:03.670 2021/10/08T16:13:00z: AP_STAR tmr
 ets Jan  8 2013,rst cause:4, boot mode:(3,7)

wdt reset
load 0x4010f000, len 1384, room 16 
tail 8
chksum 0x2d
csum 0x2d
v8b899c12
~ld


6.01
 0h00:03.735 2021/10/08T16:32:58z: DS3231
 0h00:03.750 2021/10/08T16:32:58z: BME280 (0x76)
 0h00:03.765 2021/10/08T16:32:58z: 84:f3:eb:7d:7:a8
 0h00:03.766 2021/10/08T16:32:58z: SSID: MU Open
 0h00:03.771 2021/10/08T16:32:58z: AP_STAR tmr
 ets Jan  8 2013,rst cause:4, boot mode:(3,7)

wdt reset
load 0x4010f000, len 1384, room 16 
tail 8
chksum 0x2d
csum 0x2d
v8b899c12
~ld


6.01
 0h00:03.596 2021/10/08T16:52:56z: DS3231
 0h00:03.612 2021/10/08T16:52:56z: BME280 (0x76)
 0h00:03.626 2021/10/08T16:52:56z: 84:f3:eb:7d:7:a8
 0h00:03.627 2021/10/08T16:52:56z: SSID: MU Open
 0h00:03.633 2021/10/08T16:52:56z: AP_STAR tmr
 ets Jan  8 2013,rst cause:4, boot mode:(3,7)

wdt reset
load 0x4010f000, len 1384, room 16 
tail 8
chksum 0x2d
csum 0x2d
v8b899c12
~ld


6.01
 0h00:03.700 2021/10/08T17:12:55z: DS3231
 0h00:03.716 2021/10/08T17:12:55z: BME280 (0x76)
 0h00:03.730 2021/10/08T17:12:55z: 84:f3:eb:7d:7:a8
 0h00:03.732 2021/10/08T17:12:55z: SSID: MU Open
 0h00:03.737 2021/10/08T17:12:55z: AP_STAR tmr
 ets Jan  8 2013,rst cause:4, boot mode:(3,7)

wdt reset
load 0x4010f000, len 1384, room 16 
tail 8
chksum 0x2d
csum 0x2d
v8b899c12
~ld


6.01
 0h00:03.667 2021/10/08T17:32:54z: DS3231
 0h00:03.683 2021/10/08T17:32:54z: BME280 (0x76)
 0h00:03.697 2021/10/08T17:32:54z: 84:f3:eb:7d:7:a8
 0h00:03.698 2021/10/08T17:32:54z: SSID: MU Open
 0h00:03.704 2021/10/08T17:32:54z: AP_STAR tmr
 ets Jan  8 2013,rst cause:4, boot mode:(3,7)

wdt reset
load 0x4010f000, len 1384, room 16 
tail 8
chksum 0x2d
csum 0x2d
v8b899c12
~ld


6.01
 0h00:03.591 2021/10/08T17:52:52z: DS3231
 0h00:03.606 2021/10/08T17:52:52z: BME280 (0x76)
 0h00:03.620 2021/10/08T17:52:52z: 84:f3:eb:7d:7:a8
 0h00:03.622 2021/10/08T17:52:52z: SSID: MU Open
 0h00:03.627 2021/10/08T17:52:52z: AP_STAR tmr
 ets Jan  8 2013,rst cause:4, boot mode:(3,7)

wdt reset
load 0x4010f000, len 1384, room 16 
tail 8
chksum 0x2d
csum 0x2d
v8b899c12
~ld


6.01
 0h00:03.583 2021/10/08T18:12:50z: DS3231
 0h00:03.599 2021/10/08T18:12:50z: BME280 (0x76)
 0h00:03.613 2021/10/08T18:12:50z: 84:f3:eb:7d:7:a8
 0h00:03.614 2021/10/08T18:12:50z: SSID: MU Open
 0h00:03.620 2021/10/08T18:12:50z: AP_STAR tmr
 ets Jan  8 2013,rst cause:4, boot mode:(3,7)

wdt reset
load 0x4010f000, len 1384, room 16 
tail 8
chksum 0x2d
csum 0x2d
v8b899c12
~ld


6.01
 0h00:03.623 2021/10/08T18:32:48z: DS3231
 0h00:03.638 2021/10/08T18:32:48z: BME280 (0x76)
 0h00:03.652 2021/10/08T18:32:48z: 84:f3:eb:7d:7:a8
 0h00:03.654 2021/10/08T18:32:48z: SSID: MU Open
 0h00:03.659 2021/10/08T18:32:48z: AP_STAR tmr
 ets Jan  8 2013,rst cause:4, boot mode:(3,7)

wdt reset
load 0x4010f000, len 1384, room 16 
tail 8
chksum 0x2d
csum 0x2d
v8b899c12
~ld


6.01
 0h00:03.672 2021/10/08T18:52:47z: DS3231
 0h00:03.687 2021/10/08T18:52:47z: BME280 (0x76)
 0h00:03.701 2021/10/08T18:52:47z: 84:f3:eb:7d:7:a8
 0h00:03.703 2021/10/08T18:52:47z: SSID: MU Open
 0h00:03.708 2021/10/08T18:52:47z: AP_STAR tmr
 ets Jan  8 2013,rst cause:4, boot mode:(3,7)

wdt reset
load 0x4010f000, len 1384, room 16 
tail 8
chksum 0x2d
csum 0x2d
v8b899c12
~ld


6.01
 0h00:03.513 2021/10/08T19:12:45z: DS3231
 0h00:03.529 2021/10/08T19:12:45z: BME280 (0x76)
 0h00:03.543 2021/10/08T19:12:45z: 84:f3:eb:7d:7:a8
 0h00:03.545 2021/10/08T19:12:45z: SSID: MU Open
 0h00:03.550 2021/10/08T19:12:45z: AP_STAR tmr
 ets Jan  8 2013,rst cause:4, boot mode:(3,7)

wdt reset
load 0x4010f000, len 1384, room 16 
tail 8
chksum 0x2d
csum 0x2d
v8b899c12
~ld


6.01
 0h00:03.567 2021/10/08T19:52:44z: DS3231
 0h00:03.582 2021/10/08T19:52:44z: BME280 (0x76)
 0h00:03.596 2021/10/08T19:52:44z: 84:f3:eb:7d:7:a8
 0h00:03.598 2021/10/08T19:52:44z: SSID: MU Open
 0h00:03.603 2021/10/08T19:52:44z: AP_STAR tmr
 ets Jan  8 2013,rst cause:4, boot mode:(3,7)

wdt reset
load 0x4010f000, len 1384, room 16 
tail 8
chksum 0x2d
csum 0x2d
v8b899c12
~ld


6.01
 0h00:03.642 2021/10/08T20:12:41z: DS3231
 0h00:03.657 2021/10/08T20:12:41z: BME280 (0x76)
 0h00:03.671 2021/10/08T20:12:41z: 84:f3:eb:7d:7:a8
 0h00:03.673 2021/10/08T20:12:41z: SSID: MU Open
 0h00:03.678 2021/10/08T20:12:41z: AP_STAR tmr
 ets Jan  8 2013,rst cause:4, boot mode:(3,7)

wdt reset
load 0x4010f000, len 1384, room 16 
tail 8
chksum 0x2d
csum 0x2d
v8b899c12
~ld


6.01
 0h00:03.601 2021/10/08T20:32:39z: DS3231
 0h00:03.616 2021/10/08T20:32:39z: BME280 (0x76)
 0h00:03.630 2021/10/08T20:32:39z: 84:f3:eb:7d:7:a8
 0h00:03.632 2021/10/08T20:32:39z: SSID: MU Open
 0h00:03.637 2021/10/08T20:32:39z: AP_STAR tmr
 ets Jan  8 2013,rst cause:4, boot mode:(3,7)

wdt reset
load 0x4010f000, len 1384, room 16 
tail 8
chksum 0x2d
csum 0x2d
v8b899c12
~ld


6.01
 0h00:03.735 2021/10/08T20:52:37z: DS3231
 0h00:03.750 2021/10/08T20:52:38z: BME280 (0x76)
 0h00:03.764 2021/10/08T20:52:38z: 84:f3:eb:7d:7:a8
 0h00:03.766 2021/10/08T20:52:38z: SSID: MU Open
 0h00:03.771 2021/10/08T20:52:38z: AP_STAR tmr
 ets Jan  8 2013,rst cause:4, boot mode:(3,7)

wdt reset
load 0x4010f000, len 1384, room 16 
tail 8
chksum 0x2d
csum 0x2d
v8b899c12
~ld


6.01
 0h00:03.731 2021/10/08T21:12:35z: DS3231
 0h00:03.746 2021/10/08T21:12:35z: BME280 (0x76)
 0h00:03.760 2021/10/08T21:12:35z: 84:f3:eb:7d:7:a8
 0h00:03.762 2021/10/08T21:12:35z: SSID: MU Open
 0h00:03.767 2021/10/08T21:12:35z: AP_STAR tmr
 ets Jan  8 2013,rst cause:4, boot mode:(3,7)

wdt reset
load 0x4010f000, len 1384, room 16 
tail 8
chksum 0x2d
csum 0x2d
v8b899c12
~ld


6.01
 0h00:03.527 2021/10/08T21:32:32z: DS3231
 0h00:03.542 2021/10/08T21:32:32z: BME280 (0x76)
 0h00:03.556 2021/10/08T21:32:32z: 84:f3:eb:7d:7:a8
 0h00:03.558 2021/10/08T21:32:32z: SSID: MU Open
 0h00:03.563 2021/10/08T21:32:32z: AP_STAR tmr
 ets Jan  8 2013,rst cause:4, boot mode:(3,7)

wdt reset
load 0x4010f000, len 1384, room 16 
tail 8
chksum 0x2d
csum 0x2d
v8b899c12
~ld


6.01
 0h00:03.655 2021/10/08T21:52:30z: DS3231
 0h00:03.670 2021/10/08T21:52:30z: BME280 (0x76)
 0h00:03.685 2021/10/08T21:52:30z: 84:f3:eb:7d:7:a8
 0h00:03.686 2021/10/08T21:52:30z: SSID: MU Open
 0h00:03.691 2021/10/08T21:52:30z: AP_STAR tmr
 ets Jan  8 2013,rst cause:4, boot mode:(3,7)

wdt reset
load 0x4010f000, len 1384, room 16 
tail 8
chksum 0x2d
csum 0x2d
v8b899c12
~ld


6.01
 0h00:03.679 2021/10/08T22:12:28z: DS3231
 0h00:03.695 2021/10/08T22:12:28z: BME280 (0x76)
 0h00:03.709 2021/10/08T22:12:28z: 84:f3:eb:7d:7:a8
 0h00:03.711 2021/10/08T22:12:29z: SSID: MU Open
 0h00:03.716 2021/10/08T22:12:29z: AP_STAR tmr
 ets Jan  8 2013,rst cause:4, boot mode:(3,7)

wdt reset
load 0x4010f000, len 1384, room 16 
tail 8
chksum 0x2d
csum 0x2d
v8b899c12
~ld


6.01
 0h00:03.602 2021/10/08T22:32:27z: DS3231
 0h00:03.617 2021/10/08T22:32:27z: BME280 (0x76)
 0h00:03.631 2021/10/08T22:32:27z: 84:f3:eb:7d:7:a8
 0h00:03.633 2021/10/08T22:32:27z: SSID: MU Open
 0h00:03.638 2021/10/08T22:32:27z: AP_STAR tmr
 ets Jan  8 2013,rst cause:4, boot mode:(3,7)

wdt reset
load 0x4010f000, len 1384, room 16 
tail 8
chksum 0x2d
csum 0x2d
v8b899c12
~ld


6.01
 0h00:03.628 2021/10/08T22:52:25z: DS3231
 0h00:03.643 2021/10/08T22:52:25z: BME280 (0x76)
 0h00:03.657 2021/10/08T22:52:25z: 84:f3:eb:7d:7:a8
 0h00:03.659 2021/10/08T22:52:25z: SSID: MU Open
 0h00:03.664 2021/10/08T22:52:25z: AP_STAR tmr
 ets Jan  8 2013,rst cause:4, boot mode:(3,7)

wdt reset
load 0x4010f000, len 1384, room 16 
tail 8
chksum 0x2d
csum 0x2d
v8b899c12
~ld


6.01
 0h00:03.638 2021/10/08T23:12:22z: DS3231
 0h00:03.654 2021/10/08T23:12:22z: BME280 (0x76)
 0h00:03.668 2021/10/08T23:12:22z: 84:f3:eb:7d:7:a8
 0h00:03.670 2021/10/08T23:12:22z: SSID: MU Open
 0h00:03.675 2021/10/08T23:12:22z: AP_STAR tmr
 ets Jan  8 2013,rst cause:4, boot mode:(3,7)

wdt reset
load 0x4010f000, len 1384, room 16 
tail 8
chksum 0x2d
csum 0x2d
v8b899c12
~ld


6.01
 0h00:03.712 2021/10/08T23:32:20z: DS3231
 0h00:03.727 2021/10/08T23:32:20z: BME280 (0x76)
 0h00:03.741 2021/10/08T23:32:20z: 84:f3:eb:7d:7:a8
 0h00:03.743 2021/10/08T23:32:20z: SSID: MU Open
 0h00:03.748 2021/10/08T23:32:20z: AP_STAR tmr
 ets Jan  8 2013,rst cause:4, boot mode:(3,7)

wdt reset
load 0x4010f000, len 1384, room 16 
tail 8
chksum 0x2d
csum 0x2d
v8b899c12
~ld


6.01
 0h00:03.614 2021/10/08T23:52:19z: DS3231
 0h00:03.629 2021/10/08T23:52:19z: BME280 (0x76)
 0h00:03.644 2021/10/08T23:52:19z: 84:f3:eb:7d:7:a8
 0h00:03.645 2021/10/08T23:52:19z: SSID: MU Open
 0h00:03.650 2021/10/08T23:52:19z: AP_STA