R tmr
 ets Jan  8 2013,rst cause:4, boot mode:(3,7)

wdt reset
load 0x4010f000, len 1384, room 16 
tail 8
chksum 0x2d
csum 0x2d
v8b899c12
~ld


6.01
 0h00:03.673 2021/11/03T00:07:34z: DS3231
 0h00:03.689 2021/11/03T00:07:34z: BME280 (0x76)
 0h00:03.703 2021/11/03T00:07:34z: 84:f3:eb:7d:7:a8
 0h00:03.704 2021/11/03T00:07:34z: SSID: MU Open
 0h00:03.710 2021/11/03T00:07:34z: AP_STAR tmr
 ets Jan  8 2013,rst cause:4, boot mode:(3,7)

wdt reset
load 0x4010f000, len 1384, room 16 
tail 8
chksum 0x2d
csum 0x2d
v8b899c12
~ld


6.01
 0h00:03.821 2021/11/03T00:27:32z: DS3231
 0h00:03.836 2021/11/03T00:27:32z: BME280 (0x76)
 0h00:03.851 2021/11/03T00:27:32z: 84:f3:eb:7d:7:a8
 0h00:03.852 2021/11/03T00:27:32z: SSID: MU Open
 0h00:03.857 2021/11/03T00:27:32z: AP_STAR tmr
 ets Jan  8 2013,rst cause:4, boot mode:(3,7)

wdt reset
load 0x4010f000, len 1384, room 16 
tail 8
chksum 0x2d
csum 0x2d
v8b899c12
~ld


6.01
 0h00:03.887 2021/11/03T00:47:31z: DS3231
 0h00:03.903 2021/11/03T00:47:31z: BME280 (0x76)
 0h00:03.917 2021/11/03T00:47:31z: 84:f3:eb:7d:7:a8
 0h00:03.919 2021/11/03T00:47:31z: SSID: MU Open
 0h00:03.924 2021/11/03T00:47:31z: AP_STAR tmr
 ets Jan  8 2013,rst cause:4, boot mode:(3,7)

wdt reset
load 0x4010f000, len 1384, room 16 
tail 8
chksum 0x2d
csum 0x2d
v8b899c12
~ld


6.01
 0h00:03.768 2021/11/03T01:07:30z: DS3231
 0h00:03.783 2021/11/03T01:07:30z: BME280 (0x76)
 0h00:03.798 2021/11/03T01:07:30z: 84:f3:eb:7d:7:a8
 0h00:03.799 2021/11/03T01:07:30z: SSID: MU Open
 0h00:03.805 2021/11/03T01:07:30z: AP_STAR tmr
 ets Jan  8 2013,rst cause:4, boot mode:(3,7)

wdt reset
load 0x4010f000, len 1384, room 16 
tail 8
chksum 0x2d
csum 0x2d
v8b899c12
~ld


6.01
 0h00:04.038 2021/11/03T01:27:29z: DS3231
 0h00:04.054 2021/11/03T01:27:29z: BME280 (0x76)
 0h00:04.068 2021/11/03T01:27:29z: 84:f3:eb:7d:7:a8
 0h00:04.069 2021/11/03T01:27:29z: SSID: MU Open
 0h00:04.075 2021/11/03T01:27:29z: AP_STAR tmr
 ets Jan  8 2013,rst cause:4, boot mode:(3,7)

wdt reset
load 0x4010f000, len 1384, room 16 
tail 8
chksum 0x2d
csum 0x2d
v8b899c12
~ld


6.01
 0h00:04.042 2021/11/03T01:47:27z: DS3231
 0h00:04.058 2021/11/03T01:47:27z: BME280 (0x76)
 0h00:04.072 2021/11/03T01:47:27z: 84:f3:eb:7d:7:a8
 0h00:04.074 2021/11/03T01:47:27z: SSID: MU Open
 0h00:04.079 2021/11/03T01:47:27z: AP_STAR tmr
 ets Jan  8 2013,rst cause:4, boot mode:(3,7)

wdt reset
load 0x4010f000, len 1384, room 16 
tail 8
chksum 0x2d
csum 0x2d
v8b899c12
~ld


6.01
 0h00:03.874 2021/11/03T02:07:26z: DS3231
 0h00:03.889 2021/11/03T02:07:26z: BME280 (0x76)
 0h00:03.903 2021/11/03T02:07:26z: 84:f3:eb:7d:7:a8
 0h00:03.905 2021/11/03T02:07:26z: SSID: MU Open
 0h00:03.910 2021/11/03T02:07:26z: AP_STAR tmr
 ets Jan  8 2013,rst cause:4, boot mode:(3,7)

wdt reset
load 0x4010f000, len 1384, room 16 
tail 8
chksum 0x2d
csum 0x2d
v8b899c12
~ld


6.01
 0h00:03.910 2021/11/03T02:27:24z: DS3231
 0h00:03.926 2021/11/03T02:27:24z: BME280 (0x76)
 0h00:03.940 2021/11/03T02:27:24z: 84:f3:eb:7d:7:a8
 0h00:03.941 2021/11/03T02:27:24z: SSID: MU Open
 0h00:03.947 2021/11/03T02:27:24z: AP_STAR tmr
 ets Jan  8 2013,rst cause:4, boot mode:(3,7)

wdt reset
load 0x4010f000, len 1384, room 16 
tail 8
chksum 0x2d
csum 0x2d
v8b899c12
~ld


6.01
 0h00:04.033 2021/11/03T02:47:23z: DS3231
 0h00:04.049 2021/11/03T02:47:23z: BME280 (0x76)
 0h00:04.063 2021/11/03T02:47:23z: 84:f3:eb:7d:7:a8
 0h00:04.064 2021/11/03T02:47:23z: SSID: MU Open
 0h00:04.070 2021/11/03T02:47:23z: AP_STAR tmr
 ets Jan  8 2013,rst cause:4, boot mode:(3,7)

wdt reset
load 0x4010f000, len 1384, room 16 
tail 8
chksum 0x2d
csum 0x2d
v8b899c12
~ld


6.01
 0h00:03.861 2021/11/03T03:07:22z: DS3231
 0h00:03.877 2021/11/03T03:07:22z: BME280 (0x76)
 0h00:03.891 2021/11/03T03:07:22z: 84:f3:eb:7d:7:a8
 0h00:03.892 2021/11/03T03:07:22z: SSID: MU Open
 0h00:03.898 2021/11/03T03:07:22z: AP_STAR tmr
 ets Jan  8 2013,rst cause:4, boot mode:(3,7)

wdt reset
load 0x4010f000, len 1384, room 16 
tail 8
chksum 0x2d
csum 0x2d
v8b899c12
~ld


6.01
 0h00:03.730 2021/11/03T03:27:21z: DS3231
 0h00:03.745 2021/11/03T03:27:21z: BME280 (0x76)
 0h00:03.759 2021/11/03T03:27:21z: 84:f3:eb:7d:7:a8
 0h00:03.761 2021/11/03T03:27:21z: SSID: MU Open
 0h00:03.766 2021/11/03T03:27:21z: AP_STAR tmr
 ets Jan  8 2013,rst cause:4, boot mode:(3,7)

wdt reset
load 0x4010f000, len 1384, room 16 
tail 8
chksum 0x2d
csum 0x2d
v8b899c12
~ld


6.01
 0h00:03.718 2021/11/03T03:47:19z: DS3231
 0h00:03.734 2021/11/03T03:47:19z: BME280 (0x76)
 0h00:03.748 2021/11/03T03:47:19z: 84:f3:eb:7d:7:a8
 0h00:03.749 2021/11/03T03:47:19z: SSID: MU Open
 0h00:03.755 2021/11/03T03:47:19z: AP_STAR tmr
 ets Jan  8 2013,rst cause:4, boot mode:(3,7)

wdt reset
load 0x4010f000, len 1384, room 16 
tail 8
chksum 0x2d
csum 0x2d
v8b899c12
~ld


6.01
 0h00:03.721 2021/11/03T04:07:17z: DS3231
 0h00:03.736 2021/11/03T04:07:17z: BME280 (0x76)
 0h00:03.751 2021/11/03T04:07:17z: 84:f3:eb:7d:7:a8
 0h00:03.752 2021/11/03T04:07:17z: SSID: MU Open
 0h00:03.757 2021/11/03T04:07:17z: AP_STAR tmr
 ets Jan  8 2013,rst cause:4, boot mode:(3,7)

wdt reset
load 0x4010f000, len 1384, room 16 
tail 8
chksum 0x2d
csum 0x2d
v8b899c12
~ld


6.01
 0h00:04.018 2021/11/03T04:27:15z: DS3231
 0h00:04.033 2021/11/03T04:27:15z: BME280 (0x76)
 0h00:04.048 2021/11/03T04:27:15z: 84:f3:eb:7d:7:a8
 0h00:04.049 2021/11/03T04:27:15z: SSID: MU Open
 0h00:04.054 2021/11/03T04:27:15z: AP_STAR tmr
 ets Jan  8 2013,rst cause:4, boot mode:(3,7)

wdt reset
load 0x4010f000, len 1384, room 16 
tail 8
chksum 0x2d
csum 0x2d
v8b899c12
~ld


6.01
 0h00:04.081 2021/11/03T04:47:14z: DS3231
 0h00:04.096 2021/11/03T04:47:14z: BME280 (0x76)
 0h00:04.110 2021/11/03T04:47:14z: 84:f3:eb:7d:7:a8
 0h00:04.112 2021/11/03T04:47:14z: SSID: MU Open
 0h00:04.117 2021/11/03T04:47:14z: AP_STAR tmr
 ets Jan  8 2013,rst cause:4, boot mode:(3,7)

wdt reset
load 0x4010f000, len 1384, room 16 
tail 8
chksum 0x2d
csum 0x2d
v8b899c12
~ld


6.01
 0h00:03.906 2021/11/03T05:07:12z: DS3231
 0h00:03.922 2021/11/03T05:07:12z: BME280 (0x76)
 0h00:03.936 2021/11/03T05:07:12z: 84:f3:eb:7d:7:a8
 0h00:03.937 2021/11/03T05:07:12z: SSID: MU Open
 0h00:03.943 2021/11/03T05:07:12z: AP_STAR tmr
 ets Jan  8 2013,rst cause:4, boot mode:(3,7)

wdt reset
load 0x4010f000, len 1384, room 16 
tail 8
chksum 0x2d
csum 0x2d
v8b899c12
~ld


6.01
 0h00:03.923 2021/11/03T05:27:10z: DS3231
 0h00:03.938 2021/11/03T05:27:10z: BME280 (0x76)
 0h00:03.953 2021/11/03T05:27:10z: 84:f3:eb:7d:7:a8
 0h00:03.954 2021/11/03T05:27:10z: SSID: MU Open
 0h00:03.959 2021/11/03T05:27:10z: AP_STAR tmr
 ets Jan  8 2013,rst cause:4, boot mode:(3,7)

wdt reset
load 0x4010f000, len 1384, room 16 
tail 8
chksum 0x2d
csum 0x2d
v8b899c12
~ld


6.01
 0h00:03.910 2021/11/03T05:47:09z: DS3231
 0h00:03.925 2021/11/03T05:47:09z: BME280 (0x76)
 0h00:03.939 2021/11/03T05:47:09z: 84:f3:eb:7d:7:a8
 0h00:03.941 2021/11/03T05:47:09z: SSID: MU Open
 0h00:03.946 2021/11/03T05:47:09z: AP_STAR tmr
 ets Jan  8 2013,rst cause:4, boot mode:(3,7)

wdt reset
load 0x4010f000, len 1384, room 16 
tail 8
chksum 0x2d
csum 0x2d
v8b899c12
~ld


6.01
 0h00:04.017 2021/11/03T06:07:08z: DS3231
 0h00:04.032 2021/11/03T06:07:08z: BME280 (0x76)
 0h00:04.046 2021/11/03T06:07:08z: 84:f3:eb:7d:7:a8
 0h00:04.048 2021/11/03T06:07:08z: SSID: MU Open
 0h00:04.053 2021/11/03T06:07:08z: AP_STAR tmr
 ets Jan  8 2013,rst cause:4, boot mode:(3,7)

wdt reset
load 0x4010f000, len 1384, room 16 
tail 8
chksum 0x2d
csum 0x2d
v8b899c12
~ld


6.01
 0h00:03.785 2021/11/03T06:27:07z: DS3231
 0h00:03.801 2021/11/03T06:27:07z: BME280 (0x76)
 0h00:03.815 2021/11/03T06:27:07z: 84:f3:eb:7d:7:a8
 0h00:03.816 2021/11/03T06:27:07z: SSID: MU Open
 0h00:03.822 2021/11/03T06:27:07z: AP_STAR tmr
 ets Jan  8 2013,rst cause:4, boot mode:(3,7)

wdt reset
load 0x4010f000, len 1384, room 16 
tail 8
chksum 0x2d
csum 0x2d
v8b899c12
~ld


6.01
 0h00:03.959 2021/11/03T06:47:05z: DS3231
 0h00:03.975 2021/11/03T06:47:05z: BME280 (0x76)
 0h00:03.989 2021/11/03T06:47:05z: 84:f3:eb:7d:7:a8
 0h00:03.991 2021/11/03T06:47:05z: SSID: MU Open
 0h00:03.996 2021/11/03T06:47:05z: AP_STAR tmr
 ets Jan  8 2013,rst cause:4, boot mode:(3,7)

wdt reset
load 0x4010f000, len 1384, room 16 
tail 8
chksum 0x2d
csum 0x2d
v8b899c12
~ld


6.01
 0h00:03.971 2021/11/03T07:07:03z: DS3231
 0h00:03.986 2021/11/03T07:07:03z: BME280 (0x76)
 0h00:04.000 2021/11/03T07:07:03z: 84:f3:eb:7d:7:a8
 0h00:04.002 2021/11/03T07:07:03z: SSID: MU Open
 0h00:04.007 2021/11/03T07:07:03z: AP_STAR tmr
 ets Jan  8 2013,rst cause:4, boot mode:(3,7)

wdt reset
load 0x4010f000, len 1384, room 16 
tail 8
chksum 0x2d
csum 0x2d
v8b899c12
~ld


6.01
 0h00:03.979 2021/11/03T07:27:01z: DS3231
 0h00:03.994 2021/11/03T07:27:01z: BME280 (0x76)
 0h00:04.009 2021/11/03T07:27:01z: 84:f3:eb:7d:7:a8
 0h00:04.010 2021/11/03T07:27:01z: SSID: MU Open
 0h00:04.015 2021/11/03T07:27:01z: AP_STAR tmr
 ets Jan  8 2013,rst cause:4, boot mode:(3,7)

wdt reset
load 0x4010f000, len 1384, room 16 
tail 8
chksum 0x2d
csum 0x2d
v8b899c12
~ld


6.01
 0h00:03.969 2021/11/03T07:47:00z: DS3231
 0h00:03.984 2021/11/03T07:47:00z: BME280 (0x76)
 0h00:03.998 2021/11/03T07:47:00z: 84:f3:eb:7d:7:a8
 0h00:04.000 2021/11/03T07:47:00z: SSID: MU Open
 0h00:04.005 2021/11/03T07:47:00z: AP_STAR tmr
 ets Jan  8 2013,rst cause:4, boot mode:(3,7)

wdt reset
load 0x4010f000, len 1384, room 16 
tail 8
chksum 0x2d
csum 0x2d
v8b899c12
~ld


6.01
 0h00:04.043 2021/11/03T08:06:59z: DS3231
 0h00:04.058 2021/11/03T08:06:59z: BME280 (0x76)
 0h00:04.073 2021/11/03T08:06:59z: 84:f3:eb:7d:7:a8
 0h00:04.074 2021/11/03T08:06:59z: SSID: MU Open
 0h00:04.079 2021/11/03T08:06:59z: AP_STAR tmr
 ets Jan  8 2013,rst cause:4, boot mode:(3,7)

wdt reset
load 0x4010f000, len 1384, room 16 
tail 8
chksum 0x2d
csum 0x2d
v8b899c12
~ld


6.01
 0h00:03.909 2021/11/03T08:26:57z: DS3231
 0h00:03.924 2021/11/03T08:26:57z: BME280 (0x76)
 0h00:03.938 2021/11/03T08:26:57z: 84:f3:eb:7d:7:a8
 0h00:03.940 2021/11/03T08:26:57z: SSID: MU Open
 0h00:03.945 2021/11/03T08:26:57z: AP_STAR tmr
 ets Jan  8 2013,rst cause:4, boot mode:(3,7)

wdt reset
load 0x4010f000, len 1384, room 16 
tail 8
chksum 0x2d
csum 0x2d
v8b899c12
~ld


6.01
 0h00:04.055 2021/11/03T08:46:56z: DS3231
 0h00:04.070 2021/11/03T08:46:56z: BME280 (0x76)
 0h00:04.085 2021/11/03T08:46:56z: 84:f3:eb:7d:7:a8
 0h00:04.086 2021/11/03T08:46:56z: SSID: MU Open
 0h00:04.091 2021/11/03T08:46:56z: AP_STAR tmr
 ets Jan  8 2013,rst cause:4, boot mode:(3,7)

wdt reset
load 0x4010f000, len 1384, room 16 
tail 8
chksum 0x2d
csum 0x2d
v8b899c12
~ld


6.01
 0h00:03.845 2021/11/03T09:06:54z: DS3231
 0h00:03.861 2021/11/03T09:06:54z: BME280 (0x76)
 0h00:03.875 2021/11/03T09:06:54z: 84:f3:eb:7d:7:a8
 0h00:03.877 2021/11/03T09:06:54z: SSID: MU Open
 0h00:03.882 2021/11/03T09:06:54z: AP_STAR tmr
 ets Jan  8 2013,rst cause:4, boot mode:(3,7)

wdt reset
load 0x4010f000, len 1384, room 16 
tail 8
chksum 0x2d
csum 0x2d
v8b899c12
~ld


6.01
 0h00:03.843 2021/11/03T09:26:52z: DS3231
 0h00:03.858 2021/11/03T09:26:52z: BME280 (0x76)
 0h00:03.872 2021/11/03T09:26:52z: 84:f3:eb:7d:7:a8
 0h00:03.874 2021/11/03T09:26:52z: SSID: MU Open
 0h00:03.879 2021/11/03T09:26:52z: AP_STAR tmr
 ets Jan  8 2013,rst cause:4, boot mode:(3,7)

wdt reset
load 0x4010f000, len 1384, room 16 
tail 8
chksum 0x2d
csum 0x2d
v8b899c12
~ld


6.01
 0h00:04.015 2021/11/03T09:46:51z: DS3231
 0h00:04.030 2021/11/03T09:46:51z: BME280 (0x76)
 0h00:04.045 2021/11/03T09:46:51z: 84:f3:eb:7d:7:a8
 0h00:04.046 2021/11/03T09:46:51z: SSID: MU Open
 0h00:04.051 2021/11/03T09:46:51z: AP_STAR tmr
 ets Jan  8 2013,rst cause:4, boot mode:(3,7)

wdt reset
load 0x4010f000, len 1384, room 16 
tail 8
chksum 0x2d
csum 0x2d
v8b899c12
~ld


6.01
 0h00:03.857 2021/11/03T10:06:50z: DS3231
 0h00:03.872 2021/11/03T10:06:50z: BME280 (0x76)
 0h00:03.886 2021/11/03T10:06:50z: 84:f3:eb:7d:7:a8
 0h00:03.888 2021/11/03T10:06:50z: SSID: MU Open
 0h00:03.893 2021/11/03T10:06:50z: AP_STAR tmr
 ets Jan  8 2013,rst cause:4, boot mode:(3,7)

wdt reset
load 0x4010f000, len 1384, room 16 
tail 8
chksum 0x2d
csum 0x2d
v8b899c12
~ld


6.01
 0h00:03.938 2021/11/03T10:26:48z: DS3231
 0h00:03.953 2021/11/03T10:26:48z: BME280 (0x76)
 0h00:03.967 2021/11/03T10:26:48z: 84:f3:eb:7d:7:a8
 0h00:03.969 2021/11/03T10:26:48z: SSID: MU Open
 0h00:03.974 2021/11/03T10:26:48z: AP_STAR tmr
 ets Jan  8 2013,rst cause:4, boot mode:(3,7)

wdt reset
load 0x4010f000, len 1384, room 16 
tail 8
chksum 0x2d
csum 0x2d
v8b899c12
~ld


6.01
 0h00:03.827 2021/11/03T10:46:47z: DS3231
 0h00:03.842 2021/11/03T10:46:47z: BME280 (0x76)
 0h00:03.857 2021/11/03T10:46:47z: 84:f3:eb:7d:7:a8
 0h00:03.858 2021/11/03T10:46:47z: SSID: MU Open
 0h00:03.863 2021/11/03T10:46:47z: AP_STAR tmr
 ets Jan  8 2013,rst cause:4, boot mode:(3,7)

wdt reset
load 0x4010f000, len 1384, room 16 
tail 8
chksum 0x2d
csum 0x2d
v8b899c12
~ld


6.01
 0h00:03.791 2021/11/03T11:06:45z: DS3231
 0h00:03.806 2021/11/03T11:06:45z: BME280 (0x76)
 0h00:03.821 2021/11/03T11:06:45z: 84:f3:eb:7d:7:a8
 0h00:03.822 2021/11/03T11:06:45z: SSID: MU Open
 0h00:03.827 2021/11/03T11:06:45z: AP_STAR tmr
 ets Jan  8 2013,rst cause:4, boot mode:(3,7)

wdt reset
load 0x4010f000, len 1384, room 16 
tail 8
chksum 0x2d
csum 0x2d
v8b899c12
~ld


6.01
 0h00:03.780 2021/11/03T11:26:44z: DS3231
 0h00:03.795 2021/11/03T11:26:44z: BME280 (0x76)
 0h00:03.809 2021/11/03T11:26:44z: 84:f3:eb:7d:7:a8
 0h00:03.811 2021/11/03T11:26:44z: SSID: MU Open
 0h00:03.816 2021/11/03T11:26:44z: AP_STAR tmr
 ets Jan  8 2013,rst cause:4, boot mode:(3,7)

wdt reset
load 0x4010f000, len 1384, room 16 
tail 8
chksum 0x2d
csum 0x2d
v8b899c12
~ld


6.01
 0h00:03.810 2021/11/03T11:46:43z: DS3231
 0h00:03.825 2021/11/03T11:46:43z: BME280 (0x76)
 0h00:03.839 2021/11/03T11:46:43z: 84:f3:eb:7d:7:a8
 0h00:03.841 2021/11/03T11:46:43z: SSID: MU Open
 0h00:03.846 2021/11/03T11:46:43z: AP_STAR tmr
 ets Jan  8 2013,rst cause:4, boot mode:(3,7)

wdt reset
load 0x4010f000, len 1384, room 16 
tail 8
chksum 0x2d
csum 0x2d
v8b899c12
~ld


6.01
 0h00:04.031 2021/11/03T12:06:42z: DS3231
 0h00:04.047 2021/11/03T12:06:42z: BME280 (0x76)
 0h00:04.061 2021/11/03T12:06:42z: 84:f3:eb:7d:7:a8
 0h00:04.062 2021/11/03T12:06:42z: SSID: MU Open
 0h00:04.068 2021/11/03T12:06:42z: AP_STAR tmr
 ets Jan  8 2013,rst cause:4, boot mode:(3,7)

wdt reset
load 0x4010f000, len 1384, room 16 
tail 8
chksum 0x2d
csum 0x2d
v8b899c12
~ld


6.01
 0h00:03.952 2021/11/03T12:26:40z: DS3231
 0h00:03.967 2021/11/03T12:26:40z: BME280 (0x76)
 0h00:03.981 2021/11/03T12:26:40z: 84:f3:eb:7d:7:a8
 0h00:03.983 2021/11/03T12:26:40z: SSID: MU Open
 0h00:03.988 2021/11/03T12:26:40z: AP_STAR tmr
 ets Jan  8 2013,rst cause:4, boot mode:(3,7)

wdt reset
load 0x4010f000, len 1384, room 16 
tail 8
chksum 0x2d
csum 0x2d
v8b899c12
~ld


6.01
 0h00:03.810 2021/11/03T12:46:38z: DS3231
 0h00:03.825 2021/11/03T12:46:38z: BME280 (0x76)
 0h00:03.839 2021/11/03T12:46:38z: 84:f3:eb:7d:7:a8
 0h00:03.841 2021/11/03T12:46:38z: SSID: MU Open
 0h00:03.846 2021/11/03T12:46:38z: AP_STAR tmr
 ets Jan  8 2013,rst cause:4, boot mode:(3,7)

wdt reset
load 0x4010f000, len 1384, room 16 
tail 8
chksum 0x2d
csum 0x2d
v8b899c12
~ld


6.01
 0h00:03.812 2021/11/03T13:06:37z: DS3231
 0h00:03.827 2021/11/03T13:06:37z: BME280 (0x76)
 0h00:03.841 2021/11/03T13:06:37z: 84:f3:eb:7d:7:a8
 0h00:03.843 2021/11/03T13:06:37z: SSID: MU Open
 0h00:03.848 2021/11/03T13:06:37z: AP_STAR tmr
 ets Jan  8 2013,rst cause:4, boot mode:(3,7)

wdt reset
load 0x4010f000, len 1384, room 16 
tail 8
chksum 0x2d
csum 0x2d
v8b899c12
~ld


6.01
 0h00:03.894 2021/11/03T13:26:35z: DS3231
 0h00:03.909 2021/11/03T13:26:35z: BME280 (0x76)
 0h00:03.923 2021/11/03T13:26:35z: 84:f3:eb:7d:7:a8
 0h00:03.925 2021/11/03T13:26:35z: SSID: MU Open
 0h00:03.930 2021/11/03T13:26:35z: AP_STAR tmr
 ets Jan  8 2013,rst cause:4, boot mode:(3,7)

wdt reset
load 0x4010f000, len 1384, room 16 
tail 8
chksum 0x2d
csum 0x2d
v8b899c12
~ld


6.01
 0h00:04.029 2021/11/03T13:46:34z: DS3231
 0h00:04.044 2021/11/03T13:46:34z: BME280 (0x76)
 0h00:04.058 2021/11/03T13:46:34z: 84:f3:eb:7d:7:a8
 0h00:04.060 2021/11/03T13:46:34z: SSID: MU Open
 0h00:04.065 2021/11/03T13:46:34z: AP_STAR tmr
 ets Jan  8 2013,rst cause:4, boot mode:(3,7)

wdt reset
load 0x4010f000, len 1384, room 16 
tail 8
chksum 0x2d
csum 0x2d
v8b899c12
~ld


6.01
 0h00:03.759 2021/11/03T14:06:33z: DS3231
 0h00:03.774 2021/11/03T14:06:33z: BME280 (0x76)
 0h00:03.788 2021/11/03T14:06:33z: 84:f3:eb:7d:7:a8
 0h00:03.790 2021/11/03T14:06:33z: SSID: MU Open
 0h00:03.795 2021/11/03T14:06:33z: AP_STAR tmr
 ets Jan  8 2013,rst cause:4, boot mode:(3,7)

wdt reset
load 0x4010f000, len 1384, room 16 
tail 8
chksum 0x2d
csum 0x2d
v8b899c12
~ld


6.01
 0h00:03.649 2021/11/03T14:26:30z: DS3231
 0h00:03.664 2021/11/03T14:26:30z: BME280 (0x76)
 0h00:03.678 2021/11/03T14:26:30z: 84:f3:eb:7d:7:a8
 0h00:03.680 2021/11/03T14:26:30z: SSID: MU Open
 0h00:03.685 2021/11/03T14:26:30z: AP_STAR tmr
 ets Jan  8 2013,rst cause:4, boot mode:(3,7)

wdt reset
load 0x4010f000, len 1384, room 16 
tail 8
chksum 0x2d
csum 0x2d
v8b899c12
~ld


6.01
 0h00:03.910 2021/11/03T14:46:28z: DS3231
 0h00:03.926 2021/11/03T14:46:28z: BME280 (0x76)
 0h00:03.940 2021/11/03T14:46:28z: 84:f3:eb:7d:7:a8
 0h00:03.941 2021/11/03T14:46:28z: SSID: MU Open
 0h00:03.947 2021/11/03T14:46:28z: AP_STAR tmr
 ets Jan  8 2013,rst cause:4, boot mode:(3,7)

wdt reset
load 0x4010f000, len 1384, room 16 
tail 8
chksum 0x2d
csum 0x2d
v8b899c12
~ld


6.01
 0h00:03.630 2021/11/03T15:06:26z: DS3231
 0h00:03.645 2021/11/03T15:06:26z: BME280 (0x76)
 0h00:03.659 2021/11/03T15:06:26z: 84:f3:eb:7d:7:a8
 0h00:03.661 2021/11/03T15:06:26z: SSID: MU Open
 0h00:03.666 2021/11/03T15:06:26z: AP_STAR tmr
 ets Jan  8 2013,rst cause:4, boot mode:(3,7)

wdt reset
load 0x4010f000, len 1384, room 16 
tail 8
chksum 0x2d
csum 0x2d
v8b899c12
~ld


6.01
 0h00:03.913 2021/11/03T15:26:25z: DS3231
 0h00:03.928 2021/11/03T15:26:25z: BME280 (0x76)
 0h00:03.942 2021/11/03T15:26:25z: 84:f3:eb:7d:7:a8
 0h00:03.944 2021/11/03T15:26:25z: SSID: MU Open
 0h00:03.949 2021/11/03T15:26:25z: AP_STAR tmr
 ets Jan  8 2013,rst cause:4, boot mode:(3,7)

wdt reset
load 0x4010f000, len 1384, room 16 
tail 8
chksum 0x2d
csum 0x2d
v8b899c12
~ld


6.01
 0h00:03.825 2021/11/03T15:46:24z: DS3231
 0h00:03.840 2021/11/03T15:46:24z: BME280 (0x76)
 0h00:03.854 2021/11/03T15:46:24z: 84:f3:eb:7d:7:a8
 0h00:03.856 2021/11/03T15:46:24z: SSID: MU Open
 0h00:03.861 2021/11/03T15:46:24z: AP_STAR tmr
 ets Jan  8 2013,rst cause:4, boot mode:(3,7)

wdt reset
load 0x4010f000, len 1384, room 16 
tail 8
chksum 0x2d
csum 0x2d
v8b899c12
~ld


6.01
 0h00:03.972 2021/11/03T16:06:22z: DS3231
 0h00:03.987 2021/11/03T16:06:22z: BME280 (0x76)
 0h00:04.002 2021/11/03T16:06:22z: 84:f3:eb:7d:7:a8
 0h00:04.003 2021/11/03T16:06:22z: SSID: MU Open
 0h00:04.008 2021/11/03T16:06:22z: AP_STAR tmr
 ets Jan  8 2013,rst cause:4, boot mode:(3,7)

wdt reset
load 0x4010f000, len 1384, room 16 
tail 8
chksum 0x2d
csum 0x2d
v8b899c12
~ld


6.01
 0h00:03.759 2021/11/03T16:26:20z: DS3231
 0h00:03.774 2021/11/03T16:26:20z: BME280 (0x76)
 0h00:03.788 2021/11/03T16:26:20z: 84:f3:eb:7d:7:a8
 0h00:03.790 2021/11/03T16:26:20z: SSID: MU Open
 0h00:03.795 2021/11/03T16:26:20z: AP_STAR tmr
 ets Jan  8 2013,rst cause:4, boot mode:(3,7)

wdt reset
load 0x4010f000, len 1384, room 16 
tail 8
chksum 0x2d
csum 0x2d
v8b899c12
~ld


6.01
 0h00:03.870 2021/11/03T16:46:19z: DS3231
 0h00:03.886 2021/11/03T16:46:19z: BME280 (0x76)
 0h00:03.900 2021/11/03T16:46:19z: 84:f3:eb:7d:7:a8
 0h00:03.902 2021/11/03T16:46:19z: SSID: MU Open
 0h00:03.907 2021/11/03T16:46:19z: AP_STAR tmr
 ets Jan  8 2013,rst cause:4, boot mode:(3,7)

wdt reset
load 0x4010f000, len 1384, room 16 
tail 8
chksum 0x2d
csum 0x2d
v8b899c12
~ld


6.01
 0h00:03.836 2021/11/03T17:06:17z: DS3231
 0h00:03.851 2021/11/03T17:06:17z: BME280 (0x76)
 0h00:03.866 2021/11/03T17:06:17z: 84:f3:eb:7d:7:a8
 0h00:03.867 2021/11/03T17:06:17z: SSID: MU Open
 0h00:03.872 2021/11/03T17:06:17z: AP_STAR tmr
 ets Jan  8 2013,rst cause:4, boot mode:(3,7)

wdt reset
load 0x4010f000, len 1384, room 16 
tail 8
chksum 0x2d
csum 0x2d
v8b899c12
~ld


6.01
 0h00:03.827 2021/11/03T17:26:16z: DS3231
 0h00:03.843 2021/11/03T17:26:16z: BME280 (0x76)
 0h00:03.857 2021/11/03T17:26:16z: 84:f3:eb:7d:7:a8
 0h00:03.858 2021/11/03T17:26:16z: SSID: MU Open
 0h00:03.864 2021/11/03T17:26:16z: AP_STAR tmr
 ets Jan  8 2013,rst cause:4, boot mode:(3,7)

wdt reset
load 0x4010f000, len 1384, room 16 
tail 8
chksum 0x2d
csum 0x2d
v8b899c12
~ld


6.01
 0h00:03.784 2021/11/03T17:46:14z: DS3231
 0h00:03.799 2021/11/03T17:46:14z: BME280 (0x76)
 0h00:03.813 2021/11/03T17:46:14z: 84:f3:eb:7d:7:a8
 0h00:03.815 2021/11/03T17:46:14z: SSID: MU Open
 0h00:03.820 2021/11/03T17:46:14z: AP_STAR tmr
 ets Jan  8 2013,rst cause:4, boot mode:(3,7)

wdt reset
load 0x4010f000, len 1384, room 16 
tail 8
chksum 0x2d
csum 0x2d
v8b899c12
~ld


6.01
 0h00:03.676 2021/11/03T18:06:13z: DS3231
 0h00:03.692 2021/11/03T18:06:13z: BME280 (0x76)
 0h00:03.706 2021/11/03T18:06:13z: 84:f3:eb:7d:7:a8
 0h00:03.708 2021/11/03T18:06:13z: SSID: MU Open
 0h00:03.713 2021/11/03T18:06:13z: AP_STAR tmr
 ets Jan  8 2013,rst cause:4, boot mode:(3,7)

wdt reset
load 0x4010f000, len 1384, room 16 
tail 8
chksum 0x2d
csum 0x2d
v8b899c12
~ld


6.01
 0h00:03.695 2021/11/03T18:26:12z: DS3231
 0h00:03.711 2021/11/03T18:26:12z: BME280 (0x76)
 0h00:03.725 2021/11/03T18:26:12z: 84:f3:eb:7d:7:a8
 0h00:03.727 2021/11/03T18:26:12z: SSID: MU Open
 0h00:03.732 2021/11/03T18:26:12z: AP_STAR tmr
 ets Jan  8 2013,rst cause:4, boot mode:(3,7)

wdt reset
load 0x4010f000, len 1384, room 16 
tail 8
chksum 0x2d
csum 0x2d
v8b899c12
~ld


6.01
 0h00:03.833 2021/11/03T18:46:10z: DS3231
 0h00:03.848 2021/11/03T18:46:10z: BME280 (0x76)
 0h00:03.862 2021/11/03T18:46:10z: 84:f3:eb:7d:7:a8
 0h00:03.864 2021/11/03T18:46:10z: SSID: MU Open
 0h00:03.869 2021/11/03T18:46:10z: AP_STAR tmr
 ets Jan  8 2013,rst cause:4, boot mode:(3,7)

wdt reset
load 0x4010f000, len 1384, room 16 
tail 8
chksum 0x2d
csum 0x2d
v8b899c12
~ld


6.01
 0h00:03.878 2021/11/03T19:06:09z: DS3231
 0h00:03.893 2021/11/03T19:06:09z: BME280 (0x76)
 0h00:03.907 2021/11/03T19:06:09z: 84:f3:eb:7d:7:a8
 0h00:03.909 2021/11/03T19:06:09z: SSID: MU Open
 0h00:03.914 2021/11/03T19:06:09z: AP_STAR tmr
 ets Jan  8 2013,rst cause:4, boot mode:(3,7)

wdt reset
load 0x4010f000, len 1384, room 16 
tail 8
chksum 0x2d
csum 0x2d
v8b899c12
~ld


6.01
 0h00:03.666 2021/11/03T19:26:07z: DS3231
 0h00:03.682 2021/11/03T19:26:07z: BME280 (0x76)
 0h00:03.696 2021/11/03T19:26:07z: 84:f3:eb:7d:7:a8
 0h00:03.698 2021/11/03T19:26:07z: SSID: MU Open
 0h00:03.703 2021/11/03T19:26:07z: AP_STAR tmr
 ets Jan  8 2013,rst cause:4, boot mode:(3,7)

wdt reset
load 0x4010f000, len 1384, room 16 
tail 8
chksum 0x2d
csum 0x2d
v8b899c12
~ld


6.01
 0h00:03.755 2021/11/03T19:46:06z: DS3231
 0h00:03.770 2021/11/03T19:46:06z: BME280 (0x76)
 0h00:03.784 2021/11/03T19:46:06z: 84:f3:eb:7d:7:a8
 0h00:03.786 2021/11/03T19:46:06z: SSID: MU Open
 0h00:03.791 2021/11/03T19:46:06z: AP_STAR tmr
 ets Jan  8 2013,rst cause:4, boot mode:(3,7)

wdt reset
load 0x4010f000, len 1384, room 16 
tail 8
chksum 0x2d
csum 0x2d
v8b899c12
~ld


6.01
 0h00:03.756 2021/11/03T20:06:04z: DS3231
 0h00:03.771 2021/11/03T20:06:04z: BME280 (0x76)
 0h00:03.785 2021/11/03T20:06:04z: 84:f3:eb:7d:7:a8
 0h00:03.787 2021/11/03T20:06:04z: SSID: MU Open
 0h00:03.792 2021/11/03T20:06:04z: AP_STAR tmr
 ets Jan  8 2013,rst cause:4, boot mode:(3,7)

wdt reset
load 0x4010f000, len 1384, room 16 
tail 8
chksum 0x2d
csum 0x2d
v8b899c12
~ld


6.01
 0h00:03.819 2021/11/03T20:26:04z: DS3231
 0h00:03.834 2021/11/03T20:26:04z: BME280 (0x76)
 0h00:03.848 2021/11/03T20:26:04z: 84:f3:eb:7d:7:a8
 0h00:03.850 2021/11/03T20:26:04z: SSID: MU Open
 0h00:03.855 2021/11/03T20:26:04z: AP_STAR tmr
 ets Jan  8 2013,rst cause:4, boot mode:(3,7)

wdt reset
load 0x4010f000, len 1384, room 16 
tail 8
chksum 0x2d
csum 0x2d
v8b899c12
~ld


6.01
 0h00:03.803 2021/11/03T20:46:03z: DS3231
 0h00:03.819 2021/11/03T20:46:03z: BME280 (0x76)
 0h00:03.833 2021/11/03T20:46:03z: 84:f3:eb:7d:7:a8
 0h00:03.834 2021/11/03T20:46:03z: SSID: MU Open
 0h00:03.840 2021/11/03T20:46:03z: AP_STAR tmr
 ets Jan  8 2013,rst cause:4, boot mode:(3,7)

wdt reset
load 0x4010f000, len 1384, room 16 
tail 8
chksum 0x2d
csum 0x2d
v8b899c12
~ld


6.01
 0h00:03.763 2021/11/03T21:06:01z: DS3231
 0h00:03.778 2021/11/03T21:06:01z: BME280 (0x76)
 0h00:03.792 2021/11/03T21:06:01z: 84:f3:eb:7d:7:a8
 0h00:03.794 2021/11/03T21:06:01z: SSID: MU Open
 0h00:03.799 2021/11/03T21:06:01z: AP_STAR tmr
 ets Jan  8 2013,rst cause:4, boot mode:(3,7)

wdt reset
load 0x4010f000, len 1384, room 16 
tail 8
chksum 0x2d
csum 0x2d
v8b899c12
~ld


6.01
 0h00:03.841 2021/11/03T21:25:59z: DS3231
 0h00:03.856 2021/11/03T21:25:59z: BME280 (0x76)
 0h00:03.870 2021/11/03T21:25:59z: 84:f3:eb:7d:7:a8
 0h00:03.872 2021/11/03T21:25:59z: SSID: MU Open
 0h00:03.877 2021/11/03T21:25:59z: AP_STAR tmr
 ets Jan  8 2013,rst cause:4, boot mode:(3,7)

wdt reset
load 0x4010f000, len 1384, room 16 
tail 8
chksum 0x2d
csum 0x2d
v8b899c12
~ld


6.01
 0h00:03.964 2021/11/03T21:45:58z: DS3231
 0h00:03.979 2021/11/03T21:45:58z: BME280 (0x76)
 0h00:03.993 2021/11/03T21:45:58z: 84:f3:eb:7d:7:a8
 0h00:03.995 2021/11/03T21:45:58z: SSID: MU Open
 0h00:04.000 2021/11/03T21:45:58z: AP_STAR tmr
 ets Jan  8 2013,rst cause:4, boot mode:(3,7)

wdt reset
load 0x4010f000, len 1384, room 16 
tail 8
chksum 0x2d
csum 0x2d
v8b899c12
~ld


6.01
 0h00:03.925 2021/11/03T22:05:57z: DS3231
 0h00:03.940 2021/11/03T22:05:57z: BME280 (0x76)
 0h00:03.954 2021/11/03T22:05:57z: 84:f3:eb:7d:7:a8
 0h00:03.956 2021/11/03T22:05:57z: SSID: MU Open
 0h00:03.961 2021/11/03T22:05:57z: AP_STAR tmr
 ets Jan  8 2013,rst cause:4, boot mode:(3,7)

wdt reset
load 0x4010f000, len 1384, room 16 
tail 8
chksum 0x2d
csum 0x2d
v8b899c12
~ld


6.01
 0h00:03.897 2021/11/03T22:25:55z: DS3231
 0h00:03.912 2021/11/03T22:25:55z: BME280 (0x76)
 0h00:03.926 2021/11/03T22:25:55z: 84:f3:eb:7d:7:a8
 0h00:03.928 2021/11/03T22:25:55z: SSID: MU Open
 0h00:03.933 2021/11/03T22:25:55z: AP_STAR tmr
 ets Jan  8 2013,rst cause:4, boot mode:(3,7)

wdt reset
load 0x4010f000, len 1384, room 16 
tail 8
chksum 0x2d
csum 0x2d
v8b899c12
~ld


6.01
 0h00:03.785 2021/11/03T22:45:54z: DS3231
 0h00:03.800 2021/11/03T22:45:54z: BME280 (0x76)
 0h00:03.814 2021/11/03T22:45:54z: 84:f3:eb:7d:7:a8
 0h00:03.816 2021/11/03T22:45:54z: SSID: MU Open
 0h00:03.821 2021/11/03T22:45:54z: AP_STAR tmr
 ets Jan  8 2013,rst cause:4, boot mode:(3,7)

wdt reset
load 0x4010f000, len 1384, room 16 
tail 8
chksum 0x2d
csum 0x2d
v8b899c12
~ld


6.01
 0h00:03.782 2021/11/03T23:05:52z: DS3231
 0h00:03.798 2021/11/03T23:05:52z: BME280 (0x76)
 0h00:03.812 2021/11/03T23:05:52z: 84:f3:eb:7d:7:a8
 0h00:03.813 2021/11/03T23:05:52z: SSID: MU Open
 0h00:03.819 2021/11/03T23:05:52z: AP_STAR tmr
 ets Jan  8 2013,rst cause:4, boot mode:(3,7)

wdt reset
load 0x4010f000, len 1384, room 16 
tail 8
chksum 0x2d
csum 0x2d
v8b899c12
~ld


6.01
 0h00:03.891 2021/11/03T23:25:51z: DS3231
 0h00:03.906 2021/11/03T23:25:51z: BME280 (0x76)
 0h00:03.921 2021/11/03T23:25:51z: 84:f3:eb:7d:7:a8
 0h00:03.922 2021/11/03T23:25:51z: SSID: MU Open
 0h00:03.927 2021/11/03T23:25:51z: AP_STAR tmr
 ets Jan  8 2013,rst cause:4, boot mode:(3,7)

wdt reset
load 0x4010f000, len 1384, room 16 
tail 8
chksum 0x2d
csum 0x2d
v8b899c12
~ld


6.01
 0h00:03.852 2021/11/03T23:45:49z: DS3231
 0h00:03.868 2021/11/03T23:45:49z: BME280 (0x76)
 0h00:03.882 2021/11/03T23:45:49z: 84:f3:eb:7d:7:a8
 0h00:03.883 2021/11/03T23:45:49z: SSID: MU Open
 0h00:03.889 2021/11/03T23:45:49z: AP_STA