R tmr
 ets Jan  8 2013,rst cause:4, boot mode:(3,7)

wdt reset
load 0x4010f000, len 1384, room 16 
tail 8
chksum 0x2d
csum 0x2d
v8b899c12
~ld


6.01
 0h00:03.788 2021/11/07T00:01:22z: DS3231
 0h00:03.804 2021/11/07T00:01:22z: BME280 (0x76)
 0h00:03.818 2021/11/07T00:01:22z: 84:f3:eb:7d:7:a8
 0h00:03.819 2021/11/07T00:01:22z: SSID: MU Open
 0h00:03.825 2021/11/07T00:01:22z: AP_STAR tmr
 ets Jan  8 2013,rst cause:4, boot mode:(3,7)

wdt reset
load 0x4010f000, len 1384, room 16 
tail 8
chksum 0x2d
csum 0x2d
v8b899c12
~ld


6.01
 0h00:03.820 2021/11/07T00:21:20z: DS3231
 0h00:03.835 2021/11/07T00:21:20z: BME280 (0x76)
 0h00:03.849 2021/11/07T00:21:20z: 84:f3:eb:7d:7:a8
 0h00:03.851 2021/11/07T00:21:20z: SSID: MU Open
 0h00:03.856 2021/11/07T00:21:20z: AP_STAR tmr
 ets Jan  8 2013,rst cause:4, boot mode:(3,7)

wdt reset
load 0x4010f000, len 1384, room 16 
tail 8
chksum 0x2d
csum 0x2d
v8b899c12
~ld


6.01
 0h00:03.922 2021/11/07T00:41:19z: DS3231
 0h00:03.938 2021/11/07T00:41:19z: BME280 (0x76)
 0h00:03.952 2021/11/07T00:41:19z: 84:f3:eb:7d:7:a8
 0h00:03.953 2021/11/07T00:41:19z: SSID: MU Open
 0h00:03.959 2021/11/07T00:41:19z: AP_STAR tmr
 ets Jan  8 2013,rst cause:4, boot mode:(3,7)

wdt reset
load 0x4010f000, len 1384, room 16 
tail 8
chksum 0x2d
csum 0x2d
v8b899c12
~ld


6.01
 0h00:03.829 2021/11/07T01:01:18z: DS3231
 0h00:03.844 2021/11/07T01:01:18z: BME280 (0x76)
 0h00:03.858 2021/11/07T01:01:18z: 84:f3:eb:7d:7:a8
 0h00:03.860 2021/11/07T01:01:18z: SSID: MU Open
 0h00:03.865 2021/11/07T01:01:18z: AP_STAR tmr
 ets Jan  8 2013,rst cause:4, boot mode:(3,7)

wdt reset
load 0x4010f000, len 1384, room 16 
tail 8
chksum 0x2d
csum 0x2d
v8b899c12
~ld


6.01
 0h00:04.065 2021/11/07T01:21:17z: DS3231
 0h00:04.080 2021/11/07T01:21:17z: BME280 (0x76)
 0h00:04.094 2021/11/07T01:21:17z: 84:f3:eb:7d:7:a8
 0h00:04.096 2021/11/07T01:21:17z: SSID: MU Open
 0h00:04.101 2021/11/07T01:21:17z: AP_STAR tmr
 ets Jan  8 2013,rst cause:4, boot mode:(3,7)

wdt reset
load 0x4010f000, len 1384, room 16 
tail 8
chksum 0x2d
csum 0x2d
v8b899c12
~ld


6.01
 0h00:03.835 2021/11/07T01:41:16z: DS3231
 0h00:03.850 2021/11/07T01:41:16z: BME280 (0x76)
 0h00:03.865 2021/11/07T01:41:16z: 84:f3:eb:7d:7:a8
 0h00:03.866 2021/11/07T01:41:16z: SSID: MU Open
 0h00:03.872 2021/11/07T01:41:16z: AP_STAR tmr
 ets Jan  8 2013,rst cause:4, boot mode:(3,7)

wdt reset
load 0x4010f000, len 1384, room 16 
tail 8
chksum 0x2d
csum 0x2d
v8b899c12
~ld


6.01
 0h00:03.895 2021/11/07T02:01:14z: DS3231
 0h00:03.910 2021/11/07T02:01:14z: BME280 (0x76)
 0h00:03.925 2021/11/07T02:01:14z: 84:f3:eb:7d:7:a8
 0h00:03.926 2021/11/07T02:01:14z: SSID: MU Open
 0h00:03.931 2021/11/07T02:01:14z: AP_STAR tmr
 ets Jan  8 2013,rst cause:4, boot mode:(3,7)

wdt reset
load 0x4010f000, len 1384, room 16 
tail 8
chksum 0x2d
csum 0x2d
v8b899c12
~ld


6.01
 0h00:04.047 2021/11/07T02:21:13z: DS3231
 0h00:04.062 2021/11/07T02:21:13z: BME280 (0x76)
 0h00:04.076 2021/11/07T02:21:13z: 84:f3:eb:7d:7:a8
 0h00:04.078 2021/11/07T02:21:13z: SSID: MU Open
 0h00:04.083 2021/11/07T02:21:13z: AP_STAR tmr
 ets Jan  8 2013,rst cause:4, boot mode:(3,7)

wdt reset
load 0x4010f000, len 1384, room 16 
tail 8
chksum 0x2d
csum 0x2d
v8b899c12
~ld


6.01
 0h00:03.873 2021/11/07T02:41:11z: DS3231
 0h00:03.889 2021/11/07T02:41:11z: BME280 (0x76)
 0h00:03.903 2021/11/07T02:41:11z: 84:f3:eb:7d:7:a8
 0h00:03.905 2021/11/07T02:41:11z: SSID: MU Open
 0h00:03.910 2021/11/07T02:41:11z: AP_STAR tmr
 ets Jan  8 2013,rst cause:4, boot mode:(3,7)

wdt reset
load 0x4010f000, len 1384, room 16 
tail 8
chksum 0x2d
csum 0x2d
v8b899c12
~ld


6.01
 0h00:03.882 2021/11/07T03:01:10z: DS3231
 0h00:03.897 2021/11/07T03:01:10z: BME280 (0x76)
 0h00:03.911 2021/11/07T03:01:10z: 84:f3:eb:7d:7:a8
 0h00:03.913 2021/11/07T03:01:10z: SSID: MU Open
 0h00:03.918 2021/11/07T03:01:10z: AP_STAR tmr
 ets Jan  8 2013,rst cause:4, boot mode:(3,7)

wdt reset
load 0x4010f000, len 1384, room 16 
tail 8
chksum 0x2d
csum 0x2d
v8b899c12
~ld


6.01
 0h00:03.929 2021/11/07T03:21:09z: DS3231
 0h00:03.944 2021/11/07T03:21:09z: BME280 (0x76)
 0h00:03.959 2021/11/07T03:21:09z: 84:f3:eb:7d:7:a8
 0h00:03.960 2021/11/07T03:21:09z: SSID: MU Open
 0h00:03.965 2021/11/07T03:21:09z: AP_STAR tmr
 ets Jan  8 2013,rst cause:4, boot mode:(3,7)

wdt reset
load 0x4010f000, len 1384, room 16 
tail 8
chksum 0x2d
csum 0x2d
v8b899c12
~ld


6.01
 0h00:03.806 2021/11/07T03:41:07z: DS3231
 0h00:03.821 2021/11/07T03:41:07z: BME280 (0x76)
 0h00:03.836 2021/11/07T03:41:07z: 84:f3:eb:7d:7:a8
 0h00:03.837 2021/11/07T03:41:07z: SSID: MU Open
 0h00:03.842 2021/11/07T03:41:07z: AP_STAR tmr
 ets Jan  8 2013,rst cause:4, boot mode:(3,7)

wdt reset
load 0x4010f000, len 1384, room 16 
tail 8
chksum 0x2d
csum 0x2d
v8b899c12
~ld


6.01
 0h00:03.728 2021/11/07T04:01:05z: DS3231
 0h00:03.744 2021/11/07T04:01:05z: BME280 (0x76)
 0h00:03.758 2021/11/07T04:01:05z: 84:f3:eb:7d:7:a8
 0h00:03.760 2021/11/07T04:01:05z: SSID: MU Open
 0h00:03.765 2021/11/07T04:01:05z: AP_STAR tmr
 ets Jan  8 2013,rst cause:4, boot mode:(3,7)

wdt reset
load 0x4010f000, len 1384, room 16 
tail 8
chksum 0x2d
csum 0x2d
v8b899c12
~ld


6.01
 0h00:03.729 2021/11/07T04:21:03z: DS3231
 0h00:03.744 2021/11/07T04:21:04z: BME280 (0x76)
 0h00:03.758 2021/11/07T04:21:04z: 84:f3:eb:7d:7:a8
 0h00:03.760 2021/11/07T04:21:04z: SSID: MU Open
 0h00:03.765 2021/11/07T04:21:04z: AP_STAR tmr
 ets Jan  8 2013,rst cause:4, boot mode:(3,7)

wdt reset
load 0x4010f000, len 1384, room 16 
tail 8
chksum 0x2d
csum 0x2d
v8b899c12
~ld


6.01
 0h00:04.118 2021/11/07T04:41:02z: DS3231
 0h00:04.133 2021/11/07T04:41:02z: BME280 (0x76)
 0h00:04.147 2021/11/07T04:41:02z: 84:f3:eb:7d:7:a8
 0h00:04.149 2021/11/07T04:41:02z: SSID: MU Open
 0h00:04.154 2021/11/07T04:41:02z: AP_STAR tmr
 ets Jan  8 2013,rst cause:4, boot mode:(3,7)

wdt reset
load 0x4010f000, len 1384, room 16 
tail 8
chksum 0x2d
csum 0x2d
v8b899c12
~ld


6.01
 0h00:03.986 2021/11/07T05:01:01z: DS3231
 0h00:04.001 2021/11/07T05:01:01z: BME280 (0x76)
 0h00:04.015 2021/11/07T05:01:01z: 84:f3:eb:7d:7:a8
 0h00:04.017 2021/11/07T05:01:01z: SSID: MU Open
 0h00:04.022 2021/11/07T05:01:01z: AP_STAR tmr
 ets Jan  8 2013,rst cause:4, boot mode:(3,7)

wdt reset
load 0x4010f000, len 1384, room 16 
tail 8
chksum 0x2d
csum 0x2d
v8b899c12
~ld


6.01
 0h00:03.971 2021/11/07T05:21:00z: DS3231
 0h00:03.987 2021/11/07T05:21:00z: BME280 (0x76)
 0h00:04.001 2021/11/07T05:21:00z: 84:f3:eb:7d:7:a8
 0h00:04.003 2021/11/07T05:21:00z: SSID: MU Open
 0h00:04.008 2021/11/07T05:21:00z: AP_STAR tmr
 ets Jan  8 2013,rst cause:4, boot mode:(3,7)

wdt reset
load 0x4010f000, len 1384, room 16 
tail 8
chksum 0x2d
csum 0x2d
v8b899c12
~ld


6.01
 0h00:04.198 2021/11/07T05:40:59z: DS3231
 0h00:04.213 2021/11/07T05:40:59z: BME280 (0x76)
 0h00:04.228 2021/11/07T05:40:59z: 84:f3:eb:7d:7:a8
 0h00:04.229 2021/11/07T05:40:59z: SSID: MU Open
 0h00:04.234 2021/11/07T05:40:59z: AP_STAR tmr
 ets Jan  8 2013,rst cause:4, boot mode:(3,7)

wdt reset
load 0x4010f000, len 1384, room 16 
tail 8
chksum 0x2d
csum 0x2d
v8b899c12
~ld


6.01
 0h00:03.988 2021/11/07T06:00:59z: DS3231
 0h00:04.003 2021/11/07T06:00:59z: BME280 (0x76)
 0h00:04.017 2021/11/07T06:00:59z: 84:f3:eb:7d:7:a8
 0h00:04.019 2021/11/07T06:00:59z: SSID: MU Open
 0h00:04.024 2021/11/07T06:00:59z: AP_STAR tmr
 ets Jan  8 2013,rst cause:4, boot mode:(3,7)

wdt reset
load 0x4010f000, len 1384, room 16 
tail 8
chksum 0x2d
csum 0x2d
v8b899c12
~ld


6.01
 0h00:03.652 2021/11/07T06:20:57z: DS3231
 0h00:03.668 2021/11/07T06:20:57z: BME280 (0x76)
 0h00:03.682 2021/11/07T06:20:57z: 84:f3:eb:7d:7:a8
 0h00:03.683 2021/11/07T06:20:57z: SSID: MU Open
 0h00:03.689 2021/11/07T06:20:57z: AP_STAR tmr
 ets Jan  8 2013,rst cause:4, boot mode:(3,7)

wdt reset
load 0x4010f000, len 1384, room 16 
tail 8
chksum 0x2d
csum 0x2d
v8b899c12
~ld


6.01
 0h00:03.980 2021/11/07T06:40:56z: DS3231
 0h00:03.996 2021/11/07T06:40:56z: BME280 (0x76)
 0h00:04.010 2021/11/07T06:40:56z: 84:f3:eb:7d:7:a8
 0h00:04.011 2021/11/07T06:40:56z: SSID: MU Open
 0h00:04.017 2021/11/07T06:40:56z: AP_STAR tmr
 ets Jan  8 2013,rst cause:4, boot mode:(3,7)

wdt reset
load 0x4010f000, len 1384, room 16 
tail 8
chksum 0x2d
csum 0x2d
v8b899c12
~ld


6.01
 0h00:03.947 2021/11/07T07:00:55z: DS3231
 0h00:03.963 2021/11/07T07:00:55z: BME280 (0x76)
 0h00:03.977 2021/11/07T07:00:55z: 84:f3:eb:7d:7:a8
 0h00:03.979 2021/11/07T07:00:55z: SSID: MU Open
 0h00:03.984 2021/11/07T07:00:55z: AP_STAR tmr
 ets Jan  8 2013,rst cause:4, boot mode:(3,7)

wdt reset
load 0x4010f000, len 1384, room 16 
tail 8
chksum 0x2d
csum 0x2d
v8b899c12
~ld


6.01
 0h00:03.981 2021/11/07T07:20:54z: DS3231
 0h00:03.996 2021/11/07T07:20:54z: BME280 (0x76)
 0h00:04.010 2021/11/07T07:20:54z: 84:f3:eb:7d:7:a8
 0h00:04.012 2021/11/07T07:20:54z: SSID: MU Open
 0h00:04.017 2021/11/07T07:20:54z: AP_STAR tmr
 ets Jan  8 2013,rst cause:4, boot mode:(3,7)

wdt reset
load 0x4010f000, len 1384, room 16 
tail 8
chksum 0x2d
csum 0x2d
v8b899c12
~ld


6.01
 0h00:03.986 2021/11/07T07:40:53z: DS3231
 0h00:04.001 2021/11/07T07:40:53z: BME280 (0x76)
 0h00:04.015 2021/11/07T07:40:53z: 84:f3:eb:7d:7:a8
 0h00:04.017 2021/11/07T07:40:53z: SSID: MU Open
 0h00:04.022 2021/11/07T07:40:53z: AP_STAR tmr
 ets Jan  8 2013,rst cause:4, boot mode:(3,7)

wdt reset
load 0x4010f000, len 1384, room 16 
tail 8
chksum 0x2d
csum 0x2d
v8b899c12
~ld


6.01
 0h00:03.957 2021/11/07T08:00:52z: DS3231
 0h00:03.972 2021/11/07T08:00:52z: BME280 (0x76)
 0h00:03.987 2021/11/07T08:00:52z: 84:f3:eb:7d:7:a8
 0h00:03.988 2021/11/07T08:00:52z: SSID: MU Open
 0h00:03.993 2021/11/07T08:00:52z: AP_STAR tmr
 ets Jan  8 2013,rst cause:4, boot mode:(3,7)

wdt reset
load 0x4010f000, len 1384, room 16 
tail 8
chksum 0x2d
csum 0x2d
v8b899c12
~ld


6.01
 0h00:03.943 2021/11/07T08:20:50z: DS3231
 0h00:03.958 2021/11/07T08:20:50z: BME280 (0x76)
 0h00:03.972 2021/11/07T08:20:50z: 84:f3:eb:7d:7:a8
 0h00:03.974 2021/11/07T08:20:50z: SSID: MU Open
 0h00:03.979 2021/11/07T08:20:50z: AP_STAR tmr
 ets Jan  8 2013,rst cause:4, boot mode:(3,7)

wdt reset
load 0x4010f000, len 1384, room 16 
tail 8
chksum 0x2d
csum 0x2d
v8b899c12
~ld


6.01
 0h00:04.102 2021/11/07T08:40:49z: DS3231
 0h00:04.118 2021/11/07T08:40:49z: BME280 (0x76)
 0h00:04.132 2021/11/07T08:40:49z: 84:f3:eb:7d:7:a8
 0h00:04.134 2021/11/07T08:40:49z: SSID: MU Open
 0h00:04.139 2021/11/07T08:40:49z: AP_STAR tmr
 ets Jan  8 2013,rst cause:4, boot mode:(3,7)

wdt reset
load 0x4010f000, len 1384, room 16 
tail 8
chksum 0x2d
csum 0x2d
v8b899c12
~ld


6.01
 0h00:04.021 2021/11/07T09:00:48z: DS3231
 0h00:04.037 2021/11/07T09:00:48z: BME280 (0x76)
 0h00:04.051 2021/11/07T09:00:48z: 84:f3:eb:7d:7:a8
 0h00:04.052 2021/11/07T09:00:48z: SSID: MU Open
 0h00:04.058 2021/11/07T09:00:48z: AP_STAR tmr
 ets Jan  8 2013,rst cause:4, boot mode:(3,7)

wdt reset
load 0x4010f000, len 1384, room 16 
tail 8
chksum 0x2d
csum 0x2d
v8b899c12
~ld


6.01
 0h00:03.948 2021/11/07T09:20:47z: DS3231
 0h00:03.963 2021/11/07T09:20:47z: BME280 (0x76)
 0h00:03.977 2021/11/07T09:20:47z: 84:f3:eb:7d:7:a8
 0h00:03.979 2021/11/07T09:20:47z: SSID: MU Open
 0h00:03.984 2021/11/07T09:20:47z: AP_STAR tmr
 ets Jan  8 2013,rst cause:4, boot mode:(3,7)

wdt reset
load 0x4010f000, len 1384, room 16 
tail 8
chksum 0x2d
csum 0x2d
v8b899c12
~ld


6.01
 0h00:03.615 2021/11/07T09:40:45z: DS3231
 0h00:03.630 2021/11/07T09:40:45z: BME280 (0x76)
 0h00:03.644 2021/11/07T09:40:45z: 84:f3:eb:7d:7:a8
 0h00:03.646 2021/11/07T09:40:45z: SSID: MU Open
 0h00:03.651 2021/11/07T09:40:45z: AP_STAR tmr
 ets Jan  8 2013,rst cause:4, boot mode:(3,7)

wdt reset
load 0x4010f000, len 1384, room 16 
tail 8
chksum 0x2d
csum 0x2d
v8b899c12
~ld


6.01
 0h00:03.867 2021/11/07T10:00:43z: DS3231
 0h00:03.882 2021/11/07T10:00:43z: BME280 (0x76)
 0h00:03.896 2021/11/07T10:00:43z: 84:f3:eb:7d:7:a8
 0h00:03.898 2021/11/07T10:00:43z: SSID: MU Open
 0h00:03.903 2021/11/07T10:00:43z: AP_STAR tmr
 ets Jan  8 2013,rst cause:4, boot mode:(3,7)

wdt reset
load 0x4010f000, len 1384, room 16 
tail 8
chksum 0x2d
csum 0x2d
v8b899c12
~ld


6.01
 0h00:03.770 2021/11/07T10:20:42z: DS3231
 0h00:03.786 2021/11/07T10:20:42z: BME280 (0x76)
 0h00:03.800 2021/11/07T10:20:42z: 84:f3:eb:7d:7:a8
 0h00:03.802 2021/11/07T10:20:42z: SSID: MU Open
 0h00:03.807 2021/11/07T10:20:42z: AP_STAR tmr
 ets Jan  8 2013,rst cause:4, boot mode:(3,7)

wdt reset
load 0x4010f000, len 1384, room 16 
tail 8
chksum 0x2d
csum 0x2d
v8b899c12
~ld


6.01
 0h00:03.784 2021/11/07T10:40:40z: DS3231
 0h00:03.800 2021/11/07T10:40:40z: BME280 (0x76)
 0h00:03.814 2021/11/07T10:40:40z: 84:f3:eb:7d:7:a8
 0h00:03.816 2021/11/07T10:40:40z: SSID: MU Open
 0h00:03.821 2021/11/07T10:40:40z: AP_STAR tmr
 ets Jan  8 2013,rst cause:4, boot mode:(3,7)

wdt reset
load 0x4010f000, len 1384, room 16 
tail 8
chksum 0x2d
csum 0x2d
v8b899c12
~ld


6.01
 0h00:03.840 2021/11/07T11:00:39z: DS3231
 0h00:03.856 2021/11/07T11:00:39z: BME280 (0x76)
 0h00:03.870 2021/11/07T11:00:39z: 84:f3:eb:7d:7:a8
 0h00:03.872 2021/11/07T11:00:39z: SSID: MU Open
 0h00:03.877 2021/11/07T11:00:39z: AP_STAR tmr
 ets Jan  8 2013,rst cause:4, boot mode:(3,7)

wdt reset
load 0x4010f000, len 1384, room 16 
tail 8
chksum 0x2d
csum 0x2d
v8b899c12
~ld


6.01
 0h00:03.806 2021/11/07T11:20:37z: DS3231
 0h00:03.821 2021/11/07T11:20:37z: BME280 (0x76)
 0h00:03.835 2021/11/07T11:20:37z: 84:f3:eb:7d:7:a8
 0h00:03.837 2021/11/07T11:20:37z: SSID: MU Open
 0h00:03.842 2021/11/07T11:20:37z: AP_STAR tmr
 ets Jan  8 2013,rst cause:4, boot mode:(3,7)

wdt reset
load 0x4010f000, len 1384, room 16 
tail 8
chksum 0x2d
csum 0x2d
v8b899c12
~ld


6.01
 0h00:03.834 2021/11/07T11:40:35z: DS3231
 0h00:03.849 2021/11/07T11:40:35z: BME280 (0x76)
 0h00:03.863 2021/11/07T11:40:35z: 84:f3:eb:7d:7:a8
 0h00:03.865 2021/11/07T11:40:35z: SSID: MU Open
 0h00:03.870 2021/11/07T11:40:35z: AP_STAR tmr
 ets Jan  8 2013,rst cause:4, boot mode:(3,7)

wdt reset
load 0x4010f000, len 1384, room 16 
tail 8
chksum 0x2d
csum 0x2d
v8b899c12
~ld


6.01
 0h00:03.756 2021/11/07T12:00:34z: DS3231
 0h00:03.771 2021/11/07T12:00:34z: BME280 (0x76)
 0h00:03.786 2021/11/07T12:00:34z: 84:f3:eb:7d:7:a8
 0h00:03.787 2021/11/07T12:00:34z: SSID: MU Open
 0h00:03.792 2021/11/07T12:00:34z: AP_STAR tmr
 ets Jan  8 2013,rst cause:4, boot mode:(3,7)

wdt reset
load 0x4010f000, len 1384, room 16 
tail 8
chksum 0x2d
csum 0x2d
v8b899c12
~ld


6.01
 0h00:04.081 2021/11/07T12:20:32z: DS3231
 0h00:04.096 2021/11/07T12:20:32z: BME280 (0x76)
 0h00:04.110 2021/11/07T12:20:32z: 84:f3:eb:7d:7:a8
 0h00:04.112 2021/11/07T12:20:32z: SSID: MU Open
 0h00:04.117 2021/11/07T12:20:32z: AP_STAR tmr
 ets Jan  8 2013,rst cause:4, boot mode:(3,7)

wdt reset
load 0x4010f000, len 1384, room 16 
tail 8
chksum 0x2d
csum 0x2d
v8b899c12
~ld


6.01
 0h00:03.830 2021/11/07T12:40:31z: DS3231
 0h00:03.846 2021/11/07T12:40:31z: BME280 (0x76)
 0h00:03.860 2021/11/07T12:40:31z: 84:f3:eb:7d:7:a8
 0h00:03.862 2021/11/07T12:40:31z: SSID: MU Open
 0h00:03.867 2021/11/07T12:40:31z: AP_STAR tmr
 ets Jan  8 2013,rst cause:4, boot mode:(3,7)

wdt reset
load 0x4010f000, len 1384, room 16 
tail 8
chksum 0x2d
csum 0x2d
v8b899c12
~ld


6.01
 0h00:03.928 2021/11/07T13:00:30z: DS3231
 0h00:03.943 2021/11/07T13:00:30z: BME280 (0x76)
 0h00:03.957 2021/11/07T13:00:30z: 84:f3:eb:7d:7:a8
 0h00:03.959 2021/11/07T13:00:30z: SSID: MU Open
 0h00:03.964 2021/11/07T13:00:30z: AP_STAR tmr
 ets Jan  8 2013,rst cause:4, boot mode:(3,7)

wdt reset
load 0x4010f000, len 1384, room 16 
tail 8
chksum 0x2d
csum 0x2d
v8b899c12
~ld


6.01
 0h00:04.128 2021/11/07T13:20:29z: DS3231
 0h00:04.143 2021/11/07T13:20:29z: BME280 (0x76)
 0h00:04.157 2021/11/07T13:20:29z: 84:f3:eb:7d:7:a8
 0h00:04.159 2021/11/07T13:20:29z: SSID: MU Open
 0h00:04.164 2021/11/07T13:20:29z: AP_STAR tmr
 ets Jan  8 2013,rst cause:4, boot mode:(3,7)

wdt reset
load 0x4010f000, len 1384, room 16 
tail 8
chksum 0x2d
csum 0x2d
v8b899c12
~ld


6.01
 0h00:04.126 2021/11/07T13:40:28z: DS3231
 0h00:04.141 2021/11/07T13:40:28z: BME280 (0x76)
 0h00:04.155 2021/11/07T13:40:28z: 84:f3:eb:7d:7:a8
 0h00:04.157 2021/11/07T13:40:28z: SSID: MU Open
 0h00:04.162 2021/11/07T13:40:28z: AP_STAR tmr
 ets Jan  8 2013,rst cause:4, boot mode:(3,7)

wdt reset
load 0x4010f000, len 1384, room 16 
tail 8
chksum 0x2d
csum 0x2d
v8b899c12
~ld


6.01
 0h00:04.055 2021/11/07T14:00:28z: DS3231
 0h00:04.071 2021/11/07T14:00:28z: BME280 (0x76)
 0h00:04.085 2021/11/07T14:00:28z: 84:f3:eb:7d:7:a8
 0h00:04.086 2021/11/07T14:00:28z: SSID: MU Open
 0h00:04.092 2021/11/07T14:00:28z: AP_STAR tmr
 ets Jan  8 2013,rst cause:4, boot mode:(3,7)

wdt reset
load 0x4010f000, len 1384, room 16 
tail 8
chksum 0x2d
csum 0x2d
v8b899c12
~ld


6.01
 0h00:03.783 2021/11/07T14:20:27z: DS3231
 0h00:03.798 2021/11/07T14:20:27z: BME280 (0x76)
 0h00:03.813 2021/11/07T14:20:27z: 84:f3:eb:7d:7:a8
 0h00:03.814 2021/11/07T14:20:27z: SSID: MU Open
 0h00:03.819 2021/11/07T14:20:27z: AP_STAR tmr
 ets Jan  8 2013,rst cause:4, boot mode:(3,7)

wdt reset
load 0x4010f000, len 1384, room 16 
tail 8
chksum 0x2d
csum 0x2d
v8b899c12
~ld


6.01
 0h00:03.769 2021/11/07T14:40:25z: DS3231
 0h00:03.784 2021/11/07T14:40:25z: BME280 (0x76)
 0h00:03.799 2021/11/07T14:40:25z: 84:f3:eb:7d:7:a8
 0h00:03.800 2021/11/07T14:40:25z: SSID: MU Open
 0h00:03.805 2021/11/07T14:40:25z: AP_STAR tmr
 ets Jan  8 2013,rst cause:4, boot mode:(3,7)

wdt reset
load 0x4010f000, len 1384, room 16 
tail 8
chksum 0x2d
csum 0x2d
v8b899c12
~ld


6.01
 0h00:04.067 2021/11/07T15:00:25z: DS3231
 0h00:04.083 2021/11/07T15:00:25z: BME280 (0x76)
 0h00:04.097 2021/11/07T15:00:25z: 84:f3:eb:7d:7:a8
 0h00:04.099 2021/11/07T15:00:25z: SSID: MU Open
 0h00:04.104 2021/11/07T15:00:25z: AP_STAR tmr
 ets Jan  8 2013,rst cause:4, boot mode:(3,7)

wdt reset
load 0x4010f000, len 1384, room 16 
tail 8
chksum 0x2d
csum 0x2d
v8b899c12
~ld


6.01
 0h00:04.018 2021/11/07T15:20:23z: DS3231
 0h00:04.033 2021/11/07T15:20:23z: BME280 (0x76)
 0h00:04.047 2021/11/07T15:20:23z: 84:f3:eb:7d:7:a8
 0h00:04.049 2021/11/07T15:20:23z: SSID: MU Open
 0h00:04.054 2021/11/07T15:20:23z: AP_STAR tmr
 ets Jan  8 2013,rst cause:4, boot mode:(3,7)

wdt reset
load 0x4010f000, len 1384, room 16 
tail 8
chksum 0x2d
csum 0x2d
v8b899c12
~ld


6.01
 0h00:03.960 2021/11/07T15:40:22z: DS3231
 0h00:03.975 2021/11/07T15:40:22z: BME280 (0x76)
 0h00:03.990 2021/11/07T15:40:22z: 84:f3:eb:7d:7:a8
 0h00:03.991 2021/11/07T15:40:22z: SSID: MU Open
 0h00:03.996 2021/11/07T15:40:22z: AP_STAR tmr
 ets Jan  8 2013,rst cause:4, boot mode:(3,7)

wdt reset
load 0x4010f000, len 1384, room 16 
tail 8
chksum 0x2d
csum 0x2d
v8b899c12
~ld


6.01
 0h00:03.709 2021/11/07T16:00:20z: DS3231
 0h00:03.725 2021/11/07T16:00:20z: BME280 (0x76)
 0h00:03.739 2021/11/07T16:00:20z: 84:f3:eb:7d:7:a8
 0h00:03.741 2021/11/07T16:00:20z: SSID: MU Open
 0h00:03.746 2021/11/07T16:00:20z: AP_STAR tmr
 ets Jan  8 2013,rst cause:4, boot mode:(3,7)

wdt reset
load 0x4010f000, len 1384, room 16 
tail 8
chksum 0x2d
csum 0x2d
v8b899c12
~ld


6.01
 0h00:03.675 2021/11/07T16:20:18z: DS3231
 0h00:03.691 2021/11/07T16:20:18z: BME280 (0x76)
 0h00:03.705 2021/11/07T16:20:18z: 84:f3:eb:7d:7:a8
 0h00:03.707 2021/11/07T16:20:18z: SSID: MU Open
 0h00:03.712 2021/11/07T16:20:18z: AP_STAR tmr
 ets Jan  8 2013,rst cause:4, boot mode:(3,7)

wdt reset
load 0x4010f000, len 1384, room 16 
tail 8
chksum 0x2d
csum 0x2d
v8b899c12
~ld


6.01
 0h00:03.660 2021/11/07T16:40:17z: DS3231
 0h00:03.675 2021/11/07T16:40:17z: BME280 (0x76)
 0h00:03.689 2021/11/07T16:40:17z: 84:f3:eb:7d:7:a8
 0h00:03.691 2021/11/07T16:40:17z: SSID: MU Open
 0h00:03.696 2021/11/07T16:40:17z: AP_STAR tmr
 ets Jan  8 2013,rst cause:4, boot mode:(3,7)

wdt reset
load 0x4010f000, len 1384, room 16 
tail 8
chksum 0x2d
csum 0x2d
v8b899c12
~ld


6.01
 0h00:03.890 2021/11/07T17:00:16z: DS3231
 0h00:03.906 2021/11/07T17:00:16z: BME280 (0x76)
 0h00:03.920 2021/11/07T17:00:16z: 84:f3:eb:7d:7:a8
 0h00:03.922 2021/11/07T17:00:16z: SSID: MU Open
 0h00:03.927 2021/11/07T17:00:16z: AP_STAR tmr
 ets Jan  8 2013,rst cause:4, boot mode:(3,7)

wdt reset
load 0x4010f000, len 1384, room 16 
tail 8
chksum 0x2d
csum 0x2d
v8b899c12
~ld


6.01
 0h00:03.940 2021/11/07T17:20:14z: DS3231
 0h00:03.955 2021/11/07T17:20:14z: BME280 (0x76)
 0h00:03.970 2021/11/07T17:20:14z: 84:f3:eb:7d:7:a8
 0h00:03.971 2021/11/07T17:20:14z: SSID: MU Open
 0h00:03.977 2021/11/07T17:20:14z: AP_STAR tmr
 ets Jan  8 2013,rst cause:4, boot mode:(3,7)

wdt reset
load 0x4010f000, len 1384, room 16 
tail 8
chksum 0x2d
csum 0x2d
v8b899c12
~ld


6.01
 0h00:03.523 2021/11/07T17:40:12z: DS3231
 0h00:03.539 2021/11/07T17:40:12z: BME280 (0x76)
 0h00:03.553 2021/11/07T17:40:13z: 84:f3:eb:7d:7:a8
 0h00:03.555 2021/11/07T17:40:13z: SSID: MU Open
 0h00:03.560 2021/11/07T17:40:13z: AP_STAR tmr
 ets Jan  8 2013,rst cause:4, boot mode:(3,7)

wdt reset
load 0x4010f000, len 1384, room 16 
tail 8
chksum 0x2d
csum 0x2d
v8b899c12
~ld


6.01
 0h00:03.714 2021/11/07T18:00:11z: DS3231
 0h00:03.730 2021/11/07T18:00:11z: BME280 (0x76)
 0h00:03.744 2021/11/07T18:00:11z: 84:f3:eb:7d:7:a8
 0h00:03.745 2021/11/07T18:00:11z: SSID: MU Open
 0h00:03.751 2021/11/07T18:00:11z: AP_STAR tmr
 ets Jan  8 2013,rst cause:4, boot mode:(3,7)

wdt reset
load 0x4010f000, len 1384, room 16 
tail 8
chksum 0x2d
csum 0x2d
v8b899c12
~ld


6.01
 0h00:03.889 2021/11/07T18:20:10z: DS3231
 0h00:03.904 2021/11/07T18:20:10z: BME280 (0x76)
 0h00:03.918 2021/11/07T18:20:10z: 84:f3:eb:7d:7:a8
 0h00:03.920 2021/11/07T18:20:10z: SSID: MU Open
 0h00:03.925 2021/11/07T18:20:10z: AP_STAR tmr
 ets Jan  8 2013,rst cause:4, boot mode:(3,7)

wdt reset
load 0x4010f000, len 1384, room 16 
tail 8
chksum 0x2d
csum 0x2d
v8b899c12
~ld


6.01
 0h00:04.010 2021/11/07T18:40:08z: DS3231
 0h00:04.025 2021/11/07T18:40:09z: BME280 (0x76)
 0h00:04.039 2021/11/07T18:40:09z: 84:f3:eb:7d:7:a8
 0h00:04.041 2021/11/07T18:40:09z: SSID: MU Open
 0h00:04.046 2021/11/07T18:40:09z: AP_STAR tmr
 ets Jan  8 2013,rst cause:4, boot mode:(3,7)

wdt reset
load 0x4010f000, len 1384, room 16 
tail 8
chksum 0x2d
csum 0x2d
v8b899c12
~ld


6.01
 0h00:03.985 2021/11/07T19:00:07z: DS3231
 0h00:04.001 2021/11/07T19:00:07z: BME280 (0x76)
 0h00:04.015 2021/11/07T19:00:08z: 84:f3:eb:7d:7:a8
 0h00:04.017 2021/11/07T19:00:08z: SSID: MU Open
 0h00:04.022 2021/11/07T19:00:08z: AP_STAR tmr
 ets Jan  8 2013,rst cause:4, boot mode:(3,7)

wdt reset
load 0x4010f000, len 1384, room 16 
tail 8
chksum 0x2d
csum 0x2d
v8b899c12
~ld


6.01
 0h00:03.984 2021/11/07T19:20:07z: DS3231
 0h00:04.000 2021/11/07T19:20:07z: BME280 (0x76)
 0h00:04.014 2021/11/07T19:20:07z: 84:f3:eb:7d:7:a8
 0h00:04.015 2021/11/07T19:20:07z: SSID: MU Open
 0h00:04.021 2021/11/07T19:20:07z: AP_STAR tmr
 ets Jan  8 2013,rst cause:4, boot mode:(3,7)

wdt reset
load 0x4010f000, len 1384, room 16 
tail 8
chksum 0x2d
csum 0x2d
v8b899c12
~ld


6.01
 0h00:03.644 2021/11/07T19:40:05z: DS3231
 0h00:03.660 2021/11/07T19:40:05z: BME280 (0x76)
 0h00:03.674 2021/11/07T19:40:05z: 84:f3:eb:7d:7:a8
 0h00:03.676 2021/11/07T19:40:05z: SSID: MU Open
 0h00:03.681 2021/11/07T19:40:05z: AP_STAR tmr
 ets Jan  8 2013,rst cause:4, boot mode:(3,7)

wdt reset
load 0x4010f000, len 1384, room 16 
tail 8
chksum 0x2d
csum 0x2d
v8b899c12
~ld


6.01
 0h00:03.804 2021/11/07T20:00:04z: DS3231
 0h00:03.819 2021/11/07T20:00:04z: BME280 (0x76)
 0h00:03.834 2021/11/07T20:00:04z: 84:f3:eb:7d:7:a8
 0h00:03.835 2021/11/07T20:00:04z: SSID: MU Open
 0h00:03.840 2021/11/07T20:00:04z: AP_STAR tmr
 ets Jan  8 2013,rst cause:4, boot mode:(3,7)

wdt reset
load 0x4010f000, len 1384, room 16 
tail 8
chksum 0x2d
csum 0x2d
v8b899c12
~ld


6.01
 0h00:03.960 2021/11/07T20:20:02z: DS3231
 0h00:03.975 2021/11/07T20:20:02z: BME280 (0x76)
 0h00:03.990 2021/11/07T20:20:02z: 84:f3:eb:7d:7:a8
 0h00:03.991 2021/11/07T20:20:02z: SSID: MU Open
 0h00:03.996 2021/11/07T20:20:02z: AP_STAR tmr
 ets Jan  8 2013,rst cause:4, boot mode:(3,7)

wdt reset
load 0x4010f000, len 1384, room 16 
tail 8
chksum 0x2d
csum 0x2d
v8b899c12
~ld


6.01
 0h00:03.833 2021/11/07T20:40:01z: DS3231
 0h00:03.848 2021/11/07T20:40:01z: BME280 (0x76)
 0h00:03.862 2021/11/07T20:40:01z: 84:f3:eb:7d:7:a8
 0h00:03.864 2021/11/07T20:40:01z: SSID: MU Open
 0h00:03.869 2021/11/07T20:40:01z: AP_STAR tmr
 ets Jan  8 2013,rst cause:4, boot mode:(3,7)

wdt reset
load 0x4010f000, len 1384, room 16 
tail 8
chksum 0x2d
csum 0x2d
v8b899c12
~ld


6.01
 0h00:03.804 2021/11/07T21:00:00z: DS3231
 0h00:03.820 2021/11/07T21:00:00z: BME280 (0x76)
 0h00:03.834 2021/11/07T21:00:00z: 84:f3:eb:7d:7:a8
 0h00:03.835 2021/11/07T21:00:00z: SSID: MU Open
 0h00:03.841 2021/11/07T21:00:00z: AP_STAR tmr
 ets Jan  8 2013,rst cause:4, boot mode:(3,7)

wdt reset
load 0x4010f000, len 1384, room 16 
tail 8
chksum 0x2d
csum 0x2d
v8b899c12
~ld


6.01
 0h00:03.570 2021/11/07T21:19:58z: DS3231
 0h00:03.585 2021/11/07T21:19:58z: BME280 (0x76)
 0h00:03.600 2021/11/07T21:19:58z: 84:f3:eb:7d:7:a8
 0h00:03.601 2021/11/07T21:19:58z: SSID: MU Open
 0h00:03.606 2021/11/07T21:19:58z: AP_STAR tmr
 ets Jan  8 2013,rst cause:4, boot mode:(3,7)

wdt reset
load 0x4010f000, len 1384, room 16 
tail 8
chksum 0x2d
csum 0x2d
v8b899c12
~ld


6.01
 0h00:03.921 2021/11/07T21:39:56z: DS3231
 0h00:03.936 2021/11/07T21:39:56z: BME280 (0x76)
 0h00:03.950 2021/11/07T21:39:56z: 84:f3:eb:7d:7:a8
 0h00:03.952 2021/11/07T21:39:56z: SSID: MU Open
 0h00:03.957 2021/11/07T21:39:56z: AP_STAR tmr
 ets Jan  8 2013,rst cause:4, boot mode:(3,7)

wdt reset
load 0x4010f000, len 1384, room 16 
tail 8
chksum 0x2d
csum 0x2d
v8b899c12
~ld


6.01
 0h00:03.945 2021/11/07T21:59:55z: DS3231
 0h00:03.960 2021/11/07T21:59:55z: BME280 (0x76)
 0h00:03.974 2021/11/07T21:59:55z: 84:f3:eb:7d:7:a8
 0h00:03.976 2021/11/07T21:59:55z: SSID: MU Open
 0h00:03.981 2021/11/07T21:59:55z: AP_STAR tmr
 ets Jan  8 2013,rst cause:4, boot mode:(3,7)

wdt reset
load 0x4010f000, len 1384, room 16 
tail 8
chksum 0x2d
csum 0x2d
v8b899c12
~ld


6.01
 0h00:03.794 2021/11/07T22:19:53z: DS3231
 0h00:03.809 2021/11/07T22:19:53z: BME280 (0x76)
 0h00:03.824 2021/11/07T22:19:53z: 84:f3:eb:7d:7:a8
 0h00:03.825 2021/11/07T22:19:53z: SSID: MU Open
 0h00:03.831 2021/11/07T22:19:53z: AP_STAR tmr
 ets Jan  8 2013,rst cause:4, boot mode:(3,7)

wdt reset
load 0x4010f000, len 1384, room 16 
tail 8
chksum 0x2d
csum 0x2d
v8b899c12
~ld


6.01
 0h00:04.106 2021/11/07T22:39:51z: DS3231
 0h00:04.121 2021/11/07T22:39:51z: BME280 (0x76)
 0h00:04.135 2021/11/07T22:39:52z: 84:f3:eb:7d:7:a8
 0h00:04.137 2021/11/07T22:39:52z: SSID: MU Open
 0h00:04.142 2021/11/07T22:39:52z: AP_STAR tmr
 ets Jan  8 2013,rst cause:4, boot mode:(3,7)

wdt reset
load 0x4010f000, len 1384, room 16 
tail 8
chksum 0x2d
csum 0x2d
v8b899c12
~ld


6.01
 0h00:03.964 2021/11/07T22:59:50z: DS3231
 0h00:03.979 2021/11/07T22:59:50z: BME280 (0x76)
 0h00:03.993 2021/11/07T22:59:50z: 84:f3:eb:7d:7:a8
 0h00:03.995 2021/11/07T22:59:50z: SSID: MU Open
 0h00:04.000 2021/11/07T22:59:50z: AP_STAR tmr
 ets Jan  8 2013,rst cause:4, boot mode:(3,7)

wdt reset
load 0x4010f000, len 1384, room 16 
tail 8
chksum 0x2d
csum 0x2d
v8b899c12
~ld


6.01
 0h00:03.951 2021/11/07T23:19:48z: DS3231
 0h00:03.966 2021/11/07T23:19:48z: BME280 (0x76)
 0h00:03.980 2021/11/07T23:19:48z: 84:f3:eb:7d:7:a8
 0h00:03.982 2021/11/07T23:19:48z: SSID: MU Open
 0h00:03.987 2021/11/07T23:19:48z: AP_STAR tmr
 ets Jan  8 2013,rst cause:4, boot mode:(3,7)

wdt reset
load 0x4010f000, len 1384, room 16 
tail 8
chksum 0x2d
csum 0x2d
v8b899c12
~ld


6.01
 0h00:03.946 2021/11/07T23:39:47z: DS3231
 0h00:03.961 2021/11/07T23:39:47z: BME280 (0x76)
 0h00:03.975 2021/11/07T23:39:47z: 84:f3:eb:7d:7:a8
 0h00:03.977 2021/11/07T23:39:47z: SSID: MU Open
 0h00:03.982 2021/11/07T23:39:47z: AP_STAR tmr
 ets Jan  8 2013,rst cause:4, boot mode:(3,7)

wdt reset
load 0x4010f000, len 1384, room 16 
tail 8
chksum 0x2d
csum 0x2d
v8b899c12
~ld


6.01
 0h00:03.929 2021/11/07T23:59:45z: DS3231
 0h00:03.945 2021/11/07T23:59:45z: BME280 (0x76)
 0h00:03.959 2021/11/07T23:59:45z: 84:f3:eb:7d:7:a8
 0h00:03.960 2021/11/07T23:59:45z: SSID: MU Open
 0h00:03.966 2021/11/07T23:59:45z: AP_STA