R tmr
 ets Jan  8 2013,rst cause:4, boot mode:(3,7)

wdt reset
load 0x4010f000, len 1384, room 16 
tail 8
chksum 0x2d
csum 0x2d
v8b899c12
~ld


6.01
 0h00:04.338 2021/12/25T00:11:47z: DS3231
 0h00:04.353 2021/12/25T00:11:47z: BME280 (0x76)
 0h00:04.367 2021/12/25T00:11:47z: 84:f3:eb:7d:7:a8
 0h00:04.369 2021/12/25T00:11:47z: SSID: MU Open
 0h00:04.374 2021/12/25T00:11:47z: AP_STAR tmr
 ets Jan  8 2013,rst cause:4, boot mode:(3,7)

wdt reset
load 0x4010f000, len 1384, room 16 
tail 8
chksum 0x2d
csum 0x2d
v8b899c12
~ld


6.01
 0h00:04.361 2021/12/25T00:31:46z: DS3231
 0h00:04.376 2021/12/25T00:31:46z: BME280 (0x76)
 0h00:04.390 2021/12/25T00:31:46z: 84:f3:eb:7d:7:a8
 0h00:04.392 2021/12/25T00:31:46z: SSID: MU Open
 0h00:04.397 2021/12/25T00:31:46z: AP_STAR tmr
 ets Jan  8 2013,rst cause:4, boot mode:(3,7)

wdt reset
load 0x4010f000, len 1384, room 16 
tail 8
chksum 0x2d
csum 0x2d
v8b899c12
~ld


6.01
 0h00:04.456 2021/12/25T00:51:46z: DS3231
 0h00:04.471 2021/12/25T00:51:46z: BME280 (0x76)
 0h00:04.486 2021/12/25T00:51:46z: 84:f3:eb:7d:7:a8
 0h00:04.487 2021/12/25T00:51:46z: SSID: MU Open
 0h00:04.492 2021/12/25T00:51:46z: AP_STAR tmr
 ets Jan  8 2013,rst cause:4, boot mode:(3,7)

wdt reset
load 0x4010f000, len 1384, room 16 
tail 8
chksum 0x2d
csum 0x2d
v8b899c12
~ld


6.01
 0h00:04.251 2021/12/25T01:11:46z: DS3231
 0h00:04.267 2021/12/25T01:11:46z: BME280 (0x76)
 0h00:04.281 2021/12/25T01:11:46z: 84:f3:eb:7d:7:a8
 0h00:04.283 2021/12/25T01:11:46z: SSID: MU Open
 0h00:04.288 2021/12/25T01:11:46z: AP_STAR tmr
 ets Jan  8 2013,rst cause:4, boot mode:(3,7)

wdt reset
load 0x4010f000, len 1384, room 16 
tail 8
chksum 0x2d
csum 0x2d
v8b899c12
~ld


6.01
 0h00:04.354 2021/12/25T01:31:46z: DS3231
 0h00:04.369 2021/12/25T01:31:46z: BME280 (0x76)
 0h00:04.383 2021/12/25T01:31:46z: 84:f3:eb:7d:7:a8
 0h00:04.385 2021/12/25T01:31:46z: SSID: MU Open
 0h00:04.390 2021/12/25T01:31:47z: AP_STAR tmr
 ets Jan  8 2013,rst cause:4, boot mode:(3,7)

wdt reset
load 0x4010f000, len 1384, room 16 
tail 8
chksum 0x2d
csum 0x2d
v8b899c12
~ld


6.01
 0h00:04.370 2021/12/25T01:51:47z: DS3231
 0h00:04.385 2021/12/25T01:51:47z: BME280 (0x76)
 0h00:04.399 2021/12/25T01:51:47z: 84:f3:eb:7d:7:a8
 0h00:04.401 2021/12/25T01:51:47z: SSID: MU Open
 0h00:04.406 2021/12/25T01:51:47z: AP_STAR tmr
 ets Jan  8 2013,rst cause:4, boot mode:(3,7)

wdt reset
load 0x4010f000, len 1384, room 16 
tail 8
chksum 0x2d
csum 0x2d
v8b899c12
~ld


6.01
 0h00:04.303 2021/12/25T02:11:47z: DS3231
 0h00:04.318 2021/12/25T02:11:47z: BME280 (0x76)
 0h00:04.332 2021/12/25T02:11:47z: 84:f3:eb:7d:7:a8
 0h00:04.334 2021/12/25T02:11:47z: SSID: MU Open
 0h00:04.339 2021/12/25T02:11:47z: AP_STAR tmr
 ets Jan  8 2013,rst cause:4, boot mode:(3,7)

wdt reset
load 0x4010f000, len 1384, room 16 
tail 8
chksum 0x2d
csum 0x2d
v8b899c12
~ld


6.01
 0h00:04.287 2021/12/25T02:31:48z: DS3231
 0h00:04.303 2021/12/25T02:31:48z: BME280 (0x76)
 0h00:04.317 2021/12/25T02:31:48z: 84:f3:eb:7d:7:a8
 0h00:04.319 2021/12/25T02:31:48z: SSID: MU Open
 0h00:04.324 2021/12/25T02:31:48z: AP_STAR tmr
 ets Jan  8 2013,rst cause:4, boot mode:(3,7)

wdt reset
load 0x4010f000, len 1384, room 16 
tail 8
chksum 0x2d
csum 0x2d
v8b899c12
~ld


6.01
 0h00:04.423 2021/12/25T02:51:48z: DS3231
 0h00:04.438 2021/12/25T02:51:48z: BME280 (0x76)
 0h00:04.452 2021/12/25T02:51:48z: 84:f3:eb:7d:7:a8
 0h00:04.454 2021/12/25T02:51:48z: SSID: MU Open
 0h00:04.459 2021/12/25T02:51:48z: AP_STAR tmr
 ets Jan  8 2013,rst cause:4, boot mode:(3,7)

wdt reset
load 0x4010f000, len 1384, room 16 
tail 8
chksum 0x2d
csum 0x2d
v8b899c12
~ld


6.01
 0h00:04.204 2021/12/25T03:11:48z: DS3231
 0h00:04.219 2021/12/25T03:11:48z: BME280 (0x76)
 0h00:04.234 2021/12/25T03:11:48z: 84:f3:eb:7d:7:a8
 0h00:04.235 2021/12/25T03:11:48z: SSID: MU Open
 0h00:04.240 2021/12/25T03:11:48z: AP_STAR tmr
 ets Jan  8 2013,rst cause:4, boot mode:(3,7)

wdt reset
load 0x4010f000, len 1384, room 16 
tail 8
chksum 0x2d
csum 0x2d
v8b899c12
~ld


6.01
 0h00:04.287 2021/12/25T03:31:48z: DS3231
 0h00:04.302 2021/12/25T03:31:48z: BME280 (0x76)
 0h00:04.316 2021/12/25T03:31:48z: 84:f3:eb:7d:7:a8
 0h00:04.318 2021/12/25T03:31:48z: SSID: MU Open
 0h00:04.323 2021/12/25T03:31:48z: AP_STAR tmr
 ets Jan  8 2013,rst cause:4, boot mode:(3,7)

wdt reset
load 0x4010f000, len 1384, room 16 
tail 8
chksum 0x2d
csum 0x2d
v8b899c12
~ld


6.01
 0h00:04.248 2021/12/25T03:51:48z: DS3231
 0h00:04.263 2021/12/25T03:51:48z: BME280 (0x76)
 0h00:04.277 2021/12/25T03:51:48z: 84:f3:eb:7d:7:a8
 0h00:04.279 2021/12/25T03:51:48z: SSID: MU Open
 0h00:04.284 2021/12/25T03:51:48z: AP_STAR tmr
 ets Jan  8 2013,rst cause:4, boot mode:(3,7)

wdt reset
load 0x4010f000, len 1384, room 16 
tail 8
chksum 0x2d
csum 0x2d
v8b899c12
~ld


6.01
 0h00:04.129 2021/12/25T04:11:48z: DS3231
 0h00:04.144 2021/12/25T04:11:48z: BME280 (0x76)
 0h00:04.158 2021/12/25T04:11:48z: 84:f3:eb:7d:7:a8
 0h00:04.160 2021/12/25T04:11:48z: SSID: MU Open
 0h00:04.165 2021/12/25T04:11:48z: AP_STAR tmr
 ets Jan  8 2013,rst cause:4, boot mode:(3,7)

wdt reset
load 0x4010f000, len 1384, room 16 
tail 8
chksum 0x2d
csum 0x2d
v8b899c12
~ld


6.01
 0h00:04.354 2021/12/25T04:31:47z: DS3231
 0h00:04.369 2021/12/25T04:31:47z: BME280 (0x76)
 0h00:04.383 2021/12/25T04:31:47z: 84:f3:eb:7d:7:a8
 0h00:04.385 2021/12/25T04:31:47z: SSID: MU Open
 0h00:04.390 2021/12/25T04:31:47z: AP_STAR tmr
 ets Jan  8 2013,rst cause:4, boot mode:(3,7)

wdt reset
load 0x4010f000, len 1384, room 16 
tail 8
chksum 0x2d
csum 0x2d
v8b899c12
~ld


6.01
 0h00:04.380 2021/12/25T04:51:47z: DS3231
 0h00:04.395 2021/12/25T04:51:47z: BME280 (0x76)
 0h00:04.410 2021/12/25T04:51:47z: 84:f3:eb:7d:7:a8
 0h00:04.411 2021/12/25T04:51:47z: SSID: MU Open
 0h00:04.416 2021/12/25T04:51:47z: AP_STAR tmr
 ets Jan  8 2013,rst cause:4, boot mode:(3,7)

wdt reset
load 0x4010f000, len 1384, room 16 
tail 8
chksum 0x2d
csum 0x2d
v8b899c12
~ld


6.01
 0h00:04.384 2021/12/25T05:11:48z: DS3231
 0h00:04.399 2021/12/25T05:11:48z: BME280 (0x76)
 0h00:04.414 2021/12/25T05:11:48z: 84:f3:eb:7d:7:a8
 0h00:04.415 2021/12/25T05:11:48z: SSID: MU Open
 0h00:04.420 2021/12/25T05:11:48z: AP_STAR tmr
 ets Jan  8 2013,rst cause:4, boot mode:(3,7)

wdt reset
load 0x4010f000, len 1384, room 16 
tail 8
chksum 0x2d
csum 0x2d
v8b899c12
~ld


6.01
 0h00:04.434 2021/12/25T05:31:48z: DS3231
 0h00:04.449 2021/12/25T05:31:48z: BME280 (0x76)
 0h00:04.464 2021/12/25T05:31:48z: 84:f3:eb:7d:7:a8
 0h00:04.465 2021/12/25T05:31:48z: SSID: MU Open
 0h00:04.470 2021/12/25T05:31:48z: AP_STAR tmr
 ets Jan  8 2013,rst cause:4, boot mode:(3,7)

wdt reset
load 0x4010f000, len 1384, room 16 
tail 8
chksum 0x2d
csum 0x2d
v8b899c12
~ld


6.01
 0h00:04.406 2021/12/25T05:51:48z: DS3231
 0h00:04.421 2021/12/25T05:51:48z: BME280 (0x76)
 0h00:04.435 2021/12/25T05:51:48z: 84:f3:eb:7d:7:a8
 0h00:04.437 2021/12/25T05:51:48z: SSID: MU Open
 0h00:04.442 2021/12/25T05:51:48z: AP_STAR tmr
 ets Jan  8 2013,rst cause:4, boot mode:(3,7)

wdt reset
load 0x4010f000, len 1384, room 16 
tail 8
chksum 0x2d
csum 0x2d
v8b899c12
~ld


6.01
 0h00:04.338 2021/12/25T06:11:49z: DS3231
 0h00:04.353 2021/12/25T06:11:49z: BME280 (0x76)
 0h00:04.368 2021/12/25T06:11:49z: 84:f3:eb:7d:7:a8
 0h00:04.369 2021/12/25T06:11:49z: SSID: MU Open
 0h00:04.374 2021/12/25T06:11:49z: AP_STAR tmr
 ets Jan  8 2013,rst cause:4, boot mode:(3,7)

wdt reset
load 0x4010f000, len 1384, room 16 
tail 8
chksum 0x2d
csum 0x2d
v8b899c12
~ld


6.01
 0h00:04.247 2021/12/25T06:31:49z: DS3231
 0h00:04.262 2021/12/25T06:31:49z: BME280 (0x76)
 0h00:04.276 2021/12/25T06:31:49z: 84:f3:eb:7d:7:a8
 0h00:04.278 2021/12/25T06:31:49z: SSID: MU Open
 0h00:04.283 2021/12/25T06:31:49z: AP_STAR tmr
 ets Jan  8 2013,rst cause:4, boot mode:(3,7)

wdt reset
load 0x4010f000, len 1384, room 16 
tail 8
chksum 0x2d
csum 0x2d
v8b899c12
~ld


6.01
 0h00:04.180 2021/12/25T06:51:49z: DS3231
 0h00:04.195 2021/12/25T06:51:49z: BME280 (0x76)
 0h00:04.210 2021/12/25T06:51:49z: 84:f3:eb:7d:7:a8
 0h00:04.211 2021/12/25T06:51:49z: SSID: MU Open
 0h00:04.216 2021/12/25T06:51:49z: AP_STAR tmr
 ets Jan  8 2013,rst cause:4, boot mode:(3,7)

wdt reset
load 0x4010f000, len 1384, room 16 
tail 8
chksum 0x2d
csum 0x2d
v8b899c12
~ld


6.01
 0h00:04.279 2021/12/25T07:11:49z: DS3231
 0h00:04.294 2021/12/25T07:11:49z: BME280 (0x76)
 0h00:04.309 2021/12/25T07:11:49z: 84:f3:eb:7d:7:a8
 0h00:04.310 2021/12/25T07:11:49z: SSID: MU Open
 0h00:04.315 2021/12/25T07:11:49z: AP_STAR tmr
 ets Jan  8 2013,rst cause:4, boot mode:(3,7)

wdt reset
load 0x4010f000, len 1384, room 16 
tail 8
chksum 0x2d
csum 0x2d
v8b899c12
~ld


6.01
 0h00:03.988 2021/12/25T07:31:48z: DS3231
 0h00:04.003 2021/12/25T07:31:48z: BME280 (0x76)
 0h00:04.017 2021/12/25T07:31:48z: 84:f3:eb:7d:7:a8
 0h00:04.019 2021/12/25T07:31:48z: SSID: MU Open
 0h00:04.024 2021/12/25T07:31:48z: AP_STAR tmr
 ets Jan  8 2013,rst cause:4, boot mode:(3,7)

wdt reset
load 0x4010f000, len 1384, room 16 
tail 8
chksum 0x2d
csum 0x2d
v8b899c12
~ld


6.01
 0h00:04.146 2021/12/25T07:51:49z: DS3231
 0h00:04.161 2021/12/25T07:51:49z: BME280 (0x76)
 0h00:04.175 2021/12/25T07:51:49z: 84:f3:eb:7d:7:a8
 0h00:04.177 2021/12/25T07:51:49z: SSID: MU Open
 0h00:04.182 2021/12/25T07:51:49z: AP_STAR tmr
 ets Jan  8 2013,rst cause:4, boot mode:(3,7)

wdt reset
load 0x4010f000, len 1384, room 16 
tail 8
chksum 0x2d
csum 0x2d
v8b899c12
~ld


6.01
 0h00:04.198 2021/12/25T08:11:49z: DS3231
 0h00:04.213 2021/12/25T08:11:49z: BME280 (0x76)
 0h00:04.227 2021/12/25T08:11:49z: 84:f3:eb:7d:7:a8
 0h00:04.229 2021/12/25T08:11:49z: SSID: MU Open
 0h00:04.234 2021/12/25T08:11:49z: AP_STAR tmr
 ets Jan  8 2013,rst cause:4, boot mode:(3,7)

wdt reset
load 0x4010f000, len 1384, room 16 
tail 8
chksum 0x2d
csum 0x2d
v8b899c12
~ld


6.01
 0h00:04.023 2021/12/25T08:31:48z: DS3231
 0h00:04.038 2021/12/25T08:31:48z: BME280 (0x76)
 0h00:04.053 2021/12/25T08:31:48z: 84:f3:eb:7d:7:a8
 0h00:04.054 2021/12/25T08:31:48z: SSID: MU Open
 0h00:04.059 2021/12/25T08:31:48z: AP_STAR tmr
 ets Jan  8 2013,rst cause:4, boot mode:(3,7)

wdt reset
load 0x4010f000, len 1384, room 16 
tail 8
chksum 0x2d
csum 0x2d
v8b899c12
~ld


6.01
 0h00:04.207 2021/12/25T08:51:47z: DS3231
 0h00:04.222 2021/12/25T08:51:47z: BME280 (0x76)
 0h00:04.237 2021/12/25T08:51:48z: 84:f3:eb:7d:7:a8
 0h00:04.238 2021/12/25T08:51:48z: SSID: MU Open
 0h00:04.243 2021/12/25T08:51:48z: AP_STAR tmr
 ets Jan  8 2013,rst cause:4, boot mode:(3,7)

wdt reset
load 0x4010f000, len 1384, room 16 
tail 8
chksum 0x2d
csum 0x2d
v8b899c12
~ld


6.01
 0h00:04.247 2021/12/25T09:11:47z: DS3231
 0h00:04.262 2021/12/25T09:11:47z: BME280 (0x76)
 0h00:04.276 2021/12/25T09:11:47z: 84:f3:eb:7d:7:a8
 0h00:04.278 2021/12/25T09:11:47z: SSID: MU Open
 0h00:04.283 2021/12/25T09:11:47z: AP_STAR tmr
 ets Jan  8 2013,rst cause:4, boot mode:(3,7)

wdt reset
load 0x4010f000, len 1384, room 16 
tail 8
chksum 0x2d
csum 0x2d
v8b899c12
~ld


6.01
 0h00:04.195 2021/12/25T09:31:47z: DS3231
 0h00:04.210 2021/12/25T09:31:47z: BME280 (0x76)
 0h00:04.224 2021/12/25T09:31:47z: 84:f3:eb:7d:7:a8
 0h00:04.226 2021/12/25T09:31:47z: SSID: MU Open
 0h00:04.231 2021/12/25T09:31:47z: AP_STAR tmr
 ets Jan  8 2013,rst cause:4, boot mode:(3,7)

wdt reset
load 0x4010f000, len 1384, room 16 
tail 8
chksum 0x2d
csum 0x2d
v8b899c12
~ld


6.01
 0h00:04.031 2021/12/25T09:51:46z: DS3231
 0h00:04.046 2021/12/25T09:51:46z: BME280 (0x76)
 0h00:04.060 2021/12/25T09:51:46z: 84:f3:eb:7d:7:a8
 0h00:04.062 2021/12/25T09:51:46z: SSID: MU Open
 0h00:04.067 2021/12/25T09:51:46z: AP_STAR tmr
 ets Jan  8 2013,rst cause:4, boot mode:(3,7)

wdt reset
load 0x4010f000, len 1384, room 16 
tail 8
chksum 0x2d
csum 0x2d
v8b899c12
~ld


6.01
 0h00:04.232 2021/12/25T10:11:46z: DS3231
 0h00:04.248 2021/12/25T10:11:46z: BME280 (0x76)
 0h00:04.262 2021/12/25T10:11:46z: 84:f3:eb:7d:7:a8
 0h00:04.263 2021/12/25T10:11:46z: SSID: MU Open
 0h00:04.269 2021/12/25T10:11:46z: AP_STAR tmr
 ets Jan  8 2013,rst cause:4, boot mode:(3,7)

wdt reset
load 0x4010f000, len 1384, room 16 
tail 8
chksum 0x2d
csum 0x2d
v8b899c12
~ld


6.01
 0h00:04.261 2021/12/25T10:31:45z: DS3231
 0h00:04.276 2021/12/25T10:31:45z: BME280 (0x76)
 0h00:04.290 2021/12/25T10:31:45z: 84:f3:eb:7d:7:a8
 0h00:04.292 2021/12/25T10:31:45z: SSID: MU Open
 0h00:04.297 2021/12/25T10:31:45z: AP_STAR tmr
 ets Jan  8 2013,rst cause:4, boot mode:(3,7)

wdt reset
load 0x4010f000, len 1384, room 16 
tail 8
chksum 0x2d
csum 0x2d
v8b899c12
~ld


6.01
 0h00:04.344 2021/12/25T10:51:45z: DS3231
 0h00:04.359 2021/12/25T10:51:45z: BME280 (0x76)
 0h00:04.373 2021/12/25T10:51:45z: 84:f3:eb:7d:7:a8
 0h00:04.375 2021/12/25T10:51:45z: SSID: MU Open
 0h00:04.380 2021/12/25T10:51:45z: AP_STAR tmr
 ets Jan  8 2013,rst cause:4, boot mode:(3,7)

wdt reset
load 0x4010f000, len 1384, room 16 
tail 8
chksum 0x2d
csum 0x2d
v8b899c12
~ld


6.01
 0h00:04.202 2021/12/25T11:11:44z: DS3231
 0h00:04.217 2021/12/25T11:11:44z: BME280 (0x76)
 0h00:04.231 2021/12/25T11:11:44z: 84:f3:eb:7d:7:a8
 0h00:04.233 2021/12/25T11:11:44z: SSID: MU Open
 0h00:04.238 2021/12/25T11:11:44z: AP_STAR tmr
 ets Jan  8 2013,rst cause:4, boot mode:(3,7)

wdt reset
load 0x4010f000, len 1384, room 16 
tail 8
chksum 0x2d
csum 0x2d
v8b899c12
~ld


6.01
 0h00:04.225 2021/12/25T11:31:44z: DS3231
 0h00:04.241 2021/12/25T11:31:44z: BME280 (0x76)
 0h00:04.255 2021/12/25T11:31:44z: 84:f3:eb:7d:7:a8
 0h00:04.257 2021/12/25T11:31:44z: SSID: MU Open
 0h00:04.262 2021/12/25T11:31:44z: AP_STAR tmr
 ets Jan  8 2013,rst cause:4, boot mode:(3,7)

wdt reset
load 0x4010f000, len 1384, room 16 
tail 8
chksum 0x2d
csum 0x2d
v8b899c12
~ld


6.01
 0h00:04.297 2021/12/25T11:51:44z: DS3231
 0h00:04.312 2021/12/25T11:51:44z: BME280 (0x76)
 0h00:04.326 2021/12/25T11:51:44z: 84:f3:eb:7d:7:a8
 0h00:04.328 2021/12/25T11:51:44z: SSID: MU Open
 0h00:04.333 2021/12/25T11:51:44z: AP_STAR tmr
 ets Jan  8 2013,rst cause:4, boot mode:(3,7)

wdt reset
load 0x4010f000, len 1384, room 16 
tail 8
chksum 0x2d
csum 0x2d
v8b899c12
~ld


6.01
 0h00:04.201 2021/12/25T12:11:44z: DS3231
 0h00:04.217 2021/12/25T12:11:44z: BME280 (0x76)
 0h00:04.231 2021/12/25T12:11:44z: 84:f3:eb:7d:7:a8
 0h00:04.233 2021/12/25T12:11:44z: SSID: MU Open
 0h00:04.238 2021/12/25T12:11:44z: AP_STAR tmr
 ets Jan  8 2013,rst cause:4, boot mode:(3,7)

wdt reset
load 0x4010f000, len 1384, room 16 
tail 8
chksum 0x2d
csum 0x2d
v8b899c12
~ld


6.01
 0h00:04.249 2021/12/25T12:31:44z: DS3231
 0h00:04.264 2021/12/25T12:31:44z: BME280 (0x76)
 0h00:04.279 2021/12/25T12:31:44z: 84:f3:eb:7d:7:a8
 0h00:04.280 2021/12/25T12:31:44z: SSID: MU Open
 0h00:04.286 2021/12/25T12:31:44z: AP_STAR tmr
 ets Jan  8 2013,rst cause:4, boot mode:(3,7)

wdt reset
load 0x4010f000, len 1384, room 16 
tail 8
chksum 0x2d
csum 0x2d
v8b899c12
~ld


6.01
 0h00:04.280 2021/12/25T12:51:43z: DS3231
 0h00:04.295 2021/12/25T12:51:43z: BME280 (0x76)
 0h00:04.309 2021/12/25T12:51:43z: 84:f3:eb:7d:7:a8
 0h00:04.311 2021/12/25T12:51:43z: SSID: MU Open
 0h00:04.316 2021/12/25T12:51:43z: AP_STAR tmr
 ets Jan  8 2013,rst cause:4, boot mode:(3,7)

wdt reset
load 0x4010f000, len 1384, room 16 
tail 8
chksum 0x2d
csum 0x2d
v8b899c12
~ld


6.01
 0h00:04.256 2021/12/25T13:11:43z: DS3231
 0h00:04.271 2021/12/25T13:11:43z: BME280 (0x76)
 0h00:04.285 2021/12/25T13:11:43z: 84:f3:eb:7d:7:a8
 0h00:04.287 2021/12/25T13:11:43z: SSID: MU Open
 0h00:04.292 2021/12/25T13:11:43z: AP_STAR tmr
 ets Jan  8 2013,rst cause:4, boot mode:(3,7)

wdt reset
load 0x4010f000, len 1384, room 16 
tail 8
chksum 0x2d
csum 0x2d
v8b899c12
~ld


6.01
 0h00:04.252 2021/12/25T13:31:43z: DS3231
 0h00:04.268 2021/12/25T13:31:43z: BME280 (0x76)
 0h00:04.282 2021/12/25T13:31:43z: 84:f3:eb:7d:7:a8
 0h00:04.284 2021/12/25T13:31:43z: SSID: MU Open
 0h00:04.289 2021/12/25T13:31:43z: AP_STAR tmr
 ets Jan  8 2013,rst cause:4, boot mode:(3,7)

wdt reset
load 0x4010f000, len 1384, room 16 
tail 8
chksum 0x2d
csum 0x2d
v8b899c12
~ld


6.01
 0h00:04.217 2021/12/25T13:51:42z: DS3231
 0h00:04.232 2021/12/25T13:51:42z: BME280 (0x76)
 0h00:04.247 2021/12/25T13:51:42z: 84:f3:eb:7d:7:a8
 0h00:04.248 2021/12/25T13:51:42z: SSID: MU Open
 0h00:04.253 2021/12/25T13:51:42z: AP_STAR tmr
 ets Jan  8 2013,rst cause:4, boot mode:(3,7)

wdt reset
load 0x4010f000, len 1384, room 16 
tail 8
chksum 0x2d
csum 0x2d
v8b899c12
~ld


6.01
 0h00:04.000 2021/12/25T14:11:42z: DS3231
 0h00:04.015 2021/12/25T14:11:42z: BME280 (0x76)
 0h00:04.030 2021/12/25T14:11:42z: 84:f3:eb:7d:7:a8
 0h00:04.031 2021/12/25T14:11:42z: SSID: MU Open
 0h00:04.036 2021/12/25T14:11:42z: AP_STAR tmr
 ets Jan  8 2013,rst cause:4, boot mode:(3,7)

wdt reset
load 0x4010f000, len 1384, room 16 
tail 8
chksum 0x2d
csum 0x2d
v8b899c12
~ld


6.01
 0h00:04.160 2021/12/25T14:31:41z: DS3231
 0h00:04.175 2021/12/25T14:31:41z: BME280 (0x76)
 0h00:04.189 2021/12/25T14:31:41z: 84:f3:eb:7d:7:a8
 0h00:04.191 2021/12/25T14:31:41z: SSID: MU Open
 0h00:04.196 2021/12/25T14:31:41z: AP_STAR tmr
 ets Jan  8 2013,rst cause:4, boot mode:(3,7)

wdt reset
load 0x4010f000, len 1384, room 16 
tail 8
chksum 0x2d
csum 0x2d
v8b899c12
~ld


6.01
 0h00:04.182 2021/12/25T14:51:41z: DS3231
 0h00:04.197 2021/12/25T14:51:41z: BME280 (0x76)
 0h00:04.211 2021/12/25T14:51:41z: 84:f3:eb:7d:7:a8
 0h00:04.213 2021/12/25T14:51:41z: SSID: MU Open
 0h00:04.218 2021/12/25T14:51:41z: AP_STAR tmr
 ets Jan  8 2013,rst cause:4, boot mode:(3,7)

wdt reset
load 0x4010f000, len 1384, room 16 
tail 8
chksum 0x2d
csum 0x2d
v8b899c12
~ld


6.01
 0h00:04.244 2021/12/25T15:11:40z: DS3231
 0h00:04.260 2021/12/25T15:11:40z: BME280 (0x76)
 0h00:04.274 2021/12/25T15:11:40z: 84:f3:eb:7d:7:a8
 0h00:04.276 2021/12/25T15:11:40z: SSID: MU Open
 0h00:04.281 2021/12/25T15:11:40z: AP_STAR tmr
 ets Jan  8 2013,rst cause:4, boot mode:(3,7)

wdt reset
load 0x4010f000, len 1384, room 16 
tail 8
chksum 0x2d
csum 0x2d
v8b899c12
~ld


6.01
 0h00:04.235 2021/12/25T15:31:39z: DS3231
 0h00:04.250 2021/12/25T15:31:39z: BME280 (0x76)
 0h00:04.264 2021/12/25T15:31:39z: 84:f3:eb:7d:7:a8
 0h00:04.266 2021/12/25T15:31:39z: SSID: MU Open
 0h00:04.271 2021/12/25T15:31:39z: AP_STAR tmr
 ets Jan  8 2013,rst cause:4, boot mode:(3,7)

wdt reset
load 0x4010f000, len 1384, room 16 
tail 8
chksum 0x2d
csum 0x2d
v8b899c12
~ld


6.01
 0h00:04.260 2021/12/25T15:51:38z: DS3231
 0h00:04.276 2021/12/25T15:51:38z: BME280 (0x76)
 0h00:04.290 2021/12/25T15:51:38z: 84:f3:eb:7d:7:a8
 0h00:04.292 2021/12/25T15:51:38z: SSID: MU Open
 0h00:04.297 2021/12/25T15:51:38z: AP_STAR tmr
 ets Jan  8 2013,rst cause:4, boot mode:(3,7)

wdt reset
load 0x4010f000, len 1384, room 16 
tail 8
chksum 0x2d
csum 0x2d
v8b899c12
~ld


6.01
 0h00:03.910 2021/12/25T16:11:38z: DS3231
 0h00:03.925 2021/12/25T16:11:38z: BME280 (0x76)
 0h00:03.940 2021/12/25T16:11:38z: 84:f3:eb:7d:7:a8
 0h00:03.941 2021/12/25T16:11:38z: SSID: MU Open
 0h00:03.946 2021/12/25T16:11:38z: AP_STAR tmr
 ets Jan  8 2013,rst cause:4, boot mode:(3,7)

wdt reset
load 0x4010f000, len 1384, room 16 
tail 8
chksum 0x2d
csum 0x2d
v8b899c12
~ld


6.01
 0h00:04.220 2021/12/25T16:31:38z: DS3231
 0h00:04.235 2021/12/25T16:31:38z: BME280 (0x76)
 0h00:04.249 2021/12/25T16:31:38z: 84:f3:eb:7d:7:a8
 0h00:04.251 2021/12/25T16:31:38z: SSID: MU Open
 0h00:04.256 2021/12/25T16:31:38z: AP_STAR tmr
 ets Jan  8 2013,rst cause:4, boot mode:(3,7)

wdt reset
load 0x4010f000, len 1384, room 16 
tail 8
chksum 0x2d
csum 0x2d
v8b899c12
~ld


6.01
 0h00:04.305 2021/12/25T16:51:38z: DS3231
 0h00:04.321 2021/12/25T16:51:38z: BME280 (0x76)
 0h00:04.335 2021/12/25T16:51:38z: 84:f3:eb:7d:7:a8
 0h00:04.336 2021/12/25T16:51:38z: SSID: MU Open
 0h00:04.342 2021/12/25T16:51:38z: AP_STAR tmr
 ets Jan  8 2013,rst cause:4, boot mode:(3,7)

wdt reset
load 0x4010f000, len 1384, room 16 
tail 8
chksum 0x2d
csum 0x2d
v8b899c12
~ld


6.01
 0h00:04.285 2021/12/25T17:11:38z: DS3231
 0h00:04.300 2021/12/25T17:11:38z: BME280 (0x76)
 0h00:04.314 2021/12/25T17:11:38z: 84:f3:eb:7d:7:a8
 0h00:04.316 2021/12/25T17:11:38z: SSID: MU Open
 0h00:04.321 2021/12/25T17:11:38z: AP_STAR tmr
 ets Jan  8 2013,rst cause:4, boot mode:(3,7)

wdt reset
load 0x4010f000, len 1384, room 16 
tail 8
chksum 0x2d
csum 0x2d
v8b899c12
~ld


6.01
 0h00:04.246 2021/12/25T17:31:38z: DS3231
 0h00:04.261 2021/12/25T17:31:38z: BME280 (0x76)
 0h00:04.276 2021/12/25T17:31:38z: 84:f3:eb:7d:7:a8
 0h00:04.277 2021/12/25T17:31:38z: SSID: MU Open
 0h00:04.282 2021/12/25T17:31:38z: AP_STAR tmr
 ets Jan  8 2013,rst cause:4, boot mode:(3,7)

wdt reset
load 0x4010f000, len 1384, room 16 
tail 8
chksum 0x2d
csum 0x2d
v8b899c12
~ld


6.01
 0h00:04.285 2021/12/25T17:51:37z: DS3231
 0h00:04.301 2021/12/25T17:51:37z: BME280 (0x76)
 0h00:04.315 2021/12/25T17:51:37z: 84:f3:eb:7d:7:a8
 0h00:04.317 2021/12/25T17:51:37z: SSID: MU Open
 0h00:04.322 2021/12/25T17:51:37z: AP_STAR tmr
 ets Jan  8 2013,rst cause:4, boot mode:(3,7)

wdt reset
load 0x4010f000, len 1384, room 16 
tail 8
chksum 0x2d
csum 0x2d
v8b899c12
~ld


6.01
 0h00:04.143 2021/12/25T18:11:37z: DS3231
 0h00:04.158 2021/12/25T18:11:37z: BME280 (0x76)
 0h00:04.172 2021/12/25T18:11:37z: 84:f3:eb:7d:7:a8
 0h00:04.174 2021/12/25T18:11:37z: SSID: MU Open
 0h00:04.179 2021/12/25T18:11:37z: AP_STAR tmr
 ets Jan  8 2013,rst cause:4, boot mode:(3,7)

wdt reset
load 0x4010f000, len 1384, room 16 
tail 8
chksum 0x2d
csum 0x2d
v8b899c12
~ld


6.01
 0h00:03.952 2021/12/25T18:31:37z: DS3231
 0h00:03.967 2021/12/25T18:31:37z: BME280 (0x76)
 0h00:03.982 2021/12/25T18:31:37z: 84:f3:eb:7d:7:a8
 0h00:03.983 2021/12/25T18:31:37z: SSID: MU Open
 0h00:03.988 2021/12/25T18:31:37z: AP_STAR tmr
 ets Jan  8 2013,rst cause:4, boot mode:(3,7)

wdt reset
load 0x4010f000, len 1384, room 16 
tail 8
chksum 0x2d
csum 0x2d
v8b899c12
~ld


6.01
 0h00:04.107 2021/12/25T18:51:37z: DS3231
 0h00:04.122 2021/12/25T18:51:37z: BME280 (0x76)
 0h00:04.136 2021/12/25T18:51:37z: 84:f3:eb:7d:7:a8
 0h00:04.138 2021/12/25T18:51:37z: SSID: MU Open
 0h00:04.143 2021/12/25T18:51:37z: AP_STAR tmr
 ets Jan  8 2013,rst cause:4, boot mode:(3,7)

wdt reset
load 0x4010f000, len 1384, room 16 
tail 8
chksum 0x2d
csum 0x2d
v8b899c12
~ld


6.01
 0h00:04.087 2021/12/25T19:11:36z: DS3231
 0h00:04.102 2021/12/25T19:11:36z: BME280 (0x76)
 0h00:04.117 2021/12/25T19:11:36z: 84:f3:eb:7d:7:a8
 0h00:04.118 2021/12/25T19:11:36z: SSID: MU Open
 0h00:04.124 2021/12/25T19:11:36z: AP_STAR tmr
 ets Jan  8 2013,rst cause:4, boot mode:(3,7)

wdt reset
load 0x4010f000, len 1384, room 16 
tail 8
chksum 0x2d
csum 0x2d
v8b899c12
~ld


6.01
 0h00:04.115 2021/12/25T19:31:36z: DS3231
 0h00:04.131 2021/12/25T19:31:36z: BME280 (0x76)
 0h00:04.145 2021/12/25T19:31:36z: 84:f3:eb:7d:7:a8
 0h00:04.147 2021/12/25T19:31:36z: SSID: MU Open
 0h00:04.152 2021/12/25T19:31:36z: AP_STAR tmr
 ets Jan  8 2013,rst cause:4, boot mode:(3,7)

wdt reset
load 0x4010f000, len 1384, room 16 
tail 8
chksum 0x2d
csum 0x2d
v8b899c12
~ld


6.01
 0h00:03.925 2021/12/25T19:51:34z: DS3231
 0h00:03.940 2021/12/25T19:51:34z: BME280 (0x76)
 0h00:03.955 2021/12/25T19:51:34z: 84:f3:eb:7d:7:a8
 0h00:03.956 2021/12/25T19:51:34z: SSID: MU Open
 0h00:03.962 2021/12/25T19:51:34z: AP_STAR tmr
 ets Jan  8 2013,rst cause:4, boot mode:(3,7)

wdt reset
load 0x4010f000, len 1384, room 16 
tail 8
chksum 0x2d
csum 0x2d
v8b899c12
~ld


6.01
 0h00:04.042 2021/12/25T20:11:35z: DS3231
 0h00:04.058 2021/12/25T20:11:35z: BME280 (0x76)
 0h00:04.072 2021/12/25T20:11:35z: 84:f3:eb:7d:7:a8
 0h00:04.074 2021/12/25T20:11:35z: SSID: MU Open
 0h00:04.079 2021/12/25T20:11:35z: AP_STAR tmr
 ets Jan  8 2013,rst cause:4, boot mode:(3,7)

wdt reset
load 0x4010f000, len 1384, room 16 
tail 8
chksum 0x2d
csum 0x2d
v8b899c12
~ld


6.01
 0h00:03.985 2021/12/25T20:31:33z: DS3231
 0h00:04.000 2021/12/25T20:31:33z: BME280 (0x76)
 0h00:04.014 2021/12/25T20:31:33z: 84:f3:eb:7d:7:a8
 0h00:04.016 2021/12/25T20:31:33z: SSID: MU Open
 0h00:04.021 2021/12/25T20:31:33z: AP_STAR tmr
 ets Jan  8 2013,rst cause:4, boot mode:(3,7)

wdt reset
load 0x4010f000, len 1384, room 16 
tail 8
chksum 0x2d
csum 0x2d
v8b899c12
~ld


6.01
 0h00:03.883 2021/12/25T20:51:32z: DS3231
 0h00:03.898 2021/12/25T20:51:32z: BME280 (0x76)
 0h00:03.912 2021/12/25T20:51:32z: 84:f3:eb:7d:7:a8
 0h00:03.914 2021/12/25T20:51:32z: SSID: MU Open
 0h00:03.919 2021/12/25T20:51:32z: AP_STAR tmr
 ets Jan  8 2013,rst cause:4, boot mode:(3,7)

wdt reset
load 0x4010f000, len 1384, room 16 
tail 8
chksum 0x2d
csum 0x2d
v8b899c12
~ld


6.01
 0h00:04.115 2021/12/25T21:11:32z: DS3231
 0h00:04.130 2021/12/25T21:11:32z: BME280 (0x76)
 0h00:04.144 2021/12/25T21:11:32z: 84:f3:eb:7d:7:a8
 0h00:04.146 2021/12/25T21:11:32z: SSID: MU Open
 0h00:04.151 2021/12/25T21:11:32z: AP_STAR tmr
 ets Jan  8 2013,rst cause:4, boot mode:(3,7)

wdt reset
load 0x4010f000, len 1384, room 16 
tail 8
chksum 0x2d
csum 0x2d
v8b899c12
~ld


6.01
 0h00:04.116 2021/12/25T21:31:31z: DS3231
 0h00:04.132 2021/12/25T21:31:31z: BME280 (0x76)
 0h00:04.146 2021/12/25T21:31:31z: 84:f3:eb:7d:7:a8
 0h00:04.148 2021/12/25T21:31:31z: SSID: MU Open
 0h00:04.153 2021/12/25T21:31:31z: AP_STAR tmr
 ets Jan  8 2013,rst cause:4, boot mode:(3,7)

wdt reset
load 0x4010f000, len 1384, room 16 
tail 8
chksum 0x2d
csum 0x2d
v8b899c12
~ld


6.01
 0h00:04.237 2021/12/25T21:51:31z: DS3231
 0h00:04.252 2021/12/25T21:51:31z: BME280 (0x76)
 0h00:04.266 2021/12/25T21:51:31z: 84:f3:eb:7d:7:a8
 0h00:04.268 2021/12/25T21:51:31z: SSID: MU Open
 0h00:04.273 2021/12/25T21:51:31z: AP_STAR tmr
 ets Jan  8 2013,rst cause:4, boot mode:(3,7)

wdt reset
load 0x4010f000, len 1384, room 16 
tail 8
chksum 0x2d
csum 0x2d
v8b899c12
~ld


6.01
 0h00:04.232 2021/12/25T22:11:30z: DS3231
 0h00:04.247 2021/12/25T22:11:30z: BME280 (0x76)
 0h00:04.261 2021/12/25T22:11:30z: 84:f3:eb:7d:7:a8
 0h00:04.263 2021/12/25T22:11:30z: SSID: MU Open
 0h00:04.268 2021/12/25T22:11:30z: AP_STAR tmr
 ets Jan  8 2013,rst cause:4, boot mode:(3,7)

wdt reset
load 0x4010f000, len 1384, room 16 
tail 8
chksum 0x2d
csum 0x2d
v8b899c12
~ld


6.01
 0h00:04.087 2021/12/25T22:31:29z: DS3231
 0h00:04.102 2021/12/25T22:31:29z: BME280 (0x76)
 0h00:04.116 2021/12/25T22:31:29z: 84:f3:eb:7d:7:a8
 0h00:04.118 2021/12/25T22:31:29z: SSID: MU Open
 0h00:04.123 2021/12/25T22:31:29z: AP_STAR tmr
 ets Jan  8 2013,rst cause:4, boot mode:(3,7)

wdt reset
load 0x4010f000, len 1384, room 16 
tail 8
chksum 0x2d
csum 0x2d
v8b899c12
~ld


6.01
 0h00:04.275 2021/12/25T22:51:29z: DS3231
 0h00:04.290 2021/12/25T22:51:29z: BME280 (0x76)
 0h00:04.304 2021/12/25T22:51:29z: 84:f3:eb:7d:7:a8
 0h00:04.306 2021/12/25T22:51:29z: SSID: MU Open
 0h00:04.311 2021/12/25T22:51:29z: AP_STAR tmr
 ets Jan  8 2013,rst cause:4, boot mode:(3,7)

wdt reset
load 0x4010f000, len 1384, room 16 
tail 8
chksum 0x2d
csum 0x2d
v8b899c12
~ld


6.01
 0h00:04.239 2021/12/25T23:11:28z: DS3231
 0h00:04.254 2021/12/25T23:11:28z: BME280 (0x76)
 0h00:04.268 2021/12/25T23:11:28z: 84:f3:eb:7d:7:a8
 0h00:04.270 2021/12/25T23:11:28z: SSID: MU Open
 0h00:04.275 2021/12/25T23:11:28z: AP_STAR tmr
 ets Jan  8 2013,rst cause:4, boot mode:(3,7)

wdt reset
load 0x4010f000, len 1384, room 16 
tail 8
chksum 0x2d
csum 0x2d
v8b899c12
~ld


6.01
 0h00:04.297 2021/12/25T23:31:28z: DS3231
 0h00:04.312 2021/12/25T23:31:28z: BME280 (0x76)
 0h00:04.326 2021/12/25T23:31:28z: 84:f3:eb:7d:7:a8
 0h00:04.328 2021/12/25T23:31:28z: SSID: MU Open
 0h00:04.333 2021/12/25T23:31:28z: AP_STAR tmr
 ets Jan  8 2013,rst cause:4, boot mode:(3,7)

wdt reset
load 0x4010f000, len 1384, room 16 
tail 8
chksum 0x2d
csum 0x2d
v8b899c12
~ld


6.01
 0h00:04.369 2021/12/25T23:51:28z: DS3231
 0h00:04.385 2021/12/25T23:51:28z: BME280 (0x76)
 0h00:04.399 2021/12/25T23:51:28z: 84:f3:eb:7d:7:a8
 0h00:04.401 2021/12/25T23:51:28z: SSID: MU Open
 0h00:04.406 2021/12/25T23:51:28z: AP_STA