R tmr
 ets Jan  8 2013,rst cause:4, boot mode:(3,7)

wdt reset
load 0x4010f000, len 1384, room 16 
tail 8
chksum 0x2d
csum 0x2d
v8b899c12
~ld


6.01
 0h00:04.020 2021/11/06T00:03:05z: DS3231
 0h00:04.035 2021/11/06T00:03:05z: BME280 (0x76)
 0h00:04.050 2021/11/06T00:03:05z: 84:f3:eb:7d:7:a8
 0h00:04.051 2021/11/06T00:03:05z: SSID: MU Open
 0h00:04.056 2021/11/06T00:03:05z: AP_STAR tmr
 ets Jan  8 2013,rst cause:4, boot mode:(3,7)

wdt reset
load 0x4010f000, len 1384, room 16 
tail 8
chksum 0x2d
csum 0x2d
v8b899c12
~ld


6.01
 0h00:04.011 2021/11/06T00:23:04z: DS3231
 0h00:04.026 2021/11/06T00:23:04z: BME280 (0x76)
 0h00:04.041 2021/11/06T00:23:04z: 84:f3:eb:7d:7:a8
 0h00:04.042 2021/11/06T00:23:04z: SSID: MU Open
 0h00:04.047 2021/11/06T00:23:04z: AP_STAR tmr
 ets Jan  8 2013,rst cause:4, boot mode:(3,7)

wdt reset
load 0x4010f000, len 1384, room 16 
tail 8
chksum 0x2d
csum 0x2d
v8b899c12
~ld


6.01
 0h00:03.773 2021/11/06T00:43:03z: DS3231
 0h00:03.788 2021/11/06T00:43:03z: BME280 (0x76)
 0h00:03.802 2021/11/06T00:43:03z: 84:f3:eb:7d:7:a8
 0h00:03.804 2021/11/06T00:43:03z: SSID: MU Open
 0h00:03.809 2021/11/06T00:43:03z: AP_STAR tmr
 ets Jan  8 2013,rst cause:4, boot mode:(3,7)

wdt reset
load 0x4010f000, len 1384, room 16 
tail 8
chksum 0x2d
csum 0x2d
v8b899c12
~ld


6.01
 0h00:03.716 2021/11/06T01:03:01z: DS3231
 0h00:03.732 2021/11/06T01:03:01z: BME280 (0x76)
 0h00:03.746 2021/11/06T01:03:01z: 84:f3:eb:7d:7:a8
 0h00:03.748 2021/11/06T01:03:01z: SSID: MU Open
 0h00:03.753 2021/11/06T01:03:01z: AP_STAR tmr
 ets Jan  8 2013,rst cause:4, boot mode:(3,7)

wdt reset
load 0x4010f000, len 1384, room 16 
tail 8
chksum 0x2d
csum 0x2d
v8b899c12
~ld


6.01
 0h00:03.920 2021/11/06T01:22:59z: DS3231
 0h00:03.936 2021/11/06T01:22:59z: BME280 (0x76)
 0h00:03.950 2021/11/06T01:22:59z: 84:f3:eb:7d:7:a8
 0h00:03.951 2021/11/06T01:22:59z: SSID: MU Open
 0h00:03.957 2021/11/06T01:22:59z: AP_STAR tmr
 ets Jan  8 2013,rst cause:4, boot mode:(3,7)

wdt reset
load 0x4010f000, len 1384, room 16 
tail 8
chksum 0x2d
csum 0x2d
v8b899c12
~ld


6.01
 0h00:03.779 2021/11/06T01:42:58z: DS3231
 0h00:03.794 2021/11/06T01:42:58z: BME280 (0x76)
 0h00:03.808 2021/11/06T01:42:58z: 84:f3:eb:7d:7:a8
 0h00:03.810 2021/11/06T01:42:58z: SSID: MU Open
 0h00:03.815 2021/11/06T01:42:58z: AP_STAR tmr
 ets Jan  8 2013,rst cause:4, boot mode:(3,7)

wdt reset
load 0x4010f000, len 1384, room 16 
tail 8
chksum 0x2d
csum 0x2d
v8b899c12
~ld


6.01
 0h00:03.816 2021/11/06T02:02:57z: DS3231
 0h00:03.832 2021/11/06T02:02:57z: BME280 (0x76)
 0h00:03.846 2021/11/06T02:02:57z: 84:f3:eb:7d:7:a8
 0h00:03.848 2021/11/06T02:02:57z: SSID: MU Open
 0h00:03.853 2021/11/06T02:02:57z: AP_STAR tmr
 ets Jan  8 2013,rst cause:4, boot mode:(3,7)

wdt reset
load 0x4010f000, len 1384, room 16 
tail 8
chksum 0x2d
csum 0x2d
v8b899c12
~ld


6.01
 0h00:03.962 2021/11/06T02:22:56z: DS3231
 0h00:03.977 2021/11/06T02:22:56z: BME280 (0x76)
 0h00:03.991 2021/11/06T02:22:56z: 84:f3:eb:7d:7:a8
 0h00:03.993 2021/11/06T02:22:56z: SSID: MU Open
 0h00:03.998 2021/11/06T02:22:56z: AP_STAR tmr
 ets Jan  8 2013,rst cause:4, boot mode:(3,7)

wdt reset
load 0x4010f000, len 1384, room 16 
tail 8
chksum 0x2d
csum 0x2d
v8b899c12
~ld


6.01
 0h00:03.930 2021/11/06T02:42:54z: DS3231
 0h00:03.946 2021/11/06T02:42:54z: BME280 (0x76)
 0h00:03.960 2021/11/06T02:42:54z: 84:f3:eb:7d:7:a8
 0h00:03.962 2021/11/06T02:42:54z: SSID: MU Open
 0h00:03.967 2021/11/06T02:42:54z: AP_STAR tmr
 ets Jan  8 2013,rst cause:4, boot mode:(3,7)

wdt reset
load 0x4010f000, len 1384, room 16 
tail 8
chksum 0x2d
csum 0x2d
v8b899c12
~ld


6.01
 0h00:03.744 2021/11/06T03:02:53z: DS3231
 0h00:03.759 2021/11/06T03:02:53z: BME280 (0x76)
 0h00:03.773 2021/11/06T03:02:53z: 84:f3:eb:7d:7:a8
 0h00:03.775 2021/11/06T03:02:53z: SSID: MU Open
 0h00:03.780 2021/11/06T03:02:53z: AP_STAR tmr
 ets Jan  8 2013,rst cause:4, boot mode:(3,7)

wdt reset
load 0x4010f000, len 1384, room 16 
tail 8
chksum 0x2d
csum 0x2d
v8b899c12
~ld


6.01
 0h00:03.922 2021/11/06T03:22:52z: DS3231
 0h00:03.937 2021/11/06T03:22:52z: BME280 (0x76)
 0h00:03.951 2021/11/06T03:22:52z: 84:f3:eb:7d:7:a8
 0h00:03.953 2021/11/06T03:22:52z: SSID: MU Open
 0h00:03.958 2021/11/06T03:22:52z: AP_STAR tmr
 ets Jan  8 2013,rst cause:4, boot mode:(3,7)

wdt reset
load 0x4010f000, len 1384, room 16 
tail 8
chksum 0x2d
csum 0x2d
v8b899c12
~ld


6.01
 0h00:03.942 2021/11/06T03:42:50z: DS3231
 0h00:03.957 2021/11/06T03:42:50z: BME280 (0x76)
 0h00:03.971 2021/11/06T03:42:50z: 84:f3:eb:7d:7:a8
 0h00:03.973 2021/11/06T03:42:50z: SSID: MU Open
 0h00:03.978 2021/11/06T03:42:50z: AP_STAR tmr
 ets Jan  8 2013,rst cause:4, boot mode:(3,7)

wdt reset
load 0x4010f000, len 1384, room 16 
tail 8
chksum 0x2d
csum 0x2d
v8b899c12
~ld


6.01
 0h00:03.895 2021/11/06T04:02:49z: DS3231
 0h00:03.910 2021/11/06T04:02:49z: BME280 (0x76)
 0h00:03.924 2021/11/06T04:02:49z: 84:f3:eb:7d:7:a8
 0h00:03.926 2021/11/06T04:02:49z: SSID: MU Open
 0h00:03.931 2021/11/06T04:02:49z: AP_STAR tmr
 ets Jan  8 2013,rst cause:4, boot mode:(3,7)

wdt reset
load 0x4010f000, len 1384, room 16 
tail 8
chksum 0x2d
csum 0x2d
v8b899c12
~ld


6.01
 0h00:03.728 2021/11/06T04:22:47z: DS3231
 0h00:03.743 2021/11/06T04:22:47z: BME280 (0x76)
 0h00:03.757 2021/11/06T04:22:48z: 84:f3:eb:7d:7:a8
 0h00:03.759 2021/11/06T04:22:48z: SSID: MU Open
 0h00:03.764 2021/11/06T04:22:48z: AP_STAR tmr
 ets Jan  8 2013,rst cause:4, boot mode:(3,7)

wdt reset
load 0x4010f000, len 1384, room 16 
tail 8
chksum 0x2d
csum 0x2d
v8b899c12
~ld


6.01
 0h00:03.753 2021/11/06T04:42:45z: DS3231
 0h00:03.768 2021/11/06T04:42:45z: BME280 (0x76)
 0h00:03.782 2021/11/06T04:42:45z: 84:f3:eb:7d:7:a8
 0h00:03.784 2021/11/06T04:42:45z: SSID: MU Open
 0h00:03.789 2021/11/06T04:42:45z: AP_STAR tmr
 ets Jan  8 2013,rst cause:4, boot mode:(3,7)

wdt reset
load 0x4010f000, len 1384, room 16 
tail 8
chksum 0x2d
csum 0x2d
v8b899c12
~ld


6.01
 0h00:03.834 2021/11/06T05:02:44z: DS3231
 0h00:03.850 2021/11/06T05:02:44z: BME280 (0x76)
 0h00:03.864 2021/11/06T05:02:44z: 84:f3:eb:7d:7:a8
 0h00:03.865 2021/11/06T05:02:44z: SSID: MU Open
 0h00:03.871 2021/11/06T05:02:44z: AP_STAR tmr
 ets Jan  8 2013,rst cause:4, boot mode:(3,7)

wdt reset
load 0x4010f000, len 1384, room 16 
tail 8
chksum 0x2d
csum 0x2d
v8b899c12
~ld


6.01
 0h00:03.972 2021/11/06T05:22:43z: DS3231
 0h00:03.987 2021/11/06T05:22:43z: BME280 (0x76)
 0h00:04.001 2021/11/06T05:22:43z: 84:f3:eb:7d:7:a8
 0h00:04.003 2021/11/06T05:22:43z: SSID: MU Open
 0h00:04.008 2021/11/06T05:22:43z: AP_STAR tmr
 ets Jan  8 2013,rst cause:4, boot mode:(3,7)

wdt reset
load 0x4010f000, len 1384, room 16 
tail 8
chksum 0x2d
csum 0x2d
v8b899c12
~ld


6.01
 0h00:03.891 2021/11/06T05:42:43z: DS3231
 0h00:03.907 2021/11/06T05:42:43z: BME280 (0x76)
 0h00:03.921 2021/11/06T05:42:43z: 84:f3:eb:7d:7:a8
 0h00:03.923 2021/11/06T05:42:43z: SSID: MU Open
 0h00:03.928 2021/11/06T05:42:43z: AP_STAR tmr
 ets Jan  8 2013,rst cause:4, boot mode:(3,7)

wdt reset
load 0x4010f000, len 1384, room 16 
tail 8
chksum 0x2d
csum 0x2d
v8b899c12
~ld


6.01
 0h00:03.882 2021/11/06T06:02:41z: DS3231
 0h00:03.898 2021/11/06T06:02:41z: BME280 (0x76)
 0h00:03.912 2021/11/06T06:02:41z: 84:f3:eb:7d:7:a8
 0h00:03.913 2021/11/06T06:02:41z: SSID: MU Open
 0h00:03.919 2021/11/06T06:02:41z: AP_STAR tmr
 ets Jan  8 2013,rst cause:4, boot mode:(3,7)

wdt reset
load 0x4010f000, len 1384, room 16 
tail 8
chksum 0x2d
csum 0x2d
v8b899c12
~ld


6.01
 0h00:03.773 2021/11/06T06:22:39z: DS3231
 0h00:03.788 2021/11/06T06:22:39z: BME280 (0x76)
 0h00:03.803 2021/11/06T06:22:39z: 84:f3:eb:7d:7:a8
 0h00:03.804 2021/11/06T06:22:39z: SSID: MU Open
 0h00:03.810 2021/11/06T06:22:39z: AP_STAR tmr
 ets Jan  8 2013,rst cause:4, boot mode:(3,7)

wdt reset
load 0x4010f000, len 1384, room 16 
tail 8
chksum 0x2d
csum 0x2d
v8b899c12
~ld


6.01
 0h00:03.921 2021/11/06T06:42:38z: DS3231
 0h00:03.936 2021/11/06T06:42:38z: BME280 (0x76)
 0h00:03.950 2021/11/06T06:42:38z: 84:f3:eb:7d:7:a8
 0h00:03.952 2021/11/06T06:42:38z: SSID: MU Open
 0h00:03.957 2021/11/06T06:42:38z: AP_STAR tmr
 ets Jan  8 2013,rst cause:4, boot mode:(3,7)

wdt reset
load 0x4010f000, len 1384, room 16 
tail 8
chksum 0x2d
csum 0x2d
v8b899c12
~ld


6.01
 0h00:03.880 2021/11/06T07:02:35z: DS3231
 0h00:03.895 2021/11/06T07:02:35z: BME280 (0x76)
 0h00:03.909 2021/11/06T07:02:35z: 84:f3:eb:7d:7:a8
 0h00:03.911 2021/11/06T07:02:35z: SSID: MU Open
 0h00:03.916 2021/11/06T07:02:35z: AP_STAR tmr
 ets Jan  8 2013,rst cause:4, boot mode:(3,7)

wdt reset
load 0x4010f000, len 1384, room 16 
tail 8
chksum 0x2d
csum 0x2d
v8b899c12
~ld


6.01
 0h00:03.944 2021/11/06T07:22:34z: DS3231
 0h00:03.959 2021/11/06T07:22:34z: BME280 (0x76)
 0h00:03.974 2021/11/06T07:22:34z: 84:f3:eb:7d:7:a8
 0h00:03.975 2021/11/06T07:22:34z: SSID: MU Open
 0h00:03.980 2021/11/06T07:22:34z: AP_STAR tmr
 ets Jan  8 2013,rst cause:4, boot mode:(3,7)

wdt reset
load 0x4010f000, len 1384, room 16 
tail 8
chksum 0x2d
csum 0x2d
v8b899c12
~ld


6.01
 0h00:03.855 2021/11/06T07:42:33z: DS3231
 0h00:03.870 2021/11/06T07:42:33z: BME280 (0x76)
 0h00:03.885 2021/11/06T07:42:33z: 84:f3:eb:7d:7:a8
 0h00:03.886 2021/11/06T07:42:33z: SSID: MU Open
 0h00:03.891 2021/11/06T07:42:33z: AP_STAR tmr
 ets Jan  8 2013,rst cause:4, boot mode:(3,7)

wdt reset
load 0x4010f000, len 1384, room 16 
tail 8
chksum 0x2d
csum 0x2d
v8b899c12
~ld


6.01
 0h00:03.806 2021/11/06T08:02:31z: DS3231
 0h00:03.821 2021/11/06T08:02:31z: BME280 (0x76)
 0h00:03.835 2021/11/06T08:02:31z: 84:f3:eb:7d:7:a8
 0h00:03.837 2021/11/06T08:02:31z: SSID: MU Open
 0h00:03.842 2021/11/06T08:02:31z: AP_STAR tmr
 ets Jan  8 2013,rst cause:4, boot mode:(3,7)

wdt reset
load 0x4010f000, len 1384, room 16 
tail 8
chksum 0x2d
csum 0x2d
v8b899c12
~ld


6.01
 0h00:03.810 2021/11/06T08:22:30z: DS3231
 0h00:03.825 2021/11/06T08:22:30z: BME280 (0x76)
 0h00:03.839 2021/11/06T08:22:30z: 84:f3:eb:7d:7:a8
 0h00:03.841 2021/11/06T08:22:30z: SSID: MU Open
 0h00:03.846 2021/11/06T08:22:30z: AP_STAR tmr
 ets Jan  8 2013,rst cause:4, boot mode:(3,7)

wdt reset
load 0x4010f000, len 1384, room 16 
tail 8
chksum 0x2d
csum 0x2d
v8b899c12
~ld


6.01
 0h00:03.821 2021/11/06T08:42:28z: DS3231
 0h00:03.836 2021/11/06T08:42:28z: BME280 (0x76)
 0h00:03.850 2021/11/06T08:42:28z: 84:f3:eb:7d:7:a8
 0h00:03.852 2021/11/06T08:42:28z: SSID: MU Open
 0h00:03.857 2021/11/06T08:42:28z: AP_STAR tmr
 ets Jan  8 2013,rst cause:4, boot mode:(3,7)

wdt reset
load 0x4010f000, len 1384, room 16 
tail 8
chksum 0x2d
csum 0x2d
v8b899c12
~ld


6.01
 0h00:03.962 2021/11/06T09:02:26z: DS3231
 0h00:03.977 2021/11/06T09:02:26z: BME280 (0x76)
 0h00:03.991 2021/11/06T09:02:26z: 84:f3:eb:7d:7:a8
 0h00:03.993 2021/11/06T09:02:26z: SSID: MU Open
 0h00:03.998 2021/11/06T09:02:26z: AP_STAR tmr
 ets Jan  8 2013,rst cause:4, boot mode:(3,7)

wdt reset
load 0x4010f000, len 1384, room 16 
tail 8
chksum 0x2d
csum 0x2d
v8b899c12
~ld


6.01
 0h00:03.999 2021/11/06T09:22:25z: DS3231
 0h00:04.014 2021/11/06T09:22:25z: BME280 (0x76)
 0h00:04.028 2021/11/06T09:22:25z: 84:f3:eb:7d:7:a8
 0h00:04.030 2021/11/06T09:22:25z: SSID: MU Open
 0h00:04.035 2021/11/06T09:22:25z: AP_STAR tmr
 ets Jan  8 2013,rst cause:4, boot mode:(3,7)

wdt reset
load 0x4010f000, len 1384, room 16 
tail 8
chksum 0x2d
csum 0x2d
v8b899c12
~ld


6.01
 0h00:04.003 2021/11/06T09:42:23z: DS3231
 0h00:04.018 2021/11/06T09:42:23z: BME280 (0x76)
 0h00:04.032 2021/11/06T09:42:24z: 84:f3:eb:7d:7:a8
 0h00:04.034 2021/11/06T09:42:24z: SSID: MU Open
 0h00:04.039 2021/11/06T09:42:24z: AP_STAR tmr
 ets Jan  8 2013,rst cause:4, boot mode:(3,7)

wdt reset
load 0x4010f000, len 1384, room 16 
tail 8
chksum 0x2d
csum 0x2d
v8b899c12
~ld


6.01
 0h00:03.983 2021/11/06T10:02:23z: DS3231
 0h00:03.998 2021/11/06T10:02:23z: BME280 (0x76)
 0h00:04.013 2021/11/06T10:02:23z: 84:f3:eb:7d:7:a8
 0h00:04.014 2021/11/06T10:02:23z: SSID: MU Open
 0h00:04.019 2021/11/06T10:02:23z: AP_STAR tmr
 ets Jan  8 2013,rst cause:4, boot mode:(3,7)

wdt reset
load 0x4010f000, len 1384, room 16 
tail 8
chksum 0x2d
csum 0x2d
v8b899c12
~ld


6.01
 0h00:03.707 2021/11/06T10:22:22z: DS3231
 0h00:03.722 2021/11/06T10:22:22z: BME280 (0x76)
 0h00:03.736 2021/11/06T10:22:22z: 84:f3:eb:7d:7:a8
 0h00:03.738 2021/11/06T10:22:22z: SSID: MU Open
 0h00:03.743 2021/11/06T10:22:22z: AP_STAR tmr
 ets Jan  8 2013,rst cause:4, boot mode:(3,7)

wdt reset
load 0x4010f000, len 1384, room 16 
tail 8
chksum 0x2d
csum 0x2d
v8b899c12
~ld


6.01
 0h00:03.831 2021/11/06T10:42:20z: DS3231
 0h00:03.846 2021/11/06T10:42:20z: BME280 (0x76)
 0h00:03.861 2021/11/06T10:42:20z: 84:f3:eb:7d:7:a8
 0h00:03.862 2021/11/06T10:42:20z: SSID: MU Open
 0h00:03.867 2021/11/06T10:42:20z: AP_STAR tmr
 ets Jan  8 2013,rst cause:4, boot mode:(3,7)

wdt reset
load 0x4010f000, len 1384, room 16 
tail 8
chksum 0x2d
csum 0x2d
v8b899c12
~ld


6.01
 0h00:04.032 2021/11/06T11:02:18z: DS3231
 0h00:04.048 2021/11/06T11:02:18z: BME280 (0x76)
 0h00:04.062 2021/11/06T11:02:18z: 84:f3:eb:7d:7:a8
 0h00:04.063 2021/11/06T11:02:18z: SSID: MU Open
 0h00:04.069 2021/11/06T11:02:18z: AP_STAR tmr
 ets Jan  8 2013,rst cause:4, boot mode:(3,7)

wdt reset
load 0x4010f000, len 1384, room 16 
tail 8
chksum 0x2d
csum 0x2d
v8b899c12
~ld


6.01
 0h00:03.746 2021/11/06T11:22:16z: DS3231
 0h00:03.761 2021/11/06T11:22:16z: BME280 (0x76)
 0h00:03.775 2021/11/06T11:22:16z: 84:f3:eb:7d:7:a8
 0h00:03.777 2021/11/06T11:22:16z: SSID: MU Open
 0h00:03.782 2021/11/06T11:22:16z: AP_STAR tmr
 ets Jan  8 2013,rst cause:4, boot mode:(3,7)

wdt reset
load 0x4010f000, len 1384, room 16 
tail 8
chksum 0x2d
csum 0x2d
v8b899c12
~ld


6.01
 0h00:03.570 2021/11/06T11:42:14z: DS3231
 0h00:03.585 2021/11/06T11:42:14z: BME280 (0x76)
 0h00:03.599 2021/11/06T11:42:14z: 84:f3:eb:7d:7:a8
 0h00:03.601 2021/11/06T11:42:14z: SSID: MU Open
 0h00:03.606 2021/11/06T11:42:14z: AP_STAR tmr
 ets Jan  8 2013,rst cause:4, boot mode:(3,7)

wdt reset
load 0x4010f000, len 1384, room 16 
tail 8
chksum 0x2d
csum 0x2d
v8b899c12
~ld


6.01
 0h00:04.044 2021/11/06T12:02:12z: DS3231
 0h00:04.060 2021/11/06T12:02:12z: BME280 (0x76)
 0h00:04.074 2021/11/06T12:02:12z: 84:f3:eb:7d:7:a8
 0h00:04.075 2021/11/06T12:02:12z: SSID: MU Open
 0h00:04.081 2021/11/06T12:02:12z: AP_STAR tmr
 ets Jan  8 2013,rst cause:4, boot mode:(3,7)

wdt reset
load 0x4010f000, len 1384, room 16 
tail 8
chksum 0x2d
csum 0x2d
v8b899c12
~ld


6.01
 0h00:03.969 2021/11/06T12:22:11z: DS3231
 0h00:03.985 2021/11/06T12:22:11z: BME280 (0x76)
 0h00:03.999 2021/11/06T12:22:11z: 84:f3:eb:7d:7:a8
 0h00:04.001 2021/11/06T12:22:11z: SSID: MU Open
 0h00:04.006 2021/11/06T12:22:11z: AP_STAR tmr
 ets Jan  8 2013,rst cause:4, boot mode:(3,7)

wdt reset
load 0x4010f000, len 1384, room 16 
tail 8
chksum 0x2d
csum 0x2d
v8b899c12
~ld


6.01
 0h00:03.826 2021/11/06T12:42:09z: DS3231
 0h00:03.841 2021/11/06T12:42:09z: BME280 (0x76)
 0h00:03.855 2021/11/06T12:42:09z: 84:f3:eb:7d:7:a8
 0h00:03.857 2021/11/06T12:42:09z: SSID: MU Open
 0h00:03.862 2021/11/06T12:42:09z: AP_STAR tmr
 ets Jan  8 2013,rst cause:4, boot mode:(3,7)

wdt reset
load 0x4010f000, len 1384, room 16 
tail 8
chksum 0x2d
csum 0x2d
v8b899c12
~ld


6.01
 0h00:03.711 2021/11/06T13:02:07z: DS3231
 0h00:03.727 2021/11/06T13:02:07z: BME280 (0x76)
 0h00:03.741 2021/11/06T13:02:07z: 84:f3:eb:7d:7:a8
 0h00:03.743 2021/11/06T13:02:07z: SSID: MU Open
 0h00:03.748 2021/11/06T13:02:07z: AP_STAR tmr
 ets Jan  8 2013,rst cause:4, boot mode:(3,7)

wdt reset
load 0x4010f000, len 1384, room 16 
tail 8
chksum 0x2d
csum 0x2d
v8b899c12
~ld


6.01
 0h00:03.919 2021/11/06T13:22:05z: DS3231
 0h00:03.934 2021/11/06T13:22:06z: BME280 (0x76)
 0h00:03.949 2021/11/06T13:22:06z: 84:f3:eb:7d:7:a8
 0h00:03.950 2021/11/06T13:22:06z: SSID: MU Open
 0h00:03.955 2021/11/06T13:22:06z: AP_STAR tmr
 ets Jan  8 2013,rst cause:4, boot mode:(3,7)

wdt reset
load 0x4010f000, len 1384, room 16 
tail 8
chksum 0x2d
csum 0x2d
v8b899c12
~ld


6.01
 0h00:03.951 2021/11/06T13:42:04z: DS3231
 0h00:03.966 2021/11/06T13:42:04z: BME280 (0x76)
 0h00:03.980 2021/11/06T13:42:04z: 84:f3:eb:7d:7:a8
 0h00:03.982 2021/11/06T13:42:04z: SSID: MU Open
 0h00:03.987 2021/11/06T13:42:04z: AP_STAR tmr
 ets Jan  8 2013,rst cause:4, boot mode:(3,7)

wdt reset
load 0x4010f000, len 1384, room 16 
tail 8
chksum 0x2d
csum 0x2d
v8b899c12
~ld


6.01
 0h00:03.732 2021/11/06T14:02:02z: DS3231
 0h00:03.748 2021/11/06T14:02:02z: BME280 (0x76)
 0h00:03.762 2021/11/06T14:02:02z: 84:f3:eb:7d:7:a8
 0h00:03.764 2021/11/06T14:02:02z: SSID: MU Open
 0h00:03.769 2021/11/06T14:02:02z: AP_STAR tmr
 ets Jan  8 2013,rst cause:4, boot mode:(3,7)

wdt reset
load 0x4010f000, len 1384, room 16 
tail 8
chksum 0x2d
csum 0x2d
v8b899c12
~ld


6.01
 0h00:04.008 2021/11/06T14:22:01z: DS3231
 0h00:04.023 2021/11/06T14:22:01z: BME280 (0x76)
 0h00:04.038 2021/11/06T14:22:01z: 84:f3:eb:7d:7:a8
 0h00:04.039 2021/11/06T14:22:01z: SSID: MU Open
 0h00:04.045 2021/11/06T14:22:01z: AP_STAR tmr
 ets Jan  8 2013,rst cause:4, boot mode:(3,7)

wdt reset
load 0x4010f000, len 1384, room 16 
tail 8
chksum 0x2d
csum 0x2d
v8b899c12
~ld


6.01
 0h00:03.906 2021/11/06T14:41:59z: DS3231
 0h00:03.921 2021/11/06T14:41:59z: BME280 (0x76)
 0h00:03.935 2021/11/06T14:41:59z: 84:f3:eb:7d:7:a8
 0h00:03.937 2021/11/06T14:41:59z: SSID: MU Open
 0h00:03.942 2021/11/06T14:41:59z: AP_STAR tmr
 ets Jan  8 2013,rst cause:4, boot mode:(3,7)

wdt reset
load 0x4010f000, len 1384, room 16 
tail 8
chksum 0x2d
csum 0x2d
v8b899c12
~ld


6.01
 0h00:03.905 2021/11/06T15:01:57z: DS3231
 0h00:03.921 2021/11/06T15:01:58z: BME280 (0x76)
 0h00:03.935 2021/11/06T15:01:58z: 84:f3:eb:7d:7:a8
 0h00:03.937 2021/11/06T15:01:58z: SSID: MU Open
 0h00:03.942 2021/11/06T15:01:58z: AP_STAR tmr
 ets Jan  8 2013,rst cause:4, boot mode:(3,7)

wdt reset
load 0x4010f000, len 1384, room 16 
tail 8
chksum 0x2d
csum 0x2d
v8b899c12
~ld


6.01
 0h00:03.867 2021/11/06T15:21:56z: DS3231
 0h00:03.883 2021/11/06T15:21:56z: BME280 (0x76)
 0h00:03.897 2021/11/06T15:21:56z: 84:f3:eb:7d:7:a8
 0h00:03.899 2021/11/06T15:21:56z: SSID: MU Open
 0h00:03.904 2021/11/06T15:21:56z: AP_STAR tmr
 ets Jan  8 2013,rst cause:4, boot mode:(3,7)

wdt reset
load 0x4010f000, len 1384, room 16 
tail 8
chksum 0x2d
csum 0x2d
v8b899c12
~ld


6.01
 0h00:03.894 2021/11/06T15:41:56z: DS3231
 0h00:03.910 2021/11/06T15:41:56z: BME280 (0x76)
 0h00:03.924 2021/11/06T15:41:56z: 84:f3:eb:7d:7:a8
 0h00:03.926 2021/11/06T15:41:56z: SSID: MU Open
 0h00:03.931 2021/11/06T15:41:56z: AP_STAR tmr
 ets Jan  8 2013,rst cause:4, boot mode:(3,7)

wdt reset
load 0x4010f000, len 1384, room 16 
tail 8
chksum 0x2d
csum 0x2d
v8b899c12
~ld


6.01
 0h00:03.945 2021/11/06T16:01:54z: DS3231
 0h00:03.960 2021/11/06T16:01:54z: BME280 (0x76)
 0h00:03.975 2021/11/06T16:01:54z: 84:f3:eb:7d:7:a8
 0h00:03.976 2021/11/06T16:01:54z: SSID: MU Open
 0h00:03.981 2021/11/06T16:01:54z: AP_STAR tmr
 ets Jan  8 2013,rst cause:4, boot mode:(3,7)

wdt reset
load 0x4010f000, len 1384, room 16 
tail 8
chksum 0x2d
csum 0x2d
v8b899c12
~ld


6.01
 0h00:03.882 2021/11/06T16:21:53z: DS3231
 0h00:03.897 2021/11/06T16:21:53z: BME280 (0x76)
 0h00:03.911 2021/11/06T16:21:53z: 84:f3:eb:7d:7:a8
 0h00:03.913 2021/11/06T16:21:53z: SSID: MU Open
 0h00:03.918 2021/11/06T16:21:53z: AP_STAR tmr
 ets Jan  8 2013,rst cause:4, boot mode:(3,7)

wdt reset
load 0x4010f000, len 1384, room 16 
tail 8
chksum 0x2d
csum 0x2d
v8b899c12
~ld


6.01
 0h00:03.870 2021/11/06T16:41:52z: DS3231
 0h00:03.885 2021/11/06T16:41:52z: BME280 (0x76)
 0h00:03.900 2021/11/06T16:41:52z: 84:f3:eb:7d:7:a8
 0h00:03.901 2021/11/06T16:41:52z: SSID: MU Open
 0h00:03.906 2021/11/06T16:41:52z: AP_STAR tmr
 ets Jan  8 2013,rst cause:4, boot mode:(3,7)

wdt reset
load 0x4010f000, len 1384, room 16 
tail 8
chksum 0x2d
csum 0x2d
v8b899c12
~ld


6.01
 0h00:04.107 2021/11/06T17:01:51z: DS3231
 0h00:04.122 2021/11/06T17:01:51z: BME280 (0x76)
 0h00:04.136 2021/11/06T17:01:51z: 84:f3:eb:7d:7:a8
 0h00:04.138 2021/11/06T17:01:51z: SSID: MU Open
 0h00:04.143 2021/11/06T17:01:51z: AP_STAR tmr
 ets Jan  8 2013,rst cause:4, boot mode:(3,7)

wdt reset
load 0x4010f000, len 1384, room 16 
tail 8
chksum 0x2d
csum 0x2d
v8b899c12
~ld


6.01
 0h00:03.961 2021/11/06T17:21:50z: DS3231
 0h00:03.976 2021/11/06T17:21:50z: BME280 (0x76)
 0h00:03.991 2021/11/06T17:21:50z: 84:f3:eb:7d:7:a8
 0h00:03.992 2021/11/06T17:21:50z: SSID: MU Open
 0h00:03.997 2021/11/06T17:21:50z: AP_STAR tmr
 ets Jan  8 2013,rst cause:4, boot mode:(3,7)

wdt reset
load 0x4010f000, len 1384, room 16 
tail 8
chksum 0x2d
csum 0x2d
v8b899c12
~ld


6.01
 0h00:03.746 2021/11/06T17:41:49z: DS3231
 0h00:03.761 2021/11/06T17:41:49z: BME280 (0x76)
 0h00:03.776 2021/11/06T17:41:49z: 84:f3:eb:7d:7:a8
 0h00:03.777 2021/11/06T17:41:49z: SSID: MU Open
 0h00:03.782 2021/11/06T17:41:49z: AP_STAR tmr
 ets Jan  8 2013,rst cause:4, boot mode:(3,7)

wdt reset
load 0x4010f000, len 1384, room 16 
tail 8
chksum 0x2d
csum 0x2d
v8b899c12
~ld


6.01
 0h00:03.700 2021/11/06T18:01:48z: DS3231
 0h00:03.716 2021/11/06T18:01:48z: BME280 (0x76)
 0h00:03.730 2021/11/06T18:01:48z: 84:f3:eb:7d:7:a8
 0h00:03.731 2021/11/06T18:01:48z: SSID: MU Open
 0h00:03.737 2021/11/06T18:01:48z: AP_STAR tmr
 ets Jan  8 2013,rst cause:4, boot mode:(3,7)

wdt reset
load 0x4010f000, len 1384, room 16 
tail 8
chksum 0x2d
csum 0x2d
v8b899c12
~ld


6.01
 0h00:03.826 2021/11/06T18:21:47z: DS3231
 0h00:03.841 2021/11/06T18:21:47z: BME280 (0x76)
 0h00:03.855 2021/11/06T18:21:47z: 84:f3:eb:7d:7:a8
 0h00:03.857 2021/11/06T18:21:47z: SSID: MU Open
 0h00:03.862 2021/11/06T18:21:47z: AP_STAR tmr
 ets Jan  8 2013,rst cause:4, boot mode:(3,7)

wdt reset
load 0x4010f000, len 1384, room 16 
tail 8
chksum 0x2d
csum 0x2d
v8b899c12
~ld


6.01
 0h00:03.894 2021/11/06T18:41:46z: DS3231
 0h00:03.909 2021/11/06T18:41:46z: BME280 (0x76)
 0h00:03.923 2021/11/06T18:41:46z: 84:f3:eb:7d:7:a8
 0h00:03.925 2021/11/06T18:41:46z: SSID: MU Open
 0h00:03.930 2021/11/06T18:41:46z: AP_STAR tmr
 ets Jan  8 2013,rst cause:4, boot mode:(3,7)

wdt reset
load 0x4010f000, len 1384, room 16 
tail 8
chksum 0x2d
csum 0x2d
v8b899c12
~ld


6.01
 0h00:03.658 2021/11/06T19:01:44z: DS3231
 0h00:03.673 2021/11/06T19:01:44z: BME280 (0x76)
 0h00:03.688 2021/11/06T19:01:44z: 84:f3:eb:7d:7:a8
 0h00:03.689 2021/11/06T19:01:44z: SSID: MU Open
 0h00:03.694 2021/11/06T19:01:44z: AP_STAR tmr
 ets Jan  8 2013,rst cause:4, boot mode:(3,7)

wdt reset
load 0x4010f000, len 1384, room 16 
tail 8
chksum 0x2d
csum 0x2d
v8b899c12
~ld


6.01
 0h00:03.810 2021/11/06T19:21:42z: DS3231
 0h00:03.826 2021/11/06T19:21:42z: BME280 (0x76)
 0h00:03.840 2021/11/06T19:21:42z: 84:f3:eb:7d:7:a8
 0h00:03.842 2021/11/06T19:21:42z: SSID: MU Open
 0h00:03.847 2021/11/06T19:21:42z: AP_STAR tmr
 ets Jan  8 2013,rst cause:4, boot mode:(3,7)

wdt reset
load 0x4010f000, len 1384, room 16 
tail 8
chksum 0x2d
csum 0x2d
v8b899c12
~ld


6.01
 0h00:03.741 2021/11/06T19:41:40z: DS3231
 0h00:03.756 2021/11/06T19:41:40z: BME280 (0x76)
 0h00:03.770 2021/11/06T19:41:40z: 84:f3:eb:7d:7:a8
 0h00:03.772 2021/11/06T19:41:40z: SSID: MU Open
 0h00:03.777 2021/11/06T19:41:40z: AP_STAR tmr
 ets Jan  8 2013,rst cause:4, boot mode:(3,7)

wdt reset
load 0x4010f000, len 1384, room 16 
tail 8
chksum 0x2d
csum 0x2d
v8b899c12
~ld


6.01
 0h00:03.909 2021/11/06T20:01:39z: DS3231
 0h00:03.925 2021/11/06T20:01:39z: BME280 (0x76)
 0h00:03.939 2021/11/06T20:01:39z: 84:f3:eb:7d:7:a8
 0h00:03.940 2021/11/06T20:01:39z: SSID: MU Open
 0h00:03.946 2021/11/06T20:01:39z: AP_STAR tmr
 ets Jan  8 2013,rst cause:4, boot mode:(3,7)

wdt reset
load 0x4010f000, len 1384, room 16 
tail 8
chksum 0x2d
csum 0x2d
v8b899c12
~ld


6.01
 0h00:03.981 2021/11/06T20:21:38z: DS3231
 0h00:03.996 2021/11/06T20:21:38z: BME280 (0x76)
 0h00:04.010 2021/11/06T20:21:38z: 84:f3:eb:7d:7:a8
 0h00:04.012 2021/11/06T20:21:38z: SSID: MU Open
 0h00:04.017 2021/11/06T20:21:38z: AP_STAR tmr
 ets Jan  8 2013,rst cause:4, boot mode:(3,7)

wdt reset
load 0x4010f000, len 1384, room 16 
tail 8
chksum 0x2d
csum 0x2d
v8b899c12
~ld


6.01
 0h00:03.661 2021/11/06T20:41:37z: DS3231
 0h00:03.676 2021/11/06T20:41:37z: BME280 (0x76)
 0h00:03.690 2021/11/06T20:41:37z: 84:f3:eb:7d:7:a8
 0h00:03.692 2021/11/06T20:41:37z: SSID: MU Open
 0h00:03.697 2021/11/06T20:41:37z: AP_STAR tmr
 ets Jan  8 2013,rst cause:4, boot mode:(3,7)

wdt reset
load 0x4010f000, len 1384, room 16 
tail 8
chksum 0x2d
csum 0x2d
v8b899c12
~ld


6.01
 0h00:03.844 2021/11/06T21:01:35z: DS3231
 0h00:03.860 2021/11/06T21:01:35z: BME280 (0x76)
 0h00:03.874 2021/11/06T21:01:35z: 84:f3:eb:7d:7:a8
 0h00:03.876 2021/11/06T21:01:35z: SSID: MU Open
 0h00:03.881 2021/11/06T21:01:35z: AP_STAR tmr
 ets Jan  8 2013,rst cause:4, boot mode:(3,7)

wdt reset
load 0x4010f000, len 1384, room 16 
tail 8
chksum 0x2d
csum 0x2d
v8b899c12
~ld


6.01
 0h00:03.747 2021/11/06T21:21:33z: DS3231
 0h00:03.762 2021/11/06T21:21:33z: BME280 (0x76)
 0h00:03.776 2021/11/06T21:21:33z: 84:f3:eb:7d:7:a8
 0h00:03.778 2021/11/06T21:21:33z: SSID: MU Open
 0h00:03.783 2021/11/06T21:21:33z: AP_STAR tmr
 ets Jan  8 2013,rst cause:4, boot mode:(3,7)

wdt reset
load 0x4010f000, len 1384, room 16 
tail 8
chksum 0x2d
csum 0x2d
v8b899c12
~ld


6.01
 0h00:03.875 2021/11/06T21:41:32z: DS3231
 0h00:03.891 2021/11/06T21:41:32z: BME280 (0x76)
 0h00:03.905 2021/11/06T21:41:32z: 84:f3:eb:7d:7:a8
 0h00:03.907 2021/11/06T21:41:32z: SSID: MU Open
 0h00:03.912 2021/11/06T21:41:32z: AP_STAR tmr
 ets Jan  8 2013,rst cause:4, boot mode:(3,7)

wdt reset
load 0x4010f000, len 1384, room 16 
tail 8
chksum 0x2d
csum 0x2d
v8b899c12
~ld


6.01
 0h00:03.884 2021/11/06T22:01:31z: DS3231
 0h00:03.899 2021/11/06T22:01:31z: BME280 (0x76)
 0h00:03.913 2021/11/06T22:01:31z: 84:f3:eb:7d:7:a8
 0h00:03.915 2021/11/06T22:01:31z: SSID: MU Open
 0h00:03.920 2021/11/06T22:01:31z: AP_STAR tmr
 ets Jan  8 2013,rst cause:4, boot mode:(3,7)

wdt reset
load 0x4010f000, len 1384, room 16 
tail 8
chksum 0x2d
csum 0x2d
v8b899c12
~ld


6.01
 0h00:03.855 2021/11/06T22:21:29z: DS3231
 0h00:03.870 2021/11/06T22:21:29z: BME280 (0x76)
 0h00:03.884 2021/11/06T22:21:29z: 84:f3:eb:7d:7:a8
 0h00:03.886 2021/11/06T22:21:29z: SSID: MU Open
 0h00:03.891 2021/11/06T22:21:29z: AP_STAR tmr
 ets Jan  8 2013,rst cause:4, boot mode:(3,7)

wdt reset
load 0x4010f000, len 1384, room 16 
tail 8
chksum 0x2d
csum 0x2d
v8b899c12
~ld


6.01
 0h00:04.008 2021/11/06T22:41:28z: DS3231
 0h00:04.023 2021/11/06T22:41:28z: BME280 (0x76)
 0h00:04.038 2021/11/06T22:41:28z: 84:f3:eb:7d:7:a8
 0h00:04.039 2021/11/06T22:41:28z: SSID: MU Open
 0h00:04.044 2021/11/06T22:41:28z: AP_STAR tmr
 ets Jan  8 2013,rst cause:4, boot mode:(3,7)

wdt reset
load 0x4010f000, len 1384, room 16 
tail 8
chksum 0x2d
csum 0x2d
v8b899c12
~ld


6.01
 0h00:03.960 2021/11/06T23:01:27z: DS3231
 0h00:03.975 2021/11/06T23:01:27z: BME280 (0x76)
 0h00:03.989 2021/11/06T23:01:27z: 84:f3:eb:7d:7:a8
 0h00:03.991 2021/11/06T23:01:27z: SSID: MU Open
 0h00:03.996 2021/11/06T23:01:27z: AP_STAR tmr
 ets Jan  8 2013,rst cause:4, boot mode:(3,7)

wdt reset
load 0x4010f000, len 1384, room 16 
tail 8
chksum 0x2d
csum 0x2d
v8b899c12
~ld


6.01
 0h00:04.095 2021/11/06T23:21:25z: DS3231
 0h00:04.110 2021/11/06T23:21:25z: BME280 (0x76)
 0h00:04.124 2021/11/06T23:21:25z: 84:f3:eb:7d:7:a8
 0h00:04.126 2021/11/06T23:21:25z: SSID: MU Open
 0h00:04.131 2021/11/06T23:21:25z: AP_STAR tmr
 ets Jan  8 2013,rst cause:4, boot mode:(3,7)

wdt reset
load 0x4010f000, len 1384, room 16 
tail 8
chksum 0x2d
csum 0x2d
v8b899c12
~ld


6.01
 0h00:03.857 2021/11/06T23:41:23z: DS3231
 0h00:03.872 2021/11/06T23:41:23z: BME280 (0x76)
 0h00:03.886 2021/11/06T23:41:23z: 84:f3:eb:7d:7:a8
 0h00:03.888 2021/11/06T23:41:23z: SSID: MU Open
 0h00:03.893 2021/11/06T23:41:23z: AP_STA