R tmr
 ets Jan  8 2013,rst cause:4, boot mode:(3,7)

wdt reset
load 0x4010f000, len 1384, room 16 
tail 8
chksum 0x2d
csum 0x2d
v8b899c12
~ld


6.01
 0h00:03.692 2021/10/09T00:12:17z: DS3231
 0h00:03.707 2021/10/09T00:12:17z: BME280 (0x76)
 0h00:03.721 2021/10/09T00:12:17z: 84:f3:eb:7d:7:a8
 0h00:03.723 2021/10/09T00:12:17z: SSID: MU Open
 0h00:03.728 2021/10/09T00:12:17z: AP_STAR tmr
 ets Jan  8 2013,rst cause:4, boot mode:(3,7)

wdt reset
load 0x4010f000, len 1384, room 16 
tail 8
chksum 0x2d
csum 0x2d
v8b899c12
~ld


6.01
 0h00:03.720 2021/10/09T00:32:15z: DS3231
 0h00:03.735 2021/10/09T00:32:15z: BME280 (0x76)
 0h00:03.749 2021/10/09T00:32:15z: 84:f3:eb:7d:7:a8
 0h00:03.751 2021/10/09T00:32:15z: SSID: MU Open
 0h00:03.756 2021/10/09T00:32:15z: AP_STAR tmr
 ets Jan  8 2013,rst cause:4, boot mode:(3,7)

wdt reset
load 0x4010f000, len 1384, room 16 
tail 8
chksum 0x2d
csum 0x2d
v8b899c12
~ld


6.01
 0h00:03.664 2021/10/09T00:52:13z: DS3231
 0h00:03.679 2021/10/09T00:52:13z: BME280 (0x76)
 0h00:03.693 2021/10/09T00:52:13z: 84:f3:eb:7d:7:a8
 0h00:03.695 2021/10/09T00:52:13z: SSID: MU Open
 0h00:03.700 2021/10/09T00:52:13z: AP_STAR tmr
 ets Jan  8 2013,rst cause:4, boot mode:(3,7)

wdt reset
load 0x4010f000, len 1384, room 16 
tail 8
chksum 0x2d
csum 0x2d
v8b899c12
~ld


6.01
 0h00:03.750 2021/10/09T01:12:11z: DS3231
 0h00:03.765 2021/10/09T01:12:11z: BME280 (0x76)
 0h00:03.779 2021/10/09T01:12:11z: 84:f3:eb:7d:7:a8
 0h00:03.781 2021/10/09T01:12:11z: SSID: MU Open
 0h00:03.786 2021/10/09T01:12:11z: AP_STAR tmr
 ets Jan  8 2013,rst cause:4, boot mode:(3,7)

wdt reset
load 0x4010f000, len 1384, room 16 
tail 8
chksum 0x2d
csum 0x2d
v8b899c12
~ld


6.01
 0h00:03.763 2021/10/09T01:32:10z: DS3231
 0h00:03.778 2021/10/09T01:32:10z: BME280 (0x76)
 0h00:03.792 2021/10/09T01:32:10z: 84:f3:eb:7d:7:a8
 0h00:03.794 2021/10/09T01:32:10z: SSID: MU Open
 0h00:03.799 2021/10/09T01:32:10z: AP_STAR tmr
 ets Jan  8 2013,rst cause:4, boot mode:(3,7)

wdt reset
load 0x4010f000, len 1384, room 16 
tail 8
chksum 0x2d
csum 0x2d
v8b899c12
~ld


6.01
 0h00:03.631 2021/10/09T01:52:08z: DS3231
 0h00:03.646 2021/10/09T01:52:08z: BME280 (0x76)
 0h00:03.661 2021/10/09T01:52:08z: 84:f3:eb:7d:7:a8
 0h00:03.662 2021/10/09T01:52:08z: SSID: MU Open
 0h00:03.667 2021/10/09T01:52:08z: AP_STAR tmr
 ets Jan  8 2013,rst cause:4, boot mode:(3,7)

wdt reset
load 0x4010f000, len 1384, room 16 
tail 8
chksum 0x2d
csum 0x2d
v8b899c12
~ld


6.01
 0h00:03.749 2021/10/09T02:12:06z: DS3231
 0h00:03.764 2021/10/09T02:12:06z: BME280 (0x76)
 0h00:03.778 2021/10/09T02:12:06z: 84:f3:eb:7d:7:a8
 0h00:03.780 2021/10/09T02:12:06z: SSID: MU Open
 0h00:03.785 2021/10/09T02:12:06z: AP_STAR tmr
 ets Jan  8 2013,rst cause:4, boot mode:(3,7)

wdt reset
load 0x4010f000, len 1384, room 16 
tail 8
chksum 0x2d
csum 0x2d
v8b899c12
~ld


6.01
 0h00:03.775 2021/10/09T02:32:04z: DS3231
 0h00:03.790 2021/10/09T02:32:04z: BME280 (0x76)
 0h00:03.804 2021/10/09T02:32:04z: 84:f3:eb:7d:7:a8
 0h00:03.806 2021/10/09T02:32:04z: SSID: MU Open
 0h00:03.811 2021/10/09T02:32:04z: AP_STAR tmr
 ets Jan  8 2013,rst cause:4, boot mode:(3,7)

wdt reset
load 0x4010f000, len 1384, room 16 
tail 8
chksum 0x2d
csum 0x2d
v8b899c12
~ld


6.01
 0h00:03.644 2021/10/09T02:52:02z: DS3231
 0h00:03.659 2021/10/09T02:52:02z: BME280 (0x76)
 0h00:03.673 2021/10/09T02:52:02z: 84:f3:eb:7d:7:a8
 0h00:03.675 2021/10/09T02:52:02z: SSID: MU Open
 0h00:03.680 2021/10/09T02:52:02z: AP_STAR tmr
 ets Jan  8 2013,rst cause:4, boot mode:(3,7)

wdt reset
load 0x4010f000, len 1384, room 16 
tail 8
chksum 0x2d
csum 0x2d
v8b899c12
~ld


6.01
 0h00:03.745 2021/10/09T03:12:00z: DS3231
 0h00:03.761 2021/10/09T03:12:00z: BME280 (0x76)
 0h00:03.775 2021/10/09T03:12:00z: 84:f3:eb:7d:7:a8
 0h00:03.776 2021/10/09T03:12:00z: SSID: MU Open
 0h00:03.782 2021/10/09T03:12:00z: AP_STAR tmr
 ets Jan  8 2013,rst cause:4, boot mode:(3,7)

wdt reset
load 0x4010f000, len 1384, room 16 
tail 8
chksum 0x2d
csum 0x2d
v8b899c12
~ld


6.01
 0h00:03.806 2021/10/09T03:31:59z: DS3231
 0h00:03.821 2021/10/09T03:31:59z: BME280 (0x76)
 0h00:03.835 2021/10/09T03:31:59z: 84:f3:eb:7d:7:a8
 0h00:03.837 2021/10/09T03:31:59z: SSID: MU Open
 0h00:03.842 2021/10/09T03:31:59z: AP_STAR tmr
 ets Jan  8 2013,rst cause:4, boot mode:(3,7)

wdt reset
load 0x4010f000, len 1384, room 16 
tail 8
chksum 0x2d
csum 0x2d
v8b899c12
~ld


6.01
 0h00:03.808 2021/10/09T03:51:56z: DS3231
 0h00:03.823 2021/10/09T03:51:56z: BME280 (0x76)
 0h00:03.837 2021/10/09T03:51:56z: 84:f3:eb:7d:7:a8
 0h00:03.839 2021/10/09T03:51:56z: SSID: MU Open
 0h00:03.844 2021/10/09T03:51:56z: AP_STAR tmr
 ets Jan  8 2013,rst cause:4, boot mode:(3,7)

wdt reset
load 0x4010f000, len 1384, room 16 
tail 8
chksum 0x2d
csum 0x2d
v8b899c12
~ld


6.01
 0h00:03.710 2021/10/09T04:11:54z: DS3231
 0h00:03.726 2021/10/09T04:11:54z: BME280 (0x76)
 0h00:03.740 2021/10/09T04:11:54z: 84:f3:eb:7d:7:a8
 0h00:03.741 2021/10/09T04:11:54z: SSID: MU Open
 0h00:03.747 2021/10/09T04:11:54z: AP_STAR tmr
 ets Jan  8 2013,rst cause:4, boot mode:(3,7)

wdt reset
load 0x4010f000, len 1384, room 16 
tail 8
chksum 0x2d
csum 0x2d
v8b899c12
~ld


6.01
 0h00:03.535 2021/10/09T04:31:52z: DS3231
 0h00:03.550 2021/10/09T04:31:52z: BME280 (0x76)
 0h00:03.564 2021/10/09T04:31:52z: 84:f3:eb:7d:7:a8
 0h00:03.566 2021/10/09T04:31:52z: SSID: MU Open
 0h00:03.571 2021/10/09T04:31:52z: AP_STAR tmr
 ets Jan  8 2013,rst cause:4, boot mode:(3,7)

wdt reset
load 0x4010f000, len 1384, room 16 
tail 8
chksum 0x2d
csum 0x2d
v8b899c12
~ld


6.01
 0h00:03.733 2021/10/09T04:51:50z: DS3231
 0h00:03.749 2021/10/09T04:51:50z: BME280 (0x76)
 0h00:03.763 2021/10/09T04:51:50z: 84:f3:eb:7d:7:a8
 0h00:03.765 2021/10/09T04:51:50z: SSID: MU Open
 0h00:03.770 2021/10/09T04:51:50z: AP_STAR tmr
 ets Jan  8 2013,rst cause:4, boot mode:(3,7)

wdt reset
load 0x4010f000, len 1384, room 16 
tail 8
chksum 0x2d
csum 0x2d
v8b899c12
~ld


6.01
 0h00:03.560 2021/10/09T05:11:48z: DS3231
 0h00:03.576 2021/10/09T05:11:48z: BME280 (0x76)
 0h00:03.590 2021/10/09T05:11:48z: 84:f3:eb:7d:7:a8
 0h00:03.591 2021/10/09T05:11:48z: SSID: MU Open
 0h00:03.597 2021/10/09T05:11:48z: AP_STAR tmr
 ets Jan  8 2013,rst cause:4, boot mode:(3,7)

wdt reset
load 0x4010f000, len 1384, room 16 
tail 8
chksum 0x2d
csum 0x2d
v8b899c12
~ld


6.01
 0h00:03.574 2021/10/09T05:31:46z: DS3231
 0h00:03.589 2021/10/09T05:31:46z: BME280 (0x76)
 0h00:03.603 2021/10/09T05:31:46z: 84:f3:eb:7d:7:a8
 0h00:03.605 2021/10/09T05:31:46z: SSID: MU Open
 0h00:03.610 2021/10/09T05:31:46z: AP_STAR tmr
 ets Jan  8 2013,rst cause:4, boot mode:(3,7)

wdt reset
load 0x4010f000, len 1384, room 16 
tail 8
chksum 0x2d
csum 0x2d
v8b899c12
~ld


6.01
 0h00:03.666 2021/10/09T05:51:43z: DS3231
 0h00:03.681 2021/10/09T05:51:43z: BME280 (0x76)
 0h00:03.695 2021/10/09T05:51:43z: 84:f3:eb:7d:7:a8
 0h00:03.697 2021/10/09T05:51:43z: SSID: MU Open
 0h00:03.702 2021/10/09T05:51:43z: AP_STAR tmr
 ets Jan  8 2013,rst cause:4, boot mode:(3,7)

wdt reset
load 0x4010f000, len 1384, room 16 
tail 8
chksum 0x2d
csum 0x2d
v8b899c12
~ld


6.01
 0h00:03.774 2021/10/09T06:11:41z: DS3231
 0h00:03.789 2021/10/09T06:11:41z: BME280 (0x76)
 0h00:03.803 2021/10/09T06:11:41z: 84:f3:eb:7d:7:a8
 0h00:03.805 2021/10/09T06:11:41z: SSID: MU Open
 0h00:03.810 2021/10/09T06:11:41z: AP_STAR tmr
 ets Jan  8 2013,rst cause:4, boot mode:(3,7)

wdt reset
load 0x4010f000, len 1384, room 16 
tail 8
chksum 0x2d
csum 0x2d
v8b899c12
~ld


6.01
 0h00:03.619 2021/10/09T06:31:38z: DS3231
 0h00:03.634 2021/10/09T06:31:38z: BME280 (0x76)
 0h00:03.648 2021/10/09T06:31:38z: 84:f3:eb:7d:7:a8
 0h00:03.650 2021/10/09T06:31:38z: SSID: MU Open
 0h00:03.655 2021/10/09T06:31:38z: AP_STAR tmr
 ets Jan  8 2013,rst cause:4, boot mode:(3,7)

wdt reset
load 0x4010f000, len 1384, room 16 
tail 8
chksum 0x2d
csum 0x2d
v8b899c12
~ld


6.01
 0h00:03.833 2021/10/09T06:51:37z: DS3231
 0h00:03.848 2021/10/09T06:51:37z: BME280 (0x76)
 0h00:03.862 2021/10/09T06:51:37z: 84:f3:eb:7d:7:a8
 0h00:03.864 2021/10/09T06:51:37z: SSID: MU Open
 0h00:03.869 2021/10/09T06:51:37z: AP_STAR tmr
 ets Jan  8 2013,rst cause:4, boot mode:(3,7)

wdt reset
load 0x4010f000, len 1384, room 16 
tail 8
chksum 0x2d
csum 0x2d
v8b899c12
~ld


6.01
 0h00:03.813 2021/10/09T07:11:35z: DS3231
 0h00:03.829 2021/10/09T07:11:35z: BME280 (0x76)
 0h00:03.843 2021/10/09T07:11:35z: 84:f3:eb:7d:7:a8
 0h00:03.845 2021/10/09T07:11:35z: SSID: MU Open
 0h00:03.850 2021/10/09T07:11:35z: AP_STAR tmr
 ets Jan  8 2013,rst cause:4, boot mode:(3,7)

wdt reset
load 0x4010f000, len 1384, room 16 
tail 8
chksum 0x2d
csum 0x2d
v8b899c12
~ld


6.01
 0h00:03.526 2021/10/09T07:31:34z: DS3231
 0h00:03.542 2021/10/09T07:31:34z: BME280 (0x76)
 0h00:03.556 2021/10/09T07:31:34z: 84:f3:eb:7d:7:a8
 0h00:03.557 2021/10/09T07:31:34z: SSID: MU Open
 0h00:03.563 2021/10/09T07:31:34z: AP_STAR tmr
 ets Jan  8 2013,rst cause:4, boot mode:(3,7)

wdt reset
load 0x4010f000, len 1384, room 16 
tail 8
chksum 0x2d
csum 0x2d
v8b899c12
~ld


6.01
 0h00:03.375 2021/10/09T07:51:31z: DS3231
 0h00:03.391 2021/10/09T07:51:31z: BME280 (0x76)
 0h00:03.405 2021/10/09T07:51:32z: 84:f3:eb:7d:7:a8
 0h00:03.407 2021/10/09T07:51:32z: SSID: MU Open
 0h00:03.412 2021/10/09T07:51:32z: AP_STAR tmr
 ets Jan  8 2013,rst cause:4, boot mode:(3,7)

wdt reset
load 0x4010f000, len 1384, room 16 
tail 8
chksum 0x2d
csum 0x2d
v8b899c12
~ld


6.01
 0h00:03.605 2021/10/09T08:11:30z: DS3231
 0h00:03.620 2021/10/09T08:11:30z: BME280 (0x76)
 0h00:03.634 2021/10/09T08:11:30z: 84:f3:eb:7d:7:a8
 0h00:03.636 2021/10/09T08:11:30z: SSID: MU Open
 0h00:03.641 2021/10/09T08:11:30z: AP_STAR tmr
 ets Jan  8 2013,rst cause:4, boot mode:(3,7)

wdt reset
load 0x4010f000, len 1384, room 16 
tail 8
chksum 0x2d
csum 0x2d
v8b899c12
~ld


6.01
 0h00:03.612 2021/10/09T08:31:29z: DS3231
 0h00:03.628 2021/10/09T08:31:29z: BME280 (0x76)
 0h00:03.642 2021/10/09T08:31:29z: 84:f3:eb:7d:7:a8
 0h00:03.644 2021/10/09T08:31:29z: SSID: MU Open
 0h00:03.649 2021/10/09T08:31:29z: AP_STAR tmr
 ets Jan  8 2013,rst cause:4, boot mode:(3,7)

wdt reset
load 0x4010f000, len 1384, room 16 
tail 8
chksum 0x2d
csum 0x2d
v8b899c12
~ld


6.01
 0h00:03.614 2021/10/09T08:51:26z: DS3231
 0h00:03.629 2021/10/09T08:51:26z: BME280 (0x76)
 0h00:03.644 2021/10/09T08:51:27z: 84:f3:eb:7d:7:a8
 0h00:03.645 2021/10/09T08:51:27z: SSID: MU Open
 0h00:03.650 2021/10/09T08:51:27z: AP_STAR tmr
 ets Jan  8 2013,rst cause:4, boot mode:(3,7)

wdt reset
load 0x4010f000, len 1384, room 16 
tail 8
chksum 0x2d
csum 0x2d
v8b899c12
~ld


6.01
 0h00:03.742 2021/10/09T09:11:25z: DS3231
 0h00:03.758 2021/10/09T09:11:25z: BME280 (0x76)
 0h00:03.772 2021/10/09T09:11:25z: 84:f3:eb:7d:7:a8
 0h00:03.774 2021/10/09T09:11:25z: SSID: MU Open
 0h00:03.779 2021/10/09T09:11:25z: AP_STAR tmr
 ets Jan  8 2013,rst cause:4, boot mode:(3,7)

wdt reset
load 0x4010f000, len 1384, room 16 
tail 8
chksum 0x2d
csum 0x2d
v8b899c12
~ld


6.01
 0h00:03.677 2021/10/09T09:31:22z: DS3231
 0h00:03.693 2021/10/09T09:31:22z: BME280 (0x76)
 0h00:03.707 2021/10/09T09:31:22z: 84:f3:eb:7d:7:a8
 0h00:03.708 2021/10/09T09:31:22z: SSID: MU Open
 0h00:03.714 2021/10/09T09:31:22z: AP_STAR tmr
 ets Jan  8 2013,rst cause:4, boot mode:(3,7)

wdt reset
load 0x4010f000, len 1384, room 16 
tail 8
chksum 0x2d
csum 0x2d
v8b899c12
~ld


6.01
 0h00:03.611 2021/10/09T09:51:20z: DS3231
 0h00:03.627 2021/10/09T09:51:20z: BME280 (0x76)
 0h00:03.641 2021/10/09T09:51:20z: 84:f3:eb:7d:7:a8
 0h00:03.643 2021/10/09T09:51:20z: SSID: MU Open
 0h00:03.648 2021/10/09T09:51:20z: AP_STAR tmr
 ets Jan  8 2013,rst cause:4, boot mode:(3,7)

wdt reset
load 0x4010f000, len 1384, room 16 
tail 8
chksum 0x2d
csum 0x2d
v8b899c12
~ld


6.01
 0h00:03.702 2021/10/09T10:11:18z: DS3231
 0h00:03.718 2021/10/09T10:11:18z: BME280 (0x76)
 0h00:03.732 2021/10/09T10:11:18z: 84:f3:eb:7d:7:a8
 0h00:03.734 2021/10/09T10:11:18z: SSID: MU Open
 0h00:03.739 2021/10/09T10:11:18z: AP_STAR tmr
 ets Jan  8 2013,rst cause:4, boot mode:(3,7)

wdt reset
load 0x4010f000, len 1384, room 16 
tail 8
chksum 0x2d
csum 0x2d
v8b899c12
~ld


6.01
 0h00:03.595 2021/10/09T10:31:16z: DS3231
 0h00:03.610 2021/10/09T10:31:16z: BME280 (0x76)
 0h00:03.624 2021/10/09T10:31:16z: 84:f3:eb:7d:7:a8
 0h00:03.626 2021/10/09T10:31:16z: SSID: MU Open
 0h00:03.631 2021/10/09T10:31:16z: AP_STAR tmr
 ets Jan  8 2013,rst cause:4, boot mode:(3,7)

wdt reset
load 0x4010f000, len 1384, room 16 
tail 8
chksum 0x2d
csum 0x2d
v8b899c12
~ld


6.01
 0h00:03.697 2021/10/09T10:51:14z: DS3231
 0h00:03.713 2021/10/09T10:51:14z: BME280 (0x76)
 0h00:03.727 2021/10/09T10:51:14z: 84:f3:eb:7d:7:a8
 0h00:03.729 2021/10/09T10:51:14z: SSID: MU Open
 0h00:03.734 2021/10/09T10:51:14z: AP_STAR tmr
 ets Jan  8 2013,rst cause:4, boot mode:(3,7)

wdt reset
load 0x4010f000, len 1384, room 16 
tail 8
chksum 0x2d
csum 0x2d
v8b899c12
~ld


6.01
 0h00:03.679 2021/10/09T11:11:12z: DS3231
 0h00:03.695 2021/10/09T11:11:12z: BME280 (0x76)
 0h00:03.709 2021/10/09T11:11:12z: 84:f3:eb:7d:7:a8
 0h00:03.710 2021/10/09T11:11:12z: SSID: MU Open
 0h00:03.716 2021/10/09T11:11:13z: AP_STAR tmr
 ets Jan  8 2013,rst cause:4, boot mode:(3,7)

wdt reset
load 0x4010f000, len 1384, room 16 
tail 8
chksum 0x2d
csum 0x2d
v8b899c12
~ld


6.01
 0h00:03.729 2021/10/09T11:31:11z: DS3231
 0h00:03.744 2021/10/09T11:31:11z: BME280 (0x76)
 0h00:03.758 2021/10/09T11:31:11z: 84:f3:eb:7d:7:a8
 0h00:03.760 2021/10/09T11:31:11z: SSID: MU Open
 0h00:03.765 2021/10/09T11:31:11z: AP_STAR tmr
 ets Jan  8 2013,rst cause:4, boot mode:(3,7)

wdt reset
load 0x4010f000, len 1384, room 16 
tail 8
chksum 0x2d
csum 0x2d
v8b899c12
~ld


6.01
 0h00:03.705 2021/10/09T11:51:09z: DS3231
 0h00:03.720 2021/10/09T11:51:09z: BME280 (0x76)
 0h00:03.734 2021/10/09T11:51:09z: 84:f3:eb:7d:7:a8
 0h00:03.736 2021/10/09T11:51:09z: SSID: MU Open
 0h00:03.741 2021/10/09T11:51:09z: AP_STAR tmr
 ets Jan  8 2013,rst cause:4, boot mode:(3,7)

wdt reset
load 0x4010f000, len 1384, room 16 
tail 8
chksum 0x2d
csum 0x2d
v8b899c12
~ld


6.01
 0h00:03.685 2021/10/09T12:11:07z: DS3231
 0h00:03.700 2021/10/09T12:11:07z: BME280 (0x76)
 0h00:03.714 2021/10/09T12:11:07z: 84:f3:eb:7d:7:a8
 0h00:03.716 2021/10/09T12:11:07z: SSID: MU Open
 0h00:03.721 2021/10/09T12:11:07z: AP_STAR tmr
 ets Jan  8 2013,rst cause:4, boot mode:(3,7)

wdt reset
load 0x4010f000, len 1384, room 16 
tail 8
chksum 0x2d
csum 0x2d
v8b899c12
~ld


6.01
 0h00:03.688 2021/10/09T12:31:05z: DS3231
 0h00:03.703 2021/10/09T12:31:05z: BME280 (0x76)
 0h00:03.717 2021/10/09T12:31:05z: 84:f3:eb:7d:7:a8
 0h00:03.719 2021/10/09T12:31:05z: SSID: MU Open
 0h00:03.724 2021/10/09T12:31:05z: AP_STAR tmr
 ets Jan  8 2013,rst cause:4, boot mode:(3,7)

wdt reset
load 0x4010f000, len 1384, room 16 
tail 8
chksum 0x2d
csum 0x2d
v8b899c12
~ld


6.01
 0h00:03.879 2021/10/09T12:51:04z: DS3231
 0h00:03.894 2021/10/09T12:51:04z: BME280 (0x76)
 0h00:03.908 2021/10/09T12:51:04z: 84:f3:eb:7d:7:a8
 0h00:03.910 2021/10/09T12:51:04z: SSID: MU Open
 0h00:03.915 2021/10/09T12:51:04z: AP_STAR tmr
 ets Jan  8 2013,rst cause:4, boot mode:(3,7)

wdt reset
load 0x4010f000, len 1384, room 16 
tail 8
chksum 0x2d
csum 0x2d
v8b899c12
~ld


6.01
 0h00:03.661 2021/10/09T13:11:02z: DS3231
 0h00:03.677 2021/10/09T13:11:02z: BME280 (0x76)
 0h00:03.691 2021/10/09T13:11:02z: 84:f3:eb:7d:7:a8
 0h00:03.693 2021/10/09T13:11:02z: SSID: MU Open
 0h00:03.698 2021/10/09T13:11:02z: AP_STAR tmr
 ets Jan  8 2013,rst cause:4, boot mode:(3,7)

wdt reset
load 0x4010f000, len 1384, room 16 
tail 8
chksum 0x2d
csum 0x2d
v8b899c12
~ld


6.01
 0h00:03.698 2021/10/09T13:30:59z: DS3231
 0h00:03.714 2021/10/09T13:30:59z: BME280 (0x76)
 0h00:03.728 2021/10/09T13:30:59z: 84:f3:eb:7d:7:a8
 0h00:03.730 2021/10/09T13:30:59z: SSID: MU Open
 0h00:03.735 2021/10/09T13:30:59z: AP_STAR tmr
 ets Jan  8 2013,rst cause:4, boot mode:(3,7)

wdt reset
load 0x4010f000, len 1384, room 16 
tail 8
chksum 0x2d
csum 0x2d
v8b899c12
~ld


6.01
 0h00:03.686 2021/10/09T13:50:58z: DS3231
 0h00:03.701 2021/10/09T13:50:58z: BME280 (0x76)
 0h00:03.716 2021/10/09T13:50:58z: 84:f3:eb:7d:7:a8
 0h00:03.717 2021/10/09T13:50:58z: SSID: MU Open
 0h00:03.722 2021/10/09T13:50:58z: AP_STAR tmr
 ets Jan  8 2013,rst cause:4, boot mode:(3,7)

wdt reset
load 0x4010f000, len 1384, room 16 
tail 8
chksum 0x2d
csum 0x2d
v8b899c12
~ld


6.01
 0h00:03.737 2021/10/09T14:10:55z: DS3231
 0h00:03.752 2021/10/09T14:10:55z: BME280 (0x76)
 0h00:03.767 2021/10/09T14:10:55z: 84:f3:eb:7d:7:a8
 0h00:03.768 2021/10/09T14:10:55z: SSID: MU Open
 0h00:03.773 2021/10/09T14:10:55z: AP_STAR tmr
 ets Jan  8 2013,rst cause:4, boot mode:(3,7)

wdt reset
load 0x4010f000, len 1384, room 16 
tail 8
chksum 0x2d
csum 0x2d
v8b899c12
~ld


6.01
 0h00:03.724 2021/10/09T14:30:54z: DS3231
 0h00:03.739 2021/10/09T14:30:54z: BME280 (0x76)
 0h00:03.754 2021/10/09T14:30:54z: 84:f3:eb:7d:7:a8
 0h00:03.755 2021/10/09T14:30:54z: SSID: MU Open
 0h00:03.760 2021/10/09T14:30:54z: AP_STAR tmr
 ets Jan  8 2013,rst cause:4, boot mode:(3,7)

wdt reset
load 0x4010f000, len 1384, room 16 
tail 8
chksum 0x2d
csum 0x2d
v8b899c12
~ld


6.01
 0h00:03.856 2021/10/09T14:50:52z: DS3231
 0h00:03.871 2021/10/09T14:50:52z: BME280 (0x76)
 0h00:03.885 2021/10/09T14:50:52z: 84:f3:eb:7d:7:a8
 0h00:03.887 2021/10/09T14:50:52z: SSID: MU Open
 0h00:03.892 2021/10/09T14:50:52z: AP_STAR tmr
 ets Jan  8 2013,rst cause:4, boot mode:(3,7)

wdt reset
load 0x4010f000, len 1384, room 16 
tail 8
chksum 0x2d
csum 0x2d
v8b899c12
~ld


6.01
 0h00:03.637 2021/10/09T15:10:50z: DS3231
 0h00:03.652 2021/10/09T15:10:50z: BME280 (0x76)
 0h00:03.666 2021/10/09T15:10:50z: 84:f3:eb:7d:7:a8
 0h00:03.668 2021/10/09T15:10:50z: SSID: MU Open
 0h00:03.673 2021/10/09T15:10:50z: AP_STAR tmr
 ets Jan  8 2013,rst cause:4, boot mode:(3,7)

wdt reset
load 0x4010f000, len 1384, room 16 
tail 8
chksum 0x2d
csum 0x2d
v8b899c12
~ld


6.01
 0h00:03.681 2021/10/09T15:30:47z: DS3231
 0h00:03.696 2021/10/09T15:30:47z: BME280 (0x76)
 0h00:03.710 2021/10/09T15:30:47z: 84:f3:eb:7d:7:a8
 0h00:03.712 2021/10/09T15:30:47z: SSID: MU Open
 0h00:03.717 2021/10/09T15:30:47z: AP_STAR tmr
 ets Jan  8 2013,rst cause:4, boot mode:(3,7)

wdt reset
load 0x4010f000, len 1384, room 16 
tail 8
chksum 0x2d
csum 0x2d
v8b899c12
~ld


6.01
 0h00:03.765 2021/10/09T15:50:45z: DS3231
 0h00:03.781 2021/10/09T15:50:45z: BME280 (0x76)
 0h00:03.795 2021/10/09T15:50:45z: 84:f3:eb:7d:7:a8
 0h00:03.796 2021/10/09T15:50:45z: SSID: MU Open
 0h00:03.802 2021/10/09T15:50:45z: AP_STAR tmr
 ets Jan  8 2013,rst cause:4, boot mode:(3,7)

wdt reset
load 0x4010f000, len 1384, room 16 
tail 8
chksum 0x2d
csum 0x2d
v8b899c12
~ld


6.01
 0h00:03.696 2021/10/09T16:10:43z: DS3231
 0h00:03.712 2021/10/09T16:10:43z: BME280 (0x76)
 0h00:03.726 2021/10/09T16:10:43z: 84:f3:eb:7d:7:a8
 0h00:03.727 2021/10/09T16:10:43z: SSID: MU Open
 0h00:03.733 2021/10/09T16:10:43z: AP_STAR tmr
 ets Jan  8 2013,rst cause:4, boot mode:(3,7)

wdt reset
load 0x4010f000, len 1384, room 16 
tail 8
chksum 0x2d
csum 0x2d
v8b899c12
~ld


6.01
 0h00:03.616 2021/10/09T16:30:41z: DS3231
 0h00:03.631 2021/10/09T16:30:41z: BME280 (0x76)
 0h00:03.645 2021/10/09T16:30:41z: 84:f3:eb:7d:7:a8
 0h00:03.647 2021/10/09T16:30:41z: SSID: MU Open
 0h00:03.652 2021/10/09T16:30:41z: AP_STAR tmr
 ets Jan  8 2013,rst cause:4, boot mode:(3,7)

wdt reset
load 0x4010f000, len 1384, room 16 
tail 8
chksum 0x2d
csum 0x2d
v8b899c12
~ld


6.01
 0h00:03.526 2021/10/09T16:50:38z: DS3231
 0h00:03.541 2021/10/09T16:50:38z: BME280 (0x76)
 0h00:03.555 2021/10/09T16:50:38z: 84:f3:eb:7d:7:a8
 0h00:03.557 2021/10/09T16:50:38z: SSID: MU Open
 0h00:03.562 2021/10/09T16:50:38z: AP_STAR tmr
 ets Jan  8 2013,rst cause:4, boot mode:(3,7)

wdt reset
load 0x4010f000, len 1384, room 16 
tail 8
chksum 0x2d
csum 0x2d
v8b899c12
~ld


6.01
 0h00:03.566 2021/10/09T17:10:36z: DS3231
 0h00:03.582 2021/10/09T17:10:36z: BME280 (0x76)
 0h00:03.596 2021/10/09T17:10:36z: 84:f3:eb:7d:7:a8
 0h00:03.598 2021/10/09T17:10:36z: SSID: MU Open
 0h00:03.603 2021/10/09T17:10:36z: AP_STAR tmr
 ets Jan  8 2013,rst cause:4, boot mode:(3,7)

wdt reset
load 0x4010f000, len 1384, room 16 
tail 8
chksum 0x2d
csum 0x2d
v8b899c12
~ld


6.01
 0h00:03.667 2021/10/09T17:30:34z: DS3231
 0h00:03.682 2021/10/09T17:30:34z: BME280 (0x76)
 0h00:03.696 2021/10/09T17:30:34z: 84:f3:eb:7d:7:a8
 0h00:03.698 2021/10/09T17:30:34z: SSID: MU Open
 0h00:03.703 2021/10/09T17:30:34z: AP_STAR tmr
 ets Jan  8 2013,rst cause:4, boot mode:(3,7)

wdt reset
load 0x4010f000, len 1384, room 16 
tail 8
chksum 0x2d
csum 0x2d
v8b899c12
~ld


6.01
 0h00:03.480 2021/10/09T17:50:32z: DS3231
 0h00:03.495 2021/10/09T17:50:32z: BME280 (0x76)
 0h00:03.510 2021/10/09T17:50:32z: 84:f3:eb:7d:7:a8
 0h00:03.511 2021/10/09T17:50:32z: SSID: MU Open
 0h00:03.516 2021/10/09T17:50:32z: AP_STAR tmr
 ets Jan  8 2013,rst cause:4, boot mode:(3,7)

wdt reset
load 0x4010f000, len 1384, room 16 
tail 8
chksum 0x2d
csum 0x2d
v8b899c12
~ld


6.01
 0h00:03.764 2021/10/09T18:10:30z: DS3231
 0h00:03.780 2021/10/09T18:10:30z: BME280 (0x76)
 0h00:03.794 2021/10/09T18:10:30z: 84:f3:eb:7d:7:a8
 0h00:03.796 2021/10/09T18:10:30z: SSID: MU Open
 0h00:03.801 2021/10/09T18:10:30z: AP_STAR tmr
 ets Jan  8 2013,rst cause:4, boot mode:(3,7)

wdt reset
load 0x4010f000, len 1384, room 16 
tail 8
chksum 0x2d
csum 0x2d
v8b899c12
~ld


6.01
 0h00:03.576 2021/10/09T18:30:28z: DS3231
 0h00:03.591 2021/10/09T18:30:28z: BME280 (0x76)
 0h00:03.605 2021/10/09T18:30:28z: 84:f3:eb:7d:7:a8
 0h00:03.607 2021/10/09T18:30:28z: SSID: MU Open
 0h00:03.612 2021/10/09T18:30:28z: AP_STAR tmr
 ets Jan  8 2013,rst cause:4, boot mode:(3,7)

wdt reset
load 0x4010f000, len 1384, room 16 
tail 8
chksum 0x2d
csum 0x2d
v8b899c12
~ld


6.01
 0h00:03.737 2021/10/09T18:50:25z: DS3231
 0h00:03.752 2021/10/09T18:50:25z: BME280 (0x76)
 0h00:03.766 2021/10/09T18:50:25z: 84:f3:eb:7d:7:a8
 0h00:03.768 2021/10/09T18:50:25z: SSID: MU Open
 0h00:03.773 2021/10/09T18:50:25z: AP_STAR tmr
 ets Jan  8 2013,rst cause:4, boot mode:(3,7)

wdt reset
load 0x4010f000, len 1384, room 16 
tail 8
chksum 0x2d
csum 0x2d
v8b899c12
~ld


6.01
 0h00:03.597 2021/10/09T19:10:24z: DS3231
 0h00:03.612 2021/10/09T19:10:24z: BME280 (0x76)
 0h00:03.626 2021/10/09T19:10:24z: 84:f3:eb:7d:7:a8
 0h00:03.628 2021/10/09T19:10:24z: SSID: MU Open
 0h00:03.633 2021/10/09T19:10:24z: AP_STAR tmr
 ets Jan  8 2013,rst cause:4, boot mode:(3,7)

wdt reset
load 0x4010f000, len 1384, room 16 
tail 8
chksum 0x2d
csum 0x2d
v8b899c12
~ld


6.01
 0h00:03.646 2021/10/09T19:30:22z: DS3231
 0h00:03.662 2021/10/09T19:30:22z: BME280 (0x76)
 0h00:03.676 2021/10/09T19:30:22z: 84:f3:eb:7d:7:a8
 0h00:03.677 2021/10/09T19:30:22z: SSID: MU Open
 0h00:03.683 2021/10/09T19:30:22z: AP_STAR tmr
 ets Jan  8 2013,rst cause:4, boot mode:(3,7)

wdt reset
load 0x4010f000, len 1384, room 16 
tail 8
chksum 0x2d
csum 0x2d
v8b899c12
~ld


6.01
 0h00:03.821 2021/10/09T19:50:19z: DS3231
 0h00:03.836 2021/10/09T19:50:19z: BME280 (0x76)
 0h00:03.851 2021/10/09T19:50:19z: 84:f3:eb:7d:7:a8
 0h00:03.852 2021/10/09T19:50:19z: SSID: MU Open
 0h00:03.857 2021/10/09T19:50:19z: AP_STAR tmr
 ets Jan  8 2013,rst cause:4, boot mode:(3,7)

wdt reset
load 0x4010f000, len 1384, room 16 
tail 8
chksum 0x2d
csum 0x2d
v8b899c12
~ld


6.01
 0h00:03.618 2021/10/09T20:10:17z: DS3231
 0h00:03.634 2021/10/09T20:10:17z: BME280 (0x76)
 0h00:03.648 2021/10/09T20:10:17z: 84:f3:eb:7d:7:a8
 0h00:03.649 2021/10/09T20:10:17z: SSID: MU Open
 0h00:03.655 2021/10/09T20:10:17z: AP_STAR tmr
 ets Jan  8 2013,rst cause:4, boot mode:(3,7)

wdt reset
load 0x4010f000, len 1384, room 16 
tail 8
chksum 0x2d
csum 0x2d
v8b899c12
~ld


6.01
 0h00:03.817 2021/10/09T20:30:15z: DS3231
 0h00:03.833 2021/10/09T20:30:15z: BME280 (0x76)
 0h00:03.847 2021/10/09T20:30:15z: 84:f3:eb:7d:7:a8
 0h00:03.849 2021/10/09T20:30:15z: SSID: MU Open
 0h00:03.854 2021/10/09T20:30:15z: AP_STAR tmr
 ets Jan  8 2013,rst cause:4, boot mode:(3,7)

wdt reset
load 0x4010f000, len 1384, room 16 
tail 8
chksum 0x2d
csum 0x2d
v8b899c12
~ld


6.01
 0h00:03.625 2021/10/09T20:50:13z: DS3231
 0h00:03.641 2021/10/09T20:50:13z: BME280 (0x76)
 0h00:03.655 2021/10/09T20:50:13z: 84:f3:eb:7d:7:a8
 0h00:03.656 2021/10/09T20:50:13z: SSID: MU Open
 0h00:03.662 2021/10/09T20:50:13z: AP_STAR tmr
 ets Jan  8 2013,rst cause:4, boot mode:(3,7)

wdt reset
load 0x4010f000, len 1384, room 16 
tail 8
chksum 0x2d
csum 0x2d
v8b899c12
~ld


6.01
 0h00:03.630 2021/10/09T21:10:11z: DS3231
 0h00:03.646 2021/10/09T21:10:11z: BME280 (0x76)
 0h00:03.660 2021/10/09T21:10:11z: 84:f3:eb:7d:7:a8
 0h00:03.662 2021/10/09T21:10:11z: SSID: MU Open
 0h00:03.667 2021/10/09T21:10:11z: AP_STAR tmr
 ets Jan  8 2013,rst cause:4, boot mode:(3,7)

wdt reset
load 0x4010f000, len 1384, room 16 
tail 8
chksum 0x2d
csum 0x2d
v8b899c12
~ld


6.01
 0h00:03.672 2021/10/09T21:30:10z: DS3231
 0h00:03.687 2021/10/09T21:30:10z: BME280 (0x76)
 0h00:03.701 2021/10/09T21:30:10z: 84:f3:eb:7d:7:a8
 0h00:03.703 2021/10/09T21:30:10z: SSID: MU Open
 0h00:03.708 2021/10/09T21:30:10z: AP_STAR tmr
 ets Jan  8 2013,rst cause:4, boot mode:(3,7)

wdt reset
load 0x4010f000, len 1384, room 16 
tail 8
chksum 0x2d
csum 0x2d
v8b899c12
~ld


6.01
 0h00:03.559 2021/10/09T21:50:08z: DS3231
 0h00:03.574 2021/10/09T21:50:08z: BME280 (0x76)
 0h00:03.588 2021/10/09T21:50:08z: 84:f3:eb:7d:7:a8
 0h00:03.590 2021/10/09T21:50:08z: SSID: MU Open
 0h00:03.595 2021/10/09T21:50:08z: AP_STAR tmr
 ets Jan  8 2013,rst cause:4, boot mode:(3,7)

wdt reset
load 0x4010f000, len 1384, room 16 
tail 8
chksum 0x2d
csum 0x2d
v8b899c12
~ld


6.01
 0h00:03.617 2021/10/09T22:10:06z: DS3231
 0h00:03.632 2021/10/09T22:10:06z: BME280 (0x76)
 0h00:03.646 2021/10/09T22:10:06z: 84:f3:eb:7d:7:a8
 0h00:03.648 2021/10/09T22:10:06z: SSID: MU Open
 0h00:03.653 2021/10/09T22:10:06z: AP_STAR tmr
 ets Jan  8 2013,rst cause:4, boot mode:(3,7)

wdt reset
load 0x4010f000, len 1384, room 16 
tail 8
chksum 0x2d
csum 0x2d
v8b899c12
~ld


6.01
 0h00:03.666 2021/10/09T22:30:04z: DS3231
 0h00:03.681 2021/10/09T22:30:04z: BME280 (0x76)
 0h00:03.695 2021/10/09T22:30:04z: 84:f3:eb:7d:7:a8
 0h00:03.697 2021/10/09T22:30:04z: SSID: MU Open
 0h00:03.702 2021/10/09T22:30:04z: AP_STAR tmr
 ets Jan  8 2013,rst cause:4, boot mode:(3,7)

wdt reset
load 0x4010f000, len 1384, room 16 
tail 8
chksum 0x2d
csum 0x2d
v8b899c12
~ld


6.01
 0h00:03.678 2021/10/09T22:50:02z: DS3231
 0h00:03.693 2021/10/09T22:50:02z: BME280 (0x76)
 0h00:03.707 2021/10/09T22:50:02z: 84:f3:eb:7d:7:a8
 0h00:03.709 2021/10/09T22:50:02z: SSID: MU Open
 0h00:03.714 2021/10/09T22:50:02z: AP_STAR tmr
 ets Jan  8 2013,rst cause:4, boot mode:(3,7)

wdt reset
load 0x4010f000, len 1384, room 16 
tail 8
chksum 0x2d
csum 0x2d
v8b899c12
~ld


6.01
 0h00:03.791 2021/10/09T23:10:00z: DS3231
 0h00:03.806 2021/10/09T23:10:00z: BME280 (0x76)
 0h00:03.820 2021/10/09T23:10:00z: 84:f3:eb:7d:7:a8
 0h00:03.822 2021/10/09T23:10:00z: SSID: MU Open
 0h00:03.827 2021/10/09T23:10:00z: AP_STAR tmr
 ets Jan  8 2013,rst cause:4, boot mode:(3,7)

wdt reset
load 0x4010f000, len 1384, room 16 
tail 8
chksum 0x2d
csum 0x2d
v8b899c12
~ld


6.01
 0h00:03.773 2021/10/09T23:29:58z: DS3231
 0h00:03.788 2021/10/09T23:29:58z: BME280 (0x76)
 0h00:03.802 2021/10/09T23:29:58z: 84:f3:eb:7d:7:a8
 0h00:03.804 2021/10/09T23:29:58z: SSID: MU Open
 0h00:03.809 2021/10/09T23:29:58z: AP_STAR tmr
 ets Jan  8 2013,rst cause:4, boot mode:(3,7)

wdt reset
load 0x4010f000, len 1384, room 16 
tail 8
chksum 0x2d
csum 0x2d
v8b899c12
~ld


6.01
 0h00:03.987 2021/10/09T23:49:57z: DS3231
 0h00:04.002 2021/10/09T23:49:57z: BME280 (0x76)
 0h00:04.016 2021/10/09T23:49:57z: 84:f3:eb:7d:7:a8
 0h00:04.018 2021/10/09T23:49:57z: SSID: MU Open
 0h00:04.023 2021/10/09T23:49:57z: AP_STA