R tmr
 ets Jan  8 2013,rst cause:4, boot mode:(3,7)

wdt reset
load 0x4010f000, len 1384, room 16 
tail 8
chksum 0x2d
csum 0x2d
v8b899c12
~ld


6.01
 0h00:03.802 2021/10/11T00:07:58z: DS3231
 0h00:03.817 2021/10/11T00:07:58z: BME280 (0x76)
 0h00:03.831 2021/10/11T00:07:58z: 84:f3:eb:7d:7:a8
 0h00:03.833 2021/10/11T00:07:58z: SSID: MU Open
 0h00:03.838 2021/10/11T00:07:58z: AP_STAR tmr
 ets Jan  8 2013,rst cause:4, boot mode:(3,7)

wdt reset
load 0x4010f000, len 1384, room 16 
tail 8
chksum 0x2d
csum 0x2d
v8b899c12
~ld


6.01
 0h00:03.808 2021/10/11T00:27:57z: DS3231
 0h00:03.823 2021/10/11T00:27:57z: BME280 (0x76)
 0h00:03.837 2021/10/11T00:27:57z: 84:f3:eb:7d:7:a8
 0h00:03.839 2021/10/11T00:27:57z: SSID: MU Open
 0h00:03.844 2021/10/11T00:27:57z: AP_STAR tmr
 ets Jan  8 2013,rst cause:4, boot mode:(3,7)

wdt reset
load 0x4010f000, len 1384, room 16 
tail 8
chksum 0x2d
csum 0x2d
v8b899c12
~ld


6.01
 0h00:03.914 2021/10/11T00:47:57z: DS3231
 0h00:03.929 2021/10/11T00:47:57z: BME280 (0x76)
 0h00:03.943 2021/10/11T00:47:57z: 84:f3:eb:7d:7:a8
 0h00:03.945 2021/10/11T00:47:57z: SSID: MU Open
 0h00:03.950 2021/10/11T00:47:57z: AP_STAR tmr
 ets Jan  8 2013,rst cause:4, boot mode:(3,7)

wdt reset
load 0x4010f000, len 1384, room 16 
tail 8
chksum 0x2d
csum 0x2d
v8b899c12
~ld


6.01
 0h00:03.917 2021/10/11T01:07:55z: DS3231
 0h00:03.932 2021/10/11T01:07:55z: BME280 (0x76)
 0h00:03.946 2021/10/11T01:07:55z: 84:f3:eb:7d:7:a8
 0h00:03.948 2021/10/11T01:07:55z: SSID: MU Open
 0h00:03.953 2021/10/11T01:07:55z: AP_STAR tmr
 ets Jan  8 2013,rst cause:4, boot mode:(3,7)

wdt reset
load 0x4010f000, len 1384, room 16 
tail 8
chksum 0x2d
csum 0x2d
v8b899c12
~ld


6.01
 0h00:03.799 2021/10/11T01:27:54z: DS3231
 0h00:03.814 2021/10/11T01:27:54z: BME280 (0x76)
 0h00:03.829 2021/10/11T01:27:54z: 84:f3:eb:7d:7:a8
 0h00:03.830 2021/10/11T01:27:54z: SSID: MU Open
 0h00:03.835 2021/10/11T01:27:54z: AP_STAR tmr
 ets Jan  8 2013,rst cause:4, boot mode:(3,7)

wdt reset
load 0x4010f000, len 1384, room 16 
tail 8
chksum 0x2d
csum 0x2d
v8b899c12
~ld


6.01
 0h00:03.892 2021/10/11T01:47:53z: DS3231
 0h00:03.907 2021/10/11T01:47:53z: BME280 (0x76)
 0h00:03.921 2021/10/11T01:47:53z: 84:f3:eb:7d:7:a8
 0h00:03.923 2021/10/11T01:47:53z: SSID: MU Open
 0h00:03.928 2021/10/11T01:47:53z: AP_STAR tmr
 ets Jan  8 2013,rst cause:4, boot mode:(3,7)

wdt reset
load 0x4010f000, len 1384, room 16 
tail 8
chksum 0x2d
csum 0x2d
v8b899c12
~ld


6.01
 0h00:03.770 2021/10/11T02:07:52z: DS3231
 0h00:03.786 2021/10/11T02:07:52z: BME280 (0x76)
 0h00:03.800 2021/10/11T02:07:52z: 84:f3:eb:7d:7:a8
 0h00:03.801 2021/10/11T02:07:52z: SSID: MU Open
 0h00:03.807 2021/10/11T02:07:52z: AP_STAR tmr
 ets Jan  8 2013,rst cause:4, boot mode:(3,7)

wdt reset
load 0x4010f000, len 1384, room 16 
tail 8
chksum 0x2d
csum 0x2d
v8b899c12
~ld


6.01
 0h00:03.876 2021/10/11T02:27:50z: DS3231
 0h00:03.891 2021/10/11T02:27:50z: BME280 (0x76)
 0h00:03.905 2021/10/11T02:27:50z: 84:f3:eb:7d:7:a8
 0h00:03.907 2021/10/11T02:27:50z: SSID: MU Open
 0h00:03.912 2021/10/11T02:27:50z: AP_STAR tmr
 ets Jan  8 2013,rst cause:4, boot mode:(3,7)

wdt reset
load 0x4010f000, len 1384, room 16 
tail 8
chksum 0x2d
csum 0x2d
v8b899c12
~ld


6.01
 0h00:03.879 2021/10/11T02:47:48z: DS3231
 0h00:03.895 2021/10/11T02:47:48z: BME280 (0x76)
 0h00:03.909 2021/10/11T02:47:48z: 84:f3:eb:7d:7:a8
 0h00:03.910 2021/10/11T02:47:48z: SSID: MU Open
 0h00:03.916 2021/10/11T02:47:48z: AP_STAR tmr
 ets Jan  8 2013,rst cause:4, boot mode:(3,7)

wdt reset
load 0x4010f000, len 1384, room 16 
tail 8
chksum 0x2d
csum 0x2d
v8b899c12
~ld


6.01
 0h00:03.883 2021/10/11T03:07:46z: DS3231
 0h00:03.898 2021/10/11T03:07:46z: BME280 (0x76)
 0h00:03.912 2021/10/11T03:07:46z: 84:f3:eb:7d:7:a8
 0h00:03.914 2021/10/11T03:07:46z: SSID: MU Open
 0h00:03.919 2021/10/11T03:07:46z: AP_STAR tmr
 ets Jan  8 2013,rst cause:4, boot mode:(3,7)

wdt reset
load 0x4010f000, len 1384, room 16 
tail 8
chksum 0x2d
csum 0x2d
v8b899c12
~ld


6.01
 0h00:03.863 2021/10/11T03:27:45z: DS3231
 0h00:03.878 2021/10/11T03:27:45z: BME280 (0x76)
 0h00:03.892 2021/10/11T03:27:45z: 84:f3:eb:7d:7:a8
 0h00:03.894 2021/10/11T03:27:45z: SSID: MU Open
 0h00:03.899 2021/10/11T03:27:45z: AP_STAR tmr
 ets Jan  8 2013,rst cause:4, boot mode:(3,7)

wdt reset
load 0x4010f000, len 1384, room 16 
tail 8
chksum 0x2d
csum 0x2d
v8b899c12
~ld


6.01
 0h00:03.799 2021/10/11T03:47:44z: DS3231
 0h00:03.815 2021/10/11T03:47:44z: BME280 (0x76)
 0h00:03.829 2021/10/11T03:47:44z: 84:f3:eb:7d:7:a8
 0h00:03.830 2021/10/11T03:47:44z: SSID: MU Open
 0h00:03.836 2021/10/11T03:47:44z: AP_STAR tmr
 ets Jan  8 2013,rst cause:4, boot mode:(3,7)

wdt reset
load 0x4010f000, len 1384, room 16 
tail 8
chksum 0x2d
csum 0x2d
v8b899c12
~ld


6.01
 0h00:03.915 2021/10/11T04:07:42z: DS3231
 0h00:03.930 2021/10/11T04:07:42z: BME280 (0x76)
 0h00:03.944 2021/10/11T04:07:42z: 84:f3:eb:7d:7:a8
 0h00:03.946 2021/10/11T04:07:42z: SSID: MU Open
 0h00:03.951 2021/10/11T04:07:42z: AP_STAR tmr
 ets Jan  8 2013,rst cause:4, boot mode:(3,7)

wdt reset
load 0x4010f000, len 1384, room 16 
tail 8
chksum 0x2d
csum 0x2d
v8b899c12
~ld


6.01
 0h00:03.890 2021/10/11T04:27:40z: DS3231
 0h00:03.906 2021/10/11T04:27:41z: BME280 (0x76)
 0h00:03.920 2021/10/11T04:27:41z: 84:f3:eb:7d:7:a8
 0h00:03.922 2021/10/11T04:27:41z: SSID: MU Open
 0h00:03.927 2021/10/11T04:27:41z: AP_STAR tmr
 ets Jan  8 2013,rst cause:4, boot mode:(3,7)

wdt reset
load 0x4010f000, len 1384, room 16 
tail 8
chksum 0x2d
csum 0x2d
v8b899c12
~ld


6.01
 0h00:03.758 2021/10/11T04:47:39z: DS3231
 0h00:03.774 2021/10/11T04:47:39z: BME280 (0x76)
 0h00:03.788 2021/10/11T04:47:39z: 84:f3:eb:7d:7:a8
 0h00:03.790 2021/10/11T04:47:39z: SSID: MU Open
 0h00:03.795 2021/10/11T04:47:39z: AP_STAR tmr
 ets Jan  8 2013,rst cause:4, boot mode:(3,7)

wdt reset
load 0x4010f000, len 1384, room 16 
tail 8
chksum 0x2d
csum 0x2d
v8b899c12
~ld


6.01
 0h00:03.864 2021/10/11T05:07:37z: DS3231
 0h00:03.879 2021/10/11T05:07:37z: BME280 (0x76)
 0h00:03.893 2021/10/11T05:07:37z: 84:f3:eb:7d:7:a8
 0h00:03.895 2021/10/11T05:07:37z: SSID: MU Open
 0h00:03.900 2021/10/11T05:07:37z: AP_STAR tmr
 ets Jan  8 2013,rst cause:4, boot mode:(3,7)

wdt reset
load 0x4010f000, len 1384, room 16 
tail 8
chksum 0x2d
csum 0x2d
v8b899c12
~ld


6.01
 0h00:03.753 2021/10/11T05:27:35z: DS3231
 0h00:03.768 2021/10/11T05:27:35z: BME280 (0x76)
 0h00:03.782 2021/10/11T05:27:35z: 84:f3:eb:7d:7:a8
 0h00:03.784 2021/10/11T05:27:35z: SSID: MU Open
 0h00:03.789 2021/10/11T05:27:35z: AP_STAR tmr
 ets Jan  8 2013,rst cause:4, boot mode:(3,7)

wdt reset
load 0x4010f000, len 1384, room 16 
tail 8
chksum 0x2d
csum 0x2d
v8b899c12
~ld


6.01
 0h00:03.746 2021/10/11T05:47:33z: DS3231
 0h00:03.761 2021/10/11T05:47:33z: BME280 (0x76)
 0h00:03.775 2021/10/11T05:47:33z: 84:f3:eb:7d:7:a8
 0h00:03.777 2021/10/11T05:47:33z: SSID: MU Open
 0h00:03.782 2021/10/11T05:47:33z: AP_STAR tmr
 ets Jan  8 2013,rst cause:4, boot mode:(3,7)

wdt reset
load 0x4010f000, len 1384, room 16 
tail 8
chksum 0x2d
csum 0x2d
v8b899c12
~ld


6.01
 0h00:03.815 2021/10/11T06:07:32z: DS3231
 0h00:03.830 2021/10/11T06:07:32z: BME280 (0x76)
 0h00:03.845 2021/10/11T06:07:32z: 84:f3:eb:7d:7:a8
 0h00:03.846 2021/10/11T06:07:32z: SSID: MU Open
 0h00:03.851 2021/10/11T06:07:32z: AP_STAR tmr
 ets Jan  8 2013,rst cause:4, boot mode:(3,7)

wdt reset
load 0x4010f000, len 1384, room 16 
tail 8
chksum 0x2d
csum 0x2d
v8b899c12
~ld


6.01
 0h00:03.889 2021/10/11T06:27:31z: DS3231
 0h00:03.904 2021/10/11T06:27:31z: BME280 (0x76)
 0h00:03.918 2021/10/11T06:27:31z: 84:f3:eb:7d:7:a8
 0h00:03.920 2021/10/11T06:27:31z: SSID: MU Open
 0h00:03.925 2021/10/11T06:27:31z: AP_STAR tmr
 ets Jan  8 2013,rst cause:4, boot mode:(3,7)

wdt reset
load 0x4010f000, len 1384, room 16 
tail 8
chksum 0x2d
csum 0x2d
v8b899c12
~ld


6.01
 0h00:03.893 2021/10/11T06:47:29z: DS3231
 0h00:03.909 2021/10/11T06:47:29z: BME280 (0x76)
 0h00:03.923 2021/10/11T06:47:29z: 84:f3:eb:7d:7:a8
 0h00:03.925 2021/10/11T06:47:29z: SSID: MU Open
 0h00:03.930 2021/10/11T06:47:29z: AP_STAR tmr
 ets Jan  8 2013,rst cause:4, boot mode:(3,7)

wdt reset
load 0x4010f000, len 1384, room 16 
tail 8
chksum 0x2d
csum 0x2d
v8b899c12
~ld


6.01
 0h00:03.912 2021/10/11T07:07:27z: DS3231
 0h00:03.928 2021/10/11T07:07:27z: BME280 (0x76)
 0h00:03.942 2021/10/11T07:07:27z: 84:f3:eb:7d:7:a8
 0h00:03.944 2021/10/11T07:07:27z: SSID: MU Open
 0h00:03.949 2021/10/11T07:07:27z: AP_STAR tmr
 ets Jan  8 2013,rst cause:4, boot mode:(3,7)

wdt reset
load 0x4010f000, len 1384, room 16 
tail 8
chksum 0x2d
csum 0x2d
v8b899c12
~ld


6.01
 0h00:03.888 2021/10/11T07:27:25z: DS3231
 0h00:03.904 2021/10/11T07:27:25z: BME280 (0x76)
 0h00:03.918 2021/10/11T07:27:26z: 84:f3:eb:7d:7:a8
 0h00:03.920 2021/10/11T07:27:26z: SSID: MU Open
 0h00:03.925 2021/10/11T07:27:26z: AP_STAR tmr
 ets Jan  8 2013,rst cause:4, boot mode:(3,7)

wdt reset
load 0x4010f000, len 1384, room 16 
tail 8
chksum 0x2d
csum 0x2d
v8b899c12
~ld


6.01
 0h00:03.817 2021/10/11T07:47:23z: DS3231
 0h00:03.832 2021/10/11T07:47:23z: BME280 (0x76)
 0h00:03.846 2021/10/11T07:47:24z: 84:f3:eb:7d:7:a8
 0h00:03.848 2021/10/11T07:47:24z: SSID: MU Open
 0h00:03.853 2021/10/11T07:47:24z: AP_STAR tmr
 ets Jan  8 2013,rst cause:4, boot mode:(3,7)

wdt reset
load 0x4010f000, len 1384, room 16 
tail 8
chksum 0x2d
csum 0x2d
v8b899c12
~ld


6.01
 0h00:03.935 2021/10/11T08:07:22z: DS3231
 0h00:03.951 2021/10/11T08:07:22z: BME280 (0x76)
 0h00:03.965 2021/10/11T08:07:22z: 84:f3:eb:7d:7:a8
 0h00:03.967 2021/10/11T08:07:22z: SSID: MU Open
 0h00:03.972 2021/10/11T08:07:22z: AP_STAR tmr
 ets Jan  8 2013,rst cause:4, boot mode:(3,7)

wdt reset
load 0x4010f000, len 1384, room 16 
tail 8
chksum 0x2d
csum 0x2d
v8b899c12
~ld


6.01
 0h00:03.921 2021/10/11T08:27:20z: DS3231
 0h00:03.937 2021/10/11T08:27:20z: BME280 (0x76)
 0h00:03.951 2021/10/11T08:27:20z: 84:f3:eb:7d:7:a8
 0h00:03.953 2021/10/11T08:27:20z: SSID: MU Open
 0h00:03.958 2021/10/11T08:27:20z: AP_STAR tmr
 ets Jan  8 2013,rst cause:4, boot mode:(3,7)

wdt reset
load 0x4010f000, len 1384, room 16 
tail 8
chksum 0x2d
csum 0x2d
v8b899c12
~ld


6.01
 0h00:03.851 2021/10/11T08:47:18z: DS3231
 0h00:03.866 2021/10/11T08:47:18z: BME280 (0x76)
 0h00:03.880 2021/10/11T08:47:18z: 84:f3:eb:7d:7:a8
 0h00:03.882 2021/10/11T08:47:18z: SSID: MU Open
 0h00:03.887 2021/10/11T08:47:18z: AP_STAR tmr
 ets Jan  8 2013,rst cause:4, boot mode:(3,7)

wdt reset
load 0x4010f000, len 1384, room 16 
tail 8
chksum 0x2d
csum 0x2d
v8b899c12
~ld


6.01
 0h00:03.812 2021/10/11T09:07:16z: DS3231
 0h00:03.827 2021/10/11T09:07:16z: BME280 (0x76)
 0h00:03.841 2021/10/11T09:07:16z: 84:f3:eb:7d:7:a8
 0h00:03.843 2021/10/11T09:07:16z: SSID: MU Open
 0h00:03.848 2021/10/11T09:07:16z: AP_STAR tmr
 ets Jan  8 2013,rst cause:4, boot mode:(3,7)

wdt reset
load 0x4010f000, len 1384, room 16 
tail 8
chksum 0x2d
csum 0x2d
v8b899c12
~ld


6.01
 0h00:03.654 2021/10/11T09:27:15z: DS3231
 0h00:03.669 2021/10/11T09:27:15z: BME280 (0x76)
 0h00:03.683 2021/10/11T09:27:15z: 84:f3:eb:7d:7:a8
 0h00:03.685 2021/10/11T09:27:15z: SSID: MU Open
 0h00:03.690 2021/10/11T09:27:15z: AP_STAR tmr
 ets Jan  8 2013,rst cause:4, boot mode:(3,7)

wdt reset
load 0x4010f000, len 1384, room 16 
tail 8
chksum 0x2d
csum 0x2d
v8b899c12
~ld


6.01
 0h00:03.540 2021/10/11T09:47:13z: DS3231
 0h00:03.555 2021/10/11T09:47:13z: BME280 (0x76)
 0h00:03.569 2021/10/11T09:47:13z: 84:f3:eb:7d:7:a8
 0h00:03.571 2021/10/11T09:47:13z: SSID: MU Open
 0h00:03.576 2021/10/11T09:47:13z: AP_STAR tmr
 ets Jan  8 2013,rst cause:4, boot mode:(3,7)

wdt reset
load 0x4010f000, len 1384, room 16 
tail 8
chksum 0x2d
csum 0x2d
v8b899c12
~ld


6.01
 0h00:03.728 2021/10/11T10:07:11z: DS3231
 0h00:03.743 2021/10/11T10:07:11z: BME280 (0x76)
 0h00:03.758 2021/10/11T10:07:11z: 84:f3:eb:7d:7:a8
 0h00:03.759 2021/10/11T10:07:11z: SSID: MU Open
 0h00:03.764 2021/10/11T10:07:11z: AP_STAR tmr
 ets Jan  8 2013,rst cause:4, boot mode:(3,7)

wdt reset
load 0x4010f000, len 1384, room 16 
tail 8
chksum 0x2d
csum 0x2d
v8b899c12
~ld


6.01
 0h00:03.675 2021/10/11T10:27:09z: DS3231
 0h00:03.690 2021/10/11T10:27:09z: BME280 (0x76)
 0h00:03.704 2021/10/11T10:27:09z: 84:f3:eb:7d:7:a8
 0h00:03.706 2021/10/11T10:27:09z: SSID: MU Open
 0h00:03.711 2021/10/11T10:27:09z: AP_STAR tmr
 ets Jan  8 2013,rst cause:4, boot mode:(3,7)

wdt reset
load 0x4010f000, len 1384, room 16 
tail 8
chksum 0x2d
csum 0x2d
v8b899c12
~ld


6.01
 0h00:03.853 2021/10/11T10:47:07z: DS3231
 0h00:03.868 2021/10/11T10:47:07z: BME280 (0x76)
 0h00:03.882 2021/10/11T10:47:07z: 84:f3:eb:7d:7:a8
 0h00:03.884 2021/10/11T10:47:07z: SSID: MU Open
 0h00:03.889 2021/10/11T10:47:07z: AP_STAR tmr
 ets Jan  8 2013,rst cause:4, boot mode:(3,7)

wdt reset
load 0x4010f000, len 1384, room 16 
tail 8
chksum 0x2d
csum 0x2d
v8b899c12
~ld


6.01
 0h00:03.891 2021/10/11T11:07:06z: DS3231
 0h00:03.906 2021/10/11T11:07:06z: BME280 (0x76)
 0h00:03.920 2021/10/11T11:07:06z: 84:f3:eb:7d:7:a8
 0h00:03.922 2021/10/11T11:07:06z: SSID: MU Open
 0h00:03.927 2021/10/11T11:07:06z: AP_STAR tmr
 ets Jan  8 2013,rst cause:4, boot mode:(3,7)

wdt reset
load 0x4010f000, len 1384, room 16 
tail 8
chksum 0x2d
csum 0x2d
v8b899c12
~ld


6.01
 0h00:03.884 2021/10/11T11:27:04z: DS3231
 0h00:03.900 2021/10/11T11:27:05z: BME280 (0x76)
 0h00:03.914 2021/10/11T11:27:05z: 84:f3:eb:7d:7:a8
 0h00:03.916 2021/10/11T11:27:05z: SSID: MU Open
 0h00:03.921 2021/10/11T11:27:05z: AP_STAR tmr
 ets Jan  8 2013,rst cause:4, boot mode:(3,7)

wdt reset
load 0x4010f000, len 1384, room 16 
tail 8
chksum 0x2d
csum 0x2d
v8b899c12
~ld


6.01
 0h00:04.019 2021/10/11T11:47:04z: DS3231
 0h00:04.035 2021/10/11T11:47:04z: BME280 (0x76)
 0h00:04.049 2021/10/11T11:47:04z: 84:f3:eb:7d:7:a8
 0h00:04.051 2021/10/11T11:47:04z: SSID: MU Open
 0h00:04.056 2021/10/11T11:47:04z: AP_STAR tmr
 ets Jan  8 2013,rst cause:4, boot mode:(3,7)

wdt reset
load 0x4010f000, len 1384, room 16 
tail 8
chksum 0x2d
csum 0x2d
v8b899c12
~ld


6.01
 0h00:03.799 2021/10/11T12:07:02z: DS3231
 0h00:03.814 2021/10/11T12:07:02z: BME280 (0x76)
 0h00:03.828 2021/10/11T12:07:02z: 84:f3:eb:7d:7:a8
 0h00:03.830 2021/10/11T12:07:02z: SSID: MU Open
 0h00:03.835 2021/10/11T12:07:02z: AP_STAR tmr
 ets Jan  8 2013,rst cause:4, boot mode:(3,7)

wdt reset
load 0x4010f000, len 1384, room 16 
tail 8
chksum 0x2d
csum 0x2d
v8b899c12
~ld


6.01
 0h00:03.756 2021/10/11T12:27:01z: DS3231
 0h00:03.771 2021/10/11T12:27:01z: BME280 (0x76)
 0h00:03.785 2021/10/11T12:27:01z: 84:f3:eb:7d:7:a8
 0h00:03.787 2021/10/11T12:27:01z: SSID: MU Open
 0h00:03.792 2021/10/11T12:27:01z: AP_STAR tmr
 ets Jan  8 2013,rst cause:4, boot mode:(3,7)

wdt reset
load 0x4010f000, len 1384, room 16 
tail 8
chksum 0x2d
csum 0x2d
v8b899c12
~ld


6.01
 0h00:03.907 2021/10/11T12:46:59z: DS3231
 0h00:03.922 2021/10/11T12:46:59z: BME280 (0x76)
 0h00:03.937 2021/10/11T12:46:59z: 84:f3:eb:7d:7:a8
 0h00:03.938 2021/10/11T12:46:59z: SSID: MU Open
 0h00:03.943 2021/10/11T12:46:59z: AP_STAR tmr
 ets Jan  8 2013,rst cause:4, boot mode:(3,7)

wdt reset
load 0x4010f000, len 1384, room 16 
tail 8
chksum 0x2d
csum 0x2d
v8b899c12
~ld


6.01
 0h00:03.817 2021/10/11T13:06:57z: DS3231
 0h00:03.832 2021/10/11T13:06:57z: BME280 (0x76)
 0h00:03.846 2021/10/11T13:06:57z: 84:f3:eb:7d:7:a8
 0h00:03.848 2021/10/11T13:06:57z: SSID: MU Open
 0h00:03.853 2021/10/11T13:06:58z: AP_STAR tmr
 ets Jan  8 2013,rst cause:4, boot mode:(3,7)

wdt reset
load 0x4010f000, len 1384, room 16 
tail 8
chksum 0x2d
csum 0x2d
v8b899c12
~ld


6.01
 0h00:03.761 2021/10/11T13:26:56z: DS3231
 0h00:03.777 2021/10/11T13:26:56z: BME280 (0x76)
 0h00:03.791 2021/10/11T13:26:56z: 84:f3:eb:7d:7:a8
 0h00:03.792 2021/10/11T13:26:56z: SSID: MU Open
 0h00:03.798 2021/10/11T13:26:56z: AP_STAR tmr
 ets Jan  8 2013,rst cause:4, boot mode:(3,7)

wdt reset
load 0x4010f000, len 1384, room 16 
tail 8
chksum 0x2d
csum 0x2d
v8b899c12
~ld


6.01
 0h00:03.666 2021/10/11T13:46:55z: DS3231
 0h00:03.681 2021/10/11T13:46:55z: BME280 (0x76)
 0h00:03.695 2021/10/11T13:46:55z: 84:f3:eb:7d:7:a8
 0h00:03.697 2021/10/11T13:46:55z: SSID: MU Open
 0h00:03.702 2021/10/11T13:46:55z: AP_STAR tmr
 ets Jan  8 2013,rst cause:4, boot mode:(3,7)

wdt reset
load 0x4010f000, len 1384, room 16 
tail 8
chksum 0x2d
csum 0x2d
v8b899c12
~ld


6.01
 0h00:03.831 2021/10/11T14:06:54z: DS3231
 0h00:03.846 2021/10/11T14:06:54z: BME280 (0x76)
 0h00:03.860 2021/10/11T14:06:54z: 84:f3:eb:7d:7:a8
 0h00:03.862 2021/10/11T14:06:54z: SSID: MU Open
 0h00:03.867 2021/10/11T14:06:54z: AP_STAR tmr
 ets Jan  8 2013,rst cause:4, boot mode:(3,7)

wdt reset
load 0x4010f000, len 1384, room 16 
tail 8
chksum 0x2d
csum 0x2d
v8b899c12
~ld


6.01
 0h00:03.845 2021/10/11T14:26:52z: DS3231
 0h00:03.861 2021/10/11T14:26:52z: BME280 (0x76)
 0h00:03.875 2021/10/11T14:26:52z: 84:f3:eb:7d:7:a8
 0h00:03.877 2021/10/11T14:26:52z: SSID: MU Open
 0h00:03.882 2021/10/11T14:26:52z: AP_STAR tmr
 ets Jan  8 2013,rst cause:4, boot mode:(3,7)

wdt reset
load 0x4010f000, len 1384, room 16 
tail 8
chksum 0x2d
csum 0x2d
v8b899c12
~ld


6.01
 0h00:03.855 2021/10/11T14:46:50z: DS3231
 0h00:03.870 2021/10/11T14:46:50z: BME280 (0x76)
 0h00:03.884 2021/10/11T14:46:50z: 84:f3:eb:7d:7:a8
 0h00:03.886 2021/10/11T14:46:50z: SSID: MU Open
 0h00:03.891 2021/10/11T14:46:50z: AP_STAR tmr
 ets Jan  8 2013,rst cause:4, boot mode:(3,7)

wdt reset
load 0x4010f000, len 1384, room 16 
tail 8
chksum 0x2d
csum 0x2d
v8b899c12
~ld


6.01
 0h00:03.876 2021/10/11T15:06:48z: DS3231
 0h00:03.891 2021/10/11T15:06:48z: BME280 (0x76)
 0h00:03.906 2021/10/11T15:06:48z: 84:f3:eb:7d:7:a8
 0h00:03.907 2021/10/11T15:06:48z: SSID: MU Open
 0h00:03.912 2021/10/11T15:06:48z: AP_STAR tmr
 ets Jan  8 2013,rst cause:4, boot mode:(3,7)

wdt reset
load 0x4010f000, len 1384, room 16 
tail 8
chksum 0x2d
csum 0x2d
v8b899c12
~ld


6.01
 0h00:03.906 2021/10/11T15:26:47z: DS3231
 0h00:03.921 2021/10/11T15:26:47z: BME280 (0x76)
 0h00:03.936 2021/10/11T15:26:47z: 84:f3:eb:7d:7:a8
 0h00:03.937 2021/10/11T15:26:47z: SSID: MU Open
 0h00:03.942 2021/10/11T15:26:47z: AP_STAR tmr
 ets Jan  8 2013,rst cause:4, boot mode:(3,7)

wdt reset
load 0x4010f000, len 1384, room 16 
tail 8
chksum 0x2d
csum 0x2d
v8b899c12
~ld


6.01
 0h00:03.838 2021/10/11T15:46:46z: DS3231
 0h00:03.854 2021/10/11T15:46:46z: BME280 (0x76)
 0h00:03.868 2021/10/11T15:46:46z: 84:f3:eb:7d:7:a8
 0h00:03.870 2021/10/11T15:46:46z: SSID: MU Open
 0h00:03.875 2021/10/11T15:46:46z: AP_STAR tmr
 ets Jan  8 2013,rst cause:4, boot mode:(3,7)

wdt reset
load 0x4010f000, len 1384, room 16 
tail 8
chksum 0x2d
csum 0x2d
v8b899c12
~ld


6.01
 0h00:03.860 2021/10/11T16:06:44z: DS3231
 0h00:03.875 2021/10/11T16:06:44z: BME280 (0x76)
 0h00:03.890 2021/10/11T16:06:44z: 84:f3:eb:7d:7:a8
 0h00:03.891 2021/10/11T16:06:44z: SSID: MU Open
 0h00:03.896 2021/10/11T16:06:44z: AP_STAR tmr
 ets Jan  8 2013,rst cause:4, boot mode:(3,7)

wdt reset
load 0x4010f000, len 1384, room 16 
tail 8
chksum 0x2d
csum 0x2d
v8b899c12
~ld


6.01
 0h00:03.650 2021/10/11T16:26:43z: DS3231
 0h00:03.665 2021/10/11T16:26:43z: BME280 (0x76)
 0h00:03.679 2021/10/11T16:26:43z: 84:f3:eb:7d:7:a8
 0h00:03.681 2021/10/11T16:26:43z: SSID: MU Open
 0h00:03.686 2021/10/11T16:26:43z: AP_STAR tmr
 ets Jan  8 2013,rst cause:4, boot mode:(3,7)

wdt reset
load 0x4010f000, len 1384, room 16 
tail 8
chksum 0x2d
csum 0x2d
v8b899c12
~ld


6.01
 0h00:03.863 2021/10/11T16:46:41z: DS3231
 0h00:03.878 2021/10/11T16:46:41z: BME280 (0x76)
 0h00:03.892 2021/10/11T16:46:41z: 84:f3:eb:7d:7:a8
 0h00:03.894 2021/10/11T16:46:41z: SSID: MU Open
 0h00:03.899 2021/10/11T16:46:41z: AP_STAR tmr
 ets Jan  8 2013,rst cause:4, boot mode:(3,7)

wdt reset
load 0x4010f000, len 1384, room 16 
tail 8
chksum 0x2d
csum 0x2d
v8b899c12
~ld


6.01
 0h00:03.950 2021/10/11T17:06:40z: DS3231
 0h00:03.965 2021/10/11T17:06:40z: BME280 (0x76)
 0h00:03.979 2021/10/11T17:06:40z: 84:f3:eb:7d:7:a8
 0h00:03.981 2021/10/11T17:06:40z: SSID: MU Open
 0h00:03.986 2021/10/11T17:06:40z: AP_STAR tmr
 ets Jan  8 2013,rst cause:4, boot mode:(3,7)

wdt reset
load 0x4010f000, len 1384, room 16 
tail 8
chksum 0x2d
csum 0x2d
v8b899c12
~ld


6.01
 0h00:03.885 2021/10/11T17:26:39z: DS3231
 0h00:03.900 2021/10/11T17:26:39z: BME280 (0x76)
 0h00:03.914 2021/10/11T17:26:39z: 84:f3:eb:7d:7:a8
 0h00:03.916 2021/10/11T17:26:39z: SSID: MU Open
 0h00:03.921 2021/10/11T17:26:39z: AP_STAR tmr
 ets Jan  8 2013,rst cause:4, boot mode:(3,7)

wdt reset
load 0x4010f000, len 1384, room 16 
tail 8
chksum 0x2d
csum 0x2d
v8b899c12
~ld


6.01
 0h00:03.863 2021/10/11T17:46:38z: DS3231
 0h00:03.878 2021/10/11T17:46:38z: BME280 (0x76)
 0h00:03.892 2021/10/11T17:46:38z: 84:f3:eb:7d:7:a8
 0h00:03.894 2021/10/11T17:46:38z: SSID: MU Open
 0h00:03.899 2021/10/11T17:46:38z: AP_STAR tmr
 ets Jan  8 2013,rst cause:4, boot mode:(3,7)

wdt reset
load 0x4010f000, len 1384, room 16 
tail 8
chksum 0x2d
csum 0x2d
v8b899c12
~ld


6.01
 0h00:03.883 2021/10/11T18:06:37z: DS3231
 0h00:03.898 2021/10/11T18:06:37z: BME280 (0x76)
 0h00:03.912 2021/10/11T18:06:37z: 84:f3:eb:7d:7:a8
 0h00:03.914 2021/10/11T18:06:37z: SSID: MU Open
 0h00:03.919 2021/10/11T18:06:37z: AP_STAR tmr
 ets Jan  8 2013,rst cause:4, boot mode:(3,7)

wdt reset
load 0x4010f000, len 1384, room 16 
tail 8
chksum 0x2d
csum 0x2d
v8b899c12
~ld


6.01
 0h00:03.867 2021/10/11T18:26:36z: DS3231
 0h00:03.882 2021/10/11T18:26:36z: BME280 (0x76)
 0h00:03.896 2021/10/11T18:26:36z: 84:f3:eb:7d:7:a8
 0h00:03.898 2021/10/11T18:26:36z: SSID: MU Open
 0h00:03.903 2021/10/11T18:26:36z: AP_STAR tmr
 ets Jan  8 2013,rst cause:4, boot mode:(3,7)

wdt reset
load 0x4010f000, len 1384, room 16 
tail 8
chksum 0x2d
csum 0x2d
v8b899c12
~ld


6.01
 0h00:03.927 2021/10/11T18:46:34z: DS3231
 0h00:03.942 2021/10/11T18:46:34z: BME280 (0x76)
 0h00:03.956 2021/10/11T18:46:34z: 84:f3:eb:7d:7:a8
 0h00:03.958 2021/10/11T18:46:34z: SSID: MU Open
 0h00:03.963 2021/10/11T18:46:34z: AP_STAR tmr
 ets Jan  8 2013,rst cause:4, boot mode:(3,7)

wdt reset
load 0x4010f000, len 1384, room 16 
tail 8
chksum 0x2d
csum 0x2d
v8b899c12
~ld


6.01
 0h00:03.888 2021/10/11T19:06:33z: DS3231
 0h00:03.903 2021/10/11T19:06:33z: BME280 (0x76)
 0h00:03.918 2021/10/11T19:06:33z: 84:f3:eb:7d:7:a8
 0h00:03.919 2021/10/11T19:06:33z: SSID: MU Open
 0h00:03.924 2021/10/11T19:06:33z: AP_STAR tmr
 ets Jan  8 2013,rst cause:4, boot mode:(3,7)

wdt reset
load 0x4010f000, len 1384, room 16 
tail 8
chksum 0x2d
csum 0x2d
v8b899c12
~ld


6.01
 0h00:04.009 2021/10/11T19:26:32z: DS3231
 0h00:04.025 2021/10/11T19:26:32z: BME280 (0x76)
 0h00:04.039 2021/10/11T19:26:32z: 84:f3:eb:7d:7:a8
 0h00:04.040 2021/10/11T19:26:32z: SSID: MU Open
 0h00:04.046 2021/10/11T19:26:32z: AP_STAR tmr
 ets Jan  8 2013,rst cause:4, boot mode:(3,7)

wdt reset
load 0x4010f000, len 1384, room 16 
tail 8
chksum 0x2d
csum 0x2d
v8b899c12
~ld


6.01
 0h00:03.799 2021/10/11T19:46:30z: DS3231
 0h00:03.815 2021/10/11T19:46:30z: BME280 (0x76)
 0h00:03.829 2021/10/11T19:46:30z: 84:f3:eb:7d:7:a8
 0h00:03.831 2021/10/11T19:46:30z: SSID: MU Open
 0h00:03.836 2021/10/11T19:46:30z: AP_STAR tmr
 ets Jan  8 2013,rst cause:4, boot mode:(3,7)

wdt reset
load 0x4010f000, len 1384, room 16 
tail 8
chksum 0x2d
csum 0x2d
v8b899c12
~ld


6.01
 0h00:03.861 2021/10/11T20:06:28z: DS3231
 0h00:03.877 2021/10/11T20:06:28z: BME280 (0x76)
 0h00:03.891 2021/10/11T20:06:28z: 84:f3:eb:7d:7:a8
 0h00:03.893 2021/10/11T20:06:28z: SSID: MU Open
 0h00:03.898 2021/10/11T20:06:28z: AP_STAR tmr
 ets Jan  8 2013,rst cause:4, boot mode:(3,7)

wdt reset
load 0x4010f000, len 1384, room 16 
tail 8
chksum 0x2d
csum 0x2d
v8b899c12
~ld


6.01
 0h00:03.973 2021/10/11T20:26:26z: DS3231
 0h00:03.989 2021/10/11T20:26:26z: BME280 (0x76)
 0h00:04.003 2021/10/11T20:26:26z: 84:f3:eb:7d:7:a8
 0h00:04.005 2021/10/11T20:26:26z: SSID: MU Open
 0h00:04.010 2021/10/11T20:26:26z: AP_STAR tmr
 ets Jan  8 2013,rst cause:4, boot mode:(3,7)

wdt reset
load 0x4010f000, len 1384, room 16 
tail 8
chksum 0x2d
csum 0x2d
v8b899c12
~ld


6.01
 0h00:03.857 2021/10/11T20:46:24z: DS3231
 0h00:03.873 2021/10/11T20:46:24z: BME280 (0x76)
 0h00:03.887 2021/10/11T20:46:24z: 84:f3:eb:7d:7:a8
 0h00:03.889 2021/10/11T20:46:24z: SSID: MU Open
 0h00:03.894 2021/10/11T20:46:24z: AP_STAR tmr
 ets Jan  8 2013,rst cause:4, boot mode:(3,7)

wdt reset
load 0x4010f000, len 1384, room 16 
tail 8
chksum 0x2d
csum 0x2d
v8b899c12
~ld


6.01
 0h00:03.958 2021/10/11T21:06:23z: DS3231
 0h00:03.973 2021/10/11T21:06:23z: BME280 (0x76)
 0h00:03.987 2021/10/11T21:06:23z: 84:f3:eb:7d:7:a8
 0h00:03.989 2021/10/11T21:06:23z: SSID: MU Open
 0h00:03.994 2021/10/11T21:06:23z: AP_STAR tmr
 ets Jan  8 2013,rst cause:4, boot mode:(3,7)

wdt reset
load 0x4010f000, len 1384, room 16 
tail 8
chksum 0x2d
csum 0x2d
v8b899c12
~ld


6.01
 0h00:03.817 2021/10/11T21:26:22z: DS3231
 0h00:03.833 2021/10/11T21:26:22z: BME280 (0x76)
 0h00:03.847 2021/10/11T21:26:22z: 84:f3:eb:7d:7:a8
 0h00:03.848 2021/10/11T21:26:22z: SSID: MU Open
 0h00:03.854 2021/10/11T21:26:22z: AP_STAR tmr
 ets Jan  8 2013,rst cause:4, boot mode:(3,7)

wdt reset
load 0x4010f000, len 1384, room 16 
tail 8
chksum 0x2d
csum 0x2d
v8b899c12
~ld


6.01
 0h00:03.909 2021/10/11T21:46:21z: DS3231
 0h00:03.924 2021/10/11T21:46:21z: BME280 (0x76)
 0h00:03.939 2021/10/11T21:46:21z: 84:f3:eb:7d:7:a8
 0h00:03.940 2021/10/11T21:46:21z: SSID: MU Open
 0h00:03.945 2021/10/11T21:46:21z: AP_STAR tmr
 ets Jan  8 2013,rst cause:4, boot mode:(3,7)

wdt reset
load 0x4010f000, len 1384, room 16 
tail 8
chksum 0x2d
csum 0x2d
v8b899c12
~ld


6.01
 0h00:03.772 2021/10/11T22:06:19z: DS3231
 0h00:03.787 2021/10/11T22:06:19z: BME280 (0x76)
 0h00:03.801 2021/10/11T22:06:19z: 84:f3:eb:7d:7:a8
 0h00:03.803 2021/10/11T22:06:19z: SSID: MU Open
 0h00:03.808 2021/10/11T22:06:19z: AP_STAR tmr
 ets Jan  8 2013,rst cause:4, boot mode:(3,7)

wdt reset
load 0x4010f000, len 1384, room 16 
tail 8
chksum 0x2d
csum 0x2d
v8b899c12
~ld


6.01
 0h00:03.795 2021/10/11T22:26:17z: DS3231
 0h00:03.810 2021/10/11T22:26:17z: BME280 (0x76)
 0h00:03.824 2021/10/11T22:26:17z: 84:f3:eb:7d:7:a8
 0h00:03.826 2021/10/11T22:26:17z: SSID: MU Open
 0h00:03.831 2021/10/11T22:26:17z: AP_STAR tmr
 ets Jan  8 2013,rst cause:4, boot mode:(3,7)

wdt reset
load 0x4010f000, len 1384, room 16 
tail 8
chksum 0x2d
csum 0x2d
v8b899c12
~ld


6.01
 0h00:03.778 2021/10/11T22:46:15z: DS3231
 0h00:03.793 2021/10/11T22:46:15z: BME280 (0x76)
 0h00:03.808 2021/10/11T22:46:15z: 84:f3:eb:7d:7:a8
 0h00:03.809 2021/10/11T22:46:15z: SSID: MU Open
 0h00:03.814 2021/10/11T22:46:15z: AP_STAR tmr
 ets Jan  8 2013,rst cause:4, boot mode:(3,7)

wdt reset
load 0x4010f000, len 1384, room 16 
tail 8
chksum 0x2d
csum 0x2d
v8b899c12
~ld


6.01
 0h00:03.687 2021/10/11T23:06:14z: DS3231
 0h00:03.702 2021/10/11T23:06:14z: BME280 (0x76)
 0h00:03.717 2021/10/11T23:06:14z: 84:f3:eb:7d:7:a8
 0h00:03.718 2021/10/11T23:06:14z: SSID: MU Open
 0h00:03.723 2021/10/11T23:06:14z: AP_STAR tmr
 ets Jan  8 2013,rst cause:4, boot mode:(3,7)

wdt reset
load 0x4010f000, len 1384, room 16 
tail 8
chksum 0x2d
csum 0x2d
v8b899c12
~ld


6.01
 0h00:03.621 2021/10/11T23:26:12z: DS3231
 0h00:03.637 2021/10/11T23:26:12z: BME280 (0x76)
 0h00:03.651 2021/10/11T23:26:12z: 84:f3:eb:7d:7:a8
 0h00:03.653 2021/10/11T23:26:12z: SSID: MU Open
 0h00:03.658 2021/10/11T23:26:12z: AP_STAR tmr
 ets Jan  8 2013,rst cause:4, boot mode:(3,7)

wdt reset
load 0x4010f000, len 1384, room 16 
tail 8
chksum 0x2d
csum 0x2d
v8b899c12
~ld


6.01
 0h00:03.806 2021/10/11T23:46:09z: DS3231
 0h00:03.821 2021/10/11T23:46:09z: BME280 (0x76)
 0h00:03.836 2021/10/11T23:46:09z: 84:f3:eb:7d:7:a8
 0h00:03.837 2021/10/11T23:46:09z: SSID: MU Open
 0h00:03.842 2021/10/11T23:46:09z: AP_STA