R tmr
 ets Jan  8 2013,rst cause:4, boot mode:(3,7)

wdt reset
load 0x4010f000, len 1384, room 16 
tail 8
chksum 0x2d
csum 0x2d
v8b899c12
~ld


6.01
 0h00:04.178 2021/12/18T00:10:41z: DS3231
 0h00:04.194 2021/12/18T00:10:41z: BME280 (0x76)
 0h00:04.208 2021/12/18T00:10:41z: 84:f3:eb:7d:7:a8
 0h00:04.210 2021/12/18T00:10:41z: SSID: MU Open
 0h00:04.215 2021/12/18T00:10:41z: AP_STAR tmr
 ets Jan  8 2013,rst cause:4, boot mode:(3,7)

wdt reset
load 0x4010f000, len 1384, room 16 
tail 8
chksum 0x2d
csum 0x2d
v8b899c12
~ld


6.01
 0h00:04.197 2021/12/18T00:30:41z: DS3231
 0h00:04.212 2021/12/18T00:30:41z: BME280 (0x76)
 0h00:04.226 2021/12/18T00:30:41z: 84:f3:eb:7d:7:a8
 0h00:04.228 2021/12/18T00:30:41z: SSID: MU Open
 0h00:04.233 2021/12/18T00:30:41z: AP_STAR tmr
 ets Jan  8 2013,rst cause:4, boot mode:(3,7)

wdt reset
load 0x4010f000, len 1384, room 16 
tail 8
chksum 0x2d
csum 0x2d
v8b899c12
~ld


6.01
 0h00:04.367 2021/12/18T00:50:41z: DS3231
 0h00:04.382 2021/12/18T00:50:41z: BME280 (0x76)
 0h00:04.396 2021/12/18T00:50:41z: 84:f3:eb:7d:7:a8
 0h00:04.398 2021/12/18T00:50:41z: SSID: MU Open
 0h00:04.403 2021/12/18T00:50:41z: AP_STAR tmr
 ets Jan  8 2013,rst cause:4, boot mode:(3,7)

wdt reset
load 0x4010f000, len 1384, room 16 
tail 8
chksum 0x2d
csum 0x2d
v8b899c12
~ld


6.01
 0h00:04.317 2021/12/18T01:10:41z: DS3231
 0h00:04.333 2021/12/18T01:10:41z: BME280 (0x76)
 0h00:04.347 2021/12/18T01:10:41z: 84:f3:eb:7d:7:a8
 0h00:04.349 2021/12/18T01:10:41z: SSID: MU Open
 0h00:04.354 2021/12/18T01:10:41z: AP_STAR tmr
 ets Jan  8 2013,rst cause:4, boot mode:(3,7)

wdt reset
load 0x4010f000, len 1384, room 16 
tail 8
chksum 0x2d
csum 0x2d
v8b899c12
~ld


6.01
 0h00:04.176 2021/12/18T01:30:41z: DS3231
 0h00:04.192 2021/12/18T01:30:41z: BME280 (0x76)
 0h00:04.206 2021/12/18T01:30:41z: 84:f3:eb:7d:7:a8
 0h00:04.208 2021/12/18T01:30:41z: SSID: MU Open
 0h00:04.213 2021/12/18T01:30:41z: AP_STAR tmr
 ets Jan  8 2013,rst cause:4, boot mode:(3,7)

wdt reset
load 0x4010f000, len 1384, room 16 
tail 8
chksum 0x2d
csum 0x2d
v8b899c12
~ld


6.01
 0h00:04.262 2021/12/18T01:50:40z: DS3231
 0h00:04.277 2021/12/18T01:50:40z: BME280 (0x76)
 0h00:04.292 2021/12/18T01:50:40z: 84:f3:eb:7d:7:a8
 0h00:04.293 2021/12/18T01:50:40z: SSID: MU Open
 0h00:04.298 2021/12/18T01:50:40z: AP_STAR tmr
 ets Jan  8 2013,rst cause:4, boot mode:(3,7)

wdt reset
load 0x4010f000, len 1384, room 16 
tail 8
chksum 0x2d
csum 0x2d
v8b899c12
~ld


6.01
 0h00:04.244 2021/12/18T02:10:40z: DS3231
 0h00:04.260 2021/12/18T02:10:40z: BME280 (0x76)
 0h00:04.274 2021/12/18T02:10:40z: 84:f3:eb:7d:7:a8
 0h00:04.276 2021/12/18T02:10:40z: SSID: MU Open
 0h00:04.281 2021/12/18T02:10:40z: AP_STAR tmr
 ets Jan  8 2013,rst cause:4, boot mode:(3,7)

wdt reset
load 0x4010f000, len 1384, room 16 
tail 8
chksum 0x2d
csum 0x2d
v8b899c12
~ld


6.01
 0h00:03.995 2021/12/18T02:30:39z: DS3231
 0h00:04.010 2021/12/18T02:30:39z: BME280 (0x76)
 0h00:04.024 2021/12/18T02:30:39z: 84:f3:eb:7d:7:a8
 0h00:04.026 2021/12/18T02:30:39z: SSID: MU Open
 0h00:04.031 2021/12/18T02:30:39z: AP_STAR tmr
 ets Jan  8 2013,rst cause:4, boot mode:(3,7)

wdt reset
load 0x4010f000, len 1384, room 16 
tail 8
chksum 0x2d
csum 0x2d
v8b899c12
~ld


6.01
 0h00:04.038 2021/12/18T02:50:39z: DS3231
 0h00:04.053 2021/12/18T02:50:39z: BME280 (0x76)
 0h00:04.067 2021/12/18T02:50:39z: 84:f3:eb:7d:7:a8
 0h00:04.069 2021/12/18T02:50:39z: SSID: MU Open
 0h00:04.074 2021/12/18T02:50:39z: AP_STAR tmr
 ets Jan  8 2013,rst cause:4, boot mode:(3,7)

wdt reset
load 0x4010f000, len 1384, room 16 
tail 8
chksum 0x2d
csum 0x2d
v8b899c12
~ld


6.01
 0h00:04.268 2021/12/18T03:10:38z: DS3231
 0h00:04.283 2021/12/18T03:10:38z: BME280 (0x76)
 0h00:04.298 2021/12/18T03:10:38z: 84:f3:eb:7d:7:a8
 0h00:04.299 2021/12/18T03:10:38z: SSID: MU Open
 0h00:04.304 2021/12/18T03:10:38z: AP_STAR tmr
 ets Jan  8 2013,rst cause:4, boot mode:(3,7)

wdt reset
load 0x4010f000, len 1384, room 16 
tail 8
chksum 0x2d
csum 0x2d
v8b899c12
~ld


6.01
 0h00:04.357 2021/12/18T03:30:38z: DS3231
 0h00:04.372 2021/12/18T03:30:38z: BME280 (0x76)
 0h00:04.386 2021/12/18T03:30:38z: 84:f3:eb:7d:7:a8
 0h00:04.388 2021/12/18T03:30:38z: SSID: MU Open
 0h00:04.393 2021/12/18T03:30:38z: AP_STAR tmr
 ets Jan  8 2013,rst cause:4, boot mode:(3,7)

wdt reset
load 0x4010f000, len 1384, room 16 
tail 8
chksum 0x2d
csum 0x2d
v8b899c12
~ld


6.01
 0h00:04.409 2021/12/18T03:50:38z: DS3231
 0h00:04.424 2021/12/18T03:50:38z: BME280 (0x76)
 0h00:04.438 2021/12/18T03:50:38z: 84:f3:eb:7d:7:a8
 0h00:04.440 2021/12/18T03:50:38z: SSID: MU Open
 0h00:04.445 2021/12/18T03:50:38z: AP_STAR tmr
 ets Jan  8 2013,rst cause:4, boot mode:(3,7)

wdt reset
load 0x4010f000, len 1384, room 16 
tail 8
chksum 0x2d
csum 0x2d
v8b899c12
~ld


6.01
 0h00:04.208 2021/12/18T04:10:38z: DS3231
 0h00:04.223 2021/12/18T04:10:38z: BME280 (0x76)
 0h00:04.237 2021/12/18T04:10:38z: 84:f3:eb:7d:7:a8
 0h00:04.239 2021/12/18T04:10:38z: SSID: MU Open
 0h00:04.244 2021/12/18T04:10:38z: AP_STAR tmr
 ets Jan  8 2013,rst cause:4, boot mode:(3,7)

wdt reset
load 0x4010f000, len 1384, room 16 
tail 8
chksum 0x2d
csum 0x2d
v8b899c12
~ld


6.01
 0h00:04.122 2021/12/18T04:30:38z: DS3231
 0h00:04.137 2021/12/18T04:30:38z: BME280 (0x76)
 0h00:04.151 2021/12/18T04:30:38z: 84:f3:eb:7d:7:a8
 0h00:04.153 2021/12/18T04:30:38z: SSID: MU Open
 0h00:04.158 2021/12/18T04:30:38z: AP_STAR tmr
 ets Jan  8 2013,rst cause:4, boot mode:(3,7)

wdt reset
load 0x4010f000, len 1384, room 16 
tail 8
chksum 0x2d
csum 0x2d
v8b899c12
~ld


6.01
 0h00:04.256 2021/12/18T04:50:37z: DS3231
 0h00:04.271 2021/12/18T04:50:37z: BME280 (0x76)
 0h00:04.285 2021/12/18T04:50:37z: 84:f3:eb:7d:7:a8
 0h00:04.287 2021/12/18T04:50:37z: SSID: MU Open
 0h00:04.292 2021/12/18T04:50:37z: AP_STAR tmr
 ets Jan  8 2013,rst cause:4, boot mode:(3,7)

wdt reset
load 0x4010f000, len 1384, room 16 
tail 8
chksum 0x2d
csum 0x2d
v8b899c12
~ld


6.01
 0h00:04.200 2021/12/18T05:10:37z: DS3231
 0h00:04.216 2021/12/18T05:10:37z: BME280 (0x76)
 0h00:04.230 2021/12/18T05:10:37z: 84:f3:eb:7d:7:a8
 0h00:04.231 2021/12/18T05:10:37z: SSID: MU Open
 0h00:04.237 2021/12/18T05:10:37z: AP_STAR tmr
 ets Jan  8 2013,rst cause:4, boot mode:(3,7)

wdt reset
load 0x4010f000, len 1384, room 16 
tail 8
chksum 0x2d
csum 0x2d
v8b899c12
~ld


6.01
 0h00:04.433 2021/12/18T05:30:37z: DS3231
 0h00:04.449 2021/12/18T05:30:37z: BME280 (0x76)
 0h00:04.463 2021/12/18T05:30:37z: 84:f3:eb:7d:7:a8
 0h00:04.465 2021/12/18T05:30:37z: SSID: MU Open
 0h00:04.470 2021/12/18T05:30:37z: AP_STAR tmr
 ets Jan  8 2013,rst cause:4, boot mode:(3,7)

wdt reset
load 0x4010f000, len 1384, room 16 
tail 8
chksum 0x2d
csum 0x2d
v8b899c12
~ld


6.01
 0h00:04.348 2021/12/18T05:50:37z: DS3231
 0h00:04.363 2021/12/18T05:50:37z: BME280 (0x76)
 0h00:04.377 2021/12/18T05:50:38z: 84:f3:eb:7d:7:a8
 0h00:04.379 2021/12/18T05:50:38z: SSID: MU Open
 0h00:04.384 2021/12/18T05:50:38z: AP_STAR tmr
 ets Jan  8 2013,rst cause:4, boot mode:(3,7)

wdt reset
load 0x4010f000, len 1384, room 16 
tail 8
chksum 0x2d
csum 0x2d
v8b899c12
~ld


6.01
 0h00:04.373 2021/12/18T06:10:38z: DS3231
 0h00:04.388 2021/12/18T06:10:38z: BME280 (0x76)
 0h00:04.402 2021/12/18T06:10:38z: 84:f3:eb:7d:7:a8
 0h00:04.404 2021/12/18T06:10:38z: SSID: MU Open
 0h00:04.409 2021/12/18T06:10:38z: AP_STAR tmr
 ets Jan  8 2013,rst cause:4, boot mode:(3,7)

wdt reset
load 0x4010f000, len 1384, room 16 
tail 8
chksum 0x2d
csum 0x2d
v8b899c12
~ld


6.01
 0h00:04.242 2021/12/18T06:30:38z: DS3231
 0h00:04.257 2021/12/18T06:30:38z: BME280 (0x76)
 0h00:04.271 2021/12/18T06:30:38z: 84:f3:eb:7d:7:a8
 0h00:04.273 2021/12/18T06:30:38z: SSID: MU Open
 0h00:04.278 2021/12/18T06:30:38z: AP_STAR tmr
 ets Jan  8 2013,rst cause:4, boot mode:(3,7)

wdt reset
load 0x4010f000, len 1384, room 16 
tail 8
chksum 0x2d
csum 0x2d
v8b899c12
~ld


6.01
 0h00:04.266 2021/12/18T06:50:38z: DS3231
 0h00:04.281 2021/12/18T06:50:38z: BME280 (0x76)
 0h00:04.295 2021/12/18T06:50:38z: 84:f3:eb:7d:7:a8
 0h00:04.297 2021/12/18T06:50:38z: SSID: MU Open
 0h00:04.302 2021/12/18T06:50:38z: AP_STAR tmr
 ets Jan  8 2013,rst cause:4, boot mode:(3,7)

wdt reset
load 0x4010f000, len 1384, room 16 
tail 8
chksum 0x2d
csum 0x2d
v8b899c12
~ld


6.01
 0h00:04.310 2021/12/18T07:10:38z: DS3231
 0h00:04.325 2021/12/18T07:10:38z: BME280 (0x76)
 0h00:04.339 2021/12/18T07:10:38z: 84:f3:eb:7d:7:a8
 0h00:04.341 2021/12/18T07:10:38z: SSID: MU Open
 0h00:04.346 2021/12/18T07:10:38z: AP_STAR tmr
 ets Jan  8 2013,rst cause:4, boot mode:(3,7)

wdt reset
load 0x4010f000, len 1384, room 16 
tail 8
chksum 0x2d
csum 0x2d
v8b899c12
~ld


6.01
 0h00:04.299 2021/12/18T07:30:38z: DS3231
 0h00:04.314 2021/12/18T07:30:38z: BME280 (0x76)
 0h00:04.328 2021/12/18T07:30:38z: 84:f3:eb:7d:7:a8
 0h00:04.330 2021/12/18T07:30:38z: SSID: MU Open
 0h00:04.335 2021/12/18T07:30:38z: AP_STAR tmr
 ets Jan  8 2013,rst cause:4, boot mode:(3,7)

wdt reset
load 0x4010f000, len 1384, room 16 
tail 8
chksum 0x2d
csum 0x2d
v8b899c12
~ld


6.01
 0h00:04.283 2021/12/18T07:50:37z: DS3231
 0h00:04.298 2021/12/18T07:50:37z: BME280 (0x76)
 0h00:04.312 2021/12/18T07:50:37z: 84:f3:eb:7d:7:a8
 0h00:04.314 2021/12/18T07:50:37z: SSID: MU Open
 0h00:04.319 2021/12/18T07:50:37z: AP_STAR tmr
 ets Jan  8 2013,rst cause:4, boot mode:(3,7)

wdt reset
load 0x4010f000, len 1384, room 16 
tail 8
chksum 0x2d
csum 0x2d
v8b899c12
~ld


6.01
 0h00:04.345 2021/12/18T08:10:37z: DS3231
 0h00:04.360 2021/12/18T08:10:37z: BME280 (0x76)
 0h00:04.374 2021/12/18T08:10:37z: 84:f3:eb:7d:7:a8
 0h00:04.376 2021/12/18T08:10:37z: SSID: MU Open
 0h00:04.381 2021/12/18T08:10:37z: AP_STAR tmr
 ets Jan  8 2013,rst cause:4, boot mode:(3,7)

wdt reset
load 0x4010f000, len 1384, room 16 
tail 8
chksum 0x2d
csum 0x2d
v8b899c12
~ld


6.01
 0h00:04.337 2021/12/18T08:30:37z: DS3231
 0h00:04.353 2021/12/18T08:30:37z: BME280 (0x76)
 0h00:04.367 2021/12/18T08:30:37z: 84:f3:eb:7d:7:a8
 0h00:04.369 2021/12/18T08:30:37z: SSID: MU Open
 0h00:04.374 2021/12/18T08:30:38z: AP_STAR tmr
 ets Jan  8 2013,rst cause:4, boot mode:(3,7)

wdt reset
load 0x4010f000, len 1384, room 16 
tail 8
chksum 0x2d
csum 0x2d
v8b899c12
~ld


6.01
 0h00:04.352 2021/12/18T08:50:37z: DS3231
 0h00:04.368 2021/12/18T08:50:37z: BME280 (0x76)
 0h00:04.382 2021/12/18T08:50:37z: 84:f3:eb:7d:7:a8
 0h00:04.384 2021/12/18T08:50:37z: SSID: MU Open
 0h00:04.389 2021/12/18T08:50:37z: AP_STAR tmr
 ets Jan  8 2013,rst cause:4, boot mode:(3,7)

wdt reset
load 0x4010f000, len 1384, room 16 
tail 8
chksum 0x2d
csum 0x2d
v8b899c12
~ld


6.01
 0h00:04.182 2021/12/18T09:10:37z: DS3231
 0h00:04.197 2021/12/18T09:10:37z: BME280 (0x76)
 0h00:04.211 2021/12/18T09:10:37z: 84:f3:eb:7d:7:a8
 0h00:04.213 2021/12/18T09:10:37z: SSID: MU Open
 0h00:04.218 2021/12/18T09:10:37z: AP_STAR tmr
 ets Jan  8 2013,rst cause:4, boot mode:(3,7)

wdt reset
load 0x4010f000, len 1384, room 16 
tail 8
chksum 0x2d
csum 0x2d
v8b899c12
~ld


6.01
 0h00:04.333 2021/12/18T09:30:37z: DS3231
 0h00:04.348 2021/12/18T09:30:37z: BME280 (0x76)
 0h00:04.363 2021/12/18T09:30:37z: 84:f3:eb:7d:7:a8
 0h00:04.364 2021/12/18T09:30:37z: SSID: MU Open
 0h00:04.369 2021/12/18T09:30:37z: AP_STAR tmr
 ets Jan  8 2013,rst cause:4, boot mode:(3,7)

wdt reset
load 0x4010f000, len 1384, room 16 
tail 8
chksum 0x2d
csum 0x2d
v8b899c12
~ld


6.01
 0h00:04.197 2021/12/18T09:50:37z: DS3231
 0h00:04.212 2021/12/18T09:50:37z: BME280 (0x76)
 0h00:04.226 2021/12/18T09:50:37z: 84:f3:eb:7d:7:a8
 0h00:04.228 2021/12/18T09:50:37z: SSID: MU Open
 0h00:04.233 2021/12/18T09:50:37z: AP_STAR tmr
 ets Jan  8 2013,rst cause:4, boot mode:(3,7)

wdt reset
load 0x4010f000, len 1384, room 16 
tail 8
chksum 0x2d
csum 0x2d
v8b899c12
~ld


6.01
 0h00:04.242 2021/12/18T10:10:37z: DS3231
 0h00:04.258 2021/12/18T10:10:37z: BME280 (0x76)
 0h00:04.272 2021/12/18T10:10:37z: 84:f3:eb:7d:7:a8
 0h00:04.273 2021/12/18T10:10:37z: SSID: MU Open
 0h00:04.279 2021/12/18T10:10:37z: AP_STAR tmr
 ets Jan  8 2013,rst cause:4, boot mode:(3,7)

wdt reset
load 0x4010f000, len 1384, room 16 
tail 8
chksum 0x2d
csum 0x2d
v8b899c12
~ld


6.01
 0h00:04.095 2021/12/18T10:30:37z: DS3231
 0h00:04.110 2021/12/18T10:30:37z: BME280 (0x76)
 0h00:04.124 2021/12/18T10:30:37z: 84:f3:eb:7d:7:a8
 0h00:04.126 2021/12/18T10:30:37z: SSID: MU Open
 0h00:04.131 2021/12/18T10:30:37z: AP_STAR tmr
 ets Jan  8 2013,rst cause:4, boot mode:(3,7)

wdt reset
load 0x4010f000, len 1384, room 16 
tail 8
chksum 0x2d
csum 0x2d
v8b899c12
~ld


6.01
 0h00:04.200 2021/12/18T10:50:37z: DS3231
 0h00:04.215 2021/12/18T10:50:37z: BME280 (0x76)
 0h00:04.229 2021/12/18T10:50:37z: 84:f3:eb:7d:7:a8
 0h00:04.231 2021/12/18T10:50:37z: SSID: MU Open
 0h00:04.236 2021/12/18T10:50:37z: AP_STAR tmr
 ets Jan  8 2013,rst cause:4, boot mode:(3,7)

wdt reset
load 0x4010f000, len 1384, room 16 
tail 8
chksum 0x2d
csum 0x2d
v8b899c12
~ld


6.01
 0h00:04.275 2021/12/18T11:10:37z: DS3231
 0h00:04.290 2021/12/18T11:10:37z: BME280 (0x76)
 0h00:04.305 2021/12/18T11:10:37z: 84:f3:eb:7d:7:a8
 0h00:04.306 2021/12/18T11:10:37z: SSID: MU Open
 0h00:04.311 2021/12/18T11:10:37z: AP_STAR tmr
 ets Jan  8 2013,rst cause:4, boot mode:(3,7)

wdt reset
load 0x4010f000, len 1384, room 16 
tail 8
chksum 0x2d
csum 0x2d
v8b899c12
~ld


6.01
 0h00:04.454 2021/12/18T11:30:37z: DS3231
 0h00:04.469 2021/12/18T11:30:37z: BME280 (0x76)
 0h00:04.483 2021/12/18T11:30:37z: 84:f3:eb:7d:7:a8
 0h00:04.485 2021/12/18T11:30:37z: SSID: MU Open
 0h00:04.490 2021/12/18T11:30:37z: AP_STAR tmr
 ets Jan  8 2013,rst cause:4, boot mode:(3,7)

wdt reset
load 0x4010f000, len 1384, room 16 
tail 8
chksum 0x2d
csum 0x2d
v8b899c12
~ld


6.01
 0h00:04.234 2021/12/18T11:50:37z: DS3231
 0h00:04.249 2021/12/18T11:50:37z: BME280 (0x76)
 0h00:04.263 2021/12/18T11:50:37z: 84:f3:eb:7d:7:a8
 0h00:04.265 2021/12/18T11:50:37z: SSID: MU Open
 0h00:04.270 2021/12/18T11:50:37z: AP_STAR tmr
 ets Jan  8 2013,rst cause:4, boot mode:(3,7)

wdt reset
load 0x4010f000, len 1384, room 16 
tail 8
chksum 0x2d
csum 0x2d
v8b899c12
~ld


6.01
 0h00:04.378 2021/12/18T12:10:37z: DS3231
 0h00:04.393 2021/12/18T12:10:37z: BME280 (0x76)
 0h00:04.407 2021/12/18T12:10:37z: 84:f3:eb:7d:7:a8
 0h00:04.409 2021/12/18T12:10:37z: SSID: MU Open
 0h00:04.414 2021/12/18T12:10:37z: AP_STAR tmr
 ets Jan  8 2013,rst cause:4, boot mode:(3,7)

wdt reset
load 0x4010f000, len 1384, room 16 
tail 8
chksum 0x2d
csum 0x2d
v8b899c12
~ld


6.01
 0h00:04.361 2021/12/18T12:30:37z: DS3231
 0h00:04.376 2021/12/18T12:30:37z: BME280 (0x76)
 0h00:04.390 2021/12/18T12:30:37z: 84:f3:eb:7d:7:a8
 0h00:04.392 2021/12/18T12:30:37z: SSID: MU Open
 0h00:04.397 2021/12/18T12:30:37z: AP_STAR tmr
 ets Jan  8 2013,rst cause:4, boot mode:(3,7)

wdt reset
load 0x4010f000, len 1384, room 16 
tail 8
chksum 0x2d
csum 0x2d
v8b899c12
~ld


6.01
 0h00:04.377 2021/12/18T12:50:38z: DS3231
 0h00:04.392 2021/12/18T12:50:38z: BME280 (0x76)
 0h00:04.406 2021/12/18T12:50:38z: 84:f3:eb:7d:7:a8
 0h00:04.408 2021/12/18T12:50:38z: SSID: MU Open
 0h00:04.413 2021/12/18T12:50:38z: AP_STAR tmr
 ets Jan  8 2013,rst cause:4, boot mode:(3,7)

wdt reset
load 0x4010f000, len 1384, room 16 
tail 8
chksum 0x2d
csum 0x2d
v8b899c12
~ld


6.01
 0h00:04.292 2021/12/18T13:10:38z: DS3231
 0h00:04.307 2021/12/18T13:10:38z: BME280 (0x76)
 0h00:04.321 2021/12/18T13:10:38z: 84:f3:eb:7d:7:a8
 0h00:04.323 2021/12/18T13:10:38z: SSID: MU Open
 0h00:04.328 2021/12/18T13:10:38z: AP_STAR tmr
 ets Jan  8 2013,rst cause:4, boot mode:(3,7)

wdt reset
load 0x4010f000, len 1384, room 16 
tail 8
chksum 0x2d
csum 0x2d
v8b899c12
~ld


6.01
 0h00:04.328 2021/12/18T13:30:37z: DS3231
 0h00:04.343 2021/12/18T13:30:37z: BME280 (0x76)
 0h00:04.357 2021/12/18T13:30:37z: 84:f3:eb:7d:7:a8
 0h00:04.359 2021/12/18T13:30:37z: SSID: MU Open
 0h00:04.364 2021/12/18T13:30:37z: AP_STAR tmr
 ets Jan  8 2013,rst cause:4, boot mode:(3,7)

wdt reset
load 0x4010f000, len 1384, room 16 
tail 8
chksum 0x2d
csum 0x2d
v8b899c12
~ld


6.01
 0h00:04.333 2021/12/18T13:50:37z: DS3231
 0h00:04.348 2021/12/18T13:50:37z: BME280 (0x76)
 0h00:04.362 2021/12/18T13:50:37z: 84:f3:eb:7d:7:a8
 0h00:04.364 2021/12/18T13:50:37z: SSID: MU Open
 0h00:04.369 2021/12/18T13:50:37z: AP_STAR tmr
 ets Jan  8 2013,rst cause:4, boot mode:(3,7)

wdt reset
load 0x4010f000, len 1384, room 16 
tail 8
chksum 0x2d
csum 0x2d
v8b899c12
~ld


6.01
 0h00:04.226 2021/12/18T14:10:36z: DS3231
 0h00:04.241 2021/12/18T14:10:36z: BME280 (0x76)
 0h00:04.255 2021/12/18T14:10:36z: 84:f3:eb:7d:7:a8
 0h00:04.257 2021/12/18T14:10:36z: SSID: MU Open
 0h00:04.262 2021/12/18T14:10:36z: AP_STAR tmr
 ets Jan  8 2013,rst cause:4, boot mode:(3,7)

wdt reset
load 0x4010f000, len 1384, room 16 
tail 8
chksum 0x2d
csum 0x2d
v8b899c12
~ld


6.01
 0h00:04.387 2021/12/18T14:30:36z: DS3231
 0h00:04.403 2021/12/18T14:30:36z: BME280 (0x76)
 0h00:04.417 2021/12/18T14:30:36z: 84:f3:eb:7d:7:a8
 0h00:04.419 2021/12/18T14:30:36z: SSID: MU Open
 0h00:04.424 2021/12/18T14:30:36z: AP_STAR tmr
 ets Jan  8 2013,rst cause:4, boot mode:(3,7)

wdt reset
load 0x4010f000, len 1384, room 16 
tail 8
chksum 0x2d
csum 0x2d
v8b899c12
~ld


6.01
 0h00:04.361 2021/12/18T14:50:36z: DS3231
 0h00:04.377 2021/12/18T14:50:36z: BME280 (0x76)
 0h00:04.391 2021/12/18T14:50:36z: 84:f3:eb:7d:7:a8
 0h00:04.393 2021/12/18T14:50:36z: SSID: MU Open
 0h00:04.398 2021/12/18T14:50:36z: AP_STAR tmr
 ets Jan  8 2013,rst cause:4, boot mode:(3,7)

wdt reset
load 0x4010f000, len 1384, room 16 
tail 8
chksum 0x2d
csum 0x2d
v8b899c12
~ld


6.01
 0h00:04.251 2021/12/18T15:10:36z: DS3231
 0h00:04.266 2021/12/18T15:10:36z: BME280 (0x76)
 0h00:04.280 2021/12/18T15:10:36z: 84:f3:eb:7d:7:a8
 0h00:04.282 2021/12/18T15:10:36z: SSID: MU Open
 0h00:04.287 2021/12/18T15:10:36z: AP_STAR tmr
 ets Jan  8 2013,rst cause:4, boot mode:(3,7)

wdt reset
load 0x4010f000, len 1384, room 16 
tail 8
chksum 0x2d
csum 0x2d
v8b899c12
~ld


6.01
 0h00:04.254 2021/12/18T15:30:35z: DS3231
 0h00:04.270 2021/12/18T15:30:35z: BME280 (0x76)
 0h00:04.284 2021/12/18T15:30:35z: 84:f3:eb:7d:7:a8
 0h00:04.285 2021/12/18T15:30:35z: SSID: MU Open
 0h00:04.291 2021/12/18T15:30:35z: AP_STAR tmr
 ets Jan  8 2013,rst cause:4, boot mode:(3,7)

wdt reset
load 0x4010f000, len 1384, room 16 
tail 8
chksum 0x2d
csum 0x2d
v8b899c12
~ld


6.01
 0h00:04.242 2021/12/18T15:50:34z: DS3231
 0h00:04.258 2021/12/18T15:50:34z: BME280 (0x76)
 0h00:04.272 2021/12/18T15:50:34z: 84:f3:eb:7d:7:a8
 0h00:04.274 2021/12/18T15:50:34z: SSID: MU Open
 0h00:04.279 2021/12/18T15:50:34z: AP_STAR tmr
 ets Jan  8 2013,rst cause:4, boot mode:(3,7)

wdt reset
load 0x4010f000, len 1384, room 16 
tail 8
chksum 0x2d
csum 0x2d
v8b899c12
~ld


6.01
 0h00:04.321 2021/12/18T16:10:35z: DS3231
 0h00:04.337 2021/12/18T16:10:35z: BME280 (0x76)
 0h00:04.351 2021/12/18T16:10:35z: 84:f3:eb:7d:7:a8
 0h00:04.353 2021/12/18T16:10:35z: SSID: MU Open
 0h00:04.358 2021/12/18T16:10:35z: AP_STAR tmr
 ets Jan  8 2013,rst cause:4, boot mode:(3,7)

wdt reset
load 0x4010f000, len 1384, room 16 
tail 8
chksum 0x2d
csum 0x2d
v8b899c12
~ld


6.01
 0h00:04.396 2021/12/18T16:30:34z: DS3231
 0h00:04.411 2021/12/18T16:30:34z: BME280 (0x76)
 0h00:04.426 2021/12/18T16:30:34z: 84:f3:eb:7d:7:a8
 0h00:04.427 2021/12/18T16:30:34z: SSID: MU Open
 0h00:04.432 2021/12/18T16:30:34z: AP_STAR tmr
 ets Jan  8 2013,rst cause:4, boot mode:(3,7)

wdt reset
load 0x4010f000, len 1384, room 16 
tail 8
chksum 0x2d
csum 0x2d
v8b899c12
~ld


6.01
 0h00:04.382 2021/12/18T16:50:34z: DS3231
 0h00:04.397 2021/12/18T16:50:34z: BME280 (0x76)
 0h00:04.411 2021/12/18T16:50:34z: 84:f3:eb:7d:7:a8
 0h00:04.413 2021/12/18T16:50:34z: SSID: MU Open
 0h00:04.418 2021/12/18T16:50:34z: AP_STAR tmr
 ets Jan  8 2013,rst cause:4, boot mode:(3,7)

wdt reset
load 0x4010f000, len 1384, room 16 
tail 8
chksum 0x2d
csum 0x2d
v8b899c12
~ld


6.01
 0h00:04.364 2021/12/18T17:10:34z: DS3231
 0h00:04.380 2021/12/18T17:10:34z: BME280 (0x76)
 0h00:04.394 2021/12/18T17:10:34z: 84:f3:eb:7d:7:a8
 0h00:04.396 2021/12/18T17:10:34z: SSID: MU Open
 0h00:04.401 2021/12/18T17:10:34z: AP_STAR tmr
 ets Jan  8 2013,rst cause:4, boot mode:(3,7)

wdt reset
load 0x4010f000, len 1384, room 16 
tail 8
chksum 0x2d
csum 0x2d
v8b899c12
~ld


6.01
 0h00:04.323 2021/12/18T17:30:34z: DS3231
 0h00:04.338 2021/12/18T17:30:34z: BME280 (0x76)
 0h00:04.352 2021/12/18T17:30:34z: 84:f3:eb:7d:7:a8
 0h00:04.354 2021/12/18T17:30:34z: SSID: MU Open
 0h00:04.359 2021/12/18T17:30:34z: AP_STAR tmr
 ets Jan  8 2013,rst cause:4, boot mode:(3,7)

wdt reset
load 0x4010f000, len 1384, room 16 
tail 8
chksum 0x2d
csum 0x2d
v8b899c12
~ld


6.01
 0h00:04.182 2021/12/18T17:50:34z: DS3231
 0h00:04.197 2021/12/18T17:50:34z: BME280 (0x76)
 0h00:04.211 2021/12/18T17:50:34z: 84:f3:eb:7d:7:a8
 0h00:04.213 2021/12/18T17:50:34z: SSID: MU Open
 0h00:04.218 2021/12/18T17:50:34z: AP_STAR tmr
 ets Jan  8 2013,rst cause:4, boot mode:(3,7)

wdt reset
load 0x4010f000, len 1384, room 16 
tail 8
chksum 0x2d
csum 0x2d
v8b899c12
~ld


6.01
 0h00:04.287 2021/12/18T18:10:34z: DS3231
 0h00:04.302 2021/12/18T18:10:34z: BME280 (0x76)
 0h00:04.316 2021/12/18T18:10:34z: 84:f3:eb:7d:7:a8
 0h00:04.318 2021/12/18T18:10:34z: SSID: MU Open
 0h00:04.323 2021/12/18T18:10:34z: AP_STAR tmr
 ets Jan  8 2013,rst cause:4, boot mode:(3,7)

wdt reset
load 0x4010f000, len 1384, room 16 
tail 8
chksum 0x2d
csum 0x2d
v8b899c12
~ld


6.01
 0h00:04.095 2021/12/18T18:30:34z: DS3231
 0h00:04.111 2021/12/18T18:30:34z: BME280 (0x76)
 0h00:04.125 2021/12/18T18:30:34z: 84:f3:eb:7d:7:a8
 0h00:04.126 2021/12/18T18:30:34z: SSID: MU Open
 0h00:04.132 2021/12/18T18:30:34z: AP_STAR tmr
 ets Jan  8 2013,rst cause:4, boot mode:(3,7)

wdt reset
load 0x4010f000, len 1384, room 16 
tail 8
chksum 0x2d
csum 0x2d
v8b899c12
~ld


6.01
 0h00:04.232 2021/12/18T18:50:33z: DS3231
 0h00:04.248 2021/12/18T18:50:33z: BME280 (0x76)
 0h00:04.262 2021/12/18T18:50:33z: 84:f3:eb:7d:7:a8
 0h00:04.263 2021/12/18T18:50:33z: SSID: MU Open
 0h00:04.269 2021/12/18T18:50:33z: AP_STAR tmr
 ets Jan  8 2013,rst cause:4, boot mode:(3,7)

wdt reset
load 0x4010f000, len 1384, room 16 
tail 8
chksum 0x2d
csum 0x2d
v8b899c12
~ld


6.01
 0h00:03.997 2021/12/18T19:10:33z: DS3231
 0h00:04.012 2021/12/18T19:10:33z: BME280 (0x76)
 0h00:04.026 2021/12/18T19:10:33z: 84:f3:eb:7d:7:a8
 0h00:04.028 2021/12/18T19:10:33z: SSID: MU Open
 0h00:04.033 2021/12/18T19:10:33z: AP_STAR tmr
 ets Jan  8 2013,rst cause:4, boot mode:(3,7)

wdt reset
load 0x4010f000, len 1384, room 16 
tail 8
chksum 0x2d
csum 0x2d
v8b899c12
~ld


6.01
 0h00:04.090 2021/12/18T19:30:33z: DS3231
 0h00:04.105 2021/12/18T19:30:33z: BME280 (0x76)
 0h00:04.119 2021/12/18T19:30:33z: 84:f3:eb:7d:7:a8
 0h00:04.121 2021/12/18T19:30:33z: SSID: MU Open
 0h00:04.126 2021/12/18T19:30:33z: AP_STAR tmr
 ets Jan  8 2013,rst cause:4, boot mode:(3,7)

wdt reset
load 0x4010f000, len 1384, room 16 
tail 8
chksum 0x2d
csum 0x2d
v8b899c12
~ld


6.01
 0h00:04.114 2021/12/18T19:50:32z: DS3231
 0h00:04.129 2021/12/18T19:50:32z: BME280 (0x76)
 0h00:04.143 2021/12/18T19:50:32z: 84:f3:eb:7d:7:a8
 0h00:04.145 2021/12/18T19:50:32z: SSID: MU Open
 0h00:04.150 2021/12/18T19:50:32z: AP_STAR tmr
 ets Jan  8 2013,rst cause:4, boot mode:(3,7)

wdt reset
load 0x4010f000, len 1384, room 16 
tail 8
chksum 0x2d
csum 0x2d
v8b899c12
~ld


6.01
 0h00:04.105 2021/12/18T20:10:32z: DS3231
 0h00:04.120 2021/12/18T20:10:32z: BME280 (0x76)
 0h00:04.134 2021/12/18T20:10:32z: 84:f3:eb:7d:7:a8
 0h00:04.136 2021/12/18T20:10:32z: SSID: MU Open
 0h00:04.141 2021/12/18T20:10:32z: AP_STAR tmr
 ets Jan  8 2013,rst cause:4, boot mode:(3,7)

wdt reset
load 0x4010f000, len 1384, room 16 
tail 8
chksum 0x2d
csum 0x2d
v8b899c12
~ld


6.01
 0h00:04.226 2021/12/18T20:30:31z: DS3231
 0h00:04.242 2021/12/18T20:30:31z: BME280 (0x76)
 0h00:04.256 2021/12/18T20:30:31z: 84:f3:eb:7d:7:a8
 0h00:04.257 2021/12/18T20:30:31z: SSID: MU Open
 0h00:04.263 2021/12/18T20:30:31z: AP_STAR tmr
 ets Jan  8 2013,rst cause:4, boot mode:(3,7)

wdt reset
load 0x4010f000, len 1384, room 16 
tail 8
chksum 0x2d
csum 0x2d
v8b899c12
~ld


6.01
 0h00:04.477 2021/12/18T20:50:32z: DS3231
 0h00:04.492 2021/12/18T20:50:32z: BME280 (0x76)
 0h00:04.506 2021/12/18T20:50:32z: 84:f3:eb:7d:7:a8
 0h00:04.508 2021/12/18T20:50:32z: SSID: MU Open
 0h00:04.513 2021/12/18T20:50:32z: AP_STAR tmr
 ets Jan  8 2013,rst cause:4, boot mode:(3,7)

wdt reset
load 0x4010f000, len 1384, room 16 
tail 8
chksum 0x2d
csum 0x2d
v8b899c12
~ld


6.01
 0h00:04.368 2021/12/18T21:10:32z: DS3231
 0h00:04.383 2021/12/18T21:10:32z: BME280 (0x76)
 0h00:04.397 2021/12/18T21:10:32z: 84:f3:eb:7d:7:a8
 0h00:04.399 2021/12/18T21:10:32z: SSID: MU Open
 0h00:04.404 2021/12/18T21:10:32z: AP_STAR tmr
 ets Jan  8 2013,rst cause:4, boot mode:(3,7)

wdt reset
load 0x4010f000, len 1384, room 16 
tail 8
chksum 0x2d
csum 0x2d
v8b899c12
~ld


6.01
 0h00:04.352 2021/12/18T21:30:32z: DS3231
 0h00:04.367 2021/12/18T21:30:32z: BME280 (0x76)
 0h00:04.381 2021/12/18T21:30:32z: 84:f3:eb:7d:7:a8
 0h00:04.383 2021/12/18T21:30:32z: SSID: MU Open
 0h00:04.388 2021/12/18T21:30:32z: AP_STAR tmr
 ets Jan  8 2013,rst cause:4, boot mode:(3,7)

wdt reset
load 0x4010f000, len 1384, room 16 
tail 8
chksum 0x2d
csum 0x2d
v8b899c12
~ld


6.01
 0h00:04.307 2021/12/18T21:50:31z: DS3231
 0h00:04.322 2021/12/18T21:50:32z: BME280 (0x76)
 0h00:04.337 2021/12/18T21:50:32z: 84:f3:eb:7d:7:a8
 0h00:04.338 2021/12/18T21:50:32z: SSID: MU Open
 0h00:04.343 2021/12/18T21:50:32z: AP_STAR tmr
 ets Jan  8 2013,rst cause:4, boot mode:(3,7)

wdt reset
load 0x4010f000, len 1384, room 16 
tail 8
chksum 0x2d
csum 0x2d
v8b899c12
~ld


6.01
 0h00:04.324 2021/12/18T22:10:31z: DS3231
 0h00:04.339 2021/12/18T22:10:31z: BME280 (0x76)
 0h00:04.353 2021/12/18T22:10:31z: 84:f3:eb:7d:7:a8
 0h00:04.355 2021/12/18T22:10:31z: SSID: MU Open
 0h00:04.360 2021/12/18T22:10:31z: AP_STAR tmr
 ets Jan  8 2013,rst cause:4, boot mode:(3,7)

wdt reset
load 0x4010f000, len 1384, room 16 
tail 8
chksum 0x2d
csum 0x2d
v8b899c12
~ld


6.01
 0h00:04.337 2021/12/18T22:30:32z: DS3231
 0h00:04.352 2021/12/18T22:30:32z: BME280 (0x76)
 0h00:04.366 2021/12/18T22:30:32z: 84:f3:eb:7d:7:a8
 0h00:04.368 2021/12/18T22:30:32z: SSID: MU Open
 0h00:04.373 2021/12/18T22:30:32z: AP_STAR tmr
 ets Jan  8 2013,rst cause:4, boot mode:(3,7)

wdt reset
load 0x4010f000, len 1384, room 16 
tail 8
chksum 0x2d
csum 0x2d
v8b899c12
~ld


6.01
 0h00:04.319 2021/12/18T22:50:32z: DS3231
 0h00:04.335 2021/12/18T22:50:32z: BME280 (0x76)
 0h00:04.349 2021/12/18T22:50:32z: 84:f3:eb:7d:7:a8
 0h00:04.351 2021/12/18T22:50:32z: SSID: MU Open
 0h00:04.356 2021/12/18T22:50:32z: AP_STAR tmr
 ets Jan  8 2013,rst cause:4, boot mode:(3,7)

wdt reset
load 0x4010f000, len 1384, room 16 
tail 8
chksum 0x2d
csum 0x2d
v8b899c12
~ld


6.01
 0h00:04.325 2021/12/18T23:10:32z: DS3231
 0h00:04.340 2021/12/18T23:10:32z: BME280 (0x76)
 0h00:04.354 2021/12/18T23:10:32z: 84:f3:eb:7d:7:a8
 0h00:04.356 2021/12/18T23:10:32z: SSID: MU Open
 0h00:04.361 2021/12/18T23:10:32z: AP_STAR tmr
 ets Jan  8 2013,rst cause:4, boot mode:(3,7)

wdt reset
load 0x4010f000, len 1384, room 16 
tail 8
chksum 0x2d
csum 0x2d
v8b899c12
~ld


6.01
 0h00:04.412 2021/12/18T23:30:32z: DS3231
 0h00:04.427 2021/12/18T23:30:32z: BME280 (0x76)
 0h00:04.441 2021/12/18T23:30:32z: 84:f3:eb:7d:7:a8
 0h00:04.443 2021/12/18T23:30:32z: SSID: MU Open
 0h00:04.448 2021/12/18T23:30:32z: AP_STAR tmr
 ets Jan  8 2013,rst cause:4, boot mode:(3,7)

wdt reset
load 0x4010f000, len 1384, room 16 
tail 8
chksum 0x2d
csum 0x2d
v8b899c12
~ld


6.01
 0h00:04.538 2021/12/18T23:50:33z: DS3231
 0h00:04.553 2021/12/18T23:50:33z: BME280 (0x76)
 0h00:04.568 2021/12/18T23:50:33z: 84:f3:eb:7d:7:a8
 0h00:04.569 2021/12/18T23:50:33z: SSID: MU Open
 0h00:04.574 2021/12/18T23:50:33z: AP_STA