R tmr
 ets Jan  8 2013,rst cause:4, boot mode:(3,7)

wdt reset
load 0x4010f000, len 1384, room 16 
tail 8
chksum 0x2d
csum 0x2d
v8b899c12
~ld


6.01
 0h00:04.039 2021/11/15T00:11:20z: DS3231
 0h00:04.054 2021/11/15T00:11:20z: BME280 (0x76)
 0h00:04.068 2021/11/15T00:11:20z: 84:f3:eb:7d:7:a8
 0h00:04.070 2021/11/15T00:11:20z: SSID: MU Open
 0h00:04.075 2021/11/15T00:11:20z: AP_STAR tmr
 ets Jan  8 2013,rst cause:4, boot mode:(3,7)

wdt reset
load 0x4010f000, len 1384, room 16 
tail 8
chksum 0x2d
csum 0x2d
v8b899c12
~ld


6.01
 0h00:03.890 2021/11/15T00:31:19z: DS3231
 0h00:03.905 2021/11/15T00:31:19z: BME280 (0x76)
 0h00:03.920 2021/11/15T00:31:19z: 84:f3:eb:7d:7:a8
 0h00:03.921 2021/11/15T00:31:19z: SSID: MU Open
 0h00:03.926 2021/11/15T00:31:19z: AP_STAR tmr
 ets Jan  8 2013,rst cause:4, boot mode:(3,7)

wdt reset
load 0x4010f000, len 1384, room 16 
tail 8
chksum 0x2d
csum 0x2d
v8b899c12
~ld


6.01
 0h00:04.027 2021/11/15T00:51:18z: DS3231
 0h00:04.043 2021/11/15T00:51:18z: BME280 (0x76)
 0h00:04.057 2021/11/15T00:51:18z: 84:f3:eb:7d:7:a8
 0h00:04.059 2021/11/15T00:51:18z: SSID: MU Open
 0h00:04.064 2021/11/15T00:51:18z: AP_STAR tmr
 ets Jan  8 2013,rst cause:4, boot mode:(3,7)

wdt reset
load 0x4010f000, len 1384, room 16 
tail 8
chksum 0x2d
csum 0x2d
v8b899c12
~ld


6.01
 0h00:04.136 2021/11/15T01:11:17z: DS3231
 0h00:04.151 2021/11/15T01:11:17z: BME280 (0x76)
 0h00:04.166 2021/11/15T01:11:17z: 84:f3:eb:7d:7:a8
 0h00:04.167 2021/11/15T01:11:17z: SSID: MU Open
 0h00:04.172 2021/11/15T01:11:17z: AP_STAR tmr
 ets Jan  8 2013,rst cause:4, boot mode:(3,7)

wdt reset
load 0x4010f000, len 1384, room 16 
tail 8
chksum 0x2d
csum 0x2d
v8b899c12
~ld


6.01
 0h00:04.046 2021/11/15T01:31:16z: DS3231
 0h00:04.061 2021/11/15T01:31:16z: BME280 (0x76)
 0h00:04.075 2021/11/15T01:31:16z: 84:f3:eb:7d:7:a8
 0h00:04.077 2021/11/15T01:31:16z: SSID: MU Open
 0h00:04.082 2021/11/15T01:31:16z: AP_STAR tmr
 ets Jan  8 2013,rst cause:4, boot mode:(3,7)

wdt reset
load 0x4010f000, len 1384, room 16 
tail 8
chksum 0x2d
csum 0x2d
v8b899c12
~ld


6.01
 0h00:04.010 2021/11/15T01:51:15z: DS3231
 0h00:04.026 2021/11/15T01:51:15z: BME280 (0x76)
 0h00:04.040 2021/11/15T01:51:15z: 84:f3:eb:7d:7:a8
 0h00:04.042 2021/11/15T01:51:15z: SSID: MU Open
 0h00:04.047 2021/11/15T01:51:15z: AP_STAR tmr
 ets Jan  8 2013,rst cause:4, boot mode:(3,7)

wdt reset
load 0x4010f000, len 1384, room 16 
tail 8
chksum 0x2d
csum 0x2d
v8b899c12
~ld


6.01
 0h00:03.950 2021/11/15T02:11:14z: DS3231
 0h00:03.965 2021/11/15T02:11:14z: BME280 (0x76)
 0h00:03.979 2021/11/15T02:11:14z: 84:f3:eb:7d:7:a8
 0h00:03.981 2021/11/15T02:11:14z: SSID: MU Open
 0h00:03.986 2021/11/15T02:11:14z: AP_STAR tmr
 ets Jan  8 2013,rst cause:4, boot mode:(3,7)

wdt reset
load 0x4010f000, len 1384, room 16 
tail 8
chksum 0x2d
csum 0x2d
v8b899c12
~ld


6.01
 0h00:03.892 2021/11/15T02:31:13z: DS3231
 0h00:03.907 2021/11/15T02:31:13z: BME280 (0x76)
 0h00:03.921 2021/11/15T02:31:13z: 84:f3:eb:7d:7:a8
 0h00:03.923 2021/11/15T02:31:13z: SSID: MU Open
 0h00:03.928 2021/11/15T02:31:13z: AP_STAR tmr
 ets Jan  8 2013,rst cause:4, boot mode:(3,7)

wdt reset
load 0x4010f000, len 1384, room 16 
tail 8
chksum 0x2d
csum 0x2d
v8b899c12
~ld


6.01
 0h00:03.907 2021/11/15T02:51:12z: DS3231
 0h00:03.922 2021/11/15T02:51:12z: BME280 (0x76)
 0h00:03.936 2021/11/15T02:51:12z: 84:f3:eb:7d:7:a8
 0h00:03.938 2021/11/15T02:51:12z: SSID: MU Open
 0h00:03.943 2021/11/15T02:51:12z: AP_STAR tmr
 ets Jan  8 2013,rst cause:4, boot mode:(3,7)

wdt reset
load 0x4010f000, len 1384, room 16 
tail 8
chksum 0x2d
csum 0x2d
v8b899c12
~ld


6.01
 0h00:04.180 2021/11/15T03:11:11z: DS3231
 0h00:04.196 2021/11/15T03:11:11z: BME280 (0x76)
 0h00:04.210 2021/11/15T03:11:11z: 84:f3:eb:7d:7:a8
 0h00:04.211 2021/11/15T03:11:11z: SSID: MU Open
 0h00:04.217 2021/11/15T03:11:11z: AP_STAR tmr
 ets Jan  8 2013,rst cause:4, boot mode:(3,7)

wdt reset
load 0x4010f000, len 1384, room 16 
tail 8
chksum 0x2d
csum 0x2d
v8b899c12
~ld


6.01
 0h00:04.031 2021/11/15T03:31:10z: DS3231
 0h00:04.046 2021/11/15T03:31:10z: BME280 (0x76)
 0h00:04.061 2021/11/15T03:31:10z: 84:f3:eb:7d:7:a8
 0h00:04.062 2021/11/15T03:31:10z: SSID: MU Open
 0h00:04.067 2021/11/15T03:31:10z: AP_STAR tmr
 ets Jan  8 2013,rst cause:4, boot mode:(3,7)

wdt reset
load 0x4010f000, len 1384, room 16 
tail 8
chksum 0x2d
csum 0x2d
v8b899c12
~ld


6.01
 0h00:04.135 2021/11/15T03:51:09z: DS3231
 0h00:04.151 2021/11/15T03:51:09z: BME280 (0x76)
 0h00:04.165 2021/11/15T03:51:09z: 84:f3:eb:7d:7:a8
 0h00:04.167 2021/11/15T03:51:09z: SSID: MU Open
 0h00:04.172 2021/11/15T03:51:09z: AP_STAR tmr
 ets Jan  8 2013,rst cause:4, boot mode:(3,7)

wdt reset
load 0x4010f000, len 1384, room 16 
tail 8
chksum 0x2d
csum 0x2d
v8b899c12
~ld


6.01
 0h00:04.103 2021/11/15T04:11:08z: DS3231
 0h00:04.119 2021/11/15T04:11:08z: BME280 (0x76)
 0h00:04.133 2021/11/15T04:11:08z: 84:f3:eb:7d:7:a8
 0h00:04.135 2021/11/15T04:11:08z: SSID: MU Open
 0h00:04.140 2021/11/15T04:11:08z: AP_STAR tmr
 ets Jan  8 2013,rst cause:4, boot mode:(3,7)

wdt reset
load 0x4010f000, len 1384, room 16 
tail 8
chksum 0x2d
csum 0x2d
v8b899c12
~ld


6.01
 0h00:04.010 2021/11/15T04:31:07z: DS3231
 0h00:04.025 2021/11/15T04:31:07z: BME280 (0x76)
 0h00:04.039 2021/11/15T04:31:07z: 84:f3:eb:7d:7:a8
 0h00:04.041 2021/11/15T04:31:07z: SSID: MU Open
 0h00:04.046 2021/11/15T04:31:07z: AP_STAR tmr
 ets Jan  8 2013,rst cause:4, boot mode:(3,7)

wdt reset
load 0x4010f000, len 1384, room 16 
tail 8
chksum 0x2d
csum 0x2d
v8b899c12
~ld


6.01
 0h00:03.951 2021/11/15T04:51:06z: DS3231
 0h00:03.966 2021/11/15T04:51:06z: BME280 (0x76)
 0h00:03.980 2021/11/15T04:51:06z: 84:f3:eb:7d:7:a8
 0h00:03.982 2021/11/15T04:51:06z: SSID: MU Open
 0h00:03.987 2021/11/15T04:51:06z: AP_STAR tmr
 ets Jan  8 2013,rst cause:4, boot mode:(3,7)

wdt reset
load 0x4010f000, len 1384, room 16 
tail 8
chksum 0x2d
csum 0x2d
v8b899c12
~ld


6.01
 0h00:04.003 2021/11/15T05:11:06z: DS3231
 0h00:04.018 2021/11/15T05:11:06z: BME280 (0x76)
 0h00:04.032 2021/11/15T05:11:06z: 84:f3:eb:7d:7:a8
 0h00:04.034 2021/11/15T05:11:06z: SSID: MU Open
 0h00:04.039 2021/11/15T05:11:06z: AP_STAR tmr
 ets Jan  8 2013,rst cause:4, boot mode:(3,7)

wdt reset
load 0x4010f000, len 1384, room 16 
tail 8
chksum 0x2d
csum 0x2d
v8b899c12
~ld


6.01
 0h00:03.988 2021/11/15T05:31:05z: DS3231
 0h00:04.003 2021/11/15T05:31:05z: BME280 (0x76)
 0h00:04.018 2021/11/15T05:31:05z: 84:f3:eb:7d:7:a8
 0h00:04.019 2021/11/15T05:31:05z: SSID: MU Open
 0h00:04.024 2021/11/15T05:31:05z: AP_STAR tmr
 ets Jan  8 2013,rst cause:4, boot mode:(3,7)

wdt reset
load 0x4010f000, len 1384, room 16 
tail 8
chksum 0x2d
csum 0x2d
v8b899c12
~ld


6.01
 0h00:03.864 2021/11/15T05:51:04z: DS3231
 0h00:03.880 2021/11/15T05:51:04z: BME280 (0x76)
 0h00:03.894 2021/11/15T05:51:04z: 84:f3:eb:7d:7:a8
 0h00:03.896 2021/11/15T05:51:04z: SSID: MU Open
 0h00:03.901 2021/11/15T05:51:04z: AP_STAR tmr
 ets Jan  8 2013,rst cause:4, boot mode:(3,7)

wdt reset
load 0x4010f000, len 1384, room 16 
tail 8
chksum 0x2d
csum 0x2d
v8b899c12
~ld


6.01
 0h00:03.915 2021/11/15T06:11:03z: DS3231
 0h00:03.931 2021/11/15T06:11:03z: BME280 (0x76)
 0h00:03.945 2021/11/15T06:11:03z: 84:f3:eb:7d:7:a8
 0h00:03.947 2021/11/15T06:11:03z: SSID: MU Open
 0h00:03.952 2021/11/15T06:11:03z: AP_STAR tmr
 ets Jan  8 2013,rst cause:4, boot mode:(3,7)

wdt reset
load 0x4010f000, len 1384, room 16 
tail 8
chksum 0x2d
csum 0x2d
v8b899c12
~ld


6.01
 0h00:03.876 2021/11/15T06:31:02z: DS3231
 0h00:03.891 2021/11/15T06:31:02z: BME280 (0x76)
 0h00:03.905 2021/11/15T06:31:02z: 84:f3:eb:7d:7:a8
 0h00:03.907 2021/11/15T06:31:02z: SSID: MU Open
 0h00:03.912 2021/11/15T06:31:02z: AP_STAR tmr
 ets Jan  8 2013,rst cause:4, boot mode:(3,7)

wdt reset
load 0x4010f000, len 1384, room 16 
tail 8
chksum 0x2d
csum 0x2d
v8b899c12
~ld


6.01
 0h00:03.803 2021/11/15T06:51:00z: DS3231
 0h00:03.818 2021/11/15T06:51:00z: BME280 (0x76)
 0h00:03.832 2021/11/15T06:51:00z: 84:f3:eb:7d:7:a8
 0h00:03.834 2021/11/15T06:51:00z: SSID: MU Open
 0h00:03.839 2021/11/15T06:51:00z: AP_STAR tmr
 ets Jan  8 2013,rst cause:4, boot mode:(3,7)

wdt reset
load 0x4010f000, len 1384, room 16 
tail 8
chksum 0x2d
csum 0x2d
v8b899c12
~ld


6.01
 0h00:04.078 2021/11/15T07:10:59z: DS3231
 0h00:04.093 2021/11/15T07:10:59z: BME280 (0x76)
 0h00:04.107 2021/11/15T07:10:59z: 84:f3:eb:7d:7:a8
 0h00:04.109 2021/11/15T07:10:59z: SSID: MU Open
 0h00:04.114 2021/11/15T07:10:59z: AP_STAR tmr
 ets Jan  8 2013,rst cause:4, boot mode:(3,7)

wdt reset
load 0x4010f000, len 1384, room 16 
tail 8
chksum 0x2d
csum 0x2d
v8b899c12
~ld


6.01
 0h00:04.131 2021/11/15T07:30:58z: DS3231
 0h00:04.147 2021/11/15T07:30:58z: BME280 (0x76)
 0h00:04.161 2021/11/15T07:30:58z: 84:f3:eb:7d:7:a8
 0h00:04.162 2021/11/15T07:30:58z: SSID: MU Open
 0h00:04.168 2021/11/15T07:30:58z: AP_STAR tmr
 ets Jan  8 2013,rst cause:4, boot mode:(3,7)

wdt reset
load 0x4010f000, len 1384, room 16 
tail 8
chksum 0x2d
csum 0x2d
v8b899c12
~ld


6.01
 0h00:03.835 2021/11/15T07:50:57z: DS3231
 0h00:03.850 2021/11/15T07:50:57z: BME280 (0x76)
 0h00:03.864 2021/11/15T07:50:57z: 84:f3:eb:7d:7:a8
 0h00:03.866 2021/11/15T07:50:57z: SSID: MU Open
 0h00:03.871 2021/11/15T07:50:57z: AP_STAR tmr
 ets Jan  8 2013,rst cause:4, boot mode:(3,7)

wdt reset
load 0x4010f000, len 1384, room 16 
tail 8
chksum 0x2d
csum 0x2d
v8b899c12
~ld


6.01
 0h00:04.134 2021/11/15T08:10:56z: DS3231
 0h00:04.149 2021/11/15T08:10:56z: BME280 (0x76)
 0h00:04.163 2021/11/15T08:10:56z: 84:f3:eb:7d:7:a8
 0h00:04.165 2021/11/15T08:10:56z: SSID: MU Open
 0h00:04.170 2021/11/15T08:10:56z: AP_STAR tmr
 ets Jan  8 2013,rst cause:4, boot mode:(3,7)

wdt reset
load 0x4010f000, len 1384, room 16 
tail 8
chksum 0x2d
csum 0x2d
v8b899c12
~ld


6.01
 0h00:04.119 2021/11/15T08:30:55z: DS3231
 0h00:04.134 2021/11/15T08:30:55z: BME280 (0x76)
 0h00:04.149 2021/11/15T08:30:55z: 84:f3:eb:7d:7:a8
 0h00:04.150 2021/11/15T08:30:55z: SSID: MU Open
 0h00:04.155 2021/11/15T08:30:55z: AP_STAR tmr
 ets Jan  8 2013,rst cause:4, boot mode:(3,7)

wdt reset
load 0x4010f000, len 1384, room 16 
tail 8
chksum 0x2d
csum 0x2d
v8b899c12
~ld


6.01
 0h00:04.163 2021/11/15T08:50:54z: DS3231
 0h00:04.178 2021/11/15T08:50:54z: BME280 (0x76)
 0h00:04.193 2021/11/15T08:50:54z: 84:f3:eb:7d:7:a8
 0h00:04.194 2021/11/15T08:50:54z: SSID: MU Open
 0h00:04.199 2021/11/15T08:50:54z: AP_STAR tmr
 ets Jan  8 2013,rst cause:4, boot mode:(3,7)

wdt reset
load 0x4010f000, len 1384, room 16 
tail 8
chksum 0x2d
csum 0x2d
v8b899c12
~ld


6.01
 0h00:04.155 2021/11/15T09:10:53z: DS3231
 0h00:04.170 2021/11/15T09:10:53z: BME280 (0x76)
 0h00:04.185 2021/11/15T09:10:53z: 84:f3:eb:7d:7:a8
 0h00:04.186 2021/11/15T09:10:53z: SSID: MU Open
 0h00:04.191 2021/11/15T09:10:53z: AP_STAR tmr
 ets Jan  8 2013,rst cause:4, boot mode:(3,7)

wdt reset
load 0x4010f000, len 1384, room 16 
tail 8
chksum 0x2d
csum 0x2d
v8b899c12
~ld


6.01
 0h00:04.085 2021/11/15T09:30:52z: DS3231
 0h00:04.100 2021/11/15T09:30:52z: BME280 (0x76)
 0h00:04.115 2021/11/15T09:30:52z: 84:f3:eb:7d:7:a8
 0h00:04.116 2021/11/15T09:30:52z: SSID: MU Open
 0h00:04.121 2021/11/15T09:30:52z: AP_STAR tmr
 ets Jan  8 2013,rst cause:4, boot mode:(3,7)

wdt reset
load 0x4010f000, len 1384, room 16 
tail 8
chksum 0x2d
csum 0x2d
v8b899c12
~ld


6.01
 0h00:03.983 2021/11/15T09:50:50z: DS3231
 0h00:03.998 2021/11/15T09:50:50z: BME280 (0x76)
 0h00:04.013 2021/11/15T09:50:50z: 84:f3:eb:7d:7:a8
 0h00:04.014 2021/11/15T09:50:50z: SSID: MU Open
 0h00:04.019 2021/11/15T09:50:50z: AP_STAR tmr
 ets Jan  8 2013,rst cause:4, boot mode:(3,7)

wdt reset
load 0x4010f000, len 1384, room 16 
tail 8
chksum 0x2d
csum 0x2d
v8b899c12
~ld


6.01
 0h00:04.152 2021/11/15T10:10:50z: DS3231
 0h00:04.168 2021/11/15T10:10:50z: BME280 (0x76)
 0h00:04.182 2021/11/15T10:10:50z: 84:f3:eb:7d:7:a8
 0h00:04.184 2021/11/15T10:10:50z: SSID: MU Open
 0h00:04.189 2021/11/15T10:10:50z: AP_STAR tmr
 ets Jan  8 2013,rst cause:4, boot mode:(3,7)

wdt reset
load 0x4010f000, len 1384, room 16 
tail 8
chksum 0x2d
csum 0x2d
v8b899c12
~ld


6.01
 0h00:03.943 2021/11/15T10:30:49z: DS3231
 0h00:03.958 2021/11/15T10:30:49z: BME280 (0x76)
 0h00:03.972 2021/11/15T10:30:49z: 84:f3:eb:7d:7:a8
 0h00:03.974 2021/11/15T10:30:49z: SSID: MU Open
 0h00:03.979 2021/11/15T10:30:49z: AP_STAR tmr
 ets Jan  8 2013,rst cause:4, boot mode:(3,7)

wdt reset
load 0x4010f000, len 1384, room 16 
tail 8
chksum 0x2d
csum 0x2d
v8b899c12
~ld


6.01
 0h00:04.180 2021/11/15T10:50:48z: DS3231
 0h00:04.195 2021/11/15T10:50:48z: BME280 (0x76)
 0h00:04.209 2021/11/15T10:50:48z: 84:f3:eb:7d:7:a8
 0h00:04.211 2021/11/15T10:50:48z: SSID: MU Open
 0h00:04.216 2021/11/15T10:50:48z: AP_STAR tmr
 ets Jan  8 2013,rst cause:4, boot mode:(3,7)

wdt reset
load 0x4010f000, len 1384, room 16 
tail 8
chksum 0x2d
csum 0x2d
v8b899c12
~ld


6.01
 0h00:04.050 2021/11/15T11:10:47z: DS3231
 0h00:04.065 2021/11/15T11:10:47z: BME280 (0x76)
 0h00:04.079 2021/11/15T11:10:47z: 84:f3:eb:7d:7:a8
 0h00:04.081 2021/11/15T11:10:47z: SSID: MU Open
 0h00:04.086 2021/11/15T11:10:47z: AP_STAR tmr
 ets Jan  8 2013,rst cause:4, boot mode:(3,7)

wdt reset
load 0x4010f000, len 1384, room 16 
tail 8
chksum 0x2d
csum 0x2d
v8b899c12
~ld


6.01
 0h00:04.122 2021/11/15T11:30:46z: DS3231
 0h00:04.138 2021/11/15T11:30:46z: BME280 (0x76)
 0h00:04.152 2021/11/15T11:30:46z: 84:f3:eb:7d:7:a8
 0h00:04.154 2021/11/15T11:30:46z: SSID: MU Open
 0h00:04.159 2021/11/15T11:30:46z: AP_STAR tmr
 ets Jan  8 2013,rst cause:4, boot mode:(3,7)

wdt reset
load 0x4010f000, len 1384, room 16 
tail 8
chksum 0x2d
csum 0x2d
v8b899c12
~ld


6.01
 0h00:03.974 2021/11/15T11:50:45z: DS3231
 0h00:03.989 2021/11/15T11:50:45z: BME280 (0x76)
 0h00:04.003 2021/11/15T11:50:45z: 84:f3:eb:7d:7:a8
 0h00:04.005 2021/11/15T11:50:45z: SSID: MU Open
 0h00:04.010 2021/11/15T11:50:45z: AP_STAR tmr
 ets Jan  8 2013,rst cause:4, boot mode:(3,7)

wdt reset
load 0x4010f000, len 1384, room 16 
tail 8
chksum 0x2d
csum 0x2d
v8b899c12
~ld


6.01
 0h00:04.142 2021/11/15T12:10:44z: DS3231
 0h00:04.157 2021/11/15T12:10:44z: BME280 (0x76)
 0h00:04.172 2021/11/15T12:10:44z: 84:f3:eb:7d:7:a8
 0h00:04.173 2021/11/15T12:10:44z: SSID: MU Open
 0h00:04.178 2021/11/15T12:10:44z: AP_STAR tmr
 ets Jan  8 2013,rst cause:4, boot mode:(3,7)

wdt reset
load 0x4010f000, len 1384, room 16 
tail 8
chksum 0x2d
csum 0x2d
v8b899c12
~ld


6.01
 0h00:03.993 2021/11/15T12:30:44z: DS3231
 0h00:04.009 2021/11/15T12:30:44z: BME280 (0x76)
 0h00:04.023 2021/11/15T12:30:44z: 84:f3:eb:7d:7:a8
 0h00:04.024 2021/11/15T12:30:44z: SSID: MU Open
 0h00:04.030 2021/11/15T12:30:44z: AP_STAR tmr
 ets Jan  8 2013,rst cause:4, boot mode:(3,7)

wdt reset
load 0x4010f000, len 1384, room 16 
tail 8
chksum 0x2d
csum 0x2d
v8b899c12
~ld


6.01
 0h00:04.139 2021/11/15T12:50:43z: DS3231
 0h00:04.154 2021/11/15T12:50:43z: BME280 (0x76)
 0h00:04.168 2021/11/15T12:50:43z: 84:f3:eb:7d:7:a8
 0h00:04.170 2021/11/15T12:50:43z: SSID: MU Open
 0h00:04.175 2021/11/15T12:50:43z: AP_STAR tmr
 ets Jan  8 2013,rst cause:4, boot mode:(3,7)

wdt reset
load 0x4010f000, len 1384, room 16 
tail 8
chksum 0x2d
csum 0x2d
v8b899c12
~ld


6.01
 0h00:04.101 2021/11/15T13:10:42z: DS3231
 0h00:04.117 2021/11/15T13:10:42z: BME280 (0x76)
 0h00:04.131 2021/11/15T13:10:42z: 84:f3:eb:7d:7:a8
 0h00:04.133 2021/11/15T13:10:42z: SSID: MU Open
 0h00:04.138 2021/11/15T13:10:42z: AP_STAR tmr
 ets Jan  8 2013,rst cause:4, boot mode:(3,7)

wdt reset
load 0x4010f000, len 1384, room 16 
tail 8
chksum 0x2d
csum 0x2d
v8b899c12
~ld


6.01
 0h00:04.038 2021/11/15T13:30:41z: DS3231
 0h00:04.054 2021/11/15T13:30:41z: BME280 (0x76)
 0h00:04.068 2021/11/15T13:30:41z: 84:f3:eb:7d:7:a8
 0h00:04.070 2021/11/15T13:30:41z: SSID: MU Open
 0h00:04.075 2021/11/15T13:30:41z: AP_STAR tmr
 ets Jan  8 2013,rst cause:4, boot mode:(3,7)

wdt reset
load 0x4010f000, len 1384, room 16 
tail 8
chksum 0x2d
csum 0x2d
v8b899c12
~ld


6.01
 0h00:04.004 2021/11/15T13:50:41z: DS3231
 0h00:04.020 2021/11/15T13:50:41z: BME280 (0x76)
 0h00:04.034 2021/11/15T13:50:41z: 84:f3:eb:7d:7:a8
 0h00:04.036 2021/11/15T13:50:41z: SSID: MU Open
 0h00:04.041 2021/11/15T13:50:41z: AP_STAR tmr
 ets Jan  8 2013,rst cause:4, boot mode:(3,7)

wdt reset
load 0x4010f000, len 1384, room 16 
tail 8
chksum 0x2d
csum 0x2d
v8b899c12
~ld


6.01
 0h00:03.908 2021/11/15T14:10:40z: DS3231
 0h00:03.923 2021/11/15T14:10:40z: BME280 (0x76)
 0h00:03.937 2021/11/15T14:10:40z: 84:f3:eb:7d:7:a8
 0h00:03.939 2021/11/15T14:10:40z: SSID: MU Open
 0h00:03.944 2021/11/15T14:10:40z: AP_STAR tmr
 ets Jan  8 2013,rst cause:4, boot mode:(3,7)

wdt reset
load 0x4010f000, len 1384, room 16 
tail 8
chksum 0x2d
csum 0x2d
v8b899c12
~ld


6.01
 0h00:04.016 2021/11/15T14:30:38z: DS3231
 0h00:04.031 2021/11/15T14:30:38z: BME280 (0x76)
 0h00:04.046 2021/11/15T14:30:38z: 84:f3:eb:7d:7:a8
 0h00:04.047 2021/11/15T14:30:38z: SSID: MU Open
 0h00:04.052 2021/11/15T14:30:38z: AP_STAR tmr
 ets Jan  8 2013,rst cause:4, boot mode:(3,7)

wdt reset
load 0x4010f000, len 1384, room 16 
tail 8
chksum 0x2d
csum 0x2d
v8b899c12
~ld


6.01
 0h00:04.206 2021/11/15T14:50:37z: DS3231
 0h00:04.221 2021/11/15T14:50:37z: BME280 (0x76)
 0h00:04.235 2021/11/15T14:50:37z: 84:f3:eb:7d:7:a8
 0h00:04.237 2021/11/15T14:50:37z: SSID: MU Open
 0h00:04.242 2021/11/15T14:50:37z: AP_STAR tmr
 ets Jan  8 2013,rst cause:4, boot mode:(3,7)

wdt reset
load 0x4010f000, len 1384, room 16 
tail 8
chksum 0x2d
csum 0x2d
v8b899c12
~ld


6.01
 0h00:04.077 2021/11/15T15:10:36z: DS3231
 0h00:04.092 2021/11/15T15:10:36z: BME280 (0x76)
 0h00:04.106 2021/11/15T15:10:36z: 84:f3:eb:7d:7:a8
 0h00:04.108 2021/11/15T15:10:36z: SSID: MU Open
 0h00:04.113 2021/11/15T15:10:36z: AP_STAR tmr
 ets Jan  8 2013,rst cause:4, boot mode:(3,7)

wdt reset
load 0x4010f000, len 1384, room 16 
tail 8
chksum 0x2d
csum 0x2d
v8b899c12
~ld


6.01
 0h00:03.995 2021/11/15T15:30:35z: DS3231
 0h00:04.010 2021/11/15T15:30:35z: BME280 (0x76)
 0h00:04.024 2021/11/15T15:30:35z: 84:f3:eb:7d:7:a8
 0h00:04.026 2021/11/15T15:30:35z: SSID: MU Open
 0h00:04.031 2021/11/15T15:30:35z: AP_STAR tmr
 ets Jan  8 2013,rst cause:4, boot mode:(3,7)

wdt reset
load 0x4010f000, len 1384, room 16 
tail 8
chksum 0x2d
csum 0x2d
v8b899c12
~ld


6.01
 0h00:03.960 2021/11/15T15:50:34z: DS3231
 0h00:03.975 2021/11/15T15:50:34z: BME280 (0x76)
 0h00:03.989 2021/11/15T15:50:34z: 84:f3:eb:7d:7:a8
 0h00:03.991 2021/11/15T15:50:34z: SSID: MU Open
 0h00:03.996 2021/11/15T15:50:34z: AP_STAR tmr
 ets Jan  8 2013,rst cause:4, boot mode:(3,7)

wdt reset
load 0x4010f000, len 1384, room 16 
tail 8
chksum 0x2d
csum 0x2d
v8b899c12
~ld


6.01
 0h00:04.143 2021/11/15T16:10:33z: DS3231
 0h00:04.158 2021/11/15T16:10:33z: BME280 (0x76)
 0h00:04.172 2021/11/15T16:10:33z: 84:f3:eb:7d:7:a8
 0h00:04.174 2021/11/15T16:10:33z: SSID: MU Open
 0h00:04.179 2021/11/15T16:10:33z: AP_STAR tmr
 ets Jan  8 2013,rst cause:4, boot mode:(3,7)

wdt reset
load 0x4010f000, len 1384, room 16 
tail 8
chksum 0x2d
csum 0x2d
v8b899c12
~ld


6.01
 0h00:04.106 2021/11/15T16:30:32z: DS3231
 0h00:04.121 2021/11/15T16:30:32z: BME280 (0x76)
 0h00:04.135 2021/11/15T16:30:32z: 84:f3:eb:7d:7:a8
 0h00:04.137 2021/11/15T16:30:32z: SSID: MU Open
 0h00:04.142 2021/11/15T16:30:32z: AP_STAR tmr
 ets Jan  8 2013,rst cause:4, boot mode:(3,7)

wdt reset
load 0x4010f000, len 1384, room 16 
tail 8
chksum 0x2d
csum 0x2d
v8b899c12
~ld


6.01
 0h00:03.946 2021/11/15T16:50:31z: DS3231
 0h00:03.961 2021/11/15T16:50:31z: BME280 (0x76)
 0h00:03.975 2021/11/15T16:50:31z: 84:f3:eb:7d:7:a8
 0h00:03.977 2021/11/15T16:50:31z: SSID: MU Open
 0h00:03.982 2021/11/15T16:50:31z: AP_STAR tmr
 ets Jan  8 2013,rst cause:4, boot mode:(3,7)

wdt reset
load 0x4010f000, len 1384, room 16 
tail 8
chksum 0x2d
csum 0x2d
v8b899c12
~ld


6.01
 0h00:03.935 2021/11/15T17:10:29z: DS3231
 0h00:03.951 2021/11/15T17:10:29z: BME280 (0x76)
 0h00:03.965 2021/11/15T17:10:29z: 84:f3:eb:7d:7:a8
 0h00:03.967 2021/11/15T17:10:29z: SSID: MU Open
 0h00:03.972 2021/11/15T17:10:29z: AP_STAR tmr
 ets Jan  8 2013,rst cause:4, boot mode:(3,7)

wdt reset
load 0x4010f000, len 1384, room 16 
tail 8
chksum 0x2d
csum 0x2d
v8b899c12
~ld


6.01
 0h00:03.986 2021/11/15T17:30:28z: DS3231
 0h00:04.001 2021/11/15T17:30:28z: BME280 (0x76)
 0h00:04.015 2021/11/15T17:30:28z: 84:f3:eb:7d:7:a8
 0h00:04.017 2021/11/15T17:30:28z: SSID: MU Open
 0h00:04.022 2021/11/15T17:30:28z: AP_STAR tmr
 ets Jan  8 2013,rst cause:4, boot mode:(3,7)

wdt reset
load 0x4010f000, len 1384, room 16 
tail 8
chksum 0x2d
csum 0x2d
v8b899c12
~ld


6.01
 0h00:04.086 2021/11/15T17:50:26z: DS3231
 0h00:04.101 2021/11/15T17:50:26z: BME280 (0x76)
 0h00:04.115 2021/11/15T17:50:26z: 84:f3:eb:7d:7:a8
 0h00:04.117 2021/11/15T17:50:26z: SSID: MU Open
 0h00:04.122 2021/11/15T17:50:26z: AP_STAR tmr
 ets Jan  8 2013,rst cause:4, boot mode:(3,7)

wdt reset
load 0x4010f000, len 1384, room 16 
tail 8
chksum 0x2d
csum 0x2d
v8b899c12
~ld


6.01
 0h00:04.233 2021/11/15T18:10:26z: DS3231
 0h00:04.249 2021/11/15T18:10:26z: BME280 (0x76)
 0h00:04.263 2021/11/15T18:10:26z: 84:f3:eb:7d:7:a8
 0h00:04.265 2021/11/15T18:10:26z: SSID: MU Open
 0h00:04.270 2021/11/15T18:10:26z: AP_STAR tmr
 ets Jan  8 2013,rst cause:4, boot mode:(3,7)

wdt reset
load 0x4010f000, len 1384, room 16 
tail 8
chksum 0x2d
csum 0x2d
v8b899c12
~ld


6.01
 0h00:04.181 2021/11/15T18:30:25z: DS3231
 0h00:04.196 2021/11/15T18:30:25z: BME280 (0x76)
 0h00:04.210 2021/11/15T18:30:25z: 84:f3:eb:7d:7:a8
 0h00:04.212 2021/11/15T18:30:25z: SSID: MU Open
 0h00:04.217 2021/11/15T18:30:25z: AP_STAR tmr
 ets Jan  8 2013,rst cause:4, boot mode:(3,7)

wdt reset
load 0x4010f000, len 1384, room 16 
tail 8
chksum 0x2d
csum 0x2d
v8b899c12
~ld


6.01
 0h00:03.966 2021/11/15T18:50:24z: DS3231
 0h00:03.982 2021/11/15T18:50:24z: BME280 (0x76)
 0h00:03.996 2021/11/15T18:50:24z: 84:f3:eb:7d:7:a8
 0h00:03.998 2021/11/15T18:50:24z: SSID: MU Open
 0h00:04.003 2021/11/15T18:50:24z: AP_STAR tmr
 ets Jan  8 2013,rst cause:4, boot mode:(3,7)

wdt reset
load 0x4010f000, len 1384, room 16 
tail 8
chksum 0x2d
csum 0x2d
v8b899c12
~ld


6.01
 0h00:04.181 2021/11/15T19:10:23z: DS3231
 0h00:04.196 2021/11/15T19:10:23z: BME280 (0x76)
 0h00:04.210 2021/11/15T19:10:23z: 84:f3:eb:7d:7:a8
 0h00:04.212 2021/11/15T19:10:23z: SSID: MU Open
 0h00:04.217 2021/11/15T19:10:23z: AP_STAR tmr
 ets Jan  8 2013,rst cause:4, boot mode:(3,7)

wdt reset
load 0x4010f000, len 1384, room 16 
tail 8
chksum 0x2d
csum 0x2d
v8b899c12
~ld


6.01
 0h00:04.042 2021/11/15T19:30:22z: DS3231
 0h00:04.057 2021/11/15T19:30:22z: BME280 (0x76)
 0h00:04.072 2021/11/15T19:30:22z: 84:f3:eb:7d:7:a8
 0h00:04.074 2021/11/15T19:30:22z: SSID: MU Open
 0h00:04.079 2021/11/15T19:30:22z: AP_STAR tmr
 ets Jan  8 2013,rst cause:4, boot mode:(3,7)

wdt reset
load 0x4010f000, len 1384, room 16 
tail 8
chksum 0x2d
csum 0x2d
v8b899c12
~ld


6.01
 0h00:04.014 2021/11/15T19:50:21z: DS3231
 0h00:04.029 2021/11/15T19:50:21z: BME280 (0x76)
 0h00:04.044 2021/11/15T19:50:21z: 84:f3:eb:7d:7:a8
 0h00:04.045 2021/11/15T19:50:21z: SSID: MU Open
 0h00:04.050 2021/11/15T19:50:21z: AP_STAR tmr
 ets Jan  8 2013,rst cause:4, boot mode:(3,7)

wdt reset
load 0x4010f000, len 1384, room 16 
tail 8
chksum 0x2d
csum 0x2d
v8b899c12
~ld


6.01
 0h00:04.048 2021/11/15T20:10:20z: DS3231
 0h00:04.063 2021/11/15T20:10:20z: BME280 (0x76)
 0h00:04.078 2021/11/15T20:10:20z: 84:f3:eb:7d:7:a8
 0h00:04.079 2021/11/15T20:10:20z: SSID: MU Open
 0h00:04.084 2021/11/15T20:10:20z: AP_STAR tmr
 ets Jan  8 2013,rst cause:4, boot mode:(3,7)

wdt reset
load 0x4010f000, len 1384, room 16 
tail 8
chksum 0x2d
csum 0x2d
v8b899c12
~ld


6.01
 0h00:04.035 2021/11/15T20:30:19z: DS3231
 0h00:04.050 2021/11/15T20:30:19z: BME280 (0x76)
 0h00:04.064 2021/11/15T20:30:19z: 84:f3:eb:7d:7:a8
 0h00:04.066 2021/11/15T20:30:19z: SSID: MU Open
 0h00:04.071 2021/11/15T20:30:19z: AP_STAR tmr
 ets Jan  8 2013,rst cause:4, boot mode:(3,7)

wdt reset
load 0x4010f000, len 1384, room 16 
tail 8
chksum 0x2d
csum 0x2d
v8b899c12
~ld


6.01
 0h00:03.955 2021/11/15T20:50:17z: DS3231
 0h00:03.970 2021/11/15T20:50:17z: BME280 (0x76)
 0h00:03.984 2021/11/15T20:50:17z: 84:f3:eb:7d:7:a8
 0h00:03.986 2021/11/15T20:50:17z: SSID: MU Open
 0h00:03.991 2021/11/15T20:50:17z: AP_STAR tmr
 ets Jan  8 2013,rst cause:4, boot mode:(3,7)

wdt reset
load 0x4010f000, len 1384, room 16 
tail 8
chksum 0x2d
csum 0x2d
v8b899c12
~ld


6.01
 0h00:03.958 2021/11/15T21:10:17z: DS3231
 0h00:03.974 2021/11/15T21:10:17z: BME280 (0x76)
 0h00:03.988 2021/11/15T21:10:17z: 84:f3:eb:7d:7:a8
 0h00:03.989 2021/11/15T21:10:17z: SSID: MU Open
 0h00:03.995 2021/11/15T21:10:17z: AP_STAR tmr
 ets Jan  8 2013,rst cause:4, boot mode:(3,7)

wdt reset
load 0x4010f000, len 1384, room 16 
tail 8
chksum 0x2d
csum 0x2d
v8b899c12
~ld


6.01
 0h00:04.121 2021/11/15T21:30:15z: DS3231
 0h00:04.136 2021/11/15T21:30:15z: BME280 (0x76)
 0h00:04.150 2021/11/15T21:30:15z: 84:f3:eb:7d:7:a8
 0h00:04.152 2021/11/15T21:30:15z: SSID: MU Open
 0h00:04.157 2021/11/15T21:30:15z: AP_STAR tmr
 ets Jan  8 2013,rst cause:4, boot mode:(3,7)

wdt reset
load 0x4010f000, len 1384, room 16 
tail 8
chksum 0x2d
csum 0x2d
v8b899c12
~ld


6.01
 0h00:04.004 2021/11/15T21:50:14z: DS3231
 0h00:04.019 2021/11/15T21:50:14z: BME280 (0x76)
 0h00:04.033 2021/11/15T21:50:14z: 84:f3:eb:7d:7:a8
 0h00:04.035 2021/11/15T21:50:14z: SSID: MU Open
 0h00:04.040 2021/11/15T21:50:14z: AP_STAR tmr
 ets Jan  8 2013,rst cause:4, boot mode:(3,7)

wdt reset
load 0x4010f000, len 1384, room 16 
tail 8
chksum 0x2d
csum 0x2d
v8b899c12
~ld


6.01
 0h00:04.145 2021/11/15T22:10:13z: DS3231
 0h00:04.161 2021/11/15T22:10:13z: BME280 (0x76)
 0h00:04.175 2021/11/15T22:10:13z: 84:f3:eb:7d:7:a8
 0h00:04.177 2021/11/15T22:10:13z: SSID: MU Open
 0h00:04.182 2021/11/15T22:10:13z: AP_STAR tmr
 ets Jan  8 2013,rst cause:4, boot mode:(3,7)

wdt reset
load 0x4010f000, len 1384, room 16 
tail 8
chksum 0x2d
csum 0x2d
v8b899c12
~ld


6.01
 0h00:04.112 2021/11/15T22:30:12z: DS3231
 0h00:04.127 2021/11/15T22:30:12z: BME280 (0x76)
 0h00:04.142 2021/11/15T22:30:12z: 84:f3:eb:7d:7:a8
 0h00:04.143 2021/11/15T22:30:12z: SSID: MU Open
 0h00:04.148 2021/11/15T22:30:12z: AP_STAR tmr
 ets Jan  8 2013,rst cause:4, boot mode:(3,7)

wdt reset
load 0x4010f000, len 1384, room 16 
tail 8
chksum 0x2d
csum 0x2d
v8b899c12
~ld


6.01
 0h00:03.929 2021/11/15T22:50:11z: DS3231
 0h00:03.944 2021/11/15T22:50:11z: BME280 (0x76)
 0h00:03.958 2021/11/15T22:50:11z: 84:f3:eb:7d:7:a8
 0h00:03.960 2021/11/15T22:50:11z: SSID: MU Open
 0h00:03.965 2021/11/15T22:50:11z: AP_STAR tmr
 ets Jan  8 2013,rst cause:4, boot mode:(3,7)

wdt reset
load 0x4010f000, len 1384, room 16 
tail 8
chksum 0x2d
csum 0x2d
v8b899c12
~ld


6.01
 0h00:03.948 2021/11/15T23:10:09z: DS3231
 0h00:03.963 2021/11/15T23:10:09z: BME280 (0x76)
 0h00:03.978 2021/11/15T23:10:09z: 84:f3:eb:7d:7:a8
 0h00:03.979 2021/11/15T23:10:09z: SSID: MU Open
 0h00:03.984 2021/11/15T23:10:09z: AP_STAR tmr
 ets Jan  8 2013,rst cause:4, boot mode:(3,7)

wdt reset
load 0x4010f000, len 1384, room 16 
tail 8
chksum 0x2d
csum 0x2d
v8b899c12
~ld


6.01
 0h00:04.093 2021/11/15T23:30:08z: DS3231
 0h00:04.108 2021/11/15T23:30:08z: BME280 (0x76)
 0h00:04.122 2021/11/15T23:30:08z: 84:f3:eb:7d:7:a8
 0h00:04.124 2021/11/15T23:30:08z: SSID: MU Open
 0h00:04.129 2021/11/15T23:30:08z: AP_STAR tmr
 ets Jan  8 2013,rst cause:4, boot mode:(3,7)

wdt reset
load 0x4010f000, len 1384, room 16 
tail 8
chksum 0x2d
csum 0x2d
v8b899c12
~ld


6.01
 0h00:04.094 2021/11/15T23:50:07z: DS3231
 0h00:04.109 2021/11/15T23:50:07z: BME280 (0x76)
 0h00:04.123 2021/11/15T23:50:07z: 84:f3:eb:7d:7:a8
 0h00:04.125 2021/11/15T23:50:07z: SSID: MU Open
 0h00:04.130 2021/11/15T23:50:07z: AP_STA