R tmr
 ets Jan  8 2013,rst cause:4, boot mode:(3,7)

wdt reset
load 0x4010f000, len 1384, room 16 
tail 8
chksum 0x2d
csum 0x2d
v8b899c12
~ld


6.01
 0h00:04.053 2021/12/16T00:11:05z: DS3231
 0h00:04.068 2021/12/16T00:11:05z: BME280 (0x76)
 0h00:04.082 2021/12/16T00:11:05z: 84:f3:eb:7d:7:a8
 0h00:04.084 2021/12/16T00:11:05z: SSID: MU Open
 0h00:04.089 2021/12/16T00:11:05z: AP_STAR tmr
 ets Jan  8 2013,rst cause:4, boot mode:(3,7)

wdt reset
load 0x4010f000, len 1384, room 16 
tail 8
chksum 0x2d
csum 0x2d
v8b899c12
~ld


6.01
 0h00:03.848 2021/12/16T00:31:04z: DS3231
 0h00:03.864 2021/12/16T00:31:04z: BME280 (0x76)
 0h00:03.878 2021/12/16T00:31:04z: 84:f3:eb:7d:7:a8
 0h00:03.880 2021/12/16T00:31:04z: SSID: MU Open
 0h00:03.885 2021/12/16T00:31:04z: AP_STAR tmr
 ets Jan  8 2013,rst cause:4, boot mode:(3,7)

wdt reset
load 0x4010f000, len 1384, room 16 
tail 8
chksum 0x2d
csum 0x2d
v8b899c12
~ld


6.01
 0h00:03.968 2021/12/16T00:51:04z: DS3231
 0h00:03.983 2021/12/16T00:51:04z: BME280 (0x76)
 0h00:03.997 2021/12/16T00:51:04z: 84:f3:eb:7d:7:a8
 0h00:03.999 2021/12/16T00:51:04z: SSID: MU Open
 0h00:04.004 2021/12/16T00:51:04z: AP_STAR tmr
 ets Jan  8 2013,rst cause:4, boot mode:(3,7)

wdt reset
load 0x4010f000, len 1384, room 16 
tail 8
chksum 0x2d
csum 0x2d
v8b899c12
~ld


6.01
 0h00:03.974 2021/12/16T01:11:03z: DS3231
 0h00:03.990 2021/12/16T01:11:03z: BME280 (0x76)
 0h00:04.004 2021/12/16T01:11:03z: 84:f3:eb:7d:7:a8
 0h00:04.005 2021/12/16T01:11:03z: SSID: MU Open
 0h00:04.011 2021/12/16T01:11:03z: AP_STAR tmr
 ets Jan  8 2013,rst cause:4, boot mode:(3,7)

wdt reset
load 0x4010f000, len 1384, room 16 
tail 8
chksum 0x2d
csum 0x2d
v8b899c12
~ld


6.01
 0h00:04.113 2021/12/16T01:31:02z: DS3231
 0h00:04.129 2021/12/16T01:31:02z: BME280 (0x76)
 0h00:04.143 2021/12/16T01:31:03z: 84:f3:eb:7d:7:a8
 0h00:04.144 2021/12/16T01:31:03z: SSID: MU Open
 0h00:04.150 2021/12/16T01:31:03z: AP_STAR tmr
 ets Jan  8 2013,rst cause:4, boot mode:(3,7)

wdt reset
load 0x4010f000, len 1384, room 16 
tail 8
chksum 0x2d
csum 0x2d
v8b899c12
~ld


6.01
 0h00:04.221 2021/12/16T01:51:02z: DS3231
 0h00:04.236 2021/12/16T01:51:02z: BME280 (0x76)
 0h00:04.251 2021/12/16T01:51:02z: 84:f3:eb:7d:7:a8
 0h00:04.252 2021/12/16T01:51:02z: SSID: MU Open
 0h00:04.257 2021/12/16T01:51:02z: AP_STAR tmr
 ets Jan  8 2013,rst cause:4, boot mode:(3,7)

wdt reset
load 0x4010f000, len 1384, room 16 
tail 8
chksum 0x2d
csum 0x2d
v8b899c12
~ld


6.01
 0h00:04.040 2021/12/16T02:11:01z: DS3231
 0h00:04.055 2021/12/16T02:11:01z: BME280 (0x76)
 0h00:04.069 2021/12/16T02:11:01z: 84:f3:eb:7d:7:a8
 0h00:04.071 2021/12/16T02:11:01z: SSID: MU Open
 0h00:04.076 2021/12/16T02:11:01z: AP_STAR tmr
 ets Jan  8 2013,rst cause:4, boot mode:(3,7)

wdt reset
load 0x4010f000, len 1384, room 16 
tail 8
chksum 0x2d
csum 0x2d
v8b899c12
~ld


6.01
 0h00:04.002 2021/12/16T02:31:00z: DS3231
 0h00:04.017 2021/12/16T02:31:00z: BME280 (0x76)
 0h00:04.031 2021/12/16T02:31:00z: 84:f3:eb:7d:7:a8
 0h00:04.033 2021/12/16T02:31:00z: SSID: MU Open
 0h00:04.038 2021/12/16T02:31:00z: AP_STAR tmr
 ets Jan  8 2013,rst cause:4, boot mode:(3,7)

wdt reset
load 0x4010f000, len 1384, room 16 
tail 8
chksum 0x2d
csum 0x2d
v8b899c12
~ld


6.01
 0h00:03.940 2021/12/16T02:50:58z: DS3231
 0h00:03.955 2021/12/16T02:50:58z: BME280 (0x76)
 0h00:03.969 2021/12/16T02:50:58z: 84:f3:eb:7d:7:a8
 0h00:03.971 2021/12/16T02:50:58z: SSID: MU Open
 0h00:03.976 2021/12/16T02:50:58z: AP_STAR tmr
 ets Jan  8 2013,rst cause:4, boot mode:(3,7)

wdt reset
load 0x4010f000, len 1384, room 16 
tail 8
chksum 0x2d
csum 0x2d
v8b899c12
~ld


6.01
 0h00:04.001 2021/12/16T03:10:58z: DS3231
 0h00:04.016 2021/12/16T03:10:58z: BME280 (0x76)
 0h00:04.030 2021/12/16T03:10:58z: 84:f3:eb:7d:7:a8
 0h00:04.032 2021/12/16T03:10:58z: SSID: MU Open
 0h00:04.037 2021/12/16T03:10:58z: AP_STAR tmr
 ets Jan  8 2013,rst cause:4, boot mode:(3,7)

wdt reset
load 0x4010f000, len 1384, room 16 
tail 8
chksum 0x2d
csum 0x2d
v8b899c12
~ld


6.01
 0h00:04.263 2021/12/16T03:30:57z: DS3231
 0h00:04.278 2021/12/16T03:30:57z: BME280 (0x76)
 0h00:04.292 2021/12/16T03:30:57z: 84:f3:eb:7d:7:a8
 0h00:04.294 2021/12/16T03:30:57z: SSID: MU Open
 0h00:04.299 2021/12/16T03:30:57z: AP_STAR tmr
 ets Jan  8 2013,rst cause:4, boot mode:(3,7)

wdt reset
load 0x4010f000, len 1384, room 16 
tail 8
chksum 0x2d
csum 0x2d
v8b899c12
~ld


6.01
 0h00:04.248 2021/12/16T03:50:57z: DS3231
 0h00:04.263 2021/12/16T03:50:57z: BME280 (0x76)
 0h00:04.277 2021/12/16T03:50:57z: 84:f3:eb:7d:7:a8
 0h00:04.279 2021/12/16T03:50:57z: SSID: MU Open
 0h00:04.284 2021/12/16T03:50:57z: AP_STAR tmr
 ets Jan  8 2013,rst cause:4, boot mode:(3,7)

wdt reset
load 0x4010f000, len 1384, room 16 
tail 8
chksum 0x2d
csum 0x2d
v8b899c12
~ld


6.01
 0h00:04.097 2021/12/16T04:10:57z: DS3231
 0h00:04.113 2021/12/16T04:10:57z: BME280 (0x76)
 0h00:04.127 2021/12/16T04:10:57z: 84:f3:eb:7d:7:a8
 0h00:04.129 2021/12/16T04:10:57z: SSID: MU Open
 0h00:04.134 2021/12/16T04:10:57z: AP_STAR tmr
 ets Jan  8 2013,rst cause:4, boot mode:(3,7)

wdt reset
load 0x4010f000, len 1384, room 16 
tail 8
chksum 0x2d
csum 0x2d
v8b899c12
~ld


6.01
 0h00:04.035 2021/12/16T04:30:56z: DS3231
 0h00:04.050 2021/12/16T04:30:56z: BME280 (0x76)
 0h00:04.064 2021/12/16T04:30:56z: 84:f3:eb:7d:7:a8
 0h00:04.066 2021/12/16T04:30:56z: SSID: MU Open
 0h00:04.071 2021/12/16T04:30:56z: AP_STAR tmr
 ets Jan  8 2013,rst cause:4, boot mode:(3,7)

wdt reset
load 0x4010f000, len 1384, room 16 
tail 8
chksum 0x2d
csum 0x2d
v8b899c12
~ld


6.01
 0h00:03.879 2021/12/16T04:50:56z: DS3231
 0h00:03.895 2021/12/16T04:50:56z: BME280 (0x76)
 0h00:03.909 2021/12/16T04:50:56z: 84:f3:eb:7d:7:a8
 0h00:03.911 2021/12/16T04:50:56z: SSID: MU Open
 0h00:03.916 2021/12/16T04:50:56z: AP_STAR tmr
 ets Jan  8 2013,rst cause:4, boot mode:(3,7)

wdt reset
load 0x4010f000, len 1384, room 16 
tail 8
chksum 0x2d
csum 0x2d
v8b899c12
~ld


6.01
 0h00:04.204 2021/12/16T05:10:55z: DS3231
 0h00:04.220 2021/12/16T05:10:55z: BME280 (0x76)
 0h00:04.234 2021/12/16T05:10:55z: 84:f3:eb:7d:7:a8
 0h00:04.235 2021/12/16T05:10:55z: SSID: MU Open
 0h00:04.241 2021/12/16T05:10:55z: AP_STAR tmr
 ets Jan  8 2013,rst cause:4, boot mode:(3,7)

wdt reset
load 0x4010f000, len 1384, room 16 
tail 8
chksum 0x2d
csum 0x2d
v8b899c12
~ld


6.01
 0h00:04.078 2021/12/16T05:30:55z: DS3231
 0h00:04.093 2021/12/16T05:30:55z: BME280 (0x76)
 0h00:04.107 2021/12/16T05:30:55z: 84:f3:eb:7d:7:a8
 0h00:04.109 2021/12/16T05:30:55z: SSID: MU Open
 0h00:04.114 2021/12/16T05:30:55z: AP_STAR tmr
 ets Jan  8 2013,rst cause:4, boot mode:(3,7)

wdt reset
load 0x4010f000, len 1384, room 16 
tail 8
chksum 0x2d
csum 0x2d
v8b899c12
~ld


6.01
 0h00:03.995 2021/12/16T05:50:54z: DS3231
 0h00:04.011 2021/12/16T05:50:54z: BME280 (0x76)
 0h00:04.025 2021/12/16T05:50:54z: 84:f3:eb:7d:7:a8
 0h00:04.026 2021/12/16T05:50:54z: SSID: MU Open
 0h00:04.032 2021/12/16T05:50:54z: AP_STAR tmr
 ets Jan  8 2013,rst cause:4, boot mode:(3,7)

wdt reset
load 0x4010f000, len 1384, room 16 
tail 8
chksum 0x2d
csum 0x2d
v8b899c12
~ld


6.01
 0h00:04.216 2021/12/16T06:10:54z: DS3231
 0h00:04.231 2021/12/16T06:10:54z: BME280 (0x76)
 0h00:04.245 2021/12/16T06:10:54z: 84:f3:eb:7d:7:a8
 0h00:04.247 2021/12/16T06:10:54z: SSID: MU Open
 0h00:04.252 2021/12/16T06:10:54z: AP_STAR tmr
 ets Jan  8 2013,rst cause:4, boot mode:(3,7)

wdt reset
load 0x4010f000, len 1384, room 16 
tail 8
chksum 0x2d
csum 0x2d
v8b899c12
~ld


6.01
 0h00:04.069 2021/12/16T06:30:54z: DS3231
 0h00:04.084 2021/12/16T06:30:54z: BME280 (0x76)
 0h00:04.098 2021/12/16T06:30:54z: 84:f3:eb:7d:7:a8
 0h00:04.100 2021/12/16T06:30:54z: SSID: MU Open
 0h00:04.105 2021/12/16T06:30:54z: AP_STAR tmr
 ets Jan  8 2013,rst cause:4, boot mode:(3,7)

wdt reset
load 0x4010f000, len 1384, room 16 
tail 8
chksum 0x2d
csum 0x2d
v8b899c12
~ld


6.01
 0h00:04.249 2021/12/16T06:50:54z: DS3231
 0h00:04.265 2021/12/16T06:50:54z: BME280 (0x76)
 0h00:04.279 2021/12/16T06:50:54z: 84:f3:eb:7d:7:a8
 0h00:04.281 2021/12/16T06:50:54z: SSID: MU Open
 0h00:04.286 2021/12/16T06:50:54z: AP_STAR tmr
 ets Jan  8 2013,rst cause:4, boot mode:(3,7)

wdt reset
load 0x4010f000, len 1384, room 16 
tail 8
chksum 0x2d
csum 0x2d
v8b899c12
~ld


6.01
 0h00:04.031 2021/12/16T07:10:53z: DS3231
 0h00:04.046 2021/12/16T07:10:53z: BME280 (0x76)
 0h00:04.060 2021/12/16T07:10:53z: 84:f3:eb:7d:7:a8
 0h00:04.062 2021/12/16T07:10:53z: SSID: MU Open
 0h00:04.067 2021/12/16T07:10:53z: AP_STAR tmr
 ets Jan  8 2013,rst cause:4, boot mode:(3,7)

wdt reset
load 0x4010f000, len 1384, room 16 
tail 8
chksum 0x2d
csum 0x2d
v8b899c12
~ld


6.01
 0h00:04.227 2021/12/16T07:30:52z: DS3231
 0h00:04.242 2021/12/16T07:30:52z: BME280 (0x76)
 0h00:04.257 2021/12/16T07:30:52z: 84:f3:eb:7d:7:a8
 0h00:04.258 2021/12/16T07:30:52z: SSID: MU Open
 0h00:04.263 2021/12/16T07:30:52z: AP_STAR tmr
 ets Jan  8 2013,rst cause:4, boot mode:(3,7)

wdt reset
load 0x4010f000, len 1384, room 16 
tail 8
chksum 0x2d
csum 0x2d
v8b899c12
~ld


6.01
 0h00:04.170 2021/12/16T07:50:52z: DS3231
 0h00:04.185 2021/12/16T07:50:52z: BME280 (0x76)
 0h00:04.199 2021/12/16T07:50:52z: 84:f3:eb:7d:7:a8
 0h00:04.201 2021/12/16T07:50:52z: SSID: MU Open
 0h00:04.206 2021/12/16T07:50:52z: AP_STAR tmr
 ets Jan  8 2013,rst cause:4, boot mode:(3,7)

wdt reset
load 0x4010f000, len 1384, room 16 
tail 8
chksum 0x2d
csum 0x2d
v8b899c12
~ld


6.01
 0h00:04.212 2021/12/16T08:10:52z: DS3231
 0h00:04.227 2021/12/16T08:10:52z: BME280 (0x76)
 0h00:04.241 2021/12/16T08:10:52z: 84:f3:eb:7d:7:a8
 0h00:04.243 2021/12/16T08:10:52z: SSID: MU Open
 0h00:04.248 2021/12/16T08:10:52z: AP_STAR tmr
 ets Jan  8 2013,rst cause:4, boot mode:(3,7)

wdt reset
load 0x4010f000, len 1384, room 16 
tail 8
chksum 0x2d
csum 0x2d
v8b899c12
~ld


6.01
 0h00:04.262 2021/12/16T08:30:51z: DS3231
 0h00:04.277 2021/12/16T08:30:51z: BME280 (0x76)
 0h00:04.291 2021/12/16T08:30:51z: 84:f3:eb:7d:7:a8
 0h00:04.293 2021/12/16T08:30:51z: SSID: MU Open
 0h00:04.298 2021/12/16T08:30:51z: AP_STAR tmr
 ets Jan  8 2013,rst cause:4, boot mode:(3,7)

wdt reset
load 0x4010f000, len 1384, room 16 
tail 8
chksum 0x2d
csum 0x2d
v8b899c12
~ld


6.01
 0h00:04.188 2021/12/16T08:50:51z: DS3231
 0h00:04.204 2021/12/16T08:50:51z: BME280 (0x76)
 0h00:04.218 2021/12/16T08:50:51z: 84:f3:eb:7d:7:a8
 0h00:04.220 2021/12/16T08:50:51z: SSID: MU Open
 0h00:04.225 2021/12/16T08:50:51z: AP_STAR tmr
 ets Jan  8 2013,rst cause:4, boot mode:(3,7)

wdt reset
load 0x4010f000, len 1384, room 16 
tail 8
chksum 0x2d
csum 0x2d
v8b899c12
~ld


6.01
 0h00:04.128 2021/12/16T09:10:50z: DS3231
 0h00:04.144 2021/12/16T09:10:50z: BME280 (0x76)
 0h00:04.158 2021/12/16T09:10:50z: 84:f3:eb:7d:7:a8
 0h00:04.159 2021/12/16T09:10:50z: SSID: MU Open
 0h00:04.165 2021/12/16T09:10:50z: AP_STAR tmr
 ets Jan  8 2013,rst cause:4, boot mode:(3,7)

wdt reset
load 0x4010f000, len 1384, room 16 
tail 8
chksum 0x2d
csum 0x2d
v8b899c12
~ld


6.01
 0h00:04.194 2021/12/16T09:30:50z: DS3231
 0h00:04.210 2021/12/16T09:30:50z: BME280 (0x76)
 0h00:04.224 2021/12/16T09:30:50z: 84:f3:eb:7d:7:a8
 0h00:04.226 2021/12/16T09:30:50z: SSID: MU Open
 0h00:04.231 2021/12/16T09:30:50z: AP_STAR tmr
 ets Jan  8 2013,rst cause:4, boot mode:(3,7)

wdt reset
load 0x4010f000, len 1384, room 16 
tail 8
chksum 0x2d
csum 0x2d
v8b899c12
~ld


6.01
 0h00:04.259 2021/12/16T09:50:50z: DS3231
 0h00:04.274 2021/12/16T09:50:50z: BME280 (0x76)
 0h00:04.288 2021/12/16T09:50:50z: 84:f3:eb:7d:7:a8
 0h00:04.290 2021/12/16T09:50:50z: SSID: MU Open
 0h00:04.295 2021/12/16T09:50:50z: AP_STAR tmr
 ets Jan  8 2013,rst cause:4, boot mode:(3,7)

wdt reset
load 0x4010f000, len 1384, room 16 
tail 8
chksum 0x2d
csum 0x2d
v8b899c12
~ld


6.01
 0h00:04.217 2021/12/16T10:10:49z: DS3231
 0h00:04.232 2021/12/16T10:10:49z: BME280 (0x76)
 0h00:04.246 2021/12/16T10:10:49z: 84:f3:eb:7d:7:a8
 0h00:04.248 2021/12/16T10:10:49z: SSID: MU Open
 0h00:04.253 2021/12/16T10:10:49z: AP_STAR tmr
 ets Jan  8 2013,rst cause:4, boot mode:(3,7)

wdt reset
load 0x4010f000, len 1384, room 16 
tail 8
chksum 0x2d
csum 0x2d
v8b899c12
~ld


6.01
 0h00:04.009 2021/12/16T10:30:49z: DS3231
 0h00:04.025 2021/12/16T10:30:49z: BME280 (0x76)
 0h00:04.039 2021/12/16T10:30:49z: 84:f3:eb:7d:7:a8
 0h00:04.040 2021/12/16T10:30:49z: SSID: MU Open
 0h00:04.046 2021/12/16T10:30:49z: AP_STAR tmr
 ets Jan  8 2013,rst cause:4, boot mode:(3,7)

wdt reset
load 0x4010f000, len 1384, room 16 
tail 8
chksum 0x2d
csum 0x2d
v8b899c12
~ld


6.01
 0h00:03.910 2021/12/16T10:50:47z: DS3231
 0h00:03.925 2021/12/16T10:50:47z: BME280 (0x76)
 0h00:03.939 2021/12/16T10:50:47z: 84:f3:eb:7d:7:a8
 0h00:03.941 2021/12/16T10:50:47z: SSID: MU Open
 0h00:03.946 2021/12/16T10:50:47z: AP_STAR tmr
 ets Jan  8 2013,rst cause:4, boot mode:(3,7)

wdt reset
load 0x4010f000, len 1384, room 16 
tail 8
chksum 0x2d
csum 0x2d
v8b899c12
~ld


6.01
 0h00:04.359 2021/12/16T11:10:48z: DS3231
 0h00:04.375 2021/12/16T11:10:48z: BME280 (0x76)
 0h00:04.389 2021/12/16T11:10:48z: 84:f3:eb:7d:7:a8
 0h00:04.391 2021/12/16T11:10:48z: SSID: MU Open
 0h00:04.396 2021/12/16T11:10:48z: AP_STAR tmr
 ets Jan  8 2013,rst cause:4, boot mode:(3,7)

wdt reset
load 0x4010f000, len 1384, room 16 
tail 8
chksum 0x2d
csum 0x2d
v8b899c12
~ld


6.01
 0h00:04.224 2021/12/16T11:30:48z: DS3231
 0h00:04.240 2021/12/16T11:30:48z: BME280 (0x76)
 0h00:04.254 2021/12/16T11:30:48z: 84:f3:eb:7d:7:a8
 0h00:04.255 2021/12/16T11:30:48z: SSID: MU Open
 0h00:04.261 2021/12/16T11:30:48z: AP_STAR tmr
 ets Jan  8 2013,rst cause:4, boot mode:(3,7)

wdt reset
load 0x4010f000, len 1384, room 16 
tail 8
chksum 0x2d
csum 0x2d
v8b899c12
~ld


6.01
 0h00:04.388 2021/12/16T11:50:48z: DS3231
 0h00:04.403 2021/12/16T11:50:48z: BME280 (0x76)
 0h00:04.417 2021/12/16T11:50:48z: 84:f3:eb:7d:7:a8
 0h00:04.419 2021/12/16T11:50:48z: SSID: MU Open
 0h00:04.424 2021/12/16T11:50:48z: AP_STAR tmr
 ets Jan  8 2013,rst cause:4, boot mode:(3,7)

wdt reset
load 0x4010f000, len 1384, room 16 
tail 8
chksum 0x2d
csum 0x2d
v8b899c12
~ld


6.01
 0h00:04.246 2021/12/16T12:10:48z: DS3231
 0h00:04.262 2021/12/16T12:10:48z: BME280 (0x76)
 0h00:04.276 2021/12/16T12:10:48z: 84:f3:eb:7d:7:a8
 0h00:04.278 2021/12/16T12:10:48z: SSID: MU Open
 0h00:04.283 2021/12/16T12:10:48z: AP_STAR tmr
 ets Jan  8 2013,rst cause:4, boot mode:(3,7)

wdt reset
load 0x4010f000, len 1384, room 16 
tail 8
chksum 0x2d
csum 0x2d
v8b899c12
~ld


6.01
 0h00:04.431 2021/12/16T12:30:48z: DS3231
 0h00:04.447 2021/12/16T12:30:48z: BME280 (0x76)
 0h00:04.461 2021/12/16T12:30:48z: 84:f3:eb:7d:7:a8
 0h00:04.463 2021/12/16T12:30:48z: SSID: MU Open
 0h00:04.468 2021/12/16T12:30:48z: AP_STAR tmr
 ets Jan  8 2013,rst cause:4, boot mode:(3,7)

wdt reset
load 0x4010f000, len 1384, room 16 
tail 8
chksum 0x2d
csum 0x2d
v8b899c12
~ld


6.01
 0h00:04.438 2021/12/16T12:50:49z: DS3231
 0h00:04.454 2021/12/16T12:50:49z: BME280 (0x76)
 0h00:04.468 2021/12/16T12:50:49z: 84:f3:eb:7d:7:a8
 0h00:04.470 2021/12/16T12:50:49z: SSID: MU Open
 0h00:04.475 2021/12/16T12:50:49z: AP_STAR tmr
 ets Jan  8 2013,rst cause:4, boot mode:(3,7)

wdt reset
load 0x4010f000, len 1384, room 16 
tail 8
chksum 0x2d
csum 0x2d
v8b899c12
~ld


6.01
 0h00:04.438 2021/12/16T13:10:49z: DS3231
 0h00:04.454 2021/12/16T13:10:49z: BME280 (0x76)
 0h00:04.468 2021/12/16T13:10:49z: 84:f3:eb:7d:7:a8
 0h00:04.469 2021/12/16T13:10:49z: SSID: MU Open
 0h00:04.475 2021/12/16T13:10:49z: AP_STAR tmr
 ets Jan  8 2013,rst cause:4, boot mode:(3,7)

wdt reset
load 0x4010f000, len 1384, room 16 
tail 8
chksum 0x2d
csum 0x2d
v8b899c12
~ld


6.01
 0h00:04.542 2021/12/16T13:30:49z: DS3231
 0h00:04.558 2021/12/16T13:30:49z: BME280 (0x76)
 0h00:04.572 2021/12/16T13:30:49z: 84:f3:eb:7d:7:a8
 0h00:04.574 2021/12/16T13:30:49z: SSID: MU Open
 0h00:04.579 2021/12/16T13:30:49z: AP_STAR tmr
 ets Jan  8 2013,rst cause:4, boot mode:(3,7)

wdt reset
load 0x4010f000, len 1384, room 16 
tail 8
chksum 0x2d
csum 0x2d
v8b899c12
~ld


6.01
 0h00:04.512 2021/12/16T13:50:50z: DS3231
 0h00:04.527 2021/12/16T13:50:50z: BME280 (0x76)
 0h00:04.541 2021/12/16T13:50:50z: 84:f3:eb:7d:7:a8
 0h00:04.543 2021/12/16T13:50:50z: SSID: MU Open
 0h00:04.548 2021/12/16T13:50:50z: AP_STAR tmr
 ets Jan  8 2013,rst cause:4, boot mode:(3,7)

wdt reset
load 0x4010f000, len 1384, room 16 
tail 8
chksum 0x2d
csum 0x2d
v8b899c12
~ld


6.01
 0h00:04.429 2021/12/16T14:10:51z: DS3231
 0h00:04.444 2021/12/16T14:10:51z: BME280 (0x76)
 0h00:04.458 2021/12/16T14:10:51z: 84:f3:eb:7d:7:a8
 0h00:04.460 2021/12/16T14:10:51z: SSID: MU Open
 0h00:04.465 2021/12/16T14:10:51z: AP_STAR tmr
 ets Jan  8 2013,rst cause:4, boot mode:(3,7)

wdt reset
load 0x4010f000, len 1384, room 16 
tail 8
chksum 0x2d
csum 0x2d
v8b899c12
~ld


6.01
 0h00:04.313 2021/12/16T14:30:52z: DS3231
 0h00:04.328 2021/12/16T14:30:52z: BME280 (0x76)
 0h00:04.342 2021/12/16T14:30:52z: 84:f3:eb:7d:7:a8
 0h00:04.344 2021/12/16T14:30:52z: SSID: MU Open
 0h00:04.349 2021/12/16T14:30:52z: AP_STAR tmr
 ets Jan  8 2013,rst cause:4, boot mode:(3,7)

wdt reset
load 0x4010f000, len 1384, room 16 
tail 8
chksum 0x2d
csum 0x2d
v8b899c12
~ld


6.01
 0h00:04.445 2021/12/16T14:50:51z: DS3231
 0h00:04.460 2021/12/16T14:50:51z: BME280 (0x76)
 0h00:04.475 2021/12/16T14:50:51z: 84:f3:eb:7d:7:a8
 0h00:04.476 2021/12/16T14:50:51z: SSID: MU Open
 0h00:04.481 2021/12/16T14:50:51z: AP_STAR tmr
 ets Jan  8 2013,rst cause:4, boot mode:(3,7)

wdt reset
load 0x4010f000, len 1384, room 16 
tail 8
chksum 0x2d
csum 0x2d
v8b899c12
~ld


6.01
 0h00:04.234 2021/12/16T15:10:51z: DS3231
 0h00:04.249 2021/12/16T15:10:51z: BME280 (0x76)
 0h00:04.263 2021/12/16T15:10:51z: 84:f3:eb:7d:7:a8
 0h00:04.265 2021/12/16T15:10:51z: SSID: MU Open
 0h00:04.270 2021/12/16T15:10:51z: AP_STAR tmr
 ets Jan  8 2013,rst cause:4, boot mode:(3,7)

wdt reset
load 0x4010f000, len 1384, room 16 
tail 8
chksum 0x2d
csum 0x2d
v8b899c12
~ld


6.01
 0h00:04.065 2021/12/16T15:30:51z: DS3231
 0h00:04.080 2021/12/16T15:30:51z: BME280 (0x76)
 0h00:04.095 2021/12/16T15:30:51z: 84:f3:eb:7d:7:a8
 0h00:04.096 2021/12/16T15:30:51z: SSID: MU Open
 0h00:04.101 2021/12/16T15:30:51z: AP_STAR tmr
 ets Jan  8 2013,rst cause:4, boot mode:(3,7)

wdt reset
load 0x4010f000, len 1384, room 16 
tail 8
chksum 0x2d
csum 0x2d
v8b899c12
~ld


6.01
 0h00:04.313 2021/12/16T15:50:50z: DS3231
 0h00:04.328 2021/12/16T15:50:50z: BME280 (0x76)
 0h00:04.342 2021/12/16T15:50:50z: 84:f3:eb:7d:7:a8
 0h00:04.344 2021/12/16T15:50:50z: SSID: MU Open
 0h00:04.349 2021/12/16T15:50:50z: AP_STAR tmr
 ets Jan  8 2013,rst cause:4, boot mode:(3,7)

wdt reset
load 0x4010f000, len 1384, room 16 
tail 8
chksum 0x2d
csum 0x2d
v8b899c12
~ld


6.01
 0h00:04.345 2021/12/16T16:10:51z: DS3231
 0h00:04.360 2021/12/16T16:10:51z: BME280 (0x76)
 0h00:04.374 2021/12/16T16:10:51z: 84:f3:eb:7d:7:a8
 0h00:04.376 2021/12/16T16:10:51z: SSID: MU Open
 0h00:04.381 2021/12/16T16:10:51z: AP_STAR tmr
 ets Jan  8 2013,rst cause:4, boot mode:(3,7)

wdt reset
load 0x4010f000, len 1384, room 16 
tail 8
chksum 0x2d
csum 0x2d
v8b899c12
~ld


6.01
 0h00:04.166 2021/12/16T16:30:51z: DS3231
 0h00:04.182 2021/12/16T16:30:51z: BME280 (0x76)
 0h00:04.196 2021/12/16T16:30:51z: 84:f3:eb:7d:7:a8
 0h00:04.198 2021/12/16T16:30:51z: SSID: MU Open
 0h00:04.203 2021/12/16T16:30:51z: AP_STAR tmr
 ets Jan  8 2013,rst cause:4, boot mode:(3,7)

wdt reset
load 0x4010f000, len 1384, room 16 
tail 8
chksum 0x2d
csum 0x2d
v8b899c12
~ld


6.01
 0h00:04.084 2021/12/16T16:50:50z: DS3231
 0h00:04.100 2021/12/16T16:50:50z: BME280 (0x76)
 0h00:04.114 2021/12/16T16:50:50z: 84:f3:eb:7d:7:a8
 0h00:04.116 2021/12/16T16:50:50z: SSID: MU Open
 0h00:04.121 2021/12/16T16:50:50z: AP_STAR tmr
 ets Jan  8 2013,rst cause:4, boot mode:(3,7)

wdt reset
load 0x4010f000, len 1384, room 16 
tail 8
chksum 0x2d
csum 0x2d
v8b899c12
~ld


6.01
 0h00:04.373 2021/12/16T17:10:50z: DS3231
 0h00:04.388 2021/12/16T17:10:50z: BME280 (0x76)
 0h00:04.403 2021/12/16T17:10:50z: 84:f3:eb:7d:7:a8
 0h00:04.404 2021/12/16T17:10:50z: SSID: MU Open
 0h00:04.409 2021/12/16T17:10:50z: AP_STAR tmr
 ets Jan  8 2013,rst cause:4, boot mode:(3,7)

wdt reset
load 0x4010f000, len 1384, room 16 
tail 8
chksum 0x2d
csum 0x2d
v8b899c12
~ld


6.01
 0h00:04.414 2021/12/16T17:30:50z: DS3231
 0h00:04.429 2021/12/16T17:30:50z: BME280 (0x76)
 0h00:04.444 2021/12/16T17:30:50z: 84:f3:eb:7d:7:a8
 0h00:04.445 2021/12/16T17:30:50z: SSID: MU Open
 0h00:04.450 2021/12/16T17:30:50z: AP_STAR tmr
 ets Jan  8 2013,rst cause:4, boot mode:(3,7)

wdt reset
load 0x4010f000, len 1384, room 16 
tail 8
chksum 0x2d
csum 0x2d
v8b899c12
~ld


6.01
 0h00:04.375 2021/12/16T17:50:51z: DS3231
 0h00:04.390 2021/12/16T17:50:51z: BME280 (0x76)
 0h00:04.405 2021/12/16T17:50:51z: 84:f3:eb:7d:7:a8
 0h00:04.406 2021/12/16T17:50:51z: SSID: MU Open
 0h00:04.411 2021/12/16T17:50:51z: AP_STAR tmr
 ets Jan  8 2013,rst cause:4, boot mode:(3,7)

wdt reset
load 0x4010f000, len 1384, room 16 
tail 8
chksum 0x2d
csum 0x2d
v8b899c12
~ld


6.01
 0h00:04.193 2021/12/16T18:10:51z: DS3231
 0h00:04.209 2021/12/16T18:10:51z: BME280 (0x76)
 0h00:04.223 2021/12/16T18:10:51z: 84:f3:eb:7d:7:a8
 0h00:04.224 2021/12/16T18:10:51z: SSID: MU Open
 0h00:04.230 2021/12/16T18:10:51z: AP_STAR tmr
 ets Jan  8 2013,rst cause:4, boot mode:(3,7)

wdt reset
load 0x4010f000, len 1384, room 16 
tail 8
chksum 0x2d
csum 0x2d
v8b899c12
~ld


6.01
 0h00:04.099 2021/12/16T18:30:50z: DS3231
 0h00:04.115 2021/12/16T18:30:50z: BME280 (0x76)
 0h00:04.129 2021/12/16T18:30:50z: 84:f3:eb:7d:7:a8
 0h00:04.130 2021/12/16T18:30:50z: SSID: MU Open
 0h00:04.136 2021/12/16T18:30:50z: AP_STAR tmr
 ets Jan  8 2013,rst cause:4, boot mode:(3,7)

wdt reset
load 0x4010f000, len 1384, room 16 
tail 8
chksum 0x2d
csum 0x2d
v8b899c12
~ld


6.01
 0h00:04.362 2021/12/16T18:50:50z: DS3231
 0h00:04.377 2021/12/16T18:50:50z: BME280 (0x76)
 0h00:04.392 2021/12/16T18:50:50z: 84:f3:eb:7d:7:a8
 0h00:04.393 2021/12/16T18:50:50z: SSID: MU Open
 0h00:04.399 2021/12/16T18:50:50z: AP_STAR tmr
 ets Jan  8 2013,rst cause:4, boot mode:(3,7)

wdt reset
load 0x4010f000, len 1384, room 16 
tail 8
chksum 0x2d
csum 0x2d
v8b899c12
~ld


6.01
 0h00:04.260 2021/12/16T19:10:50z: DS3231
 0h00:04.276 2021/12/16T19:10:50z: BME280 (0x76)
 0h00:04.290 2021/12/16T19:10:50z: 84:f3:eb:7d:7:a8
 0h00:04.292 2021/12/16T19:10:50z: SSID: MU Open
 0h00:04.297 2021/12/16T19:10:50z: AP_STAR tmr
 ets Jan  8 2013,rst cause:4, boot mode:(3,7)

wdt reset
load 0x4010f000, len 1384, room 16 
tail 8
chksum 0x2d
csum 0x2d
v8b899c12
~ld


6.01
 0h00:04.271 2021/12/16T19:30:50z: DS3231
 0h00:04.286 2021/12/16T19:30:50z: BME280 (0x76)
 0h00:04.300 2021/12/16T19:30:50z: 84:f3:eb:7d:7:a8
 0h00:04.302 2021/12/16T19:30:50z: SSID: MU Open
 0h00:04.307 2021/12/16T19:30:50z: AP_STAR tmr
 ets Jan  8 2013,rst cause:4, boot mode:(3,7)

wdt reset
load 0x4010f000, len 1384, room 16 
tail 8
chksum 0x2d
csum 0x2d
v8b899c12
~ld


6.01
 0h00:04.442 2021/12/16T19:50:49z: DS3231
 0h00:04.457 2021/12/16T19:50:49z: BME280 (0x76)
 0h00:04.471 2021/12/16T19:50:49z: 84:f3:eb:7d:7:a8
 0h00:04.473 2021/12/16T19:50:49z: SSID: MU Open
 0h00:04.478 2021/12/16T19:50:49z: AP_STAR tmr
 ets Jan  8 2013,rst cause:4, boot mode:(3,7)

wdt reset
load 0x4010f000, len 1384, room 16 
tail 8
chksum 0x2d
csum 0x2d
v8b899c12
~ld


6.01
 0h00:04.237 2021/12/16T20:10:49z: DS3231
 0h00:04.252 2021/12/16T20:10:49z: BME280 (0x76)
 0h00:04.266 2021/12/16T20:10:49z: 84:f3:eb:7d:7:a8
 0h00:04.268 2021/12/16T20:10:49z: SSID: MU Open
 0h00:04.273 2021/12/16T20:10:49z: AP_STAR tmr
 ets Jan  8 2013,rst cause:4, boot mode:(3,7)

wdt reset
load 0x4010f000, len 1384, room 16 
tail 8
chksum 0x2d
csum 0x2d
v8b899c12
~ld


6.01
 0h00:04.363 2021/12/16T20:30:50z: DS3231
 0h00:04.378 2021/12/16T20:30:50z: BME280 (0x76)
 0h00:04.392 2021/12/16T20:30:50z: 84:f3:eb:7d:7:a8
 0h00:04.394 2021/12/16T20:30:50z: SSID: MU Open
 0h00:04.399 2021/12/16T20:30:50z: AP_STAR tmr
 ets Jan  8 2013,rst cause:4, boot mode:(3,7)

wdt reset
load 0x4010f000, len 1384, room 16 
tail 8
chksum 0x2d
csum 0x2d
v8b899c12
~ld


6.01
 0h00:04.397 2021/12/16T20:50:50z: DS3231
 0h00:04.412 2021/12/16T20:50:50z: BME280 (0x76)
 0h00:04.426 2021/12/16T20:50:50z: 84:f3:eb:7d:7:a8
 0h00:04.428 2021/12/16T20:50:50z: SSID: MU Open
 0h00:04.433 2021/12/16T20:50:50z: AP_STAR tmr
 ets Jan  8 2013,rst cause:4, boot mode:(3,7)

wdt reset
load 0x4010f000, len 1384, room 16 
tail 8
chksum 0x2d
csum 0x2d
v8b899c12
~ld


6.01
 0h00:04.433 2021/12/16T21:10:50z: DS3231
 0h00:04.448 2021/12/16T21:10:50z: BME280 (0x76)
 0h00:04.462 2021/12/16T21:10:50z: 84:f3:eb:7d:7:a8
 0h00:04.464 2021/12/16T21:10:50z: SSID: MU Open
 0h00:04.469 2021/12/16T21:10:50z: AP_STAR tmr
 ets Jan  8 2013,rst cause:4, boot mode:(3,7)

wdt reset
load 0x4010f000, len 1384, room 16 
tail 8
chksum 0x2d
csum 0x2d
v8b899c12
~ld


6.01
 0h00:04.415 2021/12/16T21:30:50z: DS3231
 0h00:04.430 2021/12/16T21:30:50z: BME280 (0x76)
 0h00:04.445 2021/12/16T21:30:50z: 84:f3:eb:7d:7:a8
 0h00:04.446 2021/12/16T21:30:50z: SSID: MU Open
 0h00:04.451 2021/12/16T21:30:50z: AP_STAR tmr
 ets Jan  8 2013,rst cause:4, boot mode:(3,7)

wdt reset
load 0x4010f000, len 1384, room 16 
tail 8
chksum 0x2d
csum 0x2d
v8b899c12
~ld


6.01
 0h00:04.180 2021/12/16T21:50:50z: DS3231
 0h00:04.196 2021/12/16T21:50:50z: BME280 (0x76)
 0h00:04.210 2021/12/16T21:50:50z: 84:f3:eb:7d:7:a8
 0h00:04.212 2021/12/16T21:50:50z: SSID: MU Open
 0h00:04.217 2021/12/16T21:50:50z: AP_STAR tmr
 ets Jan  8 2013,rst cause:4, boot mode:(3,7)

wdt reset
load 0x4010f000, len 1384, room 16 
tail 8
chksum 0x2d
csum 0x2d
v8b899c12
~ld


6.01
 0h00:04.202 2021/12/16T22:10:50z: DS3231
 0h00:04.218 2021/12/16T22:10:50z: BME280 (0x76)
 0h00:04.232 2021/12/16T22:10:50z: 84:f3:eb:7d:7:a8
 0h00:04.233 2021/12/16T22:10:50z: SSID: MU Open
 0h00:04.239 2021/12/16T22:10:50z: AP_STAR tmr
 ets Jan  8 2013,rst cause:4, boot mode:(3,7)

wdt reset
load 0x4010f000, len 1384, room 16 
tail 8
chksum 0x2d
csum 0x2d
v8b899c12
~ld


6.01
 0h00:04.420 2021/12/16T22:30:51z: DS3231
 0h00:04.436 2021/12/16T22:30:51z: BME280 (0x76)
 0h00:04.450 2021/12/16T22:30:51z: 84:f3:eb:7d:7:a8
 0h00:04.451 2021/12/16T22:30:51z: SSID: MU Open
 0h00:04.457 2021/12/16T22:30:51z: AP_STAR tmr
 ets Jan  8 2013,rst cause:4, boot mode:(3,7)

wdt reset
load 0x4010f000, len 1384, room 16 
tail 8
chksum 0x2d
csum 0x2d
v8b899c12
~ld


6.01
 0h00:04.205 2021/12/16T22:50:50z: DS3231
 0h00:04.221 2021/12/16T22:50:50z: BME280 (0x76)
 0h00:04.235 2021/12/16T22:50:50z: 84:f3:eb:7d:7:a8
 0h00:04.236 2021/12/16T22:50:50z: SSID: MU Open
 0h00:04.242 2021/12/16T22:50:50z: AP_STAR tmr
 ets Jan  8 2013,rst cause:4, boot mode:(3,7)

wdt reset
load 0x4010f000, len 1384, room 16 
tail 8
chksum 0x2d
csum 0x2d
v8b899c12
~ld


6.01
 0h00:04.218 2021/12/16T23:10:50z: DS3231
 0h00:04.233 2021/12/16T23:10:50z: BME280 (0x76)
 0h00:04.247 2021/12/16T23:10:50z: 84:f3:eb:7d:7:a8
 0h00:04.249 2021/12/16T23:10:50z: SSID: MU Open
 0h00:04.254 2021/12/16T23:10:50z: AP_STAR tmr
 ets Jan  8 2013,rst cause:4, boot mode:(3,7)

wdt reset
load 0x4010f000, len 1384, room 16 
tail 8
chksum 0x2d
csum 0x2d
v8b899c12
~ld


6.01
 0h00:04.352 2021/12/16T23:30:50z: DS3231
 0h00:04.367 2021/12/16T23:30:50z: BME280 (0x76)
 0h00:04.381 2021/12/16T23:30:50z: 84:f3:eb:7d:7:a8
 0h00:04.383 2021/12/16T23:30:50z: SSID: MU Open
 0h00:04.388 2021/12/16T23:30:50z: AP_STAR tmr
 ets Jan  8 2013,rst cause:4, boot mode:(3,7)

wdt reset
load 0x4010f000, len 1384, room 16 
tail 8
chksum 0x2d
csum 0x2d
v8b899c12
~ld


6.01
 0h00:04.421 2021/12/16T23:50:50z: DS3231
 0h00:04.436 2021/12/16T23:50:50z: BME280 (0x76)
 0h00:04.450 2021/12/16T23:50:50z: 84:f3:eb:7d:7:a8
 0h00:04.452 2021/12/16T23:50:50z: SSID: MU Open
 0h00:04.457 2021/12/16T23:50:50z: AP_STA