R tmr
 ets Jan  8 2013,rst cause:4, boot mode:(3,7)

wdt reset
load 0x4010f000, len 1384, room 16 
tail 8
chksum 0x2d
csum 0x2d
v8b899c12
~ld


6.01
 0h00:04.065 2021/10/25T00:03:42z: DS3231
 0h00:04.080 2021/10/25T00:03:42z: BME280 (0x76)
 0h00:04.095 2021/10/25T00:03:42z: 84:f3:eb:7d:7:a8
 0h00:04.096 2021/10/25T00:03:42z: SSID: MU Open
 0h00:04.101 2021/10/25T00:03:42z: AP_STAR tmr
 ets Jan  8 2013,rst cause:4, boot mode:(3,7)

wdt reset
load 0x4010f000, len 1384, room 16 
tail 8
chksum 0x2d
csum 0x2d
v8b899c12
~ld


6.01
 0h00:04.009 2021/10/25T00:23:41z: DS3231
 0h00:04.024 2021/10/25T00:23:41z: BME280 (0x76)
 0h00:04.039 2021/10/25T00:23:41z: 84:f3:eb:7d:7:a8
 0h00:04.040 2021/10/25T00:23:41z: SSID: MU Open
 0h00:04.045 2021/10/25T00:23:41z: AP_STAR tmr
 ets Jan  8 2013,rst cause:4, boot mode:(3,7)

wdt reset
load 0x4010f000, len 1384, room 16 
tail 8
chksum 0x2d
csum 0x2d
v8b899c12
~ld


6.01
 0h00:03.859 2021/10/25T00:43:40z: DS3231
 0h00:03.874 2021/10/25T00:43:40z: BME280 (0x76)
 0h00:03.888 2021/10/25T00:43:40z: 84:f3:eb:7d:7:a8
 0h00:03.890 2021/10/25T00:43:40z: SSID: MU Open
 0h00:03.895 2021/10/25T00:43:40z: AP_STAR tmr
 ets Jan  8 2013,rst cause:4, boot mode:(3,7)

wdt reset
load 0x4010f000, len 1384, room 16 
tail 8
chksum 0x2d
csum 0x2d
v8b899c12
~ld


6.01
 0h00:03.853 2021/10/25T01:03:39z: DS3231
 0h00:03.868 2021/10/25T01:03:39z: BME280 (0x76)
 0h00:03.882 2021/10/25T01:03:39z: 84:f3:eb:7d:7:a8
 0h00:03.884 2021/10/25T01:03:39z: SSID: MU Open
 0h00:03.889 2021/10/25T01:03:39z: AP_STAR tmr
 ets Jan  8 2013,rst cause:4, boot mode:(3,7)

wdt reset
load 0x4010f000, len 1384, room 16 
tail 8
chksum 0x2d
csum 0x2d
v8b899c12
~ld


6.01
 0h00:03.967 2021/10/25T01:23:38z: DS3231
 0h00:03.982 2021/10/25T01:23:38z: BME280 (0x76)
 0h00:03.996 2021/10/25T01:23:38z: 84:f3:eb:7d:7:a8
 0h00:03.998 2021/10/25T01:23:38z: SSID: MU Open
 0h00:04.003 2021/10/25T01:23:38z: AP_STAR tmr
 ets Jan  8 2013,rst cause:4, boot mode:(3,7)

wdt reset
load 0x4010f000, len 1384, room 16 
tail 8
chksum 0x2d
csum 0x2d
v8b899c12
~ld


6.01
 0h00:03.844 2021/10/25T01:43:37z: DS3231
 0h00:03.859 2021/10/25T01:43:37z: BME280 (0x76)
 0h00:03.873 2021/10/25T01:43:37z: 84:f3:eb:7d:7:a8
 0h00:03.875 2021/10/25T01:43:37z: SSID: MU Open
 0h00:03.880 2021/10/25T01:43:37z: AP_STAR tmr
 ets Jan  8 2013,rst cause:4, boot mode:(3,7)

wdt reset
load 0x4010f000, len 1384, room 16 
tail 8
chksum 0x2d
csum 0x2d
v8b899c12
~ld


6.01
 0h00:03.896 2021/10/25T02:03:36z: DS3231
 0h00:03.911 2021/10/25T02:03:36z: BME280 (0x76)
 0h00:03.925 2021/10/25T02:03:36z: 84:f3:eb:7d:7:a8
 0h00:03.927 2021/10/25T02:03:36z: SSID: MU Open
 0h00:03.932 2021/10/25T02:03:36z: AP_STAR tmr
 ets Jan  8 2013,rst cause:4, boot mode:(3,7)

wdt reset
load 0x4010f000, len 1384, room 16 
tail 8
chksum 0x2d
csum 0x2d
v8b899c12
~ld


6.01
 0h00:03.846 2021/10/25T02:23:35z: DS3231
 0h00:03.862 2021/10/25T02:23:35z: BME280 (0x76)
 0h00:03.876 2021/10/25T02:23:35z: 84:f3:eb:7d:7:a8
 0h00:03.878 2021/10/25T02:23:35z: SSID: MU Open
 0h00:03.883 2021/10/25T02:23:35z: AP_STAR tmr
 ets Jan  8 2013,rst cause:4, boot mode:(3,7)

wdt reset
load 0x4010f000, len 1384, room 16 
tail 8
chksum 0x2d
csum 0x2d
v8b899c12
~ld


6.01
 0h00:03.882 2021/10/25T02:43:33z: DS3231
 0h00:03.898 2021/10/25T02:43:33z: BME280 (0x76)
 0h00:03.912 2021/10/25T02:43:33z: 84:f3:eb:7d:7:a8
 0h00:03.913 2021/10/25T02:43:33z: SSID: MU Open
 0h00:03.919 2021/10/25T02:43:33z: AP_STAR tmr
 ets Jan  8 2013,rst cause:4, boot mode:(3,7)

wdt reset
load 0x4010f000, len 1384, room 16 
tail 8
chksum 0x2d
csum 0x2d
v8b899c12
~ld


6.01
 0h00:03.931 2021/10/25T03:03:32z: DS3231
 0h00:03.947 2021/10/25T03:03:32z: BME280 (0x76)
 0h00:03.961 2021/10/25T03:03:32z: 84:f3:eb:7d:7:a8
 0h00:03.962 2021/10/25T03:03:32z: SSID: MU Open
 0h00:03.968 2021/10/25T03:03:32z: AP_STAR tmr
 ets Jan  8 2013,rst cause:4, boot mode:(3,7)

wdt reset
load 0x4010f000, len 1384, room 16 
tail 8
chksum 0x2d
csum 0x2d
v8b899c12
~ld


6.01
 0h00:03.918 2021/10/25T03:23:31z: DS3231
 0h00:03.934 2021/10/25T03:23:31z: BME280 (0x76)
 0h00:03.948 2021/10/25T03:23:31z: 84:f3:eb:7d:7:a8
 0h00:03.949 2021/10/25T03:23:31z: SSID: MU Open
 0h00:03.955 2021/10/25T03:23:31z: AP_STAR tmr
 ets Jan  8 2013,rst cause:4, boot mode:(3,7)

wdt reset
load 0x4010f000, len 1384, room 16 
tail 8
chksum 0x2d
csum 0x2d
v8b899c12
~ld


6.01
 0h00:03.850 2021/10/25T03:43:30z: DS3231
 0h00:03.865 2021/10/25T03:43:30z: BME280 (0x76)
 0h00:03.880 2021/10/25T03:43:30z: 84:f3:eb:7d:7:a8
 0h00:03.881 2021/10/25T03:43:30z: SSID: MU Open
 0h00:03.886 2021/10/25T03:43:30z: AP_STAR tmr
 ets Jan  8 2013,rst cause:4, boot mode:(3,7)

wdt reset
load 0x4010f000, len 1384, room 16 
tail 8
chksum 0x2d
csum 0x2d
v8b899c12
~ld


6.01
 0h00:03.747 2021/10/25T04:03:29z: DS3231
 0h00:03.762 2021/10/25T04:03:29z: BME280 (0x76)
 0h00:03.776 2021/10/25T04:03:29z: 84:f3:eb:7d:7:a8
 0h00:03.778 2021/10/25T04:03:29z: SSID: MU Open
 0h00:03.783 2021/10/25T04:03:29z: AP_STAR tmr
 ets Jan  8 2013,rst cause:4, boot mode:(3,7)

wdt reset
load 0x4010f000, len 1384, room 16 
tail 8
chksum 0x2d
csum 0x2d
v8b899c12
~ld


6.01
 0h00:03.764 2021/10/25T04:23:27z: DS3231
 0h00:03.779 2021/10/25T04:23:27z: BME280 (0x76)
 0h00:03.793 2021/10/25T04:23:27z: 84:f3:eb:7d:7:a8
 0h00:03.795 2021/10/25T04:23:27z: SSID: MU Open
 0h00:03.800 2021/10/25T04:23:27z: AP_STAR tmr
 ets Jan  8 2013,rst cause:4, boot mode:(3,7)

wdt reset
load 0x4010f000, len 1384, room 16 
tail 8
chksum 0x2d
csum 0x2d
v8b899c12
~ld


6.01
 0h00:03.780 2021/10/25T04:43:25z: DS3231
 0h00:03.796 2021/10/25T04:43:25z: BME280 (0x76)
 0h00:03.810 2021/10/25T04:43:25z: 84:f3:eb:7d:7:a8
 0h00:03.811 2021/10/25T04:43:25z: SSID: MU Open
 0h00:03.817 2021/10/25T04:43:25z: AP_STAR tmr
 ets Jan  8 2013,rst cause:4, boot mode:(3,7)

wdt reset
load 0x4010f000, len 1384, room 16 
tail 8
chksum 0x2d
csum 0x2d
v8b899c12
~ld


6.01
 0h00:03.764 2021/10/25T05:03:23z: DS3231
 0h00:03.779 2021/10/25T05:03:23z: BME280 (0x76)
 0h00:03.793 2021/10/25T05:03:23z: 84:f3:eb:7d:7:a8
 0h00:03.795 2021/10/25T05:03:23z: SSID: MU Open
 0h00:03.800 2021/10/25T05:03:23z: AP_STAR tmr
 ets Jan  8 2013,rst cause:4, boot mode:(3,7)

wdt reset
load 0x4010f000, len 1384, room 16 
tail 8
chksum 0x2d
csum 0x2d
v8b899c12
~ld


6.01
 0h00:03.725 2021/10/25T05:23:21z: DS3231
 0h00:03.741 2021/10/25T05:23:21z: BME280 (0x76)
 0h00:03.755 2021/10/25T05:23:21z: 84:f3:eb:7d:7:a8
 0h00:03.757 2021/10/25T05:23:21z: SSID: MU Open
 0h00:03.762 2021/10/25T05:23:21z: AP_STAR tmr
 ets Jan  8 2013,rst cause:4, boot mode:(3,7)

wdt reset
load 0x4010f000, len 1384, room 16 
tail 8
chksum 0x2d
csum 0x2d
v8b899c12
~ld


6.01
 0h00:03.803 2021/10/25T05:43:19z: DS3231
 0h00:03.819 2021/10/25T05:43:19z: BME280 (0x76)
 0h00:03.833 2021/10/25T05:43:20z: 84:f3:eb:7d:7:a8
 0h00:03.835 2021/10/25T05:43:20z: SSID: MU Open
 0h00:03.840 2021/10/25T05:43:20z: AP_STAR tmr
 ets Jan  8 2013,rst cause:4, boot mode:(3,7)

wdt reset
load 0x4010f000, len 1384, room 16 
tail 8
chksum 0x2d
csum 0x2d
v8b899c12
~ld


6.01
 0h00:03.736 2021/10/25T06:03:18z: DS3231
 0h00:03.751 2021/10/25T06:03:18z: BME280 (0x76)
 0h00:03.765 2021/10/25T06:03:18z: 84:f3:eb:7d:7:a8
 0h00:03.767 2021/10/25T06:03:18z: SSID: MU Open
 0h00:03.772 2021/10/25T06:03:18z: AP_STAR tmr
 ets Jan  8 2013,rst cause:4, boot mode:(3,7)

wdt reset
load 0x4010f000, len 1384, room 16 
tail 8
chksum 0x2d
csum 0x2d
v8b899c12
~ld


6.01
 0h00:03.782 2021/10/25T06:23:16z: DS3231
 0h00:03.797 2021/10/25T06:23:16z: BME280 (0x76)
 0h00:03.811 2021/10/25T06:23:16z: 84:f3:eb:7d:7:a8
 0h00:03.813 2021/10/25T06:23:16z: SSID: MU Open
 0h00:03.818 2021/10/25T06:23:16z: AP_STAR tmr
 ets Jan  8 2013,rst cause:4, boot mode:(3,7)

wdt reset
load 0x4010f000, len 1384, room 16 
tail 8
chksum 0x2d
csum 0x2d
v8b899c12
~ld


6.01
 0h00:03.706 2021/10/25T06:43:14z: DS3231
 0h00:03.722 2021/10/25T06:43:14z: BME280 (0x76)
 0h00:03.736 2021/10/25T06:43:14z: 84:f3:eb:7d:7:a8
 0h00:03.738 2021/10/25T06:43:14z: SSID: MU Open
 0h00:03.743 2021/10/25T06:43:14z: AP_STAR tmr
 ets Jan  8 2013,rst cause:4, boot mode:(3,7)

wdt reset
load 0x4010f000, len 1384, room 16 
tail 8
chksum 0x2d
csum 0x2d
v8b899c12
~ld


6.01
 0h00:03.668 2021/10/25T07:03:12z: DS3231
 0h00:03.683 2021/10/25T07:03:12z: BME280 (0x76)
 0h00:03.697 2021/10/25T07:03:12z: 84:f3:eb:7d:7:a8
 0h00:03.699 2021/10/25T07:03:12z: SSID: MU Open
 0h00:03.704 2021/10/25T07:03:12z: AP_STAR tmr
 ets Jan  8 2013,rst cause:4, boot mode:(3,7)

wdt reset
load 0x4010f000, len 1384, room 16 
tail 8
chksum 0x2d
csum 0x2d
v8b899c12
~ld


6.01
 0h00:03.830 2021/10/25T07:23:10z: DS3231
 0h00:03.846 2021/10/25T07:23:10z: BME280 (0x76)
 0h00:03.860 2021/10/25T07:23:10z: 84:f3:eb:7d:7:a8
 0h00:03.862 2021/10/25T07:23:10z: SSID: MU Open
 0h00:03.867 2021/10/25T07:23:10z: AP_STAR tmr
 ets Jan  8 2013,rst cause:4, boot mode:(3,7)

wdt reset
load 0x4010f000, len 1384, room 16 
tail 8
chksum 0x2d
csum 0x2d
v8b899c12
~ld


6.01
 0h00:03.778 2021/10/25T07:43:09z: DS3231
 0h00:03.793 2021/10/25T07:43:09z: BME280 (0x76)
 0h00:03.807 2021/10/25T07:43:09z: 84:f3:eb:7d:7:a8
 0h00:03.809 2021/10/25T07:43:09z: SSID: MU Open
 0h00:03.814 2021/10/25T07:43:09z: AP_STAR tmr
 ets Jan  8 2013,rst cause:4, boot mode:(3,7)

wdt reset
load 0x4010f000, len 1384, room 16 
tail 8
chksum 0x2d
csum 0x2d
v8b899c12
~ld


6.01
 0h00:03.633 2021/10/25T08:03:06z: DS3231
 0h00:03.649 2021/10/25T08:03:06z: BME280 (0x76)
 0h00:03.663 2021/10/25T08:03:06z: 84:f3:eb:7d:7:a8
 0h00:03.665 2021/10/25T08:03:06z: SSID: MU Open
 0h00:03.670 2021/10/25T08:03:06z: AP_STAR tmr
 ets Jan  8 2013,rst cause:4, boot mode:(3,7)

wdt reset
load 0x4010f000, len 1384, room 16 
tail 8
chksum 0x2d
csum 0x2d
v8b899c12
~ld


6.01
 0h00:03.771 2021/10/25T08:23:04z: DS3231
 0h00:03.786 2021/10/25T08:23:04z: BME280 (0x76)
 0h00:03.800 2021/10/25T08:23:04z: 84:f3:eb:7d:7:a8
 0h00:03.802 2021/10/25T08:23:04z: SSID: MU Open
 0h00:03.807 2021/10/25T08:23:04z: AP_STAR tmr
 ets Jan  8 2013,rst cause:4, boot mode:(3,7)

wdt reset
load 0x4010f000, len 1384, room 16 
tail 8
chksum 0x2d
csum 0x2d
v8b899c12
~ld


6.01
 0h00:03.838 2021/10/25T08:43:02z: DS3231
 0h00:03.853 2021/10/25T08:43:02z: BME280 (0x76)
 0h00:03.867 2021/10/25T08:43:02z: 84:f3:eb:7d:7:a8
 0h00:03.869 2021/10/25T08:43:02z: SSID: MU Open
 0h00:03.874 2021/10/25T08:43:02z: AP_STAR tmr
 ets Jan  8 2013,rst cause:4, boot mode:(3,7)

wdt reset
load 0x4010f000, len 1384, room 16 
tail 8
chksum 0x2d
csum 0x2d
v8b899c12
~ld


6.01
 0h00:03.824 2021/10/25T09:03:01z: DS3231
 0h00:03.840 2021/10/25T09:03:01z: BME280 (0x76)
 0h00:03.854 2021/10/25T09:03:01z: 84:f3:eb:7d:7:a8
 0h00:03.856 2021/10/25T09:03:01z: SSID: MU Open
 0h00:03.861 2021/10/25T09:03:01z: AP_STAR tmr
 ets Jan  8 2013,rst cause:4, boot mode:(3,7)

wdt reset
load 0x4010f000, len 1384, room 16 
tail 8
chksum 0x2d
csum 0x2d
v8b899c12
~ld


6.01
 0h00:03.821 2021/10/25T09:22:59z: DS3231
 0h00:03.836 2021/10/25T09:22:59z: BME280 (0x76)
 0h00:03.850 2021/10/25T09:22:59z: 84:f3:eb:7d:7:a8
 0h00:03.852 2021/10/25T09:22:59z: SSID: MU Open
 0h00:03.857 2021/10/25T09:22:59z: AP_STAR tmr
 ets Jan  8 2013,rst cause:4, boot mode:(3,7)

wdt reset
load 0x4010f000, len 1384, room 16 
tail 8
chksum 0x2d
csum 0x2d
v8b899c12
~ld


6.01
 0h00:03.973 2021/10/25T09:42:58z: DS3231
 0h00:03.989 2021/10/25T09:42:58z: BME280 (0x76)
 0h00:04.003 2021/10/25T09:42:58z: 84:f3:eb:7d:7:a8
 0h00:04.005 2021/10/25T09:42:58z: SSID: MU Open
 0h00:04.010 2021/10/25T09:42:58z: AP_STAR tmr
 ets Jan  8 2013,rst cause:4, boot mode:(3,7)

wdt reset
load 0x4010f000, len 1384, room 16 
tail 8
chksum 0x2d
csum 0x2d
v8b899c12
~ld


6.01
 0h00:03.909 2021/10/25T10:02:56z: DS3231
 0h00:03.924 2021/10/25T10:02:56z: BME280 (0x76)
 0h00:03.938 2021/10/25T10:02:56z: 84:f3:eb:7d:7:a8
 0h00:03.940 2021/10/25T10:02:56z: SSID: MU Open
 0h00:03.945 2021/10/25T10:02:56z: AP_STAR tmr
 ets Jan  8 2013,rst cause:4, boot mode:(3,7)

wdt reset
load 0x4010f000, len 1384, room 16 
tail 8
chksum 0x2d
csum 0x2d
v8b899c12
~ld


6.01
 0h00:04.112 2021/10/25T10:22:54z: DS3231
 0h00:04.127 2021/10/25T10:22:54z: BME280 (0x76)
 0h00:04.142 2021/10/25T10:22:54z: 84:f3:eb:7d:7:a8
 0h00:04.143 2021/10/25T10:22:54z: SSID: MU Open
 0h00:04.148 2021/10/25T10:22:54z: AP_STAR tmr
 ets Jan  8 2013,rst cause:4, boot mode:(3,7)

wdt reset
load 0x4010f000, len 1384, room 16 
tail 8
chksum 0x2d
csum 0x2d
v8b899c12
~ld


6.01
 0h00:03.907 2021/10/25T10:42:53z: DS3231
 0h00:03.922 2021/10/25T10:42:53z: BME280 (0x76)
 0h00:03.936 2021/10/25T10:42:53z: 84:f3:eb:7d:7:a8
 0h00:03.938 2021/10/25T10:42:53z: SSID: MU Open
 0h00:03.943 2021/10/25T10:42:53z: AP_STAR tmr
 ets Jan  8 2013,rst cause:4, boot mode:(3,7)

wdt reset
load 0x4010f000, len 1384, room 16 
tail 8
chksum 0x2d
csum 0x2d
v8b899c12
~ld


6.01
 0h00:03.837 2021/10/25T11:02:51z: DS3231
 0h00:03.852 2021/10/25T11:02:51z: BME280 (0x76)
 0h00:03.867 2021/10/25T11:02:51z: 84:f3:eb:7d:7:a8
 0h00:03.868 2021/10/25T11:02:51z: SSID: MU Open
 0h00:03.873 2021/10/25T11:02:51z: AP_STAR tmr
 ets Jan  8 2013,rst cause:4, boot mode:(3,7)

wdt reset
load 0x4010f000, len 1384, room 16 
tail 8
chksum 0x2d
csum 0x2d
v8b899c12
~ld


6.01
 0h00:03.815 2021/10/25T11:22:50z: DS3231
 0h00:03.831 2021/10/25T11:22:50z: BME280 (0x76)
 0h00:03.845 2021/10/25T11:22:50z: 84:f3:eb:7d:7:a8
 0h00:03.847 2021/10/25T11:22:50z: SSID: MU Open
 0h00:03.852 2021/10/25T11:22:50z: AP_STAR tmr
 ets Jan  8 2013,rst cause:4, boot mode:(3,7)

wdt reset
load 0x4010f000, len 1384, room 16 
tail 8
chksum 0x2d
csum 0x2d
v8b899c12
~ld


6.01
 0h00:03.731 2021/10/25T11:42:48z: DS3231
 0h00:03.746 2021/10/25T11:42:48z: BME280 (0x76)
 0h00:03.760 2021/10/25T11:42:48z: 84:f3:eb:7d:7:a8
 0h00:03.762 2021/10/25T11:42:48z: SSID: MU Open
 0h00:03.767 2021/10/25T11:42:48z: AP_STAR tmr
 ets Jan  8 2013,rst cause:4, boot mode:(3,7)

wdt reset
load 0x4010f000, len 1384, room 16 
tail 8
chksum 0x2d
csum 0x2d
v8b899c12
~ld


6.01
 0h00:03.838 2021/10/25T12:02:47z: DS3231
 0h00:03.853 2021/10/25T12:02:47z: BME280 (0x76)
 0h00:03.868 2021/10/25T12:02:47z: 84:f3:eb:7d:7:a8
 0h00:03.869 2021/10/25T12:02:47z: SSID: MU Open
 0h00:03.875 2021/10/25T12:02:47z: AP_STAR tmr
 ets Jan  8 2013,rst cause:4, boot mode:(3,7)

wdt reset
load 0x4010f000, len 1384, room 16 
tail 8
chksum 0x2d
csum 0x2d
v8b899c12
~ld


6.01
 0h00:03.719 2021/10/25T12:22:45z: DS3231
 0h00:03.734 2021/10/25T12:22:45z: BME280 (0x76)
 0h00:03.748 2021/10/25T12:22:45z: 84:f3:eb:7d:7:a8
 0h00:03.750 2021/10/25T12:22:45z: SSID: MU Open
 0h00:03.755 2021/10/25T12:22:45z: AP_STAR tmr
 ets Jan  8 2013,rst cause:4, boot mode:(3,7)

wdt reset
load 0x4010f000, len 1384, room 16 
tail 8
chksum 0x2d
csum 0x2d
v8b899c12
~ld


6.01
 0h00:03.796 2021/10/25T12:42:44z: DS3231
 0h00:03.812 2021/10/25T12:42:44z: BME280 (0x76)
 0h00:03.826 2021/10/25T12:42:44z: 84:f3:eb:7d:7:a8
 0h00:03.828 2021/10/25T12:42:44z: SSID: MU Open
 0h00:03.833 2021/10/25T12:42:44z: AP_STAR tmr
 ets Jan  8 2013,rst cause:4, boot mode:(3,7)

wdt reset
load 0x4010f000, len 1384, room 16 
tail 8
chksum 0x2d
csum 0x2d
v8b899c12
~ld


6.01
 0h00:03.694 2021/10/25T13:02:42z: DS3231
 0h00:03.709 2021/10/25T13:02:42z: BME280 (0x76)
 0h00:03.723 2021/10/25T13:02:42z: 84:f3:eb:7d:7:a8
 0h00:03.725 2021/10/25T13:02:42z: SSID: MU Open
 0h00:03.730 2021/10/25T13:02:42z: AP_STAR tmr
 ets Jan  8 2013,rst cause:4, boot mode:(3,7)

wdt reset
load 0x4010f000, len 1384, room 16 
tail 8
chksum 0x2d
csum 0x2d
v8b899c12
~ld


6.01
 0h00:03.703 2021/10/25T13:22:40z: DS3231
 0h00:03.718 2021/10/25T13:22:40z: BME280 (0x76)
 0h00:03.732 2021/10/25T13:22:40z: 84:f3:eb:7d:7:a8
 0h00:03.734 2021/10/25T13:22:40z: SSID: MU Open
 0h00:03.739 2021/10/25T13:22:40z: AP_STAR tmr
 ets Jan  8 2013,rst cause:4, boot mode:(3,7)

wdt reset
load 0x4010f000, len 1384, room 16 
tail 8
chksum 0x2d
csum 0x2d
v8b899c12
~ld


6.01
 0h00:03.836 2021/10/25T13:42:38z: DS3231
 0h00:03.851 2021/10/25T13:42:38z: BME280 (0x76)
 0h00:03.865 2021/10/25T13:42:38z: 84:f3:eb:7d:7:a8
 0h00:03.867 2021/10/25T13:42:38z: SSID: MU Open
 0h00:03.872 2021/10/25T13:42:38z: AP_STAR tmr
 ets Jan  8 2013,rst cause:4, boot mode:(3,7)

wdt reset
load 0x4010f000, len 1384, room 16 
tail 8
chksum 0x2d
csum 0x2d
v8b899c12
~ld


6.01
 0h00:03.899 2021/10/25T14:02:36z: DS3231
 0h00:03.915 2021/10/25T14:02:36z: BME280 (0x76)
 0h00:03.929 2021/10/25T14:02:36z: 84:f3:eb:7d:7:a8
 0h00:03.931 2021/10/25T14:02:36z: SSID: MU Open
 0h00:03.936 2021/10/25T14:02:36z: AP_STAR tmr
 ets Jan  8 2013,rst cause:4, boot mode:(3,7)

wdt reset
load 0x4010f000, len 1384, room 16 
tail 8
chksum 0x2d
csum 0x2d
v8b899c12
~ld


6.01
 0h00:03.825 2021/10/25T14:22:35z: DS3231
 0h00:03.841 2021/10/25T14:22:35z: BME280 (0x76)
 0h00:03.855 2021/10/25T14:22:35z: 84:f3:eb:7d:7:a8
 0h00:03.857 2021/10/25T14:22:35z: SSID: MU Open
 0h00:03.862 2021/10/25T14:22:35z: AP_STAR tmr
 ets Jan  8 2013,rst cause:4, boot mode:(3,7)

wdt reset
load 0x4010f000, len 1384, room 16 
tail 8
chksum 0x2d
csum 0x2d
v8b899c12
~ld


6.01
 0h00:03.578 2021/10/25T14:42:33z: DS3231
 0h00:03.593 2021/10/25T14:42:33z: BME280 (0x76)
 0h00:03.608 2021/10/25T14:42:33z: 84:f3:eb:7d:7:a8
 0h00:03.609 2021/10/25T14:42:33z: SSID: MU Open
 0h00:03.614 2021/10/25T14:42:33z: AP_STAR tmr
 ets Jan  8 2013,rst cause:4, boot mode:(3,7)

wdt reset
load 0x4010f000, len 1384, room 16 
tail 8
chksum 0x2d
csum 0x2d
v8b899c12
~ld


6.01
 0h00:03.838 2021/10/25T15:02:31z: DS3231
 0h00:03.853 2021/10/25T15:02:31z: BME280 (0x76)
 0h00:03.867 2021/10/25T15:02:31z: 84:f3:eb:7d:7:a8
 0h00:03.869 2021/10/25T15:02:31z: SSID: MU Open
 0h00:03.874 2021/10/25T15:02:31z: AP_STAR tmr
 ets Jan  8 2013,rst cause:4, boot mode:(3,7)

wdt reset
load 0x4010f000, len 1384, room 16 
tail 8
chksum 0x2d
csum 0x2d
v8b899c12
~ld


6.01
 0h00:03.670 2021/10/25T15:22:28z: DS3231
 0h00:03.685 2021/10/25T15:22:28z: BME280 (0x76)
 0h00:03.700 2021/10/25T15:22:28z: 84:f3:eb:7d:7:a8
 0h00:03.701 2021/10/25T15:22:28z: SSID: MU Open
 0h00:03.706 2021/10/25T15:22:28z: AP_STAR tmr
 ets Jan  8 2013,rst cause:4, boot mode:(3,7)

wdt reset
load 0x4010f000, len 1384, room 16 
tail 8
chksum 0x2d
csum 0x2d
v8b899c12
~ld


6.01
 0h00:03.846 2021/10/25T15:42:26z: DS3231
 0h00:03.861 2021/10/25T15:42:26z: BME280 (0x76)
 0h00:03.875 2021/10/25T15:42:26z: 84:f3:eb:7d:7:a8
 0h00:03.877 2021/10/25T15:42:26z: SSID: MU Open
 0h00:03.882 2021/10/25T15:42:27z: AP_STAR tmr
 ets Jan  8 2013,rst cause:4, boot mode:(3,7)

wdt reset
load 0x4010f000, len 1384, room 16 
tail 8
chksum 0x2d
csum 0x2d
v8b899c12
~ld


6.01
 0h00:03.665 2021/10/25T16:02:24z: DS3231
 0h00:03.680 2021/10/25T16:02:24z: BME280 (0x76)
 0h00:03.694 2021/10/25T16:02:24z: 84:f3:eb:7d:7:a8
 0h00:03.696 2021/10/25T16:02:24z: SSID: MU Open
 0h00:03.701 2021/10/25T16:02:24z: AP_STAR tmr
 ets Jan  8 2013,rst cause:4, boot mode:(3,7)

wdt reset
load 0x4010f000, len 1384, room 16 
tail 8
chksum 0x2d
csum 0x2d
v8b899c12
~ld


6.01
 0h00:03.667 2021/10/25T16:22:22z: DS3231
 0h00:03.682 2021/10/25T16:22:22z: BME280 (0x76)
 0h00:03.696 2021/10/25T16:22:22z: 84:f3:eb:7d:7:a8
 0h00:03.698 2021/10/25T16:22:22z: SSID: MU Open
 0h00:03.703 2021/10/25T16:22:22z: AP_STAR tmr
 ets Jan  8 2013,rst cause:4, boot mode:(3,7)

wdt reset
load 0x4010f000, len 1384, room 16 
tail 8
chksum 0x2d
csum 0x2d
v8b899c12
~ld


6.01
 0h00:03.759 2021/10/25T16:42:21z: DS3231
 0h00:03.774 2021/10/25T16:42:21z: BME280 (0x76)
 0h00:03.788 2021/10/25T16:42:21z: 84:f3:eb:7d:7:a8
 0h00:03.790 2021/10/25T16:42:21z: SSID: MU Open
 0h00:03.795 2021/10/25T16:42:21z: AP_STAR tmr
 ets Jan  8 2013,rst cause:4, boot mode:(3,7)

wdt reset
load 0x4010f000, len 1384, room 16 
tail 8
chksum 0x2d
csum 0x2d
v8b899c12
~ld


6.01
 0h00:03.810 2021/10/25T17:02:19z: DS3231
 0h00:03.825 2021/10/25T17:02:19z: BME280 (0x76)
 0h00:03.840 2021/10/25T17:02:19z: 84:f3:eb:7d:7:a8
 0h00:03.841 2021/10/25T17:02:19z: SSID: MU Open
 0h00:03.847 2021/10/25T17:02:19z: AP_STAR tmr
 ets Jan  8 2013,rst cause:4, boot mode:(3,7)

wdt reset
load 0x4010f000, len 1384, room 16 
tail 8
chksum 0x2d
csum 0x2d
v8b899c12
~ld


6.01
 0h00:03.608 2021/10/25T17:22:17z: DS3231
 0h00:03.624 2021/10/25T17:22:17z: BME280 (0x76)
 0h00:03.638 2021/10/25T17:22:17z: 84:f3:eb:7d:7:a8
 0h00:03.640 2021/10/25T17:22:17z: SSID: MU Open
 0h00:03.645 2021/10/25T17:22:17z: AP_STAR tmr
 ets Jan  8 2013,rst cause:4, boot mode:(3,7)

wdt reset
load 0x4010f000, len 1384, room 16 
tail 8
chksum 0x2d
csum 0x2d
v8b899c12
~ld


6.01
 0h00:03.810 2021/10/25T17:42:15z: DS3231
 0h00:03.825 2021/10/25T17:42:15z: BME280 (0x76)
 0h00:03.839 2021/10/25T17:42:15z: 84:f3:eb:7d:7:a8
 0h00:03.841 2021/10/25T17:42:15z: SSID: MU Open
 0h00:03.846 2021/10/25T17:42:15z: AP_STAR tmr
 ets Jan  8 2013,rst cause:4, boot mode:(3,7)

wdt reset
load 0x4010f000, len 1384, room 16 
tail 8
chksum 0x2d
csum 0x2d
v8b899c12
~ld


6.01
 0h00:03.849 2021/10/25T18:02:13z: DS3231
 0h00:03.865 2021/10/25T18:02:13z: BME280 (0x76)
 0h00:03.879 2021/10/25T18:02:13z: 84:f3:eb:7d:7:a8
 0h00:03.881 2021/10/25T18:02:13z: SSID: MU Open
 0h00:03.886 2021/10/25T18:02:13z: AP_STAR tmr
 ets Jan  8 2013,rst cause:4, boot mode:(3,7)

wdt reset
load 0x4010f000, len 1384, room 16 
tail 8
chksum 0x2d
csum 0x2d
v8b899c12
~ld


6.01
 0h00:03.618 2021/10/25T18:22:11z: DS3231
 0h00:03.633 2021/10/25T18:22:11z: BME280 (0x76)
 0h00:03.647 2021/10/25T18:22:11z: 84:f3:eb:7d:7:a8
 0h00:03.649 2021/10/25T18:22:11z: SSID: MU Open
 0h00:03.654 2021/10/25T18:22:11z: AP_STAR tmr
 ets Jan  8 2013,rst cause:4, boot mode:(3,7)

wdt reset
load 0x4010f000, len 1384, room 16 
tail 8
chksum 0x2d
csum 0x2d
v8b899c12
~ld


6.01
 0h00:03.780 2021/10/25T18:42:10z: DS3231
 0h00:03.796 2021/10/25T18:42:10z: BME280 (0x76)
 0h00:03.810 2021/10/25T18:42:10z: 84:f3:eb:7d:7:a8
 0h00:03.811 2021/10/25T18:42:10z: SSID: MU Open
 0h00:03.817 2021/10/25T18:42:10z: AP_STAR tmr
 ets Jan  8 2013,rst cause:4, boot mode:(3,7)

wdt reset
load 0x4010f000, len 1384, room 16 
tail 8
chksum 0x2d
csum 0x2d
v8b899c12
~ld


6.01
 0h00:03.714 2021/10/25T19:02:08z: DS3231
 0h00:03.730 2021/10/25T19:02:08z: BME280 (0x76)
 0h00:03.744 2021/10/25T19:02:08z: 84:f3:eb:7d:7:a8
 0h00:03.746 2021/10/25T19:02:08z: SSID: MU Open
 0h00:03.751 2021/10/25T19:02:08z: AP_STAR tmr
 ets Jan  8 2013,rst cause:4, boot mode:(3,7)

wdt reset
load 0x4010f000, len 1384, room 16 
tail 8
chksum 0x2d
csum 0x2d
v8b899c12
~ld


6.01
 0h00:03.683 2021/10/25T19:22:07z: DS3231
 0h00:03.698 2021/10/25T19:22:07z: BME280 (0x76)
 0h00:03.713 2021/10/25T19:22:07z: 84:f3:eb:7d:7:a8
 0h00:03.714 2021/10/25T19:22:07z: SSID: MU Open
 0h00:03.719 2021/10/25T19:22:07z: AP_STAR tmr
 ets Jan  8 2013,rst cause:4, boot mode:(3,7)

wdt reset
load 0x4010f000, len 1384, room 16 
tail 8
chksum 0x2d
csum 0x2d
v8b899c12
~ld


6.01
 0h00:03.572 2021/10/25T19:42:05z: DS3231
 0h00:03.587 2021/10/25T19:42:05z: BME280 (0x76)
 0h00:03.602 2021/10/25T19:42:05z: 84:f3:eb:7d:7:a8
 0h00:03.603 2021/10/25T19:42:05z: SSID: MU Open
 0h00:03.608 2021/10/25T19:42:05z: AP_STAR tmr
 ets Jan  8 2013,rst cause:4, boot mode:(3,7)

wdt reset
load 0x4010f000, len 1384, room 16 
tail 8
chksum 0x2d
csum 0x2d
v8b899c12
~ld


6.01
 0h00:03.721 2021/10/25T20:02:03z: DS3231
 0h00:03.737 2021/10/25T20:02:03z: BME280 (0x76)
 0h00:03.751 2021/10/25T20:02:03z: 84:f3:eb:7d:7:a8
 0h00:03.752 2021/10/25T20:02:03z: SSID: MU Open
 0h00:03.758 2021/10/25T20:02:03z: AP_STAR tmr
 ets Jan  8 2013,rst cause:4, boot mode:(3,7)

wdt reset
load 0x4010f000, len 1384, room 16 
tail 8
chksum 0x2d
csum 0x2d
v8b899c12
~ld


6.01
 0h00:03.816 2021/10/25T20:22:01z: DS3231
 0h00:03.831 2021/10/25T20:22:01z: BME280 (0x76)
 0h00:03.845 2021/10/25T20:22:01z: 84:f3:eb:7d:7:a8
 0h00:03.847 2021/10/25T20:22:01z: SSID: MU Open
 0h00:03.852 2021/10/25T20:22:01z: AP_STAR tmr
 ets Jan  8 2013,rst cause:4, boot mode:(3,7)

wdt reset
load 0x4010f000, len 1384, room 16 
tail 8
chksum 0x2d
csum 0x2d
v8b899c12
~ld


6.01
 0h00:03.746 2021/10/25T20:42:00z: DS3231
 0h00:03.762 2021/10/25T20:42:00z: BME280 (0x76)
 0h00:03.776 2021/10/25T20:42:00z: 84:f3:eb:7d:7:a8
 0h00:03.777 2021/10/25T20:42:00z: SSID: MU Open
 0h00:03.783 2021/10/25T20:42:00z: AP_STAR tmr
 ets Jan  8 2013,rst cause:4, boot mode:(3,7)

wdt reset
load 0x4010f000, len 1384, room 16 
tail 8
chksum 0x2d
csum 0x2d
v8b899c12
~ld


6.01
 0h00:03.750 2021/10/25T21:01:58z: DS3231
 0h00:03.765 2021/10/25T21:01:58z: BME280 (0x76)
 0h00:03.779 2021/10/25T21:01:58z: 84:f3:eb:7d:7:a8
 0h00:03.781 2021/10/25T21:01:58z: SSID: MU Open
 0h00:03.786 2021/10/25T21:01:58z: AP_STAR tmr
 ets Jan  8 2013,rst cause:4, boot mode:(3,7)

wdt reset
load 0x4010f000, len 1384, room 16 
tail 8
chksum 0x2d
csum 0x2d
v8b899c12
~ld


6.01
 0h00:03.894 2021/10/25T21:21:57z: DS3231
 0h00:03.910 2021/10/25T21:21:57z: BME280 (0x76)
 0h00:03.924 2021/10/25T21:21:57z: 84:f3:eb:7d:7:a8
 0h00:03.926 2021/10/25T21:21:57z: SSID: MU Open
 0h00:03.931 2021/10/25T21:21:57z: AP_STAR tmr
 ets Jan  8 2013,rst cause:4, boot mode:(3,7)

wdt reset
load 0x4010f000, len 1384, room 16 
tail 8
chksum 0x2d
csum 0x2d
v8b899c12
~ld


6.01
 0h00:03.746 2021/10/25T21:41:55z: DS3231
 0h00:03.762 2021/10/25T21:41:55z: BME280 (0x76)
 0h00:03.776 2021/10/25T21:41:55z: 84:f3:eb:7d:7:a8
 0h00:03.778 2021/10/25T21:41:55z: SSID: MU Open
 0h00:03.783 2021/10/25T21:41:55z: AP_STAR tmr
 ets Jan  8 2013,rst cause:4, boot mode:(3,7)

wdt reset
load 0x4010f000, len 1384, room 16 
tail 8
chksum 0x2d
csum 0x2d
v8b899c12
~ld


6.01
 0h00:03.768 2021/10/25T22:01:53z: DS3231
 0h00:03.784 2021/10/25T22:01:53z: BME280 (0x76)
 0h00:03.798 2021/10/25T22:01:53z: 84:f3:eb:7d:7:a8
 0h00:03.799 2021/10/25T22:01:53z: SSID: MU Open
 0h00:03.805 2021/10/25T22:01:53z: AP_STAR tmr
 ets Jan  8 2013,rst cause:4, boot mode:(3,7)

wdt reset
load 0x4010f000, len 1384, room 16 
tail 8
chksum 0x2d
csum 0x2d
v8b899c12
~ld


6.01
 0h00:04.021 2021/10/25T22:21:53z: DS3231
 0h00:04.037 2021/10/25T22:21:53z: BME280 (0x76)
 0h00:04.051 2021/10/25T22:21:53z: 84:f3:eb:7d:7:a8
 0h00:04.053 2021/10/25T22:21:53z: SSID: MU Open
 0h00:04.058 2021/10/25T22:21:53z: AP_STAR tmr
 ets Jan  8 2013,rst cause:4, boot mode:(3,7)

wdt reset
load 0x4010f000, len 1384, room 16 
tail 8
chksum 0x2d
csum 0x2d
v8b899c12
~ld


6.01
 0h00:03.945 2021/10/25T22:41:51z: DS3231
 0h00:03.960 2021/10/25T22:41:51z: BME280 (0x76)
 0h00:03.974 2021/10/25T22:41:51z: 84:f3:eb:7d:7:a8
 0h00:03.976 2021/10/25T22:41:51z: SSID: MU Open
 0h00:03.981 2021/10/25T22:41:51z: AP_STAR tmr
 ets Jan  8 2013,rst cause:4, boot mode:(3,7)

wdt reset
load 0x4010f000, len 1384, room 16 
tail 8
chksum 0x2d
csum 0x2d
v8b899c12
~ld


6.01
 0h00:03.924 2021/10/25T23:01:50z: DS3231
 0h00:03.940 2021/10/25T23:01:50z: BME280 (0x76)
 0h00:03.954 2021/10/25T23:01:50z: 84:f3:eb:7d:7:a8
 0h00:03.956 2021/10/25T23:01:50z: SSID: MU Open
 0h00:03.961 2021/10/25T23:01:50z: AP_STAR tmr
 ets Jan  8 2013,rst cause:4, boot mode:(3,7)

wdt reset
load 0x4010f000, len 1384, room 16 
tail 8
chksum 0x2d
csum 0x2d
v8b899c12
~ld


6.01
 0h00:03.881 2021/10/25T23:21:48z: DS3231
 0h00:03.897 2021/10/25T23:21:48z: BME280 (0x76)
 0h00:03.911 2021/10/25T23:21:48z: 84:f3:eb:7d:7:a8
 0h00:03.913 2021/10/25T23:21:48z: SSID: MU Open
 0h00:03.918 2021/10/25T23:21:48z: AP_STAR tmr
 ets Jan  8 2013,rst cause:4, boot mode:(3,7)

wdt reset
load 0x4010f000, len 1384, room 16 
tail 8
chksum 0x2d
csum 0x2d
v8b899c12
~ld


6.01
 0h00:03.763 2021/10/25T23:41:46z: DS3231
 0h00:03.778 2021/10/25T23:41:46z: BME280 (0x76)
 0h00:03.792 2021/10/25T23:41:46z: 84:f3:eb:7d:7:a8
 0h00:03.794 2021/10/25T23:41:46z: SSID: MU Open
 0h00:03.799 2021/10/25T23:41:46z: AP_STA