R tmr
 ets Jan  8 2013,rst cause:4, boot mode:(3,7)

wdt reset
load 0x4010f000, len 1384, room 16 
tail 8
chksum 0x2d
csum 0x2d
v8b899c12
~ld


6.01
 0h00:04.052 2021/11/18T00:07:58z: DS3231
 0h00:04.067 2021/11/18T00:07:58z: BME280 (0x76)
 0h00:04.081 2021/11/18T00:07:58z: 84:f3:eb:7d:7:a8
 0h00:04.083 2021/11/18T00:07:58z: SSID: MU Open
 0h00:04.088 2021/11/18T00:07:58z: AP_STAR tmr
 ets Jan  8 2013,rst cause:4, boot mode:(3,7)

wdt reset
load 0x4010f000, len 1384, room 16 
tail 8
chksum 0x2d
csum 0x2d
v8b899c12
~ld


6.01
 0h00:04.013 2021/11/18T00:27:57z: DS3231
 0h00:04.028 2021/11/18T00:27:57z: BME280 (0x76)
 0h00:04.043 2021/11/18T00:27:57z: 84:f3:eb:7d:7:a8
 0h00:04.044 2021/11/18T00:27:57z: SSID: MU Open
 0h00:04.049 2021/11/18T00:27:57z: AP_STAR tmr
 ets Jan  8 2013,rst cause:4, boot mode:(3,7)

wdt reset
load 0x4010f000, len 1384, room 16 
tail 8
chksum 0x2d
csum 0x2d
v8b899c12
~ld


6.01
 0h00:04.028 2021/11/18T00:47:55z: DS3231
 0h00:04.044 2021/11/18T00:47:55z: BME280 (0x76)
 0h00:04.058 2021/11/18T00:47:55z: 84:f3:eb:7d:7:a8
 0h00:04.060 2021/11/18T00:47:55z: SSID: MU Open
 0h00:04.065 2021/11/18T00:47:55z: AP_STAR tmr
 ets Jan  8 2013,rst cause:4, boot mode:(3,7)

wdt reset
load 0x4010f000, len 1384, room 16 
tail 8
chksum 0x2d
csum 0x2d
v8b899c12
~ld


6.01
 0h00:04.084 2021/11/18T01:07:54z: DS3231
 0h00:04.099 2021/11/18T01:07:54z: BME280 (0x76)
 0h00:04.113 2021/11/18T01:07:54z: 84:f3:eb:7d:7:a8
 0h00:04.115 2021/11/18T01:07:54z: SSID: MU Open
 0h00:04.120 2021/11/18T01:07:54z: AP_STAR tmr
 ets Jan  8 2013,rst cause:4, boot mode:(3,7)

wdt reset
load 0x4010f000, len 1384, room 16 
tail 8
chksum 0x2d
csum 0x2d
v8b899c12
~ld


6.01
 0h00:03.891 2021/11/18T01:27:53z: DS3231
 0h00:03.907 2021/11/18T01:27:53z: BME280 (0x76)
 0h00:03.921 2021/11/18T01:27:53z: 84:f3:eb:7d:7:a8
 0h00:03.922 2021/11/18T01:27:53z: SSID: MU Open
 0h00:03.928 2021/11/18T01:27:53z: AP_STAR tmr
 ets Jan  8 2013,rst cause:4, boot mode:(3,7)

wdt reset
load 0x4010f000, len 1384, room 16 
tail 8
chksum 0x2d
csum 0x2d
v8b899c12
~ld


6.01
 0h00:03.708 2021/11/18T01:47:52z: DS3231
 0h00:03.723 2021/11/18T01:47:52z: BME280 (0x76)
 0h00:03.738 2021/11/18T01:47:52z: 84:f3:eb:7d:7:a8
 0h00:03.739 2021/11/18T01:47:52z: SSID: MU Open
 0h00:03.744 2021/11/18T01:47:52z: AP_STAR tmr
 ets Jan  8 2013,rst cause:4, boot mode:(3,7)

wdt reset
load 0x4010f000, len 1384, room 16 
tail 8
chksum 0x2d
csum 0x2d
v8b899c12
~ld


6.01
 0h00:04.049 2021/11/18T02:07:52z: DS3231
 0h00:04.065 2021/11/18T02:07:52z: BME280 (0x76)
 0h00:04.079 2021/11/18T02:07:52z: 84:f3:eb:7d:7:a8
 0h00:04.081 2021/11/18T02:07:52z: SSID: MU Open
 0h00:04.086 2021/11/18T02:07:52z: AP_STAR tmr
 ets Jan  8 2013,rst cause:4, boot mode:(3,7)

wdt reset
load 0x4010f000, len 1384, room 16 
tail 8
chksum 0x2d
csum 0x2d
v8b899c12
~ld


6.01
 0h00:04.000 2021/11/18T02:27:50z: DS3231
 0h00:04.015 2021/11/18T02:27:50z: BME280 (0x76)
 0h00:04.029 2021/11/18T02:27:50z: 84:f3:eb:7d:7:a8
 0h00:04.031 2021/11/18T02:27:50z: SSID: MU Open
 0h00:04.036 2021/11/18T02:27:50z: AP_STAR tmr
 ets Jan  8 2013,rst cause:4, boot mode:(3,7)

wdt reset
load 0x4010f000, len 1384, room 16 
tail 8
chksum 0x2d
csum 0x2d
v8b899c12
~ld


6.01
 0h00:04.041 2021/11/18T02:47:49z: DS3231
 0h00:04.056 2021/11/18T02:47:49z: BME280 (0x76)
 0h00:04.071 2021/11/18T02:47:49z: 84:f3:eb:7d:7:a8
 0h00:04.072 2021/11/18T02:47:49z: SSID: MU Open
 0h00:04.078 2021/11/18T02:47:49z: AP_STAR tmr
 ets Jan  8 2013,rst cause:4, boot mode:(3,7)

wdt reset
load 0x4010f000, len 1384, room 16 
tail 8
chksum 0x2d
csum 0x2d
v8b899c12
~ld


6.01
 0h00:04.141 2021/11/18T03:07:48z: DS3231
 0h00:04.156 2021/11/18T03:07:48z: BME280 (0x76)
 0h00:04.170 2021/11/18T03:07:48z: 84:f3:eb:7d:7:a8
 0h00:04.172 2021/11/18T03:07:48z: SSID: MU Open
 0h00:04.177 2021/11/18T03:07:48z: AP_STAR tmr
 ets Jan  8 2013,rst cause:4, boot mode:(3,7)

wdt reset
load 0x4010f000, len 1384, room 16 
tail 8
chksum 0x2d
csum 0x2d
v8b899c12
~ld


6.01
 0h00:04.160 2021/11/18T03:27:47z: DS3231
 0h00:04.176 2021/11/18T03:27:47z: BME280 (0x76)
 0h00:04.190 2021/11/18T03:27:47z: 84:f3:eb:7d:7:a8
 0h00:04.192 2021/11/18T03:27:47z: SSID: MU Open
 0h00:04.197 2021/11/18T03:27:47z: AP_STAR tmr
 ets Jan  8 2013,rst cause:4, boot mode:(3,7)

wdt reset
load 0x4010f000, len 1384, room 16 
tail 8
chksum 0x2d
csum 0x2d
v8b899c12
~ld


6.01
 0h00:04.210 2021/11/18T03:47:47z: DS3231
 0h00:04.225 2021/11/18T03:47:47z: BME280 (0x76)
 0h00:04.240 2021/11/18T03:47:47z: 84:f3:eb:7d:7:a8
 0h00:04.241 2021/11/18T03:47:47z: SSID: MU Open
 0h00:04.247 2021/11/18T03:47:47z: AP_STAR tmr
 ets Jan  8 2013,rst cause:4, boot mode:(3,7)

wdt reset
load 0x4010f000, len 1384, room 16 
tail 8
chksum 0x2d
csum 0x2d
v8b899c12
~ld


6.01
 0h00:04.235 2021/11/18T04:07:46z: DS3231
 0h00:04.251 2021/11/18T04:07:46z: BME280 (0x76)
 0h00:04.265 2021/11/18T04:07:46z: 84:f3:eb:7d:7:a8
 0h00:04.267 2021/11/18T04:07:46z: SSID: MU Open
 0h00:04.272 2021/11/18T04:07:46z: AP_STAR tmr
 ets Jan  8 2013,rst cause:4, boot mode:(3,7)

wdt reset
load 0x4010f000, len 1384, room 16 
tail 8
chksum 0x2d
csum 0x2d
v8b899c12
~ld


6.01
 0h00:04.139 2021/11/18T04:27:45z: DS3231
 0h00:04.155 2021/11/18T04:27:45z: BME280 (0x76)
 0h00:04.169 2021/11/18T04:27:45z: 84:f3:eb:7d:7:a8
 0h00:04.171 2021/11/18T04:27:45z: SSID: MU Open
 0h00:04.176 2021/11/18T04:27:45z: AP_STAR tmr
 ets Jan  8 2013,rst cause:4, boot mode:(3,7)

wdt reset
load 0x4010f000, len 1384, room 16 
tail 8
chksum 0x2d
csum 0x2d
v8b899c12
~ld


6.01
 0h00:04.127 2021/11/18T04:47:44z: DS3231
 0h00:04.142 2021/11/18T04:47:44z: BME280 (0x76)
 0h00:04.156 2021/11/18T04:47:44z: 84:f3:eb:7d:7:a8
 0h00:04.158 2021/11/18T04:47:44z: SSID: MU Open
 0h00:04.163 2021/11/18T04:47:44z: AP_STAR tmr
 ets Jan  8 2013,rst cause:4, boot mode:(3,7)

wdt reset
load 0x4010f000, len 1384, room 16 
tail 8
chksum 0x2d
csum 0x2d
v8b899c12
~ld


6.01
 0h00:04.024 2021/11/18T05:07:43z: DS3231
 0h00:04.039 2021/11/18T05:07:43z: BME280 (0x76)
 0h00:04.053 2021/11/18T05:07:43z: 84:f3:eb:7d:7:a8
 0h00:04.055 2021/11/18T05:07:43z: SSID: MU Open
 0h00:04.060 2021/11/18T05:07:43z: AP_STAR tmr
 ets Jan  8 2013,rst cause:4, boot mode:(3,7)

wdt reset
load 0x4010f000, len 1384, room 16 
tail 8
chksum 0x2d
csum 0x2d
v8b899c12
~ld


6.01
 0h00:04.148 2021/11/18T05:27:42z: DS3231
 0h00:04.163 2021/11/18T05:27:42z: BME280 (0x76)
 0h00:04.178 2021/11/18T05:27:42z: 84:f3:eb:7d:7:a8
 0h00:04.179 2021/11/18T05:27:42z: SSID: MU Open
 0h00:04.185 2021/11/18T05:27:42z: AP_STAR tmr
 ets Jan  8 2013,rst cause:4, boot mode:(3,7)

wdt reset
load 0x4010f000, len 1384, room 16 
tail 8
chksum 0x2d
csum 0x2d
v8b899c12
~ld


6.01
 0h00:04.064 2021/11/18T05:47:41z: DS3231
 0h00:04.079 2021/11/18T05:47:41z: BME280 (0x76)
 0h00:04.093 2021/11/18T05:47:41z: 84:f3:eb:7d:7:a8
 0h00:04.095 2021/11/18T05:47:41z: SSID: MU Open
 0h00:04.100 2021/11/18T05:47:41z: AP_STAR tmr
 ets Jan  8 2013,rst cause:4, boot mode:(3,7)

wdt reset
load 0x4010f000, len 1384, room 16 
tail 8
chksum 0x2d
csum 0x2d
v8b899c12
~ld


6.01
 0h00:04.104 2021/11/18T06:07:40z: DS3231
 0h00:04.119 2021/11/18T06:07:40z: BME280 (0x76)
 0h00:04.133 2021/11/18T06:07:40z: 84:f3:eb:7d:7:a8
 0h00:04.135 2021/11/18T06:07:40z: SSID: MU Open
 0h00:04.140 2021/11/18T06:07:40z: AP_STAR tmr
 ets Jan  8 2013,rst cause:4, boot mode:(3,7)

wdt reset
load 0x4010f000, len 1384, room 16 
tail 8
chksum 0x2d
csum 0x2d
v8b899c12
~ld


6.01
 0h00:04.181 2021/11/18T06:27:39z: DS3231
 0h00:04.196 2021/11/18T06:27:39z: BME280 (0x76)
 0h00:04.211 2021/11/18T06:27:39z: 84:f3:eb:7d:7:a8
 0h00:04.212 2021/11/18T06:27:39z: SSID: MU Open
 0h00:04.217 2021/11/18T06:27:39z: AP_STAR tmr
 ets Jan  8 2013,rst cause:4, boot mode:(3,7)

wdt reset
load 0x4010f000, len 1384, room 16 
tail 8
chksum 0x2d
csum 0x2d
v8b899c12
~ld


6.01
 0h00:04.183 2021/11/18T06:47:38z: DS3231
 0h00:04.198 2021/11/18T06:47:38z: BME280 (0x76)
 0h00:04.213 2021/11/18T06:47:38z: 84:f3:eb:7d:7:a8
 0h00:04.214 2021/11/18T06:47:38z: SSID: MU Open
 0h00:04.219 2021/11/18T06:47:38z: AP_STAR tmr
 ets Jan  8 2013,rst cause:4, boot mode:(3,7)

wdt reset
load 0x4010f000, len 1384, room 16 
tail 8
chksum 0x2d
csum 0x2d
v8b899c12
~ld


6.01
 0h00:04.046 2021/11/18T07:07:37z: DS3231
 0h00:04.061 2021/11/18T07:07:37z: BME280 (0x76)
 0h00:04.076 2021/11/18T07:07:37z: 84:f3:eb:7d:7:a8
 0h00:04.077 2021/11/18T07:07:37z: SSID: MU Open
 0h00:04.082 2021/11/18T07:07:37z: AP_STAR tmr
 ets Jan  8 2013,rst cause:4, boot mode:(3,7)

wdt reset
load 0x4010f000, len 1384, room 16 
tail 8
chksum 0x2d
csum 0x2d
v8b899c12
~ld


6.01
 0h00:04.200 2021/11/18T07:27:36z: DS3231
 0h00:04.216 2021/11/18T07:27:36z: BME280 (0x76)
 0h00:04.230 2021/11/18T07:27:36z: 84:f3:eb:7d:7:a8
 0h00:04.232 2021/11/18T07:27:36z: SSID: MU Open
 0h00:04.237 2021/11/18T07:27:36z: AP_STAR tmr
 ets Jan  8 2013,rst cause:4, boot mode:(3,7)

wdt reset
load 0x4010f000, len 1384, room 16 
tail 8
chksum 0x2d
csum 0x2d
v8b899c12
~ld


6.01
 0h00:04.170 2021/11/18T07:47:36z: DS3231
 0h00:04.185 2021/11/18T07:47:36z: BME280 (0x76)
 0h00:04.199 2021/11/18T07:47:36z: 84:f3:eb:7d:7:a8
 0h00:04.201 2021/11/18T07:47:36z: SSID: MU Open
 0h00:04.206 2021/11/18T07:47:36z: AP_STAR tmr
 ets Jan  8 2013,rst cause:4, boot mode:(3,7)

wdt reset
load 0x4010f000, len 1384, room 16 
tail 8
chksum 0x2d
csum 0x2d
v8b899c12
~ld


6.01
 0h00:04.150 2021/11/18T08:07:35z: DS3231
 0h00:04.165 2021/11/18T08:07:35z: BME280 (0x76)
 0h00:04.179 2021/11/18T08:07:35z: 84:f3:eb:7d:7:a8
 0h00:04.181 2021/11/18T08:07:35z: SSID: MU Open
 0h00:04.186 2021/11/18T08:07:35z: AP_STAR tmr
 ets Jan  8 2013,rst cause:4, boot mode:(3,7)

wdt reset
load 0x4010f000, len 1384, room 16 
tail 8
chksum 0x2d
csum 0x2d
v8b899c12
~ld


6.01
 0h00:03.868 2021/11/18T08:27:33z: DS3231
 0h00:03.883 2021/11/18T08:27:33z: BME280 (0x76)
 0h00:03.897 2021/11/18T08:27:33z: 84:f3:eb:7d:7:a8
 0h00:03.899 2021/11/18T08:27:33z: SSID: MU Open
 0h00:03.904 2021/11/18T08:27:33z: AP_STAR tmr
 ets Jan  8 2013,rst cause:4, boot mode:(3,7)

wdt reset
load 0x4010f000, len 1384, room 16 
tail 8
chksum 0x2d
csum 0x2d
v8b899c12
~ld


6.01
 0h00:04.195 2021/11/18T08:47:33z: DS3231
 0h00:04.211 2021/11/18T08:47:33z: BME280 (0x76)
 0h00:04.225 2021/11/18T08:47:33z: 84:f3:eb:7d:7:a8
 0h00:04.227 2021/11/18T08:47:33z: SSID: MU Open
 0h00:04.232 2021/11/18T08:47:33z: AP_STAR tmr
 ets Jan  8 2013,rst cause:4, boot mode:(3,7)

wdt reset
load 0x4010f000, len 1384, room 16 
tail 8
chksum 0x2d
csum 0x2d
v8b899c12
~ld


6.01
 0h00:03.914 2021/11/18T09:07:32z: DS3231
 0h00:03.930 2021/11/18T09:07:32z: BME280 (0x76)
 0h00:03.944 2021/11/18T09:07:32z: 84:f3:eb:7d:7:a8
 0h00:03.945 2021/11/18T09:07:32z: SSID: MU Open
 0h00:03.951 2021/11/18T09:07:32z: AP_STAR tmr
 ets Jan  8 2013,rst cause:4, boot mode:(3,7)

wdt reset
load 0x4010f000, len 1384, room 16 
tail 8
chksum 0x2d
csum 0x2d
v8b899c12
~ld


6.01
 0h00:03.897 2021/11/18T09:27:30z: DS3231
 0h00:03.912 2021/11/18T09:27:30z: BME280 (0x76)
 0h00:03.926 2021/11/18T09:27:30z: 84:f3:eb:7d:7:a8
 0h00:03.928 2021/11/18T09:27:30z: SSID: MU Open
 0h00:03.933 2021/11/18T09:27:30z: AP_STAR tmr
 ets Jan  8 2013,rst cause:4, boot mode:(3,7)

wdt reset
load 0x4010f000, len 1384, room 16 
tail 8
chksum 0x2d
csum 0x2d
v8b899c12
~ld


6.01
 0h00:04.069 2021/11/18T09:47:29z: DS3231
 0h00:04.084 2021/11/18T09:47:29z: BME280 (0x76)
 0h00:04.099 2021/11/18T09:47:29z: 84:f3:eb:7d:7:a8
 0h00:04.100 2021/11/18T09:47:29z: SSID: MU Open
 0h00:04.105 2021/11/18T09:47:29z: AP_STAR tmr
 ets Jan  8 2013,rst cause:4, boot mode:(3,7)

wdt reset
load 0x4010f000, len 1384, room 16 
tail 8
chksum 0x2d
csum 0x2d
v8b899c12
~ld


6.01
 0h00:04.122 2021/11/18T10:07:28z: DS3231
 0h00:04.137 2021/11/18T10:07:28z: BME280 (0x76)
 0h00:04.152 2021/11/18T10:07:28z: 84:f3:eb:7d:7:a8
 0h00:04.153 2021/11/18T10:07:28z: SSID: MU Open
 0h00:04.158 2021/11/18T10:07:28z: AP_STAR tmr
 ets Jan  8 2013,rst cause:4, boot mode:(3,7)

wdt reset
load 0x4010f000, len 1384, room 16 
tail 8
chksum 0x2d
csum 0x2d
v8b899c12
~ld


6.01
 0h00:04.191 2021/11/18T10:27:27z: DS3231
 0h00:04.206 2021/11/18T10:27:27z: BME280 (0x76)
 0h00:04.220 2021/11/18T10:27:27z: 84:f3:eb:7d:7:a8
 0h00:04.222 2021/11/18T10:27:27z: SSID: MU Open
 0h00:04.227 2021/11/18T10:27:27z: AP_STAR tmr
 ets Jan  8 2013,rst cause:4, boot mode:(3,7)

wdt reset
load 0x4010f000, len 1384, room 16 
tail 8
chksum 0x2d
csum 0x2d
v8b899c12
~ld


6.01
 0h00:04.123 2021/11/18T10:47:26z: DS3231
 0h00:04.138 2021/11/18T10:47:26z: BME280 (0x76)
 0h00:04.152 2021/11/18T10:47:26z: 84:f3:eb:7d:7:a8
 0h00:04.154 2021/11/18T10:47:26z: SSID: MU Open
 0h00:04.159 2021/11/18T10:47:26z: AP_STAR tmr
 ets Jan  8 2013,rst cause:4, boot mode:(3,7)

wdt reset
load 0x4010f000, len 1384, room 16 
tail 8
chksum 0x2d
csum 0x2d
v8b899c12
~ld


6.01
 0h00:04.079 2021/11/18T11:07:26z: DS3231
 0h00:04.094 2021/11/18T11:07:26z: BME280 (0x76)
 0h00:04.108 2021/11/18T11:07:26z: 84:f3:eb:7d:7:a8
 0h00:04.110 2021/11/18T11:07:26z: SSID: MU Open
 0h00:04.115 2021/11/18T11:07:26z: AP_STAR tmr
 ets Jan  8 2013,rst cause:4, boot mode:(3,7)

wdt reset
load 0x4010f000, len 1384, room 16 
tail 8
chksum 0x2d
csum 0x2d
v8b899c12
~ld


6.01
 0h00:04.223 2021/11/18T11:27:24z: DS3231
 0h00:04.238 2021/11/18T11:27:24z: BME280 (0x76)
 0h00:04.252 2021/11/18T11:27:24z: 84:f3:eb:7d:7:a8
 0h00:04.254 2021/11/18T11:27:24z: SSID: MU Open
 0h00:04.259 2021/11/18T11:27:24z: AP_STAR tmr
 ets Jan  8 2013,rst cause:4, boot mode:(3,7)

wdt reset
load 0x4010f000, len 1384, room 16 
tail 8
chksum 0x2d
csum 0x2d
v8b899c12
~ld


6.01
 0h00:04.015 2021/11/18T11:47:23z: DS3231
 0h00:04.030 2021/11/18T11:47:23z: BME280 (0x76)
 0h00:04.045 2021/11/18T11:47:23z: 84:f3:eb:7d:7:a8
 0h00:04.046 2021/11/18T11:47:23z: SSID: MU Open
 0h00:04.051 2021/11/18T11:47:23z: AP_STAR tmr
 ets Jan  8 2013,rst cause:4, boot mode:(3,7)

wdt reset
load 0x4010f000, len 1384, room 16 
tail 8
chksum 0x2d
csum 0x2d
v8b899c12
~ld


6.01
 0h00:04.135 2021/11/18T12:07:22z: DS3231
 0h00:04.150 2021/11/18T12:07:22z: BME280 (0x76)
 0h00:04.164 2021/11/18T12:07:22z: 84:f3:eb:7d:7:a8
 0h00:04.166 2021/11/18T12:07:22z: SSID: MU Open
 0h00:04.171 2021/11/18T12:07:22z: AP_STAR tmr
 ets Jan  8 2013,rst cause:4, boot mode:(3,7)

wdt reset
load 0x4010f000, len 1384, room 16 
tail 8
chksum 0x2d
csum 0x2d
v8b899c12
~ld


6.01
 0h00:04.126 2021/11/18T12:27:22z: DS3231
 0h00:04.141 2021/11/18T12:27:22z: BME280 (0x76)
 0h00:04.155 2021/11/18T12:27:22z: 84:f3:eb:7d:7:a8
 0h00:04.157 2021/11/18T12:27:22z: SSID: MU Open
 0h00:04.162 2021/11/18T12:27:22z: AP_STAR tmr
 ets Jan  8 2013,rst cause:4, boot mode:(3,7)

wdt reset
load 0x4010f000, len 1384, room 16 
tail 8
chksum 0x2d
csum 0x2d
v8b899c12
~ld


6.01
 0h00:04.258 2021/11/18T12:47:22z: DS3231
 0h00:04.273 2021/11/18T12:47:22z: BME280 (0x76)
 0h00:04.288 2021/11/18T12:47:22z: 84:f3:eb:7d:7:a8
 0h00:04.289 2021/11/18T12:47:22z: SSID: MU Open
 0h00:04.294 2021/11/18T12:47:22z: AP_STAR tmr
 ets Jan  8 2013,rst cause:4, boot mode:(3,7)

wdt reset
load 0x4010f000, len 1384, room 16 
tail 8
chksum 0x2d
csum 0x2d
v8b899c12
~ld


6.01
 0h00:04.089 2021/11/18T13:07:21z: DS3231
 0h00:04.104 2021/11/18T13:07:21z: BME280 (0x76)
 0h00:04.119 2021/11/18T13:07:21z: 84:f3:eb:7d:7:a8
 0h00:04.120 2021/11/18T13:07:21z: SSID: MU Open
 0h00:04.125 2021/11/18T13:07:21z: AP_STAR tmr
 ets Jan  8 2013,rst cause:4, boot mode:(3,7)

wdt reset
load 0x4010f000, len 1384, room 16 
tail 8
chksum 0x2d
csum 0x2d
v8b899c12
~ld


6.01
 0h00:04.291 2021/11/18T13:27:20z: DS3231
 0h00:04.306 2021/11/18T13:27:20z: BME280 (0x76)
 0h00:04.320 2021/11/18T13:27:20z: 84:f3:eb:7d:7:a8
 0h00:04.322 2021/11/18T13:27:20z: SSID: MU Open
 0h00:04.327 2021/11/18T13:27:20z: AP_STAR tmr
 ets Jan  8 2013,rst cause:4, boot mode:(3,7)

wdt reset
load 0x4010f000, len 1384, room 16 
tail 8
chksum 0x2d
csum 0x2d
v8b899c12
~ld


6.01
 0h00:04.174 2021/11/18T13:47:19z: DS3231
 0h00:04.189 2021/11/18T13:47:19z: BME280 (0x76)
 0h00:04.203 2021/11/18T13:47:19z: 84:f3:eb:7d:7:a8
 0h00:04.205 2021/11/18T13:47:19z: SSID: MU Open
 0h00:04.210 2021/11/18T13:47:19z: AP_STAR tmr
 ets Jan  8 2013,rst cause:4, boot mode:(3,7)

wdt reset
load 0x4010f000, len 1384, room 16 
tail 8
chksum 0x2d
csum 0x2d
v8b899c12
~ld


6.01
 0h00:04.198 2021/11/18T14:07:18z: DS3231
 0h00:04.214 2021/11/18T14:07:18z: BME280 (0x76)
 0h00:04.228 2021/11/18T14:07:18z: 84:f3:eb:7d:7:a8
 0h00:04.230 2021/11/18T14:07:18z: SSID: MU Open
 0h00:04.235 2021/11/18T14:07:18z: AP_STAR tmr
 ets Jan  8 2013,rst cause:4, boot mode:(3,7)

wdt reset
load 0x4010f000, len 1384, room 16 
tail 8
chksum 0x2d
csum 0x2d
v8b899c12
~ld


6.01
 0h00:04.032 2021/11/18T14:27:18z: DS3231
 0h00:04.048 2021/11/18T14:27:18z: BME280 (0x76)
 0h00:04.062 2021/11/18T14:27:18z: 84:f3:eb:7d:7:a8
 0h00:04.063 2021/11/18T14:27:18z: SSID: MU Open
 0h00:04.069 2021/11/18T14:27:18z: AP_STAR tmr
 ets Jan  8 2013,rst cause:4, boot mode:(3,7)

wdt reset
load 0x4010f000, len 1384, room 16 
tail 8
chksum 0x2d
csum 0x2d
v8b899c12
~ld


6.01
 0h00:04.016 2021/11/18T14:47:17z: DS3231
 0h00:04.032 2021/11/18T14:47:17z: BME280 (0x76)
 0h00:04.046 2021/11/18T14:47:17z: 84:f3:eb:7d:7:a8
 0h00:04.047 2021/11/18T14:47:17z: SSID: MU Open
 0h00:04.053 2021/11/18T14:47:17z: AP_STAR tmr
 ets Jan  8 2013,rst cause:4, boot mode:(3,7)

wdt reset
load 0x4010f000, len 1384, room 16 
tail 8
chksum 0x2d
csum 0x2d
v8b899c12
~ld


6.01
 0h00:04.084 2021/11/18T15:07:16z: DS3231
 0h00:04.100 2021/11/18T15:07:16z: BME280 (0x76)
 0h00:04.114 2021/11/18T15:07:16z: 84:f3:eb:7d:7:a8
 0h00:04.116 2021/11/18T15:07:16z: SSID: MU Open
 0h00:04.121 2021/11/18T15:07:16z: AP_STAR tmr
 ets Jan  8 2013,rst cause:4, boot mode:(3,7)

wdt reset
load 0x4010f000, len 1384, room 16 
tail 8
chksum 0x2d
csum 0x2d
v8b899c12
~ld


6.01
 0h00:03.880 2021/11/18T15:27:15z: DS3231
 0h00:03.895 2021/11/18T15:27:15z: BME280 (0x76)
 0h00:03.909 2021/11/18T15:27:15z: 84:f3:eb:7d:7:a8
 0h00:03.911 2021/11/18T15:27:15z: SSID: MU Open
 0h00:03.916 2021/11/18T15:27:15z: AP_STAR tmr
 ets Jan  8 2013,rst cause:4, boot mode:(3,7)

wdt reset
load 0x4010f000, len 1384, room 16 
tail 8
chksum 0x2d
csum 0x2d
v8b899c12
~ld


6.01
 0h00:03.928 2021/11/18T15:47:15z: DS3231
 0h00:03.943 2021/11/18T15:47:15z: BME280 (0x76)
 0h00:03.957 2021/11/18T15:47:15z: 84:f3:eb:7d:7:a8
 0h00:03.959 2021/11/18T15:47:15z: SSID: MU Open
 0h00:03.964 2021/11/18T15:47:15z: AP_STAR tmr
 ets Jan  8 2013,rst cause:4, boot mode:(3,7)

wdt reset
load 0x4010f000, len 1384, room 16 
tail 8
chksum 0x2d
csum 0x2d
v8b899c12
~ld


6.01
 0h00:04.173 2021/11/18T16:07:14z: DS3231
 0h00:04.189 2021/11/18T16:07:14z: BME280 (0x76)
 0h00:04.203 2021/11/18T16:07:14z: 84:f3:eb:7d:7:a8
 0h00:04.204 2021/11/18T16:07:14z: SSID: MU Open
 0h00:04.210 2021/11/18T16:07:14z: AP_STAR tmr
 ets Jan  8 2013,rst cause:4, boot mode:(3,7)

wdt reset
load 0x4010f000, len 1384, room 16 
tail 8
chksum 0x2d
csum 0x2d
v8b899c12
~ld


6.01
 0h00:04.101 2021/11/18T16:27:13z: DS3231
 0h00:04.117 2021/11/18T16:27:13z: BME280 (0x76)
 0h00:04.131 2021/11/18T16:27:13z: 84:f3:eb:7d:7:a8
 0h00:04.132 2021/11/18T16:27:13z: SSID: MU Open
 0h00:04.138 2021/11/18T16:27:13z: AP_STAR tmr
 ets Jan  8 2013,rst cause:4, boot mode:(3,7)

wdt reset
load 0x4010f000, len 1384, room 16 
tail 8
chksum 0x2d
csum 0x2d
v8b899c12
~ld


6.01
 0h00:04.166 2021/11/18T16:47:13z: DS3231
 0h00:04.181 2021/11/18T16:47:13z: BME280 (0x76)
 0h00:04.195 2021/11/18T16:47:13z: 84:f3:eb:7d:7:a8
 0h00:04.197 2021/11/18T16:47:13z: SSID: MU Open
 0h00:04.202 2021/11/18T16:47:13z: AP_STAR tmr
 ets Jan  8 2013,rst cause:4, boot mode:(3,7)

wdt reset
load 0x4010f000, len 1384, room 16 
tail 8
chksum 0x2d
csum 0x2d
v8b899c12
~ld


6.01
 0h00:04.064 2021/11/18T17:07:12z: DS3231
 0h00:04.079 2021/11/18T17:07:12z: BME280 (0x76)
 0h00:04.093 2021/11/18T17:07:12z: 84:f3:eb:7d:7:a8
 0h00:04.095 2021/11/18T17:07:12z: SSID: MU Open
 0h00:04.100 2021/11/18T17:07:12z: AP_STAR tmr
 ets Jan  8 2013,rst cause:4, boot mode:(3,7)

wdt reset
load 0x4010f000, len 1384, room 16 
tail 8
chksum 0x2d
csum 0x2d
v8b899c12
~ld


6.01
 0h00:03.954 2021/11/18T17:27:11z: DS3231
 0h00:03.969 2021/11/18T17:27:11z: BME280 (0x76)
 0h00:03.983 2021/11/18T17:27:11z: 84:f3:eb:7d:7:a8
 0h00:03.985 2021/11/18T17:27:11z: SSID: MU Open
 0h00:03.990 2021/11/18T17:27:11z: AP_STAR tmr
 ets Jan  8 2013,rst cause:4, boot mode:(3,7)

wdt reset
load 0x4010f000, len 1384, room 16 
tail 8
chksum 0x2d
csum 0x2d
v8b899c12
~ld


6.01
 0h00:04.255 2021/11/18T17:47:10z: DS3231
 0h00:04.270 2021/11/18T17:47:10z: BME280 (0x76)
 0h00:04.284 2021/11/18T17:47:10z: 84:f3:eb:7d:7:a8
 0h00:04.286 2021/11/18T17:47:10z: SSID: MU Open
 0h00:04.291 2021/11/18T17:47:10z: AP_STAR tmr
 ets Jan  8 2013,rst cause:4, boot mode:(3,7)

wdt reset
load 0x4010f000, len 1384, room 16 
tail 8
chksum 0x2d
csum 0x2d
v8b899c12
~ld


6.01
 0h00:04.260 2021/11/18T18:07:10z: DS3231
 0h00:04.276 2021/11/18T18:07:10z: BME280 (0x76)
 0h00:04.290 2021/11/18T18:07:10z: 84:f3:eb:7d:7:a8
 0h00:04.291 2021/11/18T18:07:10z: SSID: MU Open
 0h00:04.297 2021/11/18T18:07:10z: AP_STAR tmr
 ets Jan  8 2013,rst cause:4, boot mode:(3,7)

wdt reset
load 0x4010f000, len 1384, room 16 
tail 8
chksum 0x2d
csum 0x2d
v8b899c12
~ld


6.01
 0h00:04.264 2021/11/18T18:27:09z: DS3231
 0h00:04.279 2021/11/18T18:27:09z: BME280 (0x76)
 0h00:04.293 2021/11/18T18:27:09z: 84:f3:eb:7d:7:a8
 0h00:04.295 2021/11/18T18:27:09z: SSID: MU Open
 0h00:04.300 2021/11/18T18:27:09z: AP_STAR tmr
 ets Jan  8 2013,rst cause:4, boot mode:(3,7)

wdt reset
load 0x4010f000, len 1384, room 16 
tail 8
chksum 0x2d
csum 0x2d
v8b899c12
~ld


6.01
 0h00:04.185 2021/11/18T18:47:09z: DS3231
 0h00:04.201 2021/11/18T18:47:09z: BME280 (0x76)
 0h00:04.215 2021/11/18T18:47:09z: 84:f3:eb:7d:7:a8
 0h00:04.217 2021/11/18T18:47:09z: SSID: MU Open
 0h00:04.222 2021/11/18T18:47:09z: AP_STAR tmr
 ets Jan  8 2013,rst cause:4, boot mode:(3,7)

wdt reset
load 0x4010f000, len 1384, room 16 
tail 8
chksum 0x2d
csum 0x2d
v8b899c12
~ld


6.01
 0h00:04.103 2021/11/18T19:07:08z: DS3231
 0h00:04.118 2021/11/18T19:07:08z: BME280 (0x76)
 0h00:04.133 2021/11/18T19:07:08z: 84:f3:eb:7d:7:a8
 0h00:04.134 2021/11/18T19:07:08z: SSID: MU Open
 0h00:04.139 2021/11/18T19:07:08z: AP_STAR tmr
 ets Jan  8 2013,rst cause:4, boot mode:(3,7)

wdt reset
load 0x4010f000, len 1384, room 16 
tail 8
chksum 0x2d
csum 0x2d
v8b899c12
~ld


6.01
 0h00:03.709 2021/11/18T19:27:07z: DS3231
 0h00:03.724 2021/11/18T19:27:07z: BME280 (0x76)
 0h00:03.738 2021/11/18T19:27:07z: 84:f3:eb:7d:7:a8
 0h00:03.740 2021/11/18T19:27:07z: SSID: MU Open
 0h00:03.745 2021/11/18T19:27:07z: AP_STAR tmr
 ets Jan  8 2013,rst cause:4, boot mode:(3,7)

wdt reset
load 0x4010f000, len 1384, room 16 
tail 8
chksum 0x2d
csum 0x2d
v8b899c12
~ld


6.01
 0h00:04.000 2021/11/18T19:47:06z: DS3231
 0h00:04.015 2021/11/18T19:47:06z: BME280 (0x76)
 0h00:04.030 2021/11/18T19:47:06z: 84:f3:eb:7d:7:a8
 0h00:04.031 2021/11/18T19:47:06z: SSID: MU Open
 0h00:04.036 2021/11/18T19:47:06z: AP_STAR tmr
 ets Jan  8 2013,rst cause:4, boot mode:(3,7)

wdt reset
load 0x4010f000, len 1384, room 16 
tail 8
chksum 0x2d
csum 0x2d
v8b899c12
~ld


6.01
 0h00:03.981 2021/11/18T20:07:05z: DS3231
 0h00:03.997 2021/11/18T20:07:05z: BME280 (0x76)
 0h00:04.011 2021/11/18T20:07:05z: 84:f3:eb:7d:7:a8
 0h00:04.012 2021/11/18T20:07:05z: SSID: MU Open
 0h00:04.018 2021/11/18T20:07:05z: AP_STAR tmr
 ets Jan  8 2013,rst cause:4, boot mode:(3,7)

wdt reset
load 0x4010f000, len 1384, room 16 
tail 8
chksum 0x2d
csum 0x2d
v8b899c12
~ld


6.01
 0h00:04.049 2021/11/18T20:27:04z: DS3231
 0h00:04.064 2021/11/18T20:27:04z: BME280 (0x76)
 0h00:04.078 2021/11/18T20:27:04z: 84:f3:eb:7d:7:a8
 0h00:04.080 2021/11/18T20:27:04z: SSID: MU Open
 0h00:04.085 2021/11/18T20:27:04z: AP_STAR tmr
 ets Jan  8 2013,rst cause:4, boot mode:(3,7)

wdt reset
load 0x4010f000, len 1384, room 16 
tail 8
chksum 0x2d
csum 0x2d
v8b899c12
~ld


6.01
 0h00:04.231 2021/11/18T20:47:04z: DS3231
 0h00:04.246 2021/11/18T20:47:04z: BME280 (0x76)
 0h00:04.260 2021/11/18T20:47:04z: 84:f3:eb:7d:7:a8
 0h00:04.262 2021/11/18T20:47:04z: SSID: MU Open
 0h00:04.267 2021/11/18T20:47:04z: AP_STAR tmr
 ets Jan  8 2013,rst cause:4, boot mode:(3,7)

wdt reset
load 0x4010f000, len 1384, room 16 
tail 8
chksum 0x2d
csum 0x2d
v8b899c12
~ld


6.01
 0h00:04.199 2021/11/18T21:07:04z: DS3231
 0h00:04.214 2021/11/18T21:07:04z: BME280 (0x76)
 0h00:04.229 2021/11/18T21:07:04z: 84:f3:eb:7d:7:a8
 0h00:04.230 2021/11/18T21:07:04z: SSID: MU Open
 0h00:04.235 2021/11/18T21:07:04z: AP_STAR tmr
 ets Jan  8 2013,rst cause:4, boot mode:(3,7)

wdt reset
load 0x4010f000, len 1384, room 16 
tail 8
chksum 0x2d
csum 0x2d
v8b899c12
~ld


6.01
 0h00:04.204 2021/11/18T21:27:03z: DS3231
 0h00:04.219 2021/11/18T21:27:03z: BME280 (0x76)
 0h00:04.233 2021/11/18T21:27:03z: 84:f3:eb:7d:7:a8
 0h00:04.235 2021/11/18T21:27:03z: SSID: MU Open
 0h00:04.240 2021/11/18T21:27:03z: AP_STAR tmr
 ets Jan  8 2013,rst cause:4, boot mode:(3,7)

wdt reset
load 0x4010f000, len 1384, room 16 
tail 8
chksum 0x2d
csum 0x2d
v8b899c12
~ld


6.01
 0h00:03.721 2021/11/18T21:47:01z: DS3231
 0h00:03.736 2021/11/18T21:47:01z: BME280 (0x76)
 0h00:03.750 2021/11/18T21:47:01z: 84:f3:eb:7d:7:a8
 0h00:03.752 2021/11/18T21:47:01z: SSID: MU Open
 0h00:03.757 2021/11/18T21:47:01z: AP_STAR tmr
 ets Jan  8 2013,rst cause:4, boot mode:(3,7)

wdt reset
load 0x4010f000, len 1384, room 16 
tail 8
chksum 0x2d
csum 0x2d
v8b899c12
~ld


6.01
 0h00:04.093 2021/11/18T22:07:00z: DS3231
 0h00:04.109 2021/11/18T22:07:00z: BME280 (0x76)
 0h00:04.123 2021/11/18T22:07:00z: 84:f3:eb:7d:7:a8
 0h00:04.125 2021/11/18T22:07:00z: SSID: MU Open
 0h00:04.130 2021/11/18T22:07:00z: AP_STAR tmr
 ets Jan  8 2013,rst cause:4, boot mode:(3,7)

wdt reset
load 0x4010f000, len 1384, room 16 
tail 8
chksum 0x2d
csum 0x2d
v8b899c12
~ld


6.01
 0h00:03.946 2021/11/18T22:26:59z: DS3231
 0h00:03.961 2021/11/18T22:26:59z: BME280 (0x76)
 0h00:03.976 2021/11/18T22:26:59z: 84:f3:eb:7d:7:a8
 0h00:03.977 2021/11/18T22:26:59z: SSID: MU Open
 0h00:03.982 2021/11/18T22:26:59z: AP_STAR tmr
 ets Jan  8 2013,rst cause:4, boot mode:(3,7)

wdt reset
load 0x4010f000, len 1384, room 16 
tail 8
chksum 0x2d
csum 0x2d
v8b899c12
~ld


6.01
 0h00:03.955 2021/11/18T22:46:58z: DS3231
 0h00:03.970 2021/11/18T22:46:58z: BME280 (0x76)
 0h00:03.984 2021/11/18T22:46:58z: 84:f3:eb:7d:7:a8
 0h00:03.986 2021/11/18T22:46:58z: SSID: MU Open
 0h00:03.991 2021/11/18T22:46:58z: AP_STAR tmr
 ets Jan  8 2013,rst cause:4, boot mode:(3,7)

wdt reset
load 0x4010f000, len 1384, room 16 
tail 8
chksum 0x2d
csum 0x2d
v8b899c12
~ld


6.01
 0h00:03.809 2021/11/18T23:06:57z: DS3231
 0h00:03.824 2021/11/18T23:06:57z: BME280 (0x76)
 0h00:03.838 2021/11/18T23:06:57z: 84:f3:eb:7d:7:a8
 0h00:03.840 2021/11/18T23:06:57z: SSID: MU Open
 0h00:03.845 2021/11/18T23:06:57z: AP_STAR tmr
 ets Jan  8 2013,rst cause:4, boot mode:(3,7)

wdt reset
load 0x4010f000, len 1384, room 16 
tail 8
chksum 0x2d
csum 0x2d
v8b899c12
~ld


6.01
 0h00:04.161 2021/11/18T23:26:57z: DS3231
 0h00:04.176 2021/11/18T23:26:57z: BME280 (0x76)
 0h00:04.190 2021/11/18T23:26:57z: 84:f3:eb:7d:7:a8
 0h00:04.192 2021/11/18T23:26:57z: SSID: MU Open
 0h00:04.197 2021/11/18T23:26:57z: AP_STAR tmr
 ets Jan  8 2013,rst cause:4, boot mode:(3,7)

wdt reset
load 0x4010f000, len 1384, room 16 
tail 8
chksum 0x2d
csum 0x2d
v8b899c12
~ld


6.01
 0h00:04.237 2021/11/18T23:46:56z: DS3231
 0h00:04.253 2021/11/18T23:46:56z: BME280 (0x76)
 0h00:04.267 2021/11/18T23:46:56z: 84:f3:eb:7d:7:a8
 0h00:04.269 2021/11/18T23:46:56z: SSID: MU Open
 0h00:04.274 2021/11/18T23:46:56z: AP_STA