R tmr
 ets Jan  8 2013,rst cause:4, boot mode:(3,7)

wdt reset
load 0x4010f000, len 1384, room 16 
tail 8
chksum 0x2d
csum 0x2d
v8b899c12
~ld


6.01
 0h00:04.513 2021/12/17T00:10:50z: DS3231
 0h00:04.528 2021/12/17T00:10:50z: BME280 (0x76)
 0h00:04.542 2021/12/17T00:10:50z: 84:f3:eb:7d:7:a8
 0h00:04.544 2021/12/17T00:10:50z: SSID: MU Open
 0h00:04.549 2021/12/17T00:10:50z: AP_STAR tmr
 ets Jan  8 2013,rst cause:4, boot mode:(3,7)

wdt reset
load 0x4010f000, len 1384, room 16 
tail 8
chksum 0x2d
csum 0x2d
v8b899c12
~ld


6.01
 0h00:04.461 2021/12/17T00:30:51z: DS3231
 0h00:04.476 2021/12/17T00:30:51z: BME280 (0x76)
 0h00:04.491 2021/12/17T00:30:51z: 84:f3:eb:7d:7:a8
 0h00:04.492 2021/12/17T00:30:51z: SSID: MU Open
 0h00:04.497 2021/12/17T00:30:51z: AP_STAR tmr
 ets Jan  8 2013,rst cause:4, boot mode:(3,7)

wdt reset
load 0x4010f000, len 1384, room 16 
tail 8
chksum 0x2d
csum 0x2d
v8b899c12
~ld


6.01
 0h00:04.291 2021/12/17T00:50:51z: DS3231
 0h00:04.306 2021/12/17T00:50:51z: BME280 (0x76)
 0h00:04.320 2021/12/17T00:50:51z: 84:f3:eb:7d:7:a8
 0h00:04.322 2021/12/17T00:50:51z: SSID: MU Open
 0h00:04.327 2021/12/17T00:50:51z: AP_STAR tmr
 ets Jan  8 2013,rst cause:4, boot mode:(3,7)

wdt reset
load 0x4010f000, len 1384, room 16 
tail 8
chksum 0x2d
csum 0x2d
v8b899c12
~ld


6.01
 0h00:04.350 2021/12/17T01:10:51z: DS3231
 0h00:04.365 2021/12/17T01:10:51z: BME280 (0x76)
 0h00:04.379 2021/12/17T01:10:51z: 84:f3:eb:7d:7:a8
 0h00:04.381 2021/12/17T01:10:51z: SSID: MU Open
 0h00:04.386 2021/12/17T01:10:51z: AP_STAR tmr
 ets Jan  8 2013,rst cause:4, boot mode:(3,7)

wdt reset
load 0x4010f000, len 1384, room 16 
tail 8
chksum 0x2d
csum 0x2d
v8b899c12
~ld


6.01
 0h00:04.441 2021/12/17T01:30:51z: DS3231
 0h00:04.456 2021/12/17T01:30:51z: BME280 (0x76)
 0h00:04.470 2021/12/17T01:30:51z: 84:f3:eb:7d:7:a8
 0h00:04.472 2021/12/17T01:30:51z: SSID: MU Open
 0h00:04.477 2021/12/17T01:30:51z: AP_STAR tmr
 ets Jan  8 2013,rst cause:4, boot mode:(3,7)

wdt reset
load 0x4010f000, len 1384, room 16 
tail 8
chksum 0x2d
csum 0x2d
v8b899c12
~ld


6.01
 0h00:04.348 2021/12/17T01:50:51z: DS3231
 0h00:04.363 2021/12/17T01:50:51z: BME280 (0x76)
 0h00:04.377 2021/12/17T01:50:51z: 84:f3:eb:7d:7:a8
 0h00:04.379 2021/12/17T01:50:51z: SSID: MU Open
 0h00:04.384 2021/12/17T01:50:51z: AP_STAR tmr
 ets Jan  8 2013,rst cause:4, boot mode:(3,7)

wdt reset
load 0x4010f000, len 1384, room 16 
tail 8
chksum 0x2d
csum 0x2d
v8b899c12
~ld


6.01
 0h00:04.390 2021/12/17T02:10:51z: DS3231
 0h00:04.406 2021/12/17T02:10:51z: BME280 (0x76)
 0h00:04.420 2021/12/17T02:10:51z: 84:f3:eb:7d:7:a8
 0h00:04.421 2021/12/17T02:10:51z: SSID: MU Open
 0h00:04.427 2021/12/17T02:10:51z: AP_STAR tmr
 ets Jan  8 2013,rst cause:4, boot mode:(3,7)

wdt reset
load 0x4010f000, len 1384, room 16 
tail 8
chksum 0x2d
csum 0x2d
v8b899c12
~ld


6.01
 0h00:04.292 2021/12/17T02:30:51z: DS3231
 0h00:04.307 2021/12/17T02:30:51z: BME280 (0x76)
 0h00:04.322 2021/12/17T02:30:51z: 84:f3:eb:7d:7:a8
 0h00:04.323 2021/12/17T02:30:51z: SSID: MU Open
 0h00:04.328 2021/12/17T02:30:51z: AP_STAR tmr
 ets Jan  8 2013,rst cause:4, boot mode:(3,7)

wdt reset
load 0x4010f000, len 1384, room 16 
tail 8
chksum 0x2d
csum 0x2d
v8b899c12
~ld


6.01
 0h00:04.316 2021/12/17T02:50:50z: DS3231
 0h00:04.332 2021/12/17T02:50:50z: BME280 (0x76)
 0h00:04.346 2021/12/17T02:50:50z: 84:f3:eb:7d:7:a8
 0h00:04.348 2021/12/17T02:50:50z: SSID: MU Open
 0h00:04.353 2021/12/17T02:50:50z: AP_STAR tmr
 ets Jan  8 2013,rst cause:4, boot mode:(3,7)

wdt reset
load 0x4010f000, len 1384, room 16 
tail 8
chksum 0x2d
csum 0x2d
v8b899c12
~ld


6.01
 0h00:04.572 2021/12/17T03:10:50z: DS3231
 0h00:04.588 2021/12/17T03:10:50z: BME280 (0x76)
 0h00:04.602 2021/12/17T03:10:50z: 84:f3:eb:7d:7:a8
 0h00:04.604 2021/12/17T03:10:50z: SSID: MU Open
 0h00:04.609 2021/12/17T03:10:50z: AP_STAR tmr
 ets Jan  8 2013,rst cause:4, boot mode:(3,7)

wdt reset
load 0x4010f000, len 1384, room 16 
tail 8
chksum 0x2d
csum 0x2d
v8b899c12
~ld


6.01
 0h00:04.544 2021/12/17T03:30:50z: DS3231
 0h00:04.560 2021/12/17T03:30:50z: BME280 (0x76)
 0h00:04.574 2021/12/17T03:30:50z: 84:f3:eb:7d:7:a8
 0h00:04.575 2021/12/17T03:30:50z: SSID: MU Open
 0h00:04.581 2021/12/17T03:30:50z: AP_STAR tmr
 ets Jan  8 2013,rst cause:4, boot mode:(3,7)

wdt reset
load 0x4010f000, len 1384, room 16 
tail 8
chksum 0x2d
csum 0x2d
v8b899c12
~ld


6.01
 0h00:04.462 2021/12/17T03:50:50z: DS3231
 0h00:04.478 2021/12/17T03:50:50z: BME280 (0x76)
 0h00:04.492 2021/12/17T03:50:50z: 84:f3:eb:7d:7:a8
 0h00:04.494 2021/12/17T03:50:50z: SSID: MU Open
 0h00:04.499 2021/12/17T03:50:50z: AP_STAR tmr
 ets Jan  8 2013,rst cause:4, boot mode:(3,7)

wdt reset
load 0x4010f000, len 1384, room 16 
tail 8
chksum 0x2d
csum 0x2d
v8b899c12
~ld


6.01
 0h00:04.511 2021/12/17T04:10:51z: DS3231
 0h00:04.526 2021/12/17T04:10:51z: BME280 (0x76)
 0h00:04.540 2021/12/17T04:10:51z: 84:f3:eb:7d:7:a8
 0h00:04.542 2021/12/17T04:10:51z: SSID: MU Open
 0h00:04.547 2021/12/17T04:10:51z: AP_STAR tmr
 ets Jan  8 2013,rst cause:4, boot mode:(3,7)

wdt reset
load 0x4010f000, len 1384, room 16 
tail 8
chksum 0x2d
csum 0x2d
v8b899c12
~ld


6.01
 0h00:04.465 2021/12/17T04:30:50z: DS3231
 0h00:04.481 2021/12/17T04:30:50z: BME280 (0x76)
 0h00:04.495 2021/12/17T04:30:50z: 84:f3:eb:7d:7:a8
 0h00:04.497 2021/12/17T04:30:50z: SSID: MU Open
 0h00:04.502 2021/12/17T04:30:50z: AP_STAR tmr
 ets Jan  8 2013,rst cause:4, boot mode:(3,7)

wdt reset
load 0x4010f000, len 1384, room 16 
tail 8
chksum 0x2d
csum 0x2d
v8b899c12
~ld


6.01
 0h00:04.329 2021/12/17T04:50:50z: DS3231
 0h00:04.345 2021/12/17T04:50:50z: BME280 (0x76)
 0h00:04.359 2021/12/17T04:50:50z: 84:f3:eb:7d:7:a8
 0h00:04.361 2021/12/17T04:50:50z: SSID: MU Open
 0h00:04.366 2021/12/17T04:50:50z: AP_STAR tmr
 ets Jan  8 2013,rst cause:4, boot mode:(3,7)

wdt reset
load 0x4010f000, len 1384, room 16 
tail 8
chksum 0x2d
csum 0x2d
v8b899c12
~ld


6.01
 0h00:04.257 2021/12/17T05:10:50z: DS3231
 0h00:04.272 2021/12/17T05:10:50z: BME280 (0x76)
 0h00:04.286 2021/12/17T05:10:50z: 84:f3:eb:7d:7:a8
 0h00:04.288 2021/12/17T05:10:50z: SSID: MU Open
 0h00:04.293 2021/12/17T05:10:50z: AP_STAR tmr
 ets Jan  8 2013,rst cause:4, boot mode:(3,7)

wdt reset
load 0x4010f000, len 1384, room 16 
tail 8
chksum 0x2d
csum 0x2d
v8b899c12
~ld


6.01
 0h00:04.363 2021/12/17T05:30:50z: DS3231
 0h00:04.378 2021/12/17T05:30:50z: BME280 (0x76)
 0h00:04.392 2021/12/17T05:30:50z: 84:f3:eb:7d:7:a8
 0h00:04.394 2021/12/17T05:30:50z: SSID: MU Open
 0h00:04.399 2021/12/17T05:30:50z: AP_STAR tmr
 ets Jan  8 2013,rst cause:4, boot mode:(3,7)

wdt reset
load 0x4010f000, len 1384, room 16 
tail 8
chksum 0x2d
csum 0x2d
v8b899c12
~ld


6.01
 0h00:04.466 2021/12/17T05:50:50z: DS3231
 0h00:04.481 2021/12/17T05:50:50z: BME280 (0x76)
 0h00:04.495 2021/12/17T05:50:50z: 84:f3:eb:7d:7:a8
 0h00:04.497 2021/12/17T05:50:50z: SSID: MU Open
 0h00:04.502 2021/12/17T05:50:50z: AP_STAR tmr
 ets Jan  8 2013,rst cause:4, boot mode:(3,7)

wdt reset
load 0x4010f000, len 1384, room 16 
tail 8
chksum 0x2d
csum 0x2d
v8b899c12
~ld


6.01
 0h00:04.444 2021/12/17T06:10:50z: DS3231
 0h00:04.459 2021/12/17T06:10:50z: BME280 (0x76)
 0h00:04.474 2021/12/17T06:10:50z: 84:f3:eb:7d:7:a8
 0h00:04.475 2021/12/17T06:10:50z: SSID: MU Open
 0h00:04.480 2021/12/17T06:10:50z: AP_STAR tmr
 ets Jan  8 2013,rst cause:4, boot mode:(3,7)

wdt reset
load 0x4010f000, len 1384, room 16 
tail 8
chksum 0x2d
csum 0x2d
v8b899c12
~ld


6.01
 0h00:04.389 2021/12/17T06:30:50z: DS3231
 0h00:04.404 2021/12/17T06:30:50z: BME280 (0x76)
 0h00:04.418 2021/12/17T06:30:50z: 84:f3:eb:7d:7:a8
 0h00:04.420 2021/12/17T06:30:50z: SSID: MU Open
 0h00:04.425 2021/12/17T06:30:50z: AP_STAR tmr
 ets Jan  8 2013,rst cause:4, boot mode:(3,7)

wdt reset
load 0x4010f000, len 1384, room 16 
tail 8
chksum 0x2d
csum 0x2d
v8b899c12
~ld


6.01
 0h00:04.422 2021/12/17T06:50:50z: DS3231
 0h00:04.437 2021/12/17T06:50:50z: BME280 (0x76)
 0h00:04.451 2021/12/17T06:50:50z: 84:f3:eb:7d:7:a8
 0h00:04.453 2021/12/17T06:50:50z: SSID: MU Open
 0h00:04.458 2021/12/17T06:50:50z: AP_STAR tmr
 ets Jan  8 2013,rst cause:4, boot mode:(3,7)

wdt reset
load 0x4010f000, len 1384, room 16 
tail 8
chksum 0x2d
csum 0x2d
v8b899c12
~ld


6.01
 0h00:04.139 2021/12/17T07:10:50z: DS3231
 0h00:04.154 2021/12/17T07:10:50z: BME280 (0x76)
 0h00:04.168 2021/12/17T07:10:50z: 84:f3:eb:7d:7:a8
 0h00:04.170 2021/12/17T07:10:50z: SSID: MU Open
 0h00:04.175 2021/12/17T07:10:50z: AP_STAR tmr
 ets Jan  8 2013,rst cause:4, boot mode:(3,7)

wdt reset
load 0x4010f000, len 1384, room 16 
tail 8
chksum 0x2d
csum 0x2d
v8b899c12
~ld


6.01
 0h00:04.370 2021/12/17T07:30:50z: DS3231
 0h00:04.386 2021/12/17T07:30:50z: BME280 (0x76)
 0h00:04.400 2021/12/17T07:30:50z: 84:f3:eb:7d:7:a8
 0h00:04.401 2021/12/17T07:30:50z: SSID: MU Open
 0h00:04.407 2021/12/17T07:30:50z: AP_STAR tmr
 ets Jan  8 2013,rst cause:4, boot mode:(3,7)

wdt reset
load 0x4010f000, len 1384, room 16 
tail 8
chksum 0x2d
csum 0x2d
v8b899c12
~ld


6.01
 0h00:04.089 2021/12/17T07:50:50z: DS3231
 0h00:04.105 2021/12/17T07:50:50z: BME280 (0x76)
 0h00:04.119 2021/12/17T07:50:50z: 84:f3:eb:7d:7:a8
 0h00:04.121 2021/12/17T07:50:50z: SSID: MU Open
 0h00:04.126 2021/12/17T07:50:50z: AP_STAR tmr
 ets Jan  8 2013,rst cause:4, boot mode:(3,7)

wdt reset
load 0x4010f000, len 1384, room 16 
tail 8
chksum 0x2d
csum 0x2d
v8b899c12
~ld


6.01
 0h00:04.496 2021/12/17T08:10:50z: DS3231
 0h00:04.511 2021/12/17T08:10:50z: BME280 (0x76)
 0h00:04.525 2021/12/17T08:10:50z: 84:f3:eb:7d:7:a8
 0h00:04.527 2021/12/17T08:10:50z: SSID: MU Open
 0h00:04.532 2021/12/17T08:10:50z: AP_STAR tmr
 ets Jan  8 2013,rst cause:4, boot mode:(3,7)

wdt reset
load 0x4010f000, len 1384, room 16 
tail 8
chksum 0x2d
csum 0x2d
v8b899c12
~ld


6.01
 0h00:04.312 2021/12/17T08:30:50z: DS3231
 0h00:04.327 2021/12/17T08:30:50z: BME280 (0x76)
 0h00:04.342 2021/12/17T08:30:50z: 84:f3:eb:7d:7:a8
 0h00:04.343 2021/12/17T08:30:50z: SSID: MU Open
 0h00:04.348 2021/12/17T08:30:50z: AP_STAR tmr
 ets Jan  8 2013,rst cause:4, boot mode:(3,7)

wdt reset
load 0x4010f000, len 1384, room 16 
tail 8
chksum 0x2d
csum 0x2d
v8b899c12
~ld


6.01
 0h00:04.405 2021/12/17T08:50:50z: DS3231
 0h00:04.420 2021/12/17T08:50:50z: BME280 (0x76)
 0h00:04.435 2021/12/17T08:50:50z: 84:f3:eb:7d:7:a8
 0h00:04.436 2021/12/17T08:50:50z: SSID: MU Open
 0h00:04.441 2021/12/17T08:50:50z: AP_STAR tmr
 ets Jan  8 2013,rst cause:4, boot mode:(3,7)

wdt reset
load 0x4010f000, len 1384, room 16 
tail 8
chksum 0x2d
csum 0x2d
v8b899c12
~ld


6.01
 0h00:04.508 2021/12/17T09:10:51z: DS3231
 0h00:04.524 2021/12/17T09:10:51z: BME280 (0x76)
 0h00:04.538 2021/12/17T09:10:51z: 84:f3:eb:7d:7:a8
 0h00:04.540 2021/12/17T09:10:51z: SSID: MU Open
 0h00:04.545 2021/12/17T09:10:51z: AP_STAR tmr
 ets Jan  8 2013,rst cause:4, boot mode:(3,7)

wdt reset
load 0x4010f000, len 1384, room 16 
tail 8
chksum 0x2d
csum 0x2d
v8b899c12
~ld


6.01
 0h00:04.336 2021/12/17T09:30:51z: DS3231
 0h00:04.351 2021/12/17T09:30:51z: BME280 (0x76)
 0h00:04.365 2021/12/17T09:30:51z: 84:f3:eb:7d:7:a8
 0h00:04.367 2021/12/17T09:30:51z: SSID: MU Open
 0h00:04.372 2021/12/17T09:30:51z: AP_STAR tmr
 ets Jan  8 2013,rst cause:4, boot mode:(3,7)

wdt reset
load 0x4010f000, len 1384, room 16 
tail 8
chksum 0x2d
csum 0x2d
v8b899c12
~ld


6.01
 0h00:04.403 2021/12/17T09:50:51z: DS3231
 0h00:04.418 2021/12/17T09:50:51z: BME280 (0x76)
 0h00:04.433 2021/12/17T09:50:51z: 84:f3:eb:7d:7:a8
 0h00:04.434 2021/12/17T09:50:51z: SSID: MU Open
 0h00:04.439 2021/12/17T09:50:51z: AP_STAR tmr
 ets Jan  8 2013,rst cause:4, boot mode:(3,7)

wdt reset
load 0x4010f000, len 1384, room 16 
tail 8
chksum 0x2d
csum 0x2d
v8b899c12
~ld


6.01
 0h00:04.335 2021/12/17T10:10:51z: DS3231
 0h00:04.350 2021/12/17T10:10:51z: BME280 (0x76)
 0h00:04.365 2021/12/17T10:10:51z: 84:f3:eb:7d:7:a8
 0h00:04.366 2021/12/17T10:10:51z: SSID: MU Open
 0h00:04.372 2021/12/17T10:10:51z: AP_STAR tmr
 ets Jan  8 2013,rst cause:4, boot mode:(3,7)

wdt reset
load 0x4010f000, len 1384, room 16 
tail 8
chksum 0x2d
csum 0x2d
v8b899c12
~ld


6.01
 0h00:04.296 2021/12/17T10:30:52z: DS3231
 0h00:04.311 2021/12/17T10:30:52z: BME280 (0x76)
 0h00:04.325 2021/12/17T10:30:52z: 84:f3:eb:7d:7:a8
 0h00:04.327 2021/12/17T10:30:52z: SSID: MU Open
 0h00:04.332 2021/12/17T10:30:52z: AP_STAR tmr
 ets Jan  8 2013,rst cause:4, boot mode:(3,7)

wdt reset
load 0x4010f000, len 1384, room 16 
tail 8
chksum 0x2d
csum 0x2d
v8b899c12
~ld


6.01
 0h00:04.297 2021/12/17T10:50:51z: DS3231
 0h00:04.313 2021/12/17T10:50:51z: BME280 (0x76)
 0h00:04.327 2021/12/17T10:50:51z: 84:f3:eb:7d:7:a8
 0h00:04.328 2021/12/17T10:50:51z: SSID: MU Open
 0h00:04.334 2021/12/17T10:50:51z: AP_STAR tmr
 ets Jan  8 2013,rst cause:4, boot mode:(3,7)

wdt reset
load 0x4010f000, len 1384, room 16 
tail 8
chksum 0x2d
csum 0x2d
v8b899c12
~ld


6.01
 0h00:03.953 2021/12/17T11:10:50z: DS3231
 0h00:03.968 2021/12/17T11:10:50z: BME280 (0x76)
 0h00:03.982 2021/12/17T11:10:50z: 84:f3:eb:7d:7:a8
 0h00:03.984 2021/12/17T11:10:50z: SSID: MU Open
 0h00:03.989 2021/12/17T11:10:50z: AP_STAR tmr
 ets Jan  8 2013,rst cause:4, boot mode:(3,7)

wdt reset
load 0x4010f000, len 1384, room 16 
tail 8
chksum 0x2d
csum 0x2d
v8b899c12
~ld


6.01
 0h00:04.097 2021/12/17T11:30:50z: DS3231
 0h00:04.112 2021/12/17T11:30:50z: BME280 (0x76)
 0h00:04.126 2021/12/17T11:30:50z: 84:f3:eb:7d:7:a8
 0h00:04.128 2021/12/17T11:30:50z: SSID: MU Open
 0h00:04.133 2021/12/17T11:30:50z: AP_STAR tmr
 ets Jan  8 2013,rst cause:4, boot mode:(3,7)

wdt reset
load 0x4010f000, len 1384, room 16 
tail 8
chksum 0x2d
csum 0x2d
v8b899c12
~ld


6.01
 0h00:04.150 2021/12/17T11:50:50z: DS3231
 0h00:04.165 2021/12/17T11:50:50z: BME280 (0x76)
 0h00:04.179 2021/12/17T11:50:50z: 84:f3:eb:7d:7:a8
 0h00:04.181 2021/12/17T11:50:50z: SSID: MU Open
 0h00:04.186 2021/12/17T11:50:50z: AP_STAR tmr
 ets Jan  8 2013,rst cause:4, boot mode:(3,7)

wdt reset
load 0x4010f000, len 1384, room 16 
tail 8
chksum 0x2d
csum 0x2d
v8b899c12
~ld


6.01
 0h00:04.291 2021/12/17T12:10:49z: DS3231
 0h00:04.306 2021/12/17T12:10:49z: BME280 (0x76)
 0h00:04.320 2021/12/17T12:10:49z: 84:f3:eb:7d:7:a8
 0h00:04.322 2021/12/17T12:10:49z: SSID: MU Open
 0h00:04.327 2021/12/17T12:10:49z: AP_STAR tmr
 ets Jan  8 2013,rst cause:4, boot mode:(3,7)

wdt reset
load 0x4010f000, len 1384, room 16 
tail 8
chksum 0x2d
csum 0x2d
v8b899c12
~ld


6.01
 0h00:04.072 2021/12/17T12:30:49z: DS3231
 0h00:04.087 2021/12/17T12:30:49z: BME280 (0x76)
 0h00:04.101 2021/12/17T12:30:49z: 84:f3:eb:7d:7:a8
 0h00:04.103 2021/12/17T12:30:49z: SSID: MU Open
 0h00:04.108 2021/12/17T12:30:49z: AP_STAR tmr
 ets Jan  8 2013,rst cause:4, boot mode:(3,7)

wdt reset
load 0x4010f000, len 1384, room 16 
tail 8
chksum 0x2d
csum 0x2d
v8b899c12
~ld


6.01
 0h00:04.291 2021/12/17T12:50:48z: DS3231
 0h00:04.306 2021/12/17T12:50:48z: BME280 (0x76)
 0h00:04.320 2021/12/17T12:50:48z: 84:f3:eb:7d:7:a8
 0h00:04.322 2021/12/17T12:50:48z: SSID: MU Open
 0h00:04.327 2021/12/17T12:50:48z: AP_STAR tmr
 ets Jan  8 2013,rst cause:4, boot mode:(3,7)

wdt reset
load 0x4010f000, len 1384, room 16 
tail 8
chksum 0x2d
csum 0x2d
v8b899c12
~ld


6.01
 0h00:04.258 2021/12/17T13:10:48z: DS3231
 0h00:04.274 2021/12/17T13:10:48z: BME280 (0x76)
 0h00:04.288 2021/12/17T13:10:48z: 84:f3:eb:7d:7:a8
 0h00:04.289 2021/12/17T13:10:48z: SSID: MU Open
 0h00:04.295 2021/12/17T13:10:48z: AP_STAR tmr
 ets Jan  8 2013,rst cause:4, boot mode:(3,7)

wdt reset
load 0x4010f000, len 1384, room 16 
tail 8
chksum 0x2d
csum 0x2d
v8b899c12
~ld


6.01
 0h00:04.338 2021/12/17T13:30:47z: DS3231
 0h00:04.353 2021/12/17T13:30:47z: BME280 (0x76)
 0h00:04.367 2021/12/17T13:30:47z: 84:f3:eb:7d:7:a8
 0h00:04.369 2021/12/17T13:30:47z: SSID: MU Open
 0h00:04.374 2021/12/17T13:30:47z: AP_STAR tmr
 ets Jan  8 2013,rst cause:4, boot mode:(3,7)

wdt reset
load 0x4010f000, len 1384, room 16 
tail 8
chksum 0x2d
csum 0x2d
v8b899c12
~ld


6.01
 0h00:04.359 2021/12/17T13:50:46z: DS3231
 0h00:04.374 2021/12/17T13:50:46z: BME280 (0x76)
 0h00:04.388 2021/12/17T13:50:46z: 84:f3:eb:7d:7:a8
 0h00:04.390 2021/12/17T13:50:46z: SSID: MU Open
 0h00:04.395 2021/12/17T13:50:46z: AP_STAR tmr
 ets Jan  8 2013,rst cause:4, boot mode:(3,7)

wdt reset
load 0x4010f000, len 1384, room 16 
tail 8
chksum 0x2d
csum 0x2d
v8b899c12
~ld


6.01
 0h00:04.361 2021/12/17T14:10:46z: DS3231
 0h00:04.376 2021/12/17T14:10:46z: BME280 (0x76)
 0h00:04.391 2021/12/17T14:10:46z: 84:f3:eb:7d:7:a8
 0h00:04.392 2021/12/17T14:10:46z: SSID: MU Open
 0h00:04.398 2021/12/17T14:10:46z: AP_STAR tmr
 ets Jan  8 2013,rst cause:4, boot mode:(3,7)

wdt reset
load 0x4010f000, len 1384, room 16 
tail 8
chksum 0x2d
csum 0x2d
v8b899c12
~ld


6.01
 0h00:04.313 2021/12/17T14:30:46z: DS3231
 0h00:04.328 2021/12/17T14:30:46z: BME280 (0x76)
 0h00:04.342 2021/12/17T14:30:46z: 84:f3:eb:7d:7:a8
 0h00:04.344 2021/12/17T14:30:46z: SSID: MU Open
 0h00:04.349 2021/12/17T14:30:46z: AP_STAR tmr
 ets Jan  8 2013,rst cause:4, boot mode:(3,7)

wdt reset
load 0x4010f000, len 1384, room 16 
tail 8
chksum 0x2d
csum 0x2d
v8b899c12
~ld


6.01
 0h00:04.088 2021/12/17T14:50:46z: DS3231
 0h00:04.103 2021/12/17T14:50:46z: BME280 (0x76)
 0h00:04.117 2021/12/17T14:50:46z: 84:f3:eb:7d:7:a8
 0h00:04.119 2021/12/17T14:50:46z: SSID: MU Open
 0h00:04.124 2021/12/17T14:50:46z: AP_STAR tmr
 ets Jan  8 2013,rst cause:4, boot mode:(3,7)

wdt reset
load 0x4010f000, len 1384, room 16 
tail 8
chksum 0x2d
csum 0x2d
v8b899c12
~ld


6.01
 0h00:04.311 2021/12/17T15:10:46z: DS3231
 0h00:04.326 2021/12/17T15:10:46z: BME280 (0x76)
 0h00:04.340 2021/12/17T15:10:46z: 84:f3:eb:7d:7:a8
 0h00:04.342 2021/12/17T15:10:46z: SSID: MU Open
 0h00:04.347 2021/12/17T15:10:46z: AP_STAR tmr
 ets Jan  8 2013,rst cause:4, boot mode:(3,7)

wdt reset
load 0x4010f000, len 1384, room 16 
tail 8
chksum 0x2d
csum 0x2d
v8b899c12
~ld


6.01
 0h00:04.398 2021/12/17T15:30:46z: DS3231
 0h00:04.413 2021/12/17T15:30:46z: BME280 (0x76)
 0h00:04.427 2021/12/17T15:30:46z: 84:f3:eb:7d:7:a8
 0h00:04.429 2021/12/17T15:30:46z: SSID: MU Open
 0h00:04.434 2021/12/17T15:30:46z: AP_STAR tmr
 ets Jan  8 2013,rst cause:4, boot mode:(3,7)

wdt reset
load 0x4010f000, len 1384, room 16 
tail 8
chksum 0x2d
csum 0x2d
v8b899c12
~ld


6.01
 0h00:04.334 2021/12/17T15:50:46z: DS3231
 0h00:04.349 2021/12/17T15:50:46z: BME280 (0x76)
 0h00:04.363 2021/12/17T15:50:46z: 84:f3:eb:7d:7:a8
 0h00:04.365 2021/12/17T15:50:46z: SSID: MU Open
 0h00:04.370 2021/12/17T15:50:46z: AP_STAR tmr
 ets Jan  8 2013,rst cause:4, boot mode:(3,7)

wdt reset
load 0x4010f000, len 1384, room 16 
tail 8
chksum 0x2d
csum 0x2d
v8b899c12
~ld


6.01
 0h00:04.297 2021/12/17T16:10:46z: DS3231
 0h00:04.313 2021/12/17T16:10:46z: BME280 (0x76)
 0h00:04.327 2021/12/17T16:10:46z: 84:f3:eb:7d:7:a8
 0h00:04.328 2021/12/17T16:10:46z: SSID: MU Open
 0h00:04.334 2021/12/17T16:10:46z: AP_STAR tmr
 ets Jan  8 2013,rst cause:4, boot mode:(3,7)

wdt reset
load 0x4010f000, len 1384, room 16 
tail 8
chksum 0x2d
csum 0x2d
v8b899c12
~ld


6.01
 0h00:04.071 2021/12/17T16:30:46z: DS3231
 0h00:04.086 2021/12/17T16:30:46z: BME280 (0x76)
 0h00:04.100 2021/12/17T16:30:46z: 84:f3:eb:7d:7:a8
 0h00:04.102 2021/12/17T16:30:46z: SSID: MU Open
 0h00:04.107 2021/12/17T16:30:46z: AP_STAR tmr
 ets Jan  8 2013,rst cause:4, boot mode:(3,7)

wdt reset
load 0x4010f000, len 1384, room 16 
tail 8
chksum 0x2d
csum 0x2d
v8b899c12
~ld


6.01
 0h00:04.297 2021/12/17T16:50:46z: DS3231
 0h00:04.312 2021/12/17T16:50:46z: BME280 (0x76)
 0h00:04.326 2021/12/17T16:50:46z: 84:f3:eb:7d:7:a8
 0h00:04.328 2021/12/17T16:50:46z: SSID: MU Open
 0h00:04.333 2021/12/17T16:50:46z: AP_STAR tmr
 ets Jan  8 2013,rst cause:4, boot mode:(3,7)

wdt reset
load 0x4010f000, len 1384, room 16 
tail 8
chksum 0x2d
csum 0x2d
v8b899c12
~ld


6.01
 0h00:04.288 2021/12/17T17:10:46z: DS3231
 0h00:04.304 2021/12/17T17:10:46z: BME280 (0x76)
 0h00:04.318 2021/12/17T17:10:46z: 84:f3:eb:7d:7:a8
 0h00:04.320 2021/12/17T17:10:46z: SSID: MU Open
 0h00:04.325 2021/12/17T17:10:46z: AP_STAR tmr
 ets Jan  8 2013,rst cause:4, boot mode:(3,7)

wdt reset
load 0x4010f000, len 1384, room 16 
tail 8
chksum 0x2d
csum 0x2d
v8b899c12
~ld


6.01
 0h00:04.232 2021/12/17T17:30:46z: DS3231
 0h00:04.247 2021/12/17T17:30:46z: BME280 (0x76)
 0h00:04.262 2021/12/17T17:30:46z: 84:f3:eb:7d:7:a8
 0h00:04.263 2021/12/17T17:30:46z: SSID: MU Open
 0h00:04.268 2021/12/17T17:30:46z: AP_STAR tmr
 ets Jan  8 2013,rst cause:4, boot mode:(3,7)

wdt reset
load 0x4010f000, len 1384, room 16 
tail 8
chksum 0x2d
csum 0x2d
v8b899c12
~ld


6.01
 0h00:04.105 2021/12/17T17:50:45z: DS3231
 0h00:04.120 2021/12/17T17:50:45z: BME280 (0x76)
 0h00:04.134 2021/12/17T17:50:45z: 84:f3:eb:7d:7:a8
 0h00:04.136 2021/12/17T17:50:45z: SSID: MU Open
 0h00:04.141 2021/12/17T17:50:45z: AP_STAR tmr
 ets Jan  8 2013,rst cause:4, boot mode:(3,7)

wdt reset
load 0x4010f000, len 1384, room 16 
tail 8
chksum 0x2d
csum 0x2d
v8b899c12
~ld


6.01
 0h00:04.225 2021/12/17T18:10:46z: DS3231
 0h00:04.240 2021/12/17T18:10:46z: BME280 (0x76)
 0h00:04.254 2021/12/17T18:10:46z: 84:f3:eb:7d:7:a8
 0h00:04.256 2021/12/17T18:10:46z: SSID: MU Open
 0h00:04.261 2021/12/17T18:10:46z: AP_STAR tmr
 ets Jan  8 2013,rst cause:4, boot mode:(3,7)

wdt reset
load 0x4010f000, len 1384, room 16 
tail 8
chksum 0x2d
csum 0x2d
v8b899c12
~ld


6.01
 0h00:04.242 2021/12/17T18:30:46z: DS3231
 0h00:04.258 2021/12/17T18:30:46z: BME280 (0x76)
 0h00:04.272 2021/12/17T18:30:46z: 84:f3:eb:7d:7:a8
 0h00:04.274 2021/12/17T18:30:46z: SSID: MU Open
 0h00:04.279 2021/12/17T18:30:46z: AP_STAR tmr
 ets Jan  8 2013,rst cause:4, boot mode:(3,7)

wdt reset
load 0x4010f000, len 1384, room 16 
tail 8
chksum 0x2d
csum 0x2d
v8b899c12
~ld


6.01
 0h00:04.205 2021/12/17T18:50:45z: DS3231
 0h00:04.221 2021/12/17T18:50:45z: BME280 (0x76)
 0h00:04.235 2021/12/17T18:50:45z: 84:f3:eb:7d:7:a8
 0h00:04.237 2021/12/17T18:50:45z: SSID: MU Open
 0h00:04.242 2021/12/17T18:50:45z: AP_STAR tmr
 ets Jan  8 2013,rst cause:4, boot mode:(3,7)

wdt reset
load 0x4010f000, len 1384, room 16 
tail 8
chksum 0x2d
csum 0x2d
v8b899c12
~ld


6.01
 0h00:04.241 2021/12/17T19:10:44z: DS3231
 0h00:04.257 2021/12/17T19:10:44z: BME280 (0x76)
 0h00:04.271 2021/12/17T19:10:44z: 84:f3:eb:7d:7:a8
 0h00:04.273 2021/12/17T19:10:44z: SSID: MU Open
 0h00:04.278 2021/12/17T19:10:44z: AP_STAR tmr
 ets Jan  8 2013,rst cause:4, boot mode:(3,7)

wdt reset
load 0x4010f000, len 1384, room 16 
tail 8
chksum 0x2d
csum 0x2d
v8b899c12
~ld


6.01
 0h00:04.232 2021/12/17T19:30:43z: DS3231
 0h00:04.247 2021/12/17T19:30:43z: BME280 (0x76)
 0h00:04.261 2021/12/17T19:30:43z: 84:f3:eb:7d:7:a8
 0h00:04.263 2021/12/17T19:30:43z: SSID: MU Open
 0h00:04.268 2021/12/17T19:30:43z: AP_STAR tmr
 ets Jan  8 2013,rst cause:4, boot mode:(3,7)

wdt reset
load 0x4010f000, len 1384, room 16 
tail 8
chksum 0x2d
csum 0x2d
v8b899c12
~ld


6.01
 0h00:04.199 2021/12/17T19:50:43z: DS3231
 0h00:04.214 2021/12/17T19:50:43z: BME280 (0x76)
 0h00:04.228 2021/12/17T19:50:43z: 84:f3:eb:7d:7:a8
 0h00:04.230 2021/12/17T19:50:43z: SSID: MU Open
 0h00:04.235 2021/12/17T19:50:43z: AP_STAR tmr
 ets Jan  8 2013,rst cause:4, boot mode:(3,7)

wdt reset
load 0x4010f000, len 1384, room 16 
tail 8
chksum 0x2d
csum 0x2d
v8b899c12
~ld


6.01
 0h00:04.291 2021/12/17T20:10:43z: DS3231
 0h00:04.306 2021/12/17T20:10:43z: BME280 (0x76)
 0h00:04.320 2021/12/17T20:10:43z: 84:f3:eb:7d:7:a8
 0h00:04.322 2021/12/17T20:10:43z: SSID: MU Open
 0h00:04.327 2021/12/17T20:10:43z: AP_STAR tmr
 ets Jan  8 2013,rst cause:4, boot mode:(3,7)

wdt reset
load 0x4010f000, len 1384, room 16 
tail 8
chksum 0x2d
csum 0x2d
v8b899c12
~ld


6.01
 0h00:04.314 2021/12/17T20:30:43z: DS3231
 0h00:04.329 2021/12/17T20:30:43z: BME280 (0x76)
 0h00:04.343 2021/12/17T20:30:43z: 84:f3:eb:7d:7:a8
 0h00:04.345 2021/12/17T20:30:43z: SSID: MU Open
 0h00:04.350 2021/12/17T20:30:43z: AP_STAR tmr
 ets Jan  8 2013,rst cause:4, boot mode:(3,7)

wdt reset
load 0x4010f000, len 1384, room 16 
tail 8
chksum 0x2d
csum 0x2d
v8b899c12
~ld


6.01
 0h00:04.302 2021/12/17T20:50:43z: DS3231
 0h00:04.318 2021/12/17T20:50:43z: BME280 (0x76)
 0h00:04.332 2021/12/17T20:50:43z: 84:f3:eb:7d:7:a8
 0h00:04.334 2021/12/17T20:50:43z: SSID: MU Open
 0h00:04.339 2021/12/17T20:50:43z: AP_STAR tmr
 ets Jan  8 2013,rst cause:4, boot mode:(3,7)

wdt reset
load 0x4010f000, len 1384, room 16 
tail 8
chksum 0x2d
csum 0x2d
v8b899c12
~ld


6.01
 0h00:04.232 2021/12/17T21:10:42z: DS3231
 0h00:04.248 2021/12/17T21:10:42z: BME280 (0x76)
 0h00:04.262 2021/12/17T21:10:42z: 84:f3:eb:7d:7:a8
 0h00:04.264 2021/12/17T21:10:42z: SSID: MU Open
 0h00:04.269 2021/12/17T21:10:42z: AP_STAR tmr
 ets Jan  8 2013,rst cause:4, boot mode:(3,7)

wdt reset
load 0x4010f000, len 1384, room 16 
tail 8
chksum 0x2d
csum 0x2d
v8b899c12
~ld


6.01
 0h00:04.222 2021/12/17T21:30:42z: DS3231
 0h00:04.237 2021/12/17T21:30:42z: BME280 (0x76)
 0h00:04.251 2021/12/17T21:30:42z: 84:f3:eb:7d:7:a8
 0h00:04.253 2021/12/17T21:30:42z: SSID: MU Open
 0h00:04.258 2021/12/17T21:30:42z: AP_STAR tmr
 ets Jan  8 2013,rst cause:4, boot mode:(3,7)

wdt reset
load 0x4010f000, len 1384, room 16 
tail 8
chksum 0x2d
csum 0x2d
v8b899c12
~ld


6.01
 0h00:04.267 2021/12/17T21:50:42z: DS3231
 0h00:04.283 2021/12/17T21:50:42z: BME280 (0x76)
 0h00:04.297 2021/12/17T21:50:42z: 84:f3:eb:7d:7:a8
 0h00:04.298 2021/12/17T21:50:42z: SSID: MU Open
 0h00:04.304 2021/12/17T21:50:42z: AP_STAR tmr
 ets Jan  8 2013,rst cause:4, boot mode:(3,7)

wdt reset
load 0x4010f000, len 1384, room 16 
tail 8
chksum 0x2d
csum 0x2d
v8b899c12
~ld


6.01
 0h00:04.279 2021/12/17T22:10:42z: DS3231
 0h00:04.294 2021/12/17T22:10:42z: BME280 (0x76)
 0h00:04.308 2021/12/17T22:10:42z: 84:f3:eb:7d:7:a8
 0h00:04.310 2021/12/17T22:10:42z: SSID: MU Open
 0h00:04.315 2021/12/17T22:10:42z: AP_STAR tmr
 ets Jan  8 2013,rst cause:4, boot mode:(3,7)

wdt reset
load 0x4010f000, len 1384, room 16 
tail 8
chksum 0x2d
csum 0x2d
v8b899c12
~ld


6.01
 0h00:04.267 2021/12/17T22:30:42z: DS3231
 0h00:04.282 2021/12/17T22:30:42z: BME280 (0x76)
 0h00:04.296 2021/12/17T22:30:42z: 84:f3:eb:7d:7:a8
 0h00:04.298 2021/12/17T22:30:42z: SSID: MU Open
 0h00:04.303 2021/12/17T22:30:42z: AP_STAR tmr
 ets Jan  8 2013,rst cause:4, boot mode:(3,7)

wdt reset
load 0x4010f000, len 1384, room 16 
tail 8
chksum 0x2d
csum 0x2d
v8b899c12
~ld


6.01
 0h00:04.308 2021/12/17T22:50:42z: DS3231
 0h00:04.323 2021/12/17T22:50:42z: BME280 (0x76)
 0h00:04.337 2021/12/17T22:50:42z: 84:f3:eb:7d:7:a8
 0h00:04.339 2021/12/17T22:50:42z: SSID: MU Open
 0h00:04.344 2021/12/17T22:50:42z: AP_STAR tmr
 ets Jan  8 2013,rst cause:4, boot mode:(3,7)

wdt reset
load 0x4010f000, len 1384, room 16 
tail 8
chksum 0x2d
csum 0x2d
v8b899c12
~ld


6.01
 0h00:04.341 2021/12/17T23:10:42z: DS3231
 0h00:04.357 2021/12/17T23:10:42z: BME280 (0x76)
 0h00:04.371 2021/12/17T23:10:42z: 84:f3:eb:7d:7:a8
 0h00:04.372 2021/12/17T23:10:42z: SSID: MU Open
 0h00:04.378 2021/12/17T23:10:42z: AP_STAR tmr
 ets Jan  8 2013,rst cause:4, boot mode:(3,7)

wdt reset
load 0x4010f000, len 1384, room 16 
tail 8
chksum 0x2d
csum 0x2d
v8b899c12
~ld


6.01
 0h00:04.311 2021/12/17T23:30:41z: DS3231
 0h00:04.326 2021/12/17T23:30:41z: BME280 (0x76)
 0h00:04.340 2021/12/17T23:30:41z: 84:f3:eb:7d:7:a8
 0h00:04.342 2021/12/17T23:30:41z: SSID: MU Open
 0h00:04.347 2021/12/17T23:30:41z: AP_STAR tmr
 ets Jan  8 2013,rst cause:4, boot mode:(3,7)

wdt reset
load 0x4010f000, len 1384, room 16 
tail 8
chksum 0x2d
csum 0x2d
v8b899c12
~ld


6.01
 0h00:04.217 2021/12/17T23:50:41z: DS3231
 0h00:04.232 2021/12/17T23:50:41z: BME280 (0x76)
 0h00:04.246 2021/12/17T23:50:41z: 84:f3:eb:7d:7:a8
 0h00:04.248 2021/12/17T23:50:41z: SSID: MU Open
 0h00:04.253 2021/12/17T23:50:41z: AP_STA