R tmr
 ets Jan  8 2013,rst cause:4, boot mode:(3,7)

wdt reset
load 0x4010f000, len 1384, room 16 
tail 8
chksum 0x2d
csum 0x2d
v8b899c12
~ld


6.01
 0h00:03.989 2021/12/02T00:15:28z: DS3231
 0h00:04.004 2021/12/02T00:15:28z: BME280 (0x76)
 0h00:04.018 2021/12/02T00:15:28z: 84:f3:eb:7d:7:a8
 0h00:04.020 2021/12/02T00:15:28z: SSID: MU Open
 0h00:04.025 2021/12/02T00:15:28z: AP_STAR tmr
 ets Jan  8 2013,rst cause:4, boot mode:(3,7)

wdt reset
load 0x4010f000, len 1384, room 16 
tail 8
chksum 0x2d
csum 0x2d
v8b899c12
~ld


6.01
 0h00:04.010 2021/12/02T00:35:27z: DS3231
 0h00:04.025 2021/12/02T00:35:27z: BME280 (0x76)
 0h00:04.040 2021/12/02T00:35:27z: 84:f3:eb:7d:7:a8
 0h00:04.041 2021/12/02T00:35:27z: SSID: MU Open
 0h00:04.046 2021/12/02T00:35:27z: AP_STAR tmr
 ets Jan  8 2013,rst cause:4, boot mode:(3,7)

wdt reset
load 0x4010f000, len 1384, room 16 
tail 8
chksum 0x2d
csum 0x2d
v8b899c12
~ld


6.01
 0h00:03.854 2021/12/02T00:55:26z: DS3231
 0h00:03.869 2021/12/02T00:55:26z: BME280 (0x76)
 0h00:03.884 2021/12/02T00:55:26z: 84:f3:eb:7d:7:a8
 0h00:03.885 2021/12/02T00:55:26z: SSID: MU Open
 0h00:03.890 2021/12/02T00:55:26z: AP_STAR tmr
 ets Jan  8 2013,rst cause:4, boot mode:(3,7)

wdt reset
load 0x4010f000, len 1384, room 16 
tail 8
chksum 0x2d
csum 0x2d
v8b899c12
~ld


6.01
 0h00:04.186 2021/12/02T01:15:25z: DS3231
 0h00:04.201 2021/12/02T01:15:25z: BME280 (0x76)
 0h00:04.215 2021/12/02T01:15:25z: 84:f3:eb:7d:7:a8
 0h00:04.217 2021/12/02T01:15:25z: SSID: MU Open
 0h00:04.222 2021/12/02T01:15:25z: AP_STAR tmr
 ets Jan  8 2013,rst cause:4, boot mode:(3,7)

wdt reset
load 0x4010f000, len 1384, room 16 
tail 8
chksum 0x2d
csum 0x2d
v8b899c12
~ld


6.01
 0h00:04.217 2021/12/02T01:35:24z: DS3231
 0h00:04.233 2021/12/02T01:35:24z: BME280 (0x76)
 0h00:04.247 2021/12/02T01:35:24z: 84:f3:eb:7d:7:a8
 0h00:04.248 2021/12/02T01:35:24z: SSID: MU Open
 0h00:04.254 2021/12/02T01:35:24z: AP_STAR tmr
 ets Jan  8 2013,rst cause:4, boot mode:(3,7)

wdt reset
load 0x4010f000, len 1384, room 16 
tail 8
chksum 0x2d
csum 0x2d
v8b899c12
~ld


6.01
 0h00:04.378 2021/12/02T01:55:24z: DS3231
 0h00:04.393 2021/12/02T01:55:24z: BME280 (0x76)
 0h00:04.408 2021/12/02T01:55:24z: 84:f3:eb:7d:7:a8
 0h00:04.409 2021/12/02T01:55:24z: SSID: MU Open
 0h00:04.414 2021/12/02T01:55:24z: AP_STAR tmr
 ets Jan  8 2013,rst cause:4, boot mode:(3,7)

wdt reset
load 0x4010f000, len 1384, room 16 
tail 8
chksum 0x2d
csum 0x2d
v8b899c12
~ld


6.01
 0h00:04.298 2021/12/02T02:15:24z: DS3231
 0h00:04.313 2021/12/02T02:15:24z: BME280 (0x76)
 0h00:04.327 2021/12/02T02:15:24z: 84:f3:eb:7d:7:a8
 0h00:04.329 2021/12/02T02:15:24z: SSID: MU Open
 0h00:04.334 2021/12/02T02:15:24z: AP_STAR tmr
 ets Jan  8 2013,rst cause:4, boot mode:(3,7)

wdt reset
load 0x4010f000, len 1384, room 16 
tail 8
chksum 0x2d
csum 0x2d
v8b899c12
~ld


6.01
 0h00:04.269 2021/12/02T02:35:23z: DS3231
 0h00:04.284 2021/12/02T02:35:23z: BME280 (0x76)
 0h00:04.298 2021/12/02T02:35:23z: 84:f3:eb:7d:7:a8
 0h00:04.300 2021/12/02T02:35:23z: SSID: MU Open
 0h00:04.305 2021/12/02T02:35:23z: AP_STAR tmr
 ets Jan  8 2013,rst cause:4, boot mode:(3,7)

wdt reset
load 0x4010f000, len 1384, room 16 
tail 8
chksum 0x2d
csum 0x2d
v8b899c12
~ld


6.01
 0h00:04.279 2021/12/02T02:55:23z: DS3231
 0h00:04.295 2021/12/02T02:55:23z: BME280 (0x76)
 0h00:04.309 2021/12/02T02:55:23z: 84:f3:eb:7d:7:a8
 0h00:04.311 2021/12/02T02:55:23z: SSID: MU Open
 0h00:04.316 2021/12/02T02:55:23z: AP_STAR tmr
 ets Jan  8 2013,rst cause:4, boot mode:(3,7)

wdt reset
load 0x4010f000, len 1384, room 16 
tail 8
chksum 0x2d
csum 0x2d
v8b899c12
~ld


6.01
 0h00:04.330 2021/12/02T03:15:23z: DS3231
 0h00:04.346 2021/12/02T03:15:23z: BME280 (0x76)
 0h00:04.360 2021/12/02T03:15:23z: 84:f3:eb:7d:7:a8
 0h00:04.361 2021/12/02T03:15:23z: SSID: MU Open
 0h00:04.367 2021/12/02T03:15:23z: AP_STAR tmr
 ets Jan  8 2013,rst cause:4, boot mode:(3,7)

wdt reset
load 0x4010f000, len 1384, room 16 
tail 8
chksum 0x2d
csum 0x2d
v8b899c12
~ld


6.01
 0h00:04.265 2021/12/02T03:35:22z: DS3231
 0h00:04.280 2021/12/02T03:35:22z: BME280 (0x76)
 0h00:04.294 2021/12/02T03:35:22z: 84:f3:eb:7d:7:a8
 0h00:04.296 2021/12/02T03:35:22z: SSID: MU Open
 0h00:04.301 2021/12/02T03:35:22z: AP_STAR tmr
 ets Jan  8 2013,rst cause:4, boot mode:(3,7)

wdt reset
load 0x4010f000, len 1384, room 16 
tail 8
chksum 0x2d
csum 0x2d
v8b899c12
~ld


6.01
 0h00:04.436 2021/12/02T03:55:22z: DS3231
 0h00:04.451 2021/12/02T03:55:22z: BME280 (0x76)
 0h00:04.465 2021/12/02T03:55:22z: 84:f3:eb:7d:7:a8
 0h00:04.467 2021/12/02T03:55:22z: SSID: MU Open
 0h00:04.472 2021/12/02T03:55:22z: AP_STAR tmr
 ets Jan  8 2013,rst cause:4, boot mode:(3,7)

wdt reset
load 0x4010f000, len 1384, room 16 
tail 8
chksum 0x2d
csum 0x2d
v8b899c12
~ld


6.01
 0h00:04.082 2021/12/02T04:15:22z: DS3231
 0h00:04.098 2021/12/02T04:15:22z: BME280 (0x76)
 0h00:04.112 2021/12/02T04:15:22z: 84:f3:eb:7d:7:a8
 0h00:04.113 2021/12/02T04:15:22z: SSID: MU Open
 0h00:04.119 2021/12/02T04:15:22z: AP_STAR tmr
 ets Jan  8 2013,rst cause:4, boot mode:(3,7)

wdt reset
load 0x4010f000, len 1384, room 16 
tail 8
chksum 0x2d
csum 0x2d
v8b899c12
~ld


6.01
 0h00:04.312 2021/12/02T04:35:21z: DS3231
 0h00:04.327 2021/12/02T04:35:21z: BME280 (0x76)
 0h00:04.341 2021/12/02T04:35:21z: 84:f3:eb:7d:7:a8
 0h00:04.343 2021/12/02T04:35:21z: SSID: MU Open
 0h00:04.348 2021/12/02T04:35:21z: AP_STAR tmr
 ets Jan  8 2013,rst cause:4, boot mode:(3,7)

wdt reset
load 0x4010f000, len 1384, room 16 
tail 8
chksum 0x2d
csum 0x2d
v8b899c12
~ld


6.01
 0h00:04.261 2021/12/02T04:55:21z: DS3231
 0h00:04.276 2021/12/02T04:55:21z: BME280 (0x76)
 0h00:04.290 2021/12/02T04:55:21z: 84:f3:eb:7d:7:a8
 0h00:04.292 2021/12/02T04:55:21z: SSID: MU Open
 0h00:04.297 2021/12/02T04:55:21z: AP_STAR tmr
 ets Jan  8 2013,rst cause:4, boot mode:(3,7)

wdt reset
load 0x4010f000, len 1384, room 16 
tail 8
chksum 0x2d
csum 0x2d
v8b899c12
~ld


6.01
 0h00:04.235 2021/12/02T05:15:20z: DS3231
 0h00:04.251 2021/12/02T05:15:20z: BME280 (0x76)
 0h00:04.265 2021/12/02T05:15:20z: 84:f3:eb:7d:7:a8
 0h00:04.267 2021/12/02T05:15:20z: SSID: MU Open
 0h00:04.272 2021/12/02T05:15:20z: AP_STAR tmr
 ets Jan  8 2013,rst cause:4, boot mode:(3,7)

wdt reset
load 0x4010f000, len 1384, room 16 
tail 8
chksum 0x2d
csum 0x2d
v8b899c12
~ld


6.01
 0h00:04.449 2021/12/02T05:35:20z: DS3231
 0h00:04.465 2021/12/02T05:35:20z: BME280 (0x76)
 0h00:04.479 2021/12/02T05:35:20z: 84:f3:eb:7d:7:a8
 0h00:04.480 2021/12/02T05:35:20z: SSID: MU Open
 0h00:04.486 2021/12/02T05:35:20z: AP_STAR tmr
 ets Jan  8 2013,rst cause:4, boot mode:(3,7)

wdt reset
load 0x4010f000, len 1384, room 16 
tail 8
chksum 0x2d
csum 0x2d
v8b899c12
~ld


6.01
 0h00:04.290 2021/12/02T05:55:20z: DS3231
 0h00:04.305 2021/12/02T05:55:20z: BME280 (0x76)
 0h00:04.319 2021/12/02T05:55:20z: 84:f3:eb:7d:7:a8
 0h00:04.321 2021/12/02T05:55:20z: SSID: MU Open
 0h00:04.326 2021/12/02T05:55:20z: AP_STAR tmr
 ets Jan  8 2013,rst cause:4, boot mode:(3,7)

wdt reset
load 0x4010f000, len 1384, room 16 
tail 8
chksum 0x2d
csum 0x2d
v8b899c12
~ld


6.01
 0h00:04.324 2021/12/02T06:15:20z: DS3231
 0h00:04.339 2021/12/02T06:15:20z: BME280 (0x76)
 0h00:04.353 2021/12/02T06:15:20z: 84:f3:eb:7d:7:a8
 0h00:04.355 2021/12/02T06:15:20z: SSID: MU Open
 0h00:04.360 2021/12/02T06:15:20z: AP_STAR tmr
 ets Jan  8 2013,rst cause:4, boot mode:(3,7)

wdt reset
load 0x4010f000, len 1384, room 16 
tail 8
chksum 0x2d
csum 0x2d
v8b899c12
~ld


6.01
 0h00:04.362 2021/12/02T06:35:21z: DS3231
 0h00:04.378 2021/12/02T06:35:21z: BME280 (0x76)
 0h00:04.392 2021/12/02T06:35:21z: 84:f3:eb:7d:7:a8
 0h00:04.393 2021/12/02T06:35:21z: SSID: MU Open
 0h00:04.399 2021/12/02T06:35:21z: AP_STAR tmr
 ets Jan  8 2013,rst cause:4, boot mode:(3,7)

wdt reset
load 0x4010f000, len 1384, room 16 
tail 8
chksum 0x2d
csum 0x2d
v8b899c12
~ld


6.01
 0h00:04.318 2021/12/02T06:55:21z: DS3231
 0h00:04.333 2021/12/02T06:55:21z: BME280 (0x76)
 0h00:04.347 2021/12/02T06:55:21z: 84:f3:eb:7d:7:a8
 0h00:04.349 2021/12/02T06:55:21z: SSID: MU Open
 0h00:04.354 2021/12/02T06:55:21z: AP_STAR tmr
 ets Jan  8 2013,rst cause:4, boot mode:(3,7)

wdt reset
load 0x4010f000, len 1384, room 16 
tail 8
chksum 0x2d
csum 0x2d
v8b899c12
~ld


6.01
 0h00:04.585 2021/12/02T07:15:21z: DS3231
 0h00:04.601 2021/12/02T07:15:21z: BME280 (0x76)
 0h00:04.615 2021/12/02T07:15:21z: 84:f3:eb:7d:7:a8
 0h00:04.616 2021/12/02T07:15:21z: SSID: MU Open
 0h00:04.622 2021/12/02T07:15:21z: AP_STAR tmr
 ets Jan  8 2013,rst cause:4, boot mode:(3,7)

wdt reset
load 0x4010f000, len 1384, room 16 
tail 8
chksum 0x2d
csum 0x2d
v8b899c12
~ld


6.01
 0h00:04.325 2021/12/02T07:35:22z: DS3231
 0h00:04.340 2021/12/02T07:35:22z: BME280 (0x76)
 0h00:04.354 2021/12/02T07:35:22z: 84:f3:eb:7d:7:a8
 0h00:04.356 2021/12/02T07:35:22z: SSID: MU Open
 0h00:04.361 2021/12/02T07:35:22z: AP_STAR tmr
 ets Jan  8 2013,rst cause:4, boot mode:(3,7)

wdt reset
load 0x4010f000, len 1384, room 16 
tail 8
chksum 0x2d
csum 0x2d
v8b899c12
~ld


6.01
 0h00:04.261 2021/12/02T07:55:20z: DS3231
 0h00:04.276 2021/12/02T07:55:21z: BME280 (0x76)
 0h00:04.291 2021/12/02T07:55:21z: 84:f3:eb:7d:7:a8
 0h00:04.292 2021/12/02T07:55:21z: SSID: MU Open
 0h00:04.297 2021/12/02T07:55:21z: AP_STAR tmr
 ets Jan  8 2013,rst cause:4, boot mode:(3,7)

wdt reset
load 0x4010f000, len 1384, room 16 
tail 8
chksum 0x2d
csum 0x2d
v8b899c12
~ld


6.01
 0h00:04.295 2021/12/02T08:15:20z: DS3231
 0h00:04.311 2021/12/02T08:15:20z: BME280 (0x76)
 0h00:04.325 2021/12/02T08:15:20z: 84:f3:eb:7d:7:a8
 0h00:04.326 2021/12/02T08:15:20z: SSID: MU Open
 0h00:04.332 2021/12/02T08:15:20z: AP_STAR tmr
 ets Jan  8 2013,rst cause:4, boot mode:(3,7)

wdt reset
load 0x4010f000, len 1384, room 16 
tail 8
chksum 0x2d
csum 0x2d
v8b899c12
~ld


6.01
 0h00:04.346 2021/12/02T08:35:20z: DS3231
 0h00:04.361 2021/12/02T08:35:20z: BME280 (0x76)
 0h00:04.375 2021/12/02T08:35:20z: 84:f3:eb:7d:7:a8
 0h00:04.377 2021/12/02T08:35:20z: SSID: MU Open
 0h00:04.382 2021/12/02T08:35:20z: AP_STAR tmr
 ets Jan  8 2013,rst cause:4, boot mode:(3,7)

wdt reset
load 0x4010f000, len 1384, room 16 
tail 8
chksum 0x2d
csum 0x2d
v8b899c12
~ld


6.01
 0h00:04.516 2021/12/02T08:55:20z: DS3231
 0h00:04.532 2021/12/02T08:55:20z: BME280 (0x76)
 0h00:04.546 2021/12/02T08:55:20z: 84:f3:eb:7d:7:a8
 0h00:04.547 2021/12/02T08:55:20z: SSID: MU Open
 0h00:04.553 2021/12/02T08:55:20z: AP_STAR tmr
 ets Jan  8 2013,rst cause:4, boot mode:(3,7)

wdt reset
load 0x4010f000, len 1384, room 16 
tail 8
chksum 0x2d
csum 0x2d
v8b899c12
~ld


6.01
 0h00:04.586 2021/12/02T09:15:20z: DS3231
 0h00:04.602 2021/12/02T09:15:20z: BME280 (0x76)
 0h00:04.616 2021/12/02T09:15:20z: 84:f3:eb:7d:7:a8
 0h00:04.617 2021/12/02T09:15:20z: SSID: MU Open
 0h00:04.623 2021/12/02T09:15:20z: AP_STAR tmr
 ets Jan  8 2013,rst cause:4, boot mode:(3,7)

wdt reset
load 0x4010f000, len 1384, room 16 
tail 8
chksum 0x2d
csum 0x2d
v8b899c12
~ld


6.01
 0h00:04.507 2021/12/02T09:35:21z: DS3231
 0h00:04.522 2021/12/02T09:35:21z: BME280 (0x76)
 0h00:04.536 2021/12/02T09:35:21z: 84:f3:eb:7d:7:a8
 0h00:04.538 2021/12/02T09:35:21z: SSID: MU Open
 0h00:04.543 2021/12/02T09:35:21z: AP_STAR tmr
 ets Jan  8 2013,rst cause:4, boot mode:(3,7)

wdt reset
load 0x4010f000, len 1384, room 16 
tail 8
chksum 0x2d
csum 0x2d
v8b899c12
~ld


6.01
 0h00:04.451 2021/12/02T09:55:20z: DS3231
 0h00:04.466 2021/12/02T09:55:20z: BME280 (0x76)
 0h00:04.480 2021/12/02T09:55:20z: 84:f3:eb:7d:7:a8
 0h00:04.482 2021/12/02T09:55:20z: SSID: MU Open
 0h00:04.487 2021/12/02T09:55:20z: AP_STAR tmr
 ets Jan  8 2013,rst cause:4, boot mode:(3,7)

wdt reset
load 0x4010f000, len 1384, room 16 
tail 8
chksum 0x2d
csum 0x2d
v8b899c12
~ld


6.01
 0h00:04.308 2021/12/02T10:15:20z: DS3231
 0h00:04.324 2021/12/02T10:15:20z: BME280 (0x76)
 0h00:04.338 2021/12/02T10:15:20z: 84:f3:eb:7d:7:a8
 0h00:04.340 2021/12/02T10:15:20z: SSID: MU Open
 0h00:04.345 2021/12/02T10:15:20z: AP_STAR tmr
 ets Jan  8 2013,rst cause:4, boot mode:(3,7)

wdt reset
load 0x4010f000, len 1384, room 16 
tail 8
chksum 0x2d
csum 0x2d
v8b899c12
~ld


6.01
 0h00:04.281 2021/12/02T10:35:20z: DS3231
 0h00:04.296 2021/12/02T10:35:20z: BME280 (0x76)
 0h00:04.310 2021/12/02T10:35:20z: 84:f3:eb:7d:7:a8
 0h00:04.312 2021/12/02T10:35:20z: SSID: MU Open
 0h00:04.317 2021/12/02T10:35:20z: AP_STAR tmr
 ets Jan  8 2013,rst cause:4, boot mode:(3,7)

wdt reset
load 0x4010f000, len 1384, room 16 
tail 8
chksum 0x2d
csum 0x2d
v8b899c12
~ld


6.01
 0h00:04.250 2021/12/02T10:55:20z: DS3231
 0h00:04.266 2021/12/02T10:55:20z: BME280 (0x76)
 0h00:04.280 2021/12/02T10:55:20z: 84:f3:eb:7d:7:a8
 0h00:04.281 2021/12/02T10:55:20z: SSID: MU Open
 0h00:04.287 2021/12/02T10:55:20z: AP_STAR tmr
 ets Jan  8 2013,rst cause:4, boot mode:(3,7)

wdt reset
load 0x4010f000, len 1384, room 16 
tail 8
chksum 0x2d
csum 0x2d
v8b899c12
~ld


6.01
 0h00:04.362 2021/12/02T11:15:20z: DS3231
 0h00:04.377 2021/12/02T11:15:20z: BME280 (0x76)
 0h00:04.391 2021/12/02T11:15:20z: 84:f3:eb:7d:7:a8
 0h00:04.393 2021/12/02T11:15:20z: SSID: MU Open
 0h00:04.398 2021/12/02T11:15:20z: AP_STAR tmr
 ets Jan  8 2013,rst cause:4, boot mode:(3,7)

wdt reset
load 0x4010f000, len 1384, room 16 
tail 8
chksum 0x2d
csum 0x2d
v8b899c12
~ld


6.01
 0h00:04.214 2021/12/02T11:35:20z: DS3231
 0h00:04.230 2021/12/02T11:35:20z: BME280 (0x76)
 0h00:04.244 2021/12/02T11:35:20z: 84:f3:eb:7d:7:a8
 0h00:04.246 2021/12/02T11:35:20z: SSID: MU Open
 0h00:04.251 2021/12/02T11:35:20z: AP_STAR tmr
 ets Jan  8 2013,rst cause:4, boot mode:(3,7)

wdt reset
load 0x4010f000, len 1384, room 16 
tail 8
chksum 0x2d
csum 0x2d
v8b899c12
~ld


6.01
 0h00:04.193 2021/12/02T11:55:20z: DS3231
 0h00:04.208 2021/12/02T11:55:20z: BME280 (0x76)
 0h00:04.222 2021/12/02T11:55:20z: 84:f3:eb:7d:7:a8
 0h00:04.224 2021/12/02T11:55:20z: SSID: MU Open
 0h00:04.229 2021/12/02T11:55:20z: AP_STAR tmr
 ets Jan  8 2013,rst cause:4, boot mode:(3,7)

wdt reset
load 0x4010f000, len 1384, room 16 
tail 8
chksum 0x2d
csum 0x2d
v8b899c12
~ld


6.01
 0h00:04.259 2021/12/02T12:15:20z: DS3231
 0h00:04.274 2021/12/02T12:15:20z: BME280 (0x76)
 0h00:04.289 2021/12/02T12:15:20z: 84:f3:eb:7d:7:a8
 0h00:04.290 2021/12/02T12:15:20z: SSID: MU Open
 0h00:04.295 2021/12/02T12:15:20z: AP_STAR tmr
 ets Jan  8 2013,rst cause:4, boot mode:(3,7)

wdt reset
load 0x4010f000, len 1384, room 16 
tail 8
chksum 0x2d
csum 0x2d
v8b899c12
~ld


6.01
 0h00:04.398 2021/12/02T12:35:20z: DS3231
 0h00:04.413 2021/12/02T12:35:20z: BME280 (0x76)
 0h00:04.427 2021/12/02T12:35:20z: 84:f3:eb:7d:7:a8
 0h00:04.429 2021/12/02T12:35:20z: SSID: MU Open
 0h00:04.434 2021/12/02T12:35:20z: AP_STAR tmr
 ets Jan  8 2013,rst cause:4, boot mode:(3,7)

wdt reset
load 0x4010f000, len 1384, room 16 
tail 8
chksum 0x2d
csum 0x2d
v8b899c12
~ld


6.01
 0h00:04.387 2021/12/02T12:55:19z: DS3231
 0h00:04.402 2021/12/02T12:55:20z: BME280 (0x76)
 0h00:04.416 2021/12/02T12:55:20z: 84:f3:eb:7d:7:a8
 0h00:04.418 2021/12/02T12:55:20z: SSID: MU Open
 0h00:04.423 2021/12/02T12:55:20z: AP_STAR tmr
 ets Jan  8 2013,rst cause:4, boot mode:(3,7)

wdt reset
load 0x4010f000, len 1384, room 16 
tail 8
chksum 0x2d
csum 0x2d
v8b899c12
~ld


6.01
 0h00:04.354 2021/12/02T13:15:20z: DS3231
 0h00:04.369 2021/12/02T13:15:20z: BME280 (0x76)
 0h00:04.384 2021/12/02T13:15:20z: 84:f3:eb:7d:7:a8
 0h00:04.385 2021/12/02T13:15:20z: SSID: MU Open
 0h00:04.390 2021/12/02T13:15:20z: AP_STAR tmr
 ets Jan  8 2013,rst cause:4, boot mode:(3,7)

wdt reset
load 0x4010f000, len 1384, room 16 
tail 8
chksum 0x2d
csum 0x2d
v8b899c12
~ld


6.01
 0h00:04.273 2021/12/02T13:35:19z: DS3231
 0h00:04.288 2021/12/02T13:35:19z: BME280 (0x76)
 0h00:04.303 2021/12/02T13:35:19z: 84:f3:eb:7d:7:a8
 0h00:04.304 2021/12/02T13:35:19z: SSID: MU Open
 0h00:04.310 2021/12/02T13:35:19z: AP_STAR tmr
 ets Jan  8 2013,rst cause:4, boot mode:(3,7)

wdt reset
load 0x4010f000, len 1384, room 16 
tail 8
chksum 0x2d
csum 0x2d
v8b899c12
~ld


6.01
 0h00:04.140 2021/12/02T13:55:18z: DS3231
 0h00:04.155 2021/12/02T13:55:18z: BME280 (0x76)
 0h00:04.169 2021/12/02T13:55:18z: 84:f3:eb:7d:7:a8
 0h00:04.171 2021/12/02T13:55:18z: SSID: MU Open
 0h00:04.176 2021/12/02T13:55:18z: AP_STAR tmr
 ets Jan  8 2013,rst cause:4, boot mode:(3,7)

wdt reset
load 0x4010f000, len 1384, room 16 
tail 8
chksum 0x2d
csum 0x2d
v8b899c12
~ld


6.01
 0h00:04.323 2021/12/02T14:15:18z: DS3231
 0h00:04.339 2021/12/02T14:15:18z: BME280 (0x76)
 0h00:04.353 2021/12/02T14:15:18z: 84:f3:eb:7d:7:a8
 0h00:04.354 2021/12/02T14:15:18z: SSID: MU Open
 0h00:04.360 2021/12/02T14:15:18z: AP_STAR tmr
 ets Jan  8 2013,rst cause:4, boot mode:(3,7)

wdt reset
load 0x4010f000, len 1384, room 16 
tail 8
chksum 0x2d
csum 0x2d
v8b899c12
~ld


6.01
 0h00:04.196 2021/12/02T14:35:18z: DS3231
 0h00:04.212 2021/12/02T14:35:18z: BME280 (0x76)
 0h00:04.226 2021/12/02T14:35:18z: 84:f3:eb:7d:7:a8
 0h00:04.228 2021/12/02T14:35:18z: SSID: MU Open
 0h00:04.233 2021/12/02T14:35:18z: AP_STAR tmr
 ets Jan  8 2013,rst cause:4, boot mode:(3,7)

wdt reset
load 0x4010f000, len 1384, room 16 
tail 8
chksum 0x2d
csum 0x2d
v8b899c12
~ld


6.01
 0h00:04.123 2021/12/02T14:55:18z: DS3231
 0h00:04.139 2021/12/02T14:55:18z: BME280 (0x76)
 0h00:04.153 2021/12/02T14:55:18z: 84:f3:eb:7d:7:a8
 0h00:04.155 2021/12/02T14:55:18z: SSID: MU Open
 0h00:04.160 2021/12/02T14:55:18z: AP_STAR tmr
 ets Jan  8 2013,rst cause:4, boot mode:(3,7)

wdt reset
load 0x4010f000, len 1384, room 16 
tail 8
chksum 0x2d
csum 0x2d
v8b899c12
~ld


6.01
 0h00:03.969 2021/12/02T15:15:16z: DS3231
 0h00:03.984 2021/12/02T15:15:16z: BME280 (0x76)
 0h00:03.998 2021/12/02T15:15:16z: 84:f3:eb:7d:7:a8
 0h00:04.000 2021/12/02T15:15:16z: SSID: MU Open
 0h00:04.005 2021/12/02T15:15:16z: AP_STAR tmr
 ets Jan  8 2013,rst cause:4, boot mode:(3,7)

wdt reset
load 0x4010f000, len 1384, room 16 
tail 8
chksum 0x2d
csum 0x2d
v8b899c12
~ld


6.01
 0h00:04.217 2021/12/02T15:35:15z: DS3231
 0h00:04.232 2021/12/02T15:35:15z: BME280 (0x76)
 0h00:04.246 2021/12/02T15:35:15z: 84:f3:eb:7d:7:a8
 0h00:04.248 2021/12/02T15:35:15z: SSID: MU Open
 0h00:04.253 2021/12/02T15:35:15z: AP_STAR tmr
 ets Jan  8 2013,rst cause:4, boot mode:(3,7)

wdt reset
load 0x4010f000, len 1384, room 16 
tail 8
chksum 0x2d
csum 0x2d
v8b899c12
~ld


6.01
 0h00:04.150 2021/12/02T15:55:14z: DS3231
 0h00:04.165 2021/12/02T15:55:14z: BME280 (0x76)
 0h00:04.180 2021/12/02T15:55:14z: 84:f3:eb:7d:7:a8
 0h00:04.181 2021/12/02T15:55:14z: SSID: MU Open
 0h00:04.186 2021/12/02T15:55:14z: AP_STAR tmr
 ets Jan  8 2013,rst cause:4, boot mode:(3,7)

wdt reset
load 0x4010f000, len 1384, room 16 
tail 8
chksum 0x2d
csum 0x2d
v8b899c12
~ld


6.01
 0h00:04.016 2021/12/02T16:15:13z: DS3231
 0h00:04.032 2021/12/02T16:15:13z: BME280 (0x76)
 0h00:04.046 2021/12/02T16:15:13z: 84:f3:eb:7d:7:a8
 0h00:04.047 2021/12/02T16:15:13z: SSID: MU Open
 0h00:04.053 2021/12/02T16:15:13z: AP_STAR tmr
 ets Jan  8 2013,rst cause:4, boot mode:(3,7)

wdt reset
load 0x4010f000, len 1384, room 16 
tail 8
chksum 0x2d
csum 0x2d
v8b899c12
~ld


6.01
 0h00:04.073 2021/12/02T16:35:12z: DS3231
 0h00:04.088 2021/12/02T16:35:12z: BME280 (0x76)
 0h00:04.102 2021/12/02T16:35:12z: 84:f3:eb:7d:7:a8
 0h00:04.104 2021/12/02T16:35:12z: SSID: MU Open
 0h00:04.109 2021/12/02T16:35:12z: AP_STAR tmr
 ets Jan  8 2013,rst cause:4, boot mode:(3,7)

wdt reset
load 0x4010f000, len 1384, room 16 
tail 8
chksum 0x2d
csum 0x2d
v8b899c12
~ld


6.01
 0h00:03.976 2021/12/02T16:55:11z: DS3231
 0h00:03.991 2021/12/02T16:55:11z: BME280 (0x76)
 0h00:04.005 2021/12/02T16:55:11z: 84:f3:eb:7d:7:a8
 0h00:04.007 2021/12/02T16:55:11z: SSID: MU Open
 0h00:04.012 2021/12/02T16:55:11z: AP_STAR tmr
 ets Jan  8 2013,rst cause:4, boot mode:(3,7)

wdt reset
load 0x4010f000, len 1384, room 16 
tail 8
chksum 0x2d
csum 0x2d
v8b899c12
~ld


6.01
 0h00:03.965 2021/12/02T17:15:10z: DS3231
 0h00:03.981 2021/12/02T17:15:10z: BME280 (0x76)
 0h00:03.995 2021/12/02T17:15:10z: 84:f3:eb:7d:7:a8
 0h00:03.997 2021/12/02T17:15:10z: SSID: MU Open
 0h00:04.002 2021/12/02T17:15:10z: AP_STAR tmr
 ets Jan  8 2013,rst cause:4, boot mode:(3,7)

wdt reset
load 0x4010f000, len 1384, room 16 
tail 8
chksum 0x2d
csum 0x2d
v8b899c12
~ld


6.01
 0h00:03.971 2021/12/02T17:35:09z: DS3231
 0h00:03.986 2021/12/02T17:35:09z: BME280 (0x76)
 0h00:04.001 2021/12/02T17:35:09z: 84:f3:eb:7d:7:a8
 0h00:04.002 2021/12/02T17:35:09z: SSID: MU Open
 0h00:04.007 2021/12/02T17:35:09z: AP_STAR tmr
 ets Jan  8 2013,rst cause:4, boot mode:(3,7)

wdt reset
load 0x4010f000, len 1384, room 16 
tail 8
chksum 0x2d
csum 0x2d
v8b899c12
~ld


6.01
 0h00:03.787 2021/12/02T17:55:07z: DS3231
 0h00:03.802 2021/12/02T17:55:07z: BME280 (0x76)
 0h00:03.816 2021/12/02T17:55:07z: 84:f3:eb:7d:7:a8
 0h00:03.818 2021/12/02T17:55:07z: SSID: MU Open
 0h00:03.823 2021/12/02T17:55:07z: AP_STAR tmr
 ets Jan  8 2013,rst cause:4, boot mode:(3,7)

wdt reset
load 0x4010f000, len 1384, room 16 
tail 8
chksum 0x2d
csum 0x2d
v8b899c12
~ld


6.01
 0h00:04.132 2021/12/02T18:15:07z: DS3231
 0h00:04.147 2021/12/02T18:15:07z: BME280 (0x76)
 0h00:04.161 2021/12/02T18:15:07z: 84:f3:eb:7d:7:a8
 0h00:04.163 2021/12/02T18:15:07z: SSID: MU Open
 0h00:04.168 2021/12/02T18:15:07z: AP_STAR tmr
 ets Jan  8 2013,rst cause:4, boot mode:(3,7)

wdt reset
load 0x4010f000, len 1384, room 16 
tail 8
chksum 0x2d
csum 0x2d
v8b899c12
~ld


6.01
 0h00:03.958 2021/12/02T18:35:06z: DS3231
 0h00:03.973 2021/12/02T18:35:06z: BME280 (0x76)
 0h00:03.987 2021/12/02T18:35:06z: 84:f3:eb:7d:7:a8
 0h00:03.989 2021/12/02T18:35:06z: SSID: MU Open
 0h00:03.994 2021/12/02T18:35:06z: AP_STAR tmr
 ets Jan  8 2013,rst cause:4, boot mode:(3,7)

wdt reset
load 0x4010f000, len 1384, room 16 
tail 8
chksum 0x2d
csum 0x2d
v8b899c12
~ld


6.01
 0h00:04.010 2021/12/02T18:55:05z: DS3231
 0h00:04.025 2021/12/02T18:55:05z: BME280 (0x76)
 0h00:04.039 2021/12/02T18:55:05z: 84:f3:eb:7d:7:a8
 0h00:04.041 2021/12/02T18:55:05z: SSID: MU Open
 0h00:04.046 2021/12/02T18:55:05z: AP_STAR tmr
 ets Jan  8 2013,rst cause:4, boot mode:(3,7)

wdt reset
load 0x4010f000, len 1384, room 16 
tail 8
chksum 0x2d
csum 0x2d
v8b899c12
~ld


6.01
 0h00:03.726 2021/12/02T19:15:04z: DS3231
 0h00:03.741 2021/12/02T19:15:04z: BME280 (0x76)
 0h00:03.755 2021/12/02T19:15:04z: 84:f3:eb:7d:7:a8
 0h00:03.757 2021/12/02T19:15:04z: SSID: MU Open
 0h00:03.762 2021/12/02T19:15:04z: AP_STAR tmr
 ets Jan  8 2013,rst cause:4, boot mode:(3,7)

wdt reset
load 0x4010f000, len 1384, room 16 
tail 8
chksum 0x2d
csum 0x2d
v8b899c12
~ld


6.01
 0h00:03.983 2021/12/02T19:35:03z: DS3231
 0h00:03.998 2021/12/02T19:35:03z: BME280 (0x76)
 0h00:04.012 2021/12/02T19:35:03z: 84:f3:eb:7d:7:a8
 0h00:04.014 2021/12/02T19:35:03z: SSID: MU Open
 0h00:04.019 2021/12/02T19:35:03z: AP_STAR tmr
 ets Jan  8 2013,rst cause:4, boot mode:(3,7)

wdt reset
load 0x4010f000, len 1384, room 16 
tail 8
chksum 0x2d
csum 0x2d
v8b899c12
~ld


6.01
 0h00:04.015 2021/12/02T19:55:02z: DS3231
 0h00:04.030 2021/12/02T19:55:02z: BME280 (0x76)
 0h00:04.044 2021/12/02T19:55:02z: 84:f3:eb:7d:7:a8
 0h00:04.046 2021/12/02T19:55:02z: SSID: MU Open
 0h00:04.051 2021/12/02T19:55:02z: AP_STAR tmr
 ets Jan  8 2013,rst cause:4, boot mode:(3,7)

wdt reset
load 0x4010f000, len 1384, room 16 
tail 8
chksum 0x2d
csum 0x2d
v8b899c12
~ld


6.01
 0h00:03.995 2021/12/02T20:15:02z: DS3231
 0h00:04.010 2021/12/02T20:15:02z: BME280 (0x76)
 0h00:04.025 2021/12/02T20:15:02z: 84:f3:eb:7d:7:a8
 0h00:04.026 2021/12/02T20:15:02z: SSID: MU Open
 0h00:04.031 2021/12/02T20:15:02z: AP_STAR tmr
 ets Jan  8 2013,rst cause:4, boot mode:(3,7)

wdt reset
load 0x4010f000, len 1384, room 16 
tail 8
chksum 0x2d
csum 0x2d
v8b899c12
~ld


6.01
 0h00:04.113 2021/12/02T20:35:01z: DS3231
 0h00:04.128 2021/12/02T20:35:01z: BME280 (0x76)
 0h00:04.142 2021/12/02T20:35:01z: 84:f3:eb:7d:7:a8
 0h00:04.144 2021/12/02T20:35:01z: SSID: MU Open
 0h00:04.149 2021/12/02T20:35:01z: AP_STAR tmr
 ets Jan  8 2013,rst cause:4, boot mode:(3,7)

wdt reset
load 0x4010f000, len 1384, room 16 
tail 8
chksum 0x2d
csum 0x2d
v8b899c12
~ld


6.01
 0h00:03.861 2021/12/02T20:55:01z: DS3231
 0h00:03.877 2021/12/02T20:55:01z: BME280 (0x76)
 0h00:03.891 2021/12/02T20:55:01z: 84:f3:eb:7d:7:a8
 0h00:03.892 2021/12/02T20:55:01z: SSID: MU Open
 0h00:03.898 2021/12/02T20:55:01z: AP_STAR tmr
 ets Jan  8 2013,rst cause:4, boot mode:(3,7)

wdt reset
load 0x4010f000, len 1384, room 16 
tail 8
chksum 0x2d
csum 0x2d
v8b899c12
~ld


6.01
 0h00:03.907 2021/12/02T21:15:00z: DS3231
 0h00:03.922 2021/12/02T21:15:00z: BME280 (0x76)
 0h00:03.937 2021/12/02T21:15:00z: 84:f3:eb:7d:7:a8
 0h00:03.938 2021/12/02T21:15:00z: SSID: MU Open
 0h00:03.943 2021/12/02T21:15:00z: AP_STAR tmr
 ets Jan  8 2013,rst cause:4, boot mode:(3,7)

wdt reset
load 0x4010f000, len 1384, room 16 
tail 8
chksum 0x2d
csum 0x2d
v8b899c12
~ld


6.01
 0h00:04.095 2021/12/02T21:34:59z: DS3231
 0h00:04.111 2021/12/02T21:34:59z: BME280 (0x76)
 0h00:04.125 2021/12/02T21:34:59z: 84:f3:eb:7d:7:a8
 0h00:04.126 2021/12/02T21:34:59z: SSID: MU Open
 0h00:04.132 2021/12/02T21:34:59z: AP_STAR tmr
 ets Jan  8 2013,rst cause:4, boot mode:(3,7)

wdt reset
load 0x4010f000, len 1384, room 16 
tail 8
chksum 0x2d
csum 0x2d
v8b899c12
~ld


6.01
 0h00:03.753 2021/12/02T21:54:57z: DS3231
 0h00:03.768 2021/12/02T21:54:57z: BME280 (0x76)
 0h00:03.782 2021/12/02T21:54:57z: 84:f3:eb:7d:7:a8
 0h00:03.784 2021/12/02T21:54:57z: SSID: MU Open
 0h00:03.789 2021/12/02T21:54:57z: AP_STAR tmr
 ets Jan  8 2013,rst cause:4, boot mode:(3,7)

wdt reset
load 0x4010f000, len 1384, room 16 
tail 8
chksum 0x2d
csum 0x2d
v8b899c12
~ld


6.01
 0h00:03.992 2021/12/02T22:14:56z: DS3231
 0h00:04.008 2021/12/02T22:14:56z: BME280 (0x76)
 0h00:04.022 2021/12/02T22:14:56z: 84:f3:eb:7d:7:a8
 0h00:04.023 2021/12/02T22:14:56z: SSID: MU Open
 0h00:04.029 2021/12/02T22:14:56z: AP_STAR tmr
 ets Jan  8 2013,rst cause:4, boot mode:(3,7)

wdt reset
load 0x4010f000, len 1384, room 16 
tail 8
chksum 0x2d
csum 0x2d
v8b899c12
~ld


6.01
 0h00:04.200 2021/12/02T22:34:56z: DS3231
 0h00:04.215 2021/12/02T22:34:56z: BME280 (0x76)
 0h00:04.230 2021/12/02T22:34:56z: 84:f3:eb:7d:7:a8
 0h00:04.231 2021/12/02T22:34:56z: SSID: MU Open
 0h00:04.236 2021/12/02T22:34:56z: AP_STAR tmr
 ets Jan  8 2013,rst cause:4, boot mode:(3,7)

wdt reset
load 0x4010f000, len 1384, room 16 
tail 8
chksum 0x2d
csum 0x2d
v8b899c12
~ld


6.01
 0h00:03.907 2021/12/02T22:54:55z: DS3231
 0h00:03.923 2021/12/02T22:54:55z: BME280 (0x76)
 0h00:03.937 2021/12/02T22:54:55z: 84:f3:eb:7d:7:a8
 0h00:03.939 2021/12/02T22:54:55z: SSID: MU Open
 0h00:03.944 2021/12/02T22:54:55z: AP_STAR tmr
 ets Jan  8 2013,rst cause:4, boot mode:(3,7)

wdt reset
load 0x4010f000, len 1384, room 16 
tail 8
chksum 0x2d
csum 0x2d
v8b899c12
~ld


6.01
 0h00:04.169 2021/12/02T23:14:54z: DS3231
 0h00:04.185 2021/12/02T23:14:54z: BME280 (0x76)
 0h00:04.199 2021/12/02T23:14:54z: 84:f3:eb:7d:7:a8
 0h00:04.200 2021/12/02T23:14:54z: SSID: MU Open
 0h00:04.206 2021/12/02T23:14:54z: AP_STAR tmr
 ets Jan  8 2013,rst cause:4, boot mode:(3,7)

wdt reset
load 0x4010f000, len 1384, room 16 
tail 8
chksum 0x2d
csum 0x2d
v8b899c12
~ld


6.01
 0h00:03.978 2021/12/02T23:34:53z: DS3231
 0h00:03.994 2021/12/02T23:34:53z: BME280 (0x76)
 0h00:04.008 2021/12/02T23:34:53z: 84:f3:eb:7d:7:a8
 0h00:04.010 2021/12/02T23:34:53z: SSID: MU Open
 0h00:04.015 2021/12/02T23:34:53z: AP_STAR tmr
 ets Jan  8 2013,rst cause:4, boot mode:(3,7)

wdt reset
load 0x4010f000, len 1384, room 16 
tail 8
chksum 0x2d
csum 0x2d
v8b899c12
~ld


6.01
 0h00:04.158 2021/12/02T23:54:52z: DS3231
 0h00:04.173 2021/12/02T23:54:52z: BME280 (0x76)
 0h00:04.188 2021/12/02T23:54:53z: 84:f3:eb:7d:7:a8
 0h00:04.189 2021/12/02T23:54:53z: SSID: MU Open
 0h00:04.194 2021/12/02T23:54:53z: AP_STA