R tmr
 ets Jan  8 2013,rst cause:4, boot mode:(3,7)

wdt reset
load 0x4010f000, len 1384, room 16 
tail 8
chksum 0x2d
csum 0x2d
v8b899c12
~ld


6.01
 0h00:04.330 2021/11/30T00:16:50z: DS3231
 0h00:04.345 2021/11/30T00:16:50z: BME280 (0x76)
 0h00:04.360 2021/11/30T00:16:50z: 84:f3:eb:7d:7:a8
 0h00:04.361 2021/11/30T00:16:50z: SSID: MU Open
 0h00:04.366 2021/11/30T00:16:50z: AP_STAR tmr
 ets Jan  8 2013,rst cause:4, boot mode:(3,7)

wdt reset
load 0x4010f000, len 1384, room 16 
tail 8
chksum 0x2d
csum 0x2d
v8b899c12
~ld


6.01
 0h00:04.252 2021/11/30T00:36:49z: DS3231
 0h00:04.267 2021/11/30T00:36:49z: BME280 (0x76)
 0h00:04.281 2021/11/30T00:36:49z: 84:f3:eb:7d:7:a8
 0h00:04.283 2021/11/30T00:36:49z: SSID: MU Open
 0h00:04.288 2021/11/30T00:36:49z: AP_STAR tmr
 ets Jan  8 2013,rst cause:4, boot mode:(3,7)

wdt reset
load 0x4010f000, len 1384, room 16 
tail 8
chksum 0x2d
csum 0x2d
v8b899c12
~ld


6.01
 0h00:04.278 2021/11/30T00:56:49z: DS3231
 0h00:04.293 2021/11/30T00:56:49z: BME280 (0x76)
 0h00:04.308 2021/11/30T00:56:49z: 84:f3:eb:7d:7:a8
 0h00:04.309 2021/11/30T00:56:49z: SSID: MU Open
 0h00:04.314 2021/11/30T00:56:49z: AP_STAR tmr
 ets Jan  8 2013,rst cause:4, boot mode:(3,7)

wdt reset
load 0x4010f000, len 1384, room 16 
tail 8
chksum 0x2d
csum 0x2d
v8b899c12
~ld


6.01
 0h00:04.063 2021/11/30T01:16:48z: DS3231
 0h00:04.078 2021/11/30T01:16:48z: BME280 (0x76)
 0h00:04.092 2021/11/30T01:16:48z: 84:f3:eb:7d:7:a8
 0h00:04.094 2021/11/30T01:16:48z: SSID: MU Open
 0h00:04.099 2021/11/30T01:16:48z: AP_STAR tmr
 ets Jan  8 2013,rst cause:4, boot mode:(3,7)

wdt reset
load 0x4010f000, len 1384, room 16 
tail 8
chksum 0x2d
csum 0x2d
v8b899c12
~ld


6.01
 0h00:04.198 2021/11/30T01:36:47z: DS3231
 0h00:04.213 2021/11/30T01:36:47z: BME280 (0x76)
 0h00:04.227 2021/11/30T01:36:47z: 84:f3:eb:7d:7:a8
 0h00:04.229 2021/11/30T01:36:47z: SSID: MU Open
 0h00:04.234 2021/11/30T01:36:47z: AP_STAR tmr
 ets Jan  8 2013,rst cause:4, boot mode:(3,7)

wdt reset
load 0x4010f000, len 1384, room 16 
tail 8
chksum 0x2d
csum 0x2d
v8b899c12
~ld


6.01
 0h00:04.126 2021/11/30T01:56:47z: DS3231
 0h00:04.141 2021/11/30T01:56:47z: BME280 (0x76)
 0h00:04.155 2021/11/30T01:56:47z: 84:f3:eb:7d:7:a8
 0h00:04.157 2021/11/30T01:56:47z: SSID: MU Open
 0h00:04.162 2021/11/30T01:56:47z: AP_STAR tmr
 ets Jan  8 2013,rst cause:4, boot mode:(3,7)

wdt reset
load 0x4010f000, len 1384, room 16 
tail 8
chksum 0x2d
csum 0x2d
v8b899c12
~ld


6.01
 0h00:04.442 2021/11/30T02:16:48z: DS3231
 0h00:04.457 2021/11/30T02:16:48z: BME280 (0x76)
 0h00:04.472 2021/11/30T02:16:48z: 84:f3:eb:7d:7:a8
 0h00:04.473 2021/11/30T02:16:48z: SSID: MU Open
 0h00:04.478 2021/11/30T02:16:48z: AP_STAR tmr
 ets Jan  8 2013,rst cause:4, boot mode:(3,7)

wdt reset
load 0x4010f000, len 1384, room 16 
tail 8
chksum 0x2d
csum 0x2d
v8b899c12
~ld


6.01
 0h00:04.273 2021/11/30T02:36:47z: DS3231
 0h00:04.288 2021/11/30T02:36:47z: BME280 (0x76)
 0h00:04.302 2021/11/30T02:36:47z: 84:f3:eb:7d:7:a8
 0h00:04.304 2021/11/30T02:36:47z: SSID: MU Open
 0h00:04.309 2021/11/30T02:36:47z: AP_STAR tmr
 ets Jan  8 2013,rst cause:4, boot mode:(3,7)

wdt reset
load 0x4010f000, len 1384, room 16 
tail 8
chksum 0x2d
csum 0x2d
v8b899c12
~ld


6.01
 0h00:04.326 2021/11/30T02:56:47z: DS3231
 0h00:04.342 2021/11/30T02:56:47z: BME280 (0x76)
 0h00:04.356 2021/11/30T02:56:47z: 84:f3:eb:7d:7:a8
 0h00:04.357 2021/11/30T02:56:47z: SSID: MU Open
 0h00:04.363 2021/11/30T02:56:47z: AP_STAR tmr
 ets Jan  8 2013,rst cause:4, boot mode:(3,7)

wdt reset
load 0x4010f000, len 1384, room 16 
tail 8
chksum 0x2d
csum 0x2d
v8b899c12
~ld


6.01
 0h00:04.217 2021/11/30T03:16:46z: DS3231
 0h00:04.233 2021/11/30T03:16:46z: BME280 (0x76)
 0h00:04.247 2021/11/30T03:16:47z: 84:f3:eb:7d:7:a8
 0h00:04.249 2021/11/30T03:16:47z: SSID: MU Open
 0h00:04.254 2021/11/30T03:16:47z: AP_STAR tmr
 ets Jan  8 2013,rst cause:4, boot mode:(3,7)

wdt reset
load 0x4010f000, len 1384, room 16 
tail 8
chksum 0x2d
csum 0x2d
v8b899c12
~ld


6.01
 0h00:04.275 2021/11/30T03:36:46z: DS3231
 0h00:04.290 2021/11/30T03:36:46z: BME280 (0x76)
 0h00:04.305 2021/11/30T03:36:46z: 84:f3:eb:7d:7:a8
 0h00:04.306 2021/11/30T03:36:46z: SSID: MU Open
 0h00:04.311 2021/11/30T03:36:46z: AP_STAR tmr
 ets Jan  8 2013,rst cause:4, boot mode:(3,7)

wdt reset
load 0x4010f000, len 1384, room 16 
tail 8
chksum 0x2d
csum 0x2d
v8b899c12
~ld


6.01
 0h00:04.164 2021/11/30T03:56:46z: DS3231
 0h00:04.180 2021/11/30T03:56:46z: BME280 (0x76)
 0h00:04.194 2021/11/30T03:56:46z: 84:f3:eb:7d:7:a8
 0h00:04.196 2021/11/30T03:56:46z: SSID: MU Open
 0h00:04.201 2021/11/30T03:56:46z: AP_STAR tmr
 ets Jan  8 2013,rst cause:4, boot mode:(3,7)

wdt reset
load 0x4010f000, len 1384, room 16 
tail 8
chksum 0x2d
csum 0x2d
v8b899c12
~ld


6.01
 0h00:04.133 2021/11/30T04:16:45z: DS3231
 0h00:04.148 2021/11/30T04:16:45z: BME280 (0x76)
 0h00:04.162 2021/11/30T04:16:45z: 84:f3:eb:7d:7:a8
 0h00:04.164 2021/11/30T04:16:45z: SSID: MU Open
 0h00:04.169 2021/11/30T04:16:45z: AP_STAR tmr
 ets Jan  8 2013,rst cause:4, boot mode:(3,7)

wdt reset
load 0x4010f000, len 1384, room 16 
tail 8
chksum 0x2d
csum 0x2d
v8b899c12
~ld


6.01
 0h00:04.036 2021/11/30T04:36:44z: DS3231
 0h00:04.052 2021/11/30T04:36:44z: BME280 (0x76)
 0h00:04.066 2021/11/30T04:36:44z: 84:f3:eb:7d:7:a8
 0h00:04.067 2021/11/30T04:36:44z: SSID: MU Open
 0h00:04.073 2021/11/30T04:36:44z: AP_STAR tmr
 ets Jan  8 2013,rst cause:4, boot mode:(3,7)

wdt reset
load 0x4010f000, len 1384, room 16 
tail 8
chksum 0x2d
csum 0x2d
v8b899c12
~ld


6.01
 0h00:03.930 2021/11/30T04:56:43z: DS3231
 0h00:03.946 2021/11/30T04:56:43z: BME280 (0x76)
 0h00:03.960 2021/11/30T04:56:43z: 84:f3:eb:7d:7:a8
 0h00:03.962 2021/11/30T04:56:43z: SSID: MU Open
 0h00:03.967 2021/11/30T04:56:43z: AP_STAR tmr
 ets Jan  8 2013,rst cause:4, boot mode:(3,7)

wdt reset
load 0x4010f000, len 1384, room 16 
tail 8
chksum 0x2d
csum 0x2d
v8b899c12
~ld


6.01
 0h00:04.324 2021/11/30T05:16:42z: DS3231
 0h00:04.339 2021/11/30T05:16:42z: BME280 (0x76)
 0h00:04.353 2021/11/30T05:16:42z: 84:f3:eb:7d:7:a8
 0h00:04.355 2021/11/30T05:16:42z: SSID: MU Open
 0h00:04.360 2021/11/30T05:16:42z: AP_STAR tmr
 ets Jan  8 2013,rst cause:4, boot mode:(3,7)

wdt reset
load 0x4010f000, len 1384, room 16 
tail 8
chksum 0x2d
csum 0x2d
v8b899c12
~ld


6.01
 0h00:04.158 2021/11/30T05:36:41z: DS3231
 0h00:04.174 2021/11/30T05:36:41z: BME280 (0x76)
 0h00:04.188 2021/11/30T05:36:41z: 84:f3:eb:7d:7:a8
 0h00:04.189 2021/11/30T05:36:41z: SSID: MU Open
 0h00:04.195 2021/11/30T05:36:41z: AP_STAR tmr
 ets Jan  8 2013,rst cause:4, boot mode:(3,7)

wdt reset
load 0x4010f000, len 1384, room 16 
tail 8
chksum 0x2d
csum 0x2d
v8b899c12
~ld


6.01
 0h00:04.167 2021/11/30T05:56:40z: DS3231
 0h00:04.182 2021/11/30T05:56:40z: BME280 (0x76)
 0h00:04.197 2021/11/30T05:56:40z: 84:f3:eb:7d:7:a8
 0h00:04.198 2021/11/30T05:56:40z: SSID: MU Open
 0h00:04.204 2021/11/30T05:56:40z: AP_STAR tmr
 ets Jan  8 2013,rst cause:4, boot mode:(3,7)

wdt reset
load 0x4010f000, len 1384, room 16 
tail 8
chksum 0x2d
csum 0x2d
v8b899c12
~ld


6.01
 0h00:04.077 2021/11/30T06:16:40z: DS3231
 0h00:04.092 2021/11/30T06:16:40z: BME280 (0x76)
 0h00:04.106 2021/11/30T06:16:41z: 84:f3:eb:7d:7:a8
 0h00:04.108 2021/11/30T06:16:41z: SSID: MU Open
 0h00:04.113 2021/11/30T06:16:41z: AP_STAR tmr
 ets Jan  8 2013,rst cause:4, boot mode:(3,7)

wdt reset
load 0x4010f000, len 1384, room 16 
tail 8
chksum 0x2d
csum 0x2d
v8b899c12
~ld


6.01
 0h00:03.943 2021/11/30T06:36:40z: DS3231
 0h00:03.958 2021/11/30T06:36:40z: BME280 (0x76)
 0h00:03.972 2021/11/30T06:36:40z: 84:f3:eb:7d:7:a8
 0h00:03.974 2021/11/30T06:36:40z: SSID: MU Open
 0h00:03.979 2021/11/30T06:36:40z: AP_STAR tmr
 ets Jan  8 2013,rst cause:4, boot mode:(3,7)

wdt reset
load 0x4010f000, len 1384, room 16 
tail 8
chksum 0x2d
csum 0x2d
v8b899c12
~ld


6.01
 0h00:04.271 2021/11/30T06:56:38z: DS3231
 0h00:04.287 2021/11/30T06:56:38z: BME280 (0x76)
 0h00:04.301 2021/11/30T06:56:38z: 84:f3:eb:7d:7:a8
 0h00:04.303 2021/11/30T06:56:38z: SSID: MU Open
 0h00:04.308 2021/11/30T06:56:38z: AP_STAR tmr
 ets Jan  8 2013,rst cause:4, boot mode:(3,7)

wdt reset
load 0x4010f000, len 1384, room 16 
tail 8
chksum 0x2d
csum 0x2d
v8b899c12
~ld


6.01
 0h00:04.313 2021/11/30T07:16:38z: DS3231
 0h00:04.329 2021/11/30T07:16:38z: BME280 (0x76)
 0h00:04.343 2021/11/30T07:16:38z: 84:f3:eb:7d:7:a8
 0h00:04.344 2021/11/30T07:16:38z: SSID: MU Open
 0h00:04.350 2021/11/30T07:16:38z: AP_STAR tmr
 ets Jan  8 2013,rst cause:4, boot mode:(3,7)

wdt reset
load 0x4010f000, len 1384, room 16 
tail 8
chksum 0x2d
csum 0x2d
v8b899c12
~ld


6.01
 0h00:04.223 2021/11/30T07:36:37z: DS3231
 0h00:04.238 2021/11/30T07:36:37z: BME280 (0x76)
 0h00:04.252 2021/11/30T07:36:37z: 84:f3:eb:7d:7:a8
 0h00:04.254 2021/11/30T07:36:37z: SSID: MU Open
 0h00:04.259 2021/11/30T07:36:37z: AP_STAR tmr
 ets Jan  8 2013,rst cause:4, boot mode:(3,7)

wdt reset
load 0x4010f000, len 1384, room 16 
tail 8
chksum 0x2d
csum 0x2d
v8b899c12
~ld


6.01
 0h00:04.047 2021/11/30T07:56:36z: DS3231
 0h00:04.062 2021/11/30T07:56:36z: BME280 (0x76)
 0h00:04.076 2021/11/30T07:56:36z: 84:f3:eb:7d:7:a8
 0h00:04.078 2021/11/30T07:56:36z: SSID: MU Open
 0h00:04.083 2021/11/30T07:56:36z: AP_STAR tmr
 ets Jan  8 2013,rst cause:4, boot mode:(3,7)

wdt reset
load 0x4010f000, len 1384, room 16 
tail 8
chksum 0x2d
csum 0x2d
v8b899c12
~ld


6.01
 0h00:04.173 2021/11/30T08:16:35z: DS3231
 0h00:04.188 2021/11/30T08:16:35z: BME280 (0x76)
 0h00:04.203 2021/11/30T08:16:35z: 84:f3:eb:7d:7:a8
 0h00:04.204 2021/11/30T08:16:35z: SSID: MU Open
 0h00:04.209 2021/11/30T08:16:35z: AP_STAR tmr
 ets Jan  8 2013,rst cause:4, boot mode:(3,7)

wdt reset
load 0x4010f000, len 1384, room 16 
tail 8
chksum 0x2d
csum 0x2d
v8b899c12
~ld


6.01
 0h00:03.917 2021/11/30T08:36:34z: DS3231
 0h00:03.933 2021/11/30T08:36:34z: BME280 (0x76)
 0h00:03.947 2021/11/30T08:36:34z: 84:f3:eb:7d:7:a8
 0h00:03.948 2021/11/30T08:36:34z: SSID: MU Open
 0h00:03.954 2021/11/30T08:36:34z: AP_STAR tmr
 ets Jan  8 2013,rst cause:4, boot mode:(3,7)

wdt reset
load 0x4010f000, len 1384, room 16 
tail 8
chksum 0x2d
csum 0x2d
v8b899c12
~ld


6.01
 0h00:04.069 2021/11/30T08:56:33z: DS3231
 0h00:04.084 2021/11/30T08:56:33z: BME280 (0x76)
 0h00:04.099 2021/11/30T08:56:33z: 84:f3:eb:7d:7:a8
 0h00:04.100 2021/11/30T08:56:33z: SSID: MU Open
 0h00:04.105 2021/11/30T08:56:33z: AP_STAR tmr
 ets Jan  8 2013,rst cause:4, boot mode:(3,7)

wdt reset
load 0x4010f000, len 1384, room 16 
tail 8
chksum 0x2d
csum 0x2d
v8b899c12
~ld


6.01
 0h00:04.131 2021/11/30T09:16:33z: DS3231
 0h00:04.146 2021/11/30T09:16:33z: BME280 (0x76)
 0h00:04.160 2021/11/30T09:16:33z: 84:f3:eb:7d:7:a8
 0h00:04.162 2021/11/30T09:16:33z: SSID: MU Open
 0h00:04.167 2021/11/30T09:16:33z: AP_STAR tmr
 ets Jan  8 2013,rst cause:4, boot mode:(3,7)

wdt reset
load 0x4010f000, len 1384, room 16 
tail 8
chksum 0x2d
csum 0x2d
v8b899c12
~ld


6.01
 0h00:04.210 2021/11/30T09:36:32z: DS3231
 0h00:04.225 2021/11/30T09:36:32z: BME280 (0x76)
 0h00:04.239 2021/11/30T09:36:32z: 84:f3:eb:7d:7:a8
 0h00:04.241 2021/11/30T09:36:32z: SSID: MU Open
 0h00:04.246 2021/11/30T09:36:32z: AP_STAR tmr
 ets Jan  8 2013,rst cause:4, boot mode:(3,7)

wdt reset
load 0x4010f000, len 1384, room 16 
tail 8
chksum 0x2d
csum 0x2d
v8b899c12
~ld


6.01
 0h00:04.127 2021/11/30T09:56:31z: DS3231
 0h00:04.142 2021/11/30T09:56:31z: BME280 (0x76)
 0h00:04.156 2021/11/30T09:56:31z: 84:f3:eb:7d:7:a8
 0h00:04.158 2021/11/30T09:56:31z: SSID: MU Open
 0h00:04.163 2021/11/30T09:56:31z: AP_STAR tmr
 ets Jan  8 2013,rst cause:4, boot mode:(3,7)

wdt reset
load 0x4010f000, len 1384, room 16 
tail 8
chksum 0x2d
csum 0x2d
v8b899c12
~ld


6.01
 0h00:04.053 2021/11/30T10:16:30z: DS3231
 0h00:04.069 2021/11/30T10:16:30z: BME280 (0x76)
 0h00:04.083 2021/11/30T10:16:30z: 84:f3:eb:7d:7:a8
 0h00:04.085 2021/11/30T10:16:30z: SSID: MU Open
 0h00:04.090 2021/11/30T10:16:30z: AP_STAR tmr
 ets Jan  8 2013,rst cause:4, boot mode:(3,7)

wdt reset
load 0x4010f000, len 1384, room 16 
tail 8
chksum 0x2d
csum 0x2d
v8b899c12
~ld


6.01
 0h00:04.208 2021/11/30T10:36:30z: DS3231
 0h00:04.223 2021/11/30T10:36:30z: BME280 (0x76)
 0h00:04.237 2021/11/30T10:36:30z: 84:f3:eb:7d:7:a8
 0h00:04.239 2021/11/30T10:36:30z: SSID: MU Open
 0h00:04.244 2021/11/30T10:36:30z: AP_STAR tmr
 ets Jan  8 2013,rst cause:4, boot mode:(3,7)

wdt reset
load 0x4010f000, len 1384, room 16 
tail 8
chksum 0x2d
csum 0x2d
v8b899c12
~ld


6.01
 0h00:04.402 2021/11/30T10:56:30z: DS3231
 0h00:04.418 2021/11/30T10:56:30z: BME280 (0x76)
 0h00:04.432 2021/11/30T10:56:30z: 84:f3:eb:7d:7:a8
 0h00:04.434 2021/11/30T10:56:30z: SSID: MU Open
 0h00:04.439 2021/11/30T10:56:30z: AP_STAR tmr
 ets Jan  8 2013,rst cause:4, boot mode:(3,7)

wdt reset
load 0x4010f000, len 1384, room 16 
tail 8
chksum 0x2d
csum 0x2d
v8b899c12
~ld


6.01
 0h00:04.273 2021/11/30T11:16:30z: DS3231
 0h00:04.288 2021/11/30T11:16:30z: BME280 (0x76)
 0h00:04.303 2021/11/30T11:16:30z: 84:f3:eb:7d:7:a8
 0h00:04.304 2021/11/30T11:16:30z: SSID: MU Open
 0h00:04.310 2021/11/30T11:16:30z: AP_STAR tmr
 ets Jan  8 2013,rst cause:4, boot mode:(3,7)

wdt reset
load 0x4010f000, len 1384, room 16 
tail 8
chksum 0x2d
csum 0x2d
v8b899c12
~ld


6.01
 0h00:03.862 2021/11/30T11:36:30z: DS3231
 0h00:03.877 2021/11/30T11:36:30z: BME280 (0x76)
 0h00:03.891 2021/11/30T11:36:30z: 84:f3:eb:7d:7:a8
 0h00:03.893 2021/11/30T11:36:30z: SSID: MU Open
 0h00:03.898 2021/11/30T11:36:30z: AP_STAR tmr
 ets Jan  8 2013,rst cause:4, boot mode:(3,7)

wdt reset
load 0x4010f000, len 1384, room 16 
tail 8
chksum 0x2d
csum 0x2d
v8b899c12
~ld


6.01
 0h00:04.338 2021/11/30T11:56:30z: DS3231
 0h00:04.353 2021/11/30T11:56:30z: BME280 (0x76)
 0h00:04.367 2021/11/30T11:56:30z: 84:f3:eb:7d:7:a8
 0h00:04.369 2021/11/30T11:56:30z: SSID: MU Open
 0h00:04.374 2021/11/30T11:56:30z: AP_STAR tmr
 ets Jan  8 2013,rst cause:4, boot mode:(3,7)

wdt reset
load 0x4010f000, len 1384, room 16 
tail 8
chksum 0x2d
csum 0x2d
v8b899c12
~ld


6.01
 0h00:03.916 2021/11/30T12:16:29z: DS3231
 0h00:03.931 2021/11/30T12:16:30z: BME280 (0x76)
 0h00:03.945 2021/11/30T12:16:30z: 84:f3:eb:7d:7:a8
 0h00:03.947 2021/11/30T12:16:30z: SSID: MU Open
 0h00:03.952 2021/11/30T12:16:30z: AP_STAR tmr
 ets Jan  8 2013,rst cause:4, boot mode:(3,7)

wdt reset
load 0x4010f000, len 1384, room 16 
tail 8
chksum 0x2d
csum 0x2d
v8b899c12
~ld


6.01
 0h00:04.315 2021/11/30T12:36:29z: DS3231
 0h00:04.330 2021/11/30T12:36:29z: BME280 (0x76)
 0h00:04.344 2021/11/30T12:36:29z: 84:f3:eb:7d:7:a8
 0h00:04.346 2021/11/30T12:36:29z: SSID: MU Open
 0h00:04.351 2021/11/30T12:36:29z: AP_STAR tmr
 ets Jan  8 2013,rst cause:4, boot mode:(3,7)

wdt reset
load 0x4010f000, len 1384, room 16 
tail 8
chksum 0x2d
csum 0x2d
v8b899c12
~ld


6.01
 0h00:04.375 2021/11/30T12:56:29z: DS3231
 0h00:04.390 2021/11/30T12:56:29z: BME280 (0x76)
 0h00:04.404 2021/11/30T12:56:29z: 84:f3:eb:7d:7:a8
 0h00:04.406 2021/11/30T12:56:29z: SSID: MU Open
 0h00:04.411 2021/11/30T12:56:29z: AP_STAR tmr
 ets Jan  8 2013,rst cause:4, boot mode:(3,7)

wdt reset
load 0x4010f000, len 1384, room 16 
tail 8
chksum 0x2d
csum 0x2d
v8b899c12
~ld


6.01
 0h00:04.226 2021/11/30T13:16:29z: DS3231
 0h00:04.241 2021/11/30T13:16:29z: BME280 (0x76)
 0h00:04.255 2021/11/30T13:16:29z: 84:f3:eb:7d:7:a8
 0h00:04.257 2021/11/30T13:16:29z: SSID: MU Open
 0h00:04.262 2021/11/30T13:16:29z: AP_STAR tmr
 ets Jan  8 2013,rst cause:4, boot mode:(3,7)

wdt reset
load 0x4010f000, len 1384, room 16 
tail 8
chksum 0x2d
csum 0x2d
v8b899c12
~ld


6.01
 0h00:04.220 2021/11/30T13:36:28z: DS3231
 0h00:04.235 2021/11/30T13:36:28z: BME280 (0x76)
 0h00:04.249 2021/11/30T13:36:28z: 84:f3:eb:7d:7:a8
 0h00:04.251 2021/11/30T13:36:28z: SSID: MU Open
 0h00:04.256 2021/11/30T13:36:28z: AP_STAR tmr
 ets Jan  8 2013,rst cause:4, boot mode:(3,7)

wdt reset
load 0x4010f000, len 1384, room 16 
tail 8
chksum 0x2d
csum 0x2d
v8b899c12
~ld


6.01
 0h00:04.195 2021/11/30T13:56:28z: DS3231
 0h00:04.210 2021/11/30T13:56:28z: BME280 (0x76)
 0h00:04.224 2021/11/30T13:56:28z: 84:f3:eb:7d:7:a8
 0h00:04.226 2021/11/30T13:56:28z: SSID: MU Open
 0h00:04.231 2021/11/30T13:56:28z: AP_STAR tmr
 ets Jan  8 2013,rst cause:4, boot mode:(3,7)

wdt reset
load 0x4010f000, len 1384, room 16 
tail 8
chksum 0x2d
csum 0x2d
v8b899c12
~ld


6.01
 0h00:04.365 2021/11/30T14:16:27z: DS3231
 0h00:04.381 2021/11/30T14:16:27z: BME280 (0x76)
 0h00:04.395 2021/11/30T14:16:27z: 84:f3:eb:7d:7:a8
 0h00:04.397 2021/11/30T14:16:27z: SSID: MU Open
 0h00:04.402 2021/11/30T14:16:27z: AP_STAR tmr
 ets Jan  8 2013,rst cause:4, boot mode:(3,7)

wdt reset
load 0x4010f000, len 1384, room 16 
tail 8
chksum 0x2d
csum 0x2d
v8b899c12
~ld


6.01
 0h00:04.202 2021/11/30T14:36:27z: DS3231
 0h00:04.218 2021/11/30T14:36:27z: BME280 (0x76)
 0h00:04.232 2021/11/30T14:36:27z: 84:f3:eb:7d:7:a8
 0h00:04.234 2021/11/30T14:36:27z: SSID: MU Open
 0h00:04.239 2021/11/30T14:36:27z: AP_STAR tmr
 ets Jan  8 2013,rst cause:4, boot mode:(3,7)

wdt reset
load 0x4010f000, len 1384, room 16 
tail 8
chksum 0x2d
csum 0x2d
v8b899c12
~ld


6.01
 0h00:04.190 2021/11/30T14:56:26z: DS3231
 0h00:04.205 2021/11/30T14:56:26z: BME280 (0x76)
 0h00:04.219 2021/11/30T14:56:26z: 84:f3:eb:7d:7:a8
 0h00:04.221 2021/11/30T14:56:26z: SSID: MU Open
 0h00:04.226 2021/11/30T14:56:26z: AP_STAR tmr
 ets Jan  8 2013,rst cause:4, boot mode:(3,7)

wdt reset
load 0x4010f000, len 1384, room 16 
tail 8
chksum 0x2d
csum 0x2d
v8b899c12
~ld


6.01
 0h00:04.294 2021/11/30T15:16:25z: DS3231
 0h00:04.309 2021/11/30T15:16:25z: BME280 (0x76)
 0h00:04.324 2021/11/30T15:16:25z: 84:f3:eb:7d:7:a8
 0h00:04.325 2021/11/30T15:16:25z: SSID: MU Open
 0h00:04.330 2021/11/30T15:16:25z: AP_STAR tmr
 ets Jan  8 2013,rst cause:4, boot mode:(3,7)

wdt reset
load 0x4010f000, len 1384, room 16 
tail 8
chksum 0x2d
csum 0x2d
v8b899c12
~ld


6.01
 0h00:04.295 2021/11/30T15:36:25z: DS3231
 0h00:04.310 2021/11/30T15:36:25z: BME280 (0x76)
 0h00:04.325 2021/11/30T15:36:25z: 84:f3:eb:7d:7:a8
 0h00:04.326 2021/11/30T15:36:25z: SSID: MU Open
 0h00:04.331 2021/11/30T15:36:25z: AP_STAR tmr
 ets Jan  8 2013,rst cause:4, boot mode:(3,7)

wdt reset
load 0x4010f000, len 1384, room 16 
tail 8
chksum 0x2d
csum 0x2d
v8b899c12
~ld


6.01
 0h00:04.178 2021/11/30T15:56:25z: DS3231
 0h00:04.193 2021/11/30T15:56:25z: BME280 (0x76)
 0h00:04.207 2021/11/30T15:56:25z: 84:f3:eb:7d:7:a8
 0h00:04.209 2021/11/30T15:56:25z: SSID: MU Open
 0h00:04.214 2021/11/30T15:56:25z: AP_STAR tmr
 ets Jan  8 2013,rst cause:4, boot mode:(3,7)

wdt reset
load 0x4010f000, len 1384, room 16 
tail 8
chksum 0x2d
csum 0x2d
v8b899c12
~ld


6.01
 0h00:04.207 2021/11/30T16:16:24z: DS3231
 0h00:04.223 2021/11/30T16:16:24z: BME280 (0x76)
 0h00:04.237 2021/11/30T16:16:24z: 84:f3:eb:7d:7:a8
 0h00:04.238 2021/11/30T16:16:24z: SSID: MU Open
 0h00:04.244 2021/11/30T16:16:24z: AP_STAR tmr
 ets Jan  8 2013,rst cause:4, boot mode:(3,7)

wdt reset
load 0x4010f000, len 1384, room 16 
tail 8
chksum 0x2d
csum 0x2d
v8b899c12
~ld


6.01
 0h00:04.160 2021/11/30T16:36:23z: DS3231
 0h00:04.175 2021/11/30T16:36:23z: BME280 (0x76)
 0h00:04.189 2021/11/30T16:36:23z: 84:f3:eb:7d:7:a8
 0h00:04.191 2021/11/30T16:36:23z: SSID: MU Open
 0h00:04.196 2021/11/30T16:36:23z: AP_STAR tmr
 ets Jan  8 2013,rst cause:4, boot mode:(3,7)

wdt reset
load 0x4010f000, len 1384, room 16 
tail 8
chksum 0x2d
csum 0x2d
v8b899c12
~ld


6.01
 0h00:04.064 2021/11/30T16:56:22z: DS3231
 0h00:04.080 2021/11/30T16:56:22z: BME280 (0x76)
 0h00:04.094 2021/11/30T16:56:22z: 84:f3:eb:7d:7:a8
 0h00:04.096 2021/11/30T16:56:22z: SSID: MU Open
 0h00:04.101 2021/11/30T16:56:22z: AP_STAR tmr
 ets Jan  8 2013,rst cause:4, boot mode:(3,7)

wdt reset
load 0x4010f000, len 1384, room 16 
tail 8
chksum 0x2d
csum 0x2d
v8b899c12
~ld


6.01
 0h00:04.106 2021/11/30T17:16:22z: DS3231
 0h00:04.121 2021/11/30T17:16:22z: BME280 (0x76)
 0h00:04.135 2021/11/30T17:16:22z: 84:f3:eb:7d:7:a8
 0h00:04.137 2021/11/30T17:16:22z: SSID: MU Open
 0h00:04.142 2021/11/30T17:16:22z: AP_STAR tmr
 ets Jan  8 2013,rst cause:4, boot mode:(3,7)

wdt reset
load 0x4010f000, len 1384, room 16 
tail 8
chksum 0x2d
csum 0x2d
v8b899c12
~ld


6.01
 0h00:04.223 2021/11/30T17:36:22z: DS3231
 0h00:04.238 2021/11/30T17:36:22z: BME280 (0x76)
 0h00:04.252 2021/11/30T17:36:22z: 84:f3:eb:7d:7:a8
 0h00:04.254 2021/11/30T17:36:22z: SSID: MU Open
 0h00:04.259 2021/11/30T17:36:22z: AP_STAR tmr
 ets Jan  8 2013,rst cause:4, boot mode:(3,7)

wdt reset
load 0x4010f000, len 1384, room 16 
tail 8
chksum 0x2d
csum 0x2d
v8b899c12
~ld


6.01
 0h00:04.151 2021/11/30T17:56:22z: DS3231
 0h00:04.167 2021/11/30T17:56:22z: BME280 (0x76)
 0h00:04.181 2021/11/30T17:56:22z: 84:f3:eb:7d:7:a8
 0h00:04.183 2021/11/30T17:56:22z: SSID: MU Open
 0h00:04.188 2021/11/30T17:56:22z: AP_STAR tmr
 ets Jan  8 2013,rst cause:4, boot mode:(3,7)

wdt reset
load 0x4010f000, len 1384, room 16 
tail 8
chksum 0x2d
csum 0x2d
v8b899c12
~ld


6.01
 0h00:04.096 2021/11/30T18:16:21z: DS3231
 0h00:04.111 2021/11/30T18:16:21z: BME280 (0x76)
 0h00:04.125 2021/11/30T18:16:21z: 84:f3:eb:7d:7:a8
 0h00:04.127 2021/11/30T18:16:21z: SSID: MU Open
 0h00:04.132 2021/11/30T18:16:21z: AP_STAR tmr
 ets Jan  8 2013,rst cause:4, boot mode:(3,7)

wdt reset
load 0x4010f000, len 1384, room 16 
tail 8
chksum 0x2d
csum 0x2d
v8b899c12
~ld


6.01
 0h00:04.230 2021/11/30T18:36:20z: DS3231
 0h00:04.245 2021/11/30T18:36:20z: BME280 (0x76)
 0h00:04.259 2021/11/30T18:36:20z: 84:f3:eb:7d:7:a8
 0h00:04.261 2021/11/30T18:36:20z: SSID: MU Open
 0h00:04.266 2021/11/30T18:36:20z: AP_STAR tmr
 ets Jan  8 2013,rst cause:4, boot mode:(3,7)

wdt reset
load 0x4010f000, len 1384, room 16 
tail 8
chksum 0x2d
csum 0x2d
v8b899c12
~ld


6.01
 0h00:04.095 2021/11/30T18:56:19z: DS3231
 0h00:04.111 2021/11/30T18:56:19z: BME280 (0x76)
 0h00:04.125 2021/11/30T18:56:19z: 84:f3:eb:7d:7:a8
 0h00:04.127 2021/11/30T18:56:19z: SSID: MU Open
 0h00:04.132 2021/11/30T18:56:19z: AP_STAR tmr
 ets Jan  8 2013,rst cause:4, boot mode:(3,7)

wdt reset
load 0x4010f000, len 1384, room 16 
tail 8
chksum 0x2d
csum 0x2d
v8b899c12
~ld


6.01
 0h00:04.032 2021/11/30T19:16:17z: DS3231
 0h00:04.047 2021/11/30T19:16:17z: BME280 (0x76)
 0h00:04.061 2021/11/30T19:16:17z: 84:f3:eb:7d:7:a8
 0h00:04.063 2021/11/30T19:16:17z: SSID: MU Open
 0h00:04.068 2021/11/30T19:16:17z: AP_STAR tmr
 ets Jan  8 2013,rst cause:4, boot mode:(3,7)

wdt reset
load 0x4010f000, len 1384, room 16 
tail 8
chksum 0x2d
csum 0x2d
v8b899c12
~ld


6.01
 0h00:04.057 2021/11/30T19:36:17z: DS3231
 0h00:04.072 2021/11/30T19:36:17z: BME280 (0x76)
 0h00:04.086 2021/11/30T19:36:17z: 84:f3:eb:7d:7:a8
 0h00:04.088 2021/11/30T19:36:17z: SSID: MU Open
 0h00:04.093 2021/11/30T19:36:17z: AP_STAR tmr
 ets Jan  8 2013,rst cause:4, boot mode:(3,7)

wdt reset
load 0x4010f000, len 1384, room 16 
tail 8
chksum 0x2d
csum 0x2d
v8b899c12
~ld


6.01
 0h00:03.993 2021/11/30T19:56:16z: DS3231
 0h00:04.009 2021/11/30T19:56:16z: BME280 (0x76)
 0h00:04.023 2021/11/30T19:56:16z: 84:f3:eb:7d:7:a8
 0h00:04.024 2021/11/30T19:56:16z: SSID: MU Open
 0h00:04.030 2021/11/30T19:56:16z: AP_STAR tmr
 ets Jan  8 2013,rst cause:4, boot mode:(3,7)

wdt reset
load 0x4010f000, len 1384, room 16 
tail 8
chksum 0x2d
csum 0x2d
v8b899c12
~ld


6.01
 0h00:04.147 2021/11/30T20:16:15z: DS3231
 0h00:04.162 2021/11/30T20:16:15z: BME280 (0x76)
 0h00:04.176 2021/11/30T20:16:15z: 84:f3:eb:7d:7:a8
 0h00:04.178 2021/11/30T20:16:15z: SSID: MU Open
 0h00:04.183 2021/11/30T20:16:15z: AP_STAR tmr
 ets Jan  8 2013,rst cause:4, boot mode:(3,7)

wdt reset
load 0x4010f000, len 1384, room 16 
tail 8
chksum 0x2d
csum 0x2d
v8b899c12
~ld


6.01
 0h00:04.332 2021/11/30T20:36:14z: DS3231
 0h00:04.348 2021/11/30T20:36:14z: BME280 (0x76)
 0h00:04.362 2021/11/30T20:36:14z: 84:f3:eb:7d:7:a8
 0h00:04.363 2021/11/30T20:36:14z: SSID: MU Open
 0h00:04.369 2021/11/30T20:36:14z: AP_STAR tmr
 ets Jan  8 2013,rst cause:4, boot mode:(3,7)

wdt reset
load 0x4010f000, len 1384, room 16 
tail 8
chksum 0x2d
csum 0x2d
v8b899c12
~ld


6.01
 0h00:04.320 2021/11/30T20:56:13z: DS3231
 0h00:04.335 2021/11/30T20:56:13z: BME280 (0x76)
 0h00:04.349 2021/11/30T20:56:13z: 84:f3:eb:7d:7:a8
 0h00:04.351 2021/11/30T20:56:13z: SSID: MU Open
 0h00:04.356 2021/11/30T20:56:13z: AP_STAR tmr
 ets Jan  8 2013,rst cause:4, boot mode:(3,7)

wdt reset
load 0x4010f000, len 1384, room 16 
tail 8
chksum 0x2d
csum 0x2d
v8b899c12
~ld


6.01
 0h00:04.320 2021/11/30T21:16:12z: DS3231
 0h00:04.335 2021/11/30T21:16:12z: BME280 (0x76)
 0h00:04.349 2021/11/30T21:16:12z: 84:f3:eb:7d:7:a8
 0h00:04.351 2021/11/30T21:16:13z: SSID: MU Open
 0h00:04.356 2021/11/30T21:16:13z: AP_STAR tmr
 ets Jan  8 2013,rst cause:4, boot mode:(3,7)

wdt reset
load 0x4010f000, len 1384, room 16 
tail 8
chksum 0x2d
csum 0x2d
v8b899c12
~ld


6.01
 0h00:03.702 2021/11/30T21:36:12z: DS3231
 0h00:03.718 2021/11/30T21:36:12z: BME280 (0x76)
 0h00:03.732 2021/11/30T21:36:12z: 84:f3:eb:7d:7:a8
 0h00:03.733 2021/11/30T21:36:12z: SSID: MU Open
 0h00:03.739 2021/11/30T21:36:12z: AP_STAR tmr
 ets Jan  8 2013,rst cause:4, boot mode:(3,7)

wdt reset
load 0x4010f000, len 1384, room 16 
tail 8
chksum 0x2d
csum 0x2d
v8b899c12
~ld


6.01
 0h00:04.165 2021/11/30T21:56:11z: DS3231
 0h00:04.180 2021/11/30T21:56:11z: BME280 (0x76)
 0h00:04.195 2021/11/30T21:56:11z: 84:f3:eb:7d:7:a8
 0h00:04.196 2021/11/30T21:56:11z: SSID: MU Open
 0h00:04.201 2021/11/30T21:56:11z: AP_STAR tmr
 ets Jan  8 2013,rst cause:4, boot mode:(3,7)

wdt reset
load 0x4010f000, len 1384, room 16 
tail 8
chksum 0x2d
csum 0x2d
v8b899c12
~ld


6.01
 0h00:03.863 2021/11/30T22:16:10z: DS3231
 0h00:03.878 2021/11/30T22:16:10z: BME280 (0x76)
 0h00:03.892 2021/11/30T22:16:10z: 84:f3:eb:7d:7:a8
 0h00:03.894 2021/11/30T22:16:10z: SSID: MU Open
 0h00:03.899 2021/11/30T22:16:10z: AP_STAR tmr
 ets Jan  8 2013,rst cause:4, boot mode:(3,7)

wdt reset
load 0x4010f000, len 1384, room 16 
tail 8
chksum 0x2d
csum 0x2d
v8b899c12
~ld


6.01
 0h00:04.097 2021/11/30T22:36:10z: DS3231
 0h00:04.112 2021/11/30T22:36:10z: BME280 (0x76)
 0h00:04.126 2021/11/30T22:36:10z: 84:f3:eb:7d:7:a8
 0h00:04.128 2021/11/30T22:36:10z: SSID: MU Open
 0h00:04.133 2021/11/30T22:36:10z: AP_STAR tmr
 ets Jan  8 2013,rst cause:4, boot mode:(3,7)

wdt reset
load 0x4010f000, len 1384, room 16 
tail 8
chksum 0x2d
csum 0x2d
v8b899c12
~ld


6.01
 0h00:04.190 2021/11/30T22:56:10z: DS3231
 0h00:04.206 2021/11/30T22:56:10z: BME280 (0x76)
 0h00:04.220 2021/11/30T22:56:10z: 84:f3:eb:7d:7:a8
 0h00:04.222 2021/11/30T22:56:10z: SSID: MU Open
 0h00:04.227 2021/11/30T22:56:10z: AP_STAR tmr
 ets Jan  8 2013,rst cause:4, boot mode:(3,7)

wdt reset
load 0x4010f000, len 1384, room 16 
tail 8
chksum 0x2d
csum 0x2d
v8b899c12
~ld


6.01
 0h00:04.163 2021/11/30T23:16:10z: DS3231
 0h00:04.179 2021/11/30T23:16:10z: BME280 (0x76)
 0h00:04.193 2021/11/30T23:16:10z: 84:f3:eb:7d:7:a8
 0h00:04.195 2021/11/30T23:16:10z: SSID: MU Open
 0h00:04.200 2021/11/30T23:16:10z: AP_STAR tmr
 ets Jan  8 2013,rst cause:4, boot mode:(3,7)

wdt reset
load 0x4010f000, len 1384, room 16 
tail 8
chksum 0x2d
csum 0x2d
v8b899c12
~ld


6.01
 0h00:04.327 2021/11/30T23:36:09z: DS3231
 0h00:04.342 2021/11/30T23:36:09z: BME280 (0x76)
 0h00:04.357 2021/11/30T23:36:09z: 84:f3:eb:7d:7:a8
 0h00:04.358 2021/11/30T23:36:09z: SSID: MU Open
 0h00:04.363 2021/11/30T23:36:09z: AP_STAR tmr
 ets Jan  8 2013,rst cause:4, boot mode:(3,7)

wdt reset
load 0x4010f000, len 1384, room 16 
tail 8
chksum 0x2d
csum 0x2d
v8b899c12
~ld


6.01
 0h00:04.048 2021/11/30T23:56:09z: DS3231
 0h00:04.064 2021/11/30T23:56:09z: BME280 (0x76)
 0h00:04.078 2021/11/30T23:56:09z: 84:f3:eb:7d:7:a8
 0h00:04.080 2021/11/30T23:56:09z: SSID: MU Open
 0h00:04.085 2021/11/30T23:56:09z: AP_STA