R tmr
 ets Jan  8 2013,rst cause:4, boot mode:(3,7)

wdt reset
load 0x4010f000, len 1384, room 16 
tail 8
chksum 0x2d
csum 0x2d
v8b899c12
~ld


6.01
 0h00:03.518 2021/09/30T00:14:02z: DS3231
 0h00:03.534 2021/09/30T00:14:02z: BME280 (0x76)
 0h00:03.548 2021/09/30T00:14:02z: 84:f3:eb:7d:7:a8
 0h00:03.550 2021/09/30T00:14:02z: SSID: MU Open
 0h00:03.555 2021/09/30T00:14:02z: AP_STAR tmr
 ets Jan  8 2013,rst cause:4, boot mode:(3,7)

wdt reset
load 0x4010f000, len 1384, room 16 
tail 8
chksum 0x2d
csum 0x2d
v8b899c12
~ld


6.01
 0h00:03.395 2021/09/30T00:34:00z: DS3231
 0h00:03.410 2021/09/30T00:34:00z: BME280 (0x76)
 0h00:03.424 2021/09/30T00:34:00z: 84:f3:eb:7d:7:a8
 0h00:03.426 2021/09/30T00:34:00z: SSID: MU Open
 0h00:03.431 2021/09/30T00:34:00z: AP_STAR tmr
 ets Jan  8 2013,rst cause:4, boot mode:(3,7)

wdt reset
load 0x4010f000, len 1384, room 16 
tail 8
chksum 0x2d
csum 0x2d
v8b899c12
~ld


6.01
 0h00:03.638 2021/09/30T00:53:59z: DS3231
 0h00:03.654 2021/09/30T00:53:59z: BME280 (0x76)
 0h00:03.668 2021/09/30T00:53:59z: 84:f3:eb:7d:7:a8
 0h00:03.670 2021/09/30T00:53:59z: SSID: MU Open
 0h00:03.675 2021/09/30T00:53:59z: AP_STAR tmr
 ets Jan  8 2013,rst cause:4, boot mode:(3,7)

wdt reset
load 0x4010f000, len 1384, room 16 
tail 8
chksum 0x2d
csum 0x2d
v8b899c12
~ld


6.01
 0h00:03.560 2021/09/30T01:13:56z: DS3231
 0h00:03.576 2021/09/30T01:13:56z: BME280 (0x76)
 0h00:03.590 2021/09/30T01:13:56z: 84:f3:eb:7d:7:a8
 0h00:03.592 2021/09/30T01:13:56z: SSID: MU Open
 0h00:03.597 2021/09/30T01:13:56z: AP_STAR tmr
 ets Jan  8 2013,rst cause:4, boot mode:(3,7)

wdt reset
load 0x4010f000, len 1384, room 16 
tail 8
chksum 0x2d
csum 0x2d
v8b899c12
~ld


6.01
 0h00:03.429 2021/09/30T01:33:54z: DS3231
 0h00:03.444 2021/09/30T01:33:54z: BME280 (0x76)
 0h00:03.459 2021/09/30T01:33:54z: 84:f3:eb:7d:7:a8
 0h00:03.460 2021/09/30T01:33:54z: SSID: MU Open
 0h00:03.465 2021/09/30T01:33:54z: AP_STAR tmr
 ets Jan  8 2013,rst cause:4, boot mode:(3,7)

wdt reset
load 0x4010f000, len 1384, room 16 
tail 8
chksum 0x2d
csum 0x2d
v8b899c12
~ld


6.01
 0h00:03.438 2021/09/30T01:53:52z: DS3231
 0h00:03.453 2021/09/30T01:53:52z: BME280 (0x76)
 0h00:03.467 2021/09/30T01:53:52z: 84:f3:eb:7d:7:a8
 0h00:03.469 2021/09/30T01:53:52z: SSID: MU Open
 0h00:03.474 2021/09/30T01:53:52z: AP_STAR tmr
 ets Jan  8 2013,rst cause:4, boot mode:(3,7)

wdt reset
load 0x4010f000, len 1384, room 16 
tail 8
chksum 0x2d
csum 0x2d
v8b899c12
~ld


6.01
 0h00:03.470 2021/09/30T02:13:50z: DS3231
 0h00:03.485 2021/09/30T02:13:50z: BME280 (0x76)
 0h00:03.499 2021/09/30T02:13:50z: 84:f3:eb:7d:7:a8
 0h00:03.501 2021/09/30T02:13:50z: SSID: MU Open
 0h00:03.506 2021/09/30T02:13:50z: AP_STAR tmr
 ets Jan  8 2013,rst cause:4, boot mode:(3,7)

wdt reset
load 0x4010f000, len 1384, room 16 
tail 8
chksum 0x2d
csum 0x2d
v8b899c12
~ld


6.01
 0h00:03.492 2021/09/30T02:33:48z: DS3231
 0h00:03.507 2021/09/30T02:33:48z: BME280 (0x76)
 0h00:03.522 2021/09/30T02:33:48z: 84:f3:eb:7d:7:a8
 0h00:03.523 2021/09/30T02:33:48z: SSID: MU Open
 0h00:03.528 2021/09/30T02:33:48z: AP_STAR tmr
 ets Jan  8 2013,rst cause:4, boot mode:(3,7)

wdt reset
load 0x4010f000, len 1384, room 16 
tail 8
chksum 0x2d
csum 0x2d
v8b899c12
~ld


6.01
 0h00:03.531 2021/09/30T02:53:46z: DS3231
 0h00:03.546 2021/09/30T02:53:46z: BME280 (0x76)
 0h00:03.560 2021/09/30T02:53:46z: 84:f3:eb:7d:7:a8
 0h00:03.562 2021/09/30T02:53:46z: SSID: MU Open
 0h00:03.567 2021/09/30T02:53:46z: AP_STAR tmr
 ets Jan  8 2013,rst cause:4, boot mode:(3,7)

wdt reset
load 0x4010f000, len 1384, room 16 
tail 8
chksum 0x2d
csum 0x2d
v8b899c12
~ld


6.01
 0h00:03.537 2021/09/30T03:13:44z: DS3231
 0h00:03.552 2021/09/30T03:13:44z: BME280 (0x76)
 0h00:03.566 2021/09/30T03:13:44z: 84:f3:eb:7d:7:a8
 0h00:03.568 2021/09/30T03:13:44z: SSID: MU Open
 0h00:03.573 2021/09/30T03:13:44z: AP_STAR tmr
 ets Jan  8 2013,rst cause:4, boot mode:(3,7)

wdt reset
load 0x4010f000, len 1384, room 16 
tail 8
chksum 0x2d
csum 0x2d
v8b899c12
~ld


6.01
 0h00:03.522 2021/09/30T03:33:42z: DS3231
 0h00:03.538 2021/09/30T03:33:42z: BME280 (0x76)
 0h00:03.552 2021/09/30T03:33:42z: 84:f3:eb:7d:7:a8
 0h00:03.553 2021/09/30T03:33:42z: SSID: MU Open
 0h00:03.559 2021/09/30T03:33:42z: AP_STAR tmr
 ets Jan  8 2013,rst cause:4, boot mode:(3,7)

wdt reset
load 0x4010f000, len 1384, room 16 
tail 8
chksum 0x2d
csum 0x2d
v8b899c12
~ld


6.01
 0h00:03.645 2021/09/30T03:53:40z: DS3231
 0h00:03.661 2021/09/30T03:53:40z: BME280 (0x76)
 0h00:03.675 2021/09/30T03:53:40z: 84:f3:eb:7d:7:a8
 0h00:03.677 2021/09/30T03:53:40z: SSID: MU Open
 0h00:03.682 2021/09/30T03:53:40z: AP_STAR tmr
 ets Jan  8 2013,rst cause:4, boot mode:(3,7)

wdt reset
load 0x4010f000, len 1384, room 16 
tail 8
chksum 0x2d
csum 0x2d
v8b899c12
~ld


6.01
 0h00:03.553 2021/09/30T04:13:39z: DS3231
 0h00:03.568 2021/09/30T04:13:39z: BME280 (0x76)
 0h00:03.583 2021/09/30T04:13:39z: 84:f3:eb:7d:7:a8
 0h00:03.584 2021/09/30T04:13:39z: SSID: MU Open
 0h00:03.589 2021/09/30T04:13:39z: AP_STAR tmr
 ets Jan  8 2013,rst cause:4, boot mode:(3,7)

wdt reset
load 0x4010f000, len 1384, room 16 
tail 8
chksum 0x2d
csum 0x2d
v8b899c12
~ld


6.01
 0h00:03.594 2021/09/30T04:33:37z: DS3231
 0h00:03.609 2021/09/30T04:33:37z: BME280 (0x76)
 0h00:03.623 2021/09/30T04:33:37z: 84:f3:eb:7d:7:a8
 0h00:03.625 2021/09/30T04:33:37z: SSID: MU Open
 0h00:03.630 2021/09/30T04:33:37z: AP_STAR tmr
 ets Jan  8 2013,rst cause:4, boot mode:(3,7)

wdt reset
load 0x4010f000, len 1384, room 16 
tail 8
chksum 0x2d
csum 0x2d
v8b899c12
~ld


6.01
 0h00:03.450 2021/09/30T04:53:34z: DS3231
 0h00:03.466 2021/09/30T04:53:34z: BME280 (0x76)
 0h00:03.480 2021/09/30T04:53:34z: 84:f3:eb:7d:7:a8
 0h00:03.481 2021/09/30T04:53:34z: SSID: MU Open
 0h00:03.487 2021/09/30T04:53:34z: AP_STAR tmr
 ets Jan  8 2013,rst cause:4, boot mode:(3,7)

wdt reset
load 0x4010f000, len 1384, room 16 
tail 8
chksum 0x2d
csum 0x2d
v8b899c12
~ld


6.01
 0h00:03.446 2021/09/30T05:13:31z: DS3231
 0h00:03.461 2021/09/30T05:13:31z: BME280 (0x76)
 0h00:03.475 2021/09/30T05:13:31z: 84:f3:eb:7d:7:a8
 0h00:03.477 2021/09/30T05:13:31z: SSID: MU Open
 0h00:03.482 2021/09/30T05:13:31z: AP_STAR tmr
 ets Jan  8 2013,rst cause:4, boot mode:(3,7)

wdt reset
load 0x4010f000, len 1384, room 16 
tail 8
chksum 0x2d
csum 0x2d
v8b899c12
~ld


6.01
 0h00:03.613 2021/09/30T05:33:29z: DS3231
 0h00:03.629 2021/09/30T05:33:29z: BME280 (0x76)
 0h00:03.643 2021/09/30T05:33:29z: 84:f3:eb:7d:7:a8
 0h00:03.645 2021/09/30T05:33:29z: SSID: MU Open
 0h00:03.650 2021/09/30T05:33:29z: AP_STAR tmr
 ets Jan  8 2013,rst cause:4, boot mode:(3,7)

wdt reset
load 0x4010f000, len 1384, room 16 
tail 8
chksum 0x2d
csum 0x2d
v8b899c12
~ld


6.01
 0h00:03.470 2021/09/30T05:53:27z: DS3231
 0h00:03.485 2021/09/30T05:53:27z: BME280 (0x76)
 0h00:03.499 2021/09/30T05:53:27z: 84:f3:eb:7d:7:a8
 0h00:03.501 2021/09/30T05:53:27z: SSID: MU Open
 0h00:03.506 2021/09/30T05:53:27z: AP_STAR tmr
 ets Jan  8 2013,rst cause:4, boot mode:(3,7)

wdt reset
load 0x4010f000, len 1384, room 16 
tail 8
chksum 0x2d
csum 0x2d
v8b899c12
~ld


6.01
 0h00:03.419 2021/09/30T06:13:24z: DS3231
 0h00:03.434 2021/09/30T06:13:24z: BME280 (0x76)
 0h00:03.448 2021/09/30T06:13:24z: 84:f3:eb:7d:7:a8
 0h00:03.450 2021/09/30T06:13:24z: SSID: MU Open
 0h00:03.455 2021/09/30T06:13:24z: AP_STAR tmr
 ets Jan  8 2013,rst cause:4, boot mode:(3,7)

wdt reset
load 0x4010f000, len 1384, room 16 
tail 8
chksum 0x2d
csum 0x2d
v8b899c12
~ld


6.01
 0h00:03.487 2021/09/30T06:33:22z: DS3231
 0h00:03.502 2021/09/30T06:33:22z: BME280 (0x76)
 0h00:03.516 2021/09/30T06:33:22z: 84:f3:eb:7d:7:a8
 0h00:03.518 2021/09/30T06:33:22z: SSID: MU Open
 0h00:03.523 2021/09/30T06:33:22z: AP_STAR tmr
 ets Jan  8 2013,rst cause:4, boot mode:(3,7)

wdt reset
load 0x4010f000, len 1384, room 16 
tail 8
chksum 0x2d
csum 0x2d
v8b899c12
~ld


6.01
 0h00:03.477 2021/09/30T06:53:20z: DS3231
 0h00:03.492 2021/09/30T06:53:20z: BME280 (0x76)
 0h00:03.506 2021/09/30T06:53:20z: 84:f3:eb:7d:7:a8
 0h00:03.508 2021/09/30T06:53:20z: SSID: MU Open
 0h00:03.513 2021/09/30T06:53:20z: AP_STAR tmr
 ets Jan  8 2013,rst cause:4, boot mode:(3,7)

wdt reset
load 0x4010f000, len 1384, room 16 
tail 8
chksum 0x2d
csum 0x2d
v8b899c12
~ld


6.01
 0h00:03.350 2021/09/30T07:13:17z: DS3231
 0h00:03.365 2021/09/30T07:13:17z: BME280 (0x76)
 0h00:03.379 2021/09/30T07:13:17z: 84:f3:eb:7d:7:a8
 0h00:03.381 2021/09/30T07:13:17z: SSID: MU Open
 0h00:03.386 2021/09/30T07:13:17z: AP_STAR tmr
 ets Jan  8 2013,rst cause:4, boot mode:(3,7)

wdt reset
load 0x4010f000, len 1384, room 16 
tail 8
chksum 0x2d
csum 0x2d
v8b899c12
~ld


6.01
 0h00:03.447 2021/09/30T07:33:14z: DS3231
 0h00:03.462 2021/09/30T07:33:14z: BME280 (0x76)
 0h00:03.476 2021/09/30T07:33:14z: 84:f3:eb:7d:7:a8
 0h00:03.478 2021/09/30T07:33:14z: SSID: MU Open
 0h00:03.483 2021/09/30T07:33:14z: AP_STAR tmr
 ets Jan  8 2013,rst cause:4, boot mode:(3,7)

wdt reset
load 0x4010f000, len 1384, room 16 
tail 8
chksum 0x2d
csum 0x2d
v8b899c12
~ld


6.01
 0h00:03.640 2021/09/30T07:53:12z: DS3231
 0h00:03.656 2021/09/30T07:53:12z: BME280 (0x76)
 0h00:03.670 2021/09/30T07:53:12z: 84:f3:eb:7d:7:a8
 0h00:03.672 2021/09/30T07:53:12z: SSID: MU Open
 0h00:03.677 2021/09/30T07:53:12z: AP_STAR tmr
 ets Jan  8 2013,rst cause:4, boot mode:(3,7)

wdt reset
load 0x4010f000, len 1384, room 16 
tail 8
chksum 0x2d
csum 0x2d
v8b899c12
~ld


6.01
 0h00:03.470 2021/09/30T08:13:10z: DS3231
 0h00:03.485 2021/09/30T08:13:10z: BME280 (0x76)
 0h00:03.499 2021/09/30T08:13:10z: 84:f3:eb:7d:7:a8
 0h00:03.501 2021/09/30T08:13:10z: SSID: MU Open
 0h00:03.506 2021/09/30T08:13:10z: AP_STAR tmr
 ets Jan  8 2013,rst cause:4, boot mode:(3,7)

wdt reset
load 0x4010f000, len 1384, room 16 
tail 8
chksum 0x2d
csum 0x2d
v8b899c12
~ld


6.01
 0h00:03.601 2021/09/30T08:33:08z: DS3231
 0h00:03.616 2021/09/30T08:33:08z: BME280 (0x76)
 0h00:03.630 2021/09/30T08:33:08z: 84:f3:eb:7d:7:a8
 0h00:03.632 2021/09/30T08:33:08z: SSID: MU Open
 0h00:03.637 2021/09/30T08:33:08z: AP_STAR tmr
 ets Jan  8 2013,rst cause:4, boot mode:(3,7)

wdt reset
load 0x4010f000, len 1384, room 16 
tail 8
chksum 0x2d
csum 0x2d
v8b899c12
~ld


6.01
 0h00:03.605 2021/09/30T08:53:05z: DS3231
 0h00:03.620 2021/09/30T08:53:05z: BME280 (0x76)
 0h00:03.635 2021/09/30T08:53:05z: 84:f3:eb:7d:7:a8
 0h00:03.636 2021/09/30T08:53:05z: SSID: MU Open
 0h00:03.641 2021/09/30T08:53:05z: AP_STAR tmr
 ets Jan  8 2013,rst cause:4, boot mode:(3,7)

wdt reset
load 0x4010f000, len 1384, room 16 
tail 8
chksum 0x2d
csum 0x2d
v8b899c12
~ld


6.01
 0h00:03.491 2021/09/30T09:13:03z: DS3231
 0h00:03.506 2021/09/30T09:13:03z: BME280 (0x76)
 0h00:03.521 2021/09/30T09:13:03z: 84:f3:eb:7d:7:a8
 0h00:03.522 2021/09/30T09:13:03z: SSID: MU Open
 0h00:03.528 2021/09/30T09:13:03z: AP_STAR tmr
 ets Jan  8 2013,rst cause:4, boot mode:(3,7)

wdt reset
load 0x4010f000, len 1384, room 16 
tail 8
chksum 0x2d
csum 0x2d
v8b899c12
~ld


6.01
 0h00:03.322 2021/09/30T09:33:01z: DS3231
 0h00:03.338 2021/09/30T09:33:01z: BME280 (0x76)
 0h00:03.352 2021/09/30T09:33:01z: 84:f3:eb:7d:7:a8
 0h00:03.354 2021/09/30T09:33:01z: SSID: MU Open
 0h00:03.359 2021/09/30T09:33:01z: AP_STAR tmr
 ets Jan  8 2013,rst cause:4, boot mode:(3,7)

wdt reset
load 0x4010f000, len 1384, room 16 
tail 8
chksum 0x2d
csum 0x2d
v8b899c12
~ld


6.01
 0h00:03.639 2021/09/30T09:52:58z: DS3231
 0h00:03.654 2021/09/30T09:52:58z: BME280 (0x76)
 0h00:03.668 2021/09/30T09:52:58z: 84:f3:eb:7d:7:a8
 0h00:03.670 2021/09/30T09:52:58z: SSID: MU Open
 0h00:03.675 2021/09/30T09:52:58z: AP_STAR tmr
 ets Jan  8 2013,rst cause:4, boot mode:(3,7)

wdt reset
load 0x4010f000, len 1384, room 16 
tail 8
chksum 0x2d
csum 0x2d
v8b899c12
~ld


6.01
 0h00:03.669 2021/09/30T10:12:56z: DS3231
 0h00:03.685 2021/09/30T10:12:56z: BME280 (0x76)
 0h00:03.699 2021/09/30T10:12:56z: 84:f3:eb:7d:7:a8
 0h00:03.700 2021/09/30T10:12:56z: SSID: MU Open
 0h00:03.706 2021/09/30T10:12:56z: AP_STAR tmr
 ets Jan  8 2013,rst cause:4, boot mode:(3,7)

wdt reset
load 0x4010f000, len 1384, room 16 
tail 8
chksum 0x2d
csum 0x2d
v8b899c12
~ld


6.01
 0h00:03.726 2021/09/30T10:32:54z: DS3231
 0h00:03.741 2021/09/30T10:32:54z: BME280 (0x76)
 0h00:03.755 2021/09/30T10:32:54z: 84:f3:eb:7d:7:a8
 0h00:03.757 2021/09/30T10:32:54z: SSID: MU Open
 0h00:03.762 2021/09/30T10:32:54z: AP_STAR tmr
 ets Jan  8 2013,rst cause:4, boot mode:(3,7)

wdt reset
load 0x4010f000, len 1384, room 16 
tail 8
chksum 0x2d
csum 0x2d
v8b899c12
~ld


6.01
 0h00:03.642 2021/09/30T10:52:51z: DS3231
 0h00:03.657 2021/09/30T10:52:51z: BME280 (0x76)
 0h00:03.671 2021/09/30T10:52:51z: 84:f3:eb:7d:7:a8
 0h00:03.673 2021/09/30T10:52:51z: SSID: MU Open
 0h00:03.678 2021/09/30T10:52:51z: AP_STAR tmr
 ets Jan  8 2013,rst cause:4, boot mode:(3,7)

wdt reset
load 0x4010f000, len 1384, room 16 
tail 8
chksum 0x2d
csum 0x2d
v8b899c12
~ld


6.01
 0h00:03.410 2021/09/30T11:12:49z: DS3231
 0h00:03.425 2021/09/30T11:12:49z: BME280 (0x76)
 0h00:03.439 2021/09/30T11:12:49z: 84:f3:eb:7d:7:a8
 0h00:03.441 2021/09/30T11:12:49z: SSID: MU Open
 0h00:03.446 2021/09/30T11:12:49z: AP_STAR tmr
 ets Jan  8 2013,rst cause:4, boot mode:(3,7)

wdt reset
load 0x4010f000, len 1384, room 16 
tail 8
chksum 0x2d
csum 0x2d
v8b899c12
~ld


6.01
 0h00:03.519 2021/09/30T11:32:48z: DS3231
 0h00:03.534 2021/09/30T11:32:48z: BME280 (0x76)
 0h00:03.548 2021/09/30T11:32:48z: 84:f3:eb:7d:7:a8
 0h00:03.550 2021/09/30T11:32:48z: SSID: MU Open
 0h00:03.555 2021/09/30T11:32:48z: AP_STAR tmr
 ets Jan  8 2013,rst cause:4, boot mode:(3,7)

wdt reset
load 0x4010f000, len 1384, room 16 
tail 8
chksum 0x2d
csum 0x2d
v8b899c12
~ld


6.01
 0h00:03.574 2021/09/30T11:52:46z: DS3231
 0h00:03.589 2021/09/30T11:52:46z: BME280 (0x76)
 0h00:03.604 2021/09/30T11:52:46z: 84:f3:eb:7d:7:a8
 0h00:03.605 2021/09/30T11:52:46z: SSID: MU Open
 0h00:03.610 2021/09/30T11:52:46z: AP_STAR tmr
 ets Jan  8 2013,rst cause:4, boot mode:(3,7)

wdt reset
load 0x4010f000, len 1384, room 16 
tail 8
chksum 0x2d
csum 0x2d
v8b899c12
~ld


6.01
 0h00:03.553 2021/09/30T12:12:44z: DS3231
 0h00:03.569 2021/09/30T12:12:44z: BME280 (0x76)
 0h00:03.583 2021/09/30T12:12:44z: 84:f3:eb:7d:7:a8
 0h00:03.585 2021/09/30T12:12:44z: SSID: MU Open
 0h00:03.590 2021/09/30T12:12:44z: AP_STAR tmr
 ets Jan  8 2013,rst cause:4, boot mode:(3,7)

wdt reset
load 0x4010f000, len 1384, room 16 
tail 8
chksum 0x2d
csum 0x2d
v8b899c12
~ld


6.01
 0h00:03.727 2021/09/30T12:32:42z: DS3231
 0h00:03.743 2021/09/30T12:32:42z: BME280 (0x76)
 0h00:03.757 2021/09/30T12:32:42z: 84:f3:eb:7d:7:a8
 0h00:03.758 2021/09/30T12:32:42z: SSID: MU Open
 0h00:03.764 2021/09/30T12:32:42z: AP_STAR tmr
 ets Jan  8 2013,rst cause:4, boot mode:(3,7)

wdt reset
load 0x4010f000, len 1384, room 16 
tail 8
chksum 0x2d
csum 0x2d
v8b899c12
~ld


6.01
 0h00:03.368 2021/09/30T12:52:40z: DS3231
 0h00:03.383 2021/09/30T12:52:40z: BME280 (0x76)
 0h00:03.397 2021/09/30T12:52:40z: 84:f3:eb:7d:7:a8
 0h00:03.399 2021/09/30T12:52:40z: SSID: MU Open
 0h00:03.404 2021/09/30T12:52:40z: AP_STAR tmr
 ets Jan  8 2013,rst cause:4, boot mode:(3,7)

wdt reset
load 0x4010f000, len 1384, room 16 
tail 8
chksum 0x2d
csum 0x2d
v8b899c12
~ld


6.01
 0h00:03.561 2021/09/30T13:12:37z: DS3231
 0h00:03.576 2021/09/30T13:12:37z: BME280 (0x76)
 0h00:03.590 2021/09/30T13:12:37z: 84:f3:eb:7d:7:a8
 0h00:03.592 2021/09/30T13:12:37z: SSID: MU Open
 0h00:03.597 2021/09/30T13:12:37z: AP_STAR tmr
 ets Jan  8 2013,rst cause:4, boot mode:(3,7)

wdt reset
load 0x4010f000, len 1384, room 16 
tail 8
chksum 0x2d
csum 0x2d
v8b899c12
~ld


6.01
 0h00:03.509 2021/09/30T13:32:34z: DS3231
 0h00:03.525 2021/09/30T13:32:34z: BME280 (0x76)
 0h00:03.539 2021/09/30T13:32:35z: 84:f3:eb:7d:7:a8
 0h00:03.540 2021/09/30T13:32:35z: SSID: MU Open
 0h00:03.546 2021/09/30T13:32:35z: AP_STAR tmr
 ets Jan  8 2013,rst cause:4, boot mode:(3,7)

wdt reset
load 0x4010f000, len 1384, room 16 
tail 8
chksum 0x2d
csum 0x2d
v8b899c12
~ld


6.01
 0h00:03.553 2021/09/30T13:52:33z: DS3231
 0h00:03.569 2021/09/30T13:52:33z: BME280 (0x76)
 0h00:03.583 2021/09/30T13:52:33z: 84:f3:eb:7d:7:a8
 0h00:03.585 2021/09/30T13:52:33z: SSID: MU Open
 0h00:03.590 2021/09/30T13:52:33z: AP_STAR tmr
 ets Jan  8 2013,rst cause:4, boot mode:(3,7)

wdt reset
load 0x4010f000, len 1384, room 16 
tail 8
chksum 0x2d
csum 0x2d
v8b899c12
~ld


6.01
 0h00:03.422 2021/09/30T14:12:31z: DS3231
 0h00:03.437 2021/09/30T14:12:31z: BME280 (0x76)
 0h00:03.451 2021/09/30T14:12:31z: 84:f3:eb:7d:7:a8
 0h00:03.453 2021/09/30T14:12:31z: SSID: MU Open
 0h00:03.458 2021/09/30T14:12:31z: AP_STAR tmr
 ets Jan  8 2013,rst cause:4, boot mode:(3,7)

wdt reset
load 0x4010f000, len 1384, room 16 
tail 8
chksum 0x2d
csum 0x2d
v8b899c12
~ld


6.01
 0h00:03.488 2021/09/30T14:32:28z: DS3231
 0h00:03.504 2021/09/30T14:32:28z: BME280 (0x76)
 0h00:03.518 2021/09/30T14:32:28z: 84:f3:eb:7d:7:a8
 0h00:03.520 2021/09/30T14:32:28z: SSID: MU Open
 0h00:03.525 2021/09/30T14:32:28z: AP_STAR tmr
 ets Jan  8 2013,rst cause:4, boot mode:(3,7)

wdt reset
load 0x4010f000, len 1384, room 16 
tail 8
chksum 0x2d
csum 0x2d
v8b899c12
~ld


6.01
 0h00:03.380 2021/09/30T14:52:26z: DS3231
 0h00:03.395 2021/09/30T14:52:26z: BME280 (0x76)
 0h00:03.409 2021/09/30T14:52:26z: 84:f3:eb:7d:7:a8
 0h00:03.411 2021/09/30T14:52:26z: SSID: MU Open
 0h00:03.416 2021/09/30T14:52:26z: AP_STAR tmr
 ets Jan  8 2013,rst cause:4, boot mode:(3,7)

wdt reset
load 0x4010f000, len 1384, room 16 
tail 8
chksum 0x2d
csum 0x2d
v8b899c12
~ld


6.01
 0h00:03.275 2021/09/30T15:12:24z: DS3231
 0h00:03.290 2021/09/30T15:12:24z: BME280 (0x76)
 0h00:03.304 2021/09/30T15:12:24z: 84:f3:eb:7d:7:a8
 0h00:03.306 2021/09/30T15:12:24z: SSID: MU Open
 0h00:03.311 2021/09/30T15:12:24z: AP_STAR tmr
 ets Jan  8 2013,rst cause:4, boot mode:(3,7)

wdt reset
load 0x4010f000, len 1384, room 16 
tail 8
chksum 0x2d
csum 0x2d
v8b899c12
~ld


6.01
 0h00:03.394 2021/09/30T15:32:22z: DS3231
 0h00:03.409 2021/09/30T15:32:22z: BME280 (0x76)
 0h00:03.424 2021/09/30T15:32:22z: 84:f3:eb:7d:7:a8
 0h00:03.425 2021/09/30T15:32:22z: SSID: MU Open
 0h00:03.430 2021/09/30T15:32:22z: AP_STAR tmr
 ets Jan  8 2013,rst cause:4, boot mode:(3,7)

wdt reset
load 0x4010f000, len 1384, room 16 
tail 8
chksum 0x2d
csum 0x2d
v8b899c12
~ld


6.01
 0h00:03.384 2021/09/30T15:52:19z: DS3231
 0h00:03.400 2021/09/30T15:52:19z: BME280 (0x76)
 0h00:03.414 2021/09/30T15:52:19z: 84:f3:eb:7d:7:a8
 0h00:03.415 2021/09/30T15:52:19z: SSID: MU Open
 0h00:03.421 2021/09/30T15:52:19z: AP_STAR tmr
 ets Jan  8 2013,rst cause:4, boot mode:(3,7)

wdt reset
load 0x4010f000, len 1384, room 16 
tail 8
chksum 0x2d
csum 0x2d
v8b899c12
~ld


6.01
 0h00:03.386 2021/09/30T16:12:17z: DS3231
 0h00:03.401 2021/09/30T16:12:17z: BME280 (0x76)
 0h00:03.415 2021/09/30T16:12:17z: 84:f3:eb:7d:7:a8
 0h00:03.417 2021/09/30T16:12:17z: SSID: MU Open
 0h00:03.422 2021/09/30T16:12:17z: AP_STAR tmr
 ets Jan  8 2013,rst cause:4, boot mode:(3,7)

wdt reset
load 0x4010f000, len 1384, room 16 
tail 8
chksum 0x2d
csum 0x2d
v8b899c12
~ld


6.01
 0h00:03.483 2021/09/30T16:32:15z: DS3231
 0h00:03.498 2021/09/30T16:32:15z: BME280 (0x76)
 0h00:03.513 2021/09/30T16:32:15z: 84:f3:eb:7d:7:a8
 0h00:03.514 2021/09/30T16:32:15z: SSID: MU Open
 0h00:03.520 2021/09/30T16:32:15z: AP_STAR tmr
 ets Jan  8 2013,rst cause:4, boot mode:(3,7)

wdt reset
load 0x4010f000, len 1384, room 16 
tail 8
chksum 0x2d
csum 0x2d
v8b899c12
~ld


6.01
 0h00:03.508 2021/09/30T16:52:13z: DS3231
 0h00:03.524 2021/09/30T16:52:13z: BME280 (0x76)
 0h00:03.538 2021/09/30T16:52:13z: 84:f3:eb:7d:7:a8
 0h00:03.540 2021/09/30T16:52:13z: SSID: MU Open
 0h00:03.545 2021/09/30T16:52:13z: AP_STAR tmr
 ets Jan  8 2013,rst cause:4, boot mode:(3,7)

wdt reset
load 0x4010f000, len 1384, room 16 
tail 8
chksum 0x2d
csum 0x2d
v8b899c12
~ld


6.01
 0h00:03.368 2021/09/30T17:12:10z: DS3231
 0h00:03.383 2021/09/30T17:12:10z: BME280 (0x76)
 0h00:03.397 2021/09/30T17:12:10z: 84:f3:eb:7d:7:a8
 0h00:03.399 2021/09/30T17:12:10z: SSID: MU Open
 0h00:03.404 2021/09/30T17:12:10z: AP_STAR tmr
 ets Jan  8 2013,rst cause:4, boot mode:(3,7)

wdt reset
load 0x4010f000, len 1384, room 16 
tail 8
chksum 0x2d
csum 0x2d
v8b899c12
~ld


6.01
 0h00:03.514 2021/09/30T17:32:08z: DS3231
 0h00:03.529 2021/09/30T17:32:08z: BME280 (0x76)
 0h00:03.543 2021/09/30T17:32:08z: 84:f3:eb:7d:7:a8
 0h00:03.545 2021/09/30T17:32:08z: SSID: MU Open
 0h00:03.550 2021/09/30T17:32:08z: AP_STAR tmr
 ets Jan  8 2013,rst cause:4, boot mode:(3,7)

wdt reset
load 0x4010f000, len 1384, room 16 
tail 8
chksum 0x2d
csum 0x2d
v8b899c12
~ld


6.01
 0h00:03.310 2021/09/30T17:52:06z: DS3231
 0h00:03.325 2021/09/30T17:52:06z: BME280 (0x76)
 0h00:03.340 2021/09/30T17:52:06z: 84:f3:eb:7d:7:a8
 0h00:03.341 2021/09/30T17:52:06z: SSID: MU Open
 0h00:03.346 2021/09/30T17:52:06z: AP_STAR tmr
 ets Jan  8 2013,rst cause:4, boot mode:(3,7)

wdt reset
load 0x4010f000, len 1384, room 16 
tail 8
chksum 0x2d
csum 0x2d
v8b899c12
~ld


6.01
 0h00:03.498 2021/09/30T18:12:03z: DS3231
 0h00:03.513 2021/09/30T18:12:03z: BME280 (0x76)
 0h00:03.527 2021/09/30T18:12:03z: 84:f3:eb:7d:7:a8
 0h00:03.529 2021/09/30T18:12:03z: SSID: MU Open
 0h00:03.534 2021/09/30T18:12:03z: AP_STAR tmr
 ets Jan  8 2013,rst cause:4, boot mode:(3,7)

wdt reset
load 0x4010f000, len 1384, room 16 
tail 8
chksum 0x2d
csum 0x2d
v8b899c12
~ld


6.01
 0h00:03.601 2021/09/30T18:32:02z: DS3231
 0h00:03.616 2021/09/30T18:32:02z: BME280 (0x76)
 0h00:03.630 2021/09/30T18:32:02z: 84:f3:eb:7d:7:a8
 0h00:03.632 2021/09/30T18:32:02z: SSID: MU Open
 0h00:03.637 2021/09/30T18:32:02z: AP_STAR tmr
 ets Jan  8 2013,rst cause:4, boot mode:(3,7)

wdt reset
load 0x4010f000, len 1384, room 16 
tail 8
chksum 0x2d
csum 0x2d
v8b899c12
~ld


6.01
 0h00:03.380 2021/09/30T18:51:59z: DS3231
 0h00:03.396 2021/09/30T18:51:59z: BME280 (0x76)
 0h00:03.410 2021/09/30T18:51:59z: 84:f3:eb:7d:7:a8
 0h00:03.412 2021/09/30T18:51:59z: SSID: MU Open
 0h00:03.417 2021/09/30T18:51:59z: AP_STAR tmr
 ets Jan  8 2013,rst cause:4, boot mode:(3,7)

wdt reset
load 0x4010f000, len 1384, room 16 
tail 8
chksum 0x2d
csum 0x2d
v8b899c12
~ld


6.01
 0h00:03.306 2021/09/30T19:11:58z: DS3231
 0h00:03.321 2021/09/30T19:11:58z: BME280 (0x76)
 0h00:03.335 2021/09/30T19:11:58z: 84:f3:eb:7d:7:a8
 0h00:03.337 2021/09/30T19:11:58z: SSID: MU Open
 0h00:03.342 2021/09/30T19:11:58z: AP_STAR tmr
 ets Jan  8 2013,rst cause:4, boot mode:(3,7)

wdt reset
load 0x4010f000, len 1384, room 16 
tail 8
chksum 0x2d
csum 0x2d
v8b899c12
~ld


6.01
 0h00:03.285 2021/09/30T19:31:55z: DS3231
 0h00:03.300 2021/09/30T19:31:55z: BME280 (0x76)
 0h00:03.315 2021/09/30T19:31:55z: 84:f3:eb:7d:7:a8
 0h00:03.316 2021/09/30T19:31:55z: SSID: MU Open
 0h00:03.321 2021/09/30T19:31:55z: AP_STAR tmr
 ets Jan  8 2013,rst cause:4, boot mode:(3,7)

wdt reset
load 0x4010f000, len 1384, room 16 
tail 8
chksum 0x2d
csum 0x2d
v8b899c12
~ld


6.01
 0h00:03.284 2021/09/30T19:51:53z: DS3231
 0h00:03.300 2021/09/30T19:51:53z: BME280 (0x76)
 0h00:03.314 2021/09/30T19:51:53z: 84:f3:eb:7d:7:a8
 0h00:03.316 2021/09/30T19:51:53z: SSID: MU Open
 0h00:03.321 2021/09/30T19:51:53z: AP_STAR tmr
 ets Jan  8 2013,rst cause:4, boot mode:(3,7)

wdt reset
load 0x4010f000, len 1384, room 16 
tail 8
chksum 0x2d
csum 0x2d
v8b899c12
~ld


6.01
 0h00:03.306 2021/09/30T20:11:50z: DS3231
 0h00:03.321 2021/09/30T20:11:50z: BME280 (0x76)
 0h00:03.335 2021/09/30T20:11:50z: 84:f3:eb:7d:7:a8
 0h00:03.337 2021/09/30T20:11:50z: SSID: MU Open
 0h00:03.342 2021/09/30T20:11:50z: AP_STAR tmr
 ets Jan  8 2013,rst cause:4, boot mode:(3,7)

wdt reset
load 0x4010f000, len 1384, room 16 
tail 8
chksum 0x2d
csum 0x2d
v8b899c12
~ld


6.01
 0h00:03.542 2021/09/30T20:31:47z: DS3231
 0h00:03.558 2021/09/30T20:31:47z: BME280 (0x76)
 0h00:03.572 2021/09/30T20:31:47z: 84:f3:eb:7d:7:a8
 0h00:03.574 2021/09/30T20:31:47z: SSID: MU Open
 0h00:03.579 2021/09/30T20:31:47z: AP_STAR tmr
 ets Jan  8 2013,rst cause:4, boot mode:(3,7)

wdt reset
load 0x4010f000, len 1384, room 16 
tail 8
chksum 0x2d
csum 0x2d
v8b899c12
~ld


6.01
 0h00:03.406 2021/09/30T20:51:45z: DS3231
 0h00:03.421 2021/09/30T20:51:45z: BME280 (0x76)
 0h00:03.436 2021/09/30T20:51:45z: 84:f3:eb:7d:7:a8
 0h00:03.437 2021/09/30T20:51:45z: SSID: MU Open
 0h00:03.442 2021/09/30T20:51:45z: AP_STAR tmr
 ets Jan  8 2013,rst cause:4, boot mode:(3,7)

wdt reset
load 0x4010f000, len 1384, room 16 
tail 8
chksum 0x2d
csum 0x2d
v8b899c12
~ld


6.01
 0h00:03.417 2021/09/30T21:11:43z: DS3231
 0h00:03.432 2021/09/30T21:11:43z: BME280 (0x76)
 0h00:03.446 2021/09/30T21:11:43z: 84:f3:eb:7d:7:a8
 0h00:03.448 2021/09/30T21:11:43z: SSID: MU Open
 0h00:03.453 2021/09/30T21:11:43z: AP_STAR tmr
 ets Jan  8 2013,rst cause:4, boot mode:(3,7)

wdt reset
load 0x4010f000, len 1384, room 16 
tail 8
chksum 0x2d
csum 0x2d
v8b899c12
~ld


6.01
 0h00:03.409 2021/09/30T21:31:41z: DS3231
 0h00:03.424 2021/09/30T21:31:41z: BME280 (0x76)
 0h00:03.438 2021/09/30T21:31:41z: 84:f3:eb:7d:7:a8
 0h00:03.440 2021/09/30T21:31:41z: SSID: MU Open
 0h00:03.445 2021/09/30T21:31:41z: AP_STAR tmr
 ets Jan  8 2013,rst cause:4, boot mode:(3,7)

wdt reset
load 0x4010f000, len 1384, room 16 
tail 8
chksum 0x2d
csum 0x2d
v8b899c12
~ld


6.01
 0h00:03.412 2021/09/30T21:51:39z: DS3231
 0h00:03.427 2021/09/30T21:51:39z: BME280 (0x76)
 0h00:03.441 2021/09/30T21:51:39z: 84:f3:eb:7d:7:a8
 0h00:03.443 2021/09/30T21:51:39z: SSID: MU Open
 0h00:03.448 2021/09/30T21:51:39z: AP_STAR tmr
 ets Jan  8 2013,rst cause:4, boot mode:(3,7)

wdt reset
load 0x4010f000, len 1384, room 16 
tail 8
chksum 0x2d
csum 0x2d
v8b899c12
~ld


6.01
 0h00:03.416 2021/09/30T22:11:36z: DS3231
 0h00:03.432 2021/09/30T22:11:36z: BME280 (0x76)
 0h00:03.446 2021/09/30T22:11:36z: 84:f3:eb:7d:7:a8
 0h00:03.448 2021/09/30T22:11:36z: SSID: MU Open
 0h00:03.453 2021/09/30T22:11:36z: AP_STAR tmr
 ets Jan  8 2013,rst cause:4, boot mode:(3,7)

wdt reset
load 0x4010f000, len 1384, room 16 
tail 8
chksum 0x2d
csum 0x2d
v8b899c12
~ld


6.01
 0h00:03.581 2021/09/30T22:31:34z: DS3231
 0h00:03.596 2021/09/30T22:31:34z: BME280 (0x76)
 0h00:03.610 2021/09/30T22:31:34z: 84:f3:eb:7d:7:a8
 0h00:03.612 2021/09/30T22:31:34z: SSID: MU Open
 0h00:03.617 2021/09/30T22:31:34z: AP_STAR tmr
 ets Jan  8 2013,rst cause:4, boot mode:(3,7)

wdt reset
load 0x4010f000, len 1384, room 16 
tail 8
chksum 0x2d
csum 0x2d
v8b899c12
~ld


6.01
 0h00:03.327 2021/09/30T22:51:31z: DS3231
 0h00:03.343 2021/09/30T22:51:31z: BME280 (0x76)
 0h00:03.357 2021/09/30T22:51:31z: 84:f3:eb:7d:7:a8
 0h00:03.358 2021/09/30T22:51:31z: SSID: MU Open
 0h00:03.364 2021/09/30T22:51:31z: AP_STAR tmr
 ets Jan  8 2013,rst cause:4, boot mode:(3,7)

wdt reset
load 0x4010f000, len 1384, room 16 
tail 8
chksum 0x2d
csum 0x2d
v8b899c12
~ld


6.01
 0h00:03.349 2021/09/30T23:11:29z: DS3231
 0h00:03.364 2021/09/30T23:11:29z: BME280 (0x76)
 0h00:03.378 2021/09/30T23:11:29z: 84:f3:eb:7d:7:a8
 0h00:03.380 2021/09/30T23:11:29z: SSID: MU Open
 0h00:03.385 2021/09/30T23:11:29z: AP_STAR tmr
 ets Jan  8 2013,rst cause:4, boot mode:(3,7)

wdt reset
load 0x4010f000, len 1384, room 16 
tail 8
chksum 0x2d
csum 0x2d
v8b899c12
~ld


6.01
 0h00:03.560 2021/09/30T23:31:26z: DS3231
 0h00:03.575 2021/09/30T23:31:26z: BME280 (0x76)
 0h00:03.589 2021/09/30T23:31:26z: 84:f3:eb:7d:7:a8
 0h00:03.591 2021/09/30T23:31:26z: SSID: MU Open
 0h00:03.596 2021/09/30T23:31:26z: AP_STAR tmr
 ets Jan  8 2013,rst cause:4, boot mode:(3,7)

wdt reset
load 0x4010f000, len 1384, room 16 
tail 8
chksum 0x2d
csum 0x2d
v8b899c12
~ld


6.01
 0h00:03.568 2021/09/30T23:51:24z: DS3231
 0h00:03.583 2021/09/30T23:51:24z: BME280 (0x76)
 0h00:03.597 2021/09/30T23:51:24z: 84:f3:eb:7d:7:a8
 0h00:03.599 2021/09/30T23:51:24z: SSID: MU Open
 0h00:03.604 2021/09/30T23:51:24z: AP_STA