R tmr
 ets Jan  8 2013,rst cause:4, boot mode:(3,7)

wdt reset
load 0x4010f000, len 1384, room 16 
tail 8
chksum 0x2d
csum 0x2d
v8b899c12
~ld


6.01
 0h00:04.281 2021/12/15T00:11:05z: DS3231
 0h00:04.296 2021/12/15T00:11:05z: BME280 (0x76)
 0h00:04.311 2021/12/15T00:11:05z: 84:f3:eb:7d:7:a8
 0h00:04.312 2021/12/15T00:11:05z: SSID: MU Open
 0h00:04.318 2021/12/15T00:11:05z: AP_STAR tmr
 ets Jan  8 2013,rst cause:4, boot mode:(3,7)

wdt reset
load 0x4010f000, len 1384, room 16 
tail 8
chksum 0x2d
csum 0x2d
v8b899c12
~ld


6.01
 0h00:04.280 2021/12/15T00:31:04z: DS3231
 0h00:04.295 2021/12/15T00:31:04z: BME280 (0x76)
 0h00:04.309 2021/12/15T00:31:04z: 84:f3:eb:7d:7:a8
 0h00:04.311 2021/12/15T00:31:04z: SSID: MU Open
 0h00:04.316 2021/12/15T00:31:04z: AP_STAR tmr
 ets Jan  8 2013,rst cause:4, boot mode:(3,7)

wdt reset
load 0x4010f000, len 1384, room 16 
tail 8
chksum 0x2d
csum 0x2d
v8b899c12
~ld


6.01
 0h00:04.328 2021/12/15T00:51:05z: DS3231
 0h00:04.343 2021/12/15T00:51:05z: BME280 (0x76)
 0h00:04.357 2021/12/15T00:51:05z: 84:f3:eb:7d:7:a8
 0h00:04.359 2021/12/15T00:51:05z: SSID: MU Open
 0h00:04.364 2021/12/15T00:51:05z: AP_STAR tmr
 ets Jan  8 2013,rst cause:4, boot mode:(3,7)

wdt reset
load 0x4010f000, len 1384, room 16 
tail 8
chksum 0x2d
csum 0x2d
v8b899c12
~ld


6.01
 0h00:04.306 2021/12/15T01:11:04z: DS3231
 0h00:04.321 2021/12/15T01:11:04z: BME280 (0x76)
 0h00:04.335 2021/12/15T01:11:04z: 84:f3:eb:7d:7:a8
 0h00:04.337 2021/12/15T01:11:04z: SSID: MU Open
 0h00:04.342 2021/12/15T01:11:04z: AP_STAR tmr
 ets Jan  8 2013,rst cause:4, boot mode:(3,7)

wdt reset
load 0x4010f000, len 1384, room 16 
tail 8
chksum 0x2d
csum 0x2d
v8b899c12
~ld


6.01
 0h00:04.141 2021/12/15T01:31:04z: DS3231
 0h00:04.156 2021/12/15T01:31:04z: BME280 (0x76)
 0h00:04.170 2021/12/15T01:31:04z: 84:f3:eb:7d:7:a8
 0h00:04.172 2021/12/15T01:31:04z: SSID: MU Open
 0h00:04.177 2021/12/15T01:31:04z: AP_STAR tmr
 ets Jan  8 2013,rst cause:4, boot mode:(3,7)

wdt reset
load 0x4010f000, len 1384, room 16 
tail 8
chksum 0x2d
csum 0x2d
v8b899c12
~ld


6.01
 0h00:04.173 2021/12/15T01:51:05z: DS3231
 0h00:04.188 2021/12/15T01:51:05z: BME280 (0x76)
 0h00:04.202 2021/12/15T01:51:05z: 84:f3:eb:7d:7:a8
 0h00:04.204 2021/12/15T01:51:05z: SSID: MU Open
 0h00:04.209 2021/12/15T01:51:05z: AP_STAR tmr
 ets Jan  8 2013,rst cause:4, boot mode:(3,7)

wdt reset
load 0x4010f000, len 1384, room 16 
tail 8
chksum 0x2d
csum 0x2d
v8b899c12
~ld


6.01
 0h00:04.451 2021/12/15T02:11:05z: DS3231
 0h00:04.466 2021/12/15T02:11:05z: BME280 (0x76)
 0h00:04.480 2021/12/15T02:11:05z: 84:f3:eb:7d:7:a8
 0h00:04.482 2021/12/15T02:11:05z: SSID: MU Open
 0h00:04.487 2021/12/15T02:11:05z: AP_STAR tmr
 ets Jan  8 2013,rst cause:4, boot mode:(3,7)

wdt reset
load 0x4010f000, len 1384, room 16 
tail 8
chksum 0x2d
csum 0x2d
v8b899c12
~ld


6.01
 0h00:04.322 2021/12/15T02:31:05z: DS3231
 0h00:04.337 2021/12/15T02:31:05z: BME280 (0x76)
 0h00:04.351 2021/12/15T02:31:05z: 84:f3:eb:7d:7:a8
 0h00:04.353 2021/12/15T02:31:05z: SSID: MU Open
 0h00:04.358 2021/12/15T02:31:05z: AP_STAR tmr
 ets Jan  8 2013,rst cause:4, boot mode:(3,7)

wdt reset
load 0x4010f000, len 1384, room 16 
tail 8
chksum 0x2d
csum 0x2d
v8b899c12
~ld


6.01
 0h00:04.425 2021/12/15T02:51:04z: DS3231
 0h00:04.441 2021/12/15T02:51:05z: BME280 (0x76)
 0h00:04.455 2021/12/15T02:51:05z: 84:f3:eb:7d:7:a8
 0h00:04.456 2021/12/15T02:51:05z: SSID: MU Open
 0h00:04.462 2021/12/15T02:51:05z: AP_STAR tmr
 ets Jan  8 2013,rst cause:4, boot mode:(3,7)

wdt reset
load 0x4010f000, len 1384, room 16 
tail 8
chksum 0x2d
csum 0x2d
v8b899c12
~ld


6.01
 0h00:04.367 2021/12/15T03:11:05z: DS3231
 0h00:04.382 2021/12/15T03:11:05z: BME280 (0x76)
 0h00:04.396 2021/12/15T03:11:05z: 84:f3:eb:7d:7:a8
 0h00:04.398 2021/12/15T03:11:05z: SSID: MU Open
 0h00:04.403 2021/12/15T03:11:05z: AP_STAR tmr
 ets Jan  8 2013,rst cause:4, boot mode:(3,7)

wdt reset
load 0x4010f000, len 1384, room 16 
tail 8
chksum 0x2d
csum 0x2d
v8b899c12
~ld


6.01
 0h00:04.452 2021/12/15T03:31:05z: DS3231
 0h00:04.468 2021/12/15T03:31:05z: BME280 (0x76)
 0h00:04.482 2021/12/15T03:31:05z: 84:f3:eb:7d:7:a8
 0h00:04.483 2021/12/15T03:31:05z: SSID: MU Open
 0h00:04.489 2021/12/15T03:31:05z: AP_STAR tmr
 ets Jan  8 2013,rst cause:4, boot mode:(3,7)

wdt reset
load 0x4010f000, len 1384, room 16 
tail 8
chksum 0x2d
csum 0x2d
v8b899c12
~ld


6.01
 0h00:04.364 2021/12/15T03:51:05z: DS3231
 0h00:04.379 2021/12/15T03:51:05z: BME280 (0x76)
 0h00:04.393 2021/12/15T03:51:05z: 84:f3:eb:7d:7:a8
 0h00:04.395 2021/12/15T03:51:05z: SSID: MU Open
 0h00:04.400 2021/12/15T03:51:05z: AP_STAR tmr
 ets Jan  8 2013,rst cause:4, boot mode:(3,7)

wdt reset
load 0x4010f000, len 1384, room 16 
tail 8
chksum 0x2d
csum 0x2d
v8b899c12
~ld


6.01
 0h00:04.486 2021/12/15T04:11:05z: DS3231
 0h00:04.501 2021/12/15T04:11:05z: BME280 (0x76)
 0h00:04.515 2021/12/15T04:11:05z: 84:f3:eb:7d:7:a8
 0h00:04.517 2021/12/15T04:11:05z: SSID: MU Open
 0h00:04.522 2021/12/15T04:11:05z: AP_STAR tmr
 ets Jan  8 2013,rst cause:4, boot mode:(3,7)

wdt reset
load 0x4010f000, len 1384, room 16 
tail 8
chksum 0x2d
csum 0x2d
v8b899c12
~ld


6.01
 0h00:04.220 2021/12/15T04:31:06z: DS3231
 0h00:04.235 2021/12/15T04:31:06z: BME280 (0x76)
 0h00:04.249 2021/12/15T04:31:06z: 84:f3:eb:7d:7:a8
 0h00:04.251 2021/12/15T04:31:06z: SSID: MU Open
 0h00:04.256 2021/12/15T04:31:06z: AP_STAR tmr
 ets Jan  8 2013,rst cause:4, boot mode:(3,7)

wdt reset
load 0x4010f000, len 1384, room 16 
tail 8
chksum 0x2d
csum 0x2d
v8b899c12
~ld


6.01
 0h00:04.230 2021/12/15T04:51:05z: DS3231
 0h00:04.245 2021/12/15T04:51:05z: BME280 (0x76)
 0h00:04.260 2021/12/15T04:51:05z: 84:f3:eb:7d:7:a8
 0h00:04.261 2021/12/15T04:51:05z: SSID: MU Open
 0h00:04.266 2021/12/15T04:51:05z: AP_STAR tmr
 ets Jan  8 2013,rst cause:4, boot mode:(3,7)

wdt reset
load 0x4010f000, len 1384, room 16 
tail 8
chksum 0x2d
csum 0x2d
v8b899c12
~ld


6.01
 0h00:04.292 2021/12/15T05:11:05z: DS3231
 0h00:04.307 2021/12/15T05:11:05z: BME280 (0x76)
 0h00:04.322 2021/12/15T05:11:05z: 84:f3:eb:7d:7:a8
 0h00:04.323 2021/12/15T05:11:05z: SSID: MU Open
 0h00:04.328 2021/12/15T05:11:05z: AP_STAR tmr
 ets Jan  8 2013,rst cause:4, boot mode:(3,7)

wdt reset
load 0x4010f000, len 1384, room 16 
tail 8
chksum 0x2d
csum 0x2d
v8b899c12
~ld


6.01
 0h00:04.399 2021/12/15T05:31:06z: DS3231
 0h00:04.414 2021/12/15T05:31:06z: BME280 (0x76)
 0h00:04.428 2021/12/15T05:31:06z: 84:f3:eb:7d:7:a8
 0h00:04.430 2021/12/15T05:31:06z: SSID: MU Open
 0h00:04.435 2021/12/15T05:31:06z: AP_STAR tmr
 ets Jan  8 2013,rst cause:4, boot mode:(3,7)

wdt reset
load 0x4010f000, len 1384, room 16 
tail 8
chksum 0x2d
csum 0x2d
v8b899c12
~ld


6.01
 0h00:04.165 2021/12/15T05:51:06z: DS3231
 0h00:04.180 2021/12/15T05:51:06z: BME280 (0x76)
 0h00:04.194 2021/12/15T05:51:06z: 84:f3:eb:7d:7:a8
 0h00:04.196 2021/12/15T05:51:06z: SSID: MU Open
 0h00:04.201 2021/12/15T05:51:06z: AP_STAR tmr
 ets Jan  8 2013,rst cause:4, boot mode:(3,7)

wdt reset
load 0x4010f000, len 1384, room 16 
tail 8
chksum 0x2d
csum 0x2d
v8b899c12
~ld


6.01
 0h00:04.306 2021/12/15T06:11:06z: DS3231
 0h00:04.321 2021/12/15T06:11:06z: BME280 (0x76)
 0h00:04.336 2021/12/15T06:11:06z: 84:f3:eb:7d:7:a8
 0h00:04.337 2021/12/15T06:11:06z: SSID: MU Open
 0h00:04.342 2021/12/15T06:11:06z: AP_STAR tmr
 ets Jan  8 2013,rst cause:4, boot mode:(3,7)

wdt reset
load 0x4010f000, len 1384, room 16 
tail 8
chksum 0x2d
csum 0x2d
v8b899c12
~ld


6.01
 0h00:04.265 2021/12/15T06:31:06z: DS3231
 0h00:04.280 2021/12/15T06:31:06z: BME280 (0x76)
 0h00:04.294 2021/12/15T06:31:06z: 84:f3:eb:7d:7:a8
 0h00:04.296 2021/12/15T06:31:06z: SSID: MU Open
 0h00:04.301 2021/12/15T06:31:06z: AP_STAR tmr
 ets Jan  8 2013,rst cause:4, boot mode:(3,7)

wdt reset
load 0x4010f000, len 1384, room 16 
tail 8
chksum 0x2d
csum 0x2d
v8b899c12
~ld


6.01
 0h00:04.482 2021/12/15T06:51:06z: DS3231
 0h00:04.498 2021/12/15T06:51:06z: BME280 (0x76)
 0h00:04.512 2021/12/15T06:51:06z: 84:f3:eb:7d:7:a8
 0h00:04.513 2021/12/15T06:51:06z: SSID: MU Open
 0h00:04.519 2021/12/15T06:51:06z: AP_STAR tmr
 ets Jan  8 2013,rst cause:4, boot mode:(3,7)

wdt reset
load 0x4010f000, len 1384, room 16 
tail 8
chksum 0x2d
csum 0x2d
v8b899c12
~ld


6.01
 0h00:04.280 2021/12/15T07:11:06z: DS3231
 0h00:04.296 2021/12/15T07:11:06z: BME280 (0x76)
 0h00:04.310 2021/12/15T07:11:06z: 84:f3:eb:7d:7:a8
 0h00:04.311 2021/12/15T07:11:06z: SSID: MU Open
 0h00:04.317 2021/12/15T07:11:06z: AP_STAR tmr
 ets Jan  8 2013,rst cause:4, boot mode:(3,7)

wdt reset
load 0x4010f000, len 1384, room 16 
tail 8
chksum 0x2d
csum 0x2d
v8b899c12
~ld


6.01
 0h00:03.843 2021/12/15T07:31:05z: DS3231
 0h00:03.859 2021/12/15T07:31:05z: BME280 (0x76)
 0h00:03.873 2021/12/15T07:31:05z: 84:f3:eb:7d:7:a8
 0h00:03.875 2021/12/15T07:31:05z: SSID: MU Open
 0h00:03.880 2021/12/15T07:31:05z: AP_STAR tmr
 ets Jan  8 2013,rst cause:4, boot mode:(3,7)

wdt reset
load 0x4010f000, len 1384, room 16 
tail 8
chksum 0x2d
csum 0x2d
v8b899c12
~ld


6.01
 0h00:04.373 2021/12/15T07:51:06z: DS3231
 0h00:04.389 2021/12/15T07:51:06z: BME280 (0x76)
 0h00:04.403 2021/12/15T07:51:06z: 84:f3:eb:7d:7:a8
 0h00:04.404 2021/12/15T07:51:06z: SSID: MU Open
 0h00:04.410 2021/12/15T07:51:06z: AP_STAR tmr
 ets Jan  8 2013,rst cause:4, boot mode:(3,7)

wdt reset
load 0x4010f000, len 1384, room 16 
tail 8
chksum 0x2d
csum 0x2d
v8b899c12
~ld


6.01
 0h00:04.450 2021/12/15T08:11:07z: DS3231
 0h00:04.466 2021/12/15T08:11:07z: BME280 (0x76)
 0h00:04.480 2021/12/15T08:11:07z: 84:f3:eb:7d:7:a8
 0h00:04.482 2021/12/15T08:11:07z: SSID: MU Open
 0h00:04.487 2021/12/15T08:11:07z: AP_STAR tmr
 ets Jan  8 2013,rst cause:4, boot mode:(3,7)

wdt reset
load 0x4010f000, len 1384, room 16 
tail 8
chksum 0x2d
csum 0x2d
v8b899c12
~ld


6.01
 0h00:04.234 2021/12/15T08:31:07z: DS3231
 0h00:04.249 2021/12/15T08:31:07z: BME280 (0x76)
 0h00:04.264 2021/12/15T08:31:07z: 84:f3:eb:7d:7:a8
 0h00:04.265 2021/12/15T08:31:07z: SSID: MU Open
 0h00:04.270 2021/12/15T08:31:07z: AP_STAR tmr
 ets Jan  8 2013,rst cause:4, boot mode:(3,7)

wdt reset
load 0x4010f000, len 1384, room 16 
tail 8
chksum 0x2d
csum 0x2d
v8b899c12
~ld


6.01
 0h00:04.426 2021/12/15T08:51:07z: DS3231
 0h00:04.441 2021/12/15T08:51:07z: BME280 (0x76)
 0h00:04.456 2021/12/15T08:51:07z: 84:f3:eb:7d:7:a8
 0h00:04.457 2021/12/15T08:51:07z: SSID: MU Open
 0h00:04.463 2021/12/15T08:51:07z: AP_STAR tmr
 ets Jan  8 2013,rst cause:4, boot mode:(3,7)

wdt reset
load 0x4010f000, len 1384, room 16 
tail 8
chksum 0x2d
csum 0x2d
v8b899c12
~ld


6.01
 0h00:04.536 2021/12/15T09:11:08z: DS3231
 0h00:04.552 2021/12/15T09:11:08z: BME280 (0x76)
 0h00:04.566 2021/12/15T09:11:08z: 84:f3:eb:7d:7:a8
 0h00:04.567 2021/12/15T09:11:08z: SSID: MU Open
 0h00:04.573 2021/12/15T09:11:08z: AP_STAR tmr
 ets Jan  8 2013,rst cause:4, boot mode:(3,7)

wdt reset
load 0x4010f000, len 1384, room 16 
tail 8
chksum 0x2d
csum 0x2d
v8b899c12
~ld


6.01
 0h00:04.455 2021/12/15T09:31:09z: DS3231
 0h00:04.471 2021/12/15T09:31:09z: BME280 (0x76)
 0h00:04.485 2021/12/15T09:31:09z: 84:f3:eb:7d:7:a8
 0h00:04.487 2021/12/15T09:31:09z: SSID: MU Open
 0h00:04.492 2021/12/15T09:31:09z: AP_STAR tmr
 ets Jan  8 2013,rst cause:4, boot mode:(3,7)

wdt reset
load 0x4010f000, len 1384, room 16 
tail 8
chksum 0x2d
csum 0x2d
v8b899c12
~ld


6.01
 0h00:04.586 2021/12/15T09:51:09z: DS3231
 0h00:04.601 2021/12/15T09:51:09z: BME280 (0x76)
 0h00:04.615 2021/12/15T09:51:09z: 84:f3:eb:7d:7:a8
 0h00:04.617 2021/12/15T09:51:09z: SSID: MU Open
 0h00:04.622 2021/12/15T09:51:09z: AP_STAR tmr
 ets Jan  8 2013,rst cause:4, boot mode:(3,7)

wdt reset
load 0x4010f000, len 1384, room 16 
tail 8
chksum 0x2d
csum 0x2d
v8b899c12
~ld


6.01
 0h00:04.521 2021/12/15T10:11:10z: DS3231
 0h00:04.536 2021/12/15T10:11:10z: BME280 (0x76)
 0h00:04.550 2021/12/15T10:11:10z: 84:f3:eb:7d:7:a8
 0h00:04.552 2021/12/15T10:11:10z: SSID: MU Open
 0h00:04.557 2021/12/15T10:11:10z: AP_STAR tmr
 ets Jan  8 2013,rst cause:4, boot mode:(3,7)

wdt reset
load 0x4010f000, len 1384, room 16 
tail 8
chksum 0x2d
csum 0x2d
v8b899c12
~ld


6.01
 0h00:04.351 2021/12/15T10:31:10z: DS3231
 0h00:04.366 2021/12/15T10:31:10z: BME280 (0x76)
 0h00:04.380 2021/12/15T10:31:10z: 84:f3:eb:7d:7:a8
 0h00:04.382 2021/12/15T10:31:10z: SSID: MU Open
 0h00:04.387 2021/12/15T10:31:10z: AP_STAR tmr
 ets Jan  8 2013,rst cause:4, boot mode:(3,7)

wdt reset
load 0x4010f000, len 1384, room 16 
tail 8
chksum 0x2d
csum 0x2d
v8b899c12
~ld


6.01
 0h00:04.359 2021/12/15T10:51:09z: DS3231
 0h00:04.375 2021/12/15T10:51:09z: BME280 (0x76)
 0h00:04.389 2021/12/15T10:51:09z: 84:f3:eb:7d:7:a8
 0h00:04.390 2021/12/15T10:51:09z: SSID: MU Open
 0h00:04.396 2021/12/15T10:51:09z: AP_STAR tmr
 ets Jan  8 2013,rst cause:4, boot mode:(3,7)

wdt reset
load 0x4010f000, len 1384, room 16 
tail 8
chksum 0x2d
csum 0x2d
v8b899c12
~ld


6.01
 0h00:04.300 2021/12/15T11:11:09z: DS3231
 0h00:04.316 2021/12/15T11:11:09z: BME280 (0x76)
 0h00:04.330 2021/12/15T11:11:09z: 84:f3:eb:7d:7:a8
 0h00:04.332 2021/12/15T11:11:09z: SSID: MU Open
 0h00:04.337 2021/12/15T11:11:09z: AP_STAR tmr
 ets Jan  8 2013,rst cause:4, boot mode:(3,7)

wdt reset
load 0x4010f000, len 1384, room 16 
tail 8
chksum 0x2d
csum 0x2d
v8b899c12
~ld


6.01
 0h00:04.057 2021/12/15T11:31:09z: DS3231
 0h00:04.072 2021/12/15T11:31:09z: BME280 (0x76)
 0h00:04.086 2021/12/15T11:31:09z: 84:f3:eb:7d:7:a8
 0h00:04.088 2021/12/15T11:31:09z: SSID: MU Open
 0h00:04.093 2021/12/15T11:31:09z: AP_STAR tmr
 ets Jan  8 2013,rst cause:4, boot mode:(3,7)

wdt reset
load 0x4010f000, len 1384, room 16 
tail 8
chksum 0x2d
csum 0x2d
v8b899c12
~ld


6.01
 0h00:04.277 2021/12/15T11:51:09z: DS3231
 0h00:04.293 2021/12/15T11:51:09z: BME280 (0x76)
 0h00:04.307 2021/12/15T11:51:09z: 84:f3:eb:7d:7:a8
 0h00:04.309 2021/12/15T11:51:09z: SSID: MU Open
 0h00:04.314 2021/12/15T11:51:09z: AP_STAR tmr
 ets Jan  8 2013,rst cause:4, boot mode:(3,7)

wdt reset
load 0x4010f000, len 1384, room 16 
tail 8
chksum 0x2d
csum 0x2d
v8b899c12
~ld


6.01
 0h00:04.430 2021/12/15T12:11:09z: DS3231
 0h00:04.446 2021/12/15T12:11:09z: BME280 (0x76)
 0h00:04.460 2021/12/15T12:11:09z: 84:f3:eb:7d:7:a8
 0h00:04.462 2021/12/15T12:11:09z: SSID: MU Open
 0h00:04.467 2021/12/15T12:11:09z: AP_STAR tmr
 ets Jan  8 2013,rst cause:4, boot mode:(3,7)

wdt reset
load 0x4010f000, len 1384, room 16 
tail 8
chksum 0x2d
csum 0x2d
v8b899c12
~ld


6.01
 0h00:04.408 2021/12/15T12:31:09z: DS3231
 0h00:04.423 2021/12/15T12:31:09z: BME280 (0x76)
 0h00:04.437 2021/12/15T12:31:09z: 84:f3:eb:7d:7:a8
 0h00:04.439 2021/12/15T12:31:09z: SSID: MU Open
 0h00:04.444 2021/12/15T12:31:09z: AP_STAR tmr
 ets Jan  8 2013,rst cause:4, boot mode:(3,7)

wdt reset
load 0x4010f000, len 1384, room 16 
tail 8
chksum 0x2d
csum 0x2d
v8b899c12
~ld


6.01
 0h00:04.223 2021/12/15T12:51:09z: DS3231
 0h00:04.238 2021/12/15T12:51:09z: BME280 (0x76)
 0h00:04.252 2021/12/15T12:51:09z: 84:f3:eb:7d:7:a8
 0h00:04.254 2021/12/15T12:51:09z: SSID: MU Open
 0h00:04.259 2021/12/15T12:51:09z: AP_STAR tmr
 ets Jan  8 2013,rst cause:4, boot mode:(3,7)

wdt reset
load 0x4010f000, len 1384, room 16 
tail 8
chksum 0x2d
csum 0x2d
v8b899c12
~ld


6.01
 0h00:04.078 2021/12/15T13:11:09z: DS3231
 0h00:04.094 2021/12/15T13:11:09z: BME280 (0x76)
 0h00:04.108 2021/12/15T13:11:09z: 84:f3:eb:7d:7:a8
 0h00:04.109 2021/12/15T13:11:09z: SSID: MU Open
 0h00:04.115 2021/12/15T13:11:09z: AP_STAR tmr
 ets Jan  8 2013,rst cause:4, boot mode:(3,7)

wdt reset
load 0x4010f000, len 1384, room 16 
tail 8
chksum 0x2d
csum 0x2d
v8b899c12
~ld


6.01
 0h00:04.324 2021/12/15T13:31:09z: DS3231
 0h00:04.339 2021/12/15T13:31:09z: BME280 (0x76)
 0h00:04.353 2021/12/15T13:31:09z: 84:f3:eb:7d:7:a8
 0h00:04.355 2021/12/15T13:31:09z: SSID: MU Open
 0h00:04.360 2021/12/15T13:31:09z: AP_STAR tmr
 ets Jan  8 2013,rst cause:4, boot mode:(3,7)

wdt reset
load 0x4010f000, len 1384, room 16 
tail 8
chksum 0x2d
csum 0x2d
v8b899c12
~ld


6.01
 0h00:04.442 2021/12/15T13:51:09z: DS3231
 0h00:04.457 2021/12/15T13:51:09z: BME280 (0x76)
 0h00:04.472 2021/12/15T13:51:09z: 84:f3:eb:7d:7:a8
 0h00:04.473 2021/12/15T13:51:09z: SSID: MU Open
 0h00:04.478 2021/12/15T13:51:09z: AP_STAR tmr
 ets Jan  8 2013,rst cause:4, boot mode:(3,7)

wdt reset
load 0x4010f000, len 1384, room 16 
tail 8
chksum 0x2d
csum 0x2d
v8b899c12
~ld


6.01
 0h00:04.231 2021/12/15T14:11:09z: DS3231
 0h00:04.246 2021/12/15T14:11:09z: BME280 (0x76)
 0h00:04.261 2021/12/15T14:11:09z: 84:f3:eb:7d:7:a8
 0h00:04.262 2021/12/15T14:11:09z: SSID: MU Open
 0h00:04.267 2021/12/15T14:11:09z: AP_STAR tmr
 ets Jan  8 2013,rst cause:4, boot mode:(3,7)

wdt reset
load 0x4010f000, len 1384, room 16 
tail 8
chksum 0x2d
csum 0x2d
v8b899c12
~ld


6.01
 0h00:03.924 2021/12/15T14:31:08z: DS3231
 0h00:03.939 2021/12/15T14:31:08z: BME280 (0x76)
 0h00:03.953 2021/12/15T14:31:08z: 84:f3:eb:7d:7:a8
 0h00:03.955 2021/12/15T14:31:08z: SSID: MU Open
 0h00:03.960 2021/12/15T14:31:08z: AP_STAR tmr
 ets Jan  8 2013,rst cause:4, boot mode:(3,7)

wdt reset
load 0x4010f000, len 1384, room 16 
tail 8
chksum 0x2d
csum 0x2d
v8b899c12
~ld


6.01
 0h00:04.321 2021/12/15T14:51:08z: DS3231
 0h00:04.336 2021/12/15T14:51:08z: BME280 (0x76)
 0h00:04.350 2021/12/15T14:51:08z: 84:f3:eb:7d:7:a8
 0h00:04.352 2021/12/15T14:51:08z: SSID: MU Open
 0h00:04.357 2021/12/15T14:51:08z: AP_STAR tmr
 ets Jan  8 2013,rst cause:4, boot mode:(3,7)

wdt reset
load 0x4010f000, len 1384, room 16 
tail 8
chksum 0x2d
csum 0x2d
v8b899c12
~ld


6.01
 0h00:04.211 2021/12/15T15:11:08z: DS3231
 0h00:04.226 2021/12/15T15:11:08z: BME280 (0x76)
 0h00:04.241 2021/12/15T15:11:08z: 84:f3:eb:7d:7:a8
 0h00:04.242 2021/12/15T15:11:08z: SSID: MU Open
 0h00:04.247 2021/12/15T15:11:08z: AP_STAR tmr
 ets Jan  8 2013,rst cause:4, boot mode:(3,7)

wdt reset
load 0x4010f000, len 1384, room 16 
tail 8
chksum 0x2d
csum 0x2d
v8b899c12
~ld


6.01
 0h00:04.341 2021/12/15T15:31:08z: DS3231
 0h00:04.357 2021/12/15T15:31:08z: BME280 (0x76)
 0h00:04.371 2021/12/15T15:31:08z: 84:f3:eb:7d:7:a8
 0h00:04.373 2021/12/15T15:31:08z: SSID: MU Open
 0h00:04.378 2021/12/15T15:31:08z: AP_STAR tmr
 ets Jan  8 2013,rst cause:4, boot mode:(3,7)

wdt reset
load 0x4010f000, len 1384, room 16 
tail 8
chksum 0x2d
csum 0x2d
v8b899c12
~ld


6.01
 0h00:04.274 2021/12/15T15:51:07z: DS3231
 0h00:04.289 2021/12/15T15:51:07z: BME280 (0x76)
 0h00:04.303 2021/12/15T15:51:07z: 84:f3:eb:7d:7:a8
 0h00:04.305 2021/12/15T15:51:07z: SSID: MU Open
 0h00:04.310 2021/12/15T15:51:07z: AP_STAR tmr
 ets Jan  8 2013,rst cause:4, boot mode:(3,7)

wdt reset
load 0x4010f000, len 1384, room 16 
tail 8
chksum 0x2d
csum 0x2d
v8b899c12
~ld


6.01
 0h00:04.271 2021/12/15T16:11:08z: DS3231
 0h00:04.287 2021/12/15T16:11:08z: BME280 (0x76)
 0h00:04.301 2021/12/15T16:11:08z: 84:f3:eb:7d:7:a8
 0h00:04.302 2021/12/15T16:11:08z: SSID: MU Open
 0h00:04.308 2021/12/15T16:11:08z: AP_STAR tmr
 ets Jan  8 2013,rst cause:4, boot mode:(3,7)

wdt reset
load 0x4010f000, len 1384, room 16 
tail 8
chksum 0x2d
csum 0x2d
v8b899c12
~ld


6.01
 0h00:04.382 2021/12/15T16:31:08z: DS3231
 0h00:04.397 2021/12/15T16:31:08z: BME280 (0x76)
 0h00:04.411 2021/12/15T16:31:08z: 84:f3:eb:7d:7:a8
 0h00:04.413 2021/12/15T16:31:08z: SSID: MU Open
 0h00:04.418 2021/12/15T16:31:08z: AP_STAR tmr
 ets Jan  8 2013,rst cause:4, boot mode:(3,7)

wdt reset
load 0x4010f000, len 1384, room 16 
tail 8
chksum 0x2d
csum 0x2d
v8b899c12
~ld


6.01
 0h00:04.211 2021/12/15T16:51:09z: DS3231
 0h00:04.227 2021/12/15T16:51:09z: BME280 (0x76)
 0h00:04.241 2021/12/15T16:51:09z: 84:f3:eb:7d:7:a8
 0h00:04.243 2021/12/15T16:51:09z: SSID: MU Open
 0h00:04.248 2021/12/15T16:51:09z: AP_STAR tmr
 ets Jan  8 2013,rst cause:4, boot mode:(3,7)

wdt reset
load 0x4010f000, len 1384, room 16 
tail 8
chksum 0x2d
csum 0x2d
v8b899c12
~ld


6.01
 0h00:04.373 2021/12/15T17:11:08z: DS3231
 0h00:04.389 2021/12/15T17:11:08z: BME280 (0x76)
 0h00:04.403 2021/12/15T17:11:08z: 84:f3:eb:7d:7:a8
 0h00:04.404 2021/12/15T17:11:08z: SSID: MU Open
 0h00:04.410 2021/12/15T17:11:08z: AP_STAR tmr
 ets Jan  8 2013,rst cause:4, boot mode:(3,7)

wdt reset
load 0x4010f000, len 1384, room 16 
tail 8
chksum 0x2d
csum 0x2d
v8b899c12
~ld


6.01
 0h00:04.151 2021/12/15T17:31:08z: DS3231
 0h00:04.166 2021/12/15T17:31:08z: BME280 (0x76)
 0h00:04.180 2021/12/15T17:31:08z: 84:f3:eb:7d:7:a8
 0h00:04.182 2021/12/15T17:31:08z: SSID: MU Open
 0h00:04.187 2021/12/15T17:31:08z: AP_STAR tmr
 ets Jan  8 2013,rst cause:4, boot mode:(3,7)

wdt reset
load 0x4010f000, len 1384, room 16 
tail 8
chksum 0x2d
csum 0x2d
v8b899c12
~ld


6.01
 0h00:04.345 2021/12/15T17:51:09z: DS3231
 0h00:04.360 2021/12/15T17:51:09z: BME280 (0x76)
 0h00:04.374 2021/12/15T17:51:09z: 84:f3:eb:7d:7:a8
 0h00:04.376 2021/12/15T17:51:09z: SSID: MU Open
 0h00:04.381 2021/12/15T17:51:09z: AP_STAR tmr
 ets Jan  8 2013,rst cause:4, boot mode:(3,7)

wdt reset
load 0x4010f000, len 1384, room 16 
tail 8
chksum 0x2d
csum 0x2d
v8b899c12
~ld


6.01
 0h00:04.140 2021/12/15T18:11:09z: DS3231
 0h00:04.155 2021/12/15T18:11:09z: BME280 (0x76)
 0h00:04.169 2021/12/15T18:11:09z: 84:f3:eb:7d:7:a8
 0h00:04.171 2021/12/15T18:11:09z: SSID: MU Open
 0h00:04.176 2021/12/15T18:11:09z: AP_STAR tmr
 ets Jan  8 2013,rst cause:4, boot mode:(3,7)

wdt reset
load 0x4010f000, len 1384, room 16 
tail 8
chksum 0x2d
csum 0x2d
v8b899c12
~ld


6.01
 0h00:04.368 2021/12/15T18:31:09z: DS3231
 0h00:04.384 2021/12/15T18:31:09z: BME280 (0x76)
 0h00:04.398 2021/12/15T18:31:09z: 84:f3:eb:7d:7:a8
 0h00:04.400 2021/12/15T18:31:09z: SSID: MU Open
 0h00:04.405 2021/12/15T18:31:09z: AP_STAR tmr
 ets Jan  8 2013,rst cause:4, boot mode:(3,7)

wdt reset
load 0x4010f000, len 1384, room 16 
tail 8
chksum 0x2d
csum 0x2d
v8b899c12
~ld


6.01
 0h00:04.332 2021/12/15T18:51:09z: DS3231
 0h00:04.347 2021/12/15T18:51:09z: BME280 (0x76)
 0h00:04.361 2021/12/15T18:51:09z: 84:f3:eb:7d:7:a8
 0h00:04.363 2021/12/15T18:51:09z: SSID: MU Open
 0h00:04.368 2021/12/15T18:51:09z: AP_STAR tmr
 ets Jan  8 2013,rst cause:4, boot mode:(3,7)

wdt reset
load 0x4010f000, len 1384, room 16 
tail 8
chksum 0x2d
csum 0x2d
v8b899c12
~ld


6.01
 0h00:04.426 2021/12/15T19:11:09z: DS3231
 0h00:04.442 2021/12/15T19:11:09z: BME280 (0x76)
 0h00:04.456 2021/12/15T19:11:09z: 84:f3:eb:7d:7:a8
 0h00:04.458 2021/12/15T19:11:09z: SSID: MU Open
 0h00:04.463 2021/12/15T19:11:10z: AP_STAR tmr
 ets Jan  8 2013,rst cause:4, boot mode:(3,7)

wdt reset
load 0x4010f000, len 1384, room 16 
tail 8
chksum 0x2d
csum 0x2d
v8b899c12
~ld


6.01
 0h00:04.397 2021/12/15T19:31:09z: DS3231
 0h00:04.412 2021/12/15T19:31:09z: BME280 (0x76)
 0h00:04.427 2021/12/15T19:31:09z: 84:f3:eb:7d:7:a8
 0h00:04.428 2021/12/15T19:31:09z: SSID: MU Open
 0h00:04.434 2021/12/15T19:31:09z: AP_STAR tmr
 ets Jan  8 2013,rst cause:4, boot mode:(3,7)

wdt reset
load 0x4010f000, len 1384, room 16 
tail 8
chksum 0x2d
csum 0x2d
v8b899c12
~ld


6.01
 0h00:04.140 2021/12/15T19:51:09z: DS3231
 0h00:04.155 2021/12/15T19:51:09z: BME280 (0x76)
 0h00:04.170 2021/12/15T19:51:09z: 84:f3:eb:7d:7:a8
 0h00:04.171 2021/12/15T19:51:09z: SSID: MU Open
 0h00:04.176 2021/12/15T19:51:09z: AP_STAR tmr
 ets Jan  8 2013,rst cause:4, boot mode:(3,7)

wdt reset
load 0x4010f000, len 1384, room 16 
tail 8
chksum 0x2d
csum 0x2d
v8b899c12
~ld


6.01
 0h00:04.180 2021/12/15T20:11:09z: DS3231
 0h00:04.195 2021/12/15T20:11:09z: BME280 (0x76)
 0h00:04.209 2021/12/15T20:11:09z: 84:f3:eb:7d:7:a8
 0h00:04.211 2021/12/15T20:11:09z: SSID: MU Open
 0h00:04.216 2021/12/15T20:11:09z: AP_STAR tmr
 ets Jan  8 2013,rst cause:4, boot mode:(3,7)

wdt reset
load 0x4010f000, len 1384, room 16 
tail 8
chksum 0x2d
csum 0x2d
v8b899c12
~ld


6.01
 0h00:04.032 2021/12/15T20:31:08z: DS3231
 0h00:04.047 2021/12/15T20:31:08z: BME280 (0x76)
 0h00:04.061 2021/12/15T20:31:08z: 84:f3:eb:7d:7:a8
 0h00:04.063 2021/12/15T20:31:08z: SSID: MU Open
 0h00:04.068 2021/12/15T20:31:08z: AP_STAR tmr
 ets Jan  8 2013,rst cause:4, boot mode:(3,7)

wdt reset
load 0x4010f000, len 1384, room 16 
tail 8
chksum 0x2d
csum 0x2d
v8b899c12
~ld


6.01
 0h00:03.977 2021/12/15T20:51:08z: DS3231
 0h00:03.993 2021/12/15T20:51:08z: BME280 (0x76)
 0h00:04.007 2021/12/15T20:51:08z: 84:f3:eb:7d:7:a8
 0h00:04.009 2021/12/15T20:51:08z: SSID: MU Open
 0h00:04.014 2021/12/15T20:51:08z: AP_STAR tmr
 ets Jan  8 2013,rst cause:4, boot mode:(3,7)

wdt reset
load 0x4010f000, len 1384, room 16 
tail 8
chksum 0x2d
csum 0x2d
v8b899c12
~ld


6.01
 0h00:04.045 2021/12/15T21:11:08z: DS3231
 0h00:04.061 2021/12/15T21:11:08z: BME280 (0x76)
 0h00:04.075 2021/12/15T21:11:08z: 84:f3:eb:7d:7:a8
 0h00:04.076 2021/12/15T21:11:08z: SSID: MU Open
 0h00:04.082 2021/12/15T21:11:08z: AP_STAR tmr
 ets Jan  8 2013,rst cause:4, boot mode:(3,7)

wdt reset
load 0x4010f000, len 1384, room 16 
tail 8
chksum 0x2d
csum 0x2d
v8b899c12
~ld


6.01
 0h00:04.175 2021/12/15T21:31:07z: DS3231
 0h00:04.191 2021/12/15T21:31:07z: BME280 (0x76)
 0h00:04.205 2021/12/15T21:31:07z: 84:f3:eb:7d:7:a8
 0h00:04.206 2021/12/15T21:31:07z: SSID: MU Open
 0h00:04.212 2021/12/15T21:31:07z: AP_STAR tmr
 ets Jan  8 2013,rst cause:4, boot mode:(3,7)

wdt reset
load 0x4010f000, len 1384, room 16 
tail 8
chksum 0x2d
csum 0x2d
v8b899c12
~ld


6.01
 0h00:04.064 2021/12/15T21:51:06z: DS3231
 0h00:04.079 2021/12/15T21:51:06z: BME280 (0x76)
 0h00:04.093 2021/12/15T21:51:06z: 84:f3:eb:7d:7:a8
 0h00:04.095 2021/12/15T21:51:06z: SSID: MU Open
 0h00:04.100 2021/12/15T21:51:06z: AP_STAR tmr
 ets Jan  8 2013,rst cause:4, boot mode:(3,7)

wdt reset
load 0x4010f000, len 1384, room 16 
tail 8
chksum 0x2d
csum 0x2d
v8b899c12
~ld


6.01
 0h00:04.192 2021/12/15T22:11:07z: DS3231
 0h00:04.207 2021/12/15T22:11:07z: BME280 (0x76)
 0h00:04.221 2021/12/15T22:11:07z: 84:f3:eb:7d:7:a8
 0h00:04.223 2021/12/15T22:11:07z: SSID: MU Open
 0h00:04.228 2021/12/15T22:11:07z: AP_STAR tmr
 ets Jan  8 2013,rst cause:4, boot mode:(3,7)

wdt reset
load 0x4010f000, len 1384, room 16 
tail 8
chksum 0x2d
csum 0x2d
v8b899c12
~ld


6.01
 0h00:04.384 2021/12/15T22:31:07z: DS3231
 0h00:04.400 2021/12/15T22:31:07z: BME280 (0x76)
 0h00:04.414 2021/12/15T22:31:07z: 84:f3:eb:7d:7:a8
 0h00:04.416 2021/12/15T22:31:07z: SSID: MU Open
 0h00:04.421 2021/12/15T22:31:07z: AP_STAR tmr
 ets Jan  8 2013,rst cause:4, boot mode:(3,7)

wdt reset
load 0x4010f000, len 1384, room 16 
tail 8
chksum 0x2d
csum 0x2d
v8b899c12
~ld


6.01
 0h00:04.255 2021/12/15T22:51:07z: DS3231
 0h00:04.270 2021/12/15T22:51:07z: BME280 (0x76)
 0h00:04.284 2021/12/15T22:51:07z: 84:f3:eb:7d:7:a8
 0h00:04.286 2021/12/15T22:51:07z: SSID: MU Open
 0h00:04.291 2021/12/15T22:51:07z: AP_STAR tmr
 ets Jan  8 2013,rst cause:4, boot mode:(3,7)

wdt reset
load 0x4010f000, len 1384, room 16 
tail 8
chksum 0x2d
csum 0x2d
v8b899c12
~ld


6.01
 0h00:04.109 2021/12/15T23:11:06z: DS3231
 0h00:04.124 2021/12/15T23:11:06z: BME280 (0x76)
 0h00:04.138 2021/12/15T23:11:06z: 84:f3:eb:7d:7:a8
 0h00:04.140 2021/12/15T23:11:06z: SSID: MU Open
 0h00:04.145 2021/12/15T23:11:06z: AP_STAR tmr
 ets Jan  8 2013,rst cause:4, boot mode:(3,7)

wdt reset
load 0x4010f000, len 1384, room 16 
tail 8
chksum 0x2d
csum 0x2d
v8b899c12
~ld


6.01
 0h00:04.274 2021/12/15T23:31:05z: DS3231
 0h00:04.289 2021/12/15T23:31:05z: BME280 (0x76)
 0h00:04.303 2021/12/15T23:31:05z: 84:f3:eb:7d:7:a8
 0h00:04.305 2021/12/15T23:31:05z: SSID: MU Open
 0h00:04.310 2021/12/15T23:31:05z: AP_STAR tmr
 ets Jan  8 2013,rst cause:4, boot mode:(3,7)

wdt reset
load 0x4010f000, len 1384, room 16 
tail 8
chksum 0x2d
csum 0x2d
v8b899c12
~ld


6.01
 0h00:04.245 2021/12/15T23:51:05z: DS3231
 0h00:04.260 2021/12/15T23:51:05z: BME280 (0x76)
 0h00:04.274 2021/12/15T23:51:05z: 84:f3:eb:7d:7:a8
 0h00:04.276 2021/12/15T23:51:05z: SSID: MU Open
 0h00:04.281 2021/12/15T23:51:05z: AP_STA