R tmr
 ets Jan  8 2013,rst cause:4, boot mode:(3,7)

wdt reset
load 0x4010f000, len 1384, room 16 
tail 8
chksum 0x2d
csum 0x2d
v8b899c12
~ld


6.01
 0h00:04.192 2021/11/22T00:03:39z: DS3231
 0h00:04.207 2021/11/22T00:03:39z: BME280 (0x76)
 0h00:04.221 2021/11/22T00:03:39z: 84:f3:eb:7d:7:a8
 0h00:04.223 2021/11/22T00:03:39z: SSID: MU Open
 0h00:04.228 2021/11/22T00:03:39z: AP_STAR tmr
 ets Jan  8 2013,rst cause:4, boot mode:(3,7)

wdt reset
load 0x4010f000, len 1384, room 16 
tail 8
chksum 0x2d
csum 0x2d
v8b899c12
~ld


6.01
 0h00:04.117 2021/11/22T00:23:38z: DS3231
 0h00:04.133 2021/11/22T00:23:38z: BME280 (0x76)
 0h00:04.147 2021/11/22T00:23:38z: 84:f3:eb:7d:7:a8
 0h00:04.149 2021/11/22T00:23:38z: SSID: MU Open
 0h00:04.154 2021/11/22T00:23:38z: AP_STAR tmr
 ets Jan  8 2013,rst cause:4, boot mode:(3,7)

wdt reset
load 0x4010f000, len 1384, room 16 
tail 8
chksum 0x2d
csum 0x2d
v8b899c12
~ld


6.01
 0h00:03.793 2021/11/22T00:43:36z: DS3231
 0h00:03.808 2021/11/22T00:43:36z: BME280 (0x76)
 0h00:03.823 2021/11/22T00:43:36z: 84:f3:eb:7d:7:a8
 0h00:03.824 2021/11/22T00:43:36z: SSID: MU Open
 0h00:03.829 2021/11/22T00:43:36z: AP_STAR tmr
 ets Jan  8 2013,rst cause:4, boot mode:(3,7)

wdt reset
load 0x4010f000, len 1384, room 16 
tail 8
chksum 0x2d
csum 0x2d
v8b899c12
~ld


6.01
 0h00:04.101 2021/11/22T01:03:35z: DS3231
 0h00:04.117 2021/11/22T01:03:35z: BME280 (0x76)
 0h00:04.131 2021/11/22T01:03:35z: 84:f3:eb:7d:7:a8
 0h00:04.132 2021/11/22T01:03:35z: SSID: MU Open
 0h00:04.138 2021/11/22T01:03:35z: AP_STAR tmr
 ets Jan  8 2013,rst cause:4, boot mode:(3,7)

wdt reset
load 0x4010f000, len 1384, room 16 
tail 8
chksum 0x2d
csum 0x2d
v8b899c12
~ld


6.01
 0h00:04.139 2021/11/22T01:23:34z: DS3231
 0h00:04.154 2021/11/22T01:23:34z: BME280 (0x76)
 0h00:04.169 2021/11/22T01:23:34z: 84:f3:eb:7d:7:a8
 0h00:04.170 2021/11/22T01:23:34z: SSID: MU Open
 0h00:04.175 2021/11/22T01:23:34z: AP_STAR tmr
 ets Jan  8 2013,rst cause:4, boot mode:(3,7)

wdt reset
load 0x4010f000, len 1384, room 16 
tail 8
chksum 0x2d
csum 0x2d
v8b899c12
~ld


6.01
 0h00:04.117 2021/11/22T01:43:34z: DS3231
 0h00:04.132 2021/11/22T01:43:34z: BME280 (0x76)
 0h00:04.146 2021/11/22T01:43:34z: 84:f3:eb:7d:7:a8
 0h00:04.148 2021/11/22T01:43:34z: SSID: MU Open
 0h00:04.153 2021/11/22T01:43:34z: AP_STAR tmr
 ets Jan  8 2013,rst cause:4, boot mode:(3,7)

wdt reset
load 0x4010f000, len 1384, room 16 
tail 8
chksum 0x2d
csum 0x2d
v8b899c12
~ld


6.01
 0h00:04.321 2021/11/22T02:03:33z: DS3231
 0h00:04.337 2021/11/22T02:03:33z: BME280 (0x76)
 0h00:04.351 2021/11/22T02:03:33z: 84:f3:eb:7d:7:a8
 0h00:04.352 2021/11/22T02:03:33z: SSID: MU Open
 0h00:04.358 2021/11/22T02:03:33z: AP_STAR tmr
 ets Jan  8 2013,rst cause:4, boot mode:(3,7)

wdt reset
load 0x4010f000, len 1384, room 16 
tail 8
chksum 0x2d
csum 0x2d
v8b899c12
~ld


6.01
 0h00:04.023 2021/11/22T02:23:32z: DS3231
 0h00:04.038 2021/11/22T02:23:32z: BME280 (0x76)
 0h00:04.052 2021/11/22T02:23:32z: 84:f3:eb:7d:7:a8
 0h00:04.054 2021/11/22T02:23:32z: SSID: MU Open
 0h00:04.059 2021/11/22T02:23:32z: AP_STAR tmr
 ets Jan  8 2013,rst cause:4, boot mode:(3,7)

wdt reset
load 0x4010f000, len 1384, room 16 
tail 8
chksum 0x2d
csum 0x2d
v8b899c12
~ld


6.01
 0h00:04.308 2021/11/22T02:43:32z: DS3231
 0h00:04.323 2021/11/22T02:43:32z: BME280 (0x76)
 0h00:04.337 2021/11/22T02:43:32z: 84:f3:eb:7d:7:a8
 0h00:04.339 2021/11/22T02:43:32z: SSID: MU Open
 0h00:04.344 2021/11/22T02:43:32z: AP_STAR tmr
 ets Jan  8 2013,rst cause:4, boot mode:(3,7)

wdt reset
load 0x4010f000, len 1384, room 16 
tail 8
chksum 0x2d
csum 0x2d
v8b899c12
~ld


6.01
 0h00:03.983 2021/11/22T03:03:31z: DS3231
 0h00:03.999 2021/11/22T03:03:31z: BME280 (0x76)
 0h00:04.013 2021/11/22T03:03:31z: 84:f3:eb:7d:7:a8
 0h00:04.014 2021/11/22T03:03:31z: SSID: MU Open
 0h00:04.020 2021/11/22T03:03:31z: AP_STAR tmr
 ets Jan  8 2013,rst cause:4, boot mode:(3,7)

wdt reset
load 0x4010f000, len 1384, room 16 
tail 8
chksum 0x2d
csum 0x2d
v8b899c12
~ld


6.01
 0h00:04.139 2021/11/22T03:23:30z: DS3231
 0h00:04.154 2021/11/22T03:23:30z: BME280 (0x76)
 0h00:04.168 2021/11/22T03:23:30z: 84:f3:eb:7d:7:a8
 0h00:04.170 2021/11/22T03:23:30z: SSID: MU Open
 0h00:04.175 2021/11/22T03:23:30z: AP_STAR tmr
 ets Jan  8 2013,rst cause:4, boot mode:(3,7)

wdt reset
load 0x4010f000, len 1384, room 16 
tail 8
chksum 0x2d
csum 0x2d
v8b899c12
~ld


6.01
 0h00:04.094 2021/11/22T03:43:30z: DS3231
 0h00:04.109 2021/11/22T03:43:30z: BME280 (0x76)
 0h00:04.123 2021/11/22T03:43:30z: 84:f3:eb:7d:7:a8
 0h00:04.125 2021/11/22T03:43:30z: SSID: MU Open
 0h00:04.130 2021/11/22T03:43:30z: AP_STAR tmr
 ets Jan  8 2013,rst cause:4, boot mode:(3,7)

wdt reset
load 0x4010f000, len 1384, room 16 
tail 8
chksum 0x2d
csum 0x2d
v8b899c12
~ld


6.01
 0h00:04.254 2021/11/22T04:03:30z: DS3231
 0h00:04.269 2021/11/22T04:03:30z: BME280 (0x76)
 0h00:04.284 2021/11/22T04:03:30z: 84:f3:eb:7d:7:a8
 0h00:04.285 2021/11/22T04:03:30z: SSID: MU Open
 0h00:04.290 2021/11/22T04:03:30z: AP_STAR tmr
 ets Jan  8 2013,rst cause:4, boot mode:(3,7)

wdt reset
load 0x4010f000, len 1384, room 16 
tail 8
chksum 0x2d
csum 0x2d
v8b899c12
~ld


6.01
 0h00:03.863 2021/11/22T04:23:28z: DS3231
 0h00:03.878 2021/11/22T04:23:28z: BME280 (0x76)
 0h00:03.892 2021/11/22T04:23:28z: 84:f3:eb:7d:7:a8
 0h00:03.894 2021/11/22T04:23:28z: SSID: MU Open
 0h00:03.899 2021/11/22T04:23:28z: AP_STAR tmr
 ets Jan  8 2013,rst cause:4, boot mode:(3,7)

wdt reset
load 0x4010f000, len 1384, room 16 
tail 8
chksum 0x2d
csum 0x2d
v8b899c12
~ld


6.01
 0h00:04.279 2021/11/22T04:43:28z: DS3231
 0h00:04.294 2021/11/22T04:43:28z: BME280 (0x76)
 0h00:04.308 2021/11/22T04:43:28z: 84:f3:eb:7d:7:a8
 0h00:04.310 2021/11/22T04:43:28z: SSID: MU Open
 0h00:04.315 2021/11/22T04:43:28z: AP_STAR tmr
 ets Jan  8 2013,rst cause:4, boot mode:(3,7)

wdt reset
load 0x4010f000, len 1384, room 16 
tail 8
chksum 0x2d
csum 0x2d
v8b899c12
~ld


6.01
 0h00:04.045 2021/11/22T05:03:26z: DS3231
 0h00:04.060 2021/11/22T05:03:26z: BME280 (0x76)
 0h00:04.075 2021/11/22T05:03:26z: 84:f3:eb:7d:7:a8
 0h00:04.076 2021/11/22T05:03:26z: SSID: MU Open
 0h00:04.081 2021/11/22T05:03:26z: AP_STAR tmr
 ets Jan  8 2013,rst cause:4, boot mode:(3,7)

wdt reset
load 0x4010f000, len 1384, room 16 
tail 8
chksum 0x2d
csum 0x2d
v8b899c12
~ld


6.01
 0h00:04.221 2021/11/22T05:23:26z: DS3231
 0h00:04.236 2021/11/22T05:23:26z: BME280 (0x76)
 0h00:04.250 2021/11/22T05:23:26z: 84:f3:eb:7d:7:a8
 0h00:04.252 2021/11/22T05:23:26z: SSID: MU Open
 0h00:04.257 2021/11/22T05:23:26z: AP_STAR tmr
 ets Jan  8 2013,rst cause:4, boot mode:(3,7)

wdt reset
load 0x4010f000, len 1384, room 16 
tail 8
chksum 0x2d
csum 0x2d
v8b899c12
~ld


6.01
 0h00:04.250 2021/11/22T05:43:25z: DS3231
 0h00:04.265 2021/11/22T05:43:25z: BME280 (0x76)
 0h00:04.279 2021/11/22T05:43:25z: 84:f3:eb:7d:7:a8
 0h00:04.281 2021/11/22T05:43:25z: SSID: MU Open
 0h00:04.286 2021/11/22T05:43:25z: AP_STAR tmr
 ets Jan  8 2013,rst cause:4, boot mode:(3,7)

wdt reset
load 0x4010f000, len 1384, room 16 
tail 8
chksum 0x2d
csum 0x2d
v8b899c12
~ld


6.01
 0h00:04.279 2021/11/22T06:03:24z: DS3231
 0h00:04.294 2021/11/22T06:03:24z: BME280 (0x76)
 0h00:04.308 2021/11/22T06:03:24z: 84:f3:eb:7d:7:a8
 0h00:04.310 2021/11/22T06:03:24z: SSID: MU Open
 0h00:04.315 2021/11/22T06:03:24z: AP_STAR tmr
 ets Jan  8 2013,rst cause:4, boot mode:(3,7)

wdt reset
load 0x4010f000, len 1384, room 16 
tail 8
chksum 0x2d
csum 0x2d
v8b899c12
~ld


6.01
 0h00:04.317 2021/11/22T06:23:24z: DS3231
 0h00:04.332 2021/11/22T06:23:24z: BME280 (0x76)
 0h00:04.346 2021/11/22T06:23:24z: 84:f3:eb:7d:7:a8
 0h00:04.348 2021/11/22T06:23:24z: SSID: MU Open
 0h00:04.353 2021/11/22T06:23:24z: AP_STAR tmr
 ets Jan  8 2013,rst cause:4, boot mode:(3,7)

wdt reset
load 0x4010f000, len 1384, room 16 
tail 8
chksum 0x2d
csum 0x2d
v8b899c12
~ld


6.01
 0h00:04.292 2021/11/22T06:43:24z: DS3231
 0h00:04.307 2021/11/22T06:43:24z: BME280 (0x76)
 0h00:04.322 2021/11/22T06:43:24z: 84:f3:eb:7d:7:a8
 0h00:04.323 2021/11/22T06:43:24z: SSID: MU Open
 0h00:04.328 2021/11/22T06:43:24z: AP_STAR tmr
 ets Jan  8 2013,rst cause:4, boot mode:(3,7)

wdt reset
load 0x4010f000, len 1384, room 16 
tail 8
chksum 0x2d
csum 0x2d
v8b899c12
~ld


6.01
 0h00:04.166 2021/11/22T07:03:23z: DS3231
 0h00:04.181 2021/11/22T07:03:23z: BME280 (0x76)
 0h00:04.196 2021/11/22T07:03:23z: 84:f3:eb:7d:7:a8
 0h00:04.197 2021/11/22T07:03:23z: SSID: MU Open
 0h00:04.202 2021/11/22T07:03:23z: AP_STAR tmr
 ets Jan  8 2013,rst cause:4, boot mode:(3,7)

wdt reset
load 0x4010f000, len 1384, room 16 
tail 8
chksum 0x2d
csum 0x2d
v8b899c12
~ld


6.01
 0h00:04.351 2021/11/22T07:23:23z: DS3231
 0h00:04.367 2021/11/22T07:23:23z: BME280 (0x76)
 0h00:04.381 2021/11/22T07:23:23z: 84:f3:eb:7d:7:a8
 0h00:04.383 2021/11/22T07:23:23z: SSID: MU Open
 0h00:04.388 2021/11/22T07:23:23z: AP_STAR tmr
 ets Jan  8 2013,rst cause:4, boot mode:(3,7)

wdt reset
load 0x4010f000, len 1384, room 16 
tail 8
chksum 0x2d
csum 0x2d
v8b899c12
~ld


6.01
 0h00:04.381 2021/11/22T07:43:23z: DS3231
 0h00:04.396 2021/11/22T07:43:23z: BME280 (0x76)
 0h00:04.410 2021/11/22T07:43:23z: 84:f3:eb:7d:7:a8
 0h00:04.412 2021/11/22T07:43:23z: SSID: MU Open
 0h00:04.417 2021/11/22T07:43:23z: AP_STAR tmr
 ets Jan  8 2013,rst cause:4, boot mode:(3,7)

wdt reset
load 0x4010f000, len 1384, room 16 
tail 8
chksum 0x2d
csum 0x2d
v8b899c12
~ld


6.01
 0h00:03.977 2021/11/22T08:03:21z: DS3231
 0h00:03.992 2021/11/22T08:03:21z: BME280 (0x76)
 0h00:04.007 2021/11/22T08:03:21z: 84:f3:eb:7d:7:a8
 0h00:04.008 2021/11/22T08:03:21z: SSID: MU Open
 0h00:04.013 2021/11/22T08:03:21z: AP_STAR tmr
 ets Jan  8 2013,rst cause:4, boot mode:(3,7)

wdt reset
load 0x4010f000, len 1384, room 16 
tail 8
chksum 0x2d
csum 0x2d
v8b899c12
~ld


6.01
 0h00:04.217 2021/11/22T08:23:20z: DS3231
 0h00:04.233 2021/11/22T08:23:20z: BME280 (0x76)
 0h00:04.247 2021/11/22T08:23:20z: 84:f3:eb:7d:7:a8
 0h00:04.249 2021/11/22T08:23:20z: SSID: MU Open
 0h00:04.254 2021/11/22T08:23:20z: AP_STAR tmr
 ets Jan  8 2013,rst cause:4, boot mode:(3,7)

wdt reset
load 0x4010f000, len 1384, room 16 
tail 8
chksum 0x2d
csum 0x2d
v8b899c12
~ld


6.01
 0h00:04.262 2021/11/22T08:43:19z: DS3231
 0h00:04.277 2021/11/22T08:43:19z: BME280 (0x76)
 0h00:04.291 2021/11/22T08:43:19z: 84:f3:eb:7d:7:a8
 0h00:04.293 2021/11/22T08:43:19z: SSID: MU Open
 0h00:04.298 2021/11/22T08:43:19z: AP_STAR tmr
 ets Jan  8 2013,rst cause:4, boot mode:(3,7)

wdt reset
load 0x4010f000, len 1384, room 16 
tail 8
chksum 0x2d
csum 0x2d
v8b899c12
~ld


6.01
 0h00:04.135 2021/11/22T09:03:19z: DS3231
 0h00:04.151 2021/11/22T09:03:19z: BME280 (0x76)
 0h00:04.165 2021/11/22T09:03:19z: 84:f3:eb:7d:7:a8
 0h00:04.167 2021/11/22T09:03:19z: SSID: MU Open
 0h00:04.172 2021/11/22T09:03:19z: AP_STAR tmr
 ets Jan  8 2013,rst cause:4, boot mode:(3,7)

wdt reset
load 0x4010f000, len 1384, room 16 
tail 8
chksum 0x2d
csum 0x2d
v8b899c12
~ld


6.01
 0h00:04.182 2021/11/22T09:23:19z: DS3231
 0h00:04.197 2021/11/22T09:23:19z: BME280 (0x76)
 0h00:04.212 2021/11/22T09:23:19z: 84:f3:eb:7d:7:a8
 0h00:04.213 2021/11/22T09:23:19z: SSID: MU Open
 0h00:04.218 2021/11/22T09:23:19z: AP_STAR tmr
 ets Jan  8 2013,rst cause:4, boot mode:(3,7)

wdt reset
load 0x4010f000, len 1384, room 16 
tail 8
chksum 0x2d
csum 0x2d
v8b899c12
~ld


6.01
 0h00:04.334 2021/11/22T09:43:19z: DS3231
 0h00:04.349 2021/11/22T09:43:19z: BME280 (0x76)
 0h00:04.363 2021/11/22T09:43:19z: 84:f3:eb:7d:7:a8
 0h00:04.365 2021/11/22T09:43:19z: SSID: MU Open
 0h00:04.370 2021/11/22T09:43:19z: AP_STAR tmr
 ets Jan  8 2013,rst cause:4, boot mode:(3,7)

wdt reset
load 0x4010f000, len 1384, room 16 
tail 8
chksum 0x2d
csum 0x2d
v8b899c12
~ld


6.01
 0h00:04.276 2021/11/22T10:03:18z: DS3231
 0h00:04.292 2021/11/22T10:03:18z: BME280 (0x76)
 0h00:04.306 2021/11/22T10:03:18z: 84:f3:eb:7d:7:a8
 0h00:04.308 2021/11/22T10:03:18z: SSID: MU Open
 0h00:04.313 2021/11/22T10:03:18z: AP_STAR tmr
 ets Jan  8 2013,rst cause:4, boot mode:(3,7)

wdt reset
load 0x4010f000, len 1384, room 16 
tail 8
chksum 0x2d
csum 0x2d
v8b899c12
~ld


6.01
 0h00:04.036 2021/11/22T10:23:17z: DS3231
 0h00:04.051 2021/11/22T10:23:17z: BME280 (0x76)
 0h00:04.065 2021/11/22T10:23:17z: 84:f3:eb:7d:7:a8
 0h00:04.067 2021/11/22T10:23:17z: SSID: MU Open
 0h00:04.072 2021/11/22T10:23:17z: AP_STAR tmr
 ets Jan  8 2013,rst cause:4, boot mode:(3,7)

wdt reset
load 0x4010f000, len 1384, room 16 
tail 8
chksum 0x2d
csum 0x2d
v8b899c12
~ld


6.01
 0h00:04.274 2021/11/22T10:43:17z: DS3231
 0h00:04.289 2021/11/22T10:43:17z: BME280 (0x76)
 0h00:04.303 2021/11/22T10:43:17z: 84:f3:eb:7d:7:a8
 0h00:04.305 2021/11/22T10:43:17z: SSID: MU Open
 0h00:04.310 2021/11/22T10:43:17z: AP_STAR tmr
 ets Jan  8 2013,rst cause:4, boot mode:(3,7)

wdt reset
load 0x4010f000, len 1384, room 16 
tail 8
chksum 0x2d
csum 0x2d
v8b899c12
~ld


6.01
 0h00:04.178 2021/11/22T11:03:16z: DS3231
 0h00:04.194 2021/11/22T11:03:16z: BME280 (0x76)
 0h00:04.208 2021/11/22T11:03:16z: 84:f3:eb:7d:7:a8
 0h00:04.209 2021/11/22T11:03:16z: SSID: MU Open
 0h00:04.215 2021/11/22T11:03:16z: AP_STAR tmr
 ets Jan  8 2013,rst cause:4, boot mode:(3,7)

wdt reset
load 0x4010f000, len 1384, room 16 
tail 8
chksum 0x2d
csum 0x2d
v8b899c12
~ld


6.01
 0h00:04.454 2021/11/22T11:23:15z: DS3231
 0h00:04.469 2021/11/22T11:23:15z: BME280 (0x76)
 0h00:04.483 2021/11/22T11:23:15z: 84:f3:eb:7d:7:a8
 0h00:04.485 2021/11/22T11:23:15z: SSID: MU Open
 0h00:04.490 2021/11/22T11:23:15z: AP_STAR tmr
 ets Jan  8 2013,rst cause:4, boot mode:(3,7)

wdt reset
load 0x4010f000, len 1384, room 16 
tail 8
chksum 0x2d
csum 0x2d
v8b899c12
~ld


6.01
 0h00:04.224 2021/11/22T11:43:15z: DS3231
 0h00:04.239 2021/11/22T11:43:15z: BME280 (0x76)
 0h00:04.253 2021/11/22T11:43:15z: 84:f3:eb:7d:7:a8
 0h00:04.255 2021/11/22T11:43:15z: SSID: MU Open
 0h00:04.260 2021/11/22T11:43:15z: AP_STAR tmr
 ets Jan  8 2013,rst cause:4, boot mode:(3,7)

wdt reset
load 0x4010f000, len 1384, room 16 
tail 8
chksum 0x2d
csum 0x2d
v8b899c12
~ld


6.01
 0h00:04.236 2021/11/22T12:03:14z: DS3231
 0h00:04.251 2021/11/22T12:03:14z: BME280 (0x76)
 0h00:04.265 2021/11/22T12:03:15z: 84:f3:eb:7d:7:a8
 0h00:04.267 2021/11/22T12:03:15z: SSID: MU Open
 0h00:04.272 2021/11/22T12:03:15z: AP_STAR tmr
 ets Jan  8 2013,rst cause:4, boot mode:(3,7)

wdt reset
load 0x4010f000, len 1384, room 16 
tail 8
chksum 0x2d
csum 0x2d
v8b899c12
~ld


6.01
 0h00:04.208 2021/11/22T12:23:14z: DS3231
 0h00:04.223 2021/11/22T12:23:14z: BME280 (0x76)
 0h00:04.237 2021/11/22T12:23:14z: 84:f3:eb:7d:7:a8
 0h00:04.239 2021/11/22T12:23:14z: SSID: MU Open
 0h00:04.244 2021/11/22T12:23:14z: AP_STAR tmr
 ets Jan  8 2013,rst cause:4, boot mode:(3,7)

wdt reset
load 0x4010f000, len 1384, room 16 
tail 8
chksum 0x2d
csum 0x2d
v8b899c12
~ld


6.01
 0h00:04.114 2021/11/22T12:43:14z: DS3231
 0h00:04.129 2021/11/22T12:43:14z: BME280 (0x76)
 0h00:04.143 2021/11/22T12:43:14z: 84:f3:eb:7d:7:a8
 0h00:04.145 2021/11/22T12:43:14z: SSID: MU Open
 0h00:04.150 2021/11/22T12:43:14z: AP_STAR tmr
 ets Jan  8 2013,rst cause:4, boot mode:(3,7)

wdt reset
load 0x4010f000, len 1384, room 16 
tail 8
chksum 0x2d
csum 0x2d
v8b899c12
~ld


6.01
 0h00:04.207 2021/11/22T13:03:14z: DS3231
 0h00:04.223 2021/11/22T13:03:14z: BME280 (0x76)
 0h00:04.237 2021/11/22T13:03:14z: 84:f3:eb:7d:7:a8
 0h00:04.238 2021/11/22T13:03:14z: SSID: MU Open
 0h00:04.244 2021/11/22T13:03:14z: AP_STAR tmr
 ets Jan  8 2013,rst cause:4, boot mode:(3,7)

wdt reset
load 0x4010f000, len 1384, room 16 
tail 8
chksum 0x2d
csum 0x2d
v8b899c12
~ld


6.01
 0h00:03.755 2021/11/22T13:23:13z: DS3231
 0h00:03.770 2021/11/22T13:23:13z: BME280 (0x76)
 0h00:03.785 2021/11/22T13:23:13z: 84:f3:eb:7d:7:a8
 0h00:03.786 2021/11/22T13:23:13z: SSID: MU Open
 0h00:03.792 2021/11/22T13:23:13z: AP_STAR tmr
 ets Jan  8 2013,rst cause:4, boot mode:(3,7)

wdt reset
load 0x4010f000, len 1384, room 16 
tail 8
chksum 0x2d
csum 0x2d
v8b899c12
~ld


6.01
 0h00:04.169 2021/11/22T13:43:12z: DS3231
 0h00:04.185 2021/11/22T13:43:12z: BME280 (0x76)
 0h00:04.199 2021/11/22T13:43:12z: 84:f3:eb:7d:7:a8
 0h00:04.200 2021/11/22T13:43:12z: SSID: MU Open
 0h00:04.206 2021/11/22T13:43:12z: AP_STAR tmr
 ets Jan  8 2013,rst cause:4, boot mode:(3,7)

wdt reset
load 0x4010f000, len 1384, room 16 
tail 8
chksum 0x2d
csum 0x2d
v8b899c12
~ld


6.01
 0h00:04.204 2021/11/22T14:03:11z: DS3231
 0h00:04.220 2021/11/22T14:03:11z: BME280 (0x76)
 0h00:04.234 2021/11/22T14:03:11z: 84:f3:eb:7d:7:a8
 0h00:04.236 2021/11/22T14:03:11z: SSID: MU Open
 0h00:04.241 2021/11/22T14:03:11z: AP_STAR tmr
 ets Jan  8 2013,rst cause:4, boot mode:(3,7)

wdt reset
load 0x4010f000, len 1384, room 16 
tail 8
chksum 0x2d
csum 0x2d
v8b899c12
~ld


6.01
 0h00:04.257 2021/11/22T14:23:10z: DS3231
 0h00:04.273 2021/11/22T14:23:10z: BME280 (0x76)
 0h00:04.287 2021/11/22T14:23:10z: 84:f3:eb:7d:7:a8
 0h00:04.289 2021/11/22T14:23:10z: SSID: MU Open
 0h00:04.294 2021/11/22T14:23:10z: AP_STAR tmr
 ets Jan  8 2013,rst cause:4, boot mode:(3,7)

wdt reset
load 0x4010f000, len 1384, room 16 
tail 8
chksum 0x2d
csum 0x2d
v8b899c12
~ld


6.01
 0h00:04.053 2021/11/22T14:43:10z: DS3231
 0h00:04.068 2021/11/22T14:43:10z: BME280 (0x76)
 0h00:04.082 2021/11/22T14:43:10z: 84:f3:eb:7d:7:a8
 0h00:04.084 2021/11/22T14:43:10z: SSID: MU Open
 0h00:04.089 2021/11/22T14:43:10z: AP_STAR tmr
 ets Jan  8 2013,rst cause:4, boot mode:(3,7)

wdt reset
load 0x4010f000, len 1384, room 16 
tail 8
chksum 0x2d
csum 0x2d
v8b899c12
~ld


6.01
 0h00:04.097 2021/11/22T15:03:09z: DS3231
 0h00:04.112 2021/11/22T15:03:09z: BME280 (0x76)
 0h00:04.127 2021/11/22T15:03:09z: 84:f3:eb:7d:7:a8
 0h00:04.128 2021/11/22T15:03:09z: SSID: MU Open
 0h00:04.133 2021/11/22T15:03:09z: AP_STAR tmr
 ets Jan  8 2013,rst cause:4, boot mode:(3,7)

wdt reset
load 0x4010f000, len 1384, room 16 
tail 8
chksum 0x2d
csum 0x2d
v8b899c12
~ld


6.01
 0h00:04.128 2021/11/22T15:23:08z: DS3231
 0h00:04.143 2021/11/22T15:23:08z: BME280 (0x76)
 0h00:04.157 2021/11/22T15:23:08z: 84:f3:eb:7d:7:a8
 0h00:04.159 2021/11/22T15:23:08z: SSID: MU Open
 0h00:04.164 2021/11/22T15:23:08z: AP_STAR tmr
 ets Jan  8 2013,rst cause:4, boot mode:(3,7)

wdt reset
load 0x4010f000, len 1384, room 16 
tail 8
chksum 0x2d
csum 0x2d
v8b899c12
~ld


6.01
 0h00:04.139 2021/11/22T15:43:07z: DS3231
 0h00:04.154 2021/11/22T15:43:07z: BME280 (0x76)
 0h00:04.168 2021/11/22T15:43:07z: 84:f3:eb:7d:7:a8
 0h00:04.170 2021/11/22T15:43:07z: SSID: MU Open
 0h00:04.175 2021/11/22T15:43:07z: AP_STAR tmr
 ets Jan  8 2013,rst cause:4, boot mode:(3,7)

wdt reset
load 0x4010f000, len 1384, room 16 
tail 8
chksum 0x2d
csum 0x2d
v8b899c12
~ld


6.01
 0h00:04.135 2021/11/22T16:03:07z: DS3231
 0h00:04.150 2021/11/22T16:03:07z: BME280 (0x76)
 0h00:04.164 2021/11/22T16:03:07z: 84:f3:eb:7d:7:a8
 0h00:04.166 2021/11/22T16:03:07z: SSID: MU Open
 0h00:04.171 2021/11/22T16:03:07z: AP_STAR tmr
 ets Jan  8 2013,rst cause:4, boot mode:(3,7)

wdt reset
load 0x4010f000, len 1384, room 16 
tail 8
chksum 0x2d
csum 0x2d
v8b899c12
~ld


6.01
 0h00:04.259 2021/11/22T16:23:06z: DS3231
 0h00:04.274 2021/11/22T16:23:06z: BME280 (0x76)
 0h00:04.289 2021/11/22T16:23:06z: 84:f3:eb:7d:7:a8
 0h00:04.290 2021/11/22T16:23:06z: SSID: MU Open
 0h00:04.295 2021/11/22T16:23:06z: AP_STAR tmr
 ets Jan  8 2013,rst cause:4, boot mode:(3,7)

wdt reset
load 0x4010f000, len 1384, room 16 
tail 8
chksum 0x2d
csum 0x2d
v8b899c12
~ld


6.01
 0h00:04.032 2021/11/22T16:43:06z: DS3231
 0h00:04.047 2021/11/22T16:43:06z: BME280 (0x76)
 0h00:04.061 2021/11/22T16:43:06z: 84:f3:eb:7d:7:a8
 0h00:04.063 2021/11/22T16:43:06z: SSID: MU Open
 0h00:04.068 2021/11/22T16:43:06z: AP_STAR tmr
 ets Jan  8 2013,rst cause:4, boot mode:(3,7)

wdt reset
load 0x4010f000, len 1384, room 16 
tail 8
chksum 0x2d
csum 0x2d
v8b899c12
~ld


6.01
 0h00:03.871 2021/11/22T17:03:05z: DS3231
 0h00:03.886 2021/11/22T17:03:05z: BME280 (0x76)
 0h00:03.900 2021/11/22T17:03:05z: 84:f3:eb:7d:7:a8
 0h00:03.902 2021/11/22T17:03:05z: SSID: MU Open
 0h00:03.907 2021/11/22T17:03:05z: AP_STAR tmr
 ets Jan  8 2013,rst cause:4, boot mode:(3,7)

wdt reset
load 0x4010f000, len 1384, room 16 
tail 8
chksum 0x2d
csum 0x2d
v8b899c12
~ld


6.01
 0h00:04.134 2021/11/22T17:23:04z: DS3231
 0h00:04.149 2021/11/22T17:23:04z: BME280 (0x76)
 0h00:04.163 2021/11/22T17:23:04z: 84:f3:eb:7d:7:a8
 0h00:04.165 2021/11/22T17:23:04z: SSID: MU Open
 0h00:04.170 2021/11/22T17:23:04z: AP_STAR tmr
 ets Jan  8 2013,rst cause:4, boot mode:(3,7)

wdt reset
load 0x4010f000, len 1384, room 16 
tail 8
chksum 0x2d
csum 0x2d
v8b899c12
~ld


6.01
 0h00:03.998 2021/11/22T17:43:04z: DS3231
 0h00:04.013 2021/11/22T17:43:04z: BME280 (0x76)
 0h00:04.027 2021/11/22T17:43:04z: 84:f3:eb:7d:7:a8
 0h00:04.029 2021/11/22T17:43:04z: SSID: MU Open
 0h00:04.034 2021/11/22T17:43:04z: AP_STAR tmr
 ets Jan  8 2013,rst cause:4, boot mode:(3,7)

wdt reset
load 0x4010f000, len 1384, room 16 
tail 8
chksum 0x2d
csum 0x2d
v8b899c12
~ld


6.01
 0h00:03.957 2021/11/22T18:03:03z: DS3231
 0h00:03.972 2021/11/22T18:03:03z: BME280 (0x76)
 0h00:03.986 2021/11/22T18:03:03z: 84:f3:eb:7d:7:a8
 0h00:03.988 2021/11/22T18:03:03z: SSID: MU Open
 0h00:03.993 2021/11/22T18:03:03z: AP_STAR tmr
 ets Jan  8 2013,rst cause:4, boot mode:(3,7)

wdt reset
load 0x4010f000, len 1384, room 16 
tail 8
chksum 0x2d
csum 0x2d
v8b899c12
~ld


6.01
 0h00:03.986 2021/11/22T18:23:02z: DS3231
 0h00:04.001 2021/11/22T18:23:02z: BME280 (0x76)
 0h00:04.016 2021/11/22T18:23:02z: 84:f3:eb:7d:7:a8
 0h00:04.017 2021/11/22T18:23:02z: SSID: MU Open
 0h00:04.022 2021/11/22T18:23:02z: AP_STAR tmr
 ets Jan  8 2013,rst cause:4, boot mode:(3,7)

wdt reset
load 0x4010f000, len 1384, room 16 
tail 8
chksum 0x2d
csum 0x2d
v8b899c12
~ld


6.01
 0h00:04.128 2021/11/22T18:43:01z: DS3231
 0h00:04.144 2021/11/22T18:43:01z: BME280 (0x76)
 0h00:04.158 2021/11/22T18:43:01z: 84:f3:eb:7d:7:a8
 0h00:04.159 2021/11/22T18:43:01z: SSID: MU Open
 0h00:04.165 2021/11/22T18:43:01z: AP_STAR tmr
 ets Jan  8 2013,rst cause:4, boot mode:(3,7)

wdt reset
load 0x4010f000, len 1384, room 16 
tail 8
chksum 0x2d
csum 0x2d
v8b899c12
~ld


6.01
 0h00:04.136 2021/11/22T19:03:00z: DS3231
 0h00:04.151 2021/11/22T19:03:00z: BME280 (0x76)
 0h00:04.165 2021/11/22T19:03:00z: 84:f3:eb:7d:7:a8
 0h00:04.167 2021/11/22T19:03:00z: SSID: MU Open
 0h00:04.172 2021/11/22T19:03:00z: AP_STAR tmr
 ets Jan  8 2013,rst cause:4, boot mode:(3,7)

wdt reset
load 0x4010f000, len 1384, room 16 
tail 8
chksum 0x2d
csum 0x2d
v8b899c12
~ld


6.01
 0h00:04.029 2021/11/22T19:23:00z: DS3231
 0h00:04.045 2021/11/22T19:23:00z: BME280 (0x76)
 0h00:04.059 2021/11/22T19:23:00z: 84:f3:eb:7d:7:a8
 0h00:04.060 2021/11/22T19:23:00z: SSID: MU Open
 0h00:04.066 2021/11/22T19:23:00z: AP_STAR tmr
 ets Jan  8 2013,rst cause:4, boot mode:(3,7)

wdt reset
load 0x4010f000, len 1384, room 16 
tail 8
chksum 0x2d
csum 0x2d
v8b899c12
~ld


6.01
 0h00:04.132 2021/11/22T19:42:59z: DS3231
 0h00:04.147 2021/11/22T19:42:59z: BME280 (0x76)
 0h00:04.161 2021/11/22T19:42:59z: 84:f3:eb:7d:7:a8
 0h00:04.163 2021/11/22T19:42:59z: SSID: MU Open
 0h00:04.168 2021/11/22T19:42:59z: AP_STAR tmr
 ets Jan  8 2013,rst cause:4, boot mode:(3,7)

wdt reset
load 0x4010f000, len 1384, room 16 
tail 8
chksum 0x2d
csum 0x2d
v8b899c12
~ld


6.01
 0h00:04.042 2021/11/22T20:02:58z: DS3231
 0h00:04.057 2021/11/22T20:02:58z: BME280 (0x76)
 0h00:04.071 2021/11/22T20:02:58z: 84:f3:eb:7d:7:a8
 0h00:04.073 2021/11/22T20:02:58z: SSID: MU Open
 0h00:04.078 2021/11/22T20:02:58z: AP_STAR tmr
 ets Jan  8 2013,rst cause:4, boot mode:(3,7)

wdt reset
load 0x4010f000, len 1384, room 16 
tail 8
chksum 0x2d
csum 0x2d
v8b899c12
~ld


6.01
 0h00:04.189 2021/11/22T20:22:58z: DS3231
 0h00:04.205 2021/11/22T20:22:58z: BME280 (0x76)
 0h00:04.219 2021/11/22T20:22:58z: 84:f3:eb:7d:7:a8
 0h00:04.221 2021/11/22T20:22:58z: SSID: MU Open
 0h00:04.226 2021/11/22T20:22:58z: AP_STAR tmr
 ets Jan  8 2013,rst cause:4, boot mode:(3,7)

wdt reset
load 0x4010f000, len 1384, room 16 
tail 8
chksum 0x2d
csum 0x2d
v8b899c12
~ld


6.01
 0h00:03.993 2021/11/22T20:42:57z: DS3231
 0h00:04.008 2021/11/22T20:42:57z: BME280 (0x76)
 0h00:04.023 2021/11/22T20:42:57z: 84:f3:eb:7d:7:a8
 0h00:04.024 2021/11/22T20:42:57z: SSID: MU Open
 0h00:04.029 2021/11/22T20:42:57z: AP_STAR tmr
 ets Jan  8 2013,rst cause:4, boot mode:(3,7)

wdt reset
load 0x4010f000, len 1384, room 16 
tail 8
chksum 0x2d
csum 0x2d
v8b899c12
~ld


6.01
 0h00:03.907 2021/11/22T21:02:57z: DS3231
 0h00:03.922 2021/11/22T21:02:57z: BME280 (0x76)
 0h00:03.936 2021/11/22T21:02:57z: 84:f3:eb:7d:7:a8
 0h00:03.938 2021/11/22T21:02:57z: SSID: MU Open
 0h00:03.943 2021/11/22T21:02:57z: AP_STAR tmr
 ets Jan  8 2013,rst cause:4, boot mode:(3,7)

wdt reset
load 0x4010f000, len 1384, room 16 
tail 8
chksum 0x2d
csum 0x2d
v8b899c12
~ld


6.01
 0h00:03.867 2021/11/22T21:22:56z: DS3231
 0h00:03.883 2021/11/22T21:22:56z: BME280 (0x76)
 0h00:03.897 2021/11/22T21:22:56z: 84:f3:eb:7d:7:a8
 0h00:03.898 2021/11/22T21:22:56z: SSID: MU Open
 0h00:03.904 2021/11/22T21:22:56z: AP_STAR tmr
 ets Jan  8 2013,rst cause:4, boot mode:(3,7)

wdt reset
load 0x4010f000, len 1384, room 16 
tail 8
chksum 0x2d
csum 0x2d
v8b899c12
~ld


6.01
 0h00:03.851 2021/11/22T21:42:54z: DS3231
 0h00:03.866 2021/11/22T21:42:54z: BME280 (0x76)
 0h00:03.880 2021/11/22T21:42:54z: 84:f3:eb:7d:7:a8
 0h00:03.882 2021/11/22T21:42:54z: SSID: MU Open
 0h00:03.887 2021/11/22T21:42:54z: AP_STAR tmr
 ets Jan  8 2013,rst cause:4, boot mode:(3,7)

wdt reset
load 0x4010f000, len 1384, room 16 
tail 8
chksum 0x2d
csum 0x2d
v8b899c12
~ld


6.01
 0h00:03.995 2021/11/22T22:02:52z: DS3231
 0h00:04.010 2021/11/22T22:02:52z: BME280 (0x76)
 0h00:04.024 2021/11/22T22:02:52z: 84:f3:eb:7d:7:a8
 0h00:04.026 2021/11/22T22:02:52z: SSID: MU Open
 0h00:04.031 2021/11/22T22:02:53z: AP_STAR tmr
 ets Jan  8 2013,rst cause:4, boot mode:(3,7)

wdt reset
load 0x4010f000, len 1384, room 16 
tail 8
chksum 0x2d
csum 0x2d
v8b899c12
~ld


6.01
 0h00:03.903 2021/11/22T22:22:52z: DS3231
 0h00:03.918 2021/11/22T22:22:52z: BME280 (0x76)
 0h00:03.932 2021/11/22T22:22:52z: 84:f3:eb:7d:7:a8
 0h00:03.934 2021/11/22T22:22:52z: SSID: MU Open
 0h00:03.939 2021/11/22T22:22:52z: AP_STAR tmr
 ets Jan  8 2013,rst cause:4, boot mode:(3,7)

wdt reset
load 0x4010f000, len 1384, room 16 
tail 8
chksum 0x2d
csum 0x2d
v8b899c12
~ld


6.01
 0h00:04.198 2021/11/22T22:42:51z: DS3231
 0h00:04.214 2021/11/22T22:42:51z: BME280 (0x76)
 0h00:04.228 2021/11/22T22:42:51z: 84:f3:eb:7d:7:a8
 0h00:04.230 2021/11/22T22:42:51z: SSID: MU Open
 0h00:04.235 2021/11/22T22:42:51z: AP_STAR tmr
 ets Jan  8 2013,rst cause:4, boot mode:(3,7)

wdt reset
load 0x4010f000, len 1384, room 16 
tail 8
chksum 0x2d
csum 0x2d
v8b899c12
~ld


6.01
 0h00:03.965 2021/11/22T23:02:50z: DS3231
 0h00:03.980 2021/11/22T23:02:50z: BME280 (0x76)
 0h00:03.994 2021/11/22T23:02:50z: 84:f3:eb:7d:7:a8
 0h00:03.996 2021/11/22T23:02:50z: SSID: MU Open
 0h00:04.001 2021/11/22T23:02:50z: AP_STAR tmr
 ets Jan  8 2013,rst cause:4, boot mode:(3,7)

wdt reset
load 0x4010f000, len 1384, room 16 
tail 8
chksum 0x2d
csum 0x2d
v8b899c12
~ld


6.01
 0h00:03.966 2021/11/22T23:22:50z: DS3231
 0h00:03.982 2021/11/22T23:22:50z: BME280 (0x76)
 0h00:03.996 2021/11/22T23:22:50z: 84:f3:eb:7d:7:a8
 0h00:03.998 2021/11/22T23:22:50z: SSID: MU Open
 0h00:04.003 2021/11/22T23:22:50z: AP_STAR tmr
 ets Jan  8 2013,rst cause:4, boot mode:(3,7)

wdt reset
load 0x4010f000, len 1384, room 16 
tail 8
chksum 0x2d
csum 0x2d
v8b899c12
~ld


6.01
 0h00:04.107 2021/11/22T23:42:48z: DS3231
 0h00:04.122 2021/11/22T23:42:48z: BME280 (0x76)
 0h00:04.136 2021/11/22T23:42:48z: 84:f3:eb:7d:7:a8
 0h00:04.138 2021/11/22T23:42:48z: SSID: MU Open
 0h00:04.143 2021/11/22T23:42:48z: AP_STA