R tmr
 ets Jan  8 2013,rst cause:4, boot mode:(3,7)

wdt reset
load 0x4010f000, len 1384, room 16 
tail 8
chksum 0x2d
csum 0x2d
v8b899c12
~ld


6.01
 0h00:05.713 2022/12/15T00:02:27z: DS3231
 0h00:05.728 2022/12/15T00:02:27z: BME280 (0x76)
 0h00:05.743 2022/12/15T00:02:27z: 84:f3:eb:7d:7:a8
 0h00:05.744 2022/12/15T00:02:27z: SSID: MU Open
 0h00:05.749 2022/12/15T00:02:27z: AP_STAR tmr
 ets Jan  8 2013,rst cause:4, boot mode:(3,7)

wdt reset
load 0x4010f000, len 1384, room 16 
tail 8
chksum 0x2d
csum 0x2d
v8b899c12
~ld


6.01
 0h00:05.659 2022/12/15T00:22:35z: DS3231
 0h00:05.675 2022/12/15T00:22:35z: BME280 (0x76)
 0h00:05.689 2022/12/15T00:22:35z: 84:f3:eb:7d:7:a8
 0h00:05.691 2022/12/15T00:22:35z: SSID: MU Open
 0h00:05.696 2022/12/15T00:22:35z: AP_STAR tmr
 ets Jan  8 2013,rst cause:4, boot mode:(3,7)

wdt reset
load 0x4010f000, len 1384, room 16 
tail 8
chksum 0x2d
csum 0x2d
v8b899c12
~ld


6.01
 0h00:05.710 2022/12/15T00:42:41z: DS3231
 0h00:05.725 2022/12/15T00:42:41z: BME280 (0x76)
 0h00:05.739 2022/12/15T00:42:41z: 84:f3:eb:7d:7:a8
 0h00:05.741 2022/12/15T00:42:41z: SSID: MU Open
 0h00:05.746 2022/12/15T00:42:41z: AP_STAR tmr
 ets Jan  8 2013,rst cause:4, boot mode:(3,7)

wdt reset
load 0x4010f000, len 1384, room 16 
tail 8
chksum 0x2d
csum 0x2d
v8b899c12
~ld


6.01
 0h00:05.596 2022/12/15T01:02:47z: DS3231
 0h00:05.612 2022/12/15T01:02:47z: BME280 (0x76)
 0h00:05.626 2022/12/15T01:02:47z: 84:f3:eb:7d:7:a8
 0h00:05.628 2022/12/15T01:02:47z: SSID: MU Open
 0h00:05.633 2022/12/15T01:02:47z: AP_STAR tmr
 ets Jan  8 2013,rst cause:4, boot mode:(3,7)

wdt reset
load 0x4010f000, len 1384, room 16 
tail 8
chksum 0x2d
csum 0x2d
v8b899c12
~ld


6.01
 0h00:05.821 2022/12/15T01:22:53z: DS3231
 0h00:05.836 2022/12/15T01:22:53z: BME280 (0x76)
 0h00:05.850 2022/12/15T01:22:53z: 84:f3:eb:7d:7:a8
 0h00:05.852 2022/12/15T01:22:53z: SSID: MU Open
 0h00:05.857 2022/12/15T01:22:53z: AP_STAR tmr
 ets Jan  8 2013,rst cause:4, boot mode:(3,7)

wdt reset
load 0x4010f000, len 1384, room 16 
tail 8
chksum 0x2d
csum 0x2d
v8b899c12
~ld


6.01
 0h00:05.943 2022/12/15T01:43:00z: DS3231
 0h00:05.959 2022/12/15T01:43:00z: BME280 (0x76)
 0h00:05.973 2022/12/15T01:43:00z: 84:f3:eb:7d:7:a8
 0h00:05.974 2022/12/15T01:43:00z: SSID: MU Open
 0h00:05.980 2022/12/15T01:43:00z: AP_STAR tmr
 ets Jan  8 2013,rst cause:4, boot mode:(3,7)

wdt reset
load 0x4010f000, len 1384, room 16 
tail 8
chksum 0x2d
csum 0x2d
v8b899c12
~ld


6.01
 0h00:05.858 2022/12/15T02:03:07z: DS3231
 0h00:05.873 2022/12/15T02:03:07z: BME280 (0x76)
 0h00:05.888 2022/12/15T02:03:07z: 84:f3:eb:7d:7:a8
 0h00:05.889 2022/12/15T02:03:07z: SSID: MU Open
 0h00:05.894 2022/12/15T02:03:07z: AP_STAR tmr
 ets Jan  8 2013,rst cause:4, boot mode:(3,7)

wdt reset
load 0x4010f000, len 1384, room 16 
tail 8
chksum 0x2d
csum 0x2d
v8b899c12
~ld


6.01
 0h00:05.715 2022/12/15T02:23:13z: DS3231
 0h00:05.730 2022/12/15T02:23:13z: BME280 (0x76)
 0h00:05.744 2022/12/15T02:23:13z: 84:f3:eb:7d:7:a8
 0h00:05.746 2022/12/15T02:23:13z: SSID: MU Open
 0h00:05.751 2022/12/15T02:23:13z: AP_STAR tmr
 ets Jan  8 2013,rst cause:4, boot mode:(3,7)

wdt reset
load 0x4010f000, len 1384, room 16 
tail 8
chksum 0x2d
csum 0x2d
v8b899c12
~ld


6.01
 0h00:05.817 2022/12/15T02:43:20z: DS3231
 0h00:05.832 2022/12/15T02:43:20z: BME280 (0x76)
 0h00:05.846 2022/12/15T02:43:20z: 84:f3:eb:7d:7:a8
 0h00:05.848 2022/12/15T02:43:20z: SSID: MU Open
 0h00:05.853 2022/12/15T02:43:20z: AP_STAR tmr
 ets Jan  8 2013,rst cause:4, boot mode:(3,7)

wdt reset
load 0x4010f000, len 1384, room 16 
tail 8
chksum 0x2d
csum 0x2d
v8b899c12
~ld


6.01
 0h00:05.726 2022/12/15T03:03:26z: DS3231
 0h00:05.742 2022/12/15T03:03:26z: BME280 (0x76)
 0h00:05.756 2022/12/15T03:03:26z: 84:f3:eb:7d:7:a8
 0h00:05.757 2022/12/15T03:03:26z: SSID: MU Open
 0h00:05.763 2022/12/15T03:03:26z: AP_STAR tmr
 ets Jan  8 2013,rst cause:4, boot mode:(3,7)

wdt reset
load 0x4010f000, len 1384, room 16 
tail 8
chksum 0x2d
csum 0x2d
v8b899c12
~ld


6.01
 0h00:05.763 2022/12/15T03:23:33z: DS3231
 0h00:05.779 2022/12/15T03:23:33z: BME280 (0x76)
 0h00:05.793 2022/12/15T03:23:33z: 84:f3:eb:7d:7:a8
 0h00:05.794 2022/12/15T03:23:33z: SSID: MU Open
 0h00:05.800 2022/12/15T03:23:33z: AP_STAR tmr
 ets Jan  8 2013,rst cause:4, boot mode:(3,7)

wdt reset
load 0x4010f000, len 1384, room 16 
tail 8
chksum 0x2d
csum 0x2d
v8b899c12
~ld


6.01
 0h00:05.823 2022/12/15T03:43:40z: DS3231
 0h00:05.839 2022/12/15T03:43:40z: BME280 (0x76)
 0h00:05.853 2022/12/15T03:43:40z: 84:f3:eb:7d:7:a8
 0h00:05.854 2022/12/15T03:43:40z: SSID: MU Open
 0h00:05.860 2022/12/15T03:43:40z: AP_STAR tmr
 ets Jan  8 2013,rst cause:4, boot mode:(3,7)

wdt reset
load 0x4010f000, len 1384, room 16 
tail 8
chksum 0x2d
csum 0x2d
v8b899c12
~ld


6.01
 0h00:05.321 2022/12/15T04:03:46z: DS3231
 0h00:05.337 2022/12/15T04:03:46z: BME280 (0x76)
 0h00:05.351 2022/12/15T04:03:46z: 84:f3:eb:7d:7:a8
 0h00:05.353 2022/12/15T04:03:46z: SSID: MU Open
 0h00:05.358 2022/12/15T04:03:46z: AP_STAR tmr
 ets Jan  8 2013,rst cause:4, boot mode:(3,7)

wdt reset
load 0x4010f000, len 1384, room 16 
tail 8
chksum 0x2d
csum 0x2d
v8b899c12
~ld


6.01
 0h00:05.666 2022/12/15T04:23:53z: DS3231
 0h00:05.681 2022/12/15T04:23:53z: BME280 (0x76)
 0h00:05.695 2022/12/15T04:23:53z: 84:f3:eb:7d:7:a8
 0h00:05.697 2022/12/15T04:23:53z: SSID: MU Open
 0h00:05.702 2022/12/15T04:23:53z: AP_STAR tmr
 ets Jan  8 2013,rst cause:4, boot mode:(3,7)

wdt reset
load 0x4010f000, len 1384, room 16 
tail 8
chksum 0x2d
csum 0x2d
v8b899c12
~ld


6.01
 0h00:05.608 2022/12/15T04:43:59z: DS3231
 0h00:05.623 2022/12/15T04:43:59z: BME280 (0x76)
 0h00:05.637 2022/12/15T04:43:59z: 84:f3:eb:7d:7:a8
 0h00:05.639 2022/12/15T04:43:59z: SSID: MU Open
 0h00:05.644 2022/12/15T04:43:59z: AP_STAR tmr
 ets Jan  8 2013,rst cause:4, boot mode:(3,7)

wdt reset
load 0x4010f000, len 1384, room 16 
tail 8
chksum 0x2d
csum 0x2d
v8b899c12
~ld


6.01
 0h00:05.467 2022/12/15T05:04:06z: DS3231
 0h00:05.482 2022/12/15T05:04:06z: BME280 (0x76)
 0h00:05.497 2022/12/15T05:04:06z: 84:f3:eb:7d:7:a8
 0h00:05.498 2022/12/15T05:04:06z: SSID: MU Open
 0h00:05.503 2022/12/15T05:04:06z: AP_STAR tmr
 ets Jan  8 2013,rst cause:4, boot mode:(3,7)

wdt reset
load 0x4010f000, len 1384, room 16 
tail 8
chksum 0x2d
csum 0x2d
v8b899c12
~ld


6.01
 0h00:05.917 2022/12/15T05:24:13z: DS3231
 0h00:05.932 2022/12/15T05:24:13z: BME280 (0x76)
 0h00:05.946 2022/12/15T05:24:13z: 84:f3:eb:7d:7:a8
 0h00:05.948 2022/12/15T05:24:13z: SSID: MU Open
 0h00:05.953 2022/12/15T05:24:13z: AP_STAR tmr
 ets Jan  8 2013,rst cause:4, boot mode:(3,7)

wdt reset
load 0x4010f000, len 1384, room 16 
tail 8
chksum 0x2d
csum 0x2d
v8b899c12
~ld


6.01
 0h00:05.493 2022/12/15T05:44:19z: DS3231
 0h00:05.508 2022/12/15T05:44:19z: BME280 (0x76)
 0h00:05.522 2022/12/15T05:44:19z: 84:f3:eb:7d:7:a8
 0h00:05.524 2022/12/15T05:44:19z: SSID: MU Open
 0h00:05.529 2022/12/15T05:44:19z: AP_STAR tmr
 ets Jan  8 2013,rst cause:4, boot mode:(3,7)

wdt reset
load 0x4010f000, len 1384, room 16 
tail 8
chksum 0x2d
csum 0x2d
v8b899c12
~ld


6.01
 0h00:05.334 2022/12/15T06:04:25z: DS3231
 0h00:05.350 2022/12/15T06:04:25z: BME280 (0x76)
 0h00:05.364 2022/12/15T06:04:25z: 84:f3:eb:7d:7:a8
 0h00:05.365 2022/12/15T06:04:25z: SSID: MU Open
 0h00:05.371 2022/12/15T06:04:25z: AP_STAR tmr
 ets Jan  8 2013,rst cause:4, boot mode:(3,7)

wdt reset
load 0x4010f000, len 1384, room 16 
tail 8
chksum 0x2d
csum 0x2d
v8b899c12
~ld


6.01
 0h00:05.634 2022/12/15T06:24:31z: DS3231
 0h00:05.650 2022/12/15T06:24:31z: BME280 (0x76)
 0h00:05.664 2022/12/15T06:24:31z: 84:f3:eb:7d:7:a8
 0h00:05.666 2022/12/15T06:24:31z: SSID: MU Open
 0h00:05.671 2022/12/15T06:24:31z: AP_STAR tmr
 ets Jan  8 2013,rst cause:4, boot mode:(3,7)

wdt reset
load 0x4010f000, len 1384, room 16 
tail 8
chksum 0x2d
csum 0x2d
v8b899c12
~ld


6.01
 0h00:05.463 2022/12/15T06:44:37z: DS3231
 0h00:05.478 2022/12/15T06:44:37z: BME280 (0x76)
 0h00:05.492 2022/12/15T06:44:37z: 84:f3:eb:7d:7:a8
 0h00:05.494 2022/12/15T06:44:37z: SSID: MU Open
 0h00:05.499 2022/12/15T06:44:37z: AP_STAR tmr
 ets Jan  8 2013,rst cause:4, boot mode:(3,7)

wdt reset
load 0x4010f000, len 1384, room 16 
tail 8
chksum 0x2d
csum 0x2d
v8b899c12
~ld


6.01
 0h00:05.683 2022/12/15T07:04:44z: DS3231
 0h00:05.699 2022/12/15T07:04:44z: BME280 (0x76)
 0h00:05.713 2022/12/15T07:04:44z: 84:f3:eb:7d:7:a8
 0h00:05.715 2022/12/15T07:04:44z: SSID: MU Open
 0h00:05.720 2022/12/15T07:04:44z: AP_STAR tmr
 ets Jan  8 2013,rst cause:4, boot mode:(3,7)

wdt reset
load 0x4010f000, len 1384, room 16 
tail 8
chksum 0x2d
csum 0x2d
v8b899c12
~ld


6.01
 0h00:05.755 2022/12/15T07:24:51z: DS3231
 0h00:05.771 2022/12/15T07:24:51z: BME280 (0x76)
 0h00:05.785 2022/12/15T07:24:51z: 84:f3:eb:7d:7:a8
 0h00:05.786 2022/12/15T07:24:51z: SSID: MU Open
 0h00:05.792 2022/12/15T07:24:51z: AP_STAR tmr
 ets Jan  8 2013,rst cause:4, boot mode:(3,7)

wdt reset
load 0x4010f000, len 1384, room 16 
tail 8
chksum 0x2d
csum 0x2d
v8b899c12
~ld


6.01
 0h00:05.349 2022/12/15T07:44:57z: DS3231
 0h00:05.364 2022/12/15T07:44:57z: BME280 (0x76)
 0h00:05.378 2022/12/15T07:44:57z: 84:f3:eb:7d:7:a8
 0h00:05.380 2022/12/15T07:44:57z: SSID: MU Open
 0h00:05.385 2022/12/15T07:44:57z: AP_STAR tmr
 ets Jan  8 2013,rst cause:4, boot mode:(3,7)

wdt reset
load 0x4010f000, len 1384, room 16 
tail 8
chksum 0x2d
csum 0x2d
v8b899c12
~ld


6.01
 0h00:05.772 2022/12/15T08:05:03z: DS3231
 0h00:05.788 2022/12/15T08:05:03z: BME280 (0x76)
 0h00:05.802 2022/12/15T08:05:03z: 84:f3:eb:7d:7:a8
 0h00:05.804 2022/12/15T08:05:03z: SSID: MU Open
 0h00:05.809 2022/12/15T08:05:03z: AP_STAR tmr
 ets Jan  8 2013,rst cause:4, boot mode:(3,7)

wdt reset
load 0x4010f000, len 1384, room 16 
tail 8
chksum 0x2d
csum 0x2d
v8b899c12
~ld


6.01
 0h00:05.316 2022/12/15T08:25:09z: DS3231
 0h00:05.332 2022/12/15T08:25:09z: BME280 (0x76)
 0h00:05.346 2022/12/15T08:25:09z: 84:f3:eb:7d:7:a8
 0h00:05.348 2022/12/15T08:25:09z: SSID: MU Open
 0h00:05.353 2022/12/15T08:25:09z: AP_STAR tmr
 ets Jan  8 2013,rst cause:4, boot mode:(3,7)

wdt reset
load 0x4010f000, len 1384, room 16 
tail 8
chksum 0x2d
csum 0x2d
v8b899c12
~ld


6.01
 0h00:05.665 2022/12/15T08:45:16z: DS3231
 0h00:05.680 2022/12/15T08:45:16z: BME280 (0x76)
 0h00:05.694 2022/12/15T08:45:16z: 84:f3:eb:7d:7:a8
 0h00:05.696 2022/12/15T08:45:16z: SSID: MU Open
 0h00:05.701 2022/12/15T08:45:16z: AP_STAR tmr
 ets Jan  8 2013,rst cause:4, boot mode:(3,7)

wdt reset
load 0x4010f000, len 1384, room 16 
tail 8
chksum 0x2d
csum 0x2d
v8b899c12
~ld


6.01
 0h00:05.475 2022/12/15T09:05:22z: DS3231
 0h00:05.490 2022/12/15T09:05:22z: BME280 (0x76)
 0h00:05.504 2022/12/15T09:05:22z: 84:f3:eb:7d:7:a8
 0h00:05.506 2022/12/15T09:05:22z: SSID: MU Open
 0h00:05.511 2022/12/15T09:05:22z: AP_STAR tmr
 ets Jan  8 2013,rst cause:4, boot mode:(3,7)

wdt reset
load 0x4010f000, len 1384, room 16 
tail 8
chksum 0x2d
csum 0x2d
v8b899c12
~ld


6.01
 0h00:05.273 2022/12/15T09:25:29z: DS3231
 0h00:05.288 2022/12/15T09:25:29z: BME280 (0x76)
 0h00:05.302 2022/12/15T09:25:29z: 84:f3:eb:7d:7:a8
 0h00:05.304 2022/12/15T09:25:29z: SSID: MU Open
 0h00:05.309 2022/12/15T09:25:29z: AP_STAR tmr
 ets Jan  8 2013,rst cause:4, boot mode:(3,7)

wdt reset
load 0x4010f000, len 1384, room 16 
tail 8
chksum 0x2d
csum 0x2d
v8b899c12
~ld


6.01
 0h00:05.481 2022/12/15T09:45:35z: DS3231
 0h00:05.497 2022/12/15T09:45:35z: BME280 (0x76)
 0h00:05.511 2022/12/15T09:45:35z: 84:f3:eb:7d:7:a8
 0h00:05.512 2022/12/15T09:45:35z: SSID: MU Open
 0h00:05.518 2022/12/15T09:45:35z: AP_STAR tmr
 ets Jan  8 2013,rst cause:4, boot mode:(3,7)

wdt reset
load 0x4010f000, len 1384, room 16 
tail 8
chksum 0x2d
csum 0x2d
v8b899c12
~ld


6.01
 0h00:05.424 2022/12/15T10:05:40z: DS3231
 0h00:05.439 2022/12/15T10:05:40z: BME280 (0x76)
 0h00:05.453 2022/12/15T10:05:40z: 84:f3:eb:7d:7:a8
 0h00:05.455 2022/12/15T10:05:40z: SSID: MU Open
 0h00:05.460 2022/12/15T10:05:40z: AP_STAR tmr
 ets Jan  8 2013,rst cause:4, boot mode:(3,7)

wdt reset
load 0x4010f000, len 1384, room 16 
tail 8
chksum 0x2d
csum 0x2d
v8b899c12
~ld


6.01
 0h00:05.468 2022/12/15T10:25:46z: DS3231
 0h00:05.484 2022/12/15T10:25:46z: BME280 (0x76)
 0h00:05.498 2022/12/15T10:25:46z: 84:f3:eb:7d:7:a8
 0h00:05.500 2022/12/15T10:25:46z: SSID: MU Open
 0h00:05.505 2022/12/15T10:25:46z: AP_STAR tmr
 ets Jan  8 2013,rst cause:4, boot mode:(3,7)

wdt reset
load 0x4010f000, len 1384, room 16 
tail 8
chksum 0x2d
csum 0x2d
v8b899c12
~ld


6.01
 0h00:05.469 2022/12/15T10:45:52z: DS3231
 0h00:05.484 2022/12/15T10:45:52z: BME280 (0x76)
 0h00:05.498 2022/12/15T10:45:52z: 84:f3:eb:7d:7:a8
 0h00:05.500 2022/12/15T10:45:52z: SSID: MU Open
 0h00:05.505 2022/12/15T10:45:52z: AP_STAR tmr
 ets Jan  8 2013,rst cause:4, boot mode:(3,7)

wdt reset
load 0x4010f000, len 1384, room 16 
tail 8
chksum 0x2d
csum 0x2d
v8b899c12
~ld


6.01
 0h00:05.668 2022/12/15T11:05:58z: DS3231
 0h00:05.683 2022/12/15T11:05:58z: BME280 (0x76)
 0h00:05.698 2022/12/15T11:05:58z: 84:f3:eb:7d:7:a8
 0h00:05.699 2022/12/15T11:05:58z: SSID: MU Open
 0h00:05.704 2022/12/15T11:05:58z: AP_STAR tmr
 ets Jan  8 2013,rst cause:4, boot mode:(3,7)

wdt reset
load 0x4010f000, len 1384, room 16 
tail 8
chksum 0x2d
csum 0x2d
v8b899c12
~ld


6.01
 0h00:05.806 2022/12/15T11:26:05z: DS3231
 0h00:05.821 2022/12/15T11:26:05z: BME280 (0x76)
 0h00:05.835 2022/12/15T11:26:05z: 84:f3:eb:7d:7:a8
 0h00:05.837 2022/12/15T11:26:05z: SSID: MU Open
 0h00:05.842 2022/12/15T11:26:05z: AP_STAR tmr
 ets Jan  8 2013,rst cause:4, boot mode:(3,7)

wdt reset
load 0x4010f000, len 1384, room 16 
tail 8
chksum 0x2d
csum 0x2d
v8b899c12
~ld


6.01
 0h00:05.844 2022/12/15T11:46:11z: DS3231
 0h00:05.859 2022/12/15T11:46:11z: BME280 (0x76)
 0h00:05.873 2022/12/15T11:46:11z: 84:f3:eb:7d:7:a8
 0h00:05.875 2022/12/15T11:46:11z: SSID: MU Open
 0h00:05.880 2022/12/15T11:46:11z: AP_STAR tmr
 ets Jan  8 2013,rst cause:4, boot mode:(3,7)

wdt reset
load 0x4010f000, len 1384, room 16 
tail 8
chksum 0x2d
csum 0x2d
v8b899c12
~ld


6.01
 0h00:05.908 2022/12/15T12:06:19z: DS3231
 0h00:05.923 2022/12/15T12:06:19z: BME280 (0x76)
 0h00:05.937 2022/12/15T12:06:19z: 84:f3:eb:7d:7:a8
 0h00:05.939 2022/12/15T12:06:19z: SSID: MU Open
 0h00:05.944 2022/12/15T12:06:19z: AP_STAR tmr
 ets Jan  8 2013,rst cause:4, boot mode:(3,7)

wdt reset
load 0x4010f000, len 1384, room 16 
tail 8
chksum 0x2d
csum 0x2d
v8b899c12
~ld


6.01
 0h00:05.785 2022/12/15T12:26:25z: DS3231
 0h00:05.800 2022/12/15T12:26:25z: BME280 (0x76)
 0h00:05.815 2022/12/15T12:26:25z: 84:f3:eb:7d:7:a8
 0h00:05.816 2022/12/15T12:26:25z: SSID: MU Open
 0h00:05.821 2022/12/15T12:26:25z: AP_STAR tmr
 ets Jan  8 2013,rst cause:4, boot mode:(3,7)

wdt reset
load 0x4010f000, len 1384, room 16 
tail 8
chksum 0x2d
csum 0x2d
v8b899c12
~ld


6.01
 0h00:05.764 2022/12/15T12:46:32z: DS3231
 0h00:05.779 2022/12/15T12:46:32z: BME280 (0x76)
 0h00:05.793 2022/12/15T12:46:32z: 84:f3:eb:7d:7:a8
 0h00:05.795 2022/12/15T12:46:32z: SSID: MU Open
 0h00:05.800 2022/12/15T12:46:32z: AP_STAR tmr
 ets Jan  8 2013,rst cause:4, boot mode:(3,7)

wdt reset
load 0x4010f000, len 1384, room 16 
tail 8
chksum 0x2d
csum 0x2d
v8b899c12
~ld


6.01
 0h00:05.849 2022/12/15T13:06:39z: DS3231
 0h00:05.864 2022/12/15T13:06:39z: BME280 (0x76)
 0h00:05.878 2022/12/15T13:06:39z: 84:f3:eb:7d:7:a8
 0h00:05.880 2022/12/15T13:06:39z: SSID: MU Open
 0h00:05.885 2022/12/15T13:06:39z: AP_STAR tmr
 ets Jan  8 2013,rst cause:4, boot mode:(3,7)

wdt reset
load 0x4010f000, len 1384, room 16 
tail 8
chksum 0x2d
csum 0x2d
v8b899c12
~ld


6.01
 0h00:05.807 2022/12/15T13:26:46z: DS3231
 0h00:05.822 2022/12/15T13:26:46z: BME280 (0x76)
 0h00:05.836 2022/12/15T13:26:46z: 84:f3:eb:7d:7:a8
 0h00:05.838 2022/12/15T13:26:46z: SSID: MU Open
 0h00:05.843 2022/12/15T13:26:46z: AP_STAR tmr
 ets Jan  8 2013,rst cause:4, boot mode:(3,7)

wdt reset
load 0x4010f000, len 1384, room 16 
tail 8
chksum 0x2d
csum 0x2d
v8b899c12
~ld


6.01
 0h00:06.066 2022/12/15T13:46:53z: DS3231
 0h00:06.082 2022/12/15T13:46:53z: BME280 (0x76)
 0h00:06.096 2022/12/15T13:46:53z: 84:f3:eb:7d:7:a8
 0h00:06.097 2022/12/15T13:46:53z: SSID: MU Open
 0h00:06.103 2022/12/15T13:46:53z: AP_STAR tmr
 ets Jan  8 2013,rst cause:4, boot mode:(3,7)

wdt reset
load 0x4010f000, len 1384, room 16 
tail 8
chksum 0x2d
csum 0x2d
v8b899c12
~ld


6.01
 0h00:05.876 2022/12/15T14:07:01z: DS3231
 0h00:05.891 2022/12/15T14:07:01z: BME280 (0x76)
 0h00:05.905 2022/12/15T14:07:01z: 84:f3:eb:7d:7:a8
 0h00:05.907 2022/12/15T14:07:01z: SSID: MU Open
 0h00:05.912 2022/12/15T14:07:01z: AP_STAR tmr
 ets Jan  8 2013,rst cause:4, boot mode:(3,7)

wdt reset
load 0x4010f000, len 1384, room 16 
tail 8
chksum 0x2d
csum 0x2d
v8b899c12
~ld


6.01
 0h00:05.878 2022/12/15T14:27:07z: DS3231
 0h00:05.894 2022/12/15T14:27:07z: BME280 (0x76)
 0h00:05.908 2022/12/15T14:27:07z: 84:f3:eb:7d:7:a8
 0h00:05.909 2022/12/15T14:27:07z: SSID: MU Open
 0h00:05.915 2022/12/15T14:27:07z: AP_STAR tmr
 ets Jan  8 2013,rst cause:4, boot mode:(3,7)

wdt reset
load 0x4010f000, len 1384, room 16 
tail 8
chksum 0x2d
csum 0x2d
v8b899c12
~ld


6.01
 0h00:05.900 2022/12/15T14:47:14z: DS3231
 0h00:05.915 2022/12/15T14:47:14z: BME280 (0x76)
 0h00:05.929 2022/12/15T14:47:14z: 84:f3:eb:7d:7:a8
 0h00:05.931 2022/12/15T14:47:14z: SSID: MU Open
 0h00:05.936 2022/12/15T14:47:14z: AP_STAR tmr
 ets Jan  8 2013,rst cause:4, boot mode:(3,7)

wdt reset
load 0x4010f000, len 1384, room 16 
tail 8
chksum 0x2d
csum 0x2d
v8b899c12
~ld


6.01
 0h00:05.973 2022/12/15T15:07:21z: DS3231
 0h00:05.988 2022/12/15T15:07:21z: BME280 (0x76)
 0h00:06.002 2022/12/15T15:07:21z: 84:f3:eb:7d:7:a8
 0h00:06.004 2022/12/15T15:07:21z: SSID: MU Open
 0h00:06.009 2022/12/15T15:07:21z: AP_STAR tmr
 ets Jan  8 2013,rst cause:4, boot mode:(3,7)

wdt reset
load 0x4010f000, len 1384, room 16 
tail 8
chksum 0x2d
csum 0x2d
v8b899c12
~ld


6.01
 0h00:05.948 2022/12/15T15:27:29z: DS3231
 0h00:05.963 2022/12/15T15:27:29z: BME280 (0x76)
 0h00:05.977 2022/12/15T15:27:29z: 84:f3:eb:7d:7:a8
 0h00:05.979 2022/12/15T15:27:29z: SSID: MU Open
 0h00:05.984 2022/12/15T15:27:29z: AP_STAR tmr
 ets Jan  8 2013,rst cause:4, boot mode:(3,7)

wdt reset
load 0x4010f000, len 1384, room 16 
tail 8
chksum 0x2d
csum 0x2d
v8b899c12
~ld


6.01
 0h00:05.785 2022/12/15T15:47:36z: DS3231
 0h00:05.801 2022/12/15T15:47:36z: BME280 (0x76)
 0h00:05.815 2022/12/15T15:47:36z: 84:f3:eb:7d:7:a8
 0h00:05.816 2022/12/15T15:47:36z: SSID: MU Open
 0h00:05.822 2022/12/15T15:47:36z: AP_STAR tmr
 ets Jan  8 2013,rst cause:4, boot mode:(3,7)

wdt reset
load 0x4010f000, len 1384, room 16 
tail 8
chksum 0x2d
csum 0x2d
v8b899c12
~ld


6.01
 0h00:06.042 2022/12/15T16:07:43z: DS3231
 0h00:06.057 2022/12/15T16:07:43z: BME280 (0x76)
 0h00:06.071 2022/12/15T16:07:43z: 84:f3:eb:7d:7:a8
 0h00:06.073 2022/12/15T16:07:43z: SSID: MU Open
 0h00:06.078 2022/12/15T16:07:43z: AP_STAR tmr
 ets Jan  8 2013,rst cause:4, boot mode:(3,7)

wdt reset
load 0x4010f000, len 1384, room 16 
tail 8
chksum 0x2d
csum 0x2d
v8b899c12
~ld


6.01
 0h00:06.120 2022/12/15T16:27:50z: DS3231
 0h00:06.135 2022/12/15T16:27:50z: BME280 (0x76)
 0h00:06.150 2022/12/15T16:27:50z: 84:f3:eb:7d:7:a8
 0h00:06.151 2022/12/15T16:27:50z: SSID: MU Open
 0h00:06.156 2022/12/15T16:27:50z: AP_STAR tmr
 ets Jan  8 2013,rst cause:4, boot mode:(3,7)

wdt reset
load 0x4010f000, len 1384, room 16 
tail 8
chksum 0x2d
csum 0x2d
v8b899c12
~ld


6.01
 0h00:05.488 2022/12/15T16:47:57z: DS3231
 0h00:05.503 2022/12/15T16:47:57z: BME280 (0x76)
 0h00:05.517 2022/12/15T16:47:57z: 84:f3:eb:7d:7:a8
 0h00:05.519 2022/12/15T16:47:57z: SSID: MU Open
 0h00:05.524 2022/12/15T16:47:57z: AP_STAR tmr
 ets Jan  8 2013,rst cause:4, boot mode:(3,7)

wdt reset
load 0x4010f000, len 1384, room 16 
tail 8
chksum 0x2d
csum 0x2d
v8b899c12
~ld


6.01
 0h00:05.705 2022/12/15T17:08:04z: DS3231
 0h00:05.720 2022/12/15T17:08:04z: BME280 (0x76)
 0h00:05.734 2022/12/15T17:08:04z: 84:f3:eb:7d:7:a8
 0h00:05.736 2022/12/15T17:08:04z: SSID: MU Open
 0h00:05.741 2022/12/15T17:08:04z: AP_STAR tmr
 ets Jan  8 2013,rst cause:4, boot mode:(3,7)

wdt reset
load 0x4010f000, len 1384, room 16 
tail 8
chksum 0x2d
csum 0x2d
v8b899c12
~ld


6.01
 0h00:05.876 2022/12/15T17:28:11z: DS3231
 0h00:05.891 2022/12/15T17:28:11z: BME280 (0x76)
 0h00:05.905 2022/12/15T17:28:11z: 84:f3:eb:7d:7:a8
 0h00:05.907 2022/12/15T17:28:11z: SSID: MU Open
 0h00:05.912 2022/12/15T17:28:11z: AP_STAR tmr
 ets Jan  8 2013,rst cause:4, boot mode:(3,7)

wdt reset
load 0x4010f000, len 1384, room 16 
tail 8
chksum 0x2d
csum 0x2d
v8b899c12
~ld


6.01
 0h00:06.023 2022/12/15T17:48:18z: DS3231
 0h00:06.039 2022/12/15T17:48:18z: BME280 (0x76)
 0h00:06.053 2022/12/15T17:48:18z: 84:f3:eb:7d:7:a8
 0h00:06.055 2022/12/15T17:48:18z: SSID: MU Open
 0h00:06.060 2022/12/15T17:48:18z: AP_STAR tmr
 ets Jan  8 2013,rst cause:4, boot mode:(3,7)

wdt reset
load 0x4010f000, len 1384, room 16 
tail 8
chksum 0x2d
csum 0x2d
v8b899c12
~ld


6.01
 0h00:06.031 2022/12/15T18:08:26z: DS3231
 0h00:06.047 2022/12/15T18:08:26z: BME280 (0x76)
 0h00:06.061 2022/12/15T18:08:26z: 84:f3:eb:7d:7:a8
 0h00:06.062 2022/12/15T18:08:26z: SSID: MU Open
 0h00:06.068 2022/12/15T18:08:26z: AP_STAR tmr
 ets Jan  8 2013,rst cause:4, boot mode:(3,7)

wdt reset
load 0x4010f000, len 1384, room 16 
tail 8
chksum 0x2d
csum 0x2d
v8b899c12
~ld


6.01
 0h00:05.865 2022/12/15T18:28:32z: DS3231
 0h00:05.880 2022/12/15T18:28:32z: BME280 (0x76)
 0h00:05.894 2022/12/15T18:28:32z: 84:f3:eb:7d:7:a8
 0h00:05.896 2022/12/15T18:28:32z: SSID: MU Open
 0h00:05.901 2022/12/15T18:28:32z: AP_STAR tmr
 ets Jan  8 2013,rst cause:4, boot mode:(3,7)

wdt reset
load 0x4010f000, len 1384, room 16 
tail 8
chksum 0x2d
csum 0x2d
v8b899c12
~ld


6.01
 0h00:05.817 2022/12/15T18:48:38z: DS3231
 0h00:05.832 2022/12/15T18:48:39z: BME280 (0x76)
 0h00:05.846 2022/12/15T18:48:39z: 84:f3:eb:7d:7:a8
 0h00:05.848 2022/12/15T18:48:39z: SSID: MU Open
 0h00:05.853 2022/12/15T18:48:39z: AP_STAR tmr
 ets Jan  8 2013,rst cause:4, boot mode:(3,7)

wdt reset
load 0x4010f000, len 1384, room 16 
tail 8
chksum 0x2d
csum 0x2d
v8b899c12
~ld


6.01
 0h00:05.953 2022/12/15T19:08:45z: DS3231
 0h00:05.968 2022/12/15T19:08:45z: BME280 (0x76)
 0h00:05.982 2022/12/15T19:08:45z: 84:f3:eb:7d:7:a8
 0h00:05.984 2022/12/15T19:08:45z: SSID: MU Open
 0h00:05.989 2022/12/15T19:08:45z: AP_STAR tmr
 ets Jan  8 2013,rst cause:4, boot mode:(3,7)

wdt reset
load 0x4010f000, len 1384, room 16 
tail 8
chksum 0x2d
csum 0x2d
v8b899c12
~ld


6.01
 0h00:06.029 2022/12/15T19:28:51z: DS3231
 0h00:06.045 2022/12/15T19:28:52z: BME280 (0x76)
 0h00:06.059 2022/12/15T19:28:52z: 84:f3:eb:7d:7:a8
 0h00:06.060 2022/12/15T19:28:52z: SSID: MU Open
 0h00:06.066 2022/12/15T19:28:52z: AP_STAR tmr
 ets Jan  8 2013,rst cause:4, boot mode:(3,7)

wdt reset
load 0x4010f000, len 1384, room 16 
tail 8
chksum 0x2d
csum 0x2d
v8b899c12
~ld


6.01
 0h00:05.873 2022/12/15T19:48:58z: DS3231
 0h00:05.888 2022/12/15T19:48:58z: BME280 (0x76)
 0h00:05.902 2022/12/15T19:48:58z: 84:f3:eb:7d:7:a8
 0h00:05.904 2022/12/15T19:48:58z: SSID: MU Open
 0h00:05.909 2022/12/15T19:48:58z: AP_STAR tmr
 ets Jan  8 2013,rst cause:4, boot mode:(3,7)

wdt reset
load 0x4010f000, len 1384, room 16 
tail 8
chksum 0x2d
csum 0x2d
v8b899c12
~ld


6.01
 0h00:05.935 2022/12/15T20:09:05z: DS3231
 0h00:05.951 2022/12/15T20:09:05z: BME280 (0x76)
 0h00:05.965 2022/12/15T20:09:05z: 84:f3:eb:7d:7:a8
 0h00:05.967 2022/12/15T20:09:05z: SSID: MU Open
 0h00:05.972 2022/12/15T20:09:05z: AP_STAR tmr
 ets Jan  8 2013,rst cause:4, boot mode:(3,7)

wdt reset
load 0x4010f000, len 1384, room 16 
tail 8
chksum 0x2d
csum 0x2d
v8b899c12
~ld


6.01
 0h00:05.930 2022/12/15T20:29:13z: DS3231
 0h00:05.945 2022/12/15T20:29:13z: BME280 (0x76)
 0h00:05.959 2022/12/15T20:29:13z: 84:f3:eb:7d:7:a8
 0h00:05.961 2022/12/15T20:29:13z: SSID: MU Open
 0h00:05.966 2022/12/15T20:29:13z: AP_STAR tmr
 ets Jan  8 2013,rst cause:4, boot mode:(3,7)

wdt reset
load 0x4010f000, len 1384, room 16 
tail 8
chksum 0x2d
csum 0x2d
v8b899c12
~ld


6.01
 0h00:05.943 2022/12/15T20:49:20z: DS3231
 0h00:05.959 2022/12/15T20:49:20z: BME280 (0x76)
 0h00:05.973 2022/12/15T20:49:20z: 84:f3:eb:7d:7:a8
 0h00:05.975 2022/12/15T20:49:20z: SSID: MU Open
 0h00:05.980 2022/12/15T20:49:20z: AP_STAR tmr
 ets Jan  8 2013,rst cause:4, boot mode:(3,7)

wdt reset
load 0x4010f000, len 1384, room 16 
tail 8
chksum 0x2d
csum 0x2d
v8b899c12
~ld


6.01
 0h00:05.958 2022/12/15T21:09:28z: DS3231
 0h00:05.973 2022/12/15T21:09:28z: BME280 (0x76)
 0h00:05.988 2022/12/15T21:09:28z: 84:f3:eb:7d:7:a8
 0h00:05.989 2022/12/15T21:09:28z: SSID: MU Open
 0h00:05.994 2022/12/15T21:09:28z: AP_STAR tmr
 ets Jan  8 2013,rst cause:4, boot mode:(3,7)

wdt reset
load 0x4010f000, len 1384, room 16 
tail 8
chksum 0x2d
csum 0x2d
v8b899c12
~ld


6.01
 0h00:05.971 2022/12/15T21:29:36z: DS3231
 0h00:05.987 2022/12/15T21:29:36z: BME280 (0x76)
 0h00:06.001 2022/12/15T21:29:36z: 84:f3:eb:7d:7:a8
 0h00:06.003 2022/12/15T21:29:36z: SSID: MU Open
 0h00:06.008 2022/12/15T21:29:36z: AP_STAR tmr
 ets Jan  8 2013,rst cause:4, boot mode:(3,7)

wdt reset
load 0x4010f000, len 1384, room 16 
tail 8
chksum 0x2d
csum 0x2d
v8b899c12
~ld


6.01
 0h00:06.052 2022/12/15T21:49:43z: DS3231
 0h00:06.067 2022/12/15T21:49:43z: BME280 (0x76)
 0h00:06.081 2022/12/15T21:49:43z: 84:f3:eb:7d:7:a8
 0h00:06.083 2022/12/15T21:49:43z: SSID: MU Open
 0h00:06.088 2022/12/15T21:49:43z: AP_STAR tmr
 ets Jan  8 2013,rst cause:4, boot mode:(3,7)

wdt reset
load 0x4010f000, len 1384, room 16 
tail 8
chksum 0x2d
csum 0x2d
v8b899c12
~ld


6.01
 0h00:05.800 2022/12/15T22:09:49z: DS3231
 0h00:05.816 2022/12/15T22:09:49z: BME280 (0x76)
 0h00:05.830 2022/12/15T22:09:49z: 84:f3:eb:7d:7:a8
 0h00:05.832 2022/12/15T22:09:49z: SSID: MU Open
 0h00:05.837 2022/12/15T22:09:49z: AP_STAR tmr
 ets Jan  8 2013,rst cause:4, boot mode:(3,7)

wdt reset
load 0x4010f000, len 1384, room 16 
tail 8
chksum 0x2d
csum 0x2d
v8b899c12
~ld


6.01
 0h00:06.064 2022/12/15T22:29:56z: DS3231
 0h00:06.080 2022/12/15T22:29:56z: BME280 (0x76)
 0h00:06.094 2022/12/15T22:29:56z: 84:f3:eb:7d:7:a8
 0h00:06.095 2022/12/15T22:29:56z: SSID: MU Open
 0h00:06.101 2022/12/15T22:29:56z: AP_STAR tmr
 ets Jan  8 2013,rst cause:4, boot mode:(3,7)

wdt reset
load 0x4010f000, len 1384, room 16 
tail 8
chksum 0x2d
csum 0x2d
v8b899c12
~ld


6.01
 0h00:05.973 2022/12/15T22:50:03z: DS3231
 0h00:05.988 2022/12/15T22:50:03z: BME280 (0x76)
 0h00:06.002 2022/12/15T22:50:03z: 84:f3:eb:7d:7:a8
 0h00:06.004 2022/12/15T22:50:03z: SSID: MU Open
 0h00:06.009 2022/12/15T22:50:03z: AP_STAR tmr
 ets Jan  8 2013,rst cause:4, boot mode:(3,7)

wdt reset
load 0x4010f000, len 1384, room 16 
tail 8
chksum 0x2d
csum 0x2d
v8b899c12
~ld


6.01
 0h00:06.112 2022/12/15T23:10:10z: DS3231
 0h00:06.127 2022/12/15T23:10:10z: BME280 (0x76)
 0h00:06.142 2022/12/15T23:10:10z: 84:f3:eb:7d:7:a8
 0h00:06.143 2022/12/15T23:10:10z: SSID: MU Open
 0h00:06.148 2022/12/15T23:10:10z: AP_STAR tmr
 ets Jan  8 2013,rst cause:4, boot mode:(3,7)

wdt reset
load 0x4010f000, len 1384, room 16 
tail 8
chksum 0x2d
csum 0x2d
v8b899c12
~ld


6.01
 0h00:06.025 2022/12/15T23:30:17z: DS3231
 0h00:06.040 2022/12/15T23:30:17z: BME280 (0x76)
 0h00:06.054 2022/12/15T23:30:17z: 84:f3:eb:7d:7:a8
 0h00:06.056 2022/12/15T23:30:17z: SSID: MU Open
 0h00:06.061 2022/12/15T23:30:17z: AP_STAR tmr
 ets Jan  8 2013,rst cause:4, boot mode:(3,7)

wdt reset
load 0x4010f000, len 1384, room 16 
tail 8
chksum 0x2d
csum 0x2d
v8b899c12
~ld


6.01
 0h00:06.030 2022/12/15T23:50:24z: DS3231
 0h00:06.046 2022/12/15T23:50:24z: BME280 (0x76)
 0h00:06.060 2022/12/15T23:50:24z: 84:f3:eb:7d:7:a8
 0h00:06.062 2022/12/15T23:50:24z: SSID: MU Open
 0h00:06.067 2022/12/15T23:50:24z: AP_STA