R tmr
 ets Jan  8 2013,rst cause:4, boot mode:(3,7)

wdt reset
load 0x4010f000, len 1384, room 16 
tail 8
chksum 0x2d
csum 0x2d
v8b899c12
~ld


6.01
 0h00:05.361 2022/11/04T00:12:59z: DS3231
 0h00:05.376 2022/11/04T00:12:59z: BME280 (0x76)
 0h00:05.390 2022/11/04T00:12:59z: 84:f3:eb:7d:7:a8
 0h00:05.392 2022/11/04T00:12:59z: SSID: MU Open
 0h00:05.397 2022/11/04T00:12:59z: AP_STAR tmr
 ets Jan  8 2013,rst cause:4, boot mode:(3,7)

wdt reset
load 0x4010f000, len 1384, room 16 
tail 8
chksum 0x2d
csum 0x2d
v8b899c12
~ld


6.01
 0h00:05.329 2022/11/04T00:33:04z: DS3231
 0h00:05.344 2022/11/04T00:33:04z: BME280 (0x76)
 0h00:05.358 2022/11/04T00:33:04z: 84:f3:eb:7d:7:a8
 0h00:05.360 2022/11/04T00:33:04z: SSID: MU Open
 0h00:05.365 2022/11/04T00:33:04z: AP_STAR tmr
 ets Jan  8 2013,rst cause:4, boot mode:(3,7)

wdt reset
load 0x4010f000, len 1384, room 16 
tail 8
chksum 0x2d
csum 0x2d
v8b899c12
~ld


6.01
 0h00:05.266 2022/11/04T00:53:09z: DS3231
 0h00:05.282 2022/11/04T00:53:09z: BME280 (0x76)
 0h00:05.296 2022/11/04T00:53:09z: 84:f3:eb:7d:7:a8
 0h00:05.297 2022/11/04T00:53:09z: SSID: MU Open
 0h00:05.303 2022/11/04T00:53:09z: AP_STAR tmr
 ets Jan  8 2013,rst cause:4, boot mode:(3,7)

wdt reset
load 0x4010f000, len 1384, room 16 
tail 8
chksum 0x2d
csum 0x2d
v8b899c12
~ld


6.01
 0h00:05.273 2022/11/04T01:13:15z: DS3231
 0h00:05.288 2022/11/04T01:13:15z: BME280 (0x76)
 0h00:05.303 2022/11/04T01:13:15z: 84:f3:eb:7d:7:a8
 0h00:05.304 2022/11/04T01:13:15z: SSID: MU Open
 0h00:05.309 2022/11/04T01:13:15z: AP_STAR tmr
 ets Jan  8 2013,rst cause:4, boot mode:(3,7)

wdt reset
load 0x4010f000, len 1384, room 16 
tail 8
chksum 0x2d
csum 0x2d
v8b899c12
~ld


6.01
 0h00:05.066 2022/11/04T01:33:20z: DS3231
 0h00:05.081 2022/11/04T01:33:20z: BME280 (0x76)
 0h00:05.095 2022/11/04T01:33:20z: 84:f3:eb:7d:7:a8
 0h00:05.097 2022/11/04T01:33:20z: SSID: MU Open
 0h00:05.102 2022/11/04T01:33:20z: AP_STAR tmr
 ets Jan  8 2013,rst cause:4, boot mode:(3,7)

wdt reset
load 0x4010f000, len 1384, room 16 
tail 8
chksum 0x2d
csum 0x2d
v8b899c12
~ld


6.01
 0h00:05.279 2022/11/04T01:53:25z: DS3231
 0h00:05.295 2022/11/04T01:53:25z: BME280 (0x76)
 0h00:05.309 2022/11/04T01:53:25z: 84:f3:eb:7d:7:a8
 0h00:05.310 2022/11/04T01:53:25z: SSID: MU Open
 0h00:05.316 2022/11/04T01:53:25z: AP_STAR tmr
 ets Jan  8 2013,rst cause:4, boot mode:(3,7)

wdt reset
load 0x4010f000, len 1384, room 16 
tail 8
chksum 0x2d
csum 0x2d
v8b899c12
~ld


6.01
 0h00:05.285 2022/11/04T02:13:30z: DS3231
 0h00:05.301 2022/11/04T02:13:30z: BME280 (0x76)
 0h00:05.315 2022/11/04T02:13:30z: 84:f3:eb:7d:7:a8
 0h00:05.316 2022/11/04T02:13:30z: SSID: MU Open
 0h00:05.322 2022/11/04T02:13:30z: AP_STAR tmr
 ets Jan  8 2013,rst cause:4, boot mode:(3,7)

wdt reset
load 0x4010f000, len 1384, room 16 
tail 8
chksum 0x2d
csum 0x2d
v8b899c12
~ld


6.01
 0h00:05.005 2022/11/04T02:33:34z: DS3231
 0h00:05.020 2022/11/04T02:33:34z: BME280 (0x76)
 0h00:05.034 2022/11/04T02:33:34z: 84:f3:eb:7d:7:a8
 0h00:05.036 2022/11/04T02:33:34z: SSID: MU Open
 0h00:05.041 2022/11/04T02:33:34z: AP_STAR tmr
 ets Jan  8 2013,rst cause:4, boot mode:(3,7)

wdt reset
load 0x4010f000, len 1384, room 16 
tail 8
chksum 0x2d
csum 0x2d
v8b899c12
~ld


6.01
 0h00:05.224 2022/11/04T02:53:39z: DS3231
 0h00:05.239 2022/11/04T02:53:39z: BME280 (0x76)
 0h00:05.253 2022/11/04T02:53:39z: 84:f3:eb:7d:7:a8
 0h00:05.255 2022/11/04T02:53:39z: SSID: MU Open
 0h00:05.260 2022/11/04T02:53:39z: AP_STAR tmr
 ets Jan  8 2013,rst cause:4, boot mode:(3,7)

wdt reset
load 0x4010f000, len 1384, room 16 
tail 8
chksum 0x2d
csum 0x2d
v8b899c12
~ld


6.01
 0h00:05.199 2022/11/04T03:13:44z: DS3231
 0h00:05.215 2022/11/04T03:13:44z: BME280 (0x76)
 0h00:05.229 2022/11/04T03:13:44z: 84:f3:eb:7d:7:a8
 0h00:05.231 2022/11/04T03:13:44z: SSID: MU Open
 0h00:05.236 2022/11/04T03:13:44z: AP_STAR tmr
 ets Jan  8 2013,rst cause:4, boot mode:(3,7)

wdt reset
load 0x4010f000, len 1384, room 16 
tail 8
chksum 0x2d
csum 0x2d
v8b899c12
~ld


6.01
 0h00:05.445 2022/11/04T03:33:49z: DS3231
 0h00:05.461 2022/11/04T03:33:49z: BME280 (0x76)
 0h00:05.475 2022/11/04T03:33:49z: 84:f3:eb:7d:7:a8
 0h00:05.477 2022/11/04T03:33:49z: SSID: MU Open
 0h00:05.482 2022/11/04T03:33:49z: AP_STAR tmr
 ets Jan  8 2013,rst cause:4, boot mode:(3,7)

wdt reset
load 0x4010f000, len 1384, room 16 
tail 8
chksum 0x2d
csum 0x2d
v8b899c12
~ld


6.01
 0h00:05.256 2022/11/04T03:53:55z: DS3231
 0h00:05.271 2022/11/04T03:53:55z: BME280 (0x76)
 0h00:05.286 2022/11/04T03:53:55z: 84:f3:eb:7d:7:a8
 0h00:05.287 2022/11/04T03:53:55z: SSID: MU Open
 0h00:05.292 2022/11/04T03:53:55z: AP_STAR tmr
 ets Jan  8 2013,rst cause:4, boot mode:(3,7)

wdt reset
load 0x4010f000, len 1384, room 16 
tail 8
chksum 0x2d
csum 0x2d
v8b899c12
~ld


6.01
 0h00:05.063 2022/11/04T04:13:59z: DS3231
 0h00:05.079 2022/11/04T04:13:59z: BME280 (0x76)
 0h00:05.093 2022/11/04T04:14:00z: 84:f3:eb:7d:7:a8
 0h00:05.095 2022/11/04T04:14:00z: SSID: MU Open
 0h00:05.100 2022/11/04T04:14:00z: AP_STAR tmr
 ets Jan  8 2013,rst cause:4, boot mode:(3,7)

wdt reset
load 0x4010f000, len 1384, room 16 
tail 8
chksum 0x2d
csum 0x2d
v8b899c12
~ld


6.01
 0h00:05.277 2022/11/04T04:34:04z: DS3231
 0h00:05.292 2022/11/04T04:34:04z: BME280 (0x76)
 0h00:05.307 2022/11/04T04:34:04z: 84:f3:eb:7d:7:a8
 0h00:05.308 2022/11/04T04:34:04z: SSID: MU Open
 0h00:05.313 2022/11/04T04:34:05z: AP_STAR tmr
 ets Jan  8 2013,rst cause:4, boot mode:(3,7)

wdt reset
load 0x4010f000, len 1384, room 16 
tail 8
chksum 0x2d
csum 0x2d
v8b899c12
~ld


6.01
 0h00:05.055 2022/11/04T04:54:10z: DS3231
 0h00:05.070 2022/11/04T04:54:10z: BME280 (0x76)
 0h00:05.084 2022/11/04T04:54:10z: 84:f3:eb:7d:7:a8
 0h00:05.086 2022/11/04T04:54:10z: SSID: MU Open
 0h00:05.091 2022/11/04T04:54:10z: AP_STAR tmr
 ets Jan  8 2013,rst cause:4, boot mode:(3,7)

wdt reset
load 0x4010f000, len 1384, room 16 
tail 8
chksum 0x2d
csum 0x2d
v8b899c12
~ld


6.01
 0h00:05.429 2022/11/04T05:14:15z: DS3231
 0h00:05.444 2022/11/04T05:14:15z: BME280 (0x76)
 0h00:05.458 2022/11/04T05:14:15z: 84:f3:eb:7d:7:a8
 0h00:05.460 2022/11/04T05:14:15z: SSID: MU Open
 0h00:05.465 2022/11/04T05:14:15z: AP_STAR tmr
 ets Jan  8 2013,rst cause:4, boot mode:(3,7)

wdt reset
load 0x4010f000, len 1384, room 16 
tail 8
chksum 0x2d
csum 0x2d
v8b899c12
~ld


6.01
 0h00:05.398 2022/11/04T05:34:21z: DS3231
 0h00:05.413 2022/11/04T05:34:21z: BME280 (0x76)
 0h00:05.428 2022/11/04T05:34:21z: 84:f3:eb:7d:7:a8
 0h00:05.429 2022/11/04T05:34:21z: SSID: MU Open
 0h00:05.434 2022/11/04T05:34:21z: AP_STAR tmr
 ets Jan  8 2013,rst cause:4, boot mode:(3,7)

wdt reset
load 0x4010f000, len 1384, room 16 
tail 8
chksum 0x2d
csum 0x2d
v8b899c12
~ld


6.01
 0h00:05.407 2022/11/04T05:54:27z: DS3231
 0h00:05.423 2022/11/04T05:54:27z: BME280 (0x76)
 0h00:05.437 2022/11/04T05:54:27z: 84:f3:eb:7d:7:a8
 0h00:05.439 2022/11/04T05:54:27z: SSID: MU Open
 0h00:05.444 2022/11/04T05:54:27z: AP_STAR tmr
 ets Jan  8 2013,rst cause:4, boot mode:(3,7)

wdt reset
load 0x4010f000, len 1384, room 16 
tail 8
chksum 0x2d
csum 0x2d
v8b899c12
~ld


6.01
 0h00:04.413 2022/11/04T06:14:31z: DS3231
 0h00:04.428 2022/11/04T06:14:31z: BME280 (0x76)
 0h00:04.442 2022/11/04T06:14:31z: 84:f3:eb:7d:7:a8
 0h00:04.444 2022/11/04T06:14:31z: SSID: MU Open
 0h00:04.449 2022/11/04T06:14:31z: AP_STAR tmr
 ets Jan  8 2013,rst cause:4, boot mode:(3,7)

wdt reset
load 0x4010f000, len 1384, room 16 
tail 8
chksum 0x2d
csum 0x2d
v8b899c12
~ld


6.01
 0h00:05.063 2022/11/04T06:34:35z: DS3231
 0h00:05.078 2022/11/04T06:34:35z: BME280 (0x76)
 0h00:05.092 2022/11/04T06:34:35z: 84:f3:eb:7d:7:a8
 0h00:05.094 2022/11/04T06:34:35z: SSID: MU Open
 0h00:05.099 2022/11/04T06:34:36z: AP_STAR tmr
 ets Jan  8 2013,rst cause:4, boot mode:(3,7)

wdt reset
load 0x4010f000, len 1384, room 16 
tail 8
chksum 0x2d
csum 0x2d
v8b899c12
~ld


6.01
 0h00:05.372 2022/11/04T06:54:41z: DS3231
 0h00:05.387 2022/11/04T06:54:41z: BME280 (0x76)
 0h00:05.402 2022/11/04T06:54:41z: 84:f3:eb:7d:7:a8
 0h00:05.403 2022/11/04T06:54:41z: SSID: MU Open
 0h00:05.408 2022/11/04T06:54:41z: AP_STAR tmr
 ets Jan  8 2013,rst cause:4, boot mode:(3,7)

wdt reset
load 0x4010f000, len 1384, room 16 
tail 8
chksum 0x2d
csum 0x2d
v8b899c12
~ld


6.01
 0h00:04.976 2022/11/04T07:14:46z: DS3231
 0h00:04.991 2022/11/04T07:14:46z: BME280 (0x76)
 0h00:05.005 2022/11/04T07:14:46z: 84:f3:eb:7d:7:a8
 0h00:05.007 2022/11/04T07:14:46z: SSID: MU Open
 0h00:05.012 2022/11/04T07:14:46z: AP_STAR tmr
 ets Jan  8 2013,rst cause:4, boot mode:(3,7)

wdt reset
load 0x4010f000, len 1384, room 16 
tail 8
chksum 0x2d
csum 0x2d
v8b899c12
~ld


6.01
 0h00:04.949 2022/11/04T07:34:51z: DS3231
 0h00:04.964 2022/11/04T07:34:51z: BME280 (0x76)
 0h00:04.978 2022/11/04T07:34:51z: 84:f3:eb:7d:7:a8
 0h00:04.980 2022/11/04T07:34:51z: SSID: MU Open
 0h00:04.985 2022/11/04T07:34:51z: AP_STAR tmr
 ets Jan  8 2013,rst cause:4, boot mode:(3,7)

wdt reset
load 0x4010f000, len 1384, room 16 
tail 8
chksum 0x2d
csum 0x2d
v8b899c12
~ld


6.01
 0h00:05.301 2022/11/04T07:54:56z: DS3231
 0h00:05.317 2022/11/04T07:54:56z: BME280 (0x76)
 0h00:05.331 2022/11/04T07:54:56z: 84:f3:eb:7d:7:a8
 0h00:05.332 2022/11/04T07:54:56z: SSID: MU Open
 0h00:05.338 2022/11/04T07:54:56z: AP_STAR tmr
 ets Jan  8 2013,rst cause:4, boot mode:(3,7)

wdt reset
load 0x4010f000, len 1384, room 16 
tail 8
chksum 0x2d
csum 0x2d
v8b899c12
~ld


6.01
 0h00:05.347 2022/11/04T08:15:02z: DS3231
 0h00:05.363 2022/11/04T08:15:02z: BME280 (0x76)
 0h00:05.377 2022/11/04T08:15:02z: 84:f3:eb:7d:7:a8
 0h00:05.378 2022/11/04T08:15:02z: SSID: MU Open
 0h00:05.384 2022/11/04T08:15:02z: AP_STAR tmr
 ets Jan  8 2013,rst cause:4, boot mode:(3,7)

wdt reset
load 0x4010f000, len 1384, room 16 
tail 8
chksum 0x2d
csum 0x2d
v8b899c12
~ld


6.01
 0h00:04.994 2022/11/04T08:35:06z: DS3231
 0h00:05.009 2022/11/04T08:35:06z: BME280 (0x76)
 0h00:05.023 2022/11/04T08:35:06z: 84:f3:eb:7d:7:a8
 0h00:05.025 2022/11/04T08:35:06z: SSID: MU Open
 0h00:05.030 2022/11/04T08:35:06z: AP_STAR tmr
 ets Jan  8 2013,rst cause:4, boot mode:(3,7)

wdt reset
load 0x4010f000, len 1384, room 16 
tail 8
chksum 0x2d
csum 0x2d
v8b899c12
~ld


6.01
 0h00:04.810 2022/11/04T08:55:11z: DS3231
 0h00:04.825 2022/11/04T08:55:11z: BME280 (0x76)
 0h00:04.839 2022/11/04T08:55:11z: 84:f3:eb:7d:7:a8
 0h00:04.841 2022/11/04T08:55:11z: SSID: MU Open
 0h00:04.846 2022/11/04T08:55:11z: AP_STAR tmr
 ets Jan  8 2013,rst cause:4, boot mode:(3,7)

wdt reset
load 0x4010f000, len 1384, room 16 
tail 8
chksum 0x2d
csum 0x2d
v8b899c12
~ld


6.01
 0h00:05.138 2022/11/04T09:15:16z: DS3231
 0h00:05.154 2022/11/04T09:15:16z: BME280 (0x76)
 0h00:05.168 2022/11/04T09:15:16z: 84:f3:eb:7d:7:a8
 0h00:05.170 2022/11/04T09:15:16z: SSID: MU Open
 0h00:05.175 2022/11/04T09:15:16z: AP_STAR tmr
 ets Jan  8 2013,rst cause:4, boot mode:(3,7)

wdt reset
load 0x4010f000, len 1384, room 16 
tail 8
chksum 0x2d
csum 0x2d
v8b899c12
~ld


6.01
 0h00:05.452 2022/11/04T09:35:22z: DS3231
 0h00:05.467 2022/11/04T09:35:22z: BME280 (0x76)
 0h00:05.481 2022/11/04T09:35:22z: 84:f3:eb:7d:7:a8
 0h00:05.483 2022/11/04T09:35:22z: SSID: MU Open
 0h00:05.488 2022/11/04T09:35:22z: AP_STAR tmr
 ets Jan  8 2013,rst cause:4, boot mode:(3,7)

wdt reset
load 0x4010f000, len 1384, room 16 
tail 8
chksum 0x2d
csum 0x2d
v8b899c12
~ld


6.01
 0h00:05.383 2022/11/04T09:55:28z: DS3231
 0h00:05.399 2022/11/04T09:55:28z: BME280 (0x76)
 0h00:05.413 2022/11/04T09:55:28z: 84:f3:eb:7d:7:a8
 0h00:05.415 2022/11/04T09:55:28z: SSID: MU Open
 0h00:05.420 2022/11/04T09:55:28z: AP_STAR tmr
 ets Jan  8 2013,rst cause:4, boot mode:(3,7)

wdt reset
load 0x4010f000, len 1384, room 16 
tail 8
chksum 0x2d
csum 0x2d
v8b899c12
~ld


6.01
 0h00:05.135 2022/11/04T10:15:33z: DS3231
 0h00:05.151 2022/11/04T10:15:34z: BME280 (0x76)
 0h00:05.165 2022/11/04T10:15:34z: 84:f3:eb:7d:7:a8
 0h00:05.167 2022/11/04T10:15:34z: SSID: MU Open
 0h00:05.172 2022/11/04T10:15:34z: AP_STAR tmr
 ets Jan  8 2013,rst cause:4, boot mode:(3,7)

wdt reset
load 0x4010f000, len 1384, room 16 
tail 8
chksum 0x2d
csum 0x2d
v8b899c12
~ld


6.01
 0h00:05.262 2022/11/04T10:35:39z: DS3231
 0h00:05.277 2022/11/04T10:35:39z: BME280 (0x76)
 0h00:05.291 2022/11/04T10:35:39z: 84:f3:eb:7d:7:a8
 0h00:05.293 2022/11/04T10:35:39z: SSID: MU Open
 0h00:05.298 2022/11/04T10:35:39z: AP_STAR tmr
 ets Jan  8 2013,rst cause:4, boot mode:(3,7)

wdt reset
load 0x4010f000, len 1384, room 16 
tail 8
chksum 0x2d
csum 0x2d
v8b899c12
~ld


6.01
 0h00:05.714 2022/11/04T10:55:45z: DS3231
 0h00:05.729 2022/11/04T10:55:45z: BME280 (0x76)
 0h00:05.743 2022/11/04T10:55:45z: 84:f3:eb:7d:7:a8
 0h00:05.745 2022/11/04T10:55:45z: SSID: MU Open
 0h00:05.750 2022/11/04T10:55:45z: AP_STAR tmr
 ets Jan  8 2013,rst cause:4, boot mode:(3,7)

wdt reset
load 0x4010f000, len 1384, room 16 
tail 8
chksum 0x2d
csum 0x2d
v8b899c12
~ld


6.01
 0h00:05.818 2022/11/04T11:15:51z: DS3231
 0h00:05.833 2022/11/04T11:15:51z: BME280 (0x76)
 0h00:05.847 2022/11/04T11:15:51z: 84:f3:eb:7d:7:a8
 0h00:05.849 2022/11/04T11:15:51z: SSID: MU Open
 0h00:05.854 2022/11/04T11:15:51z: AP_STAR tmr
 ets Jan  8 2013,rst cause:4, boot mode:(3,7)

wdt reset
load 0x4010f000, len 1384, room 16 
tail 8
chksum 0x2d
csum 0x2d
v8b899c12
~ld


6.01
 0h00:05.248 2022/11/04T11:35:56z: DS3231
 0h00:05.263 2022/11/04T11:35:57z: BME280 (0x76)
 0h00:05.277 2022/11/04T11:35:57z: 84:f3:eb:7d:7:a8
 0h00:05.279 2022/11/04T11:35:57z: SSID: MU Open
 0h00:05.284 2022/11/04T11:35:57z: AP_STAR tmr
 ets Jan  8 2013,rst cause:4, boot mode:(3,7)

wdt reset
load 0x4010f000, len 1384, room 16 
tail 8
chksum 0x2d
csum 0x2d
v8b899c12
~ld


6.01
 0h00:05.515 2022/11/04T11:56:03z: DS3231
 0h00:05.531 2022/11/04T11:56:03z: BME280 (0x76)
 0h00:05.545 2022/11/04T11:56:03z: 84:f3:eb:7d:7:a8
 0h00:05.547 2022/11/04T11:56:03z: SSID: MU Open
 0h00:05.552 2022/11/04T11:56:03z: AP_STAR tmr
 ets Jan  8 2013,rst cause:4, boot mode:(3,7)

wdt reset
load 0x4010f000, len 1384, room 16 
tail 8
chksum 0x2d
csum 0x2d
v8b899c12
~ld


6.01
 0h00:05.501 2022/11/04T12:16:08z: DS3231
 0h00:05.517 2022/11/04T12:16:08z: BME280 (0x76)
 0h00:05.531 2022/11/04T12:16:08z: 84:f3:eb:7d:7:a8
 0h00:05.533 2022/11/04T12:16:08z: SSID: MU Open
 0h00:05.538 2022/11/04T12:16:08z: AP_STAR tmr
 ets Jan  8 2013,rst cause:4, boot mode:(3,7)

wdt reset
load 0x4010f000, len 1384, room 16 
tail 8
chksum 0x2d
csum 0x2d
v8b899c12
~ld


6.01
 0h00:05.286 2022/11/04T12:36:14z: DS3231
 0h00:05.301 2022/11/04T12:36:14z: BME280 (0x76)
 0h00:05.316 2022/11/04T12:36:14z: 84:f3:eb:7d:7:a8
 0h00:05.317 2022/11/04T12:36:14z: SSID: MU Open
 0h00:05.322 2022/11/04T12:36:14z: AP_STAR tmr
 ets Jan  8 2013,rst cause:4, boot mode:(3,7)

wdt reset
load 0x4010f000, len 1384, room 16 
tail 8
chksum 0x2d
csum 0x2d
v8b899c12
~ld


6.01
 0h00:05.204 2022/11/04T12:56:19z: DS3231
 0h00:05.219 2022/11/04T12:56:19z: BME280 (0x76)
 0h00:05.234 2022/11/04T12:56:19z: 84:f3:eb:7d:7:a8
 0h00:05.235 2022/11/04T12:56:19z: SSID: MU Open
 0h00:05.240 2022/11/04T12:56:19z: AP_STAR tmr
 ets Jan  8 2013,rst cause:4, boot mode:(3,7)

wdt reset
load 0x4010f000, len 1384, room 16 
tail 8
chksum 0x2d
csum 0x2d
v8b899c12
~ld


6.01
 0h00:05.182 2022/11/04T13:16:24z: DS3231
 0h00:05.197 2022/11/04T13:16:24z: BME280 (0x76)
 0h00:05.211 2022/11/04T13:16:24z: 84:f3:eb:7d:7:a8
 0h00:05.213 2022/11/04T13:16:24z: SSID: MU Open
 0h00:05.218 2022/11/04T13:16:24z: AP_STAR tmr
 ets Jan  8 2013,rst cause:4, boot mode:(3,7)

wdt reset
load 0x4010f000, len 1384, room 16 
tail 8
chksum 0x2d
csum 0x2d
v8b899c12
~ld


6.01
 0h00:05.265 2022/11/04T13:36:30z: DS3231
 0h00:05.280 2022/11/04T13:36:30z: BME280 (0x76)
 0h00:05.295 2022/11/04T13:36:30z: 84:f3:eb:7d:7:a8
 0h00:05.296 2022/11/04T13:36:30z: SSID: MU Open
 0h00:05.301 2022/11/04T13:36:30z: AP_STAR tmr
 ets Jan  8 2013,rst cause:4, boot mode:(3,7)

wdt reset
load 0x4010f000, len 1384, room 16 
tail 8
chksum 0x2d
csum 0x2d
v8b899c12
~ld


6.01
 0h00:05.647 2022/11/04T13:56:36z: DS3231
 0h00:05.662 2022/11/04T13:56:36z: BME280 (0x76)
 0h00:05.676 2022/11/04T13:56:36z: 84:f3:eb:7d:7:a8
 0h00:05.678 2022/11/04T13:56:36z: SSID: MU Open
 0h00:05.683 2022/11/04T13:56:36z: AP_STAR tmr
 ets Jan  8 2013,rst cause:4, boot mode:(3,7)

wdt reset
load 0x4010f000, len 1384, room 16 
tail 8
chksum 0x2d
csum 0x2d
v8b899c12
~ld


6.01
 0h00:05.599 2022/11/04T14:16:41z: DS3231
 0h00:05.614 2022/11/04T14:16:41z: BME280 (0x76)
 0h00:05.628 2022/11/04T14:16:41z: 84:f3:eb:7d:7:a8
 0h00:05.630 2022/11/04T14:16:41z: SSID: MU Open
 0h00:05.635 2022/11/04T14:16:41z: AP_STAR tmr
 ets Jan  8 2013,rst cause:4, boot mode:(3,7)

wdt reset
load 0x4010f000, len 1384, room 16 
tail 8
chksum 0x2d
csum 0x2d
v8b899c12
~ld


6.01
 0h00:05.720 2022/11/04T14:36:48z: DS3231
 0h00:05.735 2022/11/04T14:36:48z: BME280 (0x76)
 0h00:05.749 2022/11/04T14:36:48z: 84:f3:eb:7d:7:a8
 0h00:05.751 2022/11/04T14:36:48z: SSID: MU Open
 0h00:05.756 2022/11/04T14:36:48z: AP_STAR tmr
 ets Jan  8 2013,rst cause:4, boot mode:(3,7)

wdt reset
load 0x4010f000, len 1384, room 16 
tail 8
chksum 0x2d
csum 0x2d
v8b899c12
~ld


6.01
 0h00:05.694 2022/11/04T14:56:53z: DS3231
 0h00:05.710 2022/11/04T14:56:53z: BME280 (0x76)
 0h00:05.724 2022/11/04T14:56:53z: 84:f3:eb:7d:7:a8
 0h00:05.725 2022/11/04T14:56:53z: SSID: MU Open
 0h00:05.731 2022/11/04T14:56:53z: AP_STAR tmr
 ets Jan  8 2013,rst cause:4, boot mode:(3,7)

wdt reset
load 0x4010f000, len 1384, room 16 
tail 8
chksum 0x2d
csum 0x2d
v8b899c12
~ld


6.01
 0h00:05.519 2022/11/04T15:16:59z: DS3231
 0h00:05.535 2022/11/04T15:16:59z: BME280 (0x76)
 0h00:05.549 2022/11/04T15:16:59z: 84:f3:eb:7d:7:a8
 0h00:05.550 2022/11/04T15:16:59z: SSID: MU Open
 0h00:05.556 2022/11/04T15:16:59z: AP_STAR tmr
 ets Jan  8 2013,rst cause:4, boot mode:(3,7)

wdt reset
load 0x4010f000, len 1384, room 16 
tail 8
chksum 0x2d
csum 0x2d
v8b899c12
~ld


6.01
 0h00:05.250 2022/11/04T15:37:04z: DS3231
 0h00:05.265 2022/11/04T15:37:04z: BME280 (0x76)
 0h00:05.279 2022/11/04T15:37:04z: 84:f3:eb:7d:7:a8
 0h00:05.281 2022/11/04T15:37:04z: SSID: MU Open
 0h00:05.286 2022/11/04T15:37:04z: AP_STAR tmr
 ets Jan  8 2013,rst cause:4, boot mode:(3,7)

wdt reset
load 0x4010f000, len 1384, room 16 
tail 8
chksum 0x2d
csum 0x2d
v8b899c12
~ld


6.01
 0h00:05.489 2022/11/04T15:57:10z: DS3231
 0h00:05.504 2022/11/04T15:57:10z: BME280 (0x76)
 0h00:05.519 2022/11/04T15:57:10z: 84:f3:eb:7d:7:a8
 0h00:05.520 2022/11/04T15:57:10z: SSID: MU Open
 0h00:05.525 2022/11/04T15:57:10z: AP_STAR tmr
 ets Jan  8 2013,rst cause:4, boot mode:(3,7)

wdt reset
load 0x4010f000, len 1384, room 16 
tail 8
chksum 0x2d
csum 0x2d
v8b899c12
~ld


6.01
 0h00:04.947 2022/11/04T16:17:15z: DS3231
 0h00:04.963 2022/11/04T16:17:15z: BME280 (0x76)
 0h00:04.977 2022/11/04T16:17:15z: 84:f3:eb:7d:7:a8
 0h00:04.978 2022/11/04T16:17:15z: SSID: MU Open
 0h00:04.984 2022/11/04T16:17:15z: AP_STAR tmr
 ets Jan  8 2013,rst cause:4, boot mode:(3,7)

wdt reset
load 0x4010f000, len 1384, room 16 
tail 8
chksum 0x2d
csum 0x2d
v8b899c12
~ld


6.01
 0h00:05.048 2022/11/04T16:37:20z: DS3231
 0h00:05.064 2022/11/04T16:37:20z: BME280 (0x76)
 0h00:05.078 2022/11/04T16:37:20z: 84:f3:eb:7d:7:a8
 0h00:05.080 2022/11/04T16:37:20z: SSID: MU Open
 0h00:05.085 2022/11/04T16:37:20z: AP_STAR tmr
 ets Jan  8 2013,rst cause:4, boot mode:(3,7)

wdt reset
load 0x4010f000, len 1384, room 16 
tail 8
chksum 0x2d
csum 0x2d
v8b899c12
~ld


6.01
 0h00:05.388 2022/11/04T16:57:25z: DS3231
 0h00:05.404 2022/11/04T16:57:25z: BME280 (0x76)
 0h00:05.418 2022/11/04T16:57:25z: 84:f3:eb:7d:7:a8
 0h00:05.419 2022/11/04T16:57:25z: SSID: MU Open
 0h00:05.425 2022/11/04T16:57:25z: AP_STAR tmr
 ets Jan  8 2013,rst cause:4, boot mode:(3,7)

wdt reset
load 0x4010f000, len 1384, room 16 
tail 8
chksum 0x2d
csum 0x2d
v8b899c12
~ld


6.01
 0h00:05.317 2022/11/04T17:17:31z: DS3231
 0h00:05.332 2022/11/04T17:17:31z: BME280 (0x76)
 0h00:05.346 2022/11/04T17:17:31z: 84:f3:eb:7d:7:a8
 0h00:05.348 2022/11/04T17:17:31z: SSID: MU Open
 0h00:05.353 2022/11/04T17:17:31z: AP_STAR tmr
 ets Jan  8 2013,rst cause:4, boot mode:(3,7)

wdt reset
load 0x4010f000, len 1384, room 16 
tail 8
chksum 0x2d
csum 0x2d
v8b899c12
~ld


6.01
 0h00:05.207 2022/11/04T17:37:37z: DS3231
 0h00:05.222 2022/11/04T17:37:37z: BME280 (0x76)
 0h00:05.237 2022/11/04T17:37:37z: 84:f3:eb:7d:7:a8
 0h00:05.238 2022/11/04T17:37:37z: SSID: MU Open
 0h00:05.243 2022/11/04T17:37:37z: AP_STAR tmr
 ets Jan  8 2013,rst cause:4, boot mode:(3,7)

wdt reset
load 0x4010f000, len 1384, room 16 
tail 8
chksum 0x2d
csum 0x2d
v8b899c12
~ld


6.01
 0h00:05.870 2022/11/04T17:57:43z: DS3231
 0h00:05.885 2022/11/04T17:57:43z: BME280 (0x76)
 0h00:05.900 2022/11/04T17:57:43z: 84:f3:eb:7d:7:a8
 0h00:05.901 2022/11/04T17:57:43z: SSID: MU Open
 0h00:05.906 2022/11/04T17:57:43z: AP_STAR tmr
 ets Jan  8 2013,rst cause:4, boot mode:(3,7)

wdt reset
load 0x4010f000, len 1384, room 16 
tail 8
chksum 0x2d
csum 0x2d
v8b899c12
~ld


6.01
 0h00:05.578 2022/11/04T18:17:49z: DS3231
 0h00:05.594 2022/11/04T18:17:49z: BME280 (0x76)
 0h00:05.608 2022/11/04T18:17:49z: 84:f3:eb:7d:7:a8
 0h00:05.609 2022/11/04T18:17:49z: SSID: MU Open
 0h00:05.615 2022/11/04T18:17:49z: AP_STAR tmr
 ets Jan  8 2013,rst cause:4, boot mode:(3,7)

wdt reset
load 0x4010f000, len 1384, room 16 
tail 8
chksum 0x2d
csum 0x2d
v8b899c12
~ld


6.01
 0h00:05.728 2022/11/04T18:37:55z: DS3231
 0h00:05.743 2022/11/04T18:37:55z: BME280 (0x76)
 0h00:05.757 2022/11/04T18:37:55z: 84:f3:eb:7d:7:a8
 0h00:05.759 2022/11/04T18:37:55z: SSID: MU Open
 0h00:05.764 2022/11/04T18:37:55z: AP_STAR tmr
 ets Jan  8 2013,rst cause:4, boot mode:(3,7)

wdt reset
load 0x4010f000, len 1384, room 16 
tail 8
chksum 0x2d
csum 0x2d
v8b899c12
~ld


6.01
 0h00:05.433 2022/11/04T18:58:00z: DS3231
 0h00:05.449 2022/11/04T18:58:00z: BME280 (0x76)
 0h00:05.463 2022/11/04T18:58:00z: 84:f3:eb:7d:7:a8
 0h00:05.464 2022/11/04T18:58:00z: SSID: MU Open
 0h00:05.470 2022/11/04T18:58:00z: AP_STAR tmr
 ets Jan  8 2013,rst cause:4, boot mode:(3,7)

wdt reset
load 0x4010f000, len 1384, room 16 
tail 8
chksum 0x2d
csum 0x2d
v8b899c12
~ld


6.01
 0h00:05.608 2022/11/04T19:18:06z: DS3231
 0h00:05.624 2022/11/04T19:18:06z: BME280 (0x76)
 0h00:05.638 2022/11/04T19:18:06z: 84:f3:eb:7d:7:a8
 0h00:05.640 2022/11/04T19:18:06z: SSID: MU Open
 0h00:05.645 2022/11/04T19:18:06z: AP_STAR tmr
 ets Jan  8 2013,rst cause:4, boot mode:(3,7)

wdt reset
load 0x4010f000, len 1384, room 16 
tail 8
chksum 0x2d
csum 0x2d
v8b899c12
~ld


6.01
 0h00:05.814 2022/11/04T19:38:12z: DS3231
 0h00:05.829 2022/11/04T19:38:12z: BME280 (0x76)
 0h00:05.843 2022/11/04T19:38:12z: 84:f3:eb:7d:7:a8
 0h00:05.845 2022/11/04T19:38:12z: SSID: MU Open
 0h00:05.850 2022/11/04T19:38:12z: AP_STAR tmr
 ets Jan  8 2013,rst cause:4, boot mode:(3,7)

wdt reset
load 0x4010f000, len 1384, room 16 
tail 8
chksum 0x2d
csum 0x2d
v8b899c12
~ld


6.01
 0h00:04.963 2022/11/04T19:58:18z: DS3231
 0h00:04.978 2022/11/04T19:58:18z: BME280 (0x76)
 0h00:04.993 2022/11/04T19:58:18z: 84:f3:eb:7d:7:a8
 0h00:04.994 2022/11/04T19:58:18z: SSID: MU Open
 0h00:04.999 2022/11/04T19:58:18z: AP_STAR tmr
 ets Jan  8 2013,rst cause:4, boot mode:(3,7)

wdt reset
load 0x4010f000, len 1384, room 16 
tail 8
chksum 0x2d
csum 0x2d
v8b899c12
~ld


6.01
 0h00:05.635 2022/11/04T20:18:23z: DS3231
 0h00:05.650 2022/11/04T20:18:23z: BME280 (0x76)
 0h00:05.665 2022/11/04T20:18:23z: 84:f3:eb:7d:7:a8
 0h00:05.666 2022/11/04T20:18:23z: SSID: MU Open
 0h00:05.671 2022/11/04T20:18:23z: AP_STAR tmr
 ets Jan  8 2013,rst cause:4, boot mode:(3,7)

wdt reset
load 0x4010f000, len 1384, room 16 
tail 8
chksum 0x2d
csum 0x2d
v8b899c12
~ld


6.01
 0h00:05.630 2022/11/04T20:38:28z: DS3231
 0h00:05.646 2022/11/04T20:38:28z: BME280 (0x76)
 0h00:05.660 2022/11/04T20:38:28z: 84:f3:eb:7d:7:a8
 0h00:05.661 2022/11/04T20:38:28z: SSID: MU Open
 0h00:05.667 2022/11/04T20:38:28z: AP_STAR tmr
 ets Jan  8 2013,rst cause:4, boot mode:(3,7)

wdt reset
load 0x4010f000, len 1384, room 16 
tail 8
chksum 0x2d
csum 0x2d
v8b899c12
~ld


6.01
 0h00:05.229 2022/11/04T20:58:33z: DS3231
 0h00:05.244 2022/11/04T20:58:33z: BME280 (0x76)
 0h00:05.258 2022/11/04T20:58:33z: 84:f3:eb:7d:7:a8
 0h00:05.260 2022/11/04T20:58:33z: SSID: MU Open
 0h00:05.265 2022/11/04T20:58:33z: AP_STAR tmr
 ets Jan  8 2013,rst cause:4, boot mode:(3,7)

wdt reset
load 0x4010f000, len 1384, room 16 
tail 8
chksum 0x2d
csum 0x2d
v8b899c12
~ld


6.01
 0h00:05.067 2022/11/04T21:18:39z: DS3231
 0h00:05.082 2022/11/04T21:18:39z: BME280 (0x76)
 0h00:05.097 2022/11/04T21:18:39z: 84:f3:eb:7d:7:a8
 0h00:05.098 2022/11/04T21:18:39z: SSID: MU Open
 0h00:05.103 2022/11/04T21:18:39z: AP_STAR tmr
 ets Jan  8 2013,rst cause:4, boot mode:(3,7)

wdt reset
load 0x4010f000, len 1384, room 16 
tail 8
chksum 0x2d
csum 0x2d
v8b899c12
~ld


6.01
 0h00:05.099 2022/11/04T21:38:44z: DS3231
 0h00:05.114 2022/11/04T21:38:44z: BME280 (0x76)
 0h00:05.128 2022/11/04T21:38:44z: 84:f3:eb:7d:7:a8
 0h00:05.130 2022/11/04T21:38:44z: SSID: MU Open
 0h00:05.135 2022/11/04T21:38:44z: AP_STAR tmr
 ets Jan  8 2013,rst cause:4, boot mode:(3,7)

wdt reset
load 0x4010f000, len 1384, room 16 
tail 8
chksum 0x2d
csum 0x2d
v8b899c12
~ld


6.01
 0h00:05.404 2022/11/04T21:58:49z: DS3231
 0h00:05.419 2022/11/04T21:58:50z: BME280 (0x76)
 0h00:05.433 2022/11/04T21:58:50z: 84:f3:eb:7d:7:a8
 0h00:05.435 2022/11/04T21:58:50z: SSID: MU Open
 0h00:05.440 2022/11/04T21:58:50z: AP_STAR tmr
 ets Jan  8 2013,rst cause:4, boot mode:(3,7)

wdt reset
load 0x4010f000, len 1384, room 16 
tail 8
chksum 0x2d
csum 0x2d
v8b899c12
~ld


6.01
 0h00:05.468 2022/11/04T22:18:55z: DS3231
 0h00:05.484 2022/11/04T22:18:55z: BME280 (0x76)
 0h00:05.498 2022/11/04T22:18:55z: 84:f3:eb:7d:7:a8
 0h00:05.499 2022/11/04T22:18:55z: SSID: MU Open
 0h00:05.505 2022/11/04T22:18:55z: AP_STAR tmr
 ets Jan  8 2013,rst cause:4, boot mode:(3,7)

wdt reset
load 0x4010f000, len 1384, room 16 
tail 8
chksum 0x2d
csum 0x2d
v8b899c12
~ld


6.01
 0h00:05.604 2022/11/04T22:39:01z: DS3231
 0h00:05.619 2022/11/04T22:39:01z: BME280 (0x76)
 0h00:05.633 2022/11/04T22:39:01z: 84:f3:eb:7d:7:a8
 0h00:05.635 2022/11/04T22:39:01z: SSID: MU Open
 0h00:05.640 2022/11/04T22:39:01z: AP_STAR tmr
 ets Jan  8 2013,rst cause:4, boot mode:(3,7)

wdt reset
load 0x4010f000, len 1384, room 16 
tail 8
chksum 0x2d
csum 0x2d
v8b899c12
~ld


6.01
 0h00:05.679 2022/11/04T22:59:07z: DS3231
 0h00:05.695 2022/11/04T22:59:07z: BME280 (0x76)
 0h00:05.709 2022/11/04T22:59:07z: 84:f3:eb:7d:7:a8
 0h00:05.711 2022/11/04T22:59:07z: SSID: MU Open
 0h00:05.716 2022/11/04T22:59:07z: AP_STAR tmr
 ets Jan  8 2013,rst cause:4, boot mode:(3,7)

wdt reset
load 0x4010f000, len 1384, room 16 
tail 8
chksum 0x2d
csum 0x2d
v8b899c12
~ld


6.01
 0h00:05.300 2022/11/04T23:19:13z: DS3231
 0h00:05.315 2022/11/04T23:19:13z: BME280 (0x76)
 0h00:05.329 2022/11/04T23:19:13z: 84:f3:eb:7d:7:a8
 0h00:05.331 2022/11/04T23:19:13z: SSID: MU Open
 0h00:05.336 2022/11/04T23:19:13z: AP_STAR tmr
 ets Jan  8 2013,rst cause:4, boot mode:(3,7)

wdt reset
load 0x4010f000, len 1384, room 16 
tail 8
chksum 0x2d
csum 0x2d
v8b899c12
~ld


6.01
 0h00:05.378 2022/11/04T23:39:18z: DS3231
 0h00:05.394 2022/11/04T23:39:18z: BME280 (0x76)
 0h00:05.408 2022/11/04T23:39:18z: 84:f3:eb:7d:7:a8
 0h00:05.410 2022/11/04T23:39:18z: SSID: MU Open
 0h00:05.415 2022/11/04T23:39:18z: AP_STAR tmr
 ets Jan  8 2013,rst cause:4, boot mode:(3,7)

wdt reset
load 0x4010f000, len 1384, room 16 
tail 8
chksum 0x2d
csum 0x2d
v8b899c12
~ld


6.01
 0h00:05.286 2022/11/04T23:59:24z: DS3231
 0h00:05.302 2022/11/04T23:59:24z: BME280 (0x76)
 0h00:05.316 2022/11/04T23:59:24z: 84:f3:eb:7d:7:a8
 0h00:05.318 2022/11/04T23:59:24z: SSID: MU Open
 0h00:05.323 2022/11/04T23:59:24z: AP_STA