R tmr
 ets Jan  8 2013,rst cause:4, boot mode:(3,7)

wdt reset
load 0x4010f000, len 1384, room 16 
tail 8
chksum 0x2d
csum 0x2d
v8b899c12
~ld


6.01
 0h00:04.774 2022/09/26T00:09:33z: DS3231
 0h00:04.790 2022/09/26T00:09:33z: BME280 (0x76)
 0h00:04.804 2022/09/26T00:09:33z: 84:f3:eb:7d:7:a8
 0h00:04.806 2022/09/26T00:09:33z: SSID: MU Open
 0h00:04.811 2022/09/26T00:09:33z: AP_STAR tmr
 ets Jan  8 2013,rst cause:4, boot mode:(3,7)

wdt reset
load 0x4010f000, len 1384, room 16 
tail 8
chksum 0x2d
csum 0x2d
v8b899c12
~ld


6.01
 0h00:05.065 2022/09/26T00:29:38z: DS3231
 0h00:05.080 2022/09/26T00:29:38z: BME280 (0x76)
 0h00:05.095 2022/09/26T00:29:38z: 84:f3:eb:7d:7:a8
 0h00:05.096 2022/09/26T00:29:38z: SSID: MU Open
 0h00:05.101 2022/09/26T00:29:38z: AP_STAR tmr
 ets Jan  8 2013,rst cause:4, boot mode:(3,7)

wdt reset
load 0x4010f000, len 1384, room 16 
tail 8
chksum 0x2d
csum 0x2d
v8b899c12
~ld


6.01
 0h00:05.657 2022/09/26T00:49:43z: DS3231
 0h00:05.673 2022/09/26T00:49:43z: BME280 (0x76)
 0h00:05.687 2022/09/26T00:49:43z: 84:f3:eb:7d:7:a8
 0h00:05.688 2022/09/26T00:49:43z: SSID: MU Open
 0h00:05.694 2022/09/26T00:49:43z: AP_STAR tmr
 ets Jan  8 2013,rst cause:4, boot mode:(3,7)

wdt reset
load 0x4010f000, len 1384, room 16 
tail 8
chksum 0x2d
csum 0x2d
v8b899c12
~ld


6.01
 0h00:05.555 2022/09/26T01:09:49z: DS3231
 0h00:05.570 2022/09/26T01:09:49z: BME280 (0x76)
 0h00:05.584 2022/09/26T01:09:49z: 84:f3:eb:7d:7:a8
 0h00:05.586 2022/09/26T01:09:49z: SSID: MU Open
 0h00:05.591 2022/09/26T01:09:49z: AP_STAR tmr
 ets Jan  8 2013,rst cause:4, boot mode:(3,7)

wdt reset
load 0x4010f000, len 1384, room 16 
tail 8
chksum 0x2d
csum 0x2d
v8b899c12
~ld


6.01
 0h00:05.515 2022/09/26T01:29:54z: DS3231
 0h00:05.530 2022/09/26T01:29:54z: BME280 (0x76)
 0h00:05.544 2022/09/26T01:29:54z: 84:f3:eb:7d:7:a8
 0h00:05.546 2022/09/26T01:29:54z: SSID: MU Open
 0h00:05.551 2022/09/26T01:29:54z: AP_STAR tmr
 ets Jan  8 2013,rst cause:4, boot mode:(3,7)

wdt reset
load 0x4010f000, len 1384, room 16 
tail 8
chksum 0x2d
csum 0x2d
v8b899c12
~ld


6.01
 0h00:05.216 2022/09/26T01:49:58z: DS3231
 0h00:05.232 2022/09/26T01:49:58z: BME280 (0x76)
 0h00:05.246 2022/09/26T01:49:58z: 84:f3:eb:7d:7:a8
 0h00:05.247 2022/09/26T01:49:58z: SSID: MU Open
 0h00:05.253 2022/09/26T01:49:58z: AP_STAR tmr
 ets Jan  8 2013,rst cause:4, boot mode:(3,7)

wdt reset
load 0x4010f000, len 1384, room 16 
tail 8
chksum 0x2d
csum 0x2d
v8b899c12
~ld


6.01
 0h00:05.447 2022/09/26T02:10:03z: DS3231
 0h00:05.462 2022/09/26T02:10:03z: BME280 (0x76)
 0h00:05.476 2022/09/26T02:10:03z: 84:f3:eb:7d:7:a8
 0h00:05.478 2022/09/26T02:10:03z: SSID: MU Open
 0h00:05.483 2022/09/26T02:10:03z: AP_STAR tmr
 ets Jan  8 2013,rst cause:4, boot mode:(3,7)

wdt reset
load 0x4010f000, len 1384, room 16 
tail 8
chksum 0x2d
csum 0x2d
v8b899c12
~ld


6.01
 0h00:04.939 2022/09/26T02:30:08z: DS3231
 0h00:04.955 2022/09/26T02:30:08z: BME280 (0x76)
 0h00:04.969 2022/09/26T02:30:08z: 84:f3:eb:7d:7:a8
 0h00:04.971 2022/09/26T02:30:08z: SSID: MU Open
 0h00:04.976 2022/09/26T02:30:08z: AP_STAR tmr
 ets Jan  8 2013,rst cause:4, boot mode:(3,7)

wdt reset
load 0x4010f000, len 1384, room 16 
tail 8
chksum 0x2d
csum 0x2d
v8b899c12
~ld


6.01
 0h00:05.329 2022/09/26T02:50:13z: DS3231
 0h00:05.344 2022/09/26T02:50:13z: BME280 (0x76)
 0h00:05.358 2022/09/26T02:50:13z: 84:f3:eb:7d:7:a8
 0h00:05.360 2022/09/26T02:50:13z: SSID: MU Open
 0h00:05.365 2022/09/26T02:50:13z: AP_STAR tmr
 ets Jan  8 2013,rst cause:4, boot mode:(3,7)

wdt reset
load 0x4010f000, len 1384, room 16 
tail 8
chksum 0x2d
csum 0x2d
v8b899c12
~ld


6.01
 0h00:05.371 2022/09/26T03:10:18z: DS3231
 0h00:05.387 2022/09/26T03:10:18z: BME280 (0x76)
 0h00:05.401 2022/09/26T03:10:19z: 84:f3:eb:7d:7:a8
 0h00:05.403 2022/09/26T03:10:19z: SSID: MU Open
 0h00:05.408 2022/09/26T03:10:19z: AP_STAR tmr
 ets Jan  8 2013,rst cause:4, boot mode:(3,7)

wdt reset
load 0x4010f000, len 1384, room 16 
tail 8
chksum 0x2d
csum 0x2d
v8b899c12
~ld


6.01
 0h00:04.978 2022/09/26T03:30:23z: DS3231
 0h00:04.993 2022/09/26T03:30:23z: BME280 (0x76)
 0h00:05.007 2022/09/26T03:30:23z: 84:f3:eb:7d:7:a8
 0h00:05.009 2022/09/26T03:30:23z: SSID: MU Open
 0h00:05.014 2022/09/26T03:30:23z: AP_STAR tmr
 ets Jan  8 2013,rst cause:4, boot mode:(3,7)

wdt reset
load 0x4010f000, len 1384, room 16 
tail 8
chksum 0x2d
csum 0x2d
v8b899c12
~ld


6.01
 0h00:04.944 2022/09/26T03:50:28z: DS3231
 0h00:04.960 2022/09/26T03:50:28z: BME280 (0x76)
 0h00:04.974 2022/09/26T03:50:28z: 84:f3:eb:7d:7:a8
 0h00:04.975 2022/09/26T03:50:28z: SSID: MU Open
 0h00:04.981 2022/09/26T03:50:28z: AP_STAR tmr
 ets Jan  8 2013,rst cause:4, boot mode:(3,7)

wdt reset
load 0x4010f000, len 1384, room 16 
tail 8
chksum 0x2d
csum 0x2d
v8b899c12
~ld


6.01
 0h00:04.811 2022/09/26T04:10:33z: DS3231
 0h00:04.826 2022/09/26T04:10:33z: BME280 (0x76)
 0h00:04.841 2022/09/26T04:10:33z: 84:f3:eb:7d:7:a8
 0h00:04.842 2022/09/26T04:10:33z: SSID: MU Open
 0h00:04.847 2022/09/26T04:10:33z: AP_STAR tmr
 ets Jan  8 2013,rst cause:4, boot mode:(3,7)

wdt reset
load 0x4010f000, len 1384, room 16 
tail 8
chksum 0x2d
csum 0x2d
v8b899c12
~ld


6.01
 0h00:05.311 2022/09/26T04:30:38z: DS3231
 0h00:05.326 2022/09/26T04:30:38z: BME280 (0x76)
 0h00:05.340 2022/09/26T04:30:38z: 84:f3:eb:7d:7:a8
 0h00:05.342 2022/09/26T04:30:38z: SSID: MU Open
 0h00:05.347 2022/09/26T04:30:38z: AP_STAR tmr
 ets Jan  8 2013,rst cause:4, boot mode:(3,7)

wdt reset
load 0x4010f000, len 1384, room 16 
tail 8
chksum 0x2d
csum 0x2d
v8b899c12
~ld


6.01
 0h00:05.248 2022/09/26T04:50:42z: DS3231
 0h00:05.263 2022/09/26T04:50:42z: BME280 (0x76)
 0h00:05.278 2022/09/26T04:50:42z: 84:f3:eb:7d:7:a8
 0h00:05.279 2022/09/26T04:50:42z: SSID: MU Open
 0h00:05.284 2022/09/26T04:50:42z: AP_STAR tmr
 ets Jan  8 2013,rst cause:4, boot mode:(3,7)

wdt reset
load 0x4010f000, len 1384, room 16 
tail 8
chksum 0x2d
csum 0x2d
v8b899c12
~ld


6.01
 0h00:05.006 2022/09/26T05:10:47z: DS3231
 0h00:05.021 2022/09/26T05:10:47z: BME280 (0x76)
 0h00:05.036 2022/09/26T05:10:47z: 84:f3:eb:7d:7:a8
 0h00:05.037 2022/09/26T05:10:47z: SSID: MU Open
 0h00:05.042 2022/09/26T05:10:47z: AP_STAR tmr
 ets Jan  8 2013,rst cause:4, boot mode:(3,7)

wdt reset
load 0x4010f000, len 1384, room 16 
tail 8
chksum 0x2d
csum 0x2d
v8b899c12
~ld


6.01
 0h00:05.370 2022/09/26T05:30:51z: DS3231
 0h00:05.385 2022/09/26T05:30:51z: BME280 (0x76)
 0h00:05.399 2022/09/26T05:30:51z: 84:f3:eb:7d:7:a8
 0h00:05.401 2022/09/26T05:30:51z: SSID: MU Open
 0h00:05.406 2022/09/26T05:30:51z: AP_STAR tmr
 ets Jan  8 2013,rst cause:4, boot mode:(3,7)

wdt reset
load 0x4010f000, len 1384, room 16 
tail 8
chksum 0x2d
csum 0x2d
v8b899c12
~ld


6.01
 0h00:05.380 2022/09/26T05:50:57z: DS3231
 0h00:05.395 2022/09/26T05:50:57z: BME280 (0x76)
 0h00:05.409 2022/09/26T05:50:57z: 84:f3:eb:7d:7:a8
 0h00:05.411 2022/09/26T05:50:57z: SSID: MU Open
 0h00:05.416 2022/09/26T05:50:57z: AP_STAR tmr
 ets Jan  8 2013,rst cause:4, boot mode:(3,7)

wdt reset
load 0x4010f000, len 1384, room 16 
tail 8
chksum 0x2d
csum 0x2d
v8b899c12
~ld


6.01
 0h00:05.403 2022/09/26T06:11:02z: DS3231
 0h00:05.418 2022/09/26T06:11:02z: BME280 (0x76)
 0h00:05.432 2022/09/26T06:11:02z: 84:f3:eb:7d:7:a8
 0h00:05.434 2022/09/26T06:11:02z: SSID: MU Open
 0h00:05.439 2022/09/26T06:11:02z: AP_STAR tmr
 ets Jan  8 2013,rst cause:4, boot mode:(3,7)

wdt reset
load 0x4010f000, len 1384, room 16 
tail 8
chksum 0x2d
csum 0x2d
v8b899c12
~ld


6.01
 0h00:05.418 2022/09/26T06:31:07z: DS3231
 0h00:05.433 2022/09/26T06:31:07z: BME280 (0x76)
 0h00:05.448 2022/09/26T06:31:07z: 84:f3:eb:7d:7:a8
 0h00:05.449 2022/09/26T06:31:07z: SSID: MU Open
 0h00:05.454 2022/09/26T06:31:07z: AP_STAR tmr
 ets Jan  8 2013,rst cause:4, boot mode:(3,7)

wdt reset
load 0x4010f000, len 1384, room 16 
tail 8
chksum 0x2d
csum 0x2d
v8b899c12
~ld


6.01
 0h00:05.463 2022/09/26T06:51:12z: DS3231
 0h00:05.478 2022/09/26T06:51:12z: BME280 (0x76)
 0h00:05.492 2022/09/26T06:51:12z: 84:f3:eb:7d:7:a8
 0h00:05.494 2022/09/26T06:51:12z: SSID: MU Open
 0h00:05.499 2022/09/26T06:51:12z: AP_STAR tmr
 ets Jan  8 2013,rst cause:4, boot mode:(3,7)

wdt reset
load 0x4010f000, len 1384, room 16 
tail 8
chksum 0x2d
csum 0x2d
v8b899c12
~ld


6.01
 0h00:05.434 2022/09/26T07:11:16z: DS3231
 0h00:05.450 2022/09/26T07:11:16z: BME280 (0x76)
 0h00:05.464 2022/09/26T07:11:16z: 84:f3:eb:7d:7:a8
 0h00:05.466 2022/09/26T07:11:16z: SSID: MU Open
 0h00:05.471 2022/09/26T07:11:16z: AP_STAR tmr
 ets Jan  8 2013,rst cause:4, boot mode:(3,7)

wdt reset
load 0x4010f000, len 1384, room 16 
tail 8
chksum 0x2d
csum 0x2d
v8b899c12
~ld


6.01
 0h00:05.046 2022/09/26T07:31:21z: DS3231
 0h00:05.062 2022/09/26T07:31:21z: BME280 (0x76)
 0h00:05.076 2022/09/26T07:31:21z: 84:f3:eb:7d:7:a8
 0h00:05.077 2022/09/26T07:31:21z: SSID: MU Open
 0h00:05.083 2022/09/26T07:31:21z: AP_STAR tmr
 ets Jan  8 2013,rst cause:4, boot mode:(3,7)

wdt reset
load 0x4010f000, len 1384, room 16 
tail 8
chksum 0x2d
csum 0x2d
v8b899c12
~ld


6.01
 0h00:04.978 2022/09/26T07:51:26z: DS3231
 0h00:04.993 2022/09/26T07:51:26z: BME280 (0x76)
 0h00:05.007 2022/09/26T07:51:26z: 84:f3:eb:7d:7:a8
 0h00:05.009 2022/09/26T07:51:26z: SSID: MU Open
 0h00:05.014 2022/09/26T07:51:26z: AP_STAR tmr
 ets Jan  8 2013,rst cause:4, boot mode:(3,7)

wdt reset
load 0x4010f000, len 1384, room 16 
tail 8
chksum 0x2d
csum 0x2d
v8b899c12
~ld


6.01
 0h00:05.418 2022/09/26T08:11:31z: DS3231
 0h00:05.434 2022/09/26T08:11:31z: BME280 (0x76)
 0h00:05.448 2022/09/26T08:11:31z: 84:f3:eb:7d:7:a8
 0h00:05.449 2022/09/26T08:11:31z: SSID: MU Open
 0h00:05.455 2022/09/26T08:11:31z: AP_STAR tmr
 ets Jan  8 2013,rst cause:4, boot mode:(3,7)

wdt reset
load 0x4010f000, len 1384, room 16 
tail 8
chksum 0x2d
csum 0x2d
v8b899c12
~ld


6.01
 0h00:05.563 2022/09/26T08:31:37z: DS3231
 0h00:05.579 2022/09/26T08:31:37z: BME280 (0x76)
 0h00:05.593 2022/09/26T08:31:37z: 84:f3:eb:7d:7:a8
 0h00:05.595 2022/09/26T08:31:37z: SSID: MU Open
 0h00:05.600 2022/09/26T08:31:37z: AP_STAR tmr
 ets Jan  8 2013,rst cause:4, boot mode:(3,7)

wdt reset
load 0x4010f000, len 1384, room 16 
tail 8
chksum 0x2d
csum 0x2d
v8b899c12
~ld


6.01
 0h00:05.103 2022/09/26T08:51:41z: DS3231
 0h00:05.118 2022/09/26T08:51:41z: BME280 (0x76)
 0h00:05.132 2022/09/26T08:51:41z: 84:f3:eb:7d:7:a8
 0h00:05.134 2022/09/26T08:51:41z: SSID: MU Open
 0h00:05.139 2022/09/26T08:51:41z: AP_STAR tmr
 ets Jan  8 2013,rst cause:4, boot mode:(3,7)

wdt reset
load 0x4010f000, len 1384, room 16 
tail 8
chksum 0x2d
csum 0x2d
v8b899c12
~ld


6.01
 0h00:05.595 2022/09/26T09:11:48z: DS3231
 0h00:05.610 2022/09/26T09:11:48z: BME280 (0x76)
 0h00:05.624 2022/09/26T09:11:48z: 84:f3:eb:7d:7:a8
 0h00:05.626 2022/09/26T09:11:48z: SSID: MU Open
 0h00:05.631 2022/09/26T09:11:48z: AP_STAR tmr
 ets Jan  8 2013,rst cause:4, boot mode:(3,7)

wdt reset
load 0x4010f000, len 1384, room 16 
tail 8
chksum 0x2d
csum 0x2d
v8b899c12
~ld


6.01
 0h00:05.119 2022/09/26T09:31:52z: DS3231
 0h00:05.135 2022/09/26T09:31:52z: BME280 (0x76)
 0h00:05.149 2022/09/26T09:31:52z: 84:f3:eb:7d:7:a8
 0h00:05.151 2022/09/26T09:31:52z: SSID: MU Open
 0h00:05.156 2022/09/26T09:31:52z: AP_STAR tmr
 ets Jan  8 2013,rst cause:4, boot mode:(3,7)

wdt reset
load 0x4010f000, len 1384, room 16 
tail 8
chksum 0x2d
csum 0x2d
v8b899c12
~ld


6.01
 0h00:05.503 2022/09/26T09:51:57z: DS3231
 0h00:05.518 2022/09/26T09:51:57z: BME280 (0x76)
 0h00:05.532 2022/09/26T09:51:57z: 84:f3:eb:7d:7:a8
 0h00:05.534 2022/09/26T09:51:57z: SSID: MU Open
 0h00:05.539 2022/09/26T09:51:57z: AP_STAR tmr
 ets Jan  8 2013,rst cause:4, boot mode:(3,7)

wdt reset
load 0x4010f000, len 1384, room 16 
tail 8
chksum 0x2d
csum 0x2d
v8b899c12
~ld


6.01
 0h00:05.099 2022/09/26T10:12:02z: DS3231
 0h00:05.114 2022/09/26T10:12:02z: BME280 (0x76)
 0h00:05.128 2022/09/26T10:12:02z: 84:f3:eb:7d:7:a8
 0h00:05.130 2022/09/26T10:12:02z: SSID: MU Open
 0h00:05.135 2022/09/26T10:12:02z: AP_STAR tmr
 ets Jan  8 2013,rst cause:4, boot mode:(3,7)

wdt reset
load 0x4010f000, len 1384, room 16 
tail 8
chksum 0x2d
csum 0x2d
v8b899c12
~ld


6.01
 0h00:05.072 2022/09/26T10:32:06z: DS3231
 0h00:05.087 2022/09/26T10:32:06z: BME280 (0x76)
 0h00:05.102 2022/09/26T10:32:06z: 84:f3:eb:7d:7:a8
 0h00:05.103 2022/09/26T10:32:06z: SSID: MU Open
 0h00:05.108 2022/09/26T10:32:06z: AP_STAR tmr
 ets Jan  8 2013,rst cause:4, boot mode:(3,7)

wdt reset
load 0x4010f000, len 1384, room 16 
tail 8
chksum 0x2d
csum 0x2d
v8b899c12
~ld


6.01
 0h00:05.047 2022/09/26T10:52:10z: DS3231
 0h00:05.062 2022/09/26T10:52:10z: BME280 (0x76)
 0h00:05.076 2022/09/26T10:52:10z: 84:f3:eb:7d:7:a8
 0h00:05.078 2022/09/26T10:52:10z: SSID: MU Open
 0h00:05.083 2022/09/26T10:52:10z: AP_STAR tmr
 ets Jan  8 2013,rst cause:4, boot mode:(3,7)

wdt reset
load 0x4010f000, len 1384, room 16 
tail 8
chksum 0x2d
csum 0x2d
v8b899c12
~ld


6.01
 0h00:05.448 2022/09/26T11:12:16z: DS3231
 0h00:05.463 2022/09/26T11:12:16z: BME280 (0x76)
 0h00:05.477 2022/09/26T11:12:16z: 84:f3:eb:7d:7:a8
 0h00:05.479 2022/09/26T11:12:16z: SSID: MU Open
 0h00:05.484 2022/09/26T11:12:16z: AP_STAR tmr
 ets Jan  8 2013,rst cause:4, boot mode:(3,7)

wdt reset
load 0x4010f000, len 1384, room 16 
tail 8
chksum 0x2d
csum 0x2d
v8b899c12
~ld


6.01
 0h00:05.619 2022/09/26T11:32:22z: DS3231
 0h00:05.634 2022/09/26T11:32:22z: BME280 (0x76)
 0h00:05.648 2022/09/26T11:32:22z: 84:f3:eb:7d:7:a8
 0h00:05.650 2022/09/26T11:32:22z: SSID: MU Open
 0h00:05.655 2022/09/26T11:32:22z: AP_STAR tmr
 ets Jan  8 2013,rst cause:4, boot mode:(3,7)

wdt reset
load 0x4010f000, len 1384, room 16 
tail 8
chksum 0x2d
csum 0x2d
v8b899c12
~ld


6.01
 0h00:05.847 2022/09/26T11:52:27z: DS3231
 0h00:05.863 2022/09/26T11:52:27z: BME280 (0x76)
 0h00:05.877 2022/09/26T11:52:27z: 84:f3:eb:7d:7:a8
 0h00:05.879 2022/09/26T11:52:27z: SSID: MU Open
 0h00:05.884 2022/09/26T11:52:27z: AP_STAR tmr
 ets Jan  8 2013,rst cause:4, boot mode:(3,7)

wdt reset
load 0x4010f000, len 1384, room 16 
tail 8
chksum 0x2d
csum 0x2d
v8b899c12
~ld


6.01
 0h00:05.912 2022/09/26T12:12:33z: DS3231
 0h00:05.927 2022/09/26T12:12:33z: BME280 (0x76)
 0h00:05.941 2022/09/26T12:12:33z: 84:f3:eb:7d:7:a8
 0h00:05.943 2022/09/26T12:12:33z: SSID: MU Open
 0h00:05.948 2022/09/26T12:12:33z: AP_STAR tmr
 ets Jan  8 2013,rst cause:4, boot mode:(3,7)

wdt reset
load 0x4010f000, len 1384, room 16 
tail 8
chksum 0x2d
csum 0x2d
v8b899c12
~ld


6.01
 0h00:05.692 2022/09/26T12:32:39z: DS3231
 0h00:05.708 2022/09/26T12:32:39z: BME280 (0x76)
 0h00:05.722 2022/09/26T12:32:39z: 84:f3:eb:7d:7:a8
 0h00:05.723 2022/09/26T12:32:39z: SSID: MU Open
 0h00:05.729 2022/09/26T12:32:39z: AP_STAR tmr
 ets Jan  8 2013,rst cause:4, boot mode:(3,7)

wdt reset
load 0x4010f000, len 1384, room 16 
tail 8
chksum 0x2d
csum 0x2d
v8b899c12
~ld


6.01
 0h00:05.115 2022/09/26T12:52:44z: DS3231
 0h00:05.130 2022/09/26T12:52:44z: BME280 (0x76)
 0h00:05.145 2022/09/26T12:52:44z: 84:f3:eb:7d:7:a8
 0h00:05.146 2022/09/26T12:52:44z: SSID: MU Open
 0h00:05.151 2022/09/26T12:52:44z: AP_STAR tmr
 ets Jan  8 2013,rst cause:4, boot mode:(3,7)

wdt reset
load 0x4010f000, len 1384, room 16 
tail 8
chksum 0x2d
csum 0x2d
v8b899c12
~ld


6.01
 0h00:05.554 2022/09/26T13:12:49z: DS3231
 0h00:05.569 2022/09/26T13:12:49z: BME280 (0x76)
 0h00:05.584 2022/09/26T13:12:49z: 84:f3:eb:7d:7:a8
 0h00:05.585 2022/09/26T13:12:49z: SSID: MU Open
 0h00:05.591 2022/09/26T13:12:49z: AP_STAR tmr
 ets Jan  8 2013,rst cause:4, boot mode:(3,7)

wdt reset
load 0x4010f000, len 1384, room 16 
tail 8
chksum 0x2d
csum 0x2d
v8b899c12
~ld


6.01
 0h00:05.536 2022/09/26T13:32:54z: DS3231
 0h00:05.551 2022/09/26T13:32:54z: BME280 (0x76)
 0h00:05.565 2022/09/26T13:32:54z: 84:f3:eb:7d:7:a8
 0h00:05.567 2022/09/26T13:32:54z: SSID: MU Open
 0h00:05.572 2022/09/26T13:32:54z: AP_STAR tmr
 ets Jan  8 2013,rst cause:4, boot mode:(3,7)

wdt reset
load 0x4010f000, len 1384, room 16 
tail 8
chksum 0x2d
csum 0x2d
v8b899c12
~ld


6.01
 0h00:05.359 2022/09/26T13:52:59z: DS3231
 0h00:05.374 2022/09/26T13:52:59z: BME280 (0x76)
 0h00:05.388 2022/09/26T13:52:59z: 84:f3:eb:7d:7:a8
 0h00:05.390 2022/09/26T13:52:59z: SSID: MU Open
 0h00:05.395 2022/09/26T13:52:59z: AP_STAR tmr
 ets Jan  8 2013,rst cause:4, boot mode:(3,7)

wdt reset
load 0x4010f000, len 1384, room 16 
tail 8
chksum 0x2d
csum 0x2d
v8b899c12
~ld


6.01
 0h00:05.585 2022/09/26T14:13:04z: DS3231
 0h00:05.600 2022/09/26T14:13:04z: BME280 (0x76)
 0h00:05.614 2022/09/26T14:13:04z: 84:f3:eb:7d:7:a8
 0h00:05.616 2022/09/26T14:13:04z: SSID: MU Open
 0h00:05.621 2022/09/26T14:13:04z: AP_STAR tmr
 ets Jan  8 2013,rst cause:4, boot mode:(3,7)

wdt reset
load 0x4010f000, len 1384, room 16 
tail 8
chksum 0x2d
csum 0x2d
v8b899c12
~ld


6.01
 0h00:05.108 2022/09/26T14:33:09z: DS3231
 0h00:05.123 2022/09/26T14:33:09z: BME280 (0x76)
 0h00:05.137 2022/09/26T14:33:09z: 84:f3:eb:7d:7:a8
 0h00:05.139 2022/09/26T14:33:09z: SSID: MU Open
 0h00:05.144 2022/09/26T14:33:09z: AP_STAR tmr
 ets Jan  8 2013,rst cause:4, boot mode:(3,7)

wdt reset
load 0x4010f000, len 1384, room 16 
tail 8
chksum 0x2d
csum 0x2d
v8b899c12
~ld


6.01
 0h00:05.314 2022/09/26T14:53:14z: DS3231
 0h00:05.329 2022/09/26T14:53:14z: BME280 (0x76)
 0h00:05.343 2022/09/26T14:53:14z: 84:f3:eb:7d:7:a8
 0h00:05.345 2022/09/26T14:53:14z: SSID: MU Open
 0h00:05.350 2022/09/26T14:53:14z: AP_STAR tmr
 ets Jan  8 2013,rst cause:4, boot mode:(3,7)

wdt reset
load 0x4010f000, len 1384, room 16 
tail 8
chksum 0x2d
csum 0x2d
v8b899c12
~ld


6.01
 0h00:05.503 2022/09/26T15:13:18z: DS3231
 0h00:05.519 2022/09/26T15:13:18z: BME280 (0x76)
 0h00:05.533 2022/09/26T15:13:18z: 84:f3:eb:7d:7:a8
 0h00:05.535 2022/09/26T15:13:18z: SSID: MU Open
 0h00:05.540 2022/09/26T15:13:18z: AP_STAR tmr
 ets Jan  8 2013,rst cause:4, boot mode:(3,7)

wdt reset
load 0x4010f000, len 1384, room 16 
tail 8
chksum 0x2d
csum 0x2d
v8b899c12
~ld


6.01
 0h00:05.247 2022/09/26T15:33:23z: DS3231
 0h00:05.262 2022/09/26T15:33:24z: BME280 (0x76)
 0h00:05.276 2022/09/26T15:33:24z: 84:f3:eb:7d:7:a8
 0h00:05.278 2022/09/26T15:33:24z: SSID: MU Open
 0h00:05.283 2022/09/26T15:33:24z: AP_STAR tmr
 ets Jan  8 2013,rst cause:4, boot mode:(3,7)

wdt reset
load 0x4010f000, len 1384, room 16 
tail 8
chksum 0x2d
csum 0x2d
v8b899c12
~ld


6.01
 0h00:05.328 2022/09/26T15:53:28z: DS3231
 0h00:05.344 2022/09/26T15:53:28z: BME280 (0x76)
 0h00:05.358 2022/09/26T15:53:28z: 84:f3:eb:7d:7:a8
 0h00:05.359 2022/09/26T15:53:28z: SSID: MU Open
 0h00:05.365 2022/09/26T15:53:28z: AP_STAR tmr
 ets Jan  8 2013,rst cause:4, boot mode:(3,7)

wdt reset
load 0x4010f000, len 1384, room 16 
tail 8
chksum 0x2d
csum 0x2d
v8b899c12
~ld


6.01
 0h00:05.414 2022/09/26T16:13:33z: DS3231
 0h00:05.429 2022/09/26T16:13:33z: BME280 (0x76)
 0h00:05.443 2022/09/26T16:13:33z: 84:f3:eb:7d:7:a8
 0h00:05.445 2022/09/26T16:13:33z: SSID: MU Open
 0h00:05.450 2022/09/26T16:13:33z: AP_STAR tmr
 ets Jan  8 2013,rst cause:4, boot mode:(3,7)

wdt reset
load 0x4010f000, len 1384, room 16 
tail 8
chksum 0x2d
csum 0x2d
v8b899c12
~ld


6.01
 0h00:04.847 2022/09/26T16:33:37z: DS3231
 0h00:04.862 2022/09/26T16:33:37z: BME280 (0x76)
 0h00:04.876 2022/09/26T16:33:37z: 84:f3:eb:7d:7:a8
 0h00:04.878 2022/09/26T16:33:37z: SSID: MU Open
 0h00:04.883 2022/09/26T16:33:37z: AP_STAR tmr
 ets Jan  8 2013,rst cause:4, boot mode:(3,7)

wdt reset
load 0x4010f000, len 1384, room 16 
tail 8
chksum 0x2d
csum 0x2d
v8b899c12
~ld


6.01
 0h00:05.361 2022/09/26T16:53:43z: DS3231
 0h00:05.376 2022/09/26T16:53:43z: BME280 (0x76)
 0h00:05.390 2022/09/26T16:53:43z: 84:f3:eb:7d:7:a8
 0h00:05.392 2022/09/26T16:53:43z: SSID: MU Open
 0h00:05.397 2022/09/26T16:53:43z: AP_STAR tmr
 ets Jan  8 2013,rst cause:4, boot mode:(3,7)

wdt reset
load 0x4010f000, len 1384, room 16 
tail 8
chksum 0x2d
csum 0x2d
v8b899c12
~ld


6.01
 0h00:05.303 2022/09/26T17:13:48z: DS3231
 0h00:05.318 2022/09/26T17:13:48z: BME280 (0x76)
 0h00:05.332 2022/09/26T17:13:48z: 84:f3:eb:7d:7:a8
 0h00:05.334 2022/09/26T17:13:48z: SSID: MU Open
 0h00:05.339 2022/09/26T17:13:48z: AP_STAR tmr
 ets Jan  8 2013,rst cause:4, boot mode:(3,7)

wdt reset
load 0x4010f000, len 1384, room 16 
tail 8
chksum 0x2d
csum 0x2d
v8b899c12
~ld


6.01
 0h00:05.238 2022/09/26T17:33:52z: DS3231
 0h00:05.253 2022/09/26T17:33:52z: BME280 (0x76)
 0h00:05.267 2022/09/26T17:33:52z: 84:f3:eb:7d:7:a8
 0h00:05.269 2022/09/26T17:33:52z: SSID: MU Open
 0h00:05.274 2022/09/26T17:33:52z: AP_STAR tmr
 ets Jan  8 2013,rst cause:4, boot mode:(3,7)

wdt reset
load 0x4010f000, len 1384, room 16 
tail 8
chksum 0x2d
csum 0x2d
v8b899c12
~ld


6.01
 0h00:05.334 2022/09/26T17:53:57z: DS3231
 0h00:05.349 2022/09/26T17:53:57z: BME280 (0x76)
 0h00:05.363 2022/09/26T17:53:57z: 84:f3:eb:7d:7:a8
 0h00:05.365 2022/09/26T17:53:57z: SSID: MU Open
 0h00:05.370 2022/09/26T17:53:57z: AP_STAR tmr
 ets Jan  8 2013,rst cause:4, boot mode:(3,7)

wdt reset
load 0x4010f000, len 1384, room 16 
tail 8
chksum 0x2d
csum 0x2d
v8b899c12
~ld


6.01
 0h00:05.413 2022/09/26T18:14:02z: DS3231
 0h00:05.429 2022/09/26T18:14:02z: BME280 (0x76)
 0h00:05.443 2022/09/26T18:14:02z: 84:f3:eb:7d:7:a8
 0h00:05.444 2022/09/26T18:14:02z: SSID: MU Open
 0h00:05.450 2022/09/26T18:14:02z: AP_STAR tmr
 ets Jan  8 2013,rst cause:4, boot mode:(3,7)

wdt reset
load 0x4010f000, len 1384, room 16 
tail 8
chksum 0x2d
csum 0x2d
v8b899c12
~ld


6.01
 0h00:05.014 2022/09/26T18:34:06z: DS3231
 0h00:05.030 2022/09/26T18:34:06z: BME280 (0x76)
 0h00:05.044 2022/09/26T18:34:06z: 84:f3:eb:7d:7:a8
 0h00:05.045 2022/09/26T18:34:06z: SSID: MU Open
 0h00:05.051 2022/09/26T18:34:06z: AP_STAR tmr
 ets Jan  8 2013,rst cause:4, boot mode:(3,7)

wdt reset
load 0x4010f000, len 1384, room 16 
tail 8
chksum 0x2d
csum 0x2d
v8b899c12
~ld


6.01
 0h00:05.396 2022/09/26T18:54:11z: DS3231
 0h00:05.411 2022/09/26T18:54:11z: BME280 (0x76)
 0h00:05.425 2022/09/26T18:54:11z: 84:f3:eb:7d:7:a8
 0h00:05.427 2022/09/26T18:54:11z: SSID: MU Open
 0h00:05.432 2022/09/26T18:54:11z: AP_STAR tmr
 ets Jan  8 2013,rst cause:4, boot mode:(3,7)

wdt reset
load 0x4010f000, len 1384, room 16 
tail 8
chksum 0x2d
csum 0x2d
v8b899c12
~ld


6.01
 0h00:05.207 2022/09/26T19:14:15z: DS3231
 0h00:05.222 2022/09/26T19:14:15z: BME280 (0x76)
 0h00:05.237 2022/09/26T19:14:15z: 84:f3:eb:7d:7:a8
 0h00:05.238 2022/09/26T19:14:15z: SSID: MU Open
 0h00:05.243 2022/09/26T19:14:15z: AP_STAR tmr
 ets Jan  8 2013,rst cause:4, boot mode:(3,7)

wdt reset
load 0x4010f000, len 1384, room 16 
tail 8
chksum 0x2d
csum 0x2d
v8b899c12
~ld


6.01
 0h00:05.420 2022/09/26T19:34:21z: DS3231
 0h00:05.436 2022/09/26T19:34:21z: BME280 (0x76)
 0h00:05.450 2022/09/26T19:34:21z: 84:f3:eb:7d:7:a8
 0h00:05.451 2022/09/26T19:34:21z: SSID: MU Open
 0h00:05.457 2022/09/26T19:34:21z: AP_STAR tmr
 ets Jan  8 2013,rst cause:4, boot mode:(3,7)

wdt reset
load 0x4010f000, len 1384, room 16 
tail 8
chksum 0x2d
csum 0x2d
v8b899c12
~ld


6.01
 0h00:05.339 2022/09/26T19:54:26z: DS3231
 0h00:05.354 2022/09/26T19:54:26z: BME280 (0x76)
 0h00:05.368 2022/09/26T19:54:26z: 84:f3:eb:7d:7:a8
 0h00:05.370 2022/09/26T19:54:26z: SSID: MU Open
 0h00:05.375 2022/09/26T19:54:26z: AP_STAR tmr
 ets Jan  8 2013,rst cause:4, boot mode:(3,7)

wdt reset
load 0x4010f000, len 1384, room 16 
tail 8
chksum 0x2d
csum 0x2d
v8b899c12
~ld


6.01
 0h00:05.113 2022/09/26T20:14:30z: DS3231
 0h00:05.129 2022/09/26T20:14:30z: BME280 (0x76)
 0h00:05.143 2022/09/26T20:14:30z: 84:f3:eb:7d:7:a8
 0h00:05.145 2022/09/26T20:14:30z: SSID: MU Open
 0h00:05.150 2022/09/26T20:14:30z: AP_STAR tmr
 ets Jan  8 2013,rst cause:4, boot mode:(3,7)

wdt reset
load 0x4010f000, len 1384, room 16 
tail 8
chksum 0x2d
csum 0x2d
v8b899c12
~ld


6.01
 0h00:05.422 2022/09/26T20:34:35z: DS3231
 0h00:05.437 2022/09/26T20:34:35z: BME280 (0x76)
 0h00:05.451 2022/09/26T20:34:35z: 84:f3:eb:7d:7:a8
 0h00:05.453 2022/09/26T20:34:35z: SSID: MU Open
 0h00:05.458 2022/09/26T20:34:35z: AP_STAR tmr
 ets Jan  8 2013,rst cause:4, boot mode:(3,7)

wdt reset
load 0x4010f000, len 1384, room 16 
tail 8
chksum 0x2d
csum 0x2d
v8b899c12
~ld


6.01
 0h00:05.529 2022/09/26T20:54:40z: DS3231
 0h00:05.544 2022/09/26T20:54:40z: BME280 (0x76)
 0h00:05.558 2022/09/26T20:54:40z: 84:f3:eb:7d:7:a8
 0h00:05.560 2022/09/26T20:54:40z: SSID: MU Open
 0h00:05.565 2022/09/26T20:54:40z: AP_STAR tmr
 ets Jan  8 2013,rst cause:4, boot mode:(3,7)

wdt reset
load 0x4010f000, len 1384, room 16 
tail 8
chksum 0x2d
csum 0x2d
v8b899c12
~ld


6.01
 0h00:05.402 2022/09/26T21:14:46z: DS3231
 0h00:05.418 2022/09/26T21:14:46z: BME280 (0x76)
 0h00:05.432 2022/09/26T21:14:46z: 84:f3:eb:7d:7:a8
 0h00:05.433 2022/09/26T21:14:46z: SSID: MU Open
 0h00:05.439 2022/09/26T21:14:46z: AP_STAR tmr
 ets Jan  8 2013,rst cause:4, boot mode:(3,7)

wdt reset
load 0x4010f000, len 1384, room 16 
tail 8
chksum 0x2d
csum 0x2d
v8b899c12
~ld


6.01
 0h00:05.624 2022/09/26T21:34:51z: DS3231
 0h00:05.639 2022/09/26T21:34:51z: BME280 (0x76)
 0h00:05.653 2022/09/26T21:34:51z: 84:f3:eb:7d:7:a8
 0h00:05.655 2022/09/26T21:34:51z: SSID: MU Open
 0h00:05.660 2022/09/26T21:34:51z: AP_STAR tmr
 ets Jan  8 2013,rst cause:4, boot mode:(3,7)

wdt reset
load 0x4010f000, len 1384, room 16 
tail 8
chksum 0x2d
csum 0x2d
v8b899c12
~ld


6.01
 0h00:05.691 2022/09/26T21:54:56z: DS3231
 0h00:05.706 2022/09/26T21:54:56z: BME280 (0x76)
 0h00:05.720 2022/09/26T21:54:56z: 84:f3:eb:7d:7:a8
 0h00:05.722 2022/09/26T21:54:56z: SSID: MU Open
 0h00:05.727 2022/09/26T21:54:56z: AP_STAR tmr
 ets Jan  8 2013,rst cause:4, boot mode:(3,7)

wdt reset
load 0x4010f000, len 1384, room 16 
tail 8
chksum 0x2d
csum 0x2d
v8b899c12
~ld


6.01
 0h00:05.398 2022/09/26T22:15:01z: DS3231
 0h00:05.413 2022/09/26T22:15:01z: BME280 (0x76)
 0h00:05.427 2022/09/26T22:15:01z: 84:f3:eb:7d:7:a8
 0h00:05.429 2022/09/26T22:15:01z: SSID: MU Open
 0h00:05.434 2022/09/26T22:15:01z: AP_STAR tmr
 ets Jan  8 2013,rst cause:4, boot mode:(3,7)

wdt reset
load 0x4010f000, len 1384, room 16 
tail 8
chksum 0x2d
csum 0x2d
v8b899c12
~ld


6.01
 0h00:05.137 2022/09/26T22:35:06z: DS3231
 0h00:05.152 2022/09/26T22:35:06z: BME280 (0x76)
 0h00:05.166 2022/09/26T22:35:06z: 84:f3:eb:7d:7:a8
 0h00:05.168 2022/09/26T22:35:06z: SSID: MU Open
 0h00:05.173 2022/09/26T22:35:06z: AP_STAR tmr
 ets Jan  8 2013,rst cause:4, boot mode:(3,7)

wdt reset
load 0x4010f000, len 1384, room 16 
tail 8
chksum 0x2d
csum 0x2d
v8b899c12
~ld


6.01
 0h00:05.124 2022/09/26T22:55:11z: DS3231
 0h00:05.139 2022/09/26T22:55:11z: BME280 (0x76)
 0h00:05.153 2022/09/26T22:55:11z: 84:f3:eb:7d:7:a8
 0h00:05.155 2022/09/26T22:55:11z: SSID: MU Open
 0h00:05.160 2022/09/26T22:55:11z: AP_STAR tmr
 ets Jan  8 2013,rst cause:4, boot mode:(3,7)

wdt reset
load 0x4010f000, len 1384, room 16 
tail 8
chksum 0x2d
csum 0x2d
v8b899c12
~ld


6.01
 0h00:05.694 2022/09/26T23:15:16z: DS3231
 0h00:05.710 2022/09/26T23:15:16z: BME280 (0x76)
 0h00:05.724 2022/09/26T23:15:16z: 84:f3:eb:7d:7:a8
 0h00:05.725 2022/09/26T23:15:16z: SSID: MU Open
 0h00:05.731 2022/09/26T23:15:16z: AP_STAR tmr
 ets Jan  8 2013,rst cause:4, boot mode:(3,7)

wdt reset
load 0x4010f000, len 1384, room 16 
tail 8
chksum 0x2d
csum 0x2d
v8b899c12
~ld


6.01
 0h00:05.090 2022/09/26T23:35:21z: DS3231
 0h00:05.105 2022/09/26T23:35:21z: BME280 (0x76)
 0h00:05.119 2022/09/26T23:35:21z: 84:f3:eb:7d:7:a8
 0h00:05.121 2022/09/26T23:35:21z: SSID: MU Open
 0h00:05.126 2022/09/26T23:35:21z: AP_STAR tmr
 ets Jan  8 2013,rst cause:4, boot mode:(3,7)

wdt reset
load 0x4010f000, len 1384, room 16 
tail 8
chksum 0x2d
csum 0x2d
v8b899c12
~ld


6.01
 0h00:05.606 2022/09/26T23:55:27z: DS3231
 0h00:05.622 2022/09/26T23:55:27z: BME280 (0x76)
 0h00:05.636 2022/09/26T23:55:27z: 84:f3:eb:7d:7:a8
 0h00:05.637 2022/09/26T23:55:27z: SSID: MU Open
 0h00:05.643 2022/09/26T23:55:27z: AP_STA