R tmr
 ets Jan  8 2013,rst cause:4, boot mode:(3,7)

wdt reset
load 0x4010f000, len 1384, room 16 
tail 8
chksum 0x2d
csum 0x2d
v8b899c12
~ld


6.01
 0h00:04.392 2022/06/02T00:12:00z: DS3231
 0h00:04.407 2022/06/02T00:12:00z: BME280 (0x76)
 0h00:04.421 2022/06/02T00:12:00z: 84:f3:eb:7d:7:a8
 0h00:04.423 2022/06/02T00:12:00z: SSID: MU Open
 0h00:04.428 2022/06/02T00:12:00z: AP_STAR tmr
 ets Jan  8 2013,rst cause:4, boot mode:(3,7)

wdt reset
load 0x4010f000, len 1384, room 16 
tail 8
chksum 0x2d
csum 0x2d
v8b899c12
~ld


6.01
 0h00:04.367 2022/06/02T00:32:02z: DS3231
 0h00:04.383 2022/06/02T00:32:02z: BME280 (0x76)
 0h00:04.397 2022/06/02T00:32:02z: 84:f3:eb:7d:7:a8
 0h00:04.398 2022/06/02T00:32:02z: SSID: MU Open
 0h00:04.404 2022/06/02T00:32:02z: AP_STAR tmr
 ets Jan  8 2013,rst cause:4, boot mode:(3,7)

wdt reset
load 0x4010f000, len 1384, room 16 
tail 8
chksum 0x2d
csum 0x2d
v8b899c12
~ld


6.01
 0h00:04.389 2022/06/02T00:52:04z: DS3231
 0h00:04.404 2022/06/02T00:52:04z: BME280 (0x76)
 0h00:04.418 2022/06/02T00:52:04z: 84:f3:eb:7d:7:a8
 0h00:04.420 2022/06/02T00:52:04z: SSID: MU Open
 0h00:04.425 2022/06/02T00:52:04z: AP_STAR tmr
 ets Jan  8 2013,rst cause:4, boot mode:(3,7)

wdt reset
load 0x4010f000, len 1384, room 16 
tail 8
chksum 0x2d
csum 0x2d
v8b899c12
~ld


6.01
 0h00:04.406 2022/06/02T01:12:05z: DS3231
 0h00:04.422 2022/06/02T01:12:05z: BME280 (0x76)
 0h00:04.436 2022/06/02T01:12:05z: 84:f3:eb:7d:7:a8
 0h00:04.438 2022/06/02T01:12:05z: SSID: MU Open
 0h00:04.443 2022/06/02T01:12:05z: AP_STAR tmr
 ets Jan  8 2013,rst cause:4, boot mode:(3,7)

wdt reset
load 0x4010f000, len 1384, room 16 
tail 8
chksum 0x2d
csum 0x2d
v8b899c12
~ld


6.01
 0h00:04.256 2022/06/02T01:32:06z: DS3231
 0h00:04.271 2022/06/02T01:32:07z: BME280 (0x76)
 0h00:04.285 2022/06/02T01:32:07z: 84:f3:eb:7d:7:a8
 0h00:04.287 2022/06/02T01:32:07z: SSID: MU Open
 0h00:04.292 2022/06/02T01:32:07z: AP_STAR tmr
 ets Jan  8 2013,rst cause:4, boot mode:(3,7)

wdt reset
load 0x4010f000, len 1384, room 16 
tail 8
chksum 0x2d
csum 0x2d
v8b899c12
~ld


6.01
 0h00:04.449 2022/06/02T01:52:08z: DS3231
 0h00:04.464 2022/06/02T01:52:08z: BME280 (0x76)
 0h00:04.478 2022/06/02T01:52:08z: 84:f3:eb:7d:7:a8
 0h00:04.480 2022/06/02T01:52:08z: SSID: MU Open
 0h00:04.485 2022/06/02T01:52:08z: AP_STAR tmr
 ets Jan  8 2013,rst cause:4, boot mode:(3,7)

wdt reset
load 0x4010f000, len 1384, room 16 
tail 8
chksum 0x2d
csum 0x2d
v8b899c12
~ld


6.01
 0h00:04.417 2022/06/02T02:12:10z: DS3231
 0h00:04.432 2022/06/02T02:12:10z: BME280 (0x76)
 0h00:04.447 2022/06/02T02:12:10z: 84:f3:eb:7d:7:a8
 0h00:04.448 2022/06/02T02:12:10z: SSID: MU Open
 0h00:04.453 2022/06/02T02:12:10z: AP_STAR tmr
 ets Jan  8 2013,rst cause:4, boot mode:(3,7)

wdt reset
load 0x4010f000, len 1384, room 16 
tail 8
chksum 0x2d
csum 0x2d
v8b899c12
~ld


6.01
 0h00:04.307 2022/06/02T02:32:12z: DS3231
 0h00:04.323 2022/06/02T02:32:12z: BME280 (0x76)
 0h00:04.337 2022/06/02T02:32:12z: 84:f3:eb:7d:7:a8
 0h00:04.338 2022/06/02T02:32:12z: SSID: MU Open
 0h00:04.344 2022/06/02T02:32:12z: AP_STAR tmr
 ets Jan  8 2013,rst cause:4, boot mode:(3,7)

wdt reset
load 0x4010f000, len 1384, room 16 
tail 8
chksum 0x2d
csum 0x2d
v8b899c12
~ld


6.01
 0h00:04.363 2022/06/02T02:52:14z: DS3231
 0h00:04.379 2022/06/02T02:52:14z: BME280 (0x76)
 0h00:04.393 2022/06/02T02:52:14z: 84:f3:eb:7d:7:a8
 0h00:04.395 2022/06/02T02:52:14z: SSID: MU Open
 0h00:04.400 2022/06/02T02:52:14z: AP_STAR tmr
 ets Jan  8 2013,rst cause:4, boot mode:(3,7)

wdt reset
load 0x4010f000, len 1384, room 16 
tail 8
chksum 0x2d
csum 0x2d
v8b899c12
~ld


6.01
 0h00:04.284 2022/06/02T03:12:14z: DS3231
 0h00:04.299 2022/06/02T03:12:14z: BME280 (0x76)
 0h00:04.313 2022/06/02T03:12:14z: 84:f3:eb:7d:7:a8
 0h00:04.315 2022/06/02T03:12:14z: SSID: MU Open
 0h00:04.320 2022/06/02T03:12:14z: AP_STAR tmr
 ets Jan  8 2013,rst cause:4, boot mode:(3,7)

wdt reset
load 0x4010f000, len 1384, room 16 
tail 8
chksum 0x2d
csum 0x2d
v8b899c12
~ld


6.01
 0h00:04.435 2022/06/02T03:32:16z: DS3231
 0h00:04.450 2022/06/02T03:32:16z: BME280 (0x76)
 0h00:04.465 2022/06/02T03:32:16z: 84:f3:eb:7d:7:a8
 0h00:04.466 2022/06/02T03:32:16z: SSID: MU Open
 0h00:04.471 2022/06/02T03:32:16z: AP_STAR tmr
 ets Jan  8 2013,rst cause:4, boot mode:(3,7)

wdt reset
load 0x4010f000, len 1384, room 16 
tail 8
chksum 0x2d
csum 0x2d
v8b899c12
~ld


6.01
 0h00:04.491 2022/06/02T03:52:18z: DS3231
 0h00:04.506 2022/06/02T03:52:18z: BME280 (0x76)
 0h00:04.520 2022/06/02T03:52:18z: 84:f3:eb:7d:7:a8
 0h00:04.522 2022/06/02T03:52:18z: SSID: MU Open
 0h00:04.527 2022/06/02T03:52:18z: AP_STAR tmr
 ets Jan  8 2013,rst cause:4, boot mode:(3,7)

wdt reset
load 0x4010f000, len 1384, room 16 
tail 8
chksum 0x2d
csum 0x2d
v8b899c12
~ld


6.01
 0h00:04.314 2022/06/02T04:12:20z: DS3231
 0h00:04.329 2022/06/02T04:12:20z: BME280 (0x76)
 0h00:04.343 2022/06/02T04:12:20z: 84:f3:eb:7d:7:a8
 0h00:04.345 2022/06/02T04:12:20z: SSID: MU Open
 0h00:04.350 2022/06/02T04:12:20z: AP_STAR tmr
 ets Jan  8 2013,rst cause:4, boot mode:(3,7)

wdt reset
load 0x4010f000, len 1384, room 16 
tail 8
chksum 0x2d
csum 0x2d
v8b899c12
~ld


6.01
 0h00:04.519 2022/06/02T04:32:22z: DS3231
 0h00:04.534 2022/06/02T04:32:22z: BME280 (0x76)
 0h00:04.549 2022/06/02T04:32:22z: 84:f3:eb:7d:7:a8
 0h00:04.550 2022/06/02T04:32:22z: SSID: MU Open
 0h00:04.555 2022/06/02T04:32:22z: AP_STAR tmr
 ets Jan  8 2013,rst cause:4, boot mode:(3,7)

wdt reset
load 0x4010f000, len 1384, room 16 
tail 8
chksum 0x2d
csum 0x2d
v8b899c12
~ld


6.01
 0h00:04.438 2022/06/02T04:52:24z: DS3231
 0h00:04.454 2022/06/02T04:52:24z: BME280 (0x76)
 0h00:04.468 2022/06/02T04:52:24z: 84:f3:eb:7d:7:a8
 0h00:04.470 2022/06/02T04:52:24z: SSID: MU Open
 0h00:04.475 2022/06/02T04:52:24z: AP_STAR tmr
 ets Jan  8 2013,rst cause:4, boot mode:(3,7)

wdt reset
load 0x4010f000, len 1384, room 16 
tail 8
chksum 0x2d
csum 0x2d
v8b899c12
~ld


6.01
 0h00:04.450 2022/06/02T05:12:26z: DS3231
 0h00:04.466 2022/06/02T05:12:26z: BME280 (0x76)
 0h00:04.480 2022/06/02T05:12:26z: 84:f3:eb:7d:7:a8
 0h00:04.481 2022/06/02T05:12:26z: SSID: MU Open
 0h00:04.487 2022/06/02T05:12:26z: AP_STAR tmr
 ets Jan  8 2013,rst cause:4, boot mode:(3,7)

wdt reset
load 0x4010f000, len 1384, room 16 
tail 8
chksum 0x2d
csum 0x2d
v8b899c12
~ld


6.01
 0h00:04.408 2022/06/02T05:32:28z: DS3231
 0h00:04.424 2022/06/02T05:32:28z: BME280 (0x76)
 0h00:04.438 2022/06/02T05:32:28z: 84:f3:eb:7d:7:a8
 0h00:04.439 2022/06/02T05:32:28z: SSID: MU Open
 0h00:04.445 2022/06/02T05:32:28z: AP_STAR tmr
 ets Jan  8 2013,rst cause:4, boot mode:(3,7)

wdt reset
load 0x4010f000, len 1384, room 16 
tail 8
chksum 0x2d
csum 0x2d
v8b899c12
~ld


6.01
 0h00:04.423 2022/06/02T05:52:30z: DS3231
 0h00:04.438 2022/06/02T05:52:30z: BME280 (0x76)
 0h00:04.452 2022/06/02T05:52:30z: 84:f3:eb:7d:7:a8
 0h00:04.454 2022/06/02T05:52:30z: SSID: MU Open
 0h00:04.459 2022/06/02T05:52:30z: AP_STAR tmr
 ets Jan  8 2013,rst cause:4, boot mode:(3,7)

wdt reset
load 0x4010f000, len 1384, room 16 
tail 8
chksum 0x2d
csum 0x2d
v8b899c12
~ld


6.01
 0h00:04.336 2022/06/02T06:12:32z: DS3231
 0h00:04.351 2022/06/02T06:12:32z: BME280 (0x76)
 0h00:04.365 2022/06/02T06:12:32z: 84:f3:eb:7d:7:a8
 0h00:04.367 2022/06/02T06:12:32z: SSID: MU Open
 0h00:04.372 2022/06/02T06:12:32z: AP_STAR tmr
 ets Jan  8 2013,rst cause:4, boot mode:(3,7)

wdt reset
load 0x4010f000, len 1384, room 16 
tail 8
chksum 0x2d
csum 0x2d
v8b899c12
~ld


6.01
 0h00:04.422 2022/06/02T06:32:33z: DS3231
 0h00:04.437 2022/06/02T06:32:33z: BME280 (0x76)
 0h00:04.451 2022/06/02T06:32:33z: 84:f3:eb:7d:7:a8
 0h00:04.453 2022/06/02T06:32:33z: SSID: MU Open
 0h00:04.458 2022/06/02T06:32:33z: AP_STAR tmr
 ets Jan  8 2013,rst cause:4, boot mode:(3,7)

wdt reset
load 0x4010f000, len 1384, room 16 
tail 8
chksum 0x2d
csum 0x2d
v8b899c12
~ld


6.01
 0h00:04.408 2022/06/02T06:52:35z: DS3231
 0h00:04.423 2022/06/02T06:52:35z: BME280 (0x76)
 0h00:04.437 2022/06/02T06:52:35z: 84:f3:eb:7d:7:a8
 0h00:04.439 2022/06/02T06:52:35z: SSID: MU Open
 0h00:04.444 2022/06/02T06:52:35z: AP_STAR tmr
 ets Jan  8 2013,rst cause:4, boot mode:(3,7)

wdt reset
load 0x4010f000, len 1384, room 16 
tail 8
chksum 0x2d
csum 0x2d
v8b899c12
~ld


6.01
 0h00:04.419 2022/06/02T07:12:37z: DS3231
 0h00:04.434 2022/06/02T07:12:37z: BME280 (0x76)
 0h00:04.448 2022/06/02T07:12:37z: 84:f3:eb:7d:7:a8
 0h00:04.450 2022/06/02T07:12:37z: SSID: MU Open
 0h00:04.455 2022/06/02T07:12:37z: AP_STAR tmr
 ets Jan  8 2013,rst cause:4, boot mode:(3,7)

wdt reset
load 0x4010f000, len 1384, room 16 
tail 8
chksum 0x2d
csum 0x2d
v8b899c12
~ld


6.01
 0h00:04.426 2022/06/02T07:32:39z: DS3231
 0h00:04.442 2022/06/02T07:32:39z: BME280 (0x76)
 0h00:04.456 2022/06/02T07:32:39z: 84:f3:eb:7d:7:a8
 0h00:04.458 2022/06/02T07:32:39z: SSID: MU Open
 0h00:04.463 2022/06/02T07:32:39z: AP_STAR tmr
 ets Jan  8 2013,rst cause:4, boot mode:(3,7)

wdt reset
load 0x4010f000, len 1384, room 16 
tail 8
chksum 0x2d
csum 0x2d
v8b899c12
~ld


6.01
 0h00:04.461 2022/06/02T07:52:41z: DS3231
 0h00:04.476 2022/06/02T07:52:41z: BME280 (0x76)
 0h00:04.490 2022/06/02T07:52:41z: 84:f3:eb:7d:7:a8
 0h00:04.492 2022/06/02T07:52:41z: SSID: MU Open
 0h00:04.497 2022/06/02T07:52:41z: AP_STAR tmr
 ets Jan  8 2013,rst cause:4, boot mode:(3,7)

wdt reset
load 0x4010f000, len 1384, room 16 
tail 8
chksum 0x2d
csum 0x2d
v8b899c12
~ld


6.01
 0h00:04.452 2022/06/02T08:12:43z: DS3231
 0h00:04.467 2022/06/02T08:12:43z: BME280 (0x76)
 0h00:04.481 2022/06/02T08:12:43z: 84:f3:eb:7d:7:a8
 0h00:04.483 2022/06/02T08:12:43z: SSID: MU Open
 0h00:04.488 2022/06/02T08:12:43z: AP_STAR tmr
 ets Jan  8 2013,rst cause:4, boot mode:(3,7)

wdt reset
load 0x4010f000, len 1384, room 16 
tail 8
chksum 0x2d
csum 0x2d
v8b899c12
~ld


6.01
 0h00:04.269 2022/06/02T08:32:44z: DS3231
 0h00:04.285 2022/06/02T08:32:44z: BME280 (0x76)
 0h00:04.299 2022/06/02T08:32:44z: 84:f3:eb:7d:7:a8
 0h00:04.300 2022/06/02T08:32:44z: SSID: MU Open
 0h00:04.306 2022/06/02T08:32:44z: AP_STAR tmr
 ets Jan  8 2013,rst cause:4, boot mode:(3,7)

wdt reset
load 0x4010f000, len 1384, room 16 
tail 8
chksum 0x2d
csum 0x2d
v8b899c12
~ld


6.01
 0h00:04.038 2022/06/02T08:52:46z: DS3231
 0h00:04.054 2022/06/02T08:52:46z: BME280 (0x76)
 0h00:04.068 2022/06/02T08:52:46z: 84:f3:eb:7d:7:a8
 0h00:04.069 2022/06/02T08:52:46z: SSID: MU Open
 0h00:04.075 2022/06/02T08:52:46z: AP_STAR tmr
 ets Jan  8 2013,rst cause:4, boot mode:(3,7)

wdt reset
load 0x4010f000, len 1384, room 16 
tail 8
chksum 0x2d
csum 0x2d
v8b899c12
~ld


6.01
 0h00:04.492 2022/06/02T09:12:48z: DS3231
 0h00:04.507 2022/06/02T09:12:48z: BME280 (0x76)
 0h00:04.521 2022/06/02T09:12:48z: 84:f3:eb:7d:7:a8
 0h00:04.523 2022/06/02T09:12:48z: SSID: MU Open
 0h00:04.528 2022/06/02T09:12:48z: AP_STAR tmr
 ets Jan  8 2013,rst cause:4, boot mode:(3,7)

wdt reset
load 0x4010f000, len 1384, room 16 
tail 8
chksum 0x2d
csum 0x2d
v8b899c12
~ld


6.01
 0h00:04.405 2022/06/02T09:32:50z: DS3231
 0h00:04.420 2022/06/02T09:32:50z: BME280 (0x76)
 0h00:04.435 2022/06/02T09:32:50z: 84:f3:eb:7d:7:a8
 0h00:04.436 2022/06/02T09:32:50z: SSID: MU Open
 0h00:04.441 2022/06/02T09:32:50z: AP_STAR tmr
 ets Jan  8 2013,rst cause:4, boot mode:(3,7)

wdt reset
load 0x4010f000, len 1384, room 16 
tail 8
chksum 0x2d
csum 0x2d
v8b899c12
~ld


6.01
 0h00:04.060 2022/06/02T09:52:52z: DS3231
 0h00:04.075 2022/06/02T09:52:52z: BME280 (0x76)
 0h00:04.089 2022/06/02T09:52:52z: 84:f3:eb:7d:7:a8
 0h00:04.091 2022/06/02T09:52:52z: SSID: MU Open
 0h00:04.096 2022/06/02T09:52:52z: AP_STAR tmr
 ets Jan  8 2013,rst cause:4, boot mode:(3,7)

wdt reset
load 0x4010f000, len 1384, room 16 
tail 8
chksum 0x2d
csum 0x2d
v8b899c12
~ld


6.01
 0h00:04.304 2022/06/02T10:12:54z: DS3231
 0h00:04.319 2022/06/02T10:12:54z: BME280 (0x76)
 0h00:04.333 2022/06/02T10:12:54z: 84:f3:eb:7d:7:a8
 0h00:04.335 2022/06/02T10:12:54z: SSID: MU Open
 0h00:04.340 2022/06/02T10:12:54z: AP_STAR tmr
 ets Jan  8 2013,rst cause:4, boot mode:(3,7)

wdt reset
load 0x4010f000, len 1384, room 16 
tail 8
chksum 0x2d
csum 0x2d
v8b899c12
~ld


6.01
 0h00:04.398 2022/06/02T10:32:55z: DS3231
 0h00:04.413 2022/06/02T10:32:55z: BME280 (0x76)
 0h00:04.427 2022/06/02T10:32:55z: 84:f3:eb:7d:7:a8
 0h00:04.429 2022/06/02T10:32:55z: SSID: MU Open
 0h00:04.434 2022/06/02T10:32:55z: AP_STAR tmr
 ets Jan  8 2013,rst cause:4, boot mode:(3,7)

wdt reset
load 0x4010f000, len 1384, room 16 
tail 8
chksum 0x2d
csum 0x2d
v8b899c12
~ld


6.01
 0h00:04.526 2022/06/02T10:52:57z: DS3231
 0h00:04.541 2022/06/02T10:52:57z: BME280 (0x76)
 0h00:04.555 2022/06/02T10:52:57z: 84:f3:eb:7d:7:a8
 0h00:04.557 2022/06/02T10:52:57z: SSID: MU Open
 0h00:04.562 2022/06/02T10:52:57z: AP_STAR tmr
 ets Jan  8 2013,rst cause:4, boot mode:(3,7)

wdt reset
load 0x4010f000, len 1384, room 16 
tail 8
chksum 0x2d
csum 0x2d
v8b899c12
~ld


6.01
 0h00:04.500 2022/06/02T11:12:58z: DS3231
 0h00:04.516 2022/06/02T11:12:58z: BME280 (0x76)
 0h00:04.530 2022/06/02T11:12:58z: 84:f3:eb:7d:7:a8
 0h00:04.532 2022/06/02T11:12:58z: SSID: MU Open
 0h00:04.537 2022/06/02T11:12:58z: AP_STAR tmr
 ets Jan  8 2013,rst cause:4, boot mode:(3,7)

wdt reset
load 0x4010f000, len 1384, room 16 
tail 8
chksum 0x2d
csum 0x2d
v8b899c12
~ld


6.01
 0h00:04.183 2022/06/02T11:33:00z: DS3231
 0h00:04.199 2022/06/02T11:33:00z: BME280 (0x76)
 0h00:04.213 2022/06/02T11:33:00z: 84:f3:eb:7d:7:a8
 0h00:04.215 2022/06/02T11:33:00z: SSID: MU Open
 0h00:04.220 2022/06/02T11:33:00z: AP_STAR tmr
 ets Jan  8 2013,rst cause:4, boot mode:(3,7)

wdt reset
load 0x4010f000, len 1384, room 16 
tail 8
chksum 0x2d
csum 0x2d
v8b899c12
~ld


6.01
 0h00:04.487 2022/06/02T11:53:01z: DS3231
 0h00:04.502 2022/06/02T11:53:01z: BME280 (0x76)
 0h00:04.517 2022/06/02T11:53:01z: 84:f3:eb:7d:7:a8
 0h00:04.518 2022/06/02T11:53:01z: SSID: MU Open
 0h00:04.523 2022/06/02T11:53:01z: AP_STAR tmr
 ets Jan  8 2013,rst cause:4, boot mode:(3,7)

wdt reset
load 0x4010f000, len 1384, room 16 
tail 8
chksum 0x2d
csum 0x2d
v8b899c12
~ld


6.01
 0h00:04.500 2022/06/02T12:13:03z: DS3231
 0h00:04.516 2022/06/02T12:13:03z: BME280 (0x76)
 0h00:04.530 2022/06/02T12:13:03z: 84:f3:eb:7d:7:a8
 0h00:04.532 2022/06/02T12:13:03z: SSID: MU Open
 0h00:04.537 2022/06/02T12:13:03z: AP_STAR tmr
 ets Jan  8 2013,rst cause:4, boot mode:(3,7)

wdt reset
load 0x4010f000, len 1384, room 16 
tail 8
chksum 0x2d
csum 0x2d
v8b899c12
~ld


6.01
 0h00:04.447 2022/06/02T12:33:04z: DS3231
 0h00:04.463 2022/06/02T12:33:04z: BME280 (0x76)
 0h00:04.477 2022/06/02T12:33:04z: 84:f3:eb:7d:7:a8
 0h00:04.478 2022/06/02T12:33:04z: SSID: MU Open
 0h00:04.484 2022/06/02T12:33:05z: AP_STAR tmr
 ets Jan  8 2013,rst cause:4, boot mode:(3,7)

wdt reset
load 0x4010f000, len 1384, room 16 
tail 8
chksum 0x2d
csum 0x2d
v8b899c12
~ld


6.01
 0h00:04.453 2022/06/02T12:53:06z: DS3231
 0h00:04.468 2022/06/02T12:53:06z: BME280 (0x76)
 0h00:04.483 2022/06/02T12:53:06z: 84:f3:eb:7d:7:a8
 0h00:04.484 2022/06/02T12:53:06z: SSID: MU Open
 0h00:04.489 2022/06/02T12:53:06z: AP_STAR tmr
 ets Jan  8 2013,rst cause:4, boot mode:(3,7)

wdt reset
load 0x4010f000, len 1384, room 16 
tail 8
chksum 0x2d
csum 0x2d
v8b899c12
~ld


6.01
 0h00:04.409 2022/06/02T13:13:08z: DS3231
 0h00:04.424 2022/06/02T13:13:08z: BME280 (0x76)
 0h00:04.438 2022/06/02T13:13:08z: 84:f3:eb:7d:7:a8
 0h00:04.440 2022/06/02T13:13:08z: SSID: MU Open
 0h00:04.445 2022/06/02T13:13:08z: AP_STAR tmr
 ets Jan  8 2013,rst cause:4, boot mode:(3,7)

wdt reset
load 0x4010f000, len 1384, room 16 
tail 8
chksum 0x2d
csum 0x2d
v8b899c12
~ld


6.01
 0h00:04.358 2022/06/02T13:33:09z: DS3231
 0h00:04.373 2022/06/02T13:33:09z: BME280 (0x76)
 0h00:04.387 2022/06/02T13:33:09z: 84:f3:eb:7d:7:a8
 0h00:04.389 2022/06/02T13:33:09z: SSID: MU Open
 0h00:04.394 2022/06/02T13:33:09z: AP_STAR tmr
 ets Jan  8 2013,rst cause:4, boot mode:(3,7)

wdt reset
load 0x4010f000, len 1384, room 16 
tail 8
chksum 0x2d
csum 0x2d
v8b899c12
~ld


6.01
 0h00:04.402 2022/06/02T13:53:10z: DS3231
 0h00:04.417 2022/06/02T13:53:10z: BME280 (0x76)
 0h00:04.431 2022/06/02T13:53:10z: 84:f3:eb:7d:7:a8
 0h00:04.433 2022/06/02T13:53:10z: SSID: MU Open
 0h00:04.438 2022/06/02T13:53:10z: AP_STAR tmr
 ets Jan  8 2013,rst cause:4, boot mode:(3,7)

wdt reset
load 0x4010f000, len 1384, room 16 
tail 8
chksum 0x2d
csum 0x2d
v8b899c12
~ld


6.01
 0h00:04.309 2022/06/02T14:13:12z: DS3231
 0h00:04.324 2022/06/02T14:13:12z: BME280 (0x76)
 0h00:04.338 2022/06/02T14:13:12z: 84:f3:eb:7d:7:a8
 0h00:04.340 2022/06/02T14:13:12z: SSID: MU Open
 0h00:04.345 2022/06/02T14:13:12z: AP_STAR tmr
 ets Jan  8 2013,rst cause:4, boot mode:(3,7)

wdt reset
load 0x4010f000, len 1384, room 16 
tail 8
chksum 0x2d
csum 0x2d
v8b899c12
~ld


6.01
 0h00:04.262 2022/06/02T14:33:13z: DS3231
 0h00:04.278 2022/06/02T14:33:13z: BME280 (0x76)
 0h00:04.292 2022/06/02T14:33:13z: 84:f3:eb:7d:7:a8
 0h00:04.294 2022/06/02T14:33:13z: SSID: MU Open
 0h00:04.299 2022/06/02T14:33:13z: AP_STAR tmr
 ets Jan  8 2013,rst cause:4, boot mode:(3,7)

wdt reset
load 0x4010f000, len 1384, room 16 
tail 8
chksum 0x2d
csum 0x2d
v8b899c12
~ld


6.01
 0h00:04.327 2022/06/02T14:53:16z: DS3231
 0h00:04.342 2022/06/02T14:53:16z: BME280 (0x76)
 0h00:04.356 2022/06/02T14:53:16z: 84:f3:eb:7d:7:a8
 0h00:04.358 2022/06/02T14:53:16z: SSID: MU Open
 0h00:04.363 2022/06/02T14:53:16z: AP_STAR tmr
 ets Jan  8 2013,rst cause:4, boot mode:(3,7)

wdt reset
load 0x4010f000, len 1384, room 16 
tail 8
chksum 0x2d
csum 0x2d
v8b899c12
~ld


6.01
 0h00:04.276 2022/06/02T15:13:17z: DS3231
 0h00:04.292 2022/06/02T15:13:17z: BME280 (0x76)
 0h00:04.306 2022/06/02T15:13:17z: 84:f3:eb:7d:7:a8
 0h00:04.308 2022/06/02T15:13:17z: SSID: MU Open
 0h00:04.313 2022/06/02T15:13:17z: AP_STAR tmr
 ets Jan  8 2013,rst cause:4, boot mode:(3,7)

wdt reset
load 0x4010f000, len 1384, room 16 
tail 8
chksum 0x2d
csum 0x2d
v8b899c12
~ld


6.01
 0h00:04.289 2022/06/02T15:33:20z: DS3231
 0h00:04.305 2022/06/02T15:33:20z: BME280 (0x76)
 0h00:04.319 2022/06/02T15:33:20z: 84:f3:eb:7d:7:a8
 0h00:04.320 2022/06/02T15:33:20z: SSID: MU Open
 0h00:04.326 2022/06/02T15:33:20z: AP_STAR tmr
 ets Jan  8 2013,rst cause:4, boot mode:(3,7)

wdt reset
load 0x4010f000, len 1384, room 16 
tail 8
chksum 0x2d
csum 0x2d
v8b899c12
~ld


6.01
 0h00:04.138 2022/06/02T15:53:21z: DS3231
 0h00:04.154 2022/06/02T15:53:21z: BME280 (0x76)
 0h00:04.168 2022/06/02T15:53:21z: 84:f3:eb:7d:7:a8
 0h00:04.170 2022/06/02T15:53:21z: SSID: MU Open
 0h00:04.175 2022/06/02T15:53:21z: AP_STAR tmr
 ets Jan  8 2013,rst cause:4, boot mode:(3,7)

wdt reset
load 0x4010f000, len 1384, room 16 
tail 8
chksum 0x2d
csum 0x2d
v8b899c12
~ld


6.01
 0h00:04.106 2022/06/02T16:13:23z: DS3231
 0h00:04.121 2022/06/02T16:13:23z: BME280 (0x76)
 0h00:04.135 2022/06/02T16:13:23z: 84:f3:eb:7d:7:a8
 0h00:04.137 2022/06/02T16:13:23z: SSID: MU Open
 0h00:04.142 2022/06/02T16:13:23z: AP_STAR tmr
 ets Jan  8 2013,rst cause:4, boot mode:(3,7)

wdt reset
load 0x4010f000, len 1384, room 16 
tail 8
chksum 0x2d
csum 0x2d
v8b899c12
~ld


6.01
 0h00:04.198 2022/06/02T16:33:24z: DS3231
 0h00:04.213 2022/06/02T16:33:24z: BME280 (0x76)
 0h00:04.227 2022/06/02T16:33:24z: 84:f3:eb:7d:7:a8
 0h00:04.229 2022/06/02T16:33:24z: SSID: MU Open
 0h00:04.234 2022/06/02T16:33:24z: AP_STAR tmr
 ets Jan  8 2013,rst cause:4, boot mode:(3,7)

wdt reset
load 0x4010f000, len 1384, room 16 
tail 8
chksum 0x2d
csum 0x2d
v8b899c12
~ld


6.01
 0h00:03.967 2022/06/02T16:53:26z: DS3231
 0h00:03.982 2022/06/02T16:53:26z: BME280 (0x76)
 0h00:03.997 2022/06/02T16:53:26z: 84:f3:eb:7d:7:a8
 0h00:03.998 2022/06/02T16:53:26z: SSID: MU Open
 0h00:04.003 2022/06/02T16:53:26z: AP_STAR tmr
 ets Jan  8 2013,rst cause:4, boot mode:(3,7)

wdt reset
load 0x4010f000, len 1384, room 16 
tail 8
chksum 0x2d
csum 0x2d
v8b899c12
~ld


6.01
 0h00:04.283 2022/06/02T17:13:27z: DS3231
 0h00:04.298 2022/06/02T17:13:27z: BME280 (0x76)
 0h00:04.312 2022/06/02T17:13:27z: 84:f3:eb:7d:7:a8
 0h00:04.314 2022/06/02T17:13:27z: SSID: MU Open
 0h00:04.319 2022/06/02T17:13:27z: AP_STAR tmr
 ets Jan  8 2013,rst cause:4, boot mode:(3,7)

wdt reset
load 0x4010f000, len 1384, room 16 
tail 8
chksum 0x2d
csum 0x2d
v8b899c12
~ld


6.01
 0h00:04.214 2022/06/02T17:33:29z: DS3231
 0h00:04.229 2022/06/02T17:33:29z: BME280 (0x76)
 0h00:04.243 2022/06/02T17:33:29z: 84:f3:eb:7d:7:a8
 0h00:04.245 2022/06/02T17:33:29z: SSID: MU Open
 0h00:04.250 2022/06/02T17:33:29z: AP_STAR tmr
 ets Jan  8 2013,rst cause:4, boot mode:(3,7)

wdt reset
load 0x4010f000, len 1384, room 16 
tail 8
chksum 0x2d
csum 0x2d
v8b899c12
~ld


6.01
 0h00:04.091 2022/06/02T17:53:30z: DS3231
 0h00:04.106 2022/06/02T17:53:30z: BME280 (0x76)
 0h00:04.120 2022/06/02T17:53:30z: 84:f3:eb:7d:7:a8
 0h00:04.122 2022/06/02T17:53:30z: SSID: MU Open
 0h00:04.127 2022/06/02T17:53:30z: AP_STAR tmr
 ets Jan  8 2013,rst cause:4, boot mode:(3,7)

wdt reset
load 0x4010f000, len 1384, room 16 
tail 8
chksum 0x2d
csum 0x2d
v8b899c12
~ld


6.01
 0h00:04.255 2022/06/02T18:13:32z: DS3231
 0h00:04.271 2022/06/02T18:13:32z: BME280 (0x76)
 0h00:04.285 2022/06/02T18:13:32z: 84:f3:eb:7d:7:a8
 0h00:04.287 2022/06/02T18:13:32z: SSID: MU Open
 0h00:04.292 2022/06/02T18:13:32z: AP_STAR tmr
 ets Jan  8 2013,rst cause:4, boot mode:(3,7)

wdt reset
load 0x4010f000, len 1384, room 16 
tail 8
chksum 0x2d
csum 0x2d
v8b899c12
~ld


6.01
 0h00:04.228 2022/06/02T18:33:33z: DS3231
 0h00:04.243 2022/06/02T18:33:33z: BME280 (0x76)
 0h00:04.257 2022/06/02T18:33:33z: 84:f3:eb:7d:7:a8
 0h00:04.259 2022/06/02T18:33:33z: SSID: MU Open
 0h00:04.264 2022/06/02T18:33:33z: AP_STAR tmr
 ets Jan  8 2013,rst cause:4, boot mode:(3,7)

wdt reset
load 0x4010f000, len 1384, room 16 
tail 8
chksum 0x2d
csum 0x2d
v8b899c12
~ld


6.01
 0h00:04.126 2022/06/02T18:53:34z: DS3231
 0h00:04.141 2022/06/02T18:53:34z: BME280 (0x76)
 0h00:04.155 2022/06/02T18:53:34z: 84:f3:eb:7d:7:a8
 0h00:04.157 2022/06/02T18:53:34z: SSID: MU Open
 0h00:04.162 2022/06/02T18:53:34z: AP_STAR tmr
 ets Jan  8 2013,rst cause:4, boot mode:(3,7)

wdt reset
load 0x4010f000, len 1384, room 16 
tail 8
chksum 0x2d
csum 0x2d
v8b899c12
~ld


6.01
 0h00:04.133 2022/06/02T19:13:35z: DS3231
 0h00:04.148 2022/06/02T19:13:35z: BME280 (0x76)
 0h00:04.162 2022/06/02T19:13:35z: 84:f3:eb:7d:7:a8
 0h00:04.164 2022/06/02T19:13:35z: SSID: MU Open
 0h00:04.169 2022/06/02T19:13:35z: AP_STAR tmr
 ets Jan  8 2013,rst cause:4, boot mode:(3,7)

wdt reset
load 0x4010f000, len 1384, room 16 
tail 8
chksum 0x2d
csum 0x2d
v8b899c12
~ld


6.01
 0h00:03.977 2022/06/02T19:33:36z: DS3231
 0h00:03.992 2022/06/02T19:33:36z: BME280 (0x76)
 0h00:04.006 2022/06/02T19:33:36z: 84:f3:eb:7d:7:a8
 0h00:04.008 2022/06/02T19:33:36z: SSID: MU Open
 0h00:04.013 2022/06/02T19:33:36z: AP_STAR tmr
 ets Jan  8 2013,rst cause:4, boot mode:(3,7)

wdt reset
load 0x4010f000, len 1384, room 16 
tail 8
chksum 0x2d
csum 0x2d
v8b899c12
~ld


6.01
 0h00:04.110 2022/06/02T19:53:38z: DS3231
 0h00:04.125 2022/06/02T19:53:38z: BME280 (0x76)
 0h00:04.139 2022/06/02T19:53:38z: 84:f3:eb:7d:7:a8
 0h00:04.141 2022/06/02T19:53:38z: SSID: MU Open
 0h00:04.146 2022/06/02T19:53:38z: AP_STAR tmr
 ets Jan  8 2013,rst cause:4, boot mode:(3,7)

wdt reset
load 0x4010f000, len 1384, room 16 
tail 8
chksum 0x2d
csum 0x2d
v8b899c12
~ld


6.01
 0h00:03.923 2022/06/02T20:13:40z: DS3231
 0h00:03.938 2022/06/02T20:13:40z: BME280 (0x76)
 0h00:03.952 2022/06/02T20:13:40z: 84:f3:eb:7d:7:a8
 0h00:03.954 2022/06/02T20:13:40z: SSID: MU Open
 0h00:03.959 2022/06/02T20:13:40z: AP_STAR tmr
 ets Jan  8 2013,rst cause:4, boot mode:(3,7)

wdt reset
load 0x4010f000, len 1384, room 16 
tail 8
chksum 0x2d
csum 0x2d
v8b899c12
~ld


6.01
 0h00:03.936 2022/06/02T20:33:40z: DS3231
 0h00:03.951 2022/06/02T20:33:40z: BME280 (0x76)
 0h00:03.965 2022/06/02T20:33:40z: 84:f3:eb:7d:7:a8
 0h00:03.967 2022/06/02T20:33:40z: SSID: MU Open
 0h00:03.972 2022/06/02T20:33:40z: AP_STAR tmr
 ets Jan  8 2013,rst cause:4, boot mode:(3,7)

wdt reset
load 0x4010f000, len 1384, room 16 
tail 8
chksum 0x2d
csum 0x2d
v8b899c12
~ld


6.01
 0h00:04.393 2022/06/02T20:53:42z: DS3231
 0h00:04.408 2022/06/02T20:53:42z: BME280 (0x76)
 0h00:04.422 2022/06/02T20:53:42z: 84:f3:eb:7d:7:a8
 0h00:04.424 2022/06/02T20:53:42z: SSID: MU Open
 0h00:04.429 2022/06/02T20:53:42z: AP_STAR tmr
 ets Jan  8 2013,rst cause:4, boot mode:(3,7)

wdt reset
load 0x4010f000, len 1384, room 16 
tail 8
chksum 0x2d
csum 0x2d
v8b899c12
~ld


6.01
 0h00:04.370 2022/06/02T21:13:43z: DS3231
 0h00:04.385 2022/06/02T21:13:43z: BME280 (0x76)
 0h00:04.399 2022/06/02T21:13:43z: 84:f3:eb:7d:7:a8
 0h00:04.401 2022/06/02T21:13:43z: SSID: MU Open
 0h00:04.406 2022/06/02T21:13:43z: AP_STAR tmr
 ets Jan  8 2013,rst cause:4, boot mode:(3,7)

wdt reset
load 0x4010f000, len 1384, room 16 
tail 8
chksum 0x2d
csum 0x2d
v8b899c12
~ld


6.01
 0h00:04.322 2022/06/02T21:33:45z: DS3231
 0h00:04.338 2022/06/02T21:33:45z: BME280 (0x76)
 0h00:04.352 2022/06/02T21:33:45z: 84:f3:eb:7d:7:a8
 0h00:04.354 2022/06/02T21:33:45z: SSID: MU Open
 0h00:04.359 2022/06/02T21:33:45z: AP_STAR tmr
 ets Jan  8 2013,rst cause:4, boot mode:(3,7)

wdt reset
load 0x4010f000, len 1384, room 16 
tail 8
chksum 0x2d
csum 0x2d
v8b899c12
~ld


6.01
 0h00:04.473 2022/06/02T21:53:47z: DS3231
 0h00:04.489 2022/06/02T21:53:47z: BME280 (0x76)
 0h00:04.503 2022/06/02T21:53:47z: 84:f3:eb:7d:7:a8
 0h00:04.504 2022/06/02T21:53:47z: SSID: MU Open
 0h00:04.510 2022/06/02T21:53:47z: AP_STAR tmr
 ets Jan  8 2013,rst cause:4, boot mode:(3,7)

wdt reset
load 0x4010f000, len 1384, room 16 
tail 8
chksum 0x2d
csum 0x2d
v8b899c12
~ld


6.01
 0h00:04.224 2022/06/02T22:13:48z: DS3231
 0h00:04.240 2022/06/02T22:13:48z: BME280 (0x76)
 0h00:04.254 2022/06/02T22:13:48z: 84:f3:eb:7d:7:a8
 0h00:04.256 2022/06/02T22:13:48z: SSID: MU Open
 0h00:04.261 2022/06/02T22:13:48z: AP_STAR tmr
 ets Jan  8 2013,rst cause:4, boot mode:(3,7)

wdt reset
load 0x4010f000, len 1384, room 16 
tail 8
chksum 0x2d
csum 0x2d
v8b899c12
~ld


6.01
 0h00:04.320 2022/06/02T22:33:50z: DS3231
 0h00:04.335 2022/06/02T22:33:50z: BME280 (0x76)
 0h00:04.349 2022/06/02T22:33:50z: 84:f3:eb:7d:7:a8
 0h00:04.351 2022/06/02T22:33:50z: SSID: MU Open
 0h00:04.356 2022/06/02T22:33:50z: AP_STAR tmr
 ets Jan  8 2013,rst cause:4, boot mode:(3,7)

wdt reset
load 0x4010f000, len 1384, room 16 
tail 8
chksum 0x2d
csum 0x2d
v8b899c12
~ld


6.01
 0h00:04.310 2022/06/02T22:53:52z: DS3231
 0h00:04.325 2022/06/02T22:53:52z: BME280 (0x76)
 0h00:04.340 2022/06/02T22:53:52z: 84:f3:eb:7d:7:a8
 0h00:04.341 2022/06/02T22:53:52z: SSID: MU Open
 0h00:04.346 2022/06/02T22:53:52z: AP_STAR tmr
 ets Jan  8 2013,rst cause:4, boot mode:(3,7)

wdt reset
load 0x4010f000, len 1384, room 16 
tail 8
chksum 0x2d
csum 0x2d
v8b899c12
~ld


6.01
 0h00:04.182 2022/06/02T23:13:53z: DS3231
 0h00:04.197 2022/06/02T23:13:53z: BME280 (0x76)
 0h00:04.212 2022/06/02T23:13:53z: 84:f3:eb:7d:7:a8
 0h00:04.213 2022/06/02T23:13:53z: SSID: MU Open
 0h00:04.218 2022/06/02T23:13:53z: AP_STAR tmr
 ets Jan  8 2013,rst cause:4, boot mode:(3,7)

wdt reset
load 0x4010f000, len 1384, room 16 
tail 8
chksum 0x2d
csum 0x2d
v8b899c12
~ld


6.01
 0h00:04.436 2022/06/02T23:33:55z: DS3231
 0h00:04.452 2022/06/02T23:33:55z: BME280 (0x76)
 0h00:04.466 2022/06/02T23:33:55z: 84:f3:eb:7d:7:a8
 0h00:04.468 2022/06/02T23:33:55z: SSID: MU Open
 0h00:04.473 2022/06/02T23:33:55z: AP_STAR tmr
 ets Jan  8 2013,rst cause:4, boot mode:(3,7)

wdt reset
load 0x4010f000, len 1384, room 16 
tail 8
chksum 0x2d
csum 0x2d
v8b899c12
~ld


6.01
 0h00:04.292 2022/06/02T23:53:57z: DS3231
 0h00:04.307 2022/06/02T23:53:57z: BME280 (0x76)
 0h00:04.321 2022/06/02T23:53:57z: 84:f3:eb:7d:7:a8
 0h00:04.323 2022/06/02T23:53:57z: SSID: MU Open
 0h00:04.328 2022/06/02T23:53:57z: AP_STA