R tmr
 ets Jan  8 2013,rst cause:4, boot mode:(3,7)

wdt reset
load 0x4010f000, len 1384, room 16 
tail 8
chksum 0x2d
csum 0x2d
v8b899c12
~ld


6.01
 0h00:04.598 2022/01/24T00:06:51z: DS3231
 0h00:04.613 2022/01/24T00:06:51z: BME280 (0x76)
 0h00:04.627 2022/01/24T00:06:51z: 84:f3:eb:7d:7:a8
 0h00:04.629 2022/01/24T00:06:51z: SSID: MU Open
 0h00:04.634 2022/01/24T00:06:51z: AP_STAR tmr
 ets Jan  8 2013,rst cause:4, boot mode:(3,7)

wdt reset
load 0x4010f000, len 1384, room 16 
tail 8
chksum 0x2d
csum 0x2d
v8b899c12
~ld


6.01
 0h00:04.885 2022/01/24T00:26:53z: DS3231
 0h00:04.901 2022/01/24T00:26:53z: BME280 (0x76)
 0h00:04.915 2022/01/24T00:26:53z: 84:f3:eb:7d:7:a8
 0h00:04.917 2022/01/24T00:26:53z: SSID: MU Open
 0h00:04.922 2022/01/24T00:26:53z: AP_STAR tmr
 ets Jan  8 2013,rst cause:4, boot mode:(3,7)

wdt reset
load 0x4010f000, len 1384, room 16 
tail 8
chksum 0x2d
csum 0x2d
v8b899c12
~ld


6.01
 0h00:04.725 2022/01/24T00:46:54z: DS3231
 0h00:04.740 2022/01/24T00:46:54z: BME280 (0x76)
 0h00:04.755 2022/01/24T00:46:54z: 84:f3:eb:7d:7:a8
 0h00:04.756 2022/01/24T00:46:54z: SSID: MU Open
 0h00:04.761 2022/01/24T00:46:54z: AP_STAR tmr
 ets Jan  8 2013,rst cause:4, boot mode:(3,7)

wdt reset
load 0x4010f000, len 1384, room 16 
tail 8
chksum 0x2d
csum 0x2d
v8b899c12
~ld


6.01
 0h00:04.701 2022/01/24T01:06:56z: DS3231
 0h00:04.716 2022/01/24T01:06:56z: BME280 (0x76)
 0h00:04.730 2022/01/24T01:06:56z: 84:f3:eb:7d:7:a8
 0h00:04.732 2022/01/24T01:06:56z: SSID: MU Open
 0h00:04.737 2022/01/24T01:06:56z: AP_STAR tmr
 ets Jan  8 2013,rst cause:4, boot mode:(3,7)

wdt reset
load 0x4010f000, len 1384, room 16 
tail 8
chksum 0x2d
csum 0x2d
v8b899c12
~ld


6.01
 0h00:04.762 2022/01/24T01:26:57z: DS3231
 0h00:04.778 2022/01/24T01:26:57z: BME280 (0x76)
 0h00:04.792 2022/01/24T01:26:57z: 84:f3:eb:7d:7:a8
 0h00:04.794 2022/01/24T01:26:57z: SSID: MU Open
 0h00:04.799 2022/01/24T01:26:57z: AP_STAR tmr
 ets Jan  8 2013,rst cause:4, boot mode:(3,7)

wdt reset
load 0x4010f000, len 1384, room 16 
tail 8
chksum 0x2d
csum 0x2d
v8b899c12
~ld


6.01
 0h00:04.923 2022/01/24T01:46:58z: DS3231
 0h00:04.938 2022/01/24T01:46:58z: BME280 (0x76)
 0h00:04.952 2022/01/24T01:46:58z: 84:f3:eb:7d:7:a8
 0h00:04.954 2022/01/24T01:46:58z: SSID: MU Open
 0h00:04.959 2022/01/24T01:46:58z: AP_STAR tmr
 ets Jan  8 2013,rst cause:4, boot mode:(3,7)

wdt reset
load 0x4010f000, len 1384, room 16 
tail 8
chksum 0x2d
csum 0x2d
v8b899c12
~ld


6.01
 0h00:04.893 2022/01/24T02:07:00z: DS3231
 0h00:04.908 2022/01/24T02:07:00z: BME280 (0x76)
 0h00:04.922 2022/01/24T02:07:00z: 84:f3:eb:7d:7:a8
 0h00:04.924 2022/01/24T02:07:00z: SSID: MU Open
 0h00:04.929 2022/01/24T02:07:00z: AP_STAR tmr
 ets Jan  8 2013,rst cause:4, boot mode:(3,7)

wdt reset
load 0x4010f000, len 1384, room 16 
tail 8
chksum 0x2d
csum 0x2d
v8b899c12
~ld


6.01
 0h00:04.917 2022/01/24T02:27:01z: DS3231
 0h00:04.932 2022/01/24T02:27:01z: BME280 (0x76)
 0h00:04.946 2022/01/24T02:27:01z: 84:f3:eb:7d:7:a8
 0h00:04.948 2022/01/24T02:27:01z: SSID: MU Open
 0h00:04.953 2022/01/24T02:27:01z: AP_STAR tmr
 ets Jan  8 2013,rst cause:4, boot mode:(3,7)

wdt reset
load 0x4010f000, len 1384, room 16 
tail 8
chksum 0x2d
csum 0x2d
v8b899c12
~ld


6.01
 0h00:04.906 2022/01/24T02:47:02z: DS3231
 0h00:04.921 2022/01/24T02:47:02z: BME280 (0x76)
 0h00:04.935 2022/01/24T02:47:02z: 84:f3:eb:7d:7:a8
 0h00:04.937 2022/01/24T02:47:02z: SSID: MU Open
 0h00:04.942 2022/01/24T02:47:02z: AP_STAR tmr
 ets Jan  8 2013,rst cause:4, boot mode:(3,7)

wdt reset
load 0x4010f000, len 1384, room 16 
tail 8
chksum 0x2d
csum 0x2d
v8b899c12
~ld


6.01
 0h00:04.716 2022/01/24T03:07:04z: DS3231
 0h00:04.732 2022/01/24T03:07:04z: BME280 (0x76)
 0h00:04.746 2022/01/24T03:07:04z: 84:f3:eb:7d:7:a8
 0h00:04.747 2022/01/24T03:07:04z: SSID: MU Open
 0h00:04.753 2022/01/24T03:07:04z: AP_STAR tmr
 ets Jan  8 2013,rst cause:4, boot mode:(3,7)

wdt reset
load 0x4010f000, len 1384, room 16 
tail 8
chksum 0x2d
csum 0x2d
v8b899c12
~ld


6.01
 0h00:04.721 2022/01/24T03:27:05z: DS3231
 0h00:04.737 2022/01/24T03:27:05z: BME280 (0x76)
 0h00:04.751 2022/01/24T03:27:05z: 84:f3:eb:7d:7:a8
 0h00:04.753 2022/01/24T03:27:05z: SSID: MU Open
 0h00:04.758 2022/01/24T03:27:05z: AP_STAR tmr
 ets Jan  8 2013,rst cause:4, boot mode:(3,7)

wdt reset
load 0x4010f000, len 1384, room 16 
tail 8
chksum 0x2d
csum 0x2d
v8b899c12
~ld


6.01
 0h00:04.659 2022/01/24T03:47:06z: DS3231
 0h00:04.674 2022/01/24T03:47:06z: BME280 (0x76)
 0h00:04.688 2022/01/24T03:47:06z: 84:f3:eb:7d:7:a8
 0h00:04.690 2022/01/24T03:47:06z: SSID: MU Open
 0h00:04.695 2022/01/24T03:47:06z: AP_STAR tmr
 ets Jan  8 2013,rst cause:4, boot mode:(3,7)

wdt reset
load 0x4010f000, len 1384, room 16 
tail 8
chksum 0x2d
csum 0x2d
v8b899c12
~ld


6.01
 0h00:04.898 2022/01/24T04:07:08z: DS3231
 0h00:04.914 2022/01/24T04:07:08z: BME280 (0x76)
 0h00:04.928 2022/01/24T04:07:08z: 84:f3:eb:7d:7:a8
 0h00:04.929 2022/01/24T04:07:08z: SSID: MU Open
 0h00:04.935 2022/01/24T04:07:08z: AP_STAR tmr
 ets Jan  8 2013,rst cause:4, boot mode:(3,7)

wdt reset
load 0x4010f000, len 1384, room 16 
tail 8
chksum 0x2d
csum 0x2d
v8b899c12
~ld


6.01
 0h00:04.771 2022/01/24T04:27:08z: DS3231
 0h00:04.786 2022/01/24T04:27:08z: BME280 (0x76)
 0h00:04.800 2022/01/24T04:27:08z: 84:f3:eb:7d:7:a8
 0h00:04.802 2022/01/24T04:27:08z: SSID: MU Open
 0h00:04.807 2022/01/24T04:27:08z: AP_STAR tmr
 ets Jan  8 2013,rst cause:4, boot mode:(3,7)

wdt reset
load 0x4010f000, len 1384, room 16 
tail 8
chksum 0x2d
csum 0x2d
v8b899c12
~ld


6.01
 0h00:04.960 2022/01/24T04:47:10z: DS3231
 0h00:04.975 2022/01/24T04:47:10z: BME280 (0x76)
 0h00:04.989 2022/01/24T04:47:10z: 84:f3:eb:7d:7:a8
 0h00:04.991 2022/01/24T04:47:10z: SSID: MU Open
 0h00:04.996 2022/01/24T04:47:10z: AP_STAR tmr
 ets Jan  8 2013,rst cause:4, boot mode:(3,7)

wdt reset
load 0x4010f000, len 1384, room 16 
tail 8
chksum 0x2d
csum 0x2d
v8b899c12
~ld


6.01
 0h00:04.695 2022/01/24T05:07:12z: DS3231
 0h00:04.710 2022/01/24T05:07:12z: BME280 (0x76)
 0h00:04.724 2022/01/24T05:07:12z: 84:f3:eb:7d:7:a8
 0h00:04.726 2022/01/24T05:07:12z: SSID: MU Open
 0h00:04.731 2022/01/24T05:07:12z: AP_STAR tmr
 ets Jan  8 2013,rst cause:4, boot mode:(3,7)

wdt reset
load 0x4010f000, len 1384, room 16 
tail 8
chksum 0x2d
csum 0x2d
v8b899c12
~ld


6.01
 0h00:04.857 2022/01/24T05:27:13z: DS3231
 0h00:04.873 2022/01/24T05:27:13z: BME280 (0x76)
 0h00:04.887 2022/01/24T05:27:13z: 84:f3:eb:7d:7:a8
 0h00:04.888 2022/01/24T05:27:13z: SSID: MU Open
 0h00:04.894 2022/01/24T05:27:13z: AP_STAR tmr
 ets Jan  8 2013,rst cause:4, boot mode:(3,7)

wdt reset
load 0x4010f000, len 1384, room 16 
tail 8
chksum 0x2d
csum 0x2d
v8b899c12
~ld


6.01
 0h00:04.434 2022/01/24T05:47:14z: DS3231
 0h00:04.450 2022/01/24T05:47:14z: BME280 (0x76)
 0h00:04.464 2022/01/24T05:47:14z: 84:f3:eb:7d:7:a8
 0h00:04.465 2022/01/24T05:47:14z: SSID: MU Open
 0h00:04.471 2022/01/24T05:47:14z: AP_STAR tmr
 ets Jan  8 2013,rst cause:4, boot mode:(3,7)

wdt reset
load 0x4010f000, len 1384, room 16 
tail 8
chksum 0x2d
csum 0x2d
v8b899c12
~ld


6.01
 0h00:04.752 2022/01/24T06:07:16z: DS3231
 0h00:04.767 2022/01/24T06:07:16z: BME280 (0x76)
 0h00:04.781 2022/01/24T06:07:16z: 84:f3:eb:7d:7:a8
 0h00:04.783 2022/01/24T06:07:16z: SSID: MU Open
 0h00:04.788 2022/01/24T06:07:16z: AP_STAR tmr
 ets Jan  8 2013,rst cause:4, boot mode:(3,7)

wdt reset
load 0x4010f000, len 1384, room 16 
tail 8
chksum 0x2d
csum 0x2d
v8b899c12
~ld


6.01
 0h00:04.825 2022/01/24T06:27:17z: DS3231
 0h00:04.840 2022/01/24T06:27:17z: BME280 (0x76)
 0h00:04.855 2022/01/24T06:27:17z: 84:f3:eb:7d:7:a8
 0h00:04.856 2022/01/24T06:27:17z: SSID: MU Open
 0h00:04.861 2022/01/24T06:27:17z: AP_STAR tmr
 ets Jan  8 2013,rst cause:4, boot mode:(3,7)

wdt reset
load 0x4010f000, len 1384, room 16 
tail 8
chksum 0x2d
csum 0x2d
v8b899c12
~ld


6.01
 0h00:04.992 2022/01/24T06:47:18z: DS3231
 0h00:05.007 2022/01/24T06:47:19z: BME280 (0x76)
 0h00:05.021 2022/01/24T06:47:19z: 84:f3:eb:7d:7:a8
 0h00:05.023 2022/01/24T06:47:19z: SSID: MU Open
 0h00:05.028 2022/01/24T06:47:19z: AP_STAR tmr
 ets Jan  8 2013,rst cause:4, boot mode:(3,7)

wdt reset
load 0x4010f000, len 1384, room 16 
tail 8
chksum 0x2d
csum 0x2d
v8b899c12
~ld


6.01
 0h00:04.927 2022/01/24T07:07:20z: DS3231
 0h00:04.943 2022/01/24T07:07:20z: BME280 (0x76)
 0h00:04.957 2022/01/24T07:07:20z: 84:f3:eb:7d:7:a8
 0h00:04.959 2022/01/24T07:07:20z: SSID: MU Open
 0h00:04.964 2022/01/24T07:07:20z: AP_STAR tmr
 ets Jan  8 2013,rst cause:4, boot mode:(3,7)

wdt reset
load 0x4010f000, len 1384, room 16 
tail 8
chksum 0x2d
csum 0x2d
v8b899c12
~ld


6.01
 0h00:04.966 2022/01/24T07:27:23z: DS3231
 0h00:04.981 2022/01/24T07:27:23z: BME280 (0x76)
 0h00:04.995 2022/01/24T07:27:23z: 84:f3:eb:7d:7:a8
 0h00:04.997 2022/01/24T07:27:23z: SSID: MU Open
 0h00:05.002 2022/01/24T07:27:23z: AP_STAR tmr
 ets Jan  8 2013,rst cause:4, boot mode:(3,7)

wdt reset
load 0x4010f000, len 1384, room 16 
tail 8
chksum 0x2d
csum 0x2d
v8b899c12
~ld


6.01
 0h00:04.822 2022/01/24T07:47:24z: DS3231
 0h00:04.838 2022/01/24T07:47:24z: BME280 (0x76)
 0h00:04.852 2022/01/24T07:47:24z: 84:f3:eb:7d:7:a8
 0h00:04.853 2022/01/24T07:47:24z: SSID: MU Open
 0h00:04.859 2022/01/24T07:47:24z: AP_STAR tmr
 ets Jan  8 2013,rst cause:4, boot mode:(3,7)

wdt reset
load 0x4010f000, len 1384, room 16 
tail 8
chksum 0x2d
csum 0x2d
v8b899c12
~ld


6.01
 0h00:04.857 2022/01/24T08:07:26z: DS3231
 0h00:04.873 2022/01/24T08:07:26z: BME280 (0x76)
 0h00:04.887 2022/01/24T08:07:26z: 84:f3:eb:7d:7:a8
 0h00:04.888 2022/01/24T08:07:26z: SSID: MU Open
 0h00:04.894 2022/01/24T08:07:26z: AP_STAR tmr
 ets Jan  8 2013,rst cause:4, boot mode:(3,7)

wdt reset
load 0x4010f000, len 1384, room 16 
tail 8
chksum 0x2d
csum 0x2d
v8b899c12
~ld


6.01
 0h00:05.043 2022/01/24T08:27:27z: DS3231
 0h00:05.058 2022/01/24T08:27:27z: BME280 (0x76)
 0h00:05.072 2022/01/24T08:27:27z: 84:f3:eb:7d:7:a8
 0h00:05.074 2022/01/24T08:27:27z: SSID: MU Open
 0h00:05.079 2022/01/24T08:27:27z: AP_STAR tmr
 ets Jan  8 2013,rst cause:4, boot mode:(3,7)

wdt reset
load 0x4010f000, len 1384, room 16 
tail 8
chksum 0x2d
csum 0x2d
v8b899c12
~ld


6.01
 0h00:04.620 2022/01/24T08:47:28z: DS3231
 0h00:04.636 2022/01/24T08:47:28z: BME280 (0x76)
 0h00:04.650 2022/01/24T08:47:28z: 84:f3:eb:7d:7:a8
 0h00:04.652 2022/01/24T08:47:28z: SSID: MU Open
 0h00:04.657 2022/01/24T08:47:28z: AP_STAR tmr
 ets Jan  8 2013,rst cause:4, boot mode:(3,7)

wdt reset
load 0x4010f000, len 1384, room 16 
tail 8
chksum 0x2d
csum 0x2d
v8b899c12
~ld


6.01
 0h00:04.674 2022/01/24T09:07:29z: DS3231
 0h00:04.689 2022/01/24T09:07:29z: BME280 (0x76)
 0h00:04.703 2022/01/24T09:07:29z: 84:f3:eb:7d:7:a8
 0h00:04.705 2022/01/24T09:07:29z: SSID: MU Open
 0h00:04.710 2022/01/24T09:07:29z: AP_STAR tmr
 ets Jan  8 2013,rst cause:4, boot mode:(3,7)

wdt reset
load 0x4010f000, len 1384, room 16 
tail 8
chksum 0x2d
csum 0x2d
v8b899c12
~ld


6.01
 0h00:04.814 2022/01/24T09:27:30z: DS3231
 0h00:04.830 2022/01/24T09:27:30z: BME280 (0x76)
 0h00:04.844 2022/01/24T09:27:30z: 84:f3:eb:7d:7:a8
 0h00:04.845 2022/01/24T09:27:30z: SSID: MU Open
 0h00:04.851 2022/01/24T09:27:30z: AP_STAR tmr
 ets Jan  8 2013,rst cause:4, boot mode:(3,7)

wdt reset
load 0x4010f000, len 1384, room 16 
tail 8
chksum 0x2d
csum 0x2d
v8b899c12
~ld


6.01
 0h00:04.921 2022/01/24T09:47:32z: DS3231
 0h00:04.936 2022/01/24T09:47:32z: BME280 (0x76)
 0h00:04.950 2022/01/24T09:47:32z: 84:f3:eb:7d:7:a8
 0h00:04.952 2022/01/24T09:47:32z: SSID: MU Open
 0h00:04.957 2022/01/24T09:47:32z: AP_STAR tmr
 ets Jan  8 2013,rst cause:4, boot mode:(3,7)

wdt reset
load 0x4010f000, len 1384, room 16 
tail 8
chksum 0x2d
csum 0x2d
v8b899c12
~ld


6.01
 0h00:04.895 2022/01/24T10:07:34z: DS3231
 0h00:04.910 2022/01/24T10:07:34z: BME280 (0x76)
 0h00:04.924 2022/01/24T10:07:34z: 84:f3:eb:7d:7:a8
 0h00:04.926 2022/01/24T10:07:34z: SSID: MU Open
 0h00:04.931 2022/01/24T10:07:34z: AP_STAR tmr
 ets Jan  8 2013,rst cause:4, boot mode:(3,7)

wdt reset
load 0x4010f000, len 1384, room 16 
tail 8
chksum 0x2d
csum 0x2d
v8b899c12
~ld


6.01
 0h00:04.491 2022/01/24T10:27:35z: DS3231
 0h00:04.506 2022/01/24T10:27:35z: BME280 (0x76)
 0h00:04.520 2022/01/24T10:27:35z: 84:f3:eb:7d:7:a8
 0h00:04.522 2022/01/24T10:27:35z: SSID: MU Open
 0h00:04.527 2022/01/24T10:27:35z: AP_STAR tmr
 ets Jan  8 2013,rst cause:4, boot mode:(3,7)

wdt reset
load 0x4010f000, len 1384, room 16 
tail 8
chksum 0x2d
csum 0x2d
v8b899c12
~ld


6.01
 0h00:04.996 2022/01/24T10:47:37z: DS3231
 0h00:05.011 2022/01/24T10:47:37z: BME280 (0x76)
 0h00:05.026 2022/01/24T10:47:37z: 84:f3:eb:7d:7:a8
 0h00:05.027 2022/01/24T10:47:37z: SSID: MU Open
 0h00:05.032 2022/01/24T10:47:37z: AP_STAR tmr
 ets Jan  8 2013,rst cause:4, boot mode:(3,7)

wdt reset
load 0x4010f000, len 1384, room 16 
tail 8
chksum 0x2d
csum 0x2d
v8b899c12
~ld


6.01
 0h00:04.939 2022/01/24T11:07:38z: DS3231
 0h00:04.955 2022/01/24T11:07:38z: BME280 (0x76)
 0h00:04.969 2022/01/24T11:07:38z: 84:f3:eb:7d:7:a8
 0h00:04.970 2022/01/24T11:07:38z: SSID: MU Open
 0h00:04.976 2022/01/24T11:07:38z: AP_STAR tmr
 ets Jan  8 2013,rst cause:4, boot mode:(3,7)

wdt reset
load 0x4010f000, len 1384, room 16 
tail 8
chksum 0x2d
csum 0x2d
v8b899c12
~ld


6.01
 0h00:04.634 2022/01/24T11:27:39z: DS3231
 0h00:04.649 2022/01/24T11:27:39z: BME280 (0x76)
 0h00:04.663 2022/01/24T11:27:39z: 84:f3:eb:7d:7:a8
 0h00:04.665 2022/01/24T11:27:39z: SSID: MU Open
 0h00:04.670 2022/01/24T11:27:39z: AP_STAR tmr
 ets Jan  8 2013,rst cause:4, boot mode:(3,7)

wdt reset
load 0x4010f000, len 1384, room 16 
tail 8
chksum 0x2d
csum 0x2d
v8b899c12
~ld


6.01
 0h00:04.806 2022/01/24T11:47:40z: DS3231
 0h00:04.821 2022/01/24T11:47:40z: BME280 (0x76)
 0h00:04.836 2022/01/24T11:47:40z: 84:f3:eb:7d:7:a8
 0h00:04.837 2022/01/24T11:47:40z: SSID: MU Open
 0h00:04.842 2022/01/24T11:47:40z: AP_STAR tmr
 ets Jan  8 2013,rst cause:4, boot mode:(3,7)

wdt reset
load 0x4010f000, len 1384, room 16 
tail 8
chksum 0x2d
csum 0x2d
v8b899c12
~ld


6.01
 0h00:04.612 2022/01/24T12:07:41z: DS3231
 0h00:04.627 2022/01/24T12:07:41z: BME280 (0x76)
 0h00:04.641 2022/01/24T12:07:41z: 84:f3:eb:7d:7:a8
 0h00:04.643 2022/01/24T12:07:41z: SSID: MU Open
 0h00:04.648 2022/01/24T12:07:41z: AP_STAR tmr
 ets Jan  8 2013,rst cause:4, boot mode:(3,7)

wdt reset
load 0x4010f000, len 1384, room 16 
tail 8
chksum 0x2d
csum 0x2d
v8b899c12
~ld


6.01
 0h00:04.950 2022/01/24T12:27:43z: DS3231
 0h00:04.966 2022/01/24T12:27:43z: BME280 (0x76)
 0h00:04.980 2022/01/24T12:27:43z: 84:f3:eb:7d:7:a8
 0h00:04.981 2022/01/24T12:27:43z: SSID: MU Open
 0h00:04.987 2022/01/24T12:27:43z: AP_STAR tmr
 ets Jan  8 2013,rst cause:4, boot mode:(3,7)

wdt reset
load 0x4010f000, len 1384, room 16 
tail 8
chksum 0x2d
csum 0x2d
v8b899c12
~ld


6.01
 0h00:04.942 2022/01/24T12:47:44z: DS3231
 0h00:04.958 2022/01/24T12:47:44z: BME280 (0x76)
 0h00:04.972 2022/01/24T12:47:44z: 84:f3:eb:7d:7:a8
 0h00:04.973 2022/01/24T12:47:44z: SSID: MU Open
 0h00:04.979 2022/01/24T12:47:44z: AP_STAR tmr
 ets Jan  8 2013,rst cause:4, boot mode:(3,7)

wdt reset
load 0x4010f000, len 1384, room 16 
tail 8
chksum 0x2d
csum 0x2d
v8b899c12
~ld


6.01
 0h00:04.915 2022/01/24T13:07:46z: DS3231
 0h00:04.930 2022/01/24T13:07:46z: BME280 (0x76)
 0h00:04.944 2022/01/24T13:07:46z: 84:f3:eb:7d:7:a8
 0h00:04.946 2022/01/24T13:07:46z: SSID: MU Open
 0h00:04.951 2022/01/24T13:07:46z: AP_STAR tmr
 ets Jan  8 2013,rst cause:4, boot mode:(3,7)

wdt reset
load 0x4010f000, len 1384, room 16 
tail 8
chksum 0x2d
csum 0x2d
v8b899c12
~ld


6.01
 0h00:04.748 2022/01/24T13:27:47z: DS3231
 0h00:04.763 2022/01/24T13:27:47z: BME280 (0x76)
 0h00:04.777 2022/01/24T13:27:47z: 84:f3:eb:7d:7:a8
 0h00:04.779 2022/01/24T13:27:47z: SSID: MU Open
 0h00:04.784 2022/01/24T13:27:47z: AP_STAR tmr
 ets Jan  8 2013,rst cause:4, boot mode:(3,7)

wdt reset
load 0x4010f000, len 1384, room 16 
tail 8
chksum 0x2d
csum 0x2d
v8b899c12
~ld


6.01
 0h00:04.809 2022/01/24T13:47:48z: DS3231
 0h00:04.825 2022/01/24T13:47:48z: BME280 (0x76)
 0h00:04.839 2022/01/24T13:47:48z: 84:f3:eb:7d:7:a8
 0h00:04.841 2022/01/24T13:47:48z: SSID: MU Open
 0h00:04.846 2022/01/24T13:47:48z: AP_STAR tmr
 ets Jan  8 2013,rst cause:4, boot mode:(3,7)

wdt reset
load 0x4010f000, len 1384, room 16 
tail 8
chksum 0x2d
csum 0x2d
v8b899c12
~ld


6.01
 0h00:04.793 2022/01/24T14:07:50z: DS3231
 0h00:04.808 2022/01/24T14:07:50z: BME280 (0x76)
 0h00:04.823 2022/01/24T14:07:50z: 84:f3:eb:7d:7:a8
 0h00:04.824 2022/01/24T14:07:50z: SSID: MU Open
 0h00:04.829 2022/01/24T14:07:50z: AP_STAR tmr
 ets Jan  8 2013,rst cause:4, boot mode:(3,7)

wdt reset
load 0x4010f000, len 1384, room 16 
tail 8
chksum 0x2d
csum 0x2d
v8b899c12
~ld


6.01
 0h00:04.606 2022/01/24T14:27:51z: DS3231
 0h00:04.622 2022/01/24T14:27:51z: BME280 (0x76)
 0h00:04.636 2022/01/24T14:27:51z: 84:f3:eb:7d:7:a8
 0h00:04.637 2022/01/24T14:27:51z: SSID: MU Open
 0h00:04.643 2022/01/24T14:27:51z: AP_STAR tmr
 ets Jan  8 2013,rst cause:4, boot mode:(3,7)

wdt reset
load 0x4010f000, len 1384, room 16 
tail 8
chksum 0x2d
csum 0x2d
v8b899c12
~ld


6.01
 0h00:04.569 2022/01/24T14:47:52z: DS3231
 0h00:04.585 2022/01/24T14:47:52z: BME280 (0x76)
 0h00:04.599 2022/01/24T14:47:52z: 84:f3:eb:7d:7:a8
 0h00:04.600 2022/01/24T14:47:52z: SSID: MU Open
 0h00:04.606 2022/01/24T14:47:52z: AP_STAR tmr
 ets Jan  8 2013,rst cause:4, boot mode:(3,7)

wdt reset
load 0x4010f000, len 1384, room 16 
tail 8
chksum 0x2d
csum 0x2d
v8b899c12
~ld


6.01
 0h00:04.755 2022/01/24T15:07:53z: DS3231
 0h00:04.770 2022/01/24T15:07:53z: BME280 (0x76)
 0h00:04.784 2022/01/24T15:07:54z: 84:f3:eb:7d:7:a8
 0h00:04.786 2022/01/24T15:07:54z: SSID: MU Open
 0h00:04.791 2022/01/24T15:07:54z: AP_STAR tmr
 ets Jan  8 2013,rst cause:4, boot mode:(3,7)

wdt reset
load 0x4010f000, len 1384, room 16 
tail 8
chksum 0x2d
csum 0x2d
v8b899c12
~ld


6.01
 0h00:04.770 2022/01/24T15:27:54z: DS3231
 0h00:04.785 2022/01/24T15:27:54z: BME280 (0x76)
 0h00:04.800 2022/01/24T15:27:54z: 84:f3:eb:7d:7:a8
 0h00:04.801 2022/01/24T15:27:54z: SSID: MU Open
 0h00:04.806 2022/01/24T15:27:54z: AP_STAR tmr
 ets Jan  8 2013,rst cause:4, boot mode:(3,7)

wdt reset
load 0x4010f000, len 1384, room 16 
tail 8
chksum 0x2d
csum 0x2d
v8b899c12
~ld


6.01
 0h00:04.534 2022/01/24T15:47:56z: DS3231
 0h00:04.549 2022/01/24T15:47:56z: BME280 (0x76)
 0h00:04.563 2022/01/24T15:47:56z: 84:f3:eb:7d:7:a8
 0h00:04.565 2022/01/24T15:47:56z: SSID: MU Open
 0h00:04.570 2022/01/24T15:47:56z: AP_STAR tmr
 ets Jan  8 2013,rst cause:4, boot mode:(3,7)

wdt reset
load 0x4010f000, len 1384, room 16 
tail 8
chksum 0x2d
csum 0x2d
v8b899c12
~ld


6.01
 0h00:04.798 2022/01/24T16:07:58z: DS3231
 0h00:04.813 2022/01/24T16:07:58z: BME280 (0x76)
 0h00:04.827 2022/01/24T16:07:58z: 84:f3:eb:7d:7:a8
 0h00:04.829 2022/01/24T16:07:58z: SSID: MU Open
 0h00:04.834 2022/01/24T16:07:58z: AP_STAR tmr
 ets Jan  8 2013,rst cause:4, boot mode:(3,7)

wdt reset
load 0x4010f000, len 1384, room 16 
tail 8
chksum 0x2d
csum 0x2d
v8b899c12
~ld


6.01
 0h00:04.790 2022/01/24T16:27:59z: DS3231
 0h00:04.805 2022/01/24T16:27:59z: BME280 (0x76)
 0h00:04.819 2022/01/24T16:27:59z: 84:f3:eb:7d:7:a8
 0h00:04.821 2022/01/24T16:27:59z: SSID: MU Open
 0h00:04.826 2022/01/24T16:27:59z: AP_STAR tmr
 ets Jan  8 2013,rst cause:4, boot mode:(3,7)

wdt reset
load 0x4010f000, len 1384, room 16 
tail 8
chksum 0x2d
csum 0x2d
v8b899c12
~ld


6.01
 0h00:04.586 2022/01/24T16:48:00z: DS3231
 0h00:04.601 2022/01/24T16:48:00z: BME280 (0x76)
 0h00:04.615 2022/01/24T16:48:00z: 84:f3:eb:7d:7:a8
 0h00:04.617 2022/01/24T16:48:00z: SSID: MU Open
 0h00:04.622 2022/01/24T16:48:00z: AP_STAR tmr
 ets Jan  8 2013,rst cause:4, boot mode:(3,7)

wdt reset
load 0x4010f000, len 1384, room 16 
tail 8
chksum 0x2d
csum 0x2d
v8b899c12
~ld


6.01
 0h00:04.531 2022/01/24T17:08:01z: DS3231
 0h00:04.546 2022/01/24T17:08:01z: BME280 (0x76)
 0h00:04.560 2022/01/24T17:08:01z: 84:f3:eb:7d:7:a8
 0h00:04.562 2022/01/24T17:08:01z: SSID: MU Open
 0h00:04.567 2022/01/24T17:08:01z: AP_STAR tmr
 ets Jan  8 2013,rst cause:4, boot mode:(3,7)

wdt reset
load 0x4010f000, len 1384, room 16 
tail 8
chksum 0x2d
csum 0x2d
v8b899c12
~ld


6.01
 0h00:04.533 2022/01/24T17:28:02z: DS3231
 0h00:04.548 2022/01/24T17:28:02z: BME280 (0x76)
 0h00:04.562 2022/01/24T17:28:02z: 84:f3:eb:7d:7:a8
 0h00:04.564 2022/01/24T17:28:02z: SSID: MU Open
 0h00:04.569 2022/01/24T17:28:02z: AP_STAR tmr
 ets Jan  8 2013,rst cause:4, boot mode:(3,7)

wdt reset
load 0x4010f000, len 1384, room 16 
tail 8
chksum 0x2d
csum 0x2d
v8b899c12
~ld


6.01
 0h00:04.642 2022/01/24T17:48:03z: DS3231
 0h00:04.658 2022/01/24T17:48:03z: BME280 (0x76)
 0h00:04.672 2022/01/24T17:48:03z: 84:f3:eb:7d:7:a8
 0h00:04.674 2022/01/24T17:48:03z: SSID: MU Open
 0h00:04.679 2022/01/24T17:48:03z: AP_STAR tmr
 ets Jan  8 2013,rst cause:4, boot mode:(3,7)

wdt reset
load 0x4010f000, len 1384, room 16 
tail 8
chksum 0x2d
csum 0x2d
v8b899c12
~ld


6.01
 0h00:04.898 2022/01/24T18:08:04z: DS3231
 0h00:04.914 2022/01/24T18:08:04z: BME280 (0x76)
 0h00:04.928 2022/01/24T18:08:04z: 84:f3:eb:7d:7:a8
 0h00:04.929 2022/01/24T18:08:04z: SSID: MU Open
 0h00:04.935 2022/01/24T18:08:04z: AP_STAR tmr
 ets Jan  8 2013,rst cause:4, boot mode:(3,7)

wdt reset
load 0x4010f000, len 1384, room 16 
tail 8
chksum 0x2d
csum 0x2d
v8b899c12
~ld


6.01
 0h00:04.739 2022/01/24T18:28:06z: DS3231
 0h00:04.754 2022/01/24T18:28:06z: BME280 (0x76)
 0h00:04.769 2022/01/24T18:28:06z: 84:f3:eb:7d:7:a8
 0h00:04.770 2022/01/24T18:28:06z: SSID: MU Open
 0h00:04.775 2022/01/24T18:28:06z: AP_STAR tmr
 ets Jan  8 2013,rst cause:4, boot mode:(3,7)

wdt reset
load 0x4010f000, len 1384, room 16 
tail 8
chksum 0x2d
csum 0x2d
v8b899c12
~ld


6.01
 0h00:04.808 2022/01/24T18:48:07z: DS3231
 0h00:04.824 2022/01/24T18:48:07z: BME280 (0x76)
 0h00:04.838 2022/01/24T18:48:07z: 84:f3:eb:7d:7:a8
 0h00:04.839 2022/01/24T18:48:07z: SSID: MU Open
 0h00:04.845 2022/01/24T18:48:07z: AP_STAR tmr
 ets Jan  8 2013,rst cause:4, boot mode:(3,7)

wdt reset
load 0x4010f000, len 1384, room 16 
tail 8
chksum 0x2d
csum 0x2d
v8b899c12
~ld


6.01
 0h00:04.647 2022/01/24T19:08:09z: DS3231
 0h00:04.662 2022/01/24T19:08:09z: BME280 (0x76)
 0h00:04.676 2022/01/24T19:08:09z: 84:f3:eb:7d:7:a8
 0h00:04.678 2022/01/24T19:08:09z: SSID: MU Open
 0h00:04.683 2022/01/24T19:08:09z: AP_STAR tmr
 ets Jan  8 2013,rst cause:4, boot mode:(3,7)

wdt reset
load 0x4010f000, len 1384, room 16 
tail 8
chksum 0x2d
csum 0x2d
v8b899c12
~ld


6.01
 0h00:04.648 2022/01/24T19:28:10z: DS3231
 0h00:04.664 2022/01/24T19:28:10z: BME280 (0x76)
 0h00:04.678 2022/01/24T19:28:10z: 84:f3:eb:7d:7:a8
 0h00:04.680 2022/01/24T19:28:10z: SSID: MU Open
 0h00:04.685 2022/01/24T19:28:10z: AP_STAR tmr
 ets Jan  8 2013,rst cause:4, boot mode:(3,7)

wdt reset
load 0x4010f000, len 1384, room 16 
tail 8
chksum 0x2d
csum 0x2d
v8b899c12
~ld


6.01
 0h00:04.745 2022/01/24T19:48:11z: DS3231
 0h00:04.760 2022/01/24T19:48:11z: BME280 (0x76)
 0h00:04.774 2022/01/24T19:48:11z: 84:f3:eb:7d:7:a8
 0h00:04.776 2022/01/24T19:48:11z: SSID: MU Open
 0h00:04.781 2022/01/24T19:48:11z: AP_STAR tmr
 ets Jan  8 2013,rst cause:4, boot mode:(3,7)

wdt reset
load 0x4010f000, len 1384, room 16 
tail 8
chksum 0x2d
csum 0x2d
v8b899c12
~ld


6.01
 0h00:04.837 2022/01/24T20:08:12z: DS3231
 0h00:04.852 2022/01/24T20:08:12z: BME280 (0x76)
 0h00:04.867 2022/01/24T20:08:12z: 84:f3:eb:7d:7:a8
 0h00:04.868 2022/01/24T20:08:12z: SSID: MU Open
 0h00:04.873 2022/01/24T20:08:12z: AP_STAR tmr
 ets Jan  8 2013,rst cause:4, boot mode:(3,7)

wdt reset
load 0x4010f000, len 1384, room 16 
tail 8
chksum 0x2d
csum 0x2d
v8b899c12
~ld


6.01
 0h00:04.829 2022/01/24T20:28:14z: DS3231
 0h00:04.844 2022/01/24T20:28:14z: BME280 (0x76)
 0h00:04.858 2022/01/24T20:28:14z: 84:f3:eb:7d:7:a8
 0h00:04.860 2022/01/24T20:28:14z: SSID: MU Open
 0h00:04.865 2022/01/24T20:28:14z: AP_STAR tmr
 ets Jan  8 2013,rst cause:4, boot mode:(3,7)

wdt reset
load 0x4010f000, len 1384, room 16 
tail 8
chksum 0x2d
csum 0x2d
v8b899c12
~ld


6.01
 0h00:04.764 2022/01/24T20:48:16z: DS3231
 0h00:04.780 2022/01/24T20:48:16z: BME280 (0x76)
 0h00:04.794 2022/01/24T20:48:16z: 84:f3:eb:7d:7:a8
 0h00:04.795 2022/01/24T20:48:16z: SSID: MU Open
 0h00:04.801 2022/01/24T20:48:16z: AP_STAR tmr
 ets Jan  8 2013,rst cause:4, boot mode:(3,7)

wdt reset
load 0x4010f000, len 1384, room 16 
tail 8
chksum 0x2d
csum 0x2d
v8b899c12
~ld


6.01
 0h00:04.698 2022/01/24T21:08:17z: DS3231
 0h00:04.713 2022/01/24T21:08:17z: BME280 (0x76)
 0h00:04.727 2022/01/24T21:08:17z: 84:f3:eb:7d:7:a8
 0h00:04.729 2022/01/24T21:08:17z: SSID: MU Open
 0h00:04.734 2022/01/24T21:08:17z: AP_STAR tmr
 ets Jan  8 2013,rst cause:4, boot mode:(3,7)

wdt reset
load 0x4010f000, len 1384, room 16 
tail 8
chksum 0x2d
csum 0x2d
v8b899c12
~ld


6.01
 0h00:04.630 2022/01/24T21:28:17z: DS3231
 0h00:04.645 2022/01/24T21:28:17z: BME280 (0x76)
 0h00:04.660 2022/01/24T21:28:17z: 84:f3:eb:7d:7:a8
 0h00:04.661 2022/01/24T21:28:17z: SSID: MU Open
 0h00:04.666 2022/01/24T21:28:17z: AP_STAR tmr
 ets Jan  8 2013,rst cause:4, boot mode:(3,7)

wdt reset
load 0x4010f000, len 1384, room 16 
tail 8
chksum 0x2d
csum 0x2d
v8b899c12
~ld


6.01
 0h00:04.509 2022/01/24T21:48:18z: DS3231
 0h00:04.524 2022/01/24T21:48:18z: BME280 (0x76)
 0h00:04.539 2022/01/24T21:48:18z: 84:f3:eb:7d:7:a8
 0h00:04.540 2022/01/24T21:48:18z: SSID: MU Open
 0h00:04.545 2022/01/24T21:48:18z: AP_STAR tmr
 ets Jan  8 2013,rst cause:4, boot mode:(3,7)

wdt reset
load 0x4010f000, len 1384, room 16 
tail 8
chksum 0x2d
csum 0x2d
v8b899c12
~ld


6.01
 0h00:04.279 2022/01/24T22:08:19z: DS3231
 0h00:04.294 2022/01/24T22:08:19z: BME280 (0x76)
 0h00:04.308 2022/01/24T22:08:19z: 84:f3:eb:7d:7:a8
 0h00:04.310 2022/01/24T22:08:19z: SSID: MU Open
 0h00:04.315 2022/01/24T22:08:19z: AP_STAR tmr
 ets Jan  8 2013,rst cause:4, boot mode:(3,7)

wdt reset
load 0x4010f000, len 1384, room 16 
tail 8
chksum 0x2d
csum 0x2d
v8b899c12
~ld


6.01
 0h00:04.531 2022/01/24T22:28:20z: DS3231
 0h00:04.547 2022/01/24T22:28:20z: BME280 (0x76)
 0h00:04.561 2022/01/24T22:28:20z: 84:f3:eb:7d:7:a8
 0h00:04.562 2022/01/24T22:28:20z: SSID: MU Open
 0h00:04.568 2022/01/24T22:28:20z: AP_STAR tmr
 ets Jan  8 2013,rst cause:4, boot mode:(3,7)

wdt reset
load 0x4010f000, len 1384, room 16 
tail 8
chksum 0x2d
csum 0x2d
v8b899c12
~ld


6.01
 0h00:04.856 2022/01/24T22:48:21z: DS3231
 0h00:04.871 2022/01/24T22:48:21z: BME280 (0x76)
 0h00:04.885 2022/01/24T22:48:21z: 84:f3:eb:7d:7:a8
 0h00:04.887 2022/01/24T22:48:21z: SSID: MU Open
 0h00:04.892 2022/01/24T22:48:21z: AP_STAR tmr
 ets Jan  8 2013,rst cause:4, boot mode:(3,7)

wdt reset
load 0x4010f000, len 1384, room 16 
tail 8
chksum 0x2d
csum 0x2d
v8b899c12
~ld


6.01
 0h00:04.909 2022/01/24T23:08:23z: DS3231
 0h00:04.925 2022/01/24T23:08:23z: BME280 (0x76)
 0h00:04.939 2022/01/24T23:08:23z: 84:f3:eb:7d:7:a8
 0h00:04.941 2022/01/24T23:08:23z: SSID: MU Open
 0h00:04.946 2022/01/24T23:08:23z: AP_STAR tmr
 ets Jan  8 2013,rst cause:4, boot mode:(3,7)

wdt reset
load 0x4010f000, len 1384, room 16 
tail 8
chksum 0x2d
csum 0x2d
v8b899c12
~ld


6.01
 0h00:04.800 2022/01/24T23:28:24z: DS3231
 0h00:04.815 2022/01/24T23:28:24z: BME280 (0x76)
 0h00:04.829 2022/01/24T23:28:24z: 84:f3:eb:7d:7:a8
 0h00:04.831 2022/01/24T23:28:24z: SSID: MU Open
 0h00:04.836 2022/01/24T23:28:24z: AP_STAR tmr
 ets Jan  8 2013,rst cause:4, boot mode:(3,7)

wdt reset
load 0x4010f000, len 1384, room 16 
tail 8
chksum 0x2d
csum 0x2d
v8b899c12
~ld


6.01
 0h00:04.795 2022/01/24T23:48:24z: DS3231
 0h00:04.810 2022/01/24T23:48:24z: BME280 (0x76)
 0h00:04.824 2022/01/24T23:48:24z: 84:f3:eb:7d:7:a8
 0h00:04.826 2022/01/24T23:48:24z: SSID: MU Open
 0h00:04.831 2022/01/24T23:48:24z: AP_STA