R tmr
 ets Jan  8 2013,rst cause:4, boot mode:(3,7)

wdt reset
load 0x4010f000, len 1384, room 16 
tail 8
chksum 0x2d
csum 0x2d
v8b899c12
~ld


6.01
 0h00:05.539 2022/09/28T00:01:15z: DS3231
 0h00:05.554 2022/09/28T00:01:15z: BME280 (0x76)
 0h00:05.569 2022/09/28T00:01:15z: 84:f3:eb:7d:7:a8
 0h00:05.570 2022/09/28T00:01:15z: SSID: MU Open
 0h00:05.575 2022/09/28T00:01:15z: AP_STAR tmr
 ets Jan  8 2013,rst cause:4, boot mode:(3,7)

wdt reset
load 0x4010f000, len 1384, room 16 
tail 8
chksum 0x2d
csum 0x2d
v8b899c12
~ld


6.01
 0h00:05.391 2022/09/28T00:21:21z: DS3231
 0h00:05.406 2022/09/28T00:21:21z: BME280 (0x76)
 0h00:05.420 2022/09/28T00:21:21z: 84:f3:eb:7d:7:a8
 0h00:05.422 2022/09/28T00:21:21z: SSID: MU Open
 0h00:05.427 2022/09/28T00:21:21z: AP_STAR tmr
 ets Jan  8 2013,rst cause:4, boot mode:(3,7)

wdt reset
load 0x4010f000, len 1384, room 16 
tail 8
chksum 0x2d
csum 0x2d
v8b899c12
~ld


6.01
 0h00:05.368 2022/09/28T00:41:26z: DS3231
 0h00:05.384 2022/09/28T00:41:26z: BME280 (0x76)
 0h00:05.398 2022/09/28T00:41:26z: 84:f3:eb:7d:7:a8
 0h00:05.400 2022/09/28T00:41:26z: SSID: MU Open
 0h00:05.405 2022/09/28T00:41:26z: AP_STAR tmr
 ets Jan  8 2013,rst cause:4, boot mode:(3,7)

wdt reset
load 0x4010f000, len 1384, room 16 
tail 8
chksum 0x2d
csum 0x2d
v8b899c12
~ld


6.01
 0h00:05.249 2022/09/28T01:01:30z: DS3231
 0h00:05.264 2022/09/28T01:01:30z: BME280 (0x76)
 0h00:05.279 2022/09/28T01:01:30z: 84:f3:eb:7d:7:a8
 0h00:05.280 2022/09/28T01:01:30z: SSID: MU Open
 0h00:05.285 2022/09/28T01:01:30z: AP_STAR tmr
 ets Jan  8 2013,rst cause:4, boot mode:(3,7)

wdt reset
load 0x4010f000, len 1384, room 16 
tail 8
chksum 0x2d
csum 0x2d
v8b899c12
~ld


6.01
 0h00:05.326 2022/09/28T01:21:35z: DS3231
 0h00:05.341 2022/09/28T01:21:35z: BME280 (0x76)
 0h00:05.355 2022/09/28T01:21:35z: 84:f3:eb:7d:7:a8
 0h00:05.357 2022/09/28T01:21:35z: SSID: MU Open
 0h00:05.362 2022/09/28T01:21:35z: AP_STAR tmr
 ets Jan  8 2013,rst cause:4, boot mode:(3,7)

wdt reset
load 0x4010f000, len 1384, room 16 
tail 8
chksum 0x2d
csum 0x2d
v8b899c12
~ld


6.01
 0h00:04.946 2022/09/28T01:41:40z: DS3231
 0h00:04.961 2022/09/28T01:41:40z: BME280 (0x76)
 0h00:04.975 2022/09/28T01:41:40z: 84:f3:eb:7d:7:a8
 0h00:04.977 2022/09/28T01:41:40z: SSID: MU Open
 0h00:04.982 2022/09/28T01:41:40z: AP_STAR tmr
 ets Jan  8 2013,rst cause:4, boot mode:(3,7)

wdt reset
load 0x4010f000, len 1384, room 16 
tail 8
chksum 0x2d
csum 0x2d
v8b899c12
~ld


6.01
 0h00:05.361 2022/09/28T02:01:44z: DS3231
 0h00:05.377 2022/09/28T02:01:44z: BME280 (0x76)
 0h00:05.391 2022/09/28T02:01:44z: 84:f3:eb:7d:7:a8
 0h00:05.393 2022/09/28T02:01:44z: SSID: MU Open
 0h00:05.398 2022/09/28T02:01:44z: AP_STAR tmr
 ets Jan  8 2013,rst cause:4, boot mode:(3,7)

wdt reset
load 0x4010f000, len 1384, room 16 
tail 8
chksum 0x2d
csum 0x2d
v8b899c12
~ld


6.01
 0h00:04.835 2022/09/28T02:21:49z: DS3231
 0h00:04.851 2022/09/28T02:21:49z: BME280 (0x76)
 0h00:04.865 2022/09/28T02:21:49z: 84:f3:eb:7d:7:a8
 0h00:04.867 2022/09/28T02:21:49z: SSID: MU Open
 0h00:04.872 2022/09/28T02:21:49z: AP_STAR tmr
 ets Jan  8 2013,rst cause:4, boot mode:(3,7)

wdt reset
load 0x4010f000, len 1384, room 16 
tail 8
chksum 0x2d
csum 0x2d
v8b899c12
~ld


6.01
 0h00:04.891 2022/09/28T02:41:53z: DS3231
 0h00:04.906 2022/09/28T02:41:53z: BME280 (0x76)
 0h00:04.920 2022/09/28T02:41:53z: 84:f3:eb:7d:7:a8
 0h00:04.922 2022/09/28T02:41:53z: SSID: MU Open
 0h00:04.927 2022/09/28T02:41:53z: AP_STAR tmr
 ets Jan  8 2013,rst cause:4, boot mode:(3,7)

wdt reset
load 0x4010f000, len 1384, room 16 
tail 8
chksum 0x2d
csum 0x2d
v8b899c12
~ld


6.01
 0h00:05.292 2022/09/28T03:01:58z: DS3231
 0h00:05.307 2022/09/28T03:01:58z: BME280 (0x76)
 0h00:05.321 2022/09/28T03:01:58z: 84:f3:eb:7d:7:a8
 0h00:05.323 2022/09/28T03:01:58z: SSID: MU Open
 0h00:05.328 2022/09/28T03:01:58z: AP_STAR tmr
 ets Jan  8 2013,rst cause:4, boot mode:(3,7)

wdt reset
load 0x4010f000, len 1384, room 16 
tail 8
chksum 0x2d
csum 0x2d
v8b899c12
~ld


6.01
 0h00:05.228 2022/09/28T03:22:03z: DS3231
 0h00:05.244 2022/09/28T03:22:03z: BME280 (0x76)
 0h00:05.258 2022/09/28T03:22:03z: 84:f3:eb:7d:7:a8
 0h00:05.259 2022/09/28T03:22:03z: SSID: MU Open
 0h00:05.265 2022/09/28T03:22:03z: AP_STAR tmr
 ets Jan  8 2013,rst cause:4, boot mode:(3,7)

wdt reset
load 0x4010f000, len 1384, room 16 
tail 8
chksum 0x2d
csum 0x2d
v8b899c12
~ld


6.01
 0h00:05.142 2022/09/28T03:42:08z: DS3231
 0h00:05.157 2022/09/28T03:42:08z: BME280 (0x76)
 0h00:05.171 2022/09/28T03:42:08z: 84:f3:eb:7d:7:a8
 0h00:05.173 2022/09/28T03:42:08z: SSID: MU Open
 0h00:05.178 2022/09/28T03:42:08z: AP_STAR tmr
 ets Jan  8 2013,rst cause:4, boot mode:(3,7)

wdt reset
load 0x4010f000, len 1384, room 16 
tail 8
chksum 0x2d
csum 0x2d
v8b899c12
~ld


6.01
 0h00:05.242 2022/09/28T04:02:12z: DS3231
 0h00:05.257 2022/09/28T04:02:12z: BME280 (0x76)
 0h00:05.272 2022/09/28T04:02:12z: 84:f3:eb:7d:7:a8
 0h00:05.273 2022/09/28T04:02:12z: SSID: MU Open
 0h00:05.278 2022/09/28T04:02:12z: AP_STAR tmr
 ets Jan  8 2013,rst cause:4, boot mode:(3,7)

wdt reset
load 0x4010f000, len 1384, room 16 
tail 8
chksum 0x2d
csum 0x2d
v8b899c12
~ld


6.01
 0h00:05.218 2022/09/28T04:22:16z: DS3231
 0h00:05.233 2022/09/28T04:22:16z: BME280 (0x76)
 0h00:05.247 2022/09/28T04:22:16z: 84:f3:eb:7d:7:a8
 0h00:05.249 2022/09/28T04:22:16z: SSID: MU Open
 0h00:05.254 2022/09/28T04:22:16z: AP_STAR tmr
 ets Jan  8 2013,rst cause:4, boot mode:(3,7)

wdt reset
load 0x4010f000, len 1384, room 16 
tail 8
chksum 0x2d
csum 0x2d
v8b899c12
~ld


6.01
 0h00:05.209 2022/09/28T04:42:21z: DS3231
 0h00:05.224 2022/09/28T04:42:21z: BME280 (0x76)
 0h00:05.238 2022/09/28T04:42:21z: 84:f3:eb:7d:7:a8
 0h00:05.240 2022/09/28T04:42:21z: SSID: MU Open
 0h00:05.245 2022/09/28T04:42:21z: AP_STAR tmr
 ets Jan  8 2013,rst cause:4, boot mode:(3,7)

wdt reset
load 0x4010f000, len 1384, room 16 
tail 8
chksum 0x2d
csum 0x2d
v8b899c12
~ld


6.01
 0h00:04.823 2022/09/28T05:02:25z: DS3231
 0h00:04.839 2022/09/28T05:02:25z: BME280 (0x76)
 0h00:04.853 2022/09/28T05:02:25z: 84:f3:eb:7d:7:a8
 0h00:04.855 2022/09/28T05:02:25z: SSID: MU Open
 0h00:04.860 2022/09/28T05:02:25z: AP_STAR tmr
 ets Jan  8 2013,rst cause:4, boot mode:(3,7)

wdt reset
load 0x4010f000, len 1384, room 16 
tail 8
chksum 0x2d
csum 0x2d
v8b899c12
~ld


6.01
 0h00:04.963 2022/09/28T05:22:29z: DS3231
 0h00:04.978 2022/09/28T05:22:29z: BME280 (0x76)
 0h00:04.993 2022/09/28T05:22:29z: 84:f3:eb:7d:7:a8
 0h00:04.994 2022/09/28T05:22:29z: SSID: MU Open
 0h00:04.999 2022/09/28T05:22:29z: AP_STAR tmr
 ets Jan  8 2013,rst cause:4, boot mode:(3,7)

wdt reset
load 0x4010f000, len 1384, room 16 
tail 8
chksum 0x2d
csum 0x2d
v8b899c12
~ld


6.01
 0h00:05.320 2022/09/28T05:42:33z: DS3231
 0h00:05.335 2022/09/28T05:42:33z: BME280 (0x76)
 0h00:05.349 2022/09/28T05:42:33z: 84:f3:eb:7d:7:a8
 0h00:05.351 2022/09/28T05:42:33z: SSID: MU Open
 0h00:05.356 2022/09/28T05:42:33z: AP_STAR tmr
 ets Jan  8 2013,rst cause:4, boot mode:(3,7)

wdt reset
load 0x4010f000, len 1384, room 16 
tail 8
chksum 0x2d
csum 0x2d
v8b899c12
~ld


6.01
 0h00:05.326 2022/09/28T06:02:37z: DS3231
 0h00:05.341 2022/09/28T06:02:38z: BME280 (0x76)
 0h00:05.355 2022/09/28T06:02:38z: 84:f3:eb:7d:7:a8
 0h00:05.357 2022/09/28T06:02:38z: SSID: MU Open
 0h00:05.362 2022/09/28T06:02:38z: AP_STAR tmr
 ets Jan  8 2013,rst cause:4, boot mode:(3,7)

wdt reset
load 0x4010f000, len 1384, room 16 
tail 8
chksum 0x2d
csum 0x2d
v8b899c12
~ld


6.01
 0h00:05.079 2022/09/28T06:22:42z: DS3231
 0h00:05.094 2022/09/28T06:22:42z: BME280 (0x76)
 0h00:05.108 2022/09/28T06:22:42z: 84:f3:eb:7d:7:a8
 0h00:05.110 2022/09/28T06:22:42z: SSID: MU Open
 0h00:05.115 2022/09/28T06:22:42z: AP_STAR tmr
 ets Jan  8 2013,rst cause:4, boot mode:(3,7)

wdt reset
load 0x4010f000, len 1384, room 16 
tail 8
chksum 0x2d
csum 0x2d
v8b899c12
~ld


6.01
 0h00:05.443 2022/09/28T06:42:47z: DS3231
 0h00:05.458 2022/09/28T06:42:47z: BME280 (0x76)
 0h00:05.472 2022/09/28T06:42:47z: 84:f3:eb:7d:7:a8
 0h00:05.474 2022/09/28T06:42:47z: SSID: MU Open
 0h00:05.479 2022/09/28T06:42:47z: AP_STAR tmr
 ets Jan  8 2013,rst cause:4, boot mode:(3,7)

wdt reset
load 0x4010f000, len 1384, room 16 
tail 8
chksum 0x2d
csum 0x2d
v8b899c12
~ld


6.01
 0h00:05.064 2022/09/28T07:02:52z: DS3231
 0h00:05.080 2022/09/28T07:02:52z: BME280 (0x76)
 0h00:05.094 2022/09/28T07:02:52z: 84:f3:eb:7d:7:a8
 0h00:05.096 2022/09/28T07:02:52z: SSID: MU Open
 0h00:05.101 2022/09/28T07:02:52z: AP_STAR tmr
 ets Jan  8 2013,rst cause:4, boot mode:(3,7)

wdt reset
load 0x4010f000, len 1384, room 16 
tail 8
chksum 0x2d
csum 0x2d
v8b899c12
~ld


6.01
 0h00:05.407 2022/09/28T07:22:56z: DS3231
 0h00:05.422 2022/09/28T07:22:56z: BME280 (0x76)
 0h00:05.436 2022/09/28T07:22:56z: 84:f3:eb:7d:7:a8
 0h00:05.438 2022/09/28T07:22:56z: SSID: MU Open
 0h00:05.443 2022/09/28T07:22:56z: AP_STAR tmr
 ets Jan  8 2013,rst cause:4, boot mode:(3,7)

wdt reset
load 0x4010f000, len 1384, room 16 
tail 8
chksum 0x2d
csum 0x2d
v8b899c12
~ld


6.01
 0h00:05.551 2022/09/28T07:43:01z: DS3231
 0h00:05.567 2022/09/28T07:43:01z: BME280 (0x76)
 0h00:05.581 2022/09/28T07:43:01z: 84:f3:eb:7d:7:a8
 0h00:05.582 2022/09/28T07:43:01z: SSID: MU Open
 0h00:05.588 2022/09/28T07:43:01z: AP_STAR tmr
 ets Jan  8 2013,rst cause:4, boot mode:(3,7)

wdt reset
load 0x4010f000, len 1384, room 16 
tail 8
chksum 0x2d
csum 0x2d
v8b899c12
~ld


6.01
 0h00:05.216 2022/09/28T08:03:07z: DS3231
 0h00:05.231 2022/09/28T08:03:07z: BME280 (0x76)
 0h00:05.245 2022/09/28T08:03:07z: 84:f3:eb:7d:7:a8
 0h00:05.247 2022/09/28T08:03:07z: SSID: MU Open
 0h00:05.252 2022/09/28T08:03:07z: AP_STAR tmr
 ets Jan  8 2013,rst cause:4, boot mode:(3,7)

wdt reset
load 0x4010f000, len 1384, room 16 
tail 8
chksum 0x2d
csum 0x2d
v8b899c12
~ld


6.01
 0h00:05.145 2022/09/28T08:23:12z: DS3231
 0h00:05.160 2022/09/28T08:23:12z: BME280 (0x76)
 0h00:05.175 2022/09/28T08:23:12z: 84:f3:eb:7d:7:a8
 0h00:05.176 2022/09/28T08:23:12z: SSID: MU Open
 0h00:05.181 2022/09/28T08:23:12z: AP_STAR tmr
 ets Jan  8 2013,rst cause:4, boot mode:(3,7)

wdt reset
load 0x4010f000, len 1384, room 16 
tail 8
chksum 0x2d
csum 0x2d
v8b899c12
~ld


6.01
 0h00:05.697 2022/09/28T08:43:18z: DS3231
 0h00:05.712 2022/09/28T08:43:18z: BME280 (0x76)
 0h00:05.726 2022/09/28T08:43:18z: 84:f3:eb:7d:7:a8
 0h00:05.728 2022/09/28T08:43:18z: SSID: MU Open
 0h00:05.733 2022/09/28T08:43:18z: AP_STAR tmr
 ets Jan  8 2013,rst cause:4, boot mode:(3,7)

wdt reset
load 0x4010f000, len 1384, room 16 
tail 8
chksum 0x2d
csum 0x2d
v8b899c12
~ld


6.01
 0h00:05.618 2022/09/28T09:03:24z: DS3231
 0h00:05.634 2022/09/28T09:03:24z: BME280 (0x76)
 0h00:05.648 2022/09/28T09:03:24z: 84:f3:eb:7d:7:a8
 0h00:05.650 2022/09/28T09:03:24z: SSID: MU Open
 0h00:05.655 2022/09/28T09:03:24z: AP_STAR tmr
 ets Jan  8 2013,rst cause:4, boot mode:(3,7)

wdt reset
load 0x4010f000, len 1384, room 16 
tail 8
chksum 0x2d
csum 0x2d
v8b899c12
~ld


6.01
 0h00:05.316 2022/09/28T09:23:29z: DS3231
 0h00:05.331 2022/09/28T09:23:29z: BME280 (0x76)
 0h00:05.346 2022/09/28T09:23:29z: 84:f3:eb:7d:7:a8
 0h00:05.347 2022/09/28T09:23:29z: SSID: MU Open
 0h00:05.352 2022/09/28T09:23:29z: AP_STAR tmr
 ets Jan  8 2013,rst cause:4, boot mode:(3,7)

wdt reset
load 0x4010f000, len 1384, room 16 
tail 8
chksum 0x2d
csum 0x2d
v8b899c12
~ld


6.01
 0h00:05.184 2022/09/28T09:43:35z: DS3231
 0h00:05.199 2022/09/28T09:43:35z: BME280 (0x76)
 0h00:05.213 2022/09/28T09:43:35z: 84:f3:eb:7d:7:a8
 0h00:05.215 2022/09/28T09:43:35z: SSID: MU Open
 0h00:05.220 2022/09/28T09:43:35z: AP_STAR tmr
 ets Jan  8 2013,rst cause:4, boot mode:(3,7)

wdt reset
load 0x4010f000, len 1384, room 16 
tail 8
chksum 0x2d
csum 0x2d
v8b899c12
~ld


6.01
 0h00:05.547 2022/09/28T10:03:39z: DS3231
 0h00:05.563 2022/09/28T10:03:39z: BME280 (0x76)
 0h00:05.577 2022/09/28T10:03:40z: 84:f3:eb:7d:7:a8
 0h00:05.579 2022/09/28T10:03:40z: SSID: MU Open
 0h00:05.584 2022/09/28T10:03:40z: AP_STAR tmr
 ets Jan  8 2013,rst cause:4, boot mode:(3,7)

wdt reset
load 0x4010f000, len 1384, room 16 
tail 8
chksum 0x2d
csum 0x2d
v8b899c12
~ld


6.01
 0h00:05.390 2022/09/28T10:23:45z: DS3231
 0h00:05.405 2022/09/28T10:23:45z: BME280 (0x76)
 0h00:05.419 2022/09/28T10:23:45z: 84:f3:eb:7d:7:a8
 0h00:05.421 2022/09/28T10:23:45z: SSID: MU Open
 0h00:05.426 2022/09/28T10:23:45z: AP_STAR tmr
 ets Jan  8 2013,rst cause:4, boot mode:(3,7)

wdt reset
load 0x4010f000, len 1384, room 16 
tail 8
chksum 0x2d
csum 0x2d
v8b899c12
~ld


6.01
 0h00:05.430 2022/09/28T10:43:50z: DS3231
 0h00:05.446 2022/09/28T10:43:50z: BME280 (0x76)
 0h00:05.460 2022/09/28T10:43:50z: 84:f3:eb:7d:7:a8
 0h00:05.462 2022/09/28T10:43:50z: SSID: MU Open
 0h00:05.467 2022/09/28T10:43:50z: AP_STAR tmr
 ets Jan  8 2013,rst cause:4, boot mode:(3,7)

wdt reset
load 0x4010f000, len 1384, room 16 
tail 8
chksum 0x2d
csum 0x2d
v8b899c12
~ld


6.01
 0h00:05.457 2022/09/28T11:03:55z: DS3231
 0h00:05.472 2022/09/28T11:03:55z: BME280 (0x76)
 0h00:05.486 2022/09/28T11:03:55z: 84:f3:eb:7d:7:a8
 0h00:05.488 2022/09/28T11:03:55z: SSID: MU Open
 0h00:05.493 2022/09/28T11:03:55z: AP_STAR tmr
 ets Jan  8 2013,rst cause:4, boot mode:(3,7)

wdt reset
load 0x4010f000, len 1384, room 16 
tail 8
chksum 0x2d
csum 0x2d
v8b899c12
~ld


6.01
 0h00:05.458 2022/09/28T11:24:00z: DS3231
 0h00:05.473 2022/09/28T11:24:00z: BME280 (0x76)
 0h00:05.487 2022/09/28T11:24:00z: 84:f3:eb:7d:7:a8
 0h00:05.489 2022/09/28T11:24:00z: SSID: MU Open
 0h00:05.494 2022/09/28T11:24:00z: AP_STAR tmr
 ets Jan  8 2013,rst cause:4, boot mode:(3,7)

wdt reset
load 0x4010f000, len 1384, room 16 
tail 8
chksum 0x2d
csum 0x2d
v8b899c12
~ld


6.01
 0h00:04.870 2022/09/28T11:44:05z: DS3231
 0h00:04.886 2022/09/28T11:44:05z: BME280 (0x76)
 0h00:04.900 2022/09/28T11:44:05z: 84:f3:eb:7d:7:a8
 0h00:04.901 2022/09/28T11:44:05z: SSID: MU Open
 0h00:04.907 2022/09/28T11:44:05z: AP_STAR tmr
 ets Jan  8 2013,rst cause:4, boot mode:(3,7)

wdt reset
load 0x4010f000, len 1384, room 16 
tail 8
chksum 0x2d
csum 0x2d
v8b899c12
~ld


6.01
 0h00:05.124 2022/09/28T12:04:09z: DS3231
 0h00:05.139 2022/09/28T12:04:09z: BME280 (0x76)
 0h00:05.153 2022/09/28T12:04:09z: 84:f3:eb:7d:7:a8
 0h00:05.155 2022/09/28T12:04:09z: SSID: MU Open
 0h00:05.160 2022/09/28T12:04:09z: AP_STAR tmr
 ets Jan  8 2013,rst cause:4, boot mode:(3,7)

wdt reset
load 0x4010f000, len 1384, room 16 
tail 8
chksum 0x2d
csum 0x2d
v8b899c12
~ld


6.01
 0h00:05.588 2022/09/28T12:24:14z: DS3231
 0h00:05.604 2022/09/28T12:24:14z: BME280 (0x76)
 0h00:05.618 2022/09/28T12:24:14z: 84:f3:eb:7d:7:a8
 0h00:05.620 2022/09/28T12:24:14z: SSID: MU Open
 0h00:05.625 2022/09/28T12:24:14z: AP_STAR tmr
 ets Jan  8 2013,rst cause:4, boot mode:(3,7)

wdt reset
load 0x4010f000, len 1384, room 16 
tail 8
chksum 0x2d
csum 0x2d
v8b899c12
~ld


6.01
 0h00:05.304 2022/09/28T12:44:19z: DS3231
 0h00:05.319 2022/09/28T12:44:19z: BME280 (0x76)
 0h00:05.334 2022/09/28T12:44:19z: 84:f3:eb:7d:7:a8
 0h00:05.335 2022/09/28T12:44:19z: SSID: MU Open
 0h00:05.340 2022/09/28T12:44:19z: AP_STAR tmr
 ets Jan  8 2013,rst cause:4, boot mode:(3,7)

wdt reset
load 0x4010f000, len 1384, room 16 
tail 8
chksum 0x2d
csum 0x2d
v8b899c12
~ld


6.01
 0h00:05.560 2022/09/28T13:04:25z: DS3231
 0h00:05.576 2022/09/28T13:04:25z: BME280 (0x76)
 0h00:05.590 2022/09/28T13:04:25z: 84:f3:eb:7d:7:a8
 0h00:05.592 2022/09/28T13:04:25z: SSID: MU Open
 0h00:05.597 2022/09/28T13:04:25z: AP_STAR tmr
 ets Jan  8 2013,rst cause:4, boot mode:(3,7)

wdt reset
load 0x4010f000, len 1384, room 16 
tail 8
chksum 0x2d
csum 0x2d
v8b899c12
~ld


6.01
 0h00:05.324 2022/09/28T13:24:29z: DS3231
 0h00:05.340 2022/09/28T13:24:30z: BME280 (0x76)
 0h00:05.354 2022/09/28T13:24:30z: 84:f3:eb:7d:7:a8
 0h00:05.355 2022/09/28T13:24:30z: SSID: MU Open
 0h00:05.361 2022/09/28T13:24:30z: AP_STAR tmr
 ets Jan  8 2013,rst cause:4, boot mode:(3,7)

wdt reset
load 0x4010f000, len 1384, room 16 
tail 8
chksum 0x2d
csum 0x2d
v8b899c12
~ld


6.01
 0h00:05.115 2022/09/28T13:44:34z: DS3231
 0h00:05.130 2022/09/28T13:44:34z: BME280 (0x76)
 0h00:05.145 2022/09/28T13:44:34z: 84:f3:eb:7d:7:a8
 0h00:05.146 2022/09/28T13:44:34z: SSID: MU Open
 0h00:05.151 2022/09/28T13:44:34z: AP_STAR tmr
 ets Jan  8 2013,rst cause:4, boot mode:(3,7)

wdt reset
load 0x4010f000, len 1384, room 16 
tail 8
chksum 0x2d
csum 0x2d
v8b899c12
~ld


6.01
 0h00:05.240 2022/09/28T14:04:38z: DS3231
 0h00:05.255 2022/09/28T14:04:38z: BME280 (0x76)
 0h00:05.269 2022/09/28T14:04:38z: 84:f3:eb:7d:7:a8
 0h00:05.271 2022/09/28T14:04:38z: SSID: MU Open
 0h00:05.276 2022/09/28T14:04:38z: AP_STAR tmr
 ets Jan  8 2013,rst cause:4, boot mode:(3,7)

wdt reset
load 0x4010f000, len 1384, room 16 
tail 8
chksum 0x2d
csum 0x2d
v8b899c12
~ld


6.01
 0h00:05.309 2022/09/28T14:24:43z: DS3231
 0h00:05.325 2022/09/28T14:24:43z: BME280 (0x76)
 0h00:05.339 2022/09/28T14:24:43z: 84:f3:eb:7d:7:a8
 0h00:05.341 2022/09/28T14:24:43z: SSID: MU Open
 0h00:05.346 2022/09/28T14:24:43z: AP_STAR tmr
 ets Jan  8 2013,rst cause:4, boot mode:(3,7)

wdt reset
load 0x4010f000, len 1384, room 16 
tail 8
chksum 0x2d
csum 0x2d
v8b899c12
~ld


6.01
 0h00:05.197 2022/09/28T14:44:47z: DS3231
 0h00:05.212 2022/09/28T14:44:47z: BME280 (0x76)
 0h00:05.226 2022/09/28T14:44:47z: 84:f3:eb:7d:7:a8
 0h00:05.228 2022/09/28T14:44:47z: SSID: MU Open
 0h00:05.233 2022/09/28T14:44:47z: AP_STAR tmr
 ets Jan  8 2013,rst cause:4, boot mode:(3,7)

wdt reset
load 0x4010f000, len 1384, room 16 
tail 8
chksum 0x2d
csum 0x2d
v8b899c12
~ld


6.01
 0h00:05.224 2022/09/28T15:04:52z: DS3231
 0h00:05.240 2022/09/28T15:04:52z: BME280 (0x76)
 0h00:05.254 2022/09/28T15:04:52z: 84:f3:eb:7d:7:a8
 0h00:05.256 2022/09/28T15:04:52z: SSID: MU Open
 0h00:05.261 2022/09/28T15:04:52z: AP_STAR tmr
 ets Jan  8 2013,rst cause:4, boot mode:(3,7)

wdt reset
load 0x4010f000, len 1384, room 16 
tail 8
chksum 0x2d
csum 0x2d
v8b899c12
~ld


6.01
 0h00:05.253 2022/09/28T15:24:56z: DS3231
 0h00:05.269 2022/09/28T15:24:56z: BME280 (0x76)
 0h00:05.283 2022/09/28T15:24:56z: 84:f3:eb:7d:7:a8
 0h00:05.284 2022/09/28T15:24:56z: SSID: MU Open
 0h00:05.290 2022/09/28T15:24:56z: AP_STAR tmr
 ets Jan  8 2013,rst cause:4, boot mode:(3,7)

wdt reset
load 0x4010f000, len 1384, room 16 
tail 8
chksum 0x2d
csum 0x2d
v8b899c12
~ld


6.01
 0h00:05.138 2022/09/28T15:45:00z: DS3231
 0h00:05.153 2022/09/28T15:45:01z: BME280 (0x76)
 0h00:05.167 2022/09/28T15:45:01z: 84:f3:eb:7d:7:a8
 0h00:05.169 2022/09/28T15:45:01z: SSID: MU Open
 0h00:05.174 2022/09/28T15:45:01z: AP_STAR tmr
 ets Jan  8 2013,rst cause:4, boot mode:(3,7)

wdt reset
load 0x4010f000, len 1384, room 16 
tail 8
chksum 0x2d
csum 0x2d
v8b899c12
~ld


6.01
 0h00:05.048 2022/09/28T16:05:04z: DS3231
 0h00:05.063 2022/09/28T16:05:04z: BME280 (0x76)
 0h00:05.078 2022/09/28T16:05:04z: 84:f3:eb:7d:7:a8
 0h00:05.079 2022/09/28T16:05:04z: SSID: MU Open
 0h00:05.084 2022/09/28T16:05:04z: AP_STAR tmr
 ets Jan  8 2013,rst cause:4, boot mode:(3,7)

wdt reset
load 0x4010f000, len 1384, room 16 
tail 8
chksum 0x2d
csum 0x2d
v8b899c12
~ld


6.01
 0h00:04.716 2022/09/28T16:25:08z: DS3231
 0h00:04.731 2022/09/28T16:25:08z: BME280 (0x76)
 0h00:04.745 2022/09/28T16:25:08z: 84:f3:eb:7d:7:a8
 0h00:04.747 2022/09/28T16:25:08z: SSID: MU Open
 0h00:04.752 2022/09/28T16:25:08z: AP_STAR tmr
 ets Jan  8 2013,rst cause:4, boot mode:(3,7)

wdt reset
load 0x4010f000, len 1384, room 16 
tail 8
chksum 0x2d
csum 0x2d
v8b899c12
~ld


6.01
 0h00:04.999 2022/09/28T16:45:12z: DS3231
 0h00:05.015 2022/09/28T16:45:12z: BME280 (0x76)
 0h00:05.029 2022/09/28T16:45:12z: 84:f3:eb:7d:7:a8
 0h00:05.030 2022/09/28T16:45:12z: SSID: MU Open
 0h00:05.036 2022/09/28T16:45:12z: AP_STAR tmr
 ets Jan  8 2013,rst cause:4, boot mode:(3,7)

wdt reset
load 0x4010f000, len 1384, room 16 
tail 8
chksum 0x2d
csum 0x2d
v8b899c12
~ld


6.01
 0h00:04.956 2022/09/28T17:05:16z: DS3231
 0h00:04.972 2022/09/28T17:05:16z: BME280 (0x76)
 0h00:04.986 2022/09/28T17:05:16z: 84:f3:eb:7d:7:a8
 0h00:04.988 2022/09/28T17:05:16z: SSID: MU Open
 0h00:04.993 2022/09/28T17:05:16z: AP_STAR tmr
 ets Jan  8 2013,rst cause:4, boot mode:(3,7)

wdt reset
load 0x4010f000, len 1384, room 16 
tail 8
chksum 0x2d
csum 0x2d
v8b899c12
~ld


6.01
 0h00:05.016 2022/09/28T17:25:20z: DS3231
 0h00:05.032 2022/09/28T17:25:20z: BME280 (0x76)
 0h00:05.046 2022/09/28T17:25:20z: 84:f3:eb:7d:7:a8
 0h00:05.048 2022/09/28T17:25:20z: SSID: MU Open
 0h00:05.053 2022/09/28T17:25:20z: AP_STAR tmr
 ets Jan  8 2013,rst cause:4, boot mode:(3,7)

wdt reset
load 0x4010f000, len 1384, room 16 
tail 8
chksum 0x2d
csum 0x2d
v8b899c12
~ld


6.01
 0h00:05.030 2022/09/28T17:45:24z: DS3231
 0h00:05.045 2022/09/28T17:45:24z: BME280 (0x76)
 0h00:05.059 2022/09/28T17:45:24z: 84:f3:eb:7d:7:a8
 0h00:05.061 2022/09/28T17:45:24z: SSID: MU Open
 0h00:05.066 2022/09/28T17:45:24z: AP_STAR tmr
 ets Jan  8 2013,rst cause:4, boot mode:(3,7)

wdt reset
load 0x4010f000, len 1384, room 16 
tail 8
chksum 0x2d
csum 0x2d
v8b899c12
~ld


6.01
 0h00:05.068 2022/09/28T18:05:28z: DS3231
 0h00:05.083 2022/09/28T18:05:28z: BME280 (0x76)
 0h00:05.097 2022/09/28T18:05:28z: 84:f3:eb:7d:7:a8
 0h00:05.099 2022/09/28T18:05:28z: SSID: MU Open
 0h00:05.104 2022/09/28T18:05:28z: AP_STAR tmr
 ets Jan  8 2013,rst cause:4, boot mode:(3,7)

wdt reset
load 0x4010f000, len 1384, room 16 
tail 8
chksum 0x2d
csum 0x2d
v8b899c12
~ld


6.01
 0h00:04.404 2022/09/28T18:25:31z: DS3231
 0h00:04.419 2022/09/28T18:25:31z: BME280 (0x76)
 0h00:04.434 2022/09/28T18:25:31z: 84:f3:eb:7d:7:a8
 0h00:04.435 2022/09/28T18:25:31z: SSID: MU Open
 0h00:04.440 2022/09/28T18:25:31z: AP_STAR tmr
 ets Jan  8 2013,rst cause:4, boot mode:(3,7)

wdt reset
load 0x4010f000, len 1384, room 16 
tail 8
chksum 0x2d
csum 0x2d
v8b899c12
~ld


6.01
 0h00:04.512 2022/09/28T18:45:34z: DS3231
 0h00:04.527 2022/09/28T18:45:34z: BME280 (0x76)
 0h00:04.542 2022/09/28T18:45:34z: 84:f3:eb:7d:7:a8
 0h00:04.543 2022/09/28T18:45:34z: SSID: MU Open
 0h00:04.548 2022/09/28T18:45:34z: AP_STAR tmr
 ets Jan  8 2013,rst cause:4, boot mode:(3,7)

wdt reset
load 0x4010f000, len 1384, room 16 
tail 8
chksum 0x2d
csum 0x2d
v8b899c12
~ld


6.01
 0h00:04.773 2022/09/28T19:05:38z: DS3231
 0h00:04.788 2022/09/28T19:05:38z: BME280 (0x76)
 0h00:04.802 2022/09/28T19:05:38z: 84:f3:eb:7d:7:a8
 0h00:04.804 2022/09/28T19:05:38z: SSID: MU Open
 0h00:04.809 2022/09/28T19:05:38z: AP_STAR tmr
 ets Jan  8 2013,rst cause:4, boot mode:(3,7)

wdt reset
load 0x4010f000, len 1384, room 16 
tail 8
chksum 0x2d
csum 0x2d
v8b899c12
~ld


6.01
 0h00:04.717 2022/09/28T19:25:42z: DS3231
 0h00:04.732 2022/09/28T19:25:42z: BME280 (0x76)
 0h00:04.746 2022/09/28T19:25:42z: 84:f3:eb:7d:7:a8
 0h00:04.748 2022/09/28T19:25:42z: SSID: MU Open
 0h00:04.753 2022/09/28T19:25:42z: AP_STAR tmr
 ets Jan  8 2013,rst cause:4, boot mode:(3,7)

wdt reset
load 0x4010f000, len 1384, room 16 
tail 8
chksum 0x2d
csum 0x2d
v8b899c12
~ld


6.01
 0h00:04.701 2022/09/28T19:45:46z: DS3231
 0h00:04.717 2022/09/28T19:45:46z: BME280 (0x76)
 0h00:04.731 2022/09/28T19:45:46z: 84:f3:eb:7d:7:a8
 0h00:04.733 2022/09/28T19:45:46z: SSID: MU Open
 0h00:04.738 2022/09/28T19:45:46z: AP_STAR tmr
 ets Jan  8 2013,rst cause:4, boot mode:(3,7)

wdt reset
load 0x4010f000, len 1384, room 16 
tail 8
chksum 0x2d
csum 0x2d
v8b899c12
~ld


6.01
 0h00:04.678 2022/09/28T20:05:48z: DS3231
 0h00:04.693 2022/09/28T20:05:48z: BME280 (0x76)
 0h00:04.708 2022/09/28T20:05:49z: 84:f3:eb:7d:7:a8
 0h00:04.709 2022/09/28T20:05:49z: SSID: MU Open
 0h00:04.714 2022/09/28T20:05:49z: AP_STAR tmr
 ets Jan  8 2013,rst cause:4, boot mode:(3,7)

wdt reset
load 0x4010f000, len 1384, room 16 
tail 8
chksum 0x2d
csum 0x2d
v8b899c12
~ld


6.01
 0h00:04.646 2022/09/28T20:25:52z: DS3231
 0h00:04.661 2022/09/28T20:25:52z: BME280 (0x76)
 0h00:04.675 2022/09/28T20:25:52z: 84:f3:eb:7d:7:a8
 0h00:04.677 2022/09/28T20:25:52z: SSID: MU Open
 0h00:04.682 2022/09/28T20:25:52z: AP_STAR tmr
 ets Jan  8 2013,rst cause:4, boot mode:(3,7)

wdt reset
load 0x4010f000, len 1384, room 16 
tail 8
chksum 0x2d
csum 0x2d
v8b899c12
~ld


6.01
 0h00:04.724 2022/09/28T20:45:55z: DS3231
 0h00:04.739 2022/09/28T20:45:55z: BME280 (0x76)
 0h00:04.753 2022/09/28T20:45:55z: 84:f3:eb:7d:7:a8
 0h00:04.755 2022/09/28T20:45:55z: SSID: MU Open
 0h00:04.760 2022/09/28T20:45:55z: AP_STAR tmr
 ets Jan  8 2013,rst cause:4, boot mode:(3,7)

wdt reset
load 0x4010f000, len 1384, room 16 
tail 8
chksum 0x2d
csum 0x2d
v8b899c12
~ld


6.01
 0h00:04.773 2022/09/28T21:05:58z: DS3231
 0h00:04.788 2022/09/28T21:05:58z: BME280 (0x76)
 0h00:04.802 2022/09/28T21:05:58z: 84:f3:eb:7d:7:a8
 0h00:04.804 2022/09/28T21:05:58z: SSID: MU Open
 0h00:04.809 2022/09/28T21:05:58z: AP_STAR tmr
 ets Jan  8 2013,rst cause:4, boot mode:(3,7)

wdt reset
load 0x4010f000, len 1384, room 16 
tail 8
chksum 0x2d
csum 0x2d
v8b899c12
~ld


6.01
 0h00:04.766 2022/09/28T21:26:02z: DS3231
 0h00:04.781 2022/09/28T21:26:02z: BME280 (0x76)
 0h00:04.795 2022/09/28T21:26:02z: 84:f3:eb:7d:7:a8
 0h00:04.797 2022/09/28T21:26:02z: SSID: MU Open
 0h00:04.802 2022/09/28T21:26:02z: AP_STAR tmr
 ets Jan  8 2013,rst cause:4, boot mode:(3,7)

wdt reset
load 0x4010f000, len 1384, room 16 
tail 8
chksum 0x2d
csum 0x2d
v8b899c12
~ld


6.01
 0h00:04.639 2022/09/28T21:46:06z: DS3231
 0h00:04.655 2022/09/28T21:46:06z: BME280 (0x76)
 0h00:04.669 2022/09/28T21:46:06z: 84:f3:eb:7d:7:a8
 0h00:04.671 2022/09/28T21:46:06z: SSID: MU Open
 0h00:04.676 2022/09/28T21:46:06z: AP_STAR tmr
 ets Jan  8 2013,rst cause:4, boot mode:(3,7)

wdt reset
load 0x4010f000, len 1384, room 16 
tail 8
chksum 0x2d
csum 0x2d
v8b899c12
~ld


6.01
 0h00:04.911 2022/09/28T22:06:09z: DS3231
 0h00:04.926 2022/09/28T22:06:09z: BME280 (0x76)
 0h00:04.940 2022/09/28T22:06:09z: 84:f3:eb:7d:7:a8
 0h00:04.942 2022/09/28T22:06:09z: SSID: MU Open
 0h00:04.947 2022/09/28T22:06:09z: AP_STAR tmr
 ets Jan  8 2013,rst cause:4, boot mode:(3,7)

wdt reset
load 0x4010f000, len 1384, room 16 
tail 8
chksum 0x2d
csum 0x2d
v8b899c12
~ld


6.01
 0h00:04.700 2022/09/28T22:26:14z: DS3231
 0h00:04.716 2022/09/28T22:26:14z: BME280 (0x76)
 0h00:04.730 2022/09/28T22:26:14z: 84:f3:eb:7d:7:a8
 0h00:04.731 2022/09/28T22:26:14z: SSID: MU Open
 0h00:04.737 2022/09/28T22:26:14z: AP_STAR tmr
 ets Jan  8 2013,rst cause:4, boot mode:(3,7)

wdt reset
load 0x4010f000, len 1384, room 16 
tail 8
chksum 0x2d
csum 0x2d
v8b899c12
~ld


6.01
 0h00:05.001 2022/09/28T22:46:18z: DS3231
 0h00:05.016 2022/09/28T22:46:18z: BME280 (0x76)
 0h00:05.030 2022/09/28T22:46:18z: 84:f3:eb:7d:7:a8
 0h00:05.032 2022/09/28T22:46:18z: SSID: MU Open
 0h00:05.037 2022/09/28T22:46:18z: AP_STAR tmr
 ets Jan  8 2013,rst cause:4, boot mode:(3,7)

wdt reset
load 0x4010f000, len 1384, room 16 
tail 8
chksum 0x2d
csum 0x2d
v8b899c12
~ld


6.01
 0h00:04.815 2022/09/28T23:06:21z: DS3231
 0h00:04.831 2022/09/28T23:06:21z: BME280 (0x76)
 0h00:04.845 2022/09/28T23:06:21z: 84:f3:eb:7d:7:a8
 0h00:04.846 2022/09/28T23:06:21z: SSID: MU Open
 0h00:04.852 2022/09/28T23:06:21z: AP_STAR tmr
 ets Jan  8 2013,rst cause:4, boot mode:(3,7)

wdt reset
load 0x4010f000, len 1384, room 16 
tail 8
chksum 0x2d
csum 0x2d
v8b899c12
~ld


6.01
 0h00:05.094 2022/09/28T23:26:25z: DS3231
 0h00:05.110 2022/09/28T23:26:25z: BME280 (0x76)
 0h00:05.124 2022/09/28T23:26:25z: 84:f3:eb:7d:7:a8
 0h00:05.126 2022/09/28T23:26:25z: SSID: MU Open
 0h00:05.131 2022/09/28T23:26:25z: AP_STAR tmr
 ets Jan  8 2013,rst cause:4, boot mode:(3,7)

wdt reset
load 0x4010f000, len 1384, room 16 
tail 8
chksum 0x2d
csum 0x2d
v8b899c12
~ld


6.01
 0h00:05.023 2022/09/28T23:46:30z: DS3231
 0h00:05.038 2022/09/28T23:46:30z: BME280 (0x76)
 0h00:05.053 2022/09/28T23:46:30z: 84:f3:eb:7d:7:a8
 0h00:05.054 2022/09/28T23:46:30z: SSID: MU Open
 0h00:05.059 2022/09/28T23:46:30z: AP_STA