R tmr
 ets Jan  8 2013,rst cause:4, boot mode:(3,7)

wdt reset
load 0x4010f000, len 1384, room 16 
tail 8
chksum 0x2d
csum 0x2d
v8b899c12
~ld


6.01
 0h00:04.894 2022/10/10T00:02:32z: DS3231
 0h00:04.909 2022/10/10T00:02:32z: BME280 (0x76)
 0h00:04.923 2022/10/10T00:02:32z: 84:f3:eb:7d:7:a8
 0h00:04.925 2022/10/10T00:02:32z: SSID: MU Open
 0h00:04.930 2022/10/10T00:02:32z: AP_STAR tmr
 ets Jan  8 2013,rst cause:4, boot mode:(3,7)

wdt reset
load 0x4010f000, len 1384, room 16 
tail 8
chksum 0x2d
csum 0x2d
v8b899c12
~ld


6.01
 0h00:04.858 2022/10/10T00:22:36z: DS3231
 0h00:04.873 2022/10/10T00:22:36z: BME280 (0x76)
 0h00:04.887 2022/10/10T00:22:36z: 84:f3:eb:7d:7:a8
 0h00:04.889 2022/10/10T00:22:36z: SSID: MU Open
 0h00:04.894 2022/10/10T00:22:36z: AP_STAR tmr
 ets Jan  8 2013,rst cause:4, boot mode:(3,7)

wdt reset
load 0x4010f000, len 1384, room 16 
tail 8
chksum 0x2d
csum 0x2d
v8b899c12
~ld


6.01
 0h00:05.302 2022/10/10T00:42:41z: DS3231
 0h00:05.318 2022/10/10T00:42:41z: BME280 (0x76)
 0h00:05.332 2022/10/10T00:42:41z: 84:f3:eb:7d:7:a8
 0h00:05.334 2022/10/10T00:42:41z: SSID: MU Open
 0h00:05.339 2022/10/10T00:42:41z: AP_STAR tmr
 ets Jan  8 2013,rst cause:4, boot mode:(3,7)

wdt reset
load 0x4010f000, len 1384, room 16 
tail 8
chksum 0x2d
csum 0x2d
v8b899c12
~ld


6.01
 0h00:04.749 2022/10/10T01:02:46z: DS3231
 0h00:04.765 2022/10/10T01:02:46z: BME280 (0x76)
 0h00:04.779 2022/10/10T01:02:46z: 84:f3:eb:7d:7:a8
 0h00:04.781 2022/10/10T01:02:46z: SSID: MU Open
 0h00:04.786 2022/10/10T01:02:46z: AP_STAR tmr
 ets Jan  8 2013,rst cause:4, boot mode:(3,7)

wdt reset
load 0x4010f000, len 1384, room 16 
tail 8
chksum 0x2d
csum 0x2d
v8b899c12
~ld


6.01
 0h00:04.882 2022/10/10T01:22:50z: DS3231
 0h00:04.897 2022/10/10T01:22:50z: BME280 (0x76)
 0h00:04.912 2022/10/10T01:22:50z: 84:f3:eb:7d:7:a8
 0h00:04.913 2022/10/10T01:22:50z: SSID: MU Open
 0h00:04.918 2022/10/10T01:22:50z: AP_STAR tmr
 ets Jan  8 2013,rst cause:4, boot mode:(3,7)

wdt reset
load 0x4010f000, len 1384, room 16 
tail 8
chksum 0x2d
csum 0x2d
v8b899c12
~ld


6.01
 0h00:04.809 2022/10/10T01:42:55z: DS3231
 0h00:04.824 2022/10/10T01:42:55z: BME280 (0x76)
 0h00:04.838 2022/10/10T01:42:55z: 84:f3:eb:7d:7:a8
 0h00:04.840 2022/10/10T01:42:55z: SSID: MU Open
 0h00:04.845 2022/10/10T01:42:55z: AP_STAR tmr
 ets Jan  8 2013,rst cause:4, boot mode:(3,7)

wdt reset
load 0x4010f000, len 1384, room 16 
tail 8
chksum 0x2d
csum 0x2d
v8b899c12
~ld


6.01
 0h00:04.913 2022/10/10T02:02:59z: DS3231
 0h00:04.928 2022/10/10T02:02:59z: BME280 (0x76)
 0h00:04.942 2022/10/10T02:02:59z: 84:f3:eb:7d:7:a8
 0h00:04.944 2022/10/10T02:02:59z: SSID: MU Open
 0h00:04.949 2022/10/10T02:02:59z: AP_STAR tmr
 ets Jan  8 2013,rst cause:4, boot mode:(3,7)

wdt reset
load 0x4010f000, len 1384, room 16 
tail 8
chksum 0x2d
csum 0x2d
v8b899c12
~ld


6.01
 0h00:05.094 2022/10/10T02:23:03z: DS3231
 0h00:05.109 2022/10/10T02:23:03z: BME280 (0x76)
 0h00:05.123 2022/10/10T02:23:03z: 84:f3:eb:7d:7:a8
 0h00:05.125 2022/10/10T02:23:03z: SSID: MU Open
 0h00:05.130 2022/10/10T02:23:03z: AP_STAR tmr
 ets Jan  8 2013,rst cause:4, boot mode:(3,7)

wdt reset
load 0x4010f000, len 1384, room 16 
tail 8
chksum 0x2d
csum 0x2d
v8b899c12
~ld


6.01
 0h00:04.593 2022/10/10T02:43:07z: DS3231
 0h00:04.608 2022/10/10T02:43:07z: BME280 (0x76)
 0h00:04.622 2022/10/10T02:43:07z: 84:f3:eb:7d:7:a8
 0h00:04.624 2022/10/10T02:43:07z: SSID: MU Open
 0h00:04.629 2022/10/10T02:43:07z: AP_STAR tmr
 ets Jan  8 2013,rst cause:4, boot mode:(3,7)

wdt reset
load 0x4010f000, len 1384, room 16 
tail 8
chksum 0x2d
csum 0x2d
v8b899c12
~ld


6.01
 0h00:05.242 2022/10/10T03:03:13z: DS3231
 0h00:05.257 2022/10/10T03:03:13z: BME280 (0x76)
 0h00:05.272 2022/10/10T03:03:13z: 84:f3:eb:7d:7:a8
 0h00:05.273 2022/10/10T03:03:13z: SSID: MU Open
 0h00:05.278 2022/10/10T03:03:13z: AP_STAR tmr
 ets Jan  8 2013,rst cause:4, boot mode:(3,7)

wdt reset
load 0x4010f000, len 1384, room 16 
tail 8
chksum 0x2d
csum 0x2d
v8b899c12
~ld


6.01
 0h00:05.063 2022/10/10T03:23:17z: DS3231
 0h00:05.078 2022/10/10T03:23:17z: BME280 (0x76)
 0h00:05.092 2022/10/10T03:23:17z: 84:f3:eb:7d:7:a8
 0h00:05.094 2022/10/10T03:23:17z: SSID: MU Open
 0h00:05.099 2022/10/10T03:23:17z: AP_STAR tmr
 ets Jan  8 2013,rst cause:4, boot mode:(3,7)

wdt reset
load 0x4010f000, len 1384, room 16 
tail 8
chksum 0x2d
csum 0x2d
v8b899c12
~ld


6.01
 0h00:05.305 2022/10/10T03:43:22z: DS3231
 0h00:05.321 2022/10/10T03:43:22z: BME280 (0x76)
 0h00:05.335 2022/10/10T03:43:22z: 84:f3:eb:7d:7:a8
 0h00:05.337 2022/10/10T03:43:22z: SSID: MU Open
 0h00:05.342 2022/10/10T03:43:22z: AP_STAR tmr
 ets Jan  8 2013,rst cause:4, boot mode:(3,7)

wdt reset
load 0x4010f000, len 1384, room 16 
tail 8
chksum 0x2d
csum 0x2d
v8b899c12
~ld


6.01
 0h00:04.675 2022/10/10T04:03:26z: DS3231
 0h00:04.690 2022/10/10T04:03:26z: BME280 (0x76)
 0h00:04.704 2022/10/10T04:03:26z: 84:f3:eb:7d:7:a8
 0h00:04.706 2022/10/10T04:03:26z: SSID: MU Open
 0h00:04.711 2022/10/10T04:03:26z: AP_STAR tmr
 ets Jan  8 2013,rst cause:4, boot mode:(3,7)

wdt reset
load 0x4010f000, len 1384, room 16 
tail 8
chksum 0x2d
csum 0x2d
v8b899c12
~ld


6.01
 0h00:05.161 2022/10/10T04:23:31z: DS3231
 0h00:05.177 2022/10/10T04:23:31z: BME280 (0x76)
 0h00:05.191 2022/10/10T04:23:31z: 84:f3:eb:7d:7:a8
 0h00:05.193 2022/10/10T04:23:31z: SSID: MU Open
 0h00:05.198 2022/10/10T04:23:31z: AP_STAR tmr
 ets Jan  8 2013,rst cause:4, boot mode:(3,7)

wdt reset
load 0x4010f000, len 1384, room 16 
tail 8
chksum 0x2d
csum 0x2d
v8b899c12
~ld


6.01
 0h00:04.907 2022/10/10T04:43:36z: DS3231
 0h00:04.922 2022/10/10T04:43:36z: BME280 (0x76)
 0h00:04.936 2022/10/10T04:43:36z: 84:f3:eb:7d:7:a8
 0h00:04.938 2022/10/10T04:43:36z: SSID: MU Open
 0h00:04.943 2022/10/10T04:43:36z: AP_STAR tmr
 ets Jan  8 2013,rst cause:4, boot mode:(3,7)

wdt reset
load 0x4010f000, len 1384, room 16 
tail 8
chksum 0x2d
csum 0x2d
v8b899c12
~ld


6.01
 0h00:05.142 2022/10/10T05:03:41z: DS3231
 0h00:05.157 2022/10/10T05:03:41z: BME280 (0x76)
 0h00:05.172 2022/10/10T05:03:41z: 84:f3:eb:7d:7:a8
 0h00:05.173 2022/10/10T05:03:41z: SSID: MU Open
 0h00:05.178 2022/10/10T05:03:41z: AP_STAR tmr
 ets Jan  8 2013,rst cause:4, boot mode:(3,7)

wdt reset
load 0x4010f000, len 1384, room 16 
tail 8
chksum 0x2d
csum 0x2d
v8b899c12
~ld


6.01
 0h00:05.028 2022/10/10T05:23:46z: DS3231
 0h00:05.043 2022/10/10T05:23:46z: BME280 (0x76)
 0h00:05.058 2022/10/10T05:23:46z: 84:f3:eb:7d:7:a8
 0h00:05.059 2022/10/10T05:23:46z: SSID: MU Open
 0h00:05.064 2022/10/10T05:23:46z: AP_STAR tmr
 ets Jan  8 2013,rst cause:4, boot mode:(3,7)

wdt reset
load 0x4010f000, len 1384, room 16 
tail 8
chksum 0x2d
csum 0x2d
v8b899c12
~ld


6.01
 0h00:04.861 2022/10/10T05:43:50z: DS3231
 0h00:04.876 2022/10/10T05:43:50z: BME280 (0x76)
 0h00:04.891 2022/10/10T05:43:50z: 84:f3:eb:7d:7:a8
 0h00:04.892 2022/10/10T05:43:50z: SSID: MU Open
 0h00:04.897 2022/10/10T05:43:50z: AP_STAR tmr
 ets Jan  8 2013,rst cause:4, boot mode:(3,7)

wdt reset
load 0x4010f000, len 1384, room 16 
tail 8
chksum 0x2d
csum 0x2d
v8b899c12
~ld


6.01
 0h00:05.090 2022/10/10T06:03:55z: DS3231
 0h00:05.105 2022/10/10T06:03:55z: BME280 (0x76)
 0h00:05.119 2022/10/10T06:03:55z: 84:f3:eb:7d:7:a8
 0h00:05.121 2022/10/10T06:03:55z: SSID: MU Open
 0h00:05.126 2022/10/10T06:03:55z: AP_STAR tmr
 ets Jan  8 2013,rst cause:4, boot mode:(3,7)

wdt reset
load 0x4010f000, len 1384, room 16 
tail 8
chksum 0x2d
csum 0x2d
v8b899c12
~ld


6.01
 0h00:04.799 2022/10/10T06:23:59z: DS3231
 0h00:04.814 2022/10/10T06:23:59z: BME280 (0x76)
 0h00:04.828 2022/10/10T06:23:59z: 84:f3:eb:7d:7:a8
 0h00:04.830 2022/10/10T06:23:59z: SSID: MU Open
 0h00:04.835 2022/10/10T06:23:59z: AP_STAR tmr
 ets Jan  8 2013,rst cause:4, boot mode:(3,7)

wdt reset
load 0x4010f000, len 1384, room 16 
tail 8
chksum 0x2d
csum 0x2d
v8b899c12
~ld


6.01
 0h00:04.935 2022/10/10T06:44:04z: DS3231
 0h00:04.950 2022/10/10T06:44:04z: BME280 (0x76)
 0h00:04.964 2022/10/10T06:44:04z: 84:f3:eb:7d:7:a8
 0h00:04.966 2022/10/10T06:44:04z: SSID: MU Open
 0h00:04.971 2022/10/10T06:44:04z: AP_STAR tmr
 ets Jan  8 2013,rst cause:4, boot mode:(3,7)

wdt reset
load 0x4010f000, len 1384, room 16 
tail 8
chksum 0x2d
csum 0x2d
v8b899c12
~ld


6.01
 0h00:04.787 2022/10/10T07:04:08z: DS3231
 0h00:04.802 2022/10/10T07:04:08z: BME280 (0x76)
 0h00:04.817 2022/10/10T07:04:08z: 84:f3:eb:7d:7:a8
 0h00:04.818 2022/10/10T07:04:08z: SSID: MU Open
 0h00:04.823 2022/10/10T07:04:08z: AP_STAR tmr
 ets Jan  8 2013,rst cause:4, boot mode:(3,7)

wdt reset
load 0x4010f000, len 1384, room 16 
tail 8
chksum 0x2d
csum 0x2d
v8b899c12
~ld


6.01
 0h00:04.790 2022/10/10T07:24:12z: DS3231
 0h00:04.806 2022/10/10T07:24:12z: BME280 (0x76)
 0h00:04.820 2022/10/10T07:24:12z: 84:f3:eb:7d:7:a8
 0h00:04.822 2022/10/10T07:24:12z: SSID: MU Open
 0h00:04.827 2022/10/10T07:24:12z: AP_STAR tmr
 ets Jan  8 2013,rst cause:4, boot mode:(3,7)

wdt reset
load 0x4010f000, len 1384, room 16 
tail 8
chksum 0x2d
csum 0x2d
v8b899c12
~ld


6.01
 0h00:04.978 2022/10/10T07:44:16z: DS3231
 0h00:04.993 2022/10/10T07:44:16z: BME280 (0x76)
 0h00:05.007 2022/10/10T07:44:16z: 84:f3:eb:7d:7:a8
 0h00:05.009 2022/10/10T07:44:16z: SSID: MU Open
 0h00:05.014 2022/10/10T07:44:17z: AP_STAR tmr
 ets Jan  8 2013,rst cause:4, boot mode:(3,7)

wdt reset
load 0x4010f000, len 1384, room 16 
tail 8
chksum 0x2d
csum 0x2d
v8b899c12
~ld


6.01
 0h00:04.859 2022/10/10T08:04:21z: DS3231
 0h00:04.874 2022/10/10T08:04:21z: BME280 (0x76)
 0h00:04.888 2022/10/10T08:04:21z: 84:f3:eb:7d:7:a8
 0h00:04.890 2022/10/10T08:04:21z: SSID: MU Open
 0h00:04.895 2022/10/10T08:04:21z: AP_STAR tmr
 ets Jan  8 2013,rst cause:4, boot mode:(3,7)

wdt reset
load 0x4010f000, len 1384, room 16 
tail 8
chksum 0x2d
csum 0x2d
v8b899c12
~ld


6.01
 0h00:05.269 2022/10/10T08:24:26z: DS3231
 0h00:05.284 2022/10/10T08:24:26z: BME280 (0x76)
 0h00:05.298 2022/10/10T08:24:26z: 84:f3:eb:7d:7:a8
 0h00:05.300 2022/10/10T08:24:26z: SSID: MU Open
 0h00:05.305 2022/10/10T08:24:26z: AP_STAR tmr
 ets Jan  8 2013,rst cause:4, boot mode:(3,7)

wdt reset
load 0x4010f000, len 1384, room 16 
tail 8
chksum 0x2d
csum 0x2d
v8b899c12
~ld


6.01
 0h00:05.166 2022/10/10T08:44:31z: DS3231
 0h00:05.182 2022/10/10T08:44:31z: BME280 (0x76)
 0h00:05.196 2022/10/10T08:44:31z: 84:f3:eb:7d:7:a8
 0h00:05.197 2022/10/10T08:44:31z: SSID: MU Open
 0h00:05.203 2022/10/10T08:44:31z: AP_STAR tmr
 ets Jan  8 2013,rst cause:4, boot mode:(3,7)

wdt reset
load 0x4010f000, len 1384, room 16 
tail 8
chksum 0x2d
csum 0x2d
v8b899c12
~ld


6.01
 0h00:05.002 2022/10/10T09:04:37z: DS3231
 0h00:05.018 2022/10/10T09:04:37z: BME280 (0x76)
 0h00:05.032 2022/10/10T09:04:37z: 84:f3:eb:7d:7:a8
 0h00:05.033 2022/10/10T09:04:37z: SSID: MU Open
 0h00:05.039 2022/10/10T09:04:37z: AP_STAR tmr
 ets Jan  8 2013,rst cause:4, boot mode:(3,7)

wdt reset
load 0x4010f000, len 1384, room 16 
tail 8
chksum 0x2d
csum 0x2d
v8b899c12
~ld


6.01
 0h00:05.214 2022/10/10T09:24:41z: DS3231
 0h00:05.229 2022/10/10T09:24:41z: BME280 (0x76)
 0h00:05.243 2022/10/10T09:24:41z: 84:f3:eb:7d:7:a8
 0h00:05.245 2022/10/10T09:24:41z: SSID: MU Open
 0h00:05.250 2022/10/10T09:24:41z: AP_STAR tmr
 ets Jan  8 2013,rst cause:4, boot mode:(3,7)

wdt reset
load 0x4010f000, len 1384, room 16 
tail 8
chksum 0x2d
csum 0x2d
v8b899c12
~ld


6.01
 0h00:04.807 2022/10/10T09:44:46z: DS3231
 0h00:04.822 2022/10/10T09:44:46z: BME280 (0x76)
 0h00:04.836 2022/10/10T09:44:46z: 84:f3:eb:7d:7:a8
 0h00:04.838 2022/10/10T09:44:46z: SSID: MU Open
 0h00:04.843 2022/10/10T09:44:46z: AP_STAR tmr
 ets Jan  8 2013,rst cause:4, boot mode:(3,7)

wdt reset
load 0x4010f000, len 1384, room 16 
tail 8
chksum 0x2d
csum 0x2d
v8b899c12
~ld


6.01
 0h00:04.880 2022/10/10T10:04:50z: DS3231
 0h00:04.895 2022/10/10T10:04:50z: BME280 (0x76)
 0h00:04.909 2022/10/10T10:04:50z: 84:f3:eb:7d:7:a8
 0h00:04.911 2022/10/10T10:04:50z: SSID: MU Open
 0h00:04.916 2022/10/10T10:04:50z: AP_STAR tmr
 ets Jan  8 2013,rst cause:4, boot mode:(3,7)

wdt reset
load 0x4010f000, len 1384, room 16 
tail 8
chksum 0x2d
csum 0x2d
v8b899c12
~ld


6.01
 0h00:05.129 2022/10/10T10:24:54z: DS3231
 0h00:05.144 2022/10/10T10:24:54z: BME280 (0x76)
 0h00:05.158 2022/10/10T10:24:54z: 84:f3:eb:7d:7:a8
 0h00:05.160 2022/10/10T10:24:54z: SSID: MU Open
 0h00:05.165 2022/10/10T10:24:54z: AP_STAR tmr
 ets Jan  8 2013,rst cause:4, boot mode:(3,7)

wdt reset
load 0x4010f000, len 1384, room 16 
tail 8
chksum 0x2d
csum 0x2d
v8b899c12
~ld


6.01
 0h00:04.834 2022/10/10T10:44:58z: DS3231
 0h00:04.849 2022/10/10T10:44:58z: BME280 (0x76)
 0h00:04.864 2022/10/10T10:44:58z: 84:f3:eb:7d:7:a8
 0h00:04.865 2022/10/10T10:44:58z: SSID: MU Open
 0h00:04.870 2022/10/10T10:44:58z: AP_STAR tmr
 ets Jan  8 2013,rst cause:4, boot mode:(3,7)

wdt reset
load 0x4010f000, len 1384, room 16 
tail 8
chksum 0x2d
csum 0x2d
v8b899c12
~ld


6.01
 0h00:04.856 2022/10/10T11:05:02z: DS3231
 0h00:04.872 2022/10/10T11:05:02z: BME280 (0x76)
 0h00:04.886 2022/10/10T11:05:02z: 84:f3:eb:7d:7:a8
 0h00:04.888 2022/10/10T11:05:02z: SSID: MU Open
 0h00:04.893 2022/10/10T11:05:02z: AP_STAR tmr
 ets Jan  8 2013,rst cause:4, boot mode:(3,7)

wdt reset
load 0x4010f000, len 1384, room 16 
tail 8
chksum 0x2d
csum 0x2d
v8b899c12
~ld


6.01
 0h00:05.216 2022/10/10T11:25:07z: DS3231
 0h00:05.231 2022/10/10T11:25:07z: BME280 (0x76)
 0h00:05.245 2022/10/10T11:25:07z: 84:f3:eb:7d:7:a8
 0h00:05.247 2022/10/10T11:25:07z: SSID: MU Open
 0h00:05.252 2022/10/10T11:25:07z: AP_STAR tmr
 ets Jan  8 2013,rst cause:4, boot mode:(3,7)

wdt reset
load 0x4010f000, len 1384, room 16 
tail 8
chksum 0x2d
csum 0x2d
v8b899c12
~ld


6.01
 0h00:04.910 2022/10/10T11:45:11z: DS3231
 0h00:04.925 2022/10/10T11:45:11z: BME280 (0x76)
 0h00:04.939 2022/10/10T11:45:11z: 84:f3:eb:7d:7:a8
 0h00:04.941 2022/10/10T11:45:11z: SSID: MU Open
 0h00:04.946 2022/10/10T11:45:11z: AP_STAR tmr
 ets Jan  8 2013,rst cause:4, boot mode:(3,7)

wdt reset
load 0x4010f000, len 1384, room 16 
tail 8
chksum 0x2d
csum 0x2d
v8b899c12
~ld


6.01
 0h00:05.145 2022/10/10T12:05:15z: DS3231
 0h00:05.160 2022/10/10T12:05:15z: BME280 (0x76)
 0h00:05.174 2022/10/10T12:05:15z: 84:f3:eb:7d:7:a8
 0h00:05.176 2022/10/10T12:05:15z: SSID: MU Open
 0h00:05.181 2022/10/10T12:05:15z: AP_STAR tmr
 ets Jan  8 2013,rst cause:4, boot mode:(3,7)

wdt reset
load 0x4010f000, len 1384, room 16 
tail 8
chksum 0x2d
csum 0x2d
v8b899c12
~ld


6.01
 0h00:05.272 2022/10/10T12:25:21z: DS3231
 0h00:05.288 2022/10/10T12:25:21z: BME280 (0x76)
 0h00:05.302 2022/10/10T12:25:21z: 84:f3:eb:7d:7:a8
 0h00:05.304 2022/10/10T12:25:21z: SSID: MU Open
 0h00:05.309 2022/10/10T12:25:21z: AP_STAR tmr
 ets Jan  8 2013,rst cause:4, boot mode:(3,7)

wdt reset
load 0x4010f000, len 1384, room 16 
tail 8
chksum 0x2d
csum 0x2d
v8b899c12
~ld


6.01
 0h00:05.182 2022/10/10T12:45:26z: DS3231
 0h00:05.197 2022/10/10T12:45:26z: BME280 (0x76)
 0h00:05.211 2022/10/10T12:45:26z: 84:f3:eb:7d:7:a8
 0h00:05.213 2022/10/10T12:45:26z: SSID: MU Open
 0h00:05.218 2022/10/10T12:45:26z: AP_STAR tmr
 ets Jan  8 2013,rst cause:4, boot mode:(3,7)

wdt reset
load 0x4010f000, len 1384, room 16 
tail 8
chksum 0x2d
csum 0x2d
v8b899c12
~ld


6.01
 0h00:05.199 2022/10/10T13:05:31z: DS3231
 0h00:05.214 2022/10/10T13:05:31z: BME280 (0x76)
 0h00:05.229 2022/10/10T13:05:31z: 84:f3:eb:7d:7:a8
 0h00:05.230 2022/10/10T13:05:31z: SSID: MU Open
 0h00:05.236 2022/10/10T13:05:31z: AP_STAR tmr
 ets Jan  8 2013,rst cause:4, boot mode:(3,7)

wdt reset
load 0x4010f000, len 1384, room 16 
tail 8
chksum 0x2d
csum 0x2d
v8b899c12
~ld


6.01
 0h00:04.819 2022/10/10T13:25:35z: DS3231
 0h00:04.834 2022/10/10T13:25:35z: BME280 (0x76)
 0h00:04.848 2022/10/10T13:25:35z: 84:f3:eb:7d:7:a8
 0h00:04.850 2022/10/10T13:25:35z: SSID: MU Open
 0h00:04.855 2022/10/10T13:25:35z: AP_STAR tmr
 ets Jan  8 2013,rst cause:4, boot mode:(3,7)

wdt reset
load 0x4010f000, len 1384, room 16 
tail 8
chksum 0x2d
csum 0x2d
v8b899c12
~ld


6.01
 0h00:05.175 2022/10/10T13:45:41z: DS3231
 0h00:05.191 2022/10/10T13:45:41z: BME280 (0x76)
 0h00:05.205 2022/10/10T13:45:41z: 84:f3:eb:7d:7:a8
 0h00:05.207 2022/10/10T13:45:41z: SSID: MU Open
 0h00:05.212 2022/10/10T13:45:41z: AP_STAR tmr
 ets Jan  8 2013,rst cause:4, boot mode:(3,7)

wdt reset
load 0x4010f000, len 1384, room 16 
tail 8
chksum 0x2d
csum 0x2d
v8b899c12
~ld


6.01
 0h00:04.722 2022/10/10T14:05:45z: DS3231
 0h00:04.737 2022/10/10T14:05:45z: BME280 (0x76)
 0h00:04.751 2022/10/10T14:05:45z: 84:f3:eb:7d:7:a8
 0h00:04.753 2022/10/10T14:05:45z: SSID: MU Open
 0h00:04.758 2022/10/10T14:05:45z: AP_STAR tmr
 ets Jan  8 2013,rst cause:4, boot mode:(3,7)

wdt reset
load 0x4010f000, len 1384, room 16 
tail 8
chksum 0x2d
csum 0x2d
v8b899c12
~ld


6.01
 0h00:05.032 2022/10/10T14:25:49z: DS3231
 0h00:05.048 2022/10/10T14:25:49z: BME280 (0x76)
 0h00:05.062 2022/10/10T14:25:49z: 84:f3:eb:7d:7:a8
 0h00:05.063 2022/10/10T14:25:49z: SSID: MU Open
 0h00:05.069 2022/10/10T14:25:49z: AP_STAR tmr
 ets Jan  8 2013,rst cause:4, boot mode:(3,7)

wdt reset
load 0x4010f000, len 1384, room 16 
tail 8
chksum 0x2d
csum 0x2d
v8b899c12
~ld


6.01
 0h00:05.044 2022/10/10T14:45:54z: DS3231
 0h00:05.059 2022/10/10T14:45:54z: BME280 (0x76)
 0h00:05.073 2022/10/10T14:45:54z: 84:f3:eb:7d:7:a8
 0h00:05.075 2022/10/10T14:45:54z: SSID: MU Open
 0h00:05.080 2022/10/10T14:45:54z: AP_STAR tmr
 ets Jan  8 2013,rst cause:4, boot mode:(3,7)

wdt reset
load 0x4010f000, len 1384, room 16 
tail 8
chksum 0x2d
csum 0x2d
v8b899c12
~ld


6.01
 0h00:04.594 2022/10/10T15:05:59z: DS3231
 0h00:04.609 2022/10/10T15:05:59z: BME280 (0x76)
 0h00:04.624 2022/10/10T15:05:59z: 84:f3:eb:7d:7:a8
 0h00:04.625 2022/10/10T15:05:59z: SSID: MU Open
 0h00:04.630 2022/10/10T15:05:59z: AP_STAR tmr
 ets Jan  8 2013,rst cause:4, boot mode:(3,7)

wdt reset
load 0x4010f000, len 1384, room 16 
tail 8
chksum 0x2d
csum 0x2d
v8b899c12
~ld


6.01
 0h00:04.598 2022/10/10T15:26:03z: DS3231
 0h00:04.613 2022/10/10T15:26:03z: BME280 (0x76)
 0h00:04.627 2022/10/10T15:26:03z: 84:f3:eb:7d:7:a8
 0h00:04.629 2022/10/10T15:26:03z: SSID: MU Open
 0h00:04.634 2022/10/10T15:26:03z: AP_STAR tmr
 ets Jan  8 2013,rst cause:4, boot mode:(3,7)

wdt reset
load 0x4010f000, len 1384, room 16 
tail 8
chksum 0x2d
csum 0x2d
v8b899c12
~ld


6.01
 0h00:04.884 2022/10/10T15:46:07z: DS3231
 0h00:04.899 2022/10/10T15:46:07z: BME280 (0x76)
 0h00:04.913 2022/10/10T15:46:07z: 84:f3:eb:7d:7:a8
 0h00:04.915 2022/10/10T15:46:07z: SSID: MU Open
 0h00:04.920 2022/10/10T15:46:07z: AP_STAR tmr
 ets Jan  8 2013,rst cause:4, boot mode:(3,7)

wdt reset
load 0x4010f000, len 1384, room 16 
tail 8
chksum 0x2d
csum 0x2d
v8b899c12
~ld


6.01
 0h00:04.799 2022/10/10T16:06:11z: DS3231
 0h00:04.814 2022/10/10T16:06:11z: BME280 (0x76)
 0h00:04.829 2022/10/10T16:06:11z: 84:f3:eb:7d:7:a8
 0h00:04.830 2022/10/10T16:06:11z: SSID: MU Open
 0h00:04.836 2022/10/10T16:06:11z: AP_STAR tmr
 ets Jan  8 2013,rst cause:4, boot mode:(3,7)

wdt reset
load 0x4010f000, len 1384, room 16 
tail 8
chksum 0x2d
csum 0x2d
v8b899c12
~ld


6.01
 0h00:05.028 2022/10/10T16:26:16z: DS3231
 0h00:05.043 2022/10/10T16:26:16z: BME280 (0x76)
 0h00:05.057 2022/10/10T16:26:16z: 84:f3:eb:7d:7:a8
 0h00:05.059 2022/10/10T16:26:16z: SSID: MU Open
 0h00:05.064 2022/10/10T16:26:16z: AP_STAR tmr
 ets Jan  8 2013,rst cause:4, boot mode:(3,7)

wdt reset
load 0x4010f000, len 1384, room 16 
tail 8
chksum 0x2d
csum 0x2d
v8b899c12
~ld


6.01
 0h00:05.191 2022/10/10T16:46:21z: DS3231
 0h00:05.206 2022/10/10T16:46:21z: BME280 (0x76)
 0h00:05.220 2022/10/10T16:46:21z: 84:f3:eb:7d:7:a8
 0h00:05.222 2022/10/10T16:46:21z: SSID: MU Open
 0h00:05.227 2022/10/10T16:46:21z: AP_STAR tmr
 ets Jan  8 2013,rst cause:4, boot mode:(3,7)

wdt reset
load 0x4010f000, len 1384, room 16 
tail 8
chksum 0x2d
csum 0x2d
v8b899c12
~ld


6.01
 0h00:04.756 2022/10/10T17:06:25z: DS3231
 0h00:04.771 2022/10/10T17:06:25z: BME280 (0x76)
 0h00:04.785 2022/10/10T17:06:25z: 84:f3:eb:7d:7:a8
 0h00:04.787 2022/10/10T17:06:25z: SSID: MU Open
 0h00:04.792 2022/10/10T17:06:25z: AP_STAR tmr
 ets Jan  8 2013,rst cause:4, boot mode:(3,7)

wdt reset
load 0x4010f000, len 1384, room 16 
tail 8
chksum 0x2d
csum 0x2d
v8b899c12
~ld


6.01
 0h00:05.149 2022/10/10T17:26:30z: DS3231
 0h00:05.165 2022/10/10T17:26:30z: BME280 (0x76)
 0h00:05.179 2022/10/10T17:26:30z: 84:f3:eb:7d:7:a8
 0h00:05.180 2022/10/10T17:26:30z: SSID: MU Open
 0h00:05.186 2022/10/10T17:26:30z: AP_STAR tmr
 ets Jan  8 2013,rst cause:4, boot mode:(3,7)

wdt reset
load 0x4010f000, len 1384, room 16 
tail 8
chksum 0x2d
csum 0x2d
v8b899c12
~ld


6.01
 0h00:04.945 2022/10/10T17:46:34z: DS3231
 0h00:04.960 2022/10/10T17:46:34z: BME280 (0x76)
 0h00:04.974 2022/10/10T17:46:35z: 84:f3:eb:7d:7:a8
 0h00:04.976 2022/10/10T17:46:35z: SSID: MU Open
 0h00:04.981 2022/10/10T17:46:35z: AP_STAR tmr
 ets Jan  8 2013,rst cause:4, boot mode:(3,7)

wdt reset
load 0x4010f000, len 1384, room 16 
tail 8
chksum 0x2d
csum 0x2d
v8b899c12
~ld


6.01
 0h00:04.513 2022/10/10T18:06:38z: DS3231
 0h00:04.529 2022/10/10T18:06:38z: BME280 (0x76)
 0h00:04.543 2022/10/10T18:06:38z: 84:f3:eb:7d:7:a8
 0h00:04.544 2022/10/10T18:06:38z: SSID: MU Open
 0h00:04.550 2022/10/10T18:06:38z: AP_STAR tmr
 ets Jan  8 2013,rst cause:4, boot mode:(3,7)

wdt reset
load 0x4010f000, len 1384, room 16 
tail 8
chksum 0x2d
csum 0x2d
v8b899c12
~ld


6.01
 0h00:04.483 2022/10/10T18:26:42z: DS3231
 0h00:04.498 2022/10/10T18:26:42z: BME280 (0x76)
 0h00:04.512 2022/10/10T18:26:42z: 84:f3:eb:7d:7:a8
 0h00:04.514 2022/10/10T18:26:42z: SSID: MU Open
 0h00:04.519 2022/10/10T18:26:42z: AP_STAR tmr
 ets Jan  8 2013,rst cause:4, boot mode:(3,7)

wdt reset
load 0x4010f000, len 1384, room 16 
tail 8
chksum 0x2d
csum 0x2d
v8b899c12
~ld


6.01
 0h00:04.512 2022/10/10T18:46:46z: DS3231
 0h00:04.528 2022/10/10T18:46:46z: BME280 (0x76)
 0h00:04.542 2022/10/10T18:46:46z: 84:f3:eb:7d:7:a8
 0h00:04.543 2022/10/10T18:46:46z: SSID: MU Open
 0h00:04.549 2022/10/10T18:46:46z: AP_STAR tmr
 ets Jan  8 2013,rst cause:4, boot mode:(3,7)

wdt reset
load 0x4010f000, len 1384, room 16 
tail 8
chksum 0x2d
csum 0x2d
v8b899c12
~ld


6.01
 0h00:04.491 2022/10/10T19:06:50z: DS3231
 0h00:04.506 2022/10/10T19:06:50z: BME280 (0x76)
 0h00:04.520 2022/10/10T19:06:50z: 84:f3:eb:7d:7:a8
 0h00:04.522 2022/10/10T19:06:50z: SSID: MU Open
 0h00:04.527 2022/10/10T19:06:50z: AP_STAR tmr
 ets Jan  8 2013,rst cause:4, boot mode:(3,7)

wdt reset
load 0x4010f000, len 1384, room 16 
tail 8
chksum 0x2d
csum 0x2d
v8b899c12
~ld


6.01
 0h00:04.941 2022/10/10T19:26:54z: DS3231
 0h00:04.957 2022/10/10T19:26:54z: BME280 (0x76)
 0h00:04.971 2022/10/10T19:26:54z: 84:f3:eb:7d:7:a8
 0h00:04.972 2022/10/10T19:26:54z: SSID: MU Open
 0h00:04.978 2022/10/10T19:26:54z: AP_STAR tmr
 ets Jan  8 2013,rst cause:4, boot mode:(3,7)

wdt reset
load 0x4010f000, len 1384, room 16 
tail 8
chksum 0x2d
csum 0x2d
v8b899c12
~ld


6.01
 0h00:04.719 2022/10/10T19:46:58z: DS3231
 0h00:04.734 2022/10/10T19:46:58z: BME280 (0x76)
 0h00:04.749 2022/10/10T19:46:58z: 84:f3:eb:7d:7:a8
 0h00:04.750 2022/10/10T19:46:58z: SSID: MU Open
 0h00:04.755 2022/10/10T19:46:58z: AP_STAR tmr
 ets Jan  8 2013,rst cause:4, boot mode:(3,7)

wdt reset
load 0x4010f000, len 1384, room 16 
tail 8
chksum 0x2d
csum 0x2d
v8b899c12
~ld


6.01
 0h00:04.403 2022/10/10T20:07:03z: DS3231
 0h00:04.418 2022/10/10T20:07:03z: BME280 (0x76)
 0h00:04.432 2022/10/10T20:07:03z: 84:f3:eb:7d:7:a8
 0h00:04.434 2022/10/10T20:07:03z: SSID: MU Open
 0h00:04.439 2022/10/10T20:07:03z: AP_STAR tmr
 ets Jan  8 2013,rst cause:4, boot mode:(3,7)

wdt reset
load 0x4010f000, len 1384, room 16 
tail 8
chksum 0x2d
csum 0x2d
v8b899c12
~ld


6.01
 0h00:04.540 2022/10/10T20:27:06z: DS3231
 0h00:04.555 2022/10/10T20:27:06z: BME280 (0x76)
 0h00:04.569 2022/10/10T20:27:06z: 84:f3:eb:7d:7:a8
 0h00:04.571 2022/10/10T20:27:06z: SSID: MU Open
 0h00:04.576 2022/10/10T20:27:06z: AP_STAR tmr
 ets Jan  8 2013,rst cause:4, boot mode:(3,7)

wdt reset
load 0x4010f000, len 1384, room 16 
tail 8
chksum 0x2d
csum 0x2d
v8b899c12
~ld


6.01
 0h00:04.632 2022/10/10T20:47:10z: DS3231
 0h00:04.647 2022/10/10T20:47:10z: BME280 (0x76)
 0h00:04.662 2022/10/10T20:47:10z: 84:f3:eb:7d:7:a8
 0h00:04.663 2022/10/10T20:47:10z: SSID: MU Open
 0h00:04.668 2022/10/10T20:47:10z: AP_STAR tmr
 ets Jan  8 2013,rst cause:4, boot mode:(3,7)

wdt reset
load 0x4010f000, len 1384, room 16 
tail 8
chksum 0x2d
csum 0x2d
v8b899c12
~ld


6.01
 0h00:04.722 2022/10/10T21:07:15z: DS3231
 0h00:04.737 2022/10/10T21:07:15z: BME280 (0x76)
 0h00:04.751 2022/10/10T21:07:15z: 84:f3:eb:7d:7:a8
 0h00:04.753 2022/10/10T21:07:15z: SSID: MU Open
 0h00:04.758 2022/10/10T21:07:15z: AP_STAR tmr
 ets Jan  8 2013,rst cause:4, boot mode:(3,7)

wdt reset
load 0x4010f000, len 1384, room 16 
tail 8
chksum 0x2d
csum 0x2d
v8b899c12
~ld


6.01
 0h00:04.549 2022/10/10T21:27:19z: DS3231
 0h00:04.564 2022/10/10T21:27:19z: BME280 (0x76)
 0h00:04.578 2022/10/10T21:27:19z: 84:f3:eb:7d:7:a8
 0h00:04.580 2022/10/10T21:27:19z: SSID: MU Open
 0h00:04.585 2022/10/10T21:27:19z: AP_STAR tmr
 ets Jan  8 2013,rst cause:4, boot mode:(3,7)

wdt reset
load 0x4010f000, len 1384, room 16 
tail 8
chksum 0x2d
csum 0x2d
v8b899c12
~ld


6.01
 0h00:04.912 2022/10/10T21:47:23z: DS3231
 0h00:04.928 2022/10/10T21:47:23z: BME280 (0x76)
 0h00:04.942 2022/10/10T21:47:23z: 84:f3:eb:7d:7:a8
 0h00:04.944 2022/10/10T21:47:23z: SSID: MU Open
 0h00:04.949 2022/10/10T21:47:23z: AP_STAR tmr
 ets Jan  8 2013,rst cause:4, boot mode:(3,7)

wdt reset
load 0x4010f000, len 1384, room 16 
tail 8
chksum 0x2d
csum 0x2d
v8b899c12
~ld


6.01
 0h00:04.833 2022/10/10T22:07:27z: DS3231
 0h00:04.849 2022/10/10T22:07:27z: BME280 (0x76)
 0h00:04.863 2022/10/10T22:07:27z: 84:f3:eb:7d:7:a8
 0h00:04.865 2022/10/10T22:07:27z: SSID: MU Open
 0h00:04.870 2022/10/10T22:07:27z: AP_STAR tmr
 ets Jan  8 2013,rst cause:4, boot mode:(3,7)

wdt reset
load 0x4010f000, len 1384, room 16 
tail 8
chksum 0x2d
csum 0x2d
v8b899c12
~ld


6.01
 0h00:04.888 2022/10/10T22:27:32z: DS3231
 0h00:04.903 2022/10/10T22:27:32z: BME280 (0x76)
 0h00:04.917 2022/10/10T22:27:32z: 84:f3:eb:7d:7:a8
 0h00:04.919 2022/10/10T22:27:32z: SSID: MU Open
 0h00:04.924 2022/10/10T22:27:32z: AP_STAR tmr
 ets Jan  8 2013,rst cause:4, boot mode:(3,7)

wdt reset
load 0x4010f000, len 1384, room 16 
tail 8
chksum 0x2d
csum 0x2d
v8b899c12
~ld


6.01
 0h00:04.946 2022/10/10T22:47:36z: DS3231
 0h00:04.961 2022/10/10T22:47:37z: BME280 (0x76)
 0h00:04.975 2022/10/10T22:47:37z: 84:f3:eb:7d:7:a8
 0h00:04.977 2022/10/10T22:47:37z: SSID: MU Open
 0h00:04.982 2022/10/10T22:47:37z: AP_STAR tmr
 ets Jan  8 2013,rst cause:4, boot mode:(3,7)

wdt reset
load 0x4010f000, len 1384, room 16 
tail 8
chksum 0x2d
csum 0x2d
v8b899c12
~ld


6.01
 0h00:04.715 2022/10/10T23:07:40z: DS3231
 0h00:04.730 2022/10/10T23:07:40z: BME280 (0x76)
 0h00:04.744 2022/10/10T23:07:40z: 84:f3:eb:7d:7:a8
 0h00:04.746 2022/10/10T23:07:40z: SSID: MU Open
 0h00:04.751 2022/10/10T23:07:40z: AP_STAR tmr
 ets Jan  8 2013,rst cause:4, boot mode:(3,7)

wdt reset
load 0x4010f000, len 1384, room 16 
tail 8
chksum 0x2d
csum 0x2d
v8b899c12
~ld


6.01
 0h00:05.245 2022/10/10T23:27:45z: DS3231
 0h00:05.260 2022/10/10T23:27:45z: BME280 (0x76)
 0h00:05.274 2022/10/10T23:27:45z: 84:f3:eb:7d:7:a8
 0h00:05.276 2022/10/10T23:27:45z: SSID: MU Open
 0h00:05.281 2022/10/10T23:27:45z: AP_STAR tmr
 ets Jan  8 2013,rst cause:4, boot mode:(3,7)

wdt reset
load 0x4010f000, len 1384, room 16 
tail 8
chksum 0x2d
csum 0x2d
v8b899c12
~ld


6.01
 0h00:04.882 2022/10/10T23:47:49z: DS3231
 0h00:04.898 2022/10/10T23:47:49z: BME280 (0x76)
 0h00:04.912 2022/10/10T23:47:49z: 84:f3:eb:7d:7:a8
 0h00:04.913 2022/10/10T23:47:49z: SSID: MU Open
 0h00:04.919 2022/10/10T23:47:49z: AP_STA