R tmr
 ets Jan  8 2013,rst cause:4, boot mode:(3,7)

wdt reset
load 0x4010f000, len 1384, room 16 
tail 8
chksum 0x2d
csum 0x2d
v8b899c12
~ld


6.01
 0h00:04.184 2022/05/15T00:17:59z: DS3231
 0h00:04.199 2022/05/15T00:17:59z: BME280 (0x76)
 0h00:04.214 2022/05/15T00:17:59z: 84:f3:eb:7d:7:a8
 0h00:04.215 2022/05/15T00:17:59z: SSID: MU Open
 0h00:04.220 2022/05/15T00:17:59z: AP_STAR tmr
 ets Jan  8 2013,rst cause:4, boot mode:(3,7)

wdt reset
load 0x4010f000, len 1384, room 16 
tail 8
chksum 0x2d
csum 0x2d
v8b899c12
~ld


6.01
 0h00:04.279 2022/05/15T00:38:00z: DS3231
 0h00:04.294 2022/05/15T00:38:00z: BME280 (0x76)
 0h00:04.308 2022/05/15T00:38:00z: 84:f3:eb:7d:7:a8
 0h00:04.310 2022/05/15T00:38:00z: SSID: MU Open
 0h00:04.315 2022/05/15T00:38:00z: AP_STAR tmr
 ets Jan  8 2013,rst cause:4, boot mode:(3,7)

wdt reset
load 0x4010f000, len 1384, room 16 
tail 8
chksum 0x2d
csum 0x2d
v8b899c12
~ld


6.01
 0h00:04.372 2022/05/15T00:58:03z: DS3231
 0h00:04.388 2022/05/15T00:58:03z: BME280 (0x76)
 0h00:04.402 2022/05/15T00:58:03z: 84:f3:eb:7d:7:a8
 0h00:04.403 2022/05/15T00:58:03z: SSID: MU Open
 0h00:04.409 2022/05/15T00:58:03z: AP_STAR tmr
 ets Jan  8 2013,rst cause:4, boot mode:(3,7)

wdt reset
load 0x4010f000, len 1384, room 16 
tail 8
chksum 0x2d
csum 0x2d
v8b899c12
~ld


6.01
 0h00:04.176 2022/05/15T01:18:04z: DS3231
 0h00:04.191 2022/05/15T01:18:04z: BME280 (0x76)
 0h00:04.205 2022/05/15T01:18:04z: 84:f3:eb:7d:7:a8
 0h00:04.207 2022/05/15T01:18:04z: SSID: MU Open
 0h00:04.212 2022/05/15T01:18:04z: AP_STAR tmr
 ets Jan  8 2013,rst cause:4, boot mode:(3,7)

wdt reset
load 0x4010f000, len 1384, room 16 
tail 8
chksum 0x2d
csum 0x2d
v8b899c12
~ld


6.01
 0h00:04.442 2022/05/15T01:38:05z: DS3231
 0h00:04.457 2022/05/15T01:38:05z: BME280 (0x76)
 0h00:04.471 2022/05/15T01:38:05z: 84:f3:eb:7d:7:a8
 0h00:04.473 2022/05/15T01:38:05z: SSID: MU Open
 0h00:04.478 2022/05/15T01:38:05z: AP_STAR tmr
 ets Jan  8 2013,rst cause:4, boot mode:(3,7)

wdt reset
load 0x4010f000, len 1384, room 16 
tail 8
chksum 0x2d
csum 0x2d
v8b899c12
~ld


6.01
 0h00:04.063 2022/05/15T01:58:06z: DS3231
 0h00:04.078 2022/05/15T01:58:06z: BME280 (0x76)
 0h00:04.092 2022/05/15T01:58:06z: 84:f3:eb:7d:7:a8
 0h00:04.094 2022/05/15T01:58:06z: SSID: MU Open
 0h00:04.099 2022/05/15T01:58:06z: AP_STAR tmr
 ets Jan  8 2013,rst cause:4, boot mode:(3,7)

wdt reset
load 0x4010f000, len 1384, room 16 
tail 8
chksum 0x2d
csum 0x2d
v8b899c12
~ld


6.01
 0h00:04.080 2022/05/15T02:18:07z: DS3231
 0h00:04.096 2022/05/15T02:18:07z: BME280 (0x76)
 0h00:04.110 2022/05/15T02:18:07z: 84:f3:eb:7d:7:a8
 0h00:04.112 2022/05/15T02:18:07z: SSID: MU Open
 0h00:04.117 2022/05/15T02:18:07z: AP_STAR tmr
 ets Jan  8 2013,rst cause:4, boot mode:(3,7)

wdt reset
load 0x4010f000, len 1384, room 16 
tail 8
chksum 0x2d
csum 0x2d
v8b899c12
~ld


6.01
 0h00:04.287 2022/05/15T02:38:08z: DS3231
 0h00:04.303 2022/05/15T02:38:08z: BME280 (0x76)
 0h00:04.317 2022/05/15T02:38:08z: 84:f3:eb:7d:7:a8
 0h00:04.318 2022/05/15T02:38:08z: SSID: MU Open
 0h00:04.324 2022/05/15T02:38:08z: AP_STAR tmr
 ets Jan  8 2013,rst cause:4, boot mode:(3,7)

wdt reset
load 0x4010f000, len 1384, room 16 
tail 8
chksum 0x2d
csum 0x2d
v8b899c12
~ld


6.01
 0h00:04.434 2022/05/15T02:58:10z: DS3231
 0h00:04.450 2022/05/15T02:58:10z: BME280 (0x76)
 0h00:04.464 2022/05/15T02:58:10z: 84:f3:eb:7d:7:a8
 0h00:04.466 2022/05/15T02:58:10z: SSID: MU Open
 0h00:04.471 2022/05/15T02:58:10z: AP_STAR tmr
 ets Jan  8 2013,rst cause:4, boot mode:(3,7)

wdt reset
load 0x4010f000, len 1384, room 16 
tail 8
chksum 0x2d
csum 0x2d
v8b899c12
~ld


6.01
 0h00:04.269 2022/05/15T03:18:12z: DS3231
 0h00:04.284 2022/05/15T03:18:12z: BME280 (0x76)
 0h00:04.298 2022/05/15T03:18:12z: 84:f3:eb:7d:7:a8
 0h00:04.300 2022/05/15T03:18:12z: SSID: MU Open
 0h00:04.305 2022/05/15T03:18:12z: AP_STAR tmr
 ets Jan  8 2013,rst cause:4, boot mode:(3,7)

wdt reset
load 0x4010f000, len 1384, room 16 
tail 8
chksum 0x2d
csum 0x2d
v8b899c12
~ld


6.01
 0h00:04.257 2022/05/15T03:38:14z: DS3231
 0h00:04.272 2022/05/15T03:38:14z: BME280 (0x76)
 0h00:04.286 2022/05/15T03:38:14z: 84:f3:eb:7d:7:a8
 0h00:04.288 2022/05/15T03:38:14z: SSID: MU Open
 0h00:04.293 2022/05/15T03:38:14z: AP_STAR tmr
 ets Jan  8 2013,rst cause:4, boot mode:(3,7)

wdt reset
load 0x4010f000, len 1384, room 16 
tail 8
chksum 0x2d
csum 0x2d
v8b899c12
~ld


6.01
 0h00:04.320 2022/05/15T03:58:16z: DS3231
 0h00:04.335 2022/05/15T03:58:16z: BME280 (0x76)
 0h00:04.349 2022/05/15T03:58:16z: 84:f3:eb:7d:7:a8
 0h00:04.351 2022/05/15T03:58:16z: SSID: MU Open
 0h00:04.356 2022/05/15T03:58:16z: AP_STAR tmr
 ets Jan  8 2013,rst cause:4, boot mode:(3,7)

wdt reset
load 0x4010f000, len 1384, room 16 
tail 8
chksum 0x2d
csum 0x2d
v8b899c12
~ld


6.01
 0h00:04.415 2022/05/15T04:18:18z: DS3231
 0h00:04.431 2022/05/15T04:18:18z: BME280 (0x76)
 0h00:04.445 2022/05/15T04:18:18z: 84:f3:eb:7d:7:a8
 0h00:04.446 2022/05/15T04:18:18z: SSID: MU Open
 0h00:04.452 2022/05/15T04:18:18z: AP_STAR tmr
 ets Jan  8 2013,rst cause:4, boot mode:(3,7)

wdt reset
load 0x4010f000, len 1384, room 16 
tail 8
chksum 0x2d
csum 0x2d
v8b899c12
~ld


6.01
 0h00:04.279 2022/05/15T04:38:19z: DS3231
 0h00:04.294 2022/05/15T04:38:19z: BME280 (0x76)
 0h00:04.308 2022/05/15T04:38:19z: 84:f3:eb:7d:7:a8
 0h00:04.310 2022/05/15T04:38:19z: SSID: MU Open
 0h00:04.315 2022/05/15T04:38:19z: AP_STAR tmr
 ets Jan  8 2013,rst cause:4, boot mode:(3,7)

wdt reset
load 0x4010f000, len 1384, room 16 
tail 8
chksum 0x2d
csum 0x2d
v8b899c12
~ld


6.01
 0h00:04.533 2022/05/15T04:58:21z: DS3231
 0h00:04.548 2022/05/15T04:58:21z: BME280 (0x76)
 0h00:04.562 2022/05/15T04:58:21z: 84:f3:eb:7d:7:a8
 0h00:04.564 2022/05/15T04:58:21z: SSID: MU Open
 0h00:04.569 2022/05/15T04:58:21z: AP_STAR tmr
 ets Jan  8 2013,rst cause:4, boot mode:(3,7)

wdt reset
load 0x4010f000, len 1384, room 16 
tail 8
chksum 0x2d
csum 0x2d
v8b899c12
~ld


6.01
 0h00:04.210 2022/05/15T05:18:22z: DS3231
 0h00:04.226 2022/05/15T05:18:22z: BME280 (0x76)
 0h00:04.240 2022/05/15T05:18:22z: 84:f3:eb:7d:7:a8
 0h00:04.242 2022/05/15T05:18:22z: SSID: MU Open
 0h00:04.247 2022/05/15T05:18:22z: AP_STAR tmr
 ets Jan  8 2013,rst cause:4, boot mode:(3,7)

wdt reset
load 0x4010f000, len 1384, room 16 
tail 8
chksum 0x2d
csum 0x2d
v8b899c12
~ld


6.01
 0h00:04.517 2022/05/15T05:38:23z: DS3231
 0h00:04.532 2022/05/15T05:38:23z: BME280 (0x76)
 0h00:04.546 2022/05/15T05:38:23z: 84:f3:eb:7d:7:a8
 0h00:04.548 2022/05/15T05:38:23z: SSID: MU Open
 0h00:04.553 2022/05/15T05:38:23z: AP_STAR tmr
 ets Jan  8 2013,rst cause:4, boot mode:(3,7)

wdt reset
load 0x4010f000, len 1384, room 16 
tail 8
chksum 0x2d
csum 0x2d
v8b899c12
~ld


6.01
 0h00:04.236 2022/05/15T05:58:24z: DS3231
 0h00:04.251 2022/05/15T05:58:24z: BME280 (0x76)
 0h00:04.265 2022/05/15T05:58:24z: 84:f3:eb:7d:7:a8
 0h00:04.267 2022/05/15T05:58:24z: SSID: MU Open
 0h00:04.272 2022/05/15T05:58:24z: AP_STAR tmr
 ets Jan  8 2013,rst cause:4, boot mode:(3,7)

wdt reset
load 0x4010f000, len 1384, room 16 
tail 8
chksum 0x2d
csum 0x2d
v8b899c12
~ld


6.01
 0h00:04.273 2022/05/15T06:18:26z: DS3231
 0h00:04.288 2022/05/15T06:18:26z: BME280 (0x76)
 0h00:04.302 2022/05/15T06:18:26z: 84:f3:eb:7d:7:a8
 0h00:04.304 2022/05/15T06:18:26z: SSID: MU Open
 0h00:04.309 2022/05/15T06:18:26z: AP_STAR tmr
 ets Jan  8 2013,rst cause:4, boot mode:(3,7)

wdt reset
load 0x4010f000, len 1384, room 16 
tail 8
chksum 0x2d
csum 0x2d
v8b899c12
~ld


6.01
 0h00:04.246 2022/05/15T06:38:27z: DS3231
 0h00:04.262 2022/05/15T06:38:27z: BME280 (0x76)
 0h00:04.276 2022/05/15T06:38:27z: 84:f3:eb:7d:7:a8
 0h00:04.278 2022/05/15T06:38:27z: SSID: MU Open
 0h00:04.283 2022/05/15T06:38:27z: AP_STAR tmr
 ets Jan  8 2013,rst cause:4, boot mode:(3,7)

wdt reset
load 0x4010f000, len 1384, room 16 
tail 8
chksum 0x2d
csum 0x2d
v8b899c12
~ld


6.01
 0h00:04.150 2022/05/15T06:58:28z: DS3231
 0h00:04.165 2022/05/15T06:58:28z: BME280 (0x76)
 0h00:04.180 2022/05/15T06:58:28z: 84:f3:eb:7d:7:a8
 0h00:04.181 2022/05/15T06:58:28z: SSID: MU Open
 0h00:04.186 2022/05/15T06:58:28z: AP_STAR tmr
 ets Jan  8 2013,rst cause:4, boot mode:(3,7)

wdt reset
load 0x4010f000, len 1384, room 16 
tail 8
chksum 0x2d
csum 0x2d
v8b899c12
~ld


6.01
 0h00:04.332 2022/05/15T07:18:30z: DS3231
 0h00:04.347 2022/05/15T07:18:30z: BME280 (0x76)
 0h00:04.361 2022/05/15T07:18:30z: 84:f3:eb:7d:7:a8
 0h00:04.363 2022/05/15T07:18:30z: SSID: MU Open
 0h00:04.368 2022/05/15T07:18:30z: AP_STAR tmr
 ets Jan  8 2013,rst cause:4, boot mode:(3,7)

wdt reset
load 0x4010f000, len 1384, room 16 
tail 8
chksum 0x2d
csum 0x2d
v8b899c12
~ld


6.01
 0h00:04.388 2022/05/15T07:38:32z: DS3231
 0h00:04.403 2022/05/15T07:38:32z: BME280 (0x76)
 0h00:04.417 2022/05/15T07:38:32z: 84:f3:eb:7d:7:a8
 0h00:04.419 2022/05/15T07:38:32z: SSID: MU Open
 0h00:04.424 2022/05/15T07:38:32z: AP_STAR tmr
 ets Jan  8 2013,rst cause:4, boot mode:(3,7)

wdt reset
load 0x4010f000, len 1384, room 16 
tail 8
chksum 0x2d
csum 0x2d
v8b899c12
~ld


6.01
 0h00:04.361 2022/05/15T07:58:32z: DS3231
 0h00:04.377 2022/05/15T07:58:32z: BME280 (0x76)
 0h00:04.391 2022/05/15T07:58:32z: 84:f3:eb:7d:7:a8
 0h00:04.392 2022/05/15T07:58:32z: SSID: MU Open
 0h00:04.398 2022/05/15T07:58:32z: AP_STAR tmr
 ets Jan  8 2013,rst cause:4, boot mode:(3,7)

wdt reset
load 0x4010f000, len 1384, room 16 
tail 8
chksum 0x2d
csum 0x2d
v8b899c12
~ld


6.01
 0h00:04.203 2022/05/15T08:18:33z: DS3231
 0h00:04.218 2022/05/15T08:18:33z: BME280 (0x76)
 0h00:04.232 2022/05/15T08:18:33z: 84:f3:eb:7d:7:a8
 0h00:04.234 2022/05/15T08:18:33z: SSID: MU Open
 0h00:04.239 2022/05/15T08:18:33z: AP_STAR tmr
 ets Jan  8 2013,rst cause:4, boot mode:(3,7)

wdt reset
load 0x4010f000, len 1384, room 16 
tail 8
chksum 0x2d
csum 0x2d
v8b899c12
~ld


6.01
 0h00:04.044 2022/05/15T08:38:33z: DS3231
 0h00:04.059 2022/05/15T08:38:33z: BME280 (0x76)
 0h00:04.073 2022/05/15T08:38:33z: 84:f3:eb:7d:7:a8
 0h00:04.075 2022/05/15T08:38:33z: SSID: MU Open
 0h00:04.080 2022/05/15T08:38:33z: AP_STAR tmr
 ets Jan  8 2013,rst cause:4, boot mode:(3,7)

wdt reset
load 0x4010f000, len 1384, room 16 
tail 8
chksum 0x2d
csum 0x2d
v8b899c12
~ld


6.01
 0h00:04.130 2022/05/15T08:58:34z: DS3231
 0h00:04.146 2022/05/15T08:58:34z: BME280 (0x76)
 0h00:04.160 2022/05/15T08:58:34z: 84:f3:eb:7d:7:a8
 0h00:04.162 2022/05/15T08:58:34z: SSID: MU Open
 0h00:04.167 2022/05/15T08:58:34z: AP_STAR tmr
 ets Jan  8 2013,rst cause:4, boot mode:(3,7)

wdt reset
load 0x4010f000, len 1384, room 16 
tail 8
chksum 0x2d
csum 0x2d
v8b899c12
~ld


6.01
 0h00:03.991 2022/05/15T09:18:35z: DS3231
 0h00:04.006 2022/05/15T09:18:35z: BME280 (0x76)
 0h00:04.021 2022/05/15T09:18:35z: 84:f3:eb:7d:7:a8
 0h00:04.022 2022/05/15T09:18:35z: SSID: MU Open
 0h00:04.027 2022/05/15T09:18:35z: AP_STAR tmr
 ets Jan  8 2013,rst cause:4, boot mode:(3,7)

wdt reset
load 0x4010f000, len 1384, room 16 
tail 8
chksum 0x2d
csum 0x2d
v8b899c12
~ld


6.01
 0h00:04.364 2022/05/15T09:38:36z: DS3231
 0h00:04.379 2022/05/15T09:38:36z: BME280 (0x76)
 0h00:04.393 2022/05/15T09:38:36z: 84:f3:eb:7d:7:a8
 0h00:04.395 2022/05/15T09:38:36z: SSID: MU Open
 0h00:04.400 2022/05/15T09:38:36z: AP_STAR tmr
 ets Jan  8 2013,rst cause:4, boot mode:(3,7)

wdt reset
load 0x4010f000, len 1384, room 16 
tail 8
chksum 0x2d
csum 0x2d
v8b899c12
~ld


6.01
 0h00:04.365 2022/05/15T09:58:38z: DS3231
 0h00:04.381 2022/05/15T09:58:38z: BME280 (0x76)
 0h00:04.395 2022/05/15T09:58:38z: 84:f3:eb:7d:7:a8
 0h00:04.396 2022/05/15T09:58:38z: SSID: MU Open
 0h00:04.402 2022/05/15T09:58:38z: AP_STAR tmr
 ets Jan  8 2013,rst cause:4, boot mode:(3,7)

wdt reset
load 0x4010f000, len 1384, room 16 
tail 8
chksum 0x2d
csum 0x2d
v8b899c12
~ld


6.01
 0h00:04.194 2022/05/15T10:18:40z: DS3231
 0h00:04.210 2022/05/15T10:18:40z: BME280 (0x76)
 0h00:04.224 2022/05/15T10:18:40z: 84:f3:eb:7d:7:a8
 0h00:04.226 2022/05/15T10:18:40z: SSID: MU Open
 0h00:04.231 2022/05/15T10:18:40z: AP_STAR tmr
 ets Jan  8 2013,rst cause:4, boot mode:(3,7)

wdt reset
load 0x4010f000, len 1384, room 16 
tail 8
chksum 0x2d
csum 0x2d
v8b899c12
~ld


6.01
 0h00:04.320 2022/05/15T10:38:41z: DS3231
 0h00:04.335 2022/05/15T10:38:41z: BME280 (0x76)
 0h00:04.349 2022/05/15T10:38:41z: 84:f3:eb:7d:7:a8
 0h00:04.351 2022/05/15T10:38:41z: SSID: MU Open
 0h00:04.356 2022/05/15T10:38:41z: AP_STAR tmr
 ets Jan  8 2013,rst cause:4, boot mode:(3,7)

wdt reset
load 0x4010f000, len 1384, room 16 
tail 8
chksum 0x2d
csum 0x2d
v8b899c12
~ld


6.01
 0h00:04.176 2022/05/15T10:58:43z: DS3231
 0h00:04.192 2022/05/15T10:58:43z: BME280 (0x76)
 0h00:04.206 2022/05/15T10:58:43z: 84:f3:eb:7d:7:a8
 0h00:04.208 2022/05/15T10:58:43z: SSID: MU Open
 0h00:04.213 2022/05/15T10:58:43z: AP_STAR tmr
 ets Jan  8 2013,rst cause:4, boot mode:(3,7)

wdt reset
load 0x4010f000, len 1384, room 16 
tail 8
chksum 0x2d
csum 0x2d
v8b899c12
~ld


6.01
 0h00:04.095 2022/05/15T11:18:44z: DS3231
 0h00:04.110 2022/05/15T11:18:44z: BME280 (0x76)
 0h00:04.124 2022/05/15T11:18:44z: 84:f3:eb:7d:7:a8
 0h00:04.126 2022/05/15T11:18:44z: SSID: MU Open
 0h00:04.131 2022/05/15T11:18:44z: AP_STAR tmr
 ets Jan  8 2013,rst cause:4, boot mode:(3,7)

wdt reset
load 0x4010f000, len 1384, room 16 
tail 8
chksum 0x2d
csum 0x2d
v8b899c12
~ld


6.01
 0h00:04.223 2022/05/15T11:38:46z: DS3231
 0h00:04.238 2022/05/15T11:38:46z: BME280 (0x76)
 0h00:04.252 2022/05/15T11:38:46z: 84:f3:eb:7d:7:a8
 0h00:04.254 2022/05/15T11:38:46z: SSID: MU Open
 0h00:04.259 2022/05/15T11:38:46z: AP_STAR tmr
 ets Jan  8 2013,rst cause:4, boot mode:(3,7)

wdt reset
load 0x4010f000, len 1384, room 16 
tail 8
chksum 0x2d
csum 0x2d
v8b899c12
~ld


6.01
 0h00:04.173 2022/05/15T11:58:47z: DS3231
 0h00:04.188 2022/05/15T11:58:47z: BME280 (0x76)
 0h00:04.202 2022/05/15T11:58:47z: 84:f3:eb:7d:7:a8
 0h00:04.204 2022/05/15T11:58:47z: SSID: MU Open
 0h00:04.209 2022/05/15T11:58:47z: AP_STAR tmr
 ets Jan  8 2013,rst cause:4, boot mode:(3,7)

wdt reset
load 0x4010f000, len 1384, room 16 
tail 8
chksum 0x2d
csum 0x2d
v8b899c12
~ld


6.01
 0h00:04.253 2022/05/15T12:18:49z: DS3231
 0h00:04.268 2022/05/15T12:18:49z: BME280 (0x76)
 0h00:04.282 2022/05/15T12:18:49z: 84:f3:eb:7d:7:a8
 0h00:04.284 2022/05/15T12:18:49z: SSID: MU Open
 0h00:04.289 2022/05/15T12:18:49z: AP_STAR tmr
 ets Jan  8 2013,rst cause:4, boot mode:(3,7)

wdt reset
load 0x4010f000, len 1384, room 16 
tail 8
chksum 0x2d
csum 0x2d
v8b899c12
~ld


6.01
 0h00:04.361 2022/05/15T12:38:51z: DS3231
 0h00:04.376 2022/05/15T12:38:51z: BME280 (0x76)
 0h00:04.390 2022/05/15T12:38:51z: 84:f3:eb:7d:7:a8
 0h00:04.392 2022/05/15T12:38:51z: SSID: MU Open
 0h00:04.397 2022/05/15T12:38:51z: AP_STAR tmr
 ets Jan  8 2013,rst cause:4, boot mode:(3,7)

wdt reset
load 0x4010f000, len 1384, room 16 
tail 8
chksum 0x2d
csum 0x2d
v8b899c12
~ld


6.01
 0h00:04.155 2022/05/15T12:58:51z: DS3231
 0h00:04.170 2022/05/15T12:58:51z: BME280 (0x76)
 0h00:04.184 2022/05/15T12:58:51z: 84:f3:eb:7d:7:a8
 0h00:04.186 2022/05/15T12:58:51z: SSID: MU Open
 0h00:04.191 2022/05/15T12:58:51z: AP_STAR tmr
 ets Jan  8 2013,rst cause:4, boot mode:(3,7)

wdt reset
load 0x4010f000, len 1384, room 16 
tail 8
chksum 0x2d
csum 0x2d
v8b899c12
~ld


6.01
 0h00:04.213 2022/05/15T13:18:52z: DS3231
 0h00:04.228 2022/05/15T13:18:52z: BME280 (0x76)
 0h00:04.243 2022/05/15T13:18:52z: 84:f3:eb:7d:7:a8
 0h00:04.244 2022/05/15T13:18:52z: SSID: MU Open
 0h00:04.249 2022/05/15T13:18:52z: AP_STAR tmr
 ets Jan  8 2013,rst cause:4, boot mode:(3,7)

wdt reset
load 0x4010f000, len 1384, room 16 
tail 8
chksum 0x2d
csum 0x2d
v8b899c12
~ld


6.01
 0h00:04.136 2022/05/15T13:38:53z: DS3231
 0h00:04.151 2022/05/15T13:38:53z: BME280 (0x76)
 0h00:04.166 2022/05/15T13:38:53z: 84:f3:eb:7d:7:a8
 0h00:04.167 2022/05/15T13:38:53z: SSID: MU Open
 0h00:04.172 2022/05/15T13:38:53z: AP_STAR tmr
 ets Jan  8 2013,rst cause:4, boot mode:(3,7)

wdt reset
load 0x4010f000, len 1384, room 16 
tail 8
chksum 0x2d
csum 0x2d
v8b899c12
~ld


6.01
 0h00:04.064 2022/05/15T13:58:55z: DS3231
 0h00:04.079 2022/05/15T13:58:55z: BME280 (0x76)
 0h00:04.093 2022/05/15T13:58:55z: 84:f3:eb:7d:7:a8
 0h00:04.095 2022/05/15T13:58:55z: SSID: MU Open
 0h00:04.100 2022/05/15T13:58:55z: AP_STAR tmr
 ets Jan  8 2013,rst cause:4, boot mode:(3,7)

wdt reset
load 0x4010f000, len 1384, room 16 
tail 8
chksum 0x2d
csum 0x2d
v8b899c12
~ld


6.01
 0h00:04.326 2022/05/15T14:18:56z: DS3231
 0h00:04.341 2022/05/15T14:18:56z: BME280 (0x76)
 0h00:04.355 2022/05/15T14:18:56z: 84:f3:eb:7d:7:a8
 0h00:04.357 2022/05/15T14:18:56z: SSID: MU Open
 0h00:04.362 2022/05/15T14:18:56z: AP_STAR tmr
 ets Jan  8 2013,rst cause:4, boot mode:(3,7)

wdt reset
load 0x4010f000, len 1384, room 16 
tail 8
chksum 0x2d
csum 0x2d
v8b899c12
~ld


6.01
 0h00:04.100 2022/05/15T14:38:57z: DS3231
 0h00:04.115 2022/05/15T14:38:57z: BME280 (0x76)
 0h00:04.129 2022/05/15T14:38:57z: 84:f3:eb:7d:7:a8
 0h00:04.131 2022/05/15T14:38:57z: SSID: MU Open
 0h00:04.136 2022/05/15T14:38:57z: AP_STAR tmr
 ets Jan  8 2013,rst cause:4, boot mode:(3,7)

wdt reset
load 0x4010f000, len 1384, room 16 
tail 8
chksum 0x2d
csum 0x2d
v8b899c12
~ld


6.01
 0h00:03.876 2022/05/15T14:58:58z: DS3231
 0h00:03.891 2022/05/15T14:58:58z: BME280 (0x76)
 0h00:03.905 2022/05/15T14:58:58z: 84:f3:eb:7d:7:a8
 0h00:03.907 2022/05/15T14:58:58z: SSID: MU Open
 0h00:03.912 2022/05/15T14:58:58z: AP_STAR tmr
 ets Jan  8 2013,rst cause:4, boot mode:(3,7)

wdt reset
load 0x4010f000, len 1384, room 16 
tail 8
chksum 0x2d
csum 0x2d
v8b899c12
~ld


6.01
 0h00:04.218 2022/05/15T15:18:59z: DS3231
 0h00:04.233 2022/05/15T15:18:59z: BME280 (0x76)
 0h00:04.248 2022/05/15T15:18:59z: 84:f3:eb:7d:7:a8
 0h00:04.249 2022/05/15T15:18:59z: SSID: MU Open
 0h00:04.254 2022/05/15T15:18:59z: AP_STAR tmr
 ets Jan  8 2013,rst cause:4, boot mode:(3,7)

wdt reset
load 0x4010f000, len 1384, room 16 
tail 8
chksum 0x2d
csum 0x2d
v8b899c12
~ld


6.01
 0h00:04.020 2022/05/15T15:39:01z: DS3231
 0h00:04.035 2022/05/15T15:39:01z: BME280 (0x76)
 0h00:04.049 2022/05/15T15:39:01z: 84:f3:eb:7d:7:a8
 0h00:04.051 2022/05/15T15:39:01z: SSID: MU Open
 0h00:04.056 2022/05/15T15:39:01z: AP_STAR tmr
 ets Jan  8 2013,rst cause:4, boot mode:(3,7)

wdt reset
load 0x4010f000, len 1384, room 16 
tail 8
chksum 0x2d
csum 0x2d
v8b899c12
~ld


6.01
 0h00:04.060 2022/05/15T15:59:01z: DS3231
 0h00:04.076 2022/05/15T15:59:01z: BME280 (0x76)
 0h00:04.090 2022/05/15T15:59:01z: 84:f3:eb:7d:7:a8
 0h00:04.092 2022/05/15T15:59:01z: SSID: MU Open
 0h00:04.097 2022/05/15T15:59:01z: AP_STAR tmr
 ets Jan  8 2013,rst cause:4, boot mode:(3,7)

wdt reset
load 0x4010f000, len 1384, room 16 
tail 8
chksum 0x2d
csum 0x2d
v8b899c12
~ld


6.01
 0h00:04.093 2022/05/15T16:19:03z: DS3231
 0h00:04.108 2022/05/15T16:19:03z: BME280 (0x76)
 0h00:04.122 2022/05/15T16:19:03z: 84:f3:eb:7d:7:a8
 0h00:04.124 2022/05/15T16:19:03z: SSID: MU Open
 0h00:04.129 2022/05/15T16:19:03z: AP_STAR tmr
 ets Jan  8 2013,rst cause:4, boot mode:(3,7)

wdt reset
load 0x4010f000, len 1384, room 16 
tail 8
chksum 0x2d
csum 0x2d
v8b899c12
~ld


6.01
 0h00:04.242 2022/05/15T16:39:03z: DS3231
 0h00:04.257 2022/05/15T16:39:03z: BME280 (0x76)
 0h00:04.272 2022/05/15T16:39:04z: 84:f3:eb:7d:7:a8
 0h00:04.273 2022/05/15T16:39:04z: SSID: MU Open
 0h00:04.278 2022/05/15T16:39:04z: AP_STAR tmr
 ets Jan  8 2013,rst cause:4, boot mode:(3,7)

wdt reset
load 0x4010f000, len 1384, room 16 
tail 8
chksum 0x2d
csum 0x2d
v8b899c12
~ld


6.01
 0h00:04.112 2022/05/15T16:59:05z: DS3231
 0h00:04.128 2022/05/15T16:59:05z: BME280 (0x76)
 0h00:04.142 2022/05/15T16:59:05z: 84:f3:eb:7d:7:a8
 0h00:04.144 2022/05/15T16:59:05z: SSID: MU Open
 0h00:04.149 2022/05/15T16:59:05z: AP_STAR tmr
 ets Jan  8 2013,rst cause:4, boot mode:(3,7)

wdt reset
load 0x4010f000, len 1384, room 16 
tail 8
chksum 0x2d
csum 0x2d
v8b899c12
~ld


6.01
 0h00:04.107 2022/05/15T17:19:06z: DS3231
 0h00:04.122 2022/05/15T17:19:06z: BME280 (0x76)
 0h00:04.136 2022/05/15T17:19:06z: 84:f3:eb:7d:7:a8
 0h00:04.138 2022/05/15T17:19:06z: SSID: MU Open
 0h00:04.143 2022/05/15T17:19:06z: AP_STAR tmr
 ets Jan  8 2013,rst cause:4, boot mode:(3,7)

wdt reset
load 0x4010f000, len 1384, room 16 
tail 8
chksum 0x2d
csum 0x2d
v8b899c12
~ld


6.01
 0h00:04.292 2022/05/15T17:39:07z: DS3231
 0h00:04.307 2022/05/15T17:39:07z: BME280 (0x76)
 0h00:04.321 2022/05/15T17:39:07z: 84:f3:eb:7d:7:a8
 0h00:04.323 2022/05/15T17:39:07z: SSID: MU Open
 0h00:04.328 2022/05/15T17:39:07z: AP_STAR tmr
 ets Jan  8 2013,rst cause:4, boot mode:(3,7)

wdt reset
load 0x4010f000, len 1384, room 16 
tail 8
chksum 0x2d
csum 0x2d
v8b899c12
~ld


6.01
 0h00:04.054 2022/05/15T17:59:09z: DS3231
 0h00:04.069 2022/05/15T17:59:09z: BME280 (0x76)
 0h00:04.083 2022/05/15T17:59:09z: 84:f3:eb:7d:7:a8
 0h00:04.085 2022/05/15T17:59:09z: SSID: MU Open
 0h00:04.090 2022/05/15T17:59:09z: AP_STAR tmr
 ets Jan  8 2013,rst cause:4, boot mode:(3,7)

wdt reset
load 0x4010f000, len 1384, room 16 
tail 8
chksum 0x2d
csum 0x2d
v8b899c12
~ld


6.01
 0h00:04.206 2022/05/15T18:19:09z: DS3231
 0h00:04.221 2022/05/15T18:19:09z: BME280 (0x76)
 0h00:04.235 2022/05/15T18:19:09z: 84:f3:eb:7d:7:a8
 0h00:04.237 2022/05/15T18:19:09z: SSID: MU Open
 0h00:04.242 2022/05/15T18:19:09z: AP_STAR tmr
 ets Jan  8 2013,rst cause:4, boot mode:(3,7)

wdt reset
load 0x4010f000, len 1384, room 16 
tail 8
chksum 0x2d
csum 0x2d
v8b899c12
~ld


6.01
 0h00:04.062 2022/05/15T18:39:10z: DS3231
 0h00:04.078 2022/05/15T18:39:10z: BME280 (0x76)
 0h00:04.092 2022/05/15T18:39:10z: 84:f3:eb:7d:7:a8
 0h00:04.093 2022/05/15T18:39:10z: SSID: MU Open
 0h00:04.099 2022/05/15T18:39:10z: AP_STAR tmr
 ets Jan  8 2013,rst cause:4, boot mode:(3,7)

wdt reset
load 0x4010f000, len 1384, room 16 
tail 8
chksum 0x2d
csum 0x2d
v8b899c12
~ld


6.01
 0h00:04.344 2022/05/15T18:59:11z: DS3231
 0h00:04.359 2022/05/15T18:59:11z: BME280 (0x76)
 0h00:04.373 2022/05/15T18:59:11z: 84:f3:eb:7d:7:a8
 0h00:04.375 2022/05/15T18:59:11z: SSID: MU Open
 0h00:04.380 2022/05/15T18:59:11z: AP_STAR tmr
 ets Jan  8 2013,rst cause:4, boot mode:(3,7)

wdt reset
load 0x4010f000, len 1384, room 16 
tail 8
chksum 0x2d
csum 0x2d
v8b899c12
~ld


6.01
 0h00:04.099 2022/05/15T19:19:12z: DS3231
 0h00:04.115 2022/05/15T19:19:12z: BME280 (0x76)
 0h00:04.129 2022/05/15T19:19:12z: 84:f3:eb:7d:7:a8
 0h00:04.130 2022/05/15T19:19:12z: SSID: MU Open
 0h00:04.136 2022/05/15T19:19:12z: AP_STAR tmr
 ets Jan  8 2013,rst cause:4, boot mode:(3,7)

wdt reset
load 0x4010f000, len 1384, room 16 
tail 8
chksum 0x2d
csum 0x2d
v8b899c12
~ld


6.01
 0h00:04.121 2022/05/15T19:39:13z: DS3231
 0h00:04.136 2022/05/15T19:39:13z: BME280 (0x76)
 0h00:04.151 2022/05/15T19:39:13z: 84:f3:eb:7d:7:a8
 0h00:04.152 2022/05/15T19:39:13z: SSID: MU Open
 0h00:04.157 2022/05/15T19:39:13z: AP_STAR tmr
 ets Jan  8 2013,rst cause:4, boot mode:(3,7)

wdt reset
load 0x4010f000, len 1384, room 16 
tail 8
chksum 0x2d
csum 0x2d
v8b899c12
~ld


6.01
 0h00:04.133 2022/05/15T19:59:15z: DS3231
 0h00:04.148 2022/05/15T19:59:15z: BME280 (0x76)
 0h00:04.163 2022/05/15T19:59:15z: 84:f3:eb:7d:7:a8
 0h00:04.164 2022/05/15T19:59:15z: SSID: MU Open
 0h00:04.170 2022/05/15T19:59:15z: AP_STAR tmr
 ets Jan  8 2013,rst cause:4, boot mode:(3,7)

wdt reset
load 0x4010f000, len 1384, room 16 
tail 8
chksum 0x2d
csum 0x2d
v8b899c12
~ld


6.01
 0h00:04.293 2022/05/15T20:19:15z: DS3231
 0h00:04.309 2022/05/15T20:19:15z: BME280 (0x76)
 0h00:04.323 2022/05/15T20:19:15z: 84:f3:eb:7d:7:a8
 0h00:04.325 2022/05/15T20:19:15z: SSID: MU Open
 0h00:04.330 2022/05/15T20:19:15z: AP_STAR tmr
 ets Jan  8 2013,rst cause:4, boot mode:(3,7)

wdt reset
load 0x4010f000, len 1384, room 16 
tail 8
chksum 0x2d
csum 0x2d
v8b899c12
~ld


6.01
 0h00:04.291 2022/05/15T20:39:17z: DS3231
 0h00:04.307 2022/05/15T20:39:17z: BME280 (0x76)
 0h00:04.321 2022/05/15T20:39:17z: 84:f3:eb:7d:7:a8
 0h00:04.322 2022/05/15T20:39:17z: SSID: MU Open
 0h00:04.328 2022/05/15T20:39:17z: AP_STAR tmr
 ets Jan  8 2013,rst cause:4, boot mode:(3,7)

wdt reset
load 0x4010f000, len 1384, room 16 
tail 8
chksum 0x2d
csum 0x2d
v8b899c12
~ld


6.01
 0h00:04.358 2022/05/15T20:59:18z: DS3231
 0h00:04.373 2022/05/15T20:59:18z: BME280 (0x76)
 0h00:04.387 2022/05/15T20:59:18z: 84:f3:eb:7d:7:a8
 0h00:04.389 2022/05/15T20:59:18z: SSID: MU Open
 0h00:04.394 2022/05/15T20:59:18z: AP_STAR tmr
 ets Jan  8 2013,rst cause:4, boot mode:(3,7)

wdt reset
load 0x4010f000, len 1384, room 16 
tail 8
chksum 0x2d
csum 0x2d
v8b899c12
~ld


6.01
 0h00:04.345 2022/05/15T21:19:19z: DS3231
 0h00:04.360 2022/05/15T21:19:19z: BME280 (0x76)
 0h00:04.375 2022/05/15T21:19:19z: 84:f3:eb:7d:7:a8
 0h00:04.376 2022/05/15T21:19:19z: SSID: MU Open
 0h00:04.381 2022/05/15T21:19:19z: AP_STAR tmr
 ets Jan  8 2013,rst cause:4, boot mode:(3,7)

wdt reset
load 0x4010f000, len 1384, room 16 
tail 8
chksum 0x2d
csum 0x2d
v8b899c12
~ld


6.01
 0h00:04.187 2022/05/15T21:39:20z: DS3231
 0h00:04.203 2022/05/15T21:39:20z: BME280 (0x76)
 0h00:04.217 2022/05/15T21:39:20z: 84:f3:eb:7d:7:a8
 0h00:04.218 2022/05/15T21:39:20z: SSID: MU Open
 0h00:04.224 2022/05/15T21:39:20z: AP_STAR tmr
 ets Jan  8 2013,rst cause:4, boot mode:(3,7)

wdt reset
load 0x4010f000, len 1384, room 16 
tail 8
chksum 0x2d
csum 0x2d
v8b899c12
~ld


6.01
 0h00:04.360 2022/05/15T21:59:21z: DS3231
 0h00:04.376 2022/05/15T21:59:21z: BME280 (0x76)
 0h00:04.390 2022/05/15T21:59:21z: 84:f3:eb:7d:7:a8
 0h00:04.392 2022/05/15T21:59:21z: SSID: MU Open
 0h00:04.397 2022/05/15T21:59:21z: AP_STAR tmr
 ets Jan  8 2013,rst cause:4, boot mode:(3,7)

wdt reset
load 0x4010f000, len 1384, room 16 
tail 8
chksum 0x2d
csum 0x2d
v8b899c12
~ld


6.01
 0h00:04.201 2022/05/15T22:19:23z: DS3231
 0h00:04.217 2022/05/15T22:19:23z: BME280 (0x76)
 0h00:04.231 2022/05/15T22:19:23z: 84:f3:eb:7d:7:a8
 0h00:04.233 2022/05/15T22:19:23z: SSID: MU Open
 0h00:04.238 2022/05/15T22:19:23z: AP_STAR tmr
 ets Jan  8 2013,rst cause:4, boot mode:(3,7)

wdt reset
load 0x4010f000, len 1384, room 16 
tail 8
chksum 0x2d
csum 0x2d
v8b899c12
~ld


6.01
 0h00:04.093 2022/05/15T22:39:23z: DS3231
 0h00:04.109 2022/05/15T22:39:23z: BME280 (0x76)
 0h00:04.123 2022/05/15T22:39:23z: 84:f3:eb:7d:7:a8
 0h00:04.124 2022/05/15T22:39:23z: SSID: MU Open
 0h00:04.130 2022/05/15T22:39:23z: AP_STAR tmr
 ets Jan  8 2013,rst cause:4, boot mode:(3,7)

wdt reset
load 0x4010f000, len 1384, room 16 
tail 8
chksum 0x2d
csum 0x2d
v8b899c12
~ld


6.01
 0h00:04.421 2022/05/15T22:59:24z: DS3231
 0h00:04.436 2022/05/15T22:59:24z: BME280 (0x76)
 0h00:04.451 2022/05/15T22:59:24z: 84:f3:eb:7d:7:a8
 0h00:04.452 2022/05/15T22:59:24z: SSID: MU Open
 0h00:04.457 2022/05/15T22:59:24z: AP_STAR tmr
 ets Jan  8 2013,rst cause:4, boot mode:(3,7)

wdt reset
load 0x4010f000, len 1384, room 16 
tail 8
chksum 0x2d
csum 0x2d
v8b899c12
~ld


6.01
 0h00:04.145 2022/05/15T23:19:26z: DS3231
 0h00:04.160 2022/05/15T23:19:26z: BME280 (0x76)
 0h00:04.175 2022/05/15T23:19:26z: 84:f3:eb:7d:7:a8
 0h00:04.176 2022/05/15T23:19:26z: SSID: MU Open
 0h00:04.181 2022/05/15T23:19:26z: AP_STAR tmr
 ets Jan  8 2013,rst cause:4, boot mode:(3,7)

wdt reset
load 0x4010f000, len 1384, room 16 
tail 8
chksum 0x2d
csum 0x2d
v8b899c12
~ld


6.01
 0h00:04.290 2022/05/15T23:39:26z: DS3231
 0h00:04.305 2022/05/15T23:39:27z: BME280 (0x76)
 0h00:04.319 2022/05/15T23:39:27z: 84:f3:eb:7d:7:a8
 0h00:04.321 2022/05/15T23:39:27z: SSID: MU Open
 0h00:04.326 2022/05/15T23:39:27z: AP_STAR tmr
 ets Jan  8 2013,rst cause:4, boot mode:(3,7)

wdt reset
load 0x4010f000, len 1384, room 16 
tail 8
chksum 0x2d
csum 0x2d
v8b899c12
~ld


6.01
 0h00:03.996 2022/05/15T23:59:28z: DS3231
 0h00:04.011 2022/05/15T23:59:28z: BME280 (0x76)
 0h00:04.025 2022/05/15T23:59:28z: 84:f3:eb:7d:7:a8
 0h00:04.027 2022/05/15T23:59:28z: SSID: MU Open
 0h00:04.032 2022/05/15T23:59:28z: AP_STA