R tmr
 ets Jan  8 2013,rst cause:4, boot mode:(3,7)

wdt reset
load 0x4010f000, len 1384, room 16 
tail 8
chksum 0x2d
csum 0x2d
v8b899c12
~ld


6.01
 0h00:04.209 2022/06/03T00:13:57z: DS3231
 0h00:04.224 2022/06/03T00:13:57z: BME280 (0x76)
 0h00:04.239 2022/06/03T00:13:57z: 84:f3:eb:7d:7:a8
 0h00:04.240 2022/06/03T00:13:57z: SSID: MU Open
 0h00:04.245 2022/06/03T00:13:57z: AP_STAR tmr
 ets Jan  8 2013,rst cause:4, boot mode:(3,7)

wdt reset
load 0x4010f000, len 1384, room 16 
tail 8
chksum 0x2d
csum 0x2d
v8b899c12
~ld


6.01
 0h00:04.514 2022/06/03T00:34:00z: DS3231
 0h00:04.529 2022/06/03T00:34:00z: BME280 (0x76)
 0h00:04.543 2022/06/03T00:34:00z: 84:f3:eb:7d:7:a8
 0h00:04.545 2022/06/03T00:34:00z: SSID: MU Open
 0h00:04.550 2022/06/03T00:34:00z: AP_STAR tmr
 ets Jan  8 2013,rst cause:4, boot mode:(3,7)

wdt reset
load 0x4010f000, len 1384, room 16 
tail 8
chksum 0x2d
csum 0x2d
v8b899c12
~ld


6.01
 0h00:04.252 2022/06/03T00:54:01z: DS3231
 0h00:04.267 2022/06/03T00:54:01z: BME280 (0x76)
 0h00:04.281 2022/06/03T00:54:01z: 84:f3:eb:7d:7:a8
 0h00:04.283 2022/06/03T00:54:01z: SSID: MU Open
 0h00:04.288 2022/06/03T00:54:01z: AP_STAR tmr
 ets Jan  8 2013,rst cause:4, boot mode:(3,7)

wdt reset
load 0x4010f000, len 1384, room 16 
tail 8
chksum 0x2d
csum 0x2d
v8b899c12
~ld


6.01
 0h00:04.455 2022/06/03T01:14:03z: DS3231
 0h00:04.470 2022/06/03T01:14:03z: BME280 (0x76)
 0h00:04.485 2022/06/03T01:14:03z: 84:f3:eb:7d:7:a8
 0h00:04.486 2022/06/03T01:14:03z: SSID: MU Open
 0h00:04.491 2022/06/03T01:14:03z: AP_STAR tmr
 ets Jan  8 2013,rst cause:4, boot mode:(3,7)

wdt reset
load 0x4010f000, len 1384, room 16 
tail 8
chksum 0x2d
csum 0x2d
v8b899c12
~ld


6.01
 0h00:04.525 2022/06/03T01:34:06z: DS3231
 0h00:04.541 2022/06/03T01:34:06z: BME280 (0x76)
 0h00:04.555 2022/06/03T01:34:06z: 84:f3:eb:7d:7:a8
 0h00:04.557 2022/06/03T01:34:06z: SSID: MU Open
 0h00:04.562 2022/06/03T01:34:06z: AP_STAR tmr
 ets Jan  8 2013,rst cause:4, boot mode:(3,7)

wdt reset
load 0x4010f000, len 1384, room 16 
tail 8
chksum 0x2d
csum 0x2d
v8b899c12
~ld


6.01
 0h00:04.487 2022/06/03T01:54:08z: DS3231
 0h00:04.503 2022/06/03T01:54:08z: BME280 (0x76)
 0h00:04.517 2022/06/03T01:54:08z: 84:f3:eb:7d:7:a8
 0h00:04.519 2022/06/03T01:54:08z: SSID: MU Open
 0h00:04.524 2022/06/03T01:54:08z: AP_STAR tmr
 ets Jan  8 2013,rst cause:4, boot mode:(3,7)

wdt reset
load 0x4010f000, len 1384, room 16 
tail 8
chksum 0x2d
csum 0x2d
v8b899c12
~ld


6.01
 0h00:04.438 2022/06/03T02:14:10z: DS3231
 0h00:04.454 2022/06/03T02:14:10z: BME280 (0x76)
 0h00:04.468 2022/06/03T02:14:10z: 84:f3:eb:7d:7:a8
 0h00:04.469 2022/06/03T02:14:10z: SSID: MU Open
 0h00:04.475 2022/06/03T02:14:10z: AP_STAR tmr
 ets Jan  8 2013,rst cause:4, boot mode:(3,7)

wdt reset
load 0x4010f000, len 1384, room 16 
tail 8
chksum 0x2d
csum 0x2d
v8b899c12
~ld


6.01
 0h00:04.309 2022/06/03T02:34:11z: DS3231
 0h00:04.324 2022/06/03T02:34:11z: BME280 (0x76)
 0h00:04.338 2022/06/03T02:34:11z: 84:f3:eb:7d:7:a8
 0h00:04.340 2022/06/03T02:34:11z: SSID: MU Open
 0h00:04.345 2022/06/03T02:34:11z: AP_STAR tmr
 ets Jan  8 2013,rst cause:4, boot mode:(3,7)

wdt reset
load 0x4010f000, len 1384, room 16 
tail 8
chksum 0x2d
csum 0x2d
v8b899c12
~ld


6.01
 0h00:04.455 2022/06/03T02:54:13z: DS3231
 0h00:04.470 2022/06/03T02:54:13z: BME280 (0x76)
 0h00:04.484 2022/06/03T02:54:13z: 84:f3:eb:7d:7:a8
 0h00:04.486 2022/06/03T02:54:13z: SSID: MU Open
 0h00:04.491 2022/06/03T02:54:13z: AP_STAR tmr
 ets Jan  8 2013,rst cause:4, boot mode:(3,7)

wdt reset
load 0x4010f000, len 1384, room 16 
tail 8
chksum 0x2d
csum 0x2d
v8b899c12
~ld


6.01
 0h00:04.500 2022/06/03T03:14:16z: DS3231
 0h00:04.515 2022/06/03T03:14:16z: BME280 (0x76)
 0h00:04.529 2022/06/03T03:14:16z: 84:f3:eb:7d:7:a8
 0h00:04.531 2022/06/03T03:14:16z: SSID: MU Open
 0h00:04.536 2022/06/03T03:14:16z: AP_STAR tmr
 ets Jan  8 2013,rst cause:4, boot mode:(3,7)

wdt reset
load 0x4010f000, len 1384, room 16 
tail 8
chksum 0x2d
csum 0x2d
v8b899c12
~ld


6.01
 0h00:04.131 2022/06/03T03:34:17z: DS3231
 0h00:04.147 2022/06/03T03:34:17z: BME280 (0x76)
 0h00:04.161 2022/06/03T03:34:17z: 84:f3:eb:7d:7:a8
 0h00:04.162 2022/06/03T03:34:17z: SSID: MU Open
 0h00:04.168 2022/06/03T03:34:17z: AP_STAR tmr
 ets Jan  8 2013,rst cause:4, boot mode:(3,7)

wdt reset
load 0x4010f000, len 1384, room 16 
tail 8
chksum 0x2d
csum 0x2d
v8b899c12
~ld


6.01
 0h00:04.420 2022/06/03T03:54:19z: DS3231
 0h00:04.435 2022/06/03T03:54:19z: BME280 (0x76)
 0h00:04.450 2022/06/03T03:54:19z: 84:f3:eb:7d:7:a8
 0h00:04.451 2022/06/03T03:54:19z: SSID: MU Open
 0h00:04.456 2022/06/03T03:54:19z: AP_STAR tmr
 ets Jan  8 2013,rst cause:4, boot mode:(3,7)

wdt reset
load 0x4010f000, len 1384, room 16 
tail 8
chksum 0x2d
csum 0x2d
v8b899c12
~ld


6.01
 0h00:04.484 2022/06/03T04:14:21z: DS3231
 0h00:04.500 2022/06/03T04:14:21z: BME280 (0x76)
 0h00:04.514 2022/06/03T04:14:21z: 84:f3:eb:7d:7:a8
 0h00:04.516 2022/06/03T04:14:21z: SSID: MU Open
 0h00:04.521 2022/06/03T04:14:21z: AP_STAR tmr
 ets Jan  8 2013,rst cause:4, boot mode:(3,7)

wdt reset
load 0x4010f000, len 1384, room 16 
tail 8
chksum 0x2d
csum 0x2d
v8b899c12
~ld


6.01
 0h00:04.472 2022/06/03T04:34:23z: DS3231
 0h00:04.487 2022/06/03T04:34:23z: BME280 (0x76)
 0h00:04.501 2022/06/03T04:34:23z: 84:f3:eb:7d:7:a8
 0h00:04.503 2022/06/03T04:34:23z: SSID: MU Open
 0h00:04.508 2022/06/03T04:34:23z: AP_STAR tmr
 ets Jan  8 2013,rst cause:4, boot mode:(3,7)

wdt reset
load 0x4010f000, len 1384, room 16 
tail 8
chksum 0x2d
csum 0x2d
v8b899c12
~ld


6.01
 0h00:04.435 2022/06/03T04:54:25z: DS3231
 0h00:04.450 2022/06/03T04:54:25z: BME280 (0x76)
 0h00:04.464 2022/06/03T04:54:25z: 84:f3:eb:7d:7:a8
 0h00:04.466 2022/06/03T04:54:25z: SSID: MU Open
 0h00:04.471 2022/06/03T04:54:25z: AP_STAR tmr
 ets Jan  8 2013,rst cause:4, boot mode:(3,7)

wdt reset
load 0x4010f000, len 1384, room 16 
tail 8
chksum 0x2d
csum 0x2d
v8b899c12
~ld


6.01
 0h00:04.512 2022/06/03T05:14:27z: DS3231
 0h00:04.527 2022/06/03T05:14:27z: BME280 (0x76)
 0h00:04.541 2022/06/03T05:14:27z: 84:f3:eb:7d:7:a8
 0h00:04.543 2022/06/03T05:14:27z: SSID: MU Open
 0h00:04.548 2022/06/03T05:14:27z: AP_STAR tmr
 ets Jan  8 2013,rst cause:4, boot mode:(3,7)

wdt reset
load 0x4010f000, len 1384, room 16 
tail 8
chksum 0x2d
csum 0x2d
v8b899c12
~ld


6.01
 0h00:04.419 2022/06/03T05:34:29z: DS3231
 0h00:04.434 2022/06/03T05:34:29z: BME280 (0x76)
 0h00:04.449 2022/06/03T05:34:29z: 84:f3:eb:7d:7:a8
 0h00:04.450 2022/06/03T05:34:29z: SSID: MU Open
 0h00:04.455 2022/06/03T05:34:29z: AP_STAR tmr
 ets Jan  8 2013,rst cause:4, boot mode:(3,7)

wdt reset
load 0x4010f000, len 1384, room 16 
tail 8
chksum 0x2d
csum 0x2d
v8b899c12
~ld


6.01
 0h00:04.472 2022/06/03T05:54:30z: DS3231
 0h00:04.487 2022/06/03T05:54:30z: BME280 (0x76)
 0h00:04.501 2022/06/03T05:54:30z: 84:f3:eb:7d:7:a8
 0h00:04.503 2022/06/03T05:54:30z: SSID: MU Open
 0h00:04.508 2022/06/03T05:54:30z: AP_STAR tmr
 ets Jan  8 2013,rst cause:4, boot mode:(3,7)

wdt reset
load 0x4010f000, len 1384, room 16 
tail 8
chksum 0x2d
csum 0x2d
v8b899c12
~ld


6.01
 0h00:04.458 2022/06/03T06:14:33z: DS3231
 0h00:04.473 2022/06/03T06:14:33z: BME280 (0x76)
 0h00:04.488 2022/06/03T06:14:33z: 84:f3:eb:7d:7:a8
 0h00:04.489 2022/06/03T06:14:33z: SSID: MU Open
 0h00:04.494 2022/06/03T06:14:33z: AP_STAR tmr
 ets Jan  8 2013,rst cause:4, boot mode:(3,7)

wdt reset
load 0x4010f000, len 1384, room 16 
tail 8
chksum 0x2d
csum 0x2d
v8b899c12
~ld


6.01
 0h00:04.473 2022/06/03T06:34:34z: DS3231
 0h00:04.488 2022/06/03T06:34:34z: BME280 (0x76)
 0h00:04.502 2022/06/03T06:34:34z: 84:f3:eb:7d:7:a8
 0h00:04.504 2022/06/03T06:34:34z: SSID: MU Open
 0h00:04.509 2022/06/03T06:34:34z: AP_STAR tmr
 ets Jan  8 2013,rst cause:4, boot mode:(3,7)

wdt reset
load 0x4010f000, len 1384, room 16 
tail 8
chksum 0x2d
csum 0x2d
v8b899c12
~ld


6.01
 0h00:04.438 2022/06/03T06:54:36z: DS3231
 0h00:04.453 2022/06/03T06:54:36z: BME280 (0x76)
 0h00:04.467 2022/06/03T06:54:36z: 84:f3:eb:7d:7:a8
 0h00:04.469 2022/06/03T06:54:36z: SSID: MU Open
 0h00:04.474 2022/06/03T06:54:36z: AP_STAR tmr
 ets Jan  8 2013,rst cause:4, boot mode:(3,7)

wdt reset
load 0x4010f000, len 1384, room 16 
tail 8
chksum 0x2d
csum 0x2d
v8b899c12
~ld


6.01
 0h00:04.363 2022/06/03T07:14:37z: DS3231
 0h00:04.378 2022/06/03T07:14:37z: BME280 (0x76)
 0h00:04.392 2022/06/03T07:14:37z: 84:f3:eb:7d:7:a8
 0h00:04.394 2022/06/03T07:14:37z: SSID: MU Open
 0h00:04.399 2022/06/03T07:14:37z: AP_STAR tmr
 ets Jan  8 2013,rst cause:4, boot mode:(3,7)

wdt reset
load 0x4010f000, len 1384, room 16 
tail 8
chksum 0x2d
csum 0x2d
v8b899c12
~ld


6.01
 0h00:04.489 2022/06/03T07:34:39z: DS3231
 0h00:04.505 2022/06/03T07:34:39z: BME280 (0x76)
 0h00:04.519 2022/06/03T07:34:39z: 84:f3:eb:7d:7:a8
 0h00:04.521 2022/06/03T07:34:39z: SSID: MU Open
 0h00:04.526 2022/06/03T07:34:39z: AP_STAR tmr
 ets Jan  8 2013,rst cause:4, boot mode:(3,7)

wdt reset
load 0x4010f000, len 1384, room 16 
tail 8
chksum 0x2d
csum 0x2d
v8b899c12
~ld


6.01
 0h00:04.464 2022/06/03T07:54:41z: DS3231
 0h00:04.479 2022/06/03T07:54:41z: BME280 (0x76)
 0h00:04.494 2022/06/03T07:54:41z: 84:f3:eb:7d:7:a8
 0h00:04.495 2022/06/03T07:54:41z: SSID: MU Open
 0h00:04.500 2022/06/03T07:54:41z: AP_STAR tmr
 ets Jan  8 2013,rst cause:4, boot mode:(3,7)

wdt reset
load 0x4010f000, len 1384, room 16 
tail 8
chksum 0x2d
csum 0x2d
v8b899c12
~ld


6.01
 0h00:04.432 2022/06/03T08:14:43z: DS3231
 0h00:04.447 2022/06/03T08:14:43z: BME280 (0x76)
 0h00:04.461 2022/06/03T08:14:43z: 84:f3:eb:7d:7:a8
 0h00:04.463 2022/06/03T08:14:43z: SSID: MU Open
 0h00:04.468 2022/06/03T08:14:43z: AP_STAR tmr
 ets Jan  8 2013,rst cause:4, boot mode:(3,7)

wdt reset
load 0x4010f000, len 1384, room 16 
tail 8
chksum 0x2d
csum 0x2d
v8b899c12
~ld


6.01
 0h00:04.431 2022/06/03T08:34:44z: DS3231
 0h00:04.446 2022/06/03T08:34:44z: BME280 (0x76)
 0h00:04.460 2022/06/03T08:34:44z: 84:f3:eb:7d:7:a8
 0h00:04.462 2022/06/03T08:34:44z: SSID: MU Open
 0h00:04.467 2022/06/03T08:34:44z: AP_STAR tmr
 ets Jan  8 2013,rst cause:4, boot mode:(3,7)

wdt reset
load 0x4010f000, len 1384, room 16 
tail 8
chksum 0x2d
csum 0x2d
v8b899c12
~ld


6.01
 0h00:04.410 2022/06/03T08:54:46z: DS3231
 0h00:04.425 2022/06/03T08:54:46z: BME280 (0x76)
 0h00:04.440 2022/06/03T08:54:46z: 84:f3:eb:7d:7:a8
 0h00:04.441 2022/06/03T08:54:46z: SSID: MU Open
 0h00:04.446 2022/06/03T08:54:46z: AP_STAR tmr
 ets Jan  8 2013,rst cause:4, boot mode:(3,7)

wdt reset
load 0x4010f000, len 1384, room 16 
tail 8
chksum 0x2d
csum 0x2d
v8b899c12
~ld


6.01
 0h00:04.454 2022/06/03T09:14:47z: DS3231
 0h00:04.469 2022/06/03T09:14:47z: BME280 (0x76)
 0h00:04.483 2022/06/03T09:14:47z: 84:f3:eb:7d:7:a8
 0h00:04.485 2022/06/03T09:14:47z: SSID: MU Open
 0h00:04.490 2022/06/03T09:14:47z: AP_STAR tmr
 ets Jan  8 2013,rst cause:4, boot mode:(3,7)

wdt reset
load 0x4010f000, len 1384, room 16 
tail 8
chksum 0x2d
csum 0x2d
v8b899c12
~ld


6.01
 0h00:04.448 2022/06/03T09:34:49z: DS3231
 0h00:04.464 2022/06/03T09:34:49z: BME280 (0x76)
 0h00:04.478 2022/06/03T09:34:49z: 84:f3:eb:7d:7:a8
 0h00:04.479 2022/06/03T09:34:49z: SSID: MU Open
 0h00:04.485 2022/06/03T09:34:49z: AP_STAR tmr
 ets Jan  8 2013,rst cause:4, boot mode:(3,7)

wdt reset
load 0x4010f000, len 1384, room 16 
tail 8
chksum 0x2d
csum 0x2d
v8b899c12
~ld


6.01
 0h00:04.389 2022/06/03T09:54:51z: DS3231
 0h00:04.404 2022/06/03T09:54:51z: BME280 (0x76)
 0h00:04.418 2022/06/03T09:54:51z: 84:f3:eb:7d:7:a8
 0h00:04.420 2022/06/03T09:54:51z: SSID: MU Open
 0h00:04.425 2022/06/03T09:54:51z: AP_STAR tmr
 ets Jan  8 2013,rst cause:4, boot mode:(3,7)

wdt reset
load 0x4010f000, len 1384, room 16 
tail 8
chksum 0x2d
csum 0x2d
v8b899c12
~ld


6.01
 0h00:04.369 2022/06/03T10:14:52z: DS3231
 0h00:04.384 2022/06/03T10:14:52z: BME280 (0x76)
 0h00:04.398 2022/06/03T10:14:52z: 84:f3:eb:7d:7:a8
 0h00:04.400 2022/06/03T10:14:52z: SSID: MU Open
 0h00:04.405 2022/06/03T10:14:52z: AP_STAR tmr
 ets Jan  8 2013,rst cause:4, boot mode:(3,7)

wdt reset
load 0x4010f000, len 1384, room 16 
tail 8
chksum 0x2d
csum 0x2d
v8b899c12
~ld


6.01
 0h00:04.243 2022/06/03T10:34:54z: DS3231
 0h00:04.259 2022/06/03T10:34:54z: BME280 (0x76)
 0h00:04.273 2022/06/03T10:34:54z: 84:f3:eb:7d:7:a8
 0h00:04.274 2022/06/03T10:34:54z: SSID: MU Open
 0h00:04.280 2022/06/03T10:34:54z: AP_STAR tmr
 ets Jan  8 2013,rst cause:4, boot mode:(3,7)

wdt reset
load 0x4010f000, len 1384, room 16 
tail 8
chksum 0x2d
csum 0x2d
v8b899c12
~ld


6.01
 0h00:04.396 2022/06/03T10:54:55z: DS3231
 0h00:04.411 2022/06/03T10:54:55z: BME280 (0x76)
 0h00:04.425 2022/06/03T10:54:55z: 84:f3:eb:7d:7:a8
 0h00:04.427 2022/06/03T10:54:55z: SSID: MU Open
 0h00:04.432 2022/06/03T10:54:55z: AP_STAR tmr
 ets Jan  8 2013,rst cause:4, boot mode:(3,7)

wdt reset
load 0x4010f000, len 1384, room 16 
tail 8
chksum 0x2d
csum 0x2d
v8b899c12
~ld


6.01
 0h00:04.376 2022/06/03T11:14:57z: DS3231
 0h00:04.391 2022/06/03T11:14:57z: BME280 (0x76)
 0h00:04.405 2022/06/03T11:14:57z: 84:f3:eb:7d:7:a8
 0h00:04.407 2022/06/03T11:14:57z: SSID: MU Open
 0h00:04.412 2022/06/03T11:14:57z: AP_STAR tmr
 ets Jan  8 2013,rst cause:4, boot mode:(3,7)

wdt reset
load 0x4010f000, len 1384, room 16 
tail 8
chksum 0x2d
csum 0x2d
v8b899c12
~ld


6.01
 0h00:04.416 2022/06/03T11:34:59z: DS3231
 0h00:04.431 2022/06/03T11:34:59z: BME280 (0x76)
 0h00:04.445 2022/06/03T11:34:59z: 84:f3:eb:7d:7:a8
 0h00:04.447 2022/06/03T11:34:59z: SSID: MU Open
 0h00:04.452 2022/06/03T11:34:59z: AP_STAR tmr
 ets Jan  8 2013,rst cause:4, boot mode:(3,7)

wdt reset
load 0x4010f000, len 1384, room 16 
tail 8
chksum 0x2d
csum 0x2d
v8b899c12
~ld


6.01
 0h00:04.415 2022/06/03T11:55:00z: DS3231
 0h00:04.430 2022/06/03T11:55:00z: BME280 (0x76)
 0h00:04.444 2022/06/03T11:55:00z: 84:f3:eb:7d:7:a8
 0h00:04.446 2022/06/03T11:55:00z: SSID: MU Open
 0h00:04.451 2022/06/03T11:55:00z: AP_STAR tmr
 ets Jan  8 2013,rst cause:4, boot mode:(3,7)

wdt reset
load 0x4010f000, len 1384, room 16 
tail 8
chksum 0x2d
csum 0x2d
v8b899c12
~ld


6.01
 0h00:04.410 2022/06/03T12:15:02z: DS3231
 0h00:04.425 2022/06/03T12:15:02z: BME280 (0x76)
 0h00:04.440 2022/06/03T12:15:02z: 84:f3:eb:7d:7:a8
 0h00:04.441 2022/06/03T12:15:02z: SSID: MU Open
 0h00:04.446 2022/06/03T12:15:02z: AP_STAR tmr
 ets Jan  8 2013,rst cause:4, boot mode:(3,7)

wdt reset
load 0x4010f000, len 1384, room 16 
tail 8
chksum 0x2d
csum 0x2d
v8b899c12
~ld


6.01
 0h00:04.391 2022/06/03T12:35:04z: DS3231
 0h00:04.406 2022/06/03T12:35:04z: BME280 (0x76)
 0h00:04.420 2022/06/03T12:35:04z: 84:f3:eb:7d:7:a8
 0h00:04.422 2022/06/03T12:35:04z: SSID: MU Open
 0h00:04.427 2022/06/03T12:35:04z: AP_STAR tmr
 ets Jan  8 2013,rst cause:4, boot mode:(3,7)

wdt reset
load 0x4010f000, len 1384, room 16 
tail 8
chksum 0x2d
csum 0x2d
v8b899c12
~ld


6.01
 0h00:04.383 2022/06/03T12:55:05z: DS3231
 0h00:04.399 2022/06/03T12:55:05z: BME280 (0x76)
 0h00:04.413 2022/06/03T12:55:05z: 84:f3:eb:7d:7:a8
 0h00:04.415 2022/06/03T12:55:05z: SSID: MU Open
 0h00:04.420 2022/06/03T12:55:05z: AP_STAR tmr
 ets Jan  8 2013,rst cause:4, boot mode:(3,7)

wdt reset
load 0x4010f000, len 1384, room 16 
tail 8
chksum 0x2d
csum 0x2d
v8b899c12
~ld


6.01
 0h00:04.150 2022/06/03T13:15:07z: DS3231
 0h00:04.165 2022/06/03T13:15:07z: BME280 (0x76)
 0h00:04.179 2022/06/03T13:15:07z: 84:f3:eb:7d:7:a8
 0h00:04.181 2022/06/03T13:15:07z: SSID: MU Open
 0h00:04.186 2022/06/03T13:15:07z: AP_STAR tmr
 ets Jan  8 2013,rst cause:4, boot mode:(3,7)

wdt reset
load 0x4010f000, len 1384, room 16 
tail 8
chksum 0x2d
csum 0x2d
v8b899c12
~ld


6.01
 0h00:04.374 2022/06/03T13:35:08z: DS3231
 0h00:04.389 2022/06/03T13:35:08z: BME280 (0x76)
 0h00:04.403 2022/06/03T13:35:08z: 84:f3:eb:7d:7:a8
 0h00:04.405 2022/06/03T13:35:08z: SSID: MU Open
 0h00:04.410 2022/06/03T13:35:08z: AP_STAR tmr
 ets Jan  8 2013,rst cause:4, boot mode:(3,7)

wdt reset
load 0x4010f000, len 1384, room 16 
tail 8
chksum 0x2d
csum 0x2d
v8b899c12
~ld


6.01
 0h00:04.384 2022/06/03T13:55:09z: DS3231
 0h00:04.399 2022/06/03T13:55:09z: BME280 (0x76)
 0h00:04.413 2022/06/03T13:55:10z: 84:f3:eb:7d:7:a8
 0h00:04.415 2022/06/03T13:55:10z: SSID: MU Open
 0h00:04.420 2022/06/03T13:55:10z: AP_STAR tmr
 ets Jan  8 2013,rst cause:4, boot mode:(3,7)

wdt reset
load 0x4010f000, len 1384, room 16 
tail 8
chksum 0x2d
csum 0x2d
v8b899c12
~ld


6.01
 0h00:04.253 2022/06/03T14:15:11z: DS3231
 0h00:04.268 2022/06/03T14:15:11z: BME280 (0x76)
 0h00:04.282 2022/06/03T14:15:11z: 84:f3:eb:7d:7:a8
 0h00:04.284 2022/06/03T14:15:11z: SSID: MU Open
 0h00:04.289 2022/06/03T14:15:11z: AP_STAR tmr
 ets Jan  8 2013,rst cause:4, boot mode:(3,7)

wdt reset
load 0x4010f000, len 1384, room 16 
tail 8
chksum 0x2d
csum 0x2d
v8b899c12
~ld


6.01
 0h00:04.379 2022/06/03T14:35:13z: DS3231
 0h00:04.394 2022/06/03T14:35:13z: BME280 (0x76)
 0h00:04.409 2022/06/03T14:35:13z: 84:f3:eb:7d:7:a8
 0h00:04.410 2022/06/03T14:35:13z: SSID: MU Open
 0h00:04.415 2022/06/03T14:35:13z: AP_STAR tmr
 ets Jan  8 2013,rst cause:4, boot mode:(3,7)

wdt reset
load 0x4010f000, len 1384, room 16 
tail 8
chksum 0x2d
csum 0x2d
v8b899c12
~ld


6.01
 0h00:04.172 2022/06/03T14:55:14z: DS3231
 0h00:04.187 2022/06/03T14:55:14z: BME280 (0x76)
 0h00:04.201 2022/06/03T14:55:14z: 84:f3:eb:7d:7:a8
 0h00:04.203 2022/06/03T14:55:14z: SSID: MU Open
 0h00:04.208 2022/06/03T14:55:14z: AP_STAR tmr
 ets Jan  8 2013,rst cause:4, boot mode:(3,7)

wdt reset
load 0x4010f000, len 1384, room 16 
tail 8
chksum 0x2d
csum 0x2d
v8b899c12
~ld


6.01
 0h00:04.166 2022/06/03T15:15:16z: DS3231
 0h00:04.182 2022/06/03T15:15:16z: BME280 (0x76)
 0h00:04.196 2022/06/03T15:15:16z: 84:f3:eb:7d:7:a8
 0h00:04.198 2022/06/03T15:15:16z: SSID: MU Open
 0h00:04.203 2022/06/03T15:15:16z: AP_STAR tmr
 ets Jan  8 2013,rst cause:4, boot mode:(3,7)

wdt reset
load 0x4010f000, len 1384, room 16 
tail 8
chksum 0x2d
csum 0x2d
v8b899c12
~ld


6.01
 0h00:04.273 2022/06/03T15:35:17z: DS3231
 0h00:04.289 2022/06/03T15:35:17z: BME280 (0x76)
 0h00:04.303 2022/06/03T15:35:17z: 84:f3:eb:7d:7:a8
 0h00:04.304 2022/06/03T15:35:17z: SSID: MU Open
 0h00:04.310 2022/06/03T15:35:17z: AP_STAR tmr
 ets Jan  8 2013,rst cause:4, boot mode:(3,7)

wdt reset
load 0x4010f000, len 1384, room 16 
tail 8
chksum 0x2d
csum 0x2d
v8b899c12
~ld


6.01
 0h00:04.383 2022/06/03T15:55:19z: DS3231
 0h00:04.399 2022/06/03T15:55:19z: BME280 (0x76)
 0h00:04.413 2022/06/03T15:55:19z: 84:f3:eb:7d:7:a8
 0h00:04.415 2022/06/03T15:55:19z: SSID: MU Open
 0h00:04.420 2022/06/03T15:55:19z: AP_STAR tmr
 ets Jan  8 2013,rst cause:4, boot mode:(3,7)

wdt reset
load 0x4010f000, len 1384, room 16 
tail 8
chksum 0x2d
csum 0x2d
v8b899c12
~ld


6.01
 0h00:03.980 2022/06/03T16:15:20z: DS3231
 0h00:03.996 2022/06/03T16:15:20z: BME280 (0x76)
 0h00:04.010 2022/06/03T16:15:20z: 84:f3:eb:7d:7:a8
 0h00:04.012 2022/06/03T16:15:20z: SSID: MU Open
 0h00:04.017 2022/06/03T16:15:20z: AP_STAR tmr
 ets Jan  8 2013,rst cause:4, boot mode:(3,7)

wdt reset
load 0x4010f000, len 1384, room 16 
tail 8
chksum 0x2d
csum 0x2d
v8b899c12
~ld


6.01
 0h00:04.237 2022/06/03T16:35:21z: DS3231
 0h00:04.253 2022/06/03T16:35:21z: BME280 (0x76)
 0h00:04.267 2022/06/03T16:35:21z: 84:f3:eb:7d:7:a8
 0h00:04.269 2022/06/03T16:35:21z: SSID: MU Open
 0h00:04.274 2022/06/03T16:35:21z: AP_STAR tmr
 ets Jan  8 2013,rst cause:4, boot mode:(3,7)

wdt reset
load 0x4010f000, len 1384, room 16 
tail 8
chksum 0x2d
csum 0x2d
v8b899c12
~ld


6.01
 0h00:04.188 2022/06/03T16:55:23z: DS3231
 0h00:04.204 2022/06/03T16:55:23z: BME280 (0x76)
 0h00:04.218 2022/06/03T16:55:23z: 84:f3:eb:7d:7:a8
 0h00:04.219 2022/06/03T16:55:23z: SSID: MU Open
 0h00:04.225 2022/06/03T16:55:23z: AP_STAR tmr
 ets Jan  8 2013,rst cause:4, boot mode:(3,7)

wdt reset
load 0x4010f000, len 1384, room 16 
tail 8
chksum 0x2d
csum 0x2d
v8b899c12
~ld


6.01
 0h00:04.450 2022/06/03T17:15:25z: DS3231
 0h00:04.466 2022/06/03T17:15:25z: BME280 (0x76)
 0h00:04.480 2022/06/03T17:15:25z: 84:f3:eb:7d:7:a8
 0h00:04.481 2022/06/03T17:15:25z: SSID: MU Open
 0h00:04.487 2022/06/03T17:15:25z: AP_STAR tmr
 ets Jan  8 2013,rst cause:4, boot mode:(3,7)

wdt reset
load 0x4010f000, len 1384, room 16 
tail 8
chksum 0x2d
csum 0x2d
v8b899c12
~ld


6.01
 0h00:04.530 2022/06/03T17:35:27z: DS3231
 0h00:04.545 2022/06/03T17:35:27z: BME280 (0x76)
 0h00:04.559 2022/06/03T17:35:27z: 84:f3:eb:7d:7:a8
 0h00:04.561 2022/06/03T17:35:27z: SSID: MU Open
 0h00:04.566 2022/06/03T17:35:27z: AP_STAR tmr
 ets Jan  8 2013,rst cause:4, boot mode:(3,7)

wdt reset
load 0x4010f000, len 1384, room 16 
tail 8
chksum 0x2d
csum 0x2d
v8b899c12
~ld


6.01
 0h00:04.320 2022/06/03T17:55:29z: DS3231
 0h00:04.336 2022/06/03T17:55:29z: BME280 (0x76)
 0h00:04.350 2022/06/03T17:55:29z: 84:f3:eb:7d:7:a8
 0h00:04.351 2022/06/03T17:55:29z: SSID: MU Open
 0h00:04.357 2022/06/03T17:55:29z: AP_STAR tmr
 ets Jan  8 2013,rst cause:4, boot mode:(3,7)

wdt reset
load 0x4010f000, len 1384, room 16 
tail 8
chksum 0x2d
csum 0x2d
v8b899c12
~ld


6.01
 0h00:04.170 2022/06/03T18:15:31z: DS3231
 0h00:04.186 2022/06/03T18:15:31z: BME280 (0x76)
 0h00:04.200 2022/06/03T18:15:31z: 84:f3:eb:7d:7:a8
 0h00:04.202 2022/06/03T18:15:31z: SSID: MU Open
 0h00:04.207 2022/06/03T18:15:31z: AP_STAR tmr
 ets Jan  8 2013,rst cause:4, boot mode:(3,7)

wdt reset
load 0x4010f000, len 1384, room 16 
tail 8
chksum 0x2d
csum 0x2d
v8b899c12
~ld


6.01
 0h00:04.103 2022/06/03T18:35:33z: DS3231
 0h00:04.118 2022/06/03T18:35:33z: BME280 (0x76)
 0h00:04.132 2022/06/03T18:35:33z: 84:f3:eb:7d:7:a8
 0h00:04.134 2022/06/03T18:35:33z: SSID: MU Open
 0h00:04.139 2022/06/03T18:35:33z: AP_STAR tmr
 ets Jan  8 2013,rst cause:4, boot mode:(3,7)

wdt reset
load 0x4010f000, len 1384, room 16 
tail 8
chksum 0x2d
csum 0x2d
v8b899c12
~ld


6.01
 0h00:04.301 2022/06/03T18:55:35z: DS3231
 0h00:04.316 2022/06/03T18:55:35z: BME280 (0x76)
 0h00:04.330 2022/06/03T18:55:35z: 84:f3:eb:7d:7:a8
 0h00:04.332 2022/06/03T18:55:35z: SSID: MU Open
 0h00:04.337 2022/06/03T18:55:35z: AP_STAR tmr
 ets Jan  8 2013,rst cause:4, boot mode:(3,7)

wdt reset
load 0x4010f000, len 1384, room 16 
tail 8
chksum 0x2d
csum 0x2d
v8b899c12
~ld


6.01
 0h00:04.268 2022/06/03T19:15:37z: DS3231
 0h00:04.284 2022/06/03T19:15:37z: BME280 (0x76)
 0h00:04.298 2022/06/03T19:15:37z: 84:f3:eb:7d:7:a8
 0h00:04.300 2022/06/03T19:15:37z: SSID: MU Open
 0h00:04.305 2022/06/03T19:15:37z: AP_STAR tmr
 ets Jan  8 2013,rst cause:4, boot mode:(3,7)

wdt reset
load 0x4010f000, len 1384, room 16 
tail 8
chksum 0x2d
csum 0x2d
v8b899c12
~ld


6.01
 0h00:04.290 2022/06/03T19:35:38z: DS3231
 0h00:04.305 2022/06/03T19:35:38z: BME280 (0x76)
 0h00:04.319 2022/06/03T19:35:38z: 84:f3:eb:7d:7:a8
 0h00:04.321 2022/06/03T19:35:38z: SSID: MU Open
 0h00:04.326 2022/06/03T19:35:38z: AP_STAR tmr
 ets Jan  8 2013,rst cause:4, boot mode:(3,7)

wdt reset
load 0x4010f000, len 1384, room 16 
tail 8
chksum 0x2d
csum 0x2d
v8b899c12
~ld


6.01
 0h00:04.246 2022/06/03T19:55:39z: DS3231
 0h00:04.261 2022/06/03T19:55:39z: BME280 (0x76)
 0h00:04.276 2022/06/03T19:55:40z: 84:f3:eb:7d:7:a8
 0h00:04.277 2022/06/03T19:55:40z: SSID: MU Open
 0h00:04.282 2022/06/03T19:55:40z: AP_STAR tmr
 ets Jan  8 2013,rst cause:4, boot mode:(3,7)

wdt reset
load 0x4010f000, len 1384, room 16 
tail 8
chksum 0x2d
csum 0x2d
v8b899c12
~ld


6.01
 0h00:04.019 2022/06/03T20:15:41z: DS3231
 0h00:04.034 2022/06/03T20:15:41z: BME280 (0x76)
 0h00:04.049 2022/06/03T20:15:41z: 84:f3:eb:7d:7:a8
 0h00:04.050 2022/06/03T20:15:41z: SSID: MU Open
 0h00:04.055 2022/06/03T20:15:41z: AP_STAR tmr
 ets Jan  8 2013,rst cause:4, boot mode:(3,7)

wdt reset
load 0x4010f000, len 1384, room 16 
tail 8
chksum 0x2d
csum 0x2d
v8b899c12
~ld


6.01
 0h00:04.000 2022/06/03T20:35:40z: DS3231
 0h00:04.015 2022/06/03T20:35:40z: BME280 (0x76)
 0h00:04.029 2022/06/03T20:35:40z: 84:f3:eb:7d:7:a8
 0h00:04.031 2022/06/03T20:35:40z: SSID: MU Open
 0h00:04.036 2022/06/03T20:35:40z: AP_STAR tmr
 ets Jan  8 2013,rst cause:4, boot mode:(3,7)

wdt reset
load 0x4010f000, len 1384, room 16 
tail 8
chksum 0x2d
csum 0x2d
v8b899c12
~ld


6.01
 0h00:04.236 2022/06/03T20:55:41z: DS3231
 0h00:04.251 2022/06/03T20:55:41z: BME280 (0x76)
 0h00:04.265 2022/06/03T20:55:41z: 84:f3:eb:7d:7:a8
 0h00:04.267 2022/06/03T20:55:41z: SSID: MU Open
 0h00:04.272 2022/06/03T20:55:41z: AP_STAR tmr
 ets Jan  8 2013,rst cause:4, boot mode:(3,7)

wdt reset
load 0x4010f000, len 1384, room 16 
tail 8
chksum 0x2d
csum 0x2d
v8b899c12
~ld


6.01
 0h00:04.127 2022/06/03T21:15:42z: DS3231
 0h00:04.142 2022/06/03T21:15:42z: BME280 (0x76)
 0h00:04.156 2022/06/03T21:15:42z: 84:f3:eb:7d:7:a8
 0h00:04.158 2022/06/03T21:15:42z: SSID: MU Open
 0h00:04.163 2022/06/03T21:15:42z: AP_STAR tmr
 ets Jan  8 2013,rst cause:4, boot mode:(3,7)

wdt reset
load 0x4010f000, len 1384, room 16 
tail 8
chksum 0x2d
csum 0x2d
v8b899c12
~ld


6.01
 0h00:04.002 2022/06/03T21:35:43z: DS3231
 0h00:04.018 2022/06/03T21:35:43z: BME280 (0x76)
 0h00:04.032 2022/06/03T21:35:43z: 84:f3:eb:7d:7:a8
 0h00:04.033 2022/06/03T21:35:43z: SSID: MU Open
 0h00:04.039 2022/06/03T21:35:43z: AP_STAR tmr
 ets Jan  8 2013,rst cause:4, boot mode:(3,7)

wdt reset
load 0x4010f000, len 1384, room 16 
tail 8
chksum 0x2d
csum 0x2d
v8b899c12
~ld


6.01
 0h00:04.196 2022/06/03T21:55:44z: DS3231
 0h00:04.212 2022/06/03T21:55:44z: BME280 (0x76)
 0h00:04.226 2022/06/03T21:55:44z: 84:f3:eb:7d:7:a8
 0h00:04.228 2022/06/03T21:55:44z: SSID: MU Open
 0h00:04.233 2022/06/03T21:55:44z: AP_STAR tmr
 ets Jan  8 2013,rst cause:4, boot mode:(3,7)

wdt reset
load 0x4010f000, len 1384, room 16 
tail 8
chksum 0x2d
csum 0x2d
v8b899c12
~ld


6.01
 0h00:04.174 2022/06/03T22:15:45z: DS3231
 0h00:04.189 2022/06/03T22:15:45z: BME280 (0x76)
 0h00:04.204 2022/06/03T22:15:45z: 84:f3:eb:7d:7:a8
 0h00:04.205 2022/06/03T22:15:45z: SSID: MU Open
 0h00:04.210 2022/06/03T22:15:45z: AP_STAR tmr
 ets Jan  8 2013,rst cause:4, boot mode:(3,7)

wdt reset
load 0x4010f000, len 1384, room 16 
tail 8
chksum 0x2d
csum 0x2d
v8b899c12
~ld


6.01
 0h00:04.201 2022/06/03T22:35:47z: DS3231
 0h00:04.217 2022/06/03T22:35:47z: BME280 (0x76)
 0h00:04.231 2022/06/03T22:35:47z: 84:f3:eb:7d:7:a8
 0h00:04.232 2022/06/03T22:35:47z: SSID: MU Open
 0h00:04.238 2022/06/03T22:35:47z: AP_STAR tmr
 ets Jan  8 2013,rst cause:4, boot mode:(3,7)

wdt reset
load 0x4010f000, len 1384, room 16 
tail 8
chksum 0x2d
csum 0x2d
v8b899c12
~ld


6.01
 0h00:04.231 2022/06/03T22:55:48z: DS3231
 0h00:04.246 2022/06/03T22:55:48z: BME280 (0x76)
 0h00:04.260 2022/06/03T22:55:48z: 84:f3:eb:7d:7:a8
 0h00:04.262 2022/06/03T22:55:48z: SSID: MU Open
 0h00:04.267 2022/06/03T22:55:48z: AP_STAR tmr
 ets Jan  8 2013,rst cause:4, boot mode:(3,7)

wdt reset
load 0x4010f000, len 1384, room 16 
tail 8
chksum 0x2d
csum 0x2d
v8b899c12
~ld


6.01
 0h00:04.116 2022/06/03T23:15:50z: DS3231
 0h00:04.131 2022/06/03T23:15:50z: BME280 (0x76)
 0h00:04.145 2022/06/03T23:15:50z: 84:f3:eb:7d:7:a8
 0h00:04.147 2022/06/03T23:15:50z: SSID: MU Open
 0h00:04.152 2022/06/03T23:15:50z: AP_STAR tmr
 ets Jan  8 2013,rst cause:4, boot mode:(3,7)

wdt reset
load 0x4010f000, len 1384, room 16 
tail 8
chksum 0x2d
csum 0x2d
v8b899c12
~ld


6.01
 0h00:04.269 2022/06/03T23:35:51z: DS3231
 0h00:04.284 2022/06/03T23:35:51z: BME280 (0x76)
 0h00:04.299 2022/06/03T23:35:51z: 84:f3:eb:7d:7:a8
 0h00:04.300 2022/06/03T23:35:51z: SSID: MU Open
 0h00:04.305 2022/06/03T23:35:51z: AP_STAR tmr
 ets Jan  8 2013,rst cause:4, boot mode:(3,7)

wdt reset
load 0x4010f000, len 1384, room 16 
tail 8
chksum 0x2d
csum 0x2d
v8b899c12
~ld


6.01
 0h00:04.265 2022/06/03T23:55:51z: DS3231
 0h00:04.280 2022/06/03T23:55:51z: BME280 (0x76)
 0h00:04.294 2022/06/03T23:55:51z: 84:f3:eb:7d:7:a8
 0h00:04.296 2022/06/03T23:55:51z: SSID: MU Open
 0h00:04.301 2022/06/03T23:55:51z: AP_STA