R tmr
 ets Jan  8 2013,rst cause:4, boot mode:(3,7)

wdt reset
load 0x4010f000, len 1384, room 16 
tail 8
chksum 0x2d
csum 0x2d
v8b899c12
~ld


6.01
 0h00:05.282 2022/09/16T00:15:38z: DS3231
 0h00:05.297 2022/09/16T00:15:38z: BME280 (0x76)
 0h00:05.311 2022/09/16T00:15:38z: 84:f3:eb:7d:7:a8
 0h00:05.313 2022/09/16T00:15:38z: SSID: MU Open
 0h00:05.318 2022/09/16T00:15:38z: AP_STAR tmr
 ets Jan  8 2013,rst cause:4, boot mode:(3,7)

wdt reset
load 0x4010f000, len 1384, room 16 
tail 8
chksum 0x2d
csum 0x2d
v8b899c12
~ld


6.01
 0h00:05.364 2022/09/16T00:35:44z: DS3231
 0h00:05.379 2022/09/16T00:35:44z: BME280 (0x76)
 0h00:05.393 2022/09/16T00:35:44z: 84:f3:eb:7d:7:a8
 0h00:05.395 2022/09/16T00:35:44z: SSID: MU Open
 0h00:05.400 2022/09/16T00:35:44z: AP_STAR tmr
 ets Jan  8 2013,rst cause:4, boot mode:(3,7)

wdt reset
load 0x4010f000, len 1384, room 16 
tail 8
chksum 0x2d
csum 0x2d
v8b899c12
~ld


6.01
 0h00:05.111 2022/09/16T00:55:48z: DS3231
 0h00:05.126 2022/09/16T00:55:48z: BME280 (0x76)
 0h00:05.140 2022/09/16T00:55:48z: 84:f3:eb:7d:7:a8
 0h00:05.142 2022/09/16T00:55:48z: SSID: MU Open
 0h00:05.147 2022/09/16T00:55:48z: AP_STAR tmr
 ets Jan  8 2013,rst cause:4, boot mode:(3,7)

wdt reset
load 0x4010f000, len 1384, room 16 
tail 8
chksum 0x2d
csum 0x2d
v8b899c12
~ld


6.01
 0h00:05.158 2022/09/16T01:15:52z: DS3231
 0h00:05.173 2022/09/16T01:15:52z: BME280 (0x76)
 0h00:05.188 2022/09/16T01:15:52z: 84:f3:eb:7d:7:a8
 0h00:05.189 2022/09/16T01:15:52z: SSID: MU Open
 0h00:05.194 2022/09/16T01:15:52z: AP_STAR tmr
 ets Jan  8 2013,rst cause:4, boot mode:(3,7)

wdt reset
load 0x4010f000, len 1384, room 16 
tail 8
chksum 0x2d
csum 0x2d
v8b899c12
~ld


6.01
 0h00:05.348 2022/09/16T01:35:58z: DS3231
 0h00:05.363 2022/09/16T01:35:58z: BME280 (0x76)
 0h00:05.378 2022/09/16T01:35:58z: 84:f3:eb:7d:7:a8
 0h00:05.379 2022/09/16T01:35:58z: SSID: MU Open
 0h00:05.384 2022/09/16T01:35:58z: AP_STAR tmr
 ets Jan  8 2013,rst cause:4, boot mode:(3,7)

wdt reset
load 0x4010f000, len 1384, room 16 
tail 8
chksum 0x2d
csum 0x2d
v8b899c12
~ld


6.01
 0h00:05.200 2022/09/16T01:56:02z: DS3231
 0h00:05.216 2022/09/16T01:56:02z: BME280 (0x76)
 0h00:05.230 2022/09/16T01:56:02z: 84:f3:eb:7d:7:a8
 0h00:05.232 2022/09/16T01:56:02z: SSID: MU Open
 0h00:05.237 2022/09/16T01:56:02z: AP_STAR tmr
 ets Jan  8 2013,rst cause:4, boot mode:(3,7)

wdt reset
load 0x4010f000, len 1384, room 16 
tail 8
chksum 0x2d
csum 0x2d
v8b899c12
~ld


6.01
 0h00:05.428 2022/09/16T02:16:08z: DS3231
 0h00:05.444 2022/09/16T02:16:08z: BME280 (0x76)
 0h00:05.458 2022/09/16T02:16:08z: 84:f3:eb:7d:7:a8
 0h00:05.459 2022/09/16T02:16:08z: SSID: MU Open
 0h00:05.465 2022/09/16T02:16:08z: AP_STAR tmr
 ets Jan  8 2013,rst cause:4, boot mode:(3,7)

wdt reset
load 0x4010f000, len 1384, room 16 
tail 8
chksum 0x2d
csum 0x2d
v8b899c12
~ld


6.01
 0h00:05.618 2022/09/16T02:36:13z: DS3231
 0h00:05.633 2022/09/16T02:36:13z: BME280 (0x76)
 0h00:05.648 2022/09/16T02:36:13z: 84:f3:eb:7d:7:a8
 0h00:05.649 2022/09/16T02:36:13z: SSID: MU Open
 0h00:05.654 2022/09/16T02:36:13z: AP_STAR tmr
 ets Jan  8 2013,rst cause:4, boot mode:(3,7)

wdt reset
load 0x4010f000, len 1384, room 16 
tail 8
chksum 0x2d
csum 0x2d
v8b899c12
~ld


6.01
 0h00:05.737 2022/09/16T02:56:19z: DS3231
 0h00:05.752 2022/09/16T02:56:19z: BME280 (0x76)
 0h00:05.766 2022/09/16T02:56:19z: 84:f3:eb:7d:7:a8
 0h00:05.768 2022/09/16T02:56:19z: SSID: MU Open
 0h00:05.773 2022/09/16T02:56:19z: AP_STAR tmr
 ets Jan  8 2013,rst cause:4, boot mode:(3,7)

wdt reset
load 0x4010f000, len 1384, room 16 
tail 8
chksum 0x2d
csum 0x2d
v8b899c12
~ld


6.01
 0h00:05.241 2022/09/16T03:16:24z: DS3231
 0h00:05.256 2022/09/16T03:16:24z: BME280 (0x76)
 0h00:05.270 2022/09/16T03:16:24z: 84:f3:eb:7d:7:a8
 0h00:05.272 2022/09/16T03:16:24z: SSID: MU Open
 0h00:05.277 2022/09/16T03:16:24z: AP_STAR tmr
 ets Jan  8 2013,rst cause:4, boot mode:(3,7)

wdt reset
load 0x4010f000, len 1384, room 16 
tail 8
chksum 0x2d
csum 0x2d
v8b899c12
~ld


6.01
 0h00:05.356 2022/09/16T03:36:29z: DS3231
 0h00:05.371 2022/09/16T03:36:29z: BME280 (0x76)
 0h00:05.385 2022/09/16T03:36:29z: 84:f3:eb:7d:7:a8
 0h00:05.387 2022/09/16T03:36:29z: SSID: MU Open
 0h00:05.392 2022/09/16T03:36:29z: AP_STAR tmr
 ets Jan  8 2013,rst cause:4, boot mode:(3,7)

wdt reset
load 0x4010f000, len 1384, room 16 
tail 8
chksum 0x2d
csum 0x2d
v8b899c12
~ld


6.01
 0h00:05.173 2022/09/16T03:56:34z: DS3231
 0h00:05.189 2022/09/16T03:56:34z: BME280 (0x76)
 0h00:05.203 2022/09/16T03:56:34z: 84:f3:eb:7d:7:a8
 0h00:05.205 2022/09/16T03:56:34z: SSID: MU Open
 0h00:05.210 2022/09/16T03:56:34z: AP_STAR tmr
 ets Jan  8 2013,rst cause:4, boot mode:(3,7)

wdt reset
load 0x4010f000, len 1384, room 16 
tail 8
chksum 0x2d
csum 0x2d
v8b899c12
~ld


6.01
 0h00:05.384 2022/09/16T04:16:40z: DS3231
 0h00:05.400 2022/09/16T04:16:40z: BME280 (0x76)
 0h00:05.414 2022/09/16T04:16:40z: 84:f3:eb:7d:7:a8
 0h00:05.415 2022/09/16T04:16:40z: SSID: MU Open
 0h00:05.421 2022/09/16T04:16:40z: AP_STAR tmr
 ets Jan  8 2013,rst cause:4, boot mode:(3,7)

wdt reset
load 0x4010f000, len 1384, room 16 
tail 8
chksum 0x2d
csum 0x2d
v8b899c12
~ld


6.01
 0h00:04.978 2022/09/16T04:36:44z: DS3231
 0h00:04.993 2022/09/16T04:36:44z: BME280 (0x76)
 0h00:05.007 2022/09/16T04:36:44z: 84:f3:eb:7d:7:a8
 0h00:05.009 2022/09/16T04:36:44z: SSID: MU Open
 0h00:05.014 2022/09/16T04:36:44z: AP_STAR tmr
 ets Jan  8 2013,rst cause:4, boot mode:(3,7)

wdt reset
load 0x4010f000, len 1384, room 16 
tail 8
chksum 0x2d
csum 0x2d
v8b899c12
~ld


6.01
 0h00:05.044 2022/09/16T04:56:49z: DS3231
 0h00:05.059 2022/09/16T04:56:49z: BME280 (0x76)
 0h00:05.073 2022/09/16T04:56:49z: 84:f3:eb:7d:7:a8
 0h00:05.075 2022/09/16T04:56:49z: SSID: MU Open
 0h00:05.080 2022/09/16T04:56:49z: AP_STAR tmr
 ets Jan  8 2013,rst cause:4, boot mode:(3,7)

wdt reset
load 0x4010f000, len 1384, room 16 
tail 8
chksum 0x2d
csum 0x2d
v8b899c12
~ld


6.01
 0h00:05.263 2022/09/16T05:16:54z: DS3231
 0h00:05.279 2022/09/16T05:16:54z: BME280 (0x76)
 0h00:05.293 2022/09/16T05:16:54z: 84:f3:eb:7d:7:a8
 0h00:05.295 2022/09/16T05:16:54z: SSID: MU Open
 0h00:05.300 2022/09/16T05:16:54z: AP_STAR tmr
 ets Jan  8 2013,rst cause:4, boot mode:(3,7)

wdt reset
load 0x4010f000, len 1384, room 16 
tail 8
chksum 0x2d
csum 0x2d
v8b899c12
~ld


6.01
 0h00:05.286 2022/09/16T05:36:59z: DS3231
 0h00:05.301 2022/09/16T05:36:59z: BME280 (0x76)
 0h00:05.315 2022/09/16T05:36:59z: 84:f3:eb:7d:7:a8
 0h00:05.317 2022/09/16T05:36:59z: SSID: MU Open
 0h00:05.322 2022/09/16T05:36:59z: AP_STAR tmr
 ets Jan  8 2013,rst cause:4, boot mode:(3,7)

wdt reset
load 0x4010f000, len 1384, room 16 
tail 8
chksum 0x2d
csum 0x2d
v8b899c12
~ld


6.01
 0h00:05.242 2022/09/16T05:57:04z: DS3231
 0h00:05.257 2022/09/16T05:57:04z: BME280 (0x76)
 0h00:05.271 2022/09/16T05:57:04z: 84:f3:eb:7d:7:a8
 0h00:05.273 2022/09/16T05:57:04z: SSID: MU Open
 0h00:05.278 2022/09/16T05:57:04z: AP_STAR tmr
 ets Jan  8 2013,rst cause:4, boot mode:(3,7)

wdt reset
load 0x4010f000, len 1384, room 16 
tail 8
chksum 0x2d
csum 0x2d
v8b899c12
~ld


6.01
 0h00:05.377 2022/09/16T06:17:10z: DS3231
 0h00:05.392 2022/09/16T06:17:10z: BME280 (0x76)
 0h00:05.406 2022/09/16T06:17:10z: 84:f3:eb:7d:7:a8
 0h00:05.408 2022/09/16T06:17:10z: SSID: MU Open
 0h00:05.413 2022/09/16T06:17:10z: AP_STAR tmr
 ets Jan  8 2013,rst cause:4, boot mode:(3,7)

wdt reset
load 0x4010f000, len 1384, room 16 
tail 8
chksum 0x2d
csum 0x2d
v8b899c12
~ld


6.01
 0h00:05.382 2022/09/16T06:37:14z: DS3231
 0h00:05.397 2022/09/16T06:37:14z: BME280 (0x76)
 0h00:05.411 2022/09/16T06:37:14z: 84:f3:eb:7d:7:a8
 0h00:05.413 2022/09/16T06:37:14z: SSID: MU Open
 0h00:05.418 2022/09/16T06:37:14z: AP_STAR tmr
 ets Jan  8 2013,rst cause:4, boot mode:(3,7)

wdt reset
load 0x4010f000, len 1384, room 16 
tail 8
chksum 0x2d
csum 0x2d
v8b899c12
~ld


6.01
 0h00:05.326 2022/09/16T06:57:19z: DS3231
 0h00:05.342 2022/09/16T06:57:19z: BME280 (0x76)
 0h00:05.356 2022/09/16T06:57:19z: 84:f3:eb:7d:7:a8
 0h00:05.358 2022/09/16T06:57:19z: SSID: MU Open
 0h00:05.363 2022/09/16T06:57:19z: AP_STAR tmr
 ets Jan  8 2013,rst cause:4, boot mode:(3,7)

wdt reset
load 0x4010f000, len 1384, room 16 
tail 8
chksum 0x2d
csum 0x2d
v8b899c12
~ld


6.01
 0h00:05.056 2022/09/16T07:17:24z: DS3231
 0h00:05.071 2022/09/16T07:17:24z: BME280 (0x76)
 0h00:05.085 2022/09/16T07:17:24z: 84:f3:eb:7d:7:a8
 0h00:05.087 2022/09/16T07:17:24z: SSID: MU Open
 0h00:05.092 2022/09/16T07:17:24z: AP_STAR tmr
 ets Jan  8 2013,rst cause:4, boot mode:(3,7)

wdt reset
load 0x4010f000, len 1384, room 16 
tail 8
chksum 0x2d
csum 0x2d
v8b899c12
~ld


6.01
 0h00:05.324 2022/09/16T07:37:28z: DS3231
 0h00:05.340 2022/09/16T07:37:28z: BME280 (0x76)
 0h00:05.354 2022/09/16T07:37:28z: 84:f3:eb:7d:7:a8
 0h00:05.355 2022/09/16T07:37:28z: SSID: MU Open
 0h00:05.361 2022/09/16T07:37:28z: AP_STAR tmr
 ets Jan  8 2013,rst cause:4, boot mode:(3,7)

wdt reset
load 0x4010f000, len 1384, room 16 
tail 8
chksum 0x2d
csum 0x2d
v8b899c12
~ld


6.01
 0h00:05.286 2022/09/16T07:57:33z: DS3231
 0h00:05.301 2022/09/16T07:57:33z: BME280 (0x76)
 0h00:05.315 2022/09/16T07:57:33z: 84:f3:eb:7d:7:a8
 0h00:05.317 2022/09/16T07:57:33z: SSID: MU Open
 0h00:05.322 2022/09/16T07:57:33z: AP_STAR tmr
 ets Jan  8 2013,rst cause:4, boot mode:(3,7)

wdt reset
load 0x4010f000, len 1384, room 16 
tail 8
chksum 0x2d
csum 0x2d
v8b899c12
~ld


6.01
 0h00:05.343 2022/09/16T08:17:38z: DS3231
 0h00:05.358 2022/09/16T08:17:38z: BME280 (0x76)
 0h00:05.372 2022/09/16T08:17:38z: 84:f3:eb:7d:7:a8
 0h00:05.374 2022/09/16T08:17:38z: SSID: MU Open
 0h00:05.379 2022/09/16T08:17:38z: AP_STAR tmr
 ets Jan  8 2013,rst cause:4, boot mode:(3,7)

wdt reset
load 0x4010f000, len 1384, room 16 
tail 8
chksum 0x2d
csum 0x2d
v8b899c12
~ld


6.01
 0h00:05.554 2022/09/16T08:37:43z: DS3231
 0h00:05.570 2022/09/16T08:37:43z: BME280 (0x76)
 0h00:05.584 2022/09/16T08:37:43z: 84:f3:eb:7d:7:a8
 0h00:05.585 2022/09/16T08:37:43z: SSID: MU Open
 0h00:05.591 2022/09/16T08:37:43z: AP_STAR tmr
 ets Jan  8 2013,rst cause:4, boot mode:(3,7)

wdt reset
load 0x4010f000, len 1384, room 16 
tail 8
chksum 0x2d
csum 0x2d
v8b899c12
~ld


6.01
 0h00:05.107 2022/09/16T08:57:47z: DS3231
 0h00:05.123 2022/09/16T08:57:47z: BME280 (0x76)
 0h00:05.137 2022/09/16T08:57:47z: 84:f3:eb:7d:7:a8
 0h00:05.139 2022/09/16T08:57:47z: SSID: MU Open
 0h00:05.144 2022/09/16T08:57:47z: AP_STAR tmr
 ets Jan  8 2013,rst cause:4, boot mode:(3,7)

wdt reset
load 0x4010f000, len 1384, room 16 
tail 8
chksum 0x2d
csum 0x2d
v8b899c12
~ld


6.01
 0h00:05.356 2022/09/16T09:17:53z: DS3231
 0h00:05.372 2022/09/16T09:17:53z: BME280 (0x76)
 0h00:05.386 2022/09/16T09:17:53z: 84:f3:eb:7d:7:a8
 0h00:05.387 2022/09/16T09:17:53z: SSID: MU Open
 0h00:05.393 2022/09/16T09:17:53z: AP_STAR tmr
 ets Jan  8 2013,rst cause:4, boot mode:(3,7)

wdt reset
load 0x4010f000, len 1384, room 16 
tail 8
chksum 0x2d
csum 0x2d
v8b899c12
~ld


6.01
 0h00:05.386 2022/09/16T09:37:58z: DS3231
 0h00:05.402 2022/09/16T09:37:58z: BME280 (0x76)
 0h00:05.416 2022/09/16T09:37:58z: 84:f3:eb:7d:7:a8
 0h00:05.417 2022/09/16T09:37:58z: SSID: MU Open
 0h00:05.423 2022/09/16T09:37:58z: AP_STAR tmr
 ets Jan  8 2013,rst cause:4, boot mode:(3,7)

wdt reset
load 0x4010f000, len 1384, room 16 
tail 8
chksum 0x2d
csum 0x2d
v8b899c12
~ld


6.01
 0h00:05.319 2022/09/16T09:58:03z: DS3231
 0h00:05.334 2022/09/16T09:58:03z: BME280 (0x76)
 0h00:05.348 2022/09/16T09:58:03z: 84:f3:eb:7d:7:a8
 0h00:05.350 2022/09/16T09:58:03z: SSID: MU Open
 0h00:05.355 2022/09/16T09:58:03z: AP_STAR tmr
 ets Jan  8 2013,rst cause:4, boot mode:(3,7)

wdt reset
load 0x4010f000, len 1384, room 16 
tail 8
chksum 0x2d
csum 0x2d
v8b899c12
~ld


6.01
 0h00:05.260 2022/09/16T10:18:08z: DS3231
 0h00:05.276 2022/09/16T10:18:08z: BME280 (0x76)
 0h00:05.290 2022/09/16T10:18:08z: 84:f3:eb:7d:7:a8
 0h00:05.291 2022/09/16T10:18:08z: SSID: MU Open
 0h00:05.297 2022/09/16T10:18:08z: AP_STAR tmr
 ets Jan  8 2013,rst cause:4, boot mode:(3,7)

wdt reset
load 0x4010f000, len 1384, room 16 
tail 8
chksum 0x2d
csum 0x2d
v8b899c12
~ld


6.01
 0h00:05.295 2022/09/16T10:38:13z: DS3231
 0h00:05.310 2022/09/16T10:38:13z: BME280 (0x76)
 0h00:05.324 2022/09/16T10:38:13z: 84:f3:eb:7d:7:a8
 0h00:05.326 2022/09/16T10:38:13z: SSID: MU Open
 0h00:05.331 2022/09/16T10:38:13z: AP_STAR tmr
 ets Jan  8 2013,rst cause:4, boot mode:(3,7)

wdt reset
load 0x4010f000, len 1384, room 16 
tail 8
chksum 0x2d
csum 0x2d
v8b899c12
~ld


6.01
 0h00:05.238 2022/09/16T10:58:18z: DS3231
 0h00:05.253 2022/09/16T10:58:18z: BME280 (0x76)
 0h00:05.267 2022/09/16T10:58:18z: 84:f3:eb:7d:7:a8
 0h00:05.269 2022/09/16T10:58:18z: SSID: MU Open
 0h00:05.274 2022/09/16T10:58:18z: AP_STAR tmr
 ets Jan  8 2013,rst cause:4, boot mode:(3,7)

wdt reset
load 0x4010f000, len 1384, room 16 
tail 8
chksum 0x2d
csum 0x2d
v8b899c12
~ld


6.01
 0h00:05.057 2022/09/16T11:18:23z: DS3231
 0h00:05.073 2022/09/16T11:18:23z: BME280 (0x76)
 0h00:05.087 2022/09/16T11:18:23z: 84:f3:eb:7d:7:a8
 0h00:05.088 2022/09/16T11:18:23z: SSID: MU Open
 0h00:05.094 2022/09/16T11:18:23z: AP_STAR tmr
 ets Jan  8 2013,rst cause:4, boot mode:(3,7)

wdt reset
load 0x4010f000, len 1384, room 16 
tail 8
chksum 0x2d
csum 0x2d
v8b899c12
~ld


6.01
 0h00:04.839 2022/09/16T11:38:27z: DS3231
 0h00:04.854 2022/09/16T11:38:27z: BME280 (0x76)
 0h00:04.868 2022/09/16T11:38:27z: 84:f3:eb:7d:7:a8
 0h00:04.870 2022/09/16T11:38:27z: SSID: MU Open
 0h00:04.875 2022/09/16T11:38:27z: AP_STAR tmr
 ets Jan  8 2013,rst cause:4, boot mode:(3,7)

wdt reset
load 0x4010f000, len 1384, room 16 
tail 8
chksum 0x2d
csum 0x2d
v8b899c12
~ld


6.01
 0h00:04.859 2022/09/16T11:58:31z: DS3231
 0h00:04.874 2022/09/16T11:58:31z: BME280 (0x76)
 0h00:04.889 2022/09/16T11:58:31z: 84:f3:eb:7d:7:a8
 0h00:04.890 2022/09/16T11:58:31z: SSID: MU Open
 0h00:04.895 2022/09/16T11:58:31z: AP_STAR tmr
 ets Jan  8 2013,rst cause:4, boot mode:(3,7)

wdt reset
load 0x4010f000, len 1384, room 16 
tail 8
chksum 0x2d
csum 0x2d
v8b899c12
~ld


6.01
 0h00:05.091 2022/09/16T12:18:36z: DS3231
 0h00:05.106 2022/09/16T12:18:36z: BME280 (0x76)
 0h00:05.120 2022/09/16T12:18:36z: 84:f3:eb:7d:7:a8
 0h00:05.122 2022/09/16T12:18:36z: SSID: MU Open
 0h00:05.127 2022/09/16T12:18:36z: AP_STAR tmr
 ets Jan  8 2013,rst cause:4, boot mode:(3,7)

wdt reset
load 0x4010f000, len 1384, room 16 
tail 8
chksum 0x2d
csum 0x2d
v8b899c12
~ld


6.01
 0h00:04.867 2022/09/16T12:38:40z: DS3231
 0h00:04.883 2022/09/16T12:38:40z: BME280 (0x76)
 0h00:04.897 2022/09/16T12:38:40z: 84:f3:eb:7d:7:a8
 0h00:04.899 2022/09/16T12:38:40z: SSID: MU Open
 0h00:04.904 2022/09/16T12:38:40z: AP_STAR tmr
 ets Jan  8 2013,rst cause:4, boot mode:(3,7)

wdt reset
load 0x4010f000, len 1384, room 16 
tail 8
chksum 0x2d
csum 0x2d
v8b899c12
~ld


6.01
 0h00:05.182 2022/09/16T12:58:44z: DS3231
 0h00:05.198 2022/09/16T12:58:44z: BME280 (0x76)
 0h00:05.212 2022/09/16T12:58:44z: 84:f3:eb:7d:7:a8
 0h00:05.213 2022/09/16T12:58:44z: SSID: MU Open
 0h00:05.219 2022/09/16T12:58:44z: AP_STAR tmr
 ets Jan  8 2013,rst cause:4, boot mode:(3,7)

wdt reset
load 0x4010f000, len 1384, room 16 
tail 8
chksum 0x2d
csum 0x2d
v8b899c12
~ld


6.01
 0h00:04.959 2022/09/16T13:18:50z: DS3231
 0h00:04.974 2022/09/16T13:18:50z: BME280 (0x76)
 0h00:04.989 2022/09/16T13:18:50z: 84:f3:eb:7d:7:a8
 0h00:04.990 2022/09/16T13:18:50z: SSID: MU Open
 0h00:04.995 2022/09/16T13:18:50z: AP_STAR tmr
 ets Jan  8 2013,rst cause:4, boot mode:(3,7)

wdt reset
load 0x4010f000, len 1384, room 16 
tail 8
chksum 0x2d
csum 0x2d
v8b899c12
~ld


6.01
 0h00:05.004 2022/09/16T13:38:53z: DS3231
 0h00:05.019 2022/09/16T13:38:54z: BME280 (0x76)
 0h00:05.033 2022/09/16T13:38:54z: 84:f3:eb:7d:7:a8
 0h00:05.035 2022/09/16T13:38:54z: SSID: MU Open
 0h00:05.040 2022/09/16T13:38:54z: AP_STAR tmr
 ets Jan  8 2013,rst cause:4, boot mode:(3,7)

wdt reset
load 0x4010f000, len 1384, room 16 
tail 8
chksum 0x2d
csum 0x2d
v8b899c12
~ld


6.01
 0h00:04.903 2022/09/16T13:58:58z: DS3231
 0h00:04.918 2022/09/16T13:58:58z: BME280 (0x76)
 0h00:04.933 2022/09/16T13:58:58z: 84:f3:eb:7d:7:a8
 0h00:04.934 2022/09/16T13:58:58z: SSID: MU Open
 0h00:04.939 2022/09/16T13:58:58z: AP_STAR tmr
 ets Jan  8 2013,rst cause:4, boot mode:(3,7)

wdt reset
load 0x4010f000, len 1384, room 16 
tail 8
chksum 0x2d
csum 0x2d
v8b899c12
~ld


6.01
 0h00:04.861 2022/09/16T14:19:02z: DS3231
 0h00:04.877 2022/09/16T14:19:02z: BME280 (0x76)
 0h00:04.891 2022/09/16T14:19:02z: 84:f3:eb:7d:7:a8
 0h00:04.893 2022/09/16T14:19:02z: SSID: MU Open
 0h00:04.898 2022/09/16T14:19:02z: AP_STAR tmr
 ets Jan  8 2013,rst cause:4, boot mode:(3,7)

wdt reset
load 0x4010f000, len 1384, room 16 
tail 8
chksum 0x2d
csum 0x2d
v8b899c12
~ld


6.01
 0h00:04.825 2022/09/16T14:39:07z: DS3231
 0h00:04.840 2022/09/16T14:39:07z: BME280 (0x76)
 0h00:04.854 2022/09/16T14:39:07z: 84:f3:eb:7d:7:a8
 0h00:04.856 2022/09/16T14:39:07z: SSID: MU Open
 0h00:04.861 2022/09/16T14:39:07z: AP_STAR tmr
 ets Jan  8 2013,rst cause:4, boot mode:(3,7)

wdt reset
load 0x4010f000, len 1384, room 16 
tail 8
chksum 0x2d
csum 0x2d
v8b899c12
~ld


6.01
 0h00:05.334 2022/09/16T14:59:12z: DS3231
 0h00:05.349 2022/09/16T14:59:12z: BME280 (0x76)
 0h00:05.363 2022/09/16T14:59:12z: 84:f3:eb:7d:7:a8
 0h00:05.365 2022/09/16T14:59:12z: SSID: MU Open
 0h00:05.370 2022/09/16T14:59:12z: AP_STAR tmr
 ets Jan  8 2013,rst cause:4, boot mode:(3,7)

wdt reset
load 0x4010f000, len 1384, room 16 
tail 8
chksum 0x2d
csum 0x2d
v8b899c12
~ld


6.01
 0h00:05.174 2022/09/16T15:19:16z: DS3231
 0h00:05.190 2022/09/16T15:19:16z: BME280 (0x76)
 0h00:05.204 2022/09/16T15:19:16z: 84:f3:eb:7d:7:a8
 0h00:05.205 2022/09/16T15:19:16z: SSID: MU Open
 0h00:05.211 2022/09/16T15:19:16z: AP_STAR tmr
 ets Jan  8 2013,rst cause:4, boot mode:(3,7)

wdt reset
load 0x4010f000, len 1384, room 16 
tail 8
chksum 0x2d
csum 0x2d
v8b899c12
~ld


6.01
 0h00:05.046 2022/09/16T15:39:21z: DS3231
 0h00:05.061 2022/09/16T15:39:21z: BME280 (0x76)
 0h00:05.075 2022/09/16T15:39:21z: 84:f3:eb:7d:7:a8
 0h00:05.077 2022/09/16T15:39:21z: SSID: MU Open
 0h00:05.082 2022/09/16T15:39:21z: AP_STAR tmr
 ets Jan  8 2013,rst cause:4, boot mode:(3,7)

wdt reset
load 0x4010f000, len 1384, room 16 
tail 8
chksum 0x2d
csum 0x2d
v8b899c12
~ld


6.01
 0h00:05.384 2022/09/16T15:59:25z: DS3231
 0h00:05.399 2022/09/16T15:59:25z: BME280 (0x76)
 0h00:05.413 2022/09/16T15:59:25z: 84:f3:eb:7d:7:a8
 0h00:05.415 2022/09/16T15:59:25z: SSID: MU Open
 0h00:05.420 2022/09/16T15:59:25z: AP_STAR tmr
 ets Jan  8 2013,rst cause:4, boot mode:(3,7)

wdt reset
load 0x4010f000, len 1384, room 16 
tail 8
chksum 0x2d
csum 0x2d
v8b899c12
~ld


6.01
 0h00:05.383 2022/09/16T16:19:30z: DS3231
 0h00:05.399 2022/09/16T16:19:30z: BME280 (0x76)
 0h00:05.413 2022/09/16T16:19:30z: 84:f3:eb:7d:7:a8
 0h00:05.415 2022/09/16T16:19:30z: SSID: MU Open
 0h00:05.420 2022/09/16T16:19:30z: AP_STAR tmr
 ets Jan  8 2013,rst cause:4, boot mode:(3,7)

wdt reset
load 0x4010f000, len 1384, room 16 
tail 8
chksum 0x2d
csum 0x2d
v8b899c12
~ld


6.01
 0h00:05.459 2022/09/16T16:39:35z: DS3231
 0h00:05.474 2022/09/16T16:39:35z: BME280 (0x76)
 0h00:05.488 2022/09/16T16:39:35z: 84:f3:eb:7d:7:a8
 0h00:05.490 2022/09/16T16:39:35z: SSID: MU Open
 0h00:05.495 2022/09/16T16:39:35z: AP_STAR tmr
 ets Jan  8 2013,rst cause:4, boot mode:(3,7)

wdt reset
load 0x4010f000, len 1384, room 16 
tail 8
chksum 0x2d
csum 0x2d
v8b899c12
~ld


6.01
 0h00:05.364 2022/09/16T16:59:40z: DS3231
 0h00:05.379 2022/09/16T16:59:40z: BME280 (0x76)
 0h00:05.393 2022/09/16T16:59:40z: 84:f3:eb:7d:7:a8
 0h00:05.395 2022/09/16T16:59:40z: SSID: MU Open
 0h00:05.400 2022/09/16T16:59:40z: AP_STAR tmr
 ets Jan  8 2013,rst cause:4, boot mode:(3,7)

wdt reset
load 0x4010f000, len 1384, room 16 
tail 8
chksum 0x2d
csum 0x2d
v8b899c12
~ld


6.01
 0h00:05.515 2022/09/16T17:19:46z: DS3231
 0h00:05.530 2022/09/16T17:19:46z: BME280 (0x76)
 0h00:05.545 2022/09/16T17:19:46z: 84:f3:eb:7d:7:a8
 0h00:05.546 2022/09/16T17:19:46z: SSID: MU Open
 0h00:05.551 2022/09/16T17:19:46z: AP_STAR tmr
 ets Jan  8 2013,rst cause:4, boot mode:(3,7)

wdt reset
load 0x4010f000, len 1384, room 16 
tail 8
chksum 0x2d
csum 0x2d
v8b899c12
~ld


6.01
 0h00:05.532 2022/09/16T17:39:51z: DS3231
 0h00:05.547 2022/09/16T17:39:51z: BME280 (0x76)
 0h00:05.561 2022/09/16T17:39:51z: 84:f3:eb:7d:7:a8
 0h00:05.563 2022/09/16T17:39:51z: SSID: MU Open
 0h00:05.568 2022/09/16T17:39:51z: AP_STAR tmr
 ets Jan  8 2013,rst cause:4, boot mode:(3,7)

wdt reset
load 0x4010f000, len 1384, room 16 
tail 8
chksum 0x2d
csum 0x2d
v8b899c12
~ld


6.01
 0h00:05.462 2022/09/16T17:59:56z: DS3231
 0h00:05.478 2022/09/16T17:59:56z: BME280 (0x76)
 0h00:05.492 2022/09/16T17:59:56z: 84:f3:eb:7d:7:a8
 0h00:05.494 2022/09/16T17:59:56z: SSID: MU Open
 0h00:05.499 2022/09/16T17:59:56z: AP_STAR tmr
 ets Jan  8 2013,rst cause:4, boot mode:(3,7)

wdt reset
load 0x4010f000, len 1384, room 16 
tail 8
chksum 0x2d
csum 0x2d
v8b899c12
~ld


6.01
 0h00:04.968 2022/09/16T18:20:01z: DS3231
 0h00:04.984 2022/09/16T18:20:01z: BME280 (0x76)
 0h00:04.998 2022/09/16T18:20:01z: 84:f3:eb:7d:7:a8
 0h00:04.999 2022/09/16T18:20:01z: SSID: MU Open
 0h00:05.005 2022/09/16T18:20:01z: AP_STAR tmr
 ets Jan  8 2013,rst cause:4, boot mode:(3,7)

wdt reset
load 0x4010f000, len 1384, room 16 
tail 8
chksum 0x2d
csum 0x2d
v8b899c12
~ld


6.01
 0h00:05.048 2022/09/16T18:40:06z: DS3231
 0h00:05.063 2022/09/16T18:40:06z: BME280 (0x76)
 0h00:05.077 2022/09/16T18:40:06z: 84:f3:eb:7d:7:a8
 0h00:05.079 2022/09/16T18:40:06z: SSID: MU Open
 0h00:05.084 2022/09/16T18:40:06z: AP_STAR tmr
 ets Jan  8 2013,rst cause:4, boot mode:(3,7)

wdt reset
load 0x4010f000, len 1384, room 16 
tail 8
chksum 0x2d
csum 0x2d
v8b899c12
~ld


6.01
 0h00:05.084 2022/09/16T19:00:10z: DS3231
 0h00:05.100 2022/09/16T19:00:10z: BME280 (0x76)
 0h00:05.114 2022/09/16T19:00:10z: 84:f3:eb:7d:7:a8
 0h00:05.115 2022/09/16T19:00:10z: SSID: MU Open
 0h00:05.121 2022/09/16T19:00:10z: AP_STAR tmr
 ets Jan  8 2013,rst cause:4, boot mode:(3,7)

wdt reset
load 0x4010f000, len 1384, room 16 
tail 8
chksum 0x2d
csum 0x2d
v8b899c12
~ld


6.01
 0h00:05.426 2022/09/16T19:20:16z: DS3231
 0h00:05.441 2022/09/16T19:20:16z: BME280 (0x76)
 0h00:05.455 2022/09/16T19:20:16z: 84:f3:eb:7d:7:a8
 0h00:05.457 2022/09/16T19:20:16z: SSID: MU Open
 0h00:05.462 2022/09/16T19:20:16z: AP_STAR tmr
 ets Jan  8 2013,rst cause:4, boot mode:(3,7)

wdt reset
load 0x4010f000, len 1384, room 16 
tail 8
chksum 0x2d
csum 0x2d
v8b899c12
~ld


6.01
 0h00:04.968 2022/09/16T19:40:21z: DS3231
 0h00:04.983 2022/09/16T19:40:21z: BME280 (0x76)
 0h00:04.997 2022/09/16T19:40:21z: 84:f3:eb:7d:7:a8
 0h00:04.999 2022/09/16T19:40:21z: SSID: MU Open
 0h00:05.004 2022/09/16T19:40:21z: AP_STAR tmr
 ets Jan  8 2013,rst cause:4, boot mode:(3,7)

wdt reset
load 0x4010f000, len 1384, room 16 
tail 8
chksum 0x2d
csum 0x2d
v8b899c12
~ld


6.01
 0h00:04.886 2022/09/16T20:00:25z: DS3231
 0h00:04.902 2022/09/16T20:00:25z: BME280 (0x76)
 0h00:04.916 2022/09/16T20:00:25z: 84:f3:eb:7d:7:a8
 0h00:04.917 2022/09/16T20:00:25z: SSID: MU Open
 0h00:04.923 2022/09/16T20:00:25z: AP_STAR tmr
 ets Jan  8 2013,rst cause:4, boot mode:(3,7)

wdt reset
load 0x4010f000, len 1384, room 16 
tail 8
chksum 0x2d
csum 0x2d
v8b899c12
~ld


6.01
 0h00:04.908 2022/09/16T20:20:29z: DS3231
 0h00:04.923 2022/09/16T20:20:29z: BME280 (0x76)
 0h00:04.938 2022/09/16T20:20:29z: 84:f3:eb:7d:7:a8
 0h00:04.939 2022/09/16T20:20:29z: SSID: MU Open
 0h00:04.944 2022/09/16T20:20:29z: AP_STAR tmr
 ets Jan  8 2013,rst cause:4, boot mode:(3,7)

wdt reset
load 0x4010f000, len 1384, room 16 
tail 8
chksum 0x2d
csum 0x2d
v8b899c12
~ld


6.01
 0h00:04.824 2022/09/16T20:40:33z: DS3231
 0h00:04.840 2022/09/16T20:40:33z: BME280 (0x76)
 0h00:04.854 2022/09/16T20:40:33z: 84:f3:eb:7d:7:a8
 0h00:04.855 2022/09/16T20:40:33z: SSID: MU Open
 0h00:04.861 2022/09/16T20:40:33z: AP_STAR tmr
 ets Jan  8 2013,rst cause:4, boot mode:(3,7)

wdt reset
load 0x4010f000, len 1384, room 16 
tail 8
chksum 0x2d
csum 0x2d
v8b899c12
~ld


6.01
 0h00:05.040 2022/09/16T21:00:38z: DS3231
 0h00:05.055 2022/09/16T21:00:38z: BME280 (0x76)
 0h00:05.070 2022/09/16T21:00:38z: 84:f3:eb:7d:7:a8
 0h00:05.071 2022/09/16T21:00:38z: SSID: MU Open
 0h00:05.076 2022/09/16T21:00:38z: AP_STAR tmr
 ets Jan  8 2013,rst cause:4, boot mode:(3,7)

wdt reset
load 0x4010f000, len 1384, room 16 
tail 8
chksum 0x2d
csum 0x2d
v8b899c12
~ld


6.01
 0h00:04.874 2022/09/16T21:20:42z: DS3231
 0h00:04.889 2022/09/16T21:20:42z: BME280 (0x76)
 0h00:04.903 2022/09/16T21:20:42z: 84:f3:eb:7d:7:a8
 0h00:04.905 2022/09/16T21:20:42z: SSID: MU Open
 0h00:04.910 2022/09/16T21:20:42z: AP_STAR tmr
 ets Jan  8 2013,rst cause:4, boot mode:(3,7)

wdt reset
load 0x4010f000, len 1384, room 16 
tail 8
chksum 0x2d
csum 0x2d
v8b899c12
~ld


6.01
 0h00:05.162 2022/09/16T21:40:46z: DS3231
 0h00:05.177 2022/09/16T21:40:46z: BME280 (0x76)
 0h00:05.192 2022/09/16T21:40:46z: 84:f3:eb:7d:7:a8
 0h00:05.193 2022/09/16T21:40:46z: SSID: MU Open
 0h00:05.198 2022/09/16T21:40:46z: AP_STAR tmr
 ets Jan  8 2013,rst cause:4, boot mode:(3,7)

wdt reset
load 0x4010f000, len 1384, room 16 
tail 8
chksum 0x2d
csum 0x2d
v8b899c12
~ld


6.01
 0h00:04.898 2022/09/16T22:00:51z: DS3231
 0h00:04.914 2022/09/16T22:00:51z: BME280 (0x76)
 0h00:04.928 2022/09/16T22:00:51z: 84:f3:eb:7d:7:a8
 0h00:04.929 2022/09/16T22:00:51z: SSID: MU Open
 0h00:04.935 2022/09/16T22:00:51z: AP_STAR tmr
 ets Jan  8 2013,rst cause:4, boot mode:(3,7)

wdt reset
load 0x4010f000, len 1384, room 16 
tail 8
chksum 0x2d
csum 0x2d
v8b899c12
~ld


6.01
 0h00:04.977 2022/09/16T22:20:55z: DS3231
 0h00:04.993 2022/09/16T22:20:55z: BME280 (0x76)
 0h00:05.007 2022/09/16T22:20:55z: 84:f3:eb:7d:7:a8
 0h00:05.008 2022/09/16T22:20:55z: SSID: MU Open
 0h00:05.014 2022/09/16T22:20:55z: AP_STAR tmr
 ets Jan  8 2013,rst cause:4, boot mode:(3,7)

wdt reset
load 0x4010f000, len 1384, room 16 
tail 8
chksum 0x2d
csum 0x2d
v8b899c12
~ld


6.01
 0h00:05.333 2022/09/16T22:41:00z: DS3231
 0h00:05.348 2022/09/16T22:41:00z: BME280 (0x76)
 0h00:05.363 2022/09/16T22:41:00z: 84:f3:eb:7d:7:a8
 0h00:05.364 2022/09/16T22:41:00z: SSID: MU Open
 0h00:05.370 2022/09/16T22:41:00z: AP_STAR tmr
 ets Jan  8 2013,rst cause:4, boot mode:(3,7)

wdt reset
load 0x4010f000, len 1384, room 16 
tail 8
chksum 0x2d
csum 0x2d
v8b899c12
~ld


6.01
 0h00:05.402 2022/09/16T23:01:05z: DS3231
 0h00:05.417 2022/09/16T23:01:05z: BME280 (0x76)
 0h00:05.431 2022/09/16T23:01:05z: 84:f3:eb:7d:7:a8
 0h00:05.433 2022/09/16T23:01:05z: SSID: MU Open
 0h00:05.438 2022/09/16T23:01:05z: AP_STAR tmr
 ets Jan  8 2013,rst cause:4, boot mode:(3,7)

wdt reset
load 0x4010f000, len 1384, room 16 
tail 8
chksum 0x2d
csum 0x2d
v8b899c12
~ld


6.01
 0h00:05.428 2022/09/16T23:21:09z: DS3231
 0h00:05.443 2022/09/16T23:21:09z: BME280 (0x76)
 0h00:05.458 2022/09/16T23:21:09z: 84:f3:eb:7d:7:a8
 0h00:05.459 2022/09/16T23:21:09z: SSID: MU Open
 0h00:05.464 2022/09/16T23:21:09z: AP_STAR tmr
 ets Jan  8 2013,rst cause:4, boot mode:(3,7)

wdt reset
load 0x4010f000, len 1384, room 16 
tail 8
chksum 0x2d
csum 0x2d
v8b899c12
~ld


6.01
 0h00:05.106 2022/09/16T23:41:13z: DS3231
 0h00:05.122 2022/09/16T23:41:13z: BME280 (0x76)
 0h00:05.136 2022/09/16T23:41:13z: 84:f3:eb:7d:7:a8
 0h00:05.137 2022/09/16T23:41:13z: SSID: MU Open
 0h00:05.143 2022/09/16T23:41:13z: AP_STA