R tmr
 ets Jan  8 2013,rst cause:4, boot mode:(3,7)

wdt reset
load 0x4010f000, len 1384, room 16 
tail 8
chksum 0x2d
csum 0x2d
v8b899c12
~ld


6.01
 0h00:05.674 2022/10/27T00:15:53z: DS3231
 0h00:05.689 2022/10/27T00:15:53z: BME280 (0x76)
 0h00:05.703 2022/10/27T00:15:53z: 84:f3:eb:7d:7:a8
 0h00:05.705 2022/10/27T00:15:53z: SSID: MU Open
 0h00:05.710 2022/10/27T00:15:53z: AP_STAR tmr
 ets Jan  8 2013,rst cause:4, boot mode:(3,7)

wdt reset
load 0x4010f000, len 1384, room 16 
tail 8
chksum 0x2d
csum 0x2d
v8b899c12
~ld


6.01
 0h00:05.737 2022/10/27T00:35:59z: DS3231
 0h00:05.752 2022/10/27T00:35:59z: BME280 (0x76)
 0h00:05.766 2022/10/27T00:35:59z: 84:f3:eb:7d:7:a8
 0h00:05.768 2022/10/27T00:35:59z: SSID: MU Open
 0h00:05.773 2022/10/27T00:35:59z: AP_STAR tmr
 ets Jan  8 2013,rst cause:4, boot mode:(3,7)

wdt reset
load 0x4010f000, len 1384, room 16 
tail 8
chksum 0x2d
csum 0x2d
v8b899c12
~ld


6.01
 0h00:05.736 2022/10/27T00:56:05z: DS3231
 0h00:05.752 2022/10/27T00:56:05z: BME280 (0x76)
 0h00:05.766 2022/10/27T00:56:05z: 84:f3:eb:7d:7:a8
 0h00:05.768 2022/10/27T00:56:05z: SSID: MU Open
 0h00:05.773 2022/10/27T00:56:05z: AP_STAR tmr
 ets Jan  8 2013,rst cause:4, boot mode:(3,7)

wdt reset
load 0x4010f000, len 1384, room 16 
tail 8
chksum 0x2d
csum 0x2d
v8b899c12
~ld


6.01
 0h00:05.866 2022/10/27T01:16:11z: DS3231
 0h00:05.882 2022/10/27T01:16:11z: BME280 (0x76)
 0h00:05.896 2022/10/27T01:16:11z: 84:f3:eb:7d:7:a8
 0h00:05.898 2022/10/27T01:16:11z: SSID: MU Open
 0h00:05.903 2022/10/27T01:16:11z: AP_STAR tmr
 ets Jan  8 2013,rst cause:4, boot mode:(3,7)

wdt reset
load 0x4010f000, len 1384, room 16 
tail 8
chksum 0x2d
csum 0x2d
v8b899c12
~ld


6.01
 0h00:05.451 2022/10/27T01:36:17z: DS3231
 0h00:05.466 2022/10/27T01:36:17z: BME280 (0x76)
 0h00:05.480 2022/10/27T01:36:17z: 84:f3:eb:7d:7:a8
 0h00:05.482 2022/10/27T01:36:17z: SSID: MU Open
 0h00:05.487 2022/10/27T01:36:17z: AP_STAR tmr
 ets Jan  8 2013,rst cause:4, boot mode:(3,7)

wdt reset
load 0x4010f000, len 1384, room 16 
tail 8
chksum 0x2d
csum 0x2d
v8b899c12
~ld


6.01
 0h00:05.889 2022/10/27T01:56:23z: DS3231
 0h00:05.904 2022/10/27T01:56:23z: BME280 (0x76)
 0h00:05.918 2022/10/27T01:56:23z: 84:f3:eb:7d:7:a8
 0h00:05.920 2022/10/27T01:56:23z: SSID: MU Open
 0h00:05.925 2022/10/27T01:56:23z: AP_STAR tmr
 ets Jan  8 2013,rst cause:4, boot mode:(3,7)

wdt reset
load 0x4010f000, len 1384, room 16 
tail 8
chksum 0x2d
csum 0x2d
v8b899c12
~ld


6.01
 0h00:05.923 2022/10/27T02:16:29z: DS3231
 0h00:05.939 2022/10/27T02:16:29z: BME280 (0x76)
 0h00:05.953 2022/10/27T02:16:29z: 84:f3:eb:7d:7:a8
 0h00:05.954 2022/10/27T02:16:29z: SSID: MU Open
 0h00:05.960 2022/10/27T02:16:29z: AP_STAR tmr
 ets Jan  8 2013,rst cause:4, boot mode:(3,7)

wdt reset
load 0x4010f000, len 1384, room 16 
tail 8
chksum 0x2d
csum 0x2d
v8b899c12
~ld


6.01
 0h00:05.893 2022/10/27T02:36:36z: DS3231
 0h00:05.909 2022/10/27T02:36:36z: BME280 (0x76)
 0h00:05.923 2022/10/27T02:36:36z: 84:f3:eb:7d:7:a8
 0h00:05.925 2022/10/27T02:36:36z: SSID: MU Open
 0h00:05.930 2022/10/27T02:36:36z: AP_STAR tmr
 ets Jan  8 2013,rst cause:4, boot mode:(3,7)

wdt reset
load 0x4010f000, len 1384, room 16 
tail 8
chksum 0x2d
csum 0x2d
v8b899c12
~ld


6.01
 0h00:05.676 2022/10/27T02:56:42z: DS3231
 0h00:05.692 2022/10/27T02:56:42z: BME280 (0x76)
 0h00:05.706 2022/10/27T02:56:42z: 84:f3:eb:7d:7:a8
 0h00:05.707 2022/10/27T02:56:42z: SSID: MU Open
 0h00:05.713 2022/10/27T02:56:42z: AP_STAR tmr
 ets Jan  8 2013,rst cause:4, boot mode:(3,7)

wdt reset
load 0x4010f000, len 1384, room 16 
tail 8
chksum 0x2d
csum 0x2d
v8b899c12
~ld


6.01
 0h00:05.554 2022/10/27T03:16:48z: DS3231
 0h00:05.570 2022/10/27T03:16:48z: BME280 (0x76)
 0h00:05.584 2022/10/27T03:16:48z: 84:f3:eb:7d:7:a8
 0h00:05.586 2022/10/27T03:16:48z: SSID: MU Open
 0h00:05.591 2022/10/27T03:16:48z: AP_STAR tmr
 ets Jan  8 2013,rst cause:4, boot mode:(3,7)

wdt reset
load 0x4010f000, len 1384, room 16 
tail 8
chksum 0x2d
csum 0x2d
v8b899c12
~ld


6.01
 0h00:05.834 2022/10/27T03:36:54z: DS3231
 0h00:05.849 2022/10/27T03:36:54z: BME280 (0x76)
 0h00:05.864 2022/10/27T03:36:54z: 84:f3:eb:7d:7:a8
 0h00:05.865 2022/10/27T03:36:54z: SSID: MU Open
 0h00:05.870 2022/10/27T03:36:54z: AP_STAR tmr
 ets Jan  8 2013,rst cause:4, boot mode:(3,7)

wdt reset
load 0x4010f000, len 1384, room 16 
tail 8
chksum 0x2d
csum 0x2d
v8b899c12
~ld


6.01
 0h00:05.645 2022/10/27T03:57:00z: DS3231
 0h00:05.660 2022/10/27T03:57:00z: BME280 (0x76)
 0h00:05.674 2022/10/27T03:57:00z: 84:f3:eb:7d:7:a8
 0h00:05.676 2022/10/27T03:57:00z: SSID: MU Open
 0h00:05.681 2022/10/27T03:57:00z: AP_STAR tmr
 ets Jan  8 2013,rst cause:4, boot mode:(3,7)

wdt reset
load 0x4010f000, len 1384, room 16 
tail 8
chksum 0x2d
csum 0x2d
v8b899c12
~ld


6.01
 0h00:05.764 2022/10/27T04:17:06z: DS3231
 0h00:05.779 2022/10/27T04:17:06z: BME280 (0x76)
 0h00:05.793 2022/10/27T04:17:06z: 84:f3:eb:7d:7:a8
 0h00:05.795 2022/10/27T04:17:06z: SSID: MU Open
 0h00:05.800 2022/10/27T04:17:06z: AP_STAR tmr
 ets Jan  8 2013,rst cause:4, boot mode:(3,7)

wdt reset
load 0x4010f000, len 1384, room 16 
tail 8
chksum 0x2d
csum 0x2d
v8b899c12
~ld


6.01
 0h00:05.751 2022/10/27T04:37:12z: DS3231
 0h00:05.766 2022/10/27T04:37:12z: BME280 (0x76)
 0h00:05.780 2022/10/27T04:37:12z: 84:f3:eb:7d:7:a8
 0h00:05.782 2022/10/27T04:37:12z: SSID: MU Open
 0h00:05.787 2022/10/27T04:37:12z: AP_STAR tmr
 ets Jan  8 2013,rst cause:4, boot mode:(3,7)

wdt reset
load 0x4010f000, len 1384, room 16 
tail 8
chksum 0x2d
csum 0x2d
v8b899c12
~ld


6.01
 0h00:05.626 2022/10/27T04:57:23z: DS3231
 0h00:05.642 2022/10/27T04:57:23z: BME280 (0x76)
 0h00:05.656 2022/10/27T04:57:23z: 84:f3:eb:7d:7:a8
 0h00:05.657 2022/10/27T04:57:23z: SSID: MU Open
 0h00:05.663 2022/10/27T04:57:23z: AP_STAR tmr
 ets Jan  8 2013,rst cause:4, boot mode:(3,7)

wdt reset
load 0x4010f000, len 1384, room 16 
tail 8
chksum 0x2d
csum 0x2d
v8b899c12
~ld


6.01
 0h00:05.512 2022/10/27T05:17:29z: DS3231
 0h00:05.527 2022/10/27T05:17:29z: BME280 (0x76)
 0h00:05.542 2022/10/27T05:17:29z: 84:f3:eb:7d:7:a8
 0h00:05.543 2022/10/27T05:17:29z: SSID: MU Open
 0h00:05.548 2022/10/27T05:17:29z: AP_STAR tmr
 ets Jan  8 2013,rst cause:4, boot mode:(3,7)

wdt reset
load 0x4010f000, len 1384, room 16 
tail 8
chksum 0x2d
csum 0x2d
v8b899c12
~ld


6.01
 0h00:05.762 2022/10/27T05:37:35z: DS3231
 0h00:05.777 2022/10/27T05:37:35z: BME280 (0x76)
 0h00:05.791 2022/10/27T05:37:35z: 84:f3:eb:7d:7:a8
 0h00:05.793 2022/10/27T05:37:35z: SSID: MU Open
 0h00:05.798 2022/10/27T05:37:35z: AP_STAR tmr
 ets Jan  8 2013,rst cause:4, boot mode:(3,7)

wdt reset
load 0x4010f000, len 1384, room 16 
tail 8
chksum 0x2d
csum 0x2d
v8b899c12
~ld


6.01
 0h00:05.681 2022/10/27T05:57:41z: DS3231
 0h00:05.696 2022/10/27T05:57:41z: BME280 (0x76)
 0h00:05.711 2022/10/27T05:57:41z: 84:f3:eb:7d:7:a8
 0h00:05.712 2022/10/27T05:57:41z: SSID: MU Open
 0h00:05.718 2022/10/27T05:57:41z: AP_STAR tmr
 ets Jan  8 2013,rst cause:4, boot mode:(3,7)

wdt reset
load 0x4010f000, len 1384, room 16 
tail 8
chksum 0x2d
csum 0x2d
v8b899c12
~ld


6.01
 0h00:05.753 2022/10/27T06:17:47z: DS3231
 0h00:05.769 2022/10/27T06:17:47z: BME280 (0x76)
 0h00:05.783 2022/10/27T06:17:47z: 84:f3:eb:7d:7:a8
 0h00:05.784 2022/10/27T06:17:47z: SSID: MU Open
 0h00:05.790 2022/10/27T06:17:47z: AP_STAR tmr
 ets Jan  8 2013,rst cause:4, boot mode:(3,7)

wdt reset
load 0x4010f000, len 1384, room 16 
tail 8
chksum 0x2d
csum 0x2d
v8b899c12
~ld


6.01
 0h00:05.773 2022/10/27T06:37:52z: DS3231
 0h00:05.789 2022/10/27T06:37:52z: BME280 (0x76)
 0h00:05.803 2022/10/27T06:37:52z: 84:f3:eb:7d:7:a8
 0h00:05.804 2022/10/27T06:37:52z: SSID: MU Open
 0h00:05.810 2022/10/27T06:37:52z: AP_STAR tmr
 ets Jan  8 2013,rst cause:4, boot mode:(3,7)

wdt reset
load 0x4010f000, len 1384, room 16 
tail 8
chksum 0x2d
csum 0x2d
v8b899c12
~ld


6.01
 0h00:05.732 2022/10/27T06:57:59z: DS3231
 0h00:05.748 2022/10/27T06:57:59z: BME280 (0x76)
 0h00:05.762 2022/10/27T06:57:59z: 84:f3:eb:7d:7:a8
 0h00:05.763 2022/10/27T06:57:59z: SSID: MU Open
 0h00:05.769 2022/10/27T06:57:59z: AP_STAR tmr
 ets Jan  8 2013,rst cause:4, boot mode:(3,7)

wdt reset
load 0x4010f000, len 1384, room 16 
tail 8
chksum 0x2d
csum 0x2d
v8b899c12
~ld


6.01
 0h00:05.722 2022/10/27T07:18:05z: DS3231
 0h00:05.737 2022/10/27T07:18:05z: BME280 (0x76)
 0h00:05.751 2022/10/27T07:18:05z: 84:f3:eb:7d:7:a8
 0h00:05.753 2022/10/27T07:18:05z: SSID: MU Open
 0h00:05.758 2022/10/27T07:18:05z: AP_STAR tmr
 ets Jan  8 2013,rst cause:4, boot mode:(3,7)

wdt reset
load 0x4010f000, len 1384, room 16 
tail 8
chksum 0x2d
csum 0x2d
v8b899c12
~ld


6.01
 0h00:05.788 2022/10/27T07:38:11z: DS3231
 0h00:05.803 2022/10/27T07:38:11z: BME280 (0x76)
 0h00:05.817 2022/10/27T07:38:11z: 84:f3:eb:7d:7:a8
 0h00:05.819 2022/10/27T07:38:11z: SSID: MU Open
 0h00:05.824 2022/10/27T07:38:11z: AP_STAR tmr
 ets Jan  8 2013,rst cause:4, boot mode:(3,7)

wdt reset
load 0x4010f000, len 1384, room 16 
tail 8
chksum 0x2d
csum 0x2d
v8b899c12
~ld


6.01
 0h00:05.797 2022/10/27T07:58:17z: DS3231
 0h00:05.813 2022/10/27T07:58:17z: BME280 (0x76)
 0h00:05.827 2022/10/27T07:58:17z: 84:f3:eb:7d:7:a8
 0h00:05.829 2022/10/27T07:58:17z: SSID: MU Open
 0h00:05.834 2022/10/27T07:58:17z: AP_STAR tmr
 ets Jan  8 2013,rst cause:4, boot mode:(3,7)

wdt reset
load 0x4010f000, len 1384, room 16 
tail 8
chksum 0x2d
csum 0x2d
v8b899c12
~ld


6.01
 0h00:05.945 2022/10/27T08:18:23z: DS3231
 0h00:05.961 2022/10/27T08:18:23z: BME280 (0x76)
 0h00:05.975 2022/10/27T08:18:23z: 84:f3:eb:7d:7:a8
 0h00:05.977 2022/10/27T08:18:23z: SSID: MU Open
 0h00:05.982 2022/10/27T08:18:23z: AP_STAR tmr
 ets Jan  8 2013,rst cause:4, boot mode:(3,7)

wdt reset
load 0x4010f000, len 1384, room 16 
tail 8
chksum 0x2d
csum 0x2d
v8b899c12
~ld


6.01
 0h00:05.559 2022/10/27T08:38:30z: DS3231
 0h00:05.574 2022/10/27T08:38:30z: BME280 (0x76)
 0h00:05.588 2022/10/27T08:38:30z: 84:f3:eb:7d:7:a8
 0h00:05.590 2022/10/27T08:38:30z: SSID: MU Open
 0h00:05.595 2022/10/27T08:38:30z: AP_STAR tmr
 ets Jan  8 2013,rst cause:4, boot mode:(3,7)

wdt reset
load 0x4010f000, len 1384, room 16 
tail 8
chksum 0x2d
csum 0x2d
v8b899c12
~ld


6.01
 0h00:05.708 2022/10/27T08:58:36z: DS3231
 0h00:05.723 2022/10/27T08:58:36z: BME280 (0x76)
 0h00:05.737 2022/10/27T08:58:36z: 84:f3:eb:7d:7:a8
 0h00:05.739 2022/10/27T08:58:36z: SSID: MU Open
 0h00:05.744 2022/10/27T08:58:36z: AP_STAR tmr
 ets Jan  8 2013,rst cause:4, boot mode:(3,7)

wdt reset
load 0x4010f000, len 1384, room 16 
tail 8
chksum 0x2d
csum 0x2d
v8b899c12
~ld


6.01
 0h00:05.658 2022/10/27T09:18:41z: DS3231
 0h00:05.674 2022/10/27T09:18:41z: BME280 (0x76)
 0h00:05.688 2022/10/27T09:18:41z: 84:f3:eb:7d:7:a8
 0h00:05.689 2022/10/27T09:18:41z: SSID: MU Open
 0h00:05.695 2022/10/27T09:18:41z: AP_STAR tmr
 ets Jan  8 2013,rst cause:4, boot mode:(3,7)

wdt reset
load 0x4010f000, len 1384, room 16 
tail 8
chksum 0x2d
csum 0x2d
v8b899c12
~ld


6.01
 0h00:05.993 2022/10/27T09:38:48z: DS3231
 0h00:06.008 2022/10/27T09:38:48z: BME280 (0x76)
 0h00:06.022 2022/10/27T09:38:48z: 84:f3:eb:7d:7:a8
 0h00:06.024 2022/10/27T09:38:48z: SSID: MU Open
 0h00:06.029 2022/10/27T09:38:48z: AP_STAR tmr
 ets Jan  8 2013,rst cause:4, boot mode:(3,7)

wdt reset
load 0x4010f000, len 1384, room 16 
tail 8
chksum 0x2d
csum 0x2d
v8b899c12
~ld


6.01
 0h00:05.986 2022/10/27T09:58:54z: DS3231
 0h00:06.002 2022/10/27T09:58:54z: BME280 (0x76)
 0h00:06.016 2022/10/27T09:58:54z: 84:f3:eb:7d:7:a8
 0h00:06.017 2022/10/27T09:58:54z: SSID: MU Open
 0h00:06.023 2022/10/27T09:58:54z: AP_STAR tmr
 ets Jan  8 2013,rst cause:4, boot mode:(3,7)

wdt reset
load 0x4010f000, len 1384, room 16 
tail 8
chksum 0x2d
csum 0x2d
v8b899c12
~ld


6.01
 0h00:06.094 2022/10/27T10:19:00z: DS3231
 0h00:06.109 2022/10/27T10:19:01z: BME280 (0x76)
 0h00:06.123 2022/10/27T10:19:01z: 84:f3:eb:7d:7:a8
 0h00:06.125 2022/10/27T10:19:01z: SSID: MU Open
 0h00:06.130 2022/10/27T10:19:01z: AP_STAR tmr
 ets Jan  8 2013,rst cause:4, boot mode:(3,7)

wdt reset
load 0x4010f000, len 1384, room 16 
tail 8
chksum 0x2d
csum 0x2d
v8b899c12
~ld


6.01
 0h00:05.718 2022/10/27T10:39:06z: DS3231
 0h00:05.733 2022/10/27T10:39:06z: BME280 (0x76)
 0h00:05.747 2022/10/27T10:39:06z: 84:f3:eb:7d:7:a8
 0h00:05.749 2022/10/27T10:39:06z: SSID: MU Open
 0h00:05.754 2022/10/27T10:39:06z: AP_STAR tmr
 ets Jan  8 2013,rst cause:4, boot mode:(3,7)

wdt reset
load 0x4010f000, len 1384, room 16 
tail 8
chksum 0x2d
csum 0x2d
v8b899c12
~ld


6.01
 0h00:06.090 2022/10/27T10:59:13z: DS3231
 0h00:06.105 2022/10/27T10:59:13z: BME280 (0x76)
 0h00:06.120 2022/10/27T10:59:13z: 84:f3:eb:7d:7:a8
 0h00:06.121 2022/10/27T10:59:13z: SSID: MU Open
 0h00:06.126 2022/10/27T10:59:13z: AP_STAR tmr
 ets Jan  8 2013,rst cause:4, boot mode:(3,7)

wdt reset
load 0x4010f000, len 1384, room 16 
tail 8
chksum 0x2d
csum 0x2d
v8b899c12
~ld


6.01
 0h00:05.545 2022/10/27T11:19:20z: DS3231
 0h00:05.560 2022/10/27T11:19:20z: BME280 (0x76)
 0h00:05.574 2022/10/27T11:19:20z: 84:f3:eb:7d:7:a8
 0h00:05.576 2022/10/27T11:19:20z: SSID: MU Open
 0h00:05.581 2022/10/27T11:19:20z: AP_STAR tmr
 ets Jan  8 2013,rst cause:4, boot mode:(3,7)

wdt reset
load 0x4010f000, len 1384, room 16 
tail 8
chksum 0x2d
csum 0x2d
v8b899c12
~ld


6.01
 0h00:05.825 2022/10/27T11:39:26z: DS3231
 0h00:05.840 2022/10/27T11:39:26z: BME280 (0x76)
 0h00:05.854 2022/10/27T11:39:26z: 84:f3:eb:7d:7:a8
 0h00:05.856 2022/10/27T11:39:26z: SSID: MU Open
 0h00:05.861 2022/10/27T11:39:26z: AP_STAR tmr
 ets Jan  8 2013,rst cause:4, boot mode:(3,7)

wdt reset
load 0x4010f000, len 1384, room 16 
tail 8
chksum 0x2d
csum 0x2d
v8b899c12
~ld


6.01
 0h00:05.729 2022/10/27T11:59:31z: DS3231
 0h00:05.744 2022/10/27T11:59:31z: BME280 (0x76)
 0h00:05.758 2022/10/27T11:59:31z: 84:f3:eb:7d:7:a8
 0h00:05.760 2022/10/27T11:59:32z: SSID: MU Open
 0h00:05.765 2022/10/27T11:59:32z: AP_STAR tmr
 ets Jan  8 2013,rst cause:4, boot mode:(3,7)

wdt reset
load 0x4010f000, len 1384, room 16 
tail 8
chksum 0x2d
csum 0x2d
v8b899c12
~ld


6.01
 0h00:05.891 2022/10/27T12:19:38z: DS3231
 0h00:05.906 2022/10/27T12:19:38z: BME280 (0x76)
 0h00:05.920 2022/10/27T12:19:38z: 84:f3:eb:7d:7:a8
 0h00:05.922 2022/10/27T12:19:38z: SSID: MU Open
 0h00:05.927 2022/10/27T12:19:38z: AP_STAR tmr
 ets Jan  8 2013,rst cause:4, boot mode:(3,7)

wdt reset
load 0x4010f000, len 1384, room 16 
tail 8
chksum 0x2d
csum 0x2d
v8b899c12
~ld


6.01
 0h00:05.632 2022/10/27T12:39:44z: DS3231
 0h00:05.647 2022/10/27T12:39:44z: BME280 (0x76)
 0h00:05.662 2022/10/27T12:39:44z: 84:f3:eb:7d:7:a8
 0h00:05.663 2022/10/27T12:39:44z: SSID: MU Open
 0h00:05.668 2022/10/27T12:39:44z: AP_STAR tmr
 ets Jan  8 2013,rst cause:4, boot mode:(3,7)

wdt reset
load 0x4010f000, len 1384, room 16 
tail 8
chksum 0x2d
csum 0x2d
v8b899c12
~ld


6.01
 0h00:05.651 2022/10/27T12:59:51z: DS3231
 0h00:05.666 2022/10/27T12:59:51z: BME280 (0x76)
 0h00:05.680 2022/10/27T12:59:51z: 84:f3:eb:7d:7:a8
 0h00:05.682 2022/10/27T12:59:51z: SSID: MU Open
 0h00:05.687 2022/10/27T12:59:51z: AP_STAR tmr
 ets Jan  8 2013,rst cause:4, boot mode:(3,7)

wdt reset
load 0x4010f000, len 1384, room 16 
tail 8
chksum 0x2d
csum 0x2d
v8b899c12
~ld


6.01
 0h00:05.740 2022/10/27T13:19:57z: DS3231
 0h00:05.756 2022/10/27T13:19:57z: BME280 (0x76)
 0h00:05.770 2022/10/27T13:19:57z: 84:f3:eb:7d:7:a8
 0h00:05.771 2022/10/27T13:19:57z: SSID: MU Open
 0h00:05.777 2022/10/27T13:19:57z: AP_STAR tmr
 ets Jan  8 2013,rst cause:4, boot mode:(3,7)

wdt reset
load 0x4010f000, len 1384, room 16 
tail 8
chksum 0x2d
csum 0x2d
v8b899c12
~ld


6.01
 0h00:05.146 2022/10/27T13:40:02z: DS3231
 0h00:05.161 2022/10/27T13:40:02z: BME280 (0x76)
 0h00:05.175 2022/10/27T13:40:02z: 84:f3:eb:7d:7:a8
 0h00:05.177 2022/10/27T13:40:02z: SSID: MU Open
 0h00:05.182 2022/10/27T13:40:02z: AP_STAR tmr
 ets Jan  8 2013,rst cause:4, boot mode:(3,7)

wdt reset
load 0x4010f000, len 1384, room 16 
tail 8
chksum 0x2d
csum 0x2d
v8b899c12
~ld


6.01
 0h00:05.605 2022/10/27T14:00:08z: DS3231
 0h00:05.621 2022/10/27T14:00:08z: BME280 (0x76)
 0h00:05.635 2022/10/27T14:00:08z: 84:f3:eb:7d:7:a8
 0h00:05.636 2022/10/27T14:00:08z: SSID: MU Open
 0h00:05.642 2022/10/27T14:00:08z: AP_STAR tmr
 ets Jan  8 2013,rst cause:4, boot mode:(3,7)

wdt reset
load 0x4010f000, len 1384, room 16 
tail 8
chksum 0x2d
csum 0x2d
v8b899c12
~ld


6.01
 0h00:05.507 2022/10/27T14:20:15z: DS3231
 0h00:05.523 2022/10/27T14:20:15z: BME280 (0x76)
 0h00:05.537 2022/10/27T14:20:15z: 84:f3:eb:7d:7:a8
 0h00:05.538 2022/10/27T14:20:15z: SSID: MU Open
 0h00:05.544 2022/10/27T14:20:15z: AP_STAR tmr
 ets Jan  8 2013,rst cause:4, boot mode:(3,7)

wdt reset
load 0x4010f000, len 1384, room 16 
tail 8
chksum 0x2d
csum 0x2d
v8b899c12
~ld


6.01
 0h00:05.329 2022/10/27T14:40:21z: DS3231
 0h00:05.344 2022/10/27T14:40:21z: BME280 (0x76)
 0h00:05.358 2022/10/27T14:40:21z: 84:f3:eb:7d:7:a8
 0h00:05.360 2022/10/27T14:40:21z: SSID: MU Open
 0h00:05.365 2022/10/27T14:40:21z: AP_STAR tmr
 ets Jan  8 2013,rst cause:4, boot mode:(3,7)

wdt reset
load 0x4010f000, len 1384, room 16 
tail 8
chksum 0x2d
csum 0x2d
v8b899c12
~ld


6.01
 0h00:05.068 2022/10/27T15:00:25z: DS3231
 0h00:05.084 2022/10/27T15:00:25z: BME280 (0x76)
 0h00:05.098 2022/10/27T15:00:25z: 84:f3:eb:7d:7:a8
 0h00:05.100 2022/10/27T15:00:25z: SSID: MU Open
 0h00:05.105 2022/10/27T15:00:25z: AP_STAR tmr
 ets Jan  8 2013,rst cause:4, boot mode:(3,7)

wdt reset
load 0x4010f000, len 1384, room 16 
tail 8
chksum 0x2d
csum 0x2d
v8b899c12
~ld


6.01
 0h00:04.788 2022/10/27T15:20:30z: DS3231
 0h00:04.803 2022/10/27T15:20:30z: BME280 (0x76)
 0h00:04.817 2022/10/27T15:20:30z: 84:f3:eb:7d:7:a8
 0h00:04.819 2022/10/27T15:20:30z: SSID: MU Open
 0h00:04.824 2022/10/27T15:20:30z: AP_STAR tmr
 ets Jan  8 2013,rst cause:4, boot mode:(3,7)

wdt reset
load 0x4010f000, len 1384, room 16 
tail 8
chksum 0x2d
csum 0x2d
v8b899c12
~ld


6.01
 0h00:05.268 2022/10/27T15:40:36z: DS3231
 0h00:05.283 2022/10/27T15:40:36z: BME280 (0x76)
 0h00:05.298 2022/10/27T15:40:36z: 84:f3:eb:7d:7:a8
 0h00:05.299 2022/10/27T15:40:36z: SSID: MU Open
 0h00:05.305 2022/10/27T15:40:36z: AP_STAR tmr
 ets Jan  8 2013,rst cause:4, boot mode:(3,7)

wdt reset
load 0x4010f000, len 1384, room 16 
tail 8
chksum 0x2d
csum 0x2d
v8b899c12
~ld


6.01
 0h00:05.245 2022/10/27T16:00:41z: DS3231
 0h00:05.260 2022/10/27T16:00:41z: BME280 (0x76)
 0h00:05.275 2022/10/27T16:00:41z: 84:f3:eb:7d:7:a8
 0h00:05.276 2022/10/27T16:00:41z: SSID: MU Open
 0h00:05.281 2022/10/27T16:00:41z: AP_STAR tmr
 ets Jan  8 2013,rst cause:4, boot mode:(3,7)

wdt reset
load 0x4010f000, len 1384, room 16 
tail 8
chksum 0x2d
csum 0x2d
v8b899c12
~ld


6.01
 0h00:05.209 2022/10/27T16:20:46z: DS3231
 0h00:05.225 2022/10/27T16:20:46z: BME280 (0x76)
 0h00:05.239 2022/10/27T16:20:46z: 84:f3:eb:7d:7:a8
 0h00:05.241 2022/10/27T16:20:46z: SSID: MU Open
 0h00:05.246 2022/10/27T16:20:46z: AP_STAR tmr
 ets Jan  8 2013,rst cause:4, boot mode:(3,7)

wdt reset
load 0x4010f000, len 1384, room 16 
tail 8
chksum 0x2d
csum 0x2d
v8b899c12
~ld


6.01
 0h00:05.131 2022/10/27T16:40:51z: DS3231
 0h00:05.147 2022/10/27T16:40:51z: BME280 (0x76)
 0h00:05.161 2022/10/27T16:40:51z: 84:f3:eb:7d:7:a8
 0h00:05.163 2022/10/27T16:40:51z: SSID: MU Open
 0h00:05.168 2022/10/27T16:40:51z: AP_STAR tmr
 ets Jan  8 2013,rst cause:4, boot mode:(3,7)

wdt reset
load 0x4010f000, len 1384, room 16 
tail 8
chksum 0x2d
csum 0x2d
v8b899c12
~ld


6.01
 0h00:05.177 2022/10/27T17:00:56z: DS3231
 0h00:05.192 2022/10/27T17:00:56z: BME280 (0x76)
 0h00:05.207 2022/10/27T17:00:56z: 84:f3:eb:7d:7:a8
 0h00:05.208 2022/10/27T17:00:56z: SSID: MU Open
 0h00:05.213 2022/10/27T17:00:56z: AP_STAR tmr
 ets Jan  8 2013,rst cause:4, boot mode:(3,7)

wdt reset
load 0x4010f000, len 1384, room 16 
tail 8
chksum 0x2d
csum 0x2d
v8b899c12
~ld


6.01
 0h00:05.199 2022/10/27T17:21:01z: DS3231
 0h00:05.215 2022/10/27T17:21:01z: BME280 (0x76)
 0h00:05.229 2022/10/27T17:21:01z: 84:f3:eb:7d:7:a8
 0h00:05.231 2022/10/27T17:21:01z: SSID: MU Open
 0h00:05.236 2022/10/27T17:21:01z: AP_STAR tmr
 ets Jan  8 2013,rst cause:4, boot mode:(3,7)

wdt reset
load 0x4010f000, len 1384, room 16 
tail 8
chksum 0x2d
csum 0x2d
v8b899c12
~ld


6.01
 0h00:04.856 2022/10/27T17:41:06z: DS3231
 0h00:04.871 2022/10/27T17:41:06z: BME280 (0x76)
 0h00:04.885 2022/10/27T17:41:06z: 84:f3:eb:7d:7:a8
 0h00:04.887 2022/10/27T17:41:06z: SSID: MU Open
 0h00:04.892 2022/10/27T17:41:06z: AP_STAR tmr
 ets Jan  8 2013,rst cause:4, boot mode:(3,7)

wdt reset
load 0x4010f000, len 1384, room 16 
tail 8
chksum 0x2d
csum 0x2d
v8b899c12
~ld


6.01
 0h00:04.938 2022/10/27T18:01:11z: DS3231
 0h00:04.954 2022/10/27T18:01:11z: BME280 (0x76)
 0h00:04.968 2022/10/27T18:01:11z: 84:f3:eb:7d:7:a8
 0h00:04.970 2022/10/27T18:01:11z: SSID: MU Open
 0h00:04.975 2022/10/27T18:01:11z: AP_STAR tmr
 ets Jan  8 2013,rst cause:4, boot mode:(3,7)

wdt reset
load 0x4010f000, len 1384, room 16 
tail 8
chksum 0x2d
csum 0x2d
v8b899c12
~ld


6.01
 0h00:04.944 2022/10/27T18:21:16z: DS3231
 0h00:04.959 2022/10/27T18:21:16z: BME280 (0x76)
 0h00:04.973 2022/10/27T18:21:16z: 84:f3:eb:7d:7:a8
 0h00:04.975 2022/10/27T18:21:16z: SSID: MU Open
 0h00:04.980 2022/10/27T18:21:16z: AP_STAR tmr
 ets Jan  8 2013,rst cause:4, boot mode:(3,7)

wdt reset
load 0x4010f000, len 1384, room 16 
tail 8
chksum 0x2d
csum 0x2d
v8b899c12
~ld


6.01
 0h00:05.004 2022/10/27T18:41:20z: DS3231
 0h00:05.020 2022/10/27T18:41:20z: BME280 (0x76)
 0h00:05.034 2022/10/27T18:41:20z: 84:f3:eb:7d:7:a8
 0h00:05.036 2022/10/27T18:41:20z: SSID: MU Open
 0h00:05.041 2022/10/27T18:41:20z: AP_STAR tmr
 ets Jan  8 2013,rst cause:4, boot mode:(3,7)

wdt reset
load 0x4010f000, len 1384, room 16 
tail 8
chksum 0x2d
csum 0x2d
v8b899c12
~ld


6.01
 0h00:04.963 2022/10/27T19:01:25z: DS3231
 0h00:04.978 2022/10/27T19:01:25z: BME280 (0x76)
 0h00:04.992 2022/10/27T19:01:25z: 84:f3:eb:7d:7:a8
 0h00:04.994 2022/10/27T19:01:25z: SSID: MU Open
 0h00:04.999 2022/10/27T19:01:25z: AP_STAR tmr
 ets Jan  8 2013,rst cause:4, boot mode:(3,7)

wdt reset
load 0x4010f000, len 1384, room 16 
tail 8
chksum 0x2d
csum 0x2d
v8b899c12
~ld


6.01
 0h00:04.879 2022/10/27T19:21:29z: DS3231
 0h00:04.894 2022/10/27T19:21:29z: BME280 (0x76)
 0h00:04.908 2022/10/27T19:21:29z: 84:f3:eb:7d:7:a8
 0h00:04.910 2022/10/27T19:21:29z: SSID: MU Open
 0h00:04.915 2022/10/27T19:21:29z: AP_STAR tmr
 ets Jan  8 2013,rst cause:4, boot mode:(3,7)

wdt reset
load 0x4010f000, len 1384, room 16 
tail 8
chksum 0x2d
csum 0x2d
v8b899c12
~ld


6.01
 0h00:05.129 2022/10/27T19:41:34z: DS3231
 0h00:05.144 2022/10/27T19:41:34z: BME280 (0x76)
 0h00:05.158 2022/10/27T19:41:34z: 84:f3:eb:7d:7:a8
 0h00:05.160 2022/10/27T19:41:34z: SSID: MU Open
 0h00:05.165 2022/10/27T19:41:34z: AP_STAR tmr
 ets Jan  8 2013,rst cause:4, boot mode:(3,7)

wdt reset
load 0x4010f000, len 1384, room 16 
tail 8
chksum 0x2d
csum 0x2d
v8b899c12
~ld


6.01
 0h00:04.774 2022/10/27T20:01:38z: DS3231
 0h00:04.789 2022/10/27T20:01:38z: BME280 (0x76)
 0h00:04.804 2022/10/27T20:01:38z: 84:f3:eb:7d:7:a8
 0h00:04.805 2022/10/27T20:01:38z: SSID: MU Open
 0h00:04.810 2022/10/27T20:01:38z: AP_STAR tmr
 ets Jan  8 2013,rst cause:4, boot mode:(3,7)

wdt reset
load 0x4010f000, len 1384, room 16 
tail 8
chksum 0x2d
csum 0x2d
v8b899c12
~ld


6.01
 0h00:05.103 2022/10/27T20:21:44z: DS3231
 0h00:05.119 2022/10/27T20:21:44z: BME280 (0x76)
 0h00:05.133 2022/10/27T20:21:44z: 84:f3:eb:7d:7:a8
 0h00:05.135 2022/10/27T20:21:44z: SSID: MU Open
 0h00:05.140 2022/10/27T20:21:44z: AP_STAR tmr
 ets Jan  8 2013,rst cause:4, boot mode:(3,7)

wdt reset
load 0x4010f000, len 1384, room 16 
tail 8
chksum 0x2d
csum 0x2d
v8b899c12
~ld


6.01
 0h00:05.103 2022/10/27T20:41:49z: DS3231
 0h00:05.119 2022/10/27T20:41:49z: BME280 (0x76)
 0h00:05.133 2022/10/27T20:41:49z: 84:f3:eb:7d:7:a8
 0h00:05.135 2022/10/27T20:41:49z: SSID: MU Open
 0h00:05.140 2022/10/27T20:41:49z: AP_STAR tmr
 ets Jan  8 2013,rst cause:4, boot mode:(3,7)

wdt reset
load 0x4010f000, len 1384, room 16 
tail 8
chksum 0x2d
csum 0x2d
v8b899c12
~ld


6.01
 0h00:04.841 2022/10/27T21:01:53z: DS3231
 0h00:04.857 2022/10/27T21:01:53z: BME280 (0x76)
 0h00:04.871 2022/10/27T21:01:53z: 84:f3:eb:7d:7:a8
 0h00:04.873 2022/10/27T21:01:53z: SSID: MU Open
 0h00:04.878 2022/10/27T21:01:53z: AP_STAR tmr
 ets Jan  8 2013,rst cause:4, boot mode:(3,7)

wdt reset
load 0x4010f000, len 1384, room 16 
tail 8
chksum 0x2d
csum 0x2d
v8b899c12
~ld


6.01
 0h00:05.649 2022/10/27T21:21:59z: DS3231
 0h00:05.665 2022/10/27T21:21:59z: BME280 (0x76)
 0h00:05.679 2022/10/27T21:21:59z: 84:f3:eb:7d:7:a8
 0h00:05.681 2022/10/27T21:21:59z: SSID: MU Open
 0h00:05.686 2022/10/27T21:21:59z: AP_STAR tmr
 ets Jan  8 2013,rst cause:4, boot mode:(3,7)

wdt reset
load 0x4010f000, len 1384, room 16 
tail 8
chksum 0x2d
csum 0x2d
v8b899c12
~ld


6.01
 0h00:05.560 2022/10/27T21:42:05z: DS3231
 0h00:05.575 2022/10/27T21:42:05z: BME280 (0x76)
 0h00:05.589 2022/10/27T21:42:05z: 84:f3:eb:7d:7:a8
 0h00:05.591 2022/10/27T21:42:05z: SSID: MU Open
 0h00:05.596 2022/10/27T21:42:05z: AP_STAR tmr
 ets Jan  8 2013,rst cause:4, boot mode:(3,7)

wdt reset
load 0x4010f000, len 1384, room 16 
tail 8
chksum 0x2d
csum 0x2d
v8b899c12
~ld


6.01
 0h00:05.627 2022/10/27T22:02:11z: DS3231
 0h00:05.642 2022/10/27T22:02:11z: BME280 (0x76)
 0h00:05.656 2022/10/27T22:02:11z: 84:f3:eb:7d:7:a8
 0h00:05.658 2022/10/27T22:02:11z: SSID: MU Open
 0h00:05.663 2022/10/27T22:02:11z: AP_STAR tmr
 ets Jan  8 2013,rst cause:4, boot mode:(3,7)

wdt reset
load 0x4010f000, len 1384, room 16 
tail 8
chksum 0x2d
csum 0x2d
v8b899c12
~ld


6.01
 0h00:05.197 2022/10/27T22:22:17z: DS3231
 0h00:05.212 2022/10/27T22:22:17z: BME280 (0x76)
 0h00:05.226 2022/10/27T22:22:17z: 84:f3:eb:7d:7:a8
 0h00:05.228 2022/10/27T22:22:17z: SSID: MU Open
 0h00:05.233 2022/10/27T22:22:17z: AP_STAR tmr
 ets Jan  8 2013,rst cause:4, boot mode:(3,7)

wdt reset
load 0x4010f000, len 1384, room 16 
tail 8
chksum 0x2d
csum 0x2d
v8b899c12
~ld


6.01
 0h00:05.689 2022/10/27T22:42:22z: DS3231
 0h00:05.704 2022/10/27T22:42:22z: BME280 (0x76)
 0h00:05.718 2022/10/27T22:42:22z: 84:f3:eb:7d:7:a8
 0h00:05.720 2022/10/27T22:42:22z: SSID: MU Open
 0h00:05.725 2022/10/27T22:42:22z: AP_STAR tmr
 ets Jan  8 2013,rst cause:4, boot mode:(3,7)

wdt reset
load 0x4010f000, len 1384, room 16 
tail 8
chksum 0x2d
csum 0x2d
v8b899c12
~ld


6.01
 0h00:05.644 2022/10/27T23:02:30z: DS3231
 0h00:05.659 2022/10/27T23:02:30z: BME280 (0x76)
 0h00:05.674 2022/10/27T23:02:30z: 84:f3:eb:7d:7:a8
 0h00:05.675 2022/10/27T23:02:30z: SSID: MU Open
 0h00:05.680 2022/10/27T23:02:30z: AP_STAR tmr
 ets Jan  8 2013,rst cause:4, boot mode:(3,7)

wdt reset
load 0x4010f000, len 1384, room 16 
tail 8
chksum 0x2d
csum 0x2d
v8b899c12
~ld


6.01
 0h00:05.535 2022/10/27T23:22:35z: DS3231
 0h00:05.550 2022/10/27T23:22:35z: BME280 (0x76)
 0h00:05.565 2022/10/27T23:22:35z: 84:f3:eb:7d:7:a8
 0h00:05.566 2022/10/27T23:22:35z: SSID: MU Open
 0h00:05.571 2022/10/27T23:22:35z: AP_STAR tmr
 ets Jan  8 2013,rst cause:4, boot mode:(3,7)

wdt reset
load 0x4010f000, len 1384, room 16 
tail 8
chksum 0x2d
csum 0x2d
v8b899c12
~ld


6.01
 0h00:05.770 2022/10/27T23:42:42z: DS3231
 0h00:05.785 2022/10/27T23:42:42z: BME280 (0x76)
 0h00:05.800 2022/10/27T23:42:42z: 84:f3:eb:7d:7:a8
 0h00:05.801 2022/10/27T23:42:42z: SSID: MU Open
 0h00:05.806 2022/10/27T23:42:42z: AP_STA