R tmr
 ets Jan  8 2013,rst cause:4, boot mode:(3,7)

wdt reset
load 0x4010f000, len 1384, room 16 
tail 8
chksum 0x2d
csum 0x2d
v8b899c12
~ld


6.01
 0h00:04.318 2022/06/15T00:01:50z: DS3231
 0h00:04.333 2022/06/15T00:01:50z: BME280 (0x76)
 0h00:04.347 2022/06/15T00:01:50z: 84:f3:eb:7d:7:a8
 0h00:04.349 2022/06/15T00:01:50z: SSID: MU Open
 0h00:04.354 2022/06/15T00:01:50z: AP_STAR tmr
 ets Jan  8 2013,rst cause:4, boot mode:(3,7)

wdt reset
load 0x4010f000, len 1384, room 16 
tail 8
chksum 0x2d
csum 0x2d
v8b899c12
~ld


6.01
 0h00:04.221 2022/06/15T00:21:52z: DS3231
 0h00:04.236 2022/06/15T00:21:52z: BME280 (0x76)
 0h00:04.250 2022/06/15T00:21:52z: 84:f3:eb:7d:7:a8
 0h00:04.252 2022/06/15T00:21:52z: SSID: MU Open
 0h00:04.257 2022/06/15T00:21:52z: AP_STAR tmr
 ets Jan  8 2013,rst cause:4, boot mode:(3,7)

wdt reset
load 0x4010f000, len 1384, room 16 
tail 8
chksum 0x2d
csum 0x2d
v8b899c12
~ld


6.01
 0h00:04.271 2022/06/15T00:41:54z: DS3231
 0h00:04.287 2022/06/15T00:41:54z: BME280 (0x76)
 0h00:04.301 2022/06/15T00:41:54z: 84:f3:eb:7d:7:a8
 0h00:04.302 2022/06/15T00:41:54z: SSID: MU Open
 0h00:04.308 2022/06/15T00:41:54z: AP_STAR tmr
 ets Jan  8 2013,rst cause:4, boot mode:(3,7)

wdt reset
load 0x4010f000, len 1384, room 16 
tail 8
chksum 0x2d
csum 0x2d
v8b899c12
~ld


6.01
 0h00:04.268 2022/06/15T01:01:55z: DS3231
 0h00:04.283 2022/06/15T01:01:55z: BME280 (0x76)
 0h00:04.297 2022/06/15T01:01:55z: 84:f3:eb:7d:7:a8
 0h00:04.299 2022/06/15T01:01:55z: SSID: MU Open
 0h00:04.304 2022/06/15T01:01:55z: AP_STAR tmr
 ets Jan  8 2013,rst cause:4, boot mode:(3,7)

wdt reset
load 0x4010f000, len 1384, room 16 
tail 8
chksum 0x2d
csum 0x2d
v8b899c12
~ld


6.01
 0h00:04.289 2022/06/15T01:21:57z: DS3231
 0h00:04.305 2022/06/15T01:21:57z: BME280 (0x76)
 0h00:04.319 2022/06/15T01:21:57z: 84:f3:eb:7d:7:a8
 0h00:04.321 2022/06/15T01:21:57z: SSID: MU Open
 0h00:04.326 2022/06/15T01:21:57z: AP_STAR tmr
 ets Jan  8 2013,rst cause:4, boot mode:(3,7)

wdt reset
load 0x4010f000, len 1384, room 16 
tail 8
chksum 0x2d
csum 0x2d
v8b899c12
~ld


6.01
 0h00:04.284 2022/06/15T01:41:58z: DS3231
 0h00:04.299 2022/06/15T01:41:58z: BME280 (0x76)
 0h00:04.314 2022/06/15T01:41:58z: 84:f3:eb:7d:7:a8
 0h00:04.315 2022/06/15T01:41:58z: SSID: MU Open
 0h00:04.320 2022/06/15T01:41:58z: AP_STAR tmr
 ets Jan  8 2013,rst cause:4, boot mode:(3,7)

wdt reset
load 0x4010f000, len 1384, room 16 
tail 8
chksum 0x2d
csum 0x2d
v8b899c12
~ld


6.01
 0h00:04.250 2022/06/15T02:02:00z: DS3231
 0h00:04.265 2022/06/15T02:02:00z: BME280 (0x76)
 0h00:04.279 2022/06/15T02:02:00z: 84:f3:eb:7d:7:a8
 0h00:04.281 2022/06/15T02:02:00z: SSID: MU Open
 0h00:04.286 2022/06/15T02:02:00z: AP_STAR tmr
 ets Jan  8 2013,rst cause:4, boot mode:(3,7)

wdt reset
load 0x4010f000, len 1384, room 16 
tail 8
chksum 0x2d
csum 0x2d
v8b899c12
~ld


6.01
 0h00:04.129 2022/06/15T02:22:01z: DS3231
 0h00:04.144 2022/06/15T02:22:01z: BME280 (0x76)
 0h00:04.158 2022/06/15T02:22:01z: 84:f3:eb:7d:7:a8
 0h00:04.160 2022/06/15T02:22:01z: SSID: MU Open
 0h00:04.165 2022/06/15T02:22:01z: AP_STAR tmr
 ets Jan  8 2013,rst cause:4, boot mode:(3,7)

wdt reset
load 0x4010f000, len 1384, room 16 
tail 8
chksum 0x2d
csum 0x2d
v8b899c12
~ld


6.01
 0h00:04.050 2022/06/15T02:42:03z: DS3231
 0h00:04.066 2022/06/15T02:42:03z: BME280 (0x76)
 0h00:04.080 2022/06/15T02:42:03z: 84:f3:eb:7d:7:a8
 0h00:04.081 2022/06/15T02:42:03z: SSID: MU Open
 0h00:04.087 2022/06/15T02:42:03z: AP_STAR tmr
 ets Jan  8 2013,rst cause:4, boot mode:(3,7)

wdt reset
load 0x4010f000, len 1384, room 16 
tail 8
chksum 0x2d
csum 0x2d
v8b899c12
~ld


6.01
 0h00:04.218 2022/06/15T03:02:05z: DS3231
 0h00:04.233 2022/06/15T03:02:05z: BME280 (0x76)
 0h00:04.247 2022/06/15T03:02:05z: 84:f3:eb:7d:7:a8
 0h00:04.249 2022/06/15T03:02:05z: SSID: MU Open
 0h00:04.254 2022/06/15T03:02:05z: AP_STAR tmr
 ets Jan  8 2013,rst cause:4, boot mode:(3,7)

wdt reset
load 0x4010f000, len 1384, room 16 
tail 8
chksum 0x2d
csum 0x2d
v8b899c12
~ld


6.01
 0h00:04.263 2022/06/15T03:22:07z: DS3231
 0h00:04.278 2022/06/15T03:22:07z: BME280 (0x76)
 0h00:04.292 2022/06/15T03:22:07z: 84:f3:eb:7d:7:a8
 0h00:04.294 2022/06/15T03:22:07z: SSID: MU Open
 0h00:04.299 2022/06/15T03:22:07z: AP_STAR tmr
 ets Jan  8 2013,rst cause:4, boot mode:(3,7)

wdt reset
load 0x4010f000, len 1384, room 16 
tail 8
chksum 0x2d
csum 0x2d
v8b899c12
~ld


6.01
 0h00:04.102 2022/06/15T03:42:08z: DS3231
 0h00:04.117 2022/06/15T03:42:08z: BME280 (0x76)
 0h00:04.131 2022/06/15T03:42:08z: 84:f3:eb:7d:7:a8
 0h00:04.133 2022/06/15T03:42:08z: SSID: MU Open
 0h00:04.138 2022/06/15T03:42:08z: AP_STAR tmr
 ets Jan  8 2013,rst cause:4, boot mode:(3,7)

wdt reset
load 0x4010f000, len 1384, room 16 
tail 8
chksum 0x2d
csum 0x2d
v8b899c12
~ld


6.01
 0h00:04.260 2022/06/15T04:02:10z: DS3231
 0h00:04.275 2022/06/15T04:02:10z: BME280 (0x76)
 0h00:04.290 2022/06/15T04:02:10z: 84:f3:eb:7d:7:a8
 0h00:04.291 2022/06/15T04:02:10z: SSID: MU Open
 0h00:04.296 2022/06/15T04:02:10z: AP_STAR tmr
 ets Jan  8 2013,rst cause:4, boot mode:(3,7)

wdt reset
load 0x4010f000, len 1384, room 16 
tail 8
chksum 0x2d
csum 0x2d
v8b899c12
~ld


6.01
 0h00:04.146 2022/06/15T04:22:11z: DS3231
 0h00:04.162 2022/06/15T04:22:11z: BME280 (0x76)
 0h00:04.176 2022/06/15T04:22:11z: 84:f3:eb:7d:7:a8
 0h00:04.178 2022/06/15T04:22:11z: SSID: MU Open
 0h00:04.183 2022/06/15T04:22:11z: AP_STAR tmr
 ets Jan  8 2013,rst cause:4, boot mode:(3,7)

wdt reset
load 0x4010f000, len 1384, room 16 
tail 8
chksum 0x2d
csum 0x2d
v8b899c12
~ld


6.01
 0h00:04.326 2022/06/15T04:42:12z: DS3231
 0h00:04.342 2022/06/15T04:42:12z: BME280 (0x76)
 0h00:04.356 2022/06/15T04:42:12z: 84:f3:eb:7d:7:a8
 0h00:04.357 2022/06/15T04:42:12z: SSID: MU Open
 0h00:04.363 2022/06/15T04:42:12z: AP_STAR tmr
 ets Jan  8 2013,rst cause:4, boot mode:(3,7)

wdt reset
load 0x4010f000, len 1384, room 16 
tail 8
chksum 0x2d
csum 0x2d
v8b899c12
~ld


6.01
 0h00:04.356 2022/06/15T05:02:13z: DS3231
 0h00:04.371 2022/06/15T05:02:13z: BME280 (0x76)
 0h00:04.386 2022/06/15T05:02:13z: 84:f3:eb:7d:7:a8
 0h00:04.387 2022/06/15T05:02:13z: SSID: MU Open
 0h00:04.392 2022/06/15T05:02:13z: AP_STAR tmr
 ets Jan  8 2013,rst cause:4, boot mode:(3,7)

wdt reset
load 0x4010f000, len 1384, room 16 
tail 8
chksum 0x2d
csum 0x2d
v8b899c12
~ld


6.01
 0h00:04.345 2022/06/15T05:22:15z: DS3231
 0h00:04.361 2022/06/15T05:22:15z: BME280 (0x76)
 0h00:04.375 2022/06/15T05:22:15z: 84:f3:eb:7d:7:a8
 0h00:04.376 2022/06/15T05:22:15z: SSID: MU Open
 0h00:04.382 2022/06/15T05:22:15z: AP_STAR tmr
 ets Jan  8 2013,rst cause:4, boot mode:(3,7)

wdt reset
load 0x4010f000, len 1384, room 16 
tail 8
chksum 0x2d
csum 0x2d
v8b899c12
~ld


6.01
 0h00:04.353 2022/06/15T05:42:17z: DS3231
 0h00:04.368 2022/06/15T05:42:17z: BME280 (0x76)
 0h00:04.383 2022/06/15T05:42:17z: 84:f3:eb:7d:7:a8
 0h00:04.384 2022/06/15T05:42:17z: SSID: MU Open
 0h00:04.389 2022/06/15T05:42:17z: AP_STAR tmr
 ets Jan  8 2013,rst cause:4, boot mode:(3,7)

wdt reset
load 0x4010f000, len 1384, room 16 
tail 8
chksum 0x2d
csum 0x2d
v8b899c12
~ld


6.01
 0h00:04.140 2022/06/15T06:02:19z: DS3231
 0h00:04.155 2022/06/15T06:02:19z: BME280 (0x76)
 0h00:04.169 2022/06/15T06:02:19z: 84:f3:eb:7d:7:a8
 0h00:04.171 2022/06/15T06:02:19z: SSID: MU Open
 0h00:04.176 2022/06/15T06:02:19z: AP_STAR tmr
 ets Jan  8 2013,rst cause:4, boot mode:(3,7)

wdt reset
load 0x4010f000, len 1384, room 16 
tail 8
chksum 0x2d
csum 0x2d
v8b899c12
~ld


6.01
 0h00:04.113 2022/06/15T06:22:21z: DS3231
 0h00:04.128 2022/06/15T06:22:21z: BME280 (0x76)
 0h00:04.142 2022/06/15T06:22:21z: 84:f3:eb:7d:7:a8
 0h00:04.144 2022/06/15T06:22:21z: SSID: MU Open
 0h00:04.149 2022/06/15T06:22:21z: AP_STAR tmr
 ets Jan  8 2013,rst cause:4, boot mode:(3,7)

wdt reset
load 0x4010f000, len 1384, room 16 
tail 8
chksum 0x2d
csum 0x2d
v8b899c12
~ld


6.01
 0h00:04.335 2022/06/15T06:42:23z: DS3231
 0h00:04.351 2022/06/15T06:42:23z: BME280 (0x76)
 0h00:04.365 2022/06/15T06:42:23z: 84:f3:eb:7d:7:a8
 0h00:04.366 2022/06/15T06:42:23z: SSID: MU Open
 0h00:04.372 2022/06/15T06:42:23z: AP_STAR tmr
 ets Jan  8 2013,rst cause:4, boot mode:(3,7)

wdt reset
load 0x4010f000, len 1384, room 16 
tail 8
chksum 0x2d
csum 0x2d
v8b899c12
~ld


6.01
 0h00:04.261 2022/06/15T07:02:24z: DS3231
 0h00:04.276 2022/06/15T07:02:24z: BME280 (0x76)
 0h00:04.290 2022/06/15T07:02:24z: 84:f3:eb:7d:7:a8
 0h00:04.292 2022/06/15T07:02:24z: SSID: MU Open
 0h00:04.297 2022/06/15T07:02:24z: AP_STAR tmr
 ets Jan  8 2013,rst cause:4, boot mode:(3,7)

wdt reset
load 0x4010f000, len 1384, room 16 
tail 8
chksum 0x2d
csum 0x2d
v8b899c12
~ld


6.01
 0h00:04.328 2022/06/15T07:22:26z: DS3231
 0h00:04.344 2022/06/15T07:22:26z: BME280 (0x76)
 0h00:04.358 2022/06/15T07:22:26z: 84:f3:eb:7d:7:a8
 0h00:04.359 2022/06/15T07:22:26z: SSID: MU Open
 0h00:04.365 2022/06/15T07:22:26z: AP_STAR tmr
 ets Jan  8 2013,rst cause:4, boot mode:(3,7)

wdt reset
load 0x4010f000, len 1384, room 16 
tail 8
chksum 0x2d
csum 0x2d
v8b899c12
~ld


6.01
 0h00:04.141 2022/06/15T07:42:28z: DS3231
 0h00:04.156 2022/06/15T07:42:28z: BME280 (0x76)
 0h00:04.170 2022/06/15T07:42:28z: 84:f3:eb:7d:7:a8
 0h00:04.172 2022/06/15T07:42:28z: SSID: MU Open
 0h00:04.177 2022/06/15T07:42:28z: AP_STAR tmr
 ets Jan  8 2013,rst cause:4, boot mode:(3,7)

wdt reset
load 0x4010f000, len 1384, room 16 
tail 8
chksum 0x2d
csum 0x2d
v8b899c12
~ld


6.01
 0h00:04.090 2022/06/15T08:02:29z: DS3231
 0h00:04.105 2022/06/15T08:02:29z: BME280 (0x76)
 0h00:04.119 2022/06/15T08:02:29z: 84:f3:eb:7d:7:a8
 0h00:04.121 2022/06/15T08:02:29z: SSID: MU Open
 0h00:04.126 2022/06/15T08:02:29z: AP_STAR tmr
 ets Jan  8 2013,rst cause:4, boot mode:(3,7)

wdt reset
load 0x4010f000, len 1384, room 16 
tail 8
chksum 0x2d
csum 0x2d
v8b899c12
~ld


6.01
 0h00:04.240 2022/06/15T08:22:31z: DS3231
 0h00:04.255 2022/06/15T08:22:31z: BME280 (0x76)
 0h00:04.269 2022/06/15T08:22:31z: 84:f3:eb:7d:7:a8
 0h00:04.271 2022/06/15T08:22:31z: SSID: MU Open
 0h00:04.276 2022/06/15T08:22:31z: AP_STAR tmr
 ets Jan  8 2013,rst cause:4, boot mode:(3,7)

wdt reset
load 0x4010f000, len 1384, room 16 
tail 8
chksum 0x2d
csum 0x2d
v8b899c12
~ld


6.01
 0h00:04.303 2022/06/15T08:42:33z: DS3231
 0h00:04.318 2022/06/15T08:42:33z: BME280 (0x76)
 0h00:04.332 2022/06/15T08:42:33z: 84:f3:eb:7d:7:a8
 0h00:04.334 2022/06/15T08:42:33z: SSID: MU Open
 0h00:04.339 2022/06/15T08:42:33z: AP_STAR tmr
 ets Jan  8 2013,rst cause:4, boot mode:(3,7)

wdt reset
load 0x4010f000, len 1384, room 16 
tail 8
chksum 0x2d
csum 0x2d
v8b899c12
~ld


6.01
 0h00:04.309 2022/06/15T09:02:34z: DS3231
 0h00:04.324 2022/06/15T09:02:34z: BME280 (0x76)
 0h00:04.339 2022/06/15T09:02:34z: 84:f3:eb:7d:7:a8
 0h00:04.340 2022/06/15T09:02:34z: SSID: MU Open
 0h00:04.345 2022/06/15T09:02:34z: AP_STAR tmr
 ets Jan  8 2013,rst cause:4, boot mode:(3,7)

wdt reset
load 0x4010f000, len 1384, room 16 
tail 8
chksum 0x2d
csum 0x2d
v8b899c12
~ld


6.01
 0h00:04.348 2022/06/15T09:22:36z: DS3231
 0h00:04.363 2022/06/15T09:22:36z: BME280 (0x76)
 0h00:04.377 2022/06/15T09:22:36z: 84:f3:eb:7d:7:a8
 0h00:04.379 2022/06/15T09:22:36z: SSID: MU Open
 0h00:04.384 2022/06/15T09:22:36z: AP_STAR tmr
 ets Jan  8 2013,rst cause:4, boot mode:(3,7)

wdt reset
load 0x4010f000, len 1384, room 16 
tail 8
chksum 0x2d
csum 0x2d
v8b899c12
~ld


6.01
 0h00:04.343 2022/06/15T09:42:37z: DS3231
 0h00:04.358 2022/06/15T09:42:37z: BME280 (0x76)
 0h00:04.372 2022/06/15T09:42:37z: 84:f3:eb:7d:7:a8
 0h00:04.374 2022/06/15T09:42:37z: SSID: MU Open
 0h00:04.379 2022/06/15T09:42:37z: AP_STAR tmr
 ets Jan  8 2013,rst cause:4, boot mode:(3,7)

wdt reset
load 0x4010f000, len 1384, room 16 
tail 8
chksum 0x2d
csum 0x2d
v8b899c12
~ld


6.01
 0h00:04.343 2022/06/15T10:02:39z: DS3231
 0h00:04.359 2022/06/15T10:02:39z: BME280 (0x76)
 0h00:04.373 2022/06/15T10:02:39z: 84:f3:eb:7d:7:a8
 0h00:04.375 2022/06/15T10:02:39z: SSID: MU Open
 0h00:04.380 2022/06/15T10:02:39z: AP_STAR tmr
 ets Jan  8 2013,rst cause:4, boot mode:(3,7)

wdt reset
load 0x4010f000, len 1384, room 16 
tail 8
chksum 0x2d
csum 0x2d
v8b899c12
~ld


6.01
 0h00:04.133 2022/06/15T10:22:40z: DS3231
 0h00:04.148 2022/06/15T10:22:40z: BME280 (0x76)
 0h00:04.162 2022/06/15T10:22:40z: 84:f3:eb:7d:7:a8
 0h00:04.164 2022/06/15T10:22:40z: SSID: MU Open
 0h00:04.169 2022/06/15T10:22:40z: AP_STAR tmr
 ets Jan  8 2013,rst cause:4, boot mode:(3,7)

wdt reset
load 0x4010f000, len 1384, room 16 
tail 8
chksum 0x2d
csum 0x2d
v8b899c12
~ld


6.01
 0h00:04.316 2022/06/15T10:42:42z: DS3231
 0h00:04.331 2022/06/15T10:42:42z: BME280 (0x76)
 0h00:04.345 2022/06/15T10:42:42z: 84:f3:eb:7d:7:a8
 0h00:04.347 2022/06/15T10:42:42z: SSID: MU Open
 0h00:04.352 2022/06/15T10:42:42z: AP_STAR tmr
 ets Jan  8 2013,rst cause:4, boot mode:(3,7)

wdt reset
load 0x4010f000, len 1384, room 16 
tail 8
chksum 0x2d
csum 0x2d
v8b899c12
~ld


6.01
 0h00:04.121 2022/06/15T11:02:44z: DS3231
 0h00:04.136 2022/06/15T11:02:44z: BME280 (0x76)
 0h00:04.150 2022/06/15T11:02:44z: 84:f3:eb:7d:7:a8
 0h00:04.152 2022/06/15T11:02:44z: SSID: MU Open
 0h00:04.157 2022/06/15T11:02:44z: AP_STAR tmr
 ets Jan  8 2013,rst cause:4, boot mode:(3,7)

wdt reset
load 0x4010f000, len 1384, room 16 
tail 8
chksum 0x2d
csum 0x2d
v8b899c12
~ld


6.01
 0h00:04.118 2022/06/15T11:22:45z: DS3231
 0h00:04.133 2022/06/15T11:22:45z: BME280 (0x76)
 0h00:04.147 2022/06/15T11:22:45z: 84:f3:eb:7d:7:a8
 0h00:04.149 2022/06/15T11:22:45z: SSID: MU Open
 0h00:04.154 2022/06/15T11:22:45z: AP_STAR tmr
 ets Jan  8 2013,rst cause:4, boot mode:(3,7)

wdt reset
load 0x4010f000, len 1384, room 16 
tail 8
chksum 0x2d
csum 0x2d
v8b899c12
~ld


6.01
 0h00:04.152 2022/06/15T11:42:47z: DS3231
 0h00:04.167 2022/06/15T11:42:47z: BME280 (0x76)
 0h00:04.181 2022/06/15T11:42:47z: 84:f3:eb:7d:7:a8
 0h00:04.183 2022/06/15T11:42:47z: SSID: MU Open
 0h00:04.188 2022/06/15T11:42:47z: AP_STAR tmr
 ets Jan  8 2013,rst cause:4, boot mode:(3,7)

wdt reset
load 0x4010f000, len 1384, room 16 
tail 8
chksum 0x2d
csum 0x2d
v8b899c12
~ld


6.01
 0h00:04.231 2022/06/15T12:02:48z: DS3231
 0h00:04.246 2022/06/15T12:02:48z: BME280 (0x76)
 0h00:04.260 2022/06/15T12:02:48z: 84:f3:eb:7d:7:a8
 0h00:04.262 2022/06/15T12:02:48z: SSID: MU Open
 0h00:04.267 2022/06/15T12:02:48z: AP_STAR tmr
 ets Jan  8 2013,rst cause:4, boot mode:(3,7)

wdt reset
load 0x4010f000, len 1384, room 16 
tail 8
chksum 0x2d
csum 0x2d
v8b899c12
~ld


6.01
 0h00:04.264 2022/06/15T12:22:49z: DS3231
 0h00:04.279 2022/06/15T12:22:49z: BME280 (0x76)
 0h00:04.293 2022/06/15T12:22:49z: 84:f3:eb:7d:7:a8
 0h00:04.295 2022/06/15T12:22:49z: SSID: MU Open
 0h00:04.300 2022/06/15T12:22:49z: AP_STAR tmr
 ets Jan  8 2013,rst cause:4, boot mode:(3,7)

wdt reset
load 0x4010f000, len 1384, room 16 
tail 8
chksum 0x2d
csum 0x2d
v8b899c12
~ld


6.01
 0h00:04.313 2022/06/15T12:42:51z: DS3231
 0h00:04.329 2022/06/15T12:42:51z: BME280 (0x76)
 0h00:04.343 2022/06/15T12:42:51z: 84:f3:eb:7d:7:a8
 0h00:04.345 2022/06/15T12:42:51z: SSID: MU Open
 0h00:04.350 2022/06/15T12:42:51z: AP_STAR tmr
 ets Jan  8 2013,rst cause:4, boot mode:(3,7)

wdt reset
load 0x4010f000, len 1384, room 16 
tail 8
chksum 0x2d
csum 0x2d
v8b899c12
~ld


6.01
 0h00:04.194 2022/06/15T13:02:53z: DS3231
 0h00:04.210 2022/06/15T13:02:53z: BME280 (0x76)
 0h00:04.224 2022/06/15T13:02:53z: 84:f3:eb:7d:7:a8
 0h00:04.225 2022/06/15T13:02:53z: SSID: MU Open
 0h00:04.231 2022/06/15T13:02:53z: AP_STAR tmr
 ets Jan  8 2013,rst cause:4, boot mode:(3,7)

wdt reset
load 0x4010f000, len 1384, room 16 
tail 8
chksum 0x2d
csum 0x2d
v8b899c12
~ld


6.01
 0h00:04.149 2022/06/15T13:22:54z: DS3231
 0h00:04.164 2022/06/15T13:22:54z: BME280 (0x76)
 0h00:04.178 2022/06/15T13:22:54z: 84:f3:eb:7d:7:a8
 0h00:04.180 2022/06/15T13:22:54z: SSID: MU Open
 0h00:04.185 2022/06/15T13:22:54z: AP_STAR tmr
 ets Jan  8 2013,rst cause:4, boot mode:(3,7)

wdt reset
load 0x4010f000, len 1384, room 16 
tail 8
chksum 0x2d
csum 0x2d
v8b899c12
~ld


6.01
 0h00:04.259 2022/06/15T13:42:56z: DS3231
 0h00:04.274 2022/06/15T13:42:56z: BME280 (0x76)
 0h00:04.288 2022/06/15T13:42:56z: 84:f3:eb:7d:7:a8
 0h00:04.290 2022/06/15T13:42:56z: SSID: MU Open
 0h00:04.295 2022/06/15T13:42:56z: AP_STAR tmr
 ets Jan  8 2013,rst cause:4, boot mode:(3,7)

wdt reset
load 0x4010f000, len 1384, room 16 
tail 8
chksum 0x2d
csum 0x2d
v8b899c12
~ld


6.01
 0h00:04.102 2022/06/15T14:02:57z: DS3231
 0h00:04.117 2022/06/15T14:02:57z: BME280 (0x76)
 0h00:04.132 2022/06/15T14:02:57z: 84:f3:eb:7d:7:a8
 0h00:04.133 2022/06/15T14:02:57z: SSID: MU Open
 0h00:04.138 2022/06/15T14:02:57z: AP_STAR tmr
 ets Jan  8 2013,rst cause:4, boot mode:(3,7)

wdt reset
load 0x4010f000, len 1384, room 16 
tail 8
chksum 0x2d
csum 0x2d
v8b899c12
~ld


6.01
 0h00:04.148 2022/06/15T14:22:59z: DS3231
 0h00:04.163 2022/06/15T14:22:59z: BME280 (0x76)
 0h00:04.177 2022/06/15T14:22:59z: 84:f3:eb:7d:7:a8
 0h00:04.179 2022/06/15T14:22:59z: SSID: MU Open
 0h00:04.184 2022/06/15T14:22:59z: AP_STAR tmr
 ets Jan  8 2013,rst cause:4, boot mode:(3,7)

wdt reset
load 0x4010f000, len 1384, room 16 
tail 8
chksum 0x2d
csum 0x2d
v8b899c12
~ld


6.01
 0h00:04.171 2022/06/15T14:43:01z: DS3231
 0h00:04.187 2022/06/15T14:43:01z: BME280 (0x76)
 0h00:04.201 2022/06/15T14:43:01z: 84:f3:eb:7d:7:a8
 0h00:04.202 2022/06/15T14:43:01z: SSID: MU Open
 0h00:04.208 2022/06/15T14:43:01z: AP_STAR tmr
 ets Jan  8 2013,rst cause:4, boot mode:(3,7)

wdt reset
load 0x4010f000, len 1384, room 16 
tail 8
chksum 0x2d
csum 0x2d
v8b899c12
~ld


6.01
 0h00:04.388 2022/06/15T15:03:02z: DS3231
 0h00:04.403 2022/06/15T15:03:02z: BME280 (0x76)
 0h00:04.418 2022/06/15T15:03:02z: 84:f3:eb:7d:7:a8
 0h00:04.419 2022/06/15T15:03:02z: SSID: MU Open
 0h00:04.424 2022/06/15T15:03:02z: AP_STAR tmr
 ets Jan  8 2013,rst cause:4, boot mode:(3,7)

wdt reset
load 0x4010f000, len 1384, room 16 
tail 8
chksum 0x2d
csum 0x2d
v8b899c12
~ld


6.01
 0h00:04.410 2022/06/15T15:23:04z: DS3231
 0h00:04.425 2022/06/15T15:23:04z: BME280 (0x76)
 0h00:04.439 2022/06/15T15:23:04z: 84:f3:eb:7d:7:a8
 0h00:04.441 2022/06/15T15:23:04z: SSID: MU Open
 0h00:04.446 2022/06/15T15:23:04z: AP_STAR tmr
 ets Jan  8 2013,rst cause:4, boot mode:(3,7)

wdt reset
load 0x4010f000, len 1384, room 16 
tail 8
chksum 0x2d
csum 0x2d
v8b899c12
~ld


6.01
 0h00:04.005 2022/06/15T15:43:05z: DS3231
 0h00:04.020 2022/06/15T15:43:05z: BME280 (0x76)
 0h00:04.034 2022/06/15T15:43:05z: 84:f3:eb:7d:7:a8
 0h00:04.036 2022/06/15T15:43:05z: SSID: MU Open
 0h00:04.041 2022/06/15T15:43:05z: AP_STAR tmr
 ets Jan  8 2013,rst cause:4, boot mode:(3,7)

wdt reset
load 0x4010f000, len 1384, room 16 
tail 8
chksum 0x2d
csum 0x2d
v8b899c12
~ld


6.01
 0h00:04.323 2022/06/15T16:03:08z: DS3231
 0h00:04.338 2022/06/15T16:03:08z: BME280 (0x76)
 0h00:04.352 2022/06/15T16:03:08z: 84:f3:eb:7d:7:a8
 0h00:04.354 2022/06/15T16:03:08z: SSID: MU Open
 0h00:04.359 2022/06/15T16:03:08z: AP_STAR tmr
 ets Jan  8 2013,rst cause:4, boot mode:(3,7)

wdt reset
load 0x4010f000, len 1384, room 16 
tail 8
chksum 0x2d
csum 0x2d
v8b899c12
~ld


6.01
 0h00:04.341 2022/06/15T16:23:10z: DS3231
 0h00:04.356 2022/06/15T16:23:10z: BME280 (0x76)
 0h00:04.371 2022/06/15T16:23:10z: 84:f3:eb:7d:7:a8
 0h00:04.372 2022/06/15T16:23:10z: SSID: MU Open
 0h00:04.377 2022/06/15T16:23:10z: AP_STAR tmr
 ets Jan  8 2013,rst cause:4, boot mode:(3,7)

wdt reset
load 0x4010f000, len 1384, room 16 
tail 8
chksum 0x2d
csum 0x2d
v8b899c12
~ld


6.01
 0h00:04.099 2022/06/15T16:43:11z: DS3231
 0h00:04.114 2022/06/15T16:43:11z: BME280 (0x76)
 0h00:04.128 2022/06/15T16:43:11z: 84:f3:eb:7d:7:a8
 0h00:04.130 2022/06/15T16:43:11z: SSID: MU Open
 0h00:04.135 2022/06/15T16:43:11z: AP_STAR tmr
 ets Jan  8 2013,rst cause:4, boot mode:(3,7)

wdt reset
load 0x4010f000, len 1384, room 16 
tail 8
chksum 0x2d
csum 0x2d
v8b899c12
~ld


6.01
 0h00:04.256 2022/06/15T17:03:12z: DS3231
 0h00:04.272 2022/06/15T17:03:12z: BME280 (0x76)
 0h00:04.286 2022/06/15T17:03:12z: 84:f3:eb:7d:7:a8
 0h00:04.288 2022/06/15T17:03:12z: SSID: MU Open
 0h00:04.293 2022/06/15T17:03:12z: AP_STAR tmr
 ets Jan  8 2013,rst cause:4, boot mode:(3,7)

wdt reset
load 0x4010f000, len 1384, room 16 
tail 8
chksum 0x2d
csum 0x2d
v8b899c12
~ld


6.01
 0h00:04.288 2022/06/15T17:23:14z: DS3231
 0h00:04.303 2022/06/15T17:23:14z: BME280 (0x76)
 0h00:04.317 2022/06/15T17:23:14z: 84:f3:eb:7d:7:a8
 0h00:04.319 2022/06/15T17:23:14z: SSID: MU Open
 0h00:04.324 2022/06/15T17:23:14z: AP_STAR tmr
 ets Jan  8 2013,rst cause:4, boot mode:(3,7)

wdt reset
load 0x4010f000, len 1384, room 16 
tail 8
chksum 0x2d
csum 0x2d
v8b899c12
~ld


6.01
 0h00:04.108 2022/06/15T17:43:15z: DS3231
 0h00:04.123 2022/06/15T17:43:15z: BME280 (0x76)
 0h00:04.137 2022/06/15T17:43:15z: 84:f3:eb:7d:7:a8
 0h00:04.139 2022/06/15T17:43:15z: SSID: MU Open
 0h00:04.144 2022/06/15T17:43:15z: AP_STAR tmr
 ets Jan  8 2013,rst cause:4, boot mode:(3,7)

wdt reset
load 0x4010f000, len 1384, room 16 
tail 8
chksum 0x2d
csum 0x2d
v8b899c12
~ld


6.01
 0h00:04.310 2022/06/15T18:03:16z: DS3231
 0h00:04.326 2022/06/15T18:03:16z: BME280 (0x76)
 0h00:04.340 2022/06/15T18:03:16z: 84:f3:eb:7d:7:a8
 0h00:04.341 2022/06/15T18:03:16z: SSID: MU Open
 0h00:04.347 2022/06/15T18:03:16z: AP_STAR tmr
 ets Jan  8 2013,rst cause:4, boot mode:(3,7)

wdt reset
load 0x4010f000, len 1384, room 16 
tail 8
chksum 0x2d
csum 0x2d
v8b899c12
~ld


6.01
 0h00:04.240 2022/06/15T18:23:18z: DS3231
 0h00:04.255 2022/06/15T18:23:18z: BME280 (0x76)
 0h00:04.270 2022/06/15T18:23:18z: 84:f3:eb:7d:7:a8
 0h00:04.271 2022/06/15T18:23:18z: SSID: MU Open
 0h00:04.276 2022/06/15T18:23:18z: AP_STAR tmr
 ets Jan  8 2013,rst cause:4, boot mode:(3,7)

wdt reset
load 0x4010f000, len 1384, room 16 
tail 8
chksum 0x2d
csum 0x2d
v8b899c12
~ld


6.01
 0h00:04.357 2022/06/15T18:43:20z: DS3231
 0h00:04.372 2022/06/15T18:43:20z: BME280 (0x76)
 0h00:04.386 2022/06/15T18:43:20z: 84:f3:eb:7d:7:a8
 0h00:04.388 2022/06/15T18:43:20z: SSID: MU Open
 0h00:04.393 2022/06/15T18:43:20z: AP_STAR tmr
 ets Jan  8 2013,rst cause:4, boot mode:(3,7)

wdt reset
load 0x4010f000, len 1384, room 16 
tail 8
chksum 0x2d
csum 0x2d
v8b899c12
~ld


6.01
 0h00:04.329 2022/06/15T19:03:21z: DS3231
 0h00:04.344 2022/06/15T19:03:21z: BME280 (0x76)
 0h00:04.358 2022/06/15T19:03:21z: 84:f3:eb:7d:7:a8
 0h00:04.360 2022/06/15T19:03:21z: SSID: MU Open
 0h00:04.365 2022/06/15T19:03:21z: AP_STAR tmr
 ets Jan  8 2013,rst cause:4, boot mode:(3,7)

wdt reset
load 0x4010f000, len 1384, room 16 
tail 8
chksum 0x2d
csum 0x2d
v8b899c12
~ld


6.01
 0h00:04.342 2022/06/15T19:23:23z: DS3231
 0h00:04.357 2022/06/15T19:23:23z: BME280 (0x76)
 0h00:04.371 2022/06/15T19:23:23z: 84:f3:eb:7d:7:a8
 0h00:04.373 2022/06/15T19:23:23z: SSID: MU Open
 0h00:04.378 2022/06/15T19:23:23z: AP_STAR tmr
 ets Jan  8 2013,rst cause:4, boot mode:(3,7)

wdt reset
load 0x4010f000, len 1384, room 16 
tail 8
chksum 0x2d
csum 0x2d
v8b899c12
~ld


6.01
 0h00:04.307 2022/06/15T19:43:25z: DS3231
 0h00:04.322 2022/06/15T19:43:25z: BME280 (0x76)
 0h00:04.337 2022/06/15T19:43:25z: 84:f3:eb:7d:7:a8
 0h00:04.338 2022/06/15T19:43:25z: SSID: MU Open
 0h00:04.343 2022/06/15T19:43:25z: AP_STAR tmr
 ets Jan  8 2013,rst cause:4, boot mode:(3,7)

wdt reset
load 0x4010f000, len 1384, room 16 
tail 8
chksum 0x2d
csum 0x2d
v8b899c12
~ld


6.01
 0h00:04.288 2022/06/15T20:03:27z: DS3231
 0h00:04.303 2022/06/15T20:03:27z: BME280 (0x76)
 0h00:04.317 2022/06/15T20:03:27z: 84:f3:eb:7d:7:a8
 0h00:04.319 2022/06/15T20:03:27z: SSID: MU Open
 0h00:04.324 2022/06/15T20:03:27z: AP_STAR tmr
 ets Jan  8 2013,rst cause:4, boot mode:(3,7)

wdt reset
load 0x4010f000, len 1384, room 16 
tail 8
chksum 0x2d
csum 0x2d
v8b899c12
~ld


6.01
 0h00:04.316 2022/06/15T20:23:28z: DS3231
 0h00:04.331 2022/06/15T20:23:28z: BME280 (0x76)
 0h00:04.345 2022/06/15T20:23:28z: 84:f3:eb:7d:7:a8
 0h00:04.347 2022/06/15T20:23:28z: SSID: MU Open
 0h00:04.352 2022/06/15T20:23:28z: AP_STAR tmr
 ets Jan  8 2013,rst cause:4, boot mode:(3,7)

wdt reset
load 0x4010f000, len 1384, room 16 
tail 8
chksum 0x2d
csum 0x2d
v8b899c12
~ld


6.01
 0h00:04.311 2022/06/15T20:43:30z: DS3231
 0h00:04.326 2022/06/15T20:43:30z: BME280 (0x76)
 0h00:04.340 2022/06/15T20:43:30z: 84:f3:eb:7d:7:a8
 0h00:04.342 2022/06/15T20:43:30z: SSID: MU Open
 0h00:04.347 2022/06/15T20:43:30z: AP_STAR tmr
 ets Jan  8 2013,rst cause:4, boot mode:(3,7)

wdt reset
load 0x4010f000, len 1384, room 16 
tail 8
chksum 0x2d
csum 0x2d
v8b899c12
~ld


6.01
 0h00:04.306 2022/06/15T21:03:31z: DS3231
 0h00:04.321 2022/06/15T21:03:31z: BME280 (0x76)
 0h00:04.336 2022/06/15T21:03:31z: 84:f3:eb:7d:7:a8
 0h00:04.337 2022/06/15T21:03:31z: SSID: MU Open
 0h00:04.342 2022/06/15T21:03:31z: AP_STAR tmr
 ets Jan  8 2013,rst cause:4, boot mode:(3,7)

wdt reset
load 0x4010f000, len 1384, room 16 
tail 8
chksum 0x2d
csum 0x2d
v8b899c12
~ld


6.01
 0h00:04.310 2022/06/15T21:23:33z: DS3231
 0h00:04.325 2022/06/15T21:23:33z: BME280 (0x76)
 0h00:04.339 2022/06/15T21:23:33z: 84:f3:eb:7d:7:a8
 0h00:04.341 2022/06/15T21:23:33z: SSID: MU Open
 0h00:04.346 2022/06/15T21:23:33z: AP_STAR tmr
 ets Jan  8 2013,rst cause:4, boot mode:(3,7)

wdt reset
load 0x4010f000, len 1384, room 16 
tail 8
chksum 0x2d
csum 0x2d
v8b899c12
~ld


6.01
 0h00:04.279 2022/06/15T21:43:35z: DS3231
 0h00:04.294 2022/06/15T21:43:35z: BME280 (0x76)
 0h00:04.308 2022/06/15T21:43:35z: 84:f3:eb:7d:7:a8
 0h00:04.310 2022/06/15T21:43:35z: SSID: MU Open
 0h00:04.315 2022/06/15T21:43:35z: AP_STAR tmr
 ets Jan  8 2013,rst cause:4, boot mode:(3,7)

wdt reset
load 0x4010f000, len 1384, room 16 
tail 8
chksum 0x2d
csum 0x2d
v8b899c12
~ld


6.01
 0h00:04.327 2022/06/15T22:03:37z: DS3231
 0h00:04.342 2022/06/15T22:03:37z: BME280 (0x76)
 0h00:04.356 2022/06/15T22:03:37z: 84:f3:eb:7d:7:a8
 0h00:04.358 2022/06/15T22:03:37z: SSID: MU Open
 0h00:04.363 2022/06/15T22:03:37z: AP_STAR tmr
 ets Jan  8 2013,rst cause:4, boot mode:(3,7)

wdt reset
load 0x4010f000, len 1384, room 16 
tail 8
chksum 0x2d
csum 0x2d
v8b899c12
~ld


6.01
 0h00:04.356 2022/06/15T22:23:38z: DS3231
 0h00:04.371 2022/06/15T22:23:38z: BME280 (0x76)
 0h00:04.386 2022/06/15T22:23:38z: 84:f3:eb:7d:7:a8
 0h00:04.387 2022/06/15T22:23:38z: SSID: MU Open
 0h00:04.392 2022/06/15T22:23:38z: AP_STAR tmr
 ets Jan  8 2013,rst cause:4, boot mode:(3,7)

wdt reset
load 0x4010f000, len 1384, room 16 
tail 8
chksum 0x2d
csum 0x2d
v8b899c12
~ld


6.01
 0h00:04.319 2022/06/15T22:43:40z: DS3231
 0h00:04.335 2022/06/15T22:43:40z: BME280 (0x76)
 0h00:04.349 2022/06/15T22:43:40z: 84:f3:eb:7d:7:a8
 0h00:04.351 2022/06/15T22:43:40z: SSID: MU Open
 0h00:04.356 2022/06/15T22:43:40z: AP_STAR tmr
 ets Jan  8 2013,rst cause:4, boot mode:(3,7)

wdt reset
load 0x4010f000, len 1384, room 16 
tail 8
chksum 0x2d
csum 0x2d
v8b899c12
~ld


6.01
 0h00:04.339 2022/06/15T23:03:42z: DS3231
 0h00:04.355 2022/06/15T23:03:42z: BME280 (0x76)
 0h00:04.369 2022/06/15T23:03:42z: 84:f3:eb:7d:7:a8
 0h00:04.371 2022/06/15T23:03:42z: SSID: MU Open
 0h00:04.376 2022/06/15T23:03:42z: AP_STAR tmr
 ets Jan  8 2013,rst cause:4, boot mode:(3,7)

wdt reset
load 0x4010f000, len 1384, room 16 
tail 8
chksum 0x2d
csum 0x2d
v8b899c12
~ld


6.01
 0h00:04.315 2022/06/15T23:23:43z: DS3231
 0h00:04.330 2022/06/15T23:23:43z: BME280 (0x76)
 0h00:04.345 2022/06/15T23:23:43z: 84:f3:eb:7d:7:a8
 0h00:04.346 2022/06/15T23:23:43z: SSID: MU Open
 0h00:04.351 2022/06/15T23:23:43z: AP_STAR tmr
 ets Jan  8 2013,rst cause:4, boot mode:(3,7)

wdt reset
load 0x4010f000, len 1384, room 16 
tail 8
chksum 0x2d
csum 0x2d
v8b899c12
~ld


6.01
 0h00:04.181 2022/06/15T23:43:45z: DS3231
 0h00:04.196 2022/06/15T23:43:45z: BME280 (0x76)
 0h00:04.210 2022/06/15T23:43:45z: 84:f3:eb:7d:7:a8
 0h00:04.212 2022/06/15T23:43:45z: SSID: MU Open
 0h00:04.217 2022/06/15T23:43:45z: AP_STA