R tmr
 ets Jan  8 2013,rst cause:4, boot mode:(3,7)

wdt reset
load 0x4010f000, len 1384, room 16 
tail 8
chksum 0x2d
csum 0x2d
v8b899c12
~ld


6.01
 0h00:04.582 2022/07/28T00:03:17z: DS3231
 0h00:04.597 2022/07/28T00:03:17z: BME280 (0x76)
 0h00:04.612 2022/07/28T00:03:17z: 84:f3:eb:7d:7:a8
 0h00:04.613 2022/07/28T00:03:17z: SSID: MU Open
 0h00:04.618 2022/07/28T00:03:17z: AP_STAR tmr
 ets Jan  8 2013,rst cause:4, boot mode:(3,7)

wdt reset
load 0x4010f000, len 1384, room 16 
tail 8
chksum 0x2d
csum 0x2d
v8b899c12
~ld


6.01
 0h00:04.628 2022/07/28T00:23:20z: DS3231
 0h00:04.644 2022/07/28T00:23:20z: BME280 (0x76)
 0h00:04.658 2022/07/28T00:23:20z: 84:f3:eb:7d:7:a8
 0h00:04.660 2022/07/28T00:23:20z: SSID: MU Open
 0h00:04.665 2022/07/28T00:23:20z: AP_STAR tmr
 ets Jan  8 2013,rst cause:4, boot mode:(3,7)

wdt reset
load 0x4010f000, len 1384, room 16 
tail 8
chksum 0x2d
csum 0x2d
v8b899c12
~ld


6.01
 0h00:04.630 2022/07/28T00:43:22z: DS3231
 0h00:04.645 2022/07/28T00:43:23z: BME280 (0x76)
 0h00:04.659 2022/07/28T00:43:23z: 84:f3:eb:7d:7:a8
 0h00:04.661 2022/07/28T00:43:23z: SSID: MU Open
 0h00:04.666 2022/07/28T00:43:23z: AP_STAR tmr
 ets Jan  8 2013,rst cause:4, boot mode:(3,7)

wdt reset
load 0x4010f000, len 1384, room 16 
tail 8
chksum 0x2d
csum 0x2d
v8b899c12
~ld


6.01
 0h00:04.933 2022/07/28T01:03:26z: DS3231
 0h00:04.948 2022/07/28T01:03:26z: BME280 (0x76)
 0h00:04.962 2022/07/28T01:03:26z: 84:f3:eb:7d:7:a8
 0h00:04.964 2022/07/28T01:03:26z: SSID: MU Open
 0h00:04.969 2022/07/28T01:03:26z: AP_STAR tmr
 ets Jan  8 2013,rst cause:4, boot mode:(3,7)

wdt reset
load 0x4010f000, len 1384, room 16 
tail 8
chksum 0x2d
csum 0x2d
v8b899c12
~ld


6.01
 0h00:04.598 2022/07/28T01:23:29z: DS3231
 0h00:04.614 2022/07/28T01:23:29z: BME280 (0x76)
 0h00:04.628 2022/07/28T01:23:29z: 84:f3:eb:7d:7:a8
 0h00:04.629 2022/07/28T01:23:29z: SSID: MU Open
 0h00:04.635 2022/07/28T01:23:29z: AP_STAR tmr
 ets Jan  8 2013,rst cause:4, boot mode:(3,7)

wdt reset
load 0x4010f000, len 1384, room 16 
tail 8
chksum 0x2d
csum 0x2d
v8b899c12
~ld


6.01
 0h00:04.527 2022/07/28T01:43:32z: DS3231
 0h00:04.542 2022/07/28T01:43:32z: BME280 (0x76)
 0h00:04.556 2022/07/28T01:43:32z: 84:f3:eb:7d:7:a8
 0h00:04.558 2022/07/28T01:43:32z: SSID: MU Open
 0h00:04.563 2022/07/28T01:43:32z: AP_STAR tmr
 ets Jan  8 2013,rst cause:4, boot mode:(3,7)

wdt reset
load 0x4010f000, len 1384, room 16 
tail 8
chksum 0x2d
csum 0x2d
v8b899c12
~ld


6.01
 0h00:04.647 2022/07/28T02:03:35z: DS3231
 0h00:04.663 2022/07/28T02:03:35z: BME280 (0x76)
 0h00:04.677 2022/07/28T02:03:35z: 84:f3:eb:7d:7:a8
 0h00:04.679 2022/07/28T02:03:35z: SSID: MU Open
 0h00:04.684 2022/07/28T02:03:35z: AP_STAR tmr
 ets Jan  8 2013,rst cause:4, boot mode:(3,7)

wdt reset
load 0x4010f000, len 1384, room 16 
tail 8
chksum 0x2d
csum 0x2d
v8b899c12
~ld


6.01
 0h00:04.540 2022/07/28T02:23:38z: DS3231
 0h00:04.555 2022/07/28T02:23:38z: BME280 (0x76)
 0h00:04.570 2022/07/28T02:23:38z: 84:f3:eb:7d:7:a8
 0h00:04.571 2022/07/28T02:23:38z: SSID: MU Open
 0h00:04.576 2022/07/28T02:23:38z: AP_STAR tmr
 ets Jan  8 2013,rst cause:4, boot mode:(3,7)

wdt reset
load 0x4010f000, len 1384, room 16 
tail 8
chksum 0x2d
csum 0x2d
v8b899c12
~ld


6.01
 0h00:04.771 2022/07/28T02:43:41z: DS3231
 0h00:04.786 2022/07/28T02:43:41z: BME280 (0x76)
 0h00:04.801 2022/07/28T02:43:41z: 84:f3:eb:7d:7:a8
 0h00:04.802 2022/07/28T02:43:41z: SSID: MU Open
 0h00:04.807 2022/07/28T02:43:41z: AP_STAR tmr
 ets Jan  8 2013,rst cause:4, boot mode:(3,7)

wdt reset
load 0x4010f000, len 1384, room 16 
tail 8
chksum 0x2d
csum 0x2d
v8b899c12
~ld


6.01
 0h00:04.556 2022/07/28T03:03:45z: DS3231
 0h00:04.571 2022/07/28T03:03:45z: BME280 (0x76)
 0h00:04.585 2022/07/28T03:03:45z: 84:f3:eb:7d:7:a8
 0h00:04.587 2022/07/28T03:03:45z: SSID: MU Open
 0h00:04.592 2022/07/28T03:03:45z: AP_STAR tmr
 ets Jan  8 2013,rst cause:4, boot mode:(3,7)

wdt reset
load 0x4010f000, len 1384, room 16 
tail 8
chksum 0x2d
csum 0x2d
v8b899c12
~ld


6.01
 0h00:04.841 2022/07/28T03:23:48z: DS3231
 0h00:04.856 2022/07/28T03:23:48z: BME280 (0x76)
 0h00:04.870 2022/07/28T03:23:48z: 84:f3:eb:7d:7:a8
 0h00:04.872 2022/07/28T03:23:48z: SSID: MU Open
 0h00:04.877 2022/07/28T03:23:48z: AP_STAR tmr
 ets Jan  8 2013,rst cause:4, boot mode:(3,7)

wdt reset
load 0x4010f000, len 1384, room 16 
tail 8
chksum 0x2d
csum 0x2d
v8b899c12
~ld


6.01
 0h00:04.858 2022/07/28T03:43:51z: DS3231
 0h00:04.874 2022/07/28T03:43:51z: BME280 (0x76)
 0h00:04.888 2022/07/28T03:43:51z: 84:f3:eb:7d:7:a8
 0h00:04.889 2022/07/28T03:43:51z: SSID: MU Open
 0h00:04.895 2022/07/28T03:43:51z: AP_STAR tmr
 ets Jan  8 2013,rst cause:4, boot mode:(3,7)

wdt reset
load 0x4010f000, len 1384, room 16 
tail 8
chksum 0x2d
csum 0x2d
v8b899c12
~ld


6.01
 0h00:04.798 2022/07/28T04:03:53z: DS3231
 0h00:04.813 2022/07/28T04:03:53z: BME280 (0x76)
 0h00:04.827 2022/07/28T04:03:53z: 84:f3:eb:7d:7:a8
 0h00:04.829 2022/07/28T04:03:53z: SSID: MU Open
 0h00:04.834 2022/07/28T04:03:53z: AP_STAR tmr
 ets Jan  8 2013,rst cause:4, boot mode:(3,7)

wdt reset
load 0x4010f000, len 1384, room 16 
tail 8
chksum 0x2d
csum 0x2d
v8b899c12
~ld


6.01
 0h00:04.898 2022/07/28T04:23:56z: DS3231
 0h00:04.914 2022/07/28T04:23:56z: BME280 (0x76)
 0h00:04.928 2022/07/28T04:23:56z: 84:f3:eb:7d:7:a8
 0h00:04.930 2022/07/28T04:23:56z: SSID: MU Open
 0h00:04.935 2022/07/28T04:23:56z: AP_STAR tmr
 ets Jan  8 2013,rst cause:4, boot mode:(3,7)

wdt reset
load 0x4010f000, len 1384, room 16 
tail 8
chksum 0x2d
csum 0x2d
v8b899c12
~ld


6.01
 0h00:04.896 2022/07/28T04:43:59z: DS3231
 0h00:04.911 2022/07/28T04:43:59z: BME280 (0x76)
 0h00:04.926 2022/07/28T04:43:59z: 84:f3:eb:7d:7:a8
 0h00:04.927 2022/07/28T04:43:59z: SSID: MU Open
 0h00:04.932 2022/07/28T04:44:00z: AP_STAR tmr
 ets Jan  8 2013,rst cause:4, boot mode:(3,7)

wdt reset
load 0x4010f000, len 1384, room 16 
tail 8
chksum 0x2d
csum 0x2d
v8b899c12
~ld


6.01
 0h00:04.791 2022/07/28T05:04:03z: DS3231
 0h00:04.806 2022/07/28T05:04:03z: BME280 (0x76)
 0h00:04.820 2022/07/28T05:04:03z: 84:f3:eb:7d:7:a8
 0h00:04.822 2022/07/28T05:04:03z: SSID: MU Open
 0h00:04.827 2022/07/28T05:04:03z: AP_STAR tmr
 ets Jan  8 2013,rst cause:4, boot mode:(3,7)

wdt reset
load 0x4010f000, len 1384, room 16 
tail 8
chksum 0x2d
csum 0x2d
v8b899c12
~ld


6.01
 0h00:04.528 2022/07/28T05:24:06z: DS3231
 0h00:04.544 2022/07/28T05:24:06z: BME280 (0x76)
 0h00:04.558 2022/07/28T05:24:06z: 84:f3:eb:7d:7:a8
 0h00:04.559 2022/07/28T05:24:06z: SSID: MU Open
 0h00:04.565 2022/07/28T05:24:06z: AP_STAR tmr
 ets Jan  8 2013,rst cause:4, boot mode:(3,7)

wdt reset
load 0x4010f000, len 1384, room 16 
tail 8
chksum 0x2d
csum 0x2d
v8b899c12
~ld


6.01
 0h00:04.573 2022/07/28T05:44:09z: DS3231
 0h00:04.588 2022/07/28T05:44:09z: BME280 (0x76)
 0h00:04.602 2022/07/28T05:44:09z: 84:f3:eb:7d:7:a8
 0h00:04.604 2022/07/28T05:44:09z: SSID: MU Open
 0h00:04.609 2022/07/28T05:44:09z: AP_STAR tmr
 ets Jan  8 2013,rst cause:4, boot mode:(3,7)

wdt reset
load 0x4010f000, len 1384, room 16 
tail 8
chksum 0x2d
csum 0x2d
v8b899c12
~ld


6.01
 0h00:04.368 2022/07/28T06:04:11z: DS3231
 0h00:04.383 2022/07/28T06:04:11z: BME280 (0x76)
 0h00:04.397 2022/07/28T06:04:11z: 84:f3:eb:7d:7:a8
 0h00:04.399 2022/07/28T06:04:11z: SSID: MU Open
 0h00:04.404 2022/07/28T06:04:11z: AP_STAR tmr
 ets Jan  8 2013,rst cause:4, boot mode:(3,7)

wdt reset
load 0x4010f000, len 1384, room 16 
tail 8
chksum 0x2d
csum 0x2d
v8b899c12
~ld


6.01
 0h00:04.610 2022/07/28T06:24:14z: DS3231
 0h00:04.626 2022/07/28T06:24:14z: BME280 (0x76)
 0h00:04.640 2022/07/28T06:24:14z: 84:f3:eb:7d:7:a8
 0h00:04.641 2022/07/28T06:24:14z: SSID: MU Open
 0h00:04.647 2022/07/28T06:24:14z: AP_STAR tmr
 ets Jan  8 2013,rst cause:4, boot mode:(3,7)

wdt reset
load 0x4010f000, len 1384, room 16 
tail 8
chksum 0x2d
csum 0x2d
v8b899c12
~ld


6.01
 0h00:04.591 2022/07/28T06:44:17z: DS3231
 0h00:04.606 2022/07/28T06:44:17z: BME280 (0x76)
 0h00:04.621 2022/07/28T06:44:17z: 84:f3:eb:7d:7:a8
 0h00:04.622 2022/07/28T06:44:17z: SSID: MU Open
 0h00:04.627 2022/07/28T06:44:17z: AP_STAR tmr
 ets Jan  8 2013,rst cause:4, boot mode:(3,7)

wdt reset
load 0x4010f000, len 1384, room 16 
tail 8
chksum 0x2d
csum 0x2d
v8b899c12
~ld


6.01
 0h00:04.657 2022/07/28T07:04:20z: DS3231
 0h00:04.672 2022/07/28T07:04:20z: BME280 (0x76)
 0h00:04.686 2022/07/28T07:04:20z: 84:f3:eb:7d:7:a8
 0h00:04.688 2022/07/28T07:04:20z: SSID: MU Open
 0h00:04.693 2022/07/28T07:04:20z: AP_STAR tmr
 ets Jan  8 2013,rst cause:4, boot mode:(3,7)

wdt reset
load 0x4010f000, len 1384, room 16 
tail 8
chksum 0x2d
csum 0x2d
v8b899c12
~ld


6.01
 0h00:04.627 2022/07/28T07:24:24z: DS3231
 0h00:04.642 2022/07/28T07:24:24z: BME280 (0x76)
 0h00:04.656 2022/07/28T07:24:24z: 84:f3:eb:7d:7:a8
 0h00:04.658 2022/07/28T07:24:24z: SSID: MU Open
 0h00:04.663 2022/07/28T07:24:24z: AP_STAR tmr
 ets Jan  8 2013,rst cause:4, boot mode:(3,7)

wdt reset
load 0x4010f000, len 1384, room 16 
tail 8
chksum 0x2d
csum 0x2d
v8b899c12
~ld


6.01
 0h00:04.675 2022/07/28T07:44:27z: DS3231
 0h00:04.690 2022/07/28T07:44:27z: BME280 (0x76)
 0h00:04.704 2022/07/28T07:44:27z: 84:f3:eb:7d:7:a8
 0h00:04.706 2022/07/28T07:44:27z: SSID: MU Open
 0h00:04.711 2022/07/28T07:44:27z: AP_STAR tmr
 ets Jan  8 2013,rst cause:4, boot mode:(3,7)

wdt reset
load 0x4010f000, len 1384, room 16 
tail 8
chksum 0x2d
csum 0x2d
v8b899c12
~ld


6.01
 0h00:04.745 2022/07/28T08:04:31z: DS3231
 0h00:04.760 2022/07/28T08:04:31z: BME280 (0x76)
 0h00:04.774 2022/07/28T08:04:31z: 84:f3:eb:7d:7:a8
 0h00:04.776 2022/07/28T08:04:31z: SSID: MU Open
 0h00:04.781 2022/07/28T08:04:31z: AP_STAR tmr
 ets Jan  8 2013,rst cause:4, boot mode:(3,7)

wdt reset
load 0x4010f000, len 1384, room 16 
tail 8
chksum 0x2d
csum 0x2d
v8b899c12
~ld


6.01
 0h00:04.679 2022/07/28T08:24:33z: DS3231
 0h00:04.695 2022/07/28T08:24:33z: BME280 (0x76)
 0h00:04.709 2022/07/28T08:24:33z: 84:f3:eb:7d:7:a8
 0h00:04.711 2022/07/28T08:24:33z: SSID: MU Open
 0h00:04.716 2022/07/28T08:24:33z: AP_STAR tmr
 ets Jan  8 2013,rst cause:4, boot mode:(3,7)

wdt reset
load 0x4010f000, len 1384, room 16 
tail 8
chksum 0x2d
csum 0x2d
v8b899c12
~ld


6.01
 0h00:04.456 2022/07/28T08:44:36z: DS3231
 0h00:04.471 2022/07/28T08:44:36z: BME280 (0x76)
 0h00:04.485 2022/07/28T08:44:36z: 84:f3:eb:7d:7:a8
 0h00:04.487 2022/07/28T08:44:36z: SSID: MU Open
 0h00:04.492 2022/07/28T08:44:36z: AP_STAR tmr
 ets Jan  8 2013,rst cause:4, boot mode:(3,7)

wdt reset
load 0x4010f000, len 1384, room 16 
tail 8
chksum 0x2d
csum 0x2d
v8b899c12
~ld


6.01
 0h00:04.917 2022/07/28T09:04:40z: DS3231
 0h00:04.932 2022/07/28T09:04:40z: BME280 (0x76)
 0h00:04.946 2022/07/28T09:04:40z: 84:f3:eb:7d:7:a8
 0h00:04.948 2022/07/28T09:04:40z: SSID: MU Open
 0h00:04.953 2022/07/28T09:04:40z: AP_STAR tmr
 ets Jan  8 2013,rst cause:4, boot mode:(3,7)

wdt reset
load 0x4010f000, len 1384, room 16 
tail 8
chksum 0x2d
csum 0x2d
v8b899c12
~ld


6.01
 0h00:04.319 2022/07/28T09:24:42z: DS3231
 0h00:04.334 2022/07/28T09:24:42z: BME280 (0x76)
 0h00:04.348 2022/07/28T09:24:42z: 84:f3:eb:7d:7:a8
 0h00:04.350 2022/07/28T09:24:42z: SSID: MU Open
 0h00:04.355 2022/07/28T09:24:42z: AP_STAR tmr
 ets Jan  8 2013,rst cause:4, boot mode:(3,7)

wdt reset
load 0x4010f000, len 1384, room 16 
tail 8
chksum 0x2d
csum 0x2d
v8b899c12
~ld


6.01
 0h00:04.798 2022/07/28T09:44:45z: DS3231
 0h00:04.813 2022/07/28T09:44:45z: BME280 (0x76)
 0h00:04.827 2022/07/28T09:44:45z: 84:f3:eb:7d:7:a8
 0h00:04.829 2022/07/28T09:44:45z: SSID: MU Open
 0h00:04.834 2022/07/28T09:44:45z: AP_STAR tmr
 ets Jan  8 2013,rst cause:4, boot mode:(3,7)

wdt reset
load 0x4010f000, len 1384, room 16 
tail 8
chksum 0x2d
csum 0x2d
v8b899c12
~ld


6.01
 0h00:04.867 2022/07/28T10:04:48z: DS3231
 0h00:04.883 2022/07/28T10:04:48z: BME280 (0x76)
 0h00:04.897 2022/07/28T10:04:48z: 84:f3:eb:7d:7:a8
 0h00:04.899 2022/07/28T10:04:48z: SSID: MU Open
 0h00:04.904 2022/07/28T10:04:48z: AP_STAR tmr
 ets Jan  8 2013,rst cause:4, boot mode:(3,7)

wdt reset
load 0x4010f000, len 1384, room 16 
tail 8
chksum 0x2d
csum 0x2d
v8b899c12
~ld


6.01
 0h00:04.854 2022/07/28T10:24:52z: DS3231
 0h00:04.869 2022/07/28T10:24:52z: BME280 (0x76)
 0h00:04.884 2022/07/28T10:24:52z: 84:f3:eb:7d:7:a8
 0h00:04.885 2022/07/28T10:24:52z: SSID: MU Open
 0h00:04.890 2022/07/28T10:24:52z: AP_STAR tmr
 ets Jan  8 2013,rst cause:4, boot mode:(3,7)

wdt reset
load 0x4010f000, len 1384, room 16 
tail 8
chksum 0x2d
csum 0x2d
v8b899c12
~ld


6.01
 0h00:04.927 2022/07/28T10:44:56z: DS3231
 0h00:04.942 2022/07/28T10:44:56z: BME280 (0x76)
 0h00:04.956 2022/07/28T10:44:56z: 84:f3:eb:7d:7:a8
 0h00:04.958 2022/07/28T10:44:56z: SSID: MU Open
 0h00:04.963 2022/07/28T10:44:56z: AP_STAR tmr
 ets Jan  8 2013,rst cause:4, boot mode:(3,7)

wdt reset
load 0x4010f000, len 1384, room 16 
tail 8
chksum 0x2d
csum 0x2d
v8b899c12
~ld


6.01
 0h00:04.612 2022/07/28T11:04:59z: DS3231
 0h00:04.627 2022/07/28T11:04:59z: BME280 (0x76)
 0h00:04.642 2022/07/28T11:04:59z: 84:f3:eb:7d:7:a8
 0h00:04.643 2022/07/28T11:04:59z: SSID: MU Open
 0h00:04.648 2022/07/28T11:04:59z: AP_STAR tmr
 ets Jan  8 2013,rst cause:4, boot mode:(3,7)

wdt reset
load 0x4010f000, len 1384, room 16 
tail 8
chksum 0x2d
csum 0x2d
v8b899c12
~ld


6.01
 0h00:04.607 2022/07/28T11:25:02z: DS3231
 0h00:04.622 2022/07/28T11:25:02z: BME280 (0x76)
 0h00:04.636 2022/07/28T11:25:02z: 84:f3:eb:7d:7:a8
 0h00:04.638 2022/07/28T11:25:02z: SSID: MU Open
 0h00:04.643 2022/07/28T11:25:02z: AP_STAR tmr
 ets Jan  8 2013,rst cause:4, boot mode:(3,7)

wdt reset
load 0x4010f000, len 1384, room 16 
tail 8
chksum 0x2d
csum 0x2d
v8b899c12
~ld


6.01
 0h00:04.872 2022/07/28T11:45:06z: DS3231
 0h00:04.888 2022/07/28T11:45:06z: BME280 (0x76)
 0h00:04.902 2022/07/28T11:45:06z: 84:f3:eb:7d:7:a8
 0h00:04.903 2022/07/28T11:45:06z: SSID: MU Open
 0h00:04.909 2022/07/28T11:45:06z: AP_STAR tmr
 ets Jan  8 2013,rst cause:4, boot mode:(3,7)

wdt reset
load 0x4010f000, len 1384, room 16 
tail 8
chksum 0x2d
csum 0x2d
v8b899c12
~ld


6.01
 0h00:04.581 2022/07/28T12:05:09z: DS3231
 0h00:04.596 2022/07/28T12:05:09z: BME280 (0x76)
 0h00:04.610 2022/07/28T12:05:09z: 84:f3:eb:7d:7:a8
 0h00:04.612 2022/07/28T12:05:09z: SSID: MU Open
 0h00:04.617 2022/07/28T12:05:09z: AP_STAR tmr
 ets Jan  8 2013,rst cause:4, boot mode:(3,7)

wdt reset
load 0x4010f000, len 1384, room 16 
tail 8
chksum 0x2d
csum 0x2d
v8b899c12
~ld


6.01
 0h00:04.910 2022/07/28T12:25:13z: DS3231
 0h00:04.925 2022/07/28T12:25:13z: BME280 (0x76)
 0h00:04.939 2022/07/28T12:25:13z: 84:f3:eb:7d:7:a8
 0h00:04.941 2022/07/28T12:25:13z: SSID: MU Open
 0h00:04.946 2022/07/28T12:25:13z: AP_STAR tmr
 ets Jan  8 2013,rst cause:4, boot mode:(3,7)

wdt reset
load 0x4010f000, len 1384, room 16 
tail 8
chksum 0x2d
csum 0x2d
v8b899c12
~ld


6.01
 0h00:04.530 2022/07/28T12:45:15z: DS3231
 0h00:04.545 2022/07/28T12:45:15z: BME280 (0x76)
 0h00:04.559 2022/07/28T12:45:15z: 84:f3:eb:7d:7:a8
 0h00:04.561 2022/07/28T12:45:15z: SSID: MU Open
 0h00:04.566 2022/07/28T12:45:15z: AP_STAR tmr
 ets Jan  8 2013,rst cause:4, boot mode:(3,7)

wdt reset
load 0x4010f000, len 1384, room 16 
tail 8
chksum 0x2d
csum 0x2d
v8b899c12
~ld


6.01
 0h00:04.709 2022/07/28T13:05:18z: DS3231
 0h00:04.725 2022/07/28T13:05:18z: BME280 (0x76)
 0h00:04.739 2022/07/28T13:05:18z: 84:f3:eb:7d:7:a8
 0h00:04.740 2022/07/28T13:05:18z: SSID: MU Open
 0h00:04.746 2022/07/28T13:05:18z: AP_STAR tmr
 ets Jan  8 2013,rst cause:4, boot mode:(3,7)

wdt reset
load 0x4010f000, len 1384, room 16 
tail 8
chksum 0x2d
csum 0x2d
v8b899c12
~ld


6.01
 0h00:04.644 2022/07/28T13:25:22z: DS3231
 0h00:04.659 2022/07/28T13:25:22z: BME280 (0x76)
 0h00:04.674 2022/07/28T13:25:22z: 84:f3:eb:7d:7:a8
 0h00:04.675 2022/07/28T13:25:22z: SSID: MU Open
 0h00:04.680 2022/07/28T13:25:22z: AP_STAR tmr
 ets Jan  8 2013,rst cause:4, boot mode:(3,7)

wdt reset
load 0x4010f000, len 1384, room 16 
tail 8
chksum 0x2d
csum 0x2d
v8b899c12
~ld


6.01
 0h00:04.631 2022/07/28T13:45:25z: DS3231
 0h00:04.647 2022/07/28T13:45:25z: BME280 (0x76)
 0h00:04.661 2022/07/28T13:45:25z: 84:f3:eb:7d:7:a8
 0h00:04.662 2022/07/28T13:45:25z: SSID: MU Open
 0h00:04.668 2022/07/28T13:45:25z: AP_STAR tmr
 ets Jan  8 2013,rst cause:4, boot mode:(3,7)

wdt reset
load 0x4010f000, len 1384, room 16 
tail 8
chksum 0x2d
csum 0x2d
v8b899c12
~ld


6.01
 0h00:04.491 2022/07/28T14:05:28z: DS3231
 0h00:04.506 2022/07/28T14:05:28z: BME280 (0x76)
 0h00:04.520 2022/07/28T14:05:28z: 84:f3:eb:7d:7:a8
 0h00:04.522 2022/07/28T14:05:28z: SSID: MU Open
 0h00:04.527 2022/07/28T14:05:28z: AP_STAR tmr
 ets Jan  8 2013,rst cause:4, boot mode:(3,7)

wdt reset
load 0x4010f000, len 1384, room 16 
tail 8
chksum 0x2d
csum 0x2d
v8b899c12
~ld


6.01
 0h00:04.624 2022/07/28T14:25:31z: DS3231
 0h00:04.640 2022/07/28T14:25:31z: BME280 (0x76)
 0h00:04.654 2022/07/28T14:25:31z: 84:f3:eb:7d:7:a8
 0h00:04.656 2022/07/28T14:25:31z: SSID: MU Open
 0h00:04.661 2022/07/28T14:25:31z: AP_STAR tmr
 ets Jan  8 2013,rst cause:4, boot mode:(3,7)

wdt reset
load 0x4010f000, len 1384, room 16 
tail 8
chksum 0x2d
csum 0x2d
v8b899c12
~ld


6.01
 0h00:04.520 2022/07/28T14:45:34z: DS3231
 0h00:04.535 2022/07/28T14:45:34z: BME280 (0x76)
 0h00:04.549 2022/07/28T14:45:34z: 84:f3:eb:7d:7:a8
 0h00:04.551 2022/07/28T14:45:34z: SSID: MU Open
 0h00:04.556 2022/07/28T14:45:34z: AP_STAR tmr
 ets Jan  8 2013,rst cause:4, boot mode:(3,7)

wdt reset
load 0x4010f000, len 1384, room 16 
tail 8
chksum 0x2d
csum 0x2d
v8b899c12
~ld


6.01
 0h00:04.611 2022/07/28T15:05:37z: DS3231
 0h00:04.627 2022/07/28T15:05:37z: BME280 (0x76)
 0h00:04.641 2022/07/28T15:05:37z: 84:f3:eb:7d:7:a8
 0h00:04.642 2022/07/28T15:05:37z: SSID: MU Open
 0h00:04.648 2022/07/28T15:05:37z: AP_STAR tmr
 ets Jan  8 2013,rst cause:4, boot mode:(3,7)

wdt reset
load 0x4010f000, len 1384, room 16 
tail 8
chksum 0x2d
csum 0x2d
v8b899c12
~ld


6.01
 0h00:04.467 2022/07/28T15:25:39z: DS3231
 0h00:04.482 2022/07/28T15:25:39z: BME280 (0x76)
 0h00:04.496 2022/07/28T15:25:39z: 84:f3:eb:7d:7:a8
 0h00:04.498 2022/07/28T15:25:39z: SSID: MU Open
 0h00:04.503 2022/07/28T15:25:39z: AP_STAR tmr
 ets Jan  8 2013,rst cause:4, boot mode:(3,7)

wdt reset
load 0x4010f000, len 1384, room 16 
tail 8
chksum 0x2d
csum 0x2d
v8b899c12
~ld


6.01
 0h00:04.674 2022/07/28T15:45:42z: DS3231
 0h00:04.689 2022/07/28T15:45:42z: BME280 (0x76)
 0h00:04.703 2022/07/28T15:45:42z: 84:f3:eb:7d:7:a8
 0h00:04.705 2022/07/28T15:45:42z: SSID: MU Open
 0h00:04.710 2022/07/28T15:45:42z: AP_STAR tmr
 ets Jan  8 2013,rst cause:4, boot mode:(3,7)

wdt reset
load 0x4010f000, len 1384, room 16 
tail 8
chksum 0x2d
csum 0x2d
v8b899c12
~ld


6.01
 0h00:04.430 2022/07/28T16:05:45z: DS3231
 0h00:04.445 2022/07/28T16:05:45z: BME280 (0x76)
 0h00:04.459 2022/07/28T16:05:45z: 84:f3:eb:7d:7:a8
 0h00:04.461 2022/07/28T16:05:45z: SSID: MU Open
 0h00:04.466 2022/07/28T16:05:45z: AP_STAR tmr
 ets Jan  8 2013,rst cause:4, boot mode:(3,7)

wdt reset
load 0x4010f000, len 1384, room 16 
tail 8
chksum 0x2d
csum 0x2d
v8b899c12
~ld


6.01
 0h00:04.473 2022/07/28T16:25:47z: DS3231
 0h00:04.488 2022/07/28T16:25:47z: BME280 (0x76)
 0h00:04.502 2022/07/28T16:25:47z: 84:f3:eb:7d:7:a8
 0h00:04.504 2022/07/28T16:25:47z: SSID: MU Open
 0h00:04.509 2022/07/28T16:25:47z: AP_STAR tmr
 ets Jan  8 2013,rst cause:4, boot mode:(3,7)

wdt reset
load 0x4010f000, len 1384, room 16 
tail 8
chksum 0x2d
csum 0x2d
v8b899c12
~ld


6.01
 0h00:04.486 2022/07/28T16:45:50z: DS3231
 0h00:04.501 2022/07/28T16:45:50z: BME280 (0x76)
 0h00:04.515 2022/07/28T16:45:50z: 84:f3:eb:7d:7:a8
 0h00:04.517 2022/07/28T16:45:50z: SSID: MU Open
 0h00:04.522 2022/07/28T16:45:50z: AP_STAR tmr
 ets Jan  8 2013,rst cause:4, boot mode:(3,7)

wdt reset
load 0x4010f000, len 1384, room 16 
tail 8
chksum 0x2d
csum 0x2d
v8b899c12
~ld


6.01
 0h00:04.549 2022/07/28T17:05:53z: DS3231
 0h00:04.564 2022/07/28T17:05:53z: BME280 (0x76)
 0h00:04.578 2022/07/28T17:05:53z: 84:f3:eb:7d:7:a8
 0h00:04.580 2022/07/28T17:05:53z: SSID: MU Open
 0h00:04.585 2022/07/28T17:05:53z: AP_STAR tmr
 ets Jan  8 2013,rst cause:4, boot mode:(3,7)

wdt reset
load 0x4010f000, len 1384, room 16 
tail 8
chksum 0x2d
csum 0x2d
v8b899c12
~ld


6.01
 0h00:04.200 2022/07/28T17:25:55z: DS3231
 0h00:04.215 2022/07/28T17:25:55z: BME280 (0x76)
 0h00:04.229 2022/07/28T17:25:55z: 84:f3:eb:7d:7:a8
 0h00:04.231 2022/07/28T17:25:55z: SSID: MU Open
 0h00:04.236 2022/07/28T17:25:55z: AP_STAR tmr
 ets Jan  8 2013,rst cause:4, boot mode:(3,7)

wdt reset
load 0x4010f000, len 1384, room 16 
tail 8
chksum 0x2d
csum 0x2d
v8b899c12
~ld


6.01
 0h00:04.609 2022/07/28T17:45:58z: DS3231
 0h00:04.624 2022/07/28T17:45:58z: BME280 (0x76)
 0h00:04.638 2022/07/28T17:45:58z: 84:f3:eb:7d:7:a8
 0h00:04.640 2022/07/28T17:45:58z: SSID: MU Open
 0h00:04.645 2022/07/28T17:45:58z: AP_STAR tmr
 ets Jan  8 2013,rst cause:4, boot mode:(3,7)

wdt reset
load 0x4010f000, len 1384, room 16 
tail 8
chksum 0x2d
csum 0x2d
v8b899c12
~ld


6.01
 0h00:04.390 2022/07/28T18:06:00z: DS3231
 0h00:04.405 2022/07/28T18:06:00z: BME280 (0x76)
 0h00:04.419 2022/07/28T18:06:00z: 84:f3:eb:7d:7:a8
 0h00:04.421 2022/07/28T18:06:00z: SSID: MU Open
 0h00:04.426 2022/07/28T18:06:00z: AP_STAR tmr
 ets Jan  8 2013,rst cause:4, boot mode:(3,7)

wdt reset
load 0x4010f000, len 1384, room 16 
tail 8
chksum 0x2d
csum 0x2d
v8b899c12
~ld


6.01
 0h00:04.572 2022/07/28T18:26:03z: DS3231
 0h00:04.587 2022/07/28T18:26:03z: BME280 (0x76)
 0h00:04.601 2022/07/28T18:26:03z: 84:f3:eb:7d:7:a8
 0h00:04.603 2022/07/28T18:26:03z: SSID: MU Open
 0h00:04.608 2022/07/28T18:26:03z: AP_STAR tmr
 ets Jan  8 2013,rst cause:4, boot mode:(3,7)

wdt reset
load 0x4010f000, len 1384, room 16 
tail 8
chksum 0x2d
csum 0x2d
v8b899c12
~ld


6.01
 0h00:04.240 2022/07/28T18:46:05z: DS3231
 0h00:04.255 2022/07/28T18:46:05z: BME280 (0x76)
 0h00:04.270 2022/07/28T18:46:05z: 84:f3:eb:7d:7:a8
 0h00:04.271 2022/07/28T18:46:05z: SSID: MU Open
 0h00:04.276 2022/07/28T18:46:05z: AP_STAR tmr
 ets Jan  8 2013,rst cause:4, boot mode:(3,7)

wdt reset
load 0x4010f000, len 1384, room 16 
tail 8
chksum 0x2d
csum 0x2d
v8b899c12
~ld


6.01
 0h00:04.436 2022/07/28T19:06:08z: DS3231
 0h00:04.452 2022/07/28T19:06:08z: BME280 (0x76)
 0h00:04.466 2022/07/28T19:06:08z: 84:f3:eb:7d:7:a8
 0h00:04.468 2022/07/28T19:06:08z: SSID: MU Open
 0h00:04.473 2022/07/28T19:06:08z: AP_STAR tmr
 ets Jan  8 2013,rst cause:4, boot mode:(3,7)

wdt reset
load 0x4010f000, len 1384, room 16 
tail 8
chksum 0x2d
csum 0x2d
v8b899c12
~ld


6.01
 0h00:04.296 2022/07/28T19:26:10z: DS3231
 0h00:04.312 2022/07/28T19:26:10z: BME280 (0x76)
 0h00:04.326 2022/07/28T19:26:10z: 84:f3:eb:7d:7:a8
 0h00:04.327 2022/07/28T19:26:10z: SSID: MU Open
 0h00:04.333 2022/07/28T19:26:10z: AP_STAR tmr
 ets Jan  8 2013,rst cause:4, boot mode:(3,7)

wdt reset
load 0x4010f000, len 1384, room 16 
tail 8
chksum 0x2d
csum 0x2d
v8b899c12
~ld


6.01
 0h00:04.318 2022/07/28T19:46:13z: DS3231
 0h00:04.333 2022/07/28T19:46:13z: BME280 (0x76)
 0h00:04.347 2022/07/28T19:46:13z: 84:f3:eb:7d:7:a8
 0h00:04.349 2022/07/28T19:46:13z: SSID: MU Open
 0h00:04.354 2022/07/28T19:46:13z: AP_STAR tmr
 ets Jan  8 2013,rst cause:4, boot mode:(3,7)

wdt reset
load 0x4010f000, len 1384, room 16 
tail 8
chksum 0x2d
csum 0x2d
v8b899c12
~ld


6.01
 0h00:04.506 2022/07/28T20:06:16z: DS3231
 0h00:04.522 2022/07/28T20:06:16z: BME280 (0x76)
 0h00:04.536 2022/07/28T20:06:16z: 84:f3:eb:7d:7:a8
 0h00:04.538 2022/07/28T20:06:16z: SSID: MU Open
 0h00:04.543 2022/07/28T20:06:16z: AP_STAR tmr
 ets Jan  8 2013,rst cause:4, boot mode:(3,7)

wdt reset
load 0x4010f000, len 1384, room 16 
tail 8
chksum 0x2d
csum 0x2d
v8b899c12
~ld


6.01
 0h00:04.586 2022/07/28T20:26:18z: DS3231
 0h00:04.602 2022/07/28T20:26:18z: BME280 (0x76)
 0h00:04.616 2022/07/28T20:26:18z: 84:f3:eb:7d:7:a8
 0h00:04.618 2022/07/28T20:26:18z: SSID: MU Open
 0h00:04.623 2022/07/28T20:26:18z: AP_STAR tmr
 ets Jan  8 2013,rst cause:4, boot mode:(3,7)

wdt reset
load 0x4010f000, len 1384, room 16 
tail 8
chksum 0x2d
csum 0x2d
v8b899c12
~ld


6.01
 0h00:04.493 2022/07/28T20:46:20z: DS3231
 0h00:04.509 2022/07/28T20:46:20z: BME280 (0x76)
 0h00:04.523 2022/07/28T20:46:20z: 84:f3:eb:7d:7:a8
 0h00:04.525 2022/07/28T20:46:20z: SSID: MU Open
 0h00:04.530 2022/07/28T20:46:20z: AP_STAR tmr
 ets Jan  8 2013,rst cause:4, boot mode:(3,7)

wdt reset
load 0x4010f000, len 1384, room 16 
tail 8
chksum 0x2d
csum 0x2d
v8b899c12
~ld


6.01
 0h00:04.199 2022/07/28T21:06:23z: DS3231
 0h00:04.214 2022/07/28T21:06:23z: BME280 (0x76)
 0h00:04.228 2022/07/28T21:06:23z: 84:f3:eb:7d:7:a8
 0h00:04.230 2022/07/28T21:06:23z: SSID: MU Open
 0h00:04.235 2022/07/28T21:06:23z: AP_STAR tmr
 ets Jan  8 2013,rst cause:4, boot mode:(3,7)

wdt reset
load 0x4010f000, len 1384, room 16 
tail 8
chksum 0x2d
csum 0x2d
v8b899c12
~ld


6.01
 0h00:04.327 2022/07/28T21:26:25z: DS3231
 0h00:04.342 2022/07/28T21:26:25z: BME280 (0x76)
 0h00:04.357 2022/07/28T21:26:25z: 84:f3:eb:7d:7:a8
 0h00:04.358 2022/07/28T21:26:25z: SSID: MU Open
 0h00:04.363 2022/07/28T21:26:25z: AP_STAR tmr
 ets Jan  8 2013,rst cause:4, boot mode:(3,7)

wdt reset
load 0x4010f000, len 1384, room 16 
tail 8
chksum 0x2d
csum 0x2d
v8b899c12
~ld


6.01
 0h00:04.267 2022/07/28T21:46:27z: DS3231
 0h00:04.283 2022/07/28T21:46:27z: BME280 (0x76)
 0h00:04.297 2022/07/28T21:46:27z: 84:f3:eb:7d:7:a8
 0h00:04.299 2022/07/28T21:46:27z: SSID: MU Open
 0h00:04.304 2022/07/28T21:46:27z: AP_STAR tmr
 ets Jan  8 2013,rst cause:4, boot mode:(3,7)

wdt reset
load 0x4010f000, len 1384, room 16 
tail 8
chksum 0x2d
csum 0x2d
v8b899c12
~ld


6.01
 0h00:04.406 2022/07/28T22:06:29z: DS3231
 0h00:04.421 2022/07/28T22:06:29z: BME280 (0x76)
 0h00:04.436 2022/07/28T22:06:29z: 84:f3:eb:7d:7:a8
 0h00:04.437 2022/07/28T22:06:29z: SSID: MU Open
 0h00:04.442 2022/07/28T22:06:29z: AP_STAR tmr
 ets Jan  8 2013,rst cause:4, boot mode:(3,7)

wdt reset
load 0x4010f000, len 1384, room 16 
tail 8
chksum 0x2d
csum 0x2d
v8b899c12
~ld


6.01
 0h00:04.536 2022/07/28T22:26:32z: DS3231
 0h00:04.552 2022/07/28T22:26:32z: BME280 (0x76)
 0h00:04.566 2022/07/28T22:26:32z: 84:f3:eb:7d:7:a8
 0h00:04.567 2022/07/28T22:26:32z: SSID: MU Open
 0h00:04.573 2022/07/28T22:26:32z: AP_STAR tmr
 ets Jan  8 2013,rst cause:4, boot mode:(3,7)

wdt reset
load 0x4010f000, len 1384, room 16 
tail 8
chksum 0x2d
csum 0x2d
v8b899c12
~ld


6.01
 0h00:04.619 2022/07/28T22:46:35z: DS3231
 0h00:04.634 2022/07/28T22:46:35z: BME280 (0x76)
 0h00:04.648 2022/07/28T22:46:35z: 84:f3:eb:7d:7:a8
 0h00:04.650 2022/07/28T22:46:35z: SSID: MU Open
 0h00:04.655 2022/07/28T22:46:35z: AP_STAR tmr
 ets Jan  8 2013,rst cause:4, boot mode:(3,7)

wdt reset
load 0x4010f000, len 1384, room 16 
tail 8
chksum 0x2d
csum 0x2d
v8b899c12
~ld


6.01
 0h00:04.540 2022/07/28T23:06:37z: DS3231
 0h00:04.556 2022/07/28T23:06:37z: BME280 (0x76)
 0h00:04.570 2022/07/28T23:06:37z: 84:f3:eb:7d:7:a8
 0h00:04.571 2022/07/28T23:06:37z: SSID: MU Open
 0h00:04.577 2022/07/28T23:06:37z: AP_STAR tmr
 ets Jan  8 2013,rst cause:4, boot mode:(3,7)

wdt reset
load 0x4010f000, len 1384, room 16 
tail 8
chksum 0x2d
csum 0x2d
v8b899c12
~ld


6.01
 0h00:04.500 2022/07/28T23:26:40z: DS3231
 0h00:04.515 2022/07/28T23:26:40z: BME280 (0x76)
 0h00:04.529 2022/07/28T23:26:40z: 84:f3:eb:7d:7:a8
 0h00:04.531 2022/07/28T23:26:40z: SSID: MU Open
 0h00:04.536 2022/07/28T23:26:40z: AP_STAR tmr
 ets Jan  8 2013,rst cause:4, boot mode:(3,7)

wdt reset
load 0x4010f000, len 1384, room 16 
tail 8
chksum 0x2d
csum 0x2d
v8b899c12
~ld


6.01
 0h00:04.444 2022/07/28T23:46:42z: DS3231
 0h00:04.459 2022/07/28T23:46:42z: BME280 (0x76)
 0h00:04.474 2022/07/28T23:46:42z: 84:f3:eb:7d:7:a8
 0h00:04.475 2022/07/28T23:46:42z: SSID: MU Open
 0h00:04.481 2022/07/28T23:46:42z: AP_STA