R tmr
 ets Jan  8 2013,rst cause:4, boot mode:(3,7)

wdt reset
load 0x4010f000, len 1384, room 16 
tail 8
chksum 0x2d
csum 0x2d
v8b899c12
~ld


6.01
 0h00:04.512 2022/05/19T00:05:10z: DS3231
 0h00:04.527 2022/05/19T00:05:10z: BME280 (0x76)
 0h00:04.541 2022/05/19T00:05:10z: 84:f3:eb:7d:7:a8
 0h00:04.543 2022/05/19T00:05:10z: SSID: MU Open
 0h00:04.548 2022/05/19T00:05:10z: AP_STAR tmr
 ets Jan  8 2013,rst cause:4, boot mode:(3,7)

wdt reset
load 0x4010f000, len 1384, room 16 
tail 8
chksum 0x2d
csum 0x2d
v8b899c12
~ld


6.01
 0h00:04.548 2022/05/19T00:25:12z: DS3231
 0h00:04.564 2022/05/19T00:25:12z: BME280 (0x76)
 0h00:04.578 2022/05/19T00:25:12z: 84:f3:eb:7d:7:a8
 0h00:04.579 2022/05/19T00:25:12z: SSID: MU Open
 0h00:04.585 2022/05/19T00:25:12z: AP_STAR tmr
 ets Jan  8 2013,rst cause:4, boot mode:(3,7)

wdt reset
load 0x4010f000, len 1384, room 16 
tail 8
chksum 0x2d
csum 0x2d
v8b899c12
~ld


6.01
 0h00:04.536 2022/05/19T00:45:14z: DS3231
 0h00:04.551 2022/05/19T00:45:14z: BME280 (0x76)
 0h00:04.565 2022/05/19T00:45:14z: 84:f3:eb:7d:7:a8
 0h00:04.567 2022/05/19T00:45:14z: SSID: MU Open
 0h00:04.572 2022/05/19T00:45:14z: AP_STAR tmr
 ets Jan  8 2013,rst cause:4, boot mode:(3,7)

wdt reset
load 0x4010f000, len 1384, room 16 
tail 8
chksum 0x2d
csum 0x2d
v8b899c12
~ld


6.01
 0h00:04.455 2022/05/19T01:05:17z: DS3231
 0h00:04.470 2022/05/19T01:05:17z: BME280 (0x76)
 0h00:04.485 2022/05/19T01:05:17z: 84:f3:eb:7d:7:a8
 0h00:04.486 2022/05/19T01:05:17z: SSID: MU Open
 0h00:04.491 2022/05/19T01:05:17z: AP_STAR tmr
 ets Jan  8 2013,rst cause:4, boot mode:(3,7)

wdt reset
load 0x4010f000, len 1384, room 16 
tail 8
chksum 0x2d
csum 0x2d
v8b899c12
~ld


6.01
 0h00:04.291 2022/05/19T01:25:18z: DS3231
 0h00:04.306 2022/05/19T01:25:18z: BME280 (0x76)
 0h00:04.320 2022/05/19T01:25:18z: 84:f3:eb:7d:7:a8
 0h00:04.322 2022/05/19T01:25:18z: SSID: MU Open
 0h00:04.327 2022/05/19T01:25:18z: AP_STAR tmr
 ets Jan  8 2013,rst cause:4, boot mode:(3,7)

wdt reset
load 0x4010f000, len 1384, room 16 
tail 8
chksum 0x2d
csum 0x2d
v8b899c12
~ld


6.01
 0h00:04.375 2022/05/19T01:45:19z: DS3231
 0h00:04.390 2022/05/19T01:45:19z: BME280 (0x76)
 0h00:04.404 2022/05/19T01:45:19z: 84:f3:eb:7d:7:a8
 0h00:04.406 2022/05/19T01:45:19z: SSID: MU Open
 0h00:04.411 2022/05/19T01:45:19z: AP_STAR tmr
 ets Jan  8 2013,rst cause:4, boot mode:(3,7)

wdt reset
load 0x4010f000, len 1384, room 16 
tail 8
chksum 0x2d
csum 0x2d
v8b899c12
~ld


6.01
 0h00:04.532 2022/05/19T02:05:21z: DS3231
 0h00:04.547 2022/05/19T02:05:21z: BME280 (0x76)
 0h00:04.561 2022/05/19T02:05:21z: 84:f3:eb:7d:7:a8
 0h00:04.563 2022/05/19T02:05:21z: SSID: MU Open
 0h00:04.568 2022/05/19T02:05:21z: AP_STAR tmr
 ets Jan  8 2013,rst cause:4, boot mode:(3,7)

wdt reset
load 0x4010f000, len 1384, room 16 
tail 8
chksum 0x2d
csum 0x2d
v8b899c12
~ld


6.01
 0h00:04.424 2022/05/19T02:25:24z: DS3231
 0h00:04.439 2022/05/19T02:25:24z: BME280 (0x76)
 0h00:04.453 2022/05/19T02:25:24z: 84:f3:eb:7d:7:a8
 0h00:04.455 2022/05/19T02:25:24z: SSID: MU Open
 0h00:04.460 2022/05/19T02:25:24z: AP_STAR tmr
 ets Jan  8 2013,rst cause:4, boot mode:(3,7)

wdt reset
load 0x4010f000, len 1384, room 16 
tail 8
chksum 0x2d
csum 0x2d
v8b899c12
~ld


6.01
 0h00:04.348 2022/05/19T02:45:26z: DS3231
 0h00:04.363 2022/05/19T02:45:26z: BME280 (0x76)
 0h00:04.378 2022/05/19T02:45:26z: 84:f3:eb:7d:7:a8
 0h00:04.379 2022/05/19T02:45:26z: SSID: MU Open
 0h00:04.384 2022/05/19T02:45:26z: AP_STAR tmr
 ets Jan  8 2013,rst cause:4, boot mode:(3,7)

wdt reset
load 0x4010f000, len 1384, room 16 
tail 8
chksum 0x2d
csum 0x2d
v8b899c12
~ld


6.01
 0h00:04.461 2022/05/19T03:05:28z: DS3231
 0h00:04.476 2022/05/19T03:05:28z: BME280 (0x76)
 0h00:04.491 2022/05/19T03:05:28z: 84:f3:eb:7d:7:a8
 0h00:04.492 2022/05/19T03:05:28z: SSID: MU Open
 0h00:04.497 2022/05/19T03:05:28z: AP_STAR tmr
 ets Jan  8 2013,rst cause:4, boot mode:(3,7)

wdt reset
load 0x4010f000, len 1384, room 16 
tail 8
chksum 0x2d
csum 0x2d
v8b899c12
~ld


6.01
 0h00:04.372 2022/05/19T03:25:29z: DS3231
 0h00:04.388 2022/05/19T03:25:29z: BME280 (0x76)
 0h00:04.402 2022/05/19T03:25:29z: 84:f3:eb:7d:7:a8
 0h00:04.404 2022/05/19T03:25:29z: SSID: MU Open
 0h00:04.409 2022/05/19T03:25:30z: AP_STAR tmr
 ets Jan  8 2013,rst cause:4, boot mode:(3,7)

wdt reset
load 0x4010f000, len 1384, room 16 
tail 8
chksum 0x2d
csum 0x2d
v8b899c12
~ld


6.01
 0h00:04.391 2022/05/19T03:45:32z: DS3231
 0h00:04.406 2022/05/19T03:45:32z: BME280 (0x76)
 0h00:04.421 2022/05/19T03:45:32z: 84:f3:eb:7d:7:a8
 0h00:04.422 2022/05/19T03:45:32z: SSID: MU Open
 0h00:04.427 2022/05/19T03:45:32z: AP_STAR tmr
 ets Jan  8 2013,rst cause:4, boot mode:(3,7)

wdt reset
load 0x4010f000, len 1384, room 16 
tail 8
chksum 0x2d
csum 0x2d
v8b899c12
~ld


6.01
 0h00:04.310 2022/05/19T04:05:35z: DS3231
 0h00:04.325 2022/05/19T04:05:35z: BME280 (0x76)
 0h00:04.340 2022/05/19T04:05:35z: 84:f3:eb:7d:7:a8
 0h00:04.341 2022/05/19T04:05:35z: SSID: MU Open
 0h00:04.346 2022/05/19T04:05:35z: AP_STAR tmr
 ets Jan  8 2013,rst cause:4, boot mode:(3,7)

wdt reset
load 0x4010f000, len 1384, room 16 
tail 8
chksum 0x2d
csum 0x2d
v8b899c12
~ld


6.01
 0h00:04.333 2022/05/19T04:25:36z: DS3231
 0h00:04.349 2022/05/19T04:25:36z: BME280 (0x76)
 0h00:04.363 2022/05/19T04:25:36z: 84:f3:eb:7d:7:a8
 0h00:04.364 2022/05/19T04:25:36z: SSID: MU Open
 0h00:04.370 2022/05/19T04:25:36z: AP_STAR tmr
 ets Jan  8 2013,rst cause:4, boot mode:(3,7)

wdt reset
load 0x4010f000, len 1384, room 16 
tail 8
chksum 0x2d
csum 0x2d
v8b899c12
~ld


6.01
 0h00:04.377 2022/05/19T04:45:37z: DS3231
 0h00:04.392 2022/05/19T04:45:37z: BME280 (0x76)
 0h00:04.406 2022/05/19T04:45:38z: 84:f3:eb:7d:7:a8
 0h00:04.408 2022/05/19T04:45:38z: SSID: MU Open
 0h00:04.413 2022/05/19T04:45:38z: AP_STAR tmr
 ets Jan  8 2013,rst cause:4, boot mode:(3,7)

wdt reset
load 0x4010f000, len 1384, room 16 
tail 8
chksum 0x2d
csum 0x2d
v8b899c12
~ld


6.01
 0h00:04.374 2022/05/19T05:05:39z: DS3231
 0h00:04.389 2022/05/19T05:05:39z: BME280 (0x76)
 0h00:04.403 2022/05/19T05:05:39z: 84:f3:eb:7d:7:a8
 0h00:04.405 2022/05/19T05:05:39z: SSID: MU Open
 0h00:04.410 2022/05/19T05:05:39z: AP_STAR tmr
 ets Jan  8 2013,rst cause:4, boot mode:(3,7)

wdt reset
load 0x4010f000, len 1384, room 16 
tail 8
chksum 0x2d
csum 0x2d
v8b899c12
~ld


6.01
 0h00:04.397 2022/05/19T05:25:40z: DS3231
 0h00:04.412 2022/05/19T05:25:40z: BME280 (0x76)
 0h00:04.427 2022/05/19T05:25:40z: 84:f3:eb:7d:7:a8
 0h00:04.428 2022/05/19T05:25:40z: SSID: MU Open
 0h00:04.433 2022/05/19T05:25:40z: AP_STAR tmr
 ets Jan  8 2013,rst cause:4, boot mode:(3,7)

wdt reset
load 0x4010f000, len 1384, room 16 
tail 8
chksum 0x2d
csum 0x2d
v8b899c12
~ld


6.01
 0h00:04.607 2022/05/19T05:45:42z: DS3231
 0h00:04.622 2022/05/19T05:45:42z: BME280 (0x76)
 0h00:04.636 2022/05/19T05:45:42z: 84:f3:eb:7d:7:a8
 0h00:04.638 2022/05/19T05:45:42z: SSID: MU Open
 0h00:04.643 2022/05/19T05:45:42z: AP_STAR tmr
 ets Jan  8 2013,rst cause:4, boot mode:(3,7)

wdt reset
load 0x4010f000, len 1384, room 16 
tail 8
chksum 0x2d
csum 0x2d
v8b899c12
~ld


6.01
 0h00:04.408 2022/05/19T06:05:44z: DS3231
 0h00:04.423 2022/05/19T06:05:44z: BME280 (0x76)
 0h00:04.437 2022/05/19T06:05:44z: 84:f3:eb:7d:7:a8
 0h00:04.439 2022/05/19T06:05:44z: SSID: MU Open
 0h00:04.444 2022/05/19T06:05:44z: AP_STAR tmr
 ets Jan  8 2013,rst cause:4, boot mode:(3,7)

wdt reset
load 0x4010f000, len 1384, room 16 
tail 8
chksum 0x2d
csum 0x2d
v8b899c12
~ld


6.01
 0h00:04.368 2022/05/19T06:25:46z: DS3231
 0h00:04.384 2022/05/19T06:25:46z: BME280 (0x76)
 0h00:04.398 2022/05/19T06:25:46z: 84:f3:eb:7d:7:a8
 0h00:04.399 2022/05/19T06:25:46z: SSID: MU Open
 0h00:04.405 2022/05/19T06:25:46z: AP_STAR tmr
 ets Jan  8 2013,rst cause:4, boot mode:(3,7)

wdt reset
load 0x4010f000, len 1384, room 16 
tail 8
chksum 0x2d
csum 0x2d
v8b899c12
~ld


6.01
 0h00:04.355 2022/05/19T06:45:48z: DS3231
 0h00:04.370 2022/05/19T06:45:48z: BME280 (0x76)
 0h00:04.385 2022/05/19T06:45:48z: 84:f3:eb:7d:7:a8
 0h00:04.386 2022/05/19T06:45:48z: SSID: MU Open
 0h00:04.391 2022/05/19T06:45:48z: AP_STAR tmr
 ets Jan  8 2013,rst cause:4, boot mode:(3,7)

wdt reset
load 0x4010f000, len 1384, room 16 
tail 8
chksum 0x2d
csum 0x2d
v8b899c12
~ld


6.01
 0h00:04.375 2022/05/19T07:05:50z: DS3231
 0h00:04.390 2022/05/19T07:05:50z: BME280 (0x76)
 0h00:04.404 2022/05/19T07:05:50z: 84:f3:eb:7d:7:a8
 0h00:04.406 2022/05/19T07:05:50z: SSID: MU Open
 0h00:04.411 2022/05/19T07:05:50z: AP_STAR tmr
 ets Jan  8 2013,rst cause:4, boot mode:(3,7)

wdt reset
load 0x4010f000, len 1384, room 16 
tail 8
chksum 0x2d
csum 0x2d
v8b899c12
~ld


6.01
 0h00:04.409 2022/05/19T07:25:52z: DS3231
 0h00:04.424 2022/05/19T07:25:52z: BME280 (0x76)
 0h00:04.438 2022/05/19T07:25:52z: 84:f3:eb:7d:7:a8
 0h00:04.440 2022/05/19T07:25:52z: SSID: MU Open
 0h00:04.445 2022/05/19T07:25:52z: AP_STAR tmr
 ets Jan  8 2013,rst cause:4, boot mode:(3,7)

wdt reset
load 0x4010f000, len 1384, room 16 
tail 8
chksum 0x2d
csum 0x2d
v8b899c12
~ld


6.01
 0h00:04.424 2022/05/19T07:45:53z: DS3231
 0h00:04.439 2022/05/19T07:45:53z: BME280 (0x76)
 0h00:04.453 2022/05/19T07:45:53z: 84:f3:eb:7d:7:a8
 0h00:04.455 2022/05/19T07:45:53z: SSID: MU Open
 0h00:04.460 2022/05/19T07:45:53z: AP_STAR tmr
 ets Jan  8 2013,rst cause:4, boot mode:(3,7)

wdt reset
load 0x4010f000, len 1384, room 16 
tail 8
chksum 0x2d
csum 0x2d
v8b899c12
~ld


6.01
 0h00:04.449 2022/05/19T08:05:55z: DS3231
 0h00:04.464 2022/05/19T08:05:55z: BME280 (0x76)
 0h00:04.478 2022/05/19T08:05:55z: 84:f3:eb:7d:7:a8
 0h00:04.480 2022/05/19T08:05:55z: SSID: MU Open
 0h00:04.485 2022/05/19T08:05:55z: AP_STAR tmr
 ets Jan  8 2013,rst cause:4, boot mode:(3,7)

wdt reset
load 0x4010f000, len 1384, room 16 
tail 8
chksum 0x2d
csum 0x2d
v8b899c12
~ld


6.01
 0h00:04.639 2022/05/19T08:25:58z: DS3231
 0h00:04.654 2022/05/19T08:25:58z: BME280 (0x76)
 0h00:04.668 2022/05/19T08:25:58z: 84:f3:eb:7d:7:a8
 0h00:04.670 2022/05/19T08:25:58z: SSID: MU Open
 0h00:04.675 2022/05/19T08:25:58z: AP_STAR tmr
 ets Jan  8 2013,rst cause:4, boot mode:(3,7)

wdt reset
load 0x4010f000, len 1384, room 16 
tail 8
chksum 0x2d
csum 0x2d
v8b899c12
~ld


6.01
 0h00:04.626 2022/05/19T08:46:00z: DS3231
 0h00:04.641 2022/05/19T08:46:00z: BME280 (0x76)
 0h00:04.655 2022/05/19T08:46:00z: 84:f3:eb:7d:7:a8
 0h00:04.657 2022/05/19T08:46:00z: SSID: MU Open
 0h00:04.662 2022/05/19T08:46:00z: AP_STAR tmr
 ets Jan  8 2013,rst cause:4, boot mode:(3,7)

wdt reset
load 0x4010f000, len 1384, room 16 
tail 8
chksum 0x2d
csum 0x2d
v8b899c12
~ld


6.01
 0h00:04.669 2022/05/19T09:06:02z: DS3231
 0h00:04.685 2022/05/19T09:06:02z: BME280 (0x76)
 0h00:04.699 2022/05/19T09:06:02z: 84:f3:eb:7d:7:a8
 0h00:04.700 2022/05/19T09:06:02z: SSID: MU Open
 0h00:04.706 2022/05/19T09:06:02z: AP_STAR tmr
 ets Jan  8 2013,rst cause:4, boot mode:(3,7)

wdt reset
load 0x4010f000, len 1384, room 16 
tail 8
chksum 0x2d
csum 0x2d
v8b899c12
~ld


6.01
 0h00:04.410 2022/05/19T09:26:04z: DS3231
 0h00:04.426 2022/05/19T09:26:04z: BME280 (0x76)
 0h00:04.440 2022/05/19T09:26:04z: 84:f3:eb:7d:7:a8
 0h00:04.442 2022/05/19T09:26:04z: SSID: MU Open
 0h00:04.447 2022/05/19T09:26:04z: AP_STAR tmr
 ets Jan  8 2013,rst cause:4, boot mode:(3,7)

wdt reset
load 0x4010f000, len 1384, room 16 
tail 8
chksum 0x2d
csum 0x2d
v8b899c12
~ld


6.01
 0h00:04.593 2022/05/19T09:46:06z: DS3231
 0h00:04.608 2022/05/19T09:46:06z: BME280 (0x76)
 0h00:04.622 2022/05/19T09:46:06z: 84:f3:eb:7d:7:a8
 0h00:04.624 2022/05/19T09:46:06z: SSID: MU Open
 0h00:04.629 2022/05/19T09:46:06z: AP_STAR tmr
 ets Jan  8 2013,rst cause:4, boot mode:(3,7)

wdt reset
load 0x4010f000, len 1384, room 16 
tail 8
chksum 0x2d
csum 0x2d
v8b899c12
~ld


6.01
 0h00:04.508 2022/05/19T10:06:08z: DS3231
 0h00:04.524 2022/05/19T10:06:08z: BME280 (0x76)
 0h00:04.538 2022/05/19T10:06:08z: 84:f3:eb:7d:7:a8
 0h00:04.539 2022/05/19T10:06:08z: SSID: MU Open
 0h00:04.545 2022/05/19T10:06:08z: AP_STAR tmr
 ets Jan  8 2013,rst cause:4, boot mode:(3,7)

wdt reset
load 0x4010f000, len 1384, room 16 
tail 8
chksum 0x2d
csum 0x2d
v8b899c12
~ld


6.01
 0h00:04.504 2022/05/19T10:26:10z: DS3231
 0h00:04.519 2022/05/19T10:26:10z: BME280 (0x76)
 0h00:04.533 2022/05/19T10:26:10z: 84:f3:eb:7d:7:a8
 0h00:04.535 2022/05/19T10:26:10z: SSID: MU Open
 0h00:04.540 2022/05/19T10:26:10z: AP_STAR tmr
 ets Jan  8 2013,rst cause:4, boot mode:(3,7)

wdt reset
load 0x4010f000, len 1384, room 16 
tail 8
chksum 0x2d
csum 0x2d
v8b899c12
~ld


6.01
 0h00:04.528 2022/05/19T10:46:12z: DS3231
 0h00:04.544 2022/05/19T10:46:12z: BME280 (0x76)
 0h00:04.558 2022/05/19T10:46:12z: 84:f3:eb:7d:7:a8
 0h00:04.559 2022/05/19T10:46:12z: SSID: MU Open
 0h00:04.565 2022/05/19T10:46:12z: AP_STAR tmr
 ets Jan  8 2013,rst cause:4, boot mode:(3,7)

wdt reset
load 0x4010f000, len 1384, room 16 
tail 8
chksum 0x2d
csum 0x2d
v8b899c12
~ld


6.01
 0h00:04.281 2022/05/19T11:06:13z: DS3231
 0h00:04.297 2022/05/19T11:06:13z: BME280 (0x76)
 0h00:04.311 2022/05/19T11:06:13z: 84:f3:eb:7d:7:a8
 0h00:04.313 2022/05/19T11:06:13z: SSID: MU Open
 0h00:04.318 2022/05/19T11:06:13z: AP_STAR tmr
 ets Jan  8 2013,rst cause:4, boot mode:(3,7)

wdt reset
load 0x4010f000, len 1384, room 16 
tail 8
chksum 0x2d
csum 0x2d
v8b899c12
~ld


6.01
 0h00:04.313 2022/05/19T11:26:15z: DS3231
 0h00:04.328 2022/05/19T11:26:15z: BME280 (0x76)
 0h00:04.342 2022/05/19T11:26:15z: 84:f3:eb:7d:7:a8
 0h00:04.344 2022/05/19T11:26:15z: SSID: MU Open
 0h00:04.349 2022/05/19T11:26:15z: AP_STAR tmr
 ets Jan  8 2013,rst cause:4, boot mode:(3,7)

wdt reset
load 0x4010f000, len 1384, room 16 
tail 8
chksum 0x2d
csum 0x2d
v8b899c12
~ld


6.01
 0h00:04.457 2022/05/19T11:46:17z: DS3231
 0h00:04.472 2022/05/19T11:46:17z: BME280 (0x76)
 0h00:04.487 2022/05/19T11:46:17z: 84:f3:eb:7d:7:a8
 0h00:04.488 2022/05/19T11:46:17z: SSID: MU Open
 0h00:04.493 2022/05/19T11:46:17z: AP_STAR tmr
 ets Jan  8 2013,rst cause:4, boot mode:(3,7)

wdt reset
load 0x4010f000, len 1384, room 16 
tail 8
chksum 0x2d
csum 0x2d
v8b899c12
~ld


6.01
 0h00:04.263 2022/05/19T12:06:18z: DS3231
 0h00:04.278 2022/05/19T12:06:18z: BME280 (0x76)
 0h00:04.292 2022/05/19T12:06:18z: 84:f3:eb:7d:7:a8
 0h00:04.294 2022/05/19T12:06:18z: SSID: MU Open
 0h00:04.299 2022/05/19T12:06:18z: AP_STAR tmr
 ets Jan  8 2013,rst cause:4, boot mode:(3,7)

wdt reset
load 0x4010f000, len 1384, room 16 
tail 8
chksum 0x2d
csum 0x2d
v8b899c12
~ld


6.01
 0h00:04.344 2022/05/19T12:26:20z: DS3231
 0h00:04.359 2022/05/19T12:26:20z: BME280 (0x76)
 0h00:04.373 2022/05/19T12:26:20z: 84:f3:eb:7d:7:a8
 0h00:04.375 2022/05/19T12:26:20z: SSID: MU Open
 0h00:04.380 2022/05/19T12:26:20z: AP_STAR tmr
 ets Jan  8 2013,rst cause:4, boot mode:(3,7)

wdt reset
load 0x4010f000, len 1384, room 16 
tail 8
chksum 0x2d
csum 0x2d
v8b899c12
~ld


6.01
 0h00:04.350 2022/05/19T12:46:21z: DS3231
 0h00:04.365 2022/05/19T12:46:21z: BME280 (0x76)
 0h00:04.380 2022/05/19T12:46:21z: 84:f3:eb:7d:7:a8
 0h00:04.381 2022/05/19T12:46:21z: SSID: MU Open
 0h00:04.386 2022/05/19T12:46:21z: AP_STAR tmr
 ets Jan  8 2013,rst cause:4, boot mode:(3,7)

wdt reset
load 0x4010f000, len 1384, room 16 
tail 8
chksum 0x2d
csum 0x2d
v8b899c12
~ld


6.01
 0h00:04.249 2022/05/19T13:06:22z: DS3231
 0h00:04.265 2022/05/19T13:06:22z: BME280 (0x76)
 0h00:04.279 2022/05/19T13:06:22z: 84:f3:eb:7d:7:a8
 0h00:04.280 2022/05/19T13:06:22z: SSID: MU Open
 0h00:04.286 2022/05/19T13:06:22z: AP_STAR tmr
 ets Jan  8 2013,rst cause:4, boot mode:(3,7)

wdt reset
load 0x4010f000, len 1384, room 16 
tail 8
chksum 0x2d
csum 0x2d
v8b899c12
~ld


6.01
 0h00:04.427 2022/05/19T13:26:24z: DS3231
 0h00:04.443 2022/05/19T13:26:24z: BME280 (0x76)
 0h00:04.457 2022/05/19T13:26:24z: 84:f3:eb:7d:7:a8
 0h00:04.459 2022/05/19T13:26:24z: SSID: MU Open
 0h00:04.464 2022/05/19T13:26:24z: AP_STAR tmr
 ets Jan  8 2013,rst cause:4, boot mode:(3,7)

wdt reset
load 0x4010f000, len 1384, room 16 
tail 8
chksum 0x2d
csum 0x2d
v8b899c12
~ld


6.01
 0h00:04.365 2022/05/19T13:46:25z: DS3231
 0h00:04.381 2022/05/19T13:46:25z: BME280 (0x76)
 0h00:04.395 2022/05/19T13:46:25z: 84:f3:eb:7d:7:a8
 0h00:04.397 2022/05/19T13:46:25z: SSID: MU Open
 0h00:04.402 2022/05/19T13:46:25z: AP_STAR tmr
 ets Jan  8 2013,rst cause:4, boot mode:(3,7)

wdt reset
load 0x4010f000, len 1384, room 16 
tail 8
chksum 0x2d
csum 0x2d
v8b899c12
~ld


6.01
 0h00:04.392 2022/05/19T14:06:26z: DS3231
 0h00:04.408 2022/05/19T14:06:26z: BME280 (0x76)
 0h00:04.422 2022/05/19T14:06:26z: 84:f3:eb:7d:7:a8
 0h00:04.423 2022/05/19T14:06:26z: SSID: MU Open
 0h00:04.429 2022/05/19T14:06:26z: AP_STAR tmr
 ets Jan  8 2013,rst cause:4, boot mode:(3,7)

wdt reset
load 0x4010f000, len 1384, room 16 
tail 8
chksum 0x2d
csum 0x2d
v8b899c12
~ld


6.01
 0h00:04.150 2022/05/19T14:26:27z: DS3231
 0h00:04.165 2022/05/19T14:26:27z: BME280 (0x76)
 0h00:04.179 2022/05/19T14:26:27z: 84:f3:eb:7d:7:a8
 0h00:04.181 2022/05/19T14:26:27z: SSID: MU Open
 0h00:04.186 2022/05/19T14:26:27z: AP_STAR tmr
 ets Jan  8 2013,rst cause:4, boot mode:(3,7)

wdt reset
load 0x4010f000, len 1384, room 16 
tail 8
chksum 0x2d
csum 0x2d
v8b899c12
~ld


6.01
 0h00:04.393 2022/05/19T14:46:29z: DS3231
 0h00:04.408 2022/05/19T14:46:29z: BME280 (0x76)
 0h00:04.422 2022/05/19T14:46:29z: 84:f3:eb:7d:7:a8
 0h00:04.424 2022/05/19T14:46:29z: SSID: MU Open
 0h00:04.429 2022/05/19T14:46:29z: AP_STAR tmr
 ets Jan  8 2013,rst cause:4, boot mode:(3,7)

wdt reset
load 0x4010f000, len 1384, room 16 
tail 8
chksum 0x2d
csum 0x2d
v8b899c12
~ld


6.01
 0h00:04.202 2022/05/19T15:06:31z: DS3231
 0h00:04.217 2022/05/19T15:06:31z: BME280 (0x76)
 0h00:04.232 2022/05/19T15:06:31z: 84:f3:eb:7d:7:a8
 0h00:04.233 2022/05/19T15:06:31z: SSID: MU Open
 0h00:04.238 2022/05/19T15:06:31z: AP_STAR tmr
 ets Jan  8 2013,rst cause:4, boot mode:(3,7)

wdt reset
load 0x4010f000, len 1384, room 16 
tail 8
chksum 0x2d
csum 0x2d
v8b899c12
~ld


6.01
 0h00:04.088 2022/05/19T15:26:31z: DS3231
 0h00:04.104 2022/05/19T15:26:31z: BME280 (0x76)
 0h00:04.118 2022/05/19T15:26:31z: 84:f3:eb:7d:7:a8
 0h00:04.119 2022/05/19T15:26:31z: SSID: MU Open
 0h00:04.125 2022/05/19T15:26:31z: AP_STAR tmr
 ets Jan  8 2013,rst cause:4, boot mode:(3,7)

wdt reset
load 0x4010f000, len 1384, room 16 
tail 8
chksum 0x2d
csum 0x2d
v8b899c12
~ld


6.01
 0h00:03.946 2022/05/19T15:46:32z: DS3231
 0h00:03.961 2022/05/19T15:46:32z: BME280 (0x76)
 0h00:03.975 2022/05/19T15:46:32z: 84:f3:eb:7d:7:a8
 0h00:03.977 2022/05/19T15:46:32z: SSID: MU Open
 0h00:03.982 2022/05/19T15:46:32z: AP_STAR tmr
 ets Jan  8 2013,rst cause:4, boot mode:(3,7)

wdt reset
load 0x4010f000, len 1384, room 16 
tail 8
chksum 0x2d
csum 0x2d
v8b899c12
~ld


6.01
 0h00:03.919 2022/05/19T16:06:33z: DS3231
 0h00:03.934 2022/05/19T16:06:33z: BME280 (0x76)
 0h00:03.948 2022/05/19T16:06:33z: 84:f3:eb:7d:7:a8
 0h00:03.950 2022/05/19T16:06:33z: SSID: MU Open
 0h00:03.955 2022/05/19T16:06:33z: AP_STAR tmr
 ets Jan  8 2013,rst cause:4, boot mode:(3,7)

wdt reset
load 0x4010f000, len 1384, room 16 
tail 8
chksum 0x2d
csum 0x2d
v8b899c12
~ld


6.01
 0h00:04.307 2022/05/19T16:26:34z: DS3231
 0h00:04.323 2022/05/19T16:26:34z: BME280 (0x76)
 0h00:04.337 2022/05/19T16:26:34z: 84:f3:eb:7d:7:a8
 0h00:04.339 2022/05/19T16:26:34z: SSID: MU Open
 0h00:04.344 2022/05/19T16:26:34z: AP_STAR tmr
 ets Jan  8 2013,rst cause:4, boot mode:(3,7)

wdt reset
load 0x4010f000, len 1384, room 16 
tail 8
chksum 0x2d
csum 0x2d
v8b899c12
~ld


6.01
 0h00:04.020 2022/05/19T16:46:35z: DS3231
 0h00:04.036 2022/05/19T16:46:35z: BME280 (0x76)
 0h00:04.050 2022/05/19T16:46:35z: 84:f3:eb:7d:7:a8
 0h00:04.052 2022/05/19T16:46:35z: SSID: MU Open
 0h00:04.057 2022/05/19T16:46:35z: AP_STAR tmr
 ets Jan  8 2013,rst cause:4, boot mode:(3,7)

wdt reset
load 0x4010f000, len 1384, room 16 
tail 8
chksum 0x2d
csum 0x2d
v8b899c12
~ld


6.01
 0h00:04.276 2022/05/19T17:06:37z: DS3231
 0h00:04.291 2022/05/19T17:06:37z: BME280 (0x76)
 0h00:04.305 2022/05/19T17:06:37z: 84:f3:eb:7d:7:a8
 0h00:04.307 2022/05/19T17:06:37z: SSID: MU Open
 0h00:04.312 2022/05/19T17:06:37z: AP_STAR tmr
 ets Jan  8 2013,rst cause:4, boot mode:(3,7)

wdt reset
load 0x4010f000, len 1384, room 16 
tail 8
chksum 0x2d
csum 0x2d
v8b899c12
~ld


6.01
 0h00:04.300 2022/05/19T17:26:38z: DS3231
 0h00:04.315 2022/05/19T17:26:38z: BME280 (0x76)
 0h00:04.329 2022/05/19T17:26:38z: 84:f3:eb:7d:7:a8
 0h00:04.331 2022/05/19T17:26:38z: SSID: MU Open
 0h00:04.336 2022/05/19T17:26:38z: AP_STAR tmr
 ets Jan  8 2013,rst cause:4, boot mode:(3,7)

wdt reset
load 0x4010f000, len 1384, room 16 
tail 8
chksum 0x2d
csum 0x2d
v8b899c12
~ld


6.01
 0h00:04.549 2022/05/19T17:46:39z: DS3231
 0h00:04.564 2022/05/19T17:46:39z: BME280 (0x76)
 0h00:04.579 2022/05/19T17:46:39z: 84:f3:eb:7d:7:a8
 0h00:04.580 2022/05/19T17:46:39z: SSID: MU Open
 0h00:04.585 2022/05/19T17:46:39z: AP_STAR tmr
 ets Jan  8 2013,rst cause:4, boot mode:(3,7)

wdt reset
load 0x4010f000, len 1384, room 16 
tail 8
chksum 0x2d
csum 0x2d
v8b899c12
~ld


6.01
 0h00:04.059 2022/05/19T18:06:41z: DS3231
 0h00:04.075 2022/05/19T18:06:41z: BME280 (0x76)
 0h00:04.089 2022/05/19T18:06:41z: 84:f3:eb:7d:7:a8
 0h00:04.091 2022/05/19T18:06:41z: SSID: MU Open
 0h00:04.096 2022/05/19T18:06:41z: AP_STAR tmr
 ets Jan  8 2013,rst cause:4, boot mode:(3,7)

wdt reset
load 0x4010f000, len 1384, room 16 
tail 8
chksum 0x2d
csum 0x2d
v8b899c12
~ld


6.01
 0h00:04.409 2022/05/19T18:26:43z: DS3231
 0h00:04.424 2022/05/19T18:26:43z: BME280 (0x76)
 0h00:04.438 2022/05/19T18:26:43z: 84:f3:eb:7d:7:a8
 0h00:04.440 2022/05/19T18:26:43z: SSID: MU Open
 0h00:04.445 2022/05/19T18:26:43z: AP_STAR tmr
 ets Jan  8 2013,rst cause:4, boot mode:(3,7)

wdt reset
load 0x4010f000, len 1384, room 16 
tail 8
chksum 0x2d
csum 0x2d
v8b899c12
~ld


6.01
 0h00:04.287 2022/05/19T18:46:45z: DS3231
 0h00:04.302 2022/05/19T18:46:45z: BME280 (0x76)
 0h00:04.317 2022/05/19T18:46:45z: 84:f3:eb:7d:7:a8
 0h00:04.318 2022/05/19T18:46:45z: SSID: MU Open
 0h00:04.323 2022/05/19T18:46:45z: AP_STAR tmr
 ets Jan  8 2013,rst cause:4, boot mode:(3,7)

wdt reset
load 0x4010f000, len 1384, room 16 
tail 8
chksum 0x2d
csum 0x2d
v8b899c12
~ld


6.01
 0h00:04.529 2022/05/19T19:06:46z: DS3231
 0h00:04.544 2022/05/19T19:06:46z: BME280 (0x76)
 0h00:04.558 2022/05/19T19:06:46z: 84:f3:eb:7d:7:a8
 0h00:04.560 2022/05/19T19:06:46z: SSID: MU Open
 0h00:04.565 2022/05/19T19:06:46z: AP_STAR tmr
 ets Jan  8 2013,rst cause:4, boot mode:(3,7)

wdt reset
load 0x4010f000, len 1384, room 16 
tail 8
chksum 0x2d
csum 0x2d
v8b899c12
~ld


6.01
 0h00:04.496 2022/05/19T19:26:47z: DS3231
 0h00:04.511 2022/05/19T19:26:47z: BME280 (0x76)
 0h00:04.525 2022/05/19T19:26:47z: 84:f3:eb:7d:7:a8
 0h00:04.527 2022/05/19T19:26:47z: SSID: MU Open
 0h00:04.532 2022/05/19T19:26:47z: AP_STAR tmr
 ets Jan  8 2013,rst cause:4, boot mode:(3,7)

wdt reset
load 0x4010f000, len 1384, room 16 
tail 8
chksum 0x2d
csum 0x2d
v8b899c12
~ld


6.01
 0h00:04.198 2022/05/19T19:46:49z: DS3231
 0h00:04.214 2022/05/19T19:46:49z: BME280 (0x76)
 0h00:04.228 2022/05/19T19:46:49z: 84:f3:eb:7d:7:a8
 0h00:04.229 2022/05/19T19:46:49z: SSID: MU Open
 0h00:04.235 2022/05/19T19:46:49z: AP_STAR tmr
 ets Jan  8 2013,rst cause:4, boot mode:(3,7)

wdt reset
load 0x4010f000, len 1384, room 16 
tail 8
chksum 0x2d
csum 0x2d
v8b899c12
~ld


6.01
 0h00:04.239 2022/05/19T20:06:51z: DS3231
 0h00:04.254 2022/05/19T20:06:51z: BME280 (0x76)
 0h00:04.269 2022/05/19T20:06:51z: 84:f3:eb:7d:7:a8
 0h00:04.270 2022/05/19T20:06:51z: SSID: MU Open
 0h00:04.275 2022/05/19T20:06:51z: AP_STAR tmr
 ets Jan  8 2013,rst cause:4, boot mode:(3,7)

wdt reset
load 0x4010f000, len 1384, room 16 
tail 8
chksum 0x2d
csum 0x2d
v8b899c12
~ld


6.01
 0h00:04.290 2022/05/19T20:26:53z: DS3231
 0h00:04.305 2022/05/19T20:26:53z: BME280 (0x76)
 0h00:04.320 2022/05/19T20:26:53z: 84:f3:eb:7d:7:a8
 0h00:04.321 2022/05/19T20:26:53z: SSID: MU Open
 0h00:04.326 2022/05/19T20:26:53z: AP_STAR tmr
 ets Jan  8 2013,rst cause:4, boot mode:(3,7)

wdt reset
load 0x4010f000, len 1384, room 16 
tail 8
chksum 0x2d
csum 0x2d
v8b899c12
~ld


6.01
 0h00:04.330 2022/05/19T20:46:55z: DS3231
 0h00:04.345 2022/05/19T20:46:55z: BME280 (0x76)
 0h00:04.359 2022/05/19T20:46:55z: 84:f3:eb:7d:7:a8
 0h00:04.361 2022/05/19T20:46:55z: SSID: MU Open
 0h00:04.366 2022/05/19T20:46:55z: AP_STAR tmr
 ets Jan  8 2013,rst cause:4, boot mode:(3,7)

wdt reset
load 0x4010f000, len 1384, room 16 
tail 8
chksum 0x2d
csum 0x2d
v8b899c12
~ld


6.01
 0h00:04.257 2022/05/19T21:06:56z: DS3231
 0h00:04.272 2022/05/19T21:06:56z: BME280 (0x76)
 0h00:04.286 2022/05/19T21:06:56z: 84:f3:eb:7d:7:a8
 0h00:04.288 2022/05/19T21:06:56z: SSID: MU Open
 0h00:04.293 2022/05/19T21:06:56z: AP_STAR tmr
 ets Jan  8 2013,rst cause:4, boot mode:(3,7)

wdt reset
load 0x4010f000, len 1384, room 16 
tail 8
chksum 0x2d
csum 0x2d
v8b899c12
~ld


6.01
 0h00:04.395 2022/05/19T21:26:58z: DS3231
 0h00:04.411 2022/05/19T21:26:58z: BME280 (0x76)
 0h00:04.425 2022/05/19T21:26:58z: 84:f3:eb:7d:7:a8
 0h00:04.427 2022/05/19T21:26:58z: SSID: MU Open
 0h00:04.432 2022/05/19T21:26:58z: AP_STAR tmr
 ets Jan  8 2013,rst cause:4, boot mode:(3,7)

wdt reset
load 0x4010f000, len 1384, room 16 
tail 8
chksum 0x2d
csum 0x2d
v8b899c12
~ld


6.01
 0h00:04.159 2022/05/19T21:46:59z: DS3231
 0h00:04.175 2022/05/19T21:46:59z: BME280 (0x76)
 0h00:04.189 2022/05/19T21:46:59z: 84:f3:eb:7d:7:a8
 0h00:04.191 2022/05/19T21:46:59z: SSID: MU Open
 0h00:04.196 2022/05/19T21:46:59z: AP_STAR tmr
 ets Jan  8 2013,rst cause:4, boot mode:(3,7)

wdt reset
load 0x4010f000, len 1384, room 16 
tail 8
chksum 0x2d
csum 0x2d
v8b899c12
~ld


6.01
 0h00:04.244 2022/05/19T22:07:01z: DS3231
 0h00:04.260 2022/05/19T22:07:01z: BME280 (0x76)
 0h00:04.274 2022/05/19T22:07:01z: 84:f3:eb:7d:7:a8
 0h00:04.276 2022/05/19T22:07:01z: SSID: MU Open
 0h00:04.281 2022/05/19T22:07:01z: AP_STAR tmr
 ets Jan  8 2013,rst cause:4, boot mode:(3,7)

wdt reset
load 0x4010f000, len 1384, room 16 
tail 8
chksum 0x2d
csum 0x2d
v8b899c12
~ld


6.01
 0h00:04.285 2022/05/19T22:27:03z: DS3231
 0h00:04.300 2022/05/19T22:27:03z: BME280 (0x76)
 0h00:04.315 2022/05/19T22:27:03z: 84:f3:eb:7d:7:a8
 0h00:04.316 2022/05/19T22:27:03z: SSID: MU Open
 0h00:04.321 2022/05/19T22:27:03z: AP_STAR tmr
 ets Jan  8 2013,rst cause:4, boot mode:(3,7)

wdt reset
load 0x4010f000, len 1384, room 16 
tail 8
chksum 0x2d
csum 0x2d
v8b899c12
~ld


6.01
 0h00:04.160 2022/05/19T22:47:05z: DS3231
 0h00:04.175 2022/05/19T22:47:05z: BME280 (0x76)
 0h00:04.189 2022/05/19T22:47:05z: 84:f3:eb:7d:7:a8
 0h00:04.191 2022/05/19T22:47:05z: SSID: MU Open
 0h00:04.196 2022/05/19T22:47:05z: AP_STAR tmr
 ets Jan  8 2013,rst cause:4, boot mode:(3,7)

wdt reset
load 0x4010f000, len 1384, room 16 
tail 8
chksum 0x2d
csum 0x2d
v8b899c12
~ld


6.01
 0h00:04.126 2022/05/19T23:07:06z: DS3231
 0h00:04.141 2022/05/19T23:07:06z: BME280 (0x76)
 0h00:04.155 2022/05/19T23:07:06z: 84:f3:eb:7d:7:a8
 0h00:04.157 2022/05/19T23:07:06z: SSID: MU Open
 0h00:04.162 2022/05/19T23:07:06z: AP_STAR tmr
 ets Jan  8 2013,rst cause:4, boot mode:(3,7)

wdt reset
load 0x4010f000, len 1384, room 16 
tail 8
chksum 0x2d
csum 0x2d
v8b899c12
~ld


6.01
 0h00:04.091 2022/05/19T23:27:07z: DS3231
 0h00:04.107 2022/05/19T23:27:07z: BME280 (0x76)
 0h00:04.121 2022/05/19T23:27:07z: 84:f3:eb:7d:7:a8
 0h00:04.122 2022/05/19T23:27:07z: SSID: MU Open
 0h00:04.128 2022/05/19T23:27:07z: AP_STAR tmr
 ets Jan  8 2013,rst cause:4, boot mode:(3,7)

wdt reset
load 0x4010f000, len 1384, room 16 
tail 8
chksum 0x2d
csum 0x2d
v8b899c12
~ld


6.01
 0h00:04.194 2022/05/19T23:47:08z: DS3231
 0h00:04.209 2022/05/19T23:47:08z: BME280 (0x76)
 0h00:04.223 2022/05/19T23:47:08z: 84:f3:eb:7d:7:a8
 0h00:04.225 2022/05/19T23:47:08z: SSID: MU Open
 0h00:04.230 2022/05/19T23:47:08z: AP_STA