R tmr
 ets Jan  8 2013,rst cause:4, boot mode:(3,7)

wdt reset
load 0x4010f000, len 1384, room 16 
tail 8
chksum 0x2d
csum 0x2d
v8b899c12
~ld


6.01
 0h00:04.332 2022/04/14T00:09:43z: DS3231
 0h00:04.348 2022/04/14T00:09:43z: BME280 (0x76)
 0h00:04.362 2022/04/14T00:09:43z: 84:f3:eb:7d:7:a8
 0h00:04.364 2022/04/14T00:09:43z: SSID: MU Open
 0h00:04.369 2022/04/14T00:09:43z: AP_STAR tmr
 ets Jan  8 2013,rst cause:4, boot mode:(3,7)

wdt reset
load 0x4010f000, len 1384, room 16 
tail 8
chksum 0x2d
csum 0x2d
v8b899c12
~ld


6.01
 0h00:04.367 2022/04/14T00:29:44z: DS3231
 0h00:04.382 2022/04/14T00:29:44z: BME280 (0x76)
 0h00:04.396 2022/04/14T00:29:44z: 84:f3:eb:7d:7:a8
 0h00:04.398 2022/04/14T00:29:44z: SSID: MU Open
 0h00:04.403 2022/04/14T00:29:44z: AP_STAR tmr
 ets Jan  8 2013,rst cause:4, boot mode:(3,7)

wdt reset
load 0x4010f000, len 1384, room 16 
tail 8
chksum 0x2d
csum 0x2d
v8b899c12
~ld


6.01
 0h00:04.553 2022/04/14T00:49:45z: DS3231
 0h00:04.568 2022/04/14T00:49:45z: BME280 (0x76)
 0h00:04.582 2022/04/14T00:49:45z: 84:f3:eb:7d:7:a8
 0h00:04.584 2022/04/14T00:49:45z: SSID: MU Open
 0h00:04.589 2022/04/14T00:49:45z: AP_STAR tmr
 ets Jan  8 2013,rst cause:4, boot mode:(3,7)

wdt reset
load 0x4010f000, len 1384, room 16 
tail 8
chksum 0x2d
csum 0x2d
v8b899c12
~ld


6.01
 0h00:04.306 2022/04/14T01:09:47z: DS3231
 0h00:04.321 2022/04/14T01:09:47z: BME280 (0x76)
 0h00:04.335 2022/04/14T01:09:47z: 84:f3:eb:7d:7:a8
 0h00:04.337 2022/04/14T01:09:47z: SSID: MU Open
 0h00:04.342 2022/04/14T01:09:47z: AP_STAR tmr
 ets Jan  8 2013,rst cause:4, boot mode:(3,7)

wdt reset
load 0x4010f000, len 1384, room 16 
tail 8
chksum 0x2d
csum 0x2d
v8b899c12
~ld


6.01
 0h00:04.362 2022/04/14T01:29:48z: DS3231
 0h00:04.377 2022/04/14T01:29:48z: BME280 (0x76)
 0h00:04.391 2022/04/14T01:29:48z: 84:f3:eb:7d:7:a8
 0h00:04.393 2022/04/14T01:29:48z: SSID: MU Open
 0h00:04.398 2022/04/14T01:29:48z: AP_STAR tmr
 ets Jan  8 2013,rst cause:4, boot mode:(3,7)

wdt reset
load 0x4010f000, len 1384, room 16 
tail 8
chksum 0x2d
csum 0x2d
v8b899c12
~ld


6.01
 0h00:04.359 2022/04/14T01:49:49z: DS3231
 0h00:04.374 2022/04/14T01:49:50z: BME280 (0x76)
 0h00:04.388 2022/04/14T01:49:50z: 84:f3:eb:7d:7:a8
 0h00:04.390 2022/04/14T01:49:50z: SSID: MU Open
 0h00:04.395 2022/04/14T01:49:50z: AP_STAR tmr
 ets Jan  8 2013,rst cause:4, boot mode:(3,7)

wdt reset
load 0x4010f000, len 1384, room 16 
tail 8
chksum 0x2d
csum 0x2d
v8b899c12
~ld


6.01
 0h00:04.433 2022/04/14T02:09:50z: DS3231
 0h00:04.448 2022/04/14T02:09:50z: BME280 (0x76)
 0h00:04.462 2022/04/14T02:09:50z: 84:f3:eb:7d:7:a8
 0h00:04.464 2022/04/14T02:09:50z: SSID: MU Open
 0h00:04.469 2022/04/14T02:09:50z: AP_STAR tmr
 ets Jan  8 2013,rst cause:4, boot mode:(3,7)

wdt reset
load 0x4010f000, len 1384, room 16 
tail 8
chksum 0x2d
csum 0x2d
v8b899c12
~ld


6.01
 0h00:04.400 2022/04/14T02:29:52z: DS3231
 0h00:04.415 2022/04/14T02:29:52z: BME280 (0x76)
 0h00:04.429 2022/04/14T02:29:52z: 84:f3:eb:7d:7:a8
 0h00:04.431 2022/04/14T02:29:52z: SSID: MU Open
 0h00:04.436 2022/04/14T02:29:52z: AP_STAR tmr
 ets Jan  8 2013,rst cause:4, boot mode:(3,7)

wdt reset
load 0x4010f000, len 1384, room 16 
tail 8
chksum 0x2d
csum 0x2d
v8b899c12
~ld


6.01
 0h00:04.425 2022/04/14T02:49:53z: DS3231
 0h00:04.440 2022/04/14T02:49:53z: BME280 (0x76)
 0h00:04.454 2022/04/14T02:49:53z: 84:f3:eb:7d:7:a8
 0h00:04.456 2022/04/14T02:49:53z: SSID: MU Open
 0h00:04.461 2022/04/14T02:49:53z: AP_STAR tmr
 ets Jan  8 2013,rst cause:4, boot mode:(3,7)

wdt reset
load 0x4010f000, len 1384, room 16 
tail 8
chksum 0x2d
csum 0x2d
v8b899c12
~ld


6.01
 0h00:04.611 2022/04/14T03:09:54z: DS3231
 0h00:04.626 2022/04/14T03:09:54z: BME280 (0x76)
 0h00:04.640 2022/04/14T03:09:54z: 84:f3:eb:7d:7:a8
 0h00:04.642 2022/04/14T03:09:54z: SSID: MU Open
 0h00:04.647 2022/04/14T03:09:54z: AP_STAR tmr
 ets Jan  8 2013,rst cause:4, boot mode:(3,7)

wdt reset
load 0x4010f000, len 1384, room 16 
tail 8
chksum 0x2d
csum 0x2d
v8b899c12
~ld


6.01
 0h00:04.403 2022/04/14T03:29:56z: DS3231
 0h00:04.419 2022/04/14T03:29:56z: BME280 (0x76)
 0h00:04.433 2022/04/14T03:29:56z: 84:f3:eb:7d:7:a8
 0h00:04.435 2022/04/14T03:29:56z: SSID: MU Open
 0h00:04.440 2022/04/14T03:29:56z: AP_STAR tmr
 ets Jan  8 2013,rst cause:4, boot mode:(3,7)

wdt reset
load 0x4010f000, len 1384, room 16 
tail 8
chksum 0x2d
csum 0x2d
v8b899c12
~ld


6.01
 0h00:04.364 2022/04/14T03:49:57z: DS3231
 0h00:04.379 2022/04/14T03:49:57z: BME280 (0x76)
 0h00:04.393 2022/04/14T03:49:57z: 84:f3:eb:7d:7:a8
 0h00:04.395 2022/04/14T03:49:57z: SSID: MU Open
 0h00:04.400 2022/04/14T03:49:57z: AP_STAR tmr
 ets Jan  8 2013,rst cause:4, boot mode:(3,7)

wdt reset
load 0x4010f000, len 1384, room 16 
tail 8
chksum 0x2d
csum 0x2d
v8b899c12
~ld


6.01
 0h00:04.551 2022/04/14T04:10:00z: DS3231
 0h00:04.566 2022/04/14T04:10:00z: BME280 (0x76)
 0h00:04.580 2022/04/14T04:10:00z: 84:f3:eb:7d:7:a8
 0h00:04.582 2022/04/14T04:10:00z: SSID: MU Open
 0h00:04.587 2022/04/14T04:10:00z: AP_STAR tmr
 ets Jan  8 2013,rst cause:4, boot mode:(3,7)

wdt reset
load 0x4010f000, len 1384, room 16 
tail 8
chksum 0x2d
csum 0x2d
v8b899c12
~ld


6.01
 0h00:04.608 2022/04/14T04:30:01z: DS3231
 0h00:04.623 2022/04/14T04:30:01z: BME280 (0x76)
 0h00:04.638 2022/04/14T04:30:01z: 84:f3:eb:7d:7:a8
 0h00:04.639 2022/04/14T04:30:01z: SSID: MU Open
 0h00:04.644 2022/04/14T04:30:01z: AP_STAR tmr
 ets Jan  8 2013,rst cause:4, boot mode:(3,7)

wdt reset
load 0x4010f000, len 1384, room 16 
tail 8
chksum 0x2d
csum 0x2d
v8b899c12
~ld


6.01
 0h00:04.576 2022/04/14T04:50:02z: DS3231
 0h00:04.592 2022/04/14T04:50:02z: BME280 (0x76)
 0h00:04.606 2022/04/14T04:50:02z: 84:f3:eb:7d:7:a8
 0h00:04.608 2022/04/14T04:50:02z: SSID: MU Open
 0h00:04.613 2022/04/14T04:50:02z: AP_STAR tmr
 ets Jan  8 2013,rst cause:4, boot mode:(3,7)

wdt reset
load 0x4010f000, len 1384, room 16 
tail 8
chksum 0x2d
csum 0x2d
v8b899c12
~ld


6.01
 0h00:04.619 2022/04/14T05:10:04z: DS3231
 0h00:04.635 2022/04/14T05:10:04z: BME280 (0x76)
 0h00:04.649 2022/04/14T05:10:04z: 84:f3:eb:7d:7:a8
 0h00:04.650 2022/04/14T05:10:04z: SSID: MU Open
 0h00:04.656 2022/04/14T05:10:04z: AP_STAR tmr
 ets Jan  8 2013,rst cause:4, boot mode:(3,7)

wdt reset
load 0x4010f000, len 1384, room 16 
tail 8
chksum 0x2d
csum 0x2d
v8b899c12
~ld


6.01
 0h00:04.499 2022/04/14T05:30:06z: DS3231
 0h00:04.514 2022/04/14T05:30:06z: BME280 (0x76)
 0h00:04.528 2022/04/14T05:30:06z: 84:f3:eb:7d:7:a8
 0h00:04.530 2022/04/14T05:30:06z: SSID: MU Open
 0h00:04.535 2022/04/14T05:30:06z: AP_STAR tmr
 ets Jan  8 2013,rst cause:4, boot mode:(3,7)

wdt reset
load 0x4010f000, len 1384, room 16 
tail 8
chksum 0x2d
csum 0x2d
v8b899c12
~ld


6.01
 0h00:04.503 2022/04/14T05:50:07z: DS3231
 0h00:04.519 2022/04/14T05:50:07z: BME280 (0x76)
 0h00:04.533 2022/04/14T05:50:07z: 84:f3:eb:7d:7:a8
 0h00:04.534 2022/04/14T05:50:07z: SSID: MU Open
 0h00:04.540 2022/04/14T05:50:07z: AP_STAR tmr
 ets Jan  8 2013,rst cause:4, boot mode:(3,7)

wdt reset
load 0x4010f000, len 1384, room 16 
tail 8
chksum 0x2d
csum 0x2d
v8b899c12
~ld


6.01
 0h00:04.723 2022/04/14T06:10:10z: DS3231
 0h00:04.738 2022/04/14T06:10:10z: BME280 (0x76)
 0h00:04.752 2022/04/14T06:10:10z: 84:f3:eb:7d:7:a8
 0h00:04.754 2022/04/14T06:10:10z: SSID: MU Open
 0h00:04.759 2022/04/14T06:10:10z: AP_STAR tmr
 ets Jan  8 2013,rst cause:4, boot mode:(3,7)

wdt reset
load 0x4010f000, len 1384, room 16 
tail 8
chksum 0x2d
csum 0x2d
v8b899c12
~ld


6.01
 0h00:04.684 2022/04/14T06:30:12z: DS3231
 0h00:04.700 2022/04/14T06:30:12z: BME280 (0x76)
 0h00:04.714 2022/04/14T06:30:12z: 84:f3:eb:7d:7:a8
 0h00:04.716 2022/04/14T06:30:12z: SSID: MU Open
 0h00:04.721 2022/04/14T06:30:12z: AP_STAR tmr
 ets Jan  8 2013,rst cause:4, boot mode:(3,7)

wdt reset
load 0x4010f000, len 1384, room 16 
tail 8
chksum 0x2d
csum 0x2d
v8b899c12
~ld


6.01
 0h00:04.499 2022/04/14T06:50:14z: DS3231
 0h00:04.514 2022/04/14T06:50:14z: BME280 (0x76)
 0h00:04.528 2022/04/14T06:50:14z: 84:f3:eb:7d:7:a8
 0h00:04.530 2022/04/14T06:50:14z: SSID: MU Open
 0h00:04.535 2022/04/14T06:50:14z: AP_STAR tmr
 ets Jan  8 2013,rst cause:4, boot mode:(3,7)

wdt reset
load 0x4010f000, len 1384, room 16 
tail 8
chksum 0x2d
csum 0x2d
v8b899c12
~ld


6.01
 0h00:04.617 2022/04/14T07:10:15z: DS3231
 0h00:04.633 2022/04/14T07:10:15z: BME280 (0x76)
 0h00:04.647 2022/04/14T07:10:15z: 84:f3:eb:7d:7:a8
 0h00:04.648 2022/04/14T07:10:15z: SSID: MU Open
 0h00:04.654 2022/04/14T07:10:15z: AP_STAR tmr
 ets Jan  8 2013,rst cause:4, boot mode:(3,7)

wdt reset
load 0x4010f000, len 1384, room 16 
tail 8
chksum 0x2d
csum 0x2d
v8b899c12
~ld


6.01
 0h00:04.491 2022/04/14T07:30:17z: DS3231
 0h00:04.507 2022/04/14T07:30:17z: BME280 (0x76)
 0h00:04.521 2022/04/14T07:30:17z: 84:f3:eb:7d:7:a8
 0h00:04.522 2022/04/14T07:30:17z: SSID: MU Open
 0h00:04.528 2022/04/14T07:30:17z: AP_STAR tmr
 ets Jan  8 2013,rst cause:4, boot mode:(3,7)

wdt reset
load 0x4010f000, len 1384, room 16 
tail 8
chksum 0x2d
csum 0x2d
v8b899c12
~ld


6.01
 0h00:04.757 2022/04/14T07:50:20z: DS3231
 0h00:04.772 2022/04/14T07:50:20z: BME280 (0x76)
 0h00:04.786 2022/04/14T07:50:20z: 84:f3:eb:7d:7:a8
 0h00:04.788 2022/04/14T07:50:20z: SSID: MU Open
 0h00:04.793 2022/04/14T07:50:20z: AP_STAR tmr
 ets Jan  8 2013,rst cause:4, boot mode:(3,7)

wdt reset
load 0x4010f000, len 1384, room 16 
tail 8
chksum 0x2d
csum 0x2d
v8b899c12
~ld


6.01
 0h00:04.752 2022/04/14T08:10:21z: DS3231
 0h00:04.767 2022/04/14T08:10:21z: BME280 (0x76)
 0h00:04.781 2022/04/14T08:10:21z: 84:f3:eb:7d:7:a8
 0h00:04.783 2022/04/14T08:10:21z: SSID: MU Open
 0h00:04.788 2022/04/14T08:10:21z: AP_STAR tmr
 ets Jan  8 2013,rst cause:4, boot mode:(3,7)

wdt reset
load 0x4010f000, len 1384, room 16 
tail 8
chksum 0x2d
csum 0x2d
v8b899c12
~ld


6.01
 0h00:04.717 2022/04/14T08:30:24z: DS3231
 0h00:04.732 2022/04/14T08:30:24z: BME280 (0x76)
 0h00:04.746 2022/04/14T08:30:24z: 84:f3:eb:7d:7:a8
 0h00:04.748 2022/04/14T08:30:24z: SSID: MU Open
 0h00:04.753 2022/04/14T08:30:24z: AP_STAR tmr
 ets Jan  8 2013,rst cause:4, boot mode:(3,7)

wdt reset
load 0x4010f000, len 1384, room 16 
tail 8
chksum 0x2d
csum 0x2d
v8b899c12
~ld


6.01
 0h00:04.791 2022/04/14T08:50:26z: DS3231
 0h00:04.806 2022/04/14T08:50:26z: BME280 (0x76)
 0h00:04.820 2022/04/14T08:50:26z: 84:f3:eb:7d:7:a8
 0h00:04.822 2022/04/14T08:50:26z: SSID: MU Open
 0h00:04.827 2022/04/14T08:50:26z: AP_STAR tmr
 ets Jan  8 2013,rst cause:4, boot mode:(3,7)

wdt reset
load 0x4010f000, len 1384, room 16 
tail 8
chksum 0x2d
csum 0x2d
v8b899c12
~ld


6.01
 0h00:04.610 2022/04/14T09:10:28z: DS3231
 0h00:04.625 2022/04/14T09:10:28z: BME280 (0x76)
 0h00:04.639 2022/04/14T09:10:28z: 84:f3:eb:7d:7:a8
 0h00:04.641 2022/04/14T09:10:28z: SSID: MU Open
 0h00:04.646 2022/04/14T09:10:28z: AP_STAR tmr
 ets Jan  8 2013,rst cause:4, boot mode:(3,7)

wdt reset
load 0x4010f000, len 1384, room 16 
tail 8
chksum 0x2d
csum 0x2d
v8b899c12
~ld


6.01
 0h00:04.861 2022/04/14T09:30:31z: DS3231
 0h00:04.877 2022/04/14T09:30:31z: BME280 (0x76)
 0h00:04.891 2022/04/14T09:30:31z: 84:f3:eb:7d:7:a8
 0h00:04.893 2022/04/14T09:30:31z: SSID: MU Open
 0h00:04.898 2022/04/14T09:30:31z: AP_STAR tmr
 ets Jan  8 2013,rst cause:4, boot mode:(3,7)

wdt reset
load 0x4010f000, len 1384, room 16 
tail 8
chksum 0x2d
csum 0x2d
v8b899c12
~ld


6.01
 0h00:04.850 2022/04/14T09:50:33z: DS3231
 0h00:04.866 2022/04/14T09:50:33z: BME280 (0x76)
 0h00:04.880 2022/04/14T09:50:33z: 84:f3:eb:7d:7:a8
 0h00:04.882 2022/04/14T09:50:33z: SSID: MU Open
 0h00:04.887 2022/04/14T09:50:33z: AP_STAR tmr
 ets Jan  8 2013,rst cause:4, boot mode:(3,7)

wdt reset
load 0x4010f000, len 1384, room 16 
tail 8
chksum 0x2d
csum 0x2d
v8b899c12
~ld


6.01
 0h00:04.809 2022/04/14T10:10:35z: DS3231
 0h00:04.824 2022/04/14T10:10:35z: BME280 (0x76)
 0h00:04.838 2022/04/14T10:10:35z: 84:f3:eb:7d:7:a8
 0h00:04.840 2022/04/14T10:10:35z: SSID: MU Open
 0h00:04.845 2022/04/14T10:10:35z: AP_STAR tmr
 ets Jan  8 2013,rst cause:4, boot mode:(3,7)

wdt reset
load 0x4010f000, len 1384, room 16 
tail 8
chksum 0x2d
csum 0x2d
v8b899c12
~ld


6.01
 0h00:04.610 2022/04/14T10:30:36z: DS3231
 0h00:04.625 2022/04/14T10:30:36z: BME280 (0x76)
 0h00:04.639 2022/04/14T10:30:36z: 84:f3:eb:7d:7:a8
 0h00:04.641 2022/04/14T10:30:36z: SSID: MU Open
 0h00:04.646 2022/04/14T10:30:36z: AP_STAR tmr
 ets Jan  8 2013,rst cause:4, boot mode:(3,7)

wdt reset
load 0x4010f000, len 1384, room 16 
tail 8
chksum 0x2d
csum 0x2d
v8b899c12
~ld


6.01
 0h00:04.490 2022/04/14T10:50:38z: DS3231
 0h00:04.505 2022/04/14T10:50:38z: BME280 (0x76)
 0h00:04.519 2022/04/14T10:50:38z: 84:f3:eb:7d:7:a8
 0h00:04.521 2022/04/14T10:50:38z: SSID: MU Open
 0h00:04.526 2022/04/14T10:50:38z: AP_STAR tmr
 ets Jan  8 2013,rst cause:4, boot mode:(3,7)

wdt reset
load 0x4010f000, len 1384, room 16 
tail 8
chksum 0x2d
csum 0x2d
v8b899c12
~ld


6.01
 0h00:04.652 2022/04/14T11:10:40z: DS3231
 0h00:04.667 2022/04/14T11:10:40z: BME280 (0x76)
 0h00:04.681 2022/04/14T11:10:40z: 84:f3:eb:7d:7:a8
 0h00:04.683 2022/04/14T11:10:40z: SSID: MU Open
 0h00:04.688 2022/04/14T11:10:40z: AP_STAR tmr
 ets Jan  8 2013,rst cause:4, boot mode:(3,7)

wdt reset
load 0x4010f000, len 1384, room 16 
tail 8
chksum 0x2d
csum 0x2d
v8b899c12
~ld


6.01
 0h00:04.558 2022/04/14T11:30:41z: DS3231
 0h00:04.574 2022/04/14T11:30:41z: BME280 (0x76)
 0h00:04.588 2022/04/14T11:30:41z: 84:f3:eb:7d:7:a8
 0h00:04.590 2022/04/14T11:30:41z: SSID: MU Open
 0h00:04.595 2022/04/14T11:30:41z: AP_STAR tmr
 ets Jan  8 2013,rst cause:4, boot mode:(3,7)

wdt reset
load 0x4010f000, len 1384, room 16 
tail 8
chksum 0x2d
csum 0x2d
v8b899c12
~ld


6.01
 0h00:04.761 2022/04/14T11:50:43z: DS3231
 0h00:04.776 2022/04/14T11:50:43z: BME280 (0x76)
 0h00:04.790 2022/04/14T11:50:43z: 84:f3:eb:7d:7:a8
 0h00:04.792 2022/04/14T11:50:43z: SSID: MU Open
 0h00:04.797 2022/04/14T11:50:43z: AP_STAR tmr
 ets Jan  8 2013,rst cause:4, boot mode:(3,7)

wdt reset
load 0x4010f000, len 1384, room 16 
tail 8
chksum 0x2d
csum 0x2d
v8b899c12
~ld


6.01
 0h00:04.839 2022/04/14T12:10:46z: DS3231
 0h00:04.854 2022/04/14T12:10:46z: BME280 (0x76)
 0h00:04.868 2022/04/14T12:10:46z: 84:f3:eb:7d:7:a8
 0h00:04.870 2022/04/14T12:10:46z: SSID: MU Open
 0h00:04.875 2022/04/14T12:10:46z: AP_STAR tmr
 ets Jan  8 2013,rst cause:4, boot mode:(3,7)

wdt reset
load 0x4010f000, len 1384, room 16 
tail 8
chksum 0x2d
csum 0x2d
v8b899c12
~ld


6.01
 0h00:04.872 2022/04/14T12:30:47z: DS3231
 0h00:04.888 2022/04/14T12:30:47z: BME280 (0x76)
 0h00:04.902 2022/04/14T12:30:47z: 84:f3:eb:7d:7:a8
 0h00:04.903 2022/04/14T12:30:47z: SSID: MU Open
 0h00:04.909 2022/04/14T12:30:47z: AP_STAR tmr
 ets Jan  8 2013,rst cause:4, boot mode:(3,7)

wdt reset
load 0x4010f000, len 1384, room 16 
tail 8
chksum 0x2d
csum 0x2d
v8b899c12
~ld


6.01
 0h00:04.848 2022/04/14T12:50:50z: DS3231
 0h00:04.863 2022/04/14T12:50:50z: BME280 (0x76)
 0h00:04.878 2022/04/14T12:50:50z: 84:f3:eb:7d:7:a8
 0h00:04.879 2022/04/14T12:50:50z: SSID: MU Open
 0h00:04.885 2022/04/14T12:50:50z: AP_STAR tmr
 ets Jan  8 2013,rst cause:4, boot mode:(3,7)

wdt reset
load 0x4010f000, len 1384, room 16 
tail 8
chksum 0x2d
csum 0x2d
v8b899c12
~ld


6.01
 0h00:04.650 2022/04/14T13:10:52z: DS3231
 0h00:04.665 2022/04/14T13:10:52z: BME280 (0x76)
 0h00:04.680 2022/04/14T13:10:52z: 84:f3:eb:7d:7:a8
 0h00:04.681 2022/04/14T13:10:52z: SSID: MU Open
 0h00:04.686 2022/04/14T13:10:52z: AP_STAR tmr
 ets Jan  8 2013,rst cause:4, boot mode:(3,7)

wdt reset
load 0x4010f000, len 1384, room 16 
tail 8
chksum 0x2d
csum 0x2d
v8b899c12
~ld


6.01
 0h00:04.920 2022/04/14T13:30:54z: DS3231
 0h00:04.936 2022/04/14T13:30:54z: BME280 (0x76)
 0h00:04.950 2022/04/14T13:30:54z: 84:f3:eb:7d:7:a8
 0h00:04.952 2022/04/14T13:30:54z: SSID: MU Open
 0h00:04.957 2022/04/14T13:30:54z: AP_STAR tmr
 ets Jan  8 2013,rst cause:4, boot mode:(3,7)

wdt reset
load 0x4010f000, len 1384, room 16 
tail 8
chksum 0x2d
csum 0x2d
v8b899c12
~ld


6.01
 0h00:04.591 2022/04/14T13:50:57z: DS3231
 0h00:04.606 2022/04/14T13:50:57z: BME280 (0x76)
 0h00:04.620 2022/04/14T13:50:57z: 84:f3:eb:7d:7:a8
 0h00:04.622 2022/04/14T13:50:57z: SSID: MU Open
 0h00:04.627 2022/04/14T13:50:57z: AP_STAR tmr
 ets Jan  8 2013,rst cause:4, boot mode:(3,7)

wdt reset
load 0x4010f000, len 1384, room 16 
tail 8
chksum 0x2d
csum 0x2d
v8b899c12
~ld


6.01
 0h00:04.574 2022/04/14T14:11:00z: DS3231
 0h00:04.590 2022/04/14T14:11:00z: BME280 (0x76)
 0h00:04.604 2022/04/14T14:11:00z: 84:f3:eb:7d:7:a8
 0h00:04.606 2022/04/14T14:11:00z: SSID: MU Open
 0h00:04.611 2022/04/14T14:11:00z: AP_STAR tmr
 ets Jan  8 2013,rst cause:4, boot mode:(3,7)

wdt reset
load 0x4010f000, len 1384, room 16 
tail 8
chksum 0x2d
csum 0x2d
v8b899c12
~ld


6.01
 0h00:04.822 2022/04/14T14:31:02z: DS3231
 0h00:04.838 2022/04/14T14:31:02z: BME280 (0x76)
 0h00:04.852 2022/04/14T14:31:02z: 84:f3:eb:7d:7:a8
 0h00:04.854 2022/04/14T14:31:02z: SSID: MU Open
 0h00:04.859 2022/04/14T14:31:02z: AP_STAR tmr
 ets Jan  8 2013,rst cause:4, boot mode:(3,7)

wdt reset
load 0x4010f000, len 1384, room 16 
tail 8
chksum 0x2d
csum 0x2d
v8b899c12
~ld


6.01
 0h00:04.733 2022/04/14T14:51:04z: DS3231
 0h00:04.749 2022/04/14T14:51:04z: BME280 (0x76)
 0h00:04.763 2022/04/14T14:51:04z: 84:f3:eb:7d:7:a8
 0h00:04.765 2022/04/14T14:51:04z: SSID: MU Open
 0h00:04.770 2022/04/14T14:51:04z: AP_STAR tmr
 ets Jan  8 2013,rst cause:4, boot mode:(3,7)

wdt reset
load 0x4010f000, len 1384, room 16 
tail 8
chksum 0x2d
csum 0x2d
v8b899c12
~ld


6.01
 0h00:04.732 2022/04/14T15:11:05z: DS3231
 0h00:04.747 2022/04/14T15:11:05z: BME280 (0x76)
 0h00:04.762 2022/04/14T15:11:05z: 84:f3:eb:7d:7:a8
 0h00:04.763 2022/04/14T15:11:05z: SSID: MU Open
 0h00:04.768 2022/04/14T15:11:05z: AP_STAR tmr
 ets Jan  8 2013,rst cause:4, boot mode:(3,7)

wdt reset
load 0x4010f000, len 1384, room 16 
tail 8
chksum 0x2d
csum 0x2d
v8b899c12
~ld


6.01
 0h00:04.494 2022/04/14T15:31:07z: DS3231
 0h00:04.509 2022/04/14T15:31:07z: BME280 (0x76)
 0h00:04.523 2022/04/14T15:31:07z: 84:f3:eb:7d:7:a8
 0h00:04.525 2022/04/14T15:31:07z: SSID: MU Open
 0h00:04.530 2022/04/14T15:31:07z: AP_STAR tmr
 ets Jan  8 2013,rst cause:4, boot mode:(3,7)

wdt reset
load 0x4010f000, len 1384, room 16 
tail 8
chksum 0x2d
csum 0x2d
v8b899c12
~ld


6.01
 0h00:04.799 2022/04/14T15:51:09z: DS3231
 0h00:04.814 2022/04/14T15:51:09z: BME280 (0x76)
 0h00:04.828 2022/04/14T15:51:09z: 84:f3:eb:7d:7:a8
 0h00:04.830 2022/04/14T15:51:09z: SSID: MU Open
 0h00:04.835 2022/04/14T15:51:09z: AP_STAR tmr
 ets Jan  8 2013,rst cause:4, boot mode:(3,7)

wdt reset
load 0x4010f000, len 1384, room 16 
tail 8
chksum 0x2d
csum 0x2d
v8b899c12
~ld


6.01
 0h00:04.794 2022/04/14T16:11:11z: DS3231
 0h00:04.809 2022/04/14T16:11:11z: BME280 (0x76)
 0h00:04.823 2022/04/14T16:11:11z: 84:f3:eb:7d:7:a8
 0h00:04.825 2022/04/14T16:11:11z: SSID: MU Open
 0h00:04.830 2022/04/14T16:11:11z: AP_STAR tmr
 ets Jan  8 2013,rst cause:4, boot mode:(3,7)

wdt reset
load 0x4010f000, len 1384, room 16 
tail 8
chksum 0x2d
csum 0x2d
v8b899c12
~ld


6.01
 0h00:04.393 2022/04/14T16:31:13z: DS3231
 0h00:04.409 2022/04/14T16:31:13z: BME280 (0x76)
 0h00:04.423 2022/04/14T16:31:13z: 84:f3:eb:7d:7:a8
 0h00:04.425 2022/04/14T16:31:13z: SSID: MU Open
 0h00:04.430 2022/04/14T16:31:13z: AP_STAR tmr
 ets Jan  8 2013,rst cause:4, boot mode:(3,7)

wdt reset
load 0x4010f000, len 1384, room 16 
tail 8
chksum 0x2d
csum 0x2d
v8b899c12
~ld


6.01
 0h00:04.282 2022/04/14T16:51:14z: DS3231
 0h00:04.298 2022/04/14T16:51:14z: BME280 (0x76)
 0h00:04.312 2022/04/14T16:51:14z: 84:f3:eb:7d:7:a8
 0h00:04.314 2022/04/14T16:51:14z: SSID: MU Open
 0h00:04.319 2022/04/14T16:51:14z: AP_STAR tmr
 ets Jan  8 2013,rst cause:4, boot mode:(3,7)

wdt reset
load 0x4010f000, len 1384, room 16 
tail 8
chksum 0x2d
csum 0x2d
v8b899c12
~ld


6.01
 0h00:04.772 2022/04/14T17:11:16z: DS3231
 0h00:04.787 2022/04/14T17:11:16z: BME280 (0x76)
 0h00:04.801 2022/04/14T17:11:16z: 84:f3:eb:7d:7:a8
 0h00:04.803 2022/04/14T17:11:16z: SSID: MU Open
 0h00:04.808 2022/04/14T17:11:16z: AP_STAR tmr
 ets Jan  8 2013,rst cause:4, boot mode:(3,7)

wdt reset
load 0x4010f000, len 1384, room 16 
tail 8
chksum 0x2d
csum 0x2d
v8b899c12
~ld


6.01
 0h00:04.710 2022/04/14T17:31:18z: DS3231
 0h00:04.725 2022/04/14T17:31:18z: BME280 (0x76)
 0h00:04.739 2022/04/14T17:31:18z: 84:f3:eb:7d:7:a8
 0h00:04.741 2022/04/14T17:31:18z: SSID: MU Open
 0h00:04.746 2022/04/14T17:31:18z: AP_STAR tmr
 ets Jan  8 2013,rst cause:4, boot mode:(3,7)

wdt reset
load 0x4010f000, len 1384, room 16 
tail 8
chksum 0x2d
csum 0x2d
v8b899c12
~ld


6.01
 0h00:04.668 2022/04/14T17:51:19z: DS3231
 0h00:04.683 2022/04/14T17:51:19z: BME280 (0x76)
 0h00:04.698 2022/04/14T17:51:19z: 84:f3:eb:7d:7:a8
 0h00:04.699 2022/04/14T17:51:19z: SSID: MU Open
 0h00:04.704 2022/04/14T17:51:19z: AP_STAR tmr
 ets Jan  8 2013,rst cause:4, boot mode:(3,7)

wdt reset
load 0x4010f000, len 1384, room 16 
tail 8
chksum 0x2d
csum 0x2d
v8b899c12
~ld


6.01
 0h00:04.513 2022/04/14T18:11:22z: DS3231
 0h00:04.528 2022/04/14T18:11:22z: BME280 (0x76)
 0h00:04.543 2022/04/14T18:11:22z: 84:f3:eb:7d:7:a8
 0h00:04.544 2022/04/14T18:11:22z: SSID: MU Open
 0h00:04.549 2022/04/14T18:11:22z: AP_STAR tmr
 ets Jan  8 2013,rst cause:4, boot mode:(3,7)

wdt reset
load 0x4010f000, len 1384, room 16 
tail 8
chksum 0x2d
csum 0x2d
v8b899c12
~ld


6.01
 0h00:04.711 2022/04/14T18:31:23z: DS3231
 0h00:04.726 2022/04/14T18:31:23z: BME280 (0x76)
 0h00:04.740 2022/04/14T18:31:23z: 84:f3:eb:7d:7:a8
 0h00:04.742 2022/04/14T18:31:23z: SSID: MU Open
 0h00:04.747 2022/04/14T18:31:23z: AP_STAR tmr
 ets Jan  8 2013,rst cause:4, boot mode:(3,7)

wdt reset
load 0x4010f000, len 1384, room 16 
tail 8
chksum 0x2d
csum 0x2d
v8b899c12
~ld


6.01
 0h00:04.513 2022/04/14T18:51:25z: DS3231
 0h00:04.528 2022/04/14T18:51:25z: BME280 (0x76)
 0h00:04.542 2022/04/14T18:51:25z: 84:f3:eb:7d:7:a8
 0h00:04.544 2022/04/14T18:51:25z: SSID: MU Open
 0h00:04.549 2022/04/14T18:51:25z: AP_STAR tmr
 ets Jan  8 2013,rst cause:4, boot mode:(3,7)

wdt reset
load 0x4010f000, len 1384, room 16 
tail 8
chksum 0x2d
csum 0x2d
v8b899c12
~ld


6.01
 0h00:04.654 2022/04/14T19:11:27z: DS3231
 0h00:04.669 2022/04/14T19:11:27z: BME280 (0x76)
 0h00:04.683 2022/04/14T19:11:27z: 84:f3:eb:7d:7:a8
 0h00:04.685 2022/04/14T19:11:27z: SSID: MU Open
 0h00:04.690 2022/04/14T19:11:27z: AP_STAR tmr
 ets Jan  8 2013,rst cause:4, boot mode:(3,7)

wdt reset
load 0x4010f000, len 1384, room 16 
tail 8
chksum 0x2d
csum 0x2d
v8b899c12
~ld


6.01
 0h00:04.661 2022/04/14T19:31:29z: DS3231
 0h00:04.677 2022/04/14T19:31:29z: BME280 (0x76)
 0h00:04.691 2022/04/14T19:31:29z: 84:f3:eb:7d:7:a8
 0h00:04.693 2022/04/14T19:31:29z: SSID: MU Open
 0h00:04.698 2022/04/14T19:31:29z: AP_STAR tmr
 ets Jan  8 2013,rst cause:4, boot mode:(3,7)

wdt reset
load 0x4010f000, len 1384, room 16 
tail 8
chksum 0x2d
csum 0x2d
v8b899c12
~ld


6.01
 0h00:04.706 2022/04/14T19:51:31z: DS3231
 0h00:04.721 2022/04/14T19:51:31z: BME280 (0x76)
 0h00:04.735 2022/04/14T19:51:31z: 84:f3:eb:7d:7:a8
 0h00:04.737 2022/04/14T19:51:31z: SSID: MU Open
 0h00:04.742 2022/04/14T19:51:31z: AP_STAR tmr
 ets Jan  8 2013,rst cause:4, boot mode:(3,7)

wdt reset
load 0x4010f000, len 1384, room 16 
tail 8
chksum 0x2d
csum 0x2d
v8b899c12
~ld


6.01
 0h00:04.763 2022/04/14T20:11:33z: DS3231
 0h00:04.778 2022/04/14T20:11:33z: BME280 (0x76)
 0h00:04.792 2022/04/14T20:11:33z: 84:f3:eb:7d:7:a8
 0h00:04.794 2022/04/14T20:11:33z: SSID: MU Open
 0h00:04.799 2022/04/14T20:11:33z: AP_STAR tmr
 ets Jan  8 2013,rst cause:4, boot mode:(3,7)

wdt reset
load 0x4010f000, len 1384, room 16 
tail 8
chksum 0x2d
csum 0x2d
v8b899c12
~ld


6.01
 0h00:04.628 2022/04/14T20:31:34z: DS3231
 0h00:04.643 2022/04/14T20:31:34z: BME280 (0x76)
 0h00:04.657 2022/04/14T20:31:34z: 84:f3:eb:7d:7:a8
 0h00:04.659 2022/04/14T20:31:34z: SSID: MU Open
 0h00:04.664 2022/04/14T20:31:34z: AP_STAR tmr
 ets Jan  8 2013,rst cause:4, boot mode:(3,7)

wdt reset
load 0x4010f000, len 1384, room 16 
tail 8
chksum 0x2d
csum 0x2d
v8b899c12
~ld


6.01
 0h00:04.396 2022/04/14T20:51:35z: DS3231
 0h00:04.411 2022/04/14T20:51:35z: BME280 (0x76)
 0h00:04.425 2022/04/14T20:51:35z: 84:f3:eb:7d:7:a8
 0h00:04.427 2022/04/14T20:51:35z: SSID: MU Open
 0h00:04.432 2022/04/14T20:51:35z: AP_STAR tmr
 ets Jan  8 2013,rst cause:4, boot mode:(3,7)

wdt reset
load 0x4010f000, len 1384, room 16 
tail 8
chksum 0x2d
csum 0x2d
v8b899c12
~ld


6.01
 0h00:04.519 2022/04/14T21:11:37z: DS3231
 0h00:04.534 2022/04/14T21:11:37z: BME280 (0x76)
 0h00:04.549 2022/04/14T21:11:37z: 84:f3:eb:7d:7:a8
 0h00:04.550 2022/04/14T21:11:37z: SSID: MU Open
 0h00:04.555 2022/04/14T21:11:37z: AP_STAR tmr
 ets Jan  8 2013,rst cause:4, boot mode:(3,7)

wdt reset
load 0x4010f000, len 1384, room 16 
tail 8
chksum 0x2d
csum 0x2d
v8b899c12
~ld


6.01
 0h00:04.394 2022/04/14T21:31:39z: DS3231
 0h00:04.409 2022/04/14T21:31:39z: BME280 (0x76)
 0h00:04.423 2022/04/14T21:31:39z: 84:f3:eb:7d:7:a8
 0h00:04.425 2022/04/14T21:31:39z: SSID: MU Open
 0h00:04.430 2022/04/14T21:31:39z: AP_STAR tmr
 ets Jan  8 2013,rst cause:4, boot mode:(3,7)

wdt reset
load 0x4010f000, len 1384, room 16 
tail 8
chksum 0x2d
csum 0x2d
v8b899c12
~ld


6.01
 0h00:04.355 2022/04/14T21:51:40z: DS3231
 0h00:04.370 2022/04/14T21:51:40z: BME280 (0x76)
 0h00:04.385 2022/04/14T21:51:40z: 84:f3:eb:7d:7:a8
 0h00:04.386 2022/04/14T21:51:40z: SSID: MU Open
 0h00:04.391 2022/04/14T21:51:40z: AP_STAR tmr
 ets Jan  8 2013,rst cause:4, boot mode:(3,7)

wdt reset
load 0x4010f000, len 1384, room 16 
tail 8
chksum 0x2d
csum 0x2d
v8b899c12
~ld


6.01
 0h00:04.428 2022/04/14T22:11:42z: DS3231
 0h00:04.443 2022/04/14T22:11:42z: BME280 (0x76)
 0h00:04.458 2022/04/14T22:11:42z: 84:f3:eb:7d:7:a8
 0h00:04.459 2022/04/14T22:11:42z: SSID: MU Open
 0h00:04.464 2022/04/14T22:11:42z: AP_STAR tmr
 ets Jan  8 2013,rst cause:4, boot mode:(3,7)

wdt reset
load 0x4010f000, len 1384, room 16 
tail 8
chksum 0x2d
csum 0x2d
v8b899c12
~ld


6.01
 0h00:04.381 2022/04/14T22:31:43z: DS3231
 0h00:04.397 2022/04/14T22:31:43z: BME280 (0x76)
 0h00:04.411 2022/04/14T22:31:43z: 84:f3:eb:7d:7:a8
 0h00:04.413 2022/04/14T22:31:43z: SSID: MU Open
 0h00:04.418 2022/04/14T22:31:43z: AP_STAR tmr
 ets Jan  8 2013,rst cause:4, boot mode:(3,7)

wdt reset
load 0x4010f000, len 1384, room 16 
tail 8
chksum 0x2d
csum 0x2d
v8b899c12
~ld


6.01
 0h00:04.251 2022/04/14T22:51:44z: DS3231
 0h00:04.267 2022/04/14T22:51:44z: BME280 (0x76)
 0h00:04.281 2022/04/14T22:51:45z: 84:f3:eb:7d:7:a8
 0h00:04.282 2022/04/14T22:51:45z: SSID: MU Open
 0h00:04.288 2022/04/14T22:51:45z: AP_STAR tmr
 ets Jan  8 2013,rst cause:4, boot mode:(3,7)

wdt reset
load 0x4010f000, len 1384, room 16 
tail 8
chksum 0x2d
csum 0x2d
v8b899c12
~ld


6.01
 0h00:04.529 2022/04/14T23:11:46z: DS3231
 0h00:04.544 2022/04/14T23:11:46z: BME280 (0x76)
 0h00:04.559 2022/04/14T23:11:46z: 84:f3:eb:7d:7:a8
 0h00:04.560 2022/04/14T23:11:46z: SSID: MU Open
 0h00:04.565 2022/04/14T23:11:46z: AP_STAR tmr
 ets Jan  8 2013,rst cause:4, boot mode:(3,7)

wdt reset
load 0x4010f000, len 1384, room 16 
tail 8
chksum 0x2d
csum 0x2d
v8b899c12
~ld


6.01
 0h00:04.285 2022/04/14T23:31:48z: DS3231
 0h00:04.300 2022/04/14T23:31:48z: BME280 (0x76)
 0h00:04.314 2022/04/14T23:31:48z: 84:f3:eb:7d:7:a8
 0h00:04.316 2022/04/14T23:31:48z: SSID: MU Open
 0h00:04.321 2022/04/14T23:31:48z: AP_STAR tmr
 ets Jan  8 2013,rst cause:4, boot mode:(3,7)

wdt reset
load 0x4010f000, len 1384, room 16 
tail 8
chksum 0x2d
csum 0x2d
v8b899c12
~ld


6.01
 0h00:04.655 2022/04/14T23:51:50z: DS3231
 0h00:04.670 2022/04/14T23:51:50z: BME280 (0x76)
 0h00:04.684 2022/04/14T23:51:50z: 84:f3:eb:7d:7:a8
 0h00:04.686 2022/04/14T23:51:50z: SSID: MU Open
 0h00:04.691 2022/04/14T23:51:50z: AP_STA