R tmr
 ets Jan  8 2013,rst cause:4, boot mode:(3,7)

wdt reset
load 0x4010f000, len 1384, room 16 
tail 8
chksum 0x2d
csum 0x2d
v8b899c12
~ld


6.01
 0h00:05.218 2022/09/09T00:02:18z: DS3231
 0h00:05.234 2022/09/09T00:02:18z: BME280 (0x76)
 0h00:05.248 2022/09/09T00:02:18z: 84:f3:eb:7d:7:a8
 0h00:05.250 2022/09/09T00:02:18z: SSID: MU Open
 0h00:05.255 2022/09/09T00:02:18z: AP_STAR tmr
 ets Jan  8 2013,rst cause:4, boot mode:(3,7)

wdt reset
load 0x4010f000, len 1384, room 16 
tail 8
chksum 0x2d
csum 0x2d
v8b899c12
~ld


6.01
 0h00:05.039 2022/09/09T00:22:22z: DS3231
 0h00:05.054 2022/09/09T00:22:22z: BME280 (0x76)
 0h00:05.068 2022/09/09T00:22:22z: 84:f3:eb:7d:7:a8
 0h00:05.070 2022/09/09T00:22:22z: SSID: MU Open
 0h00:05.075 2022/09/09T00:22:22z: AP_STAR tmr
 ets Jan  8 2013,rst cause:4, boot mode:(3,7)

wdt reset
load 0x4010f000, len 1384, room 16 
tail 8
chksum 0x2d
csum 0x2d
v8b899c12
~ld


6.01
 0h00:04.796 2022/09/09T00:42:27z: DS3231
 0h00:04.811 2022/09/09T00:42:27z: BME280 (0x76)
 0h00:04.825 2022/09/09T00:42:27z: 84:f3:eb:7d:7:a8
 0h00:04.827 2022/09/09T00:42:27z: SSID: MU Open
 0h00:04.832 2022/09/09T00:42:27z: AP_STAR tmr
 ets Jan  8 2013,rst cause:4, boot mode:(3,7)

wdt reset
load 0x4010f000, len 1384, room 16 
tail 8
chksum 0x2d
csum 0x2d
v8b899c12
~ld


6.01
 0h00:05.060 2022/09/09T01:02:32z: DS3231
 0h00:05.075 2022/09/09T01:02:32z: BME280 (0x76)
 0h00:05.089 2022/09/09T01:02:32z: 84:f3:eb:7d:7:a8
 0h00:05.091 2022/09/09T01:02:32z: SSID: MU Open
 0h00:05.096 2022/09/09T01:02:32z: AP_STAR tmr
 ets Jan  8 2013,rst cause:4, boot mode:(3,7)

wdt reset
load 0x4010f000, len 1384, room 16 
tail 8
chksum 0x2d
csum 0x2d
v8b899c12
~ld


6.01
 0h00:05.258 2022/09/09T01:22:36z: DS3231
 0h00:05.273 2022/09/09T01:22:36z: BME280 (0x76)
 0h00:05.287 2022/09/09T01:22:36z: 84:f3:eb:7d:7:a8
 0h00:05.289 2022/09/09T01:22:36z: SSID: MU Open
 0h00:05.294 2022/09/09T01:22:36z: AP_STAR tmr
 ets Jan  8 2013,rst cause:4, boot mode:(3,7)

wdt reset
load 0x4010f000, len 1384, room 16 
tail 8
chksum 0x2d
csum 0x2d
v8b899c12
~ld


6.01
 0h00:05.064 2022/09/09T01:42:41z: DS3231
 0h00:05.079 2022/09/09T01:42:41z: BME280 (0x76)
 0h00:05.093 2022/09/09T01:42:41z: 84:f3:eb:7d:7:a8
 0h00:05.095 2022/09/09T01:42:41z: SSID: MU Open
 0h00:05.100 2022/09/09T01:42:41z: AP_STAR tmr
 ets Jan  8 2013,rst cause:4, boot mode:(3,7)

wdt reset
load 0x4010f000, len 1384, room 16 
tail 8
chksum 0x2d
csum 0x2d
v8b899c12
~ld


6.01
 0h00:05.290 2022/09/09T02:02:45z: DS3231
 0h00:05.306 2022/09/09T02:02:45z: BME280 (0x76)
 0h00:05.320 2022/09/09T02:02:45z: 84:f3:eb:7d:7:a8
 0h00:05.322 2022/09/09T02:02:45z: SSID: MU Open
 0h00:05.327 2022/09/09T02:02:45z: AP_STAR tmr
 ets Jan  8 2013,rst cause:4, boot mode:(3,7)

wdt reset
load 0x4010f000, len 1384, room 16 
tail 8
chksum 0x2d
csum 0x2d
v8b899c12
~ld


6.01
 0h00:05.007 2022/09/09T02:22:49z: DS3231
 0h00:05.022 2022/09/09T02:22:49z: BME280 (0x76)
 0h00:05.036 2022/09/09T02:22:50z: 84:f3:eb:7d:7:a8
 0h00:05.038 2022/09/09T02:22:50z: SSID: MU Open
 0h00:05.043 2022/09/09T02:22:50z: AP_STAR tmr
 ets Jan  8 2013,rst cause:4, boot mode:(3,7)

wdt reset
load 0x4010f000, len 1384, room 16 
tail 8
chksum 0x2d
csum 0x2d
v8b899c12
~ld


6.01
 0h00:05.272 2022/09/09T02:42:54z: DS3231
 0h00:05.287 2022/09/09T02:42:54z: BME280 (0x76)
 0h00:05.301 2022/09/09T02:42:54z: 84:f3:eb:7d:7:a8
 0h00:05.303 2022/09/09T02:42:54z: SSID: MU Open
 0h00:05.308 2022/09/09T02:42:54z: AP_STAR tmr
 ets Jan  8 2013,rst cause:4, boot mode:(3,7)

wdt reset
load 0x4010f000, len 1384, room 16 
tail 8
chksum 0x2d
csum 0x2d
v8b899c12
~ld


6.01
 0h00:04.994 2022/09/09T03:02:58z: DS3231
 0h00:05.009 2022/09/09T03:02:58z: BME280 (0x76)
 0h00:05.023 2022/09/09T03:02:58z: 84:f3:eb:7d:7:a8
 0h00:05.025 2022/09/09T03:02:58z: SSID: MU Open
 0h00:05.030 2022/09/09T03:02:58z: AP_STAR tmr
 ets Jan  8 2013,rst cause:4, boot mode:(3,7)

wdt reset
load 0x4010f000, len 1384, room 16 
tail 8
chksum 0x2d
csum 0x2d
v8b899c12
~ld


6.01
 0h00:05.213 2022/09/09T03:23:03z: DS3231
 0h00:05.228 2022/09/09T03:23:03z: BME280 (0x76)
 0h00:05.243 2022/09/09T03:23:03z: 84:f3:eb:7d:7:a8
 0h00:05.244 2022/09/09T03:23:03z: SSID: MU Open
 0h00:05.249 2022/09/09T03:23:03z: AP_STAR tmr
 ets Jan  8 2013,rst cause:4, boot mode:(3,7)

wdt reset
load 0x4010f000, len 1384, room 16 
tail 8
chksum 0x2d
csum 0x2d
v8b899c12
~ld


6.01
 0h00:05.218 2022/09/09T03:43:08z: DS3231
 0h00:05.234 2022/09/09T03:43:08z: BME280 (0x76)
 0h00:05.248 2022/09/09T03:43:08z: 84:f3:eb:7d:7:a8
 0h00:05.250 2022/09/09T03:43:08z: SSID: MU Open
 0h00:05.255 2022/09/09T03:43:08z: AP_STAR tmr
 ets Jan  8 2013,rst cause:4, boot mode:(3,7)

wdt reset
load 0x4010f000, len 1384, room 16 
tail 8
chksum 0x2d
csum 0x2d
v8b899c12
~ld


6.01
 0h00:04.816 2022/09/09T04:03:12z: DS3231
 0h00:04.831 2022/09/09T04:03:12z: BME280 (0x76)
 0h00:04.845 2022/09/09T04:03:12z: 84:f3:eb:7d:7:a8
 0h00:04.847 2022/09/09T04:03:12z: SSID: MU Open
 0h00:04.852 2022/09/09T04:03:12z: AP_STAR tmr
 ets Jan  8 2013,rst cause:4, boot mode:(3,7)

wdt reset
load 0x4010f000, len 1384, room 16 
tail 8
chksum 0x2d
csum 0x2d
v8b899c12
~ld


6.01
 0h00:05.167 2022/09/09T04:23:17z: DS3231
 0h00:05.182 2022/09/09T04:23:17z: BME280 (0x76)
 0h00:05.197 2022/09/09T04:23:17z: 84:f3:eb:7d:7:a8
 0h00:05.198 2022/09/09T04:23:17z: SSID: MU Open
 0h00:05.203 2022/09/09T04:23:17z: AP_STAR tmr
 ets Jan  8 2013,rst cause:4, boot mode:(3,7)

wdt reset
load 0x4010f000, len 1384, room 16 
tail 8
chksum 0x2d
csum 0x2d
v8b899c12
~ld


6.01
 0h00:04.911 2022/09/09T04:43:21z: DS3231
 0h00:04.926 2022/09/09T04:43:21z: BME280 (0x76)
 0h00:04.940 2022/09/09T04:43:21z: 84:f3:eb:7d:7:a8
 0h00:04.942 2022/09/09T04:43:21z: SSID: MU Open
 0h00:04.947 2022/09/09T04:43:21z: AP_STAR tmr
 ets Jan  8 2013,rst cause:4, boot mode:(3,7)

wdt reset
load 0x4010f000, len 1384, room 16 
tail 8
chksum 0x2d
csum 0x2d
v8b899c12
~ld


6.01
 0h00:05.191 2022/09/09T05:03:26z: DS3231
 0h00:05.206 2022/09/09T05:03:26z: BME280 (0x76)
 0h00:05.220 2022/09/09T05:03:26z: 84:f3:eb:7d:7:a8
 0h00:05.222 2022/09/09T05:03:26z: SSID: MU Open
 0h00:05.227 2022/09/09T05:03:26z: AP_STAR tmr
 ets Jan  8 2013,rst cause:4, boot mode:(3,7)

wdt reset
load 0x4010f000, len 1384, room 16 
tail 8
chksum 0x2d
csum 0x2d
v8b899c12
~ld


6.01
 0h00:05.267 2022/09/09T05:23:31z: DS3231
 0h00:05.283 2022/09/09T05:23:31z: BME280 (0x76)
 0h00:05.297 2022/09/09T05:23:31z: 84:f3:eb:7d:7:a8
 0h00:05.299 2022/09/09T05:23:31z: SSID: MU Open
 0h00:05.304 2022/09/09T05:23:31z: AP_STAR tmr
 ets Jan  8 2013,rst cause:4, boot mode:(3,7)

wdt reset
load 0x4010f000, len 1384, room 16 
tail 8
chksum 0x2d
csum 0x2d
v8b899c12
~ld


6.01
 0h00:05.261 2022/09/09T05:43:36z: DS3231
 0h00:05.276 2022/09/09T05:43:36z: BME280 (0x76)
 0h00:05.290 2022/09/09T05:43:36z: 84:f3:eb:7d:7:a8
 0h00:05.292 2022/09/09T05:43:36z: SSID: MU Open
 0h00:05.297 2022/09/09T05:43:36z: AP_STAR tmr
 ets Jan  8 2013,rst cause:4, boot mode:(3,7)

wdt reset
load 0x4010f000, len 1384, room 16 
tail 8
chksum 0x2d
csum 0x2d
v8b899c12
~ld


6.01
 0h00:05.222 2022/09/09T06:03:40z: DS3231
 0h00:05.237 2022/09/09T06:03:40z: BME280 (0x76)
 0h00:05.251 2022/09/09T06:03:40z: 84:f3:eb:7d:7:a8
 0h00:05.253 2022/09/09T06:03:40z: SSID: MU Open
 0h00:05.258 2022/09/09T06:03:40z: AP_STAR tmr
 ets Jan  8 2013,rst cause:4, boot mode:(3,7)

wdt reset
load 0x4010f000, len 1384, room 16 
tail 8
chksum 0x2d
csum 0x2d
v8b899c12
~ld


6.01
 0h00:05.019 2022/09/09T06:23:45z: DS3231
 0h00:05.035 2022/09/09T06:23:45z: BME280 (0x76)
 0h00:05.049 2022/09/09T06:23:45z: 84:f3:eb:7d:7:a8
 0h00:05.050 2022/09/09T06:23:45z: SSID: MU Open
 0h00:05.056 2022/09/09T06:23:45z: AP_STAR tmr
 ets Jan  8 2013,rst cause:4, boot mode:(3,7)

wdt reset
load 0x4010f000, len 1384, room 16 
tail 8
chksum 0x2d
csum 0x2d
v8b899c12
~ld


6.01
 0h00:05.109 2022/09/09T06:43:49z: DS3231
 0h00:05.124 2022/09/09T06:43:49z: BME280 (0x76)
 0h00:05.138 2022/09/09T06:43:49z: 84:f3:eb:7d:7:a8
 0h00:05.140 2022/09/09T06:43:49z: SSID: MU Open
 0h00:05.145 2022/09/09T06:43:49z: AP_STAR tmr
 ets Jan  8 2013,rst cause:4, boot mode:(3,7)

wdt reset
load 0x4010f000, len 1384, room 16 
tail 8
chksum 0x2d
csum 0x2d
v8b899c12
~ld


6.01
 0h00:05.148 2022/09/09T07:03:54z: DS3231
 0h00:05.163 2022/09/09T07:03:54z: BME280 (0x76)
 0h00:05.178 2022/09/09T07:03:54z: 84:f3:eb:7d:7:a8
 0h00:05.179 2022/09/09T07:03:54z: SSID: MU Open
 0h00:05.184 2022/09/09T07:03:54z: AP_STAR tmr
 ets Jan  8 2013,rst cause:4, boot mode:(3,7)

wdt reset
load 0x4010f000, len 1384, room 16 
tail 8
chksum 0x2d
csum 0x2d
v8b899c12
~ld


6.01
 0h00:05.202 2022/09/09T07:23:58z: DS3231
 0h00:05.217 2022/09/09T07:23:58z: BME280 (0x76)
 0h00:05.231 2022/09/09T07:23:58z: 84:f3:eb:7d:7:a8
 0h00:05.233 2022/09/09T07:23:58z: SSID: MU Open
 0h00:05.238 2022/09/09T07:23:58z: AP_STAR tmr
 ets Jan  8 2013,rst cause:4, boot mode:(3,7)

wdt reset
load 0x4010f000, len 1384, room 16 
tail 8
chksum 0x2d
csum 0x2d
v8b899c12
~ld


6.01
 0h00:05.011 2022/09/09T07:44:03z: DS3231
 0h00:05.026 2022/09/09T07:44:03z: BME280 (0x76)
 0h00:05.040 2022/09/09T07:44:03z: 84:f3:eb:7d:7:a8
 0h00:05.042 2022/09/09T07:44:03z: SSID: MU Open
 0h00:05.047 2022/09/09T07:44:03z: AP_STAR tmr
 ets Jan  8 2013,rst cause:4, boot mode:(3,7)

wdt reset
load 0x4010f000, len 1384, room 16 
tail 8
chksum 0x2d
csum 0x2d
v8b899c12
~ld


6.01
 0h00:05.309 2022/09/09T08:04:07z: DS3231
 0h00:05.324 2022/09/09T08:04:07z: BME280 (0x76)
 0h00:05.338 2022/09/09T08:04:07z: 84:f3:eb:7d:7:a8
 0h00:05.340 2022/09/09T08:04:07z: SSID: MU Open
 0h00:05.345 2022/09/09T08:04:07z: AP_STAR tmr
 ets Jan  8 2013,rst cause:4, boot mode:(3,7)

wdt reset
load 0x4010f000, len 1384, room 16 
tail 8
chksum 0x2d
csum 0x2d
v8b899c12
~ld


6.01
 0h00:05.387 2022/09/09T08:24:12z: DS3231
 0h00:05.402 2022/09/09T08:24:12z: BME280 (0x76)
 0h00:05.416 2022/09/09T08:24:12z: 84:f3:eb:7d:7:a8
 0h00:05.418 2022/09/09T08:24:12z: SSID: MU Open
 0h00:05.423 2022/09/09T08:24:12z: AP_STAR tmr
 ets Jan  8 2013,rst cause:4, boot mode:(3,7)

wdt reset
load 0x4010f000, len 1384, room 16 
tail 8
chksum 0x2d
csum 0x2d
v8b899c12
~ld


6.01
 0h00:05.281 2022/09/09T08:44:17z: DS3231
 0h00:05.297 2022/09/09T08:44:17z: BME280 (0x76)
 0h00:05.311 2022/09/09T08:44:17z: 84:f3:eb:7d:7:a8
 0h00:05.313 2022/09/09T08:44:17z: SSID: MU Open
 0h00:05.318 2022/09/09T08:44:17z: AP_STAR tmr
 ets Jan  8 2013,rst cause:4, boot mode:(3,7)

wdt reset
load 0x4010f000, len 1384, room 16 
tail 8
chksum 0x2d
csum 0x2d
v8b899c12
~ld


6.01
 0h00:05.393 2022/09/09T09:04:22z: DS3231
 0h00:05.408 2022/09/09T09:04:22z: BME280 (0x76)
 0h00:05.423 2022/09/09T09:04:22z: 84:f3:eb:7d:7:a8
 0h00:05.424 2022/09/09T09:04:22z: SSID: MU Open
 0h00:05.429 2022/09/09T09:04:22z: AP_STAR tmr
 ets Jan  8 2013,rst cause:4, boot mode:(3,7)

wdt reset
load 0x4010f000, len 1384, room 16 
tail 8
chksum 0x2d
csum 0x2d
v8b899c12
~ld


6.01
 0h00:04.898 2022/09/09T09:24:26z: DS3231
 0h00:04.914 2022/09/09T09:24:26z: BME280 (0x76)
 0h00:04.928 2022/09/09T09:24:26z: 84:f3:eb:7d:7:a8
 0h00:04.929 2022/09/09T09:24:26z: SSID: MU Open
 0h00:04.935 2022/09/09T09:24:26z: AP_STAR tmr
 ets Jan  8 2013,rst cause:4, boot mode:(3,7)

wdt reset
load 0x4010f000, len 1384, room 16 
tail 8
chksum 0x2d
csum 0x2d
v8b899c12
~ld


6.01
 0h00:05.107 2022/09/09T09:44:31z: DS3231
 0h00:05.122 2022/09/09T09:44:31z: BME280 (0x76)
 0h00:05.136 2022/09/09T09:44:31z: 84:f3:eb:7d:7:a8
 0h00:05.138 2022/09/09T09:44:31z: SSID: MU Open
 0h00:05.143 2022/09/09T09:44:31z: AP_STAR tmr
 ets Jan  8 2013,rst cause:4, boot mode:(3,7)

wdt reset
load 0x4010f000, len 1384, room 16 
tail 8
chksum 0x2d
csum 0x2d
v8b899c12
~ld


6.01
 0h00:04.805 2022/09/09T10:04:35z: DS3231
 0h00:04.820 2022/09/09T10:04:35z: BME280 (0x76)
 0h00:04.834 2022/09/09T10:04:35z: 84:f3:eb:7d:7:a8
 0h00:04.836 2022/09/09T10:04:35z: SSID: MU Open
 0h00:04.841 2022/09/09T10:04:35z: AP_STAR tmr
 ets Jan  8 2013,rst cause:4, boot mode:(3,7)

wdt reset
load 0x4010f000, len 1384, room 16 
tail 8
chksum 0x2d
csum 0x2d
v8b899c12
~ld


6.01
 0h00:04.788 2022/09/09T10:24:39z: DS3231
 0h00:04.803 2022/09/09T10:24:39z: BME280 (0x76)
 0h00:04.818 2022/09/09T10:24:39z: 84:f3:eb:7d:7:a8
 0h00:04.819 2022/09/09T10:24:39z: SSID: MU Open
 0h00:04.824 2022/09/09T10:24:39z: AP_STAR tmr
 ets Jan  8 2013,rst cause:4, boot mode:(3,7)

wdt reset
load 0x4010f000, len 1384, room 16 
tail 8
chksum 0x2d
csum 0x2d
v8b899c12
~ld


6.01
 0h00:04.926 2022/09/09T10:44:43z: DS3231
 0h00:04.941 2022/09/09T10:44:43z: BME280 (0x76)
 0h00:04.955 2022/09/09T10:44:43z: 84:f3:eb:7d:7:a8
 0h00:04.957 2022/09/09T10:44:43z: SSID: MU Open
 0h00:04.962 2022/09/09T10:44:43z: AP_STAR tmr
 ets Jan  8 2013,rst cause:4, boot mode:(3,7)

wdt reset
load 0x4010f000, len 1384, room 16 
tail 8
chksum 0x2d
csum 0x2d
v8b899c12
~ld


6.01
 0h00:04.991 2022/09/09T11:04:47z: DS3231
 0h00:05.006 2022/09/09T11:04:47z: BME280 (0x76)
 0h00:05.021 2022/09/09T11:04:47z: 84:f3:eb:7d:7:a8
 0h00:05.022 2022/09/09T11:04:47z: SSID: MU Open
 0h00:05.027 2022/09/09T11:04:47z: AP_STAR tmr
 ets Jan  8 2013,rst cause:4, boot mode:(3,7)

wdt reset
load 0x4010f000, len 1384, room 16 
tail 8
chksum 0x2d
csum 0x2d
v8b899c12
~ld


6.01
 0h00:05.375 2022/09/09T11:24:51z: DS3231
 0h00:05.390 2022/09/09T11:24:51z: BME280 (0x76)
 0h00:05.405 2022/09/09T11:24:51z: 84:f3:eb:7d:7:a8
 0h00:05.406 2022/09/09T11:24:51z: SSID: MU Open
 0h00:05.411 2022/09/09T11:24:51z: AP_STAR tmr
 ets Jan  8 2013,rst cause:4, boot mode:(3,7)

wdt reset
load 0x4010f000, len 1384, room 16 
tail 8
chksum 0x2d
csum 0x2d
v8b899c12
~ld


6.01
 0h00:05.449 2022/09/09T11:44:57z: DS3231
 0h00:05.464 2022/09/09T11:44:57z: BME280 (0x76)
 0h00:05.478 2022/09/09T11:44:57z: 84:f3:eb:7d:7:a8
 0h00:05.480 2022/09/09T11:44:57z: SSID: MU Open
 0h00:05.485 2022/09/09T11:44:57z: AP_STAR tmr
 ets Jan  8 2013,rst cause:4, boot mode:(3,7)

wdt reset
load 0x4010f000, len 1384, room 16 
tail 8
chksum 0x2d
csum 0x2d
v8b899c12
~ld


6.01
 0h00:05.006 2022/09/09T12:05:01z: DS3231
 0h00:05.021 2022/09/09T12:05:01z: BME280 (0x76)
 0h00:05.036 2022/09/09T12:05:01z: 84:f3:eb:7d:7:a8
 0h00:05.037 2022/09/09T12:05:01z: SSID: MU Open
 0h00:05.042 2022/09/09T12:05:01z: AP_STAR tmr
 ets Jan  8 2013,rst cause:4, boot mode:(3,7)

wdt reset
load 0x4010f000, len 1384, room 16 
tail 8
chksum 0x2d
csum 0x2d
v8b899c12
~ld


6.01
 0h00:05.056 2022/09/09T12:25:05z: DS3231
 0h00:05.071 2022/09/09T12:25:05z: BME280 (0x76)
 0h00:05.086 2022/09/09T12:25:05z: 84:f3:eb:7d:7:a8
 0h00:05.087 2022/09/09T12:25:05z: SSID: MU Open
 0h00:05.092 2022/09/09T12:25:05z: AP_STAR tmr
 ets Jan  8 2013,rst cause:4, boot mode:(3,7)

wdt reset
load 0x4010f000, len 1384, room 16 
tail 8
chksum 0x2d
csum 0x2d
v8b899c12
~ld


6.01
 0h00:05.266 2022/09/09T12:45:10z: DS3231
 0h00:05.281 2022/09/09T12:45:10z: BME280 (0x76)
 0h00:05.296 2022/09/09T12:45:10z: 84:f3:eb:7d:7:a8
 0h00:05.297 2022/09/09T12:45:10z: SSID: MU Open
 0h00:05.302 2022/09/09T12:45:10z: AP_STAR tmr
 ets Jan  8 2013,rst cause:4, boot mode:(3,7)

wdt reset
load 0x4010f000, len 1384, room 16 
tail 8
chksum 0x2d
csum 0x2d
v8b899c12
~ld


6.01
 0h00:05.397 2022/09/09T13:05:15z: DS3231
 0h00:05.412 2022/09/09T13:05:15z: BME280 (0x76)
 0h00:05.426 2022/09/09T13:05:15z: 84:f3:eb:7d:7:a8
 0h00:05.428 2022/09/09T13:05:15z: SSID: MU Open
 0h00:05.433 2022/09/09T13:05:15z: AP_STAR tmr
 ets Jan  8 2013,rst cause:4, boot mode:(3,7)

wdt reset
load 0x4010f000, len 1384, room 16 
tail 8
chksum 0x2d
csum 0x2d
v8b899c12
~ld


6.01
 0h00:05.187 2022/09/09T13:25:19z: DS3231
 0h00:05.202 2022/09/09T13:25:19z: BME280 (0x76)
 0h00:05.216 2022/09/09T13:25:19z: 84:f3:eb:7d:7:a8
 0h00:05.218 2022/09/09T13:25:19z: SSID: MU Open
 0h00:05.223 2022/09/09T13:25:19z: AP_STAR tmr
 ets Jan  8 2013,rst cause:4, boot mode:(3,7)

wdt reset
load 0x4010f000, len 1384, room 16 
tail 8
chksum 0x2d
csum 0x2d
v8b899c12
~ld


6.01
 0h00:04.893 2022/09/09T13:45:23z: DS3231
 0h00:04.908 2022/09/09T13:45:23z: BME280 (0x76)
 0h00:04.922 2022/09/09T13:45:24z: 84:f3:eb:7d:7:a8
 0h00:04.924 2022/09/09T13:45:24z: SSID: MU Open
 0h00:04.929 2022/09/09T13:45:24z: AP_STAR tmr
 ets Jan  8 2013,rst cause:4, boot mode:(3,7)

wdt reset
load 0x4010f000, len 1384, room 16 
tail 8
chksum 0x2d
csum 0x2d
v8b899c12
~ld


6.01
 0h00:04.854 2022/09/09T14:05:27z: DS3231
 0h00:04.869 2022/09/09T14:05:27z: BME280 (0x76)
 0h00:04.884 2022/09/09T14:05:27z: 84:f3:eb:7d:7:a8
 0h00:04.885 2022/09/09T14:05:27z: SSID: MU Open
 0h00:04.890 2022/09/09T14:05:27z: AP_STAR tmr
 ets Jan  8 2013,rst cause:4, boot mode:(3,7)

wdt reset
load 0x4010f000, len 1384, room 16 
tail 8
chksum 0x2d
csum 0x2d
v8b899c12
~ld


6.01
 0h00:05.221 2022/09/09T14:25:31z: DS3231
 0h00:05.237 2022/09/09T14:25:31z: BME280 (0x76)
 0h00:05.251 2022/09/09T14:25:31z: 84:f3:eb:7d:7:a8
 0h00:05.252 2022/09/09T14:25:31z: SSID: MU Open
 0h00:05.258 2022/09/09T14:25:31z: AP_STAR tmr
 ets Jan  8 2013,rst cause:4, boot mode:(3,7)

wdt reset
load 0x4010f000, len 1384, room 16 
tail 8
chksum 0x2d
csum 0x2d
v8b899c12
~ld


6.01
 0h00:04.902 2022/09/09T14:45:35z: DS3231
 0h00:04.918 2022/09/09T14:45:35z: BME280 (0x76)
 0h00:04.932 2022/09/09T14:45:35z: 84:f3:eb:7d:7:a8
 0h00:04.934 2022/09/09T14:45:35z: SSID: MU Open
 0h00:04.939 2022/09/09T14:45:35z: AP_STAR tmr
 ets Jan  8 2013,rst cause:4, boot mode:(3,7)

wdt reset
load 0x4010f000, len 1384, room 16 
tail 8
chksum 0x2d
csum 0x2d
v8b899c12
~ld


6.01
 0h00:05.181 2022/09/09T15:05:40z: DS3231
 0h00:05.196 2022/09/09T15:05:40z: BME280 (0x76)
 0h00:05.210 2022/09/09T15:05:40z: 84:f3:eb:7d:7:a8
 0h00:05.212 2022/09/09T15:05:40z: SSID: MU Open
 0h00:05.217 2022/09/09T15:05:40z: AP_STAR tmr
 ets Jan  8 2013,rst cause:4, boot mode:(3,7)

wdt reset
load 0x4010f000, len 1384, room 16 
tail 8
chksum 0x2d
csum 0x2d
v8b899c12
~ld


6.01
 0h00:05.354 2022/09/09T15:25:44z: DS3231
 0h00:05.369 2022/09/09T15:25:44z: BME280 (0x76)
 0h00:05.384 2022/09/09T15:25:44z: 84:f3:eb:7d:7:a8
 0h00:05.385 2022/09/09T15:25:44z: SSID: MU Open
 0h00:05.390 2022/09/09T15:25:44z: AP_STAR tmr
 ets Jan  8 2013,rst cause:4, boot mode:(3,7)

wdt reset
load 0x4010f000, len 1384, room 16 
tail 8
chksum 0x2d
csum 0x2d
v8b899c12
~ld


6.01
 0h00:05.269 2022/09/09T15:45:49z: DS3231
 0h00:05.284 2022/09/09T15:45:49z: BME280 (0x76)
 0h00:05.298 2022/09/09T15:45:49z: 84:f3:eb:7d:7:a8
 0h00:05.300 2022/09/09T15:45:49z: SSID: MU Open
 0h00:05.305 2022/09/09T15:45:49z: AP_STAR tmr
 ets Jan  8 2013,rst cause:4, boot mode:(3,7)

wdt reset
load 0x4010f000, len 1384, room 16 
tail 8
chksum 0x2d
csum 0x2d
v8b899c12
~ld


6.01
 0h00:05.288 2022/09/09T16:05:54z: DS3231
 0h00:05.303 2022/09/09T16:05:54z: BME280 (0x76)
 0h00:05.317 2022/09/09T16:05:54z: 84:f3:eb:7d:7:a8
 0h00:05.319 2022/09/09T16:05:54z: SSID: MU Open
 0h00:05.324 2022/09/09T16:05:54z: AP_STAR tmr
 ets Jan  8 2013,rst cause:4, boot mode:(3,7)

wdt reset
load 0x4010f000, len 1384, room 16 
tail 8
chksum 0x2d
csum 0x2d
v8b899c12
~ld


6.01
 0h00:05.325 2022/09/09T16:25:59z: DS3231
 0h00:05.341 2022/09/09T16:25:59z: BME280 (0x76)
 0h00:05.355 2022/09/09T16:25:59z: 84:f3:eb:7d:7:a8
 0h00:05.356 2022/09/09T16:25:59z: SSID: MU Open
 0h00:05.362 2022/09/09T16:25:59z: AP_STAR tmr
 ets Jan  8 2013,rst cause:4, boot mode:(3,7)

wdt reset
load 0x4010f000, len 1384, room 16 
tail 8
chksum 0x2d
csum 0x2d
v8b899c12
~ld


6.01
 0h00:05.315 2022/09/09T16:46:04z: DS3231
 0h00:05.331 2022/09/09T16:46:04z: BME280 (0x76)
 0h00:05.345 2022/09/09T16:46:04z: 84:f3:eb:7d:7:a8
 0h00:05.346 2022/09/09T16:46:04z: SSID: MU Open
 0h00:05.352 2022/09/09T16:46:04z: AP_STAR tmr
 ets Jan  8 2013,rst cause:4, boot mode:(3,7)

wdt reset
load 0x4010f000, len 1384, room 16 
tail 8
chksum 0x2d
csum 0x2d
v8b899c12
~ld


6.01
 0h00:05.375 2022/09/09T17:06:09z: DS3231
 0h00:05.390 2022/09/09T17:06:09z: BME280 (0x76)
 0h00:05.404 2022/09/09T17:06:09z: 84:f3:eb:7d:7:a8
 0h00:05.406 2022/09/09T17:06:09z: SSID: MU Open
 0h00:05.411 2022/09/09T17:06:09z: AP_STAR tmr
 ets Jan  8 2013,rst cause:4, boot mode:(3,7)

wdt reset
load 0x4010f000, len 1384, room 16 
tail 8
chksum 0x2d
csum 0x2d
v8b899c12
~ld


6.01
 0h00:05.194 2022/09/09T17:26:14z: DS3231
 0h00:05.209 2022/09/09T17:26:14z: BME280 (0x76)
 0h00:05.223 2022/09/09T17:26:14z: 84:f3:eb:7d:7:a8
 0h00:05.225 2022/09/09T17:26:14z: SSID: MU Open
 0h00:05.230 2022/09/09T17:26:14z: AP_STAR tmr
 ets Jan  8 2013,rst cause:4, boot mode:(3,7)

wdt reset
load 0x4010f000, len 1384, room 16 
tail 8
chksum 0x2d
csum 0x2d
v8b899c12
~ld


6.01
 0h00:05.246 2022/09/09T17:46:18z: DS3231
 0h00:05.262 2022/09/09T17:46:18z: BME280 (0x76)
 0h00:05.276 2022/09/09T17:46:18z: 84:f3:eb:7d:7:a8
 0h00:05.277 2022/09/09T17:46:18z: SSID: MU Open
 0h00:05.283 2022/09/09T17:46:18z: AP_STAR tmr
 ets Jan  8 2013,rst cause:4, boot mode:(3,7)

wdt reset
load 0x4010f000, len 1384, room 16 
tail 8
chksum 0x2d
csum 0x2d
v8b899c12
~ld


6.01
 0h00:04.870 2022/09/09T18:06:22z: DS3231
 0h00:04.886 2022/09/09T18:06:22z: BME280 (0x76)
 0h00:04.900 2022/09/09T18:06:22z: 84:f3:eb:7d:7:a8
 0h00:04.902 2022/09/09T18:06:22z: SSID: MU Open
 0h00:04.907 2022/09/09T18:06:22z: AP_STAR tmr
 ets Jan  8 2013,rst cause:4, boot mode:(3,7)

wdt reset
load 0x4010f000, len 1384, room 16 
tail 8
chksum 0x2d
csum 0x2d
v8b899c12
~ld


6.01
 0h00:05.108 2022/09/09T18:26:27z: DS3231
 0h00:05.124 2022/09/09T18:26:27z: BME280 (0x76)
 0h00:05.138 2022/09/09T18:26:27z: 84:f3:eb:7d:7:a8
 0h00:05.140 2022/09/09T18:26:27z: SSID: MU Open
 0h00:05.145 2022/09/09T18:26:27z: AP_STAR tmr
 ets Jan  8 2013,rst cause:4, boot mode:(3,7)

wdt reset
load 0x4010f000, len 1384, room 16 
tail 8
chksum 0x2d
csum 0x2d
v8b899c12
~ld


6.01
 0h00:04.728 2022/09/09T18:46:30z: DS3231
 0h00:04.744 2022/09/09T18:46:30z: BME280 (0x76)
 0h00:04.758 2022/09/09T18:46:30z: 84:f3:eb:7d:7:a8
 0h00:04.759 2022/09/09T18:46:30z: SSID: MU Open
 0h00:04.765 2022/09/09T18:46:30z: AP_STAR tmr
 ets Jan  8 2013,rst cause:4, boot mode:(3,7)

wdt reset
load 0x4010f000, len 1384, room 16 
tail 8
chksum 0x2d
csum 0x2d
v8b899c12
~ld


6.01
 0h00:04.704 2022/09/09T19:06:34z: DS3231
 0h00:04.719 2022/09/09T19:06:34z: BME280 (0x76)
 0h00:04.733 2022/09/09T19:06:34z: 84:f3:eb:7d:7:a8
 0h00:04.735 2022/09/09T19:06:34z: SSID: MU Open
 0h00:04.740 2022/09/09T19:06:34z: AP_STAR tmr
 ets Jan  8 2013,rst cause:4, boot mode:(3,7)

wdt reset
load 0x4010f000, len 1384, room 16 
tail 8
chksum 0x2d
csum 0x2d
v8b899c12
~ld


6.01
 0h00:04.844 2022/09/09T19:26:37z: DS3231
 0h00:04.859 2022/09/09T19:26:37z: BME280 (0x76)
 0h00:04.873 2022/09/09T19:26:37z: 84:f3:eb:7d:7:a8
 0h00:04.875 2022/09/09T19:26:37z: SSID: MU Open
 0h00:04.880 2022/09/09T19:26:37z: AP_STAR tmr
 ets Jan  8 2013,rst cause:4, boot mode:(3,7)

wdt reset
load 0x4010f000, len 1384, room 16 
tail 8
chksum 0x2d
csum 0x2d
v8b899c12
~ld


6.01
 0h00:04.660 2022/09/09T19:46:41z: DS3231
 0h00:04.675 2022/09/09T19:46:41z: BME280 (0x76)
 0h00:04.689 2022/09/09T19:46:41z: 84:f3:eb:7d:7:a8
 0h00:04.691 2022/09/09T19:46:41z: SSID: MU Open
 0h00:04.696 2022/09/09T19:46:41z: AP_STAR tmr
 ets Jan  8 2013,rst cause:4, boot mode:(3,7)

wdt reset
load 0x4010f000, len 1384, room 16 
tail 8
chksum 0x2d
csum 0x2d
v8b899c12
~ld


6.01
 0h00:04.603 2022/09/09T20:06:44z: DS3231
 0h00:04.618 2022/09/09T20:06:44z: BME280 (0x76)
 0h00:04.632 2022/09/09T20:06:44z: 84:f3:eb:7d:7:a8
 0h00:04.634 2022/09/09T20:06:44z: SSID: MU Open
 0h00:04.639 2022/09/09T20:06:44z: AP_STAR tmr
 ets Jan  8 2013,rst cause:4, boot mode:(3,7)

wdt reset
load 0x4010f000, len 1384, room 16 
tail 8
chksum 0x2d
csum 0x2d
v8b899c12
~ld


6.01
 0h00:04.564 2022/09/09T20:26:48z: DS3231
 0h00:04.580 2022/09/09T20:26:48z: BME280 (0x76)
 0h00:04.594 2022/09/09T20:26:48z: 84:f3:eb:7d:7:a8
 0h00:04.596 2022/09/09T20:26:48z: SSID: MU Open
 0h00:04.601 2022/09/09T20:26:48z: AP_STAR tmr
 ets Jan  8 2013,rst cause:4, boot mode:(3,7)

wdt reset
load 0x4010f000, len 1384, room 16 
tail 8
chksum 0x2d
csum 0x2d
v8b899c12
~ld


6.01
 0h00:04.718 2022/09/09T20:46:52z: DS3231
 0h00:04.733 2022/09/09T20:46:52z: BME280 (0x76)
 0h00:04.748 2022/09/09T20:46:52z: 84:f3:eb:7d:7:a8
 0h00:04.749 2022/09/09T20:46:52z: SSID: MU Open
 0h00:04.754 2022/09/09T20:46:52z: AP_STAR tmr
 ets Jan  8 2013,rst cause:4, boot mode:(3,7)

wdt reset
load 0x4010f000, len 1384, room 16 
tail 8
chksum 0x2d
csum 0x2d
v8b899c12
~ld


6.01
 0h00:04.999 2022/09/09T21:06:56z: DS3231
 0h00:05.015 2022/09/09T21:06:56z: BME280 (0x76)
 0h00:05.029 2022/09/09T21:06:56z: 84:f3:eb:7d:7:a8
 0h00:05.031 2022/09/09T21:06:56z: SSID: MU Open
 0h00:05.036 2022/09/09T21:06:56z: AP_STAR tmr
 ets Jan  8 2013,rst cause:4, boot mode:(3,7)

wdt reset
load 0x4010f000, len 1384, room 16 
tail 8
chksum 0x2d
csum 0x2d
v8b899c12
~ld


6.01
 0h00:04.930 2022/09/09T21:26:59z: DS3231
 0h00:04.946 2022/09/09T21:26:59z: BME280 (0x76)
 0h00:04.960 2022/09/09T21:26:59z: 84:f3:eb:7d:7:a8
 0h00:04.961 2022/09/09T21:26:59z: SSID: MU Open
 0h00:04.967 2022/09/09T21:26:59z: AP_STAR tmr
 ets Jan  8 2013,rst cause:4, boot mode:(3,7)

wdt reset
load 0x4010f000, len 1384, room 16 
tail 8
chksum 0x2d
csum 0x2d
v8b899c12
~ld


6.01
 0h00:04.736 2022/09/09T21:47:03z: DS3231
 0h00:04.752 2022/09/09T21:47:03z: BME280 (0x76)
 0h00:04.766 2022/09/09T21:47:03z: 84:f3:eb:7d:7:a8
 0h00:04.767 2022/09/09T21:47:03z: SSID: MU Open
 0h00:04.773 2022/09/09T21:47:03z: AP_STAR tmr
 ets Jan  8 2013,rst cause:4, boot mode:(3,7)

wdt reset
load 0x4010f000, len 1384, room 16 
tail 8
chksum 0x2d
csum 0x2d
v8b899c12
~ld


6.01
 0h00:05.009 2022/09/09T22:07:08z: DS3231
 0h00:05.024 2022/09/09T22:07:08z: BME280 (0x76)
 0h00:05.038 2022/09/09T22:07:08z: 84:f3:eb:7d:7:a8
 0h00:05.040 2022/09/09T22:07:08z: SSID: MU Open
 0h00:05.045 2022/09/09T22:07:08z: AP_STAR tmr
 ets Jan  8 2013,rst cause:4, boot mode:(3,7)

wdt reset
load 0x4010f000, len 1384, room 16 
tail 8
chksum 0x2d
csum 0x2d
v8b899c12
~ld


6.01
 0h00:04.730 2022/09/09T22:27:12z: DS3231
 0h00:04.746 2022/09/09T22:27:12z: BME280 (0x76)
 0h00:04.760 2022/09/09T22:27:12z: 84:f3:eb:7d:7:a8
 0h00:04.761 2022/09/09T22:27:12z: SSID: MU Open
 0h00:04.767 2022/09/09T22:27:12z: AP_STAR tmr
 ets Jan  8 2013,rst cause:4, boot mode:(3,7)

wdt reset
load 0x4010f000, len 1384, room 16 
tail 8
chksum 0x2d
csum 0x2d
v8b899c12
~ld


6.01
 0h00:04.855 2022/09/09T22:47:16z: DS3231
 0h00:04.870 2022/09/09T22:47:16z: BME280 (0x76)
 0h00:04.884 2022/09/09T22:47:16z: 84:f3:eb:7d:7:a8
 0h00:04.886 2022/09/09T22:47:16z: SSID: MU Open
 0h00:04.891 2022/09/09T22:47:16z: AP_STAR tmr
 ets Jan  8 2013,rst cause:4, boot mode:(3,7)

wdt reset
load 0x4010f000, len 1384, room 16 
tail 8
chksum 0x2d
csum 0x2d
v8b899c12
~ld


6.01
 0h00:05.131 2022/09/09T23:07:20z: DS3231
 0h00:05.147 2022/09/09T23:07:20z: BME280 (0x76)
 0h00:05.161 2022/09/09T23:07:20z: 84:f3:eb:7d:7:a8
 0h00:05.162 2022/09/09T23:07:20z: SSID: MU Open
 0h00:05.168 2022/09/09T23:07:20z: AP_STAR tmr
 ets Jan  8 2013,rst cause:4, boot mode:(3,7)

wdt reset
load 0x4010f000, len 1384, room 16 
tail 8
chksum 0x2d
csum 0x2d
v8b899c12
~ld


6.01
 0h00:04.983 2022/09/09T23:27:24z: DS3231
 0h00:04.998 2022/09/09T23:27:24z: BME280 (0x76)
 0h00:05.012 2022/09/09T23:27:24z: 84:f3:eb:7d:7:a8
 0h00:05.014 2022/09/09T23:27:24z: SSID: MU Open
 0h00:05.019 2022/09/09T23:27:24z: AP_STAR tmr
 ets Jan  8 2013,rst cause:4, boot mode:(3,7)

wdt reset
load 0x4010f000, len 1384, room 16 
tail 8
chksum 0x2d
csum 0x2d
v8b899c12
~ld


6.01
 0h00:04.911 2022/09/09T23:47:28z: DS3231
 0h00:04.926 2022/09/09T23:47:28z: BME280 (0x76)
 0h00:04.940 2022/09/09T23:47:28z: 84:f3:eb:7d:7:a8
 0h00:04.942 2022/09/09T23:47:28z: SSID: MU Open
 0h00:04.947 2022/09/09T23:47:28z: AP_STA