R tmr
 ets Jan  8 2013,rst cause:4, boot mode:(3,7)

wdt reset
load 0x4010f000, len 1384, room 16 
tail 8
chksum 0x2d
csum 0x2d
v8b899c12
~ld


6.01
 0h00:05.553 2022/12/30T00:07:45z: DS3231
 0h00:05.568 2022/12/30T00:07:45z: BME280 (0x76)
 0h00:05.582 2022/12/30T00:07:45z: 84:f3:eb:7d:7:a8
 0h00:05.584 2022/12/30T00:07:45z: SSID: MU Open
 0h00:05.589 2022/12/30T00:07:45z: AP_STAR tmr
 ets Jan  8 2013,rst cause:4, boot mode:(3,7)

wdt reset
load 0x4010f000, len 1384, room 16 
tail 8
chksum 0x2d
csum 0x2d
v8b899c12
~ld


6.01
 0h00:05.772 2022/12/30T00:27:52z: DS3231
 0h00:05.787 2022/12/30T00:27:52z: BME280 (0x76)
 0h00:05.801 2022/12/30T00:27:52z: 84:f3:eb:7d:7:a8
 0h00:05.803 2022/12/30T00:27:52z: SSID: MU Open
 0h00:05.808 2022/12/30T00:27:52z: AP_STAR tmr
 ets Jan  8 2013,rst cause:4, boot mode:(3,7)

wdt reset
load 0x4010f000, len 1384, room 16 
tail 8
chksum 0x2d
csum 0x2d
v8b899c12
~ld


6.01
 0h00:05.754 2022/12/30T00:47:59z: DS3231
 0h00:05.769 2022/12/30T00:47:59z: BME280 (0x76)
 0h00:05.784 2022/12/30T00:47:59z: 84:f3:eb:7d:7:a8
 0h00:05.785 2022/12/30T00:47:59z: SSID: MU Open
 0h00:05.790 2022/12/30T00:47:59z: AP_STAR tmr
 ets Jan  8 2013,rst cause:4, boot mode:(3,7)

wdt reset
load 0x4010f000, len 1384, room 16 
tail 8
chksum 0x2d
csum 0x2d
v8b899c12
~ld


6.01
 0h00:05.790 2022/12/30T01:08:05z: DS3231
 0h00:05.806 2022/12/30T01:08:05z: BME280 (0x76)
 0h00:05.820 2022/12/30T01:08:05z: 84:f3:eb:7d:7:a8
 0h00:05.822 2022/12/30T01:08:05z: SSID: MU Open
 0h00:05.827 2022/12/30T01:08:05z: AP_STAR tmr
 ets Jan  8 2013,rst cause:4, boot mode:(3,7)

wdt reset
load 0x4010f000, len 1384, room 16 
tail 8
chksum 0x2d
csum 0x2d
v8b899c12
~ld


6.01
 0h00:05.926 2022/12/30T01:28:12z: DS3231
 0h00:05.941 2022/12/30T01:28:12z: BME280 (0x76)
 0h00:05.955 2022/12/30T01:28:12z: 84:f3:eb:7d:7:a8
 0h00:05.957 2022/12/30T01:28:12z: SSID: MU Open
 0h00:05.962 2022/12/30T01:28:12z: AP_STAR tmr
 ets Jan  8 2013,rst cause:4, boot mode:(3,7)

wdt reset
load 0x4010f000, len 1384, room 16 
tail 8
chksum 0x2d
csum 0x2d
v8b899c12
~ld


6.01
 0h00:05.867 2022/12/30T01:48:19z: DS3231
 0h00:05.882 2022/12/30T01:48:19z: BME280 (0x76)
 0h00:05.896 2022/12/30T01:48:19z: 84:f3:eb:7d:7:a8
 0h00:05.898 2022/12/30T01:48:19z: SSID: MU Open
 0h00:05.903 2022/12/30T01:48:19z: AP_STAR tmr
 ets Jan  8 2013,rst cause:4, boot mode:(3,7)

wdt reset
load 0x4010f000, len 1384, room 16 
tail 8
chksum 0x2d
csum 0x2d
v8b899c12
~ld


6.01
 0h00:05.830 2022/12/30T02:08:25z: DS3231
 0h00:05.845 2022/12/30T02:08:25z: BME280 (0x76)
 0h00:05.859 2022/12/30T02:08:25z: 84:f3:eb:7d:7:a8
 0h00:05.861 2022/12/30T02:08:25z: SSID: MU Open
 0h00:05.866 2022/12/30T02:08:25z: AP_STAR tmr
 ets Jan  8 2013,rst cause:4, boot mode:(3,7)

wdt reset
load 0x4010f000, len 1384, room 16 
tail 8
chksum 0x2d
csum 0x2d
v8b899c12
~ld


6.01
 0h00:06.083 2022/12/30T02:28:33z: DS3231
 0h00:06.099 2022/12/30T02:28:33z: BME280 (0x76)
 0h00:06.113 2022/12/30T02:28:33z: 84:f3:eb:7d:7:a8
 0h00:06.115 2022/12/30T02:28:33z: SSID: MU Open
 0h00:06.120 2022/12/30T02:28:33z: AP_STAR tmr
 ets Jan  8 2013,rst cause:4, boot mode:(3,7)

wdt reset
load 0x4010f000, len 1384, room 16 
tail 8
chksum 0x2d
csum 0x2d
v8b899c12
~ld


6.01
 0h00:06.071 2022/12/30T02:48:39z: DS3231
 0h00:06.087 2022/12/30T02:48:39z: BME280 (0x76)
 0h00:06.101 2022/12/30T02:48:40z: 84:f3:eb:7d:7:a8
 0h00:06.103 2022/12/30T02:48:40z: SSID: MU Open
 0h00:06.108 2022/12/30T02:48:40z: AP_STAR tmr
 ets Jan  8 2013,rst cause:4, boot mode:(3,7)

wdt reset
load 0x4010f000, len 1384, room 16 
tail 8
chksum 0x2d
csum 0x2d
v8b899c12
~ld


6.01
 0h00:06.085 2022/12/30T03:08:46z: DS3231
 0h00:06.100 2022/12/30T03:08:46z: BME280 (0x76)
 0h00:06.114 2022/12/30T03:08:46z: 84:f3:eb:7d:7:a8
 0h00:06.116 2022/12/30T03:08:46z: SSID: MU Open
 0h00:06.121 2022/12/30T03:08:46z: AP_STAR tmr
 ets Jan  8 2013,rst cause:4, boot mode:(3,7)

wdt reset
load 0x4010f000, len 1384, room 16 
tail 8
chksum 0x2d
csum 0x2d
v8b899c12
~ld


6.01
 0h00:05.913 2022/12/30T03:28:53z: DS3231
 0h00:05.928 2022/12/30T03:28:53z: BME280 (0x76)
 0h00:05.942 2022/12/30T03:28:53z: 84:f3:eb:7d:7:a8
 0h00:05.944 2022/12/30T03:28:53z: SSID: MU Open
 0h00:05.949 2022/12/30T03:28:53z: AP_STAR tmr
 ets Jan  8 2013,rst cause:4, boot mode:(3,7)

wdt reset
load 0x4010f000, len 1384, room 16 
tail 8
chksum 0x2d
csum 0x2d
v8b899c12
~ld


6.01
 0h00:05.715 2022/12/30T03:48:59z: DS3231
 0h00:05.730 2022/12/30T03:48:59z: BME280 (0x76)
 0h00:05.744 2022/12/30T03:48:59z: 84:f3:eb:7d:7:a8
 0h00:05.746 2022/12/30T03:48:59z: SSID: MU Open
 0h00:05.751 2022/12/30T03:48:59z: AP_STAR tmr
 ets Jan  8 2013,rst cause:4, boot mode:(3,7)

wdt reset
load 0x4010f000, len 1384, room 16 
tail 8
chksum 0x2d
csum 0x2d
v8b899c12
~ld


6.01
 0h00:06.026 2022/12/30T04:09:06z: DS3231
 0h00:06.041 2022/12/30T04:09:06z: BME280 (0x76)
 0h00:06.055 2022/12/30T04:09:06z: 84:f3:eb:7d:7:a8
 0h00:06.057 2022/12/30T04:09:06z: SSID: MU Open
 0h00:06.062 2022/12/30T04:09:06z: AP_STAR tmr
 ets Jan  8 2013,rst cause:4, boot mode:(3,7)

wdt reset
load 0x4010f000, len 1384, room 16 
tail 8
chksum 0x2d
csum 0x2d
v8b899c12
~ld


6.01
 0h00:06.108 2022/12/30T04:29:13z: DS3231
 0h00:06.123 2022/12/30T04:29:13z: BME280 (0x76)
 0h00:06.137 2022/12/30T04:29:13z: 84:f3:eb:7d:7:a8
 0h00:06.139 2022/12/30T04:29:13z: SSID: MU Open
 0h00:06.144 2022/12/30T04:29:13z: AP_STAR tmr
 ets Jan  8 2013,rst cause:4, boot mode:(3,7)

wdt reset
load 0x4010f000, len 1384, room 16 
tail 8
chksum 0x2d
csum 0x2d
v8b899c12
~ld


6.01
 0h00:06.130 2022/12/30T04:49:20z: DS3231
 0h00:06.145 2022/12/30T04:49:20z: BME280 (0x76)
 0h00:06.159 2022/12/30T04:49:20z: 84:f3:eb:7d:7:a8
 0h00:06.161 2022/12/30T04:49:20z: SSID: MU Open
 0h00:06.166 2022/12/30T04:49:20z: AP_STAR tmr
 ets Jan  8 2013,rst cause:4, boot mode:(3,7)

wdt reset
load 0x4010f000, len 1384, room 16 
tail 8
chksum 0x2d
csum 0x2d
v8b899c12
~ld


6.01
 0h00:05.914 2022/12/30T05:09:27z: DS3231
 0h00:05.929 2022/12/30T05:09:27z: BME280 (0x76)
 0h00:05.943 2022/12/30T05:09:27z: 84:f3:eb:7d:7:a8
 0h00:05.945 2022/12/30T05:09:27z: SSID: MU Open
 0h00:05.950 2022/12/30T05:09:27z: AP_STAR tmr
 ets Jan  8 2013,rst cause:4, boot mode:(3,7)

wdt reset
load 0x4010f000, len 1384, room 16 
tail 8
chksum 0x2d
csum 0x2d
v8b899c12
~ld


6.01
 0h00:05.973 2022/12/30T05:29:34z: DS3231
 0h00:05.989 2022/12/30T05:29:34z: BME280 (0x76)
 0h00:06.003 2022/12/30T05:29:34z: 84:f3:eb:7d:7:a8
 0h00:06.005 2022/12/30T05:29:34z: SSID: MU Open
 0h00:06.010 2022/12/30T05:29:34z: AP_STAR tmr
 ets Jan  8 2013,rst cause:4, boot mode:(3,7)

wdt reset
load 0x4010f000, len 1384, room 16 
tail 8
chksum 0x2d
csum 0x2d
v8b899c12
~ld


6.01
 0h00:05.826 2022/12/30T05:49:41z: DS3231
 0h00:05.841 2022/12/30T05:49:41z: BME280 (0x76)
 0h00:05.855 2022/12/30T05:49:41z: 84:f3:eb:7d:7:a8
 0h00:05.857 2022/12/30T05:49:41z: SSID: MU Open
 0h00:05.862 2022/12/30T05:49:41z: AP_STAR tmr
 ets Jan  8 2013,rst cause:4, boot mode:(3,7)

wdt reset
load 0x4010f000, len 1384, room 16 
tail 8
chksum 0x2d
csum 0x2d
v8b899c12
~ld


6.01
 0h00:05.946 2022/12/30T06:09:49z: DS3231
 0h00:05.961 2022/12/30T06:09:49z: BME280 (0x76)
 0h00:05.975 2022/12/30T06:09:49z: 84:f3:eb:7d:7:a8
 0h00:05.977 2022/12/30T06:09:49z: SSID: MU Open
 0h00:05.982 2022/12/30T06:09:49z: AP_STAR tmr
 ets Jan  8 2013,rst cause:4, boot mode:(3,7)

wdt reset
load 0x4010f000, len 1384, room 16 
tail 8
chksum 0x2d
csum 0x2d
v8b899c12
~ld


6.01
 0h00:05.811 2022/12/30T06:29:56z: DS3231
 0h00:05.827 2022/12/30T06:29:56z: BME280 (0x76)
 0h00:05.841 2022/12/30T06:29:56z: 84:f3:eb:7d:7:a8
 0h00:05.842 2022/12/30T06:29:56z: SSID: MU Open
 0h00:05.848 2022/12/30T06:29:56z: AP_STAR tmr
 ets Jan  8 2013,rst cause:4, boot mode:(3,7)

wdt reset
load 0x4010f000, len 1384, room 16 
tail 8
chksum 0x2d
csum 0x2d
v8b899c12
~ld


6.01
 0h00:05.857 2022/12/30T06:50:03z: DS3231
 0h00:05.872 2022/12/30T06:50:03z: BME280 (0x76)
 0h00:05.886 2022/12/30T06:50:03z: 84:f3:eb:7d:7:a8
 0h00:05.888 2022/12/30T06:50:03z: SSID: MU Open
 0h00:05.893 2022/12/30T06:50:03z: AP_STAR tmr
 ets Jan  8 2013,rst cause:4, boot mode:(3,7)

wdt reset
load 0x4010f000, len 1384, room 16 
tail 8
chksum 0x2d
csum 0x2d
v8b899c12
~ld


6.01
 0h00:05.809 2022/12/30T07:10:10z: DS3231
 0h00:05.824 2022/12/30T07:10:10z: BME280 (0x76)
 0h00:05.838 2022/12/30T07:10:10z: 84:f3:eb:7d:7:a8
 0h00:05.840 2022/12/30T07:10:10z: SSID: MU Open
 0h00:05.845 2022/12/30T07:10:10z: AP_STAR tmr
 ets Jan  8 2013,rst cause:4, boot mode:(3,7)

wdt reset
load 0x4010f000, len 1384, room 16 
tail 8
chksum 0x2d
csum 0x2d
v8b899c12
~ld


6.01
 0h00:05.865 2022/12/30T07:30:17z: DS3231
 0h00:05.880 2022/12/30T07:30:17z: BME280 (0x76)
 0h00:05.895 2022/12/30T07:30:17z: 84:f3:eb:7d:7:a8
 0h00:05.896 2022/12/30T07:30:17z: SSID: MU Open
 0h00:05.901 2022/12/30T07:30:17z: AP_STAR tmr
 ets Jan  8 2013,rst cause:4, boot mode:(3,7)

wdt reset
load 0x4010f000, len 1384, room 16 
tail 8
chksum 0x2d
csum 0x2d
v8b899c12
~ld


6.01
 0h00:05.807 2022/12/30T07:50:24z: DS3231
 0h00:05.822 2022/12/30T07:50:24z: BME280 (0x76)
 0h00:05.836 2022/12/30T07:50:24z: 84:f3:eb:7d:7:a8
 0h00:05.838 2022/12/30T07:50:24z: SSID: MU Open
 0h00:05.843 2022/12/30T07:50:24z: AP_STAR tmr
 ets Jan  8 2013,rst cause:4, boot mode:(3,7)

wdt reset
load 0x4010f000, len 1384, room 16 
tail 8
chksum 0x2d
csum 0x2d
v8b899c12
~ld


6.01
 0h00:05.828 2022/12/30T08:10:30z: DS3231
 0h00:05.843 2022/12/30T08:10:30z: BME280 (0x76)
 0h00:05.857 2022/12/30T08:10:31z: 84:f3:eb:7d:7:a8
 0h00:05.859 2022/12/30T08:10:31z: SSID: MU Open
 0h00:05.864 2022/12/30T08:10:31z: AP_STAR tmr
 ets Jan  8 2013,rst cause:4, boot mode:(3,7)

wdt reset
load 0x4010f000, len 1384, room 16 
tail 8
chksum 0x2d
csum 0x2d
v8b899c12
~ld


6.01
 0h00:05.674 2022/12/30T08:30:37z: DS3231
 0h00:05.689 2022/12/30T08:30:37z: BME280 (0x76)
 0h00:05.704 2022/12/30T08:30:37z: 84:f3:eb:7d:7:a8
 0h00:05.705 2022/12/30T08:30:37z: SSID: MU Open
 0h00:05.711 2022/12/30T08:30:37z: AP_STAR tmr
 ets Jan  8 2013,rst cause:4, boot mode:(3,7)

wdt reset
load 0x4010f000, len 1384, room 16 
tail 8
chksum 0x2d
csum 0x2d
v8b899c12
~ld


6.01
 0h00:05.706 2022/12/30T08:50:44z: DS3231
 0h00:05.721 2022/12/30T08:50:44z: BME280 (0x76)
 0h00:05.735 2022/12/30T08:50:44z: 84:f3:eb:7d:7:a8
 0h00:05.737 2022/12/30T08:50:44z: SSID: MU Open
 0h00:05.742 2022/12/30T08:50:44z: AP_STAR tmr
 ets Jan  8 2013,rst cause:4, boot mode:(3,7)

wdt reset
load 0x4010f000, len 1384, room 16 
tail 8
chksum 0x2d
csum 0x2d
v8b899c12
~ld


6.01
 0h00:05.927 2022/12/30T09:10:50z: DS3231
 0h00:05.943 2022/12/30T09:10:50z: BME280 (0x76)
 0h00:05.957 2022/12/30T09:10:50z: 84:f3:eb:7d:7:a8
 0h00:05.958 2022/12/30T09:10:50z: SSID: MU Open
 0h00:05.964 2022/12/30T09:10:50z: AP_STAR tmr
 ets Jan  8 2013,rst cause:4, boot mode:(3,7)

wdt reset
load 0x4010f000, len 1384, room 16 
tail 8
chksum 0x2d
csum 0x2d
v8b899c12
~ld


6.01
 0h00:05.886 2022/12/30T09:30:57z: DS3231
 0h00:05.901 2022/12/30T09:30:57z: BME280 (0x76)
 0h00:05.915 2022/12/30T09:30:57z: 84:f3:eb:7d:7:a8
 0h00:05.917 2022/12/30T09:30:57z: SSID: MU Open
 0h00:05.922 2022/12/30T09:30:57z: AP_STAR tmr
 ets Jan  8 2013,rst cause:4, boot mode:(3,7)

wdt reset
load 0x4010f000, len 1384, room 16 
tail 8
chksum 0x2d
csum 0x2d
v8b899c12
~ld


6.01
 0h00:05.743 2022/12/30T09:51:03z: DS3231
 0h00:05.758 2022/12/30T09:51:03z: BME280 (0x76)
 0h00:05.773 2022/12/30T09:51:03z: 84:f3:eb:7d:7:a8
 0h00:05.774 2022/12/30T09:51:03z: SSID: MU Open
 0h00:05.779 2022/12/30T09:51:03z: AP_STAR tmr
 ets Jan  8 2013,rst cause:4, boot mode:(3,7)

wdt reset
load 0x4010f000, len 1384, room 16 
tail 8
chksum 0x2d
csum 0x2d
v8b899c12
~ld


6.01
 0h00:05.490 2022/12/30T10:11:09z: DS3231
 0h00:05.505 2022/12/30T10:11:09z: BME280 (0x76)
 0h00:05.519 2022/12/30T10:11:09z: 84:f3:eb:7d:7:a8
 0h00:05.521 2022/12/30T10:11:09z: SSID: MU Open
 0h00:05.526 2022/12/30T10:11:09z: AP_STAR tmr
 ets Jan  8 2013,rst cause:4, boot mode:(3,7)

wdt reset
load 0x4010f000, len 1384, room 16 
tail 8
chksum 0x2d
csum 0x2d
v8b899c12
~ld


6.01
 0h00:05.150 2022/12/30T10:31:16z: DS3231
 0h00:05.165 2022/12/30T10:31:16z: BME280 (0x76)
 0h00:05.179 2022/12/30T10:31:16z: 84:f3:eb:7d:7:a8
 0h00:05.181 2022/12/30T10:31:16z: SSID: MU Open
 0h00:05.186 2022/12/30T10:31:16z: AP_STAR tmr
 ets Jan  8 2013,rst cause:4, boot mode:(3,7)

wdt reset
load 0x4010f000, len 1384, room 16 
tail 8
chksum 0x2d
csum 0x2d
v8b899c12
~ld


6.01
 0h00:05.758 2022/12/30T10:51:22z: DS3231
 0h00:05.774 2022/12/30T10:51:22z: BME280 (0x76)
 0h00:05.788 2022/12/30T10:51:22z: 84:f3:eb:7d:7:a8
 0h00:05.790 2022/12/30T10:51:22z: SSID: MU Open
 0h00:05.795 2022/12/30T10:51:22z: AP_STAR tmr
 ets Jan  8 2013,rst cause:4, boot mode:(3,7)

wdt reset
load 0x4010f000, len 1384, room 16 
tail 8
chksum 0x2d
csum 0x2d
v8b899c12
~ld


6.01
 0h00:05.719 2022/12/30T11:11:28z: DS3231
 0h00:05.735 2022/12/30T11:11:28z: BME280 (0x76)
 0h00:05.749 2022/12/30T11:11:28z: 84:f3:eb:7d:7:a8
 0h00:05.750 2022/12/30T11:11:28z: SSID: MU Open
 0h00:05.756 2022/12/30T11:11:28z: AP_STAR tmr
 ets Jan  8 2013,rst cause:4, boot mode:(3,7)

wdt reset
load 0x4010f000, len 1384, room 16 
tail 8
chksum 0x2d
csum 0x2d
v8b899c12
~ld


6.01
 0h00:06.053 2022/12/30T11:31:35z: DS3231
 0h00:06.069 2022/12/30T11:31:35z: BME280 (0x76)
 0h00:06.083 2022/12/30T11:31:35z: 84:f3:eb:7d:7:a8
 0h00:06.085 2022/12/30T11:31:35z: SSID: MU Open
 0h00:06.090 2022/12/30T11:31:35z: AP_STAR tmr
 ets Jan  8 2013,rst cause:4, boot mode:(3,7)

wdt reset
load 0x4010f000, len 1384, room 16 
tail 8
chksum 0x2d
csum 0x2d
v8b899c12
~ld


6.01
 0h00:06.105 2022/12/30T11:51:42z: DS3231
 0h00:06.120 2022/12/30T11:51:42z: BME280 (0x76)
 0h00:06.135 2022/12/30T11:51:42z: 84:f3:eb:7d:7:a8
 0h00:06.136 2022/12/30T11:51:42z: SSID: MU Open
 0h00:06.142 2022/12/30T11:51:42z: AP_STAR tmr
 ets Jan  8 2013,rst cause:4, boot mode:(3,7)

wdt reset
load 0x4010f000, len 1384, room 16 
tail 8
chksum 0x2d
csum 0x2d
v8b899c12
~ld


6.01
 0h00:06.122 2022/12/30T12:11:50z: DS3231
 0h00:06.138 2022/12/30T12:11:50z: BME280 (0x76)
 0h00:06.152 2022/12/30T12:11:50z: 84:f3:eb:7d:7:a8
 0h00:06.154 2022/12/30T12:11:50z: SSID: MU Open
 0h00:06.159 2022/12/30T12:11:50z: AP_STAR tmr
 ets Jan  8 2013,rst cause:4, boot mode:(3,7)

wdt reset
load 0x4010f000, len 1384, room 16 
tail 8
chksum 0x2d
csum 0x2d
v8b899c12
~ld


6.01
 0h00:05.929 2022/12/30T12:31:57z: DS3231
 0h00:05.945 2022/12/30T12:31:57z: BME280 (0x76)
 0h00:05.959 2022/12/30T12:31:57z: 84:f3:eb:7d:7:a8
 0h00:05.960 2022/12/30T12:31:57z: SSID: MU Open
 0h00:05.966 2022/12/30T12:31:57z: AP_STAR tmr
 ets Jan  8 2013,rst cause:4, boot mode:(3,7)

wdt reset
load 0x4010f000, len 1384, room 16 
tail 8
chksum 0x2d
csum 0x2d
v8b899c12
~ld


6.01
 0h00:05.892 2022/12/30T12:52:04z: DS3231
 0h00:05.907 2022/12/30T12:52:04z: BME280 (0x76)
 0h00:05.921 2022/12/30T12:52:04z: 84:f3:eb:7d:7:a8
 0h00:05.923 2022/12/30T12:52:04z: SSID: MU Open
 0h00:05.928 2022/12/30T12:52:04z: AP_STAR tmr
 ets Jan  8 2013,rst cause:4, boot mode:(3,7)

wdt reset
load 0x4010f000, len 1384, room 16 
tail 8
chksum 0x2d
csum 0x2d
v8b899c12
~ld


6.01
 0h00:06.022 2022/12/30T13:12:11z: DS3231
 0h00:06.038 2022/12/30T13:12:11z: BME280 (0x76)
 0h00:06.052 2022/12/30T13:12:11z: 84:f3:eb:7d:7:a8
 0h00:06.054 2022/12/30T13:12:11z: SSID: MU Open
 0h00:06.059 2022/12/30T13:12:11z: AP_STAR tmr
 ets Jan  8 2013,rst cause:4, boot mode:(3,7)

wdt reset
load 0x4010f000, len 1384, room 16 
tail 8
chksum 0x2d
csum 0x2d
v8b899c12
~ld


6.01
 0h00:06.092 2022/12/30T13:32:19z: DS3231
 0h00:06.107 2022/12/30T13:32:19z: BME280 (0x76)
 0h00:06.121 2022/12/30T13:32:19z: 84:f3:eb:7d:7:a8
 0h00:06.123 2022/12/30T13:32:19z: SSID: MU Open
 0h00:06.128 2022/12/30T13:32:19z: AP_STAR tmr
 ets Jan  8 2013,rst cause:4, boot mode:(3,7)

wdt reset
load 0x4010f000, len 1384, room 16 
tail 8
chksum 0x2d
csum 0x2d
v8b899c12
~ld


6.01
 0h00:05.789 2022/12/30T13:52:26z: DS3231
 0h00:05.804 2022/12/30T13:52:26z: BME280 (0x76)
 0h00:05.818 2022/12/30T13:52:26z: 84:f3:eb:7d:7:a8
 0h00:05.820 2022/12/30T13:52:26z: SSID: MU Open
 0h00:05.825 2022/12/30T13:52:26z: AP_STAR tmr
 ets Jan  8 2013,rst cause:4, boot mode:(3,7)

wdt reset
load 0x4010f000, len 1384, room 16 
tail 8
chksum 0x2d
csum 0x2d
v8b899c12
~ld


6.01
 0h00:06.125 2022/12/30T14:12:34z: DS3231
 0h00:06.141 2022/12/30T14:12:34z: BME280 (0x76)
 0h00:06.155 2022/12/30T14:12:34z: 84:f3:eb:7d:7:a8
 0h00:06.156 2022/12/30T14:12:34z: SSID: MU Open
 0h00:06.162 2022/12/30T14:12:34z: AP_STAR tmr
 ets Jan  8 2013,rst cause:4, boot mode:(3,7)

wdt reset
load 0x4010f000, len 1384, room 16 
tail 8
chksum 0x2d
csum 0x2d
v8b899c12
~ld


6.01
 0h00:05.992 2022/12/30T14:32:40z: DS3231
 0h00:06.007 2022/12/30T14:32:41z: BME280 (0x76)
 0h00:06.021 2022/12/30T14:32:41z: 84:f3:eb:7d:7:a8
 0h00:06.023 2022/12/30T14:32:41z: SSID: MU Open
 0h00:06.028 2022/12/30T14:32:41z: AP_STAR tmr
 ets Jan  8 2013,rst cause:4, boot mode:(3,7)

wdt reset
load 0x4010f000, len 1384, room 16 
tail 8
chksum 0x2d
csum 0x2d
v8b899c12
~ld


6.01
 0h00:06.264 2022/12/30T14:52:48z: DS3231
 0h00:06.279 2022/12/30T14:52:48z: BME280 (0x76)
 0h00:06.294 2022/12/30T14:52:48z: 84:f3:eb:7d:7:a8
 0h00:06.295 2022/12/30T14:52:48z: SSID: MU Open
 0h00:06.301 2022/12/30T14:52:48z: AP_STAR tmr
 ets Jan  8 2013,rst cause:4, boot mode:(3,7)

wdt reset
load 0x4010f000, len 1384, room 16 
tail 8
chksum 0x2d
csum 0x2d
v8b899c12
~ld


6.01
 0h00:06.430 2022/12/30T15:12:56z: DS3231
 0h00:06.445 2022/12/30T15:12:56z: BME280 (0x76)
 0h00:06.459 2022/12/30T15:12:56z: 84:f3:eb:7d:7:a8
 0h00:06.461 2022/12/30T15:12:56z: SSID: MU Open
 0h00:06.466 2022/12/30T15:12:56z: AP_STAR tmr
 ets Jan  8 2013,rst cause:4, boot mode:(3,7)

wdt reset
load 0x4010f000, len 1384, room 16 
tail 8
chksum 0x2d
csum 0x2d
v8b899c12
~ld


6.01
 0h00:06.211 2022/12/30T15:33:03z: DS3231
 0h00:06.226 2022/12/30T15:33:03z: BME280 (0x76)
 0h00:06.240 2022/12/30T15:33:03z: 84:f3:eb:7d:7:a8
 0h00:06.242 2022/12/30T15:33:03z: SSID: MU Open
 0h00:06.247 2022/12/30T15:33:03z: AP_STAR tmr
 ets Jan  8 2013,rst cause:4, boot mode:(3,7)

wdt reset
load 0x4010f000, len 1384, room 16 
tail 8
chksum 0x2d
csum 0x2d
v8b899c12
~ld


6.01
 0h00:06.284 2022/12/30T15:53:11z: DS3231
 0h00:06.299 2022/12/30T15:53:11z: BME280 (0x76)
 0h00:06.313 2022/12/30T15:53:11z: 84:f3:eb:7d:7:a8
 0h00:06.315 2022/12/30T15:53:11z: SSID: MU Open
 0h00:06.320 2022/12/30T15:53:11z: AP_STAR tmr
 ets Jan  8 2013,rst cause:4, boot mode:(3,7)

wdt reset
load 0x4010f000, len 1384, room 16 
tail 8
chksum 0x2d
csum 0x2d
v8b899c12
~ld


6.01
 0h00:06.422 2022/12/30T16:13:18z: DS3231
 0h00:06.437 2022/12/30T16:13:18z: BME280 (0x76)
 0h00:06.451 2022/12/30T16:13:18z: 84:f3:eb:7d:7:a8
 0h00:06.453 2022/12/30T16:13:18z: SSID: MU Open
 0h00:06.458 2022/12/30T16:13:18z: AP_STAR tmr
 ets Jan  8 2013,rst cause:4, boot mode:(3,7)

wdt reset
load 0x4010f000, len 1384, room 16 
tail 8
chksum 0x2d
csum 0x2d
v8b899c12
~ld


6.01
 0h00:06.207 2022/12/30T16:33:26z: DS3231
 0h00:06.223 2022/12/30T16:33:26z: BME280 (0x76)
 0h00:06.237 2022/12/30T16:33:26z: 84:f3:eb:7d:7:a8
 0h00:06.238 2022/12/30T16:33:26z: SSID: MU Open
 0h00:06.244 2022/12/30T16:33:26z: AP_STAR tmr
 ets Jan  8 2013,rst cause:4, boot mode:(3,7)

wdt reset
load 0x4010f000, len 1384, room 16 
tail 8
chksum 0x2d
csum 0x2d
v8b899c12
~ld


6.01
 0h00:06.478 2022/12/30T16:53:34z: DS3231
 0h00:06.493 2022/12/30T16:53:34z: BME280 (0x76)
 0h00:06.507 2022/12/30T16:53:34z: 84:f3:eb:7d:7:a8
 0h00:06.509 2022/12/30T16:53:34z: SSID: MU Open
 0h00:06.514 2022/12/30T16:53:34z: AP_STAR tmr
 ets Jan  8 2013,rst cause:4, boot mode:(3,7)

wdt reset
load 0x4010f000, len 1384, room 16 
tail 8
chksum 0x2d
csum 0x2d
v8b899c12
~ld


6.01
 0h00:06.395 2022/12/30T17:13:42z: DS3231
 0h00:06.411 2022/12/30T17:13:42z: BME280 (0x76)
 0h00:06.425 2022/12/30T17:13:42z: 84:f3:eb:7d:7:a8
 0h00:06.427 2022/12/30T17:13:42z: SSID: MU Open
 0h00:06.432 2022/12/30T17:13:42z: AP_STAR tmr
 ets Jan  8 2013,rst cause:4, boot mode:(3,7)

wdt reset
load 0x4010f000, len 1384, room 16 
tail 8
chksum 0x2d
csum 0x2d
v8b899c12
~ld


6.01
 0h00:06.191 2022/12/30T17:33:50z: DS3231
 0h00:06.206 2022/12/30T17:33:50z: BME280 (0x76)
 0h00:06.220 2022/12/30T17:33:50z: 84:f3:eb:7d:7:a8
 0h00:06.222 2022/12/30T17:33:50z: SSID: MU Open
 0h00:06.227 2022/12/30T17:33:50z: AP_STAR tmr
 ets Jan  8 2013,rst cause:4, boot mode:(3,7)

wdt reset
load 0x4010f000, len 1384, room 16 
tail 8
chksum 0x2d
csum 0x2d
v8b899c12
~ld


6.01
 0h00:06.074 2022/12/30T17:53:57z: DS3231
 0h00:06.089 2022/12/30T17:53:57z: BME280 (0x76)
 0h00:06.104 2022/12/30T17:53:57z: 84:f3:eb:7d:7:a8
 0h00:06.105 2022/12/30T17:53:57z: SSID: MU Open
 0h00:06.111 2022/12/30T17:53:57z: AP_STAR tmr
 ets Jan  8 2013,rst cause:4, boot mode:(3,7)

wdt reset
load 0x4010f000, len 1384, room 16 
tail 8
chksum 0x2d
csum 0x2d
v8b899c12
~ld


6.01
 0h00:06.149 2022/12/30T18:14:05z: DS3231
 0h00:06.164 2022/12/30T18:14:05z: BME280 (0x76)
 0h00:06.179 2022/12/30T18:14:05z: 84:f3:eb:7d:7:a8
 0h00:06.180 2022/12/30T18:14:05z: SSID: MU Open
 0h00:06.185 2022/12/30T18:14:05z: AP_STAR tmr
 ets Jan  8 2013,rst cause:4, boot mode:(3,7)

wdt reset
load 0x4010f000, len 1384, room 16 
tail 8
chksum 0x2d
csum 0x2d
v8b899c12
~ld


6.01
 0h00:06.347 2022/12/30T18:34:14z: DS3231
 0h00:06.362 2022/12/30T18:34:14z: BME280 (0x76)
 0h00:06.376 2022/12/30T18:34:14z: 84:f3:eb:7d:7:a8
 0h00:06.378 2022/12/30T18:34:14z: SSID: MU Open
 0h00:06.383 2022/12/30T18:34:14z: AP_STAR tmr
 ets Jan  8 2013,rst cause:4, boot mode:(3,7)

wdt reset
load 0x4010f000, len 1384, room 16 
tail 8
chksum 0x2d
csum 0x2d
v8b899c12
~ld


6.01
 0h00:06.012 2022/12/30T18:54:21z: DS3231
 0h00:06.028 2022/12/30T18:54:21z: BME280 (0x76)
 0h00:06.042 2022/12/30T18:54:21z: 84:f3:eb:7d:7:a8
 0h00:06.044 2022/12/30T18:54:21z: SSID: MU Open
 0h00:06.049 2022/12/30T18:54:21z: AP_STAR tmr
 ets Jan  8 2013,rst cause:4, boot mode:(3,7)

wdt reset
load 0x4010f000, len 1384, room 16 
tail 8
chksum 0x2d
csum 0x2d
v8b899c12
~ld


6.01
 0h00:06.261 2022/12/30T19:14:28z: DS3231
 0h00:06.277 2022/12/30T19:14:28z: BME280 (0x76)
 0h00:06.291 2022/12/30T19:14:28z: 84:f3:eb:7d:7:a8
 0h00:06.293 2022/12/30T19:14:28z: SSID: MU Open
 0h00:06.298 2022/12/30T19:14:28z: AP_STAR tmr
 ets Jan  8 2013,rst cause:4, boot mode:(3,7)

wdt reset
load 0x4010f000, len 1384, room 16 
tail 8
chksum 0x2d
csum 0x2d
v8b899c12
~ld


6.01
 0h00:05.985 2022/12/30T19:34:35z: DS3231
 0h00:06.000 2022/12/30T19:34:35z: BME280 (0x76)
 0h00:06.014 2022/12/30T19:34:35z: 84:f3:eb:7d:7:a8
 0h00:06.016 2022/12/30T19:34:35z: SSID: MU Open
 0h00:06.021 2022/12/30T19:34:35z: AP_STAR tmr
 ets Jan  8 2013,rst cause:4, boot mode:(3,7)

wdt reset
load 0x4010f000, len 1384, room 16 
tail 8
chksum 0x2d
csum 0x2d
v8b899c12
~ld


6.01
 0h00:05.949 2022/12/30T19:54:42z: DS3231
 0h00:05.964 2022/12/30T19:54:42z: BME280 (0x76)
 0h00:05.978 2022/12/30T19:54:42z: 84:f3:eb:7d:7:a8
 0h00:05.980 2022/12/30T19:54:42z: SSID: MU Open
 0h00:05.985 2022/12/30T19:54:42z: AP_STAR tmr
 ets Jan  8 2013,rst cause:4, boot mode:(3,7)

wdt reset
load 0x4010f000, len 1384, room 16 
tail 8
chksum 0x2d
csum 0x2d
v8b899c12
~ld


6.01
 0h00:06.194 2022/12/30T20:14:50z: DS3231
 0h00:06.209 2022/12/30T20:14:50z: BME280 (0x76)
 0h00:06.224 2022/12/30T20:14:50z: 84:f3:eb:7d:7:a8
 0h00:06.225 2022/12/30T20:14:50z: SSID: MU Open
 0h00:06.230 2022/12/30T20:14:50z: AP_STAR tmr
 ets Jan  8 2013,rst cause:4, boot mode:(3,7)

wdt reset
load 0x4010f000, len 1384, room 16 
tail 8
chksum 0x2d
csum 0x2d
v8b899c12
~ld


6.01
 0h00:06.253 2022/12/30T20:34:57z: DS3231
 0h00:06.269 2022/12/30T20:34:57z: BME280 (0x76)
 0h00:06.283 2022/12/30T20:34:57z: 84:f3:eb:7d:7:a8
 0h00:06.284 2022/12/30T20:34:57z: SSID: MU Open
 0h00:06.290 2022/12/30T20:34:57z: AP_STAR tmr
 ets Jan  8 2013,rst cause:4, boot mode:(3,7)

wdt reset
load 0x4010f000, len 1384, room 16 
tail 8
chksum 0x2d
csum 0x2d
v8b899c12
~ld


6.01
 0h00:06.180 2022/12/30T20:55:05z: DS3231
 0h00:06.196 2022/12/30T20:55:05z: BME280 (0x76)
 0h00:06.210 2022/12/30T20:55:05z: 84:f3:eb:7d:7:a8
 0h00:06.212 2022/12/30T20:55:05z: SSID: MU Open
 0h00:06.217 2022/12/30T20:55:05z: AP_STAR tmr
 ets Jan  8 2013,rst cause:4, boot mode:(3,7)

wdt reset
load 0x4010f000, len 1384, room 16 
tail 8
chksum 0x2d
csum 0x2d
v8b899c12
~ld


6.01
 0h00:05.959 2022/12/30T21:15:12z: DS3231
 0h00:05.974 2022/12/30T21:15:12z: BME280 (0x76)
 0h00:05.988 2022/12/30T21:15:12z: 84:f3:eb:7d:7:a8
 0h00:05.990 2022/12/30T21:15:12z: SSID: MU Open
 0h00:05.995 2022/12/30T21:15:12z: AP_STAR tmr
 ets Jan  8 2013,rst cause:4, boot mode:(3,7)

wdt reset
load 0x4010f000, len 1384, room 16 
tail 8
chksum 0x2d
csum 0x2d
v8b899c12
~ld


6.01
 0h00:05.841 2022/12/30T21:35:18z: DS3231
 0h00:05.856 2022/12/30T21:35:18z: BME280 (0x76)
 0h00:05.871 2022/12/30T21:35:18z: 84:f3:eb:7d:7:a8
 0h00:05.872 2022/12/30T21:35:18z: SSID: MU Open
 0h00:05.877 2022/12/30T21:35:18z: AP_STAR tmr
 ets Jan  8 2013,rst cause:4, boot mode:(3,7)

wdt reset
load 0x4010f000, len 1384, room 16 
tail 8
chksum 0x2d
csum 0x2d
v8b899c12
~ld


6.01
 0h00:05.986 2022/12/30T21:55:25z: DS3231
 0h00:06.001 2022/12/30T21:55:25z: BME280 (0x76)
 0h00:06.015 2022/12/30T21:55:25z: 84:f3:eb:7d:7:a8
 0h00:06.017 2022/12/30T21:55:25z: SSID: MU Open
 0h00:06.022 2022/12/30T21:55:25z: AP_STAR tmr
 ets Jan  8 2013,rst cause:4, boot mode:(3,7)

wdt reset
load 0x4010f000, len 1384, room 16 
tail 8
chksum 0x2d
csum 0x2d
v8b899c12
~ld


6.01
 0h00:06.180 2022/12/30T22:15:32z: DS3231
 0h00:06.195 2022/12/30T22:15:32z: BME280 (0x76)
 0h00:06.210 2022/12/30T22:15:33z: 84:f3:eb:7d:7:a8
 0h00:06.211 2022/12/30T22:15:33z: SSID: MU Open
 0h00:06.216 2022/12/30T22:15:33z: AP_STAR tmr
 ets Jan  8 2013,rst cause:4, boot mode:(3,7)

wdt reset
load 0x4010f000, len 1384, room 16 
tail 8
chksum 0x2d
csum 0x2d
v8b899c12
~ld


6.01
 0h00:06.424 2022/12/30T22:35:40z: DS3231
 0h00:06.439 2022/12/30T22:35:40z: BME280 (0x76)
 0h00:06.454 2022/12/30T22:35:40z: 84:f3:eb:7d:7:a8
 0h00:06.455 2022/12/30T22:35:40z: SSID: MU Open
 0h00:06.460 2022/12/30T22:35:40z: AP_STAR tmr
 ets Jan  8 2013,rst cause:4, boot mode:(3,7)

wdt reset
load 0x4010f000, len 1384, room 16 
tail 8
chksum 0x2d
csum 0x2d
v8b899c12
~ld


6.01
 0h00:06.461 2022/12/30T22:55:48z: DS3231
 0h00:06.476 2022/12/30T22:55:48z: BME280 (0x76)
 0h00:06.490 2022/12/30T22:55:48z: 84:f3:eb:7d:7:a8
 0h00:06.492 2022/12/30T22:55:48z: SSID: MU Open
 0h00:06.497 2022/12/30T22:55:48z: AP_STAR tmr
 ets Jan  8 2013,rst cause:4, boot mode:(3,7)

wdt reset
load 0x4010f000, len 1384, room 16 
tail 8
chksum 0x2d
csum 0x2d
v8b899c12
~ld


6.01
 0h00:06.310 2022/12/30T23:15:56z: DS3231
 0h00:06.325 2022/12/30T23:15:56z: BME280 (0x76)
 0h00:06.340 2022/12/30T23:15:56z: 84:f3:eb:7d:7:a8
 0h00:06.341 2022/12/30T23:15:56z: SSID: MU Open
 0h00:06.347 2022/12/30T23:15:56z: AP_STAR tmr
 ets Jan  8 2013,rst cause:4, boot mode:(3,7)

wdt reset
load 0x4010f000, len 1384, room 16 
tail 8
chksum 0x2d
csum 0x2d
v8b899c12
~ld


6.01
 0h00:06.110 2022/12/30T23:36:03z: DS3231
 0h00:06.125 2022/12/30T23:36:03z: BME280 (0x76)
 0h00:06.139 2022/12/30T23:36:03z: 84:f3:eb:7d:7:a8
 0h00:06.141 2022/12/30T23:36:03z: SSID: MU Open
 0h00:06.146 2022/12/30T23:36:03z: AP_STAR tmr
 ets Jan  8 2013,rst cause:4, boot mode:(3,7)

wdt reset
load 0x4010f000, len 1384, room 16 
tail 8
chksum 0x2d
csum 0x2d
v8b899c12
~ld


6.01
 0h00:06.251 2022/12/30T23:56:10z: DS3231
 0h00:06.266 2022/12/30T23:56:10z: BME280 (0x76)
 0h00:06.280 2022/12/30T23:56:10z: 84:f3:eb:7d:7:a8
 0h00:06.282 2022/12/30T23:56:10z: SSID: MU Open
 0h00:06.287 2022/12/30T23:56:10z: AP_STA