R tmr
 ets Jan  8 2013,rst cause:4, boot mode:(3,7)

wdt reset
load 0x4010f000, len 1384, room 16 
tail 8
chksum 0x2d
csum 0x2d
v8b899c12
~ld


6.01
 0h00:05.311 2022/10/22T00:01:58z: DS3231
 0h00:05.326 2022/10/22T00:01:58z: BME280 (0x76)
 0h00:05.340 2022/10/22T00:01:58z: 84:f3:eb:7d:7:a8
 0h00:05.342 2022/10/22T00:01:58z: SSID: MU Open
 0h00:05.347 2022/10/22T00:01:58z: AP_STAR tmr
 ets Jan  8 2013,rst cause:4, boot mode:(3,7)

wdt reset
load 0x4010f000, len 1384, room 16 
tail 8
chksum 0x2d
csum 0x2d
v8b899c12
~ld


6.01
 0h00:05.401 2022/10/22T00:22:03z: DS3231
 0h00:05.416 2022/10/22T00:22:03z: BME280 (0x76)
 0h00:05.430 2022/10/22T00:22:03z: 84:f3:eb:7d:7:a8
 0h00:05.432 2022/10/22T00:22:03z: SSID: MU Open
 0h00:05.437 2022/10/22T00:22:03z: AP_STAR tmr
 ets Jan  8 2013,rst cause:4, boot mode:(3,7)

wdt reset
load 0x4010f000, len 1384, room 16 
tail 8
chksum 0x2d
csum 0x2d
v8b899c12
~ld


6.01
 0h00:04.971 2022/10/22T00:42:08z: DS3231
 0h00:04.987 2022/10/22T00:42:08z: BME280 (0x76)
 0h00:05.001 2022/10/22T00:42:08z: 84:f3:eb:7d:7:a8
 0h00:05.003 2022/10/22T00:42:08z: SSID: MU Open
 0h00:05.008 2022/10/22T00:42:08z: AP_STAR tmr
 ets Jan  8 2013,rst cause:4, boot mode:(3,7)

wdt reset
load 0x4010f000, len 1384, room 16 
tail 8
chksum 0x2d
csum 0x2d
v8b899c12
~ld


6.01
 0h00:04.832 2022/10/22T01:02:13z: DS3231
 0h00:04.847 2022/10/22T01:02:13z: BME280 (0x76)
 0h00:04.861 2022/10/22T01:02:13z: 84:f3:eb:7d:7:a8
 0h00:04.863 2022/10/22T01:02:13z: SSID: MU Open
 0h00:04.868 2022/10/22T01:02:13z: AP_STAR tmr
 ets Jan  8 2013,rst cause:4, boot mode:(3,7)

wdt reset
load 0x4010f000, len 1384, room 16 
tail 8
chksum 0x2d
csum 0x2d
v8b899c12
~ld


6.01
 0h00:05.049 2022/10/22T01:22:17z: DS3231
 0h00:05.064 2022/10/22T01:22:17z: BME280 (0x76)
 0h00:05.079 2022/10/22T01:22:17z: 84:f3:eb:7d:7:a8
 0h00:05.080 2022/10/22T01:22:17z: SSID: MU Open
 0h00:05.086 2022/10/22T01:22:17z: AP_STAR tmr
 ets Jan  8 2013,rst cause:4, boot mode:(3,7)

wdt reset
load 0x4010f000, len 1384, room 16 
tail 8
chksum 0x2d
csum 0x2d
v8b899c12
~ld


6.01
 0h00:04.762 2022/10/22T01:42:21z: DS3231
 0h00:04.777 2022/10/22T01:42:21z: BME280 (0x76)
 0h00:04.791 2022/10/22T01:42:21z: 84:f3:eb:7d:7:a8
 0h00:04.793 2022/10/22T01:42:21z: SSID: MU Open
 0h00:04.798 2022/10/22T01:42:21z: AP_STAR tmr
 ets Jan  8 2013,rst cause:4, boot mode:(3,7)

wdt reset
load 0x4010f000, len 1384, room 16 
tail 8
chksum 0x2d
csum 0x2d
v8b899c12
~ld


6.01
 0h00:05.136 2022/10/22T02:02:26z: DS3231
 0h00:05.151 2022/10/22T02:02:26z: BME280 (0x76)
 0h00:05.166 2022/10/22T02:02:26z: 84:f3:eb:7d:7:a8
 0h00:05.167 2022/10/22T02:02:26z: SSID: MU Open
 0h00:05.172 2022/10/22T02:02:26z: AP_STAR tmr
 ets Jan  8 2013,rst cause:4, boot mode:(3,7)

wdt reset
load 0x4010f000, len 1384, room 16 
tail 8
chksum 0x2d
csum 0x2d
v8b899c12
~ld


6.01
 0h00:05.180 2022/10/22T02:22:31z: DS3231
 0h00:05.196 2022/10/22T02:22:31z: BME280 (0x76)
 0h00:05.210 2022/10/22T02:22:31z: 84:f3:eb:7d:7:a8
 0h00:05.211 2022/10/22T02:22:31z: SSID: MU Open
 0h00:05.217 2022/10/22T02:22:31z: AP_STAR tmr
 ets Jan  8 2013,rst cause:4, boot mode:(3,7)

wdt reset
load 0x4010f000, len 1384, room 16 
tail 8
chksum 0x2d
csum 0x2d
v8b899c12
~ld


6.01
 0h00:05.204 2022/10/22T02:42:36z: DS3231
 0h00:05.220 2022/10/22T02:42:36z: BME280 (0x76)
 0h00:05.234 2022/10/22T02:42:36z: 84:f3:eb:7d:7:a8
 0h00:05.236 2022/10/22T02:42:36z: SSID: MU Open
 0h00:05.241 2022/10/22T02:42:36z: AP_STAR tmr
 ets Jan  8 2013,rst cause:4, boot mode:(3,7)

wdt reset
load 0x4010f000, len 1384, room 16 
tail 8
chksum 0x2d
csum 0x2d
v8b899c12
~ld


6.01
 0h00:04.880 2022/10/22T03:02:41z: DS3231
 0h00:04.896 2022/10/22T03:02:41z: BME280 (0x76)
 0h00:04.910 2022/10/22T03:02:41z: 84:f3:eb:7d:7:a8
 0h00:04.912 2022/10/22T03:02:41z: SSID: MU Open
 0h00:04.917 2022/10/22T03:02:41z: AP_STAR tmr
 ets Jan  8 2013,rst cause:4, boot mode:(3,7)

wdt reset
load 0x4010f000, len 1384, room 16 
tail 8
chksum 0x2d
csum 0x2d
v8b899c12
~ld


6.01
 0h00:05.179 2022/10/22T03:22:46z: DS3231
 0h00:05.194 2022/10/22T03:22:46z: BME280 (0x76)
 0h00:05.208 2022/10/22T03:22:46z: 84:f3:eb:7d:7:a8
 0h00:05.210 2022/10/22T03:22:46z: SSID: MU Open
 0h00:05.215 2022/10/22T03:22:46z: AP_STAR tmr
 ets Jan  8 2013,rst cause:4, boot mode:(3,7)

wdt reset
load 0x4010f000, len 1384, room 16 
tail 8
chksum 0x2d
csum 0x2d
v8b899c12
~ld


6.01
 0h00:04.944 2022/10/22T03:42:51z: DS3231
 0h00:04.960 2022/10/22T03:42:51z: BME280 (0x76)
 0h00:04.974 2022/10/22T03:42:51z: 84:f3:eb:7d:7:a8
 0h00:04.976 2022/10/22T03:42:51z: SSID: MU Open
 0h00:04.981 2022/10/22T03:42:51z: AP_STAR tmr
 ets Jan  8 2013,rst cause:4, boot mode:(3,7)

wdt reset
load 0x4010f000, len 1384, room 16 
tail 8
chksum 0x2d
csum 0x2d
v8b899c12
~ld


6.01
 0h00:05.233 2022/10/22T04:02:56z: DS3231
 0h00:05.249 2022/10/22T04:02:56z: BME280 (0x76)
 0h00:05.263 2022/10/22T04:02:56z: 84:f3:eb:7d:7:a8
 0h00:05.264 2022/10/22T04:02:56z: SSID: MU Open
 0h00:05.270 2022/10/22T04:02:56z: AP_STAR tmr
 ets Jan  8 2013,rst cause:4, boot mode:(3,7)

wdt reset
load 0x4010f000, len 1384, room 16 
tail 8
chksum 0x2d
csum 0x2d
v8b899c12
~ld


6.01
 0h00:05.112 2022/10/22T04:23:01z: DS3231
 0h00:05.127 2022/10/22T04:23:01z: BME280 (0x76)
 0h00:05.141 2022/10/22T04:23:01z: 84:f3:eb:7d:7:a8
 0h00:05.143 2022/10/22T04:23:01z: SSID: MU Open
 0h00:05.148 2022/10/22T04:23:01z: AP_STAR tmr
 ets Jan  8 2013,rst cause:4, boot mode:(3,7)

wdt reset
load 0x4010f000, len 1384, room 16 
tail 8
chksum 0x2d
csum 0x2d
v8b899c12
~ld


6.01
 0h00:05.225 2022/10/22T04:43:05z: DS3231
 0h00:05.240 2022/10/22T04:43:05z: BME280 (0x76)
 0h00:05.255 2022/10/22T04:43:05z: 84:f3:eb:7d:7:a8
 0h00:05.256 2022/10/22T04:43:05z: SSID: MU Open
 0h00:05.261 2022/10/22T04:43:05z: AP_STAR tmr
 ets Jan  8 2013,rst cause:4, boot mode:(3,7)

wdt reset
load 0x4010f000, len 1384, room 16 
tail 8
chksum 0x2d
csum 0x2d
v8b899c12
~ld


6.01
 0h00:05.067 2022/10/22T05:03:10z: DS3231
 0h00:05.082 2022/10/22T05:03:10z: BME280 (0x76)
 0h00:05.096 2022/10/22T05:03:10z: 84:f3:eb:7d:7:a8
 0h00:05.098 2022/10/22T05:03:10z: SSID: MU Open
 0h00:05.103 2022/10/22T05:03:10z: AP_STAR tmr
 ets Jan  8 2013,rst cause:4, boot mode:(3,7)

wdt reset
load 0x4010f000, len 1384, room 16 
tail 8
chksum 0x2d
csum 0x2d
v8b899c12
~ld


6.01
 0h00:05.043 2022/10/22T05:23:15z: DS3231
 0h00:05.058 2022/10/22T05:23:15z: BME280 (0x76)
 0h00:05.073 2022/10/22T05:23:15z: 84:f3:eb:7d:7:a8
 0h00:05.074 2022/10/22T05:23:15z: SSID: MU Open
 0h00:05.079 2022/10/22T05:23:15z: AP_STAR tmr
 ets Jan  8 2013,rst cause:4, boot mode:(3,7)

wdt reset
load 0x4010f000, len 1384, room 16 
tail 8
chksum 0x2d
csum 0x2d
v8b899c12
~ld


6.01
 0h00:04.769 2022/10/22T05:43:19z: DS3231
 0h00:04.784 2022/10/22T05:43:19z: BME280 (0x76)
 0h00:04.798 2022/10/22T05:43:19z: 84:f3:eb:7d:7:a8
 0h00:04.800 2022/10/22T05:43:19z: SSID: MU Open
 0h00:04.805 2022/10/22T05:43:19z: AP_STAR tmr
 ets Jan  8 2013,rst cause:4, boot mode:(3,7)

wdt reset
load 0x4010f000, len 1384, room 16 
tail 8
chksum 0x2d
csum 0x2d
v8b899c12
~ld


6.01
 0h00:04.736 2022/10/22T06:03:24z: DS3231
 0h00:04.751 2022/10/22T06:03:24z: BME280 (0x76)
 0h00:04.766 2022/10/22T06:03:24z: 84:f3:eb:7d:7:a8
 0h00:04.767 2022/10/22T06:03:24z: SSID: MU Open
 0h00:04.772 2022/10/22T06:03:24z: AP_STAR tmr
 ets Jan  8 2013,rst cause:4, boot mode:(3,7)

wdt reset
load 0x4010f000, len 1384, room 16 
tail 8
chksum 0x2d
csum 0x2d
v8b899c12
~ld


6.01
 0h00:04.813 2022/10/22T06:23:28z: DS3231
 0h00:04.828 2022/10/22T06:23:28z: BME280 (0x76)
 0h00:04.842 2022/10/22T06:23:28z: 84:f3:eb:7d:7:a8
 0h00:04.844 2022/10/22T06:23:28z: SSID: MU Open
 0h00:04.849 2022/10/22T06:23:28z: AP_STAR tmr
 ets Jan  8 2013,rst cause:4, boot mode:(3,7)

wdt reset
load 0x4010f000, len 1384, room 16 
tail 8
chksum 0x2d
csum 0x2d
v8b899c12
~ld


6.01
 0h00:05.105 2022/10/22T06:43:33z: DS3231
 0h00:05.121 2022/10/22T06:43:33z: BME280 (0x76)
 0h00:05.135 2022/10/22T06:43:33z: 84:f3:eb:7d:7:a8
 0h00:05.137 2022/10/22T06:43:33z: SSID: MU Open
 0h00:05.142 2022/10/22T06:43:33z: AP_STAR tmr
 ets Jan  8 2013,rst cause:4, boot mode:(3,7)

wdt reset
load 0x4010f000, len 1384, room 16 
tail 8
chksum 0x2d
csum 0x2d
v8b899c12
~ld


6.01
 0h00:05.181 2022/10/22T07:03:38z: DS3231
 0h00:05.196 2022/10/22T07:03:38z: BME280 (0x76)
 0h00:05.210 2022/10/22T07:03:38z: 84:f3:eb:7d:7:a8
 0h00:05.212 2022/10/22T07:03:38z: SSID: MU Open
 0h00:05.217 2022/10/22T07:03:38z: AP_STAR tmr
 ets Jan  8 2013,rst cause:4, boot mode:(3,7)

wdt reset
load 0x4010f000, len 1384, room 16 
tail 8
chksum 0x2d
csum 0x2d
v8b899c12
~ld


6.01
 0h00:05.300 2022/10/22T07:23:43z: DS3231
 0h00:05.315 2022/10/22T07:23:43z: BME280 (0x76)
 0h00:05.329 2022/10/22T07:23:43z: 84:f3:eb:7d:7:a8
 0h00:05.331 2022/10/22T07:23:43z: SSID: MU Open
 0h00:05.336 2022/10/22T07:23:43z: AP_STAR tmr
 ets Jan  8 2013,rst cause:4, boot mode:(3,7)

wdt reset
load 0x4010f000, len 1384, room 16 
tail 8
chksum 0x2d
csum 0x2d
v8b899c12
~ld


6.01
 0h00:05.127 2022/10/22T07:43:48z: DS3231
 0h00:05.142 2022/10/22T07:43:48z: BME280 (0x76)
 0h00:05.157 2022/10/22T07:43:48z: 84:f3:eb:7d:7:a8
 0h00:05.158 2022/10/22T07:43:48z: SSID: MU Open
 0h00:05.163 2022/10/22T07:43:48z: AP_STAR tmr
 ets Jan  8 2013,rst cause:4, boot mode:(3,7)

wdt reset
load 0x4010f000, len 1384, room 16 
tail 8
chksum 0x2d
csum 0x2d
v8b899c12
~ld


6.01
 0h00:05.513 2022/10/22T08:03:54z: DS3231
 0h00:05.528 2022/10/22T08:03:54z: BME280 (0x76)
 0h00:05.542 2022/10/22T08:03:54z: 84:f3:eb:7d:7:a8
 0h00:05.544 2022/10/22T08:03:54z: SSID: MU Open
 0h00:05.549 2022/10/22T08:03:54z: AP_STAR tmr
 ets Jan  8 2013,rst cause:4, boot mode:(3,7)

wdt reset
load 0x4010f000, len 1384, room 16 
tail 8
chksum 0x2d
csum 0x2d
v8b899c12
~ld


6.01
 0h00:05.607 2022/10/22T08:23:59z: DS3231
 0h00:05.622 2022/10/22T08:23:59z: BME280 (0x76)
 0h00:05.636 2022/10/22T08:23:59z: 84:f3:eb:7d:7:a8
 0h00:05.638 2022/10/22T08:23:59z: SSID: MU Open
 0h00:05.643 2022/10/22T08:23:59z: AP_STAR tmr
 ets Jan  8 2013,rst cause:4, boot mode:(3,7)

wdt reset
load 0x4010f000, len 1384, room 16 
tail 8
chksum 0x2d
csum 0x2d
v8b899c12
~ld


6.01
 0h00:05.605 2022/10/22T08:44:05z: DS3231
 0h00:05.620 2022/10/22T08:44:05z: BME280 (0x76)
 0h00:05.634 2022/10/22T08:44:05z: 84:f3:eb:7d:7:a8
 0h00:05.636 2022/10/22T08:44:05z: SSID: MU Open
 0h00:05.641 2022/10/22T08:44:05z: AP_STAR tmr
 ets Jan  8 2013,rst cause:4, boot mode:(3,7)

wdt reset
load 0x4010f000, len 1384, room 16 
tail 8
chksum 0x2d
csum 0x2d
v8b899c12
~ld


6.01
 0h00:05.735 2022/10/22T09:04:11z: DS3231
 0h00:05.750 2022/10/22T09:04:11z: BME280 (0x76)
 0h00:05.764 2022/10/22T09:04:11z: 84:f3:eb:7d:7:a8
 0h00:05.766 2022/10/22T09:04:11z: SSID: MU Open
 0h00:05.771 2022/10/22T09:04:11z: AP_STAR tmr
 ets Jan  8 2013,rst cause:4, boot mode:(3,7)

wdt reset
load 0x4010f000, len 1384, room 16 
tail 8
chksum 0x2d
csum 0x2d
v8b899c12
~ld


6.01
 0h00:05.739 2022/10/22T09:24:18z: DS3231
 0h00:05.755 2022/10/22T09:24:18z: BME280 (0x76)
 0h00:05.769 2022/10/22T09:24:18z: 84:f3:eb:7d:7:a8
 0h00:05.770 2022/10/22T09:24:18z: SSID: MU Open
 0h00:05.776 2022/10/22T09:24:18z: AP_STAR tmr
 ets Jan  8 2013,rst cause:4, boot mode:(3,7)

wdt reset
load 0x4010f000, len 1384, room 16 
tail 8
chksum 0x2d
csum 0x2d
v8b899c12
~ld


6.01
 0h00:05.297 2022/10/22T09:44:23z: DS3231
 0h00:05.313 2022/10/22T09:44:24z: BME280 (0x76)
 0h00:05.327 2022/10/22T09:44:24z: 84:f3:eb:7d:7:a8
 0h00:05.328 2022/10/22T09:44:24z: SSID: MU Open
 0h00:05.334 2022/10/22T09:44:24z: AP_STAR tmr
 ets Jan  8 2013,rst cause:4, boot mode:(3,7)

wdt reset
load 0x4010f000, len 1384, room 16 
tail 8
chksum 0x2d
csum 0x2d
v8b899c12
~ld


6.01
 0h00:05.607 2022/10/22T10:04:30z: DS3231
 0h00:05.622 2022/10/22T10:04:30z: BME280 (0x76)
 0h00:05.637 2022/10/22T10:04:30z: 84:f3:eb:7d:7:a8
 0h00:05.638 2022/10/22T10:04:30z: SSID: MU Open
 0h00:05.643 2022/10/22T10:04:30z: AP_STAR tmr
 ets Jan  8 2013,rst cause:4, boot mode:(3,7)

wdt reset
load 0x4010f000, len 1384, room 16 
tail 8
chksum 0x2d
csum 0x2d
v8b899c12
~ld


6.01
 0h00:05.451 2022/10/22T10:24:36z: DS3231
 0h00:05.467 2022/10/22T10:24:36z: BME280 (0x76)
 0h00:05.481 2022/10/22T10:24:36z: 84:f3:eb:7d:7:a8
 0h00:05.483 2022/10/22T10:24:36z: SSID: MU Open
 0h00:05.488 2022/10/22T10:24:36z: AP_STAR tmr
 ets Jan  8 2013,rst cause:4, boot mode:(3,7)

wdt reset
load 0x4010f000, len 1384, room 16 
tail 8
chksum 0x2d
csum 0x2d
v8b899c12
~ld


6.01
 0h00:05.702 2022/10/22T10:44:42z: DS3231
 0h00:05.717 2022/10/22T10:44:42z: BME280 (0x76)
 0h00:05.731 2022/10/22T10:44:42z: 84:f3:eb:7d:7:a8
 0h00:05.733 2022/10/22T10:44:42z: SSID: MU Open
 0h00:05.738 2022/10/22T10:44:42z: AP_STAR tmr
 ets Jan  8 2013,rst cause:4, boot mode:(3,7)

wdt reset
load 0x4010f000, len 1384, room 16 
tail 8
chksum 0x2d
csum 0x2d
v8b899c12
~ld


6.01
 0h00:05.588 2022/10/22T11:04:48z: DS3231
 0h00:05.603 2022/10/22T11:04:48z: BME280 (0x76)
 0h00:05.617 2022/10/22T11:04:48z: 84:f3:eb:7d:7:a8
 0h00:05.619 2022/10/22T11:04:48z: SSID: MU Open
 0h00:05.624 2022/10/22T11:04:48z: AP_STAR tmr
 ets Jan  8 2013,rst cause:4, boot mode:(3,7)

wdt reset
load 0x4010f000, len 1384, room 16 
tail 8
chksum 0x2d
csum 0x2d
v8b899c12
~ld


6.01
 0h00:05.529 2022/10/22T11:24:54z: DS3231
 0h00:05.544 2022/10/22T11:24:54z: BME280 (0x76)
 0h00:05.558 2022/10/22T11:24:54z: 84:f3:eb:7d:7:a8
 0h00:05.560 2022/10/22T11:24:54z: SSID: MU Open
 0h00:05.565 2022/10/22T11:24:54z: AP_STAR tmr
 ets Jan  8 2013,rst cause:4, boot mode:(3,7)

wdt reset
load 0x4010f000, len 1384, room 16 
tail 8
chksum 0x2d
csum 0x2d
v8b899c12
~ld


6.01
 0h00:05.247 2022/10/22T11:44:59z: DS3231
 0h00:05.262 2022/10/22T11:44:59z: BME280 (0x76)
 0h00:05.276 2022/10/22T11:44:59z: 84:f3:eb:7d:7:a8
 0h00:05.278 2022/10/22T11:44:59z: SSID: MU Open
 0h00:05.283 2022/10/22T11:44:59z: AP_STAR tmr
 ets Jan  8 2013,rst cause:4, boot mode:(3,7)

wdt reset
load 0x4010f000, len 1384, room 16 
tail 8
chksum 0x2d
csum 0x2d
v8b899c12
~ld


6.01
 0h00:05.611 2022/10/22T12:05:05z: DS3231
 0h00:05.626 2022/10/22T12:05:05z: BME280 (0x76)
 0h00:05.640 2022/10/22T12:05:05z: 84:f3:eb:7d:7:a8
 0h00:05.642 2022/10/22T12:05:05z: SSID: MU Open
 0h00:05.647 2022/10/22T12:05:05z: AP_STAR tmr
 ets Jan  8 2013,rst cause:4, boot mode:(3,7)

wdt reset
load 0x4010f000, len 1384, room 16 
tail 8
chksum 0x2d
csum 0x2d
v8b899c12
~ld


6.01
 0h00:05.742 2022/10/22T12:25:12z: DS3231
 0h00:05.757 2022/10/22T12:25:12z: BME280 (0x76)
 0h00:05.771 2022/10/22T12:25:12z: 84:f3:eb:7d:7:a8
 0h00:05.773 2022/10/22T12:25:12z: SSID: MU Open
 0h00:05.778 2022/10/22T12:25:12z: AP_STAR tmr
 ets Jan  8 2013,rst cause:4, boot mode:(3,7)

wdt reset
load 0x4010f000, len 1384, room 16 
tail 8
chksum 0x2d
csum 0x2d
v8b899c12
~ld


6.01
 0h00:05.699 2022/10/22T12:45:18z: DS3231
 0h00:05.714 2022/10/22T12:45:18z: BME280 (0x76)
 0h00:05.728 2022/10/22T12:45:18z: 84:f3:eb:7d:7:a8
 0h00:05.730 2022/10/22T12:45:18z: SSID: MU Open
 0h00:05.735 2022/10/22T12:45:18z: AP_STAR tmr
 ets Jan  8 2013,rst cause:4, boot mode:(3,7)

wdt reset
load 0x4010f000, len 1384, room 16 
tail 8
chksum 0x2d
csum 0x2d
v8b899c12
~ld


6.01
 0h00:05.490 2022/10/22T13:05:24z: DS3231
 0h00:05.506 2022/10/22T13:05:24z: BME280 (0x76)
 0h00:05.520 2022/10/22T13:05:24z: 84:f3:eb:7d:7:a8
 0h00:05.522 2022/10/22T13:05:24z: SSID: MU Open
 0h00:05.527 2022/10/22T13:05:24z: AP_STAR tmr
 ets Jan  8 2013,rst cause:4, boot mode:(3,7)

wdt reset
load 0x4010f000, len 1384, room 16 
tail 8
chksum 0x2d
csum 0x2d
v8b899c12
~ld


6.01
 0h00:05.716 2022/10/22T13:25:30z: DS3231
 0h00:05.732 2022/10/22T13:25:30z: BME280 (0x76)
 0h00:05.746 2022/10/22T13:25:30z: 84:f3:eb:7d:7:a8
 0h00:05.747 2022/10/22T13:25:30z: SSID: MU Open
 0h00:05.753 2022/10/22T13:25:30z: AP_STAR tmr
 ets Jan  8 2013,rst cause:4, boot mode:(3,7)

wdt reset
load 0x4010f000, len 1384, room 16 
tail 8
chksum 0x2d
csum 0x2d
v8b899c12
~ld


6.01
 0h00:05.762 2022/10/22T13:45:36z: DS3231
 0h00:05.777 2022/10/22T13:45:37z: BME280 (0x76)
 0h00:05.791 2022/10/22T13:45:37z: 84:f3:eb:7d:7:a8
 0h00:05.793 2022/10/22T13:45:37z: SSID: MU Open
 0h00:05.798 2022/10/22T13:45:37z: AP_STAR tmr
 ets Jan  8 2013,rst cause:4, boot mode:(3,7)

wdt reset
load 0x4010f000, len 1384, room 16 
tail 8
chksum 0x2d
csum 0x2d
v8b899c12
~ld


6.01
 0h00:05.771 2022/10/22T14:05:42z: DS3231
 0h00:05.786 2022/10/22T14:05:42z: BME280 (0x76)
 0h00:05.800 2022/10/22T14:05:42z: 84:f3:eb:7d:7:a8
 0h00:05.802 2022/10/22T14:05:42z: SSID: MU Open
 0h00:05.807 2022/10/22T14:05:42z: AP_STAR tmr
 ets Jan  8 2013,rst cause:4, boot mode:(3,7)

wdt reset
load 0x4010f000, len 1384, room 16 
tail 8
chksum 0x2d
csum 0x2d
v8b899c12
~ld


6.01
 0h00:05.792 2022/10/22T14:25:49z: DS3231
 0h00:05.807 2022/10/22T14:25:49z: BME280 (0x76)
 0h00:05.821 2022/10/22T14:25:49z: 84:f3:eb:7d:7:a8
 0h00:05.823 2022/10/22T14:25:49z: SSID: MU Open
 0h00:05.828 2022/10/22T14:25:49z: AP_STAR tmr
 ets Jan  8 2013,rst cause:4, boot mode:(3,7)

wdt reset
load 0x4010f000, len 1384, room 16 
tail 8
chksum 0x2d
csum 0x2d
v8b899c12
~ld


6.01
 0h00:05.722 2022/10/22T14:45:55z: DS3231
 0h00:05.738 2022/10/22T14:45:55z: BME280 (0x76)
 0h00:05.752 2022/10/22T14:45:55z: 84:f3:eb:7d:7:a8
 0h00:05.753 2022/10/22T14:45:55z: SSID: MU Open
 0h00:05.759 2022/10/22T14:45:55z: AP_STAR tmr
 ets Jan  8 2013,rst cause:4, boot mode:(3,7)

wdt reset
load 0x4010f000, len 1384, room 16 
tail 8
chksum 0x2d
csum 0x2d
v8b899c12
~ld


6.01
 0h00:05.748 2022/10/22T15:06:01z: DS3231
 0h00:05.764 2022/10/22T15:06:01z: BME280 (0x76)
 0h00:05.778 2022/10/22T15:06:01z: 84:f3:eb:7d:7:a8
 0h00:05.780 2022/10/22T15:06:01z: SSID: MU Open
 0h00:05.785 2022/10/22T15:06:01z: AP_STAR tmr
 ets Jan  8 2013,rst cause:4, boot mode:(3,7)

wdt reset
load 0x4010f000, len 1384, room 16 
tail 8
chksum 0x2d
csum 0x2d
v8b899c12
~ld


6.01
 0h00:05.572 2022/10/22T15:26:07z: DS3231
 0h00:05.587 2022/10/22T15:26:07z: BME280 (0x76)
 0h00:05.601 2022/10/22T15:26:07z: 84:f3:eb:7d:7:a8
 0h00:05.603 2022/10/22T15:26:07z: SSID: MU Open
 0h00:05.608 2022/10/22T15:26:07z: AP_STAR tmr
 ets Jan  8 2013,rst cause:4, boot mode:(3,7)

wdt reset
load 0x4010f000, len 1384, room 16 
tail 8
chksum 0x2d
csum 0x2d
v8b899c12
~ld


6.01
 0h00:05.569 2022/10/22T15:46:13z: DS3231
 0h00:05.584 2022/10/22T15:46:13z: BME280 (0x76)
 0h00:05.598 2022/10/22T15:46:14z: 84:f3:eb:7d:7:a8
 0h00:05.600 2022/10/22T15:46:14z: SSID: MU Open
 0h00:05.605 2022/10/22T15:46:14z: AP_STAR tmr
 ets Jan  8 2013,rst cause:4, boot mode:(3,7)

wdt reset
load 0x4010f000, len 1384, room 16 
tail 8
chksum 0x2d
csum 0x2d
v8b899c12
~ld


6.01
 0h00:05.260 2022/10/22T16:06:19z: DS3231
 0h00:05.276 2022/10/22T16:06:19z: BME280 (0x76)
 0h00:05.290 2022/10/22T16:06:19z: 84:f3:eb:7d:7:a8
 0h00:05.291 2022/10/22T16:06:19z: SSID: MU Open
 0h00:05.297 2022/10/22T16:06:19z: AP_STAR tmr
 ets Jan  8 2013,rst cause:4, boot mode:(3,7)

wdt reset
load 0x4010f000, len 1384, room 16 
tail 8
chksum 0x2d
csum 0x2d
v8b899c12
~ld


6.01
 0h00:05.585 2022/10/22T16:26:25z: DS3231
 0h00:05.600 2022/10/22T16:26:25z: BME280 (0x76)
 0h00:05.614 2022/10/22T16:26:25z: 84:f3:eb:7d:7:a8
 0h00:05.616 2022/10/22T16:26:25z: SSID: MU Open
 0h00:05.621 2022/10/22T16:26:25z: AP_STAR tmr
 ets Jan  8 2013,rst cause:4, boot mode:(3,7)

wdt reset
load 0x4010f000, len 1384, room 16 
tail 8
chksum 0x2d
csum 0x2d
v8b899c12
~ld


6.01
 0h00:05.126 2022/10/22T16:46:31z: DS3231
 0h00:05.141 2022/10/22T16:46:31z: BME280 (0x76)
 0h00:05.155 2022/10/22T16:46:31z: 84:f3:eb:7d:7:a8
 0h00:05.157 2022/10/22T16:46:31z: SSID: MU Open
 0h00:05.162 2022/10/22T16:46:31z: AP_STAR tmr
 ets Jan  8 2013,rst cause:4, boot mode:(3,7)

wdt reset
load 0x4010f000, len 1384, room 16 
tail 8
chksum 0x2d
csum 0x2d
v8b899c12
~ld


6.01
 0h00:05.415 2022/10/22T17:06:37z: DS3231
 0h00:05.431 2022/10/22T17:06:37z: BME280 (0x76)
 0h00:05.445 2022/10/22T17:06:37z: 84:f3:eb:7d:7:a8
 0h00:05.447 2022/10/22T17:06:37z: SSID: MU Open
 0h00:05.452 2022/10/22T17:06:37z: AP_STAR tmr
 ets Jan  8 2013,rst cause:4, boot mode:(3,7)

wdt reset
load 0x4010f000, len 1384, room 16 
tail 8
chksum 0x2d
csum 0x2d
v8b899c12
~ld


6.01
 0h00:05.413 2022/10/22T17:26:42z: DS3231
 0h00:05.428 2022/10/22T17:26:42z: BME280 (0x76)
 0h00:05.443 2022/10/22T17:26:42z: 84:f3:eb:7d:7:a8
 0h00:05.444 2022/10/22T17:26:42z: SSID: MU Open
 0h00:05.449 2022/10/22T17:26:42z: AP_STAR tmr
 ets Jan  8 2013,rst cause:4, boot mode:(3,7)

wdt reset
load 0x4010f000, len 1384, room 16 
tail 8
chksum 0x2d
csum 0x2d
v8b899c12
~ld


6.01
 0h00:05.029 2022/10/22T17:46:48z: DS3231
 0h00:05.045 2022/10/22T17:46:48z: BME280 (0x76)
 0h00:05.059 2022/10/22T17:46:48z: 84:f3:eb:7d:7:a8
 0h00:05.061 2022/10/22T17:46:48z: SSID: MU Open
 0h00:05.066 2022/10/22T17:46:48z: AP_STAR tmr
 ets Jan  8 2013,rst cause:4, boot mode:(3,7)

wdt reset
load 0x4010f000, len 1384, room 16 
tail 8
chksum 0x2d
csum 0x2d
v8b899c12
~ld


6.01
 0h00:05.101 2022/10/22T18:06:53z: DS3231
 0h00:05.116 2022/10/22T18:06:53z: BME280 (0x76)
 0h00:05.130 2022/10/22T18:06:53z: 84:f3:eb:7d:7:a8
 0h00:05.132 2022/10/22T18:06:53z: SSID: MU Open
 0h00:05.137 2022/10/22T18:06:53z: AP_STAR tmr
 ets Jan  8 2013,rst cause:4, boot mode:(3,7)

wdt reset
load 0x4010f000, len 1384, room 16 
tail 8
chksum 0x2d
csum 0x2d
v8b899c12
~ld


6.01
 0h00:05.241 2022/10/22T18:26:58z: DS3231
 0h00:05.256 2022/10/22T18:26:58z: BME280 (0x76)
 0h00:05.271 2022/10/22T18:26:58z: 84:f3:eb:7d:7:a8
 0h00:05.272 2022/10/22T18:26:58z: SSID: MU Open
 0h00:05.277 2022/10/22T18:26:58z: AP_STAR tmr
 ets Jan  8 2013,rst cause:4, boot mode:(3,7)

wdt reset
load 0x4010f000, len 1384, room 16 
tail 8
chksum 0x2d
csum 0x2d
v8b899c12
~ld


6.01
 0h00:04.908 2022/10/22T18:47:03z: DS3231
 0h00:04.923 2022/10/22T18:47:03z: BME280 (0x76)
 0h00:04.937 2022/10/22T18:47:03z: 84:f3:eb:7d:7:a8
 0h00:04.939 2022/10/22T18:47:03z: SSID: MU Open
 0h00:04.944 2022/10/22T18:47:03z: AP_STAR tmr
 ets Jan  8 2013,rst cause:4, boot mode:(3,7)

wdt reset
load 0x4010f000, len 1384, room 16 
tail 8
chksum 0x2d
csum 0x2d
v8b899c12
~ld


6.01
 0h00:04.854 2022/10/22T19:07:08z: DS3231
 0h00:04.869 2022/10/22T19:07:08z: BME280 (0x76)
 0h00:04.883 2022/10/22T19:07:08z: 84:f3:eb:7d:7:a8
 0h00:04.885 2022/10/22T19:07:08z: SSID: MU Open
 0h00:04.890 2022/10/22T19:07:08z: AP_STAR tmr
 ets Jan  8 2013,rst cause:4, boot mode:(3,7)

wdt reset
load 0x4010f000, len 1384, room 16 
tail 8
chksum 0x2d
csum 0x2d
v8b899c12
~ld


6.01
 0h00:05.300 2022/10/22T19:27:14z: DS3231
 0h00:05.315 2022/10/22T19:27:14z: BME280 (0x76)
 0h00:05.329 2022/10/22T19:27:14z: 84:f3:eb:7d:7:a8
 0h00:05.331 2022/10/22T19:27:14z: SSID: MU Open
 0h00:05.336 2022/10/22T19:27:14z: AP_STAR tmr
 ets Jan  8 2013,rst cause:4, boot mode:(3,7)

wdt reset
load 0x4010f000, len 1384, room 16 
tail 8
chksum 0x2d
csum 0x2d
v8b899c12
~ld


6.01
 0h00:05.430 2022/10/22T19:47:19z: DS3231
 0h00:05.445 2022/10/22T19:47:19z: BME280 (0x76)
 0h00:05.459 2022/10/22T19:47:19z: 84:f3:eb:7d:7:a8
 0h00:05.461 2022/10/22T19:47:19z: SSID: MU Open
 0h00:05.466 2022/10/22T19:47:19z: AP_STAR tmr
 ets Jan  8 2013,rst cause:4, boot mode:(3,7)

wdt reset
load 0x4010f000, len 1384, room 16 
tail 8
chksum 0x2d
csum 0x2d
v8b899c12
~ld


6.01
 0h00:05.336 2022/10/22T20:07:24z: DS3231
 0h00:05.351 2022/10/22T20:07:24z: BME280 (0x76)
 0h00:05.365 2022/10/22T20:07:24z: 84:f3:eb:7d:7:a8
 0h00:05.367 2022/10/22T20:07:24z: SSID: MU Open
 0h00:05.372 2022/10/22T20:07:24z: AP_STAR tmr
 ets Jan  8 2013,rst cause:4, boot mode:(3,7)

wdt reset
load 0x4010f000, len 1384, room 16 
tail 8
chksum 0x2d
csum 0x2d
v8b899c12
~ld


6.01
 0h00:05.323 2022/10/22T20:27:29z: DS3231
 0h00:05.339 2022/10/22T20:27:29z: BME280 (0x76)
 0h00:05.353 2022/10/22T20:27:29z: 84:f3:eb:7d:7:a8
 0h00:05.355 2022/10/22T20:27:29z: SSID: MU Open
 0h00:05.360 2022/10/22T20:27:29z: AP_STAR tmr
 ets Jan  8 2013,rst cause:4, boot mode:(3,7)

wdt reset
load 0x4010f000, len 1384, room 16 
tail 8
chksum 0x2d
csum 0x2d
v8b899c12
~ld


6.01
 0h00:05.237 2022/10/22T20:47:34z: DS3231
 0h00:05.252 2022/10/22T20:47:34z: BME280 (0x76)
 0h00:05.266 2022/10/22T20:47:34z: 84:f3:eb:7d:7:a8
 0h00:05.268 2022/10/22T20:47:34z: SSID: MU Open
 0h00:05.273 2022/10/22T20:47:34z: AP_STAR tmr
 ets Jan  8 2013,rst cause:4, boot mode:(3,7)

wdt reset
load 0x4010f000, len 1384, room 16 
tail 8
chksum 0x2d
csum 0x2d
v8b899c12
~ld


6.01
 0h00:05.250 2022/10/22T21:07:39z: DS3231
 0h00:05.265 2022/10/22T21:07:39z: BME280 (0x76)
 0h00:05.279 2022/10/22T21:07:39z: 84:f3:eb:7d:7:a8
 0h00:05.281 2022/10/22T21:07:39z: SSID: MU Open
 0h00:05.286 2022/10/22T21:07:39z: AP_STAR tmr
 ets Jan  8 2013,rst cause:4, boot mode:(3,7)

wdt reset
load 0x4010f000, len 1384, room 16 
tail 8
chksum 0x2d
csum 0x2d
v8b899c12
~ld


6.01
 0h00:05.543 2022/10/22T21:27:44z: DS3231
 0h00:05.559 2022/10/22T21:27:44z: BME280 (0x76)
 0h00:05.573 2022/10/22T21:27:44z: 84:f3:eb:7d:7:a8
 0h00:05.574 2022/10/22T21:27:44z: SSID: MU Open
 0h00:05.580 2022/10/22T21:27:44z: AP_STAR tmr
 ets Jan  8 2013,rst cause:4, boot mode:(3,7)

wdt reset
load 0x4010f000, len 1384, room 16 
tail 8
chksum 0x2d
csum 0x2d
v8b899c12
~ld


6.01
 0h00:05.454 2022/10/22T21:47:50z: DS3231
 0h00:05.469 2022/10/22T21:47:50z: BME280 (0x76)
 0h00:05.483 2022/10/22T21:47:50z: 84:f3:eb:7d:7:a8
 0h00:05.485 2022/10/22T21:47:50z: SSID: MU Open
 0h00:05.490 2022/10/22T21:47:50z: AP_STAR tmr
 ets Jan  8 2013,rst cause:4, boot mode:(3,7)

wdt reset
load 0x4010f000, len 1384, room 16 
tail 8
chksum 0x2d
csum 0x2d
v8b899c12
~ld


6.01
 0h00:05.524 2022/10/22T22:07:56z: DS3231
 0h00:05.539 2022/10/22T22:07:56z: BME280 (0x76)
 0h00:05.553 2022/10/22T22:07:56z: 84:f3:eb:7d:7:a8
 0h00:05.555 2022/10/22T22:07:56z: SSID: MU Open
 0h00:05.560 2022/10/22T22:07:56z: AP_STAR tmr
 ets Jan  8 2013,rst cause:4, boot mode:(3,7)

wdt reset
load 0x4010f000, len 1384, room 16 
tail 8
chksum 0x2d
csum 0x2d
v8b899c12
~ld


6.01
 0h00:05.604 2022/10/22T22:28:02z: DS3231
 0h00:05.620 2022/10/22T22:28:02z: BME280 (0x76)
 0h00:05.634 2022/10/22T22:28:02z: 84:f3:eb:7d:7:a8
 0h00:05.635 2022/10/22T22:28:02z: SSID: MU Open
 0h00:05.641 2022/10/22T22:28:02z: AP_STAR tmr
 ets Jan  8 2013,rst cause:4, boot mode:(3,7)

wdt reset
load 0x4010f000, len 1384, room 16 
tail 8
chksum 0x2d
csum 0x2d
v8b899c12
~ld


6.01
 0h00:05.551 2022/10/22T22:48:08z: DS3231
 0h00:05.566 2022/10/22T22:48:08z: BME280 (0x76)
 0h00:05.581 2022/10/22T22:48:08z: 84:f3:eb:7d:7:a8
 0h00:05.582 2022/10/22T22:48:08z: SSID: MU Open
 0h00:05.587 2022/10/22T22:48:08z: AP_STAR tmr
 ets Jan  8 2013,rst cause:4, boot mode:(3,7)

wdt reset
load 0x4010f000, len 1384, room 16 
tail 8
chksum 0x2d
csum 0x2d
v8b899c12
~ld


6.01
 0h00:05.491 2022/10/22T23:08:14z: DS3231
 0h00:05.506 2022/10/22T23:08:14z: BME280 (0x76)
 0h00:05.520 2022/10/22T23:08:14z: 84:f3:eb:7d:7:a8
 0h00:05.522 2022/10/22T23:08:14z: SSID: MU Open
 0h00:05.527 2022/10/22T23:08:14z: AP_STAR tmr
 ets Jan  8 2013,rst cause:4, boot mode:(3,7)

wdt reset
load 0x4010f000, len 1384, room 16 
tail 8
chksum 0x2d
csum 0x2d
v8b899c12
~ld


6.01
 0h00:05.590 2022/10/22T23:28:19z: DS3231
 0h00:05.606 2022/10/22T23:28:19z: BME280 (0x76)
 0h00:05.620 2022/10/22T23:28:19z: 84:f3:eb:7d:7:a8
 0h00:05.622 2022/10/22T23:28:19z: SSID: MU Open
 0h00:05.627 2022/10/22T23:28:19z: AP_STAR tmr
 ets Jan  8 2013,rst cause:4, boot mode:(3,7)

wdt reset
load 0x4010f000, len 1384, room 16 
tail 8
chksum 0x2d
csum 0x2d
v8b899c12
~ld


6.01
 0h00:05.356 2022/10/22T23:48:24z: DS3231
 0h00:05.372 2022/10/22T23:48:24z: BME280 (0x76)
 0h00:05.386 2022/10/22T23:48:24z: 84:f3:eb:7d:7:a8
 0h00:05.388 2022/10/22T23:48:24z: SSID: MU Open
 0h00:05.393 2022/10/22T23:48:24z: AP_STA