R tmr
 ets Jan  8 2013,rst cause:4, boot mode:(3,7)

wdt reset
load 0x4010f000, len 1384, room 16 
tail 8
chksum 0x2d
csum 0x2d
v8b899c12
~ld


6.01
 0h00:04.779 2022/04/03T00:17:47z: DS3231
 0h00:04.794 2022/04/03T00:17:47z: BME280 (0x76)
 0h00:04.808 2022/04/03T00:17:47z: 84:f3:eb:7d:7:a8
 0h00:04.810 2022/04/03T00:17:47z: SSID: MU Open
 0h00:04.815 2022/04/03T00:17:47z: AP_STAR tmr
 ets Jan  8 2013,rst cause:4, boot mode:(3,7)

wdt reset
load 0x4010f000, len 1384, room 16 
tail 8
chksum 0x2d
csum 0x2d
v8b899c12
~ld


6.01
 0h00:04.672 2022/04/03T00:37:49z: DS3231
 0h00:04.687 2022/04/03T00:37:49z: BME280 (0x76)
 0h00:04.701 2022/04/03T00:37:49z: 84:f3:eb:7d:7:a8
 0h00:04.703 2022/04/03T00:37:49z: SSID: MU Open
 0h00:04.708 2022/04/03T00:37:49z: AP_STAR tmr
 ets Jan  8 2013,rst cause:4, boot mode:(3,7)

wdt reset
load 0x4010f000, len 1384, room 16 
tail 8
chksum 0x2d
csum 0x2d
v8b899c12
~ld


6.01
 0h00:04.845 2022/04/03T00:57:51z: DS3231
 0h00:04.860 2022/04/03T00:57:51z: BME280 (0x76)
 0h00:04.874 2022/04/03T00:57:51z: 84:f3:eb:7d:7:a8
 0h00:04.876 2022/04/03T00:57:51z: SSID: MU Open
 0h00:04.881 2022/04/03T00:57:51z: AP_STAR tmr
 ets Jan  8 2013,rst cause:4, boot mode:(3,7)

wdt reset
load 0x4010f000, len 1384, room 16 
tail 8
chksum 0x2d
csum 0x2d
v8b899c12
~ld


6.01
 0h00:04.696 2022/04/03T01:17:53z: DS3231
 0h00:04.711 2022/04/03T01:17:54z: BME280 (0x76)
 0h00:04.726 2022/04/03T01:17:54z: 84:f3:eb:7d:7:a8
 0h00:04.727 2022/04/03T01:17:54z: SSID: MU Open
 0h00:04.732 2022/04/03T01:17:54z: AP_STAR tmr
 ets Jan  8 2013,rst cause:4, boot mode:(3,7)

wdt reset
load 0x4010f000, len 1384, room 16 
tail 8
chksum 0x2d
csum 0x2d
v8b899c12
~ld


6.01
 0h00:04.624 2022/04/03T01:37:55z: DS3231
 0h00:04.639 2022/04/03T01:37:55z: BME280 (0x76)
 0h00:04.653 2022/04/03T01:37:55z: 84:f3:eb:7d:7:a8
 0h00:04.655 2022/04/03T01:37:55z: SSID: MU Open
 0h00:04.660 2022/04/03T01:37:55z: AP_STAR tmr
 ets Jan  8 2013,rst cause:4, boot mode:(3,7)

wdt reset
load 0x4010f000, len 1384, room 16 
tail 8
chksum 0x2d
csum 0x2d
v8b899c12
~ld


6.01
 0h00:04.712 2022/04/03T01:57:57z: DS3231
 0h00:04.727 2022/04/03T01:57:57z: BME280 (0x76)
 0h00:04.741 2022/04/03T01:57:57z: 84:f3:eb:7d:7:a8
 0h00:04.743 2022/04/03T01:57:57z: SSID: MU Open
 0h00:04.748 2022/04/03T01:57:57z: AP_STAR tmr
 ets Jan  8 2013,rst cause:4, boot mode:(3,7)

wdt reset
load 0x4010f000, len 1384, room 16 
tail 8
chksum 0x2d
csum 0x2d
v8b899c12
~ld


6.01
 0h00:04.815 2022/04/03T02:17:59z: DS3231
 0h00:04.830 2022/04/03T02:17:59z: BME280 (0x76)
 0h00:04.844 2022/04/03T02:17:59z: 84:f3:eb:7d:7:a8
 0h00:04.846 2022/04/03T02:17:59z: SSID: MU Open
 0h00:04.851 2022/04/03T02:17:59z: AP_STAR tmr
 ets Jan  8 2013,rst cause:4, boot mode:(3,7)

wdt reset
load 0x4010f000, len 1384, room 16 
tail 8
chksum 0x2d
csum 0x2d
v8b899c12
~ld


6.01
 0h00:04.569 2022/04/03T02:38:01z: DS3231
 0h00:04.585 2022/04/03T02:38:01z: BME280 (0x76)
 0h00:04.599 2022/04/03T02:38:01z: 84:f3:eb:7d:7:a8
 0h00:04.600 2022/04/03T02:38:01z: SSID: MU Open
 0h00:04.606 2022/04/03T02:38:01z: AP_STAR tmr
 ets Jan  8 2013,rst cause:4, boot mode:(3,7)

wdt reset
load 0x4010f000, len 1384, room 16 
tail 8
chksum 0x2d
csum 0x2d
v8b899c12
~ld


6.01
 0h00:04.592 2022/04/03T02:58:03z: DS3231
 0h00:04.607 2022/04/03T02:58:03z: BME280 (0x76)
 0h00:04.621 2022/04/03T02:58:03z: 84:f3:eb:7d:7:a8
 0h00:04.623 2022/04/03T02:58:03z: SSID: MU Open
 0h00:04.628 2022/04/03T02:58:03z: AP_STAR tmr
 ets Jan  8 2013,rst cause:4, boot mode:(3,7)

wdt reset
load 0x4010f000, len 1384, room 16 
tail 8
chksum 0x2d
csum 0x2d
v8b899c12
~ld


6.01
 0h00:04.764 2022/04/03T03:18:06z: DS3231
 0h00:04.779 2022/04/03T03:18:06z: BME280 (0x76)
 0h00:04.793 2022/04/03T03:18:06z: 84:f3:eb:7d:7:a8
 0h00:04.795 2022/04/03T03:18:06z: SSID: MU Open
 0h00:04.800 2022/04/03T03:18:06z: AP_STAR tmr
 ets Jan  8 2013,rst cause:4, boot mode:(3,7)

wdt reset
load 0x4010f000, len 1384, room 16 
tail 8
chksum 0x2d
csum 0x2d
v8b899c12
~ld


6.01
 0h00:04.762 2022/04/03T03:38:08z: DS3231
 0h00:04.777 2022/04/03T03:38:08z: BME280 (0x76)
 0h00:04.791 2022/04/03T03:38:08z: 84:f3:eb:7d:7:a8
 0h00:04.793 2022/04/03T03:38:08z: SSID: MU Open
 0h00:04.798 2022/04/03T03:38:08z: AP_STAR tmr
 ets Jan  8 2013,rst cause:4, boot mode:(3,7)

wdt reset
load 0x4010f000, len 1384, room 16 
tail 8
chksum 0x2d
csum 0x2d
v8b899c12
~ld


6.01
 0h00:04.777 2022/04/03T03:58:11z: DS3231
 0h00:04.793 2022/04/03T03:58:11z: BME280 (0x76)
 0h00:04.807 2022/04/03T03:58:11z: 84:f3:eb:7d:7:a8
 0h00:04.808 2022/04/03T03:58:11z: SSID: MU Open
 0h00:04.814 2022/04/03T03:58:11z: AP_STAR tmr
 ets Jan  8 2013,rst cause:4, boot mode:(3,7)

wdt reset
load 0x4010f000, len 1384, room 16 
tail 8
chksum 0x2d
csum 0x2d
v8b899c12
~ld


6.01
 0h00:04.615 2022/04/03T04:18:12z: DS3231
 0h00:04.630 2022/04/03T04:18:12z: BME280 (0x76)
 0h00:04.644 2022/04/03T04:18:12z: 84:f3:eb:7d:7:a8
 0h00:04.646 2022/04/03T04:18:12z: SSID: MU Open
 0h00:04.651 2022/04/03T04:18:12z: AP_STAR tmr
 ets Jan  8 2013,rst cause:4, boot mode:(3,7)

wdt reset
load 0x4010f000, len 1384, room 16 
tail 8
chksum 0x2d
csum 0x2d
v8b899c12
~ld


6.01
 0h00:04.927 2022/04/03T04:38:15z: DS3231
 0h00:04.943 2022/04/03T04:38:15z: BME280 (0x76)
 0h00:04.957 2022/04/03T04:38:15z: 84:f3:eb:7d:7:a8
 0h00:04.959 2022/04/03T04:38:15z: SSID: MU Open
 0h00:04.964 2022/04/03T04:38:15z: AP_STAR tmr
 ets Jan  8 2013,rst cause:4, boot mode:(3,7)

wdt reset
load 0x4010f000, len 1384, room 16 
tail 8
chksum 0x2d
csum 0x2d
v8b899c12
~ld


6.01
 0h00:04.903 2022/04/03T04:58:17z: DS3231
 0h00:04.918 2022/04/03T04:58:17z: BME280 (0x76)
 0h00:04.932 2022/04/03T04:58:18z: 84:f3:eb:7d:7:a8
 0h00:04.934 2022/04/03T04:58:18z: SSID: MU Open
 0h00:04.939 2022/04/03T04:58:18z: AP_STAR tmr
 ets Jan  8 2013,rst cause:4, boot mode:(3,7)

wdt reset
load 0x4010f000, len 1384, room 16 
tail 8
chksum 0x2d
csum 0x2d
v8b899c12
~ld


6.01
 0h00:04.792 2022/04/03T05:18:19z: DS3231
 0h00:04.808 2022/04/03T05:18:19z: BME280 (0x76)
 0h00:04.822 2022/04/03T05:18:19z: 84:f3:eb:7d:7:a8
 0h00:04.823 2022/04/03T05:18:19z: SSID: MU Open
 0h00:04.829 2022/04/03T05:18:19z: AP_STAR tmr
 ets Jan  8 2013,rst cause:4, boot mode:(3,7)

wdt reset
load 0x4010f000, len 1384, room 16 
tail 8
chksum 0x2d
csum 0x2d
v8b899c12
~ld


6.01
 0h00:04.782 2022/04/03T05:38:21z: DS3231
 0h00:04.797 2022/04/03T05:38:21z: BME280 (0x76)
 0h00:04.811 2022/04/03T05:38:21z: 84:f3:eb:7d:7:a8
 0h00:04.813 2022/04/03T05:38:21z: SSID: MU Open
 0h00:04.818 2022/04/03T05:38:21z: AP_STAR tmr
 ets Jan  8 2013,rst cause:4, boot mode:(3,7)

wdt reset
load 0x4010f000, len 1384, room 16 
tail 8
chksum 0x2d
csum 0x2d
v8b899c12
~ld


6.01
 0h00:04.763 2022/04/03T05:58:23z: DS3231
 0h00:04.779 2022/04/03T05:58:23z: BME280 (0x76)
 0h00:04.793 2022/04/03T05:58:23z: 84:f3:eb:7d:7:a8
 0h00:04.794 2022/04/03T05:58:23z: SSID: MU Open
 0h00:04.800 2022/04/03T05:58:23z: AP_STAR tmr
 ets Jan  8 2013,rst cause:4, boot mode:(3,7)

wdt reset
load 0x4010f000, len 1384, room 16 
tail 8
chksum 0x2d
csum 0x2d
v8b899c12
~ld


6.01
 0h00:04.803 2022/04/03T06:18:25z: DS3231
 0h00:04.818 2022/04/03T06:18:25z: BME280 (0x76)
 0h00:04.832 2022/04/03T06:18:25z: 84:f3:eb:7d:7:a8
 0h00:04.834 2022/04/03T06:18:25z: SSID: MU Open
 0h00:04.839 2022/04/03T06:18:25z: AP_STAR tmr
 ets Jan  8 2013,rst cause:4, boot mode:(3,7)

wdt reset
load 0x4010f000, len 1384, room 16 
tail 8
chksum 0x2d
csum 0x2d
v8b899c12
~ld


6.01
 0h00:04.517 2022/04/03T06:38:26z: DS3231
 0h00:04.532 2022/04/03T06:38:26z: BME280 (0x76)
 0h00:04.546 2022/04/03T06:38:26z: 84:f3:eb:7d:7:a8
 0h00:04.548 2022/04/03T06:38:26z: SSID: MU Open
 0h00:04.553 2022/04/03T06:38:26z: AP_STAR tmr
 ets Jan  8 2013,rst cause:4, boot mode:(3,7)

wdt reset
load 0x4010f000, len 1384, room 16 
tail 8
chksum 0x2d
csum 0x2d
v8b899c12
~ld


6.01
 0h00:04.822 2022/04/03T06:58:27z: DS3231
 0h00:04.837 2022/04/03T06:58:27z: BME280 (0x76)
 0h00:04.852 2022/04/03T06:58:27z: 84:f3:eb:7d:7:a8
 0h00:04.853 2022/04/03T06:58:27z: SSID: MU Open
 0h00:04.858 2022/04/03T06:58:27z: AP_STAR tmr
 ets Jan  8 2013,rst cause:4, boot mode:(3,7)

wdt reset
load 0x4010f000, len 1384, room 16 
tail 8
chksum 0x2d
csum 0x2d
v8b899c12
~ld


6.01
 0h00:04.863 2022/04/03T07:18:29z: DS3231
 0h00:04.878 2022/04/03T07:18:29z: BME280 (0x76)
 0h00:04.892 2022/04/03T07:18:29z: 84:f3:eb:7d:7:a8
 0h00:04.894 2022/04/03T07:18:29z: SSID: MU Open
 0h00:04.899 2022/04/03T07:18:29z: AP_STAR tmr
 ets Jan  8 2013,rst cause:4, boot mode:(3,7)

wdt reset
load 0x4010f000, len 1384, room 16 
tail 8
chksum 0x2d
csum 0x2d
v8b899c12
~ld


6.01
 0h00:04.841 2022/04/03T07:38:31z: DS3231
 0h00:04.856 2022/04/03T07:38:31z: BME280 (0x76)
 0h00:04.870 2022/04/03T07:38:31z: 84:f3:eb:7d:7:a8
 0h00:04.872 2022/04/03T07:38:31z: SSID: MU Open
 0h00:04.877 2022/04/03T07:38:31z: AP_STAR tmr
 ets Jan  8 2013,rst cause:4, boot mode:(3,7)

wdt reset
load 0x4010f000, len 1384, room 16 
tail 8
chksum 0x2d
csum 0x2d
v8b899c12
~ld


6.01
 0h00:04.711 2022/04/03T07:58:33z: DS3231
 0h00:04.726 2022/04/03T07:58:33z: BME280 (0x76)
 0h00:04.740 2022/04/03T07:58:33z: 84:f3:eb:7d:7:a8
 0h00:04.742 2022/04/03T07:58:33z: SSID: MU Open
 0h00:04.747 2022/04/03T07:58:33z: AP_STAR tmr
 ets Jan  8 2013,rst cause:4, boot mode:(3,7)

wdt reset
load 0x4010f000, len 1384, room 16 
tail 8
chksum 0x2d
csum 0x2d
v8b899c12
~ld


6.01
 0h00:04.843 2022/04/03T08:18:36z: DS3231
 0h00:04.858 2022/04/03T08:18:36z: BME280 (0x76)
 0h00:04.872 2022/04/03T08:18:36z: 84:f3:eb:7d:7:a8
 0h00:04.874 2022/04/03T08:18:36z: SSID: MU Open
 0h00:04.879 2022/04/03T08:18:36z: AP_STAR tmr
 ets Jan  8 2013,rst cause:4, boot mode:(3,7)

wdt reset
load 0x4010f000, len 1384, room 16 
tail 8
chksum 0x2d
csum 0x2d
v8b899c12
~ld


6.01
 0h00:04.898 2022/04/03T08:38:38z: DS3231
 0h00:04.913 2022/04/03T08:38:38z: BME280 (0x76)
 0h00:04.927 2022/04/03T08:38:38z: 84:f3:eb:7d:7:a8
 0h00:04.929 2022/04/03T08:38:38z: SSID: MU Open
 0h00:04.934 2022/04/03T08:38:38z: AP_STAR tmr
 ets Jan  8 2013,rst cause:4, boot mode:(3,7)

wdt reset
load 0x4010f000, len 1384, room 16 
tail 8
chksum 0x2d
csum 0x2d
v8b899c12
~ld


6.01
 0h00:04.850 2022/04/03T08:58:39z: DS3231
 0h00:04.865 2022/04/03T08:58:39z: BME280 (0x76)
 0h00:04.879 2022/04/03T08:58:39z: 84:f3:eb:7d:7:a8
 0h00:04.881 2022/04/03T08:58:39z: SSID: MU Open
 0h00:04.886 2022/04/03T08:58:39z: AP_STAR tmr
 ets Jan  8 2013,rst cause:4, boot mode:(3,7)

wdt reset
load 0x4010f000, len 1384, room 16 
tail 8
chksum 0x2d
csum 0x2d
v8b899c12
~ld


6.01
 0h00:04.879 2022/04/03T09:18:41z: DS3231
 0h00:04.895 2022/04/03T09:18:41z: BME280 (0x76)
 0h00:04.909 2022/04/03T09:18:41z: 84:f3:eb:7d:7:a8
 0h00:04.910 2022/04/03T09:18:41z: SSID: MU Open
 0h00:04.916 2022/04/03T09:18:41z: AP_STAR tmr
 ets Jan  8 2013,rst cause:4, boot mode:(3,7)

wdt reset
load 0x4010f000, len 1384, room 16 
tail 8
chksum 0x2d
csum 0x2d
v8b899c12
~ld


6.01
 0h00:04.902 2022/04/03T09:38:44z: DS3231
 0h00:04.917 2022/04/03T09:38:44z: BME280 (0x76)
 0h00:04.931 2022/04/03T09:38:44z: 84:f3:eb:7d:7:a8
 0h00:04.933 2022/04/03T09:38:44z: SSID: MU Open
 0h00:04.938 2022/04/03T09:38:44z: AP_STAR tmr
 ets Jan  8 2013,rst cause:4, boot mode:(3,7)

wdt reset
load 0x4010f000, len 1384, room 16 
tail 8
chksum 0x2d
csum 0x2d
v8b899c12
~ld


6.01
 0h00:04.979 2022/04/03T09:58:46z: DS3231
 0h00:04.994 2022/04/03T09:58:46z: BME280 (0x76)
 0h00:05.008 2022/04/03T09:58:46z: 84:f3:eb:7d:7:a8
 0h00:05.010 2022/04/03T09:58:46z: SSID: MU Open
 0h00:05.015 2022/04/03T09:58:46z: AP_STAR tmr
 ets Jan  8 2013,rst cause:4, boot mode:(3,7)

wdt reset
load 0x4010f000, len 1384, room 16 
tail 8
chksum 0x2d
csum 0x2d
v8b899c12
~ld


6.01
 0h00:04.869 2022/04/03T10:18:48z: DS3231
 0h00:04.885 2022/04/03T10:18:48z: BME280 (0x76)
 0h00:04.899 2022/04/03T10:18:48z: 84:f3:eb:7d:7:a8
 0h00:04.900 2022/04/03T10:18:48z: SSID: MU Open
 0h00:04.906 2022/04/03T10:18:48z: AP_STAR tmr
 ets Jan  8 2013,rst cause:4, boot mode:(3,7)

wdt reset
load 0x4010f000, len 1384, room 16 
tail 8
chksum 0x2d
csum 0x2d
v8b899c12
~ld


6.01
 0h00:04.822 2022/04/03T10:38:50z: DS3231
 0h00:04.837 2022/04/03T10:38:50z: BME280 (0x76)
 0h00:04.851 2022/04/03T10:38:50z: 84:f3:eb:7d:7:a8
 0h00:04.853 2022/04/03T10:38:50z: SSID: MU Open
 0h00:04.858 2022/04/03T10:38:50z: AP_STAR tmr
 ets Jan  8 2013,rst cause:4, boot mode:(3,7)

wdt reset
load 0x4010f000, len 1384, room 16 
tail 8
chksum 0x2d
csum 0x2d
v8b899c12
~ld


6.01
 0h00:04.896 2022/04/03T10:58:52z: DS3231
 0h00:04.911 2022/04/03T10:58:52z: BME280 (0x76)
 0h00:04.925 2022/04/03T10:58:52z: 84:f3:eb:7d:7:a8
 0h00:04.927 2022/04/03T10:58:52z: SSID: MU Open
 0h00:04.932 2022/04/03T10:58:52z: AP_STAR tmr
 ets Jan  8 2013,rst cause:4, boot mode:(3,7)

wdt reset
load 0x4010f000, len 1384, room 16 
tail 8
chksum 0x2d
csum 0x2d
v8b899c12
~ld


6.01
 0h00:04.823 2022/04/03T11:18:54z: DS3231
 0h00:04.838 2022/04/03T11:18:54z: BME280 (0x76)
 0h00:04.852 2022/04/03T11:18:54z: 84:f3:eb:7d:7:a8
 0h00:04.854 2022/04/03T11:18:54z: SSID: MU Open
 0h00:04.859 2022/04/03T11:18:54z: AP_STAR tmr
 ets Jan  8 2013,rst cause:4, boot mode:(3,7)

wdt reset
load 0x4010f000, len 1384, room 16 
tail 8
chksum 0x2d
csum 0x2d
v8b899c12
~ld


6.01
 0h00:04.786 2022/04/03T11:38:56z: DS3231
 0h00:04.802 2022/04/03T11:38:56z: BME280 (0x76)
 0h00:04.816 2022/04/03T11:38:56z: 84:f3:eb:7d:7:a8
 0h00:04.818 2022/04/03T11:38:56z: SSID: MU Open
 0h00:04.823 2022/04/03T11:38:56z: AP_STAR tmr
 ets Jan  8 2013,rst cause:4, boot mode:(3,7)

wdt reset
load 0x4010f000, len 1384, room 16 
tail 8
chksum 0x2d
csum 0x2d
v8b899c12
~ld


6.01
 0h00:04.667 2022/04/03T11:58:58z: DS3231
 0h00:04.683 2022/04/03T11:58:58z: BME280 (0x76)
 0h00:04.697 2022/04/03T11:58:58z: 84:f3:eb:7d:7:a8
 0h00:04.698 2022/04/03T11:58:58z: SSID: MU Open
 0h00:04.704 2022/04/03T11:58:58z: AP_STAR tmr
 ets Jan  8 2013,rst cause:4, boot mode:(3,7)

wdt reset
load 0x4010f000, len 1384, room 16 
tail 8
chksum 0x2d
csum 0x2d
v8b899c12
~ld


6.01
 0h00:04.708 2022/04/03T12:18:59z: DS3231
 0h00:04.723 2022/04/03T12:18:59z: BME280 (0x76)
 0h00:04.737 2022/04/03T12:18:59z: 84:f3:eb:7d:7:a8
 0h00:04.739 2022/04/03T12:18:59z: SSID: MU Open
 0h00:04.744 2022/04/03T12:18:59z: AP_STAR tmr
 ets Jan  8 2013,rst cause:4, boot mode:(3,7)

wdt reset
load 0x4010f000, len 1384, room 16 
tail 8
chksum 0x2d
csum 0x2d
v8b899c12
~ld


6.01
 0h00:04.472 2022/04/03T12:39:01z: DS3231
 0h00:04.487 2022/04/03T12:39:01z: BME280 (0x76)
 0h00:04.501 2022/04/03T12:39:01z: 84:f3:eb:7d:7:a8
 0h00:04.503 2022/04/03T12:39:01z: SSID: MU Open
 0h00:04.508 2022/04/03T12:39:01z: AP_STAR tmr
 ets Jan  8 2013,rst cause:4, boot mode:(3,7)

wdt reset
load 0x4010f000, len 1384, room 16 
tail 8
chksum 0x2d
csum 0x2d
v8b899c12
~ld


6.01
 0h00:04.531 2022/04/03T12:59:03z: DS3231
 0h00:04.546 2022/04/03T12:59:03z: BME280 (0x76)
 0h00:04.560 2022/04/03T12:59:03z: 84:f3:eb:7d:7:a8
 0h00:04.562 2022/04/03T12:59:03z: SSID: MU Open
 0h00:04.567 2022/04/03T12:59:03z: AP_STAR tmr
 ets Jan  8 2013,rst cause:4, boot mode:(3,7)

wdt reset
load 0x4010f000, len 1384, room 16 
tail 8
chksum 0x2d
csum 0x2d
v8b899c12
~ld


6.01
 0h00:04.603 2022/04/03T13:19:05z: DS3231
 0h00:04.619 2022/04/03T13:19:05z: BME280 (0x76)
 0h00:04.633 2022/04/03T13:19:05z: 84:f3:eb:7d:7:a8
 0h00:04.634 2022/04/03T13:19:05z: SSID: MU Open
 0h00:04.640 2022/04/03T13:19:05z: AP_STAR tmr
 ets Jan  8 2013,rst cause:4, boot mode:(3,7)

wdt reset
load 0x4010f000, len 1384, room 16 
tail 8
chksum 0x2d
csum 0x2d
v8b899c12
~ld


6.01
 0h00:04.842 2022/04/03T13:39:08z: DS3231
 0h00:04.857 2022/04/03T13:39:08z: BME280 (0x76)
 0h00:04.872 2022/04/03T13:39:08z: 84:f3:eb:7d:7:a8
 0h00:04.873 2022/04/03T13:39:08z: SSID: MU Open
 0h00:04.878 2022/04/03T13:39:08z: AP_STAR tmr
 ets Jan  8 2013,rst cause:4, boot mode:(3,7)

wdt reset
load 0x4010f000, len 1384, room 16 
tail 8
chksum 0x2d
csum 0x2d
v8b899c12
~ld


6.01
 0h00:04.564 2022/04/03T13:59:10z: DS3231
 0h00:04.579 2022/04/03T13:59:10z: BME280 (0x76)
 0h00:04.593 2022/04/03T13:59:10z: 84:f3:eb:7d:7:a8
 0h00:04.595 2022/04/03T13:59:10z: SSID: MU Open
 0h00:04.600 2022/04/03T13:59:10z: AP_STAR tmr
 ets Jan  8 2013,rst cause:4, boot mode:(3,7)

wdt reset
load 0x4010f000, len 1384, room 16 
tail 8
chksum 0x2d
csum 0x2d
v8b899c12
~ld


6.01
 0h00:04.734 2022/04/03T14:19:12z: DS3231
 0h00:04.750 2022/04/03T14:19:12z: BME280 (0x76)
 0h00:04.764 2022/04/03T14:19:12z: 84:f3:eb:7d:7:a8
 0h00:04.765 2022/04/03T14:19:12z: SSID: MU Open
 0h00:04.771 2022/04/03T14:19:12z: AP_STAR tmr
 ets Jan  8 2013,rst cause:4, boot mode:(3,7)

wdt reset
load 0x4010f000, len 1384, room 16 
tail 8
chksum 0x2d
csum 0x2d
v8b899c12
~ld


6.01
 0h00:04.443 2022/04/03T14:39:14z: DS3231
 0h00:04.459 2022/04/03T14:39:14z: BME280 (0x76)
 0h00:04.473 2022/04/03T14:39:14z: 84:f3:eb:7d:7:a8
 0h00:04.475 2022/04/03T14:39:14z: SSID: MU Open
 0h00:04.480 2022/04/03T14:39:14z: AP_STAR tmr
 ets Jan  8 2013,rst cause:4, boot mode:(3,7)

wdt reset
load 0x4010f000, len 1384, room 16 
tail 8
chksum 0x2d
csum 0x2d
v8b899c12
~ld


6.01
 0h00:04.739 2022/04/03T14:59:16z: DS3231
 0h00:04.754 2022/04/03T14:59:16z: BME280 (0x76)
 0h00:04.768 2022/04/03T14:59:16z: 84:f3:eb:7d:7:a8
 0h00:04.770 2022/04/03T14:59:16z: SSID: MU Open
 0h00:04.775 2022/04/03T14:59:16z: AP_STAR tmr
 ets Jan  8 2013,rst cause:4, boot mode:(3,7)

wdt reset
load 0x4010f000, len 1384, room 16 
tail 8
chksum 0x2d
csum 0x2d
v8b899c12
~ld


6.01
 0h00:04.500 2022/04/03T15:19:18z: DS3231
 0h00:04.515 2022/04/03T15:19:18z: BME280 (0x76)
 0h00:04.529 2022/04/03T15:19:18z: 84:f3:eb:7d:7:a8
 0h00:04.531 2022/04/03T15:19:18z: SSID: MU Open
 0h00:04.536 2022/04/03T15:19:18z: AP_STAR tmr
 ets Jan  8 2013,rst cause:4, boot mode:(3,7)

wdt reset
load 0x4010f000, len 1384, room 16 
tail 8
chksum 0x2d
csum 0x2d
v8b899c12
~ld


6.01
 0h00:04.453 2022/04/03T15:39:19z: DS3231
 0h00:04.468 2022/04/03T15:39:19z: BME280 (0x76)
 0h00:04.482 2022/04/03T15:39:19z: 84:f3:eb:7d:7:a8
 0h00:04.484 2022/04/03T15:39:19z: SSID: MU Open
 0h00:04.489 2022/04/03T15:39:19z: AP_STAR tmr
 ets Jan  8 2013,rst cause:4, boot mode:(3,7)

wdt reset
load 0x4010f000, len 1384, room 16 
tail 8
chksum 0x2d
csum 0x2d
v8b899c12
~ld


6.01
 0h00:04.672 2022/04/03T15:59:21z: DS3231
 0h00:04.687 2022/04/03T15:59:21z: BME280 (0x76)
 0h00:04.701 2022/04/03T15:59:21z: 84:f3:eb:7d:7:a8
 0h00:04.703 2022/04/03T15:59:21z: SSID: MU Open
 0h00:04.708 2022/04/03T15:59:21z: AP_STAR tmr
 ets Jan  8 2013,rst cause:4, boot mode:(3,7)

wdt reset
load 0x4010f000, len 1384, room 16 
tail 8
chksum 0x2d
csum 0x2d
v8b899c12
~ld


6.01
 0h00:04.876 2022/04/03T16:19:23z: DS3231
 0h00:04.892 2022/04/03T16:19:23z: BME280 (0x76)
 0h00:04.906 2022/04/03T16:19:23z: 84:f3:eb:7d:7:a8
 0h00:04.907 2022/04/03T16:19:23z: SSID: MU Open
 0h00:04.913 2022/04/03T16:19:23z: AP_STAR tmr
 ets Jan  8 2013,rst cause:4, boot mode:(3,7)

wdt reset
load 0x4010f000, len 1384, room 16 
tail 8
chksum 0x2d
csum 0x2d
v8b899c12
~ld


6.01
 0h00:04.283 2022/04/03T16:39:25z: DS3231
 0h00:04.299 2022/04/03T16:39:25z: BME280 (0x76)
 0h00:04.313 2022/04/03T16:39:25z: 84:f3:eb:7d:7:a8
 0h00:04.315 2022/04/03T16:39:25z: SSID: MU Open
 0h00:04.320 2022/04/03T16:39:25z: AP_STAR tmr
 ets Jan  8 2013,rst cause:4, boot mode:(3,7)

wdt reset
load 0x4010f000, len 1384, room 16 
tail 8
chksum 0x2d
csum 0x2d
v8b899c12
~ld


6.01
 0h00:04.772 2022/04/03T16:59:26z: DS3231
 0h00:04.787 2022/04/03T16:59:26z: BME280 (0x76)
 0h00:04.801 2022/04/03T16:59:26z: 84:f3:eb:7d:7:a8
 0h00:04.803 2022/04/03T16:59:26z: SSID: MU Open
 0h00:04.808 2022/04/03T16:59:26z: AP_STAR tmr
 ets Jan  8 2013,rst cause:4, boot mode:(3,7)

wdt reset
load 0x4010f000, len 1384, room 16 
tail 8
chksum 0x2d
csum 0x2d
v8b899c12
~ld


6.01
 0h00:04.732 2022/04/03T17:19:27z: DS3231
 0h00:04.747 2022/04/03T17:19:27z: BME280 (0x76)
 0h00:04.762 2022/04/03T17:19:27z: 84:f3:eb:7d:7:a8
 0h00:04.763 2022/04/03T17:19:27z: SSID: MU Open
 0h00:04.768 2022/04/03T17:19:27z: AP_STAR tmr
 ets Jan  8 2013,rst cause:4, boot mode:(3,7)

wdt reset
load 0x4010f000, len 1384, room 16 
tail 8
chksum 0x2d
csum 0x2d
v8b899c12
~ld


6.01
 0h00:04.694 2022/04/03T17:39:29z: DS3231
 0h00:04.709 2022/04/03T17:39:29z: BME280 (0x76)
 0h00:04.723 2022/04/03T17:39:29z: 84:f3:eb:7d:7:a8
 0h00:04.725 2022/04/03T17:39:29z: SSID: MU Open
 0h00:04.730 2022/04/03T17:39:29z: AP_STAR tmr
 ets Jan  8 2013,rst cause:4, boot mode:(3,7)

wdt reset
load 0x4010f000, len 1384, room 16 
tail 8
chksum 0x2d
csum 0x2d
v8b899c12
~ld


6.01
 0h00:04.437 2022/04/03T17:59:31z: DS3231
 0h00:04.452 2022/04/03T17:59:31z: BME280 (0x76)
 0h00:04.466 2022/04/03T17:59:31z: 84:f3:eb:7d:7:a8
 0h00:04.468 2022/04/03T17:59:31z: SSID: MU Open
 0h00:04.473 2022/04/03T17:59:31z: AP_STAR tmr
 ets Jan  8 2013,rst cause:4, boot mode:(3,7)

wdt reset
load 0x4010f000, len 1384, room 16 
tail 8
chksum 0x2d
csum 0x2d
v8b899c12
~ld


6.01
 0h00:04.573 2022/04/03T18:19:33z: DS3231
 0h00:04.588 2022/04/03T18:19:33z: BME280 (0x76)
 0h00:04.602 2022/04/03T18:19:33z: 84:f3:eb:7d:7:a8
 0h00:04.604 2022/04/03T18:19:33z: SSID: MU Open
 0h00:04.609 2022/04/03T18:19:33z: AP_STAR tmr
 ets Jan  8 2013,rst cause:4, boot mode:(3,7)

wdt reset
load 0x4010f000, len 1384, room 16 
tail 8
chksum 0x2d
csum 0x2d
v8b899c12
~ld


6.01
 0h00:04.356 2022/04/03T18:39:34z: DS3231
 0h00:04.372 2022/04/03T18:39:34z: BME280 (0x76)
 0h00:04.386 2022/04/03T18:39:34z: 84:f3:eb:7d:7:a8
 0h00:04.388 2022/04/03T18:39:34z: SSID: MU Open
 0h00:04.393 2022/04/03T18:39:34z: AP_STAR tmr
 ets Jan  8 2013,rst cause:4, boot mode:(3,7)

wdt reset
load 0x4010f000, len 1384, room 16 
tail 8
chksum 0x2d
csum 0x2d
v8b899c12
~ld


6.01
 0h00:04.325 2022/04/03T18:59:35z: DS3231
 0h00:04.341 2022/04/03T18:59:35z: BME280 (0x76)
 0h00:04.355 2022/04/03T18:59:35z: 84:f3:eb:7d:7:a8
 0h00:04.356 2022/04/03T18:59:35z: SSID: MU Open
 0h00:04.362 2022/04/03T18:59:35z: AP_STAR tmr
 ets Jan  8 2013,rst cause:4, boot mode:(3,7)

wdt reset
load 0x4010f000, len 1384, room 16 
tail 8
chksum 0x2d
csum 0x2d
v8b899c12
~ld


6.01
 0h00:04.401 2022/04/03T19:19:36z: DS3231
 0h00:04.417 2022/04/03T19:19:36z: BME280 (0x76)
 0h00:04.431 2022/04/03T19:19:36z: 84:f3:eb:7d:7:a8
 0h00:04.432 2022/04/03T19:19:36z: SSID: MU Open
 0h00:04.438 2022/04/03T19:19:36z: AP_STAR tmr
 ets Jan  8 2013,rst cause:4, boot mode:(3,7)

wdt reset
load 0x4010f000, len 1384, room 16 
tail 8
chksum 0x2d
csum 0x2d
v8b899c12
~ld


6.01
 0h00:04.437 2022/04/03T19:39:37z: DS3231
 0h00:04.453 2022/04/03T19:39:37z: BME280 (0x76)
 0h00:04.467 2022/04/03T19:39:37z: 84:f3:eb:7d:7:a8
 0h00:04.468 2022/04/03T19:39:37z: SSID: MU Open
 0h00:04.474 2022/04/03T19:39:37z: AP_STAR tmr
 ets Jan  8 2013,rst cause:4, boot mode:(3,7)

wdt reset
load 0x4010f000, len 1384, room 16 
tail 8
chksum 0x2d
csum 0x2d
v8b899c12
~ld


6.01
 0h00:04.362 2022/04/03T19:59:38z: DS3231
 0h00:04.377 2022/04/03T19:59:38z: BME280 (0x76)
 0h00:04.391 2022/04/03T19:59:38z: 84:f3:eb:7d:7:a8
 0h00:04.393 2022/04/03T19:59:38z: SSID: MU Open
 0h00:04.398 2022/04/03T19:59:38z: AP_STAR tmr
 ets Jan  8 2013,rst cause:4, boot mode:(3,7)

wdt reset
load 0x4010f000, len 1384, room 16 
tail 8
chksum 0x2d
csum 0x2d
v8b899c12
~ld


6.01
 0h00:04.645 2022/04/03T20:19:40z: DS3231
 0h00:04.660 2022/04/03T20:19:40z: BME280 (0x76)
 0h00:04.675 2022/04/03T20:19:40z: 84:f3:eb:7d:7:a8
 0h00:04.676 2022/04/03T20:19:40z: SSID: MU Open
 0h00:04.682 2022/04/03T20:19:40z: AP_STAR tmr
 ets Jan  8 2013,rst cause:4, boot mode:(3,7)

wdt reset
load 0x4010f000, len 1384, room 16 
tail 8
chksum 0x2d
csum 0x2d
v8b899c12
~ld


6.01
 0h00:04.554 2022/04/03T20:39:42z: DS3231
 0h00:04.569 2022/04/03T20:39:42z: BME280 (0x76)
 0h00:04.584 2022/04/03T20:39:42z: 84:f3:eb:7d:7:a8
 0h00:04.585 2022/04/03T20:39:42z: SSID: MU Open
 0h00:04.590 2022/04/03T20:39:42z: AP_STAR tmr
 ets Jan  8 2013,rst cause:4, boot mode:(3,7)

wdt reset
load 0x4010f000, len 1384, room 16 
tail 8
chksum 0x2d
csum 0x2d
v8b899c12
~ld


6.01
 0h00:04.551 2022/04/03T20:59:44z: DS3231
 0h00:04.566 2022/04/03T20:59:44z: BME280 (0x76)
 0h00:04.580 2022/04/03T20:59:44z: 84:f3:eb:7d:7:a8
 0h00:04.582 2022/04/03T20:59:44z: SSID: MU Open
 0h00:04.587 2022/04/03T20:59:44z: AP_STAR tmr
 ets Jan  8 2013,rst cause:4, boot mode:(3,7)

wdt reset
load 0x4010f000, len 1384, room 16 
tail 8
chksum 0x2d
csum 0x2d
v8b899c12
~ld


6.01
 0h00:04.745 2022/04/03T21:19:45z: DS3231
 0h00:04.760 2022/04/03T21:19:45z: BME280 (0x76)
 0h00:04.774 2022/04/03T21:19:45z: 84:f3:eb:7d:7:a8
 0h00:04.776 2022/04/03T21:19:45z: SSID: MU Open
 0h00:04.781 2022/04/03T21:19:45z: AP_STAR tmr
 ets Jan  8 2013,rst cause:4, boot mode:(3,7)

wdt reset
load 0x4010f000, len 1384, room 16 
tail 8
chksum 0x2d
csum 0x2d
v8b899c12
~ld


6.01
 0h00:04.681 2022/04/03T21:39:47z: DS3231
 0h00:04.696 2022/04/03T21:39:47z: BME280 (0x76)
 0h00:04.710 2022/04/03T21:39:47z: 84:f3:eb:7d:7:a8
 0h00:04.712 2022/04/03T21:39:47z: SSID: MU Open
 0h00:04.717 2022/04/03T21:39:48z: AP_STAR tmr
 ets Jan  8 2013,rst cause:4, boot mode:(3,7)

wdt reset
load 0x4010f000, len 1384, room 16 
tail 8
chksum 0x2d
csum 0x2d
v8b899c12
~ld


6.01
 0h00:04.695 2022/04/03T21:59:49z: DS3231
 0h00:04.711 2022/04/03T21:59:49z: BME280 (0x76)
 0h00:04.725 2022/04/03T21:59:49z: 84:f3:eb:7d:7:a8
 0h00:04.727 2022/04/03T21:59:49z: SSID: MU Open
 0h00:04.732 2022/04/03T21:59:49z: AP_STAR tmr
 ets Jan  8 2013,rst cause:4, boot mode:(3,7)

wdt reset
load 0x4010f000, len 1384, room 16 
tail 8
chksum 0x2d
csum 0x2d
v8b899c12
~ld


6.01
 0h00:04.695 2022/04/03T22:19:52z: DS3231
 0h00:04.710 2022/04/03T22:19:52z: BME280 (0x76)
 0h00:04.724 2022/04/03T22:19:52z: 84:f3:eb:7d:7:a8
 0h00:04.726 2022/04/03T22:19:52z: SSID: MU Open
 0h00:04.731 2022/04/03T22:19:52z: AP_STAR tmr
 ets Jan  8 2013,rst cause:4, boot mode:(3,7)

wdt reset
load 0x4010f000, len 1384, room 16 
tail 8
chksum 0x2d
csum 0x2d
v8b899c12
~ld


6.01
 0h00:04.748 2022/04/03T22:39:54z: DS3231
 0h00:04.763 2022/04/03T22:39:54z: BME280 (0x76)
 0h00:04.777 2022/04/03T22:39:54z: 84:f3:eb:7d:7:a8
 0h00:04.779 2022/04/03T22:39:54z: SSID: MU Open
 0h00:04.784 2022/04/03T22:39:54z: AP_STAR tmr
 ets Jan  8 2013,rst cause:4, boot mode:(3,7)

wdt reset
load 0x4010f000, len 1384, room 16 
tail 8
chksum 0x2d
csum 0x2d
v8b899c12
~ld


6.01
 0h00:04.751 2022/04/03T22:59:56z: DS3231
 0h00:04.766 2022/04/03T22:59:56z: BME280 (0x76)
 0h00:04.780 2022/04/03T22:59:56z: 84:f3:eb:7d:7:a8
 0h00:04.782 2022/04/03T22:59:56z: SSID: MU Open
 0h00:04.787 2022/04/03T22:59:56z: AP_STAR tmr
 ets Jan  8 2013,rst cause:4, boot mode:(3,7)

wdt reset
load 0x4010f000, len 1384, room 16 
tail 8
chksum 0x2d
csum 0x2d
v8b899c12
~ld


6.01
 0h00:04.748 2022/04/03T23:19:58z: DS3231
 0h00:04.763 2022/04/03T23:19:58z: BME280 (0x76)
 0h00:04.777 2022/04/03T23:19:58z: 84:f3:eb:7d:7:a8
 0h00:04.779 2022/04/03T23:19:58z: SSID: MU Open
 0h00:04.784 2022/04/03T23:19:58z: AP_STAR tmr
 ets Jan  8 2013,rst cause:4, boot mode:(3,7)

wdt reset
load 0x4010f000, len 1384, room 16 
tail 8
chksum 0x2d
csum 0x2d
v8b899c12
~ld


6.01
 0h00:04.904 2022/04/03T23:40:01z: DS3231
 0h00:04.919 2022/04/03T23:40:01z: BME280 (0x76)
 0h00:04.933 2022/04/03T23:40:01z: 84:f3:eb:7d:7:a8
 0h00:04.935 2022/04/03T23:40:01z: SSID: MU Open
 0h00:04.940 2022/04/03T23:40:01z: AP_STAR tmr
 ets Jan  8 2013,rst cause:4, boot mode:(3,7)

wdt reset
load 0x4010f000, len 1384, room 16 
tail 8
chksum 0x2d
csum 0x2d
v8b899c12
~ld


6.01
 0h00:04.545 2022/04/04T00:00:03z: DS3231
 0h00:04.560 2022/04/04T00:00:03z: BME280 (0x76)
 0h00:04.574 2022/04/04T00:00:03z: 84:f3:eb:7d:7:a8
 0h00:04.576 2022/04/04T00:00:03z: SSID: MU Open
 0h00:04.581 2022/04/04T00:00:03z: AP_STA