R tmr
 ets Jan  8 2013,rst cause:4, boot mode:(3,7)

wdt reset
load 0x4010f000, len 1384, room 16 
tail 8
chksum 0x2d
csum 0x2d
v8b899c12
~ld


6.01
 0h00:05.764 2022/11/09T00:10:39z: DS3231
 0h00:05.780 2022/11/09T00:10:39z: BME280 (0x76)
 0h00:05.794 2022/11/09T00:10:39z: 84:f3:eb:7d:7:a8
 0h00:05.795 2022/11/09T00:10:39z: SSID: MU Open
 0h00:05.801 2022/11/09T00:10:39z: AP_STAR tmr
 ets Jan  8 2013,rst cause:4, boot mode:(3,7)

wdt reset
load 0x4010f000, len 1384, room 16 
tail 8
chksum 0x2d
csum 0x2d
v8b899c12
~ld


6.01
 0h00:05.652 2022/11/09T00:30:45z: DS3231
 0h00:05.667 2022/11/09T00:30:45z: BME280 (0x76)
 0h00:05.681 2022/11/09T00:30:45z: 84:f3:eb:7d:7:a8
 0h00:05.683 2022/11/09T00:30:45z: SSID: MU Open
 0h00:05.688 2022/11/09T00:30:45z: AP_STAR tmr
 ets Jan  8 2013,rst cause:4, boot mode:(3,7)

wdt reset
load 0x4010f000, len 1384, room 16 
tail 8
chksum 0x2d
csum 0x2d
v8b899c12
~ld


6.01
 0h00:04.997 2022/11/09T00:50:50z: DS3231
 0h00:05.013 2022/11/09T00:50:51z: BME280 (0x76)
 0h00:05.027 2022/11/09T00:50:51z: 84:f3:eb:7d:7:a8
 0h00:05.029 2022/11/09T00:50:51z: SSID: MU Open
 0h00:05.034 2022/11/09T00:50:51z: AP_STAR tmr
 ets Jan  8 2013,rst cause:4, boot mode:(3,7)

wdt reset
load 0x4010f000, len 1384, room 16 
tail 8
chksum 0x2d
csum 0x2d
v8b899c12
~ld


6.01
 0h00:05.570 2022/11/09T01:10:56z: DS3231
 0h00:05.585 2022/11/09T01:10:56z: BME280 (0x76)
 0h00:05.600 2022/11/09T01:10:56z: 84:f3:eb:7d:7:a8
 0h00:05.601 2022/11/09T01:10:56z: SSID: MU Open
 0h00:05.606 2022/11/09T01:10:56z: AP_STAR tmr
 ets Jan  8 2013,rst cause:4, boot mode:(3,7)

wdt reset
load 0x4010f000, len 1384, room 16 
tail 8
chksum 0x2d
csum 0x2d
v8b899c12
~ld


6.01
 0h00:05.571 2022/11/09T01:31:03z: DS3231
 0h00:05.586 2022/11/09T01:31:03z: BME280 (0x76)
 0h00:05.600 2022/11/09T01:31:03z: 84:f3:eb:7d:7:a8
 0h00:05.602 2022/11/09T01:31:03z: SSID: MU Open
 0h00:05.607 2022/11/09T01:31:03z: AP_STAR tmr
 ets Jan  8 2013,rst cause:4, boot mode:(3,7)

wdt reset
load 0x4010f000, len 1384, room 16 
tail 8
chksum 0x2d
csum 0x2d
v8b899c12
~ld


6.01
 0h00:05.450 2022/11/09T01:51:09z: DS3231
 0h00:05.465 2022/11/09T01:51:09z: BME280 (0x76)
 0h00:05.479 2022/11/09T01:51:09z: 84:f3:eb:7d:7:a8
 0h00:05.481 2022/11/09T01:51:09z: SSID: MU Open
 0h00:05.486 2022/11/09T01:51:09z: AP_STAR tmr
 ets Jan  8 2013,rst cause:4, boot mode:(3,7)

wdt reset
load 0x4010f000, len 1384, room 16 
tail 8
chksum 0x2d
csum 0x2d
v8b899c12
~ld


6.01
 0h00:05.622 2022/11/09T02:11:15z: DS3231
 0h00:05.637 2022/11/09T02:11:15z: BME280 (0x76)
 0h00:05.651 2022/11/09T02:11:15z: 84:f3:eb:7d:7:a8
 0h00:05.653 2022/11/09T02:11:15z: SSID: MU Open
 0h00:05.658 2022/11/09T02:11:15z: AP_STAR tmr
 ets Jan  8 2013,rst cause:4, boot mode:(3,7)

wdt reset
load 0x4010f000, len 1384, room 16 
tail 8
chksum 0x2d
csum 0x2d
v8b899c12
~ld


6.01
 0h00:05.460 2022/11/09T02:31:22z: DS3231
 0h00:05.475 2022/11/09T02:31:22z: BME280 (0x76)
 0h00:05.490 2022/11/09T02:31:22z: 84:f3:eb:7d:7:a8
 0h00:05.491 2022/11/09T02:31:22z: SSID: MU Open
 0h00:05.496 2022/11/09T02:31:22z: AP_STAR tmr
 ets Jan  8 2013,rst cause:4, boot mode:(3,7)

wdt reset
load 0x4010f000, len 1384, room 16 
tail 8
chksum 0x2d
csum 0x2d
v8b899c12
~ld


6.01
 0h00:05.900 2022/11/09T02:51:28z: DS3231
 0h00:05.915 2022/11/09T02:51:28z: BME280 (0x76)
 0h00:05.930 2022/11/09T02:51:28z: 84:f3:eb:7d:7:a8
 0h00:05.931 2022/11/09T02:51:28z: SSID: MU Open
 0h00:05.936 2022/11/09T02:51:28z: AP_STAR tmr
 ets Jan  8 2013,rst cause:4, boot mode:(3,7)

wdt reset
load 0x4010f000, len 1384, room 16 
tail 8
chksum 0x2d
csum 0x2d
v8b899c12
~ld


6.01
 0h00:05.896 2022/11/09T03:11:34z: DS3231
 0h00:05.911 2022/11/09T03:11:34z: BME280 (0x76)
 0h00:05.925 2022/11/09T03:11:34z: 84:f3:eb:7d:7:a8
 0h00:05.927 2022/11/09T03:11:34z: SSID: MU Open
 0h00:05.932 2022/11/09T03:11:34z: AP_STAR tmr
 ets Jan  8 2013,rst cause:4, boot mode:(3,7)

wdt reset
load 0x4010f000, len 1384, room 16 
tail 8
chksum 0x2d
csum 0x2d
v8b899c12
~ld


6.01
 0h00:05.566 2022/11/09T03:31:40z: DS3231
 0h00:05.581 2022/11/09T03:31:40z: BME280 (0x76)
 0h00:05.595 2022/11/09T03:31:40z: 84:f3:eb:7d:7:a8
 0h00:05.597 2022/11/09T03:31:40z: SSID: MU Open
 0h00:05.602 2022/11/09T03:31:40z: AP_STAR tmr
 ets Jan  8 2013,rst cause:4, boot mode:(3,7)

wdt reset
load 0x4010f000, len 1384, room 16 
tail 8
chksum 0x2d
csum 0x2d
v8b899c12
~ld


6.01
 0h00:05.732 2022/11/09T03:51:46z: DS3231
 0h00:05.748 2022/11/09T03:51:46z: BME280 (0x76)
 0h00:05.762 2022/11/09T03:51:46z: 84:f3:eb:7d:7:a8
 0h00:05.764 2022/11/09T03:51:46z: SSID: MU Open
 0h00:05.769 2022/11/09T03:51:46z: AP_STAR tmr
 ets Jan  8 2013,rst cause:4, boot mode:(3,7)

wdt reset
load 0x4010f000, len 1384, room 16 
tail 8
chksum 0x2d
csum 0x2d
v8b899c12
~ld


6.01
 0h00:05.523 2022/11/09T04:11:53z: DS3231
 0h00:05.538 2022/11/09T04:11:53z: BME280 (0x76)
 0h00:05.552 2022/11/09T04:11:53z: 84:f3:eb:7d:7:a8
 0h00:05.554 2022/11/09T04:11:53z: SSID: MU Open
 0h00:05.559 2022/11/09T04:11:53z: AP_STAR tmr
 ets Jan  8 2013,rst cause:4, boot mode:(3,7)

wdt reset
load 0x4010f000, len 1384, room 16 
tail 8
chksum 0x2d
csum 0x2d
v8b899c12
~ld


6.01
 0h00:05.321 2022/11/09T04:31:58z: DS3231
 0h00:05.336 2022/11/09T04:31:58z: BME280 (0x76)
 0h00:05.350 2022/11/09T04:31:58z: 84:f3:eb:7d:7:a8
 0h00:05.352 2022/11/09T04:31:58z: SSID: MU Open
 0h00:05.357 2022/11/09T04:31:58z: AP_STAR tmr
 ets Jan  8 2013,rst cause:4, boot mode:(3,7)

wdt reset
load 0x4010f000, len 1384, room 16 
tail 8
chksum 0x2d
csum 0x2d
v8b899c12
~ld


6.01
 0h00:05.288 2022/11/09T04:52:04z: DS3231
 0h00:05.303 2022/11/09T04:52:04z: BME280 (0x76)
 0h00:05.317 2022/11/09T04:52:04z: 84:f3:eb:7d:7:a8
 0h00:05.319 2022/11/09T04:52:04z: SSID: MU Open
 0h00:05.324 2022/11/09T04:52:04z: AP_STAR tmr
 ets Jan  8 2013,rst cause:4, boot mode:(3,7)

wdt reset
load 0x4010f000, len 1384, room 16 
tail 8
chksum 0x2d
csum 0x2d
v8b899c12
~ld


6.01
 0h00:05.257 2022/11/09T05:12:10z: DS3231
 0h00:05.273 2022/11/09T05:12:10z: BME280 (0x76)
 0h00:05.287 2022/11/09T05:12:10z: 84:f3:eb:7d:7:a8
 0h00:05.288 2022/11/09T05:12:10z: SSID: MU Open
 0h00:05.294 2022/11/09T05:12:10z: AP_STAR tmr
 ets Jan  8 2013,rst cause:4, boot mode:(3,7)

wdt reset
load 0x4010f000, len 1384, room 16 
tail 8
chksum 0x2d
csum 0x2d
v8b899c12
~ld


6.01
 0h00:05.147 2022/11/09T05:32:16z: DS3231
 0h00:05.163 2022/11/09T05:32:16z: BME280 (0x76)
 0h00:05.177 2022/11/09T05:32:16z: 84:f3:eb:7d:7:a8
 0h00:05.179 2022/11/09T05:32:16z: SSID: MU Open
 0h00:05.184 2022/11/09T05:32:16z: AP_STAR tmr
 ets Jan  8 2013,rst cause:4, boot mode:(3,7)

wdt reset
load 0x4010f000, len 1384, room 16 
tail 8
chksum 0x2d
csum 0x2d
v8b899c12
~ld


6.01
 0h00:05.355 2022/11/09T05:52:22z: DS3231
 0h00:05.371 2022/11/09T05:52:22z: BME280 (0x76)
 0h00:05.385 2022/11/09T05:52:22z: 84:f3:eb:7d:7:a8
 0h00:05.387 2022/11/09T05:52:22z: SSID: MU Open
 0h00:05.392 2022/11/09T05:52:22z: AP_STAR tmr
 ets Jan  8 2013,rst cause:4, boot mode:(3,7)

wdt reset
load 0x4010f000, len 1384, room 16 
tail 8
chksum 0x2d
csum 0x2d
v8b899c12
~ld


6.01
 0h00:05.644 2022/11/09T06:12:28z: DS3231
 0h00:05.659 2022/11/09T06:12:28z: BME280 (0x76)
 0h00:05.673 2022/11/09T06:12:28z: 84:f3:eb:7d:7:a8
 0h00:05.675 2022/11/09T06:12:28z: SSID: MU Open
 0h00:05.680 2022/11/09T06:12:28z: AP_STAR tmr
 ets Jan  8 2013,rst cause:4, boot mode:(3,7)

wdt reset
load 0x4010f000, len 1384, room 16 
tail 8
chksum 0x2d
csum 0x2d
v8b899c12
~ld


6.01
 0h00:05.610 2022/11/09T06:32:33z: DS3231
 0h00:05.625 2022/11/09T06:32:33z: BME280 (0x76)
 0h00:05.639 2022/11/09T06:32:33z: 84:f3:eb:7d:7:a8
 0h00:05.641 2022/11/09T06:32:33z: SSID: MU Open
 0h00:05.646 2022/11/09T06:32:33z: AP_STAR tmr
 ets Jan  8 2013,rst cause:4, boot mode:(3,7)

wdt reset
load 0x4010f000, len 1384, room 16 
tail 8
chksum 0x2d
csum 0x2d
v8b899c12
~ld


6.01
 0h00:05.551 2022/11/09T06:52:40z: DS3231
 0h00:05.566 2022/11/09T06:52:40z: BME280 (0x76)
 0h00:05.580 2022/11/09T06:52:40z: 84:f3:eb:7d:7:a8
 0h00:05.582 2022/11/09T06:52:40z: SSID: MU Open
 0h00:05.587 2022/11/09T06:52:40z: AP_STAR tmr
 ets Jan  8 2013,rst cause:4, boot mode:(3,7)

wdt reset
load 0x4010f000, len 1384, room 16 
tail 8
chksum 0x2d
csum 0x2d
v8b899c12
~ld


6.01
 0h00:05.358 2022/11/09T07:12:46z: DS3231
 0h00:05.374 2022/11/09T07:12:46z: BME280 (0x76)
 0h00:05.388 2022/11/09T07:12:46z: 84:f3:eb:7d:7:a8
 0h00:05.389 2022/11/09T07:12:46z: SSID: MU Open
 0h00:05.395 2022/11/09T07:12:46z: AP_STAR tmr
 ets Jan  8 2013,rst cause:4, boot mode:(3,7)

wdt reset
load 0x4010f000, len 1384, room 16 
tail 8
chksum 0x2d
csum 0x2d
v8b899c12
~ld


6.01
 0h00:05.763 2022/11/09T07:32:52z: DS3231
 0h00:05.778 2022/11/09T07:32:52z: BME280 (0x76)
 0h00:05.792 2022/11/09T07:32:52z: 84:f3:eb:7d:7:a8
 0h00:05.794 2022/11/09T07:32:52z: SSID: MU Open
 0h00:05.799 2022/11/09T07:32:52z: AP_STAR tmr
 ets Jan  8 2013,rst cause:4, boot mode:(3,7)

wdt reset
load 0x4010f000, len 1384, room 16 
tail 8
chksum 0x2d
csum 0x2d
v8b899c12
~ld


6.01
 0h00:05.644 2022/11/09T07:52:58z: DS3231
 0h00:05.659 2022/11/09T07:52:58z: BME280 (0x76)
 0h00:05.673 2022/11/09T07:52:58z: 84:f3:eb:7d:7:a8
 0h00:05.675 2022/11/09T07:52:58z: SSID: MU Open
 0h00:05.680 2022/11/09T07:52:58z: AP_STAR tmr
 ets Jan  8 2013,rst cause:4, boot mode:(3,7)

wdt reset
load 0x4010f000, len 1384, room 16 
tail 8
chksum 0x2d
csum 0x2d
v8b899c12
~ld


6.01
 0h00:05.644 2022/11/09T08:13:04z: DS3231
 0h00:05.659 2022/11/09T08:13:04z: BME280 (0x76)
 0h00:05.674 2022/11/09T08:13:04z: 84:f3:eb:7d:7:a8
 0h00:05.675 2022/11/09T08:13:04z: SSID: MU Open
 0h00:05.680 2022/11/09T08:13:04z: AP_STAR tmr
 ets Jan  8 2013,rst cause:4, boot mode:(3,7)

wdt reset
load 0x4010f000, len 1384, room 16 
tail 8
chksum 0x2d
csum 0x2d
v8b899c12
~ld


6.01
 0h00:05.673 2022/11/09T08:33:10z: DS3231
 0h00:05.688 2022/11/09T08:33:10z: BME280 (0x76)
 0h00:05.702 2022/11/09T08:33:10z: 84:f3:eb:7d:7:a8
 0h00:05.704 2022/11/09T08:33:10z: SSID: MU Open
 0h00:05.709 2022/11/09T08:33:10z: AP_STAR tmr
 ets Jan  8 2013,rst cause:4, boot mode:(3,7)

wdt reset
load 0x4010f000, len 1384, room 16 
tail 8
chksum 0x2d
csum 0x2d
v8b899c12
~ld


6.01
 0h00:05.523 2022/11/09T08:53:16z: DS3231
 0h00:05.538 2022/11/09T08:53:16z: BME280 (0x76)
 0h00:05.552 2022/11/09T08:53:16z: 84:f3:eb:7d:7:a8
 0h00:05.554 2022/11/09T08:53:16z: SSID: MU Open
 0h00:05.559 2022/11/09T08:53:16z: AP_STAR tmr
 ets Jan  8 2013,rst cause:4, boot mode:(3,7)

wdt reset
load 0x4010f000, len 1384, room 16 
tail 8
chksum 0x2d
csum 0x2d
v8b899c12
~ld


6.01
 0h00:05.416 2022/11/09T09:13:22z: DS3231
 0h00:05.431 2022/11/09T09:13:22z: BME280 (0x76)
 0h00:05.445 2022/11/09T09:13:22z: 84:f3:eb:7d:7:a8
 0h00:05.447 2022/11/09T09:13:22z: SSID: MU Open
 0h00:05.452 2022/11/09T09:13:22z: AP_STAR tmr
 ets Jan  8 2013,rst cause:4, boot mode:(3,7)

wdt reset
load 0x4010f000, len 1384, room 16 
tail 8
chksum 0x2d
csum 0x2d
v8b899c12
~ld


6.01
 0h00:05.459 2022/11/09T09:33:29z: DS3231
 0h00:05.474 2022/11/09T09:33:29z: BME280 (0x76)
 0h00:05.489 2022/11/09T09:33:29z: 84:f3:eb:7d:7:a8
 0h00:05.490 2022/11/09T09:33:29z: SSID: MU Open
 0h00:05.495 2022/11/09T09:33:29z: AP_STAR tmr
 ets Jan  8 2013,rst cause:4, boot mode:(3,7)

wdt reset
load 0x4010f000, len 1384, room 16 
tail 8
chksum 0x2d
csum 0x2d
v8b899c12
~ld


6.01
 0h00:05.434 2022/11/09T09:53:35z: DS3231
 0h00:05.449 2022/11/09T09:53:35z: BME280 (0x76)
 0h00:05.464 2022/11/09T09:53:35z: 84:f3:eb:7d:7:a8
 0h00:05.465 2022/11/09T09:53:35z: SSID: MU Open
 0h00:05.470 2022/11/09T09:53:35z: AP_STAR tmr
 ets Jan  8 2013,rst cause:4, boot mode:(3,7)

wdt reset
load 0x4010f000, len 1384, room 16 
tail 8
chksum 0x2d
csum 0x2d
v8b899c12
~ld


6.01
 0h00:05.339 2022/11/09T10:13:41z: DS3231
 0h00:05.354 2022/11/09T10:13:41z: BME280 (0x76)
 0h00:05.368 2022/11/09T10:13:41z: 84:f3:eb:7d:7:a8
 0h00:05.370 2022/11/09T10:13:41z: SSID: MU Open
 0h00:05.375 2022/11/09T10:13:41z: AP_STAR tmr
 ets Jan  8 2013,rst cause:4, boot mode:(3,7)

wdt reset
load 0x4010f000, len 1384, room 16 
tail 8
chksum 0x2d
csum 0x2d
v8b899c12
~ld


6.01
 0h00:05.595 2022/11/09T10:33:47z: DS3231
 0h00:05.611 2022/11/09T10:33:47z: BME280 (0x76)
 0h00:05.625 2022/11/09T10:33:47z: 84:f3:eb:7d:7:a8
 0h00:05.626 2022/11/09T10:33:47z: SSID: MU Open
 0h00:05.632 2022/11/09T10:33:47z: AP_STAR tmr
 ets Jan  8 2013,rst cause:4, boot mode:(3,7)

wdt reset
load 0x4010f000, len 1384, room 16 
tail 8
chksum 0x2d
csum 0x2d
v8b899c12
~ld


6.01
 0h00:05.162 2022/11/09T10:53:53z: DS3231
 0h00:05.178 2022/11/09T10:53:53z: BME280 (0x76)
 0h00:05.192 2022/11/09T10:53:53z: 84:f3:eb:7d:7:a8
 0h00:05.193 2022/11/09T10:53:53z: SSID: MU Open
 0h00:05.199 2022/11/09T10:53:53z: AP_STAR tmr
 ets Jan  8 2013,rst cause:4, boot mode:(3,7)

wdt reset
load 0x4010f000, len 1384, room 16 
tail 8
chksum 0x2d
csum 0x2d
v8b899c12
~ld


6.01
 0h00:05.378 2022/11/09T11:13:58z: DS3231
 0h00:05.394 2022/11/09T11:13:58z: BME280 (0x76)
 0h00:05.408 2022/11/09T11:13:58z: 84:f3:eb:7d:7:a8
 0h00:05.409 2022/11/09T11:13:58z: SSID: MU Open
 0h00:05.415 2022/11/09T11:13:58z: AP_STAR tmr
 ets Jan  8 2013,rst cause:4, boot mode:(3,7)

wdt reset
load 0x4010f000, len 1384, room 16 
tail 8
chksum 0x2d
csum 0x2d
v8b899c12
~ld


6.01
 0h00:05.409 2022/11/09T11:34:04z: DS3231
 0h00:05.424 2022/11/09T11:34:04z: BME280 (0x76)
 0h00:05.439 2022/11/09T11:34:04z: 84:f3:eb:7d:7:a8
 0h00:05.440 2022/11/09T11:34:04z: SSID: MU Open
 0h00:05.445 2022/11/09T11:34:04z: AP_STAR tmr
 ets Jan  8 2013,rst cause:4, boot mode:(3,7)

wdt reset
load 0x4010f000, len 1384, room 16 
tail 8
chksum 0x2d
csum 0x2d
v8b899c12
~ld


6.01
 0h00:05.305 2022/11/09T11:54:09z: DS3231
 0h00:05.320 2022/11/09T11:54:09z: BME280 (0x76)
 0h00:05.334 2022/11/09T11:54:09z: 84:f3:eb:7d:7:a8
 0h00:05.336 2022/11/09T11:54:09z: SSID: MU Open
 0h00:05.341 2022/11/09T11:54:09z: AP_STAR tmr
 ets Jan  8 2013,rst cause:4, boot mode:(3,7)

wdt reset
load 0x4010f000, len 1384, room 16 
tail 8
chksum 0x2d
csum 0x2d
v8b899c12
~ld


6.01
 0h00:05.702 2022/11/09T12:14:15z: DS3231
 0h00:05.718 2022/11/09T12:14:15z: BME280 (0x76)
 0h00:05.732 2022/11/09T12:14:15z: 84:f3:eb:7d:7:a8
 0h00:05.734 2022/11/09T12:14:15z: SSID: MU Open
 0h00:05.739 2022/11/09T12:14:15z: AP_STAR tmr
 ets Jan  8 2013,rst cause:4, boot mode:(3,7)

wdt reset
load 0x4010f000, len 1384, room 16 
tail 8
chksum 0x2d
csum 0x2d
v8b899c12
~ld


6.01
 0h00:05.035 2022/11/09T12:34:20z: DS3231
 0h00:05.050 2022/11/09T12:34:20z: BME280 (0x76)
 0h00:05.064 2022/11/09T12:34:20z: 84:f3:eb:7d:7:a8
 0h00:05.066 2022/11/09T12:34:20z: SSID: MU Open
 0h00:05.071 2022/11/09T12:34:20z: AP_STAR tmr
 ets Jan  8 2013,rst cause:4, boot mode:(3,7)

wdt reset
load 0x4010f000, len 1384, room 16 
tail 8
chksum 0x2d
csum 0x2d
v8b899c12
~ld


6.01
 0h00:05.307 2022/11/09T12:54:26z: DS3231
 0h00:05.322 2022/11/09T12:54:26z: BME280 (0x76)
 0h00:05.336 2022/11/09T12:54:26z: 84:f3:eb:7d:7:a8
 0h00:05.338 2022/11/09T12:54:26z: SSID: MU Open
 0h00:05.343 2022/11/09T12:54:26z: AP_STAR tmr
 ets Jan  8 2013,rst cause:4, boot mode:(3,7)

wdt reset
load 0x4010f000, len 1384, room 16 
tail 8
chksum 0x2d
csum 0x2d
v8b899c12
~ld


6.01
 0h00:05.637 2022/11/09T13:14:32z: DS3231
 0h00:05.652 2022/11/09T13:14:32z: BME280 (0x76)
 0h00:05.666 2022/11/09T13:14:32z: 84:f3:eb:7d:7:a8
 0h00:05.668 2022/11/09T13:14:32z: SSID: MU Open
 0h00:05.673 2022/11/09T13:14:32z: AP_STAR tmr
 ets Jan  8 2013,rst cause:4, boot mode:(3,7)

wdt reset
load 0x4010f000, len 1384, room 16 
tail 8
chksum 0x2d
csum 0x2d
v8b899c12
~ld


6.01
 0h00:05.806 2022/11/09T13:34:38z: DS3231
 0h00:05.821 2022/11/09T13:34:38z: BME280 (0x76)
 0h00:05.835 2022/11/09T13:34:38z: 84:f3:eb:7d:7:a8
 0h00:05.837 2022/11/09T13:34:38z: SSID: MU Open
 0h00:05.842 2022/11/09T13:34:38z: AP_STAR tmr
 ets Jan  8 2013,rst cause:4, boot mode:(3,7)

wdt reset
load 0x4010f000, len 1384, room 16 
tail 8
chksum 0x2d
csum 0x2d
v8b899c12
~ld


6.01
 0h00:05.876 2022/11/09T13:54:45z: DS3231
 0h00:05.891 2022/11/09T13:54:45z: BME280 (0x76)
 0h00:05.905 2022/11/09T13:54:45z: 84:f3:eb:7d:7:a8
 0h00:05.907 2022/11/09T13:54:45z: SSID: MU Open
 0h00:05.912 2022/11/09T13:54:45z: AP_STAR tmr
 ets Jan  8 2013,rst cause:4, boot mode:(3,7)

wdt reset
load 0x4010f000, len 1384, room 16 
tail 8
chksum 0x2d
csum 0x2d
v8b899c12
~ld


6.01
 0h00:05.531 2022/11/09T14:14:50z: DS3231
 0h00:05.546 2022/11/09T14:14:50z: BME280 (0x76)
 0h00:05.560 2022/11/09T14:14:50z: 84:f3:eb:7d:7:a8
 0h00:05.562 2022/11/09T14:14:50z: SSID: MU Open
 0h00:05.567 2022/11/09T14:14:50z: AP_STAR tmr
 ets Jan  8 2013,rst cause:4, boot mode:(3,7)

wdt reset
load 0x4010f000, len 1384, room 16 
tail 8
chksum 0x2d
csum 0x2d
v8b899c12
~ld


6.01
 0h00:05.528 2022/11/09T14:34:57z: DS3231
 0h00:05.543 2022/11/09T14:34:57z: BME280 (0x76)
 0h00:05.558 2022/11/09T14:34:57z: 84:f3:eb:7d:7:a8
 0h00:05.559 2022/11/09T14:34:57z: SSID: MU Open
 0h00:05.564 2022/11/09T14:34:57z: AP_STAR tmr
 ets Jan  8 2013,rst cause:4, boot mode:(3,7)

wdt reset
load 0x4010f000, len 1384, room 16 
tail 8
chksum 0x2d
csum 0x2d
v8b899c12
~ld


6.01
 0h00:05.329 2022/11/09T14:55:02z: DS3231
 0h00:05.345 2022/11/09T14:55:02z: BME280 (0x76)
 0h00:05.359 2022/11/09T14:55:02z: 84:f3:eb:7d:7:a8
 0h00:05.361 2022/11/09T14:55:02z: SSID: MU Open
 0h00:05.366 2022/11/09T14:55:02z: AP_STAR tmr
 ets Jan  8 2013,rst cause:4, boot mode:(3,7)

wdt reset
load 0x4010f000, len 1384, room 16 
tail 8
chksum 0x2d
csum 0x2d
v8b899c12
~ld


6.01
 0h00:05.338 2022/11/09T15:15:08z: DS3231
 0h00:05.354 2022/11/09T15:15:08z: BME280 (0x76)
 0h00:05.368 2022/11/09T15:15:08z: 84:f3:eb:7d:7:a8
 0h00:05.369 2022/11/09T15:15:08z: SSID: MU Open
 0h00:05.375 2022/11/09T15:15:08z: AP_STAR tmr
 ets Jan  8 2013,rst cause:4, boot mode:(3,7)

wdt reset
load 0x4010f000, len 1384, room 16 
tail 8
chksum 0x2d
csum 0x2d
v8b899c12
~ld


6.01
 0h00:05.520 2022/11/09T15:35:13z: DS3231
 0h00:05.535 2022/11/09T15:35:13z: BME280 (0x76)
 0h00:05.549 2022/11/09T15:35:13z: 84:f3:eb:7d:7:a8
 0h00:05.551 2022/11/09T15:35:13z: SSID: MU Open
 0h00:05.556 2022/11/09T15:35:13z: AP_STAR tmr
 ets Jan  8 2013,rst cause:4, boot mode:(3,7)

wdt reset
load 0x4010f000, len 1384, room 16 
tail 8
chksum 0x2d
csum 0x2d
v8b899c12
~ld


6.01
 0h00:05.610 2022/11/09T15:55:19z: DS3231
 0h00:05.625 2022/11/09T15:55:19z: BME280 (0x76)
 0h00:05.639 2022/11/09T15:55:19z: 84:f3:eb:7d:7:a8
 0h00:05.641 2022/11/09T15:55:19z: SSID: MU Open
 0h00:05.646 2022/11/09T15:55:19z: AP_STAR tmr
 ets Jan  8 2013,rst cause:4, boot mode:(3,7)

wdt reset
load 0x4010f000, len 1384, room 16 
tail 8
chksum 0x2d
csum 0x2d
v8b899c12
~ld


6.01
 0h00:05.408 2022/11/09T16:15:24z: DS3231
 0h00:05.424 2022/11/09T16:15:24z: BME280 (0x76)
 0h00:05.438 2022/11/09T16:15:24z: 84:f3:eb:7d:7:a8
 0h00:05.440 2022/11/09T16:15:24z: SSID: MU Open
 0h00:05.445 2022/11/09T16:15:24z: AP_STAR tmr
 ets Jan  8 2013,rst cause:4, boot mode:(3,7)

wdt reset
load 0x4010f000, len 1384, room 16 
tail 8
chksum 0x2d
csum 0x2d
v8b899c12
~ld


6.01
 0h00:05.172 2022/11/09T16:35:29z: DS3231
 0h00:05.188 2022/11/09T16:35:30z: BME280 (0x76)
 0h00:05.202 2022/11/09T16:35:30z: 84:f3:eb:7d:7:a8
 0h00:05.203 2022/11/09T16:35:30z: SSID: MU Open
 0h00:05.209 2022/11/09T16:35:30z: AP_STAR tmr
 ets Jan  8 2013,rst cause:4, boot mode:(3,7)

wdt reset
load 0x4010f000, len 1384, room 16 
tail 8
chksum 0x2d
csum 0x2d
v8b899c12
~ld


6.01
 0h00:05.282 2022/11/09T16:55:35z: DS3231
 0h00:05.297 2022/11/09T16:55:35z: BME280 (0x76)
 0h00:05.311 2022/11/09T16:55:35z: 84:f3:eb:7d:7:a8
 0h00:05.313 2022/11/09T16:55:35z: SSID: MU Open
 0h00:05.318 2022/11/09T16:55:35z: AP_STAR tmr
 ets Jan  8 2013,rst cause:4, boot mode:(3,7)

wdt reset
load 0x4010f000, len 1384, room 16 
tail 8
chksum 0x2d
csum 0x2d
v8b899c12
~ld


6.01
 0h00:05.393 2022/11/09T17:15:41z: DS3231
 0h00:05.409 2022/11/09T17:15:41z: BME280 (0x76)
 0h00:05.423 2022/11/09T17:15:41z: 84:f3:eb:7d:7:a8
 0h00:05.424 2022/11/09T17:15:41z: SSID: MU Open
 0h00:05.430 2022/11/09T17:15:41z: AP_STAR tmr
 ets Jan  8 2013,rst cause:4, boot mode:(3,7)

wdt reset
load 0x4010f000, len 1384, room 16 
tail 8
chksum 0x2d
csum 0x2d
v8b899c12
~ld


6.01
 0h00:05.095 2022/11/09T17:35:46z: DS3231
 0h00:05.110 2022/11/09T17:35:46z: BME280 (0x76)
 0h00:05.124 2022/11/09T17:35:46z: 84:f3:eb:7d:7:a8
 0h00:05.126 2022/11/09T17:35:46z: SSID: MU Open
 0h00:05.131 2022/11/09T17:35:46z: AP_STAR tmr
 ets Jan  8 2013,rst cause:4, boot mode:(3,7)

wdt reset
load 0x4010f000, len 1384, room 16 
tail 8
chksum 0x2d
csum 0x2d
v8b899c12
~ld


6.01
 0h00:05.351 2022/11/09T17:55:52z: DS3231
 0h00:05.367 2022/11/09T17:55:52z: BME280 (0x76)
 0h00:05.381 2022/11/09T17:55:52z: 84:f3:eb:7d:7:a8
 0h00:05.383 2022/11/09T17:55:52z: SSID: MU Open
 0h00:05.388 2022/11/09T17:55:52z: AP_STAR tmr
 ets Jan  8 2013,rst cause:4, boot mode:(3,7)

wdt reset
load 0x4010f000, len 1384, room 16 
tail 8
chksum 0x2d
csum 0x2d
v8b899c12
~ld


6.01
 0h00:05.408 2022/11/09T18:15:57z: DS3231
 0h00:05.424 2022/11/09T18:15:57z: BME280 (0x76)
 0h00:05.438 2022/11/09T18:15:57z: 84:f3:eb:7d:7:a8
 0h00:05.439 2022/11/09T18:15:57z: SSID: MU Open
 0h00:05.445 2022/11/09T18:15:57z: AP_STAR tmr
 ets Jan  8 2013,rst cause:4, boot mode:(3,7)

wdt reset
load 0x4010f000, len 1384, room 16 
tail 8
chksum 0x2d
csum 0x2d
v8b899c12
~ld


6.01
 0h00:05.375 2022/11/09T18:36:02z: DS3231
 0h00:05.390 2022/11/09T18:36:02z: BME280 (0x76)
 0h00:05.405 2022/11/09T18:36:02z: 84:f3:eb:7d:7:a8
 0h00:05.406 2022/11/09T18:36:02z: SSID: MU Open
 0h00:05.411 2022/11/09T18:36:02z: AP_STAR tmr
 ets Jan  8 2013,rst cause:4, boot mode:(3,7)

wdt reset
load 0x4010f000, len 1384, room 16 
tail 8
chksum 0x2d
csum 0x2d
v8b899c12
~ld


6.01
 0h00:05.306 2022/11/09T18:56:08z: DS3231
 0h00:05.321 2022/11/09T18:56:08z: BME280 (0x76)
 0h00:05.335 2022/11/09T18:56:08z: 84:f3:eb:7d:7:a8
 0h00:05.337 2022/11/09T18:56:08z: SSID: MU Open
 0h00:05.342 2022/11/09T18:56:08z: AP_STAR tmr
 ets Jan  8 2013,rst cause:4, boot mode:(3,7)

wdt reset
load 0x4010f000, len 1384, room 16 
tail 8
chksum 0x2d
csum 0x2d
v8b899c12
~ld


6.01
 0h00:05.322 2022/11/09T19:16:13z: DS3231
 0h00:05.337 2022/11/09T19:16:13z: BME280 (0x76)
 0h00:05.351 2022/11/09T19:16:13z: 84:f3:eb:7d:7:a8
 0h00:05.353 2022/11/09T19:16:13z: SSID: MU Open
 0h00:05.358 2022/11/09T19:16:13z: AP_STAR tmr
 ets Jan  8 2013,rst cause:4, boot mode:(3,7)

wdt reset
load 0x4010f000, len 1384, room 16 
tail 8
chksum 0x2d
csum 0x2d
v8b899c12
~ld


6.01
 0h00:05.302 2022/11/09T19:36:20z: DS3231
 0h00:05.318 2022/11/09T19:36:20z: BME280 (0x76)
 0h00:05.332 2022/11/09T19:36:20z: 84:f3:eb:7d:7:a8
 0h00:05.334 2022/11/09T19:36:20z: SSID: MU Open
 0h00:05.339 2022/11/09T19:36:20z: AP_STAR tmr
 ets Jan  8 2013,rst cause:4, boot mode:(3,7)

wdt reset
load 0x4010f000, len 1384, room 16 
tail 8
chksum 0x2d
csum 0x2d
v8b899c12
~ld


6.01
 0h00:05.235 2022/11/09T19:56:25z: DS3231
 0h00:05.250 2022/11/09T19:56:25z: BME280 (0x76)
 0h00:05.264 2022/11/09T19:56:25z: 84:f3:eb:7d:7:a8
 0h00:05.266 2022/11/09T19:56:25z: SSID: MU Open
 0h00:05.271 2022/11/09T19:56:25z: AP_STAR tmr
 ets Jan  8 2013,rst cause:4, boot mode:(3,7)

wdt reset
load 0x4010f000, len 1384, room 16 
tail 8
chksum 0x2d
csum 0x2d
v8b899c12
~ld


6.01
 0h00:04.943 2022/11/09T20:16:29z: DS3231
 0h00:04.958 2022/11/09T20:16:29z: BME280 (0x76)
 0h00:04.972 2022/11/09T20:16:29z: 84:f3:eb:7d:7:a8
 0h00:04.974 2022/11/09T20:16:29z: SSID: MU Open
 0h00:04.979 2022/11/09T20:16:29z: AP_STAR tmr
 ets Jan  8 2013,rst cause:4, boot mode:(3,7)

wdt reset
load 0x4010f000, len 1384, room 16 
tail 8
chksum 0x2d
csum 0x2d
v8b899c12
~ld


6.01
 0h00:05.390 2022/11/09T20:36:35z: DS3231
 0h00:05.406 2022/11/09T20:36:35z: BME280 (0x76)
 0h00:05.420 2022/11/09T20:36:35z: 84:f3:eb:7d:7:a8
 0h00:05.422 2022/11/09T20:36:35z: SSID: MU Open
 0h00:05.427 2022/11/09T20:36:35z: AP_STAR tmr
 ets Jan  8 2013,rst cause:4, boot mode:(3,7)

wdt reset
load 0x4010f000, len 1384, room 16 
tail 8
chksum 0x2d
csum 0x2d
v8b899c12
~ld


6.01
 0h00:05.580 2022/11/09T20:56:41z: DS3231
 0h00:05.595 2022/11/09T20:56:41z: BME280 (0x76)
 0h00:05.609 2022/11/09T20:56:41z: 84:f3:eb:7d:7:a8
 0h00:05.611 2022/11/09T20:56:41z: SSID: MU Open
 0h00:05.616 2022/11/09T20:56:41z: AP_STAR tmr
 ets Jan  8 2013,rst cause:4, boot mode:(3,7)

wdt reset
load 0x4010f000, len 1384, room 16 
tail 8
chksum 0x2d
csum 0x2d
v8b899c12
~ld


6.01
 0h00:05.378 2022/11/09T21:16:47z: DS3231
 0h00:05.394 2022/11/09T21:16:47z: BME280 (0x76)
 0h00:05.408 2022/11/09T21:16:47z: 84:f3:eb:7d:7:a8
 0h00:05.410 2022/11/09T21:16:47z: SSID: MU Open
 0h00:05.415 2022/11/09T21:16:47z: AP_STAR tmr
 ets Jan  8 2013,rst cause:4, boot mode:(3,7)

wdt reset
load 0x4010f000, len 1384, room 16 
tail 8
chksum 0x2d
csum 0x2d
v8b899c12
~ld


6.01
 0h00:04.995 2022/11/09T21:36:52z: DS3231
 0h00:05.010 2022/11/09T21:36:52z: BME280 (0x76)
 0h00:05.024 2022/11/09T21:36:52z: 84:f3:eb:7d:7:a8
 0h00:05.026 2022/11/09T21:36:52z: SSID: MU Open
 0h00:05.031 2022/11/09T21:36:52z: AP_STAR tmr
 ets Jan  8 2013,rst cause:4, boot mode:(3,7)

wdt reset
load 0x4010f000, len 1384, room 16 
tail 8
chksum 0x2d
csum 0x2d
v8b899c12
~ld


6.01
 0h00:05.599 2022/11/09T21:56:59z: DS3231
 0h00:05.614 2022/11/09T21:56:59z: BME280 (0x76)
 0h00:05.628 2022/11/09T21:56:59z: 84:f3:eb:7d:7:a8
 0h00:05.630 2022/11/09T21:56:59z: SSID: MU Open
 0h00:05.635 2022/11/09T21:56:59z: AP_STAR tmr
 ets Jan  8 2013,rst cause:4, boot mode:(3,7)

wdt reset
load 0x4010f000, len 1384, room 16 
tail 8
chksum 0x2d
csum 0x2d
v8b899c12
~ld


6.01
 0h00:05.105 2022/11/09T22:17:04z: DS3231
 0h00:05.120 2022/11/09T22:17:04z: BME280 (0x76)
 0h00:05.134 2022/11/09T22:17:04z: 84:f3:eb:7d:7:a8
 0h00:05.136 2022/11/09T22:17:04z: SSID: MU Open
 0h00:05.141 2022/11/09T22:17:04z: AP_STAR tmr
 ets Jan  8 2013,rst cause:4, boot mode:(3,7)

wdt reset
load 0x4010f000, len 1384, room 16 
tail 8
chksum 0x2d
csum 0x2d
v8b899c12
~ld


6.01
 0h00:05.586 2022/11/09T22:37:10z: DS3231
 0h00:05.601 2022/11/09T22:37:10z: BME280 (0x76)
 0h00:05.615 2022/11/09T22:37:10z: 84:f3:eb:7d:7:a8
 0h00:05.617 2022/11/09T22:37:10z: SSID: MU Open
 0h00:05.622 2022/11/09T22:37:10z: AP_STAR tmr
 ets Jan  8 2013,rst cause:4, boot mode:(3,7)

wdt reset
load 0x4010f000, len 1384, room 16 
tail 8
chksum 0x2d
csum 0x2d
v8b899c12
~ld


6.01
 0h00:05.191 2022/11/09T22:57:16z: DS3231
 0h00:05.206 2022/11/09T22:57:16z: BME280 (0x76)
 0h00:05.221 2022/11/09T22:57:16z: 84:f3:eb:7d:7:a8
 0h00:05.222 2022/11/09T22:57:16z: SSID: MU Open
 0h00:05.228 2022/11/09T22:57:16z: AP_STAR tmr
 ets Jan  8 2013,rst cause:4, boot mode:(3,7)

wdt reset
load 0x4010f000, len 1384, room 16 
tail 8
chksum 0x2d
csum 0x2d
v8b899c12
~ld


6.01
 0h00:05.371 2022/11/09T23:17:22z: DS3231
 0h00:05.387 2022/11/09T23:17:22z: BME280 (0x76)
 0h00:05.401 2022/11/09T23:17:22z: 84:f3:eb:7d:7:a8
 0h00:05.403 2022/11/09T23:17:22z: SSID: MU Open
 0h00:05.408 2022/11/09T23:17:22z: AP_STAR tmr
 ets Jan  8 2013,rst cause:4, boot mode:(3,7)

wdt reset
load 0x4010f000, len 1384, room 16 
tail 8
chksum 0x2d
csum 0x2d
v8b899c12
~ld


6.01
 0h00:05.421 2022/11/09T23:37:27z: DS3231
 0h00:05.436 2022/11/09T23:37:27z: BME280 (0x76)
 0h00:05.450 2022/11/09T23:37:27z: 84:f3:eb:7d:7:a8
 0h00:05.452 2022/11/09T23:37:27z: SSID: MU Open
 0h00:05.457 2022/11/09T23:37:27z: AP_STAR tmr
 ets Jan  8 2013,rst cause:4, boot mode:(3,7)

wdt reset
load 0x4010f000, len 1384, room 16 
tail 8
chksum 0x2d
csum 0x2d
v8b899c12
~ld


6.01
 0h00:05.658 2022/11/09T23:57:33z: DS3231
 0h00:05.673 2022/11/09T23:57:33z: BME280 (0x76)
 0h00:05.687 2022/11/09T23:57:33z: 84:f3:eb:7d:7:a8
 0h00:05.689 2022/11/09T23:57:33z: SSID: MU Open
 0h00:05.694 2022/11/09T23:57:33z: AP_STA