R tmr
 ets Jan  8 2013,rst cause:4, boot mode:(3,7)

wdt reset
load 0x4010f000, len 1384, room 16 
tail 8
chksum 0x2d
csum 0x2d
v8b899c12
~ld


6.01
 0h00:04.784 2022/02/27T00:06:40z: DS3231
 0h00:04.800 2022/02/27T00:06:40z: BME280 (0x76)
 0h00:04.814 2022/02/27T00:06:40z: 84:f3:eb:7d:7:a8
 0h00:04.815 2022/02/27T00:06:40z: SSID: MU Open
 0h00:04.821 2022/02/27T00:06:40z: AP_STAR tmr
 ets Jan  8 2013,rst cause:4, boot mode:(3,7)

wdt reset
load 0x4010f000, len 1384, room 16 
tail 8
chksum 0x2d
csum 0x2d
v8b899c12
~ld


6.01
 0h00:04.815 2022/02/27T00:26:41z: DS3231
 0h00:04.831 2022/02/27T00:26:41z: BME280 (0x76)
 0h00:04.845 2022/02/27T00:26:41z: 84:f3:eb:7d:7:a8
 0h00:04.847 2022/02/27T00:26:41z: SSID: MU Open
 0h00:04.852 2022/02/27T00:26:41z: AP_STAR tmr
 ets Jan  8 2013,rst cause:4, boot mode:(3,7)

wdt reset
load 0x4010f000, len 1384, room 16 
tail 8
chksum 0x2d
csum 0x2d
v8b899c12
~ld


6.01
 0h00:04.634 2022/02/27T00:46:42z: DS3231
 0h00:04.650 2022/02/27T00:46:42z: BME280 (0x76)
 0h00:04.664 2022/02/27T00:46:42z: 84:f3:eb:7d:7:a8
 0h00:04.666 2022/02/27T00:46:42z: SSID: MU Open
 0h00:04.671 2022/02/27T00:46:42z: AP_STAR tmr
 ets Jan  8 2013,rst cause:4, boot mode:(3,7)

wdt reset
load 0x4010f000, len 1384, room 16 
tail 8
chksum 0x2d
csum 0x2d
v8b899c12
~ld


6.01
 0h00:04.885 2022/02/27T01:06:45z: DS3231
 0h00:04.901 2022/02/27T01:06:45z: BME280 (0x76)
 0h00:04.915 2022/02/27T01:06:45z: 84:f3:eb:7d:7:a8
 0h00:04.917 2022/02/27T01:06:45z: SSID: MU Open
 0h00:04.922 2022/02/27T01:06:45z: AP_STAR tmr
 ets Jan  8 2013,rst cause:4, boot mode:(3,7)

wdt reset
load 0x4010f000, len 1384, room 16 
tail 8
chksum 0x2d
csum 0x2d
v8b899c12
~ld


6.01
 0h00:04.808 2022/02/27T01:26:46z: DS3231
 0h00:04.824 2022/02/27T01:26:46z: BME280 (0x76)
 0h00:04.838 2022/02/27T01:26:46z: 84:f3:eb:7d:7:a8
 0h00:04.839 2022/02/27T01:26:46z: SSID: MU Open
 0h00:04.845 2022/02/27T01:26:46z: AP_STAR tmr
 ets Jan  8 2013,rst cause:4, boot mode:(3,7)

wdt reset
load 0x4010f000, len 1384, room 16 
tail 8
chksum 0x2d
csum 0x2d
v8b899c12
~ld


6.01
 0h00:04.533 2022/02/27T01:46:48z: DS3231
 0h00:04.548 2022/02/27T01:46:48z: BME280 (0x76)
 0h00:04.562 2022/02/27T01:46:48z: 84:f3:eb:7d:7:a8
 0h00:04.564 2022/02/27T01:46:48z: SSID: MU Open
 0h00:04.569 2022/02/27T01:46:48z: AP_STAR tmr
 ets Jan  8 2013,rst cause:4, boot mode:(3,7)

wdt reset
load 0x4010f000, len 1384, room 16 
tail 8
chksum 0x2d
csum 0x2d
v8b899c12
~ld


6.01
 0h00:04.816 2022/02/27T02:06:49z: DS3231
 0h00:04.832 2022/02/27T02:06:49z: BME280 (0x76)
 0h00:04.846 2022/02/27T02:06:49z: 84:f3:eb:7d:7:a8
 0h00:04.847 2022/02/27T02:06:49z: SSID: MU Open
 0h00:04.853 2022/02/27T02:06:49z: AP_STAR tmr
 ets Jan  8 2013,rst cause:4, boot mode:(3,7)

wdt reset
load 0x4010f000, len 1384, room 16 
tail 8
chksum 0x2d
csum 0x2d
v8b899c12
~ld


6.01
 0h00:04.507 2022/02/27T02:26:50z: DS3231
 0h00:04.522 2022/02/27T02:26:50z: BME280 (0x76)
 0h00:04.536 2022/02/27T02:26:50z: 84:f3:eb:7d:7:a8
 0h00:04.538 2022/02/27T02:26:50z: SSID: MU Open
 0h00:04.543 2022/02/27T02:26:50z: AP_STAR tmr
 ets Jan  8 2013,rst cause:4, boot mode:(3,7)

wdt reset
load 0x4010f000, len 1384, room 16 
tail 8
chksum 0x2d
csum 0x2d
v8b899c12
~ld


6.01
 0h00:04.552 2022/02/27T02:46:51z: DS3231
 0h00:04.568 2022/02/27T02:46:51z: BME280 (0x76)
 0h00:04.582 2022/02/27T02:46:51z: 84:f3:eb:7d:7:a8
 0h00:04.583 2022/02/27T02:46:51z: SSID: MU Open
 0h00:04.589 2022/02/27T02:46:51z: AP_STAR tmr
 ets Jan  8 2013,rst cause:4, boot mode:(3,7)

wdt reset
load 0x4010f000, len 1384, room 16 
tail 8
chksum 0x2d
csum 0x2d
v8b899c12
~ld


6.01
 0h00:04.325 2022/02/27T03:06:52z: DS3231
 0h00:04.340 2022/02/27T03:06:52z: BME280 (0x76)
 0h00:04.354 2022/02/27T03:06:52z: 84:f3:eb:7d:7:a8
 0h00:04.356 2022/02/27T03:06:52z: SSID: MU Open
 0h00:04.361 2022/02/27T03:06:52z: AP_STAR tmr
 ets Jan  8 2013,rst cause:4, boot mode:(3,7)

wdt reset
load 0x4010f000, len 1384, room 16 
tail 8
chksum 0x2d
csum 0x2d
v8b899c12
~ld


6.01
 0h00:04.809 2022/02/27T03:26:54z: DS3231
 0h00:04.824 2022/02/27T03:26:54z: BME280 (0x76)
 0h00:04.838 2022/02/27T03:26:54z: 84:f3:eb:7d:7:a8
 0h00:04.840 2022/02/27T03:26:54z: SSID: MU Open
 0h00:04.845 2022/02/27T03:26:54z: AP_STAR tmr
 ets Jan  8 2013,rst cause:4, boot mode:(3,7)

wdt reset
load 0x4010f000, len 1384, room 16 
tail 8
chksum 0x2d
csum 0x2d
v8b899c12
~ld


6.01
 0h00:04.891 2022/02/27T03:46:56z: DS3231
 0h00:04.907 2022/02/27T03:46:56z: BME280 (0x76)
 0h00:04.921 2022/02/27T03:46:56z: 84:f3:eb:7d:7:a8
 0h00:04.923 2022/02/27T03:46:56z: SSID: MU Open
 0h00:04.928 2022/02/27T03:46:56z: AP_STAR tmr
 ets Jan  8 2013,rst cause:4, boot mode:(3,7)

wdt reset
load 0x4010f000, len 1384, room 16 
tail 8
chksum 0x2d
csum 0x2d
v8b899c12
~ld


6.01
 0h00:04.860 2022/02/27T04:06:58z: DS3231
 0h00:04.875 2022/02/27T04:06:58z: BME280 (0x76)
 0h00:04.889 2022/02/27T04:06:58z: 84:f3:eb:7d:7:a8
 0h00:04.891 2022/02/27T04:06:58z: SSID: MU Open
 0h00:04.896 2022/02/27T04:06:58z: AP_STAR tmr
 ets Jan  8 2013,rst cause:4, boot mode:(3,7)

wdt reset
load 0x4010f000, len 1384, room 16 
tail 8
chksum 0x2d
csum 0x2d
v8b899c12
~ld


6.01
 0h00:04.617 2022/02/27T04:26:59z: DS3231
 0h00:04.632 2022/02/27T04:26:59z: BME280 (0x76)
 0h00:04.647 2022/02/27T04:26:59z: 84:f3:eb:7d:7:a8
 0h00:04.648 2022/02/27T04:26:59z: SSID: MU Open
 0h00:04.653 2022/02/27T04:26:59z: AP_STAR tmr
 ets Jan  8 2013,rst cause:4, boot mode:(3,7)

wdt reset
load 0x4010f000, len 1384, room 16 
tail 8
chksum 0x2d
csum 0x2d
v8b899c12
~ld


6.01
 0h00:04.917 2022/02/27T04:47:01z: DS3231
 0h00:04.933 2022/02/27T04:47:01z: BME280 (0x76)
 0h00:04.947 2022/02/27T04:47:01z: 84:f3:eb:7d:7:a8
 0h00:04.949 2022/02/27T04:47:01z: SSID: MU Open
 0h00:04.954 2022/02/27T04:47:01z: AP_STAR tmr
 ets Jan  8 2013,rst cause:4, boot mode:(3,7)

wdt reset
load 0x4010f000, len 1384, room 16 
tail 8
chksum 0x2d
csum 0x2d
v8b899c12
~ld


6.01
 0h00:04.699 2022/02/27T05:07:03z: DS3231
 0h00:04.714 2022/02/27T05:07:03z: BME280 (0x76)
 0h00:04.728 2022/02/27T05:07:03z: 84:f3:eb:7d:7:a8
 0h00:04.730 2022/02/27T05:07:03z: SSID: MU Open
 0h00:04.735 2022/02/27T05:07:03z: AP_STAR tmr
 ets Jan  8 2013,rst cause:4, boot mode:(3,7)

wdt reset
load 0x4010f000, len 1384, room 16 
tail 8
chksum 0x2d
csum 0x2d
v8b899c12
~ld


6.01
 0h00:04.839 2022/02/27T05:27:05z: DS3231
 0h00:04.854 2022/02/27T05:27:05z: BME280 (0x76)
 0h00:04.868 2022/02/27T05:27:05z: 84:f3:eb:7d:7:a8
 0h00:04.870 2022/02/27T05:27:05z: SSID: MU Open
 0h00:04.875 2022/02/27T05:27:05z: AP_STAR tmr
 ets Jan  8 2013,rst cause:4, boot mode:(3,7)

wdt reset
load 0x4010f000, len 1384, room 16 
tail 8
chksum 0x2d
csum 0x2d
v8b899c12
~ld


6.01
 0h00:04.957 2022/02/27T05:47:07z: DS3231
 0h00:04.972 2022/02/27T05:47:07z: BME280 (0x76)
 0h00:04.986 2022/02/27T05:47:07z: 84:f3:eb:7d:7:a8
 0h00:04.988 2022/02/27T05:47:07z: SSID: MU Open
 0h00:04.993 2022/02/27T05:47:07z: AP_STAR tmr
 ets Jan  8 2013,rst cause:4, boot mode:(3,7)

wdt reset
load 0x4010f000, len 1384, room 16 
tail 8
chksum 0x2d
csum 0x2d
v8b899c12
~ld


6.01
 0h00:04.728 2022/02/27T06:07:09z: DS3231
 0h00:04.744 2022/02/27T06:07:09z: BME280 (0x76)
 0h00:04.758 2022/02/27T06:07:09z: 84:f3:eb:7d:7:a8
 0h00:04.760 2022/02/27T06:07:09z: SSID: MU Open
 0h00:04.765 2022/02/27T06:07:09z: AP_STAR tmr
 ets Jan  8 2013,rst cause:4, boot mode:(3,7)

wdt reset
load 0x4010f000, len 1384, room 16 
tail 8
chksum 0x2d
csum 0x2d
v8b899c12
~ld


6.01
 0h00:04.932 2022/02/27T06:27:12z: DS3231
 0h00:04.948 2022/02/27T06:27:12z: BME280 (0x76)
 0h00:04.962 2022/02/27T06:27:12z: 84:f3:eb:7d:7:a8
 0h00:04.964 2022/02/27T06:27:12z: SSID: MU Open
 0h00:04.969 2022/02/27T06:27:12z: AP_STAR tmr
 ets Jan  8 2013,rst cause:4, boot mode:(3,7)

wdt reset
load 0x4010f000, len 1384, room 16 
tail 8
chksum 0x2d
csum 0x2d
v8b899c12
~ld


6.01
 0h00:04.896 2022/02/27T06:47:14z: DS3231
 0h00:04.911 2022/02/27T06:47:14z: BME280 (0x76)
 0h00:04.925 2022/02/27T06:47:14z: 84:f3:eb:7d:7:a8
 0h00:04.927 2022/02/27T06:47:14z: SSID: MU Open
 0h00:04.932 2022/02/27T06:47:14z: AP_STAR tmr
 ets Jan  8 2013,rst cause:4, boot mode:(3,7)

wdt reset
load 0x4010f000, len 1384, room 16 
tail 8
chksum 0x2d
csum 0x2d
v8b899c12
~ld


6.01
 0h00:04.974 2022/02/27T07:07:15z: DS3231
 0h00:04.989 2022/02/27T07:07:15z: BME280 (0x76)
 0h00:05.003 2022/02/27T07:07:15z: 84:f3:eb:7d:7:a8
 0h00:05.005 2022/02/27T07:07:15z: SSID: MU Open
 0h00:05.010 2022/02/27T07:07:15z: AP_STAR tmr
 ets Jan  8 2013,rst cause:4, boot mode:(3,7)

wdt reset
load 0x4010f000, len 1384, room 16 
tail 8
chksum 0x2d
csum 0x2d
v8b899c12
~ld


6.01
 0h00:04.740 2022/02/27T07:27:17z: DS3231
 0h00:04.755 2022/02/27T07:27:17z: BME280 (0x76)
 0h00:04.769 2022/02/27T07:27:17z: 84:f3:eb:7d:7:a8
 0h00:04.771 2022/02/27T07:27:17z: SSID: MU Open
 0h00:04.776 2022/02/27T07:27:17z: AP_STAR tmr
 ets Jan  8 2013,rst cause:4, boot mode:(3,7)

wdt reset
load 0x4010f000, len 1384, room 16 
tail 8
chksum 0x2d
csum 0x2d
v8b899c12
~ld


6.01
 0h00:04.939 2022/02/27T07:47:19z: DS3231
 0h00:04.955 2022/02/27T07:47:19z: BME280 (0x76)
 0h00:04.969 2022/02/27T07:47:19z: 84:f3:eb:7d:7:a8
 0h00:04.970 2022/02/27T07:47:19z: SSID: MU Open
 0h00:04.976 2022/02/27T07:47:19z: AP_STAR tmr
 ets Jan  8 2013,rst cause:4, boot mode:(3,7)

wdt reset
load 0x4010f000, len 1384, room 16 
tail 8
chksum 0x2d
csum 0x2d
v8b899c12
~ld


6.01
 0h00:04.997 2022/02/27T08:07:21z: DS3231
 0h00:05.013 2022/02/27T08:07:21z: BME280 (0x76)
 0h00:05.027 2022/02/27T08:07:21z: 84:f3:eb:7d:7:a8
 0h00:05.029 2022/02/27T08:07:21z: SSID: MU Open
 0h00:05.034 2022/02/27T08:07:21z: AP_STAR tmr
 ets Jan  8 2013,rst cause:4, boot mode:(3,7)

wdt reset
load 0x4010f000, len 1384, room 16 
tail 8
chksum 0x2d
csum 0x2d
v8b899c12
~ld


6.01
 0h00:05.014 2022/02/27T08:27:23z: DS3231
 0h00:05.029 2022/02/27T08:27:23z: BME280 (0x76)
 0h00:05.043 2022/02/27T08:27:23z: 84:f3:eb:7d:7:a8
 0h00:05.045 2022/02/27T08:27:23z: SSID: MU Open
 0h00:05.050 2022/02/27T08:27:23z: AP_STAR tmr
 ets Jan  8 2013,rst cause:4, boot mode:(3,7)

wdt reset
load 0x4010f000, len 1384, room 16 
tail 8
chksum 0x2d
csum 0x2d
v8b899c12
~ld


6.01
 0h00:04.992 2022/02/27T08:47:26z: DS3231
 0h00:05.007 2022/02/27T08:47:26z: BME280 (0x76)
 0h00:05.022 2022/02/27T08:47:26z: 84:f3:eb:7d:7:a8
 0h00:05.023 2022/02/27T08:47:26z: SSID: MU Open
 0h00:05.028 2022/02/27T08:47:26z: AP_STAR tmr
 ets Jan  8 2013,rst cause:4, boot mode:(3,7)

wdt reset
load 0x4010f000, len 1384, room 16 
tail 8
chksum 0x2d
csum 0x2d
v8b899c12
~ld


6.01
 0h00:04.726 2022/02/27T09:07:27z: DS3231
 0h00:04.742 2022/02/27T09:07:27z: BME280 (0x76)
 0h00:04.756 2022/02/27T09:07:27z: 84:f3:eb:7d:7:a8
 0h00:04.757 2022/02/27T09:07:27z: SSID: MU Open
 0h00:04.763 2022/02/27T09:07:27z: AP_STAR tmr
 ets Jan  8 2013,rst cause:4, boot mode:(3,7)

wdt reset
load 0x4010f000, len 1384, room 16 
tail 8
chksum 0x2d
csum 0x2d
v8b899c12
~ld


6.01
 0h00:04.924 2022/02/27T09:27:30z: DS3231
 0h00:04.940 2022/02/27T09:27:30z: BME280 (0x76)
 0h00:04.954 2022/02/27T09:27:30z: 84:f3:eb:7d:7:a8
 0h00:04.956 2022/02/27T09:27:30z: SSID: MU Open
 0h00:04.961 2022/02/27T09:27:30z: AP_STAR tmr
 ets Jan  8 2013,rst cause:4, boot mode:(3,7)

wdt reset
load 0x4010f000, len 1384, room 16 
tail 8
chksum 0x2d
csum 0x2d
v8b899c12
~ld


6.01
 0h00:04.898 2022/02/27T09:47:32z: DS3231
 0h00:04.913 2022/02/27T09:47:32z: BME280 (0x76)
 0h00:04.927 2022/02/27T09:47:32z: 84:f3:eb:7d:7:a8
 0h00:04.929 2022/02/27T09:47:32z: SSID: MU Open
 0h00:04.934 2022/02/27T09:47:32z: AP_STAR tmr
 ets Jan  8 2013,rst cause:4, boot mode:(3,7)

wdt reset
load 0x4010f000, len 1384, room 16 
tail 8
chksum 0x2d
csum 0x2d
v8b899c12
~ld


6.01
 0h00:04.659 2022/02/27T10:07:34z: DS3231
 0h00:04.675 2022/02/27T10:07:34z: BME280 (0x76)
 0h00:04.689 2022/02/27T10:07:34z: 84:f3:eb:7d:7:a8
 0h00:04.691 2022/02/27T10:07:34z: SSID: MU Open
 0h00:04.696 2022/02/27T10:07:34z: AP_STAR tmr
 ets Jan  8 2013,rst cause:4, boot mode:(3,7)

wdt reset
load 0x4010f000, len 1384, room 16 
tail 8
chksum 0x2d
csum 0x2d
v8b899c12
~ld


6.01
 0h00:04.643 2022/02/27T10:27:36z: DS3231
 0h00:04.659 2022/02/27T10:27:36z: BME280 (0x76)
 0h00:04.673 2022/02/27T10:27:36z: 84:f3:eb:7d:7:a8
 0h00:04.675 2022/02/27T10:27:36z: SSID: MU Open
 0h00:04.680 2022/02/27T10:27:36z: AP_STAR tmr
 ets Jan  8 2013,rst cause:4, boot mode:(3,7)

wdt reset
load 0x4010f000, len 1384, room 16 
tail 8
chksum 0x2d
csum 0x2d
v8b899c12
~ld


6.01
 0h00:04.918 2022/02/27T10:47:38z: DS3231
 0h00:04.933 2022/02/27T10:47:38z: BME280 (0x76)
 0h00:04.948 2022/02/27T10:47:38z: 84:f3:eb:7d:7:a8
 0h00:04.949 2022/02/27T10:47:38z: SSID: MU Open
 0h00:04.954 2022/02/27T10:47:38z: AP_STAR tmr
 ets Jan  8 2013,rst cause:4, boot mode:(3,7)

wdt reset
load 0x4010f000, len 1384, room 16 
tail 8
chksum 0x2d
csum 0x2d
v8b899c12
~ld


6.01
 0h00:04.701 2022/02/27T11:07:39z: DS3231
 0h00:04.717 2022/02/27T11:07:39z: BME280 (0x76)
 0h00:04.731 2022/02/27T11:07:39z: 84:f3:eb:7d:7:a8
 0h00:04.732 2022/02/27T11:07:39z: SSID: MU Open
 0h00:04.738 2022/02/27T11:07:39z: AP_STAR tmr
 ets Jan  8 2013,rst cause:4, boot mode:(3,7)

wdt reset
load 0x4010f000, len 1384, room 16 
tail 8
chksum 0x2d
csum 0x2d
v8b899c12
~ld


6.01
 0h00:04.609 2022/02/27T11:27:41z: DS3231
 0h00:04.624 2022/02/27T11:27:41z: BME280 (0x76)
 0h00:04.638 2022/02/27T11:27:41z: 84:f3:eb:7d:7:a8
 0h00:04.640 2022/02/27T11:27:41z: SSID: MU Open
 0h00:04.645 2022/02/27T11:27:41z: AP_STAR tmr
 ets Jan  8 2013,rst cause:4, boot mode:(3,7)

wdt reset
load 0x4010f000, len 1384, room 16 
tail 8
chksum 0x2d
csum 0x2d
v8b899c12
~ld


6.01
 0h00:04.691 2022/02/27T11:47:43z: DS3231
 0h00:04.707 2022/02/27T11:47:43z: BME280 (0x76)
 0h00:04.721 2022/02/27T11:47:43z: 84:f3:eb:7d:7:a8
 0h00:04.723 2022/02/27T11:47:43z: SSID: MU Open
 0h00:04.728 2022/02/27T11:47:43z: AP_STAR tmr
 ets Jan  8 2013,rst cause:4, boot mode:(3,7)

wdt reset
load 0x4010f000, len 1384, room 16 
tail 8
chksum 0x2d
csum 0x2d
v8b899c12
~ld


6.01
 0h00:04.904 2022/02/27T12:07:45z: DS3231
 0h00:04.919 2022/02/27T12:07:45z: BME280 (0x76)
 0h00:04.933 2022/02/27T12:07:45z: 84:f3:eb:7d:7:a8
 0h00:04.935 2022/02/27T12:07:45z: SSID: MU Open
 0h00:04.940 2022/02/27T12:07:45z: AP_STAR tmr
 ets Jan  8 2013,rst cause:4, boot mode:(3,7)

wdt reset
load 0x4010f000, len 1384, room 16 
tail 8
chksum 0x2d
csum 0x2d
v8b899c12
~ld


6.01
 0h00:04.816 2022/02/27T12:27:47z: DS3231
 0h00:04.831 2022/02/27T12:27:47z: BME280 (0x76)
 0h00:04.845 2022/02/27T12:27:47z: 84:f3:eb:7d:7:a8
 0h00:04.847 2022/02/27T12:27:47z: SSID: MU Open
 0h00:04.852 2022/02/27T12:27:47z: AP_STAR tmr
 ets Jan  8 2013,rst cause:4, boot mode:(3,7)

wdt reset
load 0x4010f000, len 1384, room 16 
tail 8
chksum 0x2d
csum 0x2d
v8b899c12
~ld


6.01
 0h00:04.766 2022/02/27T12:47:48z: DS3231
 0h00:04.782 2022/02/27T12:47:49z: BME280 (0x76)
 0h00:04.796 2022/02/27T12:47:49z: 84:f3:eb:7d:7:a8
 0h00:04.798 2022/02/27T12:47:49z: SSID: MU Open
 0h00:04.803 2022/02/27T12:47:49z: AP_STAR tmr
 ets Jan  8 2013,rst cause:4, boot mode:(3,7)

wdt reset
load 0x4010f000, len 1384, room 16 
tail 8
chksum 0x2d
csum 0x2d
v8b899c12
~ld


6.01
 0h00:04.597 2022/02/27T13:07:50z: DS3231
 0h00:04.612 2022/02/27T13:07:50z: BME280 (0x76)
 0h00:04.626 2022/02/27T13:07:50z: 84:f3:eb:7d:7:a8
 0h00:04.628 2022/02/27T13:07:50z: SSID: MU Open
 0h00:04.633 2022/02/27T13:07:50z: AP_STAR tmr
 ets Jan  8 2013,rst cause:4, boot mode:(3,7)

wdt reset
load 0x4010f000, len 1384, room 16 
tail 8
chksum 0x2d
csum 0x2d
v8b899c12
~ld


6.01
 0h00:04.817 2022/02/27T13:27:52z: DS3231
 0h00:04.833 2022/02/27T13:27:52z: BME280 (0x76)
 0h00:04.847 2022/02/27T13:27:52z: 84:f3:eb:7d:7:a8
 0h00:04.848 2022/02/27T13:27:52z: SSID: MU Open
 0h00:04.854 2022/02/27T13:27:52z: AP_STAR tmr
 ets Jan  8 2013,rst cause:4, boot mode:(3,7)

wdt reset
load 0x4010f000, len 1384, room 16 
tail 8
chksum 0x2d
csum 0x2d
v8b899c12
~ld


6.01
 0h00:04.883 2022/02/27T13:47:53z: DS3231
 0h00:04.899 2022/02/27T13:47:53z: BME280 (0x76)
 0h00:04.913 2022/02/27T13:47:53z: 84:f3:eb:7d:7:a8
 0h00:04.915 2022/02/27T13:47:53z: SSID: MU Open
 0h00:04.920 2022/02/27T13:47:53z: AP_STAR tmr
 ets Jan  8 2013,rst cause:4, boot mode:(3,7)

wdt reset
load 0x4010f000, len 1384, room 16 
tail 8
chksum 0x2d
csum 0x2d
v8b899c12
~ld


6.01
 0h00:04.586 2022/02/27T14:07:55z: DS3231
 0h00:04.601 2022/02/27T14:07:55z: BME280 (0x76)
 0h00:04.615 2022/02/27T14:07:55z: 84:f3:eb:7d:7:a8
 0h00:04.617 2022/02/27T14:07:55z: SSID: MU Open
 0h00:04.622 2022/02/27T14:07:55z: AP_STAR tmr
 ets Jan  8 2013,rst cause:4, boot mode:(3,7)

wdt reset
load 0x4010f000, len 1384, room 16 
tail 8
chksum 0x2d
csum 0x2d
v8b899c12
~ld


6.01
 0h00:04.648 2022/02/27T14:27:56z: DS3231
 0h00:04.663 2022/02/27T14:27:56z: BME280 (0x76)
 0h00:04.677 2022/02/27T14:27:56z: 84:f3:eb:7d:7:a8
 0h00:04.679 2022/02/27T14:27:56z: SSID: MU Open
 0h00:04.684 2022/02/27T14:27:56z: AP_STAR tmr
 ets Jan  8 2013,rst cause:4, boot mode:(3,7)

wdt reset
load 0x4010f000, len 1384, room 16 
tail 8
chksum 0x2d
csum 0x2d
v8b899c12
~ld


6.01
 0h00:04.786 2022/02/27T14:47:58z: DS3231
 0h00:04.801 2022/02/27T14:47:58z: BME280 (0x76)
 0h00:04.815 2022/02/27T14:47:58z: 84:f3:eb:7d:7:a8
 0h00:04.817 2022/02/27T14:47:58z: SSID: MU Open
 0h00:04.822 2022/02/27T14:47:58z: AP_STAR tmr
 ets Jan  8 2013,rst cause:4, boot mode:(3,7)

wdt reset
load 0x4010f000, len 1384, room 16 
tail 8
chksum 0x2d
csum 0x2d
v8b899c12
~ld


6.01
 0h00:04.750 2022/02/27T15:07:59z: DS3231
 0h00:04.765 2022/02/27T15:07:59z: BME280 (0x76)
 0h00:04.780 2022/02/27T15:07:59z: 84:f3:eb:7d:7:a8
 0h00:04.781 2022/02/27T15:07:59z: SSID: MU Open
 0h00:04.786 2022/02/27T15:07:59z: AP_STAR tmr
 ets Jan  8 2013,rst cause:4, boot mode:(3,7)

wdt reset
load 0x4010f000, len 1384, room 16 
tail 8
chksum 0x2d
csum 0x2d
v8b899c12
~ld


6.01
 0h00:04.613 2022/02/27T15:28:01z: DS3231
 0h00:04.628 2022/02/27T15:28:01z: BME280 (0x76)
 0h00:04.642 2022/02/27T15:28:01z: 84:f3:eb:7d:7:a8
 0h00:04.644 2022/02/27T15:28:01z: SSID: MU Open
 0h00:04.649 2022/02/27T15:28:01z: AP_STAR tmr
 ets Jan  8 2013,rst cause:4, boot mode:(3,7)

wdt reset
load 0x4010f000, len 1384, room 16 
tail 8
chksum 0x2d
csum 0x2d
v8b899c12
~ld


6.01
 0h00:04.840 2022/02/27T15:48:02z: DS3231
 0h00:04.856 2022/02/27T15:48:02z: BME280 (0x76)
 0h00:04.870 2022/02/27T15:48:02z: 84:f3:eb:7d:7:a8
 0h00:04.871 2022/02/27T15:48:02z: SSID: MU Open
 0h00:04.877 2022/02/27T15:48:02z: AP_STAR tmr
 ets Jan  8 2013,rst cause:4, boot mode:(3,7)

wdt reset
load 0x4010f000, len 1384, room 16 
tail 8
chksum 0x2d
csum 0x2d
v8b899c12
~ld


6.01
 0h00:04.744 2022/02/27T16:08:04z: DS3231
 0h00:04.759 2022/02/27T16:08:04z: BME280 (0x76)
 0h00:04.773 2022/02/27T16:08:04z: 84:f3:eb:7d:7:a8
 0h00:04.775 2022/02/27T16:08:04z: SSID: MU Open
 0h00:04.780 2022/02/27T16:08:04z: AP_STAR tmr
 ets Jan  8 2013,rst cause:4, boot mode:(3,7)

wdt reset
load 0x4010f000, len 1384, room 16 
tail 8
chksum 0x2d
csum 0x2d
v8b899c12
~ld


6.01
 0h00:04.545 2022/02/27T16:28:06z: DS3231
 0h00:04.561 2022/02/27T16:28:06z: BME280 (0x76)
 0h00:04.575 2022/02/27T16:28:06z: 84:f3:eb:7d:7:a8
 0h00:04.577 2022/02/27T16:28:06z: SSID: MU Open
 0h00:04.582 2022/02/27T16:28:06z: AP_STAR tmr
 ets Jan  8 2013,rst cause:4, boot mode:(3,7)

wdt reset
load 0x4010f000, len 1384, room 16 
tail 8
chksum 0x2d
csum 0x2d
v8b899c12
~ld


6.01
 0h00:04.706 2022/02/27T16:48:07z: DS3231
 0h00:04.722 2022/02/27T16:48:07z: BME280 (0x76)
 0h00:04.736 2022/02/27T16:48:07z: 84:f3:eb:7d:7:a8
 0h00:04.737 2022/02/27T16:48:07z: SSID: MU Open
 0h00:04.743 2022/02/27T16:48:07z: AP_STAR tmr
 ets Jan  8 2013,rst cause:4, boot mode:(3,7)

wdt reset
load 0x4010f000, len 1384, room 16 
tail 8
chksum 0x2d
csum 0x2d
v8b899c12
~ld


6.01
 0h00:04.595 2022/02/27T17:08:08z: DS3231
 0h00:04.610 2022/02/27T17:08:08z: BME280 (0x76)
 0h00:04.624 2022/02/27T17:08:08z: 84:f3:eb:7d:7:a8
 0h00:04.626 2022/02/27T17:08:08z: SSID: MU Open
 0h00:04.631 2022/02/27T17:08:08z: AP_STAR tmr
 ets Jan  8 2013,rst cause:4, boot mode:(3,7)

wdt reset
load 0x4010f000, len 1384, room 16 
tail 8
chksum 0x2d
csum 0x2d
v8b899c12
~ld


6.01
 0h00:04.386 2022/02/27T17:28:09z: DS3231
 0h00:04.402 2022/02/27T17:28:09z: BME280 (0x76)
 0h00:04.416 2022/02/27T17:28:09z: 84:f3:eb:7d:7:a8
 0h00:04.418 2022/02/27T17:28:09z: SSID: MU Open
 0h00:04.423 2022/02/27T17:28:09z: AP_STAR tmr
 ets Jan  8 2013,rst cause:4, boot mode:(3,7)

wdt reset
load 0x4010f000, len 1384, room 16 
tail 8
chksum 0x2d
csum 0x2d
v8b899c12
~ld


6.01
 0h00:04.564 2022/02/27T17:48:10z: DS3231
 0h00:04.579 2022/02/27T17:48:11z: BME280 (0x76)
 0h00:04.593 2022/02/27T17:48:11z: 84:f3:eb:7d:7:a8
 0h00:04.595 2022/02/27T17:48:11z: SSID: MU Open
 0h00:04.600 2022/02/27T17:48:11z: AP_STAR tmr
 ets Jan  8 2013,rst cause:4, boot mode:(3,7)

wdt reset
load 0x4010f000, len 1384, room 16 
tail 8
chksum 0x2d
csum 0x2d
v8b899c12
~ld


6.01
 0h00:04.335 2022/02/27T18:08:11z: DS3231
 0h00:04.351 2022/02/27T18:08:11z: BME280 (0x76)
 0h00:04.365 2022/02/27T18:08:11z: 84:f3:eb:7d:7:a8
 0h00:04.366 2022/02/27T18:08:11z: SSID: MU Open
 0h00:04.372 2022/02/27T18:08:11z: AP_STAR tmr
 ets Jan  8 2013,rst cause:4, boot mode:(3,7)

wdt reset
load 0x4010f000, len 1384, room 16 
tail 8
chksum 0x2d
csum 0x2d
v8b899c12
~ld


6.01
 0h00:04.310 2022/02/27T18:28:12z: DS3231
 0h00:04.325 2022/02/27T18:28:12z: BME280 (0x76)
 0h00:04.340 2022/02/27T18:28:12z: 84:f3:eb:7d:7:a8
 0h00:04.341 2022/02/27T18:28:12z: SSID: MU Open
 0h00:04.346 2022/02/27T18:28:12z: AP_STAR tmr
 ets Jan  8 2013,rst cause:4, boot mode:(3,7)

wdt reset
load 0x4010f000, len 1384, room 16 
tail 8
chksum 0x2d
csum 0x2d
v8b899c12
~ld


6.01
 0h00:04.392 2022/02/27T18:48:12z: DS3231
 0h00:04.407 2022/02/27T18:48:12z: BME280 (0x76)
 0h00:04.421 2022/02/27T18:48:12z: 84:f3:eb:7d:7:a8
 0h00:04.423 2022/02/27T18:48:12z: SSID: MU Open
 0h00:04.428 2022/02/27T18:48:12z: AP_STAR tmr
 ets Jan  8 2013,rst cause:4, boot mode:(3,7)

wdt reset
load 0x4010f000, len 1384, room 16 
tail 8
chksum 0x2d
csum 0x2d
v8b899c12
~ld


6.01
 0h00:04.326 2022/02/27T19:08:13z: DS3231
 0h00:04.342 2022/02/27T19:08:13z: BME280 (0x76)
 0h00:04.356 2022/02/27T19:08:13z: 84:f3:eb:7d:7:a8
 0h00:04.358 2022/02/27T19:08:13z: SSID: MU Open
 0h00:04.363 2022/02/27T19:08:13z: AP_STAR tmr
 ets Jan  8 2013,rst cause:4, boot mode:(3,7)

wdt reset
load 0x4010f000, len 1384, room 16 
tail 8
chksum 0x2d
csum 0x2d
v8b899c12
~ld


6.01
 0h00:04.375 2022/02/27T19:28:14z: DS3231
 0h00:04.390 2022/02/27T19:28:14z: BME280 (0x76)
 0h00:04.404 2022/02/27T19:28:14z: 84:f3:eb:7d:7:a8
 0h00:04.406 2022/02/27T19:28:14z: SSID: MU Open
 0h00:04.411 2022/02/27T19:28:14z: AP_STAR tmr
 ets Jan  8 2013,rst cause:4, boot mode:(3,7)

wdt reset
load 0x4010f000, len 1384, room 16 
tail 8
chksum 0x2d
csum 0x2d
v8b899c12
~ld


6.01
 0h00:04.603 2022/02/27T19:48:16z: DS3231
 0h00:04.618 2022/02/27T19:48:16z: BME280 (0x76)
 0h00:04.632 2022/02/27T19:48:16z: 84:f3:eb:7d:7:a8
 0h00:04.634 2022/02/27T19:48:16z: SSID: MU Open
 0h00:04.639 2022/02/27T19:48:16z: AP_STAR tmr
 ets Jan  8 2013,rst cause:4, boot mode:(3,7)

wdt reset
load 0x4010f000, len 1384, room 16 
tail 8
chksum 0x2d
csum 0x2d
v8b899c12
~ld


6.01
 0h00:04.382 2022/02/27T20:08:17z: DS3231
 0h00:04.398 2022/02/27T20:08:17z: BME280 (0x76)
 0h00:04.412 2022/02/27T20:08:17z: 84:f3:eb:7d:7:a8
 0h00:04.413 2022/02/27T20:08:17z: SSID: MU Open
 0h00:04.419 2022/02/27T20:08:17z: AP_STAR tmr
 ets Jan  8 2013,rst cause:4, boot mode:(3,7)

wdt reset
load 0x4010f000, len 1384, room 16 
tail 8
chksum 0x2d
csum 0x2d
v8b899c12
~ld


6.01
 0h00:04.353 2022/02/27T20:28:18z: DS3231
 0h00:04.368 2022/02/27T20:28:18z: BME280 (0x76)
 0h00:04.382 2022/02/27T20:28:18z: 84:f3:eb:7d:7:a8
 0h00:04.384 2022/02/27T20:28:18z: SSID: MU Open
 0h00:04.389 2022/02/27T20:28:18z: AP_STAR tmr
 ets Jan  8 2013,rst cause:4, boot mode:(3,7)

wdt reset
load 0x4010f000, len 1384, room 16 
tail 8
chksum 0x2d
csum 0x2d
v8b899c12
~ld


6.01
 0h00:04.547 2022/02/27T20:48:19z: DS3231
 0h00:04.562 2022/02/27T20:48:19z: BME280 (0x76)
 0h00:04.576 2022/02/27T20:48:19z: 84:f3:eb:7d:7:a8
 0h00:04.578 2022/02/27T20:48:19z: SSID: MU Open
 0h00:04.583 2022/02/27T20:48:19z: AP_STAR tmr
 ets Jan  8 2013,rst cause:4, boot mode:(3,7)

wdt reset
load 0x4010f000, len 1384, room 16 
tail 8
chksum 0x2d
csum 0x2d
v8b899c12
~ld


6.01
 0h00:04.384 2022/02/27T21:08:20z: DS3231
 0h00:04.399 2022/02/27T21:08:20z: BME280 (0x76)
 0h00:04.413 2022/02/27T21:08:20z: 84:f3:eb:7d:7:a8
 0h00:04.415 2022/02/27T21:08:20z: SSID: MU Open
 0h00:04.420 2022/02/27T21:08:20z: AP_STAR tmr
 ets Jan  8 2013,rst cause:4, boot mode:(3,7)

wdt reset
load 0x4010f000, len 1384, room 16 
tail 8
chksum 0x2d
csum 0x2d
v8b899c12
~ld


6.01
 0h00:04.506 2022/02/27T21:28:21z: DS3231
 0h00:04.521 2022/02/27T21:28:21z: BME280 (0x76)
 0h00:04.535 2022/02/27T21:28:21z: 84:f3:eb:7d:7:a8
 0h00:04.537 2022/02/27T21:28:21z: SSID: MU Open
 0h00:04.542 2022/02/27T21:28:21z: AP_STAR tmr
 ets Jan  8 2013,rst cause:4, boot mode:(3,7)

wdt reset
load 0x4010f000, len 1384, room 16 
tail 8
chksum 0x2d
csum 0x2d
v8b899c12
~ld


6.01
 0h00:04.518 2022/02/27T21:48:22z: DS3231
 0h00:04.533 2022/02/27T21:48:22z: BME280 (0x76)
 0h00:04.547 2022/02/27T21:48:22z: 84:f3:eb:7d:7:a8
 0h00:04.549 2022/02/27T21:48:22z: SSID: MU Open
 0h00:04.554 2022/02/27T21:48:22z: AP_STAR tmr
 ets Jan  8 2013,rst cause:4, boot mode:(3,7)

wdt reset
load 0x4010f000, len 1384, room 16 
tail 8
chksum 0x2d
csum 0x2d
v8b899c12
~ld


6.01
 0h00:04.782 2022/02/27T22:08:23z: DS3231
 0h00:04.798 2022/02/27T22:08:24z: BME280 (0x76)
 0h00:04.812 2022/02/27T22:08:24z: 84:f3:eb:7d:7:a8
 0h00:04.814 2022/02/27T22:08:24z: SSID: MU Open
 0h00:04.819 2022/02/27T22:08:24z: AP_STAR tmr
 ets Jan  8 2013,rst cause:4, boot mode:(3,7)

wdt reset
load 0x4010f000, len 1384, room 16 
tail 8
chksum 0x2d
csum 0x2d
v8b899c12
~ld


6.01
 0h00:04.498 2022/02/27T22:28:25z: DS3231
 0h00:04.513 2022/02/27T22:28:25z: BME280 (0x76)
 0h00:04.527 2022/02/27T22:28:25z: 84:f3:eb:7d:7:a8
 0h00:04.529 2022/02/27T22:28:25z: SSID: MU Open
 0h00:04.534 2022/02/27T22:28:25z: AP_STAR tmr
 ets Jan  8 2013,rst cause:4, boot mode:(3,7)

wdt reset
load 0x4010f000, len 1384, room 16 
tail 8
chksum 0x2d
csum 0x2d
v8b899c12
~ld


6.01
 0h00:04.686 2022/02/27T22:48:26z: DS3231
 0h00:04.702 2022/02/27T22:48:26z: BME280 (0x76)
 0h00:04.716 2022/02/27T22:48:26z: 84:f3:eb:7d:7:a8
 0h00:04.717 2022/02/27T22:48:26z: SSID: MU Open
 0h00:04.723 2022/02/27T22:48:26z: AP_STAR tmr
 ets Jan  8 2013,rst cause:4, boot mode:(3,7)

wdt reset
load 0x4010f000, len 1384, room 16 
tail 8
chksum 0x2d
csum 0x2d
v8b899c12
~ld


6.01
 0h00:04.605 2022/02/27T23:08:28z: DS3231
 0h00:04.620 2022/02/27T23:08:28z: BME280 (0x76)
 0h00:04.634 2022/02/27T23:08:28z: 84:f3:eb:7d:7:a8
 0h00:04.636 2022/02/27T23:08:28z: SSID: MU Open
 0h00:04.641 2022/02/27T23:08:28z: AP_STAR tmr
 ets Jan  8 2013,rst cause:4, boot mode:(3,7)

wdt reset
load 0x4010f000, len 1384, room 16 
tail 8
chksum 0x2d
csum 0x2d
v8b899c12
~ld


6.01
 0h00:04.689 2022/02/27T23:28:29z: DS3231
 0h00:04.705 2022/02/27T23:28:29z: BME280 (0x76)
 0h00:04.719 2022/02/27T23:28:29z: 84:f3:eb:7d:7:a8
 0h00:04.721 2022/02/27T23:28:29z: SSID: MU Open
 0h00:04.726 2022/02/27T23:28:29z: AP_STAR tmr
 ets Jan  8 2013,rst cause:4, boot mode:(3,7)

wdt reset
load 0x4010f000, len 1384, room 16 
tail 8
chksum 0x2d
csum 0x2d
v8b899c12
~ld


6.01
 0h00:04.672 2022/02/27T23:48:31z: DS3231
 0h00:04.687 2022/02/27T23:48:31z: BME280 (0x76)
 0h00:04.702 2022/02/27T23:48:31z: 84:f3:eb:7d:7:a8
 0h00:04.703 2022/02/27T23:48:31z: SSID: MU Open
 0h00:04.708 2022/02/27T23:48:31z: AP_STA