R tmr
 ets Jan  8 2013,rst cause:4, boot mode:(3,7)

wdt reset
load 0x4010f000, len 1384, room 16 
tail 8
chksum 0x2d
csum 0x2d
v8b899c12
~ld


6.01
 0h00:04.311 2022/05/24T00:15:40z: DS3231
 0h00:04.326 2022/05/24T00:15:40z: BME280 (0x76)
 0h00:04.340 2022/05/24T00:15:40z: 84:f3:eb:7d:7:a8
 0h00:04.342 2022/05/24T00:15:40z: SSID: MU Open
 0h00:04.347 2022/05/24T00:15:40z: AP_STAR tmr
 ets Jan  8 2013,rst cause:4, boot mode:(3,7)

wdt reset
load 0x4010f000, len 1384, room 16 
tail 8
chksum 0x2d
csum 0x2d
v8b899c12
~ld


6.01
 0h00:04.371 2022/05/24T00:35:42z: DS3231
 0h00:04.387 2022/05/24T00:35:42z: BME280 (0x76)
 0h00:04.401 2022/05/24T00:35:42z: 84:f3:eb:7d:7:a8
 0h00:04.402 2022/05/24T00:35:42z: SSID: MU Open
 0h00:04.408 2022/05/24T00:35:42z: AP_STAR tmr
 ets Jan  8 2013,rst cause:4, boot mode:(3,7)

wdt reset
load 0x4010f000, len 1384, room 16 
tail 8
chksum 0x2d
csum 0x2d
v8b899c12
~ld


6.01
 0h00:04.269 2022/05/24T00:55:43z: DS3231
 0h00:04.284 2022/05/24T00:55:43z: BME280 (0x76)
 0h00:04.298 2022/05/24T00:55:43z: 84:f3:eb:7d:7:a8
 0h00:04.300 2022/05/24T00:55:43z: SSID: MU Open
 0h00:04.305 2022/05/24T00:55:43z: AP_STAR tmr
 ets Jan  8 2013,rst cause:4, boot mode:(3,7)

wdt reset
load 0x4010f000, len 1384, room 16 
tail 8
chksum 0x2d
csum 0x2d
v8b899c12
~ld


6.01
 0h00:04.526 2022/05/24T01:15:44z: DS3231
 0h00:04.541 2022/05/24T01:15:44z: BME280 (0x76)
 0h00:04.556 2022/05/24T01:15:44z: 84:f3:eb:7d:7:a8
 0h00:04.557 2022/05/24T01:15:44z: SSID: MU Open
 0h00:04.562 2022/05/24T01:15:44z: AP_STAR tmr
 ets Jan  8 2013,rst cause:4, boot mode:(3,7)

wdt reset
load 0x4010f000, len 1384, room 16 
tail 8
chksum 0x2d
csum 0x2d
v8b899c12
~ld


6.01
 0h00:04.365 2022/05/24T01:35:46z: DS3231
 0h00:04.380 2022/05/24T01:35:46z: BME280 (0x76)
 0h00:04.394 2022/05/24T01:35:46z: 84:f3:eb:7d:7:a8
 0h00:04.396 2022/05/24T01:35:46z: SSID: MU Open
 0h00:04.401 2022/05/24T01:35:46z: AP_STAR tmr
 ets Jan  8 2013,rst cause:4, boot mode:(3,7)

wdt reset
load 0x4010f000, len 1384, room 16 
tail 8
chksum 0x2d
csum 0x2d
v8b899c12
~ld


6.01
 0h00:04.437 2022/05/24T01:55:48z: DS3231
 0h00:04.452 2022/05/24T01:55:48z: BME280 (0x76)
 0h00:04.466 2022/05/24T01:55:48z: 84:f3:eb:7d:7:a8
 0h00:04.468 2022/05/24T01:55:48z: SSID: MU Open
 0h00:04.473 2022/05/24T01:55:48z: AP_STAR tmr
 ets Jan  8 2013,rst cause:4, boot mode:(3,7)

wdt reset
load 0x4010f000, len 1384, room 16 
tail 8
chksum 0x2d
csum 0x2d
v8b899c12
~ld


6.01
 0h00:04.335 2022/05/24T02:15:50z: DS3231
 0h00:04.351 2022/05/24T02:15:50z: BME280 (0x76)
 0h00:04.365 2022/05/24T02:15:50z: 84:f3:eb:7d:7:a8
 0h00:04.367 2022/05/24T02:15:50z: SSID: MU Open
 0h00:04.372 2022/05/24T02:15:50z: AP_STAR tmr
 ets Jan  8 2013,rst cause:4, boot mode:(3,7)

wdt reset
load 0x4010f000, len 1384, room 16 
tail 8
chksum 0x2d
csum 0x2d
v8b899c12
~ld


6.01
 0h00:04.318 2022/05/24T02:35:52z: DS3231
 0h00:04.334 2022/05/24T02:35:52z: BME280 (0x76)
 0h00:04.348 2022/05/24T02:35:52z: 84:f3:eb:7d:7:a8
 0h00:04.350 2022/05/24T02:35:52z: SSID: MU Open
 0h00:04.355 2022/05/24T02:35:52z: AP_STAR tmr
 ets Jan  8 2013,rst cause:4, boot mode:(3,7)

wdt reset
load 0x4010f000, len 1384, room 16 
tail 8
chksum 0x2d
csum 0x2d
v8b899c12
~ld


6.01
 0h00:04.539 2022/05/24T02:55:54z: DS3231
 0h00:04.554 2022/05/24T02:55:54z: BME280 (0x76)
 0h00:04.568 2022/05/24T02:55:54z: 84:f3:eb:7d:7:a8
 0h00:04.570 2022/05/24T02:55:54z: SSID: MU Open
 0h00:04.575 2022/05/24T02:55:54z: AP_STAR tmr
 ets Jan  8 2013,rst cause:4, boot mode:(3,7)

wdt reset
load 0x4010f000, len 1384, room 16 
tail 8
chksum 0x2d
csum 0x2d
v8b899c12
~ld


6.01
 0h00:04.023 2022/05/24T03:15:55z: DS3231
 0h00:04.039 2022/05/24T03:15:55z: BME280 (0x76)
 0h00:04.053 2022/05/24T03:15:55z: 84:f3:eb:7d:7:a8
 0h00:04.054 2022/05/24T03:15:55z: SSID: MU Open
 0h00:04.060 2022/05/24T03:15:55z: AP_STAR tmr
 ets Jan  8 2013,rst cause:4, boot mode:(3,7)

wdt reset
load 0x4010f000, len 1384, room 16 
tail 8
chksum 0x2d
csum 0x2d
v8b899c12
~ld


6.01
 0h00:04.267 2022/05/24T03:35:56z: DS3231
 0h00:04.282 2022/05/24T03:35:56z: BME280 (0x76)
 0h00:04.296 2022/05/24T03:35:56z: 84:f3:eb:7d:7:a8
 0h00:04.298 2022/05/24T03:35:56z: SSID: MU Open
 0h00:04.303 2022/05/24T03:35:56z: AP_STAR tmr
 ets Jan  8 2013,rst cause:4, boot mode:(3,7)

wdt reset
load 0x4010f000, len 1384, room 16 
tail 8
chksum 0x2d
csum 0x2d
v8b899c12
~ld


6.01
 0h00:04.339 2022/05/24T03:55:58z: DS3231
 0h00:04.354 2022/05/24T03:55:58z: BME280 (0x76)
 0h00:04.369 2022/05/24T03:55:58z: 84:f3:eb:7d:7:a8
 0h00:04.370 2022/05/24T03:55:58z: SSID: MU Open
 0h00:04.375 2022/05/24T03:55:58z: AP_STAR tmr
 ets Jan  8 2013,rst cause:4, boot mode:(3,7)

wdt reset
load 0x4010f000, len 1384, room 16 
tail 8
chksum 0x2d
csum 0x2d
v8b899c12
~ld


6.01
 0h00:04.312 2022/05/24T04:15:59z: DS3231
 0h00:04.328 2022/05/24T04:15:59z: BME280 (0x76)
 0h00:04.342 2022/05/24T04:15:59z: 84:f3:eb:7d:7:a8
 0h00:04.343 2022/05/24T04:15:59z: SSID: MU Open
 0h00:04.349 2022/05/24T04:15:59z: AP_STAR tmr
 ets Jan  8 2013,rst cause:4, boot mode:(3,7)

wdt reset
load 0x4010f000, len 1384, room 16 
tail 8
chksum 0x2d
csum 0x2d
v8b899c12
~ld


6.01
 0h00:04.088 2022/05/24T04:36:01z: DS3231
 0h00:04.103 2022/05/24T04:36:01z: BME280 (0x76)
 0h00:04.118 2022/05/24T04:36:01z: 84:f3:eb:7d:7:a8
 0h00:04.119 2022/05/24T04:36:01z: SSID: MU Open
 0h00:04.124 2022/05/24T04:36:01z: AP_STAR tmr
 ets Jan  8 2013,rst cause:4, boot mode:(3,7)

wdt reset
load 0x4010f000, len 1384, room 16 
tail 8
chksum 0x2d
csum 0x2d
v8b899c12
~ld


6.01
 0h00:04.356 2022/05/24T04:56:02z: DS3231
 0h00:04.371 2022/05/24T04:56:02z: BME280 (0x76)
 0h00:04.385 2022/05/24T04:56:02z: 84:f3:eb:7d:7:a8
 0h00:04.387 2022/05/24T04:56:02z: SSID: MU Open
 0h00:04.392 2022/05/24T04:56:02z: AP_STAR tmr
 ets Jan  8 2013,rst cause:4, boot mode:(3,7)

wdt reset
load 0x4010f000, len 1384, room 16 
tail 8
chksum 0x2d
csum 0x2d
v8b899c12
~ld


6.01
 0h00:04.579 2022/05/24T05:16:04z: DS3231
 0h00:04.594 2022/05/24T05:16:04z: BME280 (0x76)
 0h00:04.608 2022/05/24T05:16:04z: 84:f3:eb:7d:7:a8
 0h00:04.610 2022/05/24T05:16:04z: SSID: MU Open
 0h00:04.615 2022/05/24T05:16:04z: AP_STAR tmr
 ets Jan  8 2013,rst cause:4, boot mode:(3,7)

wdt reset
load 0x4010f000, len 1384, room 16 
tail 8
chksum 0x2d
csum 0x2d
v8b899c12
~ld


6.01
 0h00:04.402 2022/05/24T05:36:06z: DS3231
 0h00:04.417 2022/05/24T05:36:06z: BME280 (0x76)
 0h00:04.431 2022/05/24T05:36:06z: 84:f3:eb:7d:7:a8
 0h00:04.433 2022/05/24T05:36:06z: SSID: MU Open
 0h00:04.438 2022/05/24T05:36:06z: AP_STAR tmr
 ets Jan  8 2013,rst cause:4, boot mode:(3,7)

wdt reset
load 0x4010f000, len 1384, room 16 
tail 8
chksum 0x2d
csum 0x2d
v8b899c12
~ld


6.01
 0h00:04.390 2022/05/24T05:56:08z: DS3231
 0h00:04.405 2022/05/24T05:56:08z: BME280 (0x76)
 0h00:04.419 2022/05/24T05:56:08z: 84:f3:eb:7d:7:a8
 0h00:04.421 2022/05/24T05:56:08z: SSID: MU Open
 0h00:04.426 2022/05/24T05:56:08z: AP_STAR tmr
 ets Jan  8 2013,rst cause:4, boot mode:(3,7)

wdt reset
load 0x4010f000, len 1384, room 16 
tail 8
chksum 0x2d
csum 0x2d
v8b899c12
~ld


6.01
 0h00:04.067 2022/05/24T06:16:09z: DS3231
 0h00:04.083 2022/05/24T06:16:09z: BME280 (0x76)
 0h00:04.097 2022/05/24T06:16:09z: 84:f3:eb:7d:7:a8
 0h00:04.099 2022/05/24T06:16:09z: SSID: MU Open
 0h00:04.104 2022/05/24T06:16:09z: AP_STAR tmr
 ets Jan  8 2013,rst cause:4, boot mode:(3,7)

wdt reset
load 0x4010f000, len 1384, room 16 
tail 8
chksum 0x2d
csum 0x2d
v8b899c12
~ld


6.01
 0h00:04.417 2022/05/24T06:36:10z: DS3231
 0h00:04.433 2022/05/24T06:36:10z: BME280 (0x76)
 0h00:04.447 2022/05/24T06:36:10z: 84:f3:eb:7d:7:a8
 0h00:04.449 2022/05/24T06:36:10z: SSID: MU Open
 0h00:04.454 2022/05/24T06:36:10z: AP_STAR tmr
 ets Jan  8 2013,rst cause:4, boot mode:(3,7)

wdt reset
load 0x4010f000, len 1384, room 16 
tail 8
chksum 0x2d
csum 0x2d
v8b899c12
~ld


6.01
 0h00:04.420 2022/05/24T06:56:12z: DS3231
 0h00:04.435 2022/05/24T06:56:12z: BME280 (0x76)
 0h00:04.449 2022/05/24T06:56:12z: 84:f3:eb:7d:7:a8
 0h00:04.451 2022/05/24T06:56:12z: SSID: MU Open
 0h00:04.456 2022/05/24T06:56:12z: AP_STAR tmr
 ets Jan  8 2013,rst cause:4, boot mode:(3,7)

wdt reset
load 0x4010f000, len 1384, room 16 
tail 8
chksum 0x2d
csum 0x2d
v8b899c12
~ld


6.01
 0h00:04.674 2022/05/24T07:16:14z: DS3231
 0h00:04.689 2022/05/24T07:16:14z: BME280 (0x76)
 0h00:04.703 2022/05/24T07:16:14z: 84:f3:eb:7d:7:a8
 0h00:04.705 2022/05/24T07:16:14z: SSID: MU Open
 0h00:04.710 2022/05/24T07:16:14z: AP_STAR tmr
 ets Jan  8 2013,rst cause:4, boot mode:(3,7)

wdt reset
load 0x4010f000, len 1384, room 16 
tail 8
chksum 0x2d
csum 0x2d
v8b899c12
~ld


6.01
 0h00:04.681 2022/05/24T07:36:16z: DS3231
 0h00:04.696 2022/05/24T07:36:16z: BME280 (0x76)
 0h00:04.710 2022/05/24T07:36:16z: 84:f3:eb:7d:7:a8
 0h00:04.712 2022/05/24T07:36:16z: SSID: MU Open
 0h00:04.717 2022/05/24T07:36:16z: AP_STAR tmr
 ets Jan  8 2013,rst cause:4, boot mode:(3,7)

wdt reset
load 0x4010f000, len 1384, room 16 
tail 8
chksum 0x2d
csum 0x2d
v8b899c12
~ld


6.01
 0h00:04.403 2022/05/24T07:56:18z: DS3231
 0h00:04.418 2022/05/24T07:56:18z: BME280 (0x76)
 0h00:04.432 2022/05/24T07:56:18z: 84:f3:eb:7d:7:a8
 0h00:04.434 2022/05/24T07:56:18z: SSID: MU Open
 0h00:04.439 2022/05/24T07:56:18z: AP_STAR tmr
 ets Jan  8 2013,rst cause:4, boot mode:(3,7)

wdt reset
load 0x4010f000, len 1384, room 16 
tail 8
chksum 0x2d
csum 0x2d
v8b899c12
~ld


6.01
 0h00:04.383 2022/05/24T08:16:19z: DS3231
 0h00:04.398 2022/05/24T08:16:19z: BME280 (0x76)
 0h00:04.412 2022/05/24T08:16:19z: 84:f3:eb:7d:7:a8
 0h00:04.414 2022/05/24T08:16:19z: SSID: MU Open
 0h00:04.419 2022/05/24T08:16:19z: AP_STAR tmr
 ets Jan  8 2013,rst cause:4, boot mode:(3,7)

wdt reset
load 0x4010f000, len 1384, room 16 
tail 8
chksum 0x2d
csum 0x2d
v8b899c12
~ld


6.01
 0h00:04.582 2022/05/24T08:36:22z: DS3231
 0h00:04.598 2022/05/24T08:36:22z: BME280 (0x76)
 0h00:04.612 2022/05/24T08:36:22z: 84:f3:eb:7d:7:a8
 0h00:04.613 2022/05/24T08:36:22z: SSID: MU Open
 0h00:04.619 2022/05/24T08:36:22z: AP_STAR tmr
 ets Jan  8 2013,rst cause:4, boot mode:(3,7)

wdt reset
load 0x4010f000, len 1384, room 16 
tail 8
chksum 0x2d
csum 0x2d
v8b899c12
~ld


6.01
 0h00:04.611 2022/05/24T08:56:24z: DS3231
 0h00:04.626 2022/05/24T08:56:24z: BME280 (0x76)
 0h00:04.640 2022/05/24T08:56:24z: 84:f3:eb:7d:7:a8
 0h00:04.642 2022/05/24T08:56:24z: SSID: MU Open
 0h00:04.647 2022/05/24T08:56:24z: AP_STAR tmr
 ets Jan  8 2013,rst cause:4, boot mode:(3,7)

wdt reset
load 0x4010f000, len 1384, room 16 
tail 8
chksum 0x2d
csum 0x2d
v8b899c12
~ld


6.01
 0h00:04.462 2022/05/24T09:16:26z: DS3231
 0h00:04.477 2022/05/24T09:16:26z: BME280 (0x76)
 0h00:04.491 2022/05/24T09:16:26z: 84:f3:eb:7d:7:a8
 0h00:04.493 2022/05/24T09:16:26z: SSID: MU Open
 0h00:04.498 2022/05/24T09:16:26z: AP_STAR tmr
 ets Jan  8 2013,rst cause:4, boot mode:(3,7)

wdt reset
load 0x4010f000, len 1384, room 16 
tail 8
chksum 0x2d
csum 0x2d
v8b899c12
~ld


6.01
 0h00:04.371 2022/05/24T09:36:28z: DS3231
 0h00:04.386 2022/05/24T09:36:28z: BME280 (0x76)
 0h00:04.400 2022/05/24T09:36:28z: 84:f3:eb:7d:7:a8
 0h00:04.402 2022/05/24T09:36:28z: SSID: MU Open
 0h00:04.407 2022/05/24T09:36:28z: AP_STAR tmr
 ets Jan  8 2013,rst cause:4, boot mode:(3,7)

wdt reset
load 0x4010f000, len 1384, room 16 
tail 8
chksum 0x2d
csum 0x2d
v8b899c12
~ld


6.01
 0h00:04.387 2022/05/24T09:56:29z: DS3231
 0h00:04.402 2022/05/24T09:56:29z: BME280 (0x76)
 0h00:04.416 2022/05/24T09:56:29z: 84:f3:eb:7d:7:a8
 0h00:04.418 2022/05/24T09:56:29z: SSID: MU Open
 0h00:04.423 2022/05/24T09:56:29z: AP_STAR tmr
 ets Jan  8 2013,rst cause:4, boot mode:(3,7)

wdt reset
load 0x4010f000, len 1384, room 16 
tail 8
chksum 0x2d
csum 0x2d
v8b899c12
~ld


6.01
 0h00:04.348 2022/05/24T10:16:31z: DS3231
 0h00:04.364 2022/05/24T10:16:31z: BME280 (0x76)
 0h00:04.378 2022/05/24T10:16:31z: 84:f3:eb:7d:7:a8
 0h00:04.380 2022/05/24T10:16:31z: SSID: MU Open
 0h00:04.385 2022/05/24T10:16:31z: AP_STAR tmr
 ets Jan  8 2013,rst cause:4, boot mode:(3,7)

wdt reset
load 0x4010f000, len 1384, room 16 
tail 8
chksum 0x2d
csum 0x2d
v8b899c12
~ld


6.01
 0h00:04.311 2022/05/24T10:36:33z: DS3231
 0h00:04.326 2022/05/24T10:36:33z: BME280 (0x76)
 0h00:04.340 2022/05/24T10:36:33z: 84:f3:eb:7d:7:a8
 0h00:04.342 2022/05/24T10:36:33z: SSID: MU Open
 0h00:04.347 2022/05/24T10:36:33z: AP_STAR tmr
 ets Jan  8 2013,rst cause:4, boot mode:(3,7)

wdt reset
load 0x4010f000, len 1384, room 16 
tail 8
chksum 0x2d
csum 0x2d
v8b899c12
~ld


6.01
 0h00:04.468 2022/05/24T10:56:34z: DS3231
 0h00:04.484 2022/05/24T10:56:34z: BME280 (0x76)
 0h00:04.498 2022/05/24T10:56:34z: 84:f3:eb:7d:7:a8
 0h00:04.499 2022/05/24T10:56:34z: SSID: MU Open
 0h00:04.505 2022/05/24T10:56:34z: AP_STAR tmr
 ets Jan  8 2013,rst cause:4, boot mode:(3,7)

wdt reset
load 0x4010f000, len 1384, room 16 
tail 8
chksum 0x2d
csum 0x2d
v8b899c12
~ld


6.01
 0h00:04.122 2022/05/24T11:16:36z: DS3231
 0h00:04.137 2022/05/24T11:16:36z: BME280 (0x76)
 0h00:04.151 2022/05/24T11:16:36z: 84:f3:eb:7d:7:a8
 0h00:04.153 2022/05/24T11:16:36z: SSID: MU Open
 0h00:04.158 2022/05/24T11:16:36z: AP_STAR tmr
 ets Jan  8 2013,rst cause:4, boot mode:(3,7)

wdt reset
load 0x4010f000, len 1384, room 16 
tail 8
chksum 0x2d
csum 0x2d
v8b899c12
~ld


6.01
 0h00:04.387 2022/05/24T11:36:36z: DS3231
 0h00:04.402 2022/05/24T11:36:36z: BME280 (0x76)
 0h00:04.417 2022/05/24T11:36:36z: 84:f3:eb:7d:7:a8
 0h00:04.418 2022/05/24T11:36:36z: SSID: MU Open
 0h00:04.424 2022/05/24T11:36:36z: AP_STAR tmr
 ets Jan  8 2013,rst cause:4, boot mode:(3,7)

wdt reset
load 0x4010f000, len 1384, room 16 
tail 8
chksum 0x2d
csum 0x2d
v8b899c12
~ld


6.01
 0h00:04.518 2022/05/24T11:56:38z: DS3231
 0h00:04.533 2022/05/24T11:56:38z: BME280 (0x76)
 0h00:04.547 2022/05/24T11:56:38z: 84:f3:eb:7d:7:a8
 0h00:04.549 2022/05/24T11:56:38z: SSID: MU Open
 0h00:04.554 2022/05/24T11:56:38z: AP_STAR tmr
 ets Jan  8 2013,rst cause:4, boot mode:(3,7)

wdt reset
load 0x4010f000, len 1384, room 16 
tail 8
chksum 0x2d
csum 0x2d
v8b899c12
~ld


6.01
 0h00:04.472 2022/05/24T12:16:40z: DS3231
 0h00:04.487 2022/05/24T12:16:40z: BME280 (0x76)
 0h00:04.501 2022/05/24T12:16:40z: 84:f3:eb:7d:7:a8
 0h00:04.503 2022/05/24T12:16:40z: SSID: MU Open
 0h00:04.508 2022/05/24T12:16:40z: AP_STAR tmr
 ets Jan  8 2013,rst cause:4, boot mode:(3,7)

wdt reset
load 0x4010f000, len 1384, room 16 
tail 8
chksum 0x2d
csum 0x2d
v8b899c12
~ld


6.01
 0h00:04.270 2022/05/24T12:36:41z: DS3231
 0h00:04.285 2022/05/24T12:36:41z: BME280 (0x76)
 0h00:04.299 2022/05/24T12:36:41z: 84:f3:eb:7d:7:a8
 0h00:04.301 2022/05/24T12:36:41z: SSID: MU Open
 0h00:04.306 2022/05/24T12:36:41z: AP_STAR tmr
 ets Jan  8 2013,rst cause:4, boot mode:(3,7)

wdt reset
load 0x4010f000, len 1384, room 16 
tail 8
chksum 0x2d
csum 0x2d
v8b899c12
~ld


6.01
 0h00:04.327 2022/05/24T12:56:43z: DS3231
 0h00:04.343 2022/05/24T12:56:43z: BME280 (0x76)
 0h00:04.357 2022/05/24T12:56:43z: 84:f3:eb:7d:7:a8
 0h00:04.359 2022/05/24T12:56:43z: SSID: MU Open
 0h00:04.364 2022/05/24T12:56:43z: AP_STAR tmr
 ets Jan  8 2013,rst cause:4, boot mode:(3,7)

wdt reset
load 0x4010f000, len 1384, room 16 
tail 8
chksum 0x2d
csum 0x2d
v8b899c12
~ld


6.01
 0h00:04.354 2022/05/24T13:16:45z: DS3231
 0h00:04.369 2022/05/24T13:16:45z: BME280 (0x76)
 0h00:04.384 2022/05/24T13:16:45z: 84:f3:eb:7d:7:a8
 0h00:04.385 2022/05/24T13:16:45z: SSID: MU Open
 0h00:04.390 2022/05/24T13:16:45z: AP_STAR tmr
 ets Jan  8 2013,rst cause:4, boot mode:(3,7)

wdt reset
load 0x4010f000, len 1384, room 16 
tail 8
chksum 0x2d
csum 0x2d
v8b899c12
~ld


6.01
 0h00:04.288 2022/05/24T13:36:47z: DS3231
 0h00:04.303 2022/05/24T13:36:47z: BME280 (0x76)
 0h00:04.317 2022/05/24T13:36:47z: 84:f3:eb:7d:7:a8
 0h00:04.319 2022/05/24T13:36:47z: SSID: MU Open
 0h00:04.324 2022/05/24T13:36:47z: AP_STAR tmr
 ets Jan  8 2013,rst cause:4, boot mode:(3,7)

wdt reset
load 0x4010f000, len 1384, room 16 
tail 8
chksum 0x2d
csum 0x2d
v8b899c12
~ld


6.01
 0h00:04.066 2022/05/24T13:56:49z: DS3231
 0h00:04.082 2022/05/24T13:56:49z: BME280 (0x76)
 0h00:04.096 2022/05/24T13:56:49z: 84:f3:eb:7d:7:a8
 0h00:04.097 2022/05/24T13:56:49z: SSID: MU Open
 0h00:04.103 2022/05/24T13:56:49z: AP_STAR tmr
 ets Jan  8 2013,rst cause:4, boot mode:(3,7)

wdt reset
load 0x4010f000, len 1384, room 16 
tail 8
chksum 0x2d
csum 0x2d
v8b899c12
~ld


6.01
 0h00:04.435 2022/05/24T14:16:51z: DS3231
 0h00:04.451 2022/05/24T14:16:51z: BME280 (0x76)
 0h00:04.465 2022/05/24T14:16:51z: 84:f3:eb:7d:7:a8
 0h00:04.467 2022/05/24T14:16:51z: SSID: MU Open
 0h00:04.472 2022/05/24T14:16:51z: AP_STAR tmr
 ets Jan  8 2013,rst cause:4, boot mode:(3,7)

wdt reset
load 0x4010f000, len 1384, room 16 
tail 8
chksum 0x2d
csum 0x2d
v8b899c12
~ld


6.01
 0h00:04.021 2022/05/24T14:36:52z: DS3231
 0h00:04.036 2022/05/24T14:36:52z: BME280 (0x76)
 0h00:04.050 2022/05/24T14:36:52z: 84:f3:eb:7d:7:a8
 0h00:04.052 2022/05/24T14:36:52z: SSID: MU Open
 0h00:04.057 2022/05/24T14:36:52z: AP_STAR tmr
 ets Jan  8 2013,rst cause:4, boot mode:(3,7)

wdt reset
load 0x4010f000, len 1384, room 16 
tail 8
chksum 0x2d
csum 0x2d
v8b899c12
~ld


6.01
 0h00:04.367 2022/05/24T14:56:54z: DS3231
 0h00:04.382 2022/05/24T14:56:54z: BME280 (0x76)
 0h00:04.396 2022/05/24T14:56:54z: 84:f3:eb:7d:7:a8
 0h00:04.398 2022/05/24T14:56:54z: SSID: MU Open
 0h00:04.403 2022/05/24T14:56:54z: AP_STAR tmr
 ets Jan  8 2013,rst cause:4, boot mode:(3,7)

wdt reset
load 0x4010f000, len 1384, room 16 
tail 8
chksum 0x2d
csum 0x2d
v8b899c12
~ld


6.01
 0h00:04.134 2022/05/24T15:16:55z: DS3231
 0h00:04.150 2022/05/24T15:16:55z: BME280 (0x76)
 0h00:04.164 2022/05/24T15:16:55z: 84:f3:eb:7d:7:a8
 0h00:04.166 2022/05/24T15:16:55z: SSID: MU Open
 0h00:04.171 2022/05/24T15:16:55z: AP_STAR tmr
 ets Jan  8 2013,rst cause:4, boot mode:(3,7)

wdt reset
load 0x4010f000, len 1384, room 16 
tail 8
chksum 0x2d
csum 0x2d
v8b899c12
~ld


6.01
 0h00:04.413 2022/05/24T15:36:57z: DS3231
 0h00:04.428 2022/05/24T15:36:57z: BME280 (0x76)
 0h00:04.443 2022/05/24T15:36:57z: 84:f3:eb:7d:7:a8
 0h00:04.444 2022/05/24T15:36:57z: SSID: MU Open
 0h00:04.449 2022/05/24T15:36:57z: AP_STAR tmr
 ets Jan  8 2013,rst cause:4, boot mode:(3,7)

wdt reset
load 0x4010f000, len 1384, room 16 
tail 8
chksum 0x2d
csum 0x2d
v8b899c12
~ld


6.01
 0h00:04.321 2022/05/24T15:56:59z: DS3231
 0h00:04.336 2022/05/24T15:56:59z: BME280 (0x76)
 0h00:04.350 2022/05/24T15:56:59z: 84:f3:eb:7d:7:a8
 0h00:04.352 2022/05/24T15:56:59z: SSID: MU Open
 0h00:04.357 2022/05/24T15:56:59z: AP_STAR tmr
 ets Jan  8 2013,rst cause:4, boot mode:(3,7)

wdt reset
load 0x4010f000, len 1384, room 16 
tail 8
chksum 0x2d
csum 0x2d
v8b899c12
~ld


6.01
 0h00:04.175 2022/05/24T16:16:59z: DS3231
 0h00:04.190 2022/05/24T16:16:59z: BME280 (0x76)
 0h00:04.205 2022/05/24T16:16:59z: 84:f3:eb:7d:7:a8
 0h00:04.206 2022/05/24T16:16:59z: SSID: MU Open
 0h00:04.211 2022/05/24T16:16:59z: AP_STAR tmr
 ets Jan  8 2013,rst cause:4, boot mode:(3,7)

wdt reset
load 0x4010f000, len 1384, room 16 
tail 8
chksum 0x2d
csum 0x2d
v8b899c12
~ld


6.01
 0h00:04.213 2022/05/24T16:37:01z: DS3231
 0h00:04.228 2022/05/24T16:37:01z: BME280 (0x76)
 0h00:04.242 2022/05/24T16:37:01z: 84:f3:eb:7d:7:a8
 0h00:04.244 2022/05/24T16:37:01z: SSID: MU Open
 0h00:04.249 2022/05/24T16:37:01z: AP_STAR tmr
 ets Jan  8 2013,rst cause:4, boot mode:(3,7)

wdt reset
load 0x4010f000, len 1384, room 16 
tail 8
chksum 0x2d
csum 0x2d
v8b899c12
~ld


6.01
 0h00:04.481 2022/05/24T16:57:02z: DS3231
 0h00:04.497 2022/05/24T16:57:02z: BME280 (0x76)
 0h00:04.511 2022/05/24T16:57:02z: 84:f3:eb:7d:7:a8
 0h00:04.513 2022/05/24T16:57:02z: SSID: MU Open
 0h00:04.518 2022/05/24T16:57:02z: AP_STAR tmr
 ets Jan  8 2013,rst cause:4, boot mode:(3,7)

wdt reset
load 0x4010f000, len 1384, room 16 
tail 8
chksum 0x2d
csum 0x2d
v8b899c12
~ld


6.01
 0h00:04.087 2022/05/24T17:17:04z: DS3231
 0h00:04.102 2022/05/24T17:17:04z: BME280 (0x76)
 0h00:04.116 2022/05/24T17:17:04z: 84:f3:eb:7d:7:a8
 0h00:04.118 2022/05/24T17:17:04z: SSID: MU Open
 0h00:04.123 2022/05/24T17:17:04z: AP_STAR tmr
 ets Jan  8 2013,rst cause:4, boot mode:(3,7)

wdt reset
load 0x4010f000, len 1384, room 16 
tail 8
chksum 0x2d
csum 0x2d
v8b899c12
~ld


6.01
 0h00:04.379 2022/05/24T17:37:05z: DS3231
 0h00:04.394 2022/05/24T17:37:05z: BME280 (0x76)
 0h00:04.408 2022/05/24T17:37:05z: 84:f3:eb:7d:7:a8
 0h00:04.410 2022/05/24T17:37:05z: SSID: MU Open
 0h00:04.415 2022/05/24T17:37:05z: AP_STAR tmr
 ets Jan  8 2013,rst cause:4, boot mode:(3,7)

wdt reset
load 0x4010f000, len 1384, room 16 
tail 8
chksum 0x2d
csum 0x2d
v8b899c12
~ld


6.01
 0h00:04.134 2022/05/24T17:57:07z: DS3231
 0h00:04.149 2022/05/24T17:57:07z: BME280 (0x76)
 0h00:04.163 2022/05/24T17:57:07z: 84:f3:eb:7d:7:a8
 0h00:04.165 2022/05/24T17:57:07z: SSID: MU Open
 0h00:04.170 2022/05/24T17:57:07z: AP_STAR tmr
 ets Jan  8 2013,rst cause:4, boot mode:(3,7)

wdt reset
load 0x4010f000, len 1384, room 16 
tail 8
chksum 0x2d
csum 0x2d
v8b899c12
~ld


6.01
 0h00:04.381 2022/05/24T18:17:08z: DS3231
 0h00:04.396 2022/05/24T18:17:08z: BME280 (0x76)
 0h00:04.411 2022/05/24T18:17:08z: 84:f3:eb:7d:7:a8
 0h00:04.412 2022/05/24T18:17:08z: SSID: MU Open
 0h00:04.417 2022/05/24T18:17:08z: AP_STAR tmr
 ets Jan  8 2013,rst cause:4, boot mode:(3,7)

wdt reset
load 0x4010f000, len 1384, room 16 
tail 8
chksum 0x2d
csum 0x2d
v8b899c12
~ld


6.01
 0h00:04.177 2022/05/24T18:37:09z: DS3231
 0h00:04.192 2022/05/24T18:37:09z: BME280 (0x76)
 0h00:04.206 2022/05/24T18:37:09z: 84:f3:eb:7d:7:a8
 0h00:04.208 2022/05/24T18:37:09z: SSID: MU Open
 0h00:04.213 2022/05/24T18:37:09z: AP_STAR tmr
 ets Jan  8 2013,rst cause:4, boot mode:(3,7)

wdt reset
load 0x4010f000, len 1384, room 16 
tail 8
chksum 0x2d
csum 0x2d
v8b899c12
~ld


6.01
 0h00:04.120 2022/05/24T18:57:11z: DS3231
 0h00:04.135 2022/05/24T18:57:11z: BME280 (0x76)
 0h00:04.149 2022/05/24T18:57:11z: 84:f3:eb:7d:7:a8
 0h00:04.151 2022/05/24T18:57:11z: SSID: MU Open
 0h00:04.156 2022/05/24T18:57:11z: AP_STAR tmr
 ets Jan  8 2013,rst cause:4, boot mode:(3,7)

wdt reset
load 0x4010f000, len 1384, room 16 
tail 8
chksum 0x2d
csum 0x2d
v8b899c12
~ld


6.01
 0h00:04.120 2022/05/24T19:17:13z: DS3231
 0h00:04.136 2022/05/24T19:17:13z: BME280 (0x76)
 0h00:04.150 2022/05/24T19:17:13z: 84:f3:eb:7d:7:a8
 0h00:04.152 2022/05/24T19:17:13z: SSID: MU Open
 0h00:04.157 2022/05/24T19:17:13z: AP_STAR tmr
 ets Jan  8 2013,rst cause:4, boot mode:(3,7)

wdt reset
load 0x4010f000, len 1384, room 16 
tail 8
chksum 0x2d
csum 0x2d
v8b899c12
~ld


6.01
 0h00:04.110 2022/05/24T19:37:15z: DS3231
 0h00:04.125 2022/05/24T19:37:15z: BME280 (0x76)
 0h00:04.139 2022/05/24T19:37:15z: 84:f3:eb:7d:7:a8
 0h00:04.141 2022/05/24T19:37:15z: SSID: MU Open
 0h00:04.146 2022/05/24T19:37:15z: AP_STAR tmr
 ets Jan  8 2013,rst cause:4, boot mode:(3,7)

wdt reset
load 0x4010f000, len 1384, room 16 
tail 8
chksum 0x2d
csum 0x2d
v8b899c12
~ld


6.01
 0h00:04.238 2022/05/24T19:57:16z: DS3231
 0h00:04.254 2022/05/24T19:57:16z: BME280 (0x76)
 0h00:04.268 2022/05/24T19:57:16z: 84:f3:eb:7d:7:a8
 0h00:04.270 2022/05/24T19:57:16z: SSID: MU Open
 0h00:04.275 2022/05/24T19:57:16z: AP_STAR tmr
 ets Jan  8 2013,rst cause:4, boot mode:(3,7)

wdt reset
load 0x4010f000, len 1384, room 16 
tail 8
chksum 0x2d
csum 0x2d
v8b899c12
~ld


6.01
 0h00:04.340 2022/05/24T20:17:17z: DS3231
 0h00:04.356 2022/05/24T20:17:17z: BME280 (0x76)
 0h00:04.370 2022/05/24T20:17:17z: 84:f3:eb:7d:7:a8
 0h00:04.372 2022/05/24T20:17:17z: SSID: MU Open
 0h00:04.377 2022/05/24T20:17:17z: AP_STAR tmr
 ets Jan  8 2013,rst cause:4, boot mode:(3,7)

wdt reset
load 0x4010f000, len 1384, room 16 
tail 8
chksum 0x2d
csum 0x2d
v8b899c12
~ld


6.01
 0h00:04.334 2022/05/24T20:37:18z: DS3231
 0h00:04.350 2022/05/24T20:37:18z: BME280 (0x76)
 0h00:04.364 2022/05/24T20:37:18z: 84:f3:eb:7d:7:a8
 0h00:04.366 2022/05/24T20:37:18z: SSID: MU Open
 0h00:04.371 2022/05/24T20:37:18z: AP_STAR tmr
 ets Jan  8 2013,rst cause:4, boot mode:(3,7)

wdt reset
load 0x4010f000, len 1384, room 16 
tail 8
chksum 0x2d
csum 0x2d
v8b899c12
~ld


6.01
 0h00:04.144 2022/05/24T20:57:19z: DS3231
 0h00:04.159 2022/05/24T20:57:19z: BME280 (0x76)
 0h00:04.173 2022/05/24T20:57:19z: 84:f3:eb:7d:7:a8
 0h00:04.175 2022/05/24T20:57:19z: SSID: MU Open
 0h00:04.180 2022/05/24T20:57:19z: AP_STAR tmr
 ets Jan  8 2013,rst cause:4, boot mode:(3,7)

wdt reset
load 0x4010f000, len 1384, room 16 
tail 8
chksum 0x2d
csum 0x2d
v8b899c12
~ld


6.01
 0h00:04.180 2022/05/24T21:17:21z: DS3231
 0h00:04.195 2022/05/24T21:17:21z: BME280 (0x76)
 0h00:04.209 2022/05/24T21:17:21z: 84:f3:eb:7d:7:a8
 0h00:04.211 2022/05/24T21:17:21z: SSID: MU Open
 0h00:04.216 2022/05/24T21:17:21z: AP_STAR tmr
 ets Jan  8 2013,rst cause:4, boot mode:(3,7)

wdt reset
load 0x4010f000, len 1384, room 16 
tail 8
chksum 0x2d
csum 0x2d
v8b899c12
~ld


6.01
 0h00:04.139 2022/05/24T21:37:22z: DS3231
 0h00:04.154 2022/05/24T21:37:22z: BME280 (0x76)
 0h00:04.169 2022/05/24T21:37:22z: 84:f3:eb:7d:7:a8
 0h00:04.170 2022/05/24T21:37:22z: SSID: MU Open
 0h00:04.175 2022/05/24T21:37:22z: AP_STAR tmr
 ets Jan  8 2013,rst cause:4, boot mode:(3,7)

wdt reset
load 0x4010f000, len 1384, room 16 
tail 8
chksum 0x2d
csum 0x2d
v8b899c12
~ld


6.01
 0h00:04.416 2022/05/24T21:57:24z: DS3231
 0h00:04.431 2022/05/24T21:57:24z: BME280 (0x76)
 0h00:04.445 2022/05/24T21:57:24z: 84:f3:eb:7d:7:a8
 0h00:04.447 2022/05/24T21:57:24z: SSID: MU Open
 0h00:04.452 2022/05/24T21:57:24z: AP_STAR tmr
 ets Jan  8 2013,rst cause:4, boot mode:(3,7)

wdt reset
load 0x4010f000, len 1384, room 16 
tail 8
chksum 0x2d
csum 0x2d
v8b899c12
~ld


6.01
 0h00:04.180 2022/05/24T22:17:25z: DS3231
 0h00:04.195 2022/05/24T22:17:25z: BME280 (0x76)
 0h00:04.209 2022/05/24T22:17:25z: 84:f3:eb:7d:7:a8
 0h00:04.211 2022/05/24T22:17:25z: SSID: MU Open
 0h00:04.216 2022/05/24T22:17:25z: AP_STAR tmr
 ets Jan  8 2013,rst cause:4, boot mode:(3,7)

wdt reset
load 0x4010f000, len 1384, room 16 
tail 8
chksum 0x2d
csum 0x2d
v8b899c12
~ld


6.01
 0h00:04.360 2022/05/24T22:37:27z: DS3231
 0h00:04.376 2022/05/24T22:37:27z: BME280 (0x76)
 0h00:04.390 2022/05/24T22:37:27z: 84:f3:eb:7d:7:a8
 0h00:04.391 2022/05/24T22:37:27z: SSID: MU Open
 0h00:04.397 2022/05/24T22:37:27z: AP_STAR tmr
 ets Jan  8 2013,rst cause:4, boot mode:(3,7)

wdt reset
load 0x4010f000, len 1384, room 16 
tail 8
chksum 0x2d
csum 0x2d
v8b899c12
~ld


6.01
 0h00:04.381 2022/05/24T22:57:28z: DS3231
 0h00:04.396 2022/05/24T22:57:28z: BME280 (0x76)
 0h00:04.410 2022/05/24T22:57:28z: 84:f3:eb:7d:7:a8
 0h00:04.412 2022/05/24T22:57:28z: SSID: MU Open
 0h00:04.417 2022/05/24T22:57:28z: AP_STAR tmr
 ets Jan  8 2013,rst cause:4, boot mode:(3,7)

wdt reset
load 0x4010f000, len 1384, room 16 
tail 8
chksum 0x2d
csum 0x2d
v8b899c12
~ld


6.01
 0h00:04.253 2022/05/24T23:17:30z: DS3231
 0h00:04.269 2022/05/24T23:17:30z: BME280 (0x76)
 0h00:04.283 2022/05/24T23:17:30z: 84:f3:eb:7d:7:a8
 0h00:04.284 2022/05/24T23:17:30z: SSID: MU Open
 0h00:04.290 2022/05/24T23:17:30z: AP_STAR tmr
 ets Jan  8 2013,rst cause:4, boot mode:(3,7)

wdt reset
load 0x4010f000, len 1384, room 16 
tail 8
chksum 0x2d
csum 0x2d
v8b899c12
~ld


6.01
 0h00:04.185 2022/05/24T23:37:32z: DS3231
 0h00:04.200 2022/05/24T23:37:32z: BME280 (0x76)
 0h00:04.214 2022/05/24T23:37:32z: 84:f3:eb:7d:7:a8
 0h00:04.216 2022/05/24T23:37:32z: SSID: MU Open
 0h00:04.221 2022/05/24T23:37:32z: AP_STAR tmr
 ets Jan  8 2013,rst cause:4, boot mode:(3,7)

wdt reset
load 0x4010f000, len 1384, room 16 
tail 8
chksum 0x2d
csum 0x2d
v8b899c12
~ld


6.01
 0h00:04.418 2022/05/24T23:57:33z: DS3231
 0h00:04.433 2022/05/24T23:57:33z: BME280 (0x76)
 0h00:04.447 2022/05/24T23:57:33z: 84:f3:eb:7d:7:a8
 0h00:04.449 2022/05/24T23:57:33z: SSID: MU Open
 0h00:04.454 2022/05/24T23:57:33z: AP_STA