R tmr
 ets Jan  8 2013,rst cause:4, boot mode:(3,7)

wdt reset
load 0x4010f000, len 1384, room 16 
tail 8
chksum 0x2d
csum 0x2d
v8b899c12
~ld


6.01
 0h00:04.603 2022/02/26T00:04:14z: DS3231
 0h00:04.618 2022/02/26T00:04:14z: BME280 (0x76)
 0h00:04.632 2022/02/26T00:04:14z: 84:f3:eb:7d:7:a8
 0h00:04.634 2022/02/26T00:04:14z: SSID: MU Open
 0h00:04.639 2022/02/26T00:04:14z: AP_STAR tmr
 ets Jan  8 2013,rst cause:4, boot mode:(3,7)

wdt reset
load 0x4010f000, len 1384, room 16 
tail 8
chksum 0x2d
csum 0x2d
v8b899c12
~ld


6.01
 0h00:04.773 2022/02/26T00:24:16z: DS3231
 0h00:04.789 2022/02/26T00:24:16z: BME280 (0x76)
 0h00:04.803 2022/02/26T00:24:16z: 84:f3:eb:7d:7:a8
 0h00:04.804 2022/02/26T00:24:16z: SSID: MU Open
 0h00:04.810 2022/02/26T00:24:16z: AP_STAR tmr
 ets Jan  8 2013,rst cause:4, boot mode:(3,7)

wdt reset
load 0x4010f000, len 1384, room 16 
tail 8
chksum 0x2d
csum 0x2d
v8b899c12
~ld


6.01
 0h00:04.340 2022/02/26T00:44:17z: DS3231
 0h00:04.355 2022/02/26T00:44:17z: BME280 (0x76)
 0h00:04.370 2022/02/26T00:44:17z: 84:f3:eb:7d:7:a8
 0h00:04.371 2022/02/26T00:44:17z: SSID: MU Open
 0h00:04.376 2022/02/26T00:44:17z: AP_STAR tmr
 ets Jan  8 2013,rst cause:4, boot mode:(3,7)

wdt reset
load 0x4010f000, len 1384, room 16 
tail 8
chksum 0x2d
csum 0x2d
v8b899c12
~ld


6.01
 0h00:04.590 2022/02/26T01:04:19z: DS3231
 0h00:04.605 2022/02/26T01:04:19z: BME280 (0x76)
 0h00:04.619 2022/02/26T01:04:19z: 84:f3:eb:7d:7:a8
 0h00:04.621 2022/02/26T01:04:19z: SSID: MU Open
 0h00:04.626 2022/02/26T01:04:19z: AP_STAR tmr
 ets Jan  8 2013,rst cause:4, boot mode:(3,7)

wdt reset
load 0x4010f000, len 1384, room 16 
tail 8
chksum 0x2d
csum 0x2d
v8b899c12
~ld


6.01
 0h00:04.693 2022/02/26T01:24:21z: DS3231
 0h00:04.708 2022/02/26T01:24:21z: BME280 (0x76)
 0h00:04.722 2022/02/26T01:24:21z: 84:f3:eb:7d:7:a8
 0h00:04.724 2022/02/26T01:24:21z: SSID: MU Open
 0h00:04.729 2022/02/26T01:24:21z: AP_STAR tmr
 ets Jan  8 2013,rst cause:4, boot mode:(3,7)

wdt reset
load 0x4010f000, len 1384, room 16 
tail 8
chksum 0x2d
csum 0x2d
v8b899c12
~ld


6.01
 0h00:04.682 2022/02/26T01:44:22z: DS3231
 0h00:04.698 2022/02/26T01:44:22z: BME280 (0x76)
 0h00:04.712 2022/02/26T01:44:22z: 84:f3:eb:7d:7:a8
 0h00:04.714 2022/02/26T01:44:22z: SSID: MU Open
 0h00:04.719 2022/02/26T01:44:22z: AP_STAR tmr
 ets Jan  8 2013,rst cause:4, boot mode:(3,7)

wdt reset
load 0x4010f000, len 1384, room 16 
tail 8
chksum 0x2d
csum 0x2d
v8b899c12
~ld


6.01
 0h00:05.066 2022/02/26T02:04:24z: DS3231
 0h00:05.081 2022/02/26T02:04:24z: BME280 (0x76)
 0h00:05.095 2022/02/26T02:04:24z: 84:f3:eb:7d:7:a8
 0h00:05.097 2022/02/26T02:04:24z: SSID: MU Open
 0h00:05.102 2022/02/26T02:04:24z: AP_STAR tmr
 ets Jan  8 2013,rst cause:4, boot mode:(3,7)

wdt reset
load 0x4010f000, len 1384, room 16 
tail 8
chksum 0x2d
csum 0x2d
v8b899c12
~ld


6.01
 0h00:05.028 2022/02/26T02:24:26z: DS3231
 0h00:05.043 2022/02/26T02:24:26z: BME280 (0x76)
 0h00:05.058 2022/02/26T02:24:26z: 84:f3:eb:7d:7:a8
 0h00:05.059 2022/02/26T02:24:26z: SSID: MU Open
 0h00:05.064 2022/02/26T02:24:26z: AP_STAR tmr
 ets Jan  8 2013,rst cause:4, boot mode:(3,7)

wdt reset
load 0x4010f000, len 1384, room 16 
tail 8
chksum 0x2d
csum 0x2d
v8b899c12
~ld


6.01
 0h00:04.998 2022/02/26T02:44:29z: DS3231
 0h00:05.013 2022/02/26T02:44:29z: BME280 (0x76)
 0h00:05.028 2022/02/26T02:44:29z: 84:f3:eb:7d:7:a8
 0h00:05.029 2022/02/26T02:44:29z: SSID: MU Open
 0h00:05.034 2022/02/26T02:44:29z: AP_STAR tmr
 ets Jan  8 2013,rst cause:4, boot mode:(3,7)

wdt reset
load 0x4010f000, len 1384, room 16 
tail 8
chksum 0x2d
csum 0x2d
v8b899c12
~ld


6.01
 0h00:05.051 2022/02/26T03:04:31z: DS3231
 0h00:05.067 2022/02/26T03:04:31z: BME280 (0x76)
 0h00:05.081 2022/02/26T03:04:31z: 84:f3:eb:7d:7:a8
 0h00:05.083 2022/02/26T03:04:31z: SSID: MU Open
 0h00:05.088 2022/02/26T03:04:31z: AP_STAR tmr
 ets Jan  8 2013,rst cause:4, boot mode:(3,7)

wdt reset
load 0x4010f000, len 1384, room 16 
tail 8
chksum 0x2d
csum 0x2d
v8b899c12
~ld


6.01
 0h00:04.920 2022/02/26T03:24:33z: DS3231
 0h00:04.936 2022/02/26T03:24:33z: BME280 (0x76)
 0h00:04.950 2022/02/26T03:24:33z: 84:f3:eb:7d:7:a8
 0h00:04.951 2022/02/26T03:24:33z: SSID: MU Open
 0h00:04.957 2022/02/26T03:24:33z: AP_STAR tmr
 ets Jan  8 2013,rst cause:4, boot mode:(3,7)

wdt reset
load 0x4010f000, len 1384, room 16 
tail 8
chksum 0x2d
csum 0x2d
v8b899c12
~ld


6.01
 0h00:04.794 2022/02/26T03:44:35z: DS3231
 0h00:04.810 2022/02/26T03:44:35z: BME280 (0x76)
 0h00:04.824 2022/02/26T03:44:36z: 84:f3:eb:7d:7:a8
 0h00:04.825 2022/02/26T03:44:36z: SSID: MU Open
 0h00:04.831 2022/02/26T03:44:36z: AP_STAR tmr
 ets Jan  8 2013,rst cause:4, boot mode:(3,7)

wdt reset
load 0x4010f000, len 1384, room 16 
tail 8
chksum 0x2d
csum 0x2d
v8b899c12
~ld


6.01
 0h00:04.907 2022/02/26T04:04:37z: DS3231
 0h00:04.922 2022/02/26T04:04:37z: BME280 (0x76)
 0h00:04.936 2022/02/26T04:04:37z: 84:f3:eb:7d:7:a8
 0h00:04.938 2022/02/26T04:04:37z: SSID: MU Open
 0h00:04.943 2022/02/26T04:04:37z: AP_STAR tmr
 ets Jan  8 2013,rst cause:4, boot mode:(3,7)

wdt reset
load 0x4010f000, len 1384, room 16 
tail 8
chksum 0x2d
csum 0x2d
v8b899c12
~ld


6.01
 0h00:04.931 2022/02/26T04:24:38z: DS3231
 0h00:04.947 2022/02/26T04:24:38z: BME280 (0x76)
 0h00:04.961 2022/02/26T04:24:38z: 84:f3:eb:7d:7:a8
 0h00:04.963 2022/02/26T04:24:38z: SSID: MU Open
 0h00:04.968 2022/02/26T04:24:38z: AP_STAR tmr
 ets Jan  8 2013,rst cause:4, boot mode:(3,7)

wdt reset
load 0x4010f000, len 1384, room 16 
tail 8
chksum 0x2d
csum 0x2d
v8b899c12
~ld


6.01
 0h00:04.927 2022/02/26T04:44:40z: DS3231
 0h00:04.942 2022/02/26T04:44:40z: BME280 (0x76)
 0h00:04.956 2022/02/26T04:44:40z: 84:f3:eb:7d:7:a8
 0h00:04.958 2022/02/26T04:44:40z: SSID: MU Open
 0h00:04.963 2022/02/26T04:44:40z: AP_STAR tmr
 ets Jan  8 2013,rst cause:4, boot mode:(3,7)

wdt reset
load 0x4010f000, len 1384, room 16 
tail 8
chksum 0x2d
csum 0x2d
v8b899c12
~ld


6.01
 0h00:04.997 2022/02/26T05:04:43z: DS3231
 0h00:05.012 2022/02/26T05:04:43z: BME280 (0x76)
 0h00:05.027 2022/02/26T05:04:43z: 84:f3:eb:7d:7:a8
 0h00:05.028 2022/02/26T05:04:43z: SSID: MU Open
 0h00:05.033 2022/02/26T05:04:43z: AP_STAR tmr
 ets Jan  8 2013,rst cause:4, boot mode:(3,7)

wdt reset
load 0x4010f000, len 1384, room 16 
tail 8
chksum 0x2d
csum 0x2d
v8b899c12
~ld


6.01
 0h00:04.716 2022/02/26T05:24:45z: DS3231
 0h00:04.732 2022/02/26T05:24:45z: BME280 (0x76)
 0h00:04.746 2022/02/26T05:24:45z: 84:f3:eb:7d:7:a8
 0h00:04.748 2022/02/26T05:24:45z: SSID: MU Open
 0h00:04.753 2022/02/26T05:24:45z: AP_STAR tmr
 ets Jan  8 2013,rst cause:4, boot mode:(3,7)

wdt reset
load 0x4010f000, len 1384, room 16 
tail 8
chksum 0x2d
csum 0x2d
v8b899c12
~ld


6.01
 0h00:04.962 2022/02/26T05:44:47z: DS3231
 0h00:04.977 2022/02/26T05:44:47z: BME280 (0x76)
 0h00:04.992 2022/02/26T05:44:47z: 84:f3:eb:7d:7:a8
 0h00:04.993 2022/02/26T05:44:47z: SSID: MU Open
 0h00:04.998 2022/02/26T05:44:47z: AP_STAR tmr
 ets Jan  8 2013,rst cause:4, boot mode:(3,7)

wdt reset
load 0x4010f000, len 1384, room 16 
tail 8
chksum 0x2d
csum 0x2d
v8b899c12
~ld


6.01
 0h00:05.040 2022/02/26T06:04:50z: DS3231
 0h00:05.056 2022/02/26T06:04:50z: BME280 (0x76)
 0h00:05.070 2022/02/26T06:04:50z: 84:f3:eb:7d:7:a8
 0h00:05.071 2022/02/26T06:04:50z: SSID: MU Open
 0h00:05.077 2022/02/26T06:04:50z: AP_STAR tmr
 ets Jan  8 2013,rst cause:4, boot mode:(3,7)

wdt reset
load 0x4010f000, len 1384, room 16 
tail 8
chksum 0x2d
csum 0x2d
v8b899c12
~ld


6.01
 0h00:04.812 2022/02/26T06:24:51z: DS3231
 0h00:04.827 2022/02/26T06:24:51z: BME280 (0x76)
 0h00:04.841 2022/02/26T06:24:51z: 84:f3:eb:7d:7:a8
 0h00:04.843 2022/02/26T06:24:51z: SSID: MU Open
 0h00:04.848 2022/02/26T06:24:51z: AP_STAR tmr
 ets Jan  8 2013,rst cause:4, boot mode:(3,7)

wdt reset
load 0x4010f000, len 1384, room 16 
tail 8
chksum 0x2d
csum 0x2d
v8b899c12
~ld


6.01
 0h00:04.652 2022/02/26T06:44:52z: DS3231
 0h00:04.668 2022/02/26T06:44:52z: BME280 (0x76)
 0h00:04.682 2022/02/26T06:44:53z: 84:f3:eb:7d:7:a8
 0h00:04.684 2022/02/26T06:44:53z: SSID: MU Open
 0h00:04.689 2022/02/26T06:44:53z: AP_STAR tmr
 ets Jan  8 2013,rst cause:4, boot mode:(3,7)

wdt reset
load 0x4010f000, len 1384, room 16 
tail 8
chksum 0x2d
csum 0x2d
v8b899c12
~ld


6.01
 0h00:04.871 2022/02/26T07:04:55z: DS3231
 0h00:04.886 2022/02/26T07:04:55z: BME280 (0x76)
 0h00:04.900 2022/02/26T07:04:55z: 84:f3:eb:7d:7:a8
 0h00:04.902 2022/02/26T07:04:55z: SSID: MU Open
 0h00:04.907 2022/02/26T07:04:55z: AP_STAR tmr
 ets Jan  8 2013,rst cause:4, boot mode:(3,7)

wdt reset
load 0x4010f000, len 1384, room 16 
tail 8
chksum 0x2d
csum 0x2d
v8b899c12
~ld


6.01
 0h00:04.953 2022/02/26T07:24:57z: DS3231
 0h00:04.969 2022/02/26T07:24:57z: BME280 (0x76)
 0h00:04.983 2022/02/26T07:24:57z: 84:f3:eb:7d:7:a8
 0h00:04.984 2022/02/26T07:24:57z: SSID: MU Open
 0h00:04.990 2022/02/26T07:24:57z: AP_STAR tmr
 ets Jan  8 2013,rst cause:4, boot mode:(3,7)

wdt reset
load 0x4010f000, len 1384, room 16 
tail 8
chksum 0x2d
csum 0x2d
v8b899c12
~ld


6.01
 0h00:04.949 2022/02/26T07:44:59z: DS3231
 0h00:04.964 2022/02/26T07:44:59z: BME280 (0x76)
 0h00:04.978 2022/02/26T07:44:59z: 84:f3:eb:7d:7:a8
 0h00:04.980 2022/02/26T07:44:59z: SSID: MU Open
 0h00:04.985 2022/02/26T07:44:59z: AP_STAR tmr
 ets Jan  8 2013,rst cause:4, boot mode:(3,7)

wdt reset
load 0x4010f000, len 1384, room 16 
tail 8
chksum 0x2d
csum 0x2d
v8b899c12
~ld


6.01
 0h00:04.950 2022/02/26T08:05:02z: DS3231
 0h00:04.965 2022/02/26T08:05:02z: BME280 (0x76)
 0h00:04.979 2022/02/26T08:05:02z: 84:f3:eb:7d:7:a8
 0h00:04.981 2022/02/26T08:05:02z: SSID: MU Open
 0h00:04.986 2022/02/26T08:05:02z: AP_STAR tmr
 ets Jan  8 2013,rst cause:4, boot mode:(3,7)

wdt reset
load 0x4010f000, len 1384, room 16 
tail 8
chksum 0x2d
csum 0x2d
v8b899c12
~ld


6.01
 0h00:05.018 2022/02/26T08:25:04z: DS3231
 0h00:05.034 2022/02/26T08:25:04z: BME280 (0x76)
 0h00:05.048 2022/02/26T08:25:04z: 84:f3:eb:7d:7:a8
 0h00:05.050 2022/02/26T08:25:04z: SSID: MU Open
 0h00:05.055 2022/02/26T08:25:04z: AP_STAR tmr
 ets Jan  8 2013,rst cause:4, boot mode:(3,7)

wdt reset
load 0x4010f000, len 1384, room 16 
tail 8
chksum 0x2d
csum 0x2d
v8b899c12
~ld


6.01
 0h00:05.050 2022/02/26T08:45:06z: DS3231
 0h00:05.065 2022/02/26T08:45:06z: BME280 (0x76)
 0h00:05.080 2022/02/26T08:45:06z: 84:f3:eb:7d:7:a8
 0h00:05.081 2022/02/26T08:45:06z: SSID: MU Open
 0h00:05.086 2022/02/26T08:45:07z: AP_STAR tmr
 ets Jan  8 2013,rst cause:4, boot mode:(3,7)

wdt reset
load 0x4010f000, len 1384, room 16 
tail 8
chksum 0x2d
csum 0x2d
v8b899c12
~ld


6.01
 0h00:04.551 2022/02/26T09:05:08z: DS3231
 0h00:04.566 2022/02/26T09:05:08z: BME280 (0x76)
 0h00:04.581 2022/02/26T09:05:08z: 84:f3:eb:7d:7:a8
 0h00:04.582 2022/02/26T09:05:08z: SSID: MU Open
 0h00:04.587 2022/02/26T09:05:08z: AP_STAR tmr
 ets Jan  8 2013,rst cause:4, boot mode:(3,7)

wdt reset
load 0x4010f000, len 1384, room 16 
tail 8
chksum 0x2d
csum 0x2d
v8b899c12
~ld


6.01
 0h00:05.041 2022/02/26T09:25:10z: DS3231
 0h00:05.056 2022/02/26T09:25:10z: BME280 (0x76)
 0h00:05.070 2022/02/26T09:25:10z: 84:f3:eb:7d:7:a8
 0h00:05.072 2022/02/26T09:25:10z: SSID: MU Open
 0h00:05.077 2022/02/26T09:25:10z: AP_STAR tmr
 ets Jan  8 2013,rst cause:4, boot mode:(3,7)

wdt reset
load 0x4010f000, len 1384, room 16 
tail 8
chksum 0x2d
csum 0x2d
v8b899c12
~ld


6.01
 0h00:05.117 2022/02/26T09:45:13z: DS3231
 0h00:05.132 2022/02/26T09:45:13z: BME280 (0x76)
 0h00:05.147 2022/02/26T09:45:13z: 84:f3:eb:7d:7:a8
 0h00:05.148 2022/02/26T09:45:13z: SSID: MU Open
 0h00:05.153 2022/02/26T09:45:13z: AP_STAR tmr
 ets Jan  8 2013,rst cause:4, boot mode:(3,7)

wdt reset
load 0x4010f000, len 1384, room 16 
tail 8
chksum 0x2d
csum 0x2d
v8b899c12
~ld


6.01
 0h00:05.089 2022/02/26T10:05:14z: DS3231
 0h00:05.104 2022/02/26T10:05:15z: BME280 (0x76)
 0h00:05.118 2022/02/26T10:05:15z: 84:f3:eb:7d:7:a8
 0h00:05.120 2022/02/26T10:05:15z: SSID: MU Open
 0h00:05.125 2022/02/26T10:05:15z: AP_STAR tmr
 ets Jan  8 2013,rst cause:4, boot mode:(3,7)

wdt reset
load 0x4010f000, len 1384, room 16 
tail 8
chksum 0x2d
csum 0x2d
v8b899c12
~ld


6.01
 0h00:05.143 2022/02/26T10:25:17z: DS3231
 0h00:05.158 2022/02/26T10:25:17z: BME280 (0x76)
 0h00:05.172 2022/02/26T10:25:17z: 84:f3:eb:7d:7:a8
 0h00:05.174 2022/02/26T10:25:17z: SSID: MU Open
 0h00:05.179 2022/02/26T10:25:17z: AP_STAR tmr
 ets Jan  8 2013,rst cause:4, boot mode:(3,7)

wdt reset
load 0x4010f000, len 1384, room 16 
tail 8
chksum 0x2d
csum 0x2d
v8b899c12
~ld


6.01
 0h00:05.072 2022/02/26T10:45:20z: DS3231
 0h00:05.088 2022/02/26T10:45:20z: BME280 (0x76)
 0h00:05.102 2022/02/26T10:45:20z: 84:f3:eb:7d:7:a8
 0h00:05.104 2022/02/26T10:45:20z: SSID: MU Open
 0h00:05.109 2022/02/26T10:45:20z: AP_STAR tmr
 ets Jan  8 2013,rst cause:4, boot mode:(3,7)

wdt reset
load 0x4010f000, len 1384, room 16 
tail 8
chksum 0x2d
csum 0x2d
v8b899c12
~ld


6.01
 0h00:05.149 2022/02/26T11:05:22z: DS3231
 0h00:05.164 2022/02/26T11:05:22z: BME280 (0x76)
 0h00:05.178 2022/02/26T11:05:22z: 84:f3:eb:7d:7:a8
 0h00:05.180 2022/02/26T11:05:22z: SSID: MU Open
 0h00:05.185 2022/02/26T11:05:22z: AP_STAR tmr
 ets Jan  8 2013,rst cause:4, boot mode:(3,7)

wdt reset
load 0x4010f000, len 1384, room 16 
tail 8
chksum 0x2d
csum 0x2d
v8b899c12
~ld


6.01
 0h00:05.193 2022/02/26T11:25:25z: DS3231
 0h00:05.208 2022/02/26T11:25:25z: BME280 (0x76)
 0h00:05.222 2022/02/26T11:25:25z: 84:f3:eb:7d:7:a8
 0h00:05.224 2022/02/26T11:25:25z: SSID: MU Open
 0h00:05.229 2022/02/26T11:25:25z: AP_STAR tmr
 ets Jan  8 2013,rst cause:4, boot mode:(3,7)

wdt reset
load 0x4010f000, len 1384, room 16 
tail 8
chksum 0x2d
csum 0x2d
v8b899c12
~ld


6.01
 0h00:05.273 2022/02/26T11:45:27z: DS3231
 0h00:05.288 2022/02/26T11:45:27z: BME280 (0x76)
 0h00:05.302 2022/02/26T11:45:27z: 84:f3:eb:7d:7:a8
 0h00:05.304 2022/02/26T11:45:27z: SSID: MU Open
 0h00:05.309 2022/02/26T11:45:27z: AP_STAR tmr
 ets Jan  8 2013,rst cause:4, boot mode:(3,7)

wdt reset
load 0x4010f000, len 1384, room 16 
tail 8
chksum 0x2d
csum 0x2d
v8b899c12
~ld


6.01
 0h00:04.967 2022/02/26T12:05:30z: DS3231
 0h00:04.983 2022/02/26T12:05:30z: BME280 (0x76)
 0h00:04.997 2022/02/26T12:05:30z: 84:f3:eb:7d:7:a8
 0h00:04.998 2022/02/26T12:05:30z: SSID: MU Open
 0h00:05.004 2022/02/26T12:05:30z: AP_STAR tmr
 ets Jan  8 2013,rst cause:4, boot mode:(3,7)

wdt reset
load 0x4010f000, len 1384, room 16 
tail 8
chksum 0x2d
csum 0x2d
v8b899c12
~ld


6.01
 0h00:05.262 2022/02/26T12:25:32z: DS3231
 0h00:05.278 2022/02/26T12:25:32z: BME280 (0x76)
 0h00:05.292 2022/02/26T12:25:32z: 84:f3:eb:7d:7:a8
 0h00:05.293 2022/02/26T12:25:32z: SSID: MU Open
 0h00:05.299 2022/02/26T12:25:32z: AP_STAR tmr
 ets Jan  8 2013,rst cause:4, boot mode:(3,7)

wdt reset
load 0x4010f000, len 1384, room 16 
tail 8
chksum 0x2d
csum 0x2d
v8b899c12
~ld


6.01
 0h00:05.210 2022/02/26T12:45:35z: DS3231
 0h00:05.225 2022/02/26T12:45:35z: BME280 (0x76)
 0h00:05.239 2022/02/26T12:45:35z: 84:f3:eb:7d:7:a8
 0h00:05.241 2022/02/26T12:45:35z: SSID: MU Open
 0h00:05.246 2022/02/26T12:45:35z: AP_STAR tmr
 ets Jan  8 2013,rst cause:4, boot mode:(3,7)

wdt reset
load 0x4010f000, len 1384, room 16 
tail 8
chksum 0x2d
csum 0x2d
v8b899c12
~ld


6.01
 0h00:05.130 2022/02/26T13:05:38z: DS3231
 0h00:05.145 2022/02/26T13:05:38z: BME280 (0x76)
 0h00:05.159 2022/02/26T13:05:38z: 84:f3:eb:7d:7:a8
 0h00:05.161 2022/02/26T13:05:38z: SSID: MU Open
 0h00:05.166 2022/02/26T13:05:38z: AP_STAR tmr
 ets Jan  8 2013,rst cause:4, boot mode:(3,7)

wdt reset
load 0x4010f000, len 1384, room 16 
tail 8
chksum 0x2d
csum 0x2d
v8b899c12
~ld


6.01
 0h00:05.176 2022/02/26T13:25:41z: DS3231
 0h00:05.191 2022/02/26T13:25:41z: BME280 (0x76)
 0h00:05.205 2022/02/26T13:25:41z: 84:f3:eb:7d:7:a8
 0h00:05.207 2022/02/26T13:25:41z: SSID: MU Open
 0h00:05.212 2022/02/26T13:25:41z: AP_STAR tmr
 ets Jan  8 2013,rst cause:4, boot mode:(3,7)

wdt reset
load 0x4010f000, len 1384, room 16 
tail 8
chksum 0x2d
csum 0x2d
v8b899c12
~ld


6.01
 0h00:05.144 2022/02/26T13:45:42z: DS3231
 0h00:05.159 2022/02/26T13:45:42z: BME280 (0x76)
 0h00:05.173 2022/02/26T13:45:42z: 84:f3:eb:7d:7:a8
 0h00:05.175 2022/02/26T13:45:42z: SSID: MU Open
 0h00:05.180 2022/02/26T13:45:42z: AP_STAR tmr
 ets Jan  8 2013,rst cause:4, boot mode:(3,7)

wdt reset
load 0x4010f000, len 1384, room 16 
tail 8
chksum 0x2d
csum 0x2d
v8b899c12
~ld


6.01
 0h00:05.257 2022/02/26T14:05:45z: DS3231
 0h00:05.272 2022/02/26T14:05:45z: BME280 (0x76)
 0h00:05.286 2022/02/26T14:05:45z: 84:f3:eb:7d:7:a8
 0h00:05.288 2022/02/26T14:05:45z: SSID: MU Open
 0h00:05.293 2022/02/26T14:05:45z: AP_STAR tmr
 ets Jan  8 2013,rst cause:4, boot mode:(3,7)

wdt reset
load 0x4010f000, len 1384, room 16 
tail 8
chksum 0x2d
csum 0x2d
v8b899c12
~ld


6.01
 0h00:05.109 2022/02/26T14:25:47z: DS3231
 0h00:05.124 2022/02/26T14:25:47z: BME280 (0x76)
 0h00:05.138 2022/02/26T14:25:47z: 84:f3:eb:7d:7:a8
 0h00:05.140 2022/02/26T14:25:47z: SSID: MU Open
 0h00:05.145 2022/02/26T14:25:47z: AP_STAR tmr
 ets Jan  8 2013,rst cause:4, boot mode:(3,7)

wdt reset
load 0x4010f000, len 1384, room 16 
tail 8
chksum 0x2d
csum 0x2d
v8b899c12
~ld


6.01
 0h00:05.011 2022/02/26T14:45:49z: DS3231
 0h00:05.026 2022/02/26T14:45:49z: BME280 (0x76)
 0h00:05.040 2022/02/26T14:45:49z: 84:f3:eb:7d:7:a8
 0h00:05.042 2022/02/26T14:45:49z: SSID: MU Open
 0h00:05.047 2022/02/26T14:45:49z: AP_STAR tmr
 ets Jan  8 2013,rst cause:4, boot mode:(3,7)

wdt reset
load 0x4010f000, len 1384, room 16 
tail 8
chksum 0x2d
csum 0x2d
v8b899c12
~ld


6.01
 0h00:05.102 2022/02/26T15:05:52z: DS3231
 0h00:05.117 2022/02/26T15:05:52z: BME280 (0x76)
 0h00:05.131 2022/02/26T15:05:52z: 84:f3:eb:7d:7:a8
 0h00:05.133 2022/02/26T15:05:52z: SSID: MU Open
 0h00:05.138 2022/02/26T15:05:52z: AP_STAR tmr
 ets Jan  8 2013,rst cause:4, boot mode:(3,7)

wdt reset
load 0x4010f000, len 1384, room 16 
tail 8
chksum 0x2d
csum 0x2d
v8b899c12
~ld


6.01
 0h00:05.114 2022/02/26T15:25:54z: DS3231
 0h00:05.130 2022/02/26T15:25:54z: BME280 (0x76)
 0h00:05.144 2022/02/26T15:25:54z: 84:f3:eb:7d:7:a8
 0h00:05.146 2022/02/26T15:25:54z: SSID: MU Open
 0h00:05.151 2022/02/26T15:25:54z: AP_STAR tmr
 ets Jan  8 2013,rst cause:4, boot mode:(3,7)

wdt reset
load 0x4010f000, len 1384, room 16 
tail 8
chksum 0x2d
csum 0x2d
v8b899c12
~ld


6.01
 0h00:05.049 2022/02/26T15:45:57z: DS3231
 0h00:05.064 2022/02/26T15:45:57z: BME280 (0x76)
 0h00:05.079 2022/02/26T15:45:57z: 84:f3:eb:7d:7:a8
 0h00:05.080 2022/02/26T15:45:57z: SSID: MU Open
 0h00:05.085 2022/02/26T15:45:57z: AP_STAR tmr
 ets Jan  8 2013,rst cause:4, boot mode:(3,7)

wdt reset
load 0x4010f000, len 1384, room 16 
tail 8
chksum 0x2d
csum 0x2d
v8b899c12
~ld


6.01
 0h00:04.909 2022/02/26T16:05:59z: DS3231
 0h00:04.925 2022/02/26T16:05:59z: BME280 (0x76)
 0h00:04.939 2022/02/26T16:05:59z: 84:f3:eb:7d:7:a8
 0h00:04.941 2022/02/26T16:05:59z: SSID: MU Open
 0h00:04.946 2022/02/26T16:05:59z: AP_STAR tmr
 ets Jan  8 2013,rst cause:4, boot mode:(3,7)

wdt reset
load 0x4010f000, len 1384, room 16 
tail 8
chksum 0x2d
csum 0x2d
v8b899c12
~ld


6.01
 0h00:04.838 2022/02/26T16:26:02z: DS3231
 0h00:04.854 2022/02/26T16:26:02z: BME280 (0x76)
 0h00:04.868 2022/02/26T16:26:02z: 84:f3:eb:7d:7:a8
 0h00:04.870 2022/02/26T16:26:02z: SSID: MU Open
 0h00:04.875 2022/02/26T16:26:02z: AP_STAR tmr
 ets Jan  8 2013,rst cause:4, boot mode:(3,7)

wdt reset
load 0x4010f000, len 1384, room 16 
tail 8
chksum 0x2d
csum 0x2d
v8b899c12
~ld


6.01
 0h00:05.074 2022/02/26T16:46:04z: DS3231
 0h00:05.089 2022/02/26T16:46:04z: BME280 (0x76)
 0h00:05.104 2022/02/26T16:46:04z: 84:f3:eb:7d:7:a8
 0h00:05.105 2022/02/26T16:46:04z: SSID: MU Open
 0h00:05.110 2022/02/26T16:46:04z: AP_STAR tmr
 ets Jan  8 2013,rst cause:4, boot mode:(3,7)

wdt reset
load 0x4010f000, len 1384, room 16 
tail 8
chksum 0x2d
csum 0x2d
v8b899c12
~ld


6.01
 0h00:04.991 2022/02/26T17:06:05z: DS3231
 0h00:05.006 2022/02/26T17:06:05z: BME280 (0x76)
 0h00:05.020 2022/02/26T17:06:05z: 84:f3:eb:7d:7:a8
 0h00:05.022 2022/02/26T17:06:05z: SSID: MU Open
 0h00:05.027 2022/02/26T17:06:05z: AP_STAR tmr
 ets Jan  8 2013,rst cause:4, boot mode:(3,7)

wdt reset
load 0x4010f000, len 1384, room 16 
tail 8
chksum 0x2d
csum 0x2d
v8b899c12
~ld


6.01
 0h00:04.742 2022/02/26T17:26:07z: DS3231
 0h00:04.758 2022/02/26T17:26:07z: BME280 (0x76)
 0h00:04.772 2022/02/26T17:26:07z: 84:f3:eb:7d:7:a8
 0h00:04.774 2022/02/26T17:26:07z: SSID: MU Open
 0h00:04.779 2022/02/26T17:26:07z: AP_STAR tmr
 ets Jan  8 2013,rst cause:4, boot mode:(3,7)

wdt reset
load 0x4010f000, len 1384, room 16 
tail 8
chksum 0x2d
csum 0x2d
v8b899c12
~ld


6.01
 0h00:04.692 2022/02/26T17:46:09z: DS3231
 0h00:04.707 2022/02/26T17:46:09z: BME280 (0x76)
 0h00:04.722 2022/02/26T17:46:09z: 84:f3:eb:7d:7:a8
 0h00:04.723 2022/02/26T17:46:09z: SSID: MU Open
 0h00:04.728 2022/02/26T17:46:09z: AP_STAR tmr
 ets Jan  8 2013,rst cause:4, boot mode:(3,7)

wdt reset
load 0x4010f000, len 1384, room 16 
tail 8
chksum 0x2d
csum 0x2d
v8b899c12
~ld


6.01
 0h00:04.886 2022/02/26T18:06:10z: DS3231
 0h00:04.901 2022/02/26T18:06:10z: BME280 (0x76)
 0h00:04.916 2022/02/26T18:06:10z: 84:f3:eb:7d:7:a8
 0h00:04.917 2022/02/26T18:06:10z: SSID: MU Open
 0h00:04.922 2022/02/26T18:06:10z: AP_STAR tmr
 ets Jan  8 2013,rst cause:4, boot mode:(3,7)

wdt reset
load 0x4010f000, len 1384, room 16 
tail 8
chksum 0x2d
csum 0x2d
v8b899c12
~ld


6.01
 0h00:04.730 2022/02/26T18:26:13z: DS3231
 0h00:04.746 2022/02/26T18:26:13z: BME280 (0x76)
 0h00:04.760 2022/02/26T18:26:13z: 84:f3:eb:7d:7:a8
 0h00:04.762 2022/02/26T18:26:13z: SSID: MU Open
 0h00:04.767 2022/02/26T18:26:13z: AP_STAR tmr
 ets Jan  8 2013,rst cause:4, boot mode:(3,7)

wdt reset
load 0x4010f000, len 1384, room 16 
tail 8
chksum 0x2d
csum 0x2d
v8b899c12
~ld


6.01
 0h00:04.830 2022/02/26T18:46:14z: DS3231
 0h00:04.845 2022/02/26T18:46:14z: BME280 (0x76)
 0h00:04.859 2022/02/26T18:46:14z: 84:f3:eb:7d:7:a8
 0h00:04.861 2022/02/26T18:46:14z: SSID: MU Open
 0h00:04.866 2022/02/26T18:46:14z: AP_STAR tmr
 ets Jan  8 2013,rst cause:4, boot mode:(3,7)

wdt reset
load 0x4010f000, len 1384, room 16 
tail 8
chksum 0x2d
csum 0x2d
v8b899c12
~ld


6.01
 0h00:04.613 2022/02/26T19:06:16z: DS3231
 0h00:04.628 2022/02/26T19:06:16z: BME280 (0x76)
 0h00:04.642 2022/02/26T19:06:16z: 84:f3:eb:7d:7:a8
 0h00:04.644 2022/02/26T19:06:16z: SSID: MU Open
 0h00:04.649 2022/02/26T19:06:16z: AP_STAR tmr
 ets Jan  8 2013,rst cause:4, boot mode:(3,7)

wdt reset
load 0x4010f000, len 1384, room 16 
tail 8
chksum 0x2d
csum 0x2d
v8b899c12
~ld


6.01
 0h00:04.869 2022/02/26T19:26:17z: DS3231
 0h00:04.884 2022/02/26T19:26:17z: BME280 (0x76)
 0h00:04.898 2022/02/26T19:26:17z: 84:f3:eb:7d:7:a8
 0h00:04.900 2022/02/26T19:26:17z: SSID: MU Open
 0h00:04.905 2022/02/26T19:26:17z: AP_STAR tmr
 ets Jan  8 2013,rst cause:4, boot mode:(3,7)

wdt reset
load 0x4010f000, len 1384, room 16 
tail 8
chksum 0x2d
csum 0x2d
v8b899c12
~ld


6.01
 0h00:04.661 2022/02/26T19:46:18z: DS3231
 0h00:04.676 2022/02/26T19:46:18z: BME280 (0x76)
 0h00:04.690 2022/02/26T19:46:18z: 84:f3:eb:7d:7:a8
 0h00:04.692 2022/02/26T19:46:18z: SSID: MU Open
 0h00:04.697 2022/02/26T19:46:18z: AP_STAR tmr
 ets Jan  8 2013,rst cause:4, boot mode:(3,7)

wdt reset
load 0x4010f000, len 1384, room 16 
tail 8
chksum 0x2d
csum 0x2d
v8b899c12
~ld


6.01
 0h00:04.834 2022/02/26T20:06:20z: DS3231
 0h00:04.849 2022/02/26T20:06:20z: BME280 (0x76)
 0h00:04.863 2022/02/26T20:06:20z: 84:f3:eb:7d:7:a8
 0h00:04.865 2022/02/26T20:06:20z: SSID: MU Open
 0h00:04.870 2022/02/26T20:06:20z: AP_STAR tmr
 ets Jan  8 2013,rst cause:4, boot mode:(3,7)

wdt reset
load 0x4010f000, len 1384, room 16 
tail 8
chksum 0x2d
csum 0x2d
v8b899c12
~ld


6.01
 0h00:04.710 2022/02/26T20:26:22z: DS3231
 0h00:04.726 2022/02/26T20:26:22z: BME280 (0x76)
 0h00:04.740 2022/02/26T20:26:22z: 84:f3:eb:7d:7:a8
 0h00:04.742 2022/02/26T20:26:22z: SSID: MU Open
 0h00:04.747 2022/02/26T20:26:22z: AP_STAR tmr
 ets Jan  8 2013,rst cause:4, boot mode:(3,7)

wdt reset
load 0x4010f000, len 1384, room 16 
tail 8
chksum 0x2d
csum 0x2d
v8b899c12
~ld


6.01
 0h00:04.638 2022/02/26T20:46:24z: DS3231
 0h00:04.653 2022/02/26T20:46:24z: BME280 (0x76)
 0h00:04.668 2022/02/26T20:46:24z: 84:f3:eb:7d:7:a8
 0h00:04.669 2022/02/26T20:46:24z: SSID: MU Open
 0h00:04.674 2022/02/26T20:46:24z: AP_STAR tmr
 ets Jan  8 2013,rst cause:4, boot mode:(3,7)

wdt reset
load 0x4010f000, len 1384, room 16 
tail 8
chksum 0x2d
csum 0x2d
v8b899c12
~ld


6.01
 0h00:05.017 2022/02/26T21:06:27z: DS3231
 0h00:05.033 2022/02/26T21:06:27z: BME280 (0x76)
 0h00:05.047 2022/02/26T21:06:27z: 84:f3:eb:7d:7:a8
 0h00:05.049 2022/02/26T21:06:27z: SSID: MU Open
 0h00:05.054 2022/02/26T21:06:27z: AP_STAR tmr
 ets Jan  8 2013,rst cause:4, boot mode:(3,7)

wdt reset
load 0x4010f000, len 1384, room 16 
tail 8
chksum 0x2d
csum 0x2d
v8b899c12
~ld


6.01
 0h00:04.843 2022/02/26T21:26:28z: DS3231
 0h00:04.858 2022/02/26T21:26:28z: BME280 (0x76)
 0h00:04.872 2022/02/26T21:26:28z: 84:f3:eb:7d:7:a8
 0h00:04.874 2022/02/26T21:26:28z: SSID: MU Open
 0h00:04.879 2022/02/26T21:26:28z: AP_STAR tmr
 ets Jan  8 2013,rst cause:4, boot mode:(3,7)

wdt reset
load 0x4010f000, len 1384, room 16 
tail 8
chksum 0x2d
csum 0x2d
v8b899c12
~ld


6.01
 0h00:04.838 2022/02/26T21:46:30z: DS3231
 0h00:04.853 2022/02/26T21:46:30z: BME280 (0x76)
 0h00:04.867 2022/02/26T21:46:30z: 84:f3:eb:7d:7:a8
 0h00:04.869 2022/02/26T21:46:30z: SSID: MU Open
 0h00:04.874 2022/02/26T21:46:30z: AP_STAR tmr
 ets Jan  8 2013,rst cause:4, boot mode:(3,7)

wdt reset
load 0x4010f000, len 1384, room 16 
tail 8
chksum 0x2d
csum 0x2d
v8b899c12
~ld


6.01
 0h00:04.579 2022/02/26T22:06:32z: DS3231
 0h00:04.594 2022/02/26T22:06:32z: BME280 (0x76)
 0h00:04.608 2022/02/26T22:06:32z: 84:f3:eb:7d:7:a8
 0h00:04.610 2022/02/26T22:06:32z: SSID: MU Open
 0h00:04.615 2022/02/26T22:06:32z: AP_STAR tmr
 ets Jan  8 2013,rst cause:4, boot mode:(3,7)

wdt reset
load 0x4010f000, len 1384, room 16 
tail 8
chksum 0x2d
csum 0x2d
v8b899c12
~ld


6.01
 0h00:04.874 2022/02/26T22:26:33z: DS3231
 0h00:04.889 2022/02/26T22:26:33z: BME280 (0x76)
 0h00:04.903 2022/02/26T22:26:33z: 84:f3:eb:7d:7:a8
 0h00:04.905 2022/02/26T22:26:33z: SSID: MU Open
 0h00:04.910 2022/02/26T22:26:33z: AP_STAR tmr
 ets Jan  8 2013,rst cause:4, boot mode:(3,7)

wdt reset
load 0x4010f000, len 1384, room 16 
tail 8
chksum 0x2d
csum 0x2d
v8b899c12
~ld


6.01
 0h00:04.785 2022/02/26T22:46:34z: DS3231
 0h00:04.800 2022/02/26T22:46:34z: BME280 (0x76)
 0h00:04.814 2022/02/26T22:46:34z: 84:f3:eb:7d:7:a8
 0h00:04.816 2022/02/26T22:46:34z: SSID: MU Open
 0h00:04.821 2022/02/26T22:46:34z: AP_STAR tmr
 ets Jan  8 2013,rst cause:4, boot mode:(3,7)

wdt reset
load 0x4010f000, len 1384, room 16 
tail 8
chksum 0x2d
csum 0x2d
v8b899c12
~ld


6.01
 0h00:04.459 2022/02/26T23:06:35z: DS3231
 0h00:04.474 2022/02/26T23:06:35z: BME280 (0x76)
 0h00:04.488 2022/02/26T23:06:35z: 84:f3:eb:7d:7:a8
 0h00:04.490 2022/02/26T23:06:35z: SSID: MU Open
 0h00:04.495 2022/02/26T23:06:35z: AP_STAR tmr
 ets Jan  8 2013,rst cause:4, boot mode:(3,7)

wdt reset
load 0x4010f000, len 1384, room 16 
tail 8
chksum 0x2d
csum 0x2d
v8b899c12
~ld


6.01
 0h00:04.541 2022/02/26T23:26:36z: DS3231
 0h00:04.557 2022/02/26T23:26:36z: BME280 (0x76)
 0h00:04.571 2022/02/26T23:26:36z: 84:f3:eb:7d:7:a8
 0h00:04.573 2022/02/26T23:26:36z: SSID: MU Open
 0h00:04.578 2022/02/26T23:26:37z: AP_STAR tmr
 ets Jan  8 2013,rst cause:4, boot mode:(3,7)

wdt reset
load 0x4010f000, len 1384, room 16 
tail 8
chksum 0x2d
csum 0x2d
v8b899c12
~ld


6.01
 0h00:04.639 2022/02/26T23:46:38z: DS3231
 0h00:04.654 2022/02/26T23:46:38z: BME280 (0x76)
 0h00:04.668 2022/02/26T23:46:38z: 84:f3:eb:7d:7:a8
 0h00:04.670 2022/02/26T23:46:38z: SSID: MU Open
 0h00:04.675 2022/02/26T23:46:38z: AP_STA