R tmr
 ets Jan  8 2013,rst cause:4, boot mode:(3,7)

wdt reset
load 0x4010f000, len 1384, room 16 
tail 8
chksum 0x2d
csum 0x2d
v8b899c12
~ld


6.01
 0h00:05.907 2022/11/26T00:02:50z: DS3231
 0h00:05.923 2022/11/26T00:02:50z: BME280 (0x76)
 0h00:05.937 2022/11/26T00:02:50z: 84:f3:eb:7d:7:a8
 0h00:05.939 2022/11/26T00:02:50z: SSID: MU Open
 0h00:05.944 2022/11/26T00:02:50z: AP_STAR tmr
 ets Jan  8 2013,rst cause:4, boot mode:(3,7)

wdt reset
load 0x4010f000, len 1384, room 16 
tail 8
chksum 0x2d
csum 0x2d
v8b899c12
~ld


6.01
 0h00:05.690 2022/11/26T00:22:57z: DS3231
 0h00:05.706 2022/11/26T00:22:57z: BME280 (0x76)
 0h00:05.720 2022/11/26T00:22:57z: 84:f3:eb:7d:7:a8
 0h00:05.721 2022/11/26T00:22:57z: SSID: MU Open
 0h00:05.727 2022/11/26T00:22:57z: AP_STAR tmr
 ets Jan  8 2013,rst cause:4, boot mode:(3,7)

wdt reset
load 0x4010f000, len 1384, room 16 
tail 8
chksum 0x2d
csum 0x2d
v8b899c12
~ld


6.01
 0h00:05.488 2022/11/26T00:43:04z: DS3231
 0h00:05.503 2022/11/26T00:43:04z: BME280 (0x76)
 0h00:05.518 2022/11/26T00:43:04z: 84:f3:eb:7d:7:a8
 0h00:05.519 2022/11/26T00:43:04z: SSID: MU Open
 0h00:05.524 2022/11/26T00:43:04z: AP_STAR tmr
 ets Jan  8 2013,rst cause:4, boot mode:(3,7)

wdt reset
load 0x4010f000, len 1384, room 16 
tail 8
chksum 0x2d
csum 0x2d
v8b899c12
~ld


6.01
 0h00:05.718 2022/11/26T01:03:10z: DS3231
 0h00:05.734 2022/11/26T01:03:10z: BME280 (0x76)
 0h00:05.748 2022/11/26T01:03:10z: 84:f3:eb:7d:7:a8
 0h00:05.750 2022/11/26T01:03:10z: SSID: MU Open
 0h00:05.755 2022/11/26T01:03:10z: AP_STAR tmr
 ets Jan  8 2013,rst cause:4, boot mode:(3,7)

wdt reset
load 0x4010f000, len 1384, room 16 
tail 8
chksum 0x2d
csum 0x2d
v8b899c12
~ld


6.01
 0h00:05.824 2022/11/26T01:23:17z: DS3231
 0h00:05.840 2022/11/26T01:23:17z: BME280 (0x76)
 0h00:05.854 2022/11/26T01:23:17z: 84:f3:eb:7d:7:a8
 0h00:05.856 2022/11/26T01:23:17z: SSID: MU Open
 0h00:05.861 2022/11/26T01:23:17z: AP_STAR tmr
 ets Jan  8 2013,rst cause:4, boot mode:(3,7)

wdt reset
load 0x4010f000, len 1384, room 16 
tail 8
chksum 0x2d
csum 0x2d
v8b899c12
~ld


6.01
 0h00:05.985 2022/11/26T01:43:24z: DS3231
 0h00:06.001 2022/11/26T01:43:24z: BME280 (0x76)
 0h00:06.015 2022/11/26T01:43:24z: 84:f3:eb:7d:7:a8
 0h00:06.017 2022/11/26T01:43:24z: SSID: MU Open
 0h00:06.022 2022/11/26T01:43:24z: AP_STAR tmr
 ets Jan  8 2013,rst cause:4, boot mode:(3,7)

wdt reset
load 0x4010f000, len 1384, room 16 
tail 8
chksum 0x2d
csum 0x2d
v8b899c12
~ld


6.01
 0h00:06.037 2022/11/26T02:03:31z: DS3231
 0h00:06.052 2022/11/26T02:03:31z: BME280 (0x76)
 0h00:06.067 2022/11/26T02:03:31z: 84:f3:eb:7d:7:a8
 0h00:06.068 2022/11/26T02:03:31z: SSID: MU Open
 0h00:06.073 2022/11/26T02:03:31z: AP_STAR tmr
 ets Jan  8 2013,rst cause:4, boot mode:(3,7)

wdt reset
load 0x4010f000, len 1384, room 16 
tail 8
chksum 0x2d
csum 0x2d
v8b899c12
~ld


6.01
 0h00:06.121 2022/11/26T02:23:39z: DS3231
 0h00:06.136 2022/11/26T02:23:39z: BME280 (0x76)
 0h00:06.150 2022/11/26T02:23:39z: 84:f3:eb:7d:7:a8
 0h00:06.152 2022/11/26T02:23:39z: SSID: MU Open
 0h00:06.157 2022/11/26T02:23:39z: AP_STAR tmr
 ets Jan  8 2013,rst cause:4, boot mode:(3,7)

wdt reset
load 0x4010f000, len 1384, room 16 
tail 8
chksum 0x2d
csum 0x2d
v8b899c12
~ld


6.01
 0h00:06.046 2022/11/26T02:43:46z: DS3231
 0h00:06.061 2022/11/26T02:43:46z: BME280 (0x76)
 0h00:06.075 2022/11/26T02:43:46z: 84:f3:eb:7d:7:a8
 0h00:06.077 2022/11/26T02:43:46z: SSID: MU Open
 0h00:06.082 2022/11/26T02:43:46z: AP_STAR tmr
 ets Jan  8 2013,rst cause:4, boot mode:(3,7)

wdt reset
load 0x4010f000, len 1384, room 16 
tail 8
chksum 0x2d
csum 0x2d
v8b899c12
~ld


6.01
 0h00:06.098 2022/11/26T03:03:53z: DS3231
 0h00:06.114 2022/11/26T03:03:53z: BME280 (0x76)
 0h00:06.128 2022/11/26T03:03:53z: 84:f3:eb:7d:7:a8
 0h00:06.130 2022/11/26T03:03:53z: SSID: MU Open
 0h00:06.135 2022/11/26T03:03:53z: AP_STAR tmr
 ets Jan  8 2013,rst cause:4, boot mode:(3,7)

wdt reset
load 0x4010f000, len 1384, room 16 
tail 8
chksum 0x2d
csum 0x2d
v8b899c12
~ld


6.01
 0h00:06.127 2022/11/26T03:24:00z: DS3231
 0h00:06.142 2022/11/26T03:24:00z: BME280 (0x76)
 0h00:06.157 2022/11/26T03:24:00z: 84:f3:eb:7d:7:a8
 0h00:06.158 2022/11/26T03:24:00z: SSID: MU Open
 0h00:06.164 2022/11/26T03:24:00z: AP_STAR tmr
 ets Jan  8 2013,rst cause:4, boot mode:(3,7)

wdt reset
load 0x4010f000, len 1384, room 16 
tail 8
chksum 0x2d
csum 0x2d
v8b899c12
~ld


6.01
 0h00:06.161 2022/11/26T03:44:08z: DS3231
 0h00:06.177 2022/11/26T03:44:08z: BME280 (0x76)
 0h00:06.191 2022/11/26T03:44:08z: 84:f3:eb:7d:7:a8
 0h00:06.193 2022/11/26T03:44:08z: SSID: MU Open
 0h00:06.198 2022/11/26T03:44:08z: AP_STAR tmr
 ets Jan  8 2013,rst cause:4, boot mode:(3,7)

wdt reset
load 0x4010f000, len 1384, room 16 
tail 8
chksum 0x2d
csum 0x2d
v8b899c12
~ld


6.01
 0h00:06.259 2022/11/26T04:04:15z: DS3231
 0h00:06.275 2022/11/26T04:04:15z: BME280 (0x76)
 0h00:06.289 2022/11/26T04:04:15z: 84:f3:eb:7d:7:a8
 0h00:06.291 2022/11/26T04:04:15z: SSID: MU Open
 0h00:06.296 2022/11/26T04:04:15z: AP_STAR tmr
 ets Jan  8 2013,rst cause:4, boot mode:(3,7)

wdt reset
load 0x4010f000, len 1384, room 16 
tail 8
chksum 0x2d
csum 0x2d
v8b899c12
~ld


6.01
 0h00:06.118 2022/11/26T04:24:22z: DS3231
 0h00:06.133 2022/11/26T04:24:22z: BME280 (0x76)
 0h00:06.147 2022/11/26T04:24:22z: 84:f3:eb:7d:7:a8
 0h00:06.149 2022/11/26T04:24:22z: SSID: MU Open
 0h00:06.154 2022/11/26T04:24:22z: AP_STAR tmr
 ets Jan  8 2013,rst cause:4, boot mode:(3,7)

wdt reset
load 0x4010f000, len 1384, room 16 
tail 8
chksum 0x2d
csum 0x2d
v8b899c12
~ld


6.01
 0h00:06.163 2022/11/26T04:44:30z: DS3231
 0h00:06.179 2022/11/26T04:44:30z: BME280 (0x76)
 0h00:06.193 2022/11/26T04:44:30z: 84:f3:eb:7d:7:a8
 0h00:06.195 2022/11/26T04:44:30z: SSID: MU Open
 0h00:06.200 2022/11/26T04:44:30z: AP_STAR tmr
 ets Jan  8 2013,rst cause:4, boot mode:(3,7)

wdt reset
load 0x4010f000, len 1384, room 16 
tail 8
chksum 0x2d
csum 0x2d
v8b899c12
~ld


6.01
 0h00:06.238 2022/11/26T05:04:37z: DS3231
 0h00:06.253 2022/11/26T05:04:37z: BME280 (0x76)
 0h00:06.268 2022/11/26T05:04:37z: 84:f3:eb:7d:7:a8
 0h00:06.269 2022/11/26T05:04:37z: SSID: MU Open
 0h00:06.274 2022/11/26T05:04:37z: AP_STAR tmr
 ets Jan  8 2013,rst cause:4, boot mode:(3,7)

wdt reset
load 0x4010f000, len 1384, room 16 
tail 8
chksum 0x2d
csum 0x2d
v8b899c12
~ld


6.01
 0h00:06.215 2022/11/26T05:24:44z: DS3231
 0h00:06.230 2022/11/26T05:24:44z: BME280 (0x76)
 0h00:06.245 2022/11/26T05:24:44z: 84:f3:eb:7d:7:a8
 0h00:06.246 2022/11/26T05:24:44z: SSID: MU Open
 0h00:06.251 2022/11/26T05:24:44z: AP_STAR tmr
 ets Jan  8 2013,rst cause:4, boot mode:(3,7)

wdt reset
load 0x4010f000, len 1384, room 16 
tail 8
chksum 0x2d
csum 0x2d
v8b899c12
~ld


6.01
 0h00:05.958 2022/11/26T05:44:52z: DS3231
 0h00:05.974 2022/11/26T05:44:52z: BME280 (0x76)
 0h00:05.988 2022/11/26T05:44:52z: 84:f3:eb:7d:7:a8
 0h00:05.990 2022/11/26T05:44:52z: SSID: MU Open
 0h00:05.995 2022/11/26T05:44:52z: AP_STAR tmr
 ets Jan  8 2013,rst cause:4, boot mode:(3,7)

wdt reset
load 0x4010f000, len 1384, room 16 
tail 8
chksum 0x2d
csum 0x2d
v8b899c12
~ld


6.01
 0h00:06.018 2022/11/26T06:04:59z: DS3231
 0h00:06.033 2022/11/26T06:04:59z: BME280 (0x76)
 0h00:06.047 2022/11/26T06:04:59z: 84:f3:eb:7d:7:a8
 0h00:06.049 2022/11/26T06:04:59z: SSID: MU Open
 0h00:06.054 2022/11/26T06:04:59z: AP_STAR tmr
 ets Jan  8 2013,rst cause:4, boot mode:(3,7)

wdt reset
load 0x4010f000, len 1384, room 16 
tail 8
chksum 0x2d
csum 0x2d
v8b899c12
~ld


6.01
 0h00:05.975 2022/11/26T06:25:06z: DS3231
 0h00:05.990 2022/11/26T06:25:06z: BME280 (0x76)
 0h00:06.004 2022/11/26T06:25:06z: 84:f3:eb:7d:7:a8
 0h00:06.006 2022/11/26T06:25:06z: SSID: MU Open
 0h00:06.011 2022/11/26T06:25:06z: AP_STAR tmr
 ets Jan  8 2013,rst cause:4, boot mode:(3,7)

wdt reset
load 0x4010f000, len 1384, room 16 
tail 8
chksum 0x2d
csum 0x2d
v8b899c12
~ld


6.01
 0h00:05.914 2022/11/26T06:45:12z: DS3231
 0h00:05.929 2022/11/26T06:45:12z: BME280 (0x76)
 0h00:05.944 2022/11/26T06:45:12z: 84:f3:eb:7d:7:a8
 0h00:05.945 2022/11/26T06:45:12z: SSID: MU Open
 0h00:05.951 2022/11/26T06:45:12z: AP_STAR tmr
 ets Jan  8 2013,rst cause:4, boot mode:(3,7)

wdt reset
load 0x4010f000, len 1384, room 16 
tail 8
chksum 0x2d
csum 0x2d
v8b899c12
~ld


6.01
 0h00:05.773 2022/11/26T07:05:19z: DS3231
 0h00:05.788 2022/11/26T07:05:19z: BME280 (0x76)
 0h00:05.803 2022/11/26T07:05:19z: 84:f3:eb:7d:7:a8
 0h00:05.804 2022/11/26T07:05:19z: SSID: MU Open
 0h00:05.809 2022/11/26T07:05:19z: AP_STAR tmr
 ets Jan  8 2013,rst cause:4, boot mode:(3,7)

wdt reset
load 0x4010f000, len 1384, room 16 
tail 8
chksum 0x2d
csum 0x2d
v8b899c12
~ld


6.01
 0h00:05.698 2022/11/26T07:25:25z: DS3231
 0h00:05.713 2022/11/26T07:25:25z: BME280 (0x76)
 0h00:05.727 2022/11/26T07:25:25z: 84:f3:eb:7d:7:a8
 0h00:05.729 2022/11/26T07:25:25z: SSID: MU Open
 0h00:05.734 2022/11/26T07:25:26z: AP_STAR tmr
 ets Jan  8 2013,rst cause:4, boot mode:(3,7)

wdt reset
load 0x4010f000, len 1384, room 16 
tail 8
chksum 0x2d
csum 0x2d
v8b899c12
~ld


6.01
 0h00:05.300 2022/11/26T07:45:31z: DS3231
 0h00:05.315 2022/11/26T07:45:31z: BME280 (0x76)
 0h00:05.329 2022/11/26T07:45:31z: 84:f3:eb:7d:7:a8
 0h00:05.331 2022/11/26T07:45:31z: SSID: MU Open
 0h00:05.336 2022/11/26T07:45:31z: AP_STAR tmr
 ets Jan  8 2013,rst cause:4, boot mode:(3,7)

wdt reset
load 0x4010f000, len 1384, room 16 
tail 8
chksum 0x2d
csum 0x2d
v8b899c12
~ld


6.01
 0h00:05.903 2022/11/26T08:05:38z: DS3231
 0h00:05.918 2022/11/26T08:05:38z: BME280 (0x76)
 0h00:05.932 2022/11/26T08:05:38z: 84:f3:eb:7d:7:a8
 0h00:05.934 2022/11/26T08:05:38z: SSID: MU Open
 0h00:05.939 2022/11/26T08:05:38z: AP_STAR tmr
 ets Jan  8 2013,rst cause:4, boot mode:(3,7)

wdt reset
load 0x4010f000, len 1384, room 16 
tail 8
chksum 0x2d
csum 0x2d
v8b899c12
~ld


6.01
 0h00:06.037 2022/11/26T08:25:45z: DS3231
 0h00:06.052 2022/11/26T08:25:45z: BME280 (0x76)
 0h00:06.066 2022/11/26T08:25:45z: 84:f3:eb:7d:7:a8
 0h00:06.068 2022/11/26T08:25:45z: SSID: MU Open
 0h00:06.073 2022/11/26T08:25:45z: AP_STAR tmr
 ets Jan  8 2013,rst cause:4, boot mode:(3,7)

wdt reset
load 0x4010f000, len 1384, room 16 
tail 8
chksum 0x2d
csum 0x2d
v8b899c12
~ld


6.01
 0h00:05.763 2022/11/26T08:45:52z: DS3231
 0h00:05.779 2022/11/26T08:45:52z: BME280 (0x76)
 0h00:05.793 2022/11/26T08:45:52z: 84:f3:eb:7d:7:a8
 0h00:05.795 2022/11/26T08:45:52z: SSID: MU Open
 0h00:05.800 2022/11/26T08:45:52z: AP_STAR tmr
 ets Jan  8 2013,rst cause:4, boot mode:(3,7)

wdt reset
load 0x4010f000, len 1384, room 16 
tail 8
chksum 0x2d
csum 0x2d
v8b899c12
~ld


6.01
 0h00:06.149 2022/11/26T09:05:59z: DS3231
 0h00:06.165 2022/11/26T09:05:59z: BME280 (0x76)
 0h00:06.179 2022/11/26T09:05:59z: 84:f3:eb:7d:7:a8
 0h00:06.180 2022/11/26T09:05:59z: SSID: MU Open
 0h00:06.186 2022/11/26T09:05:59z: AP_STAR tmr
 ets Jan  8 2013,rst cause:4, boot mode:(3,7)

wdt reset
load 0x4010f000, len 1384, room 16 
tail 8
chksum 0x2d
csum 0x2d
v8b899c12
~ld


6.01
 0h00:06.094 2022/11/26T09:26:07z: DS3231
 0h00:06.110 2022/11/26T09:26:07z: BME280 (0x76)
 0h00:06.124 2022/11/26T09:26:07z: 84:f3:eb:7d:7:a8
 0h00:06.126 2022/11/26T09:26:07z: SSID: MU Open
 0h00:06.131 2022/11/26T09:26:07z: AP_STAR tmr
 ets Jan  8 2013,rst cause:4, boot mode:(3,7)

wdt reset
load 0x4010f000, len 1384, room 16 
tail 8
chksum 0x2d
csum 0x2d
v8b899c12
~ld


6.01
 0h00:06.023 2022/11/26T09:46:14z: DS3231
 0h00:06.038 2022/11/26T09:46:14z: BME280 (0x76)
 0h00:06.052 2022/11/26T09:46:14z: 84:f3:eb:7d:7:a8
 0h00:06.054 2022/11/26T09:46:14z: SSID: MU Open
 0h00:06.059 2022/11/26T09:46:14z: AP_STAR tmr
 ets Jan  8 2013,rst cause:4, boot mode:(3,7)

wdt reset
load 0x4010f000, len 1384, room 16 
tail 8
chksum 0x2d
csum 0x2d
v8b899c12
~ld


6.01
 0h00:06.048 2022/11/26T10:06:21z: DS3231
 0h00:06.063 2022/11/26T10:06:21z: BME280 (0x76)
 0h00:06.077 2022/11/26T10:06:21z: 84:f3:eb:7d:7:a8
 0h00:06.079 2022/11/26T10:06:21z: SSID: MU Open
 0h00:06.084 2022/11/26T10:06:21z: AP_STAR tmr
 ets Jan  8 2013,rst cause:4, boot mode:(3,7)

wdt reset
load 0x4010f000, len 1384, room 16 
tail 8
chksum 0x2d
csum 0x2d
v8b899c12
~ld


6.01
 0h00:05.719 2022/11/26T10:26:28z: DS3231
 0h00:05.734 2022/11/26T10:26:28z: BME280 (0x76)
 0h00:05.748 2022/11/26T10:26:28z: 84:f3:eb:7d:7:a8
 0h00:05.750 2022/11/26T10:26:28z: SSID: MU Open
 0h00:05.755 2022/11/26T10:26:28z: AP_STAR tmr
 ets Jan  8 2013,rst cause:4, boot mode:(3,7)

wdt reset
load 0x4010f000, len 1384, room 16 
tail 8
chksum 0x2d
csum 0x2d
v8b899c12
~ld


6.01
 0h00:05.963 2022/11/26T10:46:35z: DS3231
 0h00:05.978 2022/11/26T10:46:35z: BME280 (0x76)
 0h00:05.993 2022/11/26T10:46:35z: 84:f3:eb:7d:7:a8
 0h00:05.994 2022/11/26T10:46:35z: SSID: MU Open
 0h00:05.999 2022/11/26T10:46:35z: AP_STAR tmr
 ets Jan  8 2013,rst cause:4, boot mode:(3,7)

wdt reset
load 0x4010f000, len 1384, room 16 
tail 8
chksum 0x2d
csum 0x2d
v8b899c12
~ld


6.01
 0h00:06.120 2022/11/26T11:06:43z: DS3231
 0h00:06.135 2022/11/26T11:06:43z: BME280 (0x76)
 0h00:06.149 2022/11/26T11:06:43z: 84:f3:eb:7d:7:a8
 0h00:06.151 2022/11/26T11:06:43z: SSID: MU Open
 0h00:06.156 2022/11/26T11:06:43z: AP_STAR tmr
 ets Jan  8 2013,rst cause:4, boot mode:(3,7)

wdt reset
load 0x4010f000, len 1384, room 16 
tail 8
chksum 0x2d
csum 0x2d
v8b899c12
~ld


6.01
 0h00:06.085 2022/11/26T11:26:50z: DS3231
 0h00:06.100 2022/11/26T11:26:50z: BME280 (0x76)
 0h00:06.115 2022/11/26T11:26:50z: 84:f3:eb:7d:7:a8
 0h00:06.116 2022/11/26T11:26:50z: SSID: MU Open
 0h00:06.121 2022/11/26T11:26:50z: AP_STAR tmr
 ets Jan  8 2013,rst cause:4, boot mode:(3,7)

wdt reset
load 0x4010f000, len 1384, room 16 
tail 8
chksum 0x2d
csum 0x2d
v8b899c12
~ld


6.01
 0h00:05.830 2022/11/26T11:46:58z: DS3231
 0h00:05.845 2022/11/26T11:46:58z: BME280 (0x76)
 0h00:05.859 2022/11/26T11:46:58z: 84:f3:eb:7d:7:a8
 0h00:05.861 2022/11/26T11:46:58z: SSID: MU Open
 0h00:05.866 2022/11/26T11:46:58z: AP_STAR tmr
 ets Jan  8 2013,rst cause:4, boot mode:(3,7)

wdt reset
load 0x4010f000, len 1384, room 16 
tail 8
chksum 0x2d
csum 0x2d
v8b899c12
~ld


6.01
 0h00:05.821 2022/11/26T12:07:05z: DS3231
 0h00:05.836 2022/11/26T12:07:05z: BME280 (0x76)
 0h00:05.850 2022/11/26T12:07:05z: 84:f3:eb:7d:7:a8
 0h00:05.852 2022/11/26T12:07:05z: SSID: MU Open
 0h00:05.857 2022/11/26T12:07:05z: AP_STAR tmr
 ets Jan  8 2013,rst cause:4, boot mode:(3,7)

wdt reset
load 0x4010f000, len 1384, room 16 
tail 8
chksum 0x2d
csum 0x2d
v8b899c12
~ld


6.01
 0h00:05.467 2022/11/26T12:27:10z: DS3231
 0h00:05.482 2022/11/26T12:27:10z: BME280 (0x76)
 0h00:05.497 2022/11/26T12:27:10z: 84:f3:eb:7d:7:a8
 0h00:05.498 2022/11/26T12:27:10z: SSID: MU Open
 0h00:05.503 2022/11/26T12:27:10z: AP_STAR tmr
 ets Jan  8 2013,rst cause:4, boot mode:(3,7)

wdt reset
load 0x4010f000, len 1384, room 16 
tail 8
chksum 0x2d
csum 0x2d
v8b899c12
~ld


6.01
 0h00:05.738 2022/11/26T12:47:16z: DS3231
 0h00:05.753 2022/11/26T12:47:16z: BME280 (0x76)
 0h00:05.768 2022/11/26T12:47:16z: 84:f3:eb:7d:7:a8
 0h00:05.769 2022/11/26T12:47:16z: SSID: MU Open
 0h00:05.774 2022/11/26T12:47:16z: AP_STAR tmr
 ets Jan  8 2013,rst cause:4, boot mode:(3,7)

wdt reset
load 0x4010f000, len 1384, room 16 
tail 8
chksum 0x2d
csum 0x2d
v8b899c12
~ld


6.01
 0h00:05.539 2022/11/26T13:07:23z: DS3231
 0h00:05.555 2022/11/26T13:07:23z: BME280 (0x76)
 0h00:05.569 2022/11/26T13:07:23z: 84:f3:eb:7d:7:a8
 0h00:05.571 2022/11/26T13:07:23z: SSID: MU Open
 0h00:05.576 2022/11/26T13:07:23z: AP_STAR tmr
 ets Jan  8 2013,rst cause:4, boot mode:(3,7)

wdt reset
load 0x4010f000, len 1384, room 16 
tail 8
chksum 0x2d
csum 0x2d
v8b899c12
~ld


6.01
 0h00:05.812 2022/11/26T13:27:30z: DS3231
 0h00:05.827 2022/11/26T13:27:30z: BME280 (0x76)
 0h00:05.841 2022/11/26T13:27:30z: 84:f3:eb:7d:7:a8
 0h00:05.843 2022/11/26T13:27:30z: SSID: MU Open
 0h00:05.848 2022/11/26T13:27:30z: AP_STAR tmr
 ets Jan  8 2013,rst cause:4, boot mode:(3,7)

wdt reset
load 0x4010f000, len 1384, room 16 
tail 8
chksum 0x2d
csum 0x2d
v8b899c12
~ld


6.01
 0h00:05.597 2022/11/26T13:47:38z: DS3231
 0h00:05.613 2022/11/26T13:47:38z: BME280 (0x76)
 0h00:05.627 2022/11/26T13:47:38z: 84:f3:eb:7d:7:a8
 0h00:05.628 2022/11/26T13:47:38z: SSID: MU Open
 0h00:05.634 2022/11/26T13:47:38z: AP_STAR tmr
 ets Jan  8 2013,rst cause:4, boot mode:(3,7)

wdt reset
load 0x4010f000, len 1384, room 16 
tail 8
chksum 0x2d
csum 0x2d
v8b899c12
~ld


6.01
 0h00:05.684 2022/11/26T14:07:45z: DS3231
 0h00:05.699 2022/11/26T14:07:45z: BME280 (0x76)
 0h00:05.713 2022/11/26T14:07:45z: 84:f3:eb:7d:7:a8
 0h00:05.715 2022/11/26T14:07:45z: SSID: MU Open
 0h00:05.720 2022/11/26T14:07:45z: AP_STAR tmr
 ets Jan  8 2013,rst cause:4, boot mode:(3,7)

wdt reset
load 0x4010f000, len 1384, room 16 
tail 8
chksum 0x2d
csum 0x2d
v8b899c12
~ld


6.01
 0h00:05.392 2022/11/26T14:27:51z: DS3231
 0h00:05.407 2022/11/26T14:27:51z: BME280 (0x76)
 0h00:05.421 2022/11/26T14:27:51z: 84:f3:eb:7d:7:a8
 0h00:05.423 2022/11/26T14:27:51z: SSID: MU Open
 0h00:05.428 2022/11/26T14:27:51z: AP_STAR tmr
 ets Jan  8 2013,rst cause:4, boot mode:(3,7)

wdt reset
load 0x4010f000, len 1384, room 16 
tail 8
chksum 0x2d
csum 0x2d
v8b899c12
~ld


6.01
 0h00:05.955 2022/11/26T14:47:58z: DS3231
 0h00:05.970 2022/11/26T14:47:58z: BME280 (0x76)
 0h00:05.984 2022/11/26T14:47:58z: 84:f3:eb:7d:7:a8
 0h00:05.986 2022/11/26T14:47:58z: SSID: MU Open
 0h00:05.991 2022/11/26T14:47:58z: AP_STAR tmr
 ets Jan  8 2013,rst cause:4, boot mode:(3,7)

wdt reset
load 0x4010f000, len 1384, room 16 
tail 8
chksum 0x2d
csum 0x2d
v8b899c12
~ld


6.01
 0h00:05.913 2022/11/26T15:08:05z: DS3231
 0h00:05.928 2022/11/26T15:08:05z: BME280 (0x76)
 0h00:05.942 2022/11/26T15:08:05z: 84:f3:eb:7d:7:a8
 0h00:05.944 2022/11/26T15:08:05z: SSID: MU Open
 0h00:05.949 2022/11/26T15:08:05z: AP_STAR tmr
 ets Jan  8 2013,rst cause:4, boot mode:(3,7)

wdt reset
load 0x4010f000, len 1384, room 16 
tail 8
chksum 0x2d
csum 0x2d
v8b899c12
~ld


6.01
 0h00:06.196 2022/11/26T15:28:12z: DS3231
 0h00:06.211 2022/11/26T15:28:12z: BME280 (0x76)
 0h00:06.225 2022/11/26T15:28:12z: 84:f3:eb:7d:7:a8
 0h00:06.227 2022/11/26T15:28:12z: SSID: MU Open
 0h00:06.232 2022/11/26T15:28:12z: AP_STAR tmr
 ets Jan  8 2013,rst cause:4, boot mode:(3,7)

wdt reset
load 0x4010f000, len 1384, room 16 
tail 8
chksum 0x2d
csum 0x2d
v8b899c12
~ld


6.01
 0h00:06.091 2022/11/26T15:48:20z: DS3231
 0h00:06.106 2022/11/26T15:48:20z: BME280 (0x76)
 0h00:06.120 2022/11/26T15:48:20z: 84:f3:eb:7d:7:a8
 0h00:06.122 2022/11/26T15:48:20z: SSID: MU Open
 0h00:06.127 2022/11/26T15:48:20z: AP_STAR tmr
 ets Jan  8 2013,rst cause:4, boot mode:(3,7)

wdt reset
load 0x4010f000, len 1384, room 16 
tail 8
chksum 0x2d
csum 0x2d
v8b899c12
~ld


6.01
 0h00:06.192 2022/11/26T16:08:27z: DS3231
 0h00:06.208 2022/11/26T16:08:27z: BME280 (0x76)
 0h00:06.222 2022/11/26T16:08:27z: 84:f3:eb:7d:7:a8
 0h00:06.224 2022/11/26T16:08:27z: SSID: MU Open
 0h00:06.229 2022/11/26T16:08:27z: AP_STAR tmr
 ets Jan  8 2013,rst cause:4, boot mode:(3,7)

wdt reset
load 0x4010f000, len 1384, room 16 
tail 8
chksum 0x2d
csum 0x2d
v8b899c12
~ld


6.01
 0h00:06.059 2022/11/26T16:28:35z: DS3231
 0h00:06.074 2022/11/26T16:28:35z: BME280 (0x76)
 0h00:06.088 2022/11/26T16:28:35z: 84:f3:eb:7d:7:a8
 0h00:06.090 2022/11/26T16:28:35z: SSID: MU Open
 0h00:06.095 2022/11/26T16:28:35z: AP_STAR tmr
 ets Jan  8 2013,rst cause:4, boot mode:(3,7)

wdt reset
load 0x4010f000, len 1384, room 16 
tail 8
chksum 0x2d
csum 0x2d
v8b899c12
~ld


6.01
 0h00:05.726 2022/11/26T16:48:42z: DS3231
 0h00:05.741 2022/11/26T16:48:42z: BME280 (0x76)
 0h00:05.755 2022/11/26T16:48:42z: 84:f3:eb:7d:7:a8
 0h00:05.757 2022/11/26T16:48:42z: SSID: MU Open
 0h00:05.762 2022/11/26T16:48:42z: AP_STAR tmr
 ets Jan  8 2013,rst cause:4, boot mode:(3,7)

wdt reset
load 0x4010f000, len 1384, room 16 
tail 8
chksum 0x2d
csum 0x2d
v8b899c12
~ld


6.01
 0h00:05.676 2022/11/26T17:08:48z: DS3231
 0h00:05.691 2022/11/26T17:08:48z: BME280 (0x76)
 0h00:05.705 2022/11/26T17:08:48z: 84:f3:eb:7d:7:a8
 0h00:05.707 2022/11/26T17:08:48z: SSID: MU Open
 0h00:05.712 2022/11/26T17:08:48z: AP_STAR tmr
 ets Jan  8 2013,rst cause:4, boot mode:(3,7)

wdt reset
load 0x4010f000, len 1384, room 16 
tail 8
chksum 0x2d
csum 0x2d
v8b899c12
~ld


6.01
 0h00:05.846 2022/11/26T17:28:55z: DS3231
 0h00:05.861 2022/11/26T17:28:55z: BME280 (0x76)
 0h00:05.875 2022/11/26T17:28:55z: 84:f3:eb:7d:7:a8
 0h00:05.877 2022/11/26T17:28:55z: SSID: MU Open
 0h00:05.882 2022/11/26T17:28:55z: AP_STAR tmr
 ets Jan  8 2013,rst cause:4, boot mode:(3,7)

wdt reset
load 0x4010f000, len 1384, room 16 
tail 8
chksum 0x2d
csum 0x2d
v8b899c12
~ld


6.01
 0h00:05.324 2022/11/26T17:49:01z: DS3231
 0h00:05.339 2022/11/26T17:49:01z: BME280 (0x76)
 0h00:05.353 2022/11/26T17:49:01z: 84:f3:eb:7d:7:a8
 0h00:05.355 2022/11/26T17:49:01z: SSID: MU Open
 0h00:05.360 2022/11/26T17:49:01z: AP_STAR tmr
 ets Jan  8 2013,rst cause:4, boot mode:(3,7)

wdt reset
load 0x4010f000, len 1384, room 16 
tail 8
chksum 0x2d
csum 0x2d
v8b899c12
~ld


6.01
 0h00:05.824 2022/11/26T18:09:08z: DS3231
 0h00:05.839 2022/11/26T18:09:08z: BME280 (0x76)
 0h00:05.853 2022/11/26T18:09:08z: 84:f3:eb:7d:7:a8
 0h00:05.855 2022/11/26T18:09:08z: SSID: MU Open
 0h00:05.860 2022/11/26T18:09:08z: AP_STAR tmr
 ets Jan  8 2013,rst cause:4, boot mode:(3,7)

wdt reset
load 0x4010f000, len 1384, room 16 
tail 8
chksum 0x2d
csum 0x2d
v8b899c12
~ld


6.01
 0h00:06.070 2022/11/26T18:29:15z: DS3231
 0h00:06.085 2022/11/26T18:29:15z: BME280 (0x76)
 0h00:06.099 2022/11/26T18:29:15z: 84:f3:eb:7d:7:a8
 0h00:06.101 2022/11/26T18:29:15z: SSID: MU Open
 0h00:06.106 2022/11/26T18:29:15z: AP_STAR tmr
 ets Jan  8 2013,rst cause:4, boot mode:(3,7)

wdt reset
load 0x4010f000, len 1384, room 16 
tail 8
chksum 0x2d
csum 0x2d
v8b899c12
~ld


6.01
 0h00:05.798 2022/11/26T18:49:21z: DS3231
 0h00:05.813 2022/11/26T18:49:21z: BME280 (0x76)
 0h00:05.828 2022/11/26T18:49:21z: 84:f3:eb:7d:7:a8
 0h00:05.829 2022/11/26T18:49:21z: SSID: MU Open
 0h00:05.834 2022/11/26T18:49:21z: AP_STAR tmr
 ets Jan  8 2013,rst cause:4, boot mode:(3,7)

wdt reset
load 0x4010f000, len 1384, room 16 
tail 8
chksum 0x2d
csum 0x2d
v8b899c12
~ld


6.01
 0h00:05.552 2022/11/26T19:09:27z: DS3231
 0h00:05.567 2022/11/26T19:09:27z: BME280 (0x76)
 0h00:05.581 2022/11/26T19:09:27z: 84:f3:eb:7d:7:a8
 0h00:05.583 2022/11/26T19:09:27z: SSID: MU Open
 0h00:05.588 2022/11/26T19:09:27z: AP_STAR tmr
 ets Jan  8 2013,rst cause:4, boot mode:(3,7)

wdt reset
load 0x4010f000, len 1384, room 16 
tail 8
chksum 0x2d
csum 0x2d
v8b899c12
~ld


6.01
 0h00:05.550 2022/11/26T19:29:33z: DS3231
 0h00:05.565 2022/11/26T19:29:33z: BME280 (0x76)
 0h00:05.580 2022/11/26T19:29:33z: 84:f3:eb:7d:7:a8
 0h00:05.581 2022/11/26T19:29:33z: SSID: MU Open
 0h00:05.586 2022/11/26T19:29:33z: AP_STAR tmr
 ets Jan  8 2013,rst cause:4, boot mode:(3,7)

wdt reset
load 0x4010f000, len 1384, room 16 
tail 8
chksum 0x2d
csum 0x2d
v8b899c12
~ld


6.01
 0h00:05.399 2022/11/26T19:49:39z: DS3231
 0h00:05.415 2022/11/26T19:49:39z: BME280 (0x76)
 0h00:05.429 2022/11/26T19:49:39z: 84:f3:eb:7d:7:a8
 0h00:05.430 2022/11/26T19:49:39z: SSID: MU Open
 0h00:05.436 2022/11/26T19:49:39z: AP_STAR tmr
 ets Jan  8 2013,rst cause:4, boot mode:(3,7)

wdt reset
load 0x4010f000, len 1384, room 16 
tail 8
chksum 0x2d
csum 0x2d
v8b899c12
~ld


6.01
 0h00:05.347 2022/11/26T20:09:45z: DS3231
 0h00:05.363 2022/11/26T20:09:45z: BME280 (0x76)
 0h00:05.377 2022/11/26T20:09:45z: 84:f3:eb:7d:7:a8
 0h00:05.378 2022/11/26T20:09:45z: SSID: MU Open
 0h00:05.384 2022/11/26T20:09:45z: AP_STAR tmr
 ets Jan  8 2013,rst cause:4, boot mode:(3,7)

wdt reset
load 0x4010f000, len 1384, room 16 
tail 8
chksum 0x2d
csum 0x2d
v8b899c12
~ld


6.01
 0h00:05.270 2022/11/26T20:29:51z: DS3231
 0h00:05.285 2022/11/26T20:29:51z: BME280 (0x76)
 0h00:05.299 2022/11/26T20:29:51z: 84:f3:eb:7d:7:a8
 0h00:05.301 2022/11/26T20:29:51z: SSID: MU Open
 0h00:05.306 2022/11/26T20:29:51z: AP_STAR tmr
 ets Jan  8 2013,rst cause:4, boot mode:(3,7)

wdt reset
load 0x4010f000, len 1384, room 16 
tail 8
chksum 0x2d
csum 0x2d
v8b899c12
~ld


6.01
 0h00:05.451 2022/11/26T20:49:57z: DS3231
 0h00:05.466 2022/11/26T20:49:57z: BME280 (0x76)
 0h00:05.480 2022/11/26T20:49:57z: 84:f3:eb:7d:7:a8
 0h00:05.482 2022/11/26T20:49:57z: SSID: MU Open
 0h00:05.487 2022/11/26T20:49:57z: AP_STAR tmr
 ets Jan  8 2013,rst cause:4, boot mode:(3,7)

wdt reset
load 0x4010f000, len 1384, room 16 
tail 8
chksum 0x2d
csum 0x2d
v8b899c12
~ld


6.01
 0h00:05.408 2022/11/26T21:10:02z: DS3231
 0h00:05.423 2022/11/26T21:10:02z: BME280 (0x76)
 0h00:05.437 2022/11/26T21:10:02z: 84:f3:eb:7d:7:a8
 0h00:05.439 2022/11/26T21:10:02z: SSID: MU Open
 0h00:05.444 2022/11/26T21:10:02z: AP_STAR tmr
 ets Jan  8 2013,rst cause:4, boot mode:(3,7)

wdt reset
load 0x4010f000, len 1384, room 16 
tail 8
chksum 0x2d
csum 0x2d
v8b899c12
~ld


6.01
 0h00:05.542 2022/11/26T21:30:07z: DS3231
 0h00:05.557 2022/11/26T21:30:07z: BME280 (0x76)
 0h00:05.571 2022/11/26T21:30:07z: 84:f3:eb:7d:7:a8
 0h00:05.573 2022/11/26T21:30:07z: SSID: MU Open
 0h00:05.578 2022/11/26T21:30:07z: AP_STAR tmr
 ets Jan  8 2013,rst cause:4, boot mode:(3,7)

wdt reset
load 0x4010f000, len 1384, room 16 
tail 8
chksum 0x2d
csum 0x2d
v8b899c12
~ld


6.01
 0h00:05.453 2022/11/26T21:50:13z: DS3231
 0h00:05.468 2022/11/26T21:50:13z: BME280 (0x76)
 0h00:05.482 2022/11/26T21:50:13z: 84:f3:eb:7d:7:a8
 0h00:05.484 2022/11/26T21:50:13z: SSID: MU Open
 0h00:05.489 2022/11/26T21:50:13z: AP_STAR tmr
 ets Jan  8 2013,rst cause:4, boot mode:(3,7)

wdt reset
load 0x4010f000, len 1384, room 16 
tail 8
chksum 0x2d
csum 0x2d
v8b899c12
~ld


6.01
 0h00:05.389 2022/11/26T22:10:19z: DS3231
 0h00:05.404 2022/11/26T22:10:19z: BME280 (0x76)
 0h00:05.418 2022/11/26T22:10:19z: 84:f3:eb:7d:7:a8
 0h00:05.420 2022/11/26T22:10:19z: SSID: MU Open
 0h00:05.425 2022/11/26T22:10:19z: AP_STAR tmr
 ets Jan  8 2013,rst cause:4, boot mode:(3,7)

wdt reset
load 0x4010f000, len 1384, room 16 
tail 8
chksum 0x2d
csum 0x2d
v8b899c12
~ld


6.01
 0h00:05.381 2022/11/26T22:30:24z: DS3231
 0h00:05.396 2022/11/26T22:30:24z: BME280 (0x76)
 0h00:05.410 2022/11/26T22:30:24z: 84:f3:eb:7d:7:a8
 0h00:05.412 2022/11/26T22:30:24z: SSID: MU Open
 0h00:05.417 2022/11/26T22:30:24z: AP_STAR tmr
 ets Jan  8 2013,rst cause:4, boot mode:(3,7)

wdt reset
load 0x4010f000, len 1384, room 16 
tail 8
chksum 0x2d
csum 0x2d
v8b899c12
~ld


6.01
 0h00:05.556 2022/11/26T22:50:30z: DS3231
 0h00:05.571 2022/11/26T22:50:30z: BME280 (0x76)
 0h00:05.585 2022/11/26T22:50:30z: 84:f3:eb:7d:7:a8
 0h00:05.587 2022/11/26T22:50:30z: SSID: MU Open
 0h00:05.592 2022/11/26T22:50:30z: AP_STAR tmr
 ets Jan  8 2013,rst cause:4, boot mode:(3,7)

wdt reset
load 0x4010f000, len 1384, room 16 
tail 8
chksum 0x2d
csum 0x2d
v8b899c12
~ld


6.01
 0h00:05.414 2022/11/26T23:10:36z: DS3231
 0h00:05.429 2022/11/26T23:10:36z: BME280 (0x76)
 0h00:05.443 2022/11/26T23:10:36z: 84:f3:eb:7d:7:a8
 0h00:05.445 2022/11/26T23:10:36z: SSID: MU Open
 0h00:05.450 2022/11/26T23:10:36z: AP_STAR tmr
 ets Jan  8 2013,rst cause:4, boot mode:(3,7)

wdt reset
load 0x4010f000, len 1384, room 16 
tail 8
chksum 0x2d
csum 0x2d
v8b899c12
~ld


6.01
 0h00:05.741 2022/11/26T23:30:42z: DS3231
 0h00:05.756 2022/11/26T23:30:42z: BME280 (0x76)
 0h00:05.771 2022/11/26T23:30:42z: 84:f3:eb:7d:7:a8
 0h00:05.772 2022/11/26T23:30:42z: SSID: MU Open
 0h00:05.777 2022/11/26T23:30:42z: AP_STAR tmr
 ets Jan  8 2013,rst cause:4, boot mode:(3,7)

wdt reset
load 0x4010f000, len 1384, room 16 
tail 8
chksum 0x2d
csum 0x2d
v8b899c12
~ld


6.01
 0h00:05.701 2022/11/26T23:50:49z: DS3231
 0h00:05.716 2022/11/26T23:50:49z: BME280 (0x76)
 0h00:05.730 2022/11/26T23:50:49z: 84:f3:eb:7d:7:a8
 0h00:05.732 2022/11/26T23:50:49z: SSID: MU Open
 0h00:05.737 2022/11/26T23:50:49z: AP_STA