R tmr
 ets Jan  8 2013,rst cause:4, boot mode:(3,7)

wdt reset
load 0x4010f000, len 1384, room 16 
tail 8
chksum 0x2d
csum 0x2d
v8b899c12
~ld


6.01
 0h00:04.714 2022/07/03T00:11:22z: DS3231
 0h00:04.729 2022/07/03T00:11:22z: BME280 (0x76)
 0h00:04.743 2022/07/03T00:11:22z: 84:f3:eb:7d:7:a8
 0h00:04.745 2022/07/03T00:11:22z: SSID: MU Open
 0h00:04.750 2022/07/03T00:11:22z: AP_STAR tmr
 ets Jan  8 2013,rst cause:4, boot mode:(3,7)

wdt reset
load 0x4010f000, len 1384, room 16 
tail 8
chksum 0x2d
csum 0x2d
v8b899c12
~ld


6.01
 0h00:04.746 2022/07/03T00:31:24z: DS3231
 0h00:04.761 2022/07/03T00:31:24z: BME280 (0x76)
 0h00:04.775 2022/07/03T00:31:24z: 84:f3:eb:7d:7:a8
 0h00:04.777 2022/07/03T00:31:24z: SSID: MU Open
 0h00:04.782 2022/07/03T00:31:24z: AP_STAR tmr
 ets Jan  8 2013,rst cause:4, boot mode:(3,7)

wdt reset
load 0x4010f000, len 1384, room 16 
tail 8
chksum 0x2d
csum 0x2d
v8b899c12
~ld


6.01
 0h00:04.772 2022/07/03T00:51:27z: DS3231
 0h00:04.787 2022/07/03T00:51:27z: BME280 (0x76)
 0h00:04.801 2022/07/03T00:51:27z: 84:f3:eb:7d:7:a8
 0h00:04.803 2022/07/03T00:51:27z: SSID: MU Open
 0h00:04.808 2022/07/03T00:51:27z: AP_STAR tmr
 ets Jan  8 2013,rst cause:4, boot mode:(3,7)

wdt reset
load 0x4010f000, len 1384, room 16 
tail 8
chksum 0x2d
csum 0x2d
v8b899c12
~ld


6.01
 0h00:04.867 2022/07/03T01:11:30z: DS3231
 0h00:04.882 2022/07/03T01:11:30z: BME280 (0x76)
 0h00:04.896 2022/07/03T01:11:30z: 84:f3:eb:7d:7:a8
 0h00:04.898 2022/07/03T01:11:30z: SSID: MU Open
 0h00:04.903 2022/07/03T01:11:30z: AP_STAR tmr
 ets Jan  8 2013,rst cause:4, boot mode:(3,7)

wdt reset
load 0x4010f000, len 1384, room 16 
tail 8
chksum 0x2d
csum 0x2d
v8b899c12
~ld


6.01
 0h00:04.780 2022/07/03T01:31:34z: DS3231
 0h00:04.796 2022/07/03T01:31:34z: BME280 (0x76)
 0h00:04.810 2022/07/03T01:31:34z: 84:f3:eb:7d:7:a8
 0h00:04.811 2022/07/03T01:31:34z: SSID: MU Open
 0h00:04.817 2022/07/03T01:31:34z: AP_STAR tmr
 ets Jan  8 2013,rst cause:4, boot mode:(3,7)

wdt reset
load 0x4010f000, len 1384, room 16 
tail 8
chksum 0x2d
csum 0x2d
v8b899c12
~ld


6.01
 0h00:04.735 2022/07/03T01:51:37z: DS3231
 0h00:04.751 2022/07/03T01:51:37z: BME280 (0x76)
 0h00:04.765 2022/07/03T01:51:37z: 84:f3:eb:7d:7:a8
 0h00:04.766 2022/07/03T01:51:37z: SSID: MU Open
 0h00:04.772 2022/07/03T01:51:37z: AP_STAR tmr
 ets Jan  8 2013,rst cause:4, boot mode:(3,7)

wdt reset
load 0x4010f000, len 1384, room 16 
tail 8
chksum 0x2d
csum 0x2d
v8b899c12
~ld


6.01
 0h00:04.467 2022/07/03T02:11:40z: DS3231
 0h00:04.483 2022/07/03T02:11:40z: BME280 (0x76)
 0h00:04.497 2022/07/03T02:11:40z: 84:f3:eb:7d:7:a8
 0h00:04.499 2022/07/03T02:11:40z: SSID: MU Open
 0h00:04.504 2022/07/03T02:11:40z: AP_STAR tmr
 ets Jan  8 2013,rst cause:4, boot mode:(3,7)

wdt reset
load 0x4010f000, len 1384, room 16 
tail 8
chksum 0x2d
csum 0x2d
v8b899c12
~ld


6.01
 0h00:04.476 2022/07/03T02:31:42z: DS3231
 0h00:04.491 2022/07/03T02:31:42z: BME280 (0x76)
 0h00:04.505 2022/07/03T02:31:42z: 84:f3:eb:7d:7:a8
 0h00:04.507 2022/07/03T02:31:42z: SSID: MU Open
 0h00:04.512 2022/07/03T02:31:42z: AP_STAR tmr
 ets Jan  8 2013,rst cause:4, boot mode:(3,7)

wdt reset
load 0x4010f000, len 1384, room 16 
tail 8
chksum 0x2d
csum 0x2d
v8b899c12
~ld


6.01
 0h00:04.788 2022/07/03T02:51:45z: DS3231
 0h00:04.803 2022/07/03T02:51:45z: BME280 (0x76)
 0h00:04.817 2022/07/03T02:51:45z: 84:f3:eb:7d:7:a8
 0h00:04.819 2022/07/03T02:51:45z: SSID: MU Open
 0h00:04.824 2022/07/03T02:51:45z: AP_STAR tmr
 ets Jan  8 2013,rst cause:4, boot mode:(3,7)

wdt reset
load 0x4010f000, len 1384, room 16 
tail 8
chksum 0x2d
csum 0x2d
v8b899c12
~ld


6.01
 0h00:04.702 2022/07/03T03:11:48z: DS3231
 0h00:04.718 2022/07/03T03:11:48z: BME280 (0x76)
 0h00:04.732 2022/07/03T03:11:48z: 84:f3:eb:7d:7:a8
 0h00:04.734 2022/07/03T03:11:48z: SSID: MU Open
 0h00:04.739 2022/07/03T03:11:48z: AP_STAR tmr
 ets Jan  8 2013,rst cause:4, boot mode:(3,7)

wdt reset
load 0x4010f000, len 1384, room 16 
tail 8
chksum 0x2d
csum 0x2d
v8b899c12
~ld


6.01
 0h00:04.738 2022/07/03T03:31:50z: DS3231
 0h00:04.753 2022/07/03T03:31:50z: BME280 (0x76)
 0h00:04.768 2022/07/03T03:31:50z: 84:f3:eb:7d:7:a8
 0h00:04.769 2022/07/03T03:31:50z: SSID: MU Open
 0h00:04.774 2022/07/03T03:31:50z: AP_STAR tmr
 ets Jan  8 2013,rst cause:4, boot mode:(3,7)

wdt reset
load 0x4010f000, len 1384, room 16 
tail 8
chksum 0x2d
csum 0x2d
v8b899c12
~ld


6.01
 0h00:04.790 2022/07/03T03:51:53z: DS3231
 0h00:04.805 2022/07/03T03:51:53z: BME280 (0x76)
 0h00:04.819 2022/07/03T03:51:53z: 84:f3:eb:7d:7:a8
 0h00:04.821 2022/07/03T03:51:53z: SSID: MU Open
 0h00:04.826 2022/07/03T03:51:53z: AP_STAR tmr
 ets Jan  8 2013,rst cause:4, boot mode:(3,7)

wdt reset
load 0x4010f000, len 1384, room 16 
tail 8
chksum 0x2d
csum 0x2d
v8b899c12
~ld


6.01
 0h00:04.870 2022/07/03T04:11:56z: DS3231
 0h00:04.885 2022/07/03T04:11:56z: BME280 (0x76)
 0h00:04.899 2022/07/03T04:11:56z: 84:f3:eb:7d:7:a8
 0h00:04.901 2022/07/03T04:11:56z: SSID: MU Open
 0h00:04.906 2022/07/03T04:11:56z: AP_STAR tmr
 ets Jan  8 2013,rst cause:4, boot mode:(3,7)

wdt reset
load 0x4010f000, len 1384, room 16 
tail 8
chksum 0x2d
csum 0x2d
v8b899c12
~ld


6.01
 0h00:04.920 2022/07/03T04:32:00z: DS3231
 0h00:04.935 2022/07/03T04:32:00z: BME280 (0x76)
 0h00:04.950 2022/07/03T04:32:00z: 84:f3:eb:7d:7:a8
 0h00:04.951 2022/07/03T04:32:00z: SSID: MU Open
 0h00:04.956 2022/07/03T04:32:00z: AP_STAR tmr
 ets Jan  8 2013,rst cause:4, boot mode:(3,7)

wdt reset
load 0x4010f000, len 1384, room 16 
tail 8
chksum 0x2d
csum 0x2d
v8b899c12
~ld


6.01
 0h00:04.726 2022/07/03T04:52:02z: DS3231
 0h00:04.741 2022/07/03T04:52:02z: BME280 (0x76)
 0h00:04.755 2022/07/03T04:52:02z: 84:f3:eb:7d:7:a8
 0h00:04.757 2022/07/03T04:52:02z: SSID: MU Open
 0h00:04.762 2022/07/03T04:52:02z: AP_STAR tmr
 ets Jan  8 2013,rst cause:4, boot mode:(3,7)

wdt reset
load 0x4010f000, len 1384, room 16 
tail 8
chksum 0x2d
csum 0x2d
v8b899c12
~ld


6.01
 0h00:04.714 2022/07/03T05:12:05z: DS3231
 0h00:04.729 2022/07/03T05:12:05z: BME280 (0x76)
 0h00:04.743 2022/07/03T05:12:05z: 84:f3:eb:7d:7:a8
 0h00:04.745 2022/07/03T05:12:05z: SSID: MU Open
 0h00:04.750 2022/07/03T05:12:05z: AP_STAR tmr
 ets Jan  8 2013,rst cause:4, boot mode:(3,7)

wdt reset
load 0x4010f000, len 1384, room 16 
tail 8
chksum 0x2d
csum 0x2d
v8b899c12
~ld


6.01
 0h00:04.465 2022/07/03T05:32:08z: DS3231
 0h00:04.481 2022/07/03T05:32:08z: BME280 (0x76)
 0h00:04.495 2022/07/03T05:32:08z: 84:f3:eb:7d:7:a8
 0h00:04.497 2022/07/03T05:32:08z: SSID: MU Open
 0h00:04.502 2022/07/03T05:32:08z: AP_STAR tmr
 ets Jan  8 2013,rst cause:4, boot mode:(3,7)

wdt reset
load 0x4010f000, len 1384, room 16 
tail 8
chksum 0x2d
csum 0x2d
v8b899c12
~ld


6.01
 0h00:04.723 2022/07/03T05:52:11z: DS3231
 0h00:04.738 2022/07/03T05:52:11z: BME280 (0x76)
 0h00:04.752 2022/07/03T05:52:11z: 84:f3:eb:7d:7:a8
 0h00:04.754 2022/07/03T05:52:11z: SSID: MU Open
 0h00:04.759 2022/07/03T05:52:11z: AP_STAR tmr
 ets Jan  8 2013,rst cause:4, boot mode:(3,7)

wdt reset
load 0x4010f000, len 1384, room 16 
tail 8
chksum 0x2d
csum 0x2d
v8b899c12
~ld


6.01
 0h00:04.829 2022/07/03T06:12:14z: DS3231
 0h00:04.844 2022/07/03T06:12:14z: BME280 (0x76)
 0h00:04.858 2022/07/03T06:12:14z: 84:f3:eb:7d:7:a8
 0h00:04.860 2022/07/03T06:12:14z: SSID: MU Open
 0h00:04.865 2022/07/03T06:12:14z: AP_STAR tmr
 ets Jan  8 2013,rst cause:4, boot mode:(3,7)

wdt reset
load 0x4010f000, len 1384, room 16 
tail 8
chksum 0x2d
csum 0x2d
v8b899c12
~ld


6.01
 0h00:04.723 2022/07/03T06:32:17z: DS3231
 0h00:04.738 2022/07/03T06:32:17z: BME280 (0x76)
 0h00:04.752 2022/07/03T06:32:17z: 84:f3:eb:7d:7:a8
 0h00:04.754 2022/07/03T06:32:17z: SSID: MU Open
 0h00:04.759 2022/07/03T06:32:17z: AP_STAR tmr
 ets Jan  8 2013,rst cause:4, boot mode:(3,7)

wdt reset
load 0x4010f000, len 1384, room 16 
tail 8
chksum 0x2d
csum 0x2d
v8b899c12
~ld


6.01
 0h00:04.712 2022/07/03T06:52:20z: DS3231
 0h00:04.728 2022/07/03T06:52:20z: BME280 (0x76)
 0h00:04.742 2022/07/03T06:52:20z: 84:f3:eb:7d:7:a8
 0h00:04.744 2022/07/03T06:52:20z: SSID: MU Open
 0h00:04.749 2022/07/03T06:52:20z: AP_STAR tmr
 ets Jan  8 2013,rst cause:4, boot mode:(3,7)

wdt reset
load 0x4010f000, len 1384, room 16 
tail 8
chksum 0x2d
csum 0x2d
v8b899c12
~ld


6.01
 0h00:04.853 2022/07/03T07:12:22z: DS3231
 0h00:04.868 2022/07/03T07:12:22z: BME280 (0x76)
 0h00:04.882 2022/07/03T07:12:22z: 84:f3:eb:7d:7:a8
 0h00:04.884 2022/07/03T07:12:22z: SSID: MU Open
 0h00:04.889 2022/07/03T07:12:22z: AP_STAR tmr
 ets Jan  8 2013,rst cause:4, boot mode:(3,7)

wdt reset
load 0x4010f000, len 1384, room 16 
tail 8
chksum 0x2d
csum 0x2d
v8b899c12
~ld


6.01
 0h00:04.951 2022/07/03T07:32:25z: DS3231
 0h00:04.967 2022/07/03T07:32:25z: BME280 (0x76)
 0h00:04.981 2022/07/03T07:32:25z: 84:f3:eb:7d:7:a8
 0h00:04.983 2022/07/03T07:32:25z: SSID: MU Open
 0h00:04.988 2022/07/03T07:32:25z: AP_STAR tmr
 ets Jan  8 2013,rst cause:4, boot mode:(3,7)

wdt reset
load 0x4010f000, len 1384, room 16 
tail 8
chksum 0x2d
csum 0x2d
v8b899c12
~ld


6.01
 0h00:04.999 2022/07/03T07:52:28z: DS3231
 0h00:05.015 2022/07/03T07:52:28z: BME280 (0x76)
 0h00:05.029 2022/07/03T07:52:28z: 84:f3:eb:7d:7:a8
 0h00:05.030 2022/07/03T07:52:28z: SSID: MU Open
 0h00:05.036 2022/07/03T07:52:28z: AP_STAR tmr
 ets Jan  8 2013,rst cause:4, boot mode:(3,7)

wdt reset
load 0x4010f000, len 1384, room 16 
tail 8
chksum 0x2d
csum 0x2d
v8b899c12
~ld


6.01
 0h00:05.031 2022/07/03T08:12:31z: DS3231
 0h00:05.047 2022/07/03T08:12:31z: BME280 (0x76)
 0h00:05.061 2022/07/03T08:12:31z: 84:f3:eb:7d:7:a8
 0h00:05.063 2022/07/03T08:12:31z: SSID: MU Open
 0h00:05.068 2022/07/03T08:12:31z: AP_STAR tmr
 ets Jan  8 2013,rst cause:4, boot mode:(3,7)

wdt reset
load 0x4010f000, len 1384, room 16 
tail 8
chksum 0x2d
csum 0x2d
v8b899c12
~ld


6.01
 0h00:05.050 2022/07/03T08:32:34z: DS3231
 0h00:05.066 2022/07/03T08:32:34z: BME280 (0x76)
 0h00:05.080 2022/07/03T08:32:34z: 84:f3:eb:7d:7:a8
 0h00:05.081 2022/07/03T08:32:34z: SSID: MU Open
 0h00:05.087 2022/07/03T08:32:34z: AP_STAR tmr
 ets Jan  8 2013,rst cause:4, boot mode:(3,7)

wdt reset
load 0x4010f000, len 1384, room 16 
tail 8
chksum 0x2d
csum 0x2d
v8b899c12
~ld


6.01
 0h00:04.668 2022/07/03T08:52:38z: DS3231
 0h00:04.683 2022/07/03T08:52:38z: BME280 (0x76)
 0h00:04.697 2022/07/03T08:52:38z: 84:f3:eb:7d:7:a8
 0h00:04.699 2022/07/03T08:52:38z: SSID: MU Open
 0h00:04.704 2022/07/03T08:52:38z: AP_STAR tmr
 ets Jan  8 2013,rst cause:4, boot mode:(3,7)

wdt reset
load 0x4010f000, len 1384, room 16 
tail 8
chksum 0x2d
csum 0x2d
v8b899c12
~ld


6.01
 0h00:04.990 2022/07/03T09:12:41z: DS3231
 0h00:05.006 2022/07/03T09:12:41z: BME280 (0x76)
 0h00:05.020 2022/07/03T09:12:41z: 84:f3:eb:7d:7:a8
 0h00:05.022 2022/07/03T09:12:41z: SSID: MU Open
 0h00:05.027 2022/07/03T09:12:41z: AP_STAR tmr
 ets Jan  8 2013,rst cause:4, boot mode:(3,7)

wdt reset
load 0x4010f000, len 1384, room 16 
tail 8
chksum 0x2d
csum 0x2d
v8b899c12
~ld


6.01
 0h00:05.020 2022/07/03T09:32:44z: DS3231
 0h00:05.035 2022/07/03T09:32:44z: BME280 (0x76)
 0h00:05.049 2022/07/03T09:32:44z: 84:f3:eb:7d:7:a8
 0h00:05.051 2022/07/03T09:32:44z: SSID: MU Open
 0h00:05.056 2022/07/03T09:32:44z: AP_STAR tmr
 ets Jan  8 2013,rst cause:4, boot mode:(3,7)

wdt reset
load 0x4010f000, len 1384, room 16 
tail 8
chksum 0x2d
csum 0x2d
v8b899c12
~ld


6.01
 0h00:04.929 2022/07/03T09:52:48z: DS3231
 0h00:04.945 2022/07/03T09:52:48z: BME280 (0x76)
 0h00:04.959 2022/07/03T09:52:48z: 84:f3:eb:7d:7:a8
 0h00:04.961 2022/07/03T09:52:48z: SSID: MU Open
 0h00:04.966 2022/07/03T09:52:48z: AP_STAR tmr
 ets Jan  8 2013,rst cause:4, boot mode:(3,7)

wdt reset
load 0x4010f000, len 1384, room 16 
tail 8
chksum 0x2d
csum 0x2d
v8b899c12
~ld


6.01
 0h00:04.930 2022/07/03T10:12:51z: DS3231
 0h00:04.945 2022/07/03T10:12:51z: BME280 (0x76)
 0h00:04.960 2022/07/03T10:12:52z: 84:f3:eb:7d:7:a8
 0h00:04.961 2022/07/03T10:12:52z: SSID: MU Open
 0h00:04.966 2022/07/03T10:12:52z: AP_STAR tmr
 ets Jan  8 2013,rst cause:4, boot mode:(3,7)

wdt reset
load 0x4010f000, len 1384, room 16 
tail 8
chksum 0x2d
csum 0x2d
v8b899c12
~ld


6.01
 0h00:04.906 2022/07/03T10:32:54z: DS3231
 0h00:04.922 2022/07/03T10:32:54z: BME280 (0x76)
 0h00:04.936 2022/07/03T10:32:54z: 84:f3:eb:7d:7:a8
 0h00:04.938 2022/07/03T10:32:54z: SSID: MU Open
 0h00:04.943 2022/07/03T10:32:54z: AP_STAR tmr
 ets Jan  8 2013,rst cause:4, boot mode:(3,7)

wdt reset
load 0x4010f000, len 1384, room 16 
tail 8
chksum 0x2d
csum 0x2d
v8b899c12
~ld


6.01
 0h00:04.964 2022/07/03T10:52:58z: DS3231
 0h00:04.979 2022/07/03T10:52:58z: BME280 (0x76)
 0h00:04.993 2022/07/03T10:52:58z: 84:f3:eb:7d:7:a8
 0h00:04.995 2022/07/03T10:52:58z: SSID: MU Open
 0h00:05.000 2022/07/03T10:52:58z: AP_STAR tmr
 ets Jan  8 2013,rst cause:4, boot mode:(3,7)

wdt reset
load 0x4010f000, len 1384, room 16 
tail 8
chksum 0x2d
csum 0x2d
v8b899c12
~ld


6.01
 0h00:04.918 2022/07/03T11:13:01z: DS3231
 0h00:04.933 2022/07/03T11:13:01z: BME280 (0x76)
 0h00:04.947 2022/07/03T11:13:01z: 84:f3:eb:7d:7:a8
 0h00:04.949 2022/07/03T11:13:01z: SSID: MU Open
 0h00:04.954 2022/07/03T11:13:01z: AP_STAR tmr
 ets Jan  8 2013,rst cause:4, boot mode:(3,7)

wdt reset
load 0x4010f000, len 1384, room 16 
tail 8
chksum 0x2d
csum 0x2d
v8b899c12
~ld


6.01
 0h00:05.090 2022/07/03T11:33:05z: DS3231
 0h00:05.105 2022/07/03T11:33:05z: BME280 (0x76)
 0h00:05.119 2022/07/03T11:33:05z: 84:f3:eb:7d:7:a8
 0h00:05.121 2022/07/03T11:33:05z: SSID: MU Open
 0h00:05.126 2022/07/03T11:33:05z: AP_STAR tmr
 ets Jan  8 2013,rst cause:4, boot mode:(3,7)

wdt reset
load 0x4010f000, len 1384, room 16 
tail 8
chksum 0x2d
csum 0x2d
v8b899c12
~ld


6.01
 0h00:04.909 2022/07/03T11:53:08z: DS3231
 0h00:04.924 2022/07/03T11:53:08z: BME280 (0x76)
 0h00:04.938 2022/07/03T11:53:09z: 84:f3:eb:7d:7:a8
 0h00:04.940 2022/07/03T11:53:09z: SSID: MU Open
 0h00:04.945 2022/07/03T11:53:09z: AP_STAR tmr
 ets Jan  8 2013,rst cause:4, boot mode:(3,7)

wdt reset
load 0x4010f000, len 1384, room 16 
tail 8
chksum 0x2d
csum 0x2d
v8b899c12
~ld


6.01
 0h00:04.879 2022/07/03T12:13:11z: DS3231
 0h00:04.894 2022/07/03T12:13:11z: BME280 (0x76)
 0h00:04.908 2022/07/03T12:13:11z: 84:f3:eb:7d:7:a8
 0h00:04.910 2022/07/03T12:13:11z: SSID: MU Open
 0h00:04.915 2022/07/03T12:13:11z: AP_STAR tmr
 ets Jan  8 2013,rst cause:4, boot mode:(3,7)

wdt reset
load 0x4010f000, len 1384, room 16 
tail 8
chksum 0x2d
csum 0x2d
v8b899c12
~ld


6.01
 0h00:04.874 2022/07/03T12:33:14z: DS3231
 0h00:04.889 2022/07/03T12:33:14z: BME280 (0x76)
 0h00:04.904 2022/07/03T12:33:14z: 84:f3:eb:7d:7:a8
 0h00:04.905 2022/07/03T12:33:14z: SSID: MU Open
 0h00:04.910 2022/07/03T12:33:14z: AP_STAR tmr
 ets Jan  8 2013,rst cause:4, boot mode:(3,7)

wdt reset
load 0x4010f000, len 1384, room 16 
tail 8
chksum 0x2d
csum 0x2d
v8b899c12
~ld


6.01
 0h00:04.589 2022/07/03T12:53:16z: DS3231
 0h00:04.604 2022/07/03T12:53:16z: BME280 (0x76)
 0h00:04.618 2022/07/03T12:53:16z: 84:f3:eb:7d:7:a8
 0h00:04.620 2022/07/03T12:53:16z: SSID: MU Open
 0h00:04.625 2022/07/03T12:53:16z: AP_STAR tmr
 ets Jan  8 2013,rst cause:4, boot mode:(3,7)

wdt reset
load 0x4010f000, len 1384, room 16 
tail 8
chksum 0x2d
csum 0x2d
v8b899c12
~ld


6.01
 0h00:04.947 2022/07/03T13:13:19z: DS3231
 0h00:04.962 2022/07/03T13:13:19z: BME280 (0x76)
 0h00:04.976 2022/07/03T13:13:20z: 84:f3:eb:7d:7:a8
 0h00:04.978 2022/07/03T13:13:20z: SSID: MU Open
 0h00:04.983 2022/07/03T13:13:20z: AP_STAR tmr
 ets Jan  8 2013,rst cause:4, boot mode:(3,7)

wdt reset
load 0x4010f000, len 1384, room 16 
tail 8
chksum 0x2d
csum 0x2d
v8b899c12
~ld


6.01
 0h00:04.898 2022/07/03T13:33:22z: DS3231
 0h00:04.914 2022/07/03T13:33:22z: BME280 (0x76)
 0h00:04.928 2022/07/03T13:33:22z: 84:f3:eb:7d:7:a8
 0h00:04.929 2022/07/03T13:33:22z: SSID: MU Open
 0h00:04.935 2022/07/03T13:33:22z: AP_STAR tmr
 ets Jan  8 2013,rst cause:4, boot mode:(3,7)

wdt reset
load 0x4010f000, len 1384, room 16 
tail 8
chksum 0x2d
csum 0x2d
v8b899c12
~ld


6.01
 0h00:04.811 2022/07/03T13:53:25z: DS3231
 0h00:04.826 2022/07/03T13:53:25z: BME280 (0x76)
 0h00:04.840 2022/07/03T13:53:25z: 84:f3:eb:7d:7:a8
 0h00:04.842 2022/07/03T13:53:25z: SSID: MU Open
 0h00:04.847 2022/07/03T13:53:25z: AP_STAR tmr
 ets Jan  8 2013,rst cause:4, boot mode:(3,7)

wdt reset
load 0x4010f000, len 1384, room 16 
tail 8
chksum 0x2d
csum 0x2d
v8b899c12
~ld


6.01
 0h00:04.741 2022/07/03T14:13:28z: DS3231
 0h00:04.756 2022/07/03T14:13:28z: BME280 (0x76)
 0h00:04.770 2022/07/03T14:13:28z: 84:f3:eb:7d:7:a8
 0h00:04.772 2022/07/03T14:13:28z: SSID: MU Open
 0h00:04.777 2022/07/03T14:13:28z: AP_STAR tmr
 ets Jan  8 2013,rst cause:4, boot mode:(3,7)

wdt reset
load 0x4010f000, len 1384, room 16 
tail 8
chksum 0x2d
csum 0x2d
v8b899c12
~ld


6.01
 0h00:04.705 2022/07/03T14:33:31z: DS3231
 0h00:04.720 2022/07/03T14:33:31z: BME280 (0x76)
 0h00:04.734 2022/07/03T14:33:31z: 84:f3:eb:7d:7:a8
 0h00:04.736 2022/07/03T14:33:31z: SSID: MU Open
 0h00:04.741 2022/07/03T14:33:31z: AP_STAR tmr
 ets Jan  8 2013,rst cause:4, boot mode:(3,7)

wdt reset
load 0x4010f000, len 1384, room 16 
tail 8
chksum 0x2d
csum 0x2d
v8b899c12
~ld


6.01
 0h00:04.748 2022/07/03T14:53:33z: DS3231
 0h00:04.763 2022/07/03T14:53:33z: BME280 (0x76)
 0h00:04.777 2022/07/03T14:53:33z: 84:f3:eb:7d:7:a8
 0h00:04.779 2022/07/03T14:53:33z: SSID: MU Open
 0h00:04.784 2022/07/03T14:53:33z: AP_STAR tmr
 ets Jan  8 2013,rst cause:4, boot mode:(3,7)

wdt reset
load 0x4010f000, len 1384, room 16 
tail 8
chksum 0x2d
csum 0x2d
v8b899c12
~ld


6.01
 0h00:04.485 2022/07/03T15:13:36z: DS3231
 0h00:04.501 2022/07/03T15:13:36z: BME280 (0x76)
 0h00:04.515 2022/07/03T15:13:37z: 84:f3:eb:7d:7:a8
 0h00:04.516 2022/07/03T15:13:37z: SSID: MU Open
 0h00:04.522 2022/07/03T15:13:37z: AP_STAR tmr
 ets Jan  8 2013,rst cause:4, boot mode:(3,7)

wdt reset
load 0x4010f000, len 1384, room 16 
tail 8
chksum 0x2d
csum 0x2d
v8b899c12
~ld


6.01
 0h00:04.593 2022/07/03T15:33:39z: DS3231
 0h00:04.608 2022/07/03T15:33:39z: BME280 (0x76)
 0h00:04.623 2022/07/03T15:33:39z: 84:f3:eb:7d:7:a8
 0h00:04.624 2022/07/03T15:33:39z: SSID: MU Open
 0h00:04.629 2022/07/03T15:33:39z: AP_STAR tmr
 ets Jan  8 2013,rst cause:4, boot mode:(3,7)

wdt reset
load 0x4010f000, len 1384, room 16 
tail 8
chksum 0x2d
csum 0x2d
v8b899c12
~ld


6.01
 0h00:04.645 2022/07/03T15:53:42z: DS3231
 0h00:04.660 2022/07/03T15:53:42z: BME280 (0x76)
 0h00:04.675 2022/07/03T15:53:42z: 84:f3:eb:7d:7:a8
 0h00:04.676 2022/07/03T15:53:42z: SSID: MU Open
 0h00:04.681 2022/07/03T15:53:42z: AP_STAR tmr
 ets Jan  8 2013,rst cause:4, boot mode:(3,7)

wdt reset
load 0x4010f000, len 1384, room 16 
tail 8
chksum 0x2d
csum 0x2d
v8b899c12
~ld


6.01
 0h00:04.350 2022/07/03T16:13:45z: DS3231
 0h00:04.365 2022/07/03T16:13:45z: BME280 (0x76)
 0h00:04.379 2022/07/03T16:13:45z: 84:f3:eb:7d:7:a8
 0h00:04.381 2022/07/03T16:13:45z: SSID: MU Open
 0h00:04.386 2022/07/03T16:13:45z: AP_STAR tmr
 ets Jan  8 2013,rst cause:4, boot mode:(3,7)

wdt reset
load 0x4010f000, len 1384, room 16 
tail 8
chksum 0x2d
csum 0x2d
v8b899c12
~ld


6.01
 0h00:04.641 2022/07/03T16:33:48z: DS3231
 0h00:04.656 2022/07/03T16:33:48z: BME280 (0x76)
 0h00:04.671 2022/07/03T16:33:48z: 84:f3:eb:7d:7:a8
 0h00:04.672 2022/07/03T16:33:48z: SSID: MU Open
 0h00:04.678 2022/07/03T16:33:48z: AP_STAR tmr
 ets Jan  8 2013,rst cause:4, boot mode:(3,7)

wdt reset
load 0x4010f000, len 1384, room 16 
tail 8
chksum 0x2d
csum 0x2d
v8b899c12
~ld


6.01
 0h00:04.548 2022/07/03T16:53:50z: DS3231
 0h00:04.563 2022/07/03T16:53:51z: BME280 (0x76)
 0h00:04.577 2022/07/03T16:53:51z: 84:f3:eb:7d:7:a8
 0h00:04.579 2022/07/03T16:53:51z: SSID: MU Open
 0h00:04.584 2022/07/03T16:53:51z: AP_STAR tmr
 ets Jan  8 2013,rst cause:4, boot mode:(3,7)

wdt reset
load 0x4010f000, len 1384, room 16 
tail 8
chksum 0x2d
csum 0x2d
v8b899c12
~ld


6.01
 0h00:04.441 2022/07/03T17:13:53z: DS3231
 0h00:04.456 2022/07/03T17:13:53z: BME280 (0x76)
 0h00:04.470 2022/07/03T17:13:53z: 84:f3:eb:7d:7:a8
 0h00:04.472 2022/07/03T17:13:53z: SSID: MU Open
 0h00:04.477 2022/07/03T17:13:53z: AP_STAR tmr
 ets Jan  8 2013,rst cause:4, boot mode:(3,7)

wdt reset
load 0x4010f000, len 1384, room 16 
tail 8
chksum 0x2d
csum 0x2d
v8b899c12
~ld


6.01
 0h00:04.608 2022/07/03T17:33:55z: DS3231
 0h00:04.623 2022/07/03T17:33:55z: BME280 (0x76)
 0h00:04.637 2022/07/03T17:33:55z: 84:f3:eb:7d:7:a8
 0h00:04.639 2022/07/03T17:33:55z: SSID: MU Open
 0h00:04.644 2022/07/03T17:33:55z: AP_STAR tmr
 ets Jan  8 2013,rst cause:4, boot mode:(3,7)

wdt reset
load 0x4010f000, len 1384, room 16 
tail 8
chksum 0x2d
csum 0x2d
v8b899c12
~ld


6.01
 0h00:04.486 2022/07/03T17:53:57z: DS3231
 0h00:04.501 2022/07/03T17:53:57z: BME280 (0x76)
 0h00:04.515 2022/07/03T17:53:57z: 84:f3:eb:7d:7:a8
 0h00:04.517 2022/07/03T17:53:57z: SSID: MU Open
 0h00:04.522 2022/07/03T17:53:57z: AP_STAR tmr
 ets Jan  8 2013,rst cause:4, boot mode:(3,7)

wdt reset
load 0x4010f000, len 1384, room 16 
tail 8
chksum 0x2d
csum 0x2d
v8b899c12
~ld


6.01
 0h00:04.633 2022/07/03T18:13:59z: DS3231
 0h00:04.648 2022/07/03T18:13:59z: BME280 (0x76)
 0h00:04.662 2022/07/03T18:13:59z: 84:f3:eb:7d:7:a8
 0h00:04.664 2022/07/03T18:13:59z: SSID: MU Open
 0h00:04.669 2022/07/03T18:13:59z: AP_STAR tmr
 ets Jan  8 2013,rst cause:4, boot mode:(3,7)

wdt reset
load 0x4010f000, len 1384, room 16 
tail 8
chksum 0x2d
csum 0x2d
v8b899c12
~ld


6.01
 0h00:04.356 2022/07/03T18:34:01z: DS3231
 0h00:04.372 2022/07/03T18:34:01z: BME280 (0x76)
 0h00:04.386 2022/07/03T18:34:01z: 84:f3:eb:7d:7:a8
 0h00:04.387 2022/07/03T18:34:01z: SSID: MU Open
 0h00:04.393 2022/07/03T18:34:01z: AP_STAR tmr
 ets Jan  8 2013,rst cause:4, boot mode:(3,7)

wdt reset
load 0x4010f000, len 1384, room 16 
tail 8
chksum 0x2d
csum 0x2d
v8b899c12
~ld


6.01
 0h00:04.264 2022/07/03T18:54:03z: DS3231
 0h00:04.279 2022/07/03T18:54:03z: BME280 (0x76)
 0h00:04.293 2022/07/03T18:54:03z: 84:f3:eb:7d:7:a8
 0h00:04.295 2022/07/03T18:54:03z: SSID: MU Open
 0h00:04.300 2022/07/03T18:54:03z: AP_STAR tmr
 ets Jan  8 2013,rst cause:4, boot mode:(3,7)

wdt reset
load 0x4010f000, len 1384, room 16 
tail 8
chksum 0x2d
csum 0x2d
v8b899c12
~ld


6.01
 0h00:04.544 2022/07/03T19:14:05z: DS3231
 0h00:04.559 2022/07/03T19:14:05z: BME280 (0x76)
 0h00:04.573 2022/07/03T19:14:05z: 84:f3:eb:7d:7:a8
 0h00:04.575 2022/07/03T19:14:05z: SSID: MU Open
 0h00:04.580 2022/07/03T19:14:05z: AP_STAR tmr
 ets Jan  8 2013,rst cause:4, boot mode:(3,7)

wdt reset
load 0x4010f000, len 1384, room 16 
tail 8
chksum 0x2d
csum 0x2d
v8b899c12
~ld


6.01
 0h00:04.424 2022/07/03T19:34:07z: DS3231
 0h00:04.439 2022/07/03T19:34:07z: BME280 (0x76)
 0h00:04.453 2022/07/03T19:34:07z: 84:f3:eb:7d:7:a8
 0h00:04.455 2022/07/03T19:34:07z: SSID: MU Open
 0h00:04.460 2022/07/03T19:34:07z: AP_STAR tmr
 ets Jan  8 2013,rst cause:4, boot mode:(3,7)

wdt reset
load 0x4010f000, len 1384, room 16 
tail 8
chksum 0x2d
csum 0x2d
v8b899c12
~ld


6.01
 0h00:04.275 2022/07/03T19:54:09z: DS3231
 0h00:04.290 2022/07/03T19:54:09z: BME280 (0x76)
 0h00:04.305 2022/07/03T19:54:09z: 84:f3:eb:7d:7:a8
 0h00:04.306 2022/07/03T19:54:09z: SSID: MU Open
 0h00:04.311 2022/07/03T19:54:09z: AP_STAR tmr
 ets Jan  8 2013,rst cause:4, boot mode:(3,7)

wdt reset
load 0x4010f000, len 1384, room 16 
tail 8
chksum 0x2d
csum 0x2d
v8b899c12
~ld


6.01
 0h00:04.280 2022/07/03T20:14:10z: DS3231
 0h00:04.295 2022/07/03T20:14:10z: BME280 (0x76)
 0h00:04.310 2022/07/03T20:14:10z: 84:f3:eb:7d:7:a8
 0h00:04.311 2022/07/03T20:14:10z: SSID: MU Open
 0h00:04.316 2022/07/03T20:14:10z: AP_STAR tmr
 ets Jan  8 2013,rst cause:4, boot mode:(3,7)

wdt reset
load 0x4010f000, len 1384, room 16 
tail 8
chksum 0x2d
csum 0x2d
v8b899c12
~ld


6.01
 0h00:04.572 2022/07/03T20:34:13z: DS3231
 0h00:04.588 2022/07/03T20:34:13z: BME280 (0x76)
 0h00:04.602 2022/07/03T20:34:13z: 84:f3:eb:7d:7:a8
 0h00:04.604 2022/07/03T20:34:13z: SSID: MU Open
 0h00:04.609 2022/07/03T20:34:13z: AP_STAR tmr
 ets Jan  8 2013,rst cause:4, boot mode:(3,7)

wdt reset
load 0x4010f000, len 1384, room 16 
tail 8
chksum 0x2d
csum 0x2d
v8b899c12
~ld


6.01
 0h00:04.501 2022/07/03T20:54:15z: DS3231
 0h00:04.516 2022/07/03T20:54:15z: BME280 (0x76)
 0h00:04.530 2022/07/03T20:54:15z: 84:f3:eb:7d:7:a8
 0h00:04.532 2022/07/03T20:54:15z: SSID: MU Open
 0h00:04.537 2022/07/03T20:54:15z: AP_STAR tmr
 ets Jan  8 2013,rst cause:4, boot mode:(3,7)

wdt reset
load 0x4010f000, len 1384, room 16 
tail 8
chksum 0x2d
csum 0x2d
v8b899c12
~ld


6.01
 0h00:04.590 2022/07/03T21:14:18z: DS3231
 0h00:04.605 2022/07/03T21:14:18z: BME280 (0x76)
 0h00:04.619 2022/07/03T21:14:18z: 84:f3:eb:7d:7:a8
 0h00:04.621 2022/07/03T21:14:18z: SSID: MU Open
 0h00:04.626 2022/07/03T21:14:18z: AP_STAR tmr
 ets Jan  8 2013,rst cause:4, boot mode:(3,7)

wdt reset
load 0x4010f000, len 1384, room 16 
tail 8
chksum 0x2d
csum 0x2d
v8b899c12
~ld


6.01
 0h00:04.684 2022/07/03T21:34:20z: DS3231
 0h00:04.700 2022/07/03T21:34:20z: BME280 (0x76)
 0h00:04.714 2022/07/03T21:34:20z: 84:f3:eb:7d:7:a8
 0h00:04.716 2022/07/03T21:34:20z: SSID: MU Open
 0h00:04.721 2022/07/03T21:34:20z: AP_STAR tmr
 ets Jan  8 2013,rst cause:4, boot mode:(3,7)

wdt reset
load 0x4010f000, len 1384, room 16 
tail 8
chksum 0x2d
csum 0x2d
v8b899c12
~ld


6.01
 0h00:04.651 2022/07/03T21:54:24z: DS3231
 0h00:04.666 2022/07/03T21:54:24z: BME280 (0x76)
 0h00:04.680 2022/07/03T21:54:24z: 84:f3:eb:7d:7:a8
 0h00:04.682 2022/07/03T21:54:24z: SSID: MU Open
 0h00:04.687 2022/07/03T21:54:24z: AP_STAR tmr
 ets Jan  8 2013,rst cause:4, boot mode:(3,7)

wdt reset
load 0x4010f000, len 1384, room 16 
tail 8
chksum 0x2d
csum 0x2d
v8b899c12
~ld


6.01
 0h00:04.596 2022/07/03T22:14:26z: DS3231
 0h00:04.611 2022/07/03T22:14:26z: BME280 (0x76)
 0h00:04.625 2022/07/03T22:14:26z: 84:f3:eb:7d:7:a8
 0h00:04.627 2022/07/03T22:14:26z: SSID: MU Open
 0h00:04.632 2022/07/03T22:14:26z: AP_STAR tmr
 ets Jan  8 2013,rst cause:4, boot mode:(3,7)

wdt reset
load 0x4010f000, len 1384, room 16 
tail 8
chksum 0x2d
csum 0x2d
v8b899c12
~ld


6.01
 0h00:04.350 2022/07/03T22:34:28z: DS3231
 0h00:04.365 2022/07/03T22:34:28z: BME280 (0x76)
 0h00:04.380 2022/07/03T22:34:28z: 84:f3:eb:7d:7:a8
 0h00:04.381 2022/07/03T22:34:28z: SSID: MU Open
 0h00:04.386 2022/07/03T22:34:28z: AP_STAR tmr
 ets Jan  8 2013,rst cause:4, boot mode:(3,7)

wdt reset
load 0x4010f000, len 1384, room 16 
tail 8
chksum 0x2d
csum 0x2d
v8b899c12
~ld


6.01
 0h00:04.553 2022/07/03T22:54:31z: DS3231
 0h00:04.569 2022/07/03T22:54:31z: BME280 (0x76)
 0h00:04.583 2022/07/03T22:54:31z: 84:f3:eb:7d:7:a8
 0h00:04.584 2022/07/03T22:54:31z: SSID: MU Open
 0h00:04.590 2022/07/03T22:54:31z: AP_STAR tmr
 ets Jan  8 2013,rst cause:4, boot mode:(3,7)

wdt reset
load 0x4010f000, len 1384, room 16 
tail 8
chksum 0x2d
csum 0x2d
v8b899c12
~ld


6.01
 0h00:04.408 2022/07/03T23:14:34z: DS3231
 0h00:04.423 2022/07/03T23:14:34z: BME280 (0x76)
 0h00:04.437 2022/07/03T23:14:34z: 84:f3:eb:7d:7:a8
 0h00:04.439 2022/07/03T23:14:34z: SSID: MU Open
 0h00:04.444 2022/07/03T23:14:34z: AP_STAR tmr
 ets Jan  8 2013,rst cause:4, boot mode:(3,7)

wdt reset
load 0x4010f000, len 1384, room 16 
tail 8
chksum 0x2d
csum 0x2d
v8b899c12
~ld


6.01
 0h00:04.457 2022/07/03T23:34:36z: DS3231
 0h00:04.473 2022/07/03T23:34:36z: BME280 (0x76)
 0h00:04.487 2022/07/03T23:34:37z: 84:f3:eb:7d:7:a8
 0h00:04.489 2022/07/03T23:34:37z: SSID: MU Open
 0h00:04.494 2022/07/03T23:34:37z: AP_STAR tmr
 ets Jan  8 2013,rst cause:4, boot mode:(3,7)

wdt reset
load 0x4010f000, len 1384, room 16 
tail 8
chksum 0x2d
csum 0x2d
v8b899c12
~ld


6.01
 0h00:04.876 2022/07/03T23:54:39z: DS3231
 0h00:04.891 2022/07/03T23:54:39z: BME280 (0x76)
 0h00:04.905 2022/07/03T23:54:39z: 84:f3:eb:7d:7:a8
 0h00:04.907 2022/07/03T23:54:39z: SSID: MU Open
 0h00:04.912 2022/07/03T23:54:39z: AP_STA