R tmr
 ets Jan  8 2013,rst cause:4, boot mode:(3,7)

wdt reset
load 0x4010f000, len 1384, room 16 
tail 8
chksum 0x2d
csum 0x2d
v8b899c12
~ld


6.01
 0h00:06.353 2022/11/21T00:00:48z: DS3231
 0h00:06.368 2022/11/21T00:00:48z: BME280 (0x76)
 0h00:06.382 2022/11/21T00:00:48z: 84:f3:eb:7d:7:a8
 0h00:06.384 2022/11/21T00:00:48z: SSID: MU Open
 0h00:06.389 2022/11/21T00:00:48z: AP_STAR tmr
 ets Jan  8 2013,rst cause:4, boot mode:(3,7)

wdt reset
load 0x4010f000, len 1384, room 16 
tail 8
chksum 0x2d
csum 0x2d
v8b899c12
~ld


6.01
 0h00:06.409 2022/11/21T00:20:56z: DS3231
 0h00:06.425 2022/11/21T00:20:56z: BME280 (0x76)
 0h00:06.439 2022/11/21T00:20:56z: 84:f3:eb:7d:7:a8
 0h00:06.441 2022/11/21T00:20:56z: SSID: MU Open
 0h00:06.446 2022/11/21T00:20:56z: AP_STAR tmr
 ets Jan  8 2013,rst cause:4, boot mode:(3,7)

wdt reset
load 0x4010f000, len 1384, room 16 
tail 8
chksum 0x2d
csum 0x2d
v8b899c12
~ld


6.01
 0h00:06.532 2022/11/21T00:41:04z: DS3231
 0h00:06.547 2022/11/21T00:41:04z: BME280 (0x76)
 0h00:06.561 2022/11/21T00:41:05z: 84:f3:eb:7d:7:a8
 0h00:06.563 2022/11/21T00:41:05z: SSID: MU Open
 0h00:06.568 2022/11/21T00:41:05z: AP_STAR tmr
 ets Jan  8 2013,rst cause:4, boot mode:(3,7)

wdt reset
load 0x4010f000, len 1384, room 16 
tail 8
chksum 0x2d
csum 0x2d
v8b899c12
~ld


6.01
 0h00:06.517 2022/11/21T01:01:13z: DS3231
 0h00:06.533 2022/11/21T01:01:13z: BME280 (0x76)
 0h00:06.547 2022/11/21T01:01:13z: 84:f3:eb:7d:7:a8
 0h00:06.548 2022/11/21T01:01:13z: SSID: MU Open
 0h00:06.554 2022/11/21T01:01:13z: AP_STAR tmr
 ets Jan  8 2013,rst cause:4, boot mode:(3,7)

wdt reset
load 0x4010f000, len 1384, room 16 
tail 8
chksum 0x2d
csum 0x2d
v8b899c12
~ld


6.01
 0h00:06.243 2022/11/21T01:21:21z: DS3231
 0h00:06.259 2022/11/21T01:21:21z: BME280 (0x76)
 0h00:06.273 2022/11/21T01:21:21z: 84:f3:eb:7d:7:a8
 0h00:06.275 2022/11/21T01:21:21z: SSID: MU Open
 0h00:06.280 2022/11/21T01:21:21z: AP_STAR tmr
 ets Jan  8 2013,rst cause:4, boot mode:(3,7)

wdt reset
load 0x4010f000, len 1384, room 16 
tail 8
chksum 0x2d
csum 0x2d
v8b899c12
~ld


6.01
 0h00:06.291 2022/11/21T01:41:29z: DS3231
 0h00:06.307 2022/11/21T01:41:29z: BME280 (0x76)
 0h00:06.321 2022/11/21T01:41:29z: 84:f3:eb:7d:7:a8
 0h00:06.322 2022/11/21T01:41:29z: SSID: MU Open
 0h00:06.328 2022/11/21T01:41:29z: AP_STAR tmr
 ets Jan  8 2013,rst cause:4, boot mode:(3,7)

wdt reset
load 0x4010f000, len 1384, room 16 
tail 8
chksum 0x2d
csum 0x2d
v8b899c12
~ld


6.01
 0h00:06.210 2022/11/21T02:01:37z: DS3231
 0h00:06.225 2022/11/21T02:01:37z: BME280 (0x76)
 0h00:06.240 2022/11/21T02:01:37z: 84:f3:eb:7d:7:a8
 0h00:06.241 2022/11/21T02:01:37z: SSID: MU Open
 0h00:06.246 2022/11/21T02:01:37z: AP_STAR tmr
 ets Jan  8 2013,rst cause:4, boot mode:(3,7)

wdt reset
load 0x4010f000, len 1384, room 16 
tail 8
chksum 0x2d
csum 0x2d
v8b899c12
~ld


6.01
 0h00:05.978 2022/11/21T02:21:45z: DS3231
 0h00:05.994 2022/11/21T02:21:45z: BME280 (0x76)
 0h00:06.008 2022/11/21T02:21:45z: 84:f3:eb:7d:7:a8
 0h00:06.009 2022/11/21T02:21:45z: SSID: MU Open
 0h00:06.015 2022/11/21T02:21:45z: AP_STAR tmr
 ets Jan  8 2013,rst cause:4, boot mode:(3,7)

wdt reset
load 0x4010f000, len 1384, room 16 
tail 8
chksum 0x2d
csum 0x2d
v8b899c12
~ld


6.01
 0h00:06.692 2022/11/21T02:41:53z: DS3231
 0h00:06.707 2022/11/21T02:41:53z: BME280 (0x76)
 0h00:06.721 2022/11/21T02:41:53z: 84:f3:eb:7d:7:a8
 0h00:06.723 2022/11/21T02:41:53z: SSID: MU Open
 0h00:06.728 2022/11/21T02:41:53z: AP_STAR tmr
 ets Jan  8 2013,rst cause:4, boot mode:(3,7)

wdt reset
load 0x4010f000, len 1384, room 16 
tail 8
chksum 0x2d
csum 0x2d
v8b899c12
~ld


6.01
 0h00:06.587 2022/11/21T03:02:01z: DS3231
 0h00:06.602 2022/11/21T03:02:01z: BME280 (0x76)
 0h00:06.616 2022/11/21T03:02:01z: 84:f3:eb:7d:7:a8
 0h00:06.618 2022/11/21T03:02:01z: SSID: MU Open
 0h00:06.623 2022/11/21T03:02:01z: AP_STAR tmr
 ets Jan  8 2013,rst cause:4, boot mode:(3,7)

wdt reset
load 0x4010f000, len 1384, room 16 
tail 8
chksum 0x2d
csum 0x2d
v8b899c12
~ld


6.01
 0h00:06.444 2022/11/21T03:22:08z: DS3231
 0h00:06.459 2022/11/21T03:22:08z: BME280 (0x76)
 0h00:06.474 2022/11/21T03:22:08z: 84:f3:eb:7d:7:a8
 0h00:06.475 2022/11/21T03:22:08z: SSID: MU Open
 0h00:06.480 2022/11/21T03:22:08z: AP_STAR tmr
 ets Jan  8 2013,rst cause:4, boot mode:(3,7)

wdt reset
load 0x4010f000, len 1384, room 16 
tail 8
chksum 0x2d
csum 0x2d
v8b899c12
~ld


6.01
 0h00:06.289 2022/11/21T03:42:16z: DS3231
 0h00:06.304 2022/11/21T03:42:16z: BME280 (0x76)
 0h00:06.318 2022/11/21T03:42:16z: 84:f3:eb:7d:7:a8
 0h00:06.320 2022/11/21T03:42:16z: SSID: MU Open
 0h00:06.325 2022/11/21T03:42:16z: AP_STAR tmr
 ets Jan  8 2013,rst cause:4, boot mode:(3,7)

wdt reset
load 0x4010f000, len 1384, room 16 
tail 8
chksum 0x2d
csum 0x2d
v8b899c12
~ld


6.01
 0h00:06.501 2022/11/21T04:02:24z: DS3231
 0h00:06.516 2022/11/21T04:02:24z: BME280 (0x76)
 0h00:06.530 2022/11/21T04:02:24z: 84:f3:eb:7d:7:a8
 0h00:06.532 2022/11/21T04:02:24z: SSID: MU Open
 0h00:06.537 2022/11/21T04:02:24z: AP_STAR tmr
 ets Jan  8 2013,rst cause:4, boot mode:(3,7)

wdt reset
load 0x4010f000, len 1384, room 16 
tail 8
chksum 0x2d
csum 0x2d
v8b899c12
~ld


6.01
 0h00:05.951 2022/11/21T04:22:32z: DS3231
 0h00:05.966 2022/11/21T04:22:32z: BME280 (0x76)
 0h00:05.980 2022/11/21T04:22:32z: 84:f3:eb:7d:7:a8
 0h00:05.982 2022/11/21T04:22:32z: SSID: MU Open
 0h00:05.987 2022/11/21T04:22:32z: AP_STAR tmr
 ets Jan  8 2013,rst cause:4, boot mode:(3,7)

wdt reset
load 0x4010f000, len 1384, room 16 
tail 8
chksum 0x2d
csum 0x2d
v8b899c12
~ld


6.01
 0h00:06.582 2022/11/21T04:42:42z: DS3231
 0h00:06.597 2022/11/21T04:42:42z: BME280 (0x76)
 0h00:06.612 2022/11/21T04:42:42z: 84:f3:eb:7d:7:a8
 0h00:06.613 2022/11/21T04:42:42z: SSID: MU Open
 0h00:06.618 2022/11/21T04:42:42z: AP_STAR tmr
 ets Jan  8 2013,rst cause:4, boot mode:(3,7)

wdt reset
load 0x4010f000, len 1384, room 16 
tail 8
chksum 0x2d
csum 0x2d
v8b899c12
~ld


6.01
 0h00:06.571 2022/11/21T05:02:51z: DS3231
 0h00:06.587 2022/11/21T05:02:51z: BME280 (0x76)
 0h00:06.601 2022/11/21T05:02:51z: 84:f3:eb:7d:7:a8
 0h00:06.603 2022/11/21T05:02:51z: SSID: MU Open
 0h00:06.608 2022/11/21T05:02:51z: AP_STAR tmr
 ets Jan  8 2013,rst cause:4, boot mode:(3,7)

wdt reset
load 0x4010f000, len 1384, room 16 
tail 8
chksum 0x2d
csum 0x2d
v8b899c12
~ld


6.01
 0h00:05.848 2022/11/21T05:22:58z: DS3231
 0h00:05.863 2022/11/21T05:22:58z: BME280 (0x76)
 0h00:05.877 2022/11/21T05:22:58z: 84:f3:eb:7d:7:a8
 0h00:05.879 2022/11/21T05:22:58z: SSID: MU Open
 0h00:05.884 2022/11/21T05:22:58z: AP_STAR tmr
 ets Jan  8 2013,rst cause:4, boot mode:(3,7)

wdt reset
load 0x4010f000, len 1384, room 16 
tail 8
chksum 0x2d
csum 0x2d
v8b899c12
~ld


6.01
 0h00:06.151 2022/11/21T05:43:05z: DS3231
 0h00:06.166 2022/11/21T05:43:05z: BME280 (0x76)
 0h00:06.180 2022/11/21T05:43:05z: 84:f3:eb:7d:7:a8
 0h00:06.182 2022/11/21T05:43:05z: SSID: MU Open
 0h00:06.187 2022/11/21T05:43:05z: AP_STAR tmr
 ets Jan  8 2013,rst cause:4, boot mode:(3,7)

wdt reset
load 0x4010f000, len 1384, room 16 
tail 8
chksum 0x2d
csum 0x2d
v8b899c12
~ld


6.01
 0h00:06.220 2022/11/21T06:03:13z: DS3231
 0h00:06.235 2022/11/21T06:03:13z: BME280 (0x76)
 0h00:06.249 2022/11/21T06:03:13z: 84:f3:eb:7d:7:a8
 0h00:06.251 2022/11/21T06:03:13z: SSID: MU Open
 0h00:06.256 2022/11/21T06:03:13z: AP_STAR tmr
 ets Jan  8 2013,rst cause:4, boot mode:(3,7)

wdt reset
load 0x4010f000, len 1384, room 16 
tail 8
chksum 0x2d
csum 0x2d
v8b899c12
~ld


6.01
 0h00:06.854 2022/11/21T06:23:22z: DS3231
 0h00:06.869 2022/11/21T06:23:22z: BME280 (0x76)
 0h00:06.883 2022/11/21T06:23:22z: 84:f3:eb:7d:7:a8
 0h00:06.885 2022/11/21T06:23:22z: SSID: MU Open
 0h00:06.890 2022/11/21T06:23:22z: AP_STAR tmr
 ets Jan  8 2013,rst cause:4, boot mode:(3,7)

wdt reset
load 0x4010f000, len 1384, room 16 
tail 8
chksum 0x2d
csum 0x2d
v8b899c12
~ld


6.01
 0h00:06.420 2022/11/21T06:43:30z: DS3231
 0h00:06.436 2022/11/21T06:43:30z: BME280 (0x76)
 0h00:06.450 2022/11/21T06:43:30z: 84:f3:eb:7d:7:a8
 0h00:06.451 2022/11/21T06:43:30z: SSID: MU Open
 0h00:06.457 2022/11/21T06:43:30z: AP_STAR tmr
 ets Jan  8 2013,rst cause:4, boot mode:(3,7)

wdt reset
load 0x4010f000, len 1384, room 16 
tail 8
chksum 0x2d
csum 0x2d
v8b899c12
~ld


6.01
 0h00:06.797 2022/11/21T07:03:39z: DS3231
 0h00:06.813 2022/11/21T07:03:39z: BME280 (0x76)
 0h00:06.827 2022/11/21T07:03:39z: 84:f3:eb:7d:7:a8
 0h00:06.828 2022/11/21T07:03:39z: SSID: MU Open
 0h00:06.834 2022/11/21T07:03:39z: AP_STAR tmr
 ets Jan  8 2013,rst cause:4, boot mode:(3,7)

wdt reset
load 0x4010f000, len 1384, room 16 
tail 8
chksum 0x2d
csum 0x2d
v8b899c12
~ld


6.01
 0h00:07.077 2022/11/21T07:23:48z: DS3231
 0h00:07.092 2022/11/21T07:23:48z: BME280 (0x76)
 0h00:07.107 2022/11/21T07:23:48z: 84:f3:eb:7d:7:a8
 0h00:07.108 2022/11/21T07:23:48z: SSID: MU Open
 0h00:07.114 2022/11/21T07:23:48z: AP_STAR tmr
 ets Jan  8 2013,rst cause:4, boot mode:(3,7)

wdt reset
load 0x4010f000, len 1384, room 16 
tail 8
chksum 0x2d
csum 0x2d
v8b899c12
~ld


6.01
 0h00:06.536 2022/11/21T07:43:57z: DS3231
 0h00:06.552 2022/11/21T07:43:57z: BME280 (0x76)
 0h00:06.566 2022/11/21T07:43:57z: 84:f3:eb:7d:7:a8
 0h00:06.567 2022/11/21T07:43:57z: SSID: MU Open
 0h00:06.573 2022/11/21T07:43:57z: AP_STAR tmr
 ets Jan  8 2013,rst cause:4, boot mode:(3,7)

wdt reset
load 0x4010f000, len 1384, room 16 
tail 8
chksum 0x2d
csum 0x2d
v8b899c12
~ld


6.01
 0h00:06.567 2022/11/21T08:04:05z: DS3231
 0h00:06.582 2022/11/21T08:04:06z: BME280 (0x76)
 0h00:06.596 2022/11/21T08:04:06z: 84:f3:eb:7d:7:a8
 0h00:06.598 2022/11/21T08:04:06z: SSID: MU Open
 0h00:06.603 2022/11/21T08:04:06z: AP_STAR tmr
 ets Jan  8 2013,rst cause:4, boot mode:(3,7)

wdt reset
load 0x4010f000, len 1384, room 16 
tail 8
chksum 0x2d
csum 0x2d
v8b899c12
~ld


6.01
 0h00:06.369 2022/11/21T08:24:13z: DS3231
 0h00:06.384 2022/11/21T08:24:13z: BME280 (0x76)
 0h00:06.399 2022/11/21T08:24:13z: 84:f3:eb:7d:7:a8
 0h00:06.400 2022/11/21T08:24:13z: SSID: MU Open
 0h00:06.405 2022/11/21T08:24:13z: AP_STAR tmr
 ets Jan  8 2013,rst cause:4, boot mode:(3,7)

wdt reset
load 0x4010f000, len 1384, room 16 
tail 8
chksum 0x2d
csum 0x2d
v8b899c12
~ld


6.01
 0h00:05.971 2022/11/21T08:44:21z: DS3231
 0h00:05.986 2022/11/21T08:44:21z: BME280 (0x76)
 0h00:06.000 2022/11/21T08:44:21z: 84:f3:eb:7d:7:a8
 0h00:06.002 2022/11/21T08:44:21z: SSID: MU Open
 0h00:06.007 2022/11/21T08:44:21z: AP_STAR tmr
 ets Jan  8 2013,rst cause:4, boot mode:(3,7)

wdt reset
load 0x4010f000, len 1384, room 16 
tail 8
chksum 0x2d
csum 0x2d
v8b899c12
~ld


6.01
 0h00:05.940 2022/11/21T09:04:28z: DS3231
 0h00:05.956 2022/11/21T09:04:28z: BME280 (0x76)
 0h00:05.970 2022/11/21T09:04:28z: 84:f3:eb:7d:7:a8
 0h00:05.971 2022/11/21T09:04:28z: SSID: MU Open
 0h00:05.977 2022/11/21T09:04:28z: AP_STAR tmr
 ets Jan  8 2013,rst cause:4, boot mode:(3,7)

wdt reset
load 0x4010f000, len 1384, room 16 
tail 8
chksum 0x2d
csum 0x2d
v8b899c12
~ld


6.01
 0h00:06.635 2022/11/21T09:24:37z: DS3231
 0h00:06.651 2022/11/21T09:24:37z: BME280 (0x76)
 0h00:06.665 2022/11/21T09:24:37z: 84:f3:eb:7d:7:a8
 0h00:06.667 2022/11/21T09:24:37z: SSID: MU Open
 0h00:06.672 2022/11/21T09:24:37z: AP_STAR tmr
 ets Jan  8 2013,rst cause:4, boot mode:(3,7)

wdt reset
load 0x4010f000, len 1384, room 16 
tail 8
chksum 0x2d
csum 0x2d
v8b899c12
~ld


6.01
 0h00:06.854 2022/11/21T09:44:45z: DS3231
 0h00:06.869 2022/11/21T09:44:45z: BME280 (0x76)
 0h00:06.883 2022/11/21T09:44:45z: 84:f3:eb:7d:7:a8
 0h00:06.885 2022/11/21T09:44:45z: SSID: MU Open
 0h00:06.890 2022/11/21T09:44:45z: AP_STAR tmr
 ets Jan  8 2013,rst cause:4, boot mode:(3,7)

wdt reset
load 0x4010f000, len 1384, room 16 
tail 8
chksum 0x2d
csum 0x2d
v8b899c12
~ld


6.01
 0h00:06.871 2022/11/21T10:04:55z: DS3231
 0h00:06.886 2022/11/21T10:04:55z: BME280 (0x76)
 0h00:06.900 2022/11/21T10:04:55z: 84:f3:eb:7d:7:a8
 0h00:06.902 2022/11/21T10:04:55z: SSID: MU Open
 0h00:06.907 2022/11/21T10:04:55z: AP_STAR tmr
 ets Jan  8 2013,rst cause:4, boot mode:(3,7)

wdt reset
load 0x4010f000, len 1384, room 16 
tail 8
chksum 0x2d
csum 0x2d
v8b899c12
~ld


6.01
 0h00:06.799 2022/11/21T10:25:04z: DS3231
 0h00:06.814 2022/11/21T10:25:04z: BME280 (0x76)
 0h00:06.828 2022/11/21T10:25:04z: 84:f3:eb:7d:7:a8
 0h00:06.830 2022/11/21T10:25:04z: SSID: MU Open
 0h00:06.835 2022/11/21T10:25:04z: AP_STAR tmr
 ets Jan  8 2013,rst cause:4, boot mode:(3,7)

wdt reset
load 0x4010f000, len 1384, room 16 
tail 8
chksum 0x2d
csum 0x2d
v8b899c12
~ld


6.01
 0h00:06.636 2022/11/21T10:45:14z: DS3231
 0h00:06.651 2022/11/21T10:45:14z: BME280 (0x76)
 0h00:06.665 2022/11/21T10:45:14z: 84:f3:eb:7d:7:a8
 0h00:06.667 2022/11/21T10:45:14z: SSID: MU Open
 0h00:06.672 2022/11/21T10:45:14z: AP_STAR tmr
 ets Jan  8 2013,rst cause:4, boot mode:(3,7)

wdt reset
load 0x4010f000, len 1384, room 16 
tail 8
chksum 0x2d
csum 0x2d
v8b899c12
~ld


6.01
 0h00:06.858 2022/11/21T11:05:23z: DS3231
 0h00:06.874 2022/11/21T11:05:23z: BME280 (0x76)
 0h00:06.888 2022/11/21T11:05:23z: 84:f3:eb:7d:7:a8
 0h00:06.890 2022/11/21T11:05:23z: SSID: MU Open
 0h00:06.895 2022/11/21T11:05:23z: AP_STAR tmr
 ets Jan  8 2013,rst cause:4, boot mode:(3,7)

wdt reset
load 0x4010f000, len 1384, room 16 
tail 8
chksum 0x2d
csum 0x2d
v8b899c12
~ld


6.01
 0h00:06.972 2022/11/21T11:25:32z: DS3231
 0h00:06.987 2022/11/21T11:25:32z: BME280 (0x76)
 0h00:07.001 2022/11/21T11:25:32z: 84:f3:eb:7d:7:a8
 0h00:07.003 2022/11/21T11:25:32z: SSID: MU Open
 0h00:07.008 2022/11/21T11:25:32z: AP_STAR tmr
 ets Jan  8 2013,rst cause:4, boot mode:(3,7)

wdt reset
load 0x4010f000, len 1384, room 16 
tail 8
chksum 0x2d
csum 0x2d
v8b899c12
~ld


6.01
 0h00:07.084 2022/11/21T11:45:42z: DS3231
 0h00:07.100 2022/11/21T11:45:42z: BME280 (0x76)
 0h00:07.114 2022/11/21T11:45:42z: 84:f3:eb:7d:7:a8
 0h00:07.115 2022/11/21T11:45:42z: SSID: MU Open
 0h00:07.121 2022/11/21T11:45:42z: AP_STAR tmr
 ets Jan  8 2013,rst cause:4, boot mode:(3,7)

wdt reset
load 0x4010f000, len 1384, room 16 
tail 8
chksum 0x2d
csum 0x2d
v8b899c12
~ld


6.01
 0h00:07.151 2022/11/21T12:05:51z: DS3231
 0h00:07.166 2022/11/21T12:05:51z: BME280 (0x76)
 0h00:07.180 2022/11/21T12:05:51z: 84:f3:eb:7d:7:a8
 0h00:07.182 2022/11/21T12:05:51z: SSID: MU Open
 0h00:07.187 2022/11/21T12:05:51z: AP_STAR tmr
 ets Jan  8 2013,rst cause:4, boot mode:(3,7)

wdt reset
load 0x4010f000, len 1384, room 16 
tail 8
chksum 0x2d
csum 0x2d
v8b899c12
~ld


6.01
 0h00:07.035 2022/11/21T12:26:01z: DS3231
 0h00:07.050 2022/11/21T12:26:01z: BME280 (0x76)
 0h00:07.065 2022/11/21T12:26:01z: 84:f3:eb:7d:7:a8
 0h00:07.066 2022/11/21T12:26:01z: SSID: MU Open
 0h00:07.071 2022/11/21T12:26:01z: AP_STAR tmr
 ets Jan  8 2013,rst cause:4, boot mode:(3,7)

wdt reset
load 0x4010f000, len 1384, room 16 
tail 8
chksum 0x2d
csum 0x2d
v8b899c12
~ld


6.01
 0h00:07.277 2022/11/21T12:46:12z: DS3231
 0h00:07.292 2022/11/21T12:46:12z: BME280 (0x76)
 0h00:07.306 2022/11/21T12:46:12z: 84:f3:eb:7d:7:a8
 0h00:07.308 2022/11/21T12:46:12z: SSID: MU Open
 0h00:07.313 2022/11/21T12:46:12z: AP_STAR tmr
 ets Jan  8 2013,rst cause:4, boot mode:(3,7)

wdt reset
load 0x4010f000, len 1384, room 16 
tail 8
chksum 0x2d
csum 0x2d
v8b899c12
~ld


6.01
 0h00:07.540 2022/11/21T13:06:22z: DS3231
 0h00:07.556 2022/11/21T13:06:22z: BME280 (0x76)
 0h00:07.570 2022/11/21T13:06:22z: 84:f3:eb:7d:7:a8
 0h00:07.571 2022/11/21T13:06:22z: SSID: MU Open
 0h00:07.577 2022/11/21T13:06:22z: AP_STAR tmr
 ets Jan  8 2013,rst cause:4, boot mode:(3,7)

wdt reset
load 0x4010f000, len 1384, room 16 
tail 8
chksum 0x2d
csum 0x2d
v8b899c12
~ld


6.01
 0h00:07.209 2022/11/21T13:26:32z: DS3231
 0h00:07.224 2022/11/21T13:26:32z: BME280 (0x76)
 0h00:07.239 2022/11/21T13:26:32z: 84:f3:eb:7d:7:a8
 0h00:07.240 2022/11/21T13:26:32z: SSID: MU Open
 0h00:07.245 2022/11/21T13:26:32z: AP_STAR tmr
 ets Jan  8 2013,rst cause:4, boot mode:(3,7)

wdt reset
load 0x4010f000, len 1384, room 16 
tail 8
chksum 0x2d
csum 0x2d
v8b899c12
~ld


6.01
 0h00:07.654 2022/11/21T13:46:42z: DS3231
 0h00:07.670 2022/11/21T13:46:42z: BME280 (0x76)
 0h00:07.684 2022/11/21T13:46:42z: 84:f3:eb:7d:7:a8
 0h00:07.685 2022/11/21T13:46:43z: SSID: MU Open
 0h00:07.691 2022/11/21T13:46:43z: AP_STAR tmr
 ets Jan  8 2013,rst cause:4, boot mode:(3,7)

wdt reset
load 0x4010f000, len 1384, room 16 
tail 8
chksum 0x2d
csum 0x2d
v8b899c12
~ld


6.01
 0h00:07.780 2022/11/21T14:06:53z: DS3231
 0h00:07.795 2022/11/21T14:06:53z: BME280 (0x76)
 0h00:07.809 2022/11/21T14:06:53z: 84:f3:eb:7d:7:a8
 0h00:07.811 2022/11/21T14:06:53z: SSID: MU Open
 0h00:07.816 2022/11/21T14:06:53z: AP_STAR tmr
 ets Jan  8 2013,rst cause:4, boot mode:(3,7)

wdt reset
load 0x4010f000, len 1384, room 16 
tail 8
chksum 0x2d
csum 0x2d
v8b899c12
~ld


6.01
 0h00:07.219 2022/11/21T14:27:04z: DS3231
 0h00:07.234 2022/11/21T14:27:04z: BME280 (0x76)
 0h00:07.249 2022/11/21T14:27:04z: 84:f3:eb:7d:7:a8
 0h00:07.250 2022/11/21T14:27:04z: SSID: MU Open
 0h00:07.255 2022/11/21T14:27:04z: AP_STAR tmr
 ets Jan  8 2013,rst cause:4, boot mode:(3,7)

wdt reset
load 0x4010f000, len 1384, room 16 
tail 8
chksum 0x2d
csum 0x2d
v8b899c12
~ld


6.01
 0h00:06.961 2022/11/21T14:47:14z: DS3231
 0h00:06.976 2022/11/21T14:47:14z: BME280 (0x76)
 0h00:06.990 2022/11/21T14:47:14z: 84:f3:eb:7d:7:a8
 0h00:06.992 2022/11/21T14:47:14z: SSID: MU Open
 0h00:06.997 2022/11/21T14:47:14z: AP_STAR tmr
 ets Jan  8 2013,rst cause:4, boot mode:(3,7)

wdt reset
load 0x4010f000, len 1384, room 16 
tail 8
chksum 0x2d
csum 0x2d
v8b899c12
~ld


6.01
 0h00:07.194 2022/11/21T15:07:24z: DS3231
 0h00:07.209 2022/11/21T15:07:24z: BME280 (0x76)
 0h00:07.223 2022/11/21T15:07:24z: 84:f3:eb:7d:7:a8
 0h00:07.225 2022/11/21T15:07:24z: SSID: MU Open
 0h00:07.230 2022/11/21T15:07:24z: AP_STAR tmr
 ets Jan  8 2013,rst cause:4, boot mode:(3,7)

wdt reset
load 0x4010f000, len 1384, room 16 
tail 8
chksum 0x2d
csum 0x2d
v8b899c12
~ld


6.01
 0h00:07.032 2022/11/21T15:27:34z: DS3231
 0h00:07.048 2022/11/21T15:27:34z: BME280 (0x76)
 0h00:07.062 2022/11/21T15:27:34z: 84:f3:eb:7d:7:a8
 0h00:07.064 2022/11/21T15:27:34z: SSID: MU Open
 0h00:07.069 2022/11/21T15:27:34z: AP_STAR tmr
 ets Jan  8 2013,rst cause:4, boot mode:(3,7)

wdt reset
load 0x4010f000, len 1384, room 16 
tail 8
chksum 0x2d
csum 0x2d
v8b899c12
~ld


6.01
 0h00:07.029 2022/11/21T15:47:43z: DS3231
 0h00:07.044 2022/11/21T15:47:43z: BME280 (0x76)
 0h00:07.058 2022/11/21T15:47:43z: 84:f3:eb:7d:7:a8
 0h00:07.060 2022/11/21T15:47:43z: SSID: MU Open
 0h00:07.065 2022/11/21T15:47:43z: AP_STAR tmr
 ets Jan  8 2013,rst cause:4, boot mode:(3,7)

wdt reset
load 0x4010f000, len 1384, room 16 
tail 8
chksum 0x2d
csum 0x2d
v8b899c12
~ld


6.01
 0h00:07.118 2022/11/21T16:07:52z: DS3231
 0h00:07.133 2022/11/21T16:07:52z: BME280 (0x76)
 0h00:07.147 2022/11/21T16:07:52z: 84:f3:eb:7d:7:a8
 0h00:07.149 2022/11/21T16:07:52z: SSID: MU Open
 0h00:07.154 2022/11/21T16:07:52z: AP_STAR tmr
 ets Jan  8 2013,rst cause:4, boot mode:(3,7)

wdt reset
load 0x4010f000, len 1384, room 16 
tail 8
chksum 0x2d
csum 0x2d
v8b899c12
~ld


6.01
 0h00:06.753 2022/11/21T16:28:01z: DS3231
 0h00:06.768 2022/11/21T16:28:01z: BME280 (0x76)
 0h00:06.782 2022/11/21T16:28:01z: 84:f3:eb:7d:7:a8
 0h00:06.784 2022/11/21T16:28:01z: SSID: MU Open
 0h00:06.789 2022/11/21T16:28:01z: AP_STAR tmr
 ets Jan  8 2013,rst cause:4, boot mode:(3,7)

wdt reset
load 0x4010f000, len 1384, room 16 
tail 8
chksum 0x2d
csum 0x2d
v8b899c12
~ld


6.01
 0h00:06.686 2022/11/21T16:48:11z: DS3231
 0h00:06.702 2022/11/21T16:48:11z: BME280 (0x76)
 0h00:06.716 2022/11/21T16:48:11z: 84:f3:eb:7d:7:a8
 0h00:06.718 2022/11/21T16:48:11z: SSID: MU Open
 0h00:06.723 2022/11/21T16:48:11z: AP_STAR tmr
 ets Jan  8 2013,rst cause:4, boot mode:(3,7)

wdt reset
load 0x4010f000, len 1384, room 16 
tail 8
chksum 0x2d
csum 0x2d
v8b899c12
~ld


6.01
 0h00:06.808 2022/11/21T17:08:20z: DS3231
 0h00:06.823 2022/11/21T17:08:20z: BME280 (0x76)
 0h00:06.838 2022/11/21T17:08:20z: 84:f3:eb:7d:7:a8
 0h00:06.839 2022/11/21T17:08:20z: SSID: MU Open
 0h00:06.844 2022/11/21T17:08:20z: AP_STAR tmr
 ets Jan  8 2013,rst cause:4, boot mode:(3,7)

wdt reset
load 0x4010f000, len 1384, room 16 
tail 8
chksum 0x2d
csum 0x2d
v8b899c12
~ld


6.01
 0h00:07.060 2022/11/21T17:28:29z: DS3231
 0h00:07.075 2022/11/21T17:28:29z: BME280 (0x76)
 0h00:07.089 2022/11/21T17:28:29z: 84:f3:eb:7d:7:a8
 0h00:07.091 2022/11/21T17:28:29z: SSID: MU Open
 0h00:07.096 2022/11/21T17:28:29z: AP_STAR tmr
 ets Jan  8 2013,rst cause:4, boot mode:(3,7)

wdt reset
load 0x4010f000, len 1384, room 16 
tail 8
chksum 0x2d
csum 0x2d
v8b899c12
~ld


6.01
 0h00:06.989 2022/11/21T17:48:38z: DS3231
 0h00:07.004 2022/11/21T17:48:38z: BME280 (0x76)
 0h00:07.018 2022/11/21T17:48:38z: 84:f3:eb:7d:7:a8
 0h00:07.020 2022/11/21T17:48:38z: SSID: MU Open
 0h00:07.025 2022/11/21T17:48:38z: AP_STAR tmr
 ets Jan  8 2013,rst cause:4, boot mode:(3,7)

wdt reset
load 0x4010f000, len 1384, room 16 
tail 8
chksum 0x2d
csum 0x2d
v8b899c12
~ld


6.01
 0h00:06.975 2022/11/21T18:08:48z: DS3231
 0h00:06.991 2022/11/21T18:08:48z: BME280 (0x76)
 0h00:07.005 2022/11/21T18:08:48z: 84:f3:eb:7d:7:a8
 0h00:07.007 2022/11/21T18:08:48z: SSID: MU Open
 0h00:07.012 2022/11/21T18:08:48z: AP_STAR tmr
 ets Jan  8 2013,rst cause:4, boot mode:(3,7)

wdt reset
load 0x4010f000, len 1384, room 16 
tail 8
chksum 0x2d
csum 0x2d
v8b899c12
~ld


6.01
 0h00:06.591 2022/11/21T18:28:56z: DS3231
 0h00:06.607 2022/11/21T18:28:56z: BME280 (0x76)
 0h00:06.621 2022/11/21T18:28:56z: 84:f3:eb:7d:7:a8
 0h00:06.623 2022/11/21T18:28:56z: SSID: MU Open
 0h00:06.628 2022/11/21T18:28:56z: AP_STAR tmr
 ets Jan  8 2013,rst cause:4, boot mode:(3,7)

wdt reset
load 0x4010f000, len 1384, room 16 
tail 8
chksum 0x2d
csum 0x2d
v8b899c12
~ld


6.01
 0h00:06.532 2022/11/21T18:49:05z: DS3231
 0h00:06.547 2022/11/21T18:49:05z: BME280 (0x76)
 0h00:06.561 2022/11/21T18:49:05z: 84:f3:eb:7d:7:a8
 0h00:06.563 2022/11/21T18:49:05z: SSID: MU Open
 0h00:06.568 2022/11/21T18:49:05z: AP_STAR tmr
 ets Jan  8 2013,rst cause:4, boot mode:(3,7)

wdt reset
load 0x4010f000, len 1384, room 16 
tail 8
chksum 0x2d
csum 0x2d
v8b899c12
~ld


6.01
 0h00:06.429 2022/11/21T19:09:14z: DS3231
 0h00:06.444 2022/11/21T19:09:14z: BME280 (0x76)
 0h00:06.458 2022/11/21T19:09:14z: 84:f3:eb:7d:7:a8
 0h00:06.460 2022/11/21T19:09:14z: SSID: MU Open
 0h00:06.465 2022/11/21T19:09:14z: AP_STAR tmr
 ets Jan  8 2013,rst cause:4, boot mode:(3,7)

wdt reset
load 0x4010f000, len 1384, room 16 
tail 8
chksum 0x2d
csum 0x2d
v8b899c12
~ld


6.01
 0h00:06.486 2022/11/21T19:29:22z: DS3231
 0h00:06.502 2022/11/21T19:29:22z: BME280 (0x76)
 0h00:06.516 2022/11/21T19:29:22z: 84:f3:eb:7d:7:a8
 0h00:06.518 2022/11/21T19:29:22z: SSID: MU Open
 0h00:06.523 2022/11/21T19:29:22z: AP_STAR tmr
 ets Jan  8 2013,rst cause:4, boot mode:(3,7)

wdt reset
load 0x4010f000, len 1384, room 16 
tail 8
chksum 0x2d
csum 0x2d
v8b899c12
~ld


6.01
 0h00:06.485 2022/11/21T19:49:31z: DS3231
 0h00:06.501 2022/11/21T19:49:31z: BME280 (0x76)
 0h00:06.515 2022/11/21T19:49:31z: 84:f3:eb:7d:7:a8
 0h00:06.517 2022/11/21T19:49:31z: SSID: MU Open
 0h00:06.522 2022/11/21T19:49:31z: AP_STAR tmr
 ets Jan  8 2013,rst cause:4, boot mode:(3,7)

wdt reset
load 0x4010f000, len 1384, room 16 
tail 8
chksum 0x2d
csum 0x2d
v8b899c12
~ld


6.01
 0h00:06.577 2022/11/21T20:09:40z: DS3231
 0h00:06.592 2022/11/21T20:09:40z: BME280 (0x76)
 0h00:06.606 2022/11/21T20:09:40z: 84:f3:eb:7d:7:a8
 0h00:06.608 2022/11/21T20:09:40z: SSID: MU Open
 0h00:06.613 2022/11/21T20:09:40z: AP_STAR tmr
 ets Jan  8 2013,rst cause:4, boot mode:(3,7)

wdt reset
load 0x4010f000, len 1384, room 16 
tail 8
chksum 0x2d
csum 0x2d
v8b899c12
~ld


6.01
 0h00:06.124 2022/11/21T20:29:48z: DS3231
 0h00:06.139 2022/11/21T20:29:48z: BME280 (0x76)
 0h00:06.154 2022/11/21T20:29:48z: 84:f3:eb:7d:7:a8
 0h00:06.155 2022/11/21T20:29:48z: SSID: MU Open
 0h00:06.160 2022/11/21T20:29:48z: AP_STAR tmr
 ets Jan  8 2013,rst cause:4, boot mode:(3,7)

wdt reset
load 0x4010f000, len 1384, room 16 
tail 8
chksum 0x2d
csum 0x2d
v8b899c12
~ld


6.01
 0h00:05.863 2022/11/21T20:49:55z: DS3231
 0h00:05.879 2022/11/21T20:49:55z: BME280 (0x76)
 0h00:05.893 2022/11/21T20:49:55z: 84:f3:eb:7d:7:a8
 0h00:05.895 2022/11/21T20:49:55z: SSID: MU Open
 0h00:05.900 2022/11/21T20:49:55z: AP_STAR tmr
 ets Jan  8 2013,rst cause:4, boot mode:(3,7)

wdt reset
load 0x4010f000, len 1384, room 16 
tail 8
chksum 0x2d
csum 0x2d
v8b899c12
~ld


6.01
 0h00:06.119 2022/11/21T21:10:02z: DS3231
 0h00:06.135 2022/11/21T21:10:02z: BME280 (0x76)
 0h00:06.149 2022/11/21T21:10:02z: 84:f3:eb:7d:7:a8
 0h00:06.151 2022/11/21T21:10:02z: SSID: MU Open
 0h00:06.156 2022/11/21T21:10:02z: AP_STAR tmr
 ets Jan  8 2013,rst cause:4, boot mode:(3,7)

wdt reset
load 0x4010f000, len 1384, room 16 
tail 8
chksum 0x2d
csum 0x2d
v8b899c12
~ld


6.01
 0h00:05.427 2022/11/21T21:30:09z: DS3231
 0h00:05.442 2022/11/21T21:30:09z: BME280 (0x76)
 0h00:05.456 2022/11/21T21:30:09z: 84:f3:eb:7d:7:a8
 0h00:05.458 2022/11/21T21:30:09z: SSID: MU Open
 0h00:05.463 2022/11/21T21:30:09z: AP_STAR tmr
 ets Jan  8 2013,rst cause:4, boot mode:(3,7)

wdt reset
load 0x4010f000, len 1384, room 16 
tail 8
chksum 0x2d
csum 0x2d
v8b899c12
~ld


6.01
 0h00:05.521 2022/11/21T21:50:15z: DS3231
 0h00:05.537 2022/11/21T21:50:15z: BME280 (0x76)
 0h00:05.551 2022/11/21T21:50:15z: 84:f3:eb:7d:7:a8
 0h00:05.553 2022/11/21T21:50:15z: SSID: MU Open
 0h00:05.558 2022/11/21T21:50:15z: AP_STAR tmr
 ets Jan  8 2013,rst cause:4, boot mode:(3,7)

wdt reset
load 0x4010f000, len 1384, room 16 
tail 8
chksum 0x2d
csum 0x2d
v8b899c12
~ld


6.01
 0h00:05.454 2022/11/21T22:10:21z: DS3231
 0h00:05.469 2022/11/21T22:10:21z: BME280 (0x76)
 0h00:05.483 2022/11/21T22:10:21z: 84:f3:eb:7d:7:a8
 0h00:05.485 2022/11/21T22:10:21z: SSID: MU Open
 0h00:05.490 2022/11/21T22:10:21z: AP_STAR tmr
 ets Jan  8 2013,rst cause:4, boot mode:(3,7)

wdt reset
load 0x4010f000, len 1384, room 16 
tail 8
chksum 0x2d
csum 0x2d
v8b899c12
~ld


6.01
 0h00:06.143 2022/11/21T22:30:29z: DS3231
 0h00:06.158 2022/11/21T22:30:29z: BME280 (0x76)
 0h00:06.172 2022/11/21T22:30:29z: 84:f3:eb:7d:7:a8
 0h00:06.174 2022/11/21T22:30:29z: SSID: MU Open
 0h00:06.179 2022/11/21T22:30:29z: AP_STAR tmr
 ets Jan  8 2013,rst cause:4, boot mode:(3,7)

wdt reset
load 0x4010f000, len 1384, room 16 
tail 8
chksum 0x2d
csum 0x2d
v8b899c12
~ld


6.01
 0h00:06.214 2022/11/21T22:50:37z: DS3231
 0h00:06.229 2022/11/21T22:50:37z: BME280 (0x76)
 0h00:06.243 2022/11/21T22:50:37z: 84:f3:eb:7d:7:a8
 0h00:06.245 2022/11/21T22:50:37z: SSID: MU Open
 0h00:06.250 2022/11/21T22:50:37z: AP_STAR tmr
 ets Jan  8 2013,rst cause:4, boot mode:(3,7)

wdt reset
load 0x4010f000, len 1384, room 16 
tail 8
chksum 0x2d
csum 0x2d
v8b899c12
~ld


6.01
 0h00:05.661 2022/11/21T23:10:44z: DS3231
 0h00:05.676 2022/11/21T23:10:44z: BME280 (0x76)
 0h00:05.690 2022/11/21T23:10:44z: 84:f3:eb:7d:7:a8
 0h00:05.692 2022/11/21T23:10:44z: SSID: MU Open
 0h00:05.697 2022/11/21T23:10:44z: AP_STAR tmr
 ets Jan  8 2013,rst cause:4, boot mode:(3,7)

wdt reset
load 0x4010f000, len 1384, room 16 
tail 8
chksum 0x2d
csum 0x2d
v8b899c12
~ld


6.01
 0h00:05.724 2022/11/21T23:30:51z: DS3231
 0h00:05.739 2022/11/21T23:30:51z: BME280 (0x76)
 0h00:05.753 2022/11/21T23:30:51z: 84:f3:eb:7d:7:a8
 0h00:05.755 2022/11/21T23:30:51z: SSID: MU Open
 0h00:05.760 2022/11/21T23:30:51z: AP_STAR tmr
 ets Jan  8 2013,rst cause:4, boot mode:(3,7)

wdt reset
load 0x4010f000, len 1384, room 16 
tail 8
chksum 0x2d
csum 0x2d
v8b899c12
~ld


6.01
 0h00:05.671 2022/11/21T23:50:57z: DS3231
 0h00:05.686 2022/11/21T23:50:57z: BME280 (0x76)
 0h00:05.700 2022/11/21T23:50:57z: 84:f3:eb:7d:7:a8
 0h00:05.702 2022/11/21T23:50:57z: SSID: MU Open
 0h00:05.707 2022/11/21T23:50:57z: AP_STA