R tmr
 ets Jan  8 2013,rst cause:4, boot mode:(3,7)

wdt reset
load 0x4010f000, len 1384, room 16 
tail 8
chksum 0x2d
csum 0x2d
v8b899c12
~ld


6.01
 0h00:04.655 2022/06/23T00:00:49z: DS3231
 0h00:04.671 2022/06/23T00:00:49z: BME280 (0x76)
 0h00:04.685 2022/06/23T00:00:49z: 84:f3:eb:7d:7:a8
 0h00:04.687 2022/06/23T00:00:49z: SSID: MU Open
 0h00:04.692 2022/06/23T00:00:49z: AP_STAR tmr
 ets Jan  8 2013,rst cause:4, boot mode:(3,7)

wdt reset
load 0x4010f000, len 1384, room 16 
tail 8
chksum 0x2d
csum 0x2d
v8b899c12
~ld


6.01
 0h00:04.795 2022/06/23T00:20:51z: DS3231
 0h00:04.810 2022/06/23T00:20:52z: BME280 (0x76)
 0h00:04.824 2022/06/23T00:20:52z: 84:f3:eb:7d:7:a8
 0h00:04.826 2022/06/23T00:20:52z: SSID: MU Open
 0h00:04.831 2022/06/23T00:20:52z: AP_STAR tmr
 ets Jan  8 2013,rst cause:4, boot mode:(3,7)

wdt reset
load 0x4010f000, len 1384, room 16 
tail 8
chksum 0x2d
csum 0x2d
v8b899c12
~ld


6.01
 0h00:04.868 2022/06/23T00:40:54z: DS3231
 0h00:04.884 2022/06/23T00:40:54z: BME280 (0x76)
 0h00:04.898 2022/06/23T00:40:54z: 84:f3:eb:7d:7:a8
 0h00:04.900 2022/06/23T00:40:54z: SSID: MU Open
 0h00:04.905 2022/06/23T00:40:54z: AP_STAR tmr
 ets Jan  8 2013,rst cause:4, boot mode:(3,7)

wdt reset
load 0x4010f000, len 1384, room 16 
tail 8
chksum 0x2d
csum 0x2d
v8b899c12
~ld


6.01
 0h00:04.882 2022/06/23T01:00:57z: DS3231
 0h00:04.897 2022/06/23T01:00:57z: BME280 (0x76)
 0h00:04.911 2022/06/23T01:00:57z: 84:f3:eb:7d:7:a8
 0h00:04.913 2022/06/23T01:00:57z: SSID: MU Open
 0h00:04.918 2022/06/23T01:00:57z: AP_STAR tmr
 ets Jan  8 2013,rst cause:4, boot mode:(3,7)

wdt reset
load 0x4010f000, len 1384, room 16 
tail 8
chksum 0x2d
csum 0x2d
v8b899c12
~ld


6.01
 0h00:05.015 2022/06/23T01:20:59z: DS3231
 0h00:05.030 2022/06/23T01:20:59z: BME280 (0x76)
 0h00:05.044 2022/06/23T01:20:59z: 84:f3:eb:7d:7:a8
 0h00:05.046 2022/06/23T01:20:59z: SSID: MU Open
 0h00:05.051 2022/06/23T01:20:59z: AP_STAR tmr
 ets Jan  8 2013,rst cause:4, boot mode:(3,7)

wdt reset
load 0x4010f000, len 1384, room 16 
tail 8
chksum 0x2d
csum 0x2d
v8b899c12
~ld


6.01
 0h00:04.692 2022/06/23T01:41:02z: DS3231
 0h00:04.708 2022/06/23T01:41:02z: BME280 (0x76)
 0h00:04.722 2022/06/23T01:41:02z: 84:f3:eb:7d:7:a8
 0h00:04.724 2022/06/23T01:41:02z: SSID: MU Open
 0h00:04.729 2022/06/23T01:41:02z: AP_STAR tmr
 ets Jan  8 2013,rst cause:4, boot mode:(3,7)

wdt reset
load 0x4010f000, len 1384, room 16 
tail 8
chksum 0x2d
csum 0x2d
v8b899c12
~ld


6.01
 0h00:04.764 2022/06/23T02:01:04z: DS3231
 0h00:04.780 2022/06/23T02:01:04z: BME280 (0x76)
 0h00:04.794 2022/06/23T02:01:04z: 84:f3:eb:7d:7:a8
 0h00:04.795 2022/06/23T02:01:04z: SSID: MU Open
 0h00:04.801 2022/06/23T02:01:04z: AP_STAR tmr
 ets Jan  8 2013,rst cause:4, boot mode:(3,7)

wdt reset
load 0x4010f000, len 1384, room 16 
tail 8
chksum 0x2d
csum 0x2d
v8b899c12
~ld


6.01
 0h00:05.098 2022/06/23T02:21:07z: DS3231
 0h00:05.113 2022/06/23T02:21:07z: BME280 (0x76)
 0h00:05.128 2022/06/23T02:21:07z: 84:f3:eb:7d:7:a8
 0h00:05.129 2022/06/23T02:21:07z: SSID: MU Open
 0h00:05.134 2022/06/23T02:21:07z: AP_STAR tmr
 ets Jan  8 2013,rst cause:4, boot mode:(3,7)

wdt reset
load 0x4010f000, len 1384, room 16 
tail 8
chksum 0x2d
csum 0x2d
v8b899c12
~ld


6.01
 0h00:04.929 2022/06/23T02:41:10z: DS3231
 0h00:04.944 2022/06/23T02:41:10z: BME280 (0x76)
 0h00:04.958 2022/06/23T02:41:10z: 84:f3:eb:7d:7:a8
 0h00:04.960 2022/06/23T02:41:10z: SSID: MU Open
 0h00:04.965 2022/06/23T02:41:10z: AP_STAR tmr
 ets Jan  8 2013,rst cause:4, boot mode:(3,7)

wdt reset
load 0x4010f000, len 1384, room 16 
tail 8
chksum 0x2d
csum 0x2d
v8b899c12
~ld


6.01
 0h00:05.083 2022/06/23T03:01:13z: DS3231
 0h00:05.098 2022/06/23T03:01:13z: BME280 (0x76)
 0h00:05.113 2022/06/23T03:01:13z: 84:f3:eb:7d:7:a8
 0h00:05.114 2022/06/23T03:01:13z: SSID: MU Open
 0h00:05.119 2022/06/23T03:01:13z: AP_STAR tmr
 ets Jan  8 2013,rst cause:4, boot mode:(3,7)

wdt reset
load 0x4010f000, len 1384, room 16 
tail 8
chksum 0x2d
csum 0x2d
v8b899c12
~ld


6.01
 0h00:05.025 2022/06/23T03:21:16z: DS3231
 0h00:05.040 2022/06/23T03:21:16z: BME280 (0x76)
 0h00:05.055 2022/06/23T03:21:16z: 84:f3:eb:7d:7:a8
 0h00:05.056 2022/06/23T03:21:16z: SSID: MU Open
 0h00:05.061 2022/06/23T03:21:16z: AP_STAR tmr
 ets Jan  8 2013,rst cause:4, boot mode:(3,7)

wdt reset
load 0x4010f000, len 1384, room 16 
tail 8
chksum 0x2d
csum 0x2d
v8b899c12
~ld


6.01
 0h00:04.890 2022/06/23T03:41:19z: DS3231
 0h00:04.906 2022/06/23T03:41:19z: BME280 (0x76)
 0h00:04.920 2022/06/23T03:41:19z: 84:f3:eb:7d:7:a8
 0h00:04.922 2022/06/23T03:41:19z: SSID: MU Open
 0h00:04.927 2022/06/23T03:41:19z: AP_STAR tmr
 ets Jan  8 2013,rst cause:4, boot mode:(3,7)

wdt reset
load 0x4010f000, len 1384, room 16 
tail 8
chksum 0x2d
csum 0x2d
v8b899c12
~ld


6.01
 0h00:04.752 2022/06/23T04:01:22z: DS3231
 0h00:04.767 2022/06/23T04:01:22z: BME280 (0x76)
 0h00:04.781 2022/06/23T04:01:22z: 84:f3:eb:7d:7:a8
 0h00:04.783 2022/06/23T04:01:22z: SSID: MU Open
 0h00:04.788 2022/06/23T04:01:22z: AP_STAR tmr
 ets Jan  8 2013,rst cause:4, boot mode:(3,7)

wdt reset
load 0x4010f000, len 1384, room 16 
tail 8
chksum 0x2d
csum 0x2d
v8b899c12
~ld


6.01
 0h00:04.734 2022/06/23T04:21:25z: DS3231
 0h00:04.749 2022/06/23T04:21:25z: BME280 (0x76)
 0h00:04.763 2022/06/23T04:21:25z: 84:f3:eb:7d:7:a8
 0h00:04.765 2022/06/23T04:21:25z: SSID: MU Open
 0h00:04.770 2022/06/23T04:21:25z: AP_STAR tmr
 ets Jan  8 2013,rst cause:4, boot mode:(3,7)

wdt reset
load 0x4010f000, len 1384, room 16 
tail 8
chksum 0x2d
csum 0x2d
v8b899c12
~ld


6.01
 0h00:04.998 2022/06/23T04:41:28z: DS3231
 0h00:05.013 2022/06/23T04:41:28z: BME280 (0x76)
 0h00:05.027 2022/06/23T04:41:28z: 84:f3:eb:7d:7:a8
 0h00:05.029 2022/06/23T04:41:28z: SSID: MU Open
 0h00:05.034 2022/06/23T04:41:28z: AP_STAR tmr
 ets Jan  8 2013,rst cause:4, boot mode:(3,7)

wdt reset
load 0x4010f000, len 1384, room 16 
tail 8
chksum 0x2d
csum 0x2d
v8b899c12
~ld


6.01
 0h00:04.941 2022/06/23T05:01:31z: DS3231
 0h00:04.956 2022/06/23T05:01:31z: BME280 (0x76)
 0h00:04.970 2022/06/23T05:01:31z: 84:f3:eb:7d:7:a8
 0h00:04.972 2022/06/23T05:01:31z: SSID: MU Open
 0h00:04.977 2022/06/23T05:01:31z: AP_STAR tmr
 ets Jan  8 2013,rst cause:4, boot mode:(3,7)

wdt reset
load 0x4010f000, len 1384, room 16 
tail 8
chksum 0x2d
csum 0x2d
v8b899c12
~ld


6.01
 0h00:04.616 2022/06/23T05:21:34z: DS3231
 0h00:04.632 2022/06/23T05:21:34z: BME280 (0x76)
 0h00:04.646 2022/06/23T05:21:34z: 84:f3:eb:7d:7:a8
 0h00:04.647 2022/06/23T05:21:34z: SSID: MU Open
 0h00:04.653 2022/06/23T05:21:34z: AP_STAR tmr
 ets Jan  8 2013,rst cause:4, boot mode:(3,7)

wdt reset
load 0x4010f000, len 1384, room 16 
tail 8
chksum 0x2d
csum 0x2d
v8b899c12
~ld


6.01
 0h00:05.032 2022/06/23T05:41:37z: DS3231
 0h00:05.047 2022/06/23T05:41:37z: BME280 (0x76)
 0h00:05.061 2022/06/23T05:41:37z: 84:f3:eb:7d:7:a8
 0h00:05.063 2022/06/23T05:41:37z: SSID: MU Open
 0h00:05.068 2022/06/23T05:41:37z: AP_STAR tmr
 ets Jan  8 2013,rst cause:4, boot mode:(3,7)

wdt reset
load 0x4010f000, len 1384, room 16 
tail 8
chksum 0x2d
csum 0x2d
v8b899c12
~ld


6.01
 0h00:04.902 2022/06/23T06:01:40z: DS3231
 0h00:04.917 2022/06/23T06:01:40z: BME280 (0x76)
 0h00:04.932 2022/06/23T06:01:40z: 84:f3:eb:7d:7:a8
 0h00:04.933 2022/06/23T06:01:40z: SSID: MU Open
 0h00:04.938 2022/06/23T06:01:40z: AP_STAR tmr
 ets Jan  8 2013,rst cause:4, boot mode:(3,7)

wdt reset
load 0x4010f000, len 1384, room 16 
tail 8
chksum 0x2d
csum 0x2d
v8b899c12
~ld


6.01
 0h00:04.835 2022/06/23T06:21:42z: DS3231
 0h00:04.850 2022/06/23T06:21:42z: BME280 (0x76)
 0h00:04.864 2022/06/23T06:21:42z: 84:f3:eb:7d:7:a8
 0h00:04.866 2022/06/23T06:21:42z: SSID: MU Open
 0h00:04.871 2022/06/23T06:21:43z: AP_STAR tmr
 ets Jan  8 2013,rst cause:4, boot mode:(3,7)

wdt reset
load 0x4010f000, len 1384, room 16 
tail 8
chksum 0x2d
csum 0x2d
v8b899c12
~ld


6.01
 0h00:04.798 2022/06/23T06:41:45z: DS3231
 0h00:04.813 2022/06/23T06:41:45z: BME280 (0x76)
 0h00:04.827 2022/06/23T06:41:45z: 84:f3:eb:7d:7:a8
 0h00:04.829 2022/06/23T06:41:45z: SSID: MU Open
 0h00:04.834 2022/06/23T06:41:45z: AP_STAR tmr
 ets Jan  8 2013,rst cause:4, boot mode:(3,7)

wdt reset
load 0x4010f000, len 1384, room 16 
tail 8
chksum 0x2d
csum 0x2d
v8b899c12
~ld


6.01
 0h00:05.040 2022/06/23T07:01:49z: DS3231
 0h00:05.055 2022/06/23T07:01:49z: BME280 (0x76)
 0h00:05.069 2022/06/23T07:01:49z: 84:f3:eb:7d:7:a8
 0h00:05.071 2022/06/23T07:01:49z: SSID: MU Open
 0h00:05.076 2022/06/23T07:01:49z: AP_STAR tmr
 ets Jan  8 2013,rst cause:4, boot mode:(3,7)

wdt reset
load 0x4010f000, len 1384, room 16 
tail 8
chksum 0x2d
csum 0x2d
v8b899c12
~ld


6.01
 0h00:04.677 2022/06/23T07:21:51z: DS3231
 0h00:04.692 2022/06/23T07:21:51z: BME280 (0x76)
 0h00:04.706 2022/06/23T07:21:51z: 84:f3:eb:7d:7:a8
 0h00:04.708 2022/06/23T07:21:51z: SSID: MU Open
 0h00:04.713 2022/06/23T07:21:51z: AP_STAR tmr
 ets Jan  8 2013,rst cause:4, boot mode:(3,7)

wdt reset
load 0x4010f000, len 1384, room 16 
tail 8
chksum 0x2d
csum 0x2d
v8b899c12
~ld


6.01
 0h00:04.946 2022/06/23T07:41:55z: DS3231
 0h00:04.961 2022/06/23T07:41:55z: BME280 (0x76)
 0h00:04.975 2022/06/23T07:41:55z: 84:f3:eb:7d:7:a8
 0h00:04.977 2022/06/23T07:41:55z: SSID: MU Open
 0h00:04.982 2022/06/23T07:41:55z: AP_STAR tmr
 ets Jan  8 2013,rst cause:4, boot mode:(3,7)

wdt reset
load 0x4010f000, len 1384, room 16 
tail 8
chksum 0x2d
csum 0x2d
v8b899c12
~ld


6.01
 0h00:04.951 2022/06/23T08:01:58z: DS3231
 0h00:04.966 2022/06/23T08:01:58z: BME280 (0x76)
 0h00:04.980 2022/06/23T08:01:58z: 84:f3:eb:7d:7:a8
 0h00:04.982 2022/06/23T08:01:58z: SSID: MU Open
 0h00:04.987 2022/06/23T08:01:58z: AP_STAR tmr
 ets Jan  8 2013,rst cause:4, boot mode:(3,7)

wdt reset
load 0x4010f000, len 1384, room 16 
tail 8
chksum 0x2d
csum 0x2d
v8b899c12
~ld


6.01
 0h00:05.054 2022/06/23T08:22:02z: DS3231
 0h00:05.069 2022/06/23T08:22:02z: BME280 (0x76)
 0h00:05.083 2022/06/23T08:22:02z: 84:f3:eb:7d:7:a8
 0h00:05.085 2022/06/23T08:22:02z: SSID: MU Open
 0h00:05.090 2022/06/23T08:22:02z: AP_STAR tmr
 ets Jan  8 2013,rst cause:4, boot mode:(3,7)

wdt reset
load 0x4010f000, len 1384, room 16 
tail 8
chksum 0x2d
csum 0x2d
v8b899c12
~ld


6.01
 0h00:05.220 2022/06/23T08:42:06z: DS3231
 0h00:05.236 2022/06/23T08:42:06z: BME280 (0x76)
 0h00:05.250 2022/06/23T08:42:06z: 84:f3:eb:7d:7:a8
 0h00:05.252 2022/06/23T08:42:06z: SSID: MU Open
 0h00:05.257 2022/06/23T08:42:06z: AP_STAR tmr
 ets Jan  8 2013,rst cause:4, boot mode:(3,7)

wdt reset
load 0x4010f000, len 1384, room 16 
tail 8
chksum 0x2d
csum 0x2d
v8b899c12
~ld


6.01
 0h00:05.110 2022/06/23T09:02:10z: DS3231
 0h00:05.125 2022/06/23T09:02:10z: BME280 (0x76)
 0h00:05.140 2022/06/23T09:02:10z: 84:f3:eb:7d:7:a8
 0h00:05.141 2022/06/23T09:02:10z: SSID: MU Open
 0h00:05.146 2022/06/23T09:02:10z: AP_STAR tmr
 ets Jan  8 2013,rst cause:4, boot mode:(3,7)

wdt reset
load 0x4010f000, len 1384, room 16 
tail 8
chksum 0x2d
csum 0x2d
v8b899c12
~ld


6.01
 0h00:05.089 2022/06/23T09:22:13z: DS3231
 0h00:05.105 2022/06/23T09:22:13z: BME280 (0x76)
 0h00:05.119 2022/06/23T09:22:13z: 84:f3:eb:7d:7:a8
 0h00:05.120 2022/06/23T09:22:13z: SSID: MU Open
 0h00:05.126 2022/06/23T09:22:13z: AP_STAR tmr
 ets Jan  8 2013,rst cause:4, boot mode:(3,7)

wdt reset
load 0x4010f000, len 1384, room 16 
tail 8
chksum 0x2d
csum 0x2d
v8b899c12
~ld


6.01
 0h00:05.077 2022/06/23T09:42:16z: DS3231
 0h00:05.092 2022/06/23T09:42:16z: BME280 (0x76)
 0h00:05.107 2022/06/23T09:42:16z: 84:f3:eb:7d:7:a8
 0h00:05.108 2022/06/23T09:42:16z: SSID: MU Open
 0h00:05.113 2022/06/23T09:42:16z: AP_STAR tmr
 ets Jan  8 2013,rst cause:4, boot mode:(3,7)

wdt reset
load 0x4010f000, len 1384, room 16 
tail 8
chksum 0x2d
csum 0x2d
v8b899c12
~ld


6.01
 0h00:05.037 2022/06/23T10:02:20z: DS3231
 0h00:05.052 2022/06/23T10:02:20z: BME280 (0x76)
 0h00:05.067 2022/06/23T10:02:20z: 84:f3:eb:7d:7:a8
 0h00:05.068 2022/06/23T10:02:20z: SSID: MU Open
 0h00:05.073 2022/06/23T10:02:20z: AP_STAR tmr
 ets Jan  8 2013,rst cause:4, boot mode:(3,7)

wdt reset
load 0x4010f000, len 1384, room 16 
tail 8
chksum 0x2d
csum 0x2d
v8b899c12
~ld


6.01
 0h00:05.048 2022/06/23T10:22:23z: DS3231
 0h00:05.063 2022/06/23T10:22:23z: BME280 (0x76)
 0h00:05.077 2022/06/23T10:22:23z: 84:f3:eb:7d:7:a8
 0h00:05.079 2022/06/23T10:22:23z: SSID: MU Open
 0h00:05.084 2022/06/23T10:22:23z: AP_STAR tmr
 ets Jan  8 2013,rst cause:4, boot mode:(3,7)

wdt reset
load 0x4010f000, len 1384, room 16 
tail 8
chksum 0x2d
csum 0x2d
v8b899c12
~ld


6.01
 0h00:05.127 2022/06/23T10:42:27z: DS3231
 0h00:05.142 2022/06/23T10:42:27z: BME280 (0x76)
 0h00:05.156 2022/06/23T10:42:27z: 84:f3:eb:7d:7:a8
 0h00:05.158 2022/06/23T10:42:27z: SSID: MU Open
 0h00:05.163 2022/06/23T10:42:27z: AP_STAR tmr
 ets Jan  8 2013,rst cause:4, boot mode:(3,7)

wdt reset
load 0x4010f000, len 1384, room 16 
tail 8
chksum 0x2d
csum 0x2d
v8b899c12
~ld


6.01
 0h00:05.053 2022/06/23T11:02:30z: DS3231
 0h00:05.068 2022/06/23T11:02:30z: BME280 (0x76)
 0h00:05.082 2022/06/23T11:02:30z: 84:f3:eb:7d:7:a8
 0h00:05.084 2022/06/23T11:02:30z: SSID: MU Open
 0h00:05.089 2022/06/23T11:02:30z: AP_STAR tmr
 ets Jan  8 2013,rst cause:4, boot mode:(3,7)

wdt reset
load 0x4010f000, len 1384, room 16 
tail 8
chksum 0x2d
csum 0x2d
v8b899c12
~ld


6.01
 0h00:05.218 2022/06/23T11:22:33z: DS3231
 0h00:05.234 2022/06/23T11:22:33z: BME280 (0x76)
 0h00:05.248 2022/06/23T11:22:33z: 84:f3:eb:7d:7:a8
 0h00:05.250 2022/06/23T11:22:33z: SSID: MU Open
 0h00:05.255 2022/06/23T11:22:33z: AP_STAR tmr
 ets Jan  8 2013,rst cause:4, boot mode:(3,7)

wdt reset
load 0x4010f000, len 1384, room 16 
tail 8
chksum 0x2d
csum 0x2d
v8b899c12
~ld


6.01
 0h00:05.033 2022/06/23T11:42:37z: DS3231
 0h00:05.048 2022/06/23T11:42:37z: BME280 (0x76)
 0h00:05.062 2022/06/23T11:42:37z: 84:f3:eb:7d:7:a8
 0h00:05.064 2022/06/23T11:42:37z: SSID: MU Open
 0h00:05.069 2022/06/23T11:42:37z: AP_STAR tmr
 ets Jan  8 2013,rst cause:4, boot mode:(3,7)

wdt reset
load 0x4010f000, len 1384, room 16 
tail 8
chksum 0x2d
csum 0x2d
v8b899c12
~ld


6.01
 0h00:04.612 2022/06/23T12:02:39z: DS3231
 0h00:04.627 2022/06/23T12:02:39z: BME280 (0x76)
 0h00:04.642 2022/06/23T12:02:39z: 84:f3:eb:7d:7:a8
 0h00:04.643 2022/06/23T12:02:39z: SSID: MU Open
 0h00:04.648 2022/06/23T12:02:39z: AP_STAR tmr
 ets Jan  8 2013,rst cause:4, boot mode:(3,7)

wdt reset
load 0x4010f000, len 1384, room 16 
tail 8
chksum 0x2d
csum 0x2d
v8b899c12
~ld


6.01
 0h00:05.003 2022/06/23T12:22:43z: DS3231
 0h00:05.019 2022/06/23T12:22:43z: BME280 (0x76)
 0h00:05.033 2022/06/23T12:22:43z: 84:f3:eb:7d:7:a8
 0h00:05.035 2022/06/23T12:22:43z: SSID: MU Open
 0h00:05.040 2022/06/23T12:22:43z: AP_STAR tmr
 ets Jan  8 2013,rst cause:4, boot mode:(3,7)

wdt reset
load 0x4010f000, len 1384, room 16 
tail 8
chksum 0x2d
csum 0x2d
v8b899c12
~ld


6.01
 0h00:05.039 2022/06/23T12:42:46z: DS3231
 0h00:05.054 2022/06/23T12:42:46z: BME280 (0x76)
 0h00:05.068 2022/06/23T12:42:46z: 84:f3:eb:7d:7:a8
 0h00:05.070 2022/06/23T12:42:46z: SSID: MU Open
 0h00:05.075 2022/06/23T12:42:46z: AP_STAR tmr
 ets Jan  8 2013,rst cause:4, boot mode:(3,7)

wdt reset
load 0x4010f000, len 1384, room 16 
tail 8
chksum 0x2d
csum 0x2d
v8b899c12
~ld


6.01
 0h00:04.736 2022/06/23T13:02:48z: DS3231
 0h00:04.751 2022/06/23T13:02:48z: BME280 (0x76)
 0h00:04.765 2022/06/23T13:02:48z: 84:f3:eb:7d:7:a8
 0h00:04.767 2022/06/23T13:02:48z: SSID: MU Open
 0h00:04.772 2022/06/23T13:02:48z: AP_STAR tmr
 ets Jan  8 2013,rst cause:4, boot mode:(3,7)

wdt reset
load 0x4010f000, len 1384, room 16 
tail 8
chksum 0x2d
csum 0x2d
v8b899c12
~ld


6.01
 0h00:05.054 2022/06/23T13:22:52z: DS3231
 0h00:05.070 2022/06/23T13:22:52z: BME280 (0x76)
 0h00:05.084 2022/06/23T13:22:52z: 84:f3:eb:7d:7:a8
 0h00:05.086 2022/06/23T13:22:52z: SSID: MU Open
 0h00:05.091 2022/06/23T13:22:52z: AP_STAR tmr
 ets Jan  8 2013,rst cause:4, boot mode:(3,7)

wdt reset
load 0x4010f000, len 1384, room 16 
tail 8
chksum 0x2d
csum 0x2d
v8b899c12
~ld


6.01
 0h00:05.008 2022/06/23T13:42:55z: DS3231
 0h00:05.023 2022/06/23T13:42:55z: BME280 (0x76)
 0h00:05.037 2022/06/23T13:42:55z: 84:f3:eb:7d:7:a8
 0h00:05.039 2022/06/23T13:42:55z: SSID: MU Open
 0h00:05.044 2022/06/23T13:42:55z: AP_STAR tmr
 ets Jan  8 2013,rst cause:4, boot mode:(3,7)

wdt reset
load 0x4010f000, len 1384, room 16 
tail 8
chksum 0x2d
csum 0x2d
v8b899c12
~ld


6.01
 0h00:04.956 2022/06/23T14:02:59z: DS3231
 0h00:04.971 2022/06/23T14:02:59z: BME280 (0x76)
 0h00:04.985 2022/06/23T14:02:59z: 84:f3:eb:7d:7:a8
 0h00:04.987 2022/06/23T14:02:59z: SSID: MU Open
 0h00:04.992 2022/06/23T14:02:59z: AP_STAR tmr
 ets Jan  8 2013,rst cause:4, boot mode:(3,7)

wdt reset
load 0x4010f000, len 1384, room 16 
tail 8
chksum 0x2d
csum 0x2d
v8b899c12
~ld


6.01
 0h00:04.848 2022/06/23T14:23:02z: DS3231
 0h00:04.864 2022/06/23T14:23:02z: BME280 (0x76)
 0h00:04.878 2022/06/23T14:23:02z: 84:f3:eb:7d:7:a8
 0h00:04.879 2022/06/23T14:23:02z: SSID: MU Open
 0h00:04.885 2022/06/23T14:23:02z: AP_STAR tmr
 ets Jan  8 2013,rst cause:4, boot mode:(3,7)

wdt reset
load 0x4010f000, len 1384, room 16 
tail 8
chksum 0x2d
csum 0x2d
v8b899c12
~ld


6.01
 0h00:04.909 2022/06/23T14:43:05z: DS3231
 0h00:04.924 2022/06/23T14:43:05z: BME280 (0x76)
 0h00:04.938 2022/06/23T14:43:05z: 84:f3:eb:7d:7:a8
 0h00:04.940 2022/06/23T14:43:05z: SSID: MU Open
 0h00:04.945 2022/06/23T14:43:05z: AP_STAR tmr
 ets Jan  8 2013,rst cause:4, boot mode:(3,7)

wdt reset
load 0x4010f000, len 1384, room 16 
tail 8
chksum 0x2d
csum 0x2d
v8b899c12
~ld


6.01
 0h00:04.902 2022/06/23T15:03:08z: DS3231
 0h00:04.917 2022/06/23T15:03:08z: BME280 (0x76)
 0h00:04.931 2022/06/23T15:03:08z: 84:f3:eb:7d:7:a8
 0h00:04.933 2022/06/23T15:03:08z: SSID: MU Open
 0h00:04.938 2022/06/23T15:03:08z: AP_STAR tmr
 ets Jan  8 2013,rst cause:4, boot mode:(3,7)

wdt reset
load 0x4010f000, len 1384, room 16 
tail 8
chksum 0x2d
csum 0x2d
v8b899c12
~ld


6.01
 0h00:04.883 2022/06/23T15:23:12z: DS3231
 0h00:04.899 2022/06/23T15:23:12z: BME280 (0x76)
 0h00:04.913 2022/06/23T15:23:12z: 84:f3:eb:7d:7:a8
 0h00:04.914 2022/06/23T15:23:12z: SSID: MU Open
 0h00:04.920 2022/06/23T15:23:12z: AP_STAR tmr
 ets Jan  8 2013,rst cause:4, boot mode:(3,7)

wdt reset
load 0x4010f000, len 1384, room 16 
tail 8
chksum 0x2d
csum 0x2d
v8b899c12
~ld


6.01
 0h00:04.985 2022/06/23T15:43:15z: DS3231
 0h00:05.000 2022/06/23T15:43:15z: BME280 (0x76)
 0h00:05.014 2022/06/23T15:43:15z: 84:f3:eb:7d:7:a8
 0h00:05.016 2022/06/23T15:43:15z: SSID: MU Open
 0h00:05.021 2022/06/23T15:43:15z: AP_STAR tmr
 ets Jan  8 2013,rst cause:4, boot mode:(3,7)

wdt reset
load 0x4010f000, len 1384, room 16 
tail 8
chksum 0x2d
csum 0x2d
v8b899c12
~ld


6.01
 0h00:04.557 2022/06/23T16:03:18z: DS3231
 0h00:04.572 2022/06/23T16:03:18z: BME280 (0x76)
 0h00:04.587 2022/06/23T16:03:18z: 84:f3:eb:7d:7:a8
 0h00:04.588 2022/06/23T16:03:18z: SSID: MU Open
 0h00:04.593 2022/06/23T16:03:18z: AP_STAR tmr
 ets Jan  8 2013,rst cause:4, boot mode:(3,7)

wdt reset
load 0x4010f000, len 1384, room 16 
tail 8
chksum 0x2d
csum 0x2d
v8b899c12
~ld


6.01
 0h00:04.847 2022/06/23T16:23:21z: DS3231
 0h00:04.862 2022/06/23T16:23:21z: BME280 (0x76)
 0h00:04.877 2022/06/23T16:23:21z: 84:f3:eb:7d:7:a8
 0h00:04.878 2022/06/23T16:23:21z: SSID: MU Open
 0h00:04.883 2022/06/23T16:23:21z: AP_STAR tmr
 ets Jan  8 2013,rst cause:4, boot mode:(3,7)

wdt reset
load 0x4010f000, len 1384, room 16 
tail 8
chksum 0x2d
csum 0x2d
v8b899c12
~ld


6.01
 0h00:04.929 2022/06/23T16:43:23z: DS3231
 0h00:04.944 2022/06/23T16:43:23z: BME280 (0x76)
 0h00:04.958 2022/06/23T16:43:23z: 84:f3:eb:7d:7:a8
 0h00:04.960 2022/06/23T16:43:23z: SSID: MU Open
 0h00:04.965 2022/06/23T16:43:23z: AP_STAR tmr
 ets Jan  8 2013,rst cause:4, boot mode:(3,7)

wdt reset
load 0x4010f000, len 1384, room 16 
tail 8
chksum 0x2d
csum 0x2d
v8b899c12
~ld


6.01
 0h00:04.752 2022/06/23T17:03:26z: DS3231
 0h00:04.767 2022/06/23T17:03:26z: BME280 (0x76)
 0h00:04.782 2022/06/23T17:03:26z: 84:f3:eb:7d:7:a8
 0h00:04.783 2022/06/23T17:03:26z: SSID: MU Open
 0h00:04.788 2022/06/23T17:03:26z: AP_STAR tmr
 ets Jan  8 2013,rst cause:4, boot mode:(3,7)

wdt reset
load 0x4010f000, len 1384, room 16 
tail 8
chksum 0x2d
csum 0x2d
v8b899c12
~ld


6.01
 0h00:04.589 2022/06/23T17:23:28z: DS3231
 0h00:04.605 2022/06/23T17:23:28z: BME280 (0x76)
 0h00:04.619 2022/06/23T17:23:28z: 84:f3:eb:7d:7:a8
 0h00:04.620 2022/06/23T17:23:28z: SSID: MU Open
 0h00:04.626 2022/06/23T17:23:28z: AP_STAR tmr
 ets Jan  8 2013,rst cause:4, boot mode:(3,7)

wdt reset
load 0x4010f000, len 1384, room 16 
tail 8
chksum 0x2d
csum 0x2d
v8b899c12
~ld


6.01
 0h00:04.865 2022/06/23T17:43:31z: DS3231
 0h00:04.880 2022/06/23T17:43:31z: BME280 (0x76)
 0h00:04.894 2022/06/23T17:43:31z: 84:f3:eb:7d:7:a8
 0h00:04.896 2022/06/23T17:43:31z: SSID: MU Open
 0h00:04.901 2022/06/23T17:43:31z: AP_STAR tmr
 ets Jan  8 2013,rst cause:4, boot mode:(3,7)

wdt reset
load 0x4010f000, len 1384, room 16 
tail 8
chksum 0x2d
csum 0x2d
v8b899c12
~ld


6.01
 0h00:04.745 2022/06/23T18:03:35z: DS3231
 0h00:04.760 2022/06/23T18:03:35z: BME280 (0x76)
 0h00:04.774 2022/06/23T18:03:35z: 84:f3:eb:7d:7:a8
 0h00:04.776 2022/06/23T18:03:35z: SSID: MU Open
 0h00:04.781 2022/06/23T18:03:35z: AP_STAR tmr
 ets Jan  8 2013,rst cause:4, boot mode:(3,7)

wdt reset
load 0x4010f000, len 1384, room 16 
tail 8
chksum 0x2d
csum 0x2d
v8b899c12
~ld


6.01
 0h00:04.760 2022/06/23T18:23:37z: DS3231
 0h00:04.775 2022/06/23T18:23:37z: BME280 (0x76)
 0h00:04.790 2022/06/23T18:23:37z: 84:f3:eb:7d:7:a8
 0h00:04.791 2022/06/23T18:23:37z: SSID: MU Open
 0h00:04.796 2022/06/23T18:23:37z: AP_STAR tmr
 ets Jan  8 2013,rst cause:4, boot mode:(3,7)

wdt reset
load 0x4010f000, len 1384, room 16 
tail 8
chksum 0x2d
csum 0x2d
v8b899c12
~ld


6.01
 0h00:04.692 2022/06/23T18:43:40z: DS3231
 0h00:04.708 2022/06/23T18:43:40z: BME280 (0x76)
 0h00:04.722 2022/06/23T18:43:40z: 84:f3:eb:7d:7:a8
 0h00:04.723 2022/06/23T18:43:40z: SSID: MU Open
 0h00:04.729 2022/06/23T18:43:40z: AP_STAR tmr
 ets Jan  8 2013,rst cause:4, boot mode:(3,7)

wdt reset
load 0x4010f000, len 1384, room 16 
tail 8
chksum 0x2d
csum 0x2d
v8b899c12
~ld


6.01
 0h00:04.692 2022/06/23T19:03:42z: DS3231
 0h00:04.707 2022/06/23T19:03:42z: BME280 (0x76)
 0h00:04.721 2022/06/23T19:03:42z: 84:f3:eb:7d:7:a8
 0h00:04.723 2022/06/23T19:03:42z: SSID: MU Open
 0h00:04.728 2022/06/23T19:03:42z: AP_STAR tmr
 ets Jan  8 2013,rst cause:4, boot mode:(3,7)

wdt reset
load 0x4010f000, len 1384, room 16 
tail 8
chksum 0x2d
csum 0x2d
v8b899c12
~ld


6.01
 0h00:04.495 2022/06/23T19:23:44z: DS3231
 0h00:04.510 2022/06/23T19:23:44z: BME280 (0x76)
 0h00:04.524 2022/06/23T19:23:44z: 84:f3:eb:7d:7:a8
 0h00:04.526 2022/06/23T19:23:44z: SSID: MU Open
 0h00:04.531 2022/06/23T19:23:44z: AP_STAR tmr
 ets Jan  8 2013,rst cause:4, boot mode:(3,7)

wdt reset
load 0x4010f000, len 1384, room 16 
tail 8
chksum 0x2d
csum 0x2d
v8b899c12
~ld


6.01
 0h00:04.365 2022/06/23T19:43:47z: DS3231
 0h00:04.380 2022/06/23T19:43:47z: BME280 (0x76)
 0h00:04.394 2022/06/23T19:43:47z: 84:f3:eb:7d:7:a8
 0h00:04.396 2022/06/23T19:43:47z: SSID: MU Open
 0h00:04.401 2022/06/23T19:43:47z: AP_STAR tmr
 ets Jan  8 2013,rst cause:4, boot mode:(3,7)

wdt reset
load 0x4010f000, len 1384, room 16 
tail 8
chksum 0x2d
csum 0x2d
v8b899c12
~ld


6.01
 0h00:04.598 2022/06/23T20:03:49z: DS3231
 0h00:04.613 2022/06/23T20:03:49z: BME280 (0x76)
 0h00:04.627 2022/06/23T20:03:49z: 84:f3:eb:7d:7:a8
 0h00:04.629 2022/06/23T20:03:49z: SSID: MU Open
 0h00:04.634 2022/06/23T20:03:49z: AP_STAR tmr
 ets Jan  8 2013,rst cause:4, boot mode:(3,7)

wdt reset
load 0x4010f000, len 1384, room 16 
tail 8
chksum 0x2d
csum 0x2d
v8b899c12
~ld


6.01
 0h00:04.625 2022/06/23T20:23:51z: DS3231
 0h00:04.641 2022/06/23T20:23:51z: BME280 (0x76)
 0h00:04.655 2022/06/23T20:23:51z: 84:f3:eb:7d:7:a8
 0h00:04.657 2022/06/23T20:23:51z: SSID: MU Open
 0h00:04.662 2022/06/23T20:23:51z: AP_STAR tmr
 ets Jan  8 2013,rst cause:4, boot mode:(3,7)

wdt reset
load 0x4010f000, len 1384, room 16 
tail 8
chksum 0x2d
csum 0x2d
v8b899c12
~ld


6.01
 0h00:04.605 2022/06/23T20:43:54z: DS3231
 0h00:04.620 2022/06/23T20:43:54z: BME280 (0x76)
 0h00:04.634 2022/06/23T20:43:54z: 84:f3:eb:7d:7:a8
 0h00:04.636 2022/06/23T20:43:54z: SSID: MU Open
 0h00:04.641 2022/06/23T20:43:54z: AP_STAR tmr
 ets Jan  8 2013,rst cause:4, boot mode:(3,7)

wdt reset
load 0x4010f000, len 1384, room 16 
tail 8
chksum 0x2d
csum 0x2d
v8b899c12
~ld


6.01
 0h00:04.659 2022/06/23T21:03:57z: DS3231
 0h00:04.674 2022/06/23T21:03:57z: BME280 (0x76)
 0h00:04.688 2022/06/23T21:03:57z: 84:f3:eb:7d:7:a8
 0h00:04.690 2022/06/23T21:03:57z: SSID: MU Open
 0h00:04.695 2022/06/23T21:03:57z: AP_STAR tmr
 ets Jan  8 2013,rst cause:4, boot mode:(3,7)

wdt reset
load 0x4010f000, len 1384, room 16 
tail 8
chksum 0x2d
csum 0x2d
v8b899c12
~ld


6.01
 0h00:04.738 2022/06/23T21:23:59z: DS3231
 0h00:04.753 2022/06/23T21:23:59z: BME280 (0x76)
 0h00:04.767 2022/06/23T21:23:59z: 84:f3:eb:7d:7:a8
 0h00:04.769 2022/06/23T21:23:59z: SSID: MU Open
 0h00:04.774 2022/06/23T21:23:59z: AP_STAR tmr
 ets Jan  8 2013,rst cause:4, boot mode:(3,7)

wdt reset
load 0x4010f000, len 1384, room 16 
tail 8
chksum 0x2d
csum 0x2d
v8b899c12
~ld


6.01
 0h00:04.620 2022/06/23T21:44:02z: DS3231
 0h00:04.636 2022/06/23T21:44:02z: BME280 (0x76)
 0h00:04.650 2022/06/23T21:44:02z: 84:f3:eb:7d:7:a8
 0h00:04.652 2022/06/23T21:44:02z: SSID: MU Open
 0h00:04.657 2022/06/23T21:44:02z: AP_STAR tmr
 ets Jan  8 2013,rst cause:4, boot mode:(3,7)

wdt reset
load 0x4010f000, len 1384, room 16 
tail 8
chksum 0x2d
csum 0x2d
v8b899c12
~ld


6.01
 0h00:04.699 2022/06/23T22:04:04z: DS3231
 0h00:04.714 2022/06/23T22:04:04z: BME280 (0x76)
 0h00:04.728 2022/06/23T22:04:04z: 84:f3:eb:7d:7:a8
 0h00:04.730 2022/06/23T22:04:04z: SSID: MU Open
 0h00:04.735 2022/06/23T22:04:04z: AP_STAR tmr
 ets Jan  8 2013,rst cause:4, boot mode:(3,7)

wdt reset
load 0x4010f000, len 1384, room 16 
tail 8
chksum 0x2d
csum 0x2d
v8b899c12
~ld


6.01
 0h00:04.752 2022/06/23T22:24:06z: DS3231
 0h00:04.767 2022/06/23T22:24:06z: BME280 (0x76)
 0h00:04.781 2022/06/23T22:24:06z: 84:f3:eb:7d:7:a8
 0h00:04.783 2022/06/23T22:24:06z: SSID: MU Open
 0h00:04.788 2022/06/23T22:24:06z: AP_STAR tmr
 ets Jan  8 2013,rst cause:4, boot mode:(3,7)

wdt reset
load 0x4010f000, len 1384, room 16 
tail 8
chksum 0x2d
csum 0x2d
v8b899c12
~ld


6.01
 0h00:04.781 2022/06/23T22:44:09z: DS3231
 0h00:04.796 2022/06/23T22:44:09z: BME280 (0x76)
 0h00:04.810 2022/06/23T22:44:09z: 84:f3:eb:7d:7:a8
 0h00:04.812 2022/06/23T22:44:09z: SSID: MU Open
 0h00:04.817 2022/06/23T22:44:09z: AP_STAR tmr
 ets Jan  8 2013,rst cause:4, boot mode:(3,7)

wdt reset
load 0x4010f000, len 1384, room 16 
tail 8
chksum 0x2d
csum 0x2d
v8b899c12
~ld


6.01
 0h00:04.743 2022/06/23T23:04:12z: DS3231
 0h00:04.758 2022/06/23T23:04:12z: BME280 (0x76)
 0h00:04.772 2022/06/23T23:04:12z: 84:f3:eb:7d:7:a8
 0h00:04.774 2022/06/23T23:04:12z: SSID: MU Open
 0h00:04.779 2022/06/23T23:04:12z: AP_STAR tmr
 ets Jan  8 2013,rst cause:4, boot mode:(3,7)

wdt reset
load 0x4010f000, len 1384, room 16 
tail 8
chksum 0x2d
csum 0x2d
v8b899c12
~ld


6.01
 0h00:04.777 2022/06/23T23:24:14z: DS3231
 0h00:04.792 2022/06/23T23:24:14z: BME280 (0x76)
 0h00:04.806 2022/06/23T23:24:14z: 84:f3:eb:7d:7:a8
 0h00:04.808 2022/06/23T23:24:14z: SSID: MU Open
 0h00:04.813 2022/06/23T23:24:14z: AP_STAR tmr
 ets Jan  8 2013,rst cause:4, boot mode:(3,7)

wdt reset
load 0x4010f000, len 1384, room 16 
tail 8
chksum 0x2d
csum 0x2d
v8b899c12
~ld


6.01
 0h00:04.845 2022/06/23T23:44:18z: DS3231
 0h00:04.860 2022/06/23T23:44:18z: BME280 (0x76)
 0h00:04.874 2022/06/23T23:44:18z: 84:f3:eb:7d:7:a8
 0h00:04.876 2022/06/23T23:44:18z: SSID: MU Open
 0h00:04.881 2022/06/23T23:44:18z: AP_STA