R tmr
 ets Jan  8 2013,rst cause:4, boot mode:(3,7)

wdt reset
load 0x4010f000, len 1384, room 16 
tail 8
chksum 0x2d
csum 0x2d
v8b899c12
~ld


6.01
 0h00:04.903 2022/10/11T00:07:54z: DS3231
 0h00:04.918 2022/10/11T00:07:54z: BME280 (0x76)
 0h00:04.932 2022/10/11T00:07:54z: 84:f3:eb:7d:7:a8
 0h00:04.934 2022/10/11T00:07:54z: SSID: MU Open
 0h00:04.939 2022/10/11T00:07:54z: AP_STAR tmr
 ets Jan  8 2013,rst cause:4, boot mode:(3,7)

wdt reset
load 0x4010f000, len 1384, room 16 
tail 8
chksum 0x2d
csum 0x2d
v8b899c12
~ld


6.01
 0h00:04.980 2022/10/11T00:27:59z: DS3231
 0h00:04.995 2022/10/11T00:27:59z: BME280 (0x76)
 0h00:05.009 2022/10/11T00:27:59z: 84:f3:eb:7d:7:a8
 0h00:05.011 2022/10/11T00:27:59z: SSID: MU Open
 0h00:05.016 2022/10/11T00:27:59z: AP_STAR tmr
 ets Jan  8 2013,rst cause:4, boot mode:(3,7)

wdt reset
load 0x4010f000, len 1384, room 16 
tail 8
chksum 0x2d
csum 0x2d
v8b899c12
~ld


6.01
 0h00:05.377 2022/10/11T00:48:04z: DS3231
 0h00:05.392 2022/10/11T00:48:04z: BME280 (0x76)
 0h00:05.406 2022/10/11T00:48:04z: 84:f3:eb:7d:7:a8
 0h00:05.408 2022/10/11T00:48:04z: SSID: MU Open
 0h00:05.413 2022/10/11T00:48:04z: AP_STAR tmr
 ets Jan  8 2013,rst cause:4, boot mode:(3,7)

wdt reset
load 0x4010f000, len 1384, room 16 
tail 8
chksum 0x2d
csum 0x2d
v8b899c12
~ld


6.01
 0h00:04.879 2022/10/11T01:08:09z: DS3231
 0h00:04.894 2022/10/11T01:08:09z: BME280 (0x76)
 0h00:04.908 2022/10/11T01:08:09z: 84:f3:eb:7d:7:a8
 0h00:04.910 2022/10/11T01:08:09z: SSID: MU Open
 0h00:04.915 2022/10/11T01:08:09z: AP_STAR tmr
 ets Jan  8 2013,rst cause:4, boot mode:(3,7)

wdt reset
load 0x4010f000, len 1384, room 16 
tail 8
chksum 0x2d
csum 0x2d
v8b899c12
~ld


6.01
 0h00:05.405 2022/10/11T01:28:14z: DS3231
 0h00:05.420 2022/10/11T01:28:14z: BME280 (0x76)
 0h00:05.435 2022/10/11T01:28:14z: 84:f3:eb:7d:7:a8
 0h00:05.436 2022/10/11T01:28:14z: SSID: MU Open
 0h00:05.441 2022/10/11T01:28:14z: AP_STAR tmr
 ets Jan  8 2013,rst cause:4, boot mode:(3,7)

wdt reset
load 0x4010f000, len 1384, room 16 
tail 8
chksum 0x2d
csum 0x2d
v8b899c12
~ld


6.01
 0h00:05.197 2022/10/11T01:48:19z: DS3231
 0h00:05.213 2022/10/11T01:48:19z: BME280 (0x76)
 0h00:05.227 2022/10/11T01:48:19z: 84:f3:eb:7d:7:a8
 0h00:05.229 2022/10/11T01:48:19z: SSID: MU Open
 0h00:05.234 2022/10/11T01:48:19z: AP_STAR tmr
 ets Jan  8 2013,rst cause:4, boot mode:(3,7)

wdt reset
load 0x4010f000, len 1384, room 16 
tail 8
chksum 0x2d
csum 0x2d
v8b899c12
~ld


6.01
 0h00:05.073 2022/10/11T02:08:24z: DS3231
 0h00:05.088 2022/10/11T02:08:24z: BME280 (0x76)
 0h00:05.102 2022/10/11T02:08:24z: 84:f3:eb:7d:7:a8
 0h00:05.104 2022/10/11T02:08:24z: SSID: MU Open
 0h00:05.109 2022/10/11T02:08:24z: AP_STAR tmr
 ets Jan  8 2013,rst cause:4, boot mode:(3,7)

wdt reset
load 0x4010f000, len 1384, room 16 
tail 8
chksum 0x2d
csum 0x2d
v8b899c12
~ld


6.01
 0h00:05.079 2022/10/11T02:28:28z: DS3231
 0h00:05.094 2022/10/11T02:28:28z: BME280 (0x76)
 0h00:05.108 2022/10/11T02:28:28z: 84:f3:eb:7d:7:a8
 0h00:05.110 2022/10/11T02:28:28z: SSID: MU Open
 0h00:05.115 2022/10/11T02:28:29z: AP_STAR tmr
 ets Jan  8 2013,rst cause:4, boot mode:(3,7)

wdt reset
load 0x4010f000, len 1384, room 16 
tail 8
chksum 0x2d
csum 0x2d
v8b899c12
~ld


6.01
 0h00:05.233 2022/10/11T02:48:33z: DS3231
 0h00:05.248 2022/10/11T02:48:33z: BME280 (0x76)
 0h00:05.262 2022/10/11T02:48:33z: 84:f3:eb:7d:7:a8
 0h00:05.264 2022/10/11T02:48:33z: SSID: MU Open
 0h00:05.269 2022/10/11T02:48:33z: AP_STAR tmr
 ets Jan  8 2013,rst cause:4, boot mode:(3,7)

wdt reset
load 0x4010f000, len 1384, room 16 
tail 8
chksum 0x2d
csum 0x2d
v8b899c12
~ld


6.01
 0h00:05.187 2022/10/11T03:08:38z: DS3231
 0h00:05.202 2022/10/11T03:08:38z: BME280 (0x76)
 0h00:05.216 2022/10/11T03:08:38z: 84:f3:eb:7d:7:a8
 0h00:05.218 2022/10/11T03:08:38z: SSID: MU Open
 0h00:05.223 2022/10/11T03:08:38z: AP_STAR tmr
 ets Jan  8 2013,rst cause:4, boot mode:(3,7)

wdt reset
load 0x4010f000, len 1384, room 16 
tail 8
chksum 0x2d
csum 0x2d
v8b899c12
~ld


6.01
 0h00:04.932 2022/10/11T03:28:43z: DS3231
 0h00:04.947 2022/10/11T03:28:43z: BME280 (0x76)
 0h00:04.961 2022/10/11T03:28:43z: 84:f3:eb:7d:7:a8
 0h00:04.963 2022/10/11T03:28:43z: SSID: MU Open
 0h00:04.968 2022/10/11T03:28:43z: AP_STAR tmr
 ets Jan  8 2013,rst cause:4, boot mode:(3,7)

wdt reset
load 0x4010f000, len 1384, room 16 
tail 8
chksum 0x2d
csum 0x2d
v8b899c12
~ld


6.01
 0h00:04.785 2022/10/11T03:48:47z: DS3231
 0h00:04.800 2022/10/11T03:48:47z: BME280 (0x76)
 0h00:04.815 2022/10/11T03:48:47z: 84:f3:eb:7d:7:a8
 0h00:04.816 2022/10/11T03:48:47z: SSID: MU Open
 0h00:04.821 2022/10/11T03:48:47z: AP_STAR tmr
 ets Jan  8 2013,rst cause:4, boot mode:(3,7)

wdt reset
load 0x4010f000, len 1384, room 16 
tail 8
chksum 0x2d
csum 0x2d
v8b899c12
~ld


6.01
 0h00:05.012 2022/10/11T04:08:52z: DS3231
 0h00:05.027 2022/10/11T04:08:52z: BME280 (0x76)
 0h00:05.041 2022/10/11T04:08:52z: 84:f3:eb:7d:7:a8
 0h00:05.043 2022/10/11T04:08:52z: SSID: MU Open
 0h00:05.048 2022/10/11T04:08:52z: AP_STAR tmr
 ets Jan  8 2013,rst cause:4, boot mode:(3,7)

wdt reset
load 0x4010f000, len 1384, room 16 
tail 8
chksum 0x2d
csum 0x2d
v8b899c12
~ld


6.01
 0h00:05.029 2022/10/11T04:28:57z: DS3231
 0h00:05.044 2022/10/11T04:28:57z: BME280 (0x76)
 0h00:05.058 2022/10/11T04:28:57z: 84:f3:eb:7d:7:a8
 0h00:05.060 2022/10/11T04:28:57z: SSID: MU Open
 0h00:05.065 2022/10/11T04:28:57z: AP_STAR tmr
 ets Jan  8 2013,rst cause:4, boot mode:(3,7)

wdt reset
load 0x4010f000, len 1384, room 16 
tail 8
chksum 0x2d
csum 0x2d
v8b899c12
~ld


6.01
 0h00:05.484 2022/10/11T04:49:02z: DS3231
 0h00:05.499 2022/10/11T04:49:02z: BME280 (0x76)
 0h00:05.514 2022/10/11T04:49:02z: 84:f3:eb:7d:7:a8
 0h00:05.515 2022/10/11T04:49:02z: SSID: MU Open
 0h00:05.520 2022/10/11T04:49:02z: AP_STAR tmr
 ets Jan  8 2013,rst cause:4, boot mode:(3,7)

wdt reset
load 0x4010f000, len 1384, room 16 
tail 8
chksum 0x2d
csum 0x2d
v8b899c12
~ld


6.01
 0h00:05.325 2022/10/11T05:09:08z: DS3231
 0h00:05.340 2022/10/11T05:09:08z: BME280 (0x76)
 0h00:05.354 2022/10/11T05:09:08z: 84:f3:eb:7d:7:a8
 0h00:05.356 2022/10/11T05:09:08z: SSID: MU Open
 0h00:05.361 2022/10/11T05:09:08z: AP_STAR tmr
 ets Jan  8 2013,rst cause:4, boot mode:(3,7)

wdt reset
load 0x4010f000, len 1384, room 16 
tail 8
chksum 0x2d
csum 0x2d
v8b899c12
~ld


6.01
 0h00:05.492 2022/10/11T05:29:12z: DS3231
 0h00:05.508 2022/10/11T05:29:12z: BME280 (0x76)
 0h00:05.522 2022/10/11T05:29:12z: 84:f3:eb:7d:7:a8
 0h00:05.524 2022/10/11T05:29:12z: SSID: MU Open
 0h00:05.529 2022/10/11T05:29:12z: AP_STAR tmr
 ets Jan  8 2013,rst cause:4, boot mode:(3,7)

wdt reset
load 0x4010f000, len 1384, room 16 
tail 8
chksum 0x2d
csum 0x2d
v8b899c12
~ld


6.01
 0h00:05.100 2022/10/11T05:49:17z: DS3231
 0h00:05.116 2022/10/11T05:49:17z: BME280 (0x76)
 0h00:05.130 2022/10/11T05:49:17z: 84:f3:eb:7d:7:a8
 0h00:05.131 2022/10/11T05:49:17z: SSID: MU Open
 0h00:05.137 2022/10/11T05:49:17z: AP_STAR tmr
 ets Jan  8 2013,rst cause:4, boot mode:(3,7)

wdt reset
load 0x4010f000, len 1384, room 16 
tail 8
chksum 0x2d
csum 0x2d
v8b899c12
~ld


6.01
 0h00:04.893 2022/10/11T06:09:23z: DS3231
 0h00:04.909 2022/10/11T06:09:23z: BME280 (0x76)
 0h00:04.923 2022/10/11T06:09:23z: 84:f3:eb:7d:7:a8
 0h00:04.925 2022/10/11T06:09:23z: SSID: MU Open
 0h00:04.930 2022/10/11T06:09:23z: AP_STAR tmr
 ets Jan  8 2013,rst cause:4, boot mode:(3,7)

wdt reset
load 0x4010f000, len 1384, room 16 
tail 8
chksum 0x2d
csum 0x2d
v8b899c12
~ld


6.01
 0h00:05.576 2022/10/11T06:29:28z: DS3231
 0h00:05.591 2022/10/11T06:29:28z: BME280 (0x76)
 0h00:05.606 2022/10/11T06:29:28z: 84:f3:eb:7d:7:a8
 0h00:05.607 2022/10/11T06:29:28z: SSID: MU Open
 0h00:05.612 2022/10/11T06:29:28z: AP_STAR tmr
 ets Jan  8 2013,rst cause:4, boot mode:(3,7)

wdt reset
load 0x4010f000, len 1384, room 16 
tail 8
chksum 0x2d
csum 0x2d
v8b899c12
~ld


6.01
 0h00:05.432 2022/10/11T06:49:33z: DS3231
 0h00:05.448 2022/10/11T06:49:33z: BME280 (0x76)
 0h00:05.462 2022/10/11T06:49:33z: 84:f3:eb:7d:7:a8
 0h00:05.463 2022/10/11T06:49:33z: SSID: MU Open
 0h00:05.469 2022/10/11T06:49:33z: AP_STAR tmr
 ets Jan  8 2013,rst cause:4, boot mode:(3,7)

wdt reset
load 0x4010f000, len 1384, room 16 
tail 8
chksum 0x2d
csum 0x2d
v8b899c12
~ld


6.01
 0h00:04.776 2022/10/11T07:09:37z: DS3231
 0h00:04.791 2022/10/11T07:09:37z: BME280 (0x76)
 0h00:04.805 2022/10/11T07:09:37z: 84:f3:eb:7d:7:a8
 0h00:04.807 2022/10/11T07:09:37z: SSID: MU Open
 0h00:04.812 2022/10/11T07:09:37z: AP_STAR tmr
 ets Jan  8 2013,rst cause:4, boot mode:(3,7)

wdt reset
load 0x4010f000, len 1384, room 16 
tail 8
chksum 0x2d
csum 0x2d
v8b899c12
~ld


6.01
 0h00:04.917 2022/10/11T07:29:41z: DS3231
 0h00:04.932 2022/10/11T07:29:41z: BME280 (0x76)
 0h00:04.946 2022/10/11T07:29:41z: 84:f3:eb:7d:7:a8
 0h00:04.948 2022/10/11T07:29:41z: SSID: MU Open
 0h00:04.953 2022/10/11T07:29:41z: AP_STAR tmr
 ets Jan  8 2013,rst cause:4, boot mode:(3,7)

wdt reset
load 0x4010f000, len 1384, room 16 
tail 8
chksum 0x2d
csum 0x2d
v8b899c12
~ld


6.01
 0h00:05.085 2022/10/11T07:49:46z: DS3231
 0h00:05.100 2022/10/11T07:49:46z: BME280 (0x76)
 0h00:05.114 2022/10/11T07:49:46z: 84:f3:eb:7d:7:a8
 0h00:05.116 2022/10/11T07:49:46z: SSID: MU Open
 0h00:05.121 2022/10/11T07:49:46z: AP_STAR tmr
 ets Jan  8 2013,rst cause:4, boot mode:(3,7)

wdt reset
load 0x4010f000, len 1384, room 16 
tail 8
chksum 0x2d
csum 0x2d
v8b899c12
~ld


6.01
 0h00:05.472 2022/10/11T08:09:52z: DS3231
 0h00:05.488 2022/10/11T08:09:52z: BME280 (0x76)
 0h00:05.502 2022/10/11T08:09:52z: 84:f3:eb:7d:7:a8
 0h00:05.504 2022/10/11T08:09:52z: SSID: MU Open
 0h00:05.509 2022/10/11T08:09:52z: AP_STAR tmr
 ets Jan  8 2013,rst cause:4, boot mode:(3,7)

wdt reset
load 0x4010f000, len 1384, room 16 
tail 8
chksum 0x2d
csum 0x2d
v8b899c12
~ld


6.01
 0h00:05.007 2022/10/11T08:29:57z: DS3231
 0h00:05.023 2022/10/11T08:29:57z: BME280 (0x76)
 0h00:05.037 2022/10/11T08:29:57z: 84:f3:eb:7d:7:a8
 0h00:05.038 2022/10/11T08:29:57z: SSID: MU Open
 0h00:05.044 2022/10/11T08:29:57z: AP_STAR tmr
 ets Jan  8 2013,rst cause:4, boot mode:(3,7)

wdt reset
load 0x4010f000, len 1384, room 16 
tail 8
chksum 0x2d
csum 0x2d
v8b899c12
~ld


6.01
 0h00:05.355 2022/10/11T08:50:02z: DS3231
 0h00:05.370 2022/10/11T08:50:02z: BME280 (0x76)
 0h00:05.385 2022/10/11T08:50:02z: 84:f3:eb:7d:7:a8
 0h00:05.386 2022/10/11T08:50:02z: SSID: MU Open
 0h00:05.391 2022/10/11T08:50:02z: AP_STAR tmr
 ets Jan  8 2013,rst cause:4, boot mode:(3,7)

wdt reset
load 0x4010f000, len 1384, room 16 
tail 8
chksum 0x2d
csum 0x2d
v8b899c12
~ld


6.01
 0h00:04.767 2022/10/11T09:10:06z: DS3231
 0h00:04.783 2022/10/11T09:10:06z: BME280 (0x76)
 0h00:04.797 2022/10/11T09:10:06z: 84:f3:eb:7d:7:a8
 0h00:04.798 2022/10/11T09:10:06z: SSID: MU Open
 0h00:04.804 2022/10/11T09:10:06z: AP_STAR tmr
 ets Jan  8 2013,rst cause:4, boot mode:(3,7)

wdt reset
load 0x4010f000, len 1384, room 16 
tail 8
chksum 0x2d
csum 0x2d
v8b899c12
~ld


6.01
 0h00:05.137 2022/10/11T09:30:11z: DS3231
 0h00:05.152 2022/10/11T09:30:11z: BME280 (0x76)
 0h00:05.166 2022/10/11T09:30:11z: 84:f3:eb:7d:7:a8
 0h00:05.168 2022/10/11T09:30:11z: SSID: MU Open
 0h00:05.173 2022/10/11T09:30:11z: AP_STAR tmr
 ets Jan  8 2013,rst cause:4, boot mode:(3,7)

wdt reset
load 0x4010f000, len 1384, room 16 
tail 8
chksum 0x2d
csum 0x2d
v8b899c12
~ld


6.01
 0h00:05.383 2022/10/11T09:50:16z: DS3231
 0h00:05.398 2022/10/11T09:50:16z: BME280 (0x76)
 0h00:05.412 2022/10/11T09:50:16z: 84:f3:eb:7d:7:a8
 0h00:05.414 2022/10/11T09:50:16z: SSID: MU Open
 0h00:05.419 2022/10/11T09:50:16z: AP_STAR tmr
 ets Jan  8 2013,rst cause:4, boot mode:(3,7)

wdt reset
load 0x4010f000, len 1384, room 16 
tail 8
chksum 0x2d
csum 0x2d
v8b899c12
~ld


6.01
 0h00:05.533 2022/10/11T10:10:22z: DS3231
 0h00:05.549 2022/10/11T10:10:22z: BME280 (0x76)
 0h00:05.563 2022/10/11T10:10:22z: 84:f3:eb:7d:7:a8
 0h00:05.565 2022/10/11T10:10:22z: SSID: MU Open
 0h00:05.570 2022/10/11T10:10:22z: AP_STAR tmr
 ets Jan  8 2013,rst cause:4, boot mode:(3,7)

wdt reset
load 0x4010f000, len 1384, room 16 
tail 8
chksum 0x2d
csum 0x2d
v8b899c12
~ld


6.01
 0h00:05.071 2022/10/11T10:30:28z: DS3231
 0h00:05.086 2022/10/11T10:30:28z: BME280 (0x76)
 0h00:05.100 2022/10/11T10:30:28z: 84:f3:eb:7d:7:a8
 0h00:05.102 2022/10/11T10:30:28z: SSID: MU Open
 0h00:05.107 2022/10/11T10:30:28z: AP_STAR tmr
 ets Jan  8 2013,rst cause:4, boot mode:(3,7)

wdt reset
load 0x4010f000, len 1384, room 16 
tail 8
chksum 0x2d
csum 0x2d
v8b899c12
~ld


6.01
 0h00:05.116 2022/10/11T10:50:32z: DS3231
 0h00:05.132 2022/10/11T10:50:32z: BME280 (0x76)
 0h00:05.146 2022/10/11T10:50:32z: 84:f3:eb:7d:7:a8
 0h00:05.148 2022/10/11T10:50:32z: SSID: MU Open
 0h00:05.153 2022/10/11T10:50:32z: AP_STAR tmr
 ets Jan  8 2013,rst cause:4, boot mode:(3,7)

wdt reset
load 0x4010f000, len 1384, room 16 
tail 8
chksum 0x2d
csum 0x2d
v8b899c12
~ld


6.01
 0h00:05.028 2022/10/11T11:10:37z: DS3231
 0h00:05.043 2022/10/11T11:10:37z: BME280 (0x76)
 0h00:05.057 2022/10/11T11:10:37z: 84:f3:eb:7d:7:a8
 0h00:05.059 2022/10/11T11:10:37z: SSID: MU Open
 0h00:05.064 2022/10/11T11:10:37z: AP_STAR tmr
 ets Jan  8 2013,rst cause:4, boot mode:(3,7)

wdt reset
load 0x4010f000, len 1384, room 16 
tail 8
chksum 0x2d
csum 0x2d
v8b899c12
~ld


6.01
 0h00:04.775 2022/10/11T11:30:41z: DS3231
 0h00:04.790 2022/10/11T11:30:41z: BME280 (0x76)
 0h00:04.805 2022/10/11T11:30:41z: 84:f3:eb:7d:7:a8
 0h00:04.806 2022/10/11T11:30:41z: SSID: MU Open
 0h00:04.811 2022/10/11T11:30:41z: AP_STAR tmr
 ets Jan  8 2013,rst cause:4, boot mode:(3,7)

wdt reset
load 0x4010f000, len 1384, room 16 
tail 8
chksum 0x2d
csum 0x2d
v8b899c12
~ld


6.01
 0h00:05.562 2022/10/11T11:50:47z: DS3231
 0h00:05.577 2022/10/11T11:50:47z: BME280 (0x76)
 0h00:05.592 2022/10/11T11:50:47z: 84:f3:eb:7d:7:a8
 0h00:05.593 2022/10/11T11:50:47z: SSID: MU Open
 0h00:05.598 2022/10/11T11:50:47z: AP_STAR tmr
 ets Jan  8 2013,rst cause:4, boot mode:(3,7)

wdt reset
load 0x4010f000, len 1384, room 16 
tail 8
chksum 0x2d
csum 0x2d
v8b899c12
~ld


6.01
 0h00:05.291 2022/10/11T12:10:52z: DS3231
 0h00:05.306 2022/10/11T12:10:52z: BME280 (0x76)
 0h00:05.321 2022/10/11T12:10:52z: 84:f3:eb:7d:7:a8
 0h00:05.322 2022/10/11T12:10:52z: SSID: MU Open
 0h00:05.327 2022/10/11T12:10:52z: AP_STAR tmr
 ets Jan  8 2013,rst cause:4, boot mode:(3,7)

wdt reset
load 0x4010f000, len 1384, room 16 
tail 8
chksum 0x2d
csum 0x2d
v8b899c12
~ld


6.01
 0h00:05.503 2022/10/11T12:30:57z: DS3231
 0h00:05.519 2022/10/11T12:30:57z: BME280 (0x76)
 0h00:05.533 2022/10/11T12:30:57z: 84:f3:eb:7d:7:a8
 0h00:05.535 2022/10/11T12:30:57z: SSID: MU Open
 0h00:05.540 2022/10/11T12:30:57z: AP_STAR tmr
 ets Jan  8 2013,rst cause:4, boot mode:(3,7)

wdt reset
load 0x4010f000, len 1384, room 16 
tail 8
chksum 0x2d
csum 0x2d
v8b899c12
~ld


6.01
 0h00:05.530 2022/10/11T12:51:02z: DS3231
 0h00:05.546 2022/10/11T12:51:02z: BME280 (0x76)
 0h00:05.560 2022/10/11T12:51:02z: 84:f3:eb:7d:7:a8
 0h00:05.562 2022/10/11T12:51:02z: SSID: MU Open
 0h00:05.567 2022/10/11T12:51:02z: AP_STAR tmr
 ets Jan  8 2013,rst cause:4, boot mode:(3,7)

wdt reset
load 0x4010f000, len 1384, room 16 
tail 8
chksum 0x2d
csum 0x2d
v8b899c12
~ld


6.01
 0h00:05.478 2022/10/11T13:11:08z: DS3231
 0h00:05.494 2022/10/11T13:11:08z: BME280 (0x76)
 0h00:05.508 2022/10/11T13:11:08z: 84:f3:eb:7d:7:a8
 0h00:05.510 2022/10/11T13:11:08z: SSID: MU Open
 0h00:05.515 2022/10/11T13:11:08z: AP_STAR tmr
 ets Jan  8 2013,rst cause:4, boot mode:(3,7)

wdt reset
load 0x4010f000, len 1384, room 16 
tail 8
chksum 0x2d
csum 0x2d
v8b899c12
~ld


6.01
 0h00:05.213 2022/10/11T13:31:13z: DS3231
 0h00:05.228 2022/10/11T13:31:13z: BME280 (0x76)
 0h00:05.242 2022/10/11T13:31:13z: 84:f3:eb:7d:7:a8
 0h00:05.244 2022/10/11T13:31:13z: SSID: MU Open
 0h00:05.249 2022/10/11T13:31:13z: AP_STAR tmr
 ets Jan  8 2013,rst cause:4, boot mode:(3,7)

wdt reset
load 0x4010f000, len 1384, room 16 
tail 8
chksum 0x2d
csum 0x2d
v8b899c12
~ld


6.01
 0h00:05.145 2022/10/11T13:51:19z: DS3231
 0h00:05.160 2022/10/11T13:51:19z: BME280 (0x76)
 0h00:05.175 2022/10/11T13:51:19z: 84:f3:eb:7d:7:a8
 0h00:05.176 2022/10/11T13:51:19z: SSID: MU Open
 0h00:05.181 2022/10/11T13:51:19z: AP_STAR tmr
 ets Jan  8 2013,rst cause:4, boot mode:(3,7)

wdt reset
load 0x4010f000, len 1384, room 16 
tail 8
chksum 0x2d
csum 0x2d
v8b899c12
~ld


6.01
 0h00:05.328 2022/10/11T14:11:23z: DS3231
 0h00:05.343 2022/10/11T14:11:23z: BME280 (0x76)
 0h00:05.357 2022/10/11T14:11:23z: 84:f3:eb:7d:7:a8
 0h00:05.359 2022/10/11T14:11:23z: SSID: MU Open
 0h00:05.364 2022/10/11T14:11:23z: AP_STAR tmr
 ets Jan  8 2013,rst cause:4, boot mode:(3,7)

wdt reset
load 0x4010f000, len 1384, room 16 
tail 8
chksum 0x2d
csum 0x2d
v8b899c12
~ld


6.01
 0h00:05.311 2022/10/11T14:31:28z: DS3231
 0h00:05.326 2022/10/11T14:31:28z: BME280 (0x76)
 0h00:05.341 2022/10/11T14:31:28z: 84:f3:eb:7d:7:a8
 0h00:05.342 2022/10/11T14:31:28z: SSID: MU Open
 0h00:05.347 2022/10/11T14:31:28z: AP_STAR tmr
 ets Jan  8 2013,rst cause:4, boot mode:(3,7)

wdt reset
load 0x4010f000, len 1384, room 16 
tail 8
chksum 0x2d
csum 0x2d
v8b899c12
~ld


6.01
 0h00:05.244 2022/10/11T14:51:33z: DS3231
 0h00:05.259 2022/10/11T14:51:33z: BME280 (0x76)
 0h00:05.274 2022/10/11T14:51:33z: 84:f3:eb:7d:7:a8
 0h00:05.275 2022/10/11T14:51:33z: SSID: MU Open
 0h00:05.280 2022/10/11T14:51:33z: AP_STAR tmr
 ets Jan  8 2013,rst cause:4, boot mode:(3,7)

wdt reset
load 0x4010f000, len 1384, room 16 
tail 8
chksum 0x2d
csum 0x2d
v8b899c12
~ld


6.01
 0h00:05.414 2022/10/11T15:11:38z: DS3231
 0h00:05.429 2022/10/11T15:11:38z: BME280 (0x76)
 0h00:05.443 2022/10/11T15:11:38z: 84:f3:eb:7d:7:a8
 0h00:05.445 2022/10/11T15:11:38z: SSID: MU Open
 0h00:05.450 2022/10/11T15:11:38z: AP_STAR tmr
 ets Jan  8 2013,rst cause:4, boot mode:(3,7)

wdt reset
load 0x4010f000, len 1384, room 16 
tail 8
chksum 0x2d
csum 0x2d
v8b899c12
~ld


6.01
 0h00:05.172 2022/10/11T15:31:43z: DS3231
 0h00:05.188 2022/10/11T15:31:43z: BME280 (0x76)
 0h00:05.202 2022/10/11T15:31:43z: 84:f3:eb:7d:7:a8
 0h00:05.204 2022/10/11T15:31:43z: SSID: MU Open
 0h00:05.209 2022/10/11T15:31:43z: AP_STAR tmr
 ets Jan  8 2013,rst cause:4, boot mode:(3,7)

wdt reset
load 0x4010f000, len 1384, room 16 
tail 8
chksum 0x2d
csum 0x2d
v8b899c12
~ld


6.01
 0h00:05.324 2022/10/11T15:51:48z: DS3231
 0h00:05.340 2022/10/11T15:51:48z: BME280 (0x76)
 0h00:05.354 2022/10/11T15:51:48z: 84:f3:eb:7d:7:a8
 0h00:05.355 2022/10/11T15:51:48z: SSID: MU Open
 0h00:05.361 2022/10/11T15:51:48z: AP_STAR tmr
 ets Jan  8 2013,rst cause:4, boot mode:(3,7)

wdt reset
load 0x4010f000, len 1384, room 16 
tail 8
chksum 0x2d
csum 0x2d
v8b899c12
~ld


6.01
 0h00:05.060 2022/10/11T16:11:54z: DS3231
 0h00:05.075 2022/10/11T16:11:54z: BME280 (0x76)
 0h00:05.089 2022/10/11T16:11:54z: 84:f3:eb:7d:7:a8
 0h00:05.091 2022/10/11T16:11:54z: SSID: MU Open
 0h00:05.096 2022/10/11T16:11:54z: AP_STAR tmr
 ets Jan  8 2013,rst cause:4, boot mode:(3,7)

wdt reset
load 0x4010f000, len 1384, room 16 
tail 8
chksum 0x2d
csum 0x2d
v8b899c12
~ld


6.01
 0h00:05.341 2022/10/11T16:31:59z: DS3231
 0h00:05.356 2022/10/11T16:31:59z: BME280 (0x76)
 0h00:05.370 2022/10/11T16:31:59z: 84:f3:eb:7d:7:a8
 0h00:05.372 2022/10/11T16:31:59z: SSID: MU Open
 0h00:05.377 2022/10/11T16:31:59z: AP_STAR tmr
 ets Jan  8 2013,rst cause:4, boot mode:(3,7)

wdt reset
load 0x4010f000, len 1384, room 16 
tail 8
chksum 0x2d
csum 0x2d
v8b899c12
~ld


6.01
 0h00:05.030 2022/10/11T16:52:04z: DS3231
 0h00:05.046 2022/10/11T16:52:04z: BME280 (0x76)
 0h00:05.060 2022/10/11T16:52:04z: 84:f3:eb:7d:7:a8
 0h00:05.062 2022/10/11T16:52:04z: SSID: MU Open
 0h00:05.067 2022/10/11T16:52:04z: AP_STAR tmr
 ets Jan  8 2013,rst cause:4, boot mode:(3,7)

wdt reset
load 0x4010f000, len 1384, room 16 
tail 8
chksum 0x2d
csum 0x2d
v8b899c12
~ld


6.01
 0h00:05.118 2022/10/11T17:12:09z: DS3231
 0h00:05.133 2022/10/11T17:12:09z: BME280 (0x76)
 0h00:05.147 2022/10/11T17:12:09z: 84:f3:eb:7d:7:a8
 0h00:05.149 2022/10/11T17:12:09z: SSID: MU Open
 0h00:05.154 2022/10/11T17:12:09z: AP_STAR tmr
 ets Jan  8 2013,rst cause:4, boot mode:(3,7)

wdt reset
load 0x4010f000, len 1384, room 16 
tail 8
chksum 0x2d
csum 0x2d
v8b899c12
~ld


6.01
 0h00:05.011 2022/10/11T17:32:13z: DS3231
 0h00:05.026 2022/10/11T17:32:13z: BME280 (0x76)
 0h00:05.040 2022/10/11T17:32:13z: 84:f3:eb:7d:7:a8
 0h00:05.042 2022/10/11T17:32:13z: SSID: MU Open
 0h00:05.047 2022/10/11T17:32:13z: AP_STAR tmr
 ets Jan  8 2013,rst cause:4, boot mode:(3,7)

wdt reset
load 0x4010f000, len 1384, room 16 
tail 8
chksum 0x2d
csum 0x2d
v8b899c12
~ld


6.01
 0h00:05.310 2022/10/11T17:52:19z: DS3231
 0h00:05.325 2022/10/11T17:52:19z: BME280 (0x76)
 0h00:05.340 2022/10/11T17:52:19z: 84:f3:eb:7d:7:a8
 0h00:05.341 2022/10/11T17:52:19z: SSID: MU Open
 0h00:05.346 2022/10/11T17:52:19z: AP_STAR tmr
 ets Jan  8 2013,rst cause:4, boot mode:(3,7)

wdt reset
load 0x4010f000, len 1384, room 16 
tail 8
chksum 0x2d
csum 0x2d
v8b899c12
~ld


6.01
 0h00:05.165 2022/10/11T18:12:24z: DS3231
 0h00:05.181 2022/10/11T18:12:24z: BME280 (0x76)
 0h00:05.195 2022/10/11T18:12:24z: 84:f3:eb:7d:7:a8
 0h00:05.197 2022/10/11T18:12:24z: SSID: MU Open
 0h00:05.202 2022/10/11T18:12:24z: AP_STAR tmr
 ets Jan  8 2013,rst cause:4, boot mode:(3,7)

wdt reset
load 0x4010f000, len 1384, room 16 
tail 8
chksum 0x2d
csum 0x2d
v8b899c12
~ld


6.01
 0h00:05.252 2022/10/11T18:32:29z: DS3231
 0h00:05.268 2022/10/11T18:32:29z: BME280 (0x76)
 0h00:05.282 2022/10/11T18:32:29z: 84:f3:eb:7d:7:a8
 0h00:05.283 2022/10/11T18:32:29z: SSID: MU Open
 0h00:05.289 2022/10/11T18:32:29z: AP_STAR tmr
 ets Jan  8 2013,rst cause:4, boot mode:(3,7)

wdt reset
load 0x4010f000, len 1384, room 16 
tail 8
chksum 0x2d
csum 0x2d
v8b899c12
~ld


6.01
 0h00:05.232 2022/10/11T18:52:35z: DS3231
 0h00:05.248 2022/10/11T18:52:35z: BME280 (0x76)
 0h00:05.262 2022/10/11T18:52:35z: 84:f3:eb:7d:7:a8
 0h00:05.264 2022/10/11T18:52:35z: SSID: MU Open
 0h00:05.269 2022/10/11T18:52:35z: AP_STAR tmr
 ets Jan  8 2013,rst cause:4, boot mode:(3,7)

wdt reset
load 0x4010f000, len 1384, room 16 
tail 8
chksum 0x2d
csum 0x2d
v8b899c12
~ld


6.01
 0h00:05.246 2022/10/11T19:12:39z: DS3231
 0h00:05.261 2022/10/11T19:12:39z: BME280 (0x76)
 0h00:05.275 2022/10/11T19:12:39z: 84:f3:eb:7d:7:a8
 0h00:05.277 2022/10/11T19:12:39z: SSID: MU Open
 0h00:05.282 2022/10/11T19:12:39z: AP_STAR tmr
 ets Jan  8 2013,rst cause:4, boot mode:(3,7)

wdt reset
load 0x4010f000, len 1384, room 16 
tail 8
chksum 0x2d
csum 0x2d
v8b899c12
~ld


6.01
 0h00:04.742 2022/10/11T19:32:43z: DS3231
 0h00:04.758 2022/10/11T19:32:43z: BME280 (0x76)
 0h00:04.772 2022/10/11T19:32:43z: 84:f3:eb:7d:7:a8
 0h00:04.774 2022/10/11T19:32:43z: SSID: MU Open
 0h00:04.779 2022/10/11T19:32:43z: AP_STAR tmr
 ets Jan  8 2013,rst cause:4, boot mode:(3,7)

wdt reset
load 0x4010f000, len 1384, room 16 
tail 8
chksum 0x2d
csum 0x2d
v8b899c12
~ld


6.01
 0h00:05.071 2022/10/11T19:52:48z: DS3231
 0h00:05.087 2022/10/11T19:52:48z: BME280 (0x76)
 0h00:05.101 2022/10/11T19:52:48z: 84:f3:eb:7d:7:a8
 0h00:05.103 2022/10/11T19:52:48z: SSID: MU Open
 0h00:05.108 2022/10/11T19:52:48z: AP_STAR tmr
 ets Jan  8 2013,rst cause:4, boot mode:(3,7)

wdt reset
load 0x4010f000, len 1384, room 16 
tail 8
chksum 0x2d
csum 0x2d
v8b899c12
~ld


6.01
 0h00:05.436 2022/10/11T20:12:53z: DS3231
 0h00:05.452 2022/10/11T20:12:53z: BME280 (0x76)
 0h00:05.466 2022/10/11T20:12:53z: 84:f3:eb:7d:7:a8
 0h00:05.468 2022/10/11T20:12:53z: SSID: MU Open
 0h00:05.473 2022/10/11T20:12:53z: AP_STAR tmr
 ets Jan  8 2013,rst cause:4, boot mode:(3,7)

wdt reset
load 0x4010f000, len 1384, room 16 
tail 8
chksum 0x2d
csum 0x2d
v8b899c12
~ld


6.01
 0h00:05.598 2022/10/11T20:32:59z: DS3231
 0h00:05.614 2022/10/11T20:32:59z: BME280 (0x76)
 0h00:05.628 2022/10/11T20:32:59z: 84:f3:eb:7d:7:a8
 0h00:05.629 2022/10/11T20:32:59z: SSID: MU Open
 0h00:05.635 2022/10/11T20:32:59z: AP_STAR tmr
 ets Jan  8 2013,rst cause:4, boot mode:(3,7)

wdt reset
load 0x4010f000, len 1384, room 16 
tail 8
chksum 0x2d
csum 0x2d
v8b899c12
~ld


6.01
 0h00:05.401 2022/10/11T20:53:05z: DS3231
 0h00:05.416 2022/10/11T20:53:05z: BME280 (0x76)
 0h00:05.430 2022/10/11T20:53:05z: 84:f3:eb:7d:7:a8
 0h00:05.432 2022/10/11T20:53:05z: SSID: MU Open
 0h00:05.437 2022/10/11T20:53:05z: AP_STAR tmr
 ets Jan  8 2013,rst cause:4, boot mode:(3,7)

wdt reset
load 0x4010f000, len 1384, room 16 
tail 8
chksum 0x2d
csum 0x2d
v8b899c12
~ld


6.01
 0h00:05.524 2022/10/11T21:13:10z: DS3231
 0h00:05.539 2022/10/11T21:13:10z: BME280 (0x76)
 0h00:05.553 2022/10/11T21:13:10z: 84:f3:eb:7d:7:a8
 0h00:05.555 2022/10/11T21:13:10z: SSID: MU Open
 0h00:05.560 2022/10/11T21:13:10z: AP_STAR tmr
 ets Jan  8 2013,rst cause:4, boot mode:(3,7)

wdt reset
load 0x4010f000, len 1384, room 16 
tail 8
chksum 0x2d
csum 0x2d
v8b899c12
~ld


6.01
 0h00:05.289 2022/10/11T21:33:15z: DS3231
 0h00:05.304 2022/10/11T21:33:15z: BME280 (0x76)
 0h00:05.318 2022/10/11T21:33:15z: 84:f3:eb:7d:7:a8
 0h00:05.320 2022/10/11T21:33:15z: SSID: MU Open
 0h00:05.325 2022/10/11T21:33:15z: AP_STAR tmr
 ets Jan  8 2013,rst cause:4, boot mode:(3,7)

wdt reset
load 0x4010f000, len 1384, room 16 
tail 8
chksum 0x2d
csum 0x2d
v8b899c12
~ld


6.01
 0h00:05.439 2022/10/11T21:53:21z: DS3231
 0h00:05.455 2022/10/11T21:53:21z: BME280 (0x76)
 0h00:05.469 2022/10/11T21:53:21z: 84:f3:eb:7d:7:a8
 0h00:05.471 2022/10/11T21:53:21z: SSID: MU Open
 0h00:05.476 2022/10/11T21:53:21z: AP_STAR tmr
 ets Jan  8 2013,rst cause:4, boot mode:(3,7)

wdt reset
load 0x4010f000, len 1384, room 16 
tail 8
chksum 0x2d
csum 0x2d
v8b899c12
~ld


6.01
 0h00:05.402 2022/10/11T22:13:27z: DS3231
 0h00:05.417 2022/10/11T22:13:27z: BME280 (0x76)
 0h00:05.432 2022/10/11T22:13:27z: 84:f3:eb:7d:7:a8
 0h00:05.433 2022/10/11T22:13:27z: SSID: MU Open
 0h00:05.438 2022/10/11T22:13:27z: AP_STAR tmr
 ets Jan  8 2013,rst cause:4, boot mode:(3,7)

wdt reset
load 0x4010f000, len 1384, room 16 
tail 8
chksum 0x2d
csum 0x2d
v8b899c12
~ld


6.01
 0h00:05.247 2022/10/11T22:33:32z: DS3231
 0h00:05.262 2022/10/11T22:33:32z: BME280 (0x76)
 0h00:05.276 2022/10/11T22:33:32z: 84:f3:eb:7d:7:a8
 0h00:05.278 2022/10/11T22:33:32z: SSID: MU Open
 0h00:05.283 2022/10/11T22:33:32z: AP_STAR tmr
 ets Jan  8 2013,rst cause:4, boot mode:(3,7)

wdt reset
load 0x4010f000, len 1384, room 16 
tail 8
chksum 0x2d
csum 0x2d
v8b899c12
~ld


6.01
 0h00:05.293 2022/10/11T22:53:37z: DS3231
 0h00:05.309 2022/10/11T22:53:37z: BME280 (0x76)
 0h00:05.323 2022/10/11T22:53:37z: 84:f3:eb:7d:7:a8
 0h00:05.325 2022/10/11T22:53:37z: SSID: MU Open
 0h00:05.330 2022/10/11T22:53:37z: AP_STAR tmr
 ets Jan  8 2013,rst cause:4, boot mode:(3,7)

wdt reset
load 0x4010f000, len 1384, room 16 
tail 8
chksum 0x2d
csum 0x2d
v8b899c12
~ld


6.01
 0h00:05.197 2022/10/11T23:13:42z: DS3231
 0h00:05.212 2022/10/11T23:13:42z: BME280 (0x76)
 0h00:05.226 2022/10/11T23:13:42z: 84:f3:eb:7d:7:a8
 0h00:05.228 2022/10/11T23:13:42z: SSID: MU Open
 0h00:05.233 2022/10/11T23:13:42z: AP_STAR tmr
 ets Jan  8 2013,rst cause:4, boot mode:(3,7)

wdt reset
load 0x4010f000, len 1384, room 16 
tail 8
chksum 0x2d
csum 0x2d
v8b899c12
~ld


6.01
 0h00:05.473 2022/10/11T23:33:47z: DS3231
 0h00:05.488 2022/10/11T23:33:47z: BME280 (0x76)
 0h00:05.502 2022/10/11T23:33:47z: 84:f3:eb:7d:7:a8
 0h00:05.504 2022/10/11T23:33:47z: SSID: MU Open
 0h00:05.509 2022/10/11T23:33:47z: AP_STAR tmr
 ets Jan  8 2013,rst cause:4, boot mode:(3,7)

wdt reset
load 0x4010f000, len 1384, room 16 
tail 8
chksum 0x2d
csum 0x2d
v8b899c12
~ld


6.01
 0h00:05.503 2022/10/11T23:53:52z: DS3231
 0h00:05.518 2022/10/11T23:53:52z: BME280 (0x76)
 0h00:05.532 2022/10/11T23:53:52z: 84:f3:eb:7d:7:a8
 0h00:05.534 2022/10/11T23:53:52z: SSID: MU Open
 0h00:05.539 2022/10/11T23:53:52z: AP_STA