R tmr
 ets Jan  8 2013,rst cause:4, boot mode:(3,7)

wdt reset
load 0x4010f000, len 1384, room 16 
tail 8
chksum 0x2d
csum 0x2d
v8b899c12
~ld


6.01
 0h00:04.866 2022/02/25T00:02:21z: DS3231
 0h00:04.881 2022/02/25T00:02:21z: BME280 (0x76)
 0h00:04.895 2022/02/25T00:02:21z: 84:f3:eb:7d:7:a8
 0h00:04.897 2022/02/25T00:02:21z: SSID: MU Open
 0h00:04.902 2022/02/25T00:02:21z: AP_STAR tmr
 ets Jan  8 2013,rst cause:4, boot mode:(3,7)

wdt reset
load 0x4010f000, len 1384, room 16 
tail 8
chksum 0x2d
csum 0x2d
v8b899c12
~ld


6.01
 0h00:04.878 2022/02/25T00:22:23z: DS3231
 0h00:04.893 2022/02/25T00:22:23z: BME280 (0x76)
 0h00:04.907 2022/02/25T00:22:23z: 84:f3:eb:7d:7:a8
 0h00:04.909 2022/02/25T00:22:23z: SSID: MU Open
 0h00:04.914 2022/02/25T00:22:23z: AP_STAR tmr
 ets Jan  8 2013,rst cause:4, boot mode:(3,7)

wdt reset
load 0x4010f000, len 1384, room 16 
tail 8
chksum 0x2d
csum 0x2d
v8b899c12
~ld


6.01
 0h00:04.825 2022/02/25T00:42:24z: DS3231
 0h00:04.841 2022/02/25T00:42:24z: BME280 (0x76)
 0h00:04.855 2022/02/25T00:42:24z: 84:f3:eb:7d:7:a8
 0h00:04.857 2022/02/25T00:42:24z: SSID: MU Open
 0h00:04.862 2022/02/25T00:42:24z: AP_STAR tmr
 ets Jan  8 2013,rst cause:4, boot mode:(3,7)

wdt reset
load 0x4010f000, len 1384, room 16 
tail 8
chksum 0x2d
csum 0x2d
v8b899c12
~ld


6.01
 0h00:04.614 2022/02/25T01:02:25z: DS3231
 0h00:04.629 2022/02/25T01:02:25z: BME280 (0x76)
 0h00:04.643 2022/02/25T01:02:25z: 84:f3:eb:7d:7:a8
 0h00:04.645 2022/02/25T01:02:25z: SSID: MU Open
 0h00:04.650 2022/02/25T01:02:25z: AP_STAR tmr
 ets Jan  8 2013,rst cause:4, boot mode:(3,7)

wdt reset
load 0x4010f000, len 1384, room 16 
tail 8
chksum 0x2d
csum 0x2d
v8b899c12
~ld


6.01
 0h00:04.795 2022/02/25T01:22:27z: DS3231
 0h00:04.811 2022/02/25T01:22:27z: BME280 (0x76)
 0h00:04.825 2022/02/25T01:22:27z: 84:f3:eb:7d:7:a8
 0h00:04.826 2022/02/25T01:22:27z: SSID: MU Open
 0h00:04.832 2022/02/25T01:22:27z: AP_STAR tmr
 ets Jan  8 2013,rst cause:4, boot mode:(3,7)

wdt reset
load 0x4010f000, len 1384, room 16 
tail 8
chksum 0x2d
csum 0x2d
v8b899c12
~ld


6.01
 0h00:04.794 2022/02/25T01:42:29z: DS3231
 0h00:04.809 2022/02/25T01:42:29z: BME280 (0x76)
 0h00:04.823 2022/02/25T01:42:29z: 84:f3:eb:7d:7:a8
 0h00:04.825 2022/02/25T01:42:29z: SSID: MU Open
 0h00:04.830 2022/02/25T01:42:29z: AP_STAR tmr
 ets Jan  8 2013,rst cause:4, boot mode:(3,7)

wdt reset
load 0x4010f000, len 1384, room 16 
tail 8
chksum 0x2d
csum 0x2d
v8b899c12
~ld


6.01
 0h00:04.640 2022/02/25T02:02:31z: DS3231
 0h00:04.655 2022/02/25T02:02:31z: BME280 (0x76)
 0h00:04.669 2022/02/25T02:02:31z: 84:f3:eb:7d:7:a8
 0h00:04.671 2022/02/25T02:02:31z: SSID: MU Open
 0h00:04.676 2022/02/25T02:02:31z: AP_STAR tmr
 ets Jan  8 2013,rst cause:4, boot mode:(3,7)

wdt reset
load 0x4010f000, len 1384, room 16 
tail 8
chksum 0x2d
csum 0x2d
v8b899c12
~ld


6.01
 0h00:04.971 2022/02/25T02:22:32z: DS3231
 0h00:04.987 2022/02/25T02:22:32z: BME280 (0x76)
 0h00:05.001 2022/02/25T02:22:32z: 84:f3:eb:7d:7:a8
 0h00:05.003 2022/02/25T02:22:32z: SSID: MU Open
 0h00:05.008 2022/02/25T02:22:32z: AP_STAR tmr
 ets Jan  8 2013,rst cause:4, boot mode:(3,7)

wdt reset
load 0x4010f000, len 1384, room 16 
tail 8
chksum 0x2d
csum 0x2d
v8b899c12
~ld


6.01
 0h00:04.873 2022/02/25T02:42:34z: DS3231
 0h00:04.888 2022/02/25T02:42:34z: BME280 (0x76)
 0h00:04.902 2022/02/25T02:42:34z: 84:f3:eb:7d:7:a8
 0h00:04.904 2022/02/25T02:42:34z: SSID: MU Open
 0h00:04.909 2022/02/25T02:42:34z: AP_STAR tmr
 ets Jan  8 2013,rst cause:4, boot mode:(3,7)

wdt reset
load 0x4010f000, len 1384, room 16 
tail 8
chksum 0x2d
csum 0x2d
v8b899c12
~ld


6.01
 0h00:04.690 2022/02/25T03:02:35z: DS3231
 0h00:04.705 2022/02/25T03:02:35z: BME280 (0x76)
 0h00:04.719 2022/02/25T03:02:35z: 84:f3:eb:7d:7:a8
 0h00:04.721 2022/02/25T03:02:35z: SSID: MU Open
 0h00:04.726 2022/02/25T03:02:35z: AP_STAR tmr
 ets Jan  8 2013,rst cause:4, boot mode:(3,7)

wdt reset
load 0x4010f000, len 1384, room 16 
tail 8
chksum 0x2d
csum 0x2d
v8b899c12
~ld


6.01
 0h00:04.806 2022/02/25T03:22:37z: DS3231
 0h00:04.821 2022/02/25T03:22:37z: BME280 (0x76)
 0h00:04.835 2022/02/25T03:22:37z: 84:f3:eb:7d:7:a8
 0h00:04.837 2022/02/25T03:22:37z: SSID: MU Open
 0h00:04.842 2022/02/25T03:22:37z: AP_STAR tmr
 ets Jan  8 2013,rst cause:4, boot mode:(3,7)

wdt reset
load 0x4010f000, len 1384, room 16 
tail 8
chksum 0x2d
csum 0x2d
v8b899c12
~ld


6.01
 0h00:04.826 2022/02/25T03:42:39z: DS3231
 0h00:04.841 2022/02/25T03:42:39z: BME280 (0x76)
 0h00:04.856 2022/02/25T03:42:39z: 84:f3:eb:7d:7:a8
 0h00:04.857 2022/02/25T03:42:39z: SSID: MU Open
 0h00:04.862 2022/02/25T03:42:39z: AP_STAR tmr
 ets Jan  8 2013,rst cause:4, boot mode:(3,7)

wdt reset
load 0x4010f000, len 1384, room 16 
tail 8
chksum 0x2d
csum 0x2d
v8b899c12
~ld


6.01
 0h00:04.793 2022/02/25T04:02:41z: DS3231
 0h00:04.808 2022/02/25T04:02:41z: BME280 (0x76)
 0h00:04.822 2022/02/25T04:02:41z: 84:f3:eb:7d:7:a8
 0h00:04.824 2022/02/25T04:02:41z: SSID: MU Open
 0h00:04.829 2022/02/25T04:02:41z: AP_STAR tmr
 ets Jan  8 2013,rst cause:4, boot mode:(3,7)

wdt reset
load 0x4010f000, len 1384, room 16 
tail 8
chksum 0x2d
csum 0x2d
v8b899c12
~ld


6.01
 0h00:04.818 2022/02/25T04:22:43z: DS3231
 0h00:04.833 2022/02/25T04:22:43z: BME280 (0x76)
 0h00:04.848 2022/02/25T04:22:43z: 84:f3:eb:7d:7:a8
 0h00:04.849 2022/02/25T04:22:43z: SSID: MU Open
 0h00:04.854 2022/02/25T04:22:43z: AP_STAR tmr
 ets Jan  8 2013,rst cause:4, boot mode:(3,7)

wdt reset
load 0x4010f000, len 1384, room 16 
tail 8
chksum 0x2d
csum 0x2d
v8b899c12
~ld


6.01
 0h00:04.810 2022/02/25T04:42:46z: DS3231
 0h00:04.826 2022/02/25T04:42:46z: BME280 (0x76)
 0h00:04.840 2022/02/25T04:42:46z: 84:f3:eb:7d:7:a8
 0h00:04.841 2022/02/25T04:42:46z: SSID: MU Open
 0h00:04.847 2022/02/25T04:42:46z: AP_STAR tmr
 ets Jan  8 2013,rst cause:4, boot mode:(3,7)

wdt reset
load 0x4010f000, len 1384, room 16 
tail 8
chksum 0x2d
csum 0x2d
v8b899c12
~ld


6.01
 0h00:04.838 2022/02/25T05:02:48z: DS3231
 0h00:04.853 2022/02/25T05:02:48z: BME280 (0x76)
 0h00:04.867 2022/02/25T05:02:48z: 84:f3:eb:7d:7:a8
 0h00:04.869 2022/02/25T05:02:48z: SSID: MU Open
 0h00:04.874 2022/02/25T05:02:48z: AP_STAR tmr
 ets Jan  8 2013,rst cause:4, boot mode:(3,7)

wdt reset
load 0x4010f000, len 1384, room 16 
tail 8
chksum 0x2d
csum 0x2d
v8b899c12
~ld


6.01
 0h00:04.816 2022/02/25T05:22:50z: DS3231
 0h00:04.831 2022/02/25T05:22:50z: BME280 (0x76)
 0h00:04.846 2022/02/25T05:22:50z: 84:f3:eb:7d:7:a8
 0h00:04.847 2022/02/25T05:22:50z: SSID: MU Open
 0h00:04.852 2022/02/25T05:22:50z: AP_STAR tmr
 ets Jan  8 2013,rst cause:4, boot mode:(3,7)

wdt reset
load 0x4010f000, len 1384, room 16 
tail 8
chksum 0x2d
csum 0x2d
v8b899c12
~ld


6.01
 0h00:04.841 2022/02/25T05:42:52z: DS3231
 0h00:04.857 2022/02/25T05:42:52z: BME280 (0x76)
 0h00:04.871 2022/02/25T05:42:52z: 84:f3:eb:7d:7:a8
 0h00:04.873 2022/02/25T05:42:52z: SSID: MU Open
 0h00:04.878 2022/02/25T05:42:52z: AP_STAR tmr
 ets Jan  8 2013,rst cause:4, boot mode:(3,7)

wdt reset
load 0x4010f000, len 1384, room 16 
tail 8
chksum 0x2d
csum 0x2d
v8b899c12
~ld


6.01
 0h00:04.943 2022/02/25T06:02:53z: DS3231
 0h00:04.959 2022/02/25T06:02:53z: BME280 (0x76)
 0h00:04.973 2022/02/25T06:02:53z: 84:f3:eb:7d:7:a8
 0h00:04.975 2022/02/25T06:02:53z: SSID: MU Open
 0h00:04.980 2022/02/25T06:02:53z: AP_STAR tmr
 ets Jan  8 2013,rst cause:4, boot mode:(3,7)

wdt reset
load 0x4010f000, len 1384, room 16 
tail 8
chksum 0x2d
csum 0x2d
v8b899c12
~ld


6.01
 0h00:04.773 2022/02/25T06:22:55z: DS3231
 0h00:04.788 2022/02/25T06:22:55z: BME280 (0x76)
 0h00:04.802 2022/02/25T06:22:55z: 84:f3:eb:7d:7:a8
 0h00:04.804 2022/02/25T06:22:55z: SSID: MU Open
 0h00:04.809 2022/02/25T06:22:55z: AP_STAR tmr
 ets Jan  8 2013,rst cause:4, boot mode:(3,7)

wdt reset
load 0x4010f000, len 1384, room 16 
tail 8
chksum 0x2d
csum 0x2d
v8b899c12
~ld


6.01
 0h00:04.795 2022/02/25T06:42:57z: DS3231
 0h00:04.810 2022/02/25T06:42:57z: BME280 (0x76)
 0h00:04.825 2022/02/25T06:42:57z: 84:f3:eb:7d:7:a8
 0h00:04.826 2022/02/25T06:42:57z: SSID: MU Open
 0h00:04.831 2022/02/25T06:42:57z: AP_STAR tmr
 ets Jan  8 2013,rst cause:4, boot mode:(3,7)

wdt reset
load 0x4010f000, len 1384, room 16 
tail 8
chksum 0x2d
csum 0x2d
v8b899c12
~ld


6.01
 0h00:04.676 2022/02/25T07:02:58z: DS3231
 0h00:04.692 2022/02/25T07:02:58z: BME280 (0x76)
 0h00:04.706 2022/02/25T07:02:58z: 84:f3:eb:7d:7:a8
 0h00:04.708 2022/02/25T07:02:58z: SSID: MU Open
 0h00:04.713 2022/02/25T07:02:58z: AP_STAR tmr
 ets Jan  8 2013,rst cause:4, boot mode:(3,7)

wdt reset
load 0x4010f000, len 1384, room 16 
tail 8
chksum 0x2d
csum 0x2d
v8b899c12
~ld


6.01
 0h00:04.836 2022/02/25T07:23:00z: DS3231
 0h00:04.852 2022/02/25T07:23:00z: BME280 (0x76)
 0h00:04.866 2022/02/25T07:23:00z: 84:f3:eb:7d:7:a8
 0h00:04.867 2022/02/25T07:23:00z: SSID: MU Open
 0h00:04.873 2022/02/25T07:23:00z: AP_STAR tmr
 ets Jan  8 2013,rst cause:4, boot mode:(3,7)

wdt reset
load 0x4010f000, len 1384, room 16 
tail 8
chksum 0x2d
csum 0x2d
v8b899c12
~ld


6.01
 0h00:04.821 2022/02/25T07:43:01z: DS3231
 0h00:04.837 2022/02/25T07:43:01z: BME280 (0x76)
 0h00:04.851 2022/02/25T07:43:01z: 84:f3:eb:7d:7:a8
 0h00:04.853 2022/02/25T07:43:01z: SSID: MU Open
 0h00:04.858 2022/02/25T07:43:01z: AP_STAR tmr
 ets Jan  8 2013,rst cause:4, boot mode:(3,7)

wdt reset
load 0x4010f000, len 1384, room 16 
tail 8
chksum 0x2d
csum 0x2d
v8b899c12
~ld


6.01
 0h00:04.528 2022/02/25T08:03:03z: DS3231
 0h00:04.543 2022/02/25T08:03:03z: BME280 (0x76)
 0h00:04.557 2022/02/25T08:03:03z: 84:f3:eb:7d:7:a8
 0h00:04.559 2022/02/25T08:03:03z: SSID: MU Open
 0h00:04.564 2022/02/25T08:03:03z: AP_STAR tmr
 ets Jan  8 2013,rst cause:4, boot mode:(3,7)

wdt reset
load 0x4010f000, len 1384, room 16 
tail 8
chksum 0x2d
csum 0x2d
v8b899c12
~ld


6.01
 0h00:04.596 2022/02/25T08:23:06z: DS3231
 0h00:04.611 2022/02/25T08:23:06z: BME280 (0x76)
 0h00:04.626 2022/02/25T08:23:06z: 84:f3:eb:7d:7:a8
 0h00:04.627 2022/02/25T08:23:06z: SSID: MU Open
 0h00:04.632 2022/02/25T08:23:06z: AP_STAR tmr
 ets Jan  8 2013,rst cause:4, boot mode:(3,7)

wdt reset
load 0x4010f000, len 1384, room 16 
tail 8
chksum 0x2d
csum 0x2d
v8b899c12
~ld


6.01
 0h00:04.779 2022/02/25T08:43:07z: DS3231
 0h00:04.794 2022/02/25T08:43:07z: BME280 (0x76)
 0h00:04.808 2022/02/25T08:43:07z: 84:f3:eb:7d:7:a8
 0h00:04.810 2022/02/25T08:43:07z: SSID: MU Open
 0h00:04.815 2022/02/25T08:43:07z: AP_STAR tmr
 ets Jan  8 2013,rst cause:4, boot mode:(3,7)

wdt reset
load 0x4010f000, len 1384, room 16 
tail 8
chksum 0x2d
csum 0x2d
v8b899c12
~ld


6.01
 0h00:04.754 2022/02/25T09:03:09z: DS3231
 0h00:04.770 2022/02/25T09:03:09z: BME280 (0x76)
 0h00:04.784 2022/02/25T09:03:09z: 84:f3:eb:7d:7:a8
 0h00:04.785 2022/02/25T09:03:09z: SSID: MU Open
 0h00:04.791 2022/02/25T09:03:09z: AP_STAR tmr
 ets Jan  8 2013,rst cause:4, boot mode:(3,7)

wdt reset
load 0x4010f000, len 1384, room 16 
tail 8
chksum 0x2d
csum 0x2d
v8b899c12
~ld


6.01
 0h00:04.813 2022/02/25T09:23:10z: DS3231
 0h00:04.828 2022/02/25T09:23:10z: BME280 (0x76)
 0h00:04.842 2022/02/25T09:23:10z: 84:f3:eb:7d:7:a8
 0h00:04.844 2022/02/25T09:23:10z: SSID: MU Open
 0h00:04.849 2022/02/25T09:23:10z: AP_STAR tmr
 ets Jan  8 2013,rst cause:4, boot mode:(3,7)

wdt reset
load 0x4010f000, len 1384, room 16 
tail 8
chksum 0x2d
csum 0x2d
v8b899c12
~ld


6.01
 0h00:04.795 2022/02/25T09:43:12z: DS3231
 0h00:04.811 2022/02/25T09:43:12z: BME280 (0x76)
 0h00:04.825 2022/02/25T09:43:12z: 84:f3:eb:7d:7:a8
 0h00:04.826 2022/02/25T09:43:12z: SSID: MU Open
 0h00:04.832 2022/02/25T09:43:12z: AP_STAR tmr
 ets Jan  8 2013,rst cause:4, boot mode:(3,7)

wdt reset
load 0x4010f000, len 1384, room 16 
tail 8
chksum 0x2d
csum 0x2d
v8b899c12
~ld


6.01
 0h00:04.629 2022/02/25T10:03:14z: DS3231
 0h00:04.644 2022/02/25T10:03:14z: BME280 (0x76)
 0h00:04.658 2022/02/25T10:03:14z: 84:f3:eb:7d:7:a8
 0h00:04.660 2022/02/25T10:03:14z: SSID: MU Open
 0h00:04.665 2022/02/25T10:03:14z: AP_STAR tmr
 ets Jan  8 2013,rst cause:4, boot mode:(3,7)

wdt reset
load 0x4010f000, len 1384, room 16 
tail 8
chksum 0x2d
csum 0x2d
v8b899c12
~ld


6.01
 0h00:04.870 2022/02/25T10:23:16z: DS3231
 0h00:04.886 2022/02/25T10:23:16z: BME280 (0x76)
 0h00:04.900 2022/02/25T10:23:16z: 84:f3:eb:7d:7:a8
 0h00:04.901 2022/02/25T10:23:16z: SSID: MU Open
 0h00:04.907 2022/02/25T10:23:16z: AP_STAR tmr
 ets Jan  8 2013,rst cause:4, boot mode:(3,7)

wdt reset
load 0x4010f000, len 1384, room 16 
tail 8
chksum 0x2d
csum 0x2d
v8b899c12
~ld


6.01
 0h00:04.924 2022/02/25T10:43:18z: DS3231
 0h00:04.940 2022/02/25T10:43:18z: BME280 (0x76)
 0h00:04.954 2022/02/25T10:43:18z: 84:f3:eb:7d:7:a8
 0h00:04.956 2022/02/25T10:43:18z: SSID: MU Open
 0h00:04.961 2022/02/25T10:43:18z: AP_STAR tmr
 ets Jan  8 2013,rst cause:4, boot mode:(3,7)

wdt reset
load 0x4010f000, len 1384, room 16 
tail 8
chksum 0x2d
csum 0x2d
v8b899c12
~ld


6.01
 0h00:04.691 2022/02/25T11:03:20z: DS3231
 0h00:04.707 2022/02/25T11:03:20z: BME280 (0x76)
 0h00:04.721 2022/02/25T11:03:20z: 84:f3:eb:7d:7:a8
 0h00:04.722 2022/02/25T11:03:20z: SSID: MU Open
 0h00:04.728 2022/02/25T11:03:20z: AP_STAR tmr
 ets Jan  8 2013,rst cause:4, boot mode:(3,7)

wdt reset
load 0x4010f000, len 1384, room 16 
tail 8
chksum 0x2d
csum 0x2d
v8b899c12
~ld


6.01
 0h00:04.353 2022/02/25T11:23:21z: DS3231
 0h00:04.368 2022/02/25T11:23:21z: BME280 (0x76)
 0h00:04.382 2022/02/25T11:23:21z: 84:f3:eb:7d:7:a8
 0h00:04.384 2022/02/25T11:23:21z: SSID: MU Open
 0h00:04.389 2022/02/25T11:23:21z: AP_STAR tmr
 ets Jan  8 2013,rst cause:4, boot mode:(3,7)

wdt reset
load 0x4010f000, len 1384, room 16 
tail 8
chksum 0x2d
csum 0x2d
v8b899c12
~ld


6.01
 0h00:04.884 2022/02/25T11:43:23z: DS3231
 0h00:04.899 2022/02/25T11:43:23z: BME280 (0x76)
 0h00:04.914 2022/02/25T11:43:23z: 84:f3:eb:7d:7:a8
 0h00:04.915 2022/02/25T11:43:23z: SSID: MU Open
 0h00:04.921 2022/02/25T11:43:23z: AP_STAR tmr
 ets Jan  8 2013,rst cause:4, boot mode:(3,7)

wdt reset
load 0x4010f000, len 1384, room 16 
tail 8
chksum 0x2d
csum 0x2d
v8b899c12
~ld


6.01
 0h00:04.890 2022/02/25T12:03:24z: DS3231
 0h00:04.906 2022/02/25T12:03:24z: BME280 (0x76)
 0h00:04.920 2022/02/25T12:03:24z: 84:f3:eb:7d:7:a8
 0h00:04.922 2022/02/25T12:03:24z: SSID: MU Open
 0h00:04.927 2022/02/25T12:03:24z: AP_STAR tmr
 ets Jan  8 2013,rst cause:4, boot mode:(3,7)

wdt reset
load 0x4010f000, len 1384, room 16 
tail 8
chksum 0x2d
csum 0x2d
v8b899c12
~ld


6.01
 0h00:04.897 2022/02/25T12:23:27z: DS3231
 0h00:04.913 2022/02/25T12:23:27z: BME280 (0x76)
 0h00:04.927 2022/02/25T12:23:27z: 84:f3:eb:7d:7:a8
 0h00:04.929 2022/02/25T12:23:27z: SSID: MU Open
 0h00:04.934 2022/02/25T12:23:27z: AP_STAR tmr
 ets Jan  8 2013,rst cause:4, boot mode:(3,7)

wdt reset
load 0x4010f000, len 1384, room 16 
tail 8
chksum 0x2d
csum 0x2d
v8b899c12
~ld


6.01
 0h00:04.879 2022/02/25T12:43:29z: DS3231
 0h00:04.895 2022/02/25T12:43:29z: BME280 (0x76)
 0h00:04.909 2022/02/25T12:43:29z: 84:f3:eb:7d:7:a8
 0h00:04.910 2022/02/25T12:43:29z: SSID: MU Open
 0h00:04.916 2022/02/25T12:43:29z: AP_STAR tmr
 ets Jan  8 2013,rst cause:4, boot mode:(3,7)

wdt reset
load 0x4010f000, len 1384, room 16 
tail 8
chksum 0x2d
csum 0x2d
v8b899c12
~ld


6.01
 0h00:04.903 2022/02/25T13:03:31z: DS3231
 0h00:04.918 2022/02/25T13:03:31z: BME280 (0x76)
 0h00:04.932 2022/02/25T13:03:31z: 84:f3:eb:7d:7:a8
 0h00:04.934 2022/02/25T13:03:31z: SSID: MU Open
 0h00:04.939 2022/02/25T13:03:31z: AP_STAR tmr
 ets Jan  8 2013,rst cause:4, boot mode:(3,7)

wdt reset
load 0x4010f000, len 1384, room 16 
tail 8
chksum 0x2d
csum 0x2d
v8b899c12
~ld


6.01
 0h00:04.818 2022/02/25T13:23:33z: DS3231
 0h00:04.833 2022/02/25T13:23:33z: BME280 (0x76)
 0h00:04.848 2022/02/25T13:23:33z: 84:f3:eb:7d:7:a8
 0h00:04.849 2022/02/25T13:23:33z: SSID: MU Open
 0h00:04.854 2022/02/25T13:23:33z: AP_STAR tmr
 ets Jan  8 2013,rst cause:4, boot mode:(3,7)

wdt reset
load 0x4010f000, len 1384, room 16 
tail 8
chksum 0x2d
csum 0x2d
v8b899c12
~ld


6.01
 0h00:04.844 2022/02/25T13:43:34z: DS3231
 0h00:04.859 2022/02/25T13:43:34z: BME280 (0x76)
 0h00:04.874 2022/02/25T13:43:34z: 84:f3:eb:7d:7:a8
 0h00:04.875 2022/02/25T13:43:34z: SSID: MU Open
 0h00:04.880 2022/02/25T13:43:34z: AP_STAR tmr
 ets Jan  8 2013,rst cause:4, boot mode:(3,7)

wdt reset
load 0x4010f000, len 1384, room 16 
tail 8
chksum 0x2d
csum 0x2d
v8b899c12
~ld


6.01
 0h00:04.812 2022/02/25T14:03:36z: DS3231
 0h00:04.827 2022/02/25T14:03:36z: BME280 (0x76)
 0h00:04.841 2022/02/25T14:03:36z: 84:f3:eb:7d:7:a8
 0h00:04.843 2022/02/25T14:03:36z: SSID: MU Open
 0h00:04.848 2022/02/25T14:03:36z: AP_STAR tmr
 ets Jan  8 2013,rst cause:4, boot mode:(3,7)

wdt reset
load 0x4010f000, len 1384, room 16 
tail 8
chksum 0x2d
csum 0x2d
v8b899c12
~ld


6.01
 0h00:04.483 2022/02/25T14:23:37z: DS3231
 0h00:04.498 2022/02/25T14:23:37z: BME280 (0x76)
 0h00:04.512 2022/02/25T14:23:38z: 84:f3:eb:7d:7:a8
 0h00:04.514 2022/02/25T14:23:38z: SSID: MU Open
 0h00:04.519 2022/02/25T14:23:38z: AP_STAR tmr
 ets Jan  8 2013,rst cause:4, boot mode:(3,7)

wdt reset
load 0x4010f000, len 1384, room 16 
tail 8
chksum 0x2d
csum 0x2d
v8b899c12
~ld


6.01
 0h00:04.602 2022/02/25T14:43:39z: DS3231
 0h00:04.617 2022/02/25T14:43:39z: BME280 (0x76)
 0h00:04.631 2022/02/25T14:43:39z: 84:f3:eb:7d:7:a8
 0h00:04.633 2022/02/25T14:43:39z: SSID: MU Open
 0h00:04.638 2022/02/25T14:43:39z: AP_STAR tmr
 ets Jan  8 2013,rst cause:4, boot mode:(3,7)

wdt reset
load 0x4010f000, len 1384, room 16 
tail 8
chksum 0x2d
csum 0x2d
v8b899c12
~ld


6.01
 0h00:04.719 2022/02/25T15:03:41z: DS3231
 0h00:04.735 2022/02/25T15:03:41z: BME280 (0x76)
 0h00:04.749 2022/02/25T15:03:41z: 84:f3:eb:7d:7:a8
 0h00:04.750 2022/02/25T15:03:41z: SSID: MU Open
 0h00:04.756 2022/02/25T15:03:41z: AP_STAR tmr
 ets Jan  8 2013,rst cause:4, boot mode:(3,7)

wdt reset
load 0x4010f000, len 1384, room 16 
tail 8
chksum 0x2d
csum 0x2d
v8b899c12
~ld


6.01
 0h00:04.635 2022/02/25T15:23:42z: DS3231
 0h00:04.651 2022/02/25T15:23:42z: BME280 (0x76)
 0h00:04.665 2022/02/25T15:23:42z: 84:f3:eb:7d:7:a8
 0h00:04.667 2022/02/25T15:23:42z: SSID: MU Open
 0h00:04.672 2022/02/25T15:23:42z: AP_STAR tmr
 ets Jan  8 2013,rst cause:4, boot mode:(3,7)

wdt reset
load 0x4010f000, len 1384, room 16 
tail 8
chksum 0x2d
csum 0x2d
v8b899c12
~ld


6.01
 0h00:04.658 2022/02/25T15:43:43z: DS3231
 0h00:04.673 2022/02/25T15:43:43z: BME280 (0x76)
 0h00:04.688 2022/02/25T15:43:43z: 84:f3:eb:7d:7:a8
 0h00:04.689 2022/02/25T15:43:43z: SSID: MU Open
 0h00:04.694 2022/02/25T15:43:43z: AP_STAR tmr
 ets Jan  8 2013,rst cause:4, boot mode:(3,7)

wdt reset
load 0x4010f000, len 1384, room 16 
tail 8
chksum 0x2d
csum 0x2d
v8b899c12
~ld


6.01
 0h00:04.604 2022/02/25T16:03:45z: DS3231
 0h00:04.620 2022/02/25T16:03:45z: BME280 (0x76)
 0h00:04.634 2022/02/25T16:03:45z: 84:f3:eb:7d:7:a8
 0h00:04.635 2022/02/25T16:03:45z: SSID: MU Open
 0h00:04.641 2022/02/25T16:03:45z: AP_STAR tmr
 ets Jan  8 2013,rst cause:4, boot mode:(3,7)

wdt reset
load 0x4010f000, len 1384, room 16 
tail 8
chksum 0x2d
csum 0x2d
v8b899c12
~ld


6.01
 0h00:04.607 2022/02/25T16:23:46z: DS3231
 0h00:04.622 2022/02/25T16:23:46z: BME280 (0x76)
 0h00:04.636 2022/02/25T16:23:46z: 84:f3:eb:7d:7:a8
 0h00:04.638 2022/02/25T16:23:46z: SSID: MU Open
 0h00:04.643 2022/02/25T16:23:46z: AP_STAR tmr
 ets Jan  8 2013,rst cause:4, boot mode:(3,7)

wdt reset
load 0x4010f000, len 1384, room 16 
tail 8
chksum 0x2d
csum 0x2d
v8b899c12
~ld


6.01
 0h00:04.574 2022/02/25T16:43:46z: DS3231
 0h00:04.589 2022/02/25T16:43:46z: BME280 (0x76)
 0h00:04.603 2022/02/25T16:43:47z: 84:f3:eb:7d:7:a8
 0h00:04.605 2022/02/25T16:43:47z: SSID: MU Open
 0h00:04.610 2022/02/25T16:43:47z: AP_STAR tmr
 ets Jan  8 2013,rst cause:4, boot mode:(3,7)

wdt reset
load 0x4010f000, len 1384, room 16 
tail 8
chksum 0x2d
csum 0x2d
v8b899c12
~ld


6.01
 0h00:04.597 2022/02/25T17:03:48z: DS3231
 0h00:04.612 2022/02/25T17:03:48z: BME280 (0x76)
 0h00:04.626 2022/02/25T17:03:48z: 84:f3:eb:7d:7:a8
 0h00:04.628 2022/02/25T17:03:48z: SSID: MU Open
 0h00:04.633 2022/02/25T17:03:48z: AP_STAR tmr
 ets Jan  8 2013,rst cause:4, boot mode:(3,7)

wdt reset
load 0x4010f000, len 1384, room 16 
tail 8
chksum 0x2d
csum 0x2d
v8b899c12
~ld


6.01
 0h00:04.370 2022/02/25T17:23:49z: DS3231
 0h00:04.385 2022/02/25T17:23:49z: BME280 (0x76)
 0h00:04.399 2022/02/25T17:23:49z: 84:f3:eb:7d:7:a8
 0h00:04.401 2022/02/25T17:23:49z: SSID: MU Open
 0h00:04.406 2022/02/25T17:23:49z: AP_STAR tmr
 ets Jan  8 2013,rst cause:4, boot mode:(3,7)

wdt reset
load 0x4010f000, len 1384, room 16 
tail 8
chksum 0x2d
csum 0x2d
v8b899c12
~ld


6.01
 0h00:04.317 2022/02/25T17:43:50z: DS3231
 0h00:04.332 2022/02/25T17:43:50z: BME280 (0x76)
 0h00:04.346 2022/02/25T17:43:50z: 84:f3:eb:7d:7:a8
 0h00:04.348 2022/02/25T17:43:50z: SSID: MU Open
 0h00:04.353 2022/02/25T17:43:50z: AP_STAR tmr
 ets Jan  8 2013,rst cause:4, boot mode:(3,7)

wdt reset
load 0x4010f000, len 1384, room 16 
tail 8
chksum 0x2d
csum 0x2d
v8b899c12
~ld


6.01
 0h00:04.345 2022/02/25T18:03:50z: DS3231
 0h00:04.361 2022/02/25T18:03:50z: BME280 (0x76)
 0h00:04.375 2022/02/25T18:03:50z: 84:f3:eb:7d:7:a8
 0h00:04.376 2022/02/25T18:03:50z: SSID: MU Open
 0h00:04.382 2022/02/25T18:03:50z: AP_STAR tmr
 ets Jan  8 2013,rst cause:4, boot mode:(3,7)

wdt reset
load 0x4010f000, len 1384, room 16 
tail 8
chksum 0x2d
csum 0x2d
v8b899c12
~ld


6.01
 0h00:04.390 2022/02/25T18:23:51z: DS3231
 0h00:04.405 2022/02/25T18:23:51z: BME280 (0x76)
 0h00:04.419 2022/02/25T18:23:51z: 84:f3:eb:7d:7:a8
 0h00:04.421 2022/02/25T18:23:51z: SSID: MU Open
 0h00:04.426 2022/02/25T18:23:51z: AP_STAR tmr
 ets Jan  8 2013,rst cause:4, boot mode:(3,7)

wdt reset
load 0x4010f000, len 1384, room 16 
tail 8
chksum 0x2d
csum 0x2d
v8b899c12
~ld


6.01
 0h00:04.685 2022/02/25T18:43:52z: DS3231
 0h00:04.700 2022/02/25T18:43:52z: BME280 (0x76)
 0h00:04.715 2022/02/25T18:43:52z: 84:f3:eb:7d:7:a8
 0h00:04.716 2022/02/25T18:43:52z: SSID: MU Open
 0h00:04.721 2022/02/25T18:43:52z: AP_STAR tmr
 ets Jan  8 2013,rst cause:4, boot mode:(3,7)

wdt reset
load 0x4010f000, len 1384, room 16 
tail 8
chksum 0x2d
csum 0x2d
v8b899c12
~ld


6.01
 0h00:04.648 2022/02/25T19:03:54z: DS3231
 0h00:04.664 2022/02/25T19:03:54z: BME280 (0x76)
 0h00:04.678 2022/02/25T19:03:54z: 84:f3:eb:7d:7:a8
 0h00:04.680 2022/02/25T19:03:54z: SSID: MU Open
 0h00:04.685 2022/02/25T19:03:54z: AP_STAR tmr
 ets Jan  8 2013,rst cause:4, boot mode:(3,7)

wdt reset
load 0x4010f000, len 1384, room 16 
tail 8
chksum 0x2d
csum 0x2d
v8b899c12
~ld


6.01
 0h00:04.452 2022/02/25T19:23:55z: DS3231
 0h00:04.468 2022/02/25T19:23:55z: BME280 (0x76)
 0h00:04.482 2022/02/25T19:23:55z: 84:f3:eb:7d:7:a8
 0h00:04.483 2022/02/25T19:23:55z: SSID: MU Open
 0h00:04.489 2022/02/25T19:23:55z: AP_STAR tmr
 ets Jan  8 2013,rst cause:4, boot mode:(3,7)

wdt reset
load 0x4010f000, len 1384, room 16 
tail 8
chksum 0x2d
csum 0x2d
v8b899c12
~ld


6.01
 0h00:04.653 2022/02/25T19:43:56z: DS3231
 0h00:04.668 2022/02/25T19:43:56z: BME280 (0x76)
 0h00:04.683 2022/02/25T19:43:56z: 84:f3:eb:7d:7:a8
 0h00:04.684 2022/02/25T19:43:56z: SSID: MU Open
 0h00:04.689 2022/02/25T19:43:56z: AP_STAR tmr
 ets Jan  8 2013,rst cause:4, boot mode:(3,7)

wdt reset
load 0x4010f000, len 1384, room 16 
tail 8
chksum 0x2d
csum 0x2d
v8b899c12
~ld


6.01
 0h00:04.471 2022/02/25T20:03:57z: DS3231
 0h00:04.486 2022/02/25T20:03:57z: BME280 (0x76)
 0h00:04.500 2022/02/25T20:03:57z: 84:f3:eb:7d:7:a8
 0h00:04.502 2022/02/25T20:03:57z: SSID: MU Open
 0h00:04.507 2022/02/25T20:03:57z: AP_STAR tmr
 ets Jan  8 2013,rst cause:4, boot mode:(3,7)

wdt reset
load 0x4010f000, len 1384, room 16 
tail 8
chksum 0x2d
csum 0x2d
v8b899c12
~ld


6.01
 0h00:04.777 2022/02/25T20:23:59z: DS3231
 0h00:04.793 2022/02/25T20:23:59z: BME280 (0x76)
 0h00:04.807 2022/02/25T20:23:59z: 84:f3:eb:7d:7:a8
 0h00:04.809 2022/02/25T20:23:59z: SSID: MU Open
 0h00:04.814 2022/02/25T20:23:59z: AP_STAR tmr
 ets Jan  8 2013,rst cause:4, boot mode:(3,7)

wdt reset
load 0x4010f000, len 1384, room 16 
tail 8
chksum 0x2d
csum 0x2d
v8b899c12
~ld


6.01
 0h00:04.684 2022/02/25T20:43:59z: DS3231
 0h00:04.700 2022/02/25T20:43:59z: BME280 (0x76)
 0h00:04.714 2022/02/25T20:43:59z: 84:f3:eb:7d:7:a8
 0h00:04.716 2022/02/25T20:43:59z: SSID: MU Open
 0h00:04.721 2022/02/25T20:43:59z: AP_STAR tmr
 ets Jan  8 2013,rst cause:4, boot mode:(3,7)

wdt reset
load 0x4010f000, len 1384, room 16 
tail 8
chksum 0x2d
csum 0x2d
v8b899c12
~ld


6.01
 0h00:04.759 2022/02/25T21:04:01z: DS3231
 0h00:04.774 2022/02/25T21:04:01z: BME280 (0x76)
 0h00:04.788 2022/02/25T21:04:01z: 84:f3:eb:7d:7:a8
 0h00:04.790 2022/02/25T21:04:01z: SSID: MU Open
 0h00:04.795 2022/02/25T21:04:01z: AP_STAR tmr
 ets Jan  8 2013,rst cause:4, boot mode:(3,7)

wdt reset
load 0x4010f000, len 1384, room 16 
tail 8
chksum 0x2d
csum 0x2d
v8b899c12
~ld


6.01
 0h00:04.743 2022/02/25T21:24:02z: DS3231
 0h00:04.758 2022/02/25T21:24:02z: BME280 (0x76)
 0h00:04.772 2022/02/25T21:24:02z: 84:f3:eb:7d:7:a8
 0h00:04.774 2022/02/25T21:24:02z: SSID: MU Open
 0h00:04.779 2022/02/25T21:24:02z: AP_STAR tmr
 ets Jan  8 2013,rst cause:4, boot mode:(3,7)

wdt reset
load 0x4010f000, len 1384, room 16 
tail 8
chksum 0x2d
csum 0x2d
v8b899c12
~ld


6.01
 0h00:04.719 2022/02/25T21:44:03z: DS3231
 0h00:04.734 2022/02/25T21:44:03z: BME280 (0x76)
 0h00:04.748 2022/02/25T21:44:03z: 84:f3:eb:7d:7:a8
 0h00:04.750 2022/02/25T21:44:03z: SSID: MU Open
 0h00:04.755 2022/02/25T21:44:03z: AP_STAR tmr
 ets Jan  8 2013,rst cause:4, boot mode:(3,7)

wdt reset
load 0x4010f000, len 1384, room 16 
tail 8
chksum 0x2d
csum 0x2d
v8b899c12
~ld


6.01
 0h00:04.765 2022/02/25T22:04:06z: DS3231
 0h00:04.780 2022/02/25T22:04:06z: BME280 (0x76)
 0h00:04.794 2022/02/25T22:04:06z: 84:f3:eb:7d:7:a8
 0h00:04.796 2022/02/25T22:04:06z: SSID: MU Open
 0h00:04.801 2022/02/25T22:04:06z: AP_STAR tmr
 ets Jan  8 2013,rst cause:4, boot mode:(3,7)

wdt reset
load 0x4010f000, len 1384, room 16 
tail 8
chksum 0x2d
csum 0x2d
v8b899c12
~ld


6.01
 0h00:04.783 2022/02/25T22:24:07z: DS3231
 0h00:04.799 2022/02/25T22:24:07z: BME280 (0x76)
 0h00:04.813 2022/02/25T22:24:07z: 84:f3:eb:7d:7:a8
 0h00:04.814 2022/02/25T22:24:07z: SSID: MU Open
 0h00:04.820 2022/02/25T22:24:07z: AP_STAR tmr
 ets Jan  8 2013,rst cause:4, boot mode:(3,7)

wdt reset
load 0x4010f000, len 1384, room 16 
tail 8
chksum 0x2d
csum 0x2d
v8b899c12
~ld


6.01
 0h00:04.531 2022/02/25T22:44:08z: DS3231
 0h00:04.546 2022/02/25T22:44:08z: BME280 (0x76)
 0h00:04.561 2022/02/25T22:44:08z: 84:f3:eb:7d:7:a8
 0h00:04.562 2022/02/25T22:44:08z: SSID: MU Open
 0h00:04.567 2022/02/25T22:44:08z: AP_STAR tmr
 ets Jan  8 2013,rst cause:4, boot mode:(3,7)

wdt reset
load 0x4010f000, len 1384, room 16 
tail 8
chksum 0x2d
csum 0x2d
v8b899c12
~ld


6.01
 0h00:04.673 2022/02/25T23:04:10z: DS3231
 0h00:04.688 2022/02/25T23:04:10z: BME280 (0x76)
 0h00:04.702 2022/02/25T23:04:10z: 84:f3:eb:7d:7:a8
 0h00:04.704 2022/02/25T23:04:10z: SSID: MU Open
 0h00:04.709 2022/02/25T23:04:10z: AP_STAR tmr
 ets Jan  8 2013,rst cause:4, boot mode:(3,7)

wdt reset
load 0x4010f000, len 1384, room 16 
tail 8
chksum 0x2d
csum 0x2d
v8b899c12
~ld


6.01
 0h00:04.704 2022/02/25T23:24:11z: DS3231
 0h00:04.720 2022/02/25T23:24:11z: BME280 (0x76)
 0h00:04.734 2022/02/25T23:24:11z: 84:f3:eb:7d:7:a8
 0h00:04.735 2022/02/25T23:24:11z: SSID: MU Open
 0h00:04.741 2022/02/25T23:24:11z: AP_STAR tmr
 ets Jan  8 2013,rst cause:4, boot mode:(3,7)

wdt reset
load 0x4010f000, len 1384, room 16 
tail 8
chksum 0x2d
csum 0x2d
v8b899c12
~ld


6.01
 0h00:04.799 2022/02/25T23:44:13z: DS3231
 0h00:04.815 2022/02/25T23:44:13z: BME280 (0x76)
 0h00:04.829 2022/02/25T23:44:13z: 84:f3:eb:7d:7:a8
 0h00:04.831 2022/02/25T23:44:13z: SSID: MU Open
 0h00:04.836 2022/02/25T23:44:13z: AP_STA