R tmr
 ets Jan  8 2013,rst cause:4, boot mode:(3,7)

wdt reset
load 0x4010f000, len 1384, room 16 
tail 8
chksum 0x2d
csum 0x2d
v8b899c12
~ld


6.01
 0h00:03.903 2022/05/14T00:16:45z: DS3231
 0h00:03.919 2022/05/14T00:16:45z: BME280 (0x76)
 0h00:03.933 2022/05/14T00:16:45z: 84:f3:eb:7d:7:a8
 0h00:03.935 2022/05/14T00:16:45z: SSID: MU Open
 0h00:03.940 2022/05/14T00:16:45z: AP_STAR tmr
 ets Jan  8 2013,rst cause:4, boot mode:(3,7)

wdt reset
load 0x4010f000, len 1384, room 16 
tail 8
chksum 0x2d
csum 0x2d
v8b899c12
~ld


6.01
 0h00:03.894 2022/05/14T00:36:46z: DS3231
 0h00:03.909 2022/05/14T00:36:46z: BME280 (0x76)
 0h00:03.923 2022/05/14T00:36:46z: 84:f3:eb:7d:7:a8
 0h00:03.925 2022/05/14T00:36:46z: SSID: MU Open
 0h00:03.930 2022/05/14T00:36:46z: AP_STAR tmr
 ets Jan  8 2013,rst cause:4, boot mode:(3,7)

wdt reset
load 0x4010f000, len 1384, room 16 
tail 8
chksum 0x2d
csum 0x2d
v8b899c12
~ld


6.01
 0h00:04.287 2022/05/14T00:56:47z: DS3231
 0h00:04.302 2022/05/14T00:56:47z: BME280 (0x76)
 0h00:04.316 2022/05/14T00:56:47z: 84:f3:eb:7d:7:a8
 0h00:04.318 2022/05/14T00:56:47z: SSID: MU Open
 0h00:04.323 2022/05/14T00:56:47z: AP_STAR tmr
 ets Jan  8 2013,rst cause:4, boot mode:(3,7)

wdt reset
load 0x4010f000, len 1384, room 16 
tail 8
chksum 0x2d
csum 0x2d
v8b899c12
~ld


6.01
 0h00:03.887 2022/05/14T01:16:48z: DS3231
 0h00:03.902 2022/05/14T01:16:48z: BME280 (0x76)
 0h00:03.916 2022/05/14T01:16:48z: 84:f3:eb:7d:7:a8
 0h00:03.918 2022/05/14T01:16:48z: SSID: MU Open
 0h00:03.923 2022/05/14T01:16:48z: AP_STAR tmr
 ets Jan  8 2013,rst cause:4, boot mode:(3,7)

wdt reset
load 0x4010f000, len 1384, room 16 
tail 8
chksum 0x2d
csum 0x2d
v8b899c12
~ld


6.01
 0h00:04.034 2022/05/14T01:36:49z: DS3231
 0h00:04.049 2022/05/14T01:36:49z: BME280 (0x76)
 0h00:04.063 2022/05/14T01:36:49z: 84:f3:eb:7d:7:a8
 0h00:04.065 2022/05/14T01:36:49z: SSID: MU Open
 0h00:04.070 2022/05/14T01:36:49z: AP_STAR tmr
 ets Jan  8 2013,rst cause:4, boot mode:(3,7)

wdt reset
load 0x4010f000, len 1384, room 16 
tail 8
chksum 0x2d
csum 0x2d
v8b899c12
~ld


6.01
 0h00:04.274 2022/05/14T01:56:50z: DS3231
 0h00:04.289 2022/05/14T01:56:50z: BME280 (0x76)
 0h00:04.304 2022/05/14T01:56:50z: 84:f3:eb:7d:7:a8
 0h00:04.305 2022/05/14T01:56:50z: SSID: MU Open
 0h00:04.310 2022/05/14T01:56:50z: AP_STAR tmr
 ets Jan  8 2013,rst cause:4, boot mode:(3,7)

wdt reset
load 0x4010f000, len 1384, room 16 
tail 8
chksum 0x2d
csum 0x2d
v8b899c12
~ld


6.01
 0h00:04.244 2022/05/14T02:16:51z: DS3231
 0h00:04.259 2022/05/14T02:16:51z: BME280 (0x76)
 0h00:04.273 2022/05/14T02:16:51z: 84:f3:eb:7d:7:a8
 0h00:04.275 2022/05/14T02:16:51z: SSID: MU Open
 0h00:04.280 2022/05/14T02:16:51z: AP_STAR tmr
 ets Jan  8 2013,rst cause:4, boot mode:(3,7)

wdt reset
load 0x4010f000, len 1384, room 16 
tail 8
chksum 0x2d
csum 0x2d
v8b899c12
~ld


6.01
 0h00:04.059 2022/05/14T02:36:52z: DS3231
 0h00:04.074 2022/05/14T02:36:52z: BME280 (0x76)
 0h00:04.089 2022/05/14T02:36:52z: 84:f3:eb:7d:7:a8
 0h00:04.090 2022/05/14T02:36:52z: SSID: MU Open
 0h00:04.095 2022/05/14T02:36:52z: AP_STAR tmr
 ets Jan  8 2013,rst cause:4, boot mode:(3,7)

wdt reset
load 0x4010f000, len 1384, room 16 
tail 8
chksum 0x2d
csum 0x2d
v8b899c12
~ld


6.01
 0h00:04.001 2022/05/14T02:56:52z: DS3231
 0h00:04.016 2022/05/14T02:56:52z: BME280 (0x76)
 0h00:04.031 2022/05/14T02:56:53z: 84:f3:eb:7d:7:a8
 0h00:04.032 2022/05/14T02:56:53z: SSID: MU Open
 0h00:04.037 2022/05/14T02:56:53z: AP_STAR tmr
 ets Jan  8 2013,rst cause:4, boot mode:(3,7)

wdt reset
load 0x4010f000, len 1384, room 16 
tail 8
chksum 0x2d
csum 0x2d
v8b899c12
~ld


6.01
 0h00:04.236 2022/05/14T03:16:54z: DS3231
 0h00:04.251 2022/05/14T03:16:54z: BME280 (0x76)
 0h00:04.265 2022/05/14T03:16:54z: 84:f3:eb:7d:7:a8
 0h00:04.267 2022/05/14T03:16:54z: SSID: MU Open
 0h00:04.272 2022/05/14T03:16:54z: AP_STAR tmr
 ets Jan  8 2013,rst cause:4, boot mode:(3,7)

wdt reset
load 0x4010f000, len 1384, room 16 
tail 8
chksum 0x2d
csum 0x2d
v8b899c12
~ld


6.01
 0h00:04.000 2022/05/14T03:36:54z: DS3231
 0h00:04.015 2022/05/14T03:36:54z: BME280 (0x76)
 0h00:04.029 2022/05/14T03:36:54z: 84:f3:eb:7d:7:a8
 0h00:04.031 2022/05/14T03:36:54z: SSID: MU Open
 0h00:04.036 2022/05/14T03:36:54z: AP_STAR tmr
 ets Jan  8 2013,rst cause:4, boot mode:(3,7)

wdt reset
load 0x4010f000, len 1384, room 16 
tail 8
chksum 0x2d
csum 0x2d
v8b899c12
~ld


6.01
 0h00:04.078 2022/05/14T03:56:55z: DS3231
 0h00:04.093 2022/05/14T03:56:55z: BME280 (0x76)
 0h00:04.107 2022/05/14T03:56:55z: 84:f3:eb:7d:7:a8
 0h00:04.109 2022/05/14T03:56:55z: SSID: MU Open
 0h00:04.114 2022/05/14T03:56:55z: AP_STAR tmr
 ets Jan  8 2013,rst cause:4, boot mode:(3,7)

wdt reset
load 0x4010f000, len 1384, room 16 
tail 8
chksum 0x2d
csum 0x2d
v8b899c12
~ld


6.01
 0h00:04.265 2022/05/14T04:16:57z: DS3231
 0h00:04.280 2022/05/14T04:16:57z: BME280 (0x76)
 0h00:04.294 2022/05/14T04:16:57z: 84:f3:eb:7d:7:a8
 0h00:04.296 2022/05/14T04:16:57z: SSID: MU Open
 0h00:04.301 2022/05/14T04:16:57z: AP_STAR tmr
 ets Jan  8 2013,rst cause:4, boot mode:(3,7)

wdt reset
load 0x4010f000, len 1384, room 16 
tail 8
chksum 0x2d
csum 0x2d
v8b899c12
~ld


6.01
 0h00:04.279 2022/05/14T04:36:58z: DS3231
 0h00:04.295 2022/05/14T04:36:58z: BME280 (0x76)
 0h00:04.309 2022/05/14T04:36:58z: 84:f3:eb:7d:7:a8
 0h00:04.311 2022/05/14T04:36:58z: SSID: MU Open
 0h00:04.316 2022/05/14T04:36:58z: AP_STAR tmr
 ets Jan  8 2013,rst cause:4, boot mode:(3,7)

wdt reset
load 0x4010f000, len 1384, room 16 
tail 8
chksum 0x2d
csum 0x2d
v8b899c12
~ld


6.01
 0h00:04.131 2022/05/14T04:56:59z: DS3231
 0h00:04.146 2022/05/14T04:56:59z: BME280 (0x76)
 0h00:04.160 2022/05/14T04:56:59z: 84:f3:eb:7d:7:a8
 0h00:04.162 2022/05/14T04:56:59z: SSID: MU Open
 0h00:04.167 2022/05/14T04:56:59z: AP_STAR tmr
 ets Jan  8 2013,rst cause:4, boot mode:(3,7)

wdt reset
load 0x4010f000, len 1384, room 16 
tail 8
chksum 0x2d
csum 0x2d
v8b899c12
~ld


6.01
 0h00:04.115 2022/05/14T05:17:01z: DS3231
 0h00:04.131 2022/05/14T05:17:01z: BME280 (0x76)
 0h00:04.145 2022/05/14T05:17:01z: 84:f3:eb:7d:7:a8
 0h00:04.147 2022/05/14T05:17:01z: SSID: MU Open
 0h00:04.152 2022/05/14T05:17:01z: AP_STAR tmr
 ets Jan  8 2013,rst cause:4, boot mode:(3,7)

wdt reset
load 0x4010f000, len 1384, room 16 
tail 8
chksum 0x2d
csum 0x2d
v8b899c12
~ld


6.01
 0h00:03.893 2022/05/14T05:37:01z: DS3231
 0h00:03.908 2022/05/14T05:37:01z: BME280 (0x76)
 0h00:03.922 2022/05/14T05:37:01z: 84:f3:eb:7d:7:a8
 0h00:03.924 2022/05/14T05:37:01z: SSID: MU Open
 0h00:03.929 2022/05/14T05:37:01z: AP_STAR tmr
 ets Jan  8 2013,rst cause:4, boot mode:(3,7)

wdt reset
load 0x4010f000, len 1384, room 16 
tail 8
chksum 0x2d
csum 0x2d
v8b899c12
~ld


6.01
 0h00:04.268 2022/05/14T05:57:03z: DS3231
 0h00:04.283 2022/05/14T05:57:03z: BME280 (0x76)
 0h00:04.297 2022/05/14T05:57:03z: 84:f3:eb:7d:7:a8
 0h00:04.299 2022/05/14T05:57:03z: SSID: MU Open
 0h00:04.304 2022/05/14T05:57:03z: AP_STAR tmr
 ets Jan  8 2013,rst cause:4, boot mode:(3,7)

wdt reset
load 0x4010f000, len 1384, room 16 
tail 8
chksum 0x2d
csum 0x2d
v8b899c12
~ld


6.01
 0h00:04.064 2022/05/14T06:17:04z: DS3231
 0h00:04.079 2022/05/14T06:17:04z: BME280 (0x76)
 0h00:04.093 2022/05/14T06:17:04z: 84:f3:eb:7d:7:a8
 0h00:04.095 2022/05/14T06:17:04z: SSID: MU Open
 0h00:04.100 2022/05/14T06:17:04z: AP_STAR tmr
 ets Jan  8 2013,rst cause:4, boot mode:(3,7)

wdt reset
load 0x4010f000, len 1384, room 16 
tail 8
chksum 0x2d
csum 0x2d
v8b899c12
~ld


6.01
 0h00:04.236 2022/05/14T06:37:05z: DS3231
 0h00:04.251 2022/05/14T06:37:05z: BME280 (0x76)
 0h00:04.266 2022/05/14T06:37:05z: 84:f3:eb:7d:7:a8
 0h00:04.267 2022/05/14T06:37:05z: SSID: MU Open
 0h00:04.272 2022/05/14T06:37:05z: AP_STAR tmr
 ets Jan  8 2013,rst cause:4, boot mode:(3,7)

wdt reset
load 0x4010f000, len 1384, room 16 
tail 8
chksum 0x2d
csum 0x2d
v8b899c12
~ld


6.01
 0h00:04.066 2022/05/14T06:57:06z: DS3231
 0h00:04.082 2022/05/14T06:57:06z: BME280 (0x76)
 0h00:04.096 2022/05/14T06:57:06z: 84:f3:eb:7d:7:a8
 0h00:04.097 2022/05/14T06:57:06z: SSID: MU Open
 0h00:04.103 2022/05/14T06:57:06z: AP_STAR tmr
 ets Jan  8 2013,rst cause:4, boot mode:(3,7)

wdt reset
load 0x4010f000, len 1384, room 16 
tail 8
chksum 0x2d
csum 0x2d
v8b899c12
~ld


6.01
 0h00:03.944 2022/05/14T07:17:06z: DS3231
 0h00:03.960 2022/05/14T07:17:06z: BME280 (0x76)
 0h00:03.974 2022/05/14T07:17:06z: 84:f3:eb:7d:7:a8
 0h00:03.976 2022/05/14T07:17:06z: SSID: MU Open
 0h00:03.981 2022/05/14T07:17:06z: AP_STAR tmr
 ets Jan  8 2013,rst cause:4, boot mode:(3,7)

wdt reset
load 0x4010f000, len 1384, room 16 
tail 8
chksum 0x2d
csum 0x2d
v8b899c12
~ld


6.01
 0h00:04.080 2022/05/14T07:37:07z: DS3231
 0h00:04.095 2022/05/14T07:37:07z: BME280 (0x76)
 0h00:04.109 2022/05/14T07:37:07z: 84:f3:eb:7d:7:a8
 0h00:04.111 2022/05/14T07:37:07z: SSID: MU Open
 0h00:04.116 2022/05/14T07:37:07z: AP_STAR tmr
 ets Jan  8 2013,rst cause:4, boot mode:(3,7)

wdt reset
load 0x4010f000, len 1384, room 16 
tail 8
chksum 0x2d
csum 0x2d
v8b899c12
~ld


6.01
 0h00:04.130 2022/05/14T07:57:09z: DS3231
 0h00:04.145 2022/05/14T07:57:09z: BME280 (0x76)
 0h00:04.159 2022/05/14T07:57:09z: 84:f3:eb:7d:7:a8
 0h00:04.161 2022/05/14T07:57:09z: SSID: MU Open
 0h00:04.166 2022/05/14T07:57:09z: AP_STAR tmr
 ets Jan  8 2013,rst cause:4, boot mode:(3,7)

wdt reset
load 0x4010f000, len 1384, room 16 
tail 8
chksum 0x2d
csum 0x2d
v8b899c12
~ld


6.01
 0h00:04.270 2022/05/14T08:17:10z: DS3231
 0h00:04.285 2022/05/14T08:17:10z: BME280 (0x76)
 0h00:04.300 2022/05/14T08:17:11z: 84:f3:eb:7d:7:a8
 0h00:04.301 2022/05/14T08:17:11z: SSID: MU Open
 0h00:04.307 2022/05/14T08:17:11z: AP_STAR tmr
 ets Jan  8 2013,rst cause:4, boot mode:(3,7)

wdt reset
load 0x4010f000, len 1384, room 16 
tail 8
chksum 0x2d
csum 0x2d
v8b899c12
~ld


6.01
 0h00:04.259 2022/05/14T08:37:11z: DS3231
 0h00:04.275 2022/05/14T08:37:11z: BME280 (0x76)
 0h00:04.289 2022/05/14T08:37:11z: 84:f3:eb:7d:7:a8
 0h00:04.291 2022/05/14T08:37:11z: SSID: MU Open
 0h00:04.296 2022/05/14T08:37:11z: AP_STAR tmr
 ets Jan  8 2013,rst cause:4, boot mode:(3,7)

wdt reset
load 0x4010f000, len 1384, room 16 
tail 8
chksum 0x2d
csum 0x2d
v8b899c12
~ld


6.01
 0h00:04.267 2022/05/14T08:57:13z: DS3231
 0h00:04.283 2022/05/14T08:57:13z: BME280 (0x76)
 0h00:04.297 2022/05/14T08:57:13z: 84:f3:eb:7d:7:a8
 0h00:04.298 2022/05/14T08:57:13z: SSID: MU Open
 0h00:04.304 2022/05/14T08:57:13z: AP_STAR tmr
 ets Jan  8 2013,rst cause:4, boot mode:(3,7)

wdt reset
load 0x4010f000, len 1384, room 16 
tail 8
chksum 0x2d
csum 0x2d
v8b899c12
~ld


6.01
 0h00:04.093 2022/05/14T09:17:14z: DS3231
 0h00:04.108 2022/05/14T09:17:14z: BME280 (0x76)
 0h00:04.122 2022/05/14T09:17:14z: 84:f3:eb:7d:7:a8
 0h00:04.124 2022/05/14T09:17:14z: SSID: MU Open
 0h00:04.129 2022/05/14T09:17:14z: AP_STAR tmr
 ets Jan  8 2013,rst cause:4, boot mode:(3,7)

wdt reset
load 0x4010f000, len 1384, room 16 
tail 8
chksum 0x2d
csum 0x2d
v8b899c12
~ld


6.01
 0h00:04.301 2022/05/14T09:37:15z: DS3231
 0h00:04.316 2022/05/14T09:37:15z: BME280 (0x76)
 0h00:04.330 2022/05/14T09:37:15z: 84:f3:eb:7d:7:a8
 0h00:04.332 2022/05/14T09:37:15z: SSID: MU Open
 0h00:04.337 2022/05/14T09:37:15z: AP_STAR tmr
 ets Jan  8 2013,rst cause:4, boot mode:(3,7)

wdt reset
load 0x4010f000, len 1384, room 16 
tail 8
chksum 0x2d
csum 0x2d
v8b899c12
~ld


6.01
 0h00:04.033 2022/05/14T09:57:16z: DS3231
 0h00:04.048 2022/05/14T09:57:16z: BME280 (0x76)
 0h00:04.062 2022/05/14T09:57:17z: 84:f3:eb:7d:7:a8
 0h00:04.064 2022/05/14T09:57:17z: SSID: MU Open
 0h00:04.069 2022/05/14T09:57:17z: AP_STAR tmr
 ets Jan  8 2013,rst cause:4, boot mode:(3,7)

wdt reset
load 0x4010f000, len 1384, room 16 
tail 8
chksum 0x2d
csum 0x2d
v8b899c12
~ld


6.01
 0h00:04.141 2022/05/14T10:17:17z: DS3231
 0h00:04.156 2022/05/14T10:17:17z: BME280 (0x76)
 0h00:04.171 2022/05/14T10:17:17z: 84:f3:eb:7d:7:a8
 0h00:04.172 2022/05/14T10:17:17z: SSID: MU Open
 0h00:04.178 2022/05/14T10:17:17z: AP_STAR tmr
 ets Jan  8 2013,rst cause:4, boot mode:(3,7)

wdt reset
load 0x4010f000, len 1384, room 16 
tail 8
chksum 0x2d
csum 0x2d
v8b899c12
~ld


6.01
 0h00:04.374 2022/05/14T10:37:18z: DS3231
 0h00:04.390 2022/05/14T10:37:18z: BME280 (0x76)
 0h00:04.404 2022/05/14T10:37:18z: 84:f3:eb:7d:7:a8
 0h00:04.406 2022/05/14T10:37:18z: SSID: MU Open
 0h00:04.411 2022/05/14T10:37:18z: AP_STAR tmr
 ets Jan  8 2013,rst cause:4, boot mode:(3,7)

wdt reset
load 0x4010f000, len 1384, room 16 
tail 8
chksum 0x2d
csum 0x2d
v8b899c12
~ld


6.01
 0h00:04.358 2022/05/14T10:57:19z: DS3231
 0h00:04.373 2022/05/14T10:57:19z: BME280 (0x76)
 0h00:04.387 2022/05/14T10:57:19z: 84:f3:eb:7d:7:a8
 0h00:04.389 2022/05/14T10:57:19z: SSID: MU Open
 0h00:04.394 2022/05/14T10:57:19z: AP_STAR tmr
 ets Jan  8 2013,rst cause:4, boot mode:(3,7)

wdt reset
load 0x4010f000, len 1384, room 16 
tail 8
chksum 0x2d
csum 0x2d
v8b899c12
~ld


6.01
 0h00:04.367 2022/05/14T11:17:20z: DS3231
 0h00:04.382 2022/05/14T11:17:20z: BME280 (0x76)
 0h00:04.396 2022/05/14T11:17:20z: 84:f3:eb:7d:7:a8
 0h00:04.398 2022/05/14T11:17:20z: SSID: MU Open
 0h00:04.403 2022/05/14T11:17:20z: AP_STAR tmr
 ets Jan  8 2013,rst cause:4, boot mode:(3,7)

wdt reset
load 0x4010f000, len 1384, room 16 
tail 8
chksum 0x2d
csum 0x2d
v8b899c12
~ld


6.01
 0h00:04.080 2022/05/14T11:37:22z: DS3231
 0h00:04.095 2022/05/14T11:37:22z: BME280 (0x76)
 0h00:04.109 2022/05/14T11:37:22z: 84:f3:eb:7d:7:a8
 0h00:04.111 2022/05/14T11:37:22z: SSID: MU Open
 0h00:04.116 2022/05/14T11:37:22z: AP_STAR tmr
 ets Jan  8 2013,rst cause:4, boot mode:(3,7)

wdt reset
load 0x4010f000, len 1384, room 16 
tail 8
chksum 0x2d
csum 0x2d
v8b899c12
~ld


6.01
 0h00:04.328 2022/05/14T11:57:23z: DS3231
 0h00:04.343 2022/05/14T11:57:23z: BME280 (0x76)
 0h00:04.357 2022/05/14T11:57:23z: 84:f3:eb:7d:7:a8
 0h00:04.359 2022/05/14T11:57:23z: SSID: MU Open
 0h00:04.364 2022/05/14T11:57:23z: AP_STAR tmr
 ets Jan  8 2013,rst cause:4, boot mode:(3,7)

wdt reset
load 0x4010f000, len 1384, room 16 
tail 8
chksum 0x2d
csum 0x2d
v8b899c12
~ld


6.01
 0h00:04.312 2022/05/14T12:17:24z: DS3231
 0h00:04.328 2022/05/14T12:17:24z: BME280 (0x76)
 0h00:04.342 2022/05/14T12:17:24z: 84:f3:eb:7d:7:a8
 0h00:04.343 2022/05/14T12:17:24z: SSID: MU Open
 0h00:04.349 2022/05/14T12:17:24z: AP_STAR tmr
 ets Jan  8 2013,rst cause:4, boot mode:(3,7)

wdt reset
load 0x4010f000, len 1384, room 16 
tail 8
chksum 0x2d
csum 0x2d
v8b899c12
~ld


6.01
 0h00:04.254 2022/05/14T12:37:25z: DS3231
 0h00:04.269 2022/05/14T12:37:25z: BME280 (0x76)
 0h00:04.284 2022/05/14T12:37:25z: 84:f3:eb:7d:7:a8
 0h00:04.285 2022/05/14T12:37:25z: SSID: MU Open
 0h00:04.290 2022/05/14T12:37:25z: AP_STAR tmr
 ets Jan  8 2013,rst cause:4, boot mode:(3,7)

wdt reset
load 0x4010f000, len 1384, room 16 
tail 8
chksum 0x2d
csum 0x2d
v8b899c12
~ld


6.01
 0h00:04.265 2022/05/14T12:57:26z: DS3231
 0h00:04.280 2022/05/14T12:57:26z: BME280 (0x76)
 0h00:04.295 2022/05/14T12:57:26z: 84:f3:eb:7d:7:a8
 0h00:04.296 2022/05/14T12:57:26z: SSID: MU Open
 0h00:04.301 2022/05/14T12:57:26z: AP_STAR tmr
 ets Jan  8 2013,rst cause:4, boot mode:(3,7)

wdt reset
load 0x4010f000, len 1384, room 16 
tail 8
chksum 0x2d
csum 0x2d
v8b899c12
~ld


6.01
 0h00:04.209 2022/05/14T13:17:28z: DS3231
 0h00:04.224 2022/05/14T13:17:28z: BME280 (0x76)
 0h00:04.238 2022/05/14T13:17:28z: 84:f3:eb:7d:7:a8
 0h00:04.240 2022/05/14T13:17:28z: SSID: MU Open
 0h00:04.245 2022/05/14T13:17:28z: AP_STAR tmr
 ets Jan  8 2013,rst cause:4, boot mode:(3,7)

wdt reset
load 0x4010f000, len 1384, room 16 
tail 8
chksum 0x2d
csum 0x2d
v8b899c12
~ld


6.01
 0h00:04.146 2022/05/14T13:37:29z: DS3231
 0h00:04.161 2022/05/14T13:37:29z: BME280 (0x76)
 0h00:04.175 2022/05/14T13:37:29z: 84:f3:eb:7d:7:a8
 0h00:04.177 2022/05/14T13:37:29z: SSID: MU Open
 0h00:04.182 2022/05/14T13:37:29z: AP_STAR tmr
 ets Jan  8 2013,rst cause:4, boot mode:(3,7)

wdt reset
load 0x4010f000, len 1384, room 16 
tail 8
chksum 0x2d
csum 0x2d
v8b899c12
~ld


6.01
 0h00:03.851 2022/05/14T13:57:30z: DS3231
 0h00:03.866 2022/05/14T13:57:30z: BME280 (0x76)
 0h00:03.880 2022/05/14T13:57:30z: 84:f3:eb:7d:7:a8
 0h00:03.882 2022/05/14T13:57:30z: SSID: MU Open
 0h00:03.887 2022/05/14T13:57:30z: AP_STAR tmr
 ets Jan  8 2013,rst cause:4, boot mode:(3,7)

wdt reset
load 0x4010f000, len 1384, room 16 
tail 8
chksum 0x2d
csum 0x2d
v8b899c12
~ld


6.01
 0h00:04.027 2022/05/14T14:17:31z: DS3231
 0h00:04.042 2022/05/14T14:17:31z: BME280 (0x76)
 0h00:04.056 2022/05/14T14:17:31z: 84:f3:eb:7d:7:a8
 0h00:04.058 2022/05/14T14:17:31z: SSID: MU Open
 0h00:04.063 2022/05/14T14:17:31z: AP_STAR tmr
 ets Jan  8 2013,rst cause:4, boot mode:(3,7)

wdt reset
load 0x4010f000, len 1384, room 16 
tail 8
chksum 0x2d
csum 0x2d
v8b899c12
~ld


6.01
 0h00:03.838 2022/05/14T14:37:32z: DS3231
 0h00:03.854 2022/05/14T14:37:32z: BME280 (0x76)
 0h00:03.868 2022/05/14T14:37:32z: 84:f3:eb:7d:7:a8
 0h00:03.870 2022/05/14T14:37:32z: SSID: MU Open
 0h00:03.875 2022/05/14T14:37:32z: AP_STAR tmr
 ets Jan  8 2013,rst cause:4, boot mode:(3,7)

wdt reset
load 0x4010f000, len 1384, room 16 
tail 8
chksum 0x2d
csum 0x2d
v8b899c12
~ld


6.01
 0h00:04.145 2022/05/14T14:57:34z: DS3231
 0h00:04.160 2022/05/14T14:57:34z: BME280 (0x76)
 0h00:04.174 2022/05/14T14:57:34z: 84:f3:eb:7d:7:a8
 0h00:04.176 2022/05/14T14:57:34z: SSID: MU Open
 0h00:04.181 2022/05/14T14:57:34z: AP_STAR tmr
 ets Jan  8 2013,rst cause:4, boot mode:(3,7)

wdt reset
load 0x4010f000, len 1384, room 16 
tail 8
chksum 0x2d
csum 0x2d
v8b899c12
~ld


6.01
 0h00:04.045 2022/05/14T15:17:34z: DS3231
 0h00:04.060 2022/05/14T15:17:34z: BME280 (0x76)
 0h00:04.074 2022/05/14T15:17:34z: 84:f3:eb:7d:7:a8
 0h00:04.076 2022/05/14T15:17:34z: SSID: MU Open
 0h00:04.081 2022/05/14T15:17:34z: AP_STAR tmr
 ets Jan  8 2013,rst cause:4, boot mode:(3,7)

wdt reset
load 0x4010f000, len 1384, room 16 
tail 8
chksum 0x2d
csum 0x2d
v8b899c12
~ld


6.01
 0h00:04.034 2022/05/14T15:37:35z: DS3231
 0h00:04.049 2022/05/14T15:37:35z: BME280 (0x76)
 0h00:04.063 2022/05/14T15:37:35z: 84:f3:eb:7d:7:a8
 0h00:04.065 2022/05/14T15:37:35z: SSID: MU Open
 0h00:04.070 2022/05/14T15:37:35z: AP_STAR tmr
 ets Jan  8 2013,rst cause:4, boot mode:(3,7)

wdt reset
load 0x4010f000, len 1384, room 16 
tail 8
chksum 0x2d
csum 0x2d
v8b899c12
~ld


6.01
 0h00:04.011 2022/05/14T15:57:36z: DS3231
 0h00:04.026 2022/05/14T15:57:36z: BME280 (0x76)
 0h00:04.040 2022/05/14T15:57:36z: 84:f3:eb:7d:7:a8
 0h00:04.042 2022/05/14T15:57:36z: SSID: MU Open
 0h00:04.047 2022/05/14T15:57:36z: AP_STAR tmr
 ets Jan  8 2013,rst cause:4, boot mode:(3,7)

wdt reset
load 0x4010f000, len 1384, room 16 
tail 8
chksum 0x2d
csum 0x2d
v8b899c12
~ld


6.01
 0h00:03.938 2022/05/14T16:17:37z: DS3231
 0h00:03.953 2022/05/14T16:17:37z: BME280 (0x76)
 0h00:03.967 2022/05/14T16:17:37z: 84:f3:eb:7d:7:a8
 0h00:03.969 2022/05/14T16:17:37z: SSID: MU Open
 0h00:03.974 2022/05/14T16:17:37z: AP_STAR tmr
 ets Jan  8 2013,rst cause:4, boot mode:(3,7)

wdt reset
load 0x4010f000, len 1384, room 16 
tail 8
chksum 0x2d
csum 0x2d
v8b899c12
~ld


6.01
 0h00:03.999 2022/05/14T16:37:38z: DS3231
 0h00:04.014 2022/05/14T16:37:38z: BME280 (0x76)
 0h00:04.028 2022/05/14T16:37:38z: 84:f3:eb:7d:7:a8
 0h00:04.030 2022/05/14T16:37:38z: SSID: MU Open
 0h00:04.035 2022/05/14T16:37:38z: AP_STAR tmr
 ets Jan  8 2013,rst cause:4, boot mode:(3,7)

wdt reset
load 0x4010f000, len 1384, room 16 
tail 8
chksum 0x2d
csum 0x2d
v8b899c12
~ld


6.01
 0h00:03.971 2022/05/14T16:57:38z: DS3231
 0h00:03.986 2022/05/14T16:57:38z: BME280 (0x76)
 0h00:04.000 2022/05/14T16:57:38z: 84:f3:eb:7d:7:a8
 0h00:04.002 2022/05/14T16:57:38z: SSID: MU Open
 0h00:04.007 2022/05/14T16:57:38z: AP_STAR tmr
 ets Jan  8 2013,rst cause:4, boot mode:(3,7)

wdt reset
load 0x4010f000, len 1384, room 16 
tail 8
chksum 0x2d
csum 0x2d
v8b899c12
~ld


6.01
 0h00:04.067 2022/05/14T17:17:39z: DS3231
 0h00:04.082 2022/05/14T17:17:39z: BME280 (0x76)
 0h00:04.096 2022/05/14T17:17:39z: 84:f3:eb:7d:7:a8
 0h00:04.098 2022/05/14T17:17:39z: SSID: MU Open
 0h00:04.103 2022/05/14T17:17:39z: AP_STAR tmr
 ets Jan  8 2013,rst cause:4, boot mode:(3,7)

wdt reset
load 0x4010f000, len 1384, room 16 
tail 8
chksum 0x2d
csum 0x2d
v8b899c12
~ld


6.01
 0h00:04.070 2022/05/14T17:37:40z: DS3231
 0h00:04.085 2022/05/14T17:37:40z: BME280 (0x76)
 0h00:04.099 2022/05/14T17:37:40z: 84:f3:eb:7d:7:a8
 0h00:04.101 2022/05/14T17:37:40z: SSID: MU Open
 0h00:04.106 2022/05/14T17:37:40z: AP_STAR tmr
 ets Jan  8 2013,rst cause:4, boot mode:(3,7)

wdt reset
load 0x4010f000, len 1384, room 16 
tail 8
chksum 0x2d
csum 0x2d
v8b899c12
~ld


6.01
 0h00:03.985 2022/05/14T17:57:40z: DS3231
 0h00:04.000 2022/05/14T17:57:40z: BME280 (0x76)
 0h00:04.014 2022/05/14T17:57:40z: 84:f3:eb:7d:7:a8
 0h00:04.016 2022/05/14T17:57:40z: SSID: MU Open
 0h00:04.021 2022/05/14T17:57:40z: AP_STAR tmr
 ets Jan  8 2013,rst cause:4, boot mode:(3,7)

wdt reset
load 0x4010f000, len 1384, room 16 
tail 8
chksum 0x2d
csum 0x2d
v8b899c12
~ld


6.01
 0h00:04.022 2022/05/14T18:17:40z: DS3231
 0h00:04.037 2022/05/14T18:17:40z: BME280 (0x76)
 0h00:04.051 2022/05/14T18:17:40z: 84:f3:eb:7d:7:a8
 0h00:04.053 2022/05/14T18:17:40z: SSID: MU Open
 0h00:04.058 2022/05/14T18:17:40z: AP_STAR tmr
 ets Jan  8 2013,rst cause:4, boot mode:(3,7)

wdt reset
load 0x4010f000, len 1384, room 16 
tail 8
chksum 0x2d
csum 0x2d
v8b899c12
~ld


6.01
 0h00:03.942 2022/05/14T18:37:41z: DS3231
 0h00:03.958 2022/05/14T18:37:41z: BME280 (0x76)
 0h00:03.972 2022/05/14T18:37:41z: 84:f3:eb:7d:7:a8
 0h00:03.974 2022/05/14T18:37:41z: SSID: MU Open
 0h00:03.979 2022/05/14T18:37:41z: AP_STAR tmr
 ets Jan  8 2013,rst cause:4, boot mode:(3,7)

wdt reset
load 0x4010f000, len 1384, room 16 
tail 8
chksum 0x2d
csum 0x2d
v8b899c12
~ld


6.01
 0h00:03.944 2022/05/14T18:57:41z: DS3231
 0h00:03.959 2022/05/14T18:57:41z: BME280 (0x76)
 0h00:03.973 2022/05/14T18:57:41z: 84:f3:eb:7d:7:a8
 0h00:03.975 2022/05/14T18:57:41z: SSID: MU Open
 0h00:03.980 2022/05/14T18:57:41z: AP_STAR tmr
 ets Jan  8 2013,rst cause:4, boot mode:(3,7)

wdt reset
load 0x4010f000, len 1384, room 16 
tail 8
chksum 0x2d
csum 0x2d
v8b899c12
~ld


6.01
 0h00:04.161 2022/05/14T19:17:42z: DS3231
 0h00:04.176 2022/05/14T19:17:42z: BME280 (0x76)
 0h00:04.190 2022/05/14T19:17:42z: 84:f3:eb:7d:7:a8
 0h00:04.192 2022/05/14T19:17:42z: SSID: MU Open
 0h00:04.197 2022/05/14T19:17:42z: AP_STAR tmr
 ets Jan  8 2013,rst cause:4, boot mode:(3,7)

wdt reset
load 0x4010f000, len 1384, room 16 
tail 8
chksum 0x2d
csum 0x2d
v8b899c12
~ld


6.01
 0h00:04.197 2022/05/14T19:37:43z: DS3231
 0h00:04.212 2022/05/14T19:37:43z: BME280 (0x76)
 0h00:04.226 2022/05/14T19:37:43z: 84:f3:eb:7d:7:a8
 0h00:04.228 2022/05/14T19:37:43z: SSID: MU Open
 0h00:04.233 2022/05/14T19:37:43z: AP_STAR tmr
 ets Jan  8 2013,rst cause:4, boot mode:(3,7)

wdt reset
load 0x4010f000, len 1384, room 16 
tail 8
chksum 0x2d
csum 0x2d
v8b899c12
~ld


6.01
 0h00:04.226 2022/05/14T19:57:44z: DS3231
 0h00:04.241 2022/05/14T19:57:44z: BME280 (0x76)
 0h00:04.255 2022/05/14T19:57:44z: 84:f3:eb:7d:7:a8
 0h00:04.257 2022/05/14T19:57:44z: SSID: MU Open
 0h00:04.262 2022/05/14T19:57:44z: AP_STAR tmr
 ets Jan  8 2013,rst cause:4, boot mode:(3,7)

wdt reset
load 0x4010f000, len 1384, room 16 
tail 8
chksum 0x2d
csum 0x2d
v8b899c12
~ld


6.01
 0h00:04.007 2022/05/14T20:17:44z: DS3231
 0h00:04.022 2022/05/14T20:17:44z: BME280 (0x76)
 0h00:04.037 2022/05/14T20:17:44z: 84:f3:eb:7d:7:a8
 0h00:04.038 2022/05/14T20:17:44z: SSID: MU Open
 0h00:04.043 2022/05/14T20:17:44z: AP_STAR tmr
 ets Jan  8 2013,rst cause:4, boot mode:(3,7)

wdt reset
load 0x4010f000, len 1384, room 16 
tail 8
chksum 0x2d
csum 0x2d
v8b899c12
~ld


6.01
 0h00:04.000 2022/05/14T20:37:45z: DS3231
 0h00:04.016 2022/05/14T20:37:45z: BME280 (0x76)
 0h00:04.030 2022/05/14T20:37:45z: 84:f3:eb:7d:7:a8
 0h00:04.031 2022/05/14T20:37:45z: SSID: MU Open
 0h00:04.037 2022/05/14T20:37:45z: AP_STAR tmr
 ets Jan  8 2013,rst cause:4, boot mode:(3,7)

wdt reset
load 0x4010f000, len 1384, room 16 
tail 8
chksum 0x2d
csum 0x2d
v8b899c12
~ld


6.01
 0h00:04.212 2022/05/14T20:57:46z: DS3231
 0h00:04.227 2022/05/14T20:57:46z: BME280 (0x76)
 0h00:04.241 2022/05/14T20:57:46z: 84:f3:eb:7d:7:a8
 0h00:04.243 2022/05/14T20:57:46z: SSID: MU Open
 0h00:04.248 2022/05/14T20:57:46z: AP_STAR tmr
 ets Jan  8 2013,rst cause:4, boot mode:(3,7)

wdt reset
load 0x4010f000, len 1384, room 16 
tail 8
chksum 0x2d
csum 0x2d
v8b899c12
~ld


6.01
 0h00:04.251 2022/05/14T21:17:47z: DS3231
 0h00:04.266 2022/05/14T21:17:47z: BME280 (0x76)
 0h00:04.280 2022/05/14T21:17:47z: 84:f3:eb:7d:7:a8
 0h00:04.282 2022/05/14T21:17:47z: SSID: MU Open
 0h00:04.287 2022/05/14T21:17:48z: AP_STAR tmr
 ets Jan  8 2013,rst cause:4, boot mode:(3,7)

wdt reset
load 0x4010f000, len 1384, room 16 
tail 8
chksum 0x2d
csum 0x2d
v8b899c12
~ld


6.01
 0h00:04.200 2022/05/14T21:37:49z: DS3231
 0h00:04.215 2022/05/14T21:37:49z: BME280 (0x76)
 0h00:04.229 2022/05/14T21:37:49z: 84:f3:eb:7d:7:a8
 0h00:04.231 2022/05/14T21:37:49z: SSID: MU Open
 0h00:04.236 2022/05/14T21:37:49z: AP_STAR tmr
 ets Jan  8 2013,rst cause:4, boot mode:(3,7)

wdt reset
load 0x4010f000, len 1384, room 16 
tail 8
chksum 0x2d
csum 0x2d
v8b899c12
~ld


6.01
 0h00:04.144 2022/05/14T21:57:50z: DS3231
 0h00:04.159 2022/05/14T21:57:50z: BME280 (0x76)
 0h00:04.173 2022/05/14T21:57:50z: 84:f3:eb:7d:7:a8
 0h00:04.175 2022/05/14T21:57:50z: SSID: MU Open
 0h00:04.180 2022/05/14T21:57:50z: AP_STAR tmr
 ets Jan  8 2013,rst cause:4, boot mode:(3,7)

wdt reset
load 0x4010f000, len 1384, room 16 
tail 8
chksum 0x2d
csum 0x2d
v8b899c12
~ld


6.01
 0h00:04.252 2022/05/14T22:17:51z: DS3231
 0h00:04.267 2022/05/14T22:17:52z: BME280 (0x76)
 0h00:04.281 2022/05/14T22:17:52z: 84:f3:eb:7d:7:a8
 0h00:04.283 2022/05/14T22:17:52z: SSID: MU Open
 0h00:04.288 2022/05/14T22:17:52z: AP_STAR tmr
 ets Jan  8 2013,rst cause:4, boot mode:(3,7)

wdt reset
load 0x4010f000, len 1384, room 16 
tail 8
chksum 0x2d
csum 0x2d
v8b899c12
~ld


6.01
 0h00:04.150 2022/05/14T22:37:52z: DS3231
 0h00:04.165 2022/05/14T22:37:52z: BME280 (0x76)
 0h00:04.179 2022/05/14T22:37:52z: 84:f3:eb:7d:7:a8
 0h00:04.181 2022/05/14T22:37:52z: SSID: MU Open
 0h00:04.186 2022/05/14T22:37:52z: AP_STAR tmr
 ets Jan  8 2013,rst cause:4, boot mode:(3,7)

wdt reset
load 0x4010f000, len 1384, room 16 
tail 8
chksum 0x2d
csum 0x2d
v8b899c12
~ld


6.01
 0h00:04.436 2022/05/14T22:57:54z: DS3231
 0h00:04.451 2022/05/14T22:57:54z: BME280 (0x76)
 0h00:04.466 2022/05/14T22:57:54z: 84:f3:eb:7d:7:a8
 0h00:04.467 2022/05/14T22:57:54z: SSID: MU Open
 0h00:04.472 2022/05/14T22:57:54z: AP_STAR tmr
 ets Jan  8 2013,rst cause:4, boot mode:(3,7)

wdt reset
load 0x4010f000, len 1384, room 16 
tail 8
chksum 0x2d
csum 0x2d
v8b899c12
~ld


6.01
 0h00:04.159 2022/05/14T23:17:55z: DS3231
 0h00:04.174 2022/05/14T23:17:55z: BME280 (0x76)
 0h00:04.188 2022/05/14T23:17:55z: 84:f3:eb:7d:7:a8
 0h00:04.190 2022/05/14T23:17:55z: SSID: MU Open
 0h00:04.195 2022/05/14T23:17:55z: AP_STAR tmr
 ets Jan  8 2013,rst cause:4, boot mode:(3,7)

wdt reset
load 0x4010f000, len 1384, room 16 
tail 8
chksum 0x2d
csum 0x2d
v8b899c12
~ld


6.01
 0h00:04.366 2022/05/14T23:37:56z: DS3231
 0h00:04.381 2022/05/14T23:37:56z: BME280 (0x76)
 0h00:04.395 2022/05/14T23:37:56z: 84:f3:eb:7d:7:a8
 0h00:04.397 2022/05/14T23:37:56z: SSID: MU Open
 0h00:04.402 2022/05/14T23:37:56z: AP_STAR tmr
 ets Jan  8 2013,rst cause:4, boot mode:(3,7)

wdt reset
load 0x4010f000, len 1384, room 16 
tail 8
chksum 0x2d
csum 0x2d
v8b899c12
~ld


6.01
 0h00:04.239 2022/05/14T23:57:58z: DS3231
 0h00:04.255 2022/05/14T23:57:58z: BME280 (0x76)
 0h00:04.269 2022/05/14T23:57:58z: 84:f3:eb:7d:7:a8
 0h00:04.271 2022/05/14T23:57:58z: SSID: MU Open
 0h00:04.276 2022/05/14T23:57:58z: AP_STA