R tmr
 ets Jan  8 2013,rst cause:4, boot mode:(3,7)

wdt reset
load 0x4010f000, len 1384, room 16 
tail 8
chksum 0x2d
csum 0x2d
v8b899c12
~ld


6.01
 0h00:04.853 2022/04/29T00:04:20z: DS3231
 0h00:04.868 2022/04/29T00:04:21z: BME280 (0x76)
 0h00:04.882 2022/04/29T00:04:21z: 84:f3:eb:7d:7:a8
 0h00:04.884 2022/04/29T00:04:21z: SSID: MU Open
 0h00:04.889 2022/04/29T00:04:21z: AP_STAR tmr
 ets Jan  8 2013,rst cause:4, boot mode:(3,7)

wdt reset
load 0x4010f000, len 1384, room 16 
tail 8
chksum 0x2d
csum 0x2d
v8b899c12
~ld


6.01
 0h00:04.817 2022/04/29T00:24:23z: DS3231
 0h00:04.832 2022/04/29T00:24:23z: BME280 (0x76)
 0h00:04.846 2022/04/29T00:24:23z: 84:f3:eb:7d:7:a8
 0h00:04.848 2022/04/29T00:24:23z: SSID: MU Open
 0h00:04.853 2022/04/29T00:24:23z: AP_STAR tmr
 ets Jan  8 2013,rst cause:4, boot mode:(3,7)

wdt reset
load 0x4010f000, len 1384, room 16 
tail 8
chksum 0x2d
csum 0x2d
v8b899c12
~ld


6.01
 0h00:04.850 2022/04/29T00:44:26z: DS3231
 0h00:04.866 2022/04/29T00:44:26z: BME280 (0x76)
 0h00:04.880 2022/04/29T00:44:26z: 84:f3:eb:7d:7:a8
 0h00:04.882 2022/04/29T00:44:26z: SSID: MU Open
 0h00:04.887 2022/04/29T00:44:26z: AP_STAR tmr
 ets Jan  8 2013,rst cause:4, boot mode:(3,7)

wdt reset
load 0x4010f000, len 1384, room 16 
tail 8
chksum 0x2d
csum 0x2d
v8b899c12
~ld


6.01
 0h00:04.797 2022/04/29T01:04:28z: DS3231
 0h00:04.812 2022/04/29T01:04:28z: BME280 (0x76)
 0h00:04.826 2022/04/29T01:04:28z: 84:f3:eb:7d:7:a8
 0h00:04.828 2022/04/29T01:04:28z: SSID: MU Open
 0h00:04.833 2022/04/29T01:04:28z: AP_STAR tmr
 ets Jan  8 2013,rst cause:4, boot mode:(3,7)

wdt reset
load 0x4010f000, len 1384, room 16 
tail 8
chksum 0x2d
csum 0x2d
v8b899c12
~ld


6.01
 0h00:04.697 2022/04/29T01:24:29z: DS3231
 0h00:04.713 2022/04/29T01:24:30z: BME280 (0x76)
 0h00:04.727 2022/04/29T01:24:30z: 84:f3:eb:7d:7:a8
 0h00:04.728 2022/04/29T01:24:30z: SSID: MU Open
 0h00:04.734 2022/04/29T01:24:30z: AP_STAR tmr
 ets Jan  8 2013,rst cause:4, boot mode:(3,7)

wdt reset
load 0x4010f000, len 1384, room 16 
tail 8
chksum 0x2d
csum 0x2d
v8b899c12
~ld


6.01
 0h00:04.594 2022/04/29T01:44:31z: DS3231
 0h00:04.609 2022/04/29T01:44:31z: BME280 (0x76)
 0h00:04.623 2022/04/29T01:44:31z: 84:f3:eb:7d:7:a8
 0h00:04.625 2022/04/29T01:44:31z: SSID: MU Open
 0h00:04.630 2022/04/29T01:44:31z: AP_STAR tmr
 ets Jan  8 2013,rst cause:4, boot mode:(3,7)

wdt reset
load 0x4010f000, len 1384, room 16 
tail 8
chksum 0x2d
csum 0x2d
v8b899c12
~ld


6.01
 0h00:04.804 2022/04/29T02:04:34z: DS3231
 0h00:04.819 2022/04/29T02:04:34z: BME280 (0x76)
 0h00:04.833 2022/04/29T02:04:34z: 84:f3:eb:7d:7:a8
 0h00:04.835 2022/04/29T02:04:34z: SSID: MU Open
 0h00:04.840 2022/04/29T02:04:34z: AP_STAR tmr
 ets Jan  8 2013,rst cause:4, boot mode:(3,7)

wdt reset
load 0x4010f000, len 1384, room 16 
tail 8
chksum 0x2d
csum 0x2d
v8b899c12
~ld


6.01
 0h00:04.869 2022/04/29T02:24:36z: DS3231
 0h00:04.884 2022/04/29T02:24:36z: BME280 (0x76)
 0h00:04.898 2022/04/29T02:24:36z: 84:f3:eb:7d:7:a8
 0h00:04.900 2022/04/29T02:24:36z: SSID: MU Open
 0h00:04.905 2022/04/29T02:24:36z: AP_STAR tmr
 ets Jan  8 2013,rst cause:4, boot mode:(3,7)

wdt reset
load 0x4010f000, len 1384, room 16 
tail 8
chksum 0x2d
csum 0x2d
v8b899c12
~ld


6.01
 0h00:04.888 2022/04/29T02:44:39z: DS3231
 0h00:04.903 2022/04/29T02:44:39z: BME280 (0x76)
 0h00:04.917 2022/04/29T02:44:39z: 84:f3:eb:7d:7:a8
 0h00:04.919 2022/04/29T02:44:39z: SSID: MU Open
 0h00:04.924 2022/04/29T02:44:39z: AP_STAR tmr
 ets Jan  8 2013,rst cause:4, boot mode:(3,7)

wdt reset
load 0x4010f000, len 1384, room 16 
tail 8
chksum 0x2d
csum 0x2d
v8b899c12
~ld


6.01
 0h00:04.831 2022/04/29T03:04:41z: DS3231
 0h00:04.847 2022/04/29T03:04:41z: BME280 (0x76)
 0h00:04.861 2022/04/29T03:04:41z: 84:f3:eb:7d:7:a8
 0h00:04.863 2022/04/29T03:04:41z: SSID: MU Open
 0h00:04.868 2022/04/29T03:04:41z: AP_STAR tmr
 ets Jan  8 2013,rst cause:4, boot mode:(3,7)

wdt reset
load 0x4010f000, len 1384, room 16 
tail 8
chksum 0x2d
csum 0x2d
v8b899c12
~ld


6.01
 0h00:04.812 2022/04/29T03:24:44z: DS3231
 0h00:04.827 2022/04/29T03:24:44z: BME280 (0x76)
 0h00:04.841 2022/04/29T03:24:44z: 84:f3:eb:7d:7:a8
 0h00:04.843 2022/04/29T03:24:44z: SSID: MU Open
 0h00:04.848 2022/04/29T03:24:44z: AP_STAR tmr
 ets Jan  8 2013,rst cause:4, boot mode:(3,7)

wdt reset
load 0x4010f000, len 1384, room 16 
tail 8
chksum 0x2d
csum 0x2d
v8b899c12
~ld


6.01
 0h00:04.830 2022/04/29T03:44:46z: DS3231
 0h00:04.845 2022/04/29T03:44:46z: BME280 (0x76)
 0h00:04.859 2022/04/29T03:44:46z: 84:f3:eb:7d:7:a8
 0h00:04.861 2022/04/29T03:44:46z: SSID: MU Open
 0h00:04.866 2022/04/29T03:44:46z: AP_STAR tmr
 ets Jan  8 2013,rst cause:4, boot mode:(3,7)

wdt reset
load 0x4010f000, len 1384, room 16 
tail 8
chksum 0x2d
csum 0x2d
v8b899c12
~ld


6.01
 0h00:04.947 2022/04/29T04:04:48z: DS3231
 0h00:04.962 2022/04/29T04:04:48z: BME280 (0x76)
 0h00:04.976 2022/04/29T04:04:48z: 84:f3:eb:7d:7:a8
 0h00:04.978 2022/04/29T04:04:48z: SSID: MU Open
 0h00:04.983 2022/04/29T04:04:48z: AP_STAR tmr
 ets Jan  8 2013,rst cause:4, boot mode:(3,7)

wdt reset
load 0x4010f000, len 1384, room 16 
tail 8
chksum 0x2d
csum 0x2d
v8b899c12
~ld


6.01
 0h00:04.708 2022/04/29T04:24:50z: DS3231
 0h00:04.723 2022/04/29T04:24:50z: BME280 (0x76)
 0h00:04.737 2022/04/29T04:24:50z: 84:f3:eb:7d:7:a8
 0h00:04.739 2022/04/29T04:24:50z: SSID: MU Open
 0h00:04.744 2022/04/29T04:24:50z: AP_STAR tmr
 ets Jan  8 2013,rst cause:4, boot mode:(3,7)

wdt reset
load 0x4010f000, len 1384, room 16 
tail 8
chksum 0x2d
csum 0x2d
v8b899c12
~ld


6.01
 0h00:04.757 2022/04/29T04:44:52z: DS3231
 0h00:04.772 2022/04/29T04:44:52z: BME280 (0x76)
 0h00:04.787 2022/04/29T04:44:52z: 84:f3:eb:7d:7:a8
 0h00:04.788 2022/04/29T04:44:52z: SSID: MU Open
 0h00:04.793 2022/04/29T04:44:52z: AP_STAR tmr
 ets Jan  8 2013,rst cause:4, boot mode:(3,7)

wdt reset
load 0x4010f000, len 1384, room 16 
tail 8
chksum 0x2d
csum 0x2d
v8b899c12
~ld


6.01
 0h00:04.703 2022/04/29T05:04:54z: DS3231
 0h00:04.719 2022/04/29T05:04:54z: BME280 (0x76)
 0h00:04.733 2022/04/29T05:04:54z: 84:f3:eb:7d:7:a8
 0h00:04.735 2022/04/29T05:04:54z: SSID: MU Open
 0h00:04.740 2022/04/29T05:04:54z: AP_STAR tmr
 ets Jan  8 2013,rst cause:4, boot mode:(3,7)

wdt reset
load 0x4010f000, len 1384, room 16 
tail 8
chksum 0x2d
csum 0x2d
v8b899c12
~ld


6.01
 0h00:04.677 2022/04/29T05:24:56z: DS3231
 0h00:04.692 2022/04/29T05:24:56z: BME280 (0x76)
 0h00:04.706 2022/04/29T05:24:56z: 84:f3:eb:7d:7:a8
 0h00:04.708 2022/04/29T05:24:56z: SSID: MU Open
 0h00:04.713 2022/04/29T05:24:56z: AP_STAR tmr
 ets Jan  8 2013,rst cause:4, boot mode:(3,7)

wdt reset
load 0x4010f000, len 1384, room 16 
tail 8
chksum 0x2d
csum 0x2d
v8b899c12
~ld


6.01
 0h00:04.456 2022/04/29T05:44:57z: DS3231
 0h00:04.471 2022/04/29T05:44:57z: BME280 (0x76)
 0h00:04.485 2022/04/29T05:44:57z: 84:f3:eb:7d:7:a8
 0h00:04.487 2022/04/29T05:44:57z: SSID: MU Open
 0h00:04.492 2022/04/29T05:44:57z: AP_STAR tmr
 ets Jan  8 2013,rst cause:4, boot mode:(3,7)

wdt reset
load 0x4010f000, len 1384, room 16 
tail 8
chksum 0x2d
csum 0x2d
v8b899c12
~ld


6.01
 0h00:04.520 2022/04/29T06:04:59z: DS3231
 0h00:04.535 2022/04/29T06:04:59z: BME280 (0x76)
 0h00:04.549 2022/04/29T06:04:59z: 84:f3:eb:7d:7:a8
 0h00:04.551 2022/04/29T06:04:59z: SSID: MU Open
 0h00:04.556 2022/04/29T06:04:59z: AP_STAR tmr
 ets Jan  8 2013,rst cause:4, boot mode:(3,7)

wdt reset
load 0x4010f000, len 1384, room 16 
tail 8
chksum 0x2d
csum 0x2d
v8b899c12
~ld


6.01
 0h00:04.746 2022/04/29T06:25:02z: DS3231
 0h00:04.762 2022/04/29T06:25:02z: BME280 (0x76)
 0h00:04.776 2022/04/29T06:25:02z: 84:f3:eb:7d:7:a8
 0h00:04.778 2022/04/29T06:25:02z: SSID: MU Open
 0h00:04.783 2022/04/29T06:25:02z: AP_STAR tmr
 ets Jan  8 2013,rst cause:4, boot mode:(3,7)

wdt reset
load 0x4010f000, len 1384, room 16 
tail 8
chksum 0x2d
csum 0x2d
v8b899c12
~ld


6.01
 0h00:04.701 2022/04/29T06:45:04z: DS3231
 0h00:04.717 2022/04/29T06:45:04z: BME280 (0x76)
 0h00:04.731 2022/04/29T06:45:04z: 84:f3:eb:7d:7:a8
 0h00:04.733 2022/04/29T06:45:04z: SSID: MU Open
 0h00:04.738 2022/04/29T06:45:04z: AP_STAR tmr
 ets Jan  8 2013,rst cause:4, boot mode:(3,7)

wdt reset
load 0x4010f000, len 1384, room 16 
tail 8
chksum 0x2d
csum 0x2d
v8b899c12
~ld


6.01
 0h00:04.724 2022/04/29T07:05:05z: DS3231
 0h00:04.739 2022/04/29T07:05:05z: BME280 (0x76)
 0h00:04.753 2022/04/29T07:05:05z: 84:f3:eb:7d:7:a8
 0h00:04.755 2022/04/29T07:05:05z: SSID: MU Open
 0h00:04.760 2022/04/29T07:05:05z: AP_STAR tmr
 ets Jan  8 2013,rst cause:4, boot mode:(3,7)

wdt reset
load 0x4010f000, len 1384, room 16 
tail 8
chksum 0x2d
csum 0x2d
v8b899c12
~ld


6.01
 0h00:04.731 2022/04/29T07:25:08z: DS3231
 0h00:04.746 2022/04/29T07:25:08z: BME280 (0x76)
 0h00:04.760 2022/04/29T07:25:08z: 84:f3:eb:7d:7:a8
 0h00:04.762 2022/04/29T07:25:08z: SSID: MU Open
 0h00:04.767 2022/04/29T07:25:08z: AP_STAR tmr
 ets Jan  8 2013,rst cause:4, boot mode:(3,7)

wdt reset
load 0x4010f000, len 1384, room 16 
tail 8
chksum 0x2d
csum 0x2d
v8b899c12
~ld


6.01
 0h00:04.718 2022/04/29T07:45:10z: DS3231
 0h00:04.733 2022/04/29T07:45:10z: BME280 (0x76)
 0h00:04.747 2022/04/29T07:45:10z: 84:f3:eb:7d:7:a8
 0h00:04.749 2022/04/29T07:45:10z: SSID: MU Open
 0h00:04.754 2022/04/29T07:45:10z: AP_STAR tmr
 ets Jan  8 2013,rst cause:4, boot mode:(3,7)

wdt reset
load 0x4010f000, len 1384, room 16 
tail 8
chksum 0x2d
csum 0x2d
v8b899c12
~ld


6.01
 0h00:04.798 2022/04/29T08:05:13z: DS3231
 0h00:04.813 2022/04/29T08:05:13z: BME280 (0x76)
 0h00:04.827 2022/04/29T08:05:13z: 84:f3:eb:7d:7:a8
 0h00:04.829 2022/04/29T08:05:13z: SSID: MU Open
 0h00:04.834 2022/04/29T08:05:13z: AP_STAR tmr
 ets Jan  8 2013,rst cause:4, boot mode:(3,7)

wdt reset
load 0x4010f000, len 1384, room 16 
tail 8
chksum 0x2d
csum 0x2d
v8b899c12
~ld


6.01
 0h00:04.729 2022/04/29T08:25:14z: DS3231
 0h00:04.744 2022/04/29T08:25:14z: BME280 (0x76)
 0h00:04.758 2022/04/29T08:25:14z: 84:f3:eb:7d:7:a8
 0h00:04.760 2022/04/29T08:25:14z: SSID: MU Open
 0h00:04.765 2022/04/29T08:25:14z: AP_STAR tmr
 ets Jan  8 2013,rst cause:4, boot mode:(3,7)

wdt reset
load 0x4010f000, len 1384, room 16 
tail 8
chksum 0x2d
csum 0x2d
v8b899c12
~ld


6.01
 0h00:04.782 2022/04/29T08:45:16z: DS3231
 0h00:04.797 2022/04/29T08:45:16z: BME280 (0x76)
 0h00:04.811 2022/04/29T08:45:16z: 84:f3:eb:7d:7:a8
 0h00:04.813 2022/04/29T08:45:16z: SSID: MU Open
 0h00:04.818 2022/04/29T08:45:16z: AP_STAR tmr
 ets Jan  8 2013,rst cause:4, boot mode:(3,7)

wdt reset
load 0x4010f000, len 1384, room 16 
tail 8
chksum 0x2d
csum 0x2d
v8b899c12
~ld


6.01
 0h00:04.783 2022/04/29T09:05:17z: DS3231
 0h00:04.798 2022/04/29T09:05:17z: BME280 (0x76)
 0h00:04.813 2022/04/29T09:05:17z: 84:f3:eb:7d:7:a8
 0h00:04.814 2022/04/29T09:05:17z: SSID: MU Open
 0h00:04.819 2022/04/29T09:05:17z: AP_STAR tmr
 ets Jan  8 2013,rst cause:4, boot mode:(3,7)

wdt reset
load 0x4010f000, len 1384, room 16 
tail 8
chksum 0x2d
csum 0x2d
v8b899c12
~ld


6.01
 0h00:04.791 2022/04/29T09:25:19z: DS3231
 0h00:04.806 2022/04/29T09:25:19z: BME280 (0x76)
 0h00:04.820 2022/04/29T09:25:19z: 84:f3:eb:7d:7:a8
 0h00:04.822 2022/04/29T09:25:19z: SSID: MU Open
 0h00:04.827 2022/04/29T09:25:19z: AP_STAR tmr
 ets Jan  8 2013,rst cause:4, boot mode:(3,7)

wdt reset
load 0x4010f000, len 1384, room 16 
tail 8
chksum 0x2d
csum 0x2d
v8b899c12
~ld


6.01
 0h00:04.894 2022/04/29T09:45:21z: DS3231
 0h00:04.909 2022/04/29T09:45:21z: BME280 (0x76)
 0h00:04.923 2022/04/29T09:45:21z: 84:f3:eb:7d:7:a8
 0h00:04.925 2022/04/29T09:45:21z: SSID: MU Open
 0h00:04.930 2022/04/29T09:45:21z: AP_STAR tmr
 ets Jan  8 2013,rst cause:4, boot mode:(3,7)

wdt reset
load 0x4010f000, len 1384, room 16 
tail 8
chksum 0x2d
csum 0x2d
v8b899c12
~ld


6.01
 0h00:04.529 2022/04/29T10:05:22z: DS3231
 0h00:04.545 2022/04/29T10:05:22z: BME280 (0x76)
 0h00:04.559 2022/04/29T10:05:22z: 84:f3:eb:7d:7:a8
 0h00:04.561 2022/04/29T10:05:22z: SSID: MU Open
 0h00:04.566 2022/04/29T10:05:22z: AP_STAR tmr
 ets Jan  8 2013,rst cause:4, boot mode:(3,7)

wdt reset
load 0x4010f000, len 1384, room 16 
tail 8
chksum 0x2d
csum 0x2d
v8b899c12
~ld


6.01
 0h00:04.763 2022/04/29T10:25:25z: DS3231
 0h00:04.778 2022/04/29T10:25:25z: BME280 (0x76)
 0h00:04.792 2022/04/29T10:25:25z: 84:f3:eb:7d:7:a8
 0h00:04.794 2022/04/29T10:25:25z: SSID: MU Open
 0h00:04.799 2022/04/29T10:25:25z: AP_STAR tmr
 ets Jan  8 2013,rst cause:4, boot mode:(3,7)

wdt reset
load 0x4010f000, len 1384, room 16 
tail 8
chksum 0x2d
csum 0x2d
v8b899c12
~ld


6.01
 0h00:04.771 2022/04/29T10:45:26z: DS3231
 0h00:04.786 2022/04/29T10:45:26z: BME280 (0x76)
 0h00:04.800 2022/04/29T10:45:26z: 84:f3:eb:7d:7:a8
 0h00:04.802 2022/04/29T10:45:26z: SSID: MU Open
 0h00:04.807 2022/04/29T10:45:26z: AP_STAR tmr
 ets Jan  8 2013,rst cause:4, boot mode:(3,7)

wdt reset
load 0x4010f000, len 1384, room 16 
tail 8
chksum 0x2d
csum 0x2d
v8b899c12
~ld


6.01
 0h00:04.620 2022/04/29T11:05:28z: DS3231
 0h00:04.635 2022/04/29T11:05:28z: BME280 (0x76)
 0h00:04.649 2022/04/29T11:05:28z: 84:f3:eb:7d:7:a8
 0h00:04.651 2022/04/29T11:05:28z: SSID: MU Open
 0h00:04.656 2022/04/29T11:05:28z: AP_STAR tmr
 ets Jan  8 2013,rst cause:4, boot mode:(3,7)

wdt reset
load 0x4010f000, len 1384, room 16 
tail 8
chksum 0x2d
csum 0x2d
v8b899c12
~ld


6.01
 0h00:04.907 2022/04/29T11:25:30z: DS3231
 0h00:04.923 2022/04/29T11:25:30z: BME280 (0x76)
 0h00:04.937 2022/04/29T11:25:30z: 84:f3:eb:7d:7:a8
 0h00:04.938 2022/04/29T11:25:30z: SSID: MU Open
 0h00:04.944 2022/04/29T11:25:30z: AP_STAR tmr
 ets Jan  8 2013,rst cause:4, boot mode:(3,7)

wdt reset
load 0x4010f000, len 1384, room 16 
tail 8
chksum 0x2d
csum 0x2d
v8b899c12
~ld


6.01
 0h00:04.938 2022/04/29T11:45:32z: DS3231
 0h00:04.954 2022/04/29T11:45:32z: BME280 (0x76)
 0h00:04.968 2022/04/29T11:45:32z: 84:f3:eb:7d:7:a8
 0h00:04.969 2022/04/29T11:45:32z: SSID: MU Open
 0h00:04.975 2022/04/29T11:45:32z: AP_STAR tmr
 ets Jan  8 2013,rst cause:4, boot mode:(3,7)

wdt reset
load 0x4010f000, len 1384, room 16 
tail 8
chksum 0x2d
csum 0x2d
v8b899c12
~ld


6.01
 0h00:04.886 2022/04/29T12:05:34z: DS3231
 0h00:04.901 2022/04/29T12:05:34z: BME280 (0x76)
 0h00:04.916 2022/04/29T12:05:34z: 84:f3:eb:7d:7:a8
 0h00:04.917 2022/04/29T12:05:34z: SSID: MU Open
 0h00:04.922 2022/04/29T12:05:34z: AP_STAR tmr
 ets Jan  8 2013,rst cause:4, boot mode:(3,7)

wdt reset
load 0x4010f000, len 1384, room 16 
tail 8
chksum 0x2d
csum 0x2d
v8b899c12
~ld


6.01
 0h00:04.884 2022/04/29T12:25:36z: DS3231
 0h00:04.899 2022/04/29T12:25:36z: BME280 (0x76)
 0h00:04.913 2022/04/29T12:25:36z: 84:f3:eb:7d:7:a8
 0h00:04.915 2022/04/29T12:25:36z: SSID: MU Open
 0h00:04.920 2022/04/29T12:25:36z: AP_STAR tmr
 ets Jan  8 2013,rst cause:4, boot mode:(3,7)

wdt reset
load 0x4010f000, len 1384, room 16 
tail 8
chksum 0x2d
csum 0x2d
v8b899c12
~ld


6.01
 0h00:04.509 2022/04/29T12:45:38z: DS3231
 0h00:04.524 2022/04/29T12:45:38z: BME280 (0x76)
 0h00:04.538 2022/04/29T12:45:38z: 84:f3:eb:7d:7:a8
 0h00:04.540 2022/04/29T12:45:38z: SSID: MU Open
 0h00:04.545 2022/04/29T12:45:38z: AP_STAR tmr
 ets Jan  8 2013,rst cause:4, boot mode:(3,7)

wdt reset
load 0x4010f000, len 1384, room 16 
tail 8
chksum 0x2d
csum 0x2d
v8b899c12
~ld


6.01
 0h00:04.896 2022/04/29T13:05:39z: DS3231
 0h00:04.911 2022/04/29T13:05:39z: BME280 (0x76)
 0h00:04.926 2022/04/29T13:05:39z: 84:f3:eb:7d:7:a8
 0h00:04.927 2022/04/29T13:05:39z: SSID: MU Open
 0h00:04.932 2022/04/29T13:05:39z: AP_STAR tmr
 ets Jan  8 2013,rst cause:4, boot mode:(3,7)

wdt reset
load 0x4010f000, len 1384, room 16 
tail 8
chksum 0x2d
csum 0x2d
v8b899c12
~ld


6.01
 0h00:04.764 2022/04/29T13:25:42z: DS3231
 0h00:04.779 2022/04/29T13:25:42z: BME280 (0x76)
 0h00:04.793 2022/04/29T13:25:42z: 84:f3:eb:7d:7:a8
 0h00:04.795 2022/04/29T13:25:42z: SSID: MU Open
 0h00:04.800 2022/04/29T13:25:42z: AP_STAR tmr
 ets Jan  8 2013,rst cause:4, boot mode:(3,7)

wdt reset
load 0x4010f000, len 1384, room 16 
tail 8
chksum 0x2d
csum 0x2d
v8b899c12
~ld


6.01
 0h00:04.917 2022/04/29T13:45:44z: DS3231
 0h00:04.933 2022/04/29T13:45:44z: BME280 (0x76)
 0h00:04.947 2022/04/29T13:45:44z: 84:f3:eb:7d:7:a8
 0h00:04.949 2022/04/29T13:45:44z: SSID: MU Open
 0h00:04.954 2022/04/29T13:45:44z: AP_STAR tmr
 ets Jan  8 2013,rst cause:4, boot mode:(3,7)

wdt reset
load 0x4010f000, len 1384, room 16 
tail 8
chksum 0x2d
csum 0x2d
v8b899c12
~ld


6.01
 0h00:04.611 2022/04/29T14:05:46z: DS3231
 0h00:04.626 2022/04/29T14:05:46z: BME280 (0x76)
 0h00:04.641 2022/04/29T14:05:46z: 84:f3:eb:7d:7:a8
 0h00:04.642 2022/04/29T14:05:46z: SSID: MU Open
 0h00:04.647 2022/04/29T14:05:46z: AP_STAR tmr
 ets Jan  8 2013,rst cause:4, boot mode:(3,7)

wdt reset
load 0x4010f000, len 1384, room 16 
tail 8
chksum 0x2d
csum 0x2d
v8b899c12
~ld


6.01
 0h00:04.605 2022/04/29T14:25:49z: DS3231
 0h00:04.621 2022/04/29T14:25:49z: BME280 (0x76)
 0h00:04.635 2022/04/29T14:25:49z: 84:f3:eb:7d:7:a8
 0h00:04.637 2022/04/29T14:25:49z: SSID: MU Open
 0h00:04.642 2022/04/29T14:25:49z: AP_STAR tmr
 ets Jan  8 2013,rst cause:4, boot mode:(3,7)

wdt reset
load 0x4010f000, len 1384, room 16 
tail 8
chksum 0x2d
csum 0x2d
v8b899c12
~ld


6.01
 0h00:04.553 2022/04/29T14:45:50z: DS3231
 0h00:04.568 2022/04/29T14:45:50z: BME280 (0x76)
 0h00:04.582 2022/04/29T14:45:50z: 84:f3:eb:7d:7:a8
 0h00:04.584 2022/04/29T14:45:50z: SSID: MU Open
 0h00:04.589 2022/04/29T14:45:51z: AP_STAR tmr
 ets Jan  8 2013,rst cause:4, boot mode:(3,7)

wdt reset
load 0x4010f000, len 1384, room 16 
tail 8
chksum 0x2d
csum 0x2d
v8b899c12
~ld


6.01
 0h00:04.654 2022/04/29T15:05:52z: DS3231
 0h00:04.670 2022/04/29T15:05:52z: BME280 (0x76)
 0h00:04.684 2022/04/29T15:05:52z: 84:f3:eb:7d:7:a8
 0h00:04.685 2022/04/29T15:05:52z: SSID: MU Open
 0h00:04.691 2022/04/29T15:05:52z: AP_STAR tmr
 ets Jan  8 2013,rst cause:4, boot mode:(3,7)

wdt reset
load 0x4010f000, len 1384, room 16 
tail 8
chksum 0x2d
csum 0x2d
v8b899c12
~ld


6.01
 0h00:04.651 2022/04/29T15:25:54z: DS3231
 0h00:04.666 2022/04/29T15:25:54z: BME280 (0x76)
 0h00:04.680 2022/04/29T15:25:54z: 84:f3:eb:7d:7:a8
 0h00:04.682 2022/04/29T15:25:54z: SSID: MU Open
 0h00:04.687 2022/04/29T15:25:54z: AP_STAR tmr
 ets Jan  8 2013,rst cause:4, boot mode:(3,7)

wdt reset
load 0x4010f000, len 1384, room 16 
tail 8
chksum 0x2d
csum 0x2d
v8b899c12
~ld


6.01
 0h00:04.774 2022/04/29T15:45:57z: DS3231
 0h00:04.789 2022/04/29T15:45:57z: BME280 (0x76)
 0h00:04.803 2022/04/29T15:45:57z: 84:f3:eb:7d:7:a8
 0h00:04.805 2022/04/29T15:45:57z: SSID: MU Open
 0h00:04.810 2022/04/29T15:45:57z: AP_STAR tmr
 ets Jan  8 2013,rst cause:4, boot mode:(3,7)

wdt reset
load 0x4010f000, len 1384, room 16 
tail 8
chksum 0x2d
csum 0x2d
v8b899c12
~ld


6.01
 0h00:04.702 2022/04/29T16:05:59z: DS3231
 0h00:04.717 2022/04/29T16:05:59z: BME280 (0x76)
 0h00:04.731 2022/04/29T16:05:59z: 84:f3:eb:7d:7:a8
 0h00:04.733 2022/04/29T16:05:59z: SSID: MU Open
 0h00:04.738 2022/04/29T16:05:59z: AP_STAR tmr
 ets Jan  8 2013,rst cause:4, boot mode:(3,7)

wdt reset
load 0x4010f000, len 1384, room 16 
tail 8
chksum 0x2d
csum 0x2d
v8b899c12
~ld


6.01
 0h00:04.788 2022/04/29T16:26:01z: DS3231
 0h00:04.804 2022/04/29T16:26:01z: BME280 (0x76)
 0h00:04.818 2022/04/29T16:26:01z: 84:f3:eb:7d:7:a8
 0h00:04.819 2022/04/29T16:26:01z: SSID: MU Open
 0h00:04.825 2022/04/29T16:26:01z: AP_STAR tmr
 ets Jan  8 2013,rst cause:4, boot mode:(3,7)

wdt reset
load 0x4010f000, len 1384, room 16 
tail 8
chksum 0x2d
csum 0x2d
v8b899c12
~ld


6.01
 0h00:04.695 2022/04/29T16:46:03z: DS3231
 0h00:04.710 2022/04/29T16:46:03z: BME280 (0x76)
 0h00:04.725 2022/04/29T16:46:03z: 84:f3:eb:7d:7:a8
 0h00:04.726 2022/04/29T16:46:03z: SSID: MU Open
 0h00:04.731 2022/04/29T16:46:03z: AP_STAR tmr
 ets Jan  8 2013,rst cause:4, boot mode:(3,7)

wdt reset
load 0x4010f000, len 1384, room 16 
tail 8
chksum 0x2d
csum 0x2d
v8b899c12
~ld


6.01
 0h00:04.563 2022/04/29T17:06:04z: DS3231
 0h00:04.578 2022/04/29T17:06:04z: BME280 (0x76)
 0h00:04.593 2022/04/29T17:06:04z: 84:f3:eb:7d:7:a8
 0h00:04.594 2022/04/29T17:06:04z: SSID: MU Open
 0h00:04.599 2022/04/29T17:06:04z: AP_STAR tmr
 ets Jan  8 2013,rst cause:4, boot mode:(3,7)

wdt reset
load 0x4010f000, len 1384, room 16 
tail 8
chksum 0x2d
csum 0x2d
v8b899c12
~ld


6.01
 0h00:04.602 2022/04/29T17:26:06z: DS3231
 0h00:04.617 2022/04/29T17:26:06z: BME280 (0x76)
 0h00:04.631 2022/04/29T17:26:06z: 84:f3:eb:7d:7:a8
 0h00:04.633 2022/04/29T17:26:06z: SSID: MU Open
 0h00:04.638 2022/04/29T17:26:06z: AP_STAR tmr
 ets Jan  8 2013,rst cause:4, boot mode:(3,7)

wdt reset
load 0x4010f000, len 1384, room 16 
tail 8
chksum 0x2d
csum 0x2d
v8b899c12
~ld


6.01
 0h00:04.489 2022/04/29T17:46:07z: DS3231
 0h00:04.504 2022/04/29T17:46:07z: BME280 (0x76)
 0h00:04.518 2022/04/29T17:46:07z: 84:f3:eb:7d:7:a8
 0h00:04.520 2022/04/29T17:46:07z: SSID: MU Open
 0h00:04.525 2022/04/29T17:46:07z: AP_STAR tmr
 ets Jan  8 2013,rst cause:4, boot mode:(3,7)

wdt reset
load 0x4010f000, len 1384, room 16 
tail 8
chksum 0x2d
csum 0x2d
v8b899c12
~ld


6.01
 0h00:04.686 2022/04/29T18:06:09z: DS3231
 0h00:04.701 2022/04/29T18:06:09z: BME280 (0x76)
 0h00:04.716 2022/04/29T18:06:09z: 84:f3:eb:7d:7:a8
 0h00:04.717 2022/04/29T18:06:09z: SSID: MU Open
 0h00:04.722 2022/04/29T18:06:09z: AP_STAR tmr
 ets Jan  8 2013,rst cause:4, boot mode:(3,7)

wdt reset
load 0x4010f000, len 1384, room 16 
tail 8
chksum 0x2d
csum 0x2d
v8b899c12
~ld


6.01
 0h00:04.640 2022/04/29T18:26:11z: DS3231
 0h00:04.655 2022/04/29T18:26:11z: BME280 (0x76)
 0h00:04.670 2022/04/29T18:26:11z: 84:f3:eb:7d:7:a8
 0h00:04.671 2022/04/29T18:26:11z: SSID: MU Open
 0h00:04.676 2022/04/29T18:26:11z: AP_STAR tmr
 ets Jan  8 2013,rst cause:4, boot mode:(3,7)

wdt reset
load 0x4010f000, len 1384, room 16 
tail 8
chksum 0x2d
csum 0x2d
v8b899c12
~ld


6.01
 0h00:04.713 2022/04/29T18:46:12z: DS3231
 0h00:04.728 2022/04/29T18:46:12z: BME280 (0x76)
 0h00:04.742 2022/04/29T18:46:12z: 84:f3:eb:7d:7:a8
 0h00:04.744 2022/04/29T18:46:12z: SSID: MU Open
 0h00:04.749 2022/04/29T18:46:12z: AP_STAR tmr
 ets Jan  8 2013,rst cause:4, boot mode:(3,7)

wdt reset
load 0x4010f000, len 1384, room 16 
tail 8
chksum 0x2d
csum 0x2d
v8b899c12
~ld


6.01
 0h00:04.620 2022/04/29T19:06:14z: DS3231
 0h00:04.635 2022/04/29T19:06:14z: BME280 (0x76)
 0h00:04.650 2022/04/29T19:06:14z: 84:f3:eb:7d:7:a8
 0h00:04.651 2022/04/29T19:06:14z: SSID: MU Open
 0h00:04.656 2022/04/29T19:06:14z: AP_STAR tmr
 ets Jan  8 2013,rst cause:4, boot mode:(3,7)

wdt reset
load 0x4010f000, len 1384, room 16 
tail 8
chksum 0x2d
csum 0x2d
v8b899c12
~ld


6.01
 0h00:04.421 2022/04/29T19:26:16z: DS3231
 0h00:04.436 2022/04/29T19:26:16z: BME280 (0x76)
 0h00:04.450 2022/04/29T19:26:16z: 84:f3:eb:7d:7:a8
 0h00:04.452 2022/04/29T19:26:16z: SSID: MU Open
 0h00:04.457 2022/04/29T19:26:16z: AP_STAR tmr
 ets Jan  8 2013,rst cause:4, boot mode:(3,7)

wdt reset
load 0x4010f000, len 1384, room 16 
tail 8
chksum 0x2d
csum 0x2d
v8b899c12
~ld


6.01
 0h00:04.692 2022/04/29T19:46:18z: DS3231
 0h00:04.707 2022/04/29T19:46:18z: BME280 (0x76)
 0h00:04.721 2022/04/29T19:46:18z: 84:f3:eb:7d:7:a8
 0h00:04.723 2022/04/29T19:46:18z: SSID: MU Open
 0h00:04.728 2022/04/29T19:46:18z: AP_STAR tmr
 ets Jan  8 2013,rst cause:4, boot mode:(3,7)

wdt reset
load 0x4010f000, len 1384, room 16 
tail 8
chksum 0x2d
csum 0x2d
v8b899c12
~ld


6.01
 0h00:04.721 2022/04/29T20:06:19z: DS3231
 0h00:04.737 2022/04/29T20:06:19z: BME280 (0x76)
 0h00:04.751 2022/04/29T20:06:19z: 84:f3:eb:7d:7:a8
 0h00:04.752 2022/04/29T20:06:19z: SSID: MU Open
 0h00:04.758 2022/04/29T20:06:19z: AP_STAR tmr
 ets Jan  8 2013,rst cause:4, boot mode:(3,7)

wdt reset
load 0x4010f000, len 1384, room 16 
tail 8
chksum 0x2d
csum 0x2d
v8b899c12
~ld


6.01
 0h00:04.752 2022/04/29T20:26:21z: DS3231
 0h00:04.768 2022/04/29T20:26:21z: BME280 (0x76)
 0h00:04.782 2022/04/29T20:26:21z: 84:f3:eb:7d:7:a8
 0h00:04.784 2022/04/29T20:26:21z: SSID: MU Open
 0h00:04.789 2022/04/29T20:26:21z: AP_STAR tmr
 ets Jan  8 2013,rst cause:4, boot mode:(3,7)

wdt reset
load 0x4010f000, len 1384, room 16 
tail 8
chksum 0x2d
csum 0x2d
v8b899c12
~ld


6.01
 0h00:04.660 2022/04/29T20:46:23z: DS3231
 0h00:04.676 2022/04/29T20:46:23z: BME280 (0x76)
 0h00:04.690 2022/04/29T20:46:23z: 84:f3:eb:7d:7:a8
 0h00:04.692 2022/04/29T20:46:23z: SSID: MU Open
 0h00:04.697 2022/04/29T20:46:23z: AP_STAR tmr
 ets Jan  8 2013,rst cause:4, boot mode:(3,7)

wdt reset
load 0x4010f000, len 1384, room 16 
tail 8
chksum 0x2d
csum 0x2d
v8b899c12
~ld


6.01
 0h00:04.645 2022/04/29T21:06:25z: DS3231
 0h00:04.660 2022/04/29T21:06:25z: BME280 (0x76)
 0h00:04.674 2022/04/29T21:06:25z: 84:f3:eb:7d:7:a8
 0h00:04.676 2022/04/29T21:06:25z: SSID: MU Open
 0h00:04.681 2022/04/29T21:06:25z: AP_STAR tmr
 ets Jan  8 2013,rst cause:4, boot mode:(3,7)

wdt reset
load 0x4010f000, len 1384, room 16 
tail 8
chksum 0x2d
csum 0x2d
v8b899c12
~ld


6.01
 0h00:04.471 2022/04/29T21:26:26z: DS3231
 0h00:04.486 2022/04/29T21:26:26z: BME280 (0x76)
 0h00:04.500 2022/04/29T21:26:26z: 84:f3:eb:7d:7:a8
 0h00:04.502 2022/04/29T21:26:26z: SSID: MU Open
 0h00:04.507 2022/04/29T21:26:26z: AP_STAR tmr
 ets Jan  8 2013,rst cause:4, boot mode:(3,7)

wdt reset
load 0x4010f000, len 1384, room 16 
tail 8
chksum 0x2d
csum 0x2d
v8b899c12
~ld


6.01
 0h00:04.745 2022/04/29T21:46:29z: DS3231
 0h00:04.761 2022/04/29T21:46:29z: BME280 (0x76)
 0h00:04.775 2022/04/29T21:46:29z: 84:f3:eb:7d:7:a8
 0h00:04.777 2022/04/29T21:46:29z: SSID: MU Open
 0h00:04.782 2022/04/29T21:46:29z: AP_STAR tmr
 ets Jan  8 2013,rst cause:4, boot mode:(3,7)

wdt reset
load 0x4010f000, len 1384, room 16 
tail 8
chksum 0x2d
csum 0x2d
v8b899c12
~ld


6.01
 0h00:04.703 2022/04/29T22:06:30z: DS3231
 0h00:04.719 2022/04/29T22:06:30z: BME280 (0x76)
 0h00:04.733 2022/04/29T22:06:30z: 84:f3:eb:7d:7:a8
 0h00:04.734 2022/04/29T22:06:30z: SSID: MU Open
 0h00:04.740 2022/04/29T22:06:30z: AP_STAR tmr
 ets Jan  8 2013,rst cause:4, boot mode:(3,7)

wdt reset
load 0x4010f000, len 1384, room 16 
tail 8
chksum 0x2d
csum 0x2d
v8b899c12
~ld


6.01
 0h00:04.639 2022/04/29T22:26:32z: DS3231
 0h00:04.655 2022/04/29T22:26:32z: BME280 (0x76)
 0h00:04.669 2022/04/29T22:26:32z: 84:f3:eb:7d:7:a8
 0h00:04.670 2022/04/29T22:26:32z: SSID: MU Open
 0h00:04.676 2022/04/29T22:26:32z: AP_STAR tmr
 ets Jan  8 2013,rst cause:4, boot mode:(3,7)

wdt reset
load 0x4010f000, len 1384, room 16 
tail 8
chksum 0x2d
csum 0x2d
v8b899c12
~ld


6.01
 0h00:04.769 2022/04/29T22:46:35z: DS3231
 0h00:04.784 2022/04/29T22:46:35z: BME280 (0x76)
 0h00:04.799 2022/04/29T22:46:35z: 84:f3:eb:7d:7:a8
 0h00:04.800 2022/04/29T22:46:35z: SSID: MU Open
 0h00:04.805 2022/04/29T22:46:35z: AP_STAR tmr
 ets Jan  8 2013,rst cause:4, boot mode:(3,7)

wdt reset
load 0x4010f000, len 1384, room 16 
tail 8
chksum 0x2d
csum 0x2d
v8b899c12
~ld


6.01
 0h00:04.613 2022/04/29T23:06:36z: DS3231
 0h00:04.628 2022/04/29T23:06:36z: BME280 (0x76)
 0h00:04.643 2022/04/29T23:06:36z: 84:f3:eb:7d:7:a8
 0h00:04.644 2022/04/29T23:06:36z: SSID: MU Open
 0h00:04.649 2022/04/29T23:06:36z: AP_STAR tmr
 ets Jan  8 2013,rst cause:4, boot mode:(3,7)

wdt reset
load 0x4010f000, len 1384, room 16 
tail 8
chksum 0x2d
csum 0x2d
v8b899c12
~ld


6.01
 0h00:04.677 2022/04/29T23:26:38z: DS3231
 0h00:04.692 2022/04/29T23:26:38z: BME280 (0x76)
 0h00:04.706 2022/04/29T23:26:38z: 84:f3:eb:7d:7:a8
 0h00:04.708 2022/04/29T23:26:38z: SSID: MU Open
 0h00:04.713 2022/04/29T23:26:38z: AP_STAR tmr
 ets Jan  8 2013,rst cause:4, boot mode:(3,7)

wdt reset
load 0x4010f000, len 1384, room 16 
tail 8
chksum 0x2d
csum 0x2d
v8b899c12
~ld


6.01
 0h00:04.818 2022/04/29T23:46:40z: DS3231
 0h00:04.833 2022/04/29T23:46:40z: BME280 (0x76)
 0h00:04.847 2022/04/29T23:46:40z: 84:f3:eb:7d:7:a8
 0h00:04.849 2022/04/29T23:46:40z: SSID: MU Open
 0h00:04.854 2022/04/29T23:46:40z: AP_STA