R tmr
 ets Jan  8 2013,rst cause:4, boot mode:(3,7)

wdt reset
load 0x4010f000, len 1384, room 16 
tail 8
chksum 0x2d
csum 0x2d
v8b899c12
~ld


6.01
 0h00:04.536 2022/02/11T00:14:10z: DS3231
 0h00:04.552 2022/02/11T00:14:10z: BME280 (0x76)
 0h00:04.566 2022/02/11T00:14:10z: 84:f3:eb:7d:7:a8
 0h00:04.567 2022/02/11T00:14:10z: SSID: MU Open
 0h00:04.573 2022/02/11T00:14:10z: AP_STAR tmr
 ets Jan  8 2013,rst cause:4, boot mode:(3,7)

wdt reset
load 0x4010f000, len 1384, room 16 
tail 8
chksum 0x2d
csum 0x2d
v8b899c12
~ld


6.01
 0h00:04.548 2022/02/11T00:34:11z: DS3231
 0h00:04.563 2022/02/11T00:34:11z: BME280 (0x76)
 0h00:04.577 2022/02/11T00:34:11z: 84:f3:eb:7d:7:a8
 0h00:04.579 2022/02/11T00:34:11z: SSID: MU Open
 0h00:04.584 2022/02/11T00:34:11z: AP_STAR tmr
 ets Jan  8 2013,rst cause:4, boot mode:(3,7)

wdt reset
load 0x4010f000, len 1384, room 16 
tail 8
chksum 0x2d
csum 0x2d
v8b899c12
~ld


6.01
 0h00:04.608 2022/02/11T00:54:12z: DS3231
 0h00:04.623 2022/02/11T00:54:12z: BME280 (0x76)
 0h00:04.637 2022/02/11T00:54:12z: 84:f3:eb:7d:7:a8
 0h00:04.639 2022/02/11T00:54:12z: SSID: MU Open
 0h00:04.644 2022/02/11T00:54:12z: AP_STAR tmr
 ets Jan  8 2013,rst cause:4, boot mode:(3,7)

wdt reset
load 0x4010f000, len 1384, room 16 
tail 8
chksum 0x2d
csum 0x2d
v8b899c12
~ld


6.01
 0h00:04.675 2022/02/11T01:14:13z: DS3231
 0h00:04.691 2022/02/11T01:14:13z: BME280 (0x76)
 0h00:04.705 2022/02/11T01:14:13z: 84:f3:eb:7d:7:a8
 0h00:04.707 2022/02/11T01:14:13z: SSID: MU Open
 0h00:04.712 2022/02/11T01:14:13z: AP_STAR tmr
 ets Jan  8 2013,rst cause:4, boot mode:(3,7)

wdt reset
load 0x4010f000, len 1384, room 16 
tail 8
chksum 0x2d
csum 0x2d
v8b899c12
~ld


6.01
 0h00:04.807 2022/02/11T01:34:14z: DS3231
 0h00:04.823 2022/02/11T01:34:14z: BME280 (0x76)
 0h00:04.837 2022/02/11T01:34:14z: 84:f3:eb:7d:7:a8
 0h00:04.839 2022/02/11T01:34:14z: SSID: MU Open
 0h00:04.844 2022/02/11T01:34:14z: AP_STAR tmr
 ets Jan  8 2013,rst cause:4, boot mode:(3,7)

wdt reset
load 0x4010f000, len 1384, room 16 
tail 8
chksum 0x2d
csum 0x2d
v8b899c12
~ld


6.01
 0h00:04.905 2022/02/11T01:54:16z: DS3231
 0h00:04.920 2022/02/11T01:54:16z: BME280 (0x76)
 0h00:04.934 2022/02/11T01:54:16z: 84:f3:eb:7d:7:a8
 0h00:04.936 2022/02/11T01:54:16z: SSID: MU Open
 0h00:04.941 2022/02/11T01:54:16z: AP_STAR tmr
 ets Jan  8 2013,rst cause:4, boot mode:(3,7)

wdt reset
load 0x4010f000, len 1384, room 16 
tail 8
chksum 0x2d
csum 0x2d
v8b899c12
~ld


6.01
 0h00:04.765 2022/02/11T02:14:17z: DS3231
 0h00:04.781 2022/02/11T02:14:17z: BME280 (0x76)
 0h00:04.795 2022/02/11T02:14:17z: 84:f3:eb:7d:7:a8
 0h00:04.797 2022/02/11T02:14:17z: SSID: MU Open
 0h00:04.802 2022/02/11T02:14:17z: AP_STAR tmr
 ets Jan  8 2013,rst cause:4, boot mode:(3,7)

wdt reset
load 0x4010f000, len 1384, room 16 
tail 8
chksum 0x2d
csum 0x2d
v8b899c12
~ld


6.01
 0h00:04.602 2022/02/11T02:34:19z: DS3231
 0h00:04.617 2022/02/11T02:34:19z: BME280 (0x76)
 0h00:04.631 2022/02/11T02:34:19z: 84:f3:eb:7d:7:a8
 0h00:04.633 2022/02/11T02:34:19z: SSID: MU Open
 0h00:04.638 2022/02/11T02:34:19z: AP_STAR tmr
 ets Jan  8 2013,rst cause:4, boot mode:(3,7)

wdt reset
load 0x4010f000, len 1384, room 16 
tail 8
chksum 0x2d
csum 0x2d
v8b899c12
~ld


6.01
 0h00:04.630 2022/02/11T02:54:20z: DS3231
 0h00:04.645 2022/02/11T02:54:20z: BME280 (0x76)
 0h00:04.660 2022/02/11T02:54:20z: 84:f3:eb:7d:7:a8
 0h00:04.661 2022/02/11T02:54:20z: SSID: MU Open
 0h00:04.666 2022/02/11T02:54:20z: AP_STAR tmr
 ets Jan  8 2013,rst cause:4, boot mode:(3,7)

wdt reset
load 0x4010f000, len 1384, room 16 
tail 8
chksum 0x2d
csum 0x2d
v8b899c12
~ld


6.01
 0h00:04.885 2022/02/11T03:14:21z: DS3231
 0h00:04.900 2022/02/11T03:14:22z: BME280 (0x76)
 0h00:04.914 2022/02/11T03:14:22z: 84:f3:eb:7d:7:a8
 0h00:04.916 2022/02/11T03:14:22z: SSID: MU Open
 0h00:04.921 2022/02/11T03:14:22z: AP_STAR tmr
 ets Jan  8 2013,rst cause:4, boot mode:(3,7)

wdt reset
load 0x4010f000, len 1384, room 16 
tail 8
chksum 0x2d
csum 0x2d
v8b899c12
~ld


6.01
 0h00:04.633 2022/02/11T03:34:23z: DS3231
 0h00:04.648 2022/02/11T03:34:23z: BME280 (0x76)
 0h00:04.662 2022/02/11T03:34:23z: 84:f3:eb:7d:7:a8
 0h00:04.664 2022/02/11T03:34:23z: SSID: MU Open
 0h00:04.669 2022/02/11T03:34:23z: AP_STAR tmr
 ets Jan  8 2013,rst cause:4, boot mode:(3,7)

wdt reset
load 0x4010f000, len 1384, room 16 
tail 8
chksum 0x2d
csum 0x2d
v8b899c12
~ld


6.01
 0h00:04.744 2022/02/11T03:54:24z: DS3231
 0h00:04.759 2022/02/11T03:54:24z: BME280 (0x76)
 0h00:04.773 2022/02/11T03:54:24z: 84:f3:eb:7d:7:a8
 0h00:04.775 2022/02/11T03:54:24z: SSID: MU Open
 0h00:04.780 2022/02/11T03:54:24z: AP_STAR tmr
 ets Jan  8 2013,rst cause:4, boot mode:(3,7)

wdt reset
load 0x4010f000, len 1384, room 16 
tail 8
chksum 0x2d
csum 0x2d
v8b899c12
~ld


6.01
 0h00:04.786 2022/02/11T04:14:26z: DS3231
 0h00:04.802 2022/02/11T04:14:26z: BME280 (0x76)
 0h00:04.816 2022/02/11T04:14:26z: 84:f3:eb:7d:7:a8
 0h00:04.818 2022/02/11T04:14:26z: SSID: MU Open
 0h00:04.823 2022/02/11T04:14:26z: AP_STAR tmr
 ets Jan  8 2013,rst cause:4, boot mode:(3,7)

wdt reset
load 0x4010f000, len 1384, room 16 
tail 8
chksum 0x2d
csum 0x2d
v8b899c12
~ld


6.01
 0h00:04.794 2022/02/11T04:34:27z: DS3231
 0h00:04.809 2022/02/11T04:34:27z: BME280 (0x76)
 0h00:04.823 2022/02/11T04:34:27z: 84:f3:eb:7d:7:a8
 0h00:04.825 2022/02/11T04:34:27z: SSID: MU Open
 0h00:04.830 2022/02/11T04:34:27z: AP_STAR tmr
 ets Jan  8 2013,rst cause:4, boot mode:(3,7)

wdt reset
load 0x4010f000, len 1384, room 16 
tail 8
chksum 0x2d
csum 0x2d
v8b899c12
~ld


6.01
 0h00:04.555 2022/02/11T04:54:28z: DS3231
 0h00:04.570 2022/02/11T04:54:28z: BME280 (0x76)
 0h00:04.584 2022/02/11T04:54:28z: 84:f3:eb:7d:7:a8
 0h00:04.586 2022/02/11T04:54:28z: SSID: MU Open
 0h00:04.591 2022/02/11T04:54:28z: AP_STAR tmr
 ets Jan  8 2013,rst cause:4, boot mode:(3,7)

wdt reset
load 0x4010f000, len 1384, room 16 
tail 8
chksum 0x2d
csum 0x2d
v8b899c12
~ld


6.01
 0h00:04.603 2022/02/11T05:14:29z: DS3231
 0h00:04.619 2022/02/11T05:14:29z: BME280 (0x76)
 0h00:04.633 2022/02/11T05:14:30z: 84:f3:eb:7d:7:a8
 0h00:04.634 2022/02/11T05:14:30z: SSID: MU Open
 0h00:04.640 2022/02/11T05:14:30z: AP_STAR tmr
 ets Jan  8 2013,rst cause:4, boot mode:(3,7)

wdt reset
load 0x4010f000, len 1384, room 16 
tail 8
chksum 0x2d
csum 0x2d
v8b899c12
~ld


6.01
 0h00:04.274 2022/02/11T05:34:30z: DS3231
 0h00:04.289 2022/02/11T05:34:30z: BME280 (0x76)
 0h00:04.303 2022/02/11T05:34:30z: 84:f3:eb:7d:7:a8
 0h00:04.305 2022/02/11T05:34:30z: SSID: MU Open
 0h00:04.310 2022/02/11T05:34:30z: AP_STAR tmr
 ets Jan  8 2013,rst cause:4, boot mode:(3,7)

wdt reset
load 0x4010f000, len 1384, room 16 
tail 8
chksum 0x2d
csum 0x2d
v8b899c12
~ld


6.01
 0h00:04.648 2022/02/11T05:54:32z: DS3231
 0h00:04.663 2022/02/11T05:54:32z: BME280 (0x76)
 0h00:04.677 2022/02/11T05:54:32z: 84:f3:eb:7d:7:a8
 0h00:04.679 2022/02/11T05:54:32z: SSID: MU Open
 0h00:04.684 2022/02/11T05:54:32z: AP_STAR tmr
 ets Jan  8 2013,rst cause:4, boot mode:(3,7)

wdt reset
load 0x4010f000, len 1384, room 16 
tail 8
chksum 0x2d
csum 0x2d
v8b899c12
~ld


6.01
 0h00:04.712 2022/02/11T06:14:33z: DS3231
 0h00:04.727 2022/02/11T06:14:33z: BME280 (0x76)
 0h00:04.741 2022/02/11T06:14:33z: 84:f3:eb:7d:7:a8
 0h00:04.743 2022/02/11T06:14:33z: SSID: MU Open
 0h00:04.748 2022/02/11T06:14:33z: AP_STAR tmr
 ets Jan  8 2013,rst cause:4, boot mode:(3,7)

wdt reset
load 0x4010f000, len 1384, room 16 
tail 8
chksum 0x2d
csum 0x2d
v8b899c12
~ld


6.01
 0h00:04.522 2022/02/11T06:34:34z: DS3231
 0h00:04.537 2022/02/11T06:34:34z: BME280 (0x76)
 0h00:04.551 2022/02/11T06:34:34z: 84:f3:eb:7d:7:a8
 0h00:04.553 2022/02/11T06:34:34z: SSID: MU Open
 0h00:04.558 2022/02/11T06:34:34z: AP_STAR tmr
 ets Jan  8 2013,rst cause:4, boot mode:(3,7)

wdt reset
load 0x4010f000, len 1384, room 16 
tail 8
chksum 0x2d
csum 0x2d
v8b899c12
~ld


6.01
 0h00:04.620 2022/02/11T06:54:36z: DS3231
 0h00:04.635 2022/02/11T06:54:36z: BME280 (0x76)
 0h00:04.649 2022/02/11T06:54:36z: 84:f3:eb:7d:7:a8
 0h00:04.651 2022/02/11T06:54:36z: SSID: MU Open
 0h00:04.656 2022/02/11T06:54:36z: AP_STAR tmr
 ets Jan  8 2013,rst cause:4, boot mode:(3,7)

wdt reset
load 0x4010f000, len 1384, room 16 
tail 8
chksum 0x2d
csum 0x2d
v8b899c12
~ld


6.01
 0h00:04.398 2022/02/11T07:14:37z: DS3231
 0h00:04.413 2022/02/11T07:14:37z: BME280 (0x76)
 0h00:04.427 2022/02/11T07:14:37z: 84:f3:eb:7d:7:a8
 0h00:04.429 2022/02/11T07:14:37z: SSID: MU Open
 0h00:04.434 2022/02/11T07:14:37z: AP_STAR tmr
 ets Jan  8 2013,rst cause:4, boot mode:(3,7)

wdt reset
load 0x4010f000, len 1384, room 16 
tail 8
chksum 0x2d
csum 0x2d
v8b899c12
~ld


6.01
 0h00:04.381 2022/02/11T07:34:37z: DS3231
 0h00:04.397 2022/02/11T07:34:37z: BME280 (0x76)
 0h00:04.411 2022/02/11T07:34:37z: 84:f3:eb:7d:7:a8
 0h00:04.413 2022/02/11T07:34:37z: SSID: MU Open
 0h00:04.418 2022/02/11T07:34:37z: AP_STAR tmr
 ets Jan  8 2013,rst cause:4, boot mode:(3,7)

wdt reset
load 0x4010f000, len 1384, room 16 
tail 8
chksum 0x2d
csum 0x2d
v8b899c12
~ld


6.01
 0h00:04.379 2022/02/11T07:54:38z: DS3231
 0h00:04.394 2022/02/11T07:54:38z: BME280 (0x76)
 0h00:04.408 2022/02/11T07:54:38z: 84:f3:eb:7d:7:a8
 0h00:04.410 2022/02/11T07:54:38z: SSID: MU Open
 0h00:04.415 2022/02/11T07:54:38z: AP_STAR tmr
 ets Jan  8 2013,rst cause:4, boot mode:(3,7)

wdt reset
load 0x4010f000, len 1384, room 16 
tail 8
chksum 0x2d
csum 0x2d
v8b899c12
~ld


6.01
 0h00:04.718 2022/02/11T08:14:40z: DS3231
 0h00:04.734 2022/02/11T08:14:40z: BME280 (0x76)
 0h00:04.748 2022/02/11T08:14:40z: 84:f3:eb:7d:7:a8
 0h00:04.750 2022/02/11T08:14:40z: SSID: MU Open
 0h00:04.755 2022/02/11T08:14:40z: AP_STAR tmr
 ets Jan  8 2013,rst cause:4, boot mode:(3,7)

wdt reset
load 0x4010f000, len 1384, room 16 
tail 8
chksum 0x2d
csum 0x2d
v8b899c12
~ld


6.01
 0h00:04.498 2022/02/11T08:34:41z: DS3231
 0h00:04.513 2022/02/11T08:34:41z: BME280 (0x76)
 0h00:04.527 2022/02/11T08:34:41z: 84:f3:eb:7d:7:a8
 0h00:04.529 2022/02/11T08:34:41z: SSID: MU Open
 0h00:04.534 2022/02/11T08:34:41z: AP_STAR tmr
 ets Jan  8 2013,rst cause:4, boot mode:(3,7)

wdt reset
load 0x4010f000, len 1384, room 16 
tail 8
chksum 0x2d
csum 0x2d
v8b899c12
~ld


6.01
 0h00:04.663 2022/02/11T08:54:42z: DS3231
 0h00:04.678 2022/02/11T08:54:42z: BME280 (0x76)
 0h00:04.692 2022/02/11T08:54:42z: 84:f3:eb:7d:7:a8
 0h00:04.694 2022/02/11T08:54:42z: SSID: MU Open
 0h00:04.699 2022/02/11T08:54:42z: AP_STAR tmr
 ets Jan  8 2013,rst cause:4, boot mode:(3,7)

wdt reset
load 0x4010f000, len 1384, room 16 
tail 8
chksum 0x2d
csum 0x2d
v8b899c12
~ld


6.01
 0h00:04.631 2022/02/11T09:14:42z: DS3231
 0h00:04.646 2022/02/11T09:14:42z: BME280 (0x76)
 0h00:04.660 2022/02/11T09:14:42z: 84:f3:eb:7d:7:a8
 0h00:04.662 2022/02/11T09:14:42z: SSID: MU Open
 0h00:04.667 2022/02/11T09:14:42z: AP_STAR tmr
 ets Jan  8 2013,rst cause:4, boot mode:(3,7)

wdt reset
load 0x4010f000, len 1384, room 16 
tail 8
chksum 0x2d
csum 0x2d
v8b899c12
~ld


6.01
 0h00:04.486 2022/02/11T09:34:43z: DS3231
 0h00:04.502 2022/02/11T09:34:43z: BME280 (0x76)
 0h00:04.516 2022/02/11T09:34:43z: 84:f3:eb:7d:7:a8
 0h00:04.518 2022/02/11T09:34:43z: SSID: MU Open
 0h00:04.523 2022/02/11T09:34:43z: AP_STAR tmr
 ets Jan  8 2013,rst cause:4, boot mode:(3,7)

wdt reset
load 0x4010f000, len 1384, room 16 
tail 8
chksum 0x2d
csum 0x2d
v8b899c12
~ld


6.01
 0h00:04.437 2022/02/11T09:54:44z: DS3231
 0h00:04.452 2022/02/11T09:54:44z: BME280 (0x76)
 0h00:04.466 2022/02/11T09:54:44z: 84:f3:eb:7d:7:a8
 0h00:04.468 2022/02/11T09:54:44z: SSID: MU Open
 0h00:04.473 2022/02/11T09:54:44z: AP_STAR tmr
 ets Jan  8 2013,rst cause:4, boot mode:(3,7)

wdt reset
load 0x4010f000, len 1384, room 16 
tail 8
chksum 0x2d
csum 0x2d
v8b899c12
~ld


6.01
 0h00:04.451 2022/02/11T10:14:45z: DS3231
 0h00:04.467 2022/02/11T10:14:45z: BME280 (0x76)
 0h00:04.481 2022/02/11T10:14:45z: 84:f3:eb:7d:7:a8
 0h00:04.483 2022/02/11T10:14:45z: SSID: MU Open
 0h00:04.488 2022/02/11T10:14:45z: AP_STAR tmr
 ets Jan  8 2013,rst cause:4, boot mode:(3,7)

wdt reset
load 0x4010f000, len 1384, room 16 
tail 8
chksum 0x2d
csum 0x2d
v8b899c12
~ld


6.01
 0h00:04.411 2022/02/11T10:34:47z: DS3231
 0h00:04.426 2022/02/11T10:34:47z: BME280 (0x76)
 0h00:04.440 2022/02/11T10:34:47z: 84:f3:eb:7d:7:a8
 0h00:04.442 2022/02/11T10:34:47z: SSID: MU Open
 0h00:04.447 2022/02/11T10:34:47z: AP_STAR tmr
 ets Jan  8 2013,rst cause:4, boot mode:(3,7)

wdt reset
load 0x4010f000, len 1384, room 16 
tail 8
chksum 0x2d
csum 0x2d
v8b899c12
~ld


6.01
 0h00:04.641 2022/02/11T10:54:48z: DS3231
 0h00:04.657 2022/02/11T10:54:48z: BME280 (0x76)
 0h00:04.671 2022/02/11T10:54:48z: 84:f3:eb:7d:7:a8
 0h00:04.673 2022/02/11T10:54:48z: SSID: MU Open
 0h00:04.678 2022/02/11T10:54:48z: AP_STAR tmr
 ets Jan  8 2013,rst cause:4, boot mode:(3,7)

wdt reset
load 0x4010f000, len 1384, room 16 
tail 8
chksum 0x2d
csum 0x2d
v8b899c12
~ld


6.01
 0h00:04.376 2022/02/11T11:14:48z: DS3231
 0h00:04.392 2022/02/11T11:14:48z: BME280 (0x76)
 0h00:04.406 2022/02/11T11:14:48z: 84:f3:eb:7d:7:a8
 0h00:04.407 2022/02/11T11:14:48z: SSID: MU Open
 0h00:04.413 2022/02/11T11:14:48z: AP_STAR tmr
 ets Jan  8 2013,rst cause:4, boot mode:(3,7)

wdt reset
load 0x4010f000, len 1384, room 16 
tail 8
chksum 0x2d
csum 0x2d
v8b899c12
~ld


6.01
 0h00:04.577 2022/02/11T11:34:50z: DS3231
 0h00:04.592 2022/02/11T11:34:50z: BME280 (0x76)
 0h00:04.606 2022/02/11T11:34:50z: 84:f3:eb:7d:7:a8
 0h00:04.608 2022/02/11T11:34:50z: SSID: MU Open
 0h00:04.613 2022/02/11T11:34:50z: AP_STAR tmr
 ets Jan  8 2013,rst cause:4, boot mode:(3,7)

wdt reset
load 0x4010f000, len 1384, room 16 
tail 8
chksum 0x2d
csum 0x2d
v8b899c12
~ld


6.01
 0h00:04.378 2022/02/11T11:54:50z: DS3231
 0h00:04.394 2022/02/11T11:54:50z: BME280 (0x76)
 0h00:04.408 2022/02/11T11:54:50z: 84:f3:eb:7d:7:a8
 0h00:04.410 2022/02/11T11:54:50z: SSID: MU Open
 0h00:04.415 2022/02/11T11:54:50z: AP_STAR tmr
 ets Jan  8 2013,rst cause:4, boot mode:(3,7)

wdt reset
load 0x4010f000, len 1384, room 16 
tail 8
chksum 0x2d
csum 0x2d
v8b899c12
~ld


6.01
 0h00:04.569 2022/02/11T12:14:51z: DS3231
 0h00:04.585 2022/02/11T12:14:51z: BME280 (0x76)
 0h00:04.599 2022/02/11T12:14:51z: 84:f3:eb:7d:7:a8
 0h00:04.600 2022/02/11T12:14:51z: SSID: MU Open
 0h00:04.606 2022/02/11T12:14:51z: AP_STAR tmr
 ets Jan  8 2013,rst cause:4, boot mode:(3,7)

wdt reset
load 0x4010f000, len 1384, room 16 
tail 8
chksum 0x2d
csum 0x2d
v8b899c12
~ld


6.01
 0h00:04.135 2022/02/11T12:34:51z: DS3231
 0h00:04.150 2022/02/11T12:34:51z: BME280 (0x76)
 0h00:04.165 2022/02/11T12:34:51z: 84:f3:eb:7d:7:a8
 0h00:04.166 2022/02/11T12:34:51z: SSID: MU Open
 0h00:04.171 2022/02/11T12:34:51z: AP_STAR tmr
 ets Jan  8 2013,rst cause:4, boot mode:(3,7)

wdt reset
load 0x4010f000, len 1384, room 16 
tail 8
chksum 0x2d
csum 0x2d
v8b899c12
~ld


6.01
 0h00:04.473 2022/02/11T12:54:52z: DS3231
 0h00:04.489 2022/02/11T12:54:52z: BME280 (0x76)
 0h00:04.503 2022/02/11T12:54:52z: 84:f3:eb:7d:7:a8
 0h00:04.504 2022/02/11T12:54:52z: SSID: MU Open
 0h00:04.510 2022/02/11T12:54:52z: AP_STAR tmr
 ets Jan  8 2013,rst cause:4, boot mode:(3,7)

wdt reset
load 0x4010f000, len 1384, room 16 
tail 8
chksum 0x2d
csum 0x2d
v8b899c12
~ld


6.01
 0h00:04.535 2022/02/11T13:14:54z: DS3231
 0h00:04.550 2022/02/11T13:14:54z: BME280 (0x76)
 0h00:04.564 2022/02/11T13:14:54z: 84:f3:eb:7d:7:a8
 0h00:04.566 2022/02/11T13:14:54z: SSID: MU Open
 0h00:04.571 2022/02/11T13:14:54z: AP_STAR tmr
 ets Jan  8 2013,rst cause:4, boot mode:(3,7)

wdt reset
load 0x4010f000, len 1384, room 16 
tail 8
chksum 0x2d
csum 0x2d
v8b899c12
~ld


6.01
 0h00:04.286 2022/02/11T13:34:54z: DS3231
 0h00:04.302 2022/02/11T13:34:54z: BME280 (0x76)
 0h00:04.316 2022/02/11T13:34:54z: 84:f3:eb:7d:7:a8
 0h00:04.318 2022/02/11T13:34:54z: SSID: MU Open
 0h00:04.323 2022/02/11T13:34:54z: AP_STAR tmr
 ets Jan  8 2013,rst cause:4, boot mode:(3,7)

wdt reset
load 0x4010f000, len 1384, room 16 
tail 8
chksum 0x2d
csum 0x2d
v8b899c12
~ld


6.01
 0h00:04.546 2022/02/11T13:54:55z: DS3231
 0h00:04.562 2022/02/11T13:54:55z: BME280 (0x76)
 0h00:04.576 2022/02/11T13:54:55z: 84:f3:eb:7d:7:a8
 0h00:04.577 2022/02/11T13:54:55z: SSID: MU Open
 0h00:04.583 2022/02/11T13:54:55z: AP_STAR tmr
 ets Jan  8 2013,rst cause:4, boot mode:(3,7)

wdt reset
load 0x4010f000, len 1384, room 16 
tail 8
chksum 0x2d
csum 0x2d
v8b899c12
~ld


6.01
 0h00:04.521 2022/02/11T14:14:56z: DS3231
 0h00:04.536 2022/02/11T14:14:56z: BME280 (0x76)
 0h00:04.550 2022/02/11T14:14:56z: 84:f3:eb:7d:7:a8
 0h00:04.552 2022/02/11T14:14:56z: SSID: MU Open
 0h00:04.557 2022/02/11T14:14:56z: AP_STAR tmr
 ets Jan  8 2013,rst cause:4, boot mode:(3,7)

wdt reset
load 0x4010f000, len 1384, room 16 
tail 8
chksum 0x2d
csum 0x2d
v8b899c12
~ld


6.01
 0h00:04.215 2022/02/11T14:34:57z: DS3231
 0h00:04.230 2022/02/11T14:34:57z: BME280 (0x76)
 0h00:04.244 2022/02/11T14:34:57z: 84:f3:eb:7d:7:a8
 0h00:04.246 2022/02/11T14:34:57z: SSID: MU Open
 0h00:04.251 2022/02/11T14:34:57z: AP_STAR tmr
 ets Jan  8 2013,rst cause:4, boot mode:(3,7)

wdt reset
load 0x4010f000, len 1384, room 16 
tail 8
chksum 0x2d
csum 0x2d
v8b899c12
~ld


6.01
 0h00:04.137 2022/02/11T14:54:58z: DS3231
 0h00:04.153 2022/02/11T14:54:58z: BME280 (0x76)
 0h00:04.167 2022/02/11T14:54:58z: 84:f3:eb:7d:7:a8
 0h00:04.169 2022/02/11T14:54:58z: SSID: MU Open
 0h00:04.174 2022/02/11T14:54:58z: AP_STAR tmr
 ets Jan  8 2013,rst cause:4, boot mode:(3,7)

wdt reset
load 0x4010f000, len 1384, room 16 
tail 8
chksum 0x2d
csum 0x2d
v8b899c12
~ld


6.01
 0h00:04.301 2022/02/11T15:14:58z: DS3231
 0h00:04.316 2022/02/11T15:14:58z: BME280 (0x76)
 0h00:04.330 2022/02/11T15:14:58z: 84:f3:eb:7d:7:a8
 0h00:04.332 2022/02/11T15:14:58z: SSID: MU Open
 0h00:04.337 2022/02/11T15:14:58z: AP_STAR tmr
 ets Jan  8 2013,rst cause:4, boot mode:(3,7)

wdt reset
load 0x4010f000, len 1384, room 16 
tail 8
chksum 0x2d
csum 0x2d
v8b899c12
~ld


6.01
 0h00:04.575 2022/02/11T15:34:59z: DS3231
 0h00:04.590 2022/02/11T15:34:59z: BME280 (0x76)
 0h00:04.605 2022/02/11T15:34:59z: 84:f3:eb:7d:7:a8
 0h00:04.606 2022/02/11T15:34:59z: SSID: MU Open
 0h00:04.611 2022/02/11T15:34:59z: AP_STAR tmr
 ets Jan  8 2013,rst cause:4, boot mode:(3,7)

wdt reset
load 0x4010f000, len 1384, room 16 
tail 8
chksum 0x2d
csum 0x2d
v8b899c12
~ld


6.01
 0h00:04.364 2022/02/11T15:55:00z: DS3231
 0h00:04.380 2022/02/11T15:55:00z: BME280 (0x76)
 0h00:04.394 2022/02/11T15:55:00z: 84:f3:eb:7d:7:a8
 0h00:04.395 2022/02/11T15:55:00z: SSID: MU Open
 0h00:04.401 2022/02/11T15:55:00z: AP_STAR tmr
 ets Jan  8 2013,rst cause:4, boot mode:(3,7)

wdt reset
load 0x4010f000, len 1384, room 16 
tail 8
chksum 0x2d
csum 0x2d
v8b899c12
~ld


6.01
 0h00:04.559 2022/02/11T16:15:01z: DS3231
 0h00:04.574 2022/02/11T16:15:01z: BME280 (0x76)
 0h00:04.588 2022/02/11T16:15:01z: 84:f3:eb:7d:7:a8
 0h00:04.590 2022/02/11T16:15:01z: SSID: MU Open
 0h00:04.595 2022/02/11T16:15:01z: AP_STAR tmr
 ets Jan  8 2013,rst cause:4, boot mode:(3,7)

wdt reset
load 0x4010f000, len 1384, room 16 
tail 8
chksum 0x2d
csum 0x2d
v8b899c12
~ld


6.01
 0h00:04.296 2022/02/11T16:35:02z: DS3231
 0h00:04.312 2022/02/11T16:35:02z: BME280 (0x76)
 0h00:04.326 2022/02/11T16:35:02z: 84:f3:eb:7d:7:a8
 0h00:04.328 2022/02/11T16:35:02z: SSID: MU Open
 0h00:04.333 2022/02/11T16:35:02z: AP_STAR tmr
 ets Jan  8 2013,rst cause:4, boot mode:(3,7)

wdt reset
load 0x4010f000, len 1384, room 16 
tail 8
chksum 0x2d
csum 0x2d
v8b899c12
~ld


6.01
 0h00:04.300 2022/02/11T16:55:03z: DS3231
 0h00:04.316 2022/02/11T16:55:03z: BME280 (0x76)
 0h00:04.330 2022/02/11T16:55:03z: 84:f3:eb:7d:7:a8
 0h00:04.332 2022/02/11T16:55:03z: SSID: MU Open
 0h00:04.337 2022/02/11T16:55:03z: AP_STAR tmr
 ets Jan  8 2013,rst cause:4, boot mode:(3,7)

wdt reset
load 0x4010f000, len 1384, room 16 
tail 8
chksum 0x2d
csum 0x2d
v8b899c12
~ld


6.01
 0h00:04.310 2022/02/11T17:15:04z: DS3231
 0h00:04.325 2022/02/11T17:15:04z: BME280 (0x76)
 0h00:04.339 2022/02/11T17:15:04z: 84:f3:eb:7d:7:a8
 0h00:04.341 2022/02/11T17:15:04z: SSID: MU Open
 0h00:04.346 2022/02/11T17:15:04z: AP_STAR tmr
 ets Jan  8 2013,rst cause:4, boot mode:(3,7)

wdt reset
load 0x4010f000, len 1384, room 16 
tail 8
chksum 0x2d
csum 0x2d
v8b899c12
~ld


6.01
 0h00:04.414 2022/02/11T17:35:05z: DS3231
 0h00:04.430 2022/02/11T17:35:05z: BME280 (0x76)
 0h00:04.444 2022/02/11T17:35:05z: 84:f3:eb:7d:7:a8
 0h00:04.446 2022/02/11T17:35:05z: SSID: MU Open
 0h00:04.451 2022/02/11T17:35:05z: AP_STAR tmr
 ets Jan  8 2013,rst cause:4, boot mode:(3,7)

wdt reset
load 0x4010f000, len 1384, room 16 
tail 8
chksum 0x2d
csum 0x2d
v8b899c12
~ld


6.01
 0h00:04.286 2022/02/11T17:55:06z: DS3231
 0h00:04.301 2022/02/11T17:55:06z: BME280 (0x76)
 0h00:04.315 2022/02/11T17:55:06z: 84:f3:eb:7d:7:a8
 0h00:04.317 2022/02/11T17:55:06z: SSID: MU Open
 0h00:04.322 2022/02/11T17:55:06z: AP_STAR tmr
 ets Jan  8 2013,rst cause:4, boot mode:(3,7)

wdt reset
load 0x4010f000, len 1384, room 16 
tail 8
chksum 0x2d
csum 0x2d
v8b899c12
~ld


6.01
 0h00:04.299 2022/02/11T18:15:06z: DS3231
 0h00:04.315 2022/02/11T18:15:06z: BME280 (0x76)
 0h00:04.329 2022/02/11T18:15:06z: 84:f3:eb:7d:7:a8
 0h00:04.330 2022/02/11T18:15:06z: SSID: MU Open
 0h00:04.336 2022/02/11T18:15:06z: AP_STAR tmr
 ets Jan  8 2013,rst cause:4, boot mode:(3,7)

wdt reset
load 0x4010f000, len 1384, room 16 
tail 8
chksum 0x2d
csum 0x2d
v8b899c12
~ld


6.01
 0h00:04.528 2022/02/11T18:35:07z: DS3231
 0h00:04.543 2022/02/11T18:35:07z: BME280 (0x76)
 0h00:04.557 2022/02/11T18:35:07z: 84:f3:eb:7d:7:a8
 0h00:04.559 2022/02/11T18:35:07z: SSID: MU Open
 0h00:04.564 2022/02/11T18:35:07z: AP_STAR tmr
 ets Jan  8 2013,rst cause:4, boot mode:(3,7)

wdt reset
load 0x4010f000, len 1384, room 16 
tail 8
chksum 0x2d
csum 0x2d
v8b899c12
~ld


6.01
 0h00:04.465 2022/02/11T18:55:08z: DS3231
 0h00:04.480 2022/02/11T18:55:08z: BME280 (0x76)
 0h00:04.494 2022/02/11T18:55:08z: 84:f3:eb:7d:7:a8
 0h00:04.496 2022/02/11T18:55:08z: SSID: MU Open
 0h00:04.501 2022/02/11T18:55:08z: AP_STAR tmr
 ets Jan  8 2013,rst cause:4, boot mode:(3,7)

wdt reset
load 0x4010f000, len 1384, room 16 
tail 8
chksum 0x2d
csum 0x2d
v8b899c12
~ld


6.01
 0h00:04.293 2022/02/11T19:15:09z: DS3231
 0h00:04.309 2022/02/11T19:15:09z: BME280 (0x76)
 0h00:04.323 2022/02/11T19:15:09z: 84:f3:eb:7d:7:a8
 0h00:04.325 2022/02/11T19:15:09z: SSID: MU Open
 0h00:04.330 2022/02/11T19:15:09z: AP_STAR tmr
 ets Jan  8 2013,rst cause:4, boot mode:(3,7)

wdt reset
load 0x4010f000, len 1384, room 16 
tail 8
chksum 0x2d
csum 0x2d
v8b899c12
~ld


6.01
 0h00:04.467 2022/02/11T19:35:09z: DS3231
 0h00:04.483 2022/02/11T19:35:09z: BME280 (0x76)
 0h00:04.497 2022/02/11T19:35:09z: 84:f3:eb:7d:7:a8
 0h00:04.499 2022/02/11T19:35:09z: SSID: MU Open
 0h00:04.504 2022/02/11T19:35:09z: AP_STAR tmr
 ets Jan  8 2013,rst cause:4, boot mode:(3,7)

wdt reset
load 0x4010f000, len 1384, room 16 
tail 8
chksum 0x2d
csum 0x2d
v8b899c12
~ld


6.01
 0h00:04.499 2022/02/11T19:55:10z: DS3231
 0h00:04.514 2022/02/11T19:55:10z: BME280 (0x76)
 0h00:04.528 2022/02/11T19:55:10z: 84:f3:eb:7d:7:a8
 0h00:04.530 2022/02/11T19:55:10z: SSID: MU Open
 0h00:04.535 2022/02/11T19:55:10z: AP_STAR tmr
 ets Jan  8 2013,rst cause:4, boot mode:(3,7)

wdt reset
load 0x4010f000, len 1384, room 16 
tail 8
chksum 0x2d
csum 0x2d
v8b899c12
~ld


6.01
 0h00:04.409 2022/02/11T20:15:10z: DS3231
 0h00:04.424 2022/02/11T20:15:10z: BME280 (0x76)
 0h00:04.438 2022/02/11T20:15:10z: 84:f3:eb:7d:7:a8
 0h00:04.440 2022/02/11T20:15:10z: SSID: MU Open
 0h00:04.445 2022/02/11T20:15:10z: AP_STAR tmr
 ets Jan  8 2013,rst cause:4, boot mode:(3,7)

wdt reset
load 0x4010f000, len 1384, room 16 
tail 8
chksum 0x2d
csum 0x2d
v8b899c12
~ld


6.01
 0h00:04.186 2022/02/11T20:35:10z: DS3231
 0h00:04.202 2022/02/11T20:35:10z: BME280 (0x76)
 0h00:04.216 2022/02/11T20:35:10z: 84:f3:eb:7d:7:a8
 0h00:04.217 2022/02/11T20:35:10z: SSID: MU Open
 0h00:04.223 2022/02/11T20:35:10z: AP_STAR tmr
 ets Jan  8 2013,rst cause:4, boot mode:(3,7)

wdt reset
load 0x4010f000, len 1384, room 16 
tail 8
chksum 0x2d
csum 0x2d
v8b899c12
~ld


6.01
 0h00:04.194 2022/02/11T20:55:11z: DS3231
 0h00:04.209 2022/02/11T20:55:11z: BME280 (0x76)
 0h00:04.223 2022/02/11T20:55:11z: 84:f3:eb:7d:7:a8
 0h00:04.225 2022/02/11T20:55:11z: SSID: MU Open
 0h00:04.230 2022/02/11T20:55:11z: AP_STAR tmr
 ets Jan  8 2013,rst cause:4, boot mode:(3,7)

wdt reset
load 0x4010f000, len 1384, room 16 
tail 8
chksum 0x2d
csum 0x2d
v8b899c12
~ld


6.01
 0h00:04.152 2022/02/11T21:15:12z: DS3231
 0h00:04.167 2022/02/11T21:15:12z: BME280 (0x76)
 0h00:04.182 2022/02/11T21:15:12z: 84:f3:eb:7d:7:a8
 0h00:04.183 2022/02/11T21:15:12z: SSID: MU Open
 0h00:04.188 2022/02/11T21:15:12z: AP_STAR tmr
 ets Jan  8 2013,rst cause:4, boot mode:(3,7)

wdt reset
load 0x4010f000, len 1384, room 16 
tail 8
chksum 0x2d
csum 0x2d
v8b899c12
~ld


6.01
 0h00:04.250 2022/02/11T21:35:12z: DS3231
 0h00:04.265 2022/02/11T21:35:12z: BME280 (0x76)
 0h00:04.280 2022/02/11T21:35:12z: 84:f3:eb:7d:7:a8
 0h00:04.281 2022/02/11T21:35:12z: SSID: MU Open
 0h00:04.287 2022/02/11T21:35:12z: AP_STAR tmr
 ets Jan  8 2013,rst cause:4, boot mode:(3,7)

wdt reset
load 0x4010f000, len 1384, room 16 
tail 8
chksum 0x2d
csum 0x2d
v8b899c12
~ld


6.01
 0h00:04.453 2022/02/11T21:55:13z: DS3231
 0h00:04.468 2022/02/11T21:55:13z: BME280 (0x76)
 0h00:04.482 2022/02/11T21:55:13z: 84:f3:eb:7d:7:a8
 0h00:04.484 2022/02/11T21:55:13z: SSID: MU Open
 0h00:04.489 2022/02/11T21:55:13z: AP_STAR tmr
 ets Jan  8 2013,rst cause:4, boot mode:(3,7)

wdt reset
load 0x4010f000, len 1384, room 16 
tail 8
chksum 0x2d
csum 0x2d
v8b899c12
~ld


6.01
 0h00:04.416 2022/02/11T22:15:14z: DS3231
 0h00:04.431 2022/02/11T22:15:14z: BME280 (0x76)
 0h00:04.445 2022/02/11T22:15:14z: 84:f3:eb:7d:7:a8
 0h00:04.447 2022/02/11T22:15:14z: SSID: MU Open
 0h00:04.452 2022/02/11T22:15:14z: AP_STAR tmr
 ets Jan  8 2013,rst cause:4, boot mode:(3,7)

wdt reset
load 0x4010f000, len 1384, room 16 
tail 8
chksum 0x2d
csum 0x2d
v8b899c12
~ld


6.01
 0h00:04.093 2022/02/11T22:35:14z: DS3231
 0h00:04.108 2022/02/11T22:35:14z: BME280 (0x76)
 0h00:04.123 2022/02/11T22:35:14z: 84:f3:eb:7d:7:a8
 0h00:04.124 2022/02/11T22:35:14z: SSID: MU Open
 0h00:04.129 2022/02/11T22:35:14z: AP_STAR tmr
 ets Jan  8 2013,rst cause:4, boot mode:(3,7)

wdt reset
load 0x4010f000, len 1384, room 16 
tail 8
chksum 0x2d
csum 0x2d
v8b899c12
~ld


6.01
 0h00:04.274 2022/02/11T22:55:15z: DS3231
 0h00:04.289 2022/02/11T22:55:15z: BME280 (0x76)
 0h00:04.303 2022/02/11T22:55:15z: 84:f3:eb:7d:7:a8
 0h00:04.305 2022/02/11T22:55:15z: SSID: MU Open
 0h00:04.310 2022/02/11T22:55:15z: AP_STAR tmr
 ets Jan  8 2013,rst cause:4, boot mode:(3,7)

wdt reset
load 0x4010f000, len 1384, room 16 
tail 8
chksum 0x2d
csum 0x2d
v8b899c12
~ld


6.01
 0h00:04.196 2022/02/11T23:15:15z: DS3231
 0h00:04.211 2022/02/11T23:15:15z: BME280 (0x76)
 0h00:04.225 2022/02/11T23:15:15z: 84:f3:eb:7d:7:a8
 0h00:04.227 2022/02/11T23:15:15z: SSID: MU Open
 0h00:04.232 2022/02/11T23:15:15z: AP_STAR tmr
 ets Jan  8 2013,rst cause:4, boot mode:(3,7)

wdt reset
load 0x4010f000, len 1384, room 16 
tail 8
chksum 0x2d
csum 0x2d
v8b899c12
~ld


6.01
 0h00:04.305 2022/02/11T23:35:16z: DS3231
 0h00:04.321 2022/02/11T23:35:16z: BME280 (0x76)
 0h00:04.335 2022/02/11T23:35:16z: 84:f3:eb:7d:7:a8
 0h00:04.336 2022/02/11T23:35:16z: SSID: MU Open
 0h00:04.342 2022/02/11T23:35:16z: AP_STAR tmr
 ets Jan  8 2013,rst cause:4, boot mode:(3,7)

wdt reset
load 0x4010f000, len 1384, room 16 
tail 8
chksum 0x2d
csum 0x2d
v8b899c12
~ld


6.01
 0h00:04.288 2022/02/11T23:55:17z: DS3231
 0h00:04.304 2022/02/11T23:55:17z: BME280 (0x76)
 0h00:04.318 2022/02/11T23:55:17z: 84:f3:eb:7d:7:a8
 0h00:04.319 2022/02/11T23:55:17z: SSID: MU Open
 0h00:04.325 2022/02/11T23:55:17z: AP_STA