R tmr
 ets Jan  8 2013,rst cause:4, boot mode:(3,7)

wdt reset
load 0x4010f000, len 1384, room 16 
tail 8
chksum 0x2d
csum 0x2d
v8b899c12
~ld


6.01
 0h00:05.903 2022/12/09T00:14:57z: DS3231
 0h00:05.918 2022/12/09T00:14:57z: BME280 (0x76)
 0h00:05.932 2022/12/09T00:14:57z: 84:f3:eb:7d:7:a8
 0h00:05.934 2022/12/09T00:14:57z: SSID: MU Open
 0h00:05.939 2022/12/09T00:14:57z: AP_STAR tmr
 ets Jan  8 2013,rst cause:4, boot mode:(3,7)

wdt reset
load 0x4010f000, len 1384, room 16 
tail 8
chksum 0x2d
csum 0x2d
v8b899c12
~ld


6.01
 0h00:05.873 2022/12/09T00:35:03z: DS3231
 0h00:05.888 2022/12/09T00:35:03z: BME280 (0x76)
 0h00:05.902 2022/12/09T00:35:03z: 84:f3:eb:7d:7:a8
 0h00:05.904 2022/12/09T00:35:03z: SSID: MU Open
 0h00:05.909 2022/12/09T00:35:04z: AP_STAR tmr
 ets Jan  8 2013,rst cause:4, boot mode:(3,7)

wdt reset
load 0x4010f000, len 1384, room 16 
tail 8
chksum 0x2d
csum 0x2d
v8b899c12
~ld


6.01
 0h00:05.392 2022/12/09T00:55:10z: DS3231
 0h00:05.407 2022/12/09T00:55:10z: BME280 (0x76)
 0h00:05.421 2022/12/09T00:55:10z: 84:f3:eb:7d:7:a8
 0h00:05.423 2022/12/09T00:55:10z: SSID: MU Open
 0h00:05.428 2022/12/09T00:55:10z: AP_STAR tmr
 ets Jan  8 2013,rst cause:4, boot mode:(3,7)

wdt reset
load 0x4010f000, len 1384, room 16 
tail 8
chksum 0x2d
csum 0x2d
v8b899c12
~ld


6.01
 0h00:05.830 2022/12/09T01:15:16z: DS3231
 0h00:05.845 2022/12/09T01:15:16z: BME280 (0x76)
 0h00:05.859 2022/12/09T01:15:16z: 84:f3:eb:7d:7:a8
 0h00:05.861 2022/12/09T01:15:16z: SSID: MU Open
 0h00:05.866 2022/12/09T01:15:16z: AP_STAR tmr
 ets Jan  8 2013,rst cause:4, boot mode:(3,7)

wdt reset
load 0x4010f000, len 1384, room 16 
tail 8
chksum 0x2d
csum 0x2d
v8b899c12
~ld


6.01
 0h00:05.769 2022/12/09T01:35:23z: DS3231
 0h00:05.785 2022/12/09T01:35:23z: BME280 (0x76)
 0h00:05.799 2022/12/09T01:35:23z: 84:f3:eb:7d:7:a8
 0h00:05.801 2022/12/09T01:35:23z: SSID: MU Open
 0h00:05.806 2022/12/09T01:35:23z: AP_STAR tmr
 ets Jan  8 2013,rst cause:4, boot mode:(3,7)

wdt reset
load 0x4010f000, len 1384, room 16 
tail 8
chksum 0x2d
csum 0x2d
v8b899c12
~ld


6.01
 0h00:05.104 2022/12/09T01:55:28z: DS3231
 0h00:05.119 2022/12/09T01:55:28z: BME280 (0x76)
 0h00:05.133 2022/12/09T01:55:28z: 84:f3:eb:7d:7:a8
 0h00:05.135 2022/12/09T01:55:28z: SSID: MU Open
 0h00:05.140 2022/12/09T01:55:28z: AP_STAR tmr
 ets Jan  8 2013,rst cause:4, boot mode:(3,7)

wdt reset
load 0x4010f000, len 1384, room 16 
tail 8
chksum 0x2d
csum 0x2d
v8b899c12
~ld


6.01
 0h00:05.449 2022/12/09T02:15:34z: DS3231
 0h00:05.464 2022/12/09T02:15:34z: BME280 (0x76)
 0h00:05.478 2022/12/09T02:15:34z: 84:f3:eb:7d:7:a8
 0h00:05.480 2022/12/09T02:15:34z: SSID: MU Open
 0h00:05.485 2022/12/09T02:15:34z: AP_STAR tmr
 ets Jan  8 2013,rst cause:4, boot mode:(3,7)

wdt reset
load 0x4010f000, len 1384, room 16 
tail 8
chksum 0x2d
csum 0x2d
v8b899c12
~ld


6.01
 0h00:05.921 2022/12/09T02:35:41z: DS3231
 0h00:05.936 2022/12/09T02:35:41z: BME280 (0x76)
 0h00:05.950 2022/12/09T02:35:41z: 84:f3:eb:7d:7:a8
 0h00:05.952 2022/12/09T02:35:41z: SSID: MU Open
 0h00:05.957 2022/12/09T02:35:41z: AP_STAR tmr
 ets Jan  8 2013,rst cause:4, boot mode:(3,7)

wdt reset
load 0x4010f000, len 1384, room 16 
tail 8
chksum 0x2d
csum 0x2d
v8b899c12
~ld


6.01
 0h00:05.874 2022/12/09T02:55:49z: DS3231
 0h00:05.889 2022/12/09T02:55:49z: BME280 (0x76)
 0h00:05.904 2022/12/09T02:55:49z: 84:f3:eb:7d:7:a8
 0h00:05.905 2022/12/09T02:55:49z: SSID: MU Open
 0h00:05.910 2022/12/09T02:55:49z: AP_STAR tmr
 ets Jan  8 2013,rst cause:4, boot mode:(3,7)

wdt reset
load 0x4010f000, len 1384, room 16 
tail 8
chksum 0x2d
csum 0x2d
v8b899c12
~ld


6.01
 0h00:05.857 2022/12/09T03:15:55z: DS3231
 0h00:05.872 2022/12/09T03:15:55z: BME280 (0x76)
 0h00:05.886 2022/12/09T03:15:55z: 84:f3:eb:7d:7:a8
 0h00:05.888 2022/12/09T03:15:55z: SSID: MU Open
 0h00:05.893 2022/12/09T03:15:55z: AP_STAR tmr
 ets Jan  8 2013,rst cause:4, boot mode:(3,7)

wdt reset
load 0x4010f000, len 1384, room 16 
tail 8
chksum 0x2d
csum 0x2d
v8b899c12
~ld


6.01
 0h00:05.203 2022/12/09T03:36:01z: DS3231
 0h00:05.218 2022/12/09T03:36:01z: BME280 (0x76)
 0h00:05.232 2022/12/09T03:36:01z: 84:f3:eb:7d:7:a8
 0h00:05.234 2022/12/09T03:36:01z: SSID: MU Open
 0h00:05.239 2022/12/09T03:36:01z: AP_STAR tmr
 ets Jan  8 2013,rst cause:4, boot mode:(3,7)

wdt reset
load 0x4010f000, len 1384, room 16 
tail 8
chksum 0x2d
csum 0x2d
v8b899c12
~ld


6.01
 0h00:05.804 2022/12/09T03:56:08z: DS3231
 0h00:05.819 2022/12/09T03:56:08z: BME280 (0x76)
 0h00:05.833 2022/12/09T03:56:08z: 84:f3:eb:7d:7:a8
 0h00:05.835 2022/12/09T03:56:08z: SSID: MU Open
 0h00:05.840 2022/12/09T03:56:08z: AP_STAR tmr
 ets Jan  8 2013,rst cause:4, boot mode:(3,7)

wdt reset
load 0x4010f000, len 1384, room 16 
tail 8
chksum 0x2d
csum 0x2d
v8b899c12
~ld


6.01
 0h00:05.963 2022/12/09T04:16:15z: DS3231
 0h00:05.978 2022/12/09T04:16:15z: BME280 (0x76)
 0h00:05.992 2022/12/09T04:16:15z: 84:f3:eb:7d:7:a8
 0h00:05.994 2022/12/09T04:16:15z: SSID: MU Open
 0h00:05.999 2022/12/09T04:16:15z: AP_STAR tmr
 ets Jan  8 2013,rst cause:4, boot mode:(3,7)

wdt reset
load 0x4010f000, len 1384, room 16 
tail 8
chksum 0x2d
csum 0x2d
v8b899c12
~ld


6.01
 0h00:05.776 2022/12/09T04:36:23z: DS3231
 0h00:05.791 2022/12/09T04:36:23z: BME280 (0x76)
 0h00:05.806 2022/12/09T04:36:23z: 84:f3:eb:7d:7:a8
 0h00:05.807 2022/12/09T04:36:23z: SSID: MU Open
 0h00:05.812 2022/12/09T04:36:23z: AP_STAR tmr
 ets Jan  8 2013,rst cause:4, boot mode:(3,7)

wdt reset
load 0x4010f000, len 1384, room 16 
tail 8
chksum 0x2d
csum 0x2d
v8b899c12
~ld


6.01
 0h00:06.003 2022/12/09T04:56:30z: DS3231
 0h00:06.018 2022/12/09T04:56:30z: BME280 (0x76)
 0h00:06.032 2022/12/09T04:56:30z: 84:f3:eb:7d:7:a8
 0h00:06.034 2022/12/09T04:56:30z: SSID: MU Open
 0h00:06.039 2022/12/09T04:56:30z: AP_STAR tmr
 ets Jan  8 2013,rst cause:4, boot mode:(3,7)

wdt reset
load 0x4010f000, len 1384, room 16 
tail 8
chksum 0x2d
csum 0x2d
v8b899c12
~ld


6.01
 0h00:05.776 2022/12/09T05:16:38z: DS3231
 0h00:05.791 2022/12/09T05:16:38z: BME280 (0x76)
 0h00:05.805 2022/12/09T05:16:38z: 84:f3:eb:7d:7:a8
 0h00:05.807 2022/12/09T05:16:38z: SSID: MU Open
 0h00:05.812 2022/12/09T05:16:38z: AP_STAR tmr
 ets Jan  8 2013,rst cause:4, boot mode:(3,7)

wdt reset
load 0x4010f000, len 1384, room 16 
tail 8
chksum 0x2d
csum 0x2d
v8b899c12
~ld


6.01
 0h00:05.977 2022/12/09T05:36:46z: DS3231
 0h00:05.993 2022/12/09T05:36:46z: BME280 (0x76)
 0h00:06.007 2022/12/09T05:36:46z: 84:f3:eb:7d:7:a8
 0h00:06.009 2022/12/09T05:36:46z: SSID: MU Open
 0h00:06.014 2022/12/09T05:36:46z: AP_STAR tmr
 ets Jan  8 2013,rst cause:4, boot mode:(3,7)

wdt reset
load 0x4010f000, len 1384, room 16 
tail 8
chksum 0x2d
csum 0x2d
v8b899c12
~ld


6.01
 0h00:05.897 2022/12/09T05:56:54z: DS3231
 0h00:05.912 2022/12/09T05:56:54z: BME280 (0x76)
 0h00:05.926 2022/12/09T05:56:54z: 84:f3:eb:7d:7:a8
 0h00:05.928 2022/12/09T05:56:54z: SSID: MU Open
 0h00:05.933 2022/12/09T05:56:54z: AP_STAR tmr
 ets Jan  8 2013,rst cause:4, boot mode:(3,7)

wdt reset
load 0x4010f000, len 1384, room 16 
tail 8
chksum 0x2d
csum 0x2d
v8b899c12
~ld


6.01
 0h00:05.877 2022/12/09T06:17:01z: DS3231
 0h00:05.892 2022/12/09T06:17:01z: BME280 (0x76)
 0h00:05.907 2022/12/09T06:17:01z: 84:f3:eb:7d:7:a8
 0h00:05.908 2022/12/09T06:17:01z: SSID: MU Open
 0h00:05.913 2022/12/09T06:17:01z: AP_STAR tmr
 ets Jan  8 2013,rst cause:4, boot mode:(3,7)

wdt reset
load 0x4010f000, len 1384, room 16 
tail 8
chksum 0x2d
csum 0x2d
v8b899c12
~ld


6.01
 0h00:05.592 2022/12/09T06:37:08z: DS3231
 0h00:05.607 2022/12/09T06:37:08z: BME280 (0x76)
 0h00:05.622 2022/12/09T06:37:08z: 84:f3:eb:7d:7:a8
 0h00:05.623 2022/12/09T06:37:08z: SSID: MU Open
 0h00:05.628 2022/12/09T06:37:08z: AP_STAR tmr
 ets Jan  8 2013,rst cause:4, boot mode:(3,7)

wdt reset
load 0x4010f000, len 1384, room 16 
tail 8
chksum 0x2d
csum 0x2d
v8b899c12
~ld


6.01
 0h00:05.673 2022/12/09T06:57:14z: DS3231
 0h00:05.688 2022/12/09T06:57:14z: BME280 (0x76)
 0h00:05.702 2022/12/09T06:57:14z: 84:f3:eb:7d:7:a8
 0h00:05.704 2022/12/09T06:57:14z: SSID: MU Open
 0h00:05.709 2022/12/09T06:57:14z: AP_STAR tmr
 ets Jan  8 2013,rst cause:4, boot mode:(3,7)

wdt reset
load 0x4010f000, len 1384, room 16 
tail 8
chksum 0x2d
csum 0x2d
v8b899c12
~ld


6.01
 0h00:05.741 2022/12/09T07:17:21z: DS3231
 0h00:05.757 2022/12/09T07:17:21z: BME280 (0x76)
 0h00:05.771 2022/12/09T07:17:21z: 84:f3:eb:7d:7:a8
 0h00:05.772 2022/12/09T07:17:21z: SSID: MU Open
 0h00:05.778 2022/12/09T07:17:21z: AP_STAR tmr
 ets Jan  8 2013,rst cause:4, boot mode:(3,7)

wdt reset
load 0x4010f000, len 1384, room 16 
tail 8
chksum 0x2d
csum 0x2d
v8b899c12
~ld


6.01
 0h00:05.627 2022/12/09T07:37:27z: DS3231
 0h00:05.643 2022/12/09T07:37:27z: BME280 (0x76)
 0h00:05.657 2022/12/09T07:37:27z: 84:f3:eb:7d:7:a8
 0h00:05.658 2022/12/09T07:37:27z: SSID: MU Open
 0h00:05.664 2022/12/09T07:37:27z: AP_STAR tmr
 ets Jan  8 2013,rst cause:4, boot mode:(3,7)

wdt reset
load 0x4010f000, len 1384, room 16 
tail 8
chksum 0x2d
csum 0x2d
v8b899c12
~ld


6.01
 0h00:05.370 2022/12/09T07:57:34z: DS3231
 0h00:05.386 2022/12/09T07:57:34z: BME280 (0x76)
 0h00:05.400 2022/12/09T07:57:34z: 84:f3:eb:7d:7:a8
 0h00:05.402 2022/12/09T07:57:34z: SSID: MU Open
 0h00:05.407 2022/12/09T07:57:34z: AP_STAR tmr
 ets Jan  8 2013,rst cause:4, boot mode:(3,7)

wdt reset
load 0x4010f000, len 1384, room 16 
tail 8
chksum 0x2d
csum 0x2d
v8b899c12
~ld


6.01
 0h00:05.904 2022/12/09T08:17:41z: DS3231
 0h00:05.919 2022/12/09T08:17:41z: BME280 (0x76)
 0h00:05.933 2022/12/09T08:17:41z: 84:f3:eb:7d:7:a8
 0h00:05.935 2022/12/09T08:17:41z: SSID: MU Open
 0h00:05.940 2022/12/09T08:17:41z: AP_STAR tmr
 ets Jan  8 2013,rst cause:4, boot mode:(3,7)

wdt reset
load 0x4010f000, len 1384, room 16 
tail 8
chksum 0x2d
csum 0x2d
v8b899c12
~ld


6.01
 0h00:05.985 2022/12/09T08:37:48z: DS3231
 0h00:06.001 2022/12/09T08:37:48z: BME280 (0x76)
 0h00:06.015 2022/12/09T08:37:48z: 84:f3:eb:7d:7:a8
 0h00:06.017 2022/12/09T08:37:48z: SSID: MU Open
 0h00:06.022 2022/12/09T08:37:48z: AP_STAR tmr
 ets Jan  8 2013,rst cause:4, boot mode:(3,7)

wdt reset
load 0x4010f000, len 1384, room 16 
tail 8
chksum 0x2d
csum 0x2d
v8b899c12
~ld


6.01
 0h00:05.826 2022/12/09T08:57:55z: DS3231
 0h00:05.841 2022/12/09T08:57:55z: BME280 (0x76)
 0h00:05.855 2022/12/09T08:57:55z: 84:f3:eb:7d:7:a8
 0h00:05.857 2022/12/09T08:57:55z: SSID: MU Open
 0h00:05.862 2022/12/09T08:57:55z: AP_STAR tmr
 ets Jan  8 2013,rst cause:4, boot mode:(3,7)

wdt reset
load 0x4010f000, len 1384, room 16 
tail 8
chksum 0x2d
csum 0x2d
v8b899c12
~ld


6.01
 0h00:05.805 2022/12/09T09:18:01z: DS3231
 0h00:05.821 2022/12/09T09:18:01z: BME280 (0x76)
 0h00:05.835 2022/12/09T09:18:01z: 84:f3:eb:7d:7:a8
 0h00:05.836 2022/12/09T09:18:01z: SSID: MU Open
 0h00:05.842 2022/12/09T09:18:01z: AP_STAR tmr
 ets Jan  8 2013,rst cause:4, boot mode:(3,7)

wdt reset
load 0x4010f000, len 1384, room 16 
tail 8
chksum 0x2d
csum 0x2d
v8b899c12
~ld


6.01
 0h00:05.787 2022/12/09T09:38:08z: DS3231
 0h00:05.802 2022/12/09T09:38:08z: BME280 (0x76)
 0h00:05.816 2022/12/09T09:38:08z: 84:f3:eb:7d:7:a8
 0h00:05.818 2022/12/09T09:38:08z: SSID: MU Open
 0h00:05.823 2022/12/09T09:38:08z: AP_STAR tmr
 ets Jan  8 2013,rst cause:4, boot mode:(3,7)

wdt reset
load 0x4010f000, len 1384, room 16 
tail 8
chksum 0x2d
csum 0x2d
v8b899c12
~ld


6.01
 0h00:05.957 2022/12/09T09:58:15z: DS3231
 0h00:05.973 2022/12/09T09:58:15z: BME280 (0x76)
 0h00:05.987 2022/12/09T09:58:15z: 84:f3:eb:7d:7:a8
 0h00:05.989 2022/12/09T09:58:15z: SSID: MU Open
 0h00:05.994 2022/12/09T09:58:15z: AP_STAR tmr
 ets Jan  8 2013,rst cause:4, boot mode:(3,7)

wdt reset
load 0x4010f000, len 1384, room 16 
tail 8
chksum 0x2d
csum 0x2d
v8b899c12
~ld


6.01
 0h00:05.960 2022/12/09T10:18:22z: DS3231
 0h00:05.975 2022/12/09T10:18:22z: BME280 (0x76)
 0h00:05.990 2022/12/09T10:18:22z: 84:f3:eb:7d:7:a8
 0h00:05.991 2022/12/09T10:18:22z: SSID: MU Open
 0h00:05.996 2022/12/09T10:18:22z: AP_STAR tmr
 ets Jan  8 2013,rst cause:4, boot mode:(3,7)

wdt reset
load 0x4010f000, len 1384, room 16 
tail 8
chksum 0x2d
csum 0x2d
v8b899c12
~ld


6.01
 0h00:05.327 2022/12/09T10:38:29z: DS3231
 0h00:05.342 2022/12/09T10:38:29z: BME280 (0x76)
 0h00:05.356 2022/12/09T10:38:29z: 84:f3:eb:7d:7:a8
 0h00:05.358 2022/12/09T10:38:29z: SSID: MU Open
 0h00:05.363 2022/12/09T10:38:29z: AP_STAR tmr
 ets Jan  8 2013,rst cause:4, boot mode:(3,7)

wdt reset
load 0x4010f000, len 1384, room 16 
tail 8
chksum 0x2d
csum 0x2d
v8b899c12
~ld


6.01
 0h00:05.305 2022/12/09T10:58:35z: DS3231
 0h00:05.321 2022/12/09T10:58:35z: BME280 (0x76)
 0h00:05.335 2022/12/09T10:58:35z: 84:f3:eb:7d:7:a8
 0h00:05.337 2022/12/09T10:58:35z: SSID: MU Open
 0h00:05.342 2022/12/09T10:58:35z: AP_STAR tmr
 ets Jan  8 2013,rst cause:4, boot mode:(3,7)

wdt reset
load 0x4010f000, len 1384, room 16 
tail 8
chksum 0x2d
csum 0x2d
v8b899c12
~ld


6.01
 0h00:05.963 2022/12/09T11:18:42z: DS3231
 0h00:05.978 2022/12/09T11:18:42z: BME280 (0x76)
 0h00:05.992 2022/12/09T11:18:42z: 84:f3:eb:7d:7:a8
 0h00:05.994 2022/12/09T11:18:42z: SSID: MU Open
 0h00:05.999 2022/12/09T11:18:42z: AP_STAR tmr
 ets Jan  8 2013,rst cause:4, boot mode:(3,7)

wdt reset
load 0x4010f000, len 1384, room 16 
tail 8
chksum 0x2d
csum 0x2d
v8b899c12
~ld


6.01
 0h00:05.321 2022/12/09T11:38:48z: DS3231
 0h00:05.336 2022/12/09T11:38:48z: BME280 (0x76)
 0h00:05.350 2022/12/09T11:38:48z: 84:f3:eb:7d:7:a8
 0h00:05.352 2022/12/09T11:38:48z: SSID: MU Open
 0h00:05.357 2022/12/09T11:38:48z: AP_STAR tmr
 ets Jan  8 2013,rst cause:4, boot mode:(3,7)

wdt reset
load 0x4010f000, len 1384, room 16 
tail 8
chksum 0x2d
csum 0x2d
v8b899c12
~ld


6.01
 0h00:05.712 2022/12/09T11:58:54z: DS3231
 0h00:05.727 2022/12/09T11:58:54z: BME280 (0x76)
 0h00:05.741 2022/12/09T11:58:54z: 84:f3:eb:7d:7:a8
 0h00:05.743 2022/12/09T11:58:54z: SSID: MU Open
 0h00:05.748 2022/12/09T11:58:54z: AP_STAR tmr
 ets Jan  8 2013,rst cause:4, boot mode:(3,7)

wdt reset
load 0x4010f000, len 1384, room 16 
tail 8
chksum 0x2d
csum 0x2d
v8b899c12
~ld


6.01
 0h00:05.489 2022/12/09T12:19:01z: DS3231
 0h00:05.504 2022/12/09T12:19:01z: BME280 (0x76)
 0h00:05.519 2022/12/09T12:19:01z: 84:f3:eb:7d:7:a8
 0h00:05.520 2022/12/09T12:19:01z: SSID: MU Open
 0h00:05.525 2022/12/09T12:19:01z: AP_STAR tmr
 ets Jan  8 2013,rst cause:4, boot mode:(3,7)

wdt reset
load 0x4010f000, len 1384, room 16 
tail 8
chksum 0x2d
csum 0x2d
v8b899c12
~ld


6.01
 0h00:05.788 2022/12/09T12:39:08z: DS3231
 0h00:05.803 2022/12/09T12:39:08z: BME280 (0x76)
 0h00:05.818 2022/12/09T12:39:08z: 84:f3:eb:7d:7:a8
 0h00:05.819 2022/12/09T12:39:08z: SSID: MU Open
 0h00:05.824 2022/12/09T12:39:08z: AP_STAR tmr
 ets Jan  8 2013,rst cause:4, boot mode:(3,7)

wdt reset
load 0x4010f000, len 1384, room 16 
tail 8
chksum 0x2d
csum 0x2d
v8b899c12
~ld


6.01
 0h00:05.528 2022/12/09T12:59:14z: DS3231
 0h00:05.544 2022/12/09T12:59:14z: BME280 (0x76)
 0h00:05.558 2022/12/09T12:59:14z: 84:f3:eb:7d:7:a8
 0h00:05.560 2022/12/09T12:59:14z: SSID: MU Open
 0h00:05.565 2022/12/09T12:59:14z: AP_STAR tmr
 ets Jan  8 2013,rst cause:4, boot mode:(3,7)

wdt reset
load 0x4010f000, len 1384, room 16 
tail 8
chksum 0x2d
csum 0x2d
v8b899c12
~ld


6.01
 0h00:05.651 2022/12/09T13:19:21z: DS3231
 0h00:05.667 2022/12/09T13:19:21z: BME280 (0x76)
 0h00:05.681 2022/12/09T13:19:21z: 84:f3:eb:7d:7:a8
 0h00:05.682 2022/12/09T13:19:21z: SSID: MU Open
 0h00:05.688 2022/12/09T13:19:21z: AP_STAR tmr
 ets Jan  8 2013,rst cause:4, boot mode:(3,7)

wdt reset
load 0x4010f000, len 1384, room 16 
tail 8
chksum 0x2d
csum 0x2d
v8b899c12
~ld


6.01
 0h00:05.789 2022/12/09T13:39:28z: DS3231
 0h00:05.805 2022/12/09T13:39:28z: BME280 (0x76)
 0h00:05.819 2022/12/09T13:39:28z: 84:f3:eb:7d:7:a8
 0h00:05.821 2022/12/09T13:39:28z: SSID: MU Open
 0h00:05.826 2022/12/09T13:39:28z: AP_STAR tmr
 ets Jan  8 2013,rst cause:4, boot mode:(3,7)

wdt reset
load 0x4010f000, len 1384, room 16 
tail 8
chksum 0x2d
csum 0x2d
v8b899c12
~ld


6.01
 0h00:05.899 2022/12/09T13:59:36z: DS3231
 0h00:05.914 2022/12/09T13:59:36z: BME280 (0x76)
 0h00:05.929 2022/12/09T13:59:36z: 84:f3:eb:7d:7:a8
 0h00:05.930 2022/12/09T13:59:36z: SSID: MU Open
 0h00:05.935 2022/12/09T13:59:36z: AP_STAR tmr
 ets Jan  8 2013,rst cause:4, boot mode:(3,7)

wdt reset
load 0x4010f000, len 1384, room 16 
tail 8
chksum 0x2d
csum 0x2d
v8b899c12
~ld


6.01
 0h00:05.912 2022/12/09T14:19:43z: DS3231
 0h00:05.928 2022/12/09T14:19:43z: BME280 (0x76)
 0h00:05.942 2022/12/09T14:19:43z: 84:f3:eb:7d:7:a8
 0h00:05.944 2022/12/09T14:19:43z: SSID: MU Open
 0h00:05.949 2022/12/09T14:19:43z: AP_STAR tmr
 ets Jan  8 2013,rst cause:4, boot mode:(3,7)

wdt reset
load 0x4010f000, len 1384, room 16 
tail 8
chksum 0x2d
csum 0x2d
v8b899c12
~ld


6.01
 0h00:05.877 2022/12/09T14:39:50z: DS3231
 0h00:05.892 2022/12/09T14:39:50z: BME280 (0x76)
 0h00:05.906 2022/12/09T14:39:50z: 84:f3:eb:7d:7:a8
 0h00:05.908 2022/12/09T14:39:50z: SSID: MU Open
 0h00:05.913 2022/12/09T14:39:50z: AP_STAR tmr
 ets Jan  8 2013,rst cause:4, boot mode:(3,7)

wdt reset
load 0x4010f000, len 1384, room 16 
tail 8
chksum 0x2d
csum 0x2d
v8b899c12
~ld


6.01
 0h00:06.092 2022/12/09T14:59:56z: DS3231
 0h00:06.107 2022/12/09T14:59:56z: BME280 (0x76)
 0h00:06.121 2022/12/09T14:59:56z: 84:f3:eb:7d:7:a8
 0h00:06.123 2022/12/09T14:59:56z: SSID: MU Open
 0h00:06.128 2022/12/09T14:59:56z: AP_STAR tmr
 ets Jan  8 2013,rst cause:4, boot mode:(3,7)

wdt reset
load 0x4010f000, len 1384, room 16 
tail 8
chksum 0x2d
csum 0x2d
v8b899c12
~ld


6.01
 0h00:06.147 2022/12/09T15:20:04z: DS3231
 0h00:06.163 2022/12/09T15:20:04z: BME280 (0x76)
 0h00:06.177 2022/12/09T15:20:04z: 84:f3:eb:7d:7:a8
 0h00:06.179 2022/12/09T15:20:04z: SSID: MU Open
 0h00:06.184 2022/12/09T15:20:04z: AP_STAR tmr
 ets Jan  8 2013,rst cause:4, boot mode:(3,7)

wdt reset
load 0x4010f000, len 1384, room 16 
tail 8
chksum 0x2d
csum 0x2d
v8b899c12
~ld


6.01
 0h00:06.113 2022/12/09T15:40:12z: DS3231
 0h00:06.129 2022/12/09T15:40:12z: BME280 (0x76)
 0h00:06.143 2022/12/09T15:40:12z: 84:f3:eb:7d:7:a8
 0h00:06.145 2022/12/09T15:40:12z: SSID: MU Open
 0h00:06.150 2022/12/09T15:40:12z: AP_STAR tmr
 ets Jan  8 2013,rst cause:4, boot mode:(3,7)

wdt reset
load 0x4010f000, len 1384, room 16 
tail 8
chksum 0x2d
csum 0x2d
v8b899c12
~ld


6.01
 0h00:05.970 2022/12/09T16:00:19z: DS3231
 0h00:05.985 2022/12/09T16:00:19z: BME280 (0x76)
 0h00:05.999 2022/12/09T16:00:19z: 84:f3:eb:7d:7:a8
 0h00:06.001 2022/12/09T16:00:19z: SSID: MU Open
 0h00:06.006 2022/12/09T16:00:19z: AP_STAR tmr
 ets Jan  8 2013,rst cause:4, boot mode:(3,7)

wdt reset
load 0x4010f000, len 1384, room 16 
tail 8
chksum 0x2d
csum 0x2d
v8b899c12
~ld


6.01
 0h00:06.073 2022/12/09T16:20:27z: DS3231
 0h00:06.088 2022/12/09T16:20:27z: BME280 (0x76)
 0h00:06.103 2022/12/09T16:20:27z: 84:f3:eb:7d:7:a8
 0h00:06.104 2022/12/09T16:20:27z: SSID: MU Open
 0h00:06.109 2022/12/09T16:20:27z: AP_STAR tmr
 ets Jan  8 2013,rst cause:4, boot mode:(3,7)

wdt reset
load 0x4010f000, len 1384, room 16 
tail 8
chksum 0x2d
csum 0x2d
v8b899c12
~ld


6.01
 0h00:05.966 2022/12/09T16:40:34z: DS3231
 0h00:05.982 2022/12/09T16:40:34z: BME280 (0x76)
 0h00:05.996 2022/12/09T16:40:34z: 84:f3:eb:7d:7:a8
 0h00:05.998 2022/12/09T16:40:34z: SSID: MU Open
 0h00:06.003 2022/12/09T16:40:34z: AP_STAR tmr
 ets Jan  8 2013,rst cause:4, boot mode:(3,7)

wdt reset
load 0x4010f000, len 1384, room 16 
tail 8
chksum 0x2d
csum 0x2d
v8b899c12
~ld


6.01
 0h00:05.902 2022/12/09T17:00:41z: DS3231
 0h00:05.918 2022/12/09T17:00:41z: BME280 (0x76)
 0h00:05.932 2022/12/09T17:00:41z: 84:f3:eb:7d:7:a8
 0h00:05.934 2022/12/09T17:00:41z: SSID: MU Open
 0h00:05.939 2022/12/09T17:00:41z: AP_STAR tmr
 ets Jan  8 2013,rst cause:4, boot mode:(3,7)

wdt reset
load 0x4010f000, len 1384, room 16 
tail 8
chksum 0x2d
csum 0x2d
v8b899c12
~ld


6.01
 0h00:06.104 2022/12/09T17:20:49z: DS3231
 0h00:06.119 2022/12/09T17:20:49z: BME280 (0x76)
 0h00:06.133 2022/12/09T17:20:49z: 84:f3:eb:7d:7:a8
 0h00:06.135 2022/12/09T17:20:49z: SSID: MU Open
 0h00:06.140 2022/12/09T17:20:49z: AP_STAR tmr
 ets Jan  8 2013,rst cause:4, boot mode:(3,7)

wdt reset
load 0x4010f000, len 1384, room 16 
tail 8
chksum 0x2d
csum 0x2d
v8b899c12
~ld


6.01
 0h00:06.007 2022/12/09T17:40:57z: DS3231
 0h00:06.022 2022/12/09T17:40:57z: BME280 (0x76)
 0h00:06.036 2022/12/09T17:40:57z: 84:f3:eb:7d:7:a8
 0h00:06.038 2022/12/09T17:40:57z: SSID: MU Open
 0h00:06.043 2022/12/09T17:40:57z: AP_STAR tmr
 ets Jan  8 2013,rst cause:4, boot mode:(3,7)

wdt reset
load 0x4010f000, len 1384, room 16 
tail 8
chksum 0x2d
csum 0x2d
v8b899c12
~ld


6.01
 0h00:05.913 2022/12/09T18:01:04z: DS3231
 0h00:05.928 2022/12/09T18:01:04z: BME280 (0x76)
 0h00:05.942 2022/12/09T18:01:04z: 84:f3:eb:7d:7:a8
 0h00:05.944 2022/12/09T18:01:04z: SSID: MU Open
 0h00:05.949 2022/12/09T18:01:04z: AP_STAR tmr
 ets Jan  8 2013,rst cause:4, boot mode:(3,7)

wdt reset
load 0x4010f000, len 1384, room 16 
tail 8
chksum 0x2d
csum 0x2d
v8b899c12
~ld


6.01
 0h00:06.044 2022/12/09T18:21:11z: DS3231
 0h00:06.059 2022/12/09T18:21:11z: BME280 (0x76)
 0h00:06.073 2022/12/09T18:21:11z: 84:f3:eb:7d:7:a8
 0h00:06.075 2022/12/09T18:21:11z: SSID: MU Open
 0h00:06.080 2022/12/09T18:21:11z: AP_STAR tmr
 ets Jan  8 2013,rst cause:4, boot mode:(3,7)

wdt reset
load 0x4010f000, len 1384, room 16 
tail 8
chksum 0x2d
csum 0x2d
v8b899c12
~ld


6.01
 0h00:06.103 2022/12/09T18:41:18z: DS3231
 0h00:06.119 2022/12/09T18:41:18z: BME280 (0x76)
 0h00:06.133 2022/12/09T18:41:18z: 84:f3:eb:7d:7:a8
 0h00:06.134 2022/12/09T18:41:18z: SSID: MU Open
 0h00:06.140 2022/12/09T18:41:18z: AP_STAR tmr
 ets Jan  8 2013,rst cause:4, boot mode:(3,7)

wdt reset
load 0x4010f000, len 1384, room 16 
tail 8
chksum 0x2d
csum 0x2d
v8b899c12
~ld


6.01
 0h00:06.406 2022/12/09T19:01:25z: DS3231
 0h00:06.422 2022/12/09T19:01:25z: BME280 (0x76)
 0h00:06.436 2022/12/09T19:01:25z: 84:f3:eb:7d:7:a8
 0h00:06.437 2022/12/09T19:01:25z: SSID: MU Open
 0h00:06.443 2022/12/09T19:01:25z: AP_STAR tmr
 ets Jan  8 2013,rst cause:4, boot mode:(3,7)

wdt reset
load 0x4010f000, len 1384, room 16 
tail 8
chksum 0x2d
csum 0x2d
v8b899c12
~ld


6.01
 0h00:06.300 2022/12/09T19:21:34z: DS3231
 0h00:06.315 2022/12/09T19:21:34z: BME280 (0x76)
 0h00:06.329 2022/12/09T19:21:34z: 84:f3:eb:7d:7:a8
 0h00:06.331 2022/12/09T19:21:34z: SSID: MU Open
 0h00:06.336 2022/12/09T19:21:34z: AP_STAR tmr
 ets Jan  8 2013,rst cause:4, boot mode:(3,7)

wdt reset
load 0x4010f000, len 1384, room 16 
tail 8
chksum 0x2d
csum 0x2d
v8b899c12
~ld


6.01
 0h00:06.013 2022/12/09T19:41:41z: DS3231
 0h00:06.029 2022/12/09T19:41:41z: BME280 (0x76)
 0h00:06.043 2022/12/09T19:41:41z: 84:f3:eb:7d:7:a8
 0h00:06.045 2022/12/09T19:41:41z: SSID: MU Open
 0h00:06.050 2022/12/09T19:41:41z: AP_STAR tmr
 ets Jan  8 2013,rst cause:4, boot mode:(3,7)

wdt reset
load 0x4010f000, len 1384, room 16 
tail 8
chksum 0x2d
csum 0x2d
v8b899c12
~ld


6.01
 0h00:06.024 2022/12/09T20:01:49z: DS3231
 0h00:06.040 2022/12/09T20:01:49z: BME280 (0x76)
 0h00:06.054 2022/12/09T20:01:49z: 84:f3:eb:7d:7:a8
 0h00:06.056 2022/12/09T20:01:49z: SSID: MU Open
 0h00:06.061 2022/12/09T20:01:49z: AP_STAR tmr
 ets Jan  8 2013,rst cause:4, boot mode:(3,7)

wdt reset
load 0x4010f000, len 1384, room 16 
tail 8
chksum 0x2d
csum 0x2d
v8b899c12
~ld


6.01
 0h00:06.148 2022/12/09T20:21:56z: DS3231
 0h00:06.164 2022/12/09T20:21:56z: BME280 (0x76)
 0h00:06.178 2022/12/09T20:21:56z: 84:f3:eb:7d:7:a8
 0h00:06.180 2022/12/09T20:21:56z: SSID: MU Open
 0h00:06.185 2022/12/09T20:21:56z: AP_STAR tmr
 ets Jan  8 2013,rst cause:4, boot mode:(3,7)

wdt reset
load 0x4010f000, len 1384, room 16 
tail 8
chksum 0x2d
csum 0x2d
v8b899c12
~ld


6.01
 0h00:06.114 2022/12/09T20:42:03z: DS3231
 0h00:06.130 2022/12/09T20:42:03z: BME280 (0x76)
 0h00:06.144 2022/12/09T20:42:03z: 84:f3:eb:7d:7:a8
 0h00:06.145 2022/12/09T20:42:03z: SSID: MU Open
 0h00:06.151 2022/12/09T20:42:03z: AP_STAR tmr
 ets Jan  8 2013,rst cause:4, boot mode:(3,7)

wdt reset
load 0x4010f000, len 1384, room 16 
tail 8
chksum 0x2d
csum 0x2d
v8b899c12
~ld


6.01
 0h00:06.153 2022/12/09T21:02:10z: DS3231
 0h00:06.168 2022/12/09T21:02:10z: BME280 (0x76)
 0h00:06.182 2022/12/09T21:02:10z: 84:f3:eb:7d:7:a8
 0h00:06.184 2022/12/09T21:02:10z: SSID: MU Open
 0h00:06.189 2022/12/09T21:02:10z: AP_STAR tmr
 ets Jan  8 2013,rst cause:4, boot mode:(3,7)

wdt reset
load 0x4010f000, len 1384, room 16 
tail 8
chksum 0x2d
csum 0x2d
v8b899c12
~ld


6.01
 0h00:05.948 2022/12/09T21:22:17z: DS3231
 0h00:05.963 2022/12/09T21:22:17z: BME280 (0x76)
 0h00:05.977 2022/12/09T21:22:17z: 84:f3:eb:7d:7:a8
 0h00:05.979 2022/12/09T21:22:17z: SSID: MU Open
 0h00:05.984 2022/12/09T21:22:17z: AP_STAR tmr
 ets Jan  8 2013,rst cause:4, boot mode:(3,7)

wdt reset
load 0x4010f000, len 1384, room 16 
tail 8
chksum 0x2d
csum 0x2d
v8b899c12
~ld


6.01
 0h00:06.051 2022/12/09T21:42:24z: DS3231
 0h00:06.066 2022/12/09T21:42:24z: BME280 (0x76)
 0h00:06.081 2022/12/09T21:42:24z: 84:f3:eb:7d:7:a8
 0h00:06.082 2022/12/09T21:42:24z: SSID: MU Open
 0h00:06.087 2022/12/09T21:42:24z: AP_STAR tmr
 ets Jan  8 2013,rst cause:4, boot mode:(3,7)

wdt reset
load 0x4010f000, len 1384, room 16 
tail 8
chksum 0x2d
csum 0x2d
v8b899c12
~ld


6.01
 0h00:06.000 2022/12/09T22:02:33z: DS3231
 0h00:06.016 2022/12/09T22:02:33z: BME280 (0x76)
 0h00:06.030 2022/12/09T22:02:33z: 84:f3:eb:7d:7:a8
 0h00:06.032 2022/12/09T22:02:33z: SSID: MU Open
 0h00:06.037 2022/12/09T22:02:33z: AP_STAR tmr
 ets Jan  8 2013,rst cause:4, boot mode:(3,7)

wdt reset
load 0x4010f000, len 1384, room 16 
tail 8
chksum 0x2d
csum 0x2d
v8b899c12
~ld


6.01
 0h00:05.581 2022/12/09T22:22:39z: DS3231
 0h00:05.596 2022/12/09T22:22:39z: BME280 (0x76)
 0h00:05.610 2022/12/09T22:22:39z: 84:f3:eb:7d:7:a8
 0h00:05.612 2022/12/09T22:22:39z: SSID: MU Open
 0h00:05.617 2022/12/09T22:22:39z: AP_STAR tmr
 ets Jan  8 2013,rst cause:4, boot mode:(3,7)

wdt reset
load 0x4010f000, len 1384, room 16 
tail 8
chksum 0x2d
csum 0x2d
v8b899c12
~ld


6.01
 0h00:05.682 2022/12/09T22:42:46z: DS3231
 0h00:05.697 2022/12/09T22:42:46z: BME280 (0x76)
 0h00:05.711 2022/12/09T22:42:46z: 84:f3:eb:7d:7:a8
 0h00:05.713 2022/12/09T22:42:46z: SSID: MU Open
 0h00:05.718 2022/12/09T22:42:46z: AP_STAR tmr
 ets Jan  8 2013,rst cause:4, boot mode:(3,7)

wdt reset
load 0x4010f000, len 1384, room 16 
tail 8
chksum 0x2d
csum 0x2d
v8b899c12
~ld


6.01
 0h00:06.033 2022/12/09T23:02:54z: DS3231
 0h00:06.048 2022/12/09T23:02:54z: BME280 (0x76)
 0h00:06.063 2022/12/09T23:02:54z: 84:f3:eb:7d:7:a8
 0h00:06.064 2022/12/09T23:02:54z: SSID: MU Open
 0h00:06.069 2022/12/09T23:02:54z: AP_STAR tmr
 ets Jan  8 2013,rst cause:4, boot mode:(3,7)

wdt reset
load 0x4010f000, len 1384, room 16 
tail 8
chksum 0x2d
csum 0x2d
v8b899c12
~ld


6.01
 0h00:05.847 2022/12/09T23:23:00z: DS3231
 0h00:05.862 2022/12/09T23:23:00z: BME280 (0x76)
 0h00:05.877 2022/12/09T23:23:00z: 84:f3:eb:7d:7:a8
 0h00:05.878 2022/12/09T23:23:00z: SSID: MU Open
 0h00:05.884 2022/12/09T23:23:00z: AP_STAR tmr
 ets Jan  8 2013,rst cause:4, boot mode:(3,7)

wdt reset
load 0x4010f000, len 1384, room 16 
tail 8
chksum 0x2d
csum 0x2d
v8b899c12
~ld


6.01
 0h00:05.584 2022/12/09T23:43:06z: DS3231
 0h00:05.599 2022/12/09T23:43:06z: BME280 (0x76)
 0h00:05.613 2022/12/09T23:43:06z: 84:f3:eb:7d:7:a8
 0h00:05.615 2022/12/09T23:43:06z: SSID: MU Open
 0h00:05.620 2022/12/09T23:43:06z: AP_STA