R tmr
 ets Jan  8 2013,rst cause:4, boot mode:(3,7)

wdt reset
load 0x4010f000, len 1384, room 16 
tail 8
chksum 0x2d
csum 0x2d
v8b899c12
~ld


6.01
 0h00:06.030 2022/11/12T00:12:23z: DS3231
 0h00:06.045 2022/11/12T00:12:23z: BME280 (0x76)
 0h00:06.059 2022/11/12T00:12:23z: 84:f3:eb:7d:7:a8
 0h00:06.061 2022/11/12T00:12:23z: SSID: MU Open
 0h00:06.066 2022/11/12T00:12:23z: AP_STAR tmr
 ets Jan  8 2013,rst cause:4, boot mode:(3,7)

wdt reset
load 0x4010f000, len 1384, room 16 
tail 8
chksum 0x2d
csum 0x2d
v8b899c12
~ld


6.01
 0h00:06.219 2022/11/12T00:32:31z: DS3231
 0h00:06.235 2022/11/12T00:32:31z: BME280 (0x76)
 0h00:06.249 2022/11/12T00:32:31z: 84:f3:eb:7d:7:a8
 0h00:06.250 2022/11/12T00:32:31z: SSID: MU Open
 0h00:06.256 2022/11/12T00:32:31z: AP_STAR tmr
 ets Jan  8 2013,rst cause:4, boot mode:(3,7)

wdt reset
load 0x4010f000, len 1384, room 16 
tail 8
chksum 0x2d
csum 0x2d
v8b899c12
~ld


6.01
 0h00:05.988 2022/11/12T00:52:38z: DS3231
 0h00:06.003 2022/11/12T00:52:38z: BME280 (0x76)
 0h00:06.018 2022/11/12T00:52:38z: 84:f3:eb:7d:7:a8
 0h00:06.019 2022/11/12T00:52:38z: SSID: MU Open
 0h00:06.024 2022/11/12T00:52:38z: AP_STAR tmr
 ets Jan  8 2013,rst cause:4, boot mode:(3,7)

wdt reset
load 0x4010f000, len 1384, room 16 
tail 8
chksum 0x2d
csum 0x2d
v8b899c12
~ld


6.01
 0h00:06.101 2022/11/12T01:12:45z: DS3231
 0h00:06.116 2022/11/12T01:12:45z: BME280 (0x76)
 0h00:06.130 2022/11/12T01:12:45z: 84:f3:eb:7d:7:a8
 0h00:06.132 2022/11/12T01:12:45z: SSID: MU Open
 0h00:06.137 2022/11/12T01:12:45z: AP_STAR tmr
 ets Jan  8 2013,rst cause:4, boot mode:(3,7)

wdt reset
load 0x4010f000, len 1384, room 16 
tail 8
chksum 0x2d
csum 0x2d
v8b899c12
~ld


6.01
 0h00:05.684 2022/11/12T01:32:52z: DS3231
 0h00:05.699 2022/11/12T01:32:52z: BME280 (0x76)
 0h00:05.714 2022/11/12T01:32:52z: 84:f3:eb:7d:7:a8
 0h00:05.715 2022/11/12T01:32:52z: SSID: MU Open
 0h00:05.720 2022/11/12T01:32:52z: AP_STAR tmr
 ets Jan  8 2013,rst cause:4, boot mode:(3,7)

wdt reset
load 0x4010f000, len 1384, room 16 
tail 8
chksum 0x2d
csum 0x2d
v8b899c12
~ld


6.01
 0h00:05.815 2022/11/12T01:52:59z: DS3231
 0h00:05.831 2022/11/12T01:52:59z: BME280 (0x76)
 0h00:05.845 2022/11/12T01:52:59z: 84:f3:eb:7d:7:a8
 0h00:05.846 2022/11/12T01:52:59z: SSID: MU Open
 0h00:05.852 2022/11/12T01:52:59z: AP_STAR tmr
 ets Jan  8 2013,rst cause:4, boot mode:(3,7)

wdt reset
load 0x4010f000, len 1384, room 16 
tail 8
chksum 0x2d
csum 0x2d
v8b899c12
~ld


6.01
 0h00:05.979 2022/11/12T02:13:06z: DS3231
 0h00:05.995 2022/11/12T02:13:06z: BME280 (0x76)
 0h00:06.009 2022/11/12T02:13:06z: 84:f3:eb:7d:7:a8
 0h00:06.010 2022/11/12T02:13:06z: SSID: MU Open
 0h00:06.016 2022/11/12T02:13:06z: AP_STAR tmr
 ets Jan  8 2013,rst cause:4, boot mode:(3,7)

wdt reset
load 0x4010f000, len 1384, room 16 
tail 8
chksum 0x2d
csum 0x2d
v8b899c12
~ld


6.01
 0h00:06.081 2022/11/12T02:33:13z: DS3231
 0h00:06.096 2022/11/12T02:33:13z: BME280 (0x76)
 0h00:06.111 2022/11/12T02:33:13z: 84:f3:eb:7d:7:a8
 0h00:06.112 2022/11/12T02:33:13z: SSID: MU Open
 0h00:06.117 2022/11/12T02:33:13z: AP_STAR tmr
 ets Jan  8 2013,rst cause:4, boot mode:(3,7)

wdt reset
load 0x4010f000, len 1384, room 16 
tail 8
chksum 0x2d
csum 0x2d
v8b899c12
~ld


6.01
 0h00:05.171 2022/11/12T02:53:19z: DS3231
 0h00:05.187 2022/11/12T02:53:19z: BME280 (0x76)
 0h00:05.201 2022/11/12T02:53:19z: 84:f3:eb:7d:7:a8
 0h00:05.203 2022/11/12T02:53:19z: SSID: MU Open
 0h00:05.208 2022/11/12T02:53:19z: AP_STAR tmr
 ets Jan  8 2013,rst cause:4, boot mode:(3,7)

wdt reset
load 0x4010f000, len 1384, room 16 
tail 8
chksum 0x2d
csum 0x2d
v8b899c12
~ld


6.01
 0h00:05.840 2022/11/12T03:13:25z: DS3231
 0h00:05.855 2022/11/12T03:13:25z: BME280 (0x76)
 0h00:05.870 2022/11/12T03:13:25z: 84:f3:eb:7d:7:a8
 0h00:05.871 2022/11/12T03:13:25z: SSID: MU Open
 0h00:05.876 2022/11/12T03:13:25z: AP_STAR tmr
 ets Jan  8 2013,rst cause:4, boot mode:(3,7)

wdt reset
load 0x4010f000, len 1384, room 16 
tail 8
chksum 0x2d
csum 0x2d
v8b899c12
~ld


6.01
 0h00:05.559 2022/11/12T03:33:32z: DS3231
 0h00:05.574 2022/11/12T03:33:32z: BME280 (0x76)
 0h00:05.588 2022/11/12T03:33:32z: 84:f3:eb:7d:7:a8
 0h00:05.590 2022/11/12T03:33:32z: SSID: MU Open
 0h00:05.595 2022/11/12T03:33:32z: AP_STAR tmr
 ets Jan  8 2013,rst cause:4, boot mode:(3,7)

wdt reset
load 0x4010f000, len 1384, room 16 
tail 8
chksum 0x2d
csum 0x2d
v8b899c12
~ld


6.01
 0h00:05.709 2022/11/12T03:53:38z: DS3231
 0h00:05.725 2022/11/12T03:53:38z: BME280 (0x76)
 0h00:05.739 2022/11/12T03:53:38z: 84:f3:eb:7d:7:a8
 0h00:05.741 2022/11/12T03:53:38z: SSID: MU Open
 0h00:05.746 2022/11/12T03:53:38z: AP_STAR tmr
 ets Jan  8 2013,rst cause:4, boot mode:(3,7)

wdt reset
load 0x4010f000, len 1384, room 16 
tail 8
chksum 0x2d
csum 0x2d
v8b899c12
~ld


6.01
 0h00:05.933 2022/11/12T04:13:44z: DS3231
 0h00:05.949 2022/11/12T04:13:44z: BME280 (0x76)
 0h00:05.963 2022/11/12T04:13:44z: 84:f3:eb:7d:7:a8
 0h00:05.964 2022/11/12T04:13:44z: SSID: MU Open
 0h00:05.970 2022/11/12T04:13:44z: AP_STAR tmr
 ets Jan  8 2013,rst cause:4, boot mode:(3,7)

wdt reset
load 0x4010f000, len 1384, room 16 
tail 8
chksum 0x2d
csum 0x2d
v8b899c12
~ld


6.01
 0h00:06.100 2022/11/12T04:33:51z: DS3231
 0h00:06.115 2022/11/12T04:33:51z: BME280 (0x76)
 0h00:06.129 2022/11/12T04:33:51z: 84:f3:eb:7d:7:a8
 0h00:06.131 2022/11/12T04:33:51z: SSID: MU Open
 0h00:06.136 2022/11/12T04:33:51z: AP_STAR tmr
 ets Jan  8 2013,rst cause:4, boot mode:(3,7)

wdt reset
load 0x4010f000, len 1384, room 16 
tail 8
chksum 0x2d
csum 0x2d
v8b899c12
~ld


6.01
 0h00:05.707 2022/11/12T04:53:58z: DS3231
 0h00:05.722 2022/11/12T04:53:58z: BME280 (0x76)
 0h00:05.736 2022/11/12T04:53:58z: 84:f3:eb:7d:7:a8
 0h00:05.738 2022/11/12T04:53:58z: SSID: MU Open
 0h00:05.743 2022/11/12T04:53:58z: AP_STAR tmr
 ets Jan  8 2013,rst cause:4, boot mode:(3,7)

wdt reset
load 0x4010f000, len 1384, room 16 
tail 8
chksum 0x2d
csum 0x2d
v8b899c12
~ld


6.01
 0h00:06.061 2022/11/12T05:14:05z: DS3231
 0h00:06.076 2022/11/12T05:14:05z: BME280 (0x76)
 0h00:06.091 2022/11/12T05:14:05z: 84:f3:eb:7d:7:a8
 0h00:06.092 2022/11/12T05:14:05z: SSID: MU Open
 0h00:06.097 2022/11/12T05:14:05z: AP_STAR tmr
 ets Jan  8 2013,rst cause:4, boot mode:(3,7)

wdt reset
load 0x4010f000, len 1384, room 16 
tail 8
chksum 0x2d
csum 0x2d
v8b899c12
~ld


6.01
 0h00:06.465 2022/11/12T05:34:13z: DS3231
 0h00:06.480 2022/11/12T05:34:13z: BME280 (0x76)
 0h00:06.495 2022/11/12T05:34:13z: 84:f3:eb:7d:7:a8
 0h00:06.496 2022/11/12T05:34:13z: SSID: MU Open
 0h00:06.501 2022/11/12T05:34:13z: AP_STAR tmr
 ets Jan  8 2013,rst cause:4, boot mode:(3,7)

wdt reset
load 0x4010f000, len 1384, room 16 
tail 8
chksum 0x2d
csum 0x2d
v8b899c12
~ld


6.01
 0h00:06.262 2022/11/12T05:54:21z: DS3231
 0h00:06.277 2022/11/12T05:54:21z: BME280 (0x76)
 0h00:06.291 2022/11/12T05:54:21z: 84:f3:eb:7d:7:a8
 0h00:06.293 2022/11/12T05:54:21z: SSID: MU Open
 0h00:06.298 2022/11/12T05:54:21z: AP_STAR tmr
 ets Jan  8 2013,rst cause:4, boot mode:(3,7)

wdt reset
load 0x4010f000, len 1384, room 16 
tail 8
chksum 0x2d
csum 0x2d
v8b899c12
~ld


6.01
 0h00:06.133 2022/11/12T06:14:29z: DS3231
 0h00:06.149 2022/11/12T06:14:29z: BME280 (0x76)
 0h00:06.163 2022/11/12T06:14:29z: 84:f3:eb:7d:7:a8
 0h00:06.165 2022/11/12T06:14:29z: SSID: MU Open
 0h00:06.170 2022/11/12T06:14:29z: AP_STAR tmr
 ets Jan  8 2013,rst cause:4, boot mode:(3,7)

wdt reset
load 0x4010f000, len 1384, room 16 
tail 8
chksum 0x2d
csum 0x2d
v8b899c12
~ld


6.01
 0h00:06.392 2022/11/12T06:34:37z: DS3231
 0h00:06.407 2022/11/12T06:34:37z: BME280 (0x76)
 0h00:06.421 2022/11/12T06:34:37z: 84:f3:eb:7d:7:a8
 0h00:06.423 2022/11/12T06:34:37z: SSID: MU Open
 0h00:06.428 2022/11/12T06:34:37z: AP_STAR tmr
 ets Jan  8 2013,rst cause:4, boot mode:(3,7)

wdt reset
load 0x4010f000, len 1384, room 16 
tail 8
chksum 0x2d
csum 0x2d
v8b899c12
~ld


6.01
 0h00:06.376 2022/11/12T06:54:45z: DS3231
 0h00:06.391 2022/11/12T06:54:45z: BME280 (0x76)
 0h00:06.405 2022/11/12T06:54:45z: 84:f3:eb:7d:7:a8
 0h00:06.407 2022/11/12T06:54:45z: SSID: MU Open
 0h00:06.412 2022/11/12T06:54:45z: AP_STAR tmr
 ets Jan  8 2013,rst cause:4, boot mode:(3,7)

wdt reset
load 0x4010f000, len 1384, room 16 
tail 8
chksum 0x2d
csum 0x2d
v8b899c12
~ld


6.01
 0h00:06.249 2022/11/12T07:14:52z: DS3231
 0h00:06.264 2022/11/12T07:14:52z: BME280 (0x76)
 0h00:06.278 2022/11/12T07:14:52z: 84:f3:eb:7d:7:a8
 0h00:06.280 2022/11/12T07:14:52z: SSID: MU Open
 0h00:06.285 2022/11/12T07:14:52z: AP_STAR tmr
 ets Jan  8 2013,rst cause:4, boot mode:(3,7)

wdt reset
load 0x4010f000, len 1384, room 16 
tail 8
chksum 0x2d
csum 0x2d
v8b899c12
~ld


6.01
 0h00:06.320 2022/11/12T07:35:00z: DS3231
 0h00:06.335 2022/11/12T07:35:00z: BME280 (0x76)
 0h00:06.349 2022/11/12T07:35:00z: 84:f3:eb:7d:7:a8
 0h00:06.351 2022/11/12T07:35:00z: SSID: MU Open
 0h00:06.356 2022/11/12T07:35:00z: AP_STAR tmr
 ets Jan  8 2013,rst cause:4, boot mode:(3,7)

wdt reset
load 0x4010f000, len 1384, room 16 
tail 8
chksum 0x2d
csum 0x2d
v8b899c12
~ld


6.01
 0h00:06.316 2022/11/12T07:55:07z: DS3231
 0h00:06.331 2022/11/12T07:55:07z: BME280 (0x76)
 0h00:06.345 2022/11/12T07:55:07z: 84:f3:eb:7d:7:a8
 0h00:06.347 2022/11/12T07:55:07z: SSID: MU Open
 0h00:06.352 2022/11/12T07:55:07z: AP_STAR tmr
 ets Jan  8 2013,rst cause:4, boot mode:(3,7)

wdt reset
load 0x4010f000, len 1384, room 16 
tail 8
chksum 0x2d
csum 0x2d
v8b899c12
~ld


6.01
 0h00:06.426 2022/11/12T08:15:15z: DS3231
 0h00:06.441 2022/11/12T08:15:15z: BME280 (0x76)
 0h00:06.455 2022/11/12T08:15:15z: 84:f3:eb:7d:7:a8
 0h00:06.457 2022/11/12T08:15:15z: SSID: MU Open
 0h00:06.462 2022/11/12T08:15:15z: AP_STAR tmr
 ets Jan  8 2013,rst cause:4, boot mode:(3,7)

wdt reset
load 0x4010f000, len 1384, room 16 
tail 8
chksum 0x2d
csum 0x2d
v8b899c12
~ld


6.01
 0h00:06.005 2022/11/12T08:35:23z: DS3231
 0h00:06.020 2022/11/12T08:35:23z: BME280 (0x76)
 0h00:06.034 2022/11/12T08:35:23z: 84:f3:eb:7d:7:a8
 0h00:06.036 2022/11/12T08:35:23z: SSID: MU Open
 0h00:06.041 2022/11/12T08:35:23z: AP_STAR tmr
 ets Jan  8 2013,rst cause:4, boot mode:(3,7)

wdt reset
load 0x4010f000, len 1384, room 16 
tail 8
chksum 0x2d
csum 0x2d
v8b899c12
~ld


6.01
 0h00:06.290 2022/11/12T08:55:31z: DS3231
 0h00:06.305 2022/11/12T08:55:31z: BME280 (0x76)
 0h00:06.319 2022/11/12T08:55:31z: 84:f3:eb:7d:7:a8
 0h00:06.321 2022/11/12T08:55:31z: SSID: MU Open
 0h00:06.326 2022/11/12T08:55:31z: AP_STAR tmr
 ets Jan  8 2013,rst cause:4, boot mode:(3,7)

wdt reset
load 0x4010f000, len 1384, room 16 
tail 8
chksum 0x2d
csum 0x2d
v8b899c12
~ld


6.01
 0h00:06.456 2022/11/12T09:15:40z: DS3231
 0h00:06.472 2022/11/12T09:15:40z: BME280 (0x76)
 0h00:06.486 2022/11/12T09:15:40z: 84:f3:eb:7d:7:a8
 0h00:06.488 2022/11/12T09:15:40z: SSID: MU Open
 0h00:06.493 2022/11/12T09:15:40z: AP_STAR tmr
 ets Jan  8 2013,rst cause:4, boot mode:(3,7)

wdt reset
load 0x4010f000, len 1384, room 16 
tail 8
chksum 0x2d
csum 0x2d
v8b899c12
~ld


6.01
 0h00:06.195 2022/11/12T09:35:48z: DS3231
 0h00:06.211 2022/11/12T09:35:48z: BME280 (0x76)
 0h00:06.225 2022/11/12T09:35:48z: 84:f3:eb:7d:7:a8
 0h00:06.227 2022/11/12T09:35:48z: SSID: MU Open
 0h00:06.232 2022/11/12T09:35:48z: AP_STAR tmr
 ets Jan  8 2013,rst cause:4, boot mode:(3,7)

wdt reset
load 0x4010f000, len 1384, room 16 
tail 8
chksum 0x2d
csum 0x2d
v8b899c12
~ld


6.01
 0h00:06.035 2022/11/12T09:55:56z: DS3231
 0h00:06.050 2022/11/12T09:55:56z: BME280 (0x76)
 0h00:06.064 2022/11/12T09:55:56z: 84:f3:eb:7d:7:a8
 0h00:06.066 2022/11/12T09:55:56z: SSID: MU Open
 0h00:06.071 2022/11/12T09:55:56z: AP_STAR tmr
 ets Jan  8 2013,rst cause:4, boot mode:(3,7)

wdt reset
load 0x4010f000, len 1384, room 16 
tail 8
chksum 0x2d
csum 0x2d
v8b899c12
~ld


6.01
 0h00:06.470 2022/11/12T10:16:04z: DS3231
 0h00:06.485 2022/11/12T10:16:04z: BME280 (0x76)
 0h00:06.499 2022/11/12T10:16:04z: 84:f3:eb:7d:7:a8
 0h00:06.501 2022/11/12T10:16:04z: SSID: MU Open
 0h00:06.506 2022/11/12T10:16:04z: AP_STAR tmr
 ets Jan  8 2013,rst cause:4, boot mode:(3,7)

wdt reset
load 0x4010f000, len 1384, room 16 
tail 8
chksum 0x2d
csum 0x2d
v8b899c12
~ld


6.01
 0h00:06.296 2022/11/12T10:36:12z: DS3231
 0h00:06.311 2022/11/12T10:36:12z: BME280 (0x76)
 0h00:06.325 2022/11/12T10:36:12z: 84:f3:eb:7d:7:a8
 0h00:06.327 2022/11/12T10:36:12z: SSID: MU Open
 0h00:06.332 2022/11/12T10:36:12z: AP_STAR tmr
 ets Jan  8 2013,rst cause:4, boot mode:(3,7)

wdt reset
load 0x4010f000, len 1384, room 16 
tail 8
chksum 0x2d
csum 0x2d
v8b899c12
~ld


6.01
 0h00:06.471 2022/11/12T10:56:19z: DS3231
 0h00:06.486 2022/11/12T10:56:19z: BME280 (0x76)
 0h00:06.500 2022/11/12T10:56:19z: 84:f3:eb:7d:7:a8
 0h00:06.502 2022/11/12T10:56:19z: SSID: MU Open
 0h00:06.507 2022/11/12T10:56:19z: AP_STAR tmr
 ets Jan  8 2013,rst cause:4, boot mode:(3,7)

wdt reset
load 0x4010f000, len 1384, room 16 
tail 8
chksum 0x2d
csum 0x2d
v8b899c12
~ld


6.01
 0h00:06.610 2022/11/12T11:16:27z: DS3231
 0h00:06.625 2022/11/12T11:16:27z: BME280 (0x76)
 0h00:06.639 2022/11/12T11:16:27z: 84:f3:eb:7d:7:a8
 0h00:06.641 2022/11/12T11:16:27z: SSID: MU Open
 0h00:06.646 2022/11/12T11:16:27z: AP_STAR tmr
 ets Jan  8 2013,rst cause:4, boot mode:(3,7)

wdt reset
load 0x4010f000, len 1384, room 16 
tail 8
chksum 0x2d
csum 0x2d
v8b899c12
~ld


6.01
 0h00:05.950 2022/11/12T11:36:35z: DS3231
 0h00:05.965 2022/11/12T11:36:35z: BME280 (0x76)
 0h00:05.979 2022/11/12T11:36:35z: 84:f3:eb:7d:7:a8
 0h00:05.981 2022/11/12T11:36:35z: SSID: MU Open
 0h00:05.986 2022/11/12T11:36:35z: AP_STAR tmr
 ets Jan  8 2013,rst cause:4, boot mode:(3,7)

wdt reset
load 0x4010f000, len 1384, room 16 
tail 8
chksum 0x2d
csum 0x2d
v8b899c12
~ld


6.01
 0h00:06.292 2022/11/12T11:56:43z: DS3231
 0h00:06.307 2022/11/12T11:56:43z: BME280 (0x76)
 0h00:06.321 2022/11/12T11:56:43z: 84:f3:eb:7d:7:a8
 0h00:06.323 2022/11/12T11:56:43z: SSID: MU Open
 0h00:06.328 2022/11/12T11:56:43z: AP_STAR tmr
 ets Jan  8 2013,rst cause:4, boot mode:(3,7)

wdt reset
load 0x4010f000, len 1384, room 16 
tail 8
chksum 0x2d
csum 0x2d
v8b899c12
~ld


6.01
 0h00:06.348 2022/11/12T12:16:51z: DS3231
 0h00:06.363 2022/11/12T12:16:51z: BME280 (0x76)
 0h00:06.377 2022/11/12T12:16:51z: 84:f3:eb:7d:7:a8
 0h00:06.379 2022/11/12T12:16:51z: SSID: MU Open
 0h00:06.384 2022/11/12T12:16:51z: AP_STAR tmr
 ets Jan  8 2013,rst cause:4, boot mode:(3,7)

wdt reset
load 0x4010f000, len 1384, room 16 
tail 8
chksum 0x2d
csum 0x2d
v8b899c12
~ld


6.01
 0h00:06.071 2022/11/12T12:36:59z: DS3231
 0h00:06.086 2022/11/12T12:36:59z: BME280 (0x76)
 0h00:06.100 2022/11/12T12:36:59z: 84:f3:eb:7d:7:a8
 0h00:06.102 2022/11/12T12:36:59z: SSID: MU Open
 0h00:06.107 2022/11/12T12:36:59z: AP_STAR tmr
 ets Jan  8 2013,rst cause:4, boot mode:(3,7)

wdt reset
load 0x4010f000, len 1384, room 16 
tail 8
chksum 0x2d
csum 0x2d
v8b899c12
~ld


6.01
 0h00:06.597 2022/11/12T12:57:07z: DS3231
 0h00:06.612 2022/11/12T12:57:07z: BME280 (0x76)
 0h00:06.626 2022/11/12T12:57:07z: 84:f3:eb:7d:7:a8
 0h00:06.628 2022/11/12T12:57:07z: SSID: MU Open
 0h00:06.633 2022/11/12T12:57:07z: AP_STAR tmr
 ets Jan  8 2013,rst cause:4, boot mode:(3,7)

wdt reset
load 0x4010f000, len 1384, room 16 
tail 8
chksum 0x2d
csum 0x2d
v8b899c12
~ld


6.01
 0h00:06.273 2022/11/12T13:17:15z: DS3231
 0h00:06.288 2022/11/12T13:17:15z: BME280 (0x76)
 0h00:06.302 2022/11/12T13:17:15z: 84:f3:eb:7d:7:a8
 0h00:06.304 2022/11/12T13:17:15z: SSID: MU Open
 0h00:06.309 2022/11/12T13:17:15z: AP_STAR tmr
 ets Jan  8 2013,rst cause:4, boot mode:(3,7)

wdt reset
load 0x4010f000, len 1384, room 16 
tail 8
chksum 0x2d
csum 0x2d
v8b899c12
~ld


6.01
 0h00:06.188 2022/11/12T13:37:23z: DS3231
 0h00:06.203 2022/11/12T13:37:23z: BME280 (0x76)
 0h00:06.218 2022/11/12T13:37:23z: 84:f3:eb:7d:7:a8
 0h00:06.219 2022/11/12T13:37:23z: SSID: MU Open
 0h00:06.225 2022/11/12T13:37:23z: AP_STAR tmr
 ets Jan  8 2013,rst cause:4, boot mode:(3,7)

wdt reset
load 0x4010f000, len 1384, room 16 
tail 8
chksum 0x2d
csum 0x2d
v8b899c12
~ld


6.01
 0h00:06.327 2022/11/12T13:57:31z: DS3231
 0h00:06.343 2022/11/12T13:57:31z: BME280 (0x76)
 0h00:06.357 2022/11/12T13:57:31z: 84:f3:eb:7d:7:a8
 0h00:06.358 2022/11/12T13:57:31z: SSID: MU Open
 0h00:06.364 2022/11/12T13:57:31z: AP_STAR tmr
 ets Jan  8 2013,rst cause:4, boot mode:(3,7)

wdt reset
load 0x4010f000, len 1384, room 16 
tail 8
chksum 0x2d
csum 0x2d
v8b899c12
~ld


6.01
 0h00:05.817 2022/11/12T14:17:38z: DS3231
 0h00:05.832 2022/11/12T14:17:38z: BME280 (0x76)
 0h00:05.847 2022/11/12T14:17:38z: 84:f3:eb:7d:7:a8
 0h00:05.848 2022/11/12T14:17:38z: SSID: MU Open
 0h00:05.854 2022/11/12T14:17:38z: AP_STAR tmr
 ets Jan  8 2013,rst cause:4, boot mode:(3,7)

wdt reset
load 0x4010f000, len 1384, room 16 
tail 8
chksum 0x2d
csum 0x2d
v8b899c12
~ld


6.01
 0h00:06.168 2022/11/12T14:37:45z: DS3231
 0h00:06.183 2022/11/12T14:37:45z: BME280 (0x76)
 0h00:06.197 2022/11/12T14:37:45z: 84:f3:eb:7d:7:a8
 0h00:06.199 2022/11/12T14:37:45z: SSID: MU Open
 0h00:06.204 2022/11/12T14:37:45z: AP_STAR tmr
 ets Jan  8 2013,rst cause:4, boot mode:(3,7)

wdt reset
load 0x4010f000, len 1384, room 16 
tail 8
chksum 0x2d
csum 0x2d
v8b899c12
~ld


6.01
 0h00:05.508 2022/11/12T14:57:51z: DS3231
 0h00:05.523 2022/11/12T14:57:51z: BME280 (0x76)
 0h00:05.537 2022/11/12T14:57:51z: 84:f3:eb:7d:7:a8
 0h00:05.539 2022/11/12T14:57:51z: SSID: MU Open
 0h00:05.544 2022/11/12T14:57:51z: AP_STAR tmr
 ets Jan  8 2013,rst cause:4, boot mode:(3,7)

wdt reset
load 0x4010f000, len 1384, room 16 
tail 8
chksum 0x2d
csum 0x2d
v8b899c12
~ld


6.01
 0h00:05.268 2022/11/12T15:17:57z: DS3231
 0h00:05.284 2022/11/12T15:17:57z: BME280 (0x76)
 0h00:05.298 2022/11/12T15:17:57z: 84:f3:eb:7d:7:a8
 0h00:05.299 2022/11/12T15:17:57z: SSID: MU Open
 0h00:05.305 2022/11/12T15:17:57z: AP_STAR tmr
 ets Jan  8 2013,rst cause:4, boot mode:(3,7)

wdt reset
load 0x4010f000, len 1384, room 16 
tail 8
chksum 0x2d
csum 0x2d
v8b899c12
~ld


6.01
 0h00:06.101 2022/11/12T15:38:04z: DS3231
 0h00:06.117 2022/11/12T15:38:04z: BME280 (0x76)
 0h00:06.131 2022/11/12T15:38:04z: 84:f3:eb:7d:7:a8
 0h00:06.132 2022/11/12T15:38:04z: SSID: MU Open
 0h00:06.138 2022/11/12T15:38:04z: AP_STAR tmr
 ets Jan  8 2013,rst cause:4, boot mode:(3,7)

wdt reset
load 0x4010f000, len 1384, room 16 
tail 8
chksum 0x2d
csum 0x2d
v8b899c12
~ld


6.01
 0h00:05.954 2022/11/12T15:58:11z: DS3231
 0h00:05.970 2022/11/12T15:58:11z: BME280 (0x76)
 0h00:05.984 2022/11/12T15:58:11z: 84:f3:eb:7d:7:a8
 0h00:05.985 2022/11/12T15:58:11z: SSID: MU Open
 0h00:05.991 2022/11/12T15:58:11z: AP_STAR tmr
 ets Jan  8 2013,rst cause:4, boot mode:(3,7)

wdt reset
load 0x4010f000, len 1384, room 16 
tail 8
chksum 0x2d
csum 0x2d
v8b899c12
~ld


6.01
 0h00:05.708 2022/11/12T16:18:16z: DS3231
 0h00:05.723 2022/11/12T16:18:16z: BME280 (0x76)
 0h00:05.737 2022/11/12T16:18:16z: 84:f3:eb:7d:7:a8
 0h00:05.739 2022/11/12T16:18:16z: SSID: MU Open
 0h00:05.744 2022/11/12T16:18:16z: AP_STAR tmr
 ets Jan  8 2013,rst cause:4, boot mode:(3,7)

wdt reset
load 0x4010f000, len 1384, room 16 
tail 8
chksum 0x2d
csum 0x2d
v8b899c12
~ld


6.01
 0h00:05.956 2022/11/12T16:38:23z: DS3231
 0h00:05.971 2022/11/12T16:38:23z: BME280 (0x76)
 0h00:05.985 2022/11/12T16:38:23z: 84:f3:eb:7d:7:a8
 0h00:05.987 2022/11/12T16:38:23z: SSID: MU Open
 0h00:05.992 2022/11/12T16:38:23z: AP_STAR tmr
 ets Jan  8 2013,rst cause:4, boot mode:(3,7)

wdt reset
load 0x4010f000, len 1384, room 16 
tail 8
chksum 0x2d
csum 0x2d
v8b899c12
~ld


6.01
 0h00:05.928 2022/11/12T16:58:29z: DS3231
 0h00:05.943 2022/11/12T16:58:29z: BME280 (0x76)
 0h00:05.957 2022/11/12T16:58:29z: 84:f3:eb:7d:7:a8
 0h00:05.959 2022/11/12T16:58:29z: SSID: MU Open
 0h00:05.964 2022/11/12T16:58:29z: AP_STAR tmr
 ets Jan  8 2013,rst cause:4, boot mode:(3,7)

wdt reset
load 0x4010f000, len 1384, room 16 
tail 8
chksum 0x2d
csum 0x2d
v8b899c12
~ld


6.01
 0h00:06.168 2022/11/12T17:18:36z: DS3231
 0h00:06.183 2022/11/12T17:18:36z: BME280 (0x76)
 0h00:06.197 2022/11/12T17:18:36z: 84:f3:eb:7d:7:a8
 0h00:06.199 2022/11/12T17:18:36z: SSID: MU Open
 0h00:06.204 2022/11/12T17:18:36z: AP_STAR tmr
 ets Jan  8 2013,rst cause:4, boot mode:(3,7)

wdt reset
load 0x4010f000, len 1384, room 16 
tail 8
chksum 0x2d
csum 0x2d
v8b899c12
~ld


6.01
 0h00:06.127 2022/11/12T17:38:42z: DS3231
 0h00:06.143 2022/11/12T17:38:42z: BME280 (0x76)
 0h00:06.157 2022/11/12T17:38:42z: 84:f3:eb:7d:7:a8
 0h00:06.158 2022/11/12T17:38:42z: SSID: MU Open
 0h00:06.164 2022/11/12T17:38:42z: AP_STAR tmr
 ets Jan  8 2013,rst cause:4, boot mode:(3,7)

wdt reset
load 0x4010f000, len 1384, room 16 
tail 8
chksum 0x2d
csum 0x2d
v8b899c12
~ld


6.01
 0h00:05.656 2022/11/12T17:58:49z: DS3231
 0h00:05.672 2022/11/12T17:58:49z: BME280 (0x76)
 0h00:05.686 2022/11/12T17:58:49z: 84:f3:eb:7d:7:a8
 0h00:05.687 2022/11/12T17:58:49z: SSID: MU Open
 0h00:05.693 2022/11/12T17:58:49z: AP_STAR tmr
 ets Jan  8 2013,rst cause:4, boot mode:(3,7)

wdt reset
load 0x4010f000, len 1384, room 16 
tail 8
chksum 0x2d
csum 0x2d
v8b899c12
~ld


6.01
 0h00:05.624 2022/11/12T18:18:55z: DS3231
 0h00:05.640 2022/11/12T18:18:55z: BME280 (0x76)
 0h00:05.654 2022/11/12T18:18:55z: 84:f3:eb:7d:7:a8
 0h00:05.655 2022/11/12T18:18:55z: SSID: MU Open
 0h00:05.661 2022/11/12T18:18:55z: AP_STAR tmr
 ets Jan  8 2013,rst cause:4, boot mode:(3,7)

wdt reset
load 0x4010f000, len 1384, room 16 
tail 8
chksum 0x2d
csum 0x2d
v8b899c12
~ld


6.01
 0h00:05.491 2022/11/12T18:39:01z: DS3231
 0h00:05.506 2022/11/12T18:39:01z: BME280 (0x76)
 0h00:05.520 2022/11/12T18:39:01z: 84:f3:eb:7d:7:a8
 0h00:05.522 2022/11/12T18:39:01z: SSID: MU Open
 0h00:05.527 2022/11/12T18:39:01z: AP_STAR tmr
 ets Jan  8 2013,rst cause:4, boot mode:(3,7)

wdt reset
load 0x4010f000, len 1384, room 16 
tail 8
chksum 0x2d
csum 0x2d
v8b899c12
~ld


6.01
 0h00:06.035 2022/11/12T18:59:08z: DS3231
 0h00:06.050 2022/11/12T18:59:08z: BME280 (0x76)
 0h00:06.064 2022/11/12T18:59:08z: 84:f3:eb:7d:7:a8
 0h00:06.066 2022/11/12T18:59:08z: SSID: MU Open
 0h00:06.071 2022/11/12T18:59:08z: AP_STAR tmr
 ets Jan  8 2013,rst cause:4, boot mode:(3,7)

wdt reset
load 0x4010f000, len 1384, room 16 
tail 8
chksum 0x2d
csum 0x2d
v8b899c12
~ld


6.01
 0h00:06.030 2022/11/12T19:19:16z: DS3231
 0h00:06.045 2022/11/12T19:19:16z: BME280 (0x76)
 0h00:06.059 2022/11/12T19:19:16z: 84:f3:eb:7d:7:a8
 0h00:06.061 2022/11/12T19:19:16z: SSID: MU Open
 0h00:06.066 2022/11/12T19:19:16z: AP_STAR tmr
 ets Jan  8 2013,rst cause:4, boot mode:(3,7)

wdt reset
load 0x4010f000, len 1384, room 16 
tail 8
chksum 0x2d
csum 0x2d
v8b899c12
~ld


6.01
 0h00:05.866 2022/11/12T19:39:23z: DS3231
 0h00:05.881 2022/11/12T19:39:23z: BME280 (0x76)
 0h00:05.895 2022/11/12T19:39:23z: 84:f3:eb:7d:7:a8
 0h00:05.897 2022/11/12T19:39:23z: SSID: MU Open
 0h00:05.902 2022/11/12T19:39:23z: AP_STAR tmr
 ets Jan  8 2013,rst cause:4, boot mode:(3,7)

wdt reset
load 0x4010f000, len 1384, room 16 
tail 8
chksum 0x2d
csum 0x2d
v8b899c12
~ld


6.01
 0h00:05.983 2022/11/12T19:59:29z: DS3231
 0h00:05.998 2022/11/12T19:59:29z: BME280 (0x76)
 0h00:06.012 2022/11/12T19:59:29z: 84:f3:eb:7d:7:a8
 0h00:06.014 2022/11/12T19:59:29z: SSID: MU Open
 0h00:06.019 2022/11/12T19:59:29z: AP_STAR tmr
 ets Jan  8 2013,rst cause:4, boot mode:(3,7)

wdt reset
load 0x4010f000, len 1384, room 16 
tail 8
chksum 0x2d
csum 0x2d
v8b899c12
~ld


6.01
 0h00:05.989 2022/11/12T20:19:36z: DS3231
 0h00:06.005 2022/11/12T20:19:36z: BME280 (0x76)
 0h00:06.019 2022/11/12T20:19:36z: 84:f3:eb:7d:7:a8
 0h00:06.020 2022/11/12T20:19:36z: SSID: MU Open
 0h00:06.026 2022/11/12T20:19:36z: AP_STAR tmr
 ets Jan  8 2013,rst cause:4, boot mode:(3,7)

wdt reset
load 0x4010f000, len 1384, room 16 
tail 8
chksum 0x2d
csum 0x2d
v8b899c12
~ld


6.01
 0h00:05.306 2022/11/12T20:39:42z: DS3231
 0h00:05.322 2022/11/12T20:39:42z: BME280 (0x76)
 0h00:05.336 2022/11/12T20:39:42z: 84:f3:eb:7d:7:a8
 0h00:05.338 2022/11/12T20:39:43z: SSID: MU Open
 0h00:05.343 2022/11/12T20:39:43z: AP_STAR tmr
 ets Jan  8 2013,rst cause:4, boot mode:(3,7)

wdt reset
load 0x4010f000, len 1384, room 16 
tail 8
chksum 0x2d
csum 0x2d
v8b899c12
~ld


6.01
 0h00:05.960 2022/11/12T20:59:50z: DS3231
 0h00:05.975 2022/11/12T20:59:50z: BME280 (0x76)
 0h00:05.990 2022/11/12T20:59:50z: 84:f3:eb:7d:7:a8
 0h00:05.991 2022/11/12T20:59:50z: SSID: MU Open
 0h00:05.996 2022/11/12T20:59:50z: AP_STAR tmr
 ets Jan  8 2013,rst cause:4, boot mode:(3,7)

wdt reset
load 0x4010f000, len 1384, room 16 
tail 8
chksum 0x2d
csum 0x2d
v8b899c12
~ld


6.01
 0h00:06.222 2022/11/12T21:19:57z: DS3231
 0h00:06.237 2022/11/12T21:19:57z: BME280 (0x76)
 0h00:06.251 2022/11/12T21:19:57z: 84:f3:eb:7d:7:a8
 0h00:06.253 2022/11/12T21:19:57z: SSID: MU Open
 0h00:06.258 2022/11/12T21:19:57z: AP_STAR tmr
 ets Jan  8 2013,rst cause:4, boot mode:(3,7)

wdt reset
load 0x4010f000, len 1384, room 16 
tail 8
chksum 0x2d
csum 0x2d
v8b899c12
~ld


6.01
 0h00:06.253 2022/11/12T21:40:05z: DS3231
 0h00:06.268 2022/11/12T21:40:05z: BME280 (0x76)
 0h00:06.283 2022/11/12T21:40:05z: 84:f3:eb:7d:7:a8
 0h00:06.284 2022/11/12T21:40:05z: SSID: MU Open
 0h00:06.289 2022/11/12T21:40:05z: AP_STAR tmr
 ets Jan  8 2013,rst cause:4, boot mode:(3,7)

wdt reset
load 0x4010f000, len 1384, room 16 
tail 8
chksum 0x2d
csum 0x2d
v8b899c12
~ld


6.01
 0h00:06.420 2022/11/12T22:00:13z: DS3231
 0h00:06.435 2022/11/12T22:00:13z: BME280 (0x76)
 0h00:06.449 2022/11/12T22:00:13z: 84:f3:eb:7d:7:a8
 0h00:06.451 2022/11/12T22:00:13z: SSID: MU Open
 0h00:06.456 2022/11/12T22:00:13z: AP_STAR tmr
 ets Jan  8 2013,rst cause:4, boot mode:(3,7)

wdt reset
load 0x4010f000, len 1384, room 16 
tail 8
chksum 0x2d
csum 0x2d
v8b899c12
~ld


6.01
 0h00:05.838 2022/11/12T22:20:20z: DS3231
 0h00:05.853 2022/11/12T22:20:20z: BME280 (0x76)
 0h00:05.868 2022/11/12T22:20:20z: 84:f3:eb:7d:7:a8
 0h00:05.869 2022/11/12T22:20:20z: SSID: MU Open
 0h00:05.874 2022/11/12T22:20:20z: AP_STAR tmr
 ets Jan  8 2013,rst cause:4, boot mode:(3,7)

wdt reset
load 0x4010f000, len 1384, room 16 
tail 8
chksum 0x2d
csum 0x2d
v8b899c12
~ld


6.01
 0h00:06.120 2022/11/12T22:40:27z: DS3231
 0h00:06.135 2022/11/12T22:40:27z: BME280 (0x76)
 0h00:06.150 2022/11/12T22:40:27z: 84:f3:eb:7d:7:a8
 0h00:06.151 2022/11/12T22:40:27z: SSID: MU Open
 0h00:06.156 2022/11/12T22:40:27z: AP_STAR tmr
 ets Jan  8 2013,rst cause:4, boot mode:(3,7)

wdt reset
load 0x4010f000, len 1384, room 16 
tail 8
chksum 0x2d
csum 0x2d
v8b899c12
~ld


6.01
 0h00:05.920 2022/11/12T23:00:34z: DS3231
 0h00:05.935 2022/11/12T23:00:34z: BME280 (0x76)
 0h00:05.949 2022/11/12T23:00:34z: 84:f3:eb:7d:7:a8
 0h00:05.951 2022/11/12T23:00:34z: SSID: MU Open
 0h00:05.956 2022/11/12T23:00:34z: AP_STAR tmr
 ets Jan  8 2013,rst cause:4, boot mode:(3,7)

wdt reset
load 0x4010f000, len 1384, room 16 
tail 8
chksum 0x2d
csum 0x2d
v8b899c12
~ld


6.01
 0h00:06.316 2022/11/12T23:20:42z: DS3231
 0h00:06.331 2022/11/12T23:20:42z: BME280 (0x76)
 0h00:06.345 2022/11/12T23:20:42z: 84:f3:eb:7d:7:a8
 0h00:06.347 2022/11/12T23:20:42z: SSID: MU Open
 0h00:06.352 2022/11/12T23:20:42z: AP_STAR tmr
 ets Jan  8 2013,rst cause:4, boot mode:(3,7)

wdt reset
load 0x4010f000, len 1384, room 16 
tail 8
chksum 0x2d
csum 0x2d
v8b899c12
~ld


6.01
 0h00:06.251 2022/11/12T23:40:50z: DS3231
 0h00:06.266 2022/11/12T23:40:50z: BME280 (0x76)
 0h00:06.280 2022/11/12T23:40:50z: 84:f3:eb:7d:7:a8
 0h00:06.282 2022/11/12T23:40:50z: SSID: MU Open
 0h00:06.287 2022/11/12T23:40:50z: AP_STA