R tmr
 ets Jan  8 2013,rst cause:4, boot mode:(3,7)

wdt reset
load 0x4010f000, len 1384, room 16 
tail 8
chksum 0x2d
csum 0x2d
v8b899c12
~ld


6.01
 0h00:06.537 2022/11/15T00:19:09z: DS3231
 0h00:06.552 2022/11/15T00:19:09z: BME280 (0x76)
 0h00:06.566 2022/11/15T00:19:09z: 84:f3:eb:7d:7:a8
 0h00:06.568 2022/11/15T00:19:09z: SSID: MU Open
 0h00:06.573 2022/11/15T00:19:09z: AP_STAR tmr
 ets Jan  8 2013,rst cause:4, boot mode:(3,7)

wdt reset
load 0x4010f000, len 1384, room 16 
tail 8
chksum 0x2d
csum 0x2d
v8b899c12
~ld


6.01
 0h00:06.593 2022/11/15T00:39:16z: DS3231
 0h00:06.608 2022/11/15T00:39:16z: BME280 (0x76)
 0h00:06.622 2022/11/15T00:39:16z: 84:f3:eb:7d:7:a8
 0h00:06.624 2022/11/15T00:39:16z: SSID: MU Open
 0h00:06.629 2022/11/15T00:39:16z: AP_STAR tmr
 ets Jan  8 2013,rst cause:4, boot mode:(3,7)

wdt reset
load 0x4010f000, len 1384, room 16 
tail 8
chksum 0x2d
csum 0x2d
v8b899c12
~ld


6.01
 0h00:06.500 2022/11/15T00:59:25z: DS3231
 0h00:06.515 2022/11/15T00:59:25z: BME280 (0x76)
 0h00:06.529 2022/11/15T00:59:25z: 84:f3:eb:7d:7:a8
 0h00:06.531 2022/11/15T00:59:25z: SSID: MU Open
 0h00:06.536 2022/11/15T00:59:25z: AP_STAR tmr
 ets Jan  8 2013,rst cause:4, boot mode:(3,7)

wdt reset
load 0x4010f000, len 1384, room 16 
tail 8
chksum 0x2d
csum 0x2d
v8b899c12
~ld


6.01
 0h00:06.530 2022/11/15T01:19:33z: DS3231
 0h00:06.545 2022/11/15T01:19:33z: BME280 (0x76)
 0h00:06.560 2022/11/15T01:19:33z: 84:f3:eb:7d:7:a8
 0h00:06.561 2022/11/15T01:19:33z: SSID: MU Open
 0h00:06.566 2022/11/15T01:19:33z: AP_STAR tmr
 ets Jan  8 2013,rst cause:4, boot mode:(3,7)

wdt reset
load 0x4010f000, len 1384, room 16 
tail 8
chksum 0x2d
csum 0x2d
v8b899c12
~ld


6.01
 0h00:06.229 2022/11/15T01:39:42z: DS3231
 0h00:06.244 2022/11/15T01:39:42z: BME280 (0x76)
 0h00:06.258 2022/11/15T01:39:42z: 84:f3:eb:7d:7:a8
 0h00:06.260 2022/11/15T01:39:42z: SSID: MU Open
 0h00:06.265 2022/11/15T01:39:42z: AP_STAR tmr
 ets Jan  8 2013,rst cause:4, boot mode:(3,7)

wdt reset
load 0x4010f000, len 1384, room 16 
tail 8
chksum 0x2d
csum 0x2d
v8b899c12
~ld


6.01
 0h00:05.747 2022/11/15T01:59:49z: DS3231
 0h00:05.762 2022/11/15T01:59:49z: BME280 (0x76)
 0h00:05.776 2022/11/15T01:59:49z: 84:f3:eb:7d:7:a8
 0h00:05.778 2022/11/15T01:59:49z: SSID: MU Open
 0h00:05.783 2022/11/15T01:59:49z: AP_STAR tmr
 ets Jan  8 2013,rst cause:4, boot mode:(3,7)

wdt reset
load 0x4010f000, len 1384, room 16 
tail 8
chksum 0x2d
csum 0x2d
v8b899c12
~ld


6.01
 0h00:06.153 2022/11/15T02:19:57z: DS3231
 0h00:06.168 2022/11/15T02:19:57z: BME280 (0x76)
 0h00:06.182 2022/11/15T02:19:57z: 84:f3:eb:7d:7:a8
 0h00:06.184 2022/11/15T02:19:57z: SSID: MU Open
 0h00:06.189 2022/11/15T02:19:57z: AP_STAR tmr
 ets Jan  8 2013,rst cause:4, boot mode:(3,7)

wdt reset
load 0x4010f000, len 1384, room 16 
tail 8
chksum 0x2d
csum 0x2d
v8b899c12
~ld


6.01
 0h00:06.217 2022/11/15T02:40:05z: DS3231
 0h00:06.232 2022/11/15T02:40:05z: BME280 (0x76)
 0h00:06.247 2022/11/15T02:40:05z: 84:f3:eb:7d:7:a8
 0h00:06.248 2022/11/15T02:40:05z: SSID: MU Open
 0h00:06.253 2022/11/15T02:40:05z: AP_STAR tmr
 ets Jan  8 2013,rst cause:4, boot mode:(3,7)

wdt reset
load 0x4010f000, len 1384, room 16 
tail 8
chksum 0x2d
csum 0x2d
v8b899c12
~ld


6.01
 0h00:05.548 2022/11/15T03:00:11z: DS3231
 0h00:05.563 2022/11/15T03:00:11z: BME280 (0x76)
 0h00:05.577 2022/11/15T03:00:11z: 84:f3:eb:7d:7:a8
 0h00:05.579 2022/11/15T03:00:11z: SSID: MU Open
 0h00:05.584 2022/11/15T03:00:11z: AP_STAR tmr
 ets Jan  8 2013,rst cause:4, boot mode:(3,7)

wdt reset
load 0x4010f000, len 1384, room 16 
tail 8
chksum 0x2d
csum 0x2d
v8b899c12
~ld


6.01
 0h00:05.935 2022/11/15T03:20:18z: DS3231
 0h00:05.950 2022/11/15T03:20:18z: BME280 (0x76)
 0h00:05.964 2022/11/15T03:20:18z: 84:f3:eb:7d:7:a8
 0h00:05.966 2022/11/15T03:20:18z: SSID: MU Open
 0h00:05.971 2022/11/15T03:20:18z: AP_STAR tmr
 ets Jan  8 2013,rst cause:4, boot mode:(3,7)

wdt reset
load 0x4010f000, len 1384, room 16 
tail 8
chksum 0x2d
csum 0x2d
v8b899c12
~ld


6.01
 0h00:05.739 2022/11/15T03:40:24z: DS3231
 0h00:05.755 2022/11/15T03:40:24z: BME280 (0x76)
 0h00:05.769 2022/11/15T03:40:24z: 84:f3:eb:7d:7:a8
 0h00:05.771 2022/11/15T03:40:24z: SSID: MU Open
 0h00:05.776 2022/11/15T03:40:24z: AP_STAR tmr
 ets Jan  8 2013,rst cause:4, boot mode:(3,7)

wdt reset
load 0x4010f000, len 1384, room 16 
tail 8
chksum 0x2d
csum 0x2d
v8b899c12
~ld


6.01
 0h00:06.188 2022/11/15T04:00:31z: DS3231
 0h00:06.203 2022/11/15T04:00:32z: BME280 (0x76)
 0h00:06.217 2022/11/15T04:00:32z: 84:f3:eb:7d:7:a8
 0h00:06.219 2022/11/15T04:00:32z: SSID: MU Open
 0h00:06.224 2022/11/15T04:00:32z: AP_STAR tmr
 ets Jan  8 2013,rst cause:4, boot mode:(3,7)

wdt reset
load 0x4010f000, len 1384, room 16 
tail 8
chksum 0x2d
csum 0x2d
v8b899c12
~ld


6.01
 0h00:05.680 2022/11/15T04:20:38z: DS3231
 0h00:05.696 2022/11/15T04:20:38z: BME280 (0x76)
 0h00:05.710 2022/11/15T04:20:38z: 84:f3:eb:7d:7:a8
 0h00:05.712 2022/11/15T04:20:38z: SSID: MU Open
 0h00:05.717 2022/11/15T04:20:38z: AP_STAR tmr
 ets Jan  8 2013,rst cause:4, boot mode:(3,7)

wdt reset
load 0x4010f000, len 1384, room 16 
tail 8
chksum 0x2d
csum 0x2d
v8b899c12
~ld


6.01
 0h00:05.987 2022/11/15T04:40:45z: DS3231
 0h00:06.003 2022/11/15T04:40:45z: BME280 (0x76)
 0h00:06.017 2022/11/15T04:40:45z: 84:f3:eb:7d:7:a8
 0h00:06.019 2022/11/15T04:40:45z: SSID: MU Open
 0h00:06.024 2022/11/15T04:40:45z: AP_STAR tmr
 ets Jan  8 2013,rst cause:4, boot mode:(3,7)

wdt reset
load 0x4010f000, len 1384, room 16 
tail 8
chksum 0x2d
csum 0x2d
v8b899c12
~ld


6.01
 0h00:06.118 2022/11/15T05:00:53z: DS3231
 0h00:06.133 2022/11/15T05:00:53z: BME280 (0x76)
 0h00:06.147 2022/11/15T05:00:53z: 84:f3:eb:7d:7:a8
 0h00:06.149 2022/11/15T05:00:53z: SSID: MU Open
 0h00:06.154 2022/11/15T05:00:53z: AP_STAR tmr
 ets Jan  8 2013,rst cause:4, boot mode:(3,7)

wdt reset
load 0x4010f000, len 1384, room 16 
tail 8
chksum 0x2d
csum 0x2d
v8b899c12
~ld


6.01
 0h00:06.173 2022/11/15T05:21:00z: DS3231
 0h00:06.188 2022/11/15T05:21:00z: BME280 (0x76)
 0h00:06.203 2022/11/15T05:21:00z: 84:f3:eb:7d:7:a8
 0h00:06.204 2022/11/15T05:21:00z: SSID: MU Open
 0h00:06.209 2022/11/15T05:21:00z: AP_STAR tmr
 ets Jan  8 2013,rst cause:4, boot mode:(3,7)

wdt reset
load 0x4010f000, len 1384, room 16 
tail 8
chksum 0x2d
csum 0x2d
v8b899c12
~ld


6.01
 0h00:05.991 2022/11/15T05:41:08z: DS3231
 0h00:06.006 2022/11/15T05:41:08z: BME280 (0x76)
 0h00:06.021 2022/11/15T05:41:08z: 84:f3:eb:7d:7:a8
 0h00:06.022 2022/11/15T05:41:08z: SSID: MU Open
 0h00:06.027 2022/11/15T05:41:08z: AP_STAR tmr
 ets Jan  8 2013,rst cause:4, boot mode:(3,7)

wdt reset
load 0x4010f000, len 1384, room 16 
tail 8
chksum 0x2d
csum 0x2d
v8b899c12
~ld


6.01
 0h00:05.427 2022/11/15T06:01:15z: DS3231
 0h00:05.443 2022/11/15T06:01:15z: BME280 (0x76)
 0h00:05.457 2022/11/15T06:01:15z: 84:f3:eb:7d:7:a8
 0h00:05.459 2022/11/15T06:01:15z: SSID: MU Open
 0h00:05.464 2022/11/15T06:01:15z: AP_STAR tmr
 ets Jan  8 2013,rst cause:4, boot mode:(3,7)

wdt reset
load 0x4010f000, len 1384, room 16 
tail 8
chksum 0x2d
csum 0x2d
v8b899c12
~ld


6.01
 0h00:05.780 2022/11/15T06:21:22z: DS3231
 0h00:05.795 2022/11/15T06:21:22z: BME280 (0x76)
 0h00:05.810 2022/11/15T06:21:22z: 84:f3:eb:7d:7:a8
 0h00:05.811 2022/11/15T06:21:22z: SSID: MU Open
 0h00:05.816 2022/11/15T06:21:22z: AP_STAR tmr
 ets Jan  8 2013,rst cause:4, boot mode:(3,7)

wdt reset
load 0x4010f000, len 1384, room 16 
tail 8
chksum 0x2d
csum 0x2d
v8b899c12
~ld


6.01
 0h00:05.687 2022/11/15T06:41:30z: DS3231
 0h00:05.702 2022/11/15T06:41:30z: BME280 (0x76)
 0h00:05.716 2022/11/15T06:41:30z: 84:f3:eb:7d:7:a8
 0h00:05.718 2022/11/15T06:41:30z: SSID: MU Open
 0h00:05.723 2022/11/15T06:41:30z: AP_STAR tmr
 ets Jan  8 2013,rst cause:4, boot mode:(3,7)

wdt reset
load 0x4010f000, len 1384, room 16 
tail 8
chksum 0x2d
csum 0x2d
v8b899c12
~ld


6.01
 0h00:05.461 2022/11/15T07:01:36z: DS3231
 0h00:05.477 2022/11/15T07:01:36z: BME280 (0x76)
 0h00:05.491 2022/11/15T07:01:36z: 84:f3:eb:7d:7:a8
 0h00:05.493 2022/11/15T07:01:36z: SSID: MU Open
 0h00:05.498 2022/11/15T07:01:36z: AP_STAR tmr
 ets Jan  8 2013,rst cause:4, boot mode:(3,7)

wdt reset
load 0x4010f000, len 1384, room 16 
tail 8
chksum 0x2d
csum 0x2d
v8b899c12
~ld


6.01
 0h00:05.789 2022/11/15T07:21:43z: DS3231
 0h00:05.804 2022/11/15T07:21:43z: BME280 (0x76)
 0h00:05.819 2022/11/15T07:21:43z: 84:f3:eb:7d:7:a8
 0h00:05.820 2022/11/15T07:21:43z: SSID: MU Open
 0h00:05.826 2022/11/15T07:21:43z: AP_STAR tmr
 ets Jan  8 2013,rst cause:4, boot mode:(3,7)

wdt reset
load 0x4010f000, len 1384, room 16 
tail 8
chksum 0x2d
csum 0x2d
v8b899c12
~ld


6.01
 0h00:05.680 2022/11/15T07:41:49z: DS3231
 0h00:05.695 2022/11/15T07:41:49z: BME280 (0x76)
 0h00:05.709 2022/11/15T07:41:49z: 84:f3:eb:7d:7:a8
 0h00:05.711 2022/11/15T07:41:49z: SSID: MU Open
 0h00:05.716 2022/11/15T07:41:49z: AP_STAR tmr
 ets Jan  8 2013,rst cause:4, boot mode:(3,7)

wdt reset
load 0x4010f000, len 1384, room 16 
tail 8
chksum 0x2d
csum 0x2d
v8b899c12
~ld


6.01
 0h00:06.122 2022/11/15T08:01:56z: DS3231
 0h00:06.137 2022/11/15T08:01:56z: BME280 (0x76)
 0h00:06.151 2022/11/15T08:01:56z: 84:f3:eb:7d:7:a8
 0h00:06.153 2022/11/15T08:01:56z: SSID: MU Open
 0h00:06.158 2022/11/15T08:01:56z: AP_STAR tmr
 ets Jan  8 2013,rst cause:4, boot mode:(3,7)

wdt reset
load 0x4010f000, len 1384, room 16 
tail 8
chksum 0x2d
csum 0x2d
v8b899c12
~ld


6.01
 0h00:06.015 2022/11/15T08:22:03z: DS3231
 0h00:06.030 2022/11/15T08:22:03z: BME280 (0x76)
 0h00:06.044 2022/11/15T08:22:03z: 84:f3:eb:7d:7:a8
 0h00:06.046 2022/11/15T08:22:03z: SSID: MU Open
 0h00:06.051 2022/11/15T08:22:03z: AP_STAR tmr
 ets Jan  8 2013,rst cause:4, boot mode:(3,7)

wdt reset
load 0x4010f000, len 1384, room 16 
tail 8
chksum 0x2d
csum 0x2d
v8b899c12
~ld


6.01
 0h00:05.726 2022/11/15T08:42:10z: DS3231
 0h00:05.742 2022/11/15T08:42:10z: BME280 (0x76)
 0h00:05.756 2022/11/15T08:42:10z: 84:f3:eb:7d:7:a8
 0h00:05.757 2022/11/15T08:42:10z: SSID: MU Open
 0h00:05.763 2022/11/15T08:42:10z: AP_STAR tmr
 ets Jan  8 2013,rst cause:4, boot mode:(3,7)

wdt reset
load 0x4010f000, len 1384, room 16 
tail 8
chksum 0x2d
csum 0x2d
v8b899c12
~ld


6.01
 0h00:05.400 2022/11/15T09:02:17z: DS3231
 0h00:05.415 2022/11/15T09:02:17z: BME280 (0x76)
 0h00:05.429 2022/11/15T09:02:17z: 84:f3:eb:7d:7:a8
 0h00:05.431 2022/11/15T09:02:17z: SSID: MU Open
 0h00:05.436 2022/11/15T09:02:17z: AP_STAR tmr
 ets Jan  8 2013,rst cause:4, boot mode:(3,7)

wdt reset
load 0x4010f000, len 1384, room 16 
tail 8
chksum 0x2d
csum 0x2d
v8b899c12
~ld


6.01
 0h00:05.923 2022/11/15T09:22:24z: DS3231
 0h00:05.938 2022/11/15T09:22:24z: BME280 (0x76)
 0h00:05.953 2022/11/15T09:22:24z: 84:f3:eb:7d:7:a8
 0h00:05.954 2022/11/15T09:22:24z: SSID: MU Open
 0h00:05.959 2022/11/15T09:22:24z: AP_STAR tmr
 ets Jan  8 2013,rst cause:4, boot mode:(3,7)

wdt reset
load 0x4010f000, len 1384, room 16 
tail 8
chksum 0x2d
csum 0x2d
v8b899c12
~ld


6.01
 0h00:05.880 2022/11/15T09:42:31z: DS3231
 0h00:05.895 2022/11/15T09:42:31z: BME280 (0x76)
 0h00:05.909 2022/11/15T09:42:31z: 84:f3:eb:7d:7:a8
 0h00:05.911 2022/11/15T09:42:31z: SSID: MU Open
 0h00:05.916 2022/11/15T09:42:31z: AP_STAR tmr
 ets Jan  8 2013,rst cause:4, boot mode:(3,7)

wdt reset
load 0x4010f000, len 1384, room 16 
tail 8
chksum 0x2d
csum 0x2d
v8b899c12
~ld


6.01
 0h00:05.716 2022/11/15T10:02:38z: DS3231
 0h00:05.731 2022/11/15T10:02:38z: BME280 (0x76)
 0h00:05.745 2022/11/15T10:02:38z: 84:f3:eb:7d:7:a8
 0h00:05.747 2022/11/15T10:02:38z: SSID: MU Open
 0h00:05.752 2022/11/15T10:02:38z: AP_STAR tmr
 ets Jan  8 2013,rst cause:4, boot mode:(3,7)

wdt reset
load 0x4010f000, len 1384, room 16 
tail 8
chksum 0x2d
csum 0x2d
v8b899c12
~ld


6.01
 0h00:06.223 2022/11/15T10:22:46z: DS3231
 0h00:06.238 2022/11/15T10:22:46z: BME280 (0x76)
 0h00:06.252 2022/11/15T10:22:46z: 84:f3:eb:7d:7:a8
 0h00:06.254 2022/11/15T10:22:46z: SSID: MU Open
 0h00:06.259 2022/11/15T10:22:46z: AP_STAR tmr
 ets Jan  8 2013,rst cause:4, boot mode:(3,7)

wdt reset
load 0x4010f000, len 1384, room 16 
tail 8
chksum 0x2d
csum 0x2d
v8b899c12
~ld


6.01
 0h00:06.123 2022/11/15T10:42:54z: DS3231
 0h00:06.139 2022/11/15T10:42:54z: BME280 (0x76)
 0h00:06.153 2022/11/15T10:42:54z: 84:f3:eb:7d:7:a8
 0h00:06.155 2022/11/15T10:42:54z: SSID: MU Open
 0h00:06.160 2022/11/15T10:42:54z: AP_STAR tmr
 ets Jan  8 2013,rst cause:4, boot mode:(3,7)

wdt reset
load 0x4010f000, len 1384, room 16 
tail 8
chksum 0x2d
csum 0x2d
v8b899c12
~ld


6.01
 0h00:06.047 2022/11/15T11:03:01z: DS3231
 0h00:06.062 2022/11/15T11:03:01z: BME280 (0x76)
 0h00:06.076 2022/11/15T11:03:01z: 84:f3:eb:7d:7:a8
 0h00:06.078 2022/11/15T11:03:01z: SSID: MU Open
 0h00:06.083 2022/11/15T11:03:01z: AP_STAR tmr
 ets Jan  8 2013,rst cause:4, boot mode:(3,7)

wdt reset
load 0x4010f000, len 1384, room 16 
tail 8
chksum 0x2d
csum 0x2d
v8b899c12
~ld


6.01
 0h00:06.172 2022/11/15T11:23:08z: DS3231
 0h00:06.188 2022/11/15T11:23:08z: BME280 (0x76)
 0h00:06.202 2022/11/15T11:23:08z: 84:f3:eb:7d:7:a8
 0h00:06.204 2022/11/15T11:23:08z: SSID: MU Open
 0h00:06.209 2022/11/15T11:23:08z: AP_STAR tmr
 ets Jan  8 2013,rst cause:4, boot mode:(3,7)

wdt reset
load 0x4010f000, len 1384, room 16 
tail 8
chksum 0x2d
csum 0x2d
v8b899c12
~ld


6.01
 0h00:06.238 2022/11/15T11:43:15z: DS3231
 0h00:06.254 2022/11/15T11:43:15z: BME280 (0x76)
 0h00:06.268 2022/11/15T11:43:15z: 84:f3:eb:7d:7:a8
 0h00:06.270 2022/11/15T11:43:15z: SSID: MU Open
 0h00:06.275 2022/11/15T11:43:15z: AP_STAR tmr
 ets Jan  8 2013,rst cause:4, boot mode:(3,7)

wdt reset
load 0x4010f000, len 1384, room 16 
tail 8
chksum 0x2d
csum 0x2d
v8b899c12
~ld


6.01
 0h00:06.180 2022/11/15T12:03:22z: DS3231
 0h00:06.195 2022/11/15T12:03:22z: BME280 (0x76)
 0h00:06.209 2022/11/15T12:03:22z: 84:f3:eb:7d:7:a8
 0h00:06.211 2022/11/15T12:03:22z: SSID: MU Open
 0h00:06.216 2022/11/15T12:03:22z: AP_STAR tmr
 ets Jan  8 2013,rst cause:4, boot mode:(3,7)

wdt reset
load 0x4010f000, len 1384, room 16 
tail 8
chksum 0x2d
csum 0x2d
v8b899c12
~ld


6.01
 0h00:05.505 2022/11/15T12:23:28z: DS3231
 0h00:05.520 2022/11/15T12:23:28z: BME280 (0x76)
 0h00:05.534 2022/11/15T12:23:28z: 84:f3:eb:7d:7:a8
 0h00:05.536 2022/11/15T12:23:28z: SSID: MU Open
 0h00:05.541 2022/11/15T12:23:28z: AP_STAR tmr
 ets Jan  8 2013,rst cause:4, boot mode:(3,7)

wdt reset
load 0x4010f000, len 1384, room 16 
tail 8
chksum 0x2d
csum 0x2d
v8b899c12
~ld


6.01
 0h00:06.141 2022/11/15T12:43:35z: DS3231
 0h00:06.156 2022/11/15T12:43:35z: BME280 (0x76)
 0h00:06.170 2022/11/15T12:43:35z: 84:f3:eb:7d:7:a8
 0h00:06.172 2022/11/15T12:43:35z: SSID: MU Open
 0h00:06.177 2022/11/15T12:43:35z: AP_STAR tmr
 ets Jan  8 2013,rst cause:4, boot mode:(3,7)

wdt reset
load 0x4010f000, len 1384, room 16 
tail 8
chksum 0x2d
csum 0x2d
v8b899c12
~ld


6.01
 0h00:06.077 2022/11/15T13:03:43z: DS3231
 0h00:06.092 2022/11/15T13:03:43z: BME280 (0x76)
 0h00:06.107 2022/11/15T13:03:43z: 84:f3:eb:7d:7:a8
 0h00:06.108 2022/11/15T13:03:43z: SSID: MU Open
 0h00:06.113 2022/11/15T13:03:43z: AP_STAR tmr
 ets Jan  8 2013,rst cause:4, boot mode:(3,7)

wdt reset
load 0x4010f000, len 1384, room 16 
tail 8
chksum 0x2d
csum 0x2d
v8b899c12
~ld


6.01
 0h00:05.986 2022/11/15T13:23:50z: DS3231
 0h00:06.002 2022/11/15T13:23:50z: BME280 (0x76)
 0h00:06.016 2022/11/15T13:23:50z: 84:f3:eb:7d:7:a8
 0h00:06.018 2022/11/15T13:23:50z: SSID: MU Open
 0h00:06.023 2022/11/15T13:23:50z: AP_STAR tmr
 ets Jan  8 2013,rst cause:4, boot mode:(3,7)

wdt reset
load 0x4010f000, len 1384, room 16 
tail 8
chksum 0x2d
csum 0x2d
v8b899c12
~ld


6.01
 0h00:05.984 2022/11/15T13:43:57z: DS3231
 0h00:05.999 2022/11/15T13:43:57z: BME280 (0x76)
 0h00:06.013 2022/11/15T13:43:57z: 84:f3:eb:7d:7:a8
 0h00:06.015 2022/11/15T13:43:57z: SSID: MU Open
 0h00:06.020 2022/11/15T13:43:57z: AP_STAR tmr
 ets Jan  8 2013,rst cause:4, boot mode:(3,7)

wdt reset
load 0x4010f000, len 1384, room 16 
tail 8
chksum 0x2d
csum 0x2d
v8b899c12
~ld


6.01
 0h00:05.924 2022/11/15T14:04:04z: DS3231
 0h00:05.940 2022/11/15T14:04:04z: BME280 (0x76)
 0h00:05.954 2022/11/15T14:04:04z: 84:f3:eb:7d:7:a8
 0h00:05.956 2022/11/15T14:04:04z: SSID: MU Open
 0h00:05.961 2022/11/15T14:04:04z: AP_STAR tmr
 ets Jan  8 2013,rst cause:4, boot mode:(3,7)

wdt reset
load 0x4010f000, len 1384, room 16 
tail 8
chksum 0x2d
csum 0x2d
v8b899c12
~ld


6.01
 0h00:05.717 2022/11/15T14:24:10z: DS3231
 0h00:05.732 2022/11/15T14:24:10z: BME280 (0x76)
 0h00:05.747 2022/11/15T14:24:10z: 84:f3:eb:7d:7:a8
 0h00:05.748 2022/11/15T14:24:10z: SSID: MU Open
 0h00:05.753 2022/11/15T14:24:10z: AP_STAR tmr
 ets Jan  8 2013,rst cause:4, boot mode:(3,7)

wdt reset
load 0x4010f000, len 1384, room 16 
tail 8
chksum 0x2d
csum 0x2d
v8b899c12
~ld


6.01
 0h00:06.168 2022/11/15T14:44:18z: DS3231
 0h00:06.183 2022/11/15T14:44:18z: BME280 (0x76)
 0h00:06.197 2022/11/15T14:44:18z: 84:f3:eb:7d:7:a8
 0h00:06.199 2022/11/15T14:44:18z: SSID: MU Open
 0h00:06.204 2022/11/15T14:44:18z: AP_STAR tmr
 ets Jan  8 2013,rst cause:4, boot mode:(3,7)

wdt reset
load 0x4010f000, len 1384, room 16 
tail 8
chksum 0x2d
csum 0x2d
v8b899c12
~ld


6.01
 0h00:06.316 2022/11/15T15:04:25z: DS3231
 0h00:06.332 2022/11/15T15:04:25z: BME280 (0x76)
 0h00:06.346 2022/11/15T15:04:25z: 84:f3:eb:7d:7:a8
 0h00:06.348 2022/11/15T15:04:25z: SSID: MU Open
 0h00:06.353 2022/11/15T15:04:25z: AP_STAR tmr
 ets Jan  8 2013,rst cause:4, boot mode:(3,7)

wdt reset
load 0x4010f000, len 1384, room 16 
tail 8
chksum 0x2d
csum 0x2d
v8b899c12
~ld


6.01
 0h00:06.171 2022/11/15T15:24:33z: DS3231
 0h00:06.186 2022/11/15T15:24:33z: BME280 (0x76)
 0h00:06.200 2022/11/15T15:24:33z: 84:f3:eb:7d:7:a8
 0h00:06.202 2022/11/15T15:24:33z: SSID: MU Open
 0h00:06.207 2022/11/15T15:24:33z: AP_STAR tmr
 ets Jan  8 2013,rst cause:4, boot mode:(3,7)

wdt reset
load 0x4010f000, len 1384, room 16 
tail 8
chksum 0x2d
csum 0x2d
v8b899c12
~ld


6.01
 0h00:05.955 2022/11/15T15:44:39z: DS3231
 0h00:05.971 2022/11/15T15:44:39z: BME280 (0x76)
 0h00:05.985 2022/11/15T15:44:39z: 84:f3:eb:7d:7:a8
 0h00:05.986 2022/11/15T15:44:39z: SSID: MU Open
 0h00:05.992 2022/11/15T15:44:39z: AP_STAR tmr
 ets Jan  8 2013,rst cause:4, boot mode:(3,7)

wdt reset
load 0x4010f000, len 1384, room 16 
tail 8
chksum 0x2d
csum 0x2d
v8b899c12
~ld


6.01
 0h00:05.436 2022/11/15T16:04:46z: DS3231
 0h00:05.452 2022/11/15T16:04:46z: BME280 (0x76)
 0h00:05.466 2022/11/15T16:04:46z: 84:f3:eb:7d:7:a8
 0h00:05.468 2022/11/15T16:04:46z: SSID: MU Open
 0h00:05.473 2022/11/15T16:04:46z: AP_STAR tmr
 ets Jan  8 2013,rst cause:4, boot mode:(3,7)

wdt reset
load 0x4010f000, len 1384, room 16 
tail 8
chksum 0x2d
csum 0x2d
v8b899c12
~ld


6.01
 0h00:05.732 2022/11/15T16:24:52z: DS3231
 0h00:05.747 2022/11/15T16:24:52z: BME280 (0x76)
 0h00:05.761 2022/11/15T16:24:52z: 84:f3:eb:7d:7:a8
 0h00:05.763 2022/11/15T16:24:52z: SSID: MU Open
 0h00:05.768 2022/11/15T16:24:52z: AP_STAR tmr
 ets Jan  8 2013,rst cause:4, boot mode:(3,7)

wdt reset
load 0x4010f000, len 1384, room 16 
tail 8
chksum 0x2d
csum 0x2d
v8b899c12
~ld


6.01
 0h00:05.572 2022/11/15T16:44:59z: DS3231
 0h00:05.588 2022/11/15T16:44:59z: BME280 (0x76)
 0h00:05.602 2022/11/15T16:44:59z: 84:f3:eb:7d:7:a8
 0h00:05.604 2022/11/15T16:44:59z: SSID: MU Open
 0h00:05.609 2022/11/15T16:44:59z: AP_STAR tmr
 ets Jan  8 2013,rst cause:4, boot mode:(3,7)

wdt reset
load 0x4010f000, len 1384, room 16 
tail 8
chksum 0x2d
csum 0x2d
v8b899c12
~ld


6.01
 0h00:06.326 2022/11/15T17:05:07z: DS3231
 0h00:06.341 2022/11/15T17:05:07z: BME280 (0x76)
 0h00:06.355 2022/11/15T17:05:07z: 84:f3:eb:7d:7:a8
 0h00:06.357 2022/11/15T17:05:07z: SSID: MU Open
 0h00:06.362 2022/11/15T17:05:07z: AP_STAR tmr
 ets Jan  8 2013,rst cause:4, boot mode:(3,7)

wdt reset
load 0x4010f000, len 1384, room 16 
tail 8
chksum 0x2d
csum 0x2d
v8b899c12
~ld


6.01
 0h00:06.462 2022/11/15T17:25:15z: DS3231
 0h00:06.477 2022/11/15T17:25:15z: BME280 (0x76)
 0h00:06.492 2022/11/15T17:25:15z: 84:f3:eb:7d:7:a8
 0h00:06.493 2022/11/15T17:25:15z: SSID: MU Open
 0h00:06.499 2022/11/15T17:25:15z: AP_STAR tmr
 ets Jan  8 2013,rst cause:4, boot mode:(3,7)

wdt reset
load 0x4010f000, len 1384, room 16 
tail 8
chksum 0x2d
csum 0x2d
v8b899c12
~ld


6.01
 0h00:05.818 2022/11/15T17:45:23z: DS3231
 0h00:05.833 2022/11/15T17:45:23z: BME280 (0x76)
 0h00:05.847 2022/11/15T17:45:23z: 84:f3:eb:7d:7:a8
 0h00:05.849 2022/11/15T17:45:23z: SSID: MU Open
 0h00:05.854 2022/11/15T17:45:23z: AP_STAR tmr
 ets Jan  8 2013,rst cause:4, boot mode:(3,7)

wdt reset
load 0x4010f000, len 1384, room 16 
tail 8
chksum 0x2d
csum 0x2d
v8b899c12
~ld


6.01
 0h00:06.157 2022/11/15T18:05:31z: DS3231
 0h00:06.173 2022/11/15T18:05:31z: BME280 (0x76)
 0h00:06.187 2022/11/15T18:05:31z: 84:f3:eb:7d:7:a8
 0h00:06.189 2022/11/15T18:05:31z: SSID: MU Open
 0h00:06.194 2022/11/15T18:05:31z: AP_STAR tmr
 ets Jan  8 2013,rst cause:4, boot mode:(3,7)

wdt reset
load 0x4010f000, len 1384, room 16 
tail 8
chksum 0x2d
csum 0x2d
v8b899c12
~ld


6.01
 0h00:05.577 2022/11/15T18:25:37z: DS3231
 0h00:05.593 2022/11/15T18:25:37z: BME280 (0x76)
 0h00:05.607 2022/11/15T18:25:37z: 84:f3:eb:7d:7:a8
 0h00:05.609 2022/11/15T18:25:37z: SSID: MU Open
 0h00:05.614 2022/11/15T18:25:37z: AP_STAR tmr
 ets Jan  8 2013,rst cause:4, boot mode:(3,7)

wdt reset
load 0x4010f000, len 1384, room 16 
tail 8
chksum 0x2d
csum 0x2d
v8b899c12
~ld


6.01
 0h00:05.905 2022/11/15T18:45:44z: DS3231
 0h00:05.920 2022/11/15T18:45:44z: BME280 (0x76)
 0h00:05.934 2022/11/15T18:45:44z: 84:f3:eb:7d:7:a8
 0h00:05.936 2022/11/15T18:45:44z: SSID: MU Open
 0h00:05.941 2022/11/15T18:45:44z: AP_STAR tmr
 ets Jan  8 2013,rst cause:4, boot mode:(3,7)

wdt reset
load 0x4010f000, len 1384, room 16 
tail 8
chksum 0x2d
csum 0x2d
v8b899c12
~ld


6.01
 0h00:05.922 2022/11/15T19:05:51z: DS3231
 0h00:05.937 2022/11/15T19:05:51z: BME280 (0x76)
 0h00:05.951 2022/11/15T19:05:51z: 84:f3:eb:7d:7:a8
 0h00:05.953 2022/11/15T19:05:51z: SSID: MU Open
 0h00:05.958 2022/11/15T19:05:51z: AP_STAR tmr
 ets Jan  8 2013,rst cause:4, boot mode:(3,7)

wdt reset
load 0x4010f000, len 1384, room 16 
tail 8
chksum 0x2d
csum 0x2d
v8b899c12
~ld


6.01
 0h00:06.072 2022/11/15T19:25:58z: DS3231
 0h00:06.087 2022/11/15T19:25:58z: BME280 (0x76)
 0h00:06.101 2022/11/15T19:25:58z: 84:f3:eb:7d:7:a8
 0h00:06.103 2022/11/15T19:25:58z: SSID: MU Open
 0h00:06.108 2022/11/15T19:25:58z: AP_STAR tmr
 ets Jan  8 2013,rst cause:4, boot mode:(3,7)

wdt reset
load 0x4010f000, len 1384, room 16 
tail 8
chksum 0x2d
csum 0x2d
v8b899c12
~ld


6.01
 0h00:06.218 2022/11/15T19:46:06z: DS3231
 0h00:06.234 2022/11/15T19:46:06z: BME280 (0x76)
 0h00:06.248 2022/11/15T19:46:06z: 84:f3:eb:7d:7:a8
 0h00:06.250 2022/11/15T19:46:06z: SSID: MU Open
 0h00:06.255 2022/11/15T19:46:06z: AP_STAR tmr
 ets Jan  8 2013,rst cause:4, boot mode:(3,7)

wdt reset
load 0x4010f000, len 1384, room 16 
tail 8
chksum 0x2d
csum 0x2d
v8b899c12
~ld


6.01
 0h00:05.992 2022/11/15T20:06:14z: DS3231
 0h00:06.008 2022/11/15T20:06:14z: BME280 (0x76)
 0h00:06.022 2022/11/15T20:06:14z: 84:f3:eb:7d:7:a8
 0h00:06.024 2022/11/15T20:06:14z: SSID: MU Open
 0h00:06.029 2022/11/15T20:06:14z: AP_STAR tmr
 ets Jan  8 2013,rst cause:4, boot mode:(3,7)

wdt reset
load 0x4010f000, len 1384, room 16 
tail 8
chksum 0x2d
csum 0x2d
v8b899c12
~ld


6.01
 0h00:05.908 2022/11/15T20:26:20z: DS3231
 0h00:05.923 2022/11/15T20:26:20z: BME280 (0x76)
 0h00:05.938 2022/11/15T20:26:20z: 84:f3:eb:7d:7:a8
 0h00:05.939 2022/11/15T20:26:20z: SSID: MU Open
 0h00:05.944 2022/11/15T20:26:20z: AP_STAR tmr
 ets Jan  8 2013,rst cause:4, boot mode:(3,7)

wdt reset
load 0x4010f000, len 1384, room 16 
tail 8
chksum 0x2d
csum 0x2d
v8b899c12
~ld


6.01
 0h00:05.516 2022/11/15T20:46:26z: DS3231
 0h00:05.532 2022/11/15T20:46:26z: BME280 (0x76)
 0h00:05.546 2022/11/15T20:46:26z: 84:f3:eb:7d:7:a8
 0h00:05.547 2022/11/15T20:46:26z: SSID: MU Open
 0h00:05.553 2022/11/15T20:46:26z: AP_STAR tmr
 ets Jan  8 2013,rst cause:4, boot mode:(3,7)

wdt reset
load 0x4010f000, len 1384, room 16 
tail 8
chksum 0x2d
csum 0x2d
v8b899c12
~ld


6.01
 0h00:05.917 2022/11/15T21:06:33z: DS3231
 0h00:05.932 2022/11/15T21:06:33z: BME280 (0x76)
 0h00:05.947 2022/11/15T21:06:33z: 84:f3:eb:7d:7:a8
 0h00:05.948 2022/11/15T21:06:33z: SSID: MU Open
 0h00:05.953 2022/11/15T21:06:33z: AP_STAR tmr
 ets Jan  8 2013,rst cause:4, boot mode:(3,7)

wdt reset
load 0x4010f000, len 1384, room 16 
tail 8
chksum 0x2d
csum 0x2d
v8b899c12
~ld


6.01
 0h00:05.804 2022/11/15T21:26:40z: DS3231
 0h00:05.819 2022/11/15T21:26:40z: BME280 (0x76)
 0h00:05.834 2022/11/15T21:26:40z: 84:f3:eb:7d:7:a8
 0h00:05.835 2022/11/15T21:26:40z: SSID: MU Open
 0h00:05.840 2022/11/15T21:26:40z: AP_STAR tmr
 ets Jan  8 2013,rst cause:4, boot mode:(3,7)

wdt reset
load 0x4010f000, len 1384, room 16 
tail 8
chksum 0x2d
csum 0x2d
v8b899c12
~ld


6.01
 0h00:05.743 2022/11/15T21:46:46z: DS3231
 0h00:05.759 2022/11/15T21:46:46z: BME280 (0x76)
 0h00:05.773 2022/11/15T21:46:46z: 84:f3:eb:7d:7:a8
 0h00:05.774 2022/11/15T21:46:46z: SSID: MU Open
 0h00:05.780 2022/11/15T21:46:46z: AP_STAR tmr
 ets Jan  8 2013,rst cause:4, boot mode:(3,7)

wdt reset
load 0x4010f000, len 1384, room 16 
tail 8
chksum 0x2d
csum 0x2d
v8b899c12
~ld


6.01
 0h00:06.102 2022/11/15T22:06:53z: DS3231
 0h00:06.117 2022/11/15T22:06:53z: BME280 (0x76)
 0h00:06.131 2022/11/15T22:06:53z: 84:f3:eb:7d:7:a8
 0h00:06.133 2022/11/15T22:06:53z: SSID: MU Open
 0h00:06.138 2022/11/15T22:06:53z: AP_STAR tmr
 ets Jan  8 2013,rst cause:4, boot mode:(3,7)

wdt reset
load 0x4010f000, len 1384, room 16 
tail 8
chksum 0x2d
csum 0x2d
v8b899c12
~ld


6.01
 0h00:06.091 2022/11/15T22:27:01z: DS3231
 0h00:06.107 2022/11/15T22:27:01z: BME280 (0x76)
 0h00:06.121 2022/11/15T22:27:01z: 84:f3:eb:7d:7:a8
 0h00:06.123 2022/11/15T22:27:01z: SSID: MU Open
 0h00:06.128 2022/11/15T22:27:01z: AP_STAR tmr
 ets Jan  8 2013,rst cause:4, boot mode:(3,7)

wdt reset
load 0x4010f000, len 1384, room 16 
tail 8
chksum 0x2d
csum 0x2d
v8b899c12
~ld


6.01
 0h00:06.138 2022/11/15T22:47:08z: DS3231
 0h00:06.154 2022/11/15T22:47:08z: BME280 (0x76)
 0h00:06.168 2022/11/15T22:47:08z: 84:f3:eb:7d:7:a8
 0h00:06.170 2022/11/15T22:47:08z: SSID: MU Open
 0h00:06.175 2022/11/15T22:47:08z: AP_STAR tmr
 ets Jan  8 2013,rst cause:4, boot mode:(3,7)

wdt reset
load 0x4010f000, len 1384, room 16 
tail 8
chksum 0x2d
csum 0x2d
v8b899c12
~ld


6.01
 0h00:06.215 2022/11/15T23:07:16z: DS3231
 0h00:06.230 2022/11/15T23:07:16z: BME280 (0x76)
 0h00:06.244 2022/11/15T23:07:16z: 84:f3:eb:7d:7:a8
 0h00:06.246 2022/11/15T23:07:16z: SSID: MU Open
 0h00:06.251 2022/11/15T23:07:16z: AP_STAR tmr
 ets Jan  8 2013,rst cause:4, boot mode:(3,7)

wdt reset
load 0x4010f000, len 1384, room 16 
tail 8
chksum 0x2d
csum 0x2d
v8b899c12
~ld


6.01
 0h00:06.042 2022/11/15T23:27:24z: DS3231
 0h00:06.057 2022/11/15T23:27:24z: BME280 (0x76)
 0h00:06.071 2022/11/15T23:27:24z: 84:f3:eb:7d:7:a8
 0h00:06.073 2022/11/15T23:27:24z: SSID: MU Open
 0h00:06.078 2022/11/15T23:27:24z: AP_STAR tmr
 ets Jan  8 2013,rst cause:4, boot mode:(3,7)

wdt reset
load 0x4010f000, len 1384, room 16 
tail 8
chksum 0x2d
csum 0x2d
v8b899c12
~ld


6.01
 0h00:06.125 2022/11/15T23:47:31z: DS3231
 0h00:06.141 2022/11/15T23:47:31z: BME280 (0x76)
 0h00:06.155 2022/11/15T23:47:31z: 84:f3:eb:7d:7:a8
 0h00:06.156 2022/11/15T23:47:31z: SSID: MU Open
 0h00:06.162 2022/11/15T23:47:31z: AP_STA