R tmr
 ets Jan  8 2013,rst cause:4, boot mode:(3,7)

wdt reset
load 0x4010f000, len 1384, room 16 
tail 8
chksum 0x2d
csum 0x2d
v8b899c12
~ld


6.01
 0h00:04.385 2022/06/21T00:15:53z: DS3231
 0h00:04.401 2022/06/21T00:15:53z: BME280 (0x76)
 0h00:04.415 2022/06/21T00:15:53z: 84:f3:eb:7d:7:a8
 0h00:04.416 2022/06/21T00:15:53z: SSID: MU Open
 0h00:04.422 2022/06/21T00:15:53z: AP_STAR tmr
 ets Jan  8 2013,rst cause:4, boot mode:(3,7)

wdt reset
load 0x4010f000, len 1384, room 16 
tail 8
chksum 0x2d
csum 0x2d
v8b899c12
~ld


6.01
 0h00:04.495 2022/06/21T00:35:54z: DS3231
 0h00:04.510 2022/06/21T00:35:54z: BME280 (0x76)
 0h00:04.524 2022/06/21T00:35:54z: 84:f3:eb:7d:7:a8
 0h00:04.526 2022/06/21T00:35:54z: SSID: MU Open
 0h00:04.531 2022/06/21T00:35:54z: AP_STAR tmr
 ets Jan  8 2013,rst cause:4, boot mode:(3,7)

wdt reset
load 0x4010f000, len 1384, room 16 
tail 8
chksum 0x2d
csum 0x2d
v8b899c12
~ld


6.01
 0h00:04.429 2022/06/21T00:55:56z: DS3231
 0h00:04.444 2022/06/21T00:55:56z: BME280 (0x76)
 0h00:04.459 2022/06/21T00:55:56z: 84:f3:eb:7d:7:a8
 0h00:04.460 2022/06/21T00:55:56z: SSID: MU Open
 0h00:04.465 2022/06/21T00:55:56z: AP_STAR tmr
 ets Jan  8 2013,rst cause:4, boot mode:(3,7)

wdt reset
load 0x4010f000, len 1384, room 16 
tail 8
chksum 0x2d
csum 0x2d
v8b899c12
~ld


6.01
 0h00:04.208 2022/06/21T01:15:58z: DS3231
 0h00:04.223 2022/06/21T01:15:58z: BME280 (0x76)
 0h00:04.237 2022/06/21T01:15:58z: 84:f3:eb:7d:7:a8
 0h00:04.239 2022/06/21T01:15:58z: SSID: MU Open
 0h00:04.244 2022/06/21T01:15:58z: AP_STAR tmr
 ets Jan  8 2013,rst cause:4, boot mode:(3,7)

wdt reset
load 0x4010f000, len 1384, room 16 
tail 8
chksum 0x2d
csum 0x2d
v8b899c12
~ld


6.01
 0h00:04.401 2022/06/21T01:36:00z: DS3231
 0h00:04.417 2022/06/21T01:36:00z: BME280 (0x76)
 0h00:04.431 2022/06/21T01:36:00z: 84:f3:eb:7d:7:a8
 0h00:04.432 2022/06/21T01:36:00z: SSID: MU Open
 0h00:04.438 2022/06/21T01:36:00z: AP_STAR tmr
 ets Jan  8 2013,rst cause:4, boot mode:(3,7)

wdt reset
load 0x4010f000, len 1384, room 16 
tail 8
chksum 0x2d
csum 0x2d
v8b899c12
~ld


6.01
 0h00:04.376 2022/06/21T01:56:02z: DS3231
 0h00:04.391 2022/06/21T01:56:02z: BME280 (0x76)
 0h00:04.406 2022/06/21T01:56:02z: 84:f3:eb:7d:7:a8
 0h00:04.407 2022/06/21T01:56:02z: SSID: MU Open
 0h00:04.412 2022/06/21T01:56:02z: AP_STAR tmr
 ets Jan  8 2013,rst cause:4, boot mode:(3,7)

wdt reset
load 0x4010f000, len 1384, room 16 
tail 8
chksum 0x2d
csum 0x2d
v8b899c12
~ld


6.01
 0h00:04.378 2022/06/21T02:16:05z: DS3231
 0h00:04.393 2022/06/21T02:16:05z: BME280 (0x76)
 0h00:04.408 2022/06/21T02:16:05z: 84:f3:eb:7d:7:a8
 0h00:04.409 2022/06/21T02:16:05z: SSID: MU Open
 0h00:04.414 2022/06/21T02:16:05z: AP_STAR tmr
 ets Jan  8 2013,rst cause:4, boot mode:(3,7)

wdt reset
load 0x4010f000, len 1384, room 16 
tail 8
chksum 0x2d
csum 0x2d
v8b899c12
~ld


6.01
 0h00:04.473 2022/06/21T02:36:07z: DS3231
 0h00:04.488 2022/06/21T02:36:07z: BME280 (0x76)
 0h00:04.502 2022/06/21T02:36:07z: 84:f3:eb:7d:7:a8
 0h00:04.504 2022/06/21T02:36:07z: SSID: MU Open
 0h00:04.509 2022/06/21T02:36:07z: AP_STAR tmr
 ets Jan  8 2013,rst cause:4, boot mode:(3,7)

wdt reset
load 0x4010f000, len 1384, room 16 
tail 8
chksum 0x2d
csum 0x2d
v8b899c12
~ld


6.01
 0h00:04.536 2022/06/21T02:56:10z: DS3231
 0h00:04.552 2022/06/21T02:56:10z: BME280 (0x76)
 0h00:04.566 2022/06/21T02:56:10z: 84:f3:eb:7d:7:a8
 0h00:04.567 2022/06/21T02:56:10z: SSID: MU Open
 0h00:04.573 2022/06/21T02:56:10z: AP_STAR tmr
 ets Jan  8 2013,rst cause:4, boot mode:(3,7)

wdt reset
load 0x4010f000, len 1384, room 16 
tail 8
chksum 0x2d
csum 0x2d
v8b899c12
~ld


6.01
 0h00:04.572 2022/06/21T03:16:12z: DS3231
 0h00:04.587 2022/06/21T03:16:12z: BME280 (0x76)
 0h00:04.601 2022/06/21T03:16:12z: 84:f3:eb:7d:7:a8
 0h00:04.603 2022/06/21T03:16:12z: SSID: MU Open
 0h00:04.608 2022/06/21T03:16:12z: AP_STAR tmr
 ets Jan  8 2013,rst cause:4, boot mode:(3,7)

wdt reset
load 0x4010f000, len 1384, room 16 
tail 8
chksum 0x2d
csum 0x2d
v8b899c12
~ld


6.01
 0h00:04.584 2022/06/21T03:36:13z: DS3231
 0h00:04.599 2022/06/21T03:36:13z: BME280 (0x76)
 0h00:04.614 2022/06/21T03:36:13z: 84:f3:eb:7d:7:a8
 0h00:04.615 2022/06/21T03:36:13z: SSID: MU Open
 0h00:04.620 2022/06/21T03:36:13z: AP_STAR tmr
 ets Jan  8 2013,rst cause:4, boot mode:(3,7)

wdt reset
load 0x4010f000, len 1384, room 16 
tail 8
chksum 0x2d
csum 0x2d
v8b899c12
~ld


6.01
 0h00:04.422 2022/06/21T03:56:16z: DS3231
 0h00:04.437 2022/06/21T03:56:16z: BME280 (0x76)
 0h00:04.451 2022/06/21T03:56:16z: 84:f3:eb:7d:7:a8
 0h00:04.453 2022/06/21T03:56:16z: SSID: MU Open
 0h00:04.458 2022/06/21T03:56:16z: AP_STAR tmr
 ets Jan  8 2013,rst cause:4, boot mode:(3,7)

wdt reset
load 0x4010f000, len 1384, room 16 
tail 8
chksum 0x2d
csum 0x2d
v8b899c12
~ld


6.01
 0h00:04.423 2022/06/21T04:16:18z: DS3231
 0h00:04.438 2022/06/21T04:16:18z: BME280 (0x76)
 0h00:04.452 2022/06/21T04:16:18z: 84:f3:eb:7d:7:a8
 0h00:04.454 2022/06/21T04:16:18z: SSID: MU Open
 0h00:04.459 2022/06/21T04:16:18z: AP_STAR tmr
 ets Jan  8 2013,rst cause:4, boot mode:(3,7)

wdt reset
load 0x4010f000, len 1384, room 16 
tail 8
chksum 0x2d
csum 0x2d
v8b899c12
~ld


6.01
 0h00:04.664 2022/06/21T04:36:20z: DS3231
 0h00:04.679 2022/06/21T04:36:20z: BME280 (0x76)
 0h00:04.693 2022/06/21T04:36:20z: 84:f3:eb:7d:7:a8
 0h00:04.695 2022/06/21T04:36:20z: SSID: MU Open
 0h00:04.700 2022/06/21T04:36:20z: AP_STAR tmr
 ets Jan  8 2013,rst cause:4, boot mode:(3,7)

wdt reset
load 0x4010f000, len 1384, room 16 
tail 8
chksum 0x2d
csum 0x2d
v8b899c12
~ld


6.01
 0h00:04.460 2022/06/21T04:56:22z: DS3231
 0h00:04.476 2022/06/21T04:56:22z: BME280 (0x76)
 0h00:04.490 2022/06/21T04:56:22z: 84:f3:eb:7d:7:a8
 0h00:04.492 2022/06/21T04:56:22z: SSID: MU Open
 0h00:04.497 2022/06/21T04:56:22z: AP_STAR tmr
 ets Jan  8 2013,rst cause:4, boot mode:(3,7)

wdt reset
load 0x4010f000, len 1384, room 16 
tail 8
chksum 0x2d
csum 0x2d
v8b899c12
~ld


6.01
 0h00:04.524 2022/06/21T05:16:24z: DS3231
 0h00:04.540 2022/06/21T05:16:24z: BME280 (0x76)
 0h00:04.554 2022/06/21T05:16:24z: 84:f3:eb:7d:7:a8
 0h00:04.555 2022/06/21T05:16:24z: SSID: MU Open
 0h00:04.561 2022/06/21T05:16:24z: AP_STAR tmr
 ets Jan  8 2013,rst cause:4, boot mode:(3,7)

wdt reset
load 0x4010f000, len 1384, room 16 
tail 8
chksum 0x2d
csum 0x2d
v8b899c12
~ld


6.01
 0h00:04.676 2022/06/21T05:36:27z: DS3231
 0h00:04.691 2022/06/21T05:36:27z: BME280 (0x76)
 0h00:04.705 2022/06/21T05:36:27z: 84:f3:eb:7d:7:a8
 0h00:04.707 2022/06/21T05:36:27z: SSID: MU Open
 0h00:04.712 2022/06/21T05:36:27z: AP_STAR tmr
 ets Jan  8 2013,rst cause:4, boot mode:(3,7)

wdt reset
load 0x4010f000, len 1384, room 16 
tail 8
chksum 0x2d
csum 0x2d
v8b899c12
~ld


6.01
 0h00:04.553 2022/06/21T05:56:30z: DS3231
 0h00:04.568 2022/06/21T05:56:30z: BME280 (0x76)
 0h00:04.582 2022/06/21T05:56:30z: 84:f3:eb:7d:7:a8
 0h00:04.584 2022/06/21T05:56:30z: SSID: MU Open
 0h00:04.589 2022/06/21T05:56:30z: AP_STAR tmr
 ets Jan  8 2013,rst cause:4, boot mode:(3,7)

wdt reset
load 0x4010f000, len 1384, room 16 
tail 8
chksum 0x2d
csum 0x2d
v8b899c12
~ld


6.01
 0h00:04.682 2022/06/21T06:16:32z: DS3231
 0h00:04.697 2022/06/21T06:16:32z: BME280 (0x76)
 0h00:04.711 2022/06/21T06:16:32z: 84:f3:eb:7d:7:a8
 0h00:04.713 2022/06/21T06:16:32z: SSID: MU Open
 0h00:04.718 2022/06/21T06:16:32z: AP_STAR tmr
 ets Jan  8 2013,rst cause:4, boot mode:(3,7)

wdt reset
load 0x4010f000, len 1384, room 16 
tail 8
chksum 0x2d
csum 0x2d
v8b899c12
~ld


6.01
 0h00:04.274 2022/06/21T06:36:34z: DS3231
 0h00:04.290 2022/06/21T06:36:34z: BME280 (0x76)
 0h00:04.304 2022/06/21T06:36:34z: 84:f3:eb:7d:7:a8
 0h00:04.306 2022/06/21T06:36:34z: SSID: MU Open
 0h00:04.311 2022/06/21T06:36:34z: AP_STAR tmr
 ets Jan  8 2013,rst cause:4, boot mode:(3,7)

wdt reset
load 0x4010f000, len 1384, room 16 
tail 8
chksum 0x2d
csum 0x2d
v8b899c12
~ld


6.01
 0h00:04.463 2022/06/21T06:56:37z: DS3231
 0h00:04.479 2022/06/21T06:56:37z: BME280 (0x76)
 0h00:04.493 2022/06/21T06:56:37z: 84:f3:eb:7d:7:a8
 0h00:04.495 2022/06/21T06:56:37z: SSID: MU Open
 0h00:04.500 2022/06/21T06:56:37z: AP_STAR tmr
 ets Jan  8 2013,rst cause:4, boot mode:(3,7)

wdt reset
load 0x4010f000, len 1384, room 16 
tail 8
chksum 0x2d
csum 0x2d
v8b899c12
~ld


6.01
 0h00:04.403 2022/06/21T07:16:39z: DS3231
 0h00:04.418 2022/06/21T07:16:39z: BME280 (0x76)
 0h00:04.432 2022/06/21T07:16:39z: 84:f3:eb:7d:7:a8
 0h00:04.434 2022/06/21T07:16:39z: SSID: MU Open
 0h00:04.439 2022/06/21T07:16:39z: AP_STAR tmr
 ets Jan  8 2013,rst cause:4, boot mode:(3,7)

wdt reset
load 0x4010f000, len 1384, room 16 
tail 8
chksum 0x2d
csum 0x2d
v8b899c12
~ld


6.01
 0h00:04.625 2022/06/21T07:36:41z: DS3231
 0h00:04.640 2022/06/21T07:36:41z: BME280 (0x76)
 0h00:04.655 2022/06/21T07:36:41z: 84:f3:eb:7d:7:a8
 0h00:04.656 2022/06/21T07:36:41z: SSID: MU Open
 0h00:04.661 2022/06/21T07:36:41z: AP_STAR tmr
 ets Jan  8 2013,rst cause:4, boot mode:(3,7)

wdt reset
load 0x4010f000, len 1384, room 16 
tail 8
chksum 0x2d
csum 0x2d
v8b899c12
~ld


6.01
 0h00:04.447 2022/06/21T07:56:43z: DS3231
 0h00:04.462 2022/06/21T07:56:43z: BME280 (0x76)
 0h00:04.476 2022/06/21T07:56:43z: 84:f3:eb:7d:7:a8
 0h00:04.478 2022/06/21T07:56:43z: SSID: MU Open
 0h00:04.483 2022/06/21T07:56:43z: AP_STAR tmr
 ets Jan  8 2013,rst cause:4, boot mode:(3,7)

wdt reset
load 0x4010f000, len 1384, room 16 
tail 8
chksum 0x2d
csum 0x2d
v8b899c12
~ld


6.01
 0h00:04.565 2022/06/21T08:16:45z: DS3231
 0h00:04.580 2022/06/21T08:16:45z: BME280 (0x76)
 0h00:04.595 2022/06/21T08:16:45z: 84:f3:eb:7d:7:a8
 0h00:04.596 2022/06/21T08:16:45z: SSID: MU Open
 0h00:04.601 2022/06/21T08:16:45z: AP_STAR tmr
 ets Jan  8 2013,rst cause:4, boot mode:(3,7)

wdt reset
load 0x4010f000, len 1384, room 16 
tail 8
chksum 0x2d
csum 0x2d
v8b899c12
~ld


6.01
 0h00:04.396 2022/06/21T08:36:48z: DS3231
 0h00:04.411 2022/06/21T08:36:48z: BME280 (0x76)
 0h00:04.426 2022/06/21T08:36:48z: 84:f3:eb:7d:7:a8
 0h00:04.427 2022/06/21T08:36:48z: SSID: MU Open
 0h00:04.432 2022/06/21T08:36:48z: AP_STAR tmr
 ets Jan  8 2013,rst cause:4, boot mode:(3,7)

wdt reset
load 0x4010f000, len 1384, room 16 
tail 8
chksum 0x2d
csum 0x2d
v8b899c12
~ld


6.01
 0h00:04.604 2022/06/21T08:56:50z: DS3231
 0h00:04.620 2022/06/21T08:56:50z: BME280 (0x76)
 0h00:04.634 2022/06/21T08:56:50z: 84:f3:eb:7d:7:a8
 0h00:04.635 2022/06/21T08:56:50z: SSID: MU Open
 0h00:04.641 2022/06/21T08:56:50z: AP_STAR tmr
 ets Jan  8 2013,rst cause:4, boot mode:(3,7)

wdt reset
load 0x4010f000, len 1384, room 16 
tail 8
chksum 0x2d
csum 0x2d
v8b899c12
~ld


6.01
 0h00:04.448 2022/06/21T09:16:53z: DS3231
 0h00:04.463 2022/06/21T09:16:53z: BME280 (0x76)
 0h00:04.477 2022/06/21T09:16:53z: 84:f3:eb:7d:7:a8
 0h00:04.479 2022/06/21T09:16:53z: SSID: MU Open
 0h00:04.484 2022/06/21T09:16:53z: AP_STAR tmr
 ets Jan  8 2013,rst cause:4, boot mode:(3,7)

wdt reset
load 0x4010f000, len 1384, room 16 
tail 8
chksum 0x2d
csum 0x2d
v8b899c12
~ld


6.01
 0h00:04.544 2022/06/21T09:36:55z: DS3231
 0h00:04.559 2022/06/21T09:36:55z: BME280 (0x76)
 0h00:04.574 2022/06/21T09:36:55z: 84:f3:eb:7d:7:a8
 0h00:04.575 2022/06/21T09:36:55z: SSID: MU Open
 0h00:04.580 2022/06/21T09:36:55z: AP_STAR tmr
 ets Jan  8 2013,rst cause:4, boot mode:(3,7)

wdt reset
load 0x4010f000, len 1384, room 16 
tail 8
chksum 0x2d
csum 0x2d
v8b899c12
~ld


6.01
 0h00:04.634 2022/06/21T09:56:57z: DS3231
 0h00:04.650 2022/06/21T09:56:57z: BME280 (0x76)
 0h00:04.664 2022/06/21T09:56:57z: 84:f3:eb:7d:7:a8
 0h00:04.666 2022/06/21T09:56:57z: SSID: MU Open
 0h00:04.671 2022/06/21T09:56:57z: AP_STAR tmr
 ets Jan  8 2013,rst cause:4, boot mode:(3,7)

wdt reset
load 0x4010f000, len 1384, room 16 
tail 8
chksum 0x2d
csum 0x2d
v8b899c12
~ld


6.01
 0h00:04.630 2022/06/21T10:16:59z: DS3231
 0h00:04.646 2022/06/21T10:16:59z: BME280 (0x76)
 0h00:04.660 2022/06/21T10:16:59z: 84:f3:eb:7d:7:a8
 0h00:04.662 2022/06/21T10:16:59z: SSID: MU Open
 0h00:04.667 2022/06/21T10:16:59z: AP_STAR tmr
 ets Jan  8 2013,rst cause:4, boot mode:(3,7)

wdt reset
load 0x4010f000, len 1384, room 16 
tail 8
chksum 0x2d
csum 0x2d
v8b899c12
~ld


6.01
 0h00:04.250 2022/06/21T10:37:01z: DS3231
 0h00:04.265 2022/06/21T10:37:01z: BME280 (0x76)
 0h00:04.280 2022/06/21T10:37:01z: 84:f3:eb:7d:7:a8
 0h00:04.281 2022/06/21T10:37:01z: SSID: MU Open
 0h00:04.286 2022/06/21T10:37:01z: AP_STAR tmr
 ets Jan  8 2013,rst cause:4, boot mode:(3,7)

wdt reset
load 0x4010f000, len 1384, room 16 
tail 8
chksum 0x2d
csum 0x2d
v8b899c12
~ld


6.01
 0h00:04.702 2022/06/21T10:57:04z: DS3231
 0h00:04.717 2022/06/21T10:57:04z: BME280 (0x76)
 0h00:04.731 2022/06/21T10:57:04z: 84:f3:eb:7d:7:a8
 0h00:04.733 2022/06/21T10:57:04z: SSID: MU Open
 0h00:04.738 2022/06/21T10:57:04z: AP_STAR tmr
 ets Jan  8 2013,rst cause:4, boot mode:(3,7)

wdt reset
load 0x4010f000, len 1384, room 16 
tail 8
chksum 0x2d
csum 0x2d
v8b899c12
~ld


6.01
 0h00:04.753 2022/06/21T11:17:07z: DS3231
 0h00:04.768 2022/06/21T11:17:07z: BME280 (0x76)
 0h00:04.783 2022/06/21T11:17:07z: 84:f3:eb:7d:7:a8
 0h00:04.784 2022/06/21T11:17:07z: SSID: MU Open
 0h00:04.789 2022/06/21T11:17:07z: AP_STAR tmr
 ets Jan  8 2013,rst cause:4, boot mode:(3,7)

wdt reset
load 0x4010f000, len 1384, room 16 
tail 8
chksum 0x2d
csum 0x2d
v8b899c12
~ld


6.01
 0h00:04.717 2022/06/21T11:37:09z: DS3231
 0h00:04.732 2022/06/21T11:37:09z: BME280 (0x76)
 0h00:04.746 2022/06/21T11:37:09z: 84:f3:eb:7d:7:a8
 0h00:04.748 2022/06/21T11:37:09z: SSID: MU Open
 0h00:04.753 2022/06/21T11:37:09z: AP_STAR tmr
 ets Jan  8 2013,rst cause:4, boot mode:(3,7)

wdt reset
load 0x4010f000, len 1384, room 16 
tail 8
chksum 0x2d
csum 0x2d
v8b899c12
~ld


6.01
 0h00:04.625 2022/06/21T11:57:11z: DS3231
 0h00:04.640 2022/06/21T11:57:11z: BME280 (0x76)
 0h00:04.654 2022/06/21T11:57:11z: 84:f3:eb:7d:7:a8
 0h00:04.656 2022/06/21T11:57:11z: SSID: MU Open
 0h00:04.661 2022/06/21T11:57:11z: AP_STAR tmr
 ets Jan  8 2013,rst cause:4, boot mode:(3,7)

wdt reset
load 0x4010f000, len 1384, room 16 
tail 8
chksum 0x2d
csum 0x2d
v8b899c12
~ld


6.01
 0h00:04.713 2022/06/21T12:17:13z: DS3231
 0h00:04.728 2022/06/21T12:17:13z: BME280 (0x76)
 0h00:04.742 2022/06/21T12:17:13z: 84:f3:eb:7d:7:a8
 0h00:04.744 2022/06/21T12:17:13z: SSID: MU Open
 0h00:04.749 2022/06/21T12:17:13z: AP_STAR tmr
 ets Jan  8 2013,rst cause:4, boot mode:(3,7)

wdt reset
load 0x4010f000, len 1384, room 16 
tail 8
chksum 0x2d
csum 0x2d
v8b899c12
~ld


6.01
 0h00:04.574 2022/06/21T12:37:15z: DS3231
 0h00:04.589 2022/06/21T12:37:15z: BME280 (0x76)
 0h00:04.604 2022/06/21T12:37:15z: 84:f3:eb:7d:7:a8
 0h00:04.605 2022/06/21T12:37:15z: SSID: MU Open
 0h00:04.611 2022/06/21T12:37:15z: AP_STAR tmr
 ets Jan  8 2013,rst cause:4, boot mode:(3,7)

wdt reset
load 0x4010f000, len 1384, room 16 
tail 8
chksum 0x2d
csum 0x2d
v8b899c12
~ld


6.01
 0h00:04.611 2022/06/21T12:57:18z: DS3231
 0h00:04.626 2022/06/21T12:57:18z: BME280 (0x76)
 0h00:04.640 2022/06/21T12:57:18z: 84:f3:eb:7d:7:a8
 0h00:04.642 2022/06/21T12:57:18z: SSID: MU Open
 0h00:04.647 2022/06/21T12:57:18z: AP_STAR tmr
 ets Jan  8 2013,rst cause:4, boot mode:(3,7)

wdt reset
load 0x4010f000, len 1384, room 16 
tail 8
chksum 0x2d
csum 0x2d
v8b899c12
~ld


6.01
 0h00:04.536 2022/06/21T13:17:19z: DS3231
 0h00:04.552 2022/06/21T13:17:19z: BME280 (0x76)
 0h00:04.566 2022/06/21T13:17:19z: 84:f3:eb:7d:7:a8
 0h00:04.568 2022/06/21T13:17:19z: SSID: MU Open
 0h00:04.573 2022/06/21T13:17:19z: AP_STAR tmr
 ets Jan  8 2013,rst cause:4, boot mode:(3,7)

wdt reset
load 0x4010f000, len 1384, room 16 
tail 8
chksum 0x2d
csum 0x2d
v8b899c12
~ld


6.01
 0h00:04.607 2022/06/21T13:37:21z: DS3231
 0h00:04.623 2022/06/21T13:37:21z: BME280 (0x76)
 0h00:04.637 2022/06/21T13:37:21z: 84:f3:eb:7d:7:a8
 0h00:04.639 2022/06/21T13:37:21z: SSID: MU Open
 0h00:04.644 2022/06/21T13:37:21z: AP_STAR tmr
 ets Jan  8 2013,rst cause:4, boot mode:(3,7)

wdt reset
load 0x4010f000, len 1384, room 16 
tail 8
chksum 0x2d
csum 0x2d
v8b899c12
~ld


6.01
 0h00:04.566 2022/06/21T13:57:23z: DS3231
 0h00:04.581 2022/06/21T13:57:23z: BME280 (0x76)
 0h00:04.595 2022/06/21T13:57:23z: 84:f3:eb:7d:7:a8
 0h00:04.597 2022/06/21T13:57:23z: SSID: MU Open
 0h00:04.602 2022/06/21T13:57:23z: AP_STAR tmr
 ets Jan  8 2013,rst cause:4, boot mode:(3,7)

wdt reset
load 0x4010f000, len 1384, room 16 
tail 8
chksum 0x2d
csum 0x2d
v8b899c12
~ld


6.01
 0h00:04.466 2022/06/21T14:17:26z: DS3231
 0h00:04.481 2022/06/21T14:17:26z: BME280 (0x76)
 0h00:04.495 2022/06/21T14:17:26z: 84:f3:eb:7d:7:a8
 0h00:04.497 2022/06/21T14:17:26z: SSID: MU Open
 0h00:04.502 2022/06/21T14:17:26z: AP_STAR tmr
 ets Jan  8 2013,rst cause:4, boot mode:(3,7)

wdt reset
load 0x4010f000, len 1384, room 16 
tail 8
chksum 0x2d
csum 0x2d
v8b899c12
~ld


6.01
 0h00:04.390 2022/06/21T14:37:29z: DS3231
 0h00:04.405 2022/06/21T14:37:29z: BME280 (0x76)
 0h00:04.419 2022/06/21T14:37:29z: 84:f3:eb:7d:7:a8
 0h00:04.421 2022/06/21T14:37:29z: SSID: MU Open
 0h00:04.426 2022/06/21T14:37:29z: AP_STAR tmr
 ets Jan  8 2013,rst cause:4, boot mode:(3,7)

wdt reset
load 0x4010f000, len 1384, room 16 
tail 8
chksum 0x2d
csum 0x2d
v8b899c12
~ld


6.01
 0h00:04.519 2022/06/21T14:57:31z: DS3231
 0h00:04.534 2022/06/21T14:57:31z: BME280 (0x76)
 0h00:04.549 2022/06/21T14:57:31z: 84:f3:eb:7d:7:a8
 0h00:04.550 2022/06/21T14:57:31z: SSID: MU Open
 0h00:04.555 2022/06/21T14:57:31z: AP_STAR tmr
 ets Jan  8 2013,rst cause:4, boot mode:(3,7)

wdt reset
load 0x4010f000, len 1384, room 16 
tail 8
chksum 0x2d
csum 0x2d
v8b899c12
~ld


6.01
 0h00:04.424 2022/06/21T15:17:33z: DS3231
 0h00:04.440 2022/06/21T15:17:33z: BME280 (0x76)
 0h00:04.454 2022/06/21T15:17:33z: 84:f3:eb:7d:7:a8
 0h00:04.456 2022/06/21T15:17:33z: SSID: MU Open
 0h00:04.461 2022/06/21T15:17:33z: AP_STAR tmr
 ets Jan  8 2013,rst cause:4, boot mode:(3,7)

wdt reset
load 0x4010f000, len 1384, room 16 
tail 8
chksum 0x2d
csum 0x2d
v8b899c12
~ld


6.01
 0h00:04.504 2022/06/21T15:37:36z: DS3231
 0h00:04.519 2022/06/21T15:37:36z: BME280 (0x76)
 0h00:04.533 2022/06/21T15:37:36z: 84:f3:eb:7d:7:a8
 0h00:04.535 2022/06/21T15:37:36z: SSID: MU Open
 0h00:04.540 2022/06/21T15:37:36z: AP_STAR tmr
 ets Jan  8 2013,rst cause:4, boot mode:(3,7)

wdt reset
load 0x4010f000, len 1384, room 16 
tail 8
chksum 0x2d
csum 0x2d
v8b899c12
~ld


6.01
 0h00:04.516 2022/06/21T15:57:38z: DS3231
 0h00:04.531 2022/06/21T15:57:38z: BME280 (0x76)
 0h00:04.545 2022/06/21T15:57:38z: 84:f3:eb:7d:7:a8
 0h00:04.547 2022/06/21T15:57:38z: SSID: MU Open
 0h00:04.552 2022/06/21T15:57:38z: AP_STAR tmr
 ets Jan  8 2013,rst cause:4, boot mode:(3,7)

wdt reset
load 0x4010f000, len 1384, room 16 
tail 8
chksum 0x2d
csum 0x2d
v8b899c12
~ld


6.01
 0h00:04.425 2022/06/21T16:17:40z: DS3231
 0h00:04.440 2022/06/21T16:17:40z: BME280 (0x76)
 0h00:04.454 2022/06/21T16:17:40z: 84:f3:eb:7d:7:a8
 0h00:04.456 2022/06/21T16:17:40z: SSID: MU Open
 0h00:04.461 2022/06/21T16:17:40z: AP_STAR tmr
 ets Jan  8 2013,rst cause:4, boot mode:(3,7)

wdt reset
load 0x4010f000, len 1384, room 16 
tail 8
chksum 0x2d
csum 0x2d
v8b899c12
~ld


6.01
 0h00:04.513 2022/06/21T16:37:42z: DS3231
 0h00:04.528 2022/06/21T16:37:42z: BME280 (0x76)
 0h00:04.542 2022/06/21T16:37:42z: 84:f3:eb:7d:7:a8
 0h00:04.544 2022/06/21T16:37:42z: SSID: MU Open
 0h00:04.549 2022/06/21T16:37:42z: AP_STAR tmr
 ets Jan  8 2013,rst cause:4, boot mode:(3,7)

wdt reset
load 0x4010f000, len 1384, room 16 
tail 8
chksum 0x2d
csum 0x2d
v8b899c12
~ld


6.01
 0h00:04.550 2022/06/21T16:57:45z: DS3231
 0h00:04.566 2022/06/21T16:57:45z: BME280 (0x76)
 0h00:04.580 2022/06/21T16:57:45z: 84:f3:eb:7d:7:a8
 0h00:04.582 2022/06/21T16:57:45z: SSID: MU Open
 0h00:04.587 2022/06/21T16:57:45z: AP_STAR tmr
 ets Jan  8 2013,rst cause:4, boot mode:(3,7)

wdt reset
load 0x4010f000, len 1384, room 16 
tail 8
chksum 0x2d
csum 0x2d
v8b899c12
~ld


6.01
 0h00:04.519 2022/06/21T17:17:47z: DS3231
 0h00:04.535 2022/06/21T17:17:47z: BME280 (0x76)
 0h00:04.549 2022/06/21T17:17:47z: 84:f3:eb:7d:7:a8
 0h00:04.551 2022/06/21T17:17:47z: SSID: MU Open
 0h00:04.556 2022/06/21T17:17:47z: AP_STAR tmr
 ets Jan  8 2013,rst cause:4, boot mode:(3,7)

wdt reset
load 0x4010f000, len 1384, room 16 
tail 8
chksum 0x2d
csum 0x2d
v8b899c12
~ld


6.01
 0h00:04.209 2022/06/21T17:37:49z: DS3231
 0h00:04.224 2022/06/21T17:37:49z: BME280 (0x76)
 0h00:04.239 2022/06/21T17:37:49z: 84:f3:eb:7d:7:a8
 0h00:04.240 2022/06/21T17:37:49z: SSID: MU Open
 0h00:04.245 2022/06/21T17:37:49z: AP_STAR tmr
 ets Jan  8 2013,rst cause:4, boot mode:(3,7)

wdt reset
load 0x4010f000, len 1384, room 16 
tail 8
chksum 0x2d
csum 0x2d
v8b899c12
~ld


6.01
 0h00:04.377 2022/06/21T17:57:51z: DS3231
 0h00:04.392 2022/06/21T17:57:51z: BME280 (0x76)
 0h00:04.406 2022/06/21T17:57:51z: 84:f3:eb:7d:7:a8
 0h00:04.408 2022/06/21T17:57:51z: SSID: MU Open
 0h00:04.413 2022/06/21T17:57:51z: AP_STAR tmr
 ets Jan  8 2013,rst cause:4, boot mode:(3,7)

wdt reset
load 0x4010f000, len 1384, room 16 
tail 8
chksum 0x2d
csum 0x2d
v8b899c12
~ld


6.01
 0h00:04.151 2022/06/21T18:17:52z: DS3231
 0h00:04.167 2022/06/21T18:17:52z: BME280 (0x76)
 0h00:04.181 2022/06/21T18:17:52z: 84:f3:eb:7d:7:a8
 0h00:04.183 2022/06/21T18:17:52z: SSID: MU Open
 0h00:04.188 2022/06/21T18:17:52z: AP_STAR tmr
 ets Jan  8 2013,rst cause:4, boot mode:(3,7)

wdt reset
load 0x4010f000, len 1384, room 16 
tail 8
chksum 0x2d
csum 0x2d
v8b899c12
~ld


6.01
 0h00:04.184 2022/06/21T18:37:54z: DS3231
 0h00:04.199 2022/06/21T18:37:54z: BME280 (0x76)
 0h00:04.213 2022/06/21T18:37:54z: 84:f3:eb:7d:7:a8
 0h00:04.215 2022/06/21T18:37:54z: SSID: MU Open
 0h00:04.220 2022/06/21T18:37:54z: AP_STAR tmr
 ets Jan  8 2013,rst cause:4, boot mode:(3,7)

wdt reset
load 0x4010f000, len 1384, room 16 
tail 8
chksum 0x2d
csum 0x2d
v8b899c12
~ld


6.01
 0h00:04.379 2022/06/21T18:57:56z: DS3231
 0h00:04.394 2022/06/21T18:57:56z: BME280 (0x76)
 0h00:04.409 2022/06/21T18:57:56z: 84:f3:eb:7d:7:a8
 0h00:04.410 2022/06/21T18:57:56z: SSID: MU Open
 0h00:04.415 2022/06/21T18:57:56z: AP_STAR tmr
 ets Jan  8 2013,rst cause:4, boot mode:(3,7)

wdt reset
load 0x4010f000, len 1384, room 16 
tail 8
chksum 0x2d
csum 0x2d
v8b899c12
~ld


6.01
 0h00:04.316 2022/06/21T19:17:57z: DS3231
 0h00:04.331 2022/06/21T19:17:57z: BME280 (0x76)
 0h00:04.345 2022/06/21T19:17:57z: 84:f3:eb:7d:7:a8
 0h00:04.347 2022/06/21T19:17:57z: SSID: MU Open
 0h00:04.352 2022/06/21T19:17:57z: AP_STAR tmr
 ets Jan  8 2013,rst cause:4, boot mode:(3,7)

wdt reset
load 0x4010f000, len 1384, room 16 
tail 8
chksum 0x2d
csum 0x2d
v8b899c12
~ld


6.01
 0h00:04.286 2022/06/21T19:37:58z: DS3231
 0h00:04.301 2022/06/21T19:37:58z: BME280 (0x76)
 0h00:04.315 2022/06/21T19:37:58z: 84:f3:eb:7d:7:a8
 0h00:04.317 2022/06/21T19:37:58z: SSID: MU Open
 0h00:04.322 2022/06/21T19:37:58z: AP_STAR tmr
 ets Jan  8 2013,rst cause:4, boot mode:(3,7)

wdt reset
load 0x4010f000, len 1384, room 16 
tail 8
chksum 0x2d
csum 0x2d
v8b899c12
~ld


6.01
 0h00:04.347 2022/06/21T19:58:00z: DS3231
 0h00:04.363 2022/06/21T19:58:00z: BME280 (0x76)
 0h00:04.377 2022/06/21T19:58:00z: 84:f3:eb:7d:7:a8
 0h00:04.379 2022/06/21T19:58:00z: SSID: MU Open
 0h00:04.384 2022/06/21T19:58:00z: AP_STAR tmr
 ets Jan  8 2013,rst cause:4, boot mode:(3,7)

wdt reset
load 0x4010f000, len 1384, room 16 
tail 8
chksum 0x2d
csum 0x2d
v8b899c12
~ld


6.01
 0h00:04.332 2022/06/21T20:18:01z: DS3231
 0h00:04.347 2022/06/21T20:18:01z: BME280 (0x76)
 0h00:04.361 2022/06/21T20:18:01z: 84:f3:eb:7d:7:a8
 0h00:04.363 2022/06/21T20:18:01z: SSID: MU Open
 0h00:04.368 2022/06/21T20:18:01z: AP_STAR tmr
 ets Jan  8 2013,rst cause:4, boot mode:(3,7)

wdt reset
load 0x4010f000, len 1384, room 16 
tail 8
chksum 0x2d
csum 0x2d
v8b899c12
~ld


6.01
 0h00:04.169 2022/06/21T20:38:03z: DS3231
 0h00:04.184 2022/06/21T20:38:03z: BME280 (0x76)
 0h00:04.198 2022/06/21T20:38:03z: 84:f3:eb:7d:7:a8
 0h00:04.200 2022/06/21T20:38:03z: SSID: MU Open
 0h00:04.205 2022/06/21T20:38:03z: AP_STAR tmr
 ets Jan  8 2013,rst cause:4, boot mode:(3,7)

wdt reset
load 0x4010f000, len 1384, room 16 
tail 8
chksum 0x2d
csum 0x2d
v8b899c12
~ld


6.01
 0h00:04.347 2022/06/21T20:58:04z: DS3231
 0h00:04.362 2022/06/21T20:58:04z: BME280 (0x76)
 0h00:04.376 2022/06/21T20:58:04z: 84:f3:eb:7d:7:a8
 0h00:04.378 2022/06/21T20:58:04z: SSID: MU Open
 0h00:04.383 2022/06/21T20:58:04z: AP_STAR tmr
 ets Jan  8 2013,rst cause:4, boot mode:(3,7)

wdt reset
load 0x4010f000, len 1384, room 16 
tail 8
chksum 0x2d
csum 0x2d
v8b899c12
~ld


6.01
 0h00:04.113 2022/06/21T21:18:06z: DS3231
 0h00:04.128 2022/06/21T21:18:06z: BME280 (0x76)
 0h00:04.142 2022/06/21T21:18:06z: 84:f3:eb:7d:7:a8
 0h00:04.144 2022/06/21T21:18:06z: SSID: MU Open
 0h00:04.149 2022/06/21T21:18:06z: AP_STAR tmr
 ets Jan  8 2013,rst cause:4, boot mode:(3,7)

wdt reset
load 0x4010f000, len 1384, room 16 
tail 8
chksum 0x2d
csum 0x2d
v8b899c12
~ld


6.01
 0h00:04.350 2022/06/21T21:38:08z: DS3231
 0h00:04.365 2022/06/21T21:38:08z: BME280 (0x76)
 0h00:04.380 2022/06/21T21:38:08z: 84:f3:eb:7d:7:a8
 0h00:04.381 2022/06/21T21:38:08z: SSID: MU Open
 0h00:04.386 2022/06/21T21:38:08z: AP_STAR tmr
 ets Jan  8 2013,rst cause:4, boot mode:(3,7)

wdt reset
load 0x4010f000, len 1384, room 16 
tail 8
chksum 0x2d
csum 0x2d
v8b899c12
~ld


6.01
 0h00:04.254 2022/06/21T21:58:09z: DS3231
 0h00:04.270 2022/06/21T21:58:09z: BME280 (0x76)
 0h00:04.284 2022/06/21T21:58:09z: 84:f3:eb:7d:7:a8
 0h00:04.286 2022/06/21T21:58:09z: SSID: MU Open
 0h00:04.291 2022/06/21T21:58:09z: AP_STAR tmr
 ets Jan  8 2013,rst cause:4, boot mode:(3,7)

wdt reset
load 0x4010f000, len 1384, room 16 
tail 8
chksum 0x2d
csum 0x2d
v8b899c12
~ld


6.01
 0h00:04.324 2022/06/21T22:18:10z: DS3231
 0h00:04.339 2022/06/21T22:18:10z: BME280 (0x76)
 0h00:04.353 2022/06/21T22:18:10z: 84:f3:eb:7d:7:a8
 0h00:04.355 2022/06/21T22:18:10z: SSID: MU Open
 0h00:04.360 2022/06/21T22:18:10z: AP_STAR tmr
 ets Jan  8 2013,rst cause:4, boot mode:(3,7)

wdt reset
load 0x4010f000, len 1384, room 16 
tail 8
chksum 0x2d
csum 0x2d
v8b899c12
~ld


6.01
 0h00:04.064 2022/06/21T22:38:12z: DS3231
 0h00:04.080 2022/06/21T22:38:12z: BME280 (0x76)
 0h00:04.094 2022/06/21T22:38:12z: 84:f3:eb:7d:7:a8
 0h00:04.096 2022/06/21T22:38:12z: SSID: MU Open
 0h00:04.101 2022/06/21T22:38:12z: AP_STAR tmr
 ets Jan  8 2013,rst cause:4, boot mode:(3,7)

wdt reset
load 0x4010f000, len 1384, room 16 
tail 8
chksum 0x2d
csum 0x2d
v8b899c12
~ld


6.01
 0h00:04.259 2022/06/21T22:58:13z: DS3231
 0h00:04.274 2022/06/21T22:58:13z: BME280 (0x76)
 0h00:04.289 2022/06/21T22:58:13z: 84:f3:eb:7d:7:a8
 0h00:04.290 2022/06/21T22:58:13z: SSID: MU Open
 0h00:04.295 2022/06/21T22:58:13z: AP_STAR tmr
 ets Jan  8 2013,rst cause:4, boot mode:(3,7)

wdt reset
load 0x4010f000, len 1384, room 16 
tail 8
chksum 0x2d
csum 0x2d
v8b899c12
~ld


6.01
 0h00:04.234 2022/06/21T23:18:15z: DS3231
 0h00:04.249 2022/06/21T23:18:15z: BME280 (0x76)
 0h00:04.263 2022/06/21T23:18:15z: 84:f3:eb:7d:7:a8
 0h00:04.265 2022/06/21T23:18:15z: SSID: MU Open
 0h00:04.270 2022/06/21T23:18:15z: AP_STAR tmr
 ets Jan  8 2013,rst cause:4, boot mode:(3,7)

wdt reset
load 0x4010f000, len 1384, room 16 
tail 8
chksum 0x2d
csum 0x2d
v8b899c12
~ld


6.01
 0h00:04.179 2022/06/21T23:38:16z: DS3231
 0h00:04.194 2022/06/21T23:38:17z: BME280 (0x76)
 0h00:04.209 2022/06/21T23:38:17z: 84:f3:eb:7d:7:a8
 0h00:04.210 2022/06/21T23:38:17z: SSID: MU Open
 0h00:04.215 2022/06/21T23:38:17z: AP_STAR tmr
 ets Jan  8 2013,rst cause:4, boot mode:(3,7)

wdt reset
load 0x4010f000, len 1384, room 16 
tail 8
chksum 0x2d
csum 0x2d
v8b899c12
~ld


6.01
 0h00:04.356 2022/06/21T23:58:18z: DS3231
 0h00:04.371 2022/06/21T23:58:18z: BME280 (0x76)
 0h00:04.385 2022/06/21T23:58:18z: 84:f3:eb:7d:7:a8
 0h00:04.387 2022/06/21T23:58:18z: SSID: MU Open
 0h00:04.392 2022/06/21T23:58:18z: AP_STA