R tmr
 ets Jan  8 2013,rst cause:4, boot mode:(3,7)

wdt reset
load 0x4010f000, len 1384, room 16 
tail 8
chksum 0x2d
csum 0x2d
v8b899c12
~ld


6.01
 0h00:04.694 2022/02/19T00:10:34z: DS3231
 0h00:04.709 2022/02/19T00:10:34z: BME280 (0x76)
 0h00:04.723 2022/02/19T00:10:34z: 84:f3:eb:7d:7:a8
 0h00:04.725 2022/02/19T00:10:34z: SSID: MU Open
 0h00:04.730 2022/02/19T00:10:34z: AP_STAR tmr
 ets Jan  8 2013,rst cause:4, boot mode:(3,7)

wdt reset
load 0x4010f000, len 1384, room 16 
tail 8
chksum 0x2d
csum 0x2d
v8b899c12
~ld


6.01
 0h00:04.717 2022/02/19T00:30:35z: DS3231
 0h00:04.732 2022/02/19T00:30:35z: BME280 (0x76)
 0h00:04.746 2022/02/19T00:30:35z: 84:f3:eb:7d:7:a8
 0h00:04.748 2022/02/19T00:30:35z: SSID: MU Open
 0h00:04.753 2022/02/19T00:30:35z: AP_STAR tmr
 ets Jan  8 2013,rst cause:4, boot mode:(3,7)

wdt reset
load 0x4010f000, len 1384, room 16 
tail 8
chksum 0x2d
csum 0x2d
v8b899c12
~ld


6.01
 0h00:05.056 2022/02/19T00:50:37z: DS3231
 0h00:05.071 2022/02/19T00:50:37z: BME280 (0x76)
 0h00:05.086 2022/02/19T00:50:37z: 84:f3:eb:7d:7:a8
 0h00:05.087 2022/02/19T00:50:37z: SSID: MU Open
 0h00:05.092 2022/02/19T00:50:37z: AP_STAR tmr
 ets Jan  8 2013,rst cause:4, boot mode:(3,7)

wdt reset
load 0x4010f000, len 1384, room 16 
tail 8
chksum 0x2d
csum 0x2d
v8b899c12
~ld


6.01
 0h00:05.016 2022/02/19T01:10:39z: DS3231
 0h00:05.031 2022/02/19T01:10:39z: BME280 (0x76)
 0h00:05.045 2022/02/19T01:10:39z: 84:f3:eb:7d:7:a8
 0h00:05.047 2022/02/19T01:10:39z: SSID: MU Open
 0h00:05.052 2022/02/19T01:10:39z: AP_STAR tmr
 ets Jan  8 2013,rst cause:4, boot mode:(3,7)

wdt reset
load 0x4010f000, len 1384, room 16 
tail 8
chksum 0x2d
csum 0x2d
v8b899c12
~ld


6.01
 0h00:04.767 2022/02/19T01:30:41z: DS3231
 0h00:04.782 2022/02/19T01:30:41z: BME280 (0x76)
 0h00:04.796 2022/02/19T01:30:41z: 84:f3:eb:7d:7:a8
 0h00:04.798 2022/02/19T01:30:41z: SSID: MU Open
 0h00:04.803 2022/02/19T01:30:41z: AP_STAR tmr
 ets Jan  8 2013,rst cause:4, boot mode:(3,7)

wdt reset
load 0x4010f000, len 1384, room 16 
tail 8
chksum 0x2d
csum 0x2d
v8b899c12
~ld


6.01
 0h00:04.993 2022/02/19T01:50:43z: DS3231
 0h00:05.008 2022/02/19T01:50:43z: BME280 (0x76)
 0h00:05.022 2022/02/19T01:50:43z: 84:f3:eb:7d:7:a8
 0h00:05.024 2022/02/19T01:50:43z: SSID: MU Open
 0h00:05.029 2022/02/19T01:50:43z: AP_STAR tmr
 ets Jan  8 2013,rst cause:4, boot mode:(3,7)

wdt reset
load 0x4010f000, len 1384, room 16 
tail 8
chksum 0x2d
csum 0x2d
v8b899c12
~ld


6.01
 0h00:05.092 2022/02/19T02:10:46z: DS3231
 0h00:05.108 2022/02/19T02:10:46z: BME280 (0x76)
 0h00:05.122 2022/02/19T02:10:46z: 84:f3:eb:7d:7:a8
 0h00:05.124 2022/02/19T02:10:46z: SSID: MU Open
 0h00:05.129 2022/02/19T02:10:46z: AP_STAR tmr
 ets Jan  8 2013,rst cause:4, boot mode:(3,7)

wdt reset
load 0x4010f000, len 1384, room 16 
tail 8
chksum 0x2d
csum 0x2d
v8b899c12
~ld


6.01
 0h00:04.617 2022/02/19T02:30:48z: DS3231
 0h00:04.633 2022/02/19T02:30:48z: BME280 (0x76)
 0h00:04.647 2022/02/19T02:30:48z: 84:f3:eb:7d:7:a8
 0h00:04.648 2022/02/19T02:30:48z: SSID: MU Open
 0h00:04.654 2022/02/19T02:30:48z: AP_STAR tmr
 ets Jan  8 2013,rst cause:4, boot mode:(3,7)

wdt reset
load 0x4010f000, len 1384, room 16 
tail 8
chksum 0x2d
csum 0x2d
v8b899c12
~ld


6.01
 0h00:04.696 2022/02/19T02:50:49z: DS3231
 0h00:04.712 2022/02/19T02:50:49z: BME280 (0x76)
 0h00:04.726 2022/02/19T02:50:49z: 84:f3:eb:7d:7:a8
 0h00:04.727 2022/02/19T02:50:49z: SSID: MU Open
 0h00:04.733 2022/02/19T02:50:49z: AP_STAR tmr
 ets Jan  8 2013,rst cause:4, boot mode:(3,7)

wdt reset
load 0x4010f000, len 1384, room 16 
tail 8
chksum 0x2d
csum 0x2d
v8b899c12
~ld


6.01
 0h00:04.687 2022/02/19T03:10:51z: DS3231
 0h00:04.702 2022/02/19T03:10:51z: BME280 (0x76)
 0h00:04.716 2022/02/19T03:10:51z: 84:f3:eb:7d:7:a8
 0h00:04.718 2022/02/19T03:10:51z: SSID: MU Open
 0h00:04.723 2022/02/19T03:10:51z: AP_STAR tmr
 ets Jan  8 2013,rst cause:4, boot mode:(3,7)

wdt reset
load 0x4010f000, len 1384, room 16 
tail 8
chksum 0x2d
csum 0x2d
v8b899c12
~ld


6.01
 0h00:05.012 2022/02/19T03:30:53z: DS3231
 0h00:05.027 2022/02/19T03:30:53z: BME280 (0x76)
 0h00:05.042 2022/02/19T03:30:53z: 84:f3:eb:7d:7:a8
 0h00:05.043 2022/02/19T03:30:53z: SSID: MU Open
 0h00:05.048 2022/02/19T03:30:53z: AP_STAR tmr
 ets Jan  8 2013,rst cause:4, boot mode:(3,7)

wdt reset
load 0x4010f000, len 1384, room 16 
tail 8
chksum 0x2d
csum 0x2d
v8b899c12
~ld


6.01
 0h00:04.879 2022/02/19T03:50:55z: DS3231
 0h00:04.894 2022/02/19T03:50:55z: BME280 (0x76)
 0h00:04.908 2022/02/19T03:50:55z: 84:f3:eb:7d:7:a8
 0h00:04.910 2022/02/19T03:50:55z: SSID: MU Open
 0h00:04.915 2022/02/19T03:50:55z: AP_STAR tmr
 ets Jan  8 2013,rst cause:4, boot mode:(3,7)

wdt reset
load 0x4010f000, len 1384, room 16 
tail 8
chksum 0x2d
csum 0x2d
v8b899c12
~ld


6.01
 0h00:04.629 2022/02/19T04:10:56z: DS3231
 0h00:04.644 2022/02/19T04:10:56z: BME280 (0x76)
 0h00:04.659 2022/02/19T04:10:56z: 84:f3:eb:7d:7:a8
 0h00:04.660 2022/02/19T04:10:56z: SSID: MU Open
 0h00:04.665 2022/02/19T04:10:56z: AP_STAR tmr
 ets Jan  8 2013,rst cause:4, boot mode:(3,7)

wdt reset
load 0x4010f000, len 1384, room 16 
tail 8
chksum 0x2d
csum 0x2d
v8b899c12
~ld


6.01
 0h00:04.843 2022/02/19T04:30:58z: DS3231
 0h00:04.858 2022/02/19T04:30:58z: BME280 (0x76)
 0h00:04.872 2022/02/19T04:30:58z: 84:f3:eb:7d:7:a8
 0h00:04.874 2022/02/19T04:30:58z: SSID: MU Open
 0h00:04.879 2022/02/19T04:30:58z: AP_STAR tmr
 ets Jan  8 2013,rst cause:4, boot mode:(3,7)

wdt reset
load 0x4010f000, len 1384, room 16 
tail 8
chksum 0x2d
csum 0x2d
v8b899c12
~ld


6.01
 0h00:04.623 2022/02/19T04:51:00z: DS3231
 0h00:04.638 2022/02/19T04:51:00z: BME280 (0x76)
 0h00:04.653 2022/02/19T04:51:00z: 84:f3:eb:7d:7:a8
 0h00:04.654 2022/02/19T04:51:00z: SSID: MU Open
 0h00:04.659 2022/02/19T04:51:00z: AP_STAR tmr
 ets Jan  8 2013,rst cause:4, boot mode:(3,7)

wdt reset
load 0x4010f000, len 1384, room 16 
tail 8
chksum 0x2d
csum 0x2d
v8b899c12
~ld


6.01
 0h00:04.868 2022/02/19T05:11:01z: DS3231
 0h00:04.883 2022/02/19T05:11:01z: BME280 (0x76)
 0h00:04.897 2022/02/19T05:11:01z: 84:f3:eb:7d:7:a8
 0h00:04.899 2022/02/19T05:11:01z: SSID: MU Open
 0h00:04.904 2022/02/19T05:11:01z: AP_STAR tmr
 ets Jan  8 2013,rst cause:4, boot mode:(3,7)

wdt reset
load 0x4010f000, len 1384, room 16 
tail 8
chksum 0x2d
csum 0x2d
v8b899c12
~ld


6.01
 0h00:04.916 2022/02/19T05:31:03z: DS3231
 0h00:04.931 2022/02/19T05:31:04z: BME280 (0x76)
 0h00:04.945 2022/02/19T05:31:04z: 84:f3:eb:7d:7:a8
 0h00:04.947 2022/02/19T05:31:04z: SSID: MU Open
 0h00:04.952 2022/02/19T05:31:04z: AP_STAR tmr
 ets Jan  8 2013,rst cause:4, boot mode:(3,7)

wdt reset
load 0x4010f000, len 1384, room 16 
tail 8
chksum 0x2d
csum 0x2d
v8b899c12
~ld


6.01
 0h00:04.744 2022/02/19T05:51:06z: DS3231
 0h00:04.759 2022/02/19T05:51:06z: BME280 (0x76)
 0h00:04.773 2022/02/19T05:51:06z: 84:f3:eb:7d:7:a8
 0h00:04.775 2022/02/19T05:51:06z: SSID: MU Open
 0h00:04.780 2022/02/19T05:51:06z: AP_STAR tmr
 ets Jan  8 2013,rst cause:4, boot mode:(3,7)

wdt reset
load 0x4010f000, len 1384, room 16 
tail 8
chksum 0x2d
csum 0x2d
v8b899c12
~ld


6.01
 0h00:04.801 2022/02/19T06:11:08z: DS3231
 0h00:04.816 2022/02/19T06:11:08z: BME280 (0x76)
 0h00:04.830 2022/02/19T06:11:08z: 84:f3:eb:7d:7:a8
 0h00:04.832 2022/02/19T06:11:08z: SSID: MU Open
 0h00:04.837 2022/02/19T06:11:08z: AP_STAR tmr
 ets Jan  8 2013,rst cause:4, boot mode:(3,7)

wdt reset
load 0x4010f000, len 1384, room 16 
tail 8
chksum 0x2d
csum 0x2d
v8b899c12
~ld


6.01
 0h00:05.028 2022/02/19T06:31:10z: DS3231
 0h00:05.044 2022/02/19T06:31:10z: BME280 (0x76)
 0h00:05.058 2022/02/19T06:31:10z: 84:f3:eb:7d:7:a8
 0h00:05.060 2022/02/19T06:31:10z: SSID: MU Open
 0h00:05.065 2022/02/19T06:31:10z: AP_STAR tmr
 ets Jan  8 2013,rst cause:4, boot mode:(3,7)

wdt reset
load 0x4010f000, len 1384, room 16 
tail 8
chksum 0x2d
csum 0x2d
v8b899c12
~ld


6.01
 0h00:05.030 2022/02/19T06:51:12z: DS3231
 0h00:05.045 2022/02/19T06:51:12z: BME280 (0x76)
 0h00:05.059 2022/02/19T06:51:12z: 84:f3:eb:7d:7:a8
 0h00:05.061 2022/02/19T06:51:12z: SSID: MU Open
 0h00:05.066 2022/02/19T06:51:12z: AP_STAR tmr
 ets Jan  8 2013,rst cause:4, boot mode:(3,7)

wdt reset
load 0x4010f000, len 1384, room 16 
tail 8
chksum 0x2d
csum 0x2d
v8b899c12
~ld


6.01
 0h00:05.003 2022/02/19T07:11:14z: DS3231
 0h00:05.018 2022/02/19T07:11:14z: BME280 (0x76)
 0h00:05.032 2022/02/19T07:11:14z: 84:f3:eb:7d:7:a8
 0h00:05.034 2022/02/19T07:11:14z: SSID: MU Open
 0h00:05.039 2022/02/19T07:11:14z: AP_STAR tmr
 ets Jan  8 2013,rst cause:4, boot mode:(3,7)

wdt reset
load 0x4010f000, len 1384, room 16 
tail 8
chksum 0x2d
csum 0x2d
v8b899c12
~ld


6.01
 0h00:05.042 2022/02/19T07:31:17z: DS3231
 0h00:05.057 2022/02/19T07:31:17z: BME280 (0x76)
 0h00:05.071 2022/02/19T07:31:17z: 84:f3:eb:7d:7:a8
 0h00:05.073 2022/02/19T07:31:17z: SSID: MU Open
 0h00:05.078 2022/02/19T07:31:17z: AP_STAR tmr
 ets Jan  8 2013,rst cause:4, boot mode:(3,7)

wdt reset
load 0x4010f000, len 1384, room 16 
tail 8
chksum 0x2d
csum 0x2d
v8b899c12
~ld


6.01
 0h00:04.975 2022/02/19T07:51:19z: DS3231
 0h00:04.990 2022/02/19T07:51:19z: BME280 (0x76)
 0h00:05.004 2022/02/19T07:51:19z: 84:f3:eb:7d:7:a8
 0h00:05.006 2022/02/19T07:51:19z: SSID: MU Open
 0h00:05.011 2022/02/19T07:51:19z: AP_STAR tmr
 ets Jan  8 2013,rst cause:4, boot mode:(3,7)

wdt reset
load 0x4010f000, len 1384, room 16 
tail 8
chksum 0x2d
csum 0x2d
v8b899c12
~ld


6.01
 0h00:04.953 2022/02/19T08:11:21z: DS3231
 0h00:04.968 2022/02/19T08:11:21z: BME280 (0x76)
 0h00:04.982 2022/02/19T08:11:21z: 84:f3:eb:7d:7:a8
 0h00:04.984 2022/02/19T08:11:21z: SSID: MU Open
 0h00:04.989 2022/02/19T08:11:21z: AP_STAR tmr
 ets Jan  8 2013,rst cause:4, boot mode:(3,7)

wdt reset
load 0x4010f000, len 1384, room 16 
tail 8
chksum 0x2d
csum 0x2d
v8b899c12
~ld


6.01
 0h00:04.942 2022/02/19T08:31:23z: DS3231
 0h00:04.958 2022/02/19T08:31:23z: BME280 (0x76)
 0h00:04.972 2022/02/19T08:31:23z: 84:f3:eb:7d:7:a8
 0h00:04.973 2022/02/19T08:31:23z: SSID: MU Open
 0h00:04.979 2022/02/19T08:31:23z: AP_STAR tmr
 ets Jan  8 2013,rst cause:4, boot mode:(3,7)

wdt reset
load 0x4010f000, len 1384, room 16 
tail 8
chksum 0x2d
csum 0x2d
v8b899c12
~ld


6.01
 0h00:04.857 2022/02/19T08:51:25z: DS3231
 0h00:04.872 2022/02/19T08:51:25z: BME280 (0x76)
 0h00:04.886 2022/02/19T08:51:25z: 84:f3:eb:7d:7:a8
 0h00:04.888 2022/02/19T08:51:25z: SSID: MU Open
 0h00:04.893 2022/02/19T08:51:25z: AP_STAR tmr
 ets Jan  8 2013,rst cause:4, boot mode:(3,7)

wdt reset
load 0x4010f000, len 1384, room 16 
tail 8
chksum 0x2d
csum 0x2d
v8b899c12
~ld


6.01
 0h00:04.961 2022/02/19T09:11:28z: DS3231
 0h00:04.976 2022/02/19T09:11:28z: BME280 (0x76)
 0h00:04.991 2022/02/19T09:11:28z: 84:f3:eb:7d:7:a8
 0h00:04.992 2022/02/19T09:11:28z: SSID: MU Open
 0h00:04.997 2022/02/19T09:11:28z: AP_STAR tmr
 ets Jan  8 2013,rst cause:4, boot mode:(3,7)

wdt reset
load 0x4010f000, len 1384, room 16 
tail 8
chksum 0x2d
csum 0x2d
v8b899c12
~ld


6.01
 0h00:04.821 2022/02/19T09:31:29z: DS3231
 0h00:04.837 2022/02/19T09:31:29z: BME280 (0x76)
 0h00:04.851 2022/02/19T09:31:29z: 84:f3:eb:7d:7:a8
 0h00:04.852 2022/02/19T09:31:29z: SSID: MU Open
 0h00:04.858 2022/02/19T09:31:29z: AP_STAR tmr
 ets Jan  8 2013,rst cause:4, boot mode:(3,7)

wdt reset
load 0x4010f000, len 1384, room 16 
tail 8
chksum 0x2d
csum 0x2d
v8b899c12
~ld


6.01
 0h00:04.798 2022/02/19T09:51:32z: DS3231
 0h00:04.813 2022/02/19T09:51:32z: BME280 (0x76)
 0h00:04.827 2022/02/19T09:51:32z: 84:f3:eb:7d:7:a8
 0h00:04.829 2022/02/19T09:51:32z: SSID: MU Open
 0h00:04.834 2022/02/19T09:51:32z: AP_STAR tmr
 ets Jan  8 2013,rst cause:4, boot mode:(3,7)

wdt reset
load 0x4010f000, len 1384, room 16 
tail 8
chksum 0x2d
csum 0x2d
v8b899c12
~ld


6.01
 0h00:04.847 2022/02/19T10:11:33z: DS3231
 0h00:04.862 2022/02/19T10:11:33z: BME280 (0x76)
 0h00:04.876 2022/02/19T10:11:33z: 84:f3:eb:7d:7:a8
 0h00:04.878 2022/02/19T10:11:33z: SSID: MU Open
 0h00:04.883 2022/02/19T10:11:33z: AP_STAR tmr
 ets Jan  8 2013,rst cause:4, boot mode:(3,7)

wdt reset
load 0x4010f000, len 1384, room 16 
tail 8
chksum 0x2d
csum 0x2d
v8b899c12
~ld


6.01
 0h00:04.617 2022/02/19T10:31:35z: DS3231
 0h00:04.632 2022/02/19T10:31:35z: BME280 (0x76)
 0h00:04.647 2022/02/19T10:31:35z: 84:f3:eb:7d:7:a8
 0h00:04.648 2022/02/19T10:31:35z: SSID: MU Open
 0h00:04.653 2022/02/19T10:31:35z: AP_STAR tmr
 ets Jan  8 2013,rst cause:4, boot mode:(3,7)

wdt reset
load 0x4010f000, len 1384, room 16 
tail 8
chksum 0x2d
csum 0x2d
v8b899c12
~ld


6.01
 0h00:04.765 2022/02/19T10:51:37z: DS3231
 0h00:04.781 2022/02/19T10:51:37z: BME280 (0x76)
 0h00:04.795 2022/02/19T10:51:37z: 84:f3:eb:7d:7:a8
 0h00:04.796 2022/02/19T10:51:37z: SSID: MU Open
 0h00:04.802 2022/02/19T10:51:37z: AP_STAR tmr
 ets Jan  8 2013,rst cause:4, boot mode:(3,7)

wdt reset
load 0x4010f000, len 1384, room 16 
tail 8
chksum 0x2d
csum 0x2d
v8b899c12
~ld


6.01
 0h00:04.693 2022/02/19T11:11:39z: DS3231
 0h00:04.708 2022/02/19T11:11:39z: BME280 (0x76)
 0h00:04.723 2022/02/19T11:11:39z: 84:f3:eb:7d:7:a8
 0h00:04.724 2022/02/19T11:11:39z: SSID: MU Open
 0h00:04.729 2022/02/19T11:11:39z: AP_STAR tmr
 ets Jan  8 2013,rst cause:4, boot mode:(3,7)

wdt reset
load 0x4010f000, len 1384, room 16 
tail 8
chksum 0x2d
csum 0x2d
v8b899c12
~ld


6.01
 0h00:04.942 2022/02/19T11:31:41z: DS3231
 0h00:04.958 2022/02/19T11:31:41z: BME280 (0x76)
 0h00:04.972 2022/02/19T11:31:41z: 84:f3:eb:7d:7:a8
 0h00:04.973 2022/02/19T11:31:41z: SSID: MU Open
 0h00:04.979 2022/02/19T11:31:41z: AP_STAR tmr
 ets Jan  8 2013,rst cause:4, boot mode:(3,7)

wdt reset
load 0x4010f000, len 1384, room 16 
tail 8
chksum 0x2d
csum 0x2d
v8b899c12
~ld


6.01
 0h00:05.031 2022/02/19T11:51:44z: DS3231
 0h00:05.046 2022/02/19T11:51:44z: BME280 (0x76)
 0h00:05.060 2022/02/19T11:51:44z: 84:f3:eb:7d:7:a8
 0h00:05.062 2022/02/19T11:51:44z: SSID: MU Open
 0h00:05.067 2022/02/19T11:51:44z: AP_STAR tmr
 ets Jan  8 2013,rst cause:4, boot mode:(3,7)

wdt reset
load 0x4010f000, len 1384, room 16 
tail 8
chksum 0x2d
csum 0x2d
v8b899c12
~ld


6.01
 0h00:04.728 2022/02/19T12:11:46z: DS3231
 0h00:04.744 2022/02/19T12:11:46z: BME280 (0x76)
 0h00:04.758 2022/02/19T12:11:46z: 84:f3:eb:7d:7:a8
 0h00:04.759 2022/02/19T12:11:46z: SSID: MU Open
 0h00:04.765 2022/02/19T12:11:46z: AP_STAR tmr
 ets Jan  8 2013,rst cause:4, boot mode:(3,7)

wdt reset
load 0x4010f000, len 1384, room 16 
tail 8
chksum 0x2d
csum 0x2d
v8b899c12
~ld


6.01
 0h00:04.912 2022/02/19T12:31:49z: DS3231
 0h00:04.927 2022/02/19T12:31:49z: BME280 (0x76)
 0h00:04.941 2022/02/19T12:31:49z: 84:f3:eb:7d:7:a8
 0h00:04.943 2022/02/19T12:31:49z: SSID: MU Open
 0h00:04.948 2022/02/19T12:31:49z: AP_STAR tmr
 ets Jan  8 2013,rst cause:4, boot mode:(3,7)

wdt reset
load 0x4010f000, len 1384, room 16 
tail 8
chksum 0x2d
csum 0x2d
v8b899c12
~ld


6.01
 0h00:05.003 2022/02/19T12:51:51z: DS3231
 0h00:05.019 2022/02/19T12:51:51z: BME280 (0x76)
 0h00:05.033 2022/02/19T12:51:51z: 84:f3:eb:7d:7:a8
 0h00:05.034 2022/02/19T12:51:51z: SSID: MU Open
 0h00:05.040 2022/02/19T12:51:51z: AP_STAR tmr
 ets Jan  8 2013,rst cause:4, boot mode:(3,7)

wdt reset
load 0x4010f000, len 1384, room 16 
tail 8
chksum 0x2d
csum 0x2d
v8b899c12
~ld


6.01
 0h00:04.887 2022/02/19T13:11:53z: DS3231
 0h00:04.902 2022/02/19T13:11:53z: BME280 (0x76)
 0h00:04.916 2022/02/19T13:11:53z: 84:f3:eb:7d:7:a8
 0h00:04.918 2022/02/19T13:11:53z: SSID: MU Open
 0h00:04.923 2022/02/19T13:11:53z: AP_STAR tmr
 ets Jan  8 2013,rst cause:4, boot mode:(3,7)

wdt reset
load 0x4010f000, len 1384, room 16 
tail 8
chksum 0x2d
csum 0x2d
v8b899c12
~ld


6.01
 0h00:04.861 2022/02/19T13:31:56z: DS3231
 0h00:04.876 2022/02/19T13:31:56z: BME280 (0x76)
 0h00:04.891 2022/02/19T13:31:56z: 84:f3:eb:7d:7:a8
 0h00:04.892 2022/02/19T13:31:56z: SSID: MU Open
 0h00:04.897 2022/02/19T13:31:56z: AP_STAR tmr
 ets Jan  8 2013,rst cause:4, boot mode:(3,7)

wdt reset
load 0x4010f000, len 1384, room 16 
tail 8
chksum 0x2d
csum 0x2d
v8b899c12
~ld


6.01
 0h00:04.567 2022/02/19T13:51:58z: DS3231
 0h00:04.583 2022/02/19T13:51:58z: BME280 (0x76)
 0h00:04.597 2022/02/19T13:51:58z: 84:f3:eb:7d:7:a8
 0h00:04.598 2022/02/19T13:51:58z: SSID: MU Open
 0h00:04.604 2022/02/19T13:51:58z: AP_STAR tmr
 ets Jan  8 2013,rst cause:4, boot mode:(3,7)

wdt reset
load 0x4010f000, len 1384, room 16 
tail 8
chksum 0x2d
csum 0x2d
v8b899c12
~ld


6.01
 0h00:04.783 2022/02/19T14:12:00z: DS3231
 0h00:04.798 2022/02/19T14:12:00z: BME280 (0x76)
 0h00:04.813 2022/02/19T14:12:00z: 84:f3:eb:7d:7:a8
 0h00:04.814 2022/02/19T14:12:00z: SSID: MU Open
 0h00:04.819 2022/02/19T14:12:00z: AP_STAR tmr
 ets Jan  8 2013,rst cause:4, boot mode:(3,7)

wdt reset
load 0x4010f000, len 1384, room 16 
tail 8
chksum 0x2d
csum 0x2d
v8b899c12
~ld


6.01
 0h00:04.820 2022/02/19T14:32:01z: DS3231
 0h00:04.835 2022/02/19T14:32:01z: BME280 (0x76)
 0h00:04.849 2022/02/19T14:32:01z: 84:f3:eb:7d:7:a8
 0h00:04.851 2022/02/19T14:32:01z: SSID: MU Open
 0h00:04.856 2022/02/19T14:32:01z: AP_STAR tmr
 ets Jan  8 2013,rst cause:4, boot mode:(3,7)

wdt reset
load 0x4010f000, len 1384, room 16 
tail 8
chksum 0x2d
csum 0x2d
v8b899c12
~ld


6.01
 0h00:04.584 2022/02/19T14:52:03z: DS3231
 0h00:04.599 2022/02/19T14:52:03z: BME280 (0x76)
 0h00:04.613 2022/02/19T14:52:03z: 84:f3:eb:7d:7:a8
 0h00:04.615 2022/02/19T14:52:03z: SSID: MU Open
 0h00:04.620 2022/02/19T14:52:03z: AP_STAR tmr
 ets Jan  8 2013,rst cause:4, boot mode:(3,7)

wdt reset
load 0x4010f000, len 1384, room 16 
tail 8
chksum 0x2d
csum 0x2d
v8b899c12
~ld


6.01
 0h00:04.885 2022/02/19T15:12:04z: DS3231
 0h00:04.900 2022/02/19T15:12:04z: BME280 (0x76)
 0h00:04.914 2022/02/19T15:12:04z: 84:f3:eb:7d:7:a8
 0h00:04.916 2022/02/19T15:12:04z: SSID: MU Open
 0h00:04.921 2022/02/19T15:12:04z: AP_STAR tmr
 ets Jan  8 2013,rst cause:4, boot mode:(3,7)

wdt reset
load 0x4010f000, len 1384, room 16 
tail 8
chksum 0x2d
csum 0x2d
v8b899c12
~ld


6.01
 0h00:04.823 2022/02/19T15:32:06z: DS3231
 0h00:04.838 2022/02/19T15:32:06z: BME280 (0x76)
 0h00:04.852 2022/02/19T15:32:06z: 84:f3:eb:7d:7:a8
 0h00:04.854 2022/02/19T15:32:06z: SSID: MU Open
 0h00:04.859 2022/02/19T15:32:06z: AP_STAR tmr
 ets Jan  8 2013,rst cause:4, boot mode:(3,7)

wdt reset
load 0x4010f000, len 1384, room 16 
tail 8
chksum 0x2d
csum 0x2d
v8b899c12
~ld


6.01
 0h00:04.755 2022/02/19T15:52:08z: DS3231
 0h00:04.771 2022/02/19T15:52:08z: BME280 (0x76)
 0h00:04.785 2022/02/19T15:52:08z: 84:f3:eb:7d:7:a8
 0h00:04.787 2022/02/19T15:52:08z: SSID: MU Open
 0h00:04.792 2022/02/19T15:52:08z: AP_STAR tmr
 ets Jan  8 2013,rst cause:4, boot mode:(3,7)

wdt reset
load 0x4010f000, len 1384, room 16 
tail 8
chksum 0x2d
csum 0x2d
v8b899c12
~ld


6.01
 0h00:04.843 2022/02/19T16:12:09z: DS3231
 0h00:04.858 2022/02/19T16:12:09z: BME280 (0x76)
 0h00:04.873 2022/02/19T16:12:09z: 84:f3:eb:7d:7:a8
 0h00:04.874 2022/02/19T16:12:09z: SSID: MU Open
 0h00:04.879 2022/02/19T16:12:09z: AP_STAR tmr
 ets Jan  8 2013,rst cause:4, boot mode:(3,7)

wdt reset
load 0x4010f000, len 1384, room 16 
tail 8
chksum 0x2d
csum 0x2d
v8b899c12
~ld


6.01
 0h00:04.888 2022/02/19T16:32:11z: DS3231
 0h00:04.903 2022/02/19T16:32:11z: BME280 (0x76)
 0h00:04.917 2022/02/19T16:32:11z: 84:f3:eb:7d:7:a8
 0h00:04.919 2022/02/19T16:32:11z: SSID: MU Open
 0h00:04.924 2022/02/19T16:32:11z: AP_STAR tmr
 ets Jan  8 2013,rst cause:4, boot mode:(3,7)

wdt reset
load 0x4010f000, len 1384, room 16 
tail 8
chksum 0x2d
csum 0x2d
v8b899c12
~ld


6.01
 0h00:04.803 2022/02/19T16:52:13z: DS3231
 0h00:04.819 2022/02/19T16:52:13z: BME280 (0x76)
 0h00:04.833 2022/02/19T16:52:13z: 84:f3:eb:7d:7:a8
 0h00:04.835 2022/02/19T16:52:13z: SSID: MU Open
 0h00:04.840 2022/02/19T16:52:13z: AP_STAR tmr
 ets Jan  8 2013,rst cause:4, boot mode:(3,7)

wdt reset
load 0x4010f000, len 1384, room 16 
tail 8
chksum 0x2d
csum 0x2d
v8b899c12
~ld


6.01
 0h00:04.846 2022/02/19T17:12:15z: DS3231
 0h00:04.861 2022/02/19T17:12:15z: BME280 (0x76)
 0h00:04.875 2022/02/19T17:12:15z: 84:f3:eb:7d:7:a8
 0h00:04.877 2022/02/19T17:12:15z: SSID: MU Open
 0h00:04.882 2022/02/19T17:12:15z: AP_STAR tmr
 ets Jan  8 2013,rst cause:4, boot mode:(3,7)

wdt reset
load 0x4010f000, len 1384, room 16 
tail 8
chksum 0x2d
csum 0x2d
v8b899c12
~ld


6.01
 0h00:04.835 2022/02/19T17:32:17z: DS3231
 0h00:04.850 2022/02/19T17:32:17z: BME280 (0x76)
 0h00:04.865 2022/02/19T17:32:17z: 84:f3:eb:7d:7:a8
 0h00:04.866 2022/02/19T17:32:17z: SSID: MU Open
 0h00:04.871 2022/02/19T17:32:17z: AP_STAR tmr
 ets Jan  8 2013,rst cause:4, boot mode:(3,7)

wdt reset
load 0x4010f000, len 1384, room 16 
tail 8
chksum 0x2d
csum 0x2d
v8b899c12
~ld


6.01
 0h00:04.718 2022/02/19T17:52:19z: DS3231
 0h00:04.733 2022/02/19T17:52:19z: BME280 (0x76)
 0h00:04.747 2022/02/19T17:52:19z: 84:f3:eb:7d:7:a8
 0h00:04.749 2022/02/19T17:52:19z: SSID: MU Open
 0h00:04.754 2022/02/19T17:52:19z: AP_STAR tmr
 ets Jan  8 2013,rst cause:4, boot mode:(3,7)

wdt reset
load 0x4010f000, len 1384, room 16 
tail 8
chksum 0x2d
csum 0x2d
v8b899c12
~ld


6.01
 0h00:04.820 2022/02/19T18:12:21z: DS3231
 0h00:04.836 2022/02/19T18:12:21z: BME280 (0x76)
 0h00:04.850 2022/02/19T18:12:21z: 84:f3:eb:7d:7:a8
 0h00:04.851 2022/02/19T18:12:21z: SSID: MU Open
 0h00:04.857 2022/02/19T18:12:21z: AP_STAR tmr
 ets Jan  8 2013,rst cause:4, boot mode:(3,7)

wdt reset
load 0x4010f000, len 1384, room 16 
tail 8
chksum 0x2d
csum 0x2d
v8b899c12
~ld


6.01
 0h00:04.739 2022/02/19T18:32:23z: DS3231
 0h00:04.754 2022/02/19T18:32:23z: BME280 (0x76)
 0h00:04.768 2022/02/19T18:32:23z: 84:f3:eb:7d:7:a8
 0h00:04.770 2022/02/19T18:32:23z: SSID: MU Open
 0h00:04.775 2022/02/19T18:32:23z: AP_STAR tmr
 ets Jan  8 2013,rst cause:4, boot mode:(3,7)

wdt reset
load 0x4010f000, len 1384, room 16 
tail 8
chksum 0x2d
csum 0x2d
v8b899c12
~ld


6.01
 0h00:04.760 2022/02/19T18:52:25z: DS3231
 0h00:04.775 2022/02/19T18:52:25z: BME280 (0x76)
 0h00:04.790 2022/02/19T18:52:25z: 84:f3:eb:7d:7:a8
 0h00:04.791 2022/02/19T18:52:25z: SSID: MU Open
 0h00:04.797 2022/02/19T18:52:25z: AP_STAR tmr
 ets Jan  8 2013,rst cause:4, boot mode:(3,7)

wdt reset
load 0x4010f000, len 1384, room 16 
tail 8
chksum 0x2d
csum 0x2d
v8b899c12
~ld


6.01
 0h00:04.724 2022/02/19T19:12:26z: DS3231
 0h00:04.740 2022/02/19T19:12:26z: BME280 (0x76)
 0h00:04.754 2022/02/19T19:12:26z: 84:f3:eb:7d:7:a8
 0h00:04.755 2022/02/19T19:12:26z: SSID: MU Open
 0h00:04.761 2022/02/19T19:12:26z: AP_STAR tmr
 ets Jan  8 2013,rst cause:4, boot mode:(3,7)

wdt reset
load 0x4010f000, len 1384, room 16 
tail 8
chksum 0x2d
csum 0x2d
v8b899c12
~ld


6.01
 0h00:04.680 2022/02/19T19:32:28z: DS3231
 0h00:04.695 2022/02/19T19:32:28z: BME280 (0x76)
 0h00:04.709 2022/02/19T19:32:28z: 84:f3:eb:7d:7:a8
 0h00:04.711 2022/02/19T19:32:28z: SSID: MU Open
 0h00:04.716 2022/02/19T19:32:28z: AP_STAR tmr
 ets Jan  8 2013,rst cause:4, boot mode:(3,7)

wdt reset
load 0x4010f000, len 1384, room 16 
tail 8
chksum 0x2d
csum 0x2d
v8b899c12
~ld


6.01
 0h00:04.791 2022/02/19T19:52:30z: DS3231
 0h00:04.806 2022/02/19T19:52:30z: BME280 (0x76)
 0h00:04.820 2022/02/19T19:52:30z: 84:f3:eb:7d:7:a8
 0h00:04.822 2022/02/19T19:52:30z: SSID: MU Open
 0h00:04.827 2022/02/19T19:52:30z: AP_STAR tmr
 ets Jan  8 2013,rst cause:4, boot mode:(3,7)

wdt reset
load 0x4010f000, len 1384, room 16 
tail 8
chksum 0x2d
csum 0x2d
v8b899c12
~ld


6.01
 0h00:04.766 2022/02/19T20:12:31z: DS3231
 0h00:04.781 2022/02/19T20:12:31z: BME280 (0x76)
 0h00:04.795 2022/02/19T20:12:31z: 84:f3:eb:7d:7:a8
 0h00:04.797 2022/02/19T20:12:31z: SSID: MU Open
 0h00:04.802 2022/02/19T20:12:32z: AP_STAR tmr
 ets Jan  8 2013,rst cause:4, boot mode:(3,7)

wdt reset
load 0x4010f000, len 1384, room 16 
tail 8
chksum 0x2d
csum 0x2d
v8b899c12
~ld


6.01
 0h00:04.523 2022/02/19T20:32:32z: DS3231
 0h00:04.538 2022/02/19T20:32:32z: BME280 (0x76)
 0h00:04.552 2022/02/19T20:32:32z: 84:f3:eb:7d:7:a8
 0h00:04.554 2022/02/19T20:32:32z: SSID: MU Open
 0h00:04.559 2022/02/19T20:32:32z: AP_STAR tmr
 ets Jan  8 2013,rst cause:4, boot mode:(3,7)

wdt reset
load 0x4010f000, len 1384, room 16 
tail 8
chksum 0x2d
csum 0x2d
v8b899c12
~ld


6.01
 0h00:04.673 2022/02/19T20:52:33z: DS3231
 0h00:04.688 2022/02/19T20:52:33z: BME280 (0x76)
 0h00:04.702 2022/02/19T20:52:33z: 84:f3:eb:7d:7:a8
 0h00:04.704 2022/02/19T20:52:33z: SSID: MU Open
 0h00:04.709 2022/02/19T20:52:33z: AP_STAR tmr
 ets Jan  8 2013,rst cause:4, boot mode:(3,7)

wdt reset
load 0x4010f000, len 1384, room 16 
tail 8
chksum 0x2d
csum 0x2d
v8b899c12
~ld


6.01
 0h00:04.441 2022/02/19T21:12:34z: DS3231
 0h00:04.456 2022/02/19T21:12:34z: BME280 (0x76)
 0h00:04.470 2022/02/19T21:12:34z: 84:f3:eb:7d:7:a8
 0h00:04.472 2022/02/19T21:12:34z: SSID: MU Open
 0h00:04.477 2022/02/19T21:12:34z: AP_STAR tmr
 ets Jan  8 2013,rst cause:4, boot mode:(3,7)

wdt reset
load 0x4010f000, len 1384, room 16 
tail 8
chksum 0x2d
csum 0x2d
v8b899c12
~ld


6.01
 0h00:04.443 2022/02/19T21:32:36z: DS3231
 0h00:04.458 2022/02/19T21:32:36z: BME280 (0x76)
 0h00:04.473 2022/02/19T21:32:36z: 84:f3:eb:7d:7:a8
 0h00:04.474 2022/02/19T21:32:36z: SSID: MU Open
 0h00:04.479 2022/02/19T21:32:36z: AP_STAR tmr
 ets Jan  8 2013,rst cause:4, boot mode:(3,7)

wdt reset
load 0x4010f000, len 1384, room 16 
tail 8
chksum 0x2d
csum 0x2d
v8b899c12
~ld


6.01
 0h00:04.739 2022/02/19T21:52:37z: DS3231
 0h00:04.754 2022/02/19T21:52:37z: BME280 (0x76)
 0h00:04.768 2022/02/19T21:52:37z: 84:f3:eb:7d:7:a8
 0h00:04.770 2022/02/19T21:52:37z: SSID: MU Open
 0h00:04.775 2022/02/19T21:52:37z: AP_STAR tmr
 ets Jan  8 2013,rst cause:4, boot mode:(3,7)

wdt reset
load 0x4010f000, len 1384, room 16 
tail 8
chksum 0x2d
csum 0x2d
v8b899c12
~ld


6.01
 0h00:04.876 2022/02/19T22:12:39z: DS3231
 0h00:04.892 2022/02/19T22:12:39z: BME280 (0x76)
 0h00:04.906 2022/02/19T22:12:39z: 84:f3:eb:7d:7:a8
 0h00:04.908 2022/02/19T22:12:39z: SSID: MU Open
 0h00:04.913 2022/02/19T22:12:39z: AP_STAR tmr
 ets Jan  8 2013,rst cause:4, boot mode:(3,7)

wdt reset
load 0x4010f000, len 1384, room 16 
tail 8
chksum 0x2d
csum 0x2d
v8b899c12
~ld


6.01
 0h00:04.637 2022/02/19T22:32:40z: DS3231
 0h00:04.653 2022/02/19T22:32:40z: BME280 (0x76)
 0h00:04.667 2022/02/19T22:32:40z: 84:f3:eb:7d:7:a8
 0h00:04.669 2022/02/19T22:32:40z: SSID: MU Open
 0h00:04.674 2022/02/19T22:32:40z: AP_STAR tmr
 ets Jan  8 2013,rst cause:4, boot mode:(3,7)

wdt reset
load 0x4010f000, len 1384, room 16 
tail 8
chksum 0x2d
csum 0x2d
v8b899c12
~ld


6.01
 0h00:04.823 2022/02/19T22:52:43z: DS3231
 0h00:04.838 2022/02/19T22:52:43z: BME280 (0x76)
 0h00:04.852 2022/02/19T22:52:43z: 84:f3:eb:7d:7:a8
 0h00:04.854 2022/02/19T22:52:43z: SSID: MU Open
 0h00:04.859 2022/02/19T22:52:43z: AP_STAR tmr
 ets Jan  8 2013,rst cause:4, boot mode:(3,7)

wdt reset
load 0x4010f000, len 1384, room 16 
tail 8
chksum 0x2d
csum 0x2d
v8b899c12
~ld


6.01
 0h00:04.582 2022/02/19T23:12:44z: DS3231
 0h00:04.597 2022/02/19T23:12:44z: BME280 (0x76)
 0h00:04.611 2022/02/19T23:12:44z: 84:f3:eb:7d:7:a8
 0h00:04.613 2022/02/19T23:12:44z: SSID: MU Open
 0h00:04.618 2022/02/19T23:12:44z: AP_STAR tmr
 ets Jan  8 2013,rst cause:4, boot mode:(3,7)

wdt reset
load 0x4010f000, len 1384, room 16 
tail 8
chksum 0x2d
csum 0x2d
v8b899c12
~ld


6.01
 0h00:04.639 2022/02/19T23:32:45z: DS3231
 0h00:04.655 2022/02/19T23:32:45z: BME280 (0x76)
 0h00:04.669 2022/02/19T23:32:45z: 84:f3:eb:7d:7:a8
 0h00:04.670 2022/02/19T23:32:45z: SSID: MU Open
 0h00:04.676 2022/02/19T23:32:45z: AP_STAR tmr
 ets Jan  8 2013,rst cause:4, boot mode:(3,7)

wdt reset
load 0x4010f000, len 1384, room 16 
tail 8
chksum 0x2d
csum 0x2d
v8b899c12
~ld


6.01
 0h00:04.890 2022/02/19T23:52:47z: DS3231
 0h00:04.905 2022/02/19T23:52:47z: BME280 (0x76)
 0h00:04.919 2022/02/19T23:52:47z: 84:f3:eb:7d:7:a8
 0h00:04.921 2022/02/19T23:52:47z: SSID: MU Open
 0h00:04.926 2022/02/19T23:52:47z: AP_STA