R tmr
 ets Jan  8 2013,rst cause:4, boot mode:(3,7)

wdt reset
load 0x4010f000, len 1384, room 16 
tail 8
chksum 0x2d
csum 0x2d
v8b899c12
~ld


6.01
 0h00:04.597 2022/09/20T00:15:37z: DS3231
 0h00:04.613 2022/09/20T00:15:37z: BME280 (0x76)
 0h00:04.627 2022/09/20T00:15:37z: 84:f3:eb:7d:7:a8
 0h00:04.628 2022/09/20T00:15:37z: SSID: MU Open
 0h00:04.634 2022/09/20T00:15:37z: AP_STAR tmr
 ets Jan  8 2013,rst cause:4, boot mode:(3,7)

wdt reset
load 0x4010f000, len 1384, room 16 
tail 8
chksum 0x2d
csum 0x2d
v8b899c12
~ld


6.01
 0h00:04.893 2022/09/20T00:35:41z: DS3231
 0h00:04.909 2022/09/20T00:35:41z: BME280 (0x76)
 0h00:04.923 2022/09/20T00:35:41z: 84:f3:eb:7d:7:a8
 0h00:04.925 2022/09/20T00:35:41z: SSID: MU Open
 0h00:04.930 2022/09/20T00:35:41z: AP_STAR tmr
 ets Jan  8 2013,rst cause:4, boot mode:(3,7)

wdt reset
load 0x4010f000, len 1384, room 16 
tail 8
chksum 0x2d
csum 0x2d
v8b899c12
~ld


6.01
 0h00:04.659 2022/09/20T00:55:46z: DS3231
 0h00:04.674 2022/09/20T00:55:46z: BME280 (0x76)
 0h00:04.688 2022/09/20T00:55:46z: 84:f3:eb:7d:7:a8
 0h00:04.690 2022/09/20T00:55:46z: SSID: MU Open
 0h00:04.695 2022/09/20T00:55:46z: AP_STAR tmr
 ets Jan  8 2013,rst cause:4, boot mode:(3,7)

wdt reset
load 0x4010f000, len 1384, room 16 
tail 8
chksum 0x2d
csum 0x2d
v8b899c12
~ld


6.01
 0h00:04.873 2022/09/20T01:15:50z: DS3231
 0h00:04.888 2022/09/20T01:15:50z: BME280 (0x76)
 0h00:04.902 2022/09/20T01:15:50z: 84:f3:eb:7d:7:a8
 0h00:04.904 2022/09/20T01:15:50z: SSID: MU Open
 0h00:04.909 2022/09/20T01:15:50z: AP_STAR tmr
 ets Jan  8 2013,rst cause:4, boot mode:(3,7)

wdt reset
load 0x4010f000, len 1384, room 16 
tail 8
chksum 0x2d
csum 0x2d
v8b899c12
~ld


6.01
 0h00:04.623 2022/09/20T01:35:53z: DS3231
 0h00:04.639 2022/09/20T01:35:53z: BME280 (0x76)
 0h00:04.653 2022/09/20T01:35:53z: 84:f3:eb:7d:7:a8
 0h00:04.655 2022/09/20T01:35:53z: SSID: MU Open
 0h00:04.660 2022/09/20T01:35:53z: AP_STAR tmr
 ets Jan  8 2013,rst cause:4, boot mode:(3,7)

wdt reset
load 0x4010f000, len 1384, room 16 
tail 8
chksum 0x2d
csum 0x2d
v8b899c12
~ld


6.01
 0h00:04.633 2022/09/20T01:55:58z: DS3231
 0h00:04.649 2022/09/20T01:55:58z: BME280 (0x76)
 0h00:04.663 2022/09/20T01:55:58z: 84:f3:eb:7d:7:a8
 0h00:04.665 2022/09/20T01:55:58z: SSID: MU Open
 0h00:04.670 2022/09/20T01:55:58z: AP_STAR tmr
 ets Jan  8 2013,rst cause:4, boot mode:(3,7)

wdt reset
load 0x4010f000, len 1384, room 16 
tail 8
chksum 0x2d
csum 0x2d
v8b899c12
~ld


6.01
 0h00:04.694 2022/09/20T02:16:01z: DS3231
 0h00:04.709 2022/09/20T02:16:02z: BME280 (0x76)
 0h00:04.723 2022/09/20T02:16:02z: 84:f3:eb:7d:7:a8
 0h00:04.725 2022/09/20T02:16:02z: SSID: MU Open
 0h00:04.730 2022/09/20T02:16:02z: AP_STAR tmr
 ets Jan  8 2013,rst cause:4, boot mode:(3,7)

wdt reset
load 0x4010f000, len 1384, room 16 
tail 8
chksum 0x2d
csum 0x2d
v8b899c12
~ld


6.01
 0h00:04.581 2022/09/20T02:36:05z: DS3231
 0h00:04.596 2022/09/20T02:36:05z: BME280 (0x76)
 0h00:04.610 2022/09/20T02:36:05z: 84:f3:eb:7d:7:a8
 0h00:04.612 2022/09/20T02:36:05z: SSID: MU Open
 0h00:04.617 2022/09/20T02:36:05z: AP_STAR tmr
 ets Jan  8 2013,rst cause:4, boot mode:(3,7)

wdt reset
load 0x4010f000, len 1384, room 16 
tail 8
chksum 0x2d
csum 0x2d
v8b899c12
~ld


6.01
 0h00:04.550 2022/09/20T02:56:08z: DS3231
 0h00:04.565 2022/09/20T02:56:08z: BME280 (0x76)
 0h00:04.579 2022/09/20T02:56:08z: 84:f3:eb:7d:7:a8
 0h00:04.581 2022/09/20T02:56:08z: SSID: MU Open
 0h00:04.586 2022/09/20T02:56:08z: AP_STAR tmr
 ets Jan  8 2013,rst cause:4, boot mode:(3,7)

wdt reset
load 0x4010f000, len 1384, room 16 
tail 8
chksum 0x2d
csum 0x2d
v8b899c12
~ld


6.01
 0h00:04.820 2022/09/20T03:16:11z: DS3231
 0h00:04.835 2022/09/20T03:16:11z: BME280 (0x76)
 0h00:04.849 2022/09/20T03:16:11z: 84:f3:eb:7d:7:a8
 0h00:04.851 2022/09/20T03:16:11z: SSID: MU Open
 0h00:04.856 2022/09/20T03:16:11z: AP_STAR tmr
 ets Jan  8 2013,rst cause:4, boot mode:(3,7)

wdt reset
load 0x4010f000, len 1384, room 16 
tail 8
chksum 0x2d
csum 0x2d
v8b899c12
~ld


6.01
 0h00:04.550 2022/09/20T03:36:14z: DS3231
 0h00:04.565 2022/09/20T03:36:14z: BME280 (0x76)
 0h00:04.579 2022/09/20T03:36:14z: 84:f3:eb:7d:7:a8
 0h00:04.581 2022/09/20T03:36:14z: SSID: MU Open
 0h00:04.586 2022/09/20T03:36:14z: AP_STAR tmr
 ets Jan  8 2013,rst cause:4, boot mode:(3,7)

wdt reset
load 0x4010f000, len 1384, room 16 
tail 8
chksum 0x2d
csum 0x2d
v8b899c12
~ld


6.01
 0h00:04.894 2022/09/20T03:56:18z: DS3231
 0h00:04.909 2022/09/20T03:56:18z: BME280 (0x76)
 0h00:04.924 2022/09/20T03:56:18z: 84:f3:eb:7d:7:a8
 0h00:04.925 2022/09/20T03:56:18z: SSID: MU Open
 0h00:04.930 2022/09/20T03:56:18z: AP_STAR tmr
 ets Jan  8 2013,rst cause:4, boot mode:(3,7)

wdt reset
load 0x4010f000, len 1384, room 16 
tail 8
chksum 0x2d
csum 0x2d
v8b899c12
~ld


6.01
 0h00:04.979 2022/09/20T04:16:21z: DS3231
 0h00:04.994 2022/09/20T04:16:22z: BME280 (0x76)
 0h00:05.008 2022/09/20T04:16:22z: 84:f3:eb:7d:7:a8
 0h00:05.010 2022/09/20T04:16:22z: SSID: MU Open
 0h00:05.015 2022/09/20T04:16:22z: AP_STAR tmr
 ets Jan  8 2013,rst cause:4, boot mode:(3,7)

wdt reset
load 0x4010f000, len 1384, room 16 
tail 8
chksum 0x2d
csum 0x2d
v8b899c12
~ld


6.01
 0h00:04.985 2022/09/20T04:36:26z: DS3231
 0h00:05.000 2022/09/20T04:36:26z: BME280 (0x76)
 0h00:05.014 2022/09/20T04:36:26z: 84:f3:eb:7d:7:a8
 0h00:05.016 2022/09/20T04:36:26z: SSID: MU Open
 0h00:05.021 2022/09/20T04:36:26z: AP_STAR tmr
 ets Jan  8 2013,rst cause:4, boot mode:(3,7)

wdt reset
load 0x4010f000, len 1384, room 16 
tail 8
chksum 0x2d
csum 0x2d
v8b899c12
~ld


6.01
 0h00:04.714 2022/09/20T04:56:29z: DS3231
 0h00:04.729 2022/09/20T04:56:29z: BME280 (0x76)
 0h00:04.743 2022/09/20T04:56:29z: 84:f3:eb:7d:7:a8
 0h00:04.745 2022/09/20T04:56:29z: SSID: MU Open
 0h00:04.750 2022/09/20T04:56:29z: AP_STAR tmr
 ets Jan  8 2013,rst cause:4, boot mode:(3,7)

wdt reset
load 0x4010f000, len 1384, room 16 
tail 8
chksum 0x2d
csum 0x2d
v8b899c12
~ld


6.01
 0h00:05.099 2022/09/20T05:16:33z: DS3231
 0h00:05.114 2022/09/20T05:16:33z: BME280 (0x76)
 0h00:05.129 2022/09/20T05:16:33z: 84:f3:eb:7d:7:a8
 0h00:05.130 2022/09/20T05:16:33z: SSID: MU Open
 0h00:05.135 2022/09/20T05:16:33z: AP_STAR tmr
 ets Jan  8 2013,rst cause:4, boot mode:(3,7)

wdt reset
load 0x4010f000, len 1384, room 16 
tail 8
chksum 0x2d
csum 0x2d
v8b899c12
~ld


6.01
 0h00:04.988 2022/09/20T05:36:36z: DS3231
 0h00:05.003 2022/09/20T05:36:36z: BME280 (0x76)
 0h00:05.018 2022/09/20T05:36:36z: 84:f3:eb:7d:7:a8
 0h00:05.019 2022/09/20T05:36:36z: SSID: MU Open
 0h00:05.024 2022/09/20T05:36:36z: AP_STAR tmr
 ets Jan  8 2013,rst cause:4, boot mode:(3,7)

wdt reset
load 0x4010f000, len 1384, room 16 
tail 8
chksum 0x2d
csum 0x2d
v8b899c12
~ld


6.01
 0h00:04.732 2022/09/20T05:56:39z: DS3231
 0h00:04.747 2022/09/20T05:56:39z: BME280 (0x76)
 0h00:04.761 2022/09/20T05:56:39z: 84:f3:eb:7d:7:a8
 0h00:04.763 2022/09/20T05:56:39z: SSID: MU Open
 0h00:04.768 2022/09/20T05:56:39z: AP_STAR tmr
 ets Jan  8 2013,rst cause:4, boot mode:(3,7)

wdt reset
load 0x4010f000, len 1384, room 16 
tail 8
chksum 0x2d
csum 0x2d
v8b899c12
~ld


6.01
 0h00:04.635 2022/09/20T06:16:43z: DS3231
 0h00:04.651 2022/09/20T06:16:43z: BME280 (0x76)
 0h00:04.665 2022/09/20T06:16:43z: 84:f3:eb:7d:7:a8
 0h00:04.667 2022/09/20T06:16:43z: SSID: MU Open
 0h00:04.672 2022/09/20T06:16:43z: AP_STAR tmr
 ets Jan  8 2013,rst cause:4, boot mode:(3,7)

wdt reset
load 0x4010f000, len 1384, room 16 
tail 8
chksum 0x2d
csum 0x2d
v8b899c12
~ld


6.01
 0h00:04.666 2022/09/20T06:36:46z: DS3231
 0h00:04.681 2022/09/20T06:36:46z: BME280 (0x76)
 0h00:04.695 2022/09/20T06:36:46z: 84:f3:eb:7d:7:a8
 0h00:04.697 2022/09/20T06:36:46z: SSID: MU Open
 0h00:04.702 2022/09/20T06:36:46z: AP_STAR tmr
 ets Jan  8 2013,rst cause:4, boot mode:(3,7)

wdt reset
load 0x4010f000, len 1384, room 16 
tail 8
chksum 0x2d
csum 0x2d
v8b899c12
~ld


6.01
 0h00:05.029 2022/09/20T06:56:50z: DS3231
 0h00:05.044 2022/09/20T06:56:50z: BME280 (0x76)
 0h00:05.058 2022/09/20T06:56:50z: 84:f3:eb:7d:7:a8
 0h00:05.060 2022/09/20T06:56:50z: SSID: MU Open
 0h00:05.065 2022/09/20T06:56:50z: AP_STAR tmr
 ets Jan  8 2013,rst cause:4, boot mode:(3,7)

wdt reset
load 0x4010f000, len 1384, room 16 
tail 8
chksum 0x2d
csum 0x2d
v8b899c12
~ld


6.01
 0h00:04.906 2022/09/20T07:16:54z: DS3231
 0h00:04.921 2022/09/20T07:16:54z: BME280 (0x76)
 0h00:04.935 2022/09/20T07:16:54z: 84:f3:eb:7d:7:a8
 0h00:04.937 2022/09/20T07:16:54z: SSID: MU Open
 0h00:04.942 2022/09/20T07:16:54z: AP_STAR tmr
 ets Jan  8 2013,rst cause:4, boot mode:(3,7)

wdt reset
load 0x4010f000, len 1384, room 16 
tail 8
chksum 0x2d
csum 0x2d
v8b899c12
~ld


6.01
 0h00:04.551 2022/09/20T07:36:57z: DS3231
 0h00:04.566 2022/09/20T07:36:57z: BME280 (0x76)
 0h00:04.580 2022/09/20T07:36:57z: 84:f3:eb:7d:7:a8
 0h00:04.582 2022/09/20T07:36:57z: SSID: MU Open
 0h00:04.587 2022/09/20T07:36:57z: AP_STAR tmr
 ets Jan  8 2013,rst cause:4, boot mode:(3,7)

wdt reset
load 0x4010f000, len 1384, room 16 
tail 8
chksum 0x2d
csum 0x2d
v8b899c12
~ld


6.01
 0h00:05.017 2022/09/20T07:57:01z: DS3231
 0h00:05.032 2022/09/20T07:57:01z: BME280 (0x76)
 0h00:05.047 2022/09/20T07:57:01z: 84:f3:eb:7d:7:a8
 0h00:05.048 2022/09/20T07:57:01z: SSID: MU Open
 0h00:05.053 2022/09/20T07:57:01z: AP_STAR tmr
 ets Jan  8 2013,rst cause:4, boot mode:(3,7)

wdt reset
load 0x4010f000, len 1384, room 16 
tail 8
chksum 0x2d
csum 0x2d
v8b899c12
~ld


6.01
 0h00:04.733 2022/09/20T08:17:04z: DS3231
 0h00:04.748 2022/09/20T08:17:05z: BME280 (0x76)
 0h00:04.763 2022/09/20T08:17:05z: 84:f3:eb:7d:7:a8
 0h00:04.764 2022/09/20T08:17:05z: SSID: MU Open
 0h00:04.769 2022/09/20T08:17:05z: AP_STAR tmr
 ets Jan  8 2013,rst cause:4, boot mode:(3,7)

wdt reset
load 0x4010f000, len 1384, room 16 
tail 8
chksum 0x2d
csum 0x2d
v8b899c12
~ld


6.01
 0h00:04.695 2022/09/20T08:37:08z: DS3231
 0h00:04.710 2022/09/20T08:37:08z: BME280 (0x76)
 0h00:04.724 2022/09/20T08:37:08z: 84:f3:eb:7d:7:a8
 0h00:04.726 2022/09/20T08:37:08z: SSID: MU Open
 0h00:04.731 2022/09/20T08:37:08z: AP_STAR tmr
 ets Jan  8 2013,rst cause:4, boot mode:(3,7)

wdt reset
load 0x4010f000, len 1384, room 16 
tail 8
chksum 0x2d
csum 0x2d
v8b899c12
~ld


6.01
 0h00:04.588 2022/09/20T08:57:11z: DS3231
 0h00:04.603 2022/09/20T08:57:11z: BME280 (0x76)
 0h00:04.617 2022/09/20T08:57:11z: 84:f3:eb:7d:7:a8
 0h00:04.619 2022/09/20T08:57:11z: SSID: MU Open
 0h00:04.624 2022/09/20T08:57:11z: AP_STAR tmr
 ets Jan  8 2013,rst cause:4, boot mode:(3,7)

wdt reset
load 0x4010f000, len 1384, room 16 
tail 8
chksum 0x2d
csum 0x2d
v8b899c12
~ld


6.01
 0h00:04.886 2022/09/20T09:17:14z: DS3231
 0h00:04.901 2022/09/20T09:17:14z: BME280 (0x76)
 0h00:04.915 2022/09/20T09:17:14z: 84:f3:eb:7d:7:a8
 0h00:04.917 2022/09/20T09:17:14z: SSID: MU Open
 0h00:04.922 2022/09/20T09:17:14z: AP_STAR tmr
 ets Jan  8 2013,rst cause:4, boot mode:(3,7)

wdt reset
load 0x4010f000, len 1384, room 16 
tail 8
chksum 0x2d
csum 0x2d
v8b899c12
~ld


6.01
 0h00:05.029 2022/09/20T09:37:18z: DS3231
 0h00:05.044 2022/09/20T09:37:18z: BME280 (0x76)
 0h00:05.058 2022/09/20T09:37:18z: 84:f3:eb:7d:7:a8
 0h00:05.060 2022/09/20T09:37:18z: SSID: MU Open
 0h00:05.065 2022/09/20T09:37:18z: AP_STAR tmr
 ets Jan  8 2013,rst cause:4, boot mode:(3,7)

wdt reset
load 0x4010f000, len 1384, room 16 
tail 8
chksum 0x2d
csum 0x2d
v8b899c12
~ld


6.01
 0h00:05.038 2022/09/20T09:57:23z: DS3231
 0h00:05.053 2022/09/20T09:57:23z: BME280 (0x76)
 0h00:05.067 2022/09/20T09:57:23z: 84:f3:eb:7d:7:a8
 0h00:05.069 2022/09/20T09:57:23z: SSID: MU Open
 0h00:05.074 2022/09/20T09:57:23z: AP_STAR tmr
 ets Jan  8 2013,rst cause:4, boot mode:(3,7)

wdt reset
load 0x4010f000, len 1384, room 16 
tail 8
chksum 0x2d
csum 0x2d
v8b899c12
~ld


6.01
 0h00:04.998 2022/09/20T10:17:26z: DS3231
 0h00:05.014 2022/09/20T10:17:26z: BME280 (0x76)
 0h00:05.028 2022/09/20T10:17:26z: 84:f3:eb:7d:7:a8
 0h00:05.030 2022/09/20T10:17:26z: SSID: MU Open
 0h00:05.035 2022/09/20T10:17:26z: AP_STAR tmr
 ets Jan  8 2013,rst cause:4, boot mode:(3,7)

wdt reset
load 0x4010f000, len 1384, room 16 
tail 8
chksum 0x2d
csum 0x2d
v8b899c12
~ld


6.01
 0h00:04.645 2022/09/20T10:37:30z: DS3231
 0h00:04.661 2022/09/20T10:37:30z: BME280 (0x76)
 0h00:04.675 2022/09/20T10:37:30z: 84:f3:eb:7d:7:a8
 0h00:04.677 2022/09/20T10:37:30z: SSID: MU Open
 0h00:04.682 2022/09/20T10:37:30z: AP_STAR tmr
 ets Jan  8 2013,rst cause:4, boot mode:(3,7)

wdt reset
load 0x4010f000, len 1384, room 16 
tail 8
chksum 0x2d
csum 0x2d
v8b899c12
~ld


6.01
 0h00:05.006 2022/09/20T10:57:34z: DS3231
 0h00:05.022 2022/09/20T10:57:34z: BME280 (0x76)
 0h00:05.036 2022/09/20T10:57:34z: 84:f3:eb:7d:7:a8
 0h00:05.038 2022/09/20T10:57:34z: SSID: MU Open
 0h00:05.043 2022/09/20T10:57:34z: AP_STAR tmr
 ets Jan  8 2013,rst cause:4, boot mode:(3,7)

wdt reset
load 0x4010f000, len 1384, room 16 
tail 8
chksum 0x2d
csum 0x2d
v8b899c12
~ld


6.01
 0h00:04.646 2022/09/20T11:17:37z: DS3231
 0h00:04.661 2022/09/20T11:17:37z: BME280 (0x76)
 0h00:04.675 2022/09/20T11:17:37z: 84:f3:eb:7d:7:a8
 0h00:04.677 2022/09/20T11:17:37z: SSID: MU Open
 0h00:04.682 2022/09/20T11:17:37z: AP_STAR tmr
 ets Jan  8 2013,rst cause:4, boot mode:(3,7)

wdt reset
load 0x4010f000, len 1384, room 16 
tail 8
chksum 0x2d
csum 0x2d
v8b899c12
~ld


6.01
 0h00:04.604 2022/09/20T11:37:41z: DS3231
 0h00:04.619 2022/09/20T11:37:41z: BME280 (0x76)
 0h00:04.634 2022/09/20T11:37:41z: 84:f3:eb:7d:7:a8
 0h00:04.635 2022/09/20T11:37:41z: SSID: MU Open
 0h00:04.640 2022/09/20T11:37:41z: AP_STAR tmr
 ets Jan  8 2013,rst cause:4, boot mode:(3,7)

wdt reset
load 0x4010f000, len 1384, room 16 
tail 8
chksum 0x2d
csum 0x2d
v8b899c12
~ld


6.01
 0h00:04.730 2022/09/20T11:57:44z: DS3231
 0h00:04.746 2022/09/20T11:57:44z: BME280 (0x76)
 0h00:04.760 2022/09/20T11:57:44z: 84:f3:eb:7d:7:a8
 0h00:04.762 2022/09/20T11:57:44z: SSID: MU Open
 0h00:04.767 2022/09/20T11:57:44z: AP_STAR tmr
 ets Jan  8 2013,rst cause:4, boot mode:(3,7)

wdt reset
load 0x4010f000, len 1384, room 16 
tail 8
chksum 0x2d
csum 0x2d
v8b899c12
~ld


6.01
 0h00:05.120 2022/09/20T12:17:48z: DS3231
 0h00:05.136 2022/09/20T12:17:48z: BME280 (0x76)
 0h00:05.150 2022/09/20T12:17:48z: 84:f3:eb:7d:7:a8
 0h00:05.151 2022/09/20T12:17:48z: SSID: MU Open
 0h00:05.157 2022/09/20T12:17:48z: AP_STAR tmr
 ets Jan  8 2013,rst cause:4, boot mode:(3,7)

wdt reset
load 0x4010f000, len 1384, room 16 
tail 8
chksum 0x2d
csum 0x2d
v8b899c12
~ld


6.01
 0h00:05.126 2022/09/20T12:37:52z: DS3231
 0h00:05.141 2022/09/20T12:37:52z: BME280 (0x76)
 0h00:05.155 2022/09/20T12:37:52z: 84:f3:eb:7d:7:a8
 0h00:05.157 2022/09/20T12:37:52z: SSID: MU Open
 0h00:05.162 2022/09/20T12:37:52z: AP_STAR tmr
 ets Jan  8 2013,rst cause:4, boot mode:(3,7)

wdt reset
load 0x4010f000, len 1384, room 16 
tail 8
chksum 0x2d
csum 0x2d
v8b899c12
~ld


6.01
 0h00:05.121 2022/09/20T12:57:56z: DS3231
 0h00:05.136 2022/09/20T12:57:56z: BME280 (0x76)
 0h00:05.150 2022/09/20T12:57:56z: 84:f3:eb:7d:7:a8
 0h00:05.152 2022/09/20T12:57:56z: SSID: MU Open
 0h00:05.157 2022/09/20T12:57:56z: AP_STAR tmr
 ets Jan  8 2013,rst cause:4, boot mode:(3,7)

wdt reset
load 0x4010f000, len 1384, room 16 
tail 8
chksum 0x2d
csum 0x2d
v8b899c12
~ld


6.01
 0h00:04.885 2022/09/20T13:18:00z: DS3231
 0h00:04.900 2022/09/20T13:18:00z: BME280 (0x76)
 0h00:04.914 2022/09/20T13:18:00z: 84:f3:eb:7d:7:a8
 0h00:04.916 2022/09/20T13:18:00z: SSID: MU Open
 0h00:04.921 2022/09/20T13:18:00z: AP_STAR tmr
 ets Jan  8 2013,rst cause:4, boot mode:(3,7)

wdt reset
load 0x4010f000, len 1384, room 16 
tail 8
chksum 0x2d
csum 0x2d
v8b899c12
~ld


6.01
 0h00:05.175 2022/09/20T13:38:04z: DS3231
 0h00:05.190 2022/09/20T13:38:04z: BME280 (0x76)
 0h00:05.205 2022/09/20T13:38:04z: 84:f3:eb:7d:7:a8
 0h00:05.206 2022/09/20T13:38:04z: SSID: MU Open
 0h00:05.211 2022/09/20T13:38:04z: AP_STAR tmr
 ets Jan  8 2013,rst cause:4, boot mode:(3,7)

wdt reset
load 0x4010f000, len 1384, room 16 
tail 8
chksum 0x2d
csum 0x2d
v8b899c12
~ld


6.01
 0h00:04.946 2022/09/20T13:58:08z: DS3231
 0h00:04.961 2022/09/20T13:58:08z: BME280 (0x76)
 0h00:04.976 2022/09/20T13:58:08z: 84:f3:eb:7d:7:a8
 0h00:04.977 2022/09/20T13:58:08z: SSID: MU Open
 0h00:04.982 2022/09/20T13:58:08z: AP_STAR tmr
 ets Jan  8 2013,rst cause:4, boot mode:(3,7)

wdt reset
load 0x4010f000, len 1384, room 16 
tail 8
chksum 0x2d
csum 0x2d
v8b899c12
~ld


6.01
 0h00:04.909 2022/09/20T14:18:12z: DS3231
 0h00:04.924 2022/09/20T14:18:12z: BME280 (0x76)
 0h00:04.938 2022/09/20T14:18:12z: 84:f3:eb:7d:7:a8
 0h00:04.940 2022/09/20T14:18:12z: SSID: MU Open
 0h00:04.945 2022/09/20T14:18:12z: AP_STAR tmr
 ets Jan  8 2013,rst cause:4, boot mode:(3,7)

wdt reset
load 0x4010f000, len 1384, room 16 
tail 8
chksum 0x2d
csum 0x2d
v8b899c12
~ld


6.01
 0h00:04.853 2022/09/20T14:38:15z: DS3231
 0h00:04.869 2022/09/20T14:38:15z: BME280 (0x76)
 0h00:04.883 2022/09/20T14:38:15z: 84:f3:eb:7d:7:a8
 0h00:04.884 2022/09/20T14:38:15z: SSID: MU Open
 0h00:04.890 2022/09/20T14:38:15z: AP_STAR tmr
 ets Jan  8 2013,rst cause:4, boot mode:(3,7)

wdt reset
load 0x4010f000, len 1384, room 16 
tail 8
chksum 0x2d
csum 0x2d
v8b899c12
~ld


6.01
 0h00:04.950 2022/09/20T14:58:20z: DS3231
 0h00:04.965 2022/09/20T14:58:20z: BME280 (0x76)
 0h00:04.979 2022/09/20T14:58:20z: 84:f3:eb:7d:7:a8
 0h00:04.981 2022/09/20T14:58:20z: SSID: MU Open
 0h00:04.986 2022/09/20T14:58:20z: AP_STAR tmr
 ets Jan  8 2013,rst cause:4, boot mode:(3,7)

wdt reset
load 0x4010f000, len 1384, room 16 
tail 8
chksum 0x2d
csum 0x2d
v8b899c12
~ld


6.01
 0h00:04.858 2022/09/20T15:18:23z: DS3231
 0h00:04.873 2022/09/20T15:18:23z: BME280 (0x76)
 0h00:04.887 2022/09/20T15:18:23z: 84:f3:eb:7d:7:a8
 0h00:04.889 2022/09/20T15:18:23z: SSID: MU Open
 0h00:04.894 2022/09/20T15:18:23z: AP_STAR tmr
 ets Jan  8 2013,rst cause:4, boot mode:(3,7)

wdt reset
load 0x4010f000, len 1384, room 16 
tail 8
chksum 0x2d
csum 0x2d
v8b899c12
~ld


6.01
 0h00:04.679 2022/09/20T15:38:27z: DS3231
 0h00:04.695 2022/09/20T15:38:27z: BME280 (0x76)
 0h00:04.709 2022/09/20T15:38:27z: 84:f3:eb:7d:7:a8
 0h00:04.710 2022/09/20T15:38:27z: SSID: MU Open
 0h00:04.716 2022/09/20T15:38:27z: AP_STAR tmr
 ets Jan  8 2013,rst cause:4, boot mode:(3,7)

wdt reset
load 0x4010f000, len 1384, room 16 
tail 8
chksum 0x2d
csum 0x2d
v8b899c12
~ld


6.01
 0h00:05.090 2022/09/20T15:58:31z: DS3231
 0h00:05.105 2022/09/20T15:58:31z: BME280 (0x76)
 0h00:05.120 2022/09/20T15:58:31z: 84:f3:eb:7d:7:a8
 0h00:05.121 2022/09/20T15:58:31z: SSID: MU Open
 0h00:05.126 2022/09/20T15:58:31z: AP_STAR tmr
 ets Jan  8 2013,rst cause:4, boot mode:(3,7)

wdt reset
load 0x4010f000, len 1384, room 16 
tail 8
chksum 0x2d
csum 0x2d
v8b899c12
~ld


6.01
 0h00:04.835 2022/09/20T16:18:35z: DS3231
 0h00:04.851 2022/09/20T16:18:35z: BME280 (0x76)
 0h00:04.865 2022/09/20T16:18:35z: 84:f3:eb:7d:7:a8
 0h00:04.867 2022/09/20T16:18:35z: SSID: MU Open
 0h00:04.872 2022/09/20T16:18:35z: AP_STAR tmr
 ets Jan  8 2013,rst cause:4, boot mode:(3,7)

wdt reset
load 0x4010f000, len 1384, room 16 
tail 8
chksum 0x2d
csum 0x2d
v8b899c12
~ld


6.01
 0h00:05.121 2022/09/20T16:38:39z: DS3231
 0h00:05.136 2022/09/20T16:38:39z: BME280 (0x76)
 0h00:05.151 2022/09/20T16:38:39z: 84:f3:eb:7d:7:a8
 0h00:05.152 2022/09/20T16:38:39z: SSID: MU Open
 0h00:05.157 2022/09/20T16:38:39z: AP_STAR tmr
 ets Jan  8 2013,rst cause:4, boot mode:(3,7)

wdt reset
load 0x4010f000, len 1384, room 16 
tail 8
chksum 0x2d
csum 0x2d
v8b899c12
~ld


6.01
 0h00:05.210 2022/09/20T16:58:43z: DS3231
 0h00:05.225 2022/09/20T16:58:43z: BME280 (0x76)
 0h00:05.240 2022/09/20T16:58:43z: 84:f3:eb:7d:7:a8
 0h00:05.241 2022/09/20T16:58:43z: SSID: MU Open
 0h00:05.246 2022/09/20T16:58:43z: AP_STAR tmr
 ets Jan  8 2013,rst cause:4, boot mode:(3,7)

wdt reset
load 0x4010f000, len 1384, room 16 
tail 8
chksum 0x2d
csum 0x2d
v8b899c12
~ld


6.01
 0h00:05.136 2022/09/20T17:18:47z: DS3231
 0h00:05.152 2022/09/20T17:18:47z: BME280 (0x76)
 0h00:05.166 2022/09/20T17:18:47z: 84:f3:eb:7d:7:a8
 0h00:05.168 2022/09/20T17:18:47z: SSID: MU Open
 0h00:05.173 2022/09/20T17:18:47z: AP_STAR tmr
 ets Jan  8 2013,rst cause:4, boot mode:(3,7)

wdt reset
load 0x4010f000, len 1384, room 16 
tail 8
chksum 0x2d
csum 0x2d
v8b899c12
~ld


6.01
 0h00:05.109 2022/09/20T17:38:52z: DS3231
 0h00:05.124 2022/09/20T17:38:52z: BME280 (0x76)
 0h00:05.138 2022/09/20T17:38:52z: 84:f3:eb:7d:7:a8
 0h00:05.140 2022/09/20T17:38:52z: SSID: MU Open
 0h00:05.145 2022/09/20T17:38:52z: AP_STAR tmr
 ets Jan  8 2013,rst cause:4, boot mode:(3,7)

wdt reset
load 0x4010f000, len 1384, room 16 
tail 8
chksum 0x2d
csum 0x2d
v8b899c12
~ld


6.01
 0h00:04.752 2022/09/20T17:58:56z: DS3231
 0h00:04.767 2022/09/20T17:58:56z: BME280 (0x76)
 0h00:04.781 2022/09/20T17:58:56z: 84:f3:eb:7d:7:a8
 0h00:04.783 2022/09/20T17:58:56z: SSID: MU Open
 0h00:04.788 2022/09/20T17:58:56z: AP_STAR tmr
 ets Jan  8 2013,rst cause:4, boot mode:(3,7)

wdt reset
load 0x4010f000, len 1384, room 16 
tail 8
chksum 0x2d
csum 0x2d
v8b899c12
~ld


6.01
 0h00:04.741 2022/09/20T18:19:00z: DS3231
 0h00:04.756 2022/09/20T18:19:00z: BME280 (0x76)
 0h00:04.770 2022/09/20T18:19:00z: 84:f3:eb:7d:7:a8
 0h00:04.772 2022/09/20T18:19:00z: SSID: MU Open
 0h00:04.777 2022/09/20T18:19:00z: AP_STAR tmr
 ets Jan  8 2013,rst cause:4, boot mode:(3,7)

wdt reset
load 0x4010f000, len 1384, room 16 
tail 8
chksum 0x2d
csum 0x2d
v8b899c12
~ld


6.01
 0h00:04.843 2022/09/20T18:39:03z: DS3231
 0h00:04.858 2022/09/20T18:39:03z: BME280 (0x76)
 0h00:04.872 2022/09/20T18:39:03z: 84:f3:eb:7d:7:a8
 0h00:04.874 2022/09/20T18:39:03z: SSID: MU Open
 0h00:04.879 2022/09/20T18:39:03z: AP_STAR tmr
 ets Jan  8 2013,rst cause:4, boot mode:(3,7)

wdt reset
load 0x4010f000, len 1384, room 16 
tail 8
chksum 0x2d
csum 0x2d
v8b899c12
~ld


6.01
 0h00:04.576 2022/09/20T18:59:06z: DS3231
 0h00:04.592 2022/09/20T18:59:06z: BME280 (0x76)
 0h00:04.606 2022/09/20T18:59:06z: 84:f3:eb:7d:7:a8
 0h00:04.608 2022/09/20T18:59:06z: SSID: MU Open
 0h00:04.613 2022/09/20T18:59:06z: AP_STAR tmr
 ets Jan  8 2013,rst cause:4, boot mode:(3,7)

wdt reset
load 0x4010f000, len 1384, room 16 
tail 8
chksum 0x2d
csum 0x2d
v8b899c12
~ld


6.01
 0h00:04.628 2022/09/20T19:19:10z: DS3231
 0h00:04.643 2022/09/20T19:19:10z: BME280 (0x76)
 0h00:04.658 2022/09/20T19:19:10z: 84:f3:eb:7d:7:a8
 0h00:04.659 2022/09/20T19:19:10z: SSID: MU Open
 0h00:04.664 2022/09/20T19:19:10z: AP_STAR tmr
 ets Jan  8 2013,rst cause:4, boot mode:(3,7)

wdt reset
load 0x4010f000, len 1384, room 16 
tail 8
chksum 0x2d
csum 0x2d
v8b899c12
~ld


6.01
 0h00:04.628 2022/09/20T19:39:14z: DS3231
 0h00:04.644 2022/09/20T19:39:14z: BME280 (0x76)
 0h00:04.658 2022/09/20T19:39:14z: 84:f3:eb:7d:7:a8
 0h00:04.659 2022/09/20T19:39:14z: SSID: MU Open
 0h00:04.665 2022/09/20T19:39:14z: AP_STAR tmr
 ets Jan  8 2013,rst cause:4, boot mode:(3,7)

wdt reset
load 0x4010f000, len 1384, room 16 
tail 8
chksum 0x2d
csum 0x2d
v8b899c12
~ld


6.01
 0h00:04.640 2022/09/20T19:59:18z: DS3231
 0h00:04.655 2022/09/20T19:59:18z: BME280 (0x76)
 0h00:04.669 2022/09/20T19:59:18z: 84:f3:eb:7d:7:a8
 0h00:04.671 2022/09/20T19:59:18z: SSID: MU Open
 0h00:04.676 2022/09/20T19:59:18z: AP_STAR tmr
 ets Jan  8 2013,rst cause:4, boot mode:(3,7)

wdt reset
load 0x4010f000, len 1384, room 16 
tail 8
chksum 0x2d
csum 0x2d
v8b899c12
~ld


6.01
 0h00:04.915 2022/09/20T20:19:21z: DS3231
 0h00:04.931 2022/09/20T20:19:21z: BME280 (0x76)
 0h00:04.945 2022/09/20T20:19:21z: 84:f3:eb:7d:7:a8
 0h00:04.947 2022/09/20T20:19:21z: SSID: MU Open
 0h00:04.952 2022/09/20T20:19:21z: AP_STAR tmr
 ets Jan  8 2013,rst cause:4, boot mode:(3,7)

wdt reset
load 0x4010f000, len 1384, room 16 
tail 8
chksum 0x2d
csum 0x2d
v8b899c12
~ld


6.01
 0h00:04.592 2022/09/20T20:39:24z: DS3231
 0h00:04.607 2022/09/20T20:39:24z: BME280 (0x76)
 0h00:04.621 2022/09/20T20:39:24z: 84:f3:eb:7d:7:a8
 0h00:04.623 2022/09/20T20:39:24z: SSID: MU Open
 0h00:04.628 2022/09/20T20:39:24z: AP_STAR tmr
 ets Jan  8 2013,rst cause:4, boot mode:(3,7)

wdt reset
load 0x4010f000, len 1384, room 16 
tail 8
chksum 0x2d
csum 0x2d
v8b899c12
~ld


6.01
 0h00:04.615 2022/09/20T20:59:28z: DS3231
 0h00:04.631 2022/09/20T20:59:28z: BME280 (0x76)
 0h00:04.645 2022/09/20T20:59:28z: 84:f3:eb:7d:7:a8
 0h00:04.646 2022/09/20T20:59:28z: SSID: MU Open
 0h00:04.652 2022/09/20T20:59:28z: AP_STAR tmr
 ets Jan  8 2013,rst cause:4, boot mode:(3,7)

wdt reset
load 0x4010f000, len 1384, room 16 
tail 8
chksum 0x2d
csum 0x2d
v8b899c12
~ld


6.01
 0h00:04.593 2022/09/20T21:19:32z: DS3231
 0h00:04.608 2022/09/20T21:19:32z: BME280 (0x76)
 0h00:04.622 2022/09/20T21:19:32z: 84:f3:eb:7d:7:a8
 0h00:04.624 2022/09/20T21:19:32z: SSID: MU Open
 0h00:04.629 2022/09/20T21:19:32z: AP_STAR tmr
 ets Jan  8 2013,rst cause:4, boot mode:(3,7)

wdt reset
load 0x4010f000, len 1384, room 16 
tail 8
chksum 0x2d
csum 0x2d
v8b899c12
~ld


6.01
 0h00:04.502 2022/09/20T21:39:36z: DS3231
 0h00:04.518 2022/09/20T21:39:36z: BME280 (0x76)
 0h00:04.532 2022/09/20T21:39:36z: 84:f3:eb:7d:7:a8
 0h00:04.533 2022/09/20T21:39:36z: SSID: MU Open
 0h00:04.539 2022/09/20T21:39:36z: AP_STAR tmr
 ets Jan  8 2013,rst cause:4, boot mode:(3,7)

wdt reset
load 0x4010f000, len 1384, room 16 
tail 8
chksum 0x2d
csum 0x2d
v8b899c12
~ld


6.01
 0h00:04.534 2022/09/20T21:59:39z: DS3231
 0h00:04.549 2022/09/20T21:59:39z: BME280 (0x76)
 0h00:04.563 2022/09/20T21:59:39z: 84:f3:eb:7d:7:a8
 0h00:04.565 2022/09/20T21:59:39z: SSID: MU Open
 0h00:04.570 2022/09/20T21:59:39z: AP_STAR tmr
 ets Jan  8 2013,rst cause:4, boot mode:(3,7)

wdt reset
load 0x4010f000, len 1384, room 16 
tail 8
chksum 0x2d
csum 0x2d
v8b899c12
~ld


6.01
 0h00:04.853 2022/09/20T22:19:43z: DS3231
 0h00:04.868 2022/09/20T22:19:43z: BME280 (0x76)
 0h00:04.883 2022/09/20T22:19:43z: 84:f3:eb:7d:7:a8
 0h00:04.884 2022/09/20T22:19:43z: SSID: MU Open
 0h00:04.889 2022/09/20T22:19:43z: AP_STAR tmr
 ets Jan  8 2013,rst cause:4, boot mode:(3,7)

wdt reset
load 0x4010f000, len 1384, room 16 
tail 8
chksum 0x2d
csum 0x2d
v8b899c12
~ld


6.01
 0h00:04.648 2022/09/20T22:39:46z: DS3231
 0h00:04.663 2022/09/20T22:39:46z: BME280 (0x76)
 0h00:04.677 2022/09/20T22:39:46z: 84:f3:eb:7d:7:a8
 0h00:04.679 2022/09/20T22:39:46z: SSID: MU Open
 0h00:04.684 2022/09/20T22:39:46z: AP_STAR tmr
 ets Jan  8 2013,rst cause:4, boot mode:(3,7)

wdt reset
load 0x4010f000, len 1384, room 16 
tail 8
chksum 0x2d
csum 0x2d
v8b899c12
~ld


6.01
 0h00:04.622 2022/09/20T22:59:50z: DS3231
 0h00:04.638 2022/09/20T22:59:50z: BME280 (0x76)
 0h00:04.652 2022/09/20T22:59:50z: 84:f3:eb:7d:7:a8
 0h00:04.653 2022/09/20T22:59:50z: SSID: MU Open
 0h00:04.659 2022/09/20T22:59:50z: AP_STAR tmr
 ets Jan  8 2013,rst cause:4, boot mode:(3,7)

wdt reset
load 0x4010f000, len 1384, room 16 
tail 8
chksum 0x2d
csum 0x2d
v8b899c12
~ld


6.01
 0h00:04.746 2022/09/20T23:19:54z: DS3231
 0h00:04.761 2022/09/20T23:19:54z: BME280 (0x76)
 0h00:04.775 2022/09/20T23:19:54z: 84:f3:eb:7d:7:a8
 0h00:04.777 2022/09/20T23:19:54z: SSID: MU Open
 0h00:04.782 2022/09/20T23:19:54z: AP_STAR tmr
 ets Jan  8 2013,rst cause:4, boot mode:(3,7)

wdt reset
load 0x4010f000, len 1384, room 16 
tail 8
chksum 0x2d
csum 0x2d
v8b899c12
~ld


6.01
 0h00:04.944 2022/09/20T23:39:58z: DS3231
 0h00:04.959 2022/09/20T23:39:59z: BME280 (0x76)
 0h00:04.973 2022/09/20T23:39:59z: 84:f3:eb:7d:7:a8
 0h00:04.975 2022/09/20T23:39:59z: SSID: MU Open
 0h00:04.980 2022/09/20T23:39:59z: AP_STAR tmr
 ets Jan  8 2013,rst cause:4, boot mode:(3,7)

wdt reset
load 0x4010f000, len 1384, room 16 
tail 8
chksum 0x2d
csum 0x2d
v8b899c12
~ld


6.01
 0h00:04.587 2022/09/21T00:00:02z: DS3231
 0h00:04.602 2022/09/21T00:00:02z: BME280 (0x76)
 0h00:04.616 2022/09/21T00:00:02z: 84:f3:eb:7d:7:a8
 0h00:04.618 2022/09/21T00:00:02z: SSID: MU Open
 0h00:04.623 2022/09/21T00:00:02z: AP_STA