R tmr
 ets Jan  8 2013,rst cause:4, boot mode:(3,7)

wdt reset
load 0x4010f000, len 1384, room 16 
tail 8
chksum 0x2d
csum 0x2d
v8b899c12
~ld


6.01
 0h00:05.118 2022/09/10T00:07:32z: DS3231
 0h00:05.133 2022/09/10T00:07:32z: BME280 (0x76)
 0h00:05.147 2022/09/10T00:07:32z: 84:f3:eb:7d:7:a8
 0h00:05.149 2022/09/10T00:07:32z: SSID: MU Open
 0h00:05.154 2022/09/10T00:07:32z: AP_STAR tmr
 ets Jan  8 2013,rst cause:4, boot mode:(3,7)

wdt reset
load 0x4010f000, len 1384, room 16 
tail 8
chksum 0x2d
csum 0x2d
v8b899c12
~ld


6.01
 0h00:05.085 2022/09/10T00:27:35z: DS3231
 0h00:05.101 2022/09/10T00:27:35z: BME280 (0x76)
 0h00:05.115 2022/09/10T00:27:35z: 84:f3:eb:7d:7:a8
 0h00:05.116 2022/09/10T00:27:35z: SSID: MU Open
 0h00:05.122 2022/09/10T00:27:35z: AP_STAR tmr
 ets Jan  8 2013,rst cause:4, boot mode:(3,7)

wdt reset
load 0x4010f000, len 1384, room 16 
tail 8
chksum 0x2d
csum 0x2d
v8b899c12
~ld


6.01
 0h00:05.152 2022/09/10T00:47:40z: DS3231
 0h00:05.168 2022/09/10T00:47:40z: BME280 (0x76)
 0h00:05.182 2022/09/10T00:47:40z: 84:f3:eb:7d:7:a8
 0h00:05.184 2022/09/10T00:47:40z: SSID: MU Open
 0h00:05.189 2022/09/10T00:47:40z: AP_STAR tmr
 ets Jan  8 2013,rst cause:4, boot mode:(3,7)

wdt reset
load 0x4010f000, len 1384, room 16 
tail 8
chksum 0x2d
csum 0x2d
v8b899c12
~ld


6.01
 0h00:05.275 2022/09/10T01:07:45z: DS3231
 0h00:05.290 2022/09/10T01:07:45z: BME280 (0x76)
 0h00:05.304 2022/09/10T01:07:45z: 84:f3:eb:7d:7:a8
 0h00:05.306 2022/09/10T01:07:45z: SSID: MU Open
 0h00:05.311 2022/09/10T01:07:45z: AP_STAR tmr
 ets Jan  8 2013,rst cause:4, boot mode:(3,7)

wdt reset
load 0x4010f000, len 1384, room 16 
tail 8
chksum 0x2d
csum 0x2d
v8b899c12
~ld


6.01
 0h00:05.189 2022/09/10T01:27:50z: DS3231
 0h00:05.204 2022/09/10T01:27:50z: BME280 (0x76)
 0h00:05.218 2022/09/10T01:27:50z: 84:f3:eb:7d:7:a8
 0h00:05.220 2022/09/10T01:27:50z: SSID: MU Open
 0h00:05.225 2022/09/10T01:27:50z: AP_STAR tmr
 ets Jan  8 2013,rst cause:4, boot mode:(3,7)

wdt reset
load 0x4010f000, len 1384, room 16 
tail 8
chksum 0x2d
csum 0x2d
v8b899c12
~ld


6.01
 0h00:05.183 2022/09/10T01:47:55z: DS3231
 0h00:05.198 2022/09/10T01:47:55z: BME280 (0x76)
 0h00:05.212 2022/09/10T01:47:55z: 84:f3:eb:7d:7:a8
 0h00:05.214 2022/09/10T01:47:55z: SSID: MU Open
 0h00:05.219 2022/09/10T01:47:55z: AP_STAR tmr
 ets Jan  8 2013,rst cause:4, boot mode:(3,7)

wdt reset
load 0x4010f000, len 1384, room 16 
tail 8
chksum 0x2d
csum 0x2d
v8b899c12
~ld


6.01
 0h00:04.950 2022/09/10T02:07:58z: DS3231
 0h00:04.965 2022/09/10T02:07:58z: BME280 (0x76)
 0h00:04.979 2022/09/10T02:07:58z: 84:f3:eb:7d:7:a8
 0h00:04.981 2022/09/10T02:07:58z: SSID: MU Open
 0h00:04.986 2022/09/10T02:07:58z: AP_STAR tmr
 ets Jan  8 2013,rst cause:4, boot mode:(3,7)

wdt reset
load 0x4010f000, len 1384, room 16 
tail 8
chksum 0x2d
csum 0x2d
v8b899c12
~ld


6.01
 0h00:04.851 2022/09/10T02:28:02z: DS3231
 0h00:04.866 2022/09/10T02:28:02z: BME280 (0x76)
 0h00:04.880 2022/09/10T02:28:02z: 84:f3:eb:7d:7:a8
 0h00:04.882 2022/09/10T02:28:02z: SSID: MU Open
 0h00:04.887 2022/09/10T02:28:02z: AP_STAR tmr
 ets Jan  8 2013,rst cause:4, boot mode:(3,7)

wdt reset
load 0x4010f000, len 1384, room 16 
tail 8
chksum 0x2d
csum 0x2d
v8b899c12
~ld


6.01
 0h00:05.086 2022/09/10T02:48:07z: DS3231
 0h00:05.101 2022/09/10T02:48:07z: BME280 (0x76)
 0h00:05.115 2022/09/10T02:48:07z: 84:f3:eb:7d:7:a8
 0h00:05.117 2022/09/10T02:48:07z: SSID: MU Open
 0h00:05.122 2022/09/10T02:48:07z: AP_STAR tmr
 ets Jan  8 2013,rst cause:4, boot mode:(3,7)

wdt reset
load 0x4010f000, len 1384, room 16 
tail 8
chksum 0x2d
csum 0x2d
v8b899c12
~ld


6.01
 0h00:05.284 2022/09/10T03:08:11z: DS3231
 0h00:05.299 2022/09/10T03:08:11z: BME280 (0x76)
 0h00:05.313 2022/09/10T03:08:11z: 84:f3:eb:7d:7:a8
 0h00:05.315 2022/09/10T03:08:11z: SSID: MU Open
 0h00:05.320 2022/09/10T03:08:11z: AP_STAR tmr
 ets Jan  8 2013,rst cause:4, boot mode:(3,7)

wdt reset
load 0x4010f000, len 1384, room 16 
tail 8
chksum 0x2d
csum 0x2d
v8b899c12
~ld


6.01
 0h00:04.866 2022/09/10T03:28:15z: DS3231
 0h00:04.881 2022/09/10T03:28:15z: BME280 (0x76)
 0h00:04.896 2022/09/10T03:28:15z: 84:f3:eb:7d:7:a8
 0h00:04.897 2022/09/10T03:28:15z: SSID: MU Open
 0h00:04.902 2022/09/10T03:28:15z: AP_STAR tmr
 ets Jan  8 2013,rst cause:4, boot mode:(3,7)

wdt reset
load 0x4010f000, len 1384, room 16 
tail 8
chksum 0x2d
csum 0x2d
v8b899c12
~ld


6.01
 0h00:04.934 2022/09/10T03:48:20z: DS3231
 0h00:04.949 2022/09/10T03:48:20z: BME280 (0x76)
 0h00:04.963 2022/09/10T03:48:20z: 84:f3:eb:7d:7:a8
 0h00:04.965 2022/09/10T03:48:20z: SSID: MU Open
 0h00:04.970 2022/09/10T03:48:20z: AP_STAR tmr
 ets Jan  8 2013,rst cause:4, boot mode:(3,7)

wdt reset
load 0x4010f000, len 1384, room 16 
tail 8
chksum 0x2d
csum 0x2d
v8b899c12
~ld


6.01
 0h00:05.030 2022/09/10T04:08:25z: DS3231
 0h00:05.046 2022/09/10T04:08:25z: BME280 (0x76)
 0h00:05.060 2022/09/10T04:08:25z: 84:f3:eb:7d:7:a8
 0h00:05.061 2022/09/10T04:08:25z: SSID: MU Open
 0h00:05.067 2022/09/10T04:08:25z: AP_STAR tmr
 ets Jan  8 2013,rst cause:4, boot mode:(3,7)

wdt reset
load 0x4010f000, len 1384, room 16 
tail 8
chksum 0x2d
csum 0x2d
v8b899c12
~ld


6.01
 0h00:05.110 2022/09/10T04:28:29z: DS3231
 0h00:05.126 2022/09/10T04:28:29z: BME280 (0x76)
 0h00:05.140 2022/09/10T04:28:29z: 84:f3:eb:7d:7:a8
 0h00:05.142 2022/09/10T04:28:29z: SSID: MU Open
 0h00:05.147 2022/09/10T04:28:29z: AP_STAR tmr
 ets Jan  8 2013,rst cause:4, boot mode:(3,7)

wdt reset
load 0x4010f000, len 1384, room 16 
tail 8
chksum 0x2d
csum 0x2d
v8b899c12
~ld


6.01
 0h00:04.886 2022/09/10T04:48:33z: DS3231
 0h00:04.901 2022/09/10T04:48:33z: BME280 (0x76)
 0h00:04.915 2022/09/10T04:48:33z: 84:f3:eb:7d:7:a8
 0h00:04.917 2022/09/10T04:48:33z: SSID: MU Open
 0h00:04.922 2022/09/10T04:48:33z: AP_STAR tmr
 ets Jan  8 2013,rst cause:4, boot mode:(3,7)

wdt reset
load 0x4010f000, len 1384, room 16 
tail 8
chksum 0x2d
csum 0x2d
v8b899c12
~ld


6.01
 0h00:05.024 2022/09/10T05:08:37z: DS3231
 0h00:05.039 2022/09/10T05:08:38z: BME280 (0x76)
 0h00:05.053 2022/09/10T05:08:38z: 84:f3:eb:7d:7:a8
 0h00:05.055 2022/09/10T05:08:38z: SSID: MU Open
 0h00:05.060 2022/09/10T05:08:38z: AP_STAR tmr
 ets Jan  8 2013,rst cause:4, boot mode:(3,7)

wdt reset
load 0x4010f000, len 1384, room 16 
tail 8
chksum 0x2d
csum 0x2d
v8b899c12
~ld


6.01
 0h00:04.974 2022/09/10T05:28:41z: DS3231
 0h00:04.990 2022/09/10T05:28:41z: BME280 (0x76)
 0h00:05.004 2022/09/10T05:28:41z: 84:f3:eb:7d:7:a8
 0h00:05.006 2022/09/10T05:28:41z: SSID: MU Open
 0h00:05.011 2022/09/10T05:28:41z: AP_STAR tmr
 ets Jan  8 2013,rst cause:4, boot mode:(3,7)

wdt reset
load 0x4010f000, len 1384, room 16 
tail 8
chksum 0x2d
csum 0x2d
v8b899c12
~ld


6.01
 0h00:04.792 2022/09/10T05:48:46z: DS3231
 0h00:04.808 2022/09/10T05:48:46z: BME280 (0x76)
 0h00:04.822 2022/09/10T05:48:46z: 84:f3:eb:7d:7:a8
 0h00:04.824 2022/09/10T05:48:46z: SSID: MU Open
 0h00:04.829 2022/09/10T05:48:46z: AP_STAR tmr
 ets Jan  8 2013,rst cause:4, boot mode:(3,7)

wdt reset
load 0x4010f000, len 1384, room 16 
tail 8
chksum 0x2d
csum 0x2d
v8b899c12
~ld


6.01
 0h00:04.572 2022/09/10T06:08:49z: DS3231
 0h00:04.587 2022/09/10T06:08:49z: BME280 (0x76)
 0h00:04.602 2022/09/10T06:08:49z: 84:f3:eb:7d:7:a8
 0h00:04.603 2022/09/10T06:08:49z: SSID: MU Open
 0h00:04.608 2022/09/10T06:08:49z: AP_STAR tmr
 ets Jan  8 2013,rst cause:4, boot mode:(3,7)

wdt reset
load 0x4010f000, len 1384, room 16 
tail 8
chksum 0x2d
csum 0x2d
v8b899c12
~ld


6.01
 0h00:04.943 2022/09/10T06:28:54z: DS3231
 0h00:04.958 2022/09/10T06:28:54z: BME280 (0x76)
 0h00:04.972 2022/09/10T06:28:54z: 84:f3:eb:7d:7:a8
 0h00:04.974 2022/09/10T06:28:54z: SSID: MU Open
 0h00:04.979 2022/09/10T06:28:54z: AP_STAR tmr
 ets Jan  8 2013,rst cause:4, boot mode:(3,7)

wdt reset
load 0x4010f000, len 1384, room 16 
tail 8
chksum 0x2d
csum 0x2d
v8b899c12
~ld


6.01
 0h00:04.959 2022/09/10T06:48:58z: DS3231
 0h00:04.975 2022/09/10T06:48:58z: BME280 (0x76)
 0h00:04.989 2022/09/10T06:48:58z: 84:f3:eb:7d:7:a8
 0h00:04.990 2022/09/10T06:48:58z: SSID: MU Open
 0h00:04.996 2022/09/10T06:48:58z: AP_STAR tmr
 ets Jan  8 2013,rst cause:4, boot mode:(3,7)

wdt reset
load 0x4010f000, len 1384, room 16 
tail 8
chksum 0x2d
csum 0x2d
v8b899c12
~ld


6.01
 0h00:04.724 2022/09/10T07:09:01z: DS3231
 0h00:04.739 2022/09/10T07:09:01z: BME280 (0x76)
 0h00:04.754 2022/09/10T07:09:01z: 84:f3:eb:7d:7:a8
 0h00:04.755 2022/09/10T07:09:01z: SSID: MU Open
 0h00:04.760 2022/09/10T07:09:01z: AP_STAR tmr
 ets Jan  8 2013,rst cause:4, boot mode:(3,7)

wdt reset
load 0x4010f000, len 1384, room 16 
tail 8
chksum 0x2d
csum 0x2d
v8b899c12
~ld


6.01
 0h00:04.498 2022/09/10T07:29:05z: DS3231
 0h00:04.513 2022/09/10T07:29:05z: BME280 (0x76)
 0h00:04.528 2022/09/10T07:29:05z: 84:f3:eb:7d:7:a8
 0h00:04.529 2022/09/10T07:29:05z: SSID: MU Open
 0h00:04.534 2022/09/10T07:29:05z: AP_STAR tmr
 ets Jan  8 2013,rst cause:4, boot mode:(3,7)

wdt reset
load 0x4010f000, len 1384, room 16 
tail 8
chksum 0x2d
csum 0x2d
v8b899c12
~ld


6.01
 0h00:04.582 2022/09/10T07:49:08z: DS3231
 0h00:04.597 2022/09/10T07:49:08z: BME280 (0x76)
 0h00:04.611 2022/09/10T07:49:08z: 84:f3:eb:7d:7:a8
 0h00:04.613 2022/09/10T07:49:08z: SSID: MU Open
 0h00:04.618 2022/09/10T07:49:08z: AP_STAR tmr
 ets Jan  8 2013,rst cause:4, boot mode:(3,7)

wdt reset
load 0x4010f000, len 1384, room 16 
tail 8
chksum 0x2d
csum 0x2d
v8b899c12
~ld


6.01
 0h00:04.589 2022/09/10T08:09:11z: DS3231
 0h00:04.604 2022/09/10T08:09:11z: BME280 (0x76)
 0h00:04.619 2022/09/10T08:09:11z: 84:f3:eb:7d:7:a8
 0h00:04.620 2022/09/10T08:09:11z: SSID: MU Open
 0h00:04.625 2022/09/10T08:09:11z: AP_STAR tmr
 ets Jan  8 2013,rst cause:4, boot mode:(3,7)

wdt reset
load 0x4010f000, len 1384, room 16 
tail 8
chksum 0x2d
csum 0x2d
v8b899c12
~ld


6.01
 0h00:04.775 2022/09/10T08:29:15z: DS3231
 0h00:04.790 2022/09/10T08:29:15z: BME280 (0x76)
 0h00:04.804 2022/09/10T08:29:15z: 84:f3:eb:7d:7:a8
 0h00:04.806 2022/09/10T08:29:15z: SSID: MU Open
 0h00:04.811 2022/09/10T08:29:15z: AP_STAR tmr
 ets Jan  8 2013,rst cause:4, boot mode:(3,7)

wdt reset
load 0x4010f000, len 1384, room 16 
tail 8
chksum 0x2d
csum 0x2d
v8b899c12
~ld


6.01
 0h00:04.548 2022/09/10T08:49:18z: DS3231
 0h00:04.563 2022/09/10T08:49:18z: BME280 (0x76)
 0h00:04.577 2022/09/10T08:49:18z: 84:f3:eb:7d:7:a8
 0h00:04.579 2022/09/10T08:49:18z: SSID: MU Open
 0h00:04.584 2022/09/10T08:49:18z: AP_STAR tmr
 ets Jan  8 2013,rst cause:4, boot mode:(3,7)

wdt reset
load 0x4010f000, len 1384, room 16 
tail 8
chksum 0x2d
csum 0x2d
v8b899c12
~ld


6.01
 0h00:04.474 2022/09/10T09:09:22z: DS3231
 0h00:04.489 2022/09/10T09:09:22z: BME280 (0x76)
 0h00:04.504 2022/09/10T09:09:22z: 84:f3:eb:7d:7:a8
 0h00:04.505 2022/09/10T09:09:22z: SSID: MU Open
 0h00:04.510 2022/09/10T09:09:22z: AP_STAR tmr
 ets Jan  8 2013,rst cause:4, boot mode:(3,7)

wdt reset
load 0x4010f000, len 1384, room 16 
tail 8
chksum 0x2d
csum 0x2d
v8b899c12
~ld


6.01
 0h00:04.491 2022/09/10T09:29:25z: DS3231
 0h00:04.507 2022/09/10T09:29:25z: BME280 (0x76)
 0h00:04.521 2022/09/10T09:29:25z: 84:f3:eb:7d:7:a8
 0h00:04.523 2022/09/10T09:29:25z: SSID: MU Open
 0h00:04.528 2022/09/10T09:29:25z: AP_STAR tmr
 ets Jan  8 2013,rst cause:4, boot mode:(3,7)

wdt reset
load 0x4010f000, len 1384, room 16 
tail 8
chksum 0x2d
csum 0x2d
v8b899c12
~ld


6.01
 0h00:04.829 2022/09/10T09:49:29z: DS3231
 0h00:04.844 2022/09/10T09:49:29z: BME280 (0x76)
 0h00:04.858 2022/09/10T09:49:29z: 84:f3:eb:7d:7:a8
 0h00:04.860 2022/09/10T09:49:29z: SSID: MU Open
 0h00:04.865 2022/09/10T09:49:29z: AP_STAR tmr
 ets Jan  8 2013,rst cause:4, boot mode:(3,7)

wdt reset
load 0x4010f000, len 1384, room 16 
tail 8
chksum 0x2d
csum 0x2d
v8b899c12
~ld


6.01
 0h00:04.951 2022/09/10T10:09:33z: DS3231
 0h00:04.966 2022/09/10T10:09:33z: BME280 (0x76)
 0h00:04.980 2022/09/10T10:09:33z: 84:f3:eb:7d:7:a8
 0h00:04.982 2022/09/10T10:09:33z: SSID: MU Open
 0h00:04.987 2022/09/10T10:09:33z: AP_STAR tmr
 ets Jan  8 2013,rst cause:4, boot mode:(3,7)

wdt reset
load 0x4010f000, len 1384, room 16 
tail 8
chksum 0x2d
csum 0x2d
v8b899c12
~ld


6.01
 0h00:04.849 2022/09/10T10:29:37z: DS3231
 0h00:04.864 2022/09/10T10:29:37z: BME280 (0x76)
 0h00:04.878 2022/09/10T10:29:37z: 84:f3:eb:7d:7:a8
 0h00:04.880 2022/09/10T10:29:37z: SSID: MU Open
 0h00:04.885 2022/09/10T10:29:37z: AP_STAR tmr
 ets Jan  8 2013,rst cause:4, boot mode:(3,7)

wdt reset
load 0x4010f000, len 1384, room 16 
tail 8
chksum 0x2d
csum 0x2d
v8b899c12
~ld


6.01
 0h00:04.873 2022/09/10T10:49:40z: DS3231
 0h00:04.889 2022/09/10T10:49:40z: BME280 (0x76)
 0h00:04.903 2022/09/10T10:49:40z: 84:f3:eb:7d:7:a8
 0h00:04.904 2022/09/10T10:49:40z: SSID: MU Open
 0h00:04.910 2022/09/10T10:49:40z: AP_STAR tmr
 ets Jan  8 2013,rst cause:4, boot mode:(3,7)

wdt reset
load 0x4010f000, len 1384, room 16 
tail 8
chksum 0x2d
csum 0x2d
v8b899c12
~ld


6.01
 0h00:04.749 2022/09/10T11:09:44z: DS3231
 0h00:04.765 2022/09/10T11:09:44z: BME280 (0x76)
 0h00:04.779 2022/09/10T11:09:44z: 84:f3:eb:7d:7:a8
 0h00:04.780 2022/09/10T11:09:44z: SSID: MU Open
 0h00:04.786 2022/09/10T11:09:44z: AP_STAR tmr
 ets Jan  8 2013,rst cause:4, boot mode:(3,7)

wdt reset
load 0x4010f000, len 1384, room 16 
tail 8
chksum 0x2d
csum 0x2d
v8b899c12
~ld


6.01
 0h00:04.918 2022/09/10T11:29:48z: DS3231
 0h00:04.933 2022/09/10T11:29:48z: BME280 (0x76)
 0h00:04.947 2022/09/10T11:29:48z: 84:f3:eb:7d:7:a8
 0h00:04.949 2022/09/10T11:29:48z: SSID: MU Open
 0h00:04.954 2022/09/10T11:29:48z: AP_STAR tmr
 ets Jan  8 2013,rst cause:4, boot mode:(3,7)

wdt reset
load 0x4010f000, len 1384, room 16 
tail 8
chksum 0x2d
csum 0x2d
v8b899c12
~ld


6.01
 0h00:05.031 2022/09/10T11:49:52z: DS3231
 0h00:05.046 2022/09/10T11:49:52z: BME280 (0x76)
 0h00:05.061 2022/09/10T11:49:52z: 84:f3:eb:7d:7:a8
 0h00:05.062 2022/09/10T11:49:52z: SSID: MU Open
 0h00:05.067 2022/09/10T11:49:52z: AP_STAR tmr
 ets Jan  8 2013,rst cause:4, boot mode:(3,7)

wdt reset
load 0x4010f000, len 1384, room 16 
tail 8
chksum 0x2d
csum 0x2d
v8b899c12
~ld


6.01
 0h00:04.809 2022/09/10T12:09:56z: DS3231
 0h00:04.824 2022/09/10T12:09:56z: BME280 (0x76)
 0h00:04.838 2022/09/10T12:09:56z: 84:f3:eb:7d:7:a8
 0h00:04.840 2022/09/10T12:09:56z: SSID: MU Open
 0h00:04.845 2022/09/10T12:09:56z: AP_STAR tmr
 ets Jan  8 2013,rst cause:4, boot mode:(3,7)

wdt reset
load 0x4010f000, len 1384, room 16 
tail 8
chksum 0x2d
csum 0x2d
v8b899c12
~ld


6.01
 0h00:04.988 2022/09/10T12:30:00z: DS3231
 0h00:05.003 2022/09/10T12:30:00z: BME280 (0x76)
 0h00:05.018 2022/09/10T12:30:00z: 84:f3:eb:7d:7:a8
 0h00:05.019 2022/09/10T12:30:00z: SSID: MU Open
 0h00:05.024 2022/09/10T12:30:00z: AP_STAR tmr
 ets Jan  8 2013,rst cause:4, boot mode:(3,7)

wdt reset
load 0x4010f000, len 1384, room 16 
tail 8
chksum 0x2d
csum 0x2d
v8b899c12
~ld


6.01
 0h00:04.507 2022/09/10T12:50:04z: DS3231
 0h00:04.522 2022/09/10T12:50:05z: BME280 (0x76)
 0h00:04.536 2022/09/10T12:50:05z: 84:f3:eb:7d:7:a8
 0h00:04.538 2022/09/10T12:50:05z: SSID: MU Open
 0h00:04.543 2022/09/10T12:50:05z: AP_STAR tmr
 ets Jan  8 2013,rst cause:4, boot mode:(3,7)

wdt reset
load 0x4010f000, len 1384, room 16 
tail 8
chksum 0x2d
csum 0x2d
v8b899c12
~ld


6.01
 0h00:05.012 2022/09/10T13:10:09z: DS3231
 0h00:05.027 2022/09/10T13:10:09z: BME280 (0x76)
 0h00:05.042 2022/09/10T13:10:09z: 84:f3:eb:7d:7:a8
 0h00:05.043 2022/09/10T13:10:09z: SSID: MU Open
 0h00:05.048 2022/09/10T13:10:09z: AP_STAR tmr
 ets Jan  8 2013,rst cause:4, boot mode:(3,7)

wdt reset
load 0x4010f000, len 1384, room 16 
tail 8
chksum 0x2d
csum 0x2d
v8b899c12
~ld


6.01
 0h00:04.935 2022/09/10T13:30:14z: DS3231
 0h00:04.951 2022/09/10T13:30:14z: BME280 (0x76)
 0h00:04.965 2022/09/10T13:30:14z: 84:f3:eb:7d:7:a8
 0h00:04.966 2022/09/10T13:30:14z: SSID: MU Open
 0h00:04.972 2022/09/10T13:30:14z: AP_STAR tmr
 ets Jan  8 2013,rst cause:4, boot mode:(3,7)

wdt reset
load 0x4010f000, len 1384, room 16 
tail 8
chksum 0x2d
csum 0x2d
v8b899c12
~ld


6.01
 0h00:04.868 2022/09/10T13:50:17z: DS3231
 0h00:04.883 2022/09/10T13:50:17z: BME280 (0x76)
 0h00:04.897 2022/09/10T13:50:17z: 84:f3:eb:7d:7:a8
 0h00:04.899 2022/09/10T13:50:17z: SSID: MU Open
 0h00:04.904 2022/09/10T13:50:17z: AP_STAR tmr
 ets Jan  8 2013,rst cause:4, boot mode:(3,7)

wdt reset
load 0x4010f000, len 1384, room 16 
tail 8
chksum 0x2d
csum 0x2d
v8b899c12
~ld


6.01
 0h00:05.152 2022/09/10T14:10:22z: DS3231
 0h00:05.168 2022/09/10T14:10:22z: BME280 (0x76)
 0h00:05.182 2022/09/10T14:10:22z: 84:f3:eb:7d:7:a8
 0h00:05.184 2022/09/10T14:10:22z: SSID: MU Open
 0h00:05.189 2022/09/10T14:10:22z: AP_STAR tmr
 ets Jan  8 2013,rst cause:4, boot mode:(3,7)

wdt reset
load 0x4010f000, len 1384, room 16 
tail 8
chksum 0x2d
csum 0x2d
v8b899c12
~ld


6.01
 0h00:04.687 2022/09/10T14:30:26z: DS3231
 0h00:04.702 2022/09/10T14:30:26z: BME280 (0x76)
 0h00:04.716 2022/09/10T14:30:26z: 84:f3:eb:7d:7:a8
 0h00:04.718 2022/09/10T14:30:26z: SSID: MU Open
 0h00:04.723 2022/09/10T14:30:26z: AP_STAR tmr
 ets Jan  8 2013,rst cause:4, boot mode:(3,7)

wdt reset
load 0x4010f000, len 1384, room 16 
tail 8
chksum 0x2d
csum 0x2d
v8b899c12
~ld


6.01
 0h00:04.917 2022/09/10T14:50:30z: DS3231
 0h00:04.932 2022/09/10T14:50:30z: BME280 (0x76)
 0h00:04.946 2022/09/10T14:50:30z: 84:f3:eb:7d:7:a8
 0h00:04.948 2022/09/10T14:50:30z: SSID: MU Open
 0h00:04.953 2022/09/10T14:50:30z: AP_STAR tmr
 ets Jan  8 2013,rst cause:4, boot mode:(3,7)

wdt reset
load 0x4010f000, len 1384, room 16 
tail 8
chksum 0x2d
csum 0x2d
v8b899c12
~ld


6.01
 0h00:05.160 2022/09/10T15:10:35z: DS3231
 0h00:05.176 2022/09/10T15:10:35z: BME280 (0x76)
 0h00:05.190 2022/09/10T15:10:35z: 84:f3:eb:7d:7:a8
 0h00:05.192 2022/09/10T15:10:35z: SSID: MU Open
 0h00:05.197 2022/09/10T15:10:35z: AP_STAR tmr
 ets Jan  8 2013,rst cause:4, boot mode:(3,7)

wdt reset
load 0x4010f000, len 1384, room 16 
tail 8
chksum 0x2d
csum 0x2d
v8b899c12
~ld


6.01
 0h00:04.886 2022/09/10T15:30:38z: DS3231
 0h00:04.902 2022/09/10T15:30:38z: BME280 (0x76)
 0h00:04.916 2022/09/10T15:30:38z: 84:f3:eb:7d:7:a8
 0h00:04.917 2022/09/10T15:30:38z: SSID: MU Open
 0h00:04.923 2022/09/10T15:30:38z: AP_STAR tmr
 ets Jan  8 2013,rst cause:4, boot mode:(3,7)

wdt reset
load 0x4010f000, len 1384, room 16 
tail 8
chksum 0x2d
csum 0x2d
v8b899c12
~ld


6.01
 0h00:04.768 2022/09/10T15:50:42z: DS3231
 0h00:04.783 2022/09/10T15:50:42z: BME280 (0x76)
 0h00:04.797 2022/09/10T15:50:42z: 84:f3:eb:7d:7:a8
 0h00:04.799 2022/09/10T15:50:42z: SSID: MU Open
 0h00:04.804 2022/09/10T15:50:42z: AP_STAR tmr
 ets Jan  8 2013,rst cause:4, boot mode:(3,7)

wdt reset
load 0x4010f000, len 1384, room 16 
tail 8
chksum 0x2d
csum 0x2d
v8b899c12
~ld


6.01
 0h00:04.756 2022/09/10T16:10:46z: DS3231
 0h00:04.771 2022/09/10T16:10:46z: BME280 (0x76)
 0h00:04.785 2022/09/10T16:10:46z: 84:f3:eb:7d:7:a8
 0h00:04.787 2022/09/10T16:10:46z: SSID: MU Open
 0h00:04.792 2022/09/10T16:10:46z: AP_STAR tmr
 ets Jan  8 2013,rst cause:4, boot mode:(3,7)

wdt reset
load 0x4010f000, len 1384, room 16 
tail 8
chksum 0x2d
csum 0x2d
v8b899c12
~ld


6.01
 0h00:04.717 2022/09/10T16:30:49z: DS3231
 0h00:04.732 2022/09/10T16:30:49z: BME280 (0x76)
 0h00:04.746 2022/09/10T16:30:49z: 84:f3:eb:7d:7:a8
 0h00:04.748 2022/09/10T16:30:49z: SSID: MU Open
 0h00:04.753 2022/09/10T16:30:49z: AP_STAR tmr
 ets Jan  8 2013,rst cause:4, boot mode:(3,7)

wdt reset
load 0x4010f000, len 1384, room 16 
tail 8
chksum 0x2d
csum 0x2d
v8b899c12
~ld


6.01
 0h00:04.456 2022/09/10T16:50:53z: DS3231
 0h00:04.472 2022/09/10T16:50:53z: BME280 (0x76)
 0h00:04.486 2022/09/10T16:50:53z: 84:f3:eb:7d:7:a8
 0h00:04.487 2022/09/10T16:50:53z: SSID: MU Open
 0h00:04.493 2022/09/10T16:50:53z: AP_STAR tmr
 ets Jan  8 2013,rst cause:4, boot mode:(3,7)

wdt reset
load 0x4010f000, len 1384, room 16 
tail 8
chksum 0x2d
csum 0x2d
v8b899c12
~ld


6.01
 0h00:04.762 2022/09/10T17:10:56z: DS3231
 0h00:04.777 2022/09/10T17:10:56z: BME280 (0x76)
 0h00:04.791 2022/09/10T17:10:56z: 84:f3:eb:7d:7:a8
 0h00:04.793 2022/09/10T17:10:56z: SSID: MU Open
 0h00:04.798 2022/09/10T17:10:56z: AP_STAR tmr
 ets Jan  8 2013,rst cause:4, boot mode:(3,7)

wdt reset
load 0x4010f000, len 1384, room 16 
tail 8
chksum 0x2d
csum 0x2d
v8b899c12
~ld


6.01
 0h00:04.509 2022/09/10T17:30:59z: DS3231
 0h00:04.524 2022/09/10T17:30:59z: BME280 (0x76)
 0h00:04.538 2022/09/10T17:30:59z: 84:f3:eb:7d:7:a8
 0h00:04.540 2022/09/10T17:30:59z: SSID: MU Open
 0h00:04.545 2022/09/10T17:30:59z: AP_STAR tmr
 ets Jan  8 2013,rst cause:4, boot mode:(3,7)

wdt reset
load 0x4010f000, len 1384, room 16 
tail 8
chksum 0x2d
csum 0x2d
v8b899c12
~ld


6.01
 0h00:04.750 2022/09/10T17:51:03z: DS3231
 0h00:04.765 2022/09/10T17:51:03z: BME280 (0x76)
 0h00:04.779 2022/09/10T17:51:03z: 84:f3:eb:7d:7:a8
 0h00:04.781 2022/09/10T17:51:03z: SSID: MU Open
 0h00:04.786 2022/09/10T17:51:03z: AP_STAR tmr
 ets Jan  8 2013,rst cause:4, boot mode:(3,7)

wdt reset
load 0x4010f000, len 1384, room 16 
tail 8
chksum 0x2d
csum 0x2d
v8b899c12
~ld


6.01
 0h00:04.776 2022/09/10T18:11:06z: DS3231
 0h00:04.791 2022/09/10T18:11:06z: BME280 (0x76)
 0h00:04.806 2022/09/10T18:11:06z: 84:f3:eb:7d:7:a8
 0h00:04.807 2022/09/10T18:11:06z: SSID: MU Open
 0h00:04.812 2022/09/10T18:11:06z: AP_STAR tmr
 ets Jan  8 2013,rst cause:4, boot mode:(3,7)

wdt reset
load 0x4010f000, len 1384, room 16 
tail 8
chksum 0x2d
csum 0x2d
v8b899c12
~ld


6.01
 0h00:04.654 2022/09/10T18:31:09z: DS3231
 0h00:04.669 2022/09/10T18:31:09z: BME280 (0x76)
 0h00:04.683 2022/09/10T18:31:09z: 84:f3:eb:7d:7:a8
 0h00:04.685 2022/09/10T18:31:09z: SSID: MU Open
 0h00:04.690 2022/09/10T18:31:09z: AP_STAR tmr
 ets Jan  8 2013,rst cause:4, boot mode:(3,7)

wdt reset
load 0x4010f000, len 1384, room 16 
tail 8
chksum 0x2d
csum 0x2d
v8b899c12
~ld


6.01
 0h00:04.693 2022/09/10T18:51:12z: DS3231
 0h00:04.708 2022/09/10T18:51:12z: BME280 (0x76)
 0h00:04.722 2022/09/10T18:51:12z: 84:f3:eb:7d:7:a8
 0h00:04.724 2022/09/10T18:51:12z: SSID: MU Open
 0h00:04.729 2022/09/10T18:51:12z: AP_STAR tmr
 ets Jan  8 2013,rst cause:4, boot mode:(3,7)

wdt reset
load 0x4010f000, len 1384, room 16 
tail 8
chksum 0x2d
csum 0x2d
v8b899c12
~ld


6.01
 0h00:04.467 2022/09/10T19:11:15z: DS3231
 0h00:04.482 2022/09/10T19:11:15z: BME280 (0x76)
 0h00:04.496 2022/09/10T19:11:15z: 84:f3:eb:7d:7:a8
 0h00:04.498 2022/09/10T19:11:15z: SSID: MU Open
 0h00:04.503 2022/09/10T19:11:15z: AP_STAR tmr
 ets Jan  8 2013,rst cause:4, boot mode:(3,7)

wdt reset
load 0x4010f000, len 1384, room 16 
tail 8
chksum 0x2d
csum 0x2d
v8b899c12
~ld


6.01
 0h00:04.530 2022/09/10T19:31:18z: DS3231
 0h00:04.545 2022/09/10T19:31:18z: BME280 (0x76)
 0h00:04.559 2022/09/10T19:31:18z: 84:f3:eb:7d:7:a8
 0h00:04.561 2022/09/10T19:31:18z: SSID: MU Open
 0h00:04.566 2022/09/10T19:31:18z: AP_STAR tmr
 ets Jan  8 2013,rst cause:4, boot mode:(3,7)

wdt reset
load 0x4010f000, len 1384, room 16 
tail 8
chksum 0x2d
csum 0x2d
v8b899c12
~ld


6.01
 0h00:04.284 2022/09/10T19:51:21z: DS3231
 0h00:04.299 2022/09/10T19:51:21z: BME280 (0x76)
 0h00:04.313 2022/09/10T19:51:22z: 84:f3:eb:7d:7:a8
 0h00:04.315 2022/09/10T19:51:22z: SSID: MU Open
 0h00:04.320 2022/09/10T19:51:22z: AP_STAR tmr
 ets Jan  8 2013,rst cause:4, boot mode:(3,7)

wdt reset
load 0x4010f000, len 1384, room 16 
tail 8
chksum 0x2d
csum 0x2d
v8b899c12
~ld


6.01
 0h00:04.354 2022/09/10T20:11:25z: DS3231
 0h00:04.369 2022/09/10T20:11:25z: BME280 (0x76)
 0h00:04.383 2022/09/10T20:11:25z: 84:f3:eb:7d:7:a8
 0h00:04.385 2022/09/10T20:11:25z: SSID: MU Open
 0h00:04.390 2022/09/10T20:11:25z: AP_STAR tmr
 ets Jan  8 2013,rst cause:4, boot mode:(3,7)

wdt reset
load 0x4010f000, len 1384, room 16 
tail 8
chksum 0x2d
csum 0x2d
v8b899c12
~ld


6.01
 0h00:04.462 2022/09/10T20:31:27z: DS3231
 0h00:04.478 2022/09/10T20:31:27z: BME280 (0x76)
 0h00:04.492 2022/09/10T20:31:27z: 84:f3:eb:7d:7:a8
 0h00:04.494 2022/09/10T20:31:27z: SSID: MU Open
 0h00:04.499 2022/09/10T20:31:27z: AP_STAR tmr
 ets Jan  8 2013,rst cause:4, boot mode:(3,7)

wdt reset
load 0x4010f000, len 1384, room 16 
tail 8
chksum 0x2d
csum 0x2d
v8b899c12
~ld


6.01
 0h00:04.215 2022/09/10T20:51:30z: DS3231
 0h00:04.231 2022/09/10T20:51:30z: BME280 (0x76)
 0h00:04.245 2022/09/10T20:51:30z: 84:f3:eb:7d:7:a8
 0h00:04.247 2022/09/10T20:51:30z: SSID: MU Open
 0h00:04.252 2022/09/10T20:51:30z: AP_STAR tmr
 ets Jan  8 2013,rst cause:4, boot mode:(3,7)

wdt reset
load 0x4010f000, len 1384, room 16 
tail 8
chksum 0x2d
csum 0x2d
v8b899c12
~ld


6.01
 0h00:04.529 2022/09/10T21:11:34z: DS3231
 0h00:04.545 2022/09/10T21:11:34z: BME280 (0x76)
 0h00:04.559 2022/09/10T21:11:34z: 84:f3:eb:7d:7:a8
 0h00:04.560 2022/09/10T21:11:34z: SSID: MU Open
 0h00:04.566 2022/09/10T21:11:34z: AP_STAR tmr
 ets Jan  8 2013,rst cause:4, boot mode:(3,7)

wdt reset
load 0x4010f000, len 1384, room 16 
tail 8
chksum 0x2d
csum 0x2d
v8b899c12
~ld


6.01
 0h00:04.590 2022/09/10T21:31:37z: DS3231
 0h00:04.605 2022/09/10T21:31:37z: BME280 (0x76)
 0h00:04.619 2022/09/10T21:31:37z: 84:f3:eb:7d:7:a8
 0h00:04.621 2022/09/10T21:31:37z: SSID: MU Open
 0h00:04.626 2022/09/10T21:31:37z: AP_STAR tmr
 ets Jan  8 2013,rst cause:4, boot mode:(3,7)

wdt reset
load 0x4010f000, len 1384, room 16 
tail 8
chksum 0x2d
csum 0x2d
v8b899c12
~ld


6.01
 0h00:04.644 2022/09/10T21:51:40z: DS3231
 0h00:04.659 2022/09/10T21:51:40z: BME280 (0x76)
 0h00:04.673 2022/09/10T21:51:40z: 84:f3:eb:7d:7:a8
 0h00:04.675 2022/09/10T21:51:40z: SSID: MU Open
 0h00:04.680 2022/09/10T21:51:40z: AP_STAR tmr
 ets Jan  8 2013,rst cause:4, boot mode:(3,7)

wdt reset
load 0x4010f000, len 1384, room 16 
tail 8
chksum 0x2d
csum 0x2d
v8b899c12
~ld


6.01
 0h00:04.294 2022/09/10T22:11:43z: DS3231
 0h00:04.310 2022/09/10T22:11:43z: BME280 (0x76)
 0h00:04.324 2022/09/10T22:11:43z: 84:f3:eb:7d:7:a8
 0h00:04.326 2022/09/10T22:11:43z: SSID: MU Open
 0h00:04.331 2022/09/10T22:11:43z: AP_STAR tmr
 ets Jan  8 2013,rst cause:4, boot mode:(3,7)

wdt reset
load 0x4010f000, len 1384, room 16 
tail 8
chksum 0x2d
csum 0x2d
v8b899c12
~ld


6.01
 0h00:04.774 2022/09/10T22:31:46z: DS3231
 0h00:04.790 2022/09/10T22:31:46z: BME280 (0x76)
 0h00:04.804 2022/09/10T22:31:46z: 84:f3:eb:7d:7:a8
 0h00:04.806 2022/09/10T22:31:46z: SSID: MU Open
 0h00:04.811 2022/09/10T22:31:46z: AP_STAR tmr
 ets Jan  8 2013,rst cause:4, boot mode:(3,7)

wdt reset
load 0x4010f000, len 1384, room 16 
tail 8
chksum 0x2d
csum 0x2d
v8b899c12
~ld


6.01
 0h00:04.457 2022/09/10T22:51:49z: DS3231
 0h00:04.473 2022/09/10T22:51:49z: BME280 (0x76)
 0h00:04.487 2022/09/10T22:51:49z: 84:f3:eb:7d:7:a8
 0h00:04.489 2022/09/10T22:51:49z: SSID: MU Open
 0h00:04.494 2022/09/10T22:51:49z: AP_STAR tmr
 ets Jan  8 2013,rst cause:4, boot mode:(3,7)

wdt reset
load 0x4010f000, len 1384, room 16 
tail 8
chksum 0x2d
csum 0x2d
v8b899c12
~ld


6.01
 0h00:04.480 2022/09/10T23:11:53z: DS3231
 0h00:04.495 2022/09/10T23:11:53z: BME280 (0x76)
 0h00:04.509 2022/09/10T23:11:53z: 84:f3:eb:7d:7:a8
 0h00:04.511 2022/09/10T23:11:53z: SSID: MU Open
 0h00:04.516 2022/09/10T23:11:53z: AP_STAR tmr
 ets Jan  8 2013,rst cause:4, boot mode:(3,7)

wdt reset
load 0x4010f000, len 1384, room 16 
tail 8
chksum 0x2d
csum 0x2d
v8b899c12
~ld


6.01
 0h00:04.672 2022/09/10T23:31:55z: DS3231
 0h00:04.688 2022/09/10T23:31:56z: BME280 (0x76)
 0h00:04.702 2022/09/10T23:31:56z: 84:f3:eb:7d:7:a8
 0h00:04.704 2022/09/10T23:31:56z: SSID: MU Open
 0h00:04.709 2022/09/10T23:31:56z: AP_STAR tmr
 ets Jan  8 2013,rst cause:4, boot mode:(3,7)

wdt reset
load 0x4010f000, len 1384, room 16 
tail 8
chksum 0x2d
csum 0x2d
v8b899c12
~ld


6.01
 0h00:04.791 2022/09/10T23:51:59z: DS3231
 0h00:04.806 2022/09/10T23:51:59z: BME280 (0x76)
 0h00:04.821 2022/09/10T23:51:59z: 84:f3:eb:7d:7:a8
 0h00:04.822 2022/09/10T23:51:59z: SSID: MU Open
 0h00:04.827 2022/09/10T23:51:59z: AP_STA