R tmr
 ets Jan  8 2013,rst cause:4, boot mode:(3,7)

wdt reset
load 0x4010f000, len 1384, room 16 
tail 8
chksum 0x2d
csum 0x2d
v8b899c12
~ld


6.01
 0h00:04.701 2022/06/19T00:10:37z: DS3231
 0h00:04.716 2022/06/19T00:10:37z: BME280 (0x76)
 0h00:04.730 2022/06/19T00:10:37z: 84:f3:eb:7d:7:a8
 0h00:04.732 2022/06/19T00:10:37z: SSID: MU Open
 0h00:04.737 2022/06/19T00:10:37z: AP_STAR tmr
 ets Jan  8 2013,rst cause:4, boot mode:(3,7)

wdt reset
load 0x4010f000, len 1384, room 16 
tail 8
chksum 0x2d
csum 0x2d
v8b899c12
~ld


6.01
 0h00:04.696 2022/06/19T00:30:40z: DS3231
 0h00:04.712 2022/06/19T00:30:40z: BME280 (0x76)
 0h00:04.726 2022/06/19T00:30:40z: 84:f3:eb:7d:7:a8
 0h00:04.728 2022/06/19T00:30:40z: SSID: MU Open
 0h00:04.733 2022/06/19T00:30:40z: AP_STAR tmr
 ets Jan  8 2013,rst cause:4, boot mode:(3,7)

wdt reset
load 0x4010f000, len 1384, room 16 
tail 8
chksum 0x2d
csum 0x2d
v8b899c12
~ld


6.01
 0h00:04.629 2022/06/19T00:50:43z: DS3231
 0h00:04.644 2022/06/19T00:50:43z: BME280 (0x76)
 0h00:04.659 2022/06/19T00:50:43z: 84:f3:eb:7d:7:a8
 0h00:04.660 2022/06/19T00:50:43z: SSID: MU Open
 0h00:04.666 2022/06/19T00:50:43z: AP_STAR tmr
 ets Jan  8 2013,rst cause:4, boot mode:(3,7)

wdt reset
load 0x4010f000, len 1384, room 16 
tail 8
chksum 0x2d
csum 0x2d
v8b899c12
~ld


6.01
 0h00:04.417 2022/06/19T01:10:45z: DS3231
 0h00:04.432 2022/06/19T01:10:45z: BME280 (0x76)
 0h00:04.446 2022/06/19T01:10:45z: 84:f3:eb:7d:7:a8
 0h00:04.448 2022/06/19T01:10:45z: SSID: MU Open
 0h00:04.453 2022/06/19T01:10:45z: AP_STAR tmr
 ets Jan  8 2013,rst cause:4, boot mode:(3,7)

wdt reset
load 0x4010f000, len 1384, room 16 
tail 8
chksum 0x2d
csum 0x2d
v8b899c12
~ld


6.01
 0h00:04.740 2022/06/19T01:30:48z: DS3231
 0h00:04.755 2022/06/19T01:30:48z: BME280 (0x76)
 0h00:04.769 2022/06/19T01:30:48z: 84:f3:eb:7d:7:a8
 0h00:04.771 2022/06/19T01:30:48z: SSID: MU Open
 0h00:04.776 2022/06/19T01:30:48z: AP_STAR tmr
 ets Jan  8 2013,rst cause:4, boot mode:(3,7)

wdt reset
load 0x4010f000, len 1384, room 16 
tail 8
chksum 0x2d
csum 0x2d
v8b899c12
~ld


6.01
 0h00:04.643 2022/06/19T01:50:51z: DS3231
 0h00:04.659 2022/06/19T01:50:51z: BME280 (0x76)
 0h00:04.673 2022/06/19T01:50:51z: 84:f3:eb:7d:7:a8
 0h00:04.675 2022/06/19T01:50:51z: SSID: MU Open
 0h00:04.680 2022/06/19T01:50:51z: AP_STAR tmr
 ets Jan  8 2013,rst cause:4, boot mode:(3,7)

wdt reset
load 0x4010f000, len 1384, room 16 
tail 8
chksum 0x2d
csum 0x2d
v8b899c12
~ld


6.01
 0h00:04.485 2022/06/19T02:10:53z: DS3231
 0h00:04.500 2022/06/19T02:10:53z: BME280 (0x76)
 0h00:04.514 2022/06/19T02:10:53z: 84:f3:eb:7d:7:a8
 0h00:04.516 2022/06/19T02:10:53z: SSID: MU Open
 0h00:04.521 2022/06/19T02:10:53z: AP_STAR tmr
 ets Jan  8 2013,rst cause:4, boot mode:(3,7)

wdt reset
load 0x4010f000, len 1384, room 16 
tail 8
chksum 0x2d
csum 0x2d
v8b899c12
~ld


6.01
 0h00:04.294 2022/06/19T02:30:55z: DS3231
 0h00:04.310 2022/06/19T02:30:55z: BME280 (0x76)
 0h00:04.324 2022/06/19T02:30:55z: 84:f3:eb:7d:7:a8
 0h00:04.325 2022/06/19T02:30:55z: SSID: MU Open
 0h00:04.331 2022/06/19T02:30:55z: AP_STAR tmr
 ets Jan  8 2013,rst cause:4, boot mode:(3,7)

wdt reset
load 0x4010f000, len 1384, room 16 
tail 8
chksum 0x2d
csum 0x2d
v8b899c12
~ld


6.01
 0h00:04.734 2022/06/19T02:50:58z: DS3231
 0h00:04.749 2022/06/19T02:50:58z: BME280 (0x76)
 0h00:04.763 2022/06/19T02:50:58z: 84:f3:eb:7d:7:a8
 0h00:04.765 2022/06/19T02:50:58z: SSID: MU Open
 0h00:04.770 2022/06/19T02:50:58z: AP_STAR tmr
 ets Jan  8 2013,rst cause:4, boot mode:(3,7)

wdt reset
load 0x4010f000, len 1384, room 16 
tail 8
chksum 0x2d
csum 0x2d
v8b899c12
~ld


6.01
 0h00:04.726 2022/06/19T03:11:00z: DS3231
 0h00:04.741 2022/06/19T03:11:00z: BME280 (0x76)
 0h00:04.755 2022/06/19T03:11:00z: 84:f3:eb:7d:7:a8
 0h00:04.757 2022/06/19T03:11:00z: SSID: MU Open
 0h00:04.762 2022/06/19T03:11:00z: AP_STAR tmr
 ets Jan  8 2013,rst cause:4, boot mode:(3,7)

wdt reset
load 0x4010f000, len 1384, room 16 
tail 8
chksum 0x2d
csum 0x2d
v8b899c12
~ld


6.01
 0h00:04.761 2022/06/19T03:31:03z: DS3231
 0h00:04.776 2022/06/19T03:31:03z: BME280 (0x76)
 0h00:04.790 2022/06/19T03:31:03z: 84:f3:eb:7d:7:a8
 0h00:04.792 2022/06/19T03:31:03z: SSID: MU Open
 0h00:04.797 2022/06/19T03:31:03z: AP_STAR tmr
 ets Jan  8 2013,rst cause:4, boot mode:(3,7)

wdt reset
load 0x4010f000, len 1384, room 16 
tail 8
chksum 0x2d
csum 0x2d
v8b899c12
~ld


6.01
 0h00:04.801 2022/06/19T03:51:06z: DS3231
 0h00:04.817 2022/06/19T03:51:06z: BME280 (0x76)
 0h00:04.831 2022/06/19T03:51:06z: 84:f3:eb:7d:7:a8
 0h00:04.832 2022/06/19T03:51:06z: SSID: MU Open
 0h00:04.838 2022/06/19T03:51:06z: AP_STAR tmr
 ets Jan  8 2013,rst cause:4, boot mode:(3,7)

wdt reset
load 0x4010f000, len 1384, room 16 
tail 8
chksum 0x2d
csum 0x2d
v8b899c12
~ld


6.01
 0h00:04.855 2022/06/19T04:11:09z: DS3231
 0h00:04.870 2022/06/19T04:11:09z: BME280 (0x76)
 0h00:04.884 2022/06/19T04:11:09z: 84:f3:eb:7d:7:a8
 0h00:04.886 2022/06/19T04:11:09z: SSID: MU Open
 0h00:04.891 2022/06/19T04:11:09z: AP_STAR tmr
 ets Jan  8 2013,rst cause:4, boot mode:(3,7)

wdt reset
load 0x4010f000, len 1384, room 16 
tail 8
chksum 0x2d
csum 0x2d
v8b899c12
~ld


6.01
 0h00:04.617 2022/06/19T04:31:11z: DS3231
 0h00:04.632 2022/06/19T04:31:11z: BME280 (0x76)
 0h00:04.646 2022/06/19T04:31:11z: 84:f3:eb:7d:7:a8
 0h00:04.648 2022/06/19T04:31:11z: SSID: MU Open
 0h00:04.653 2022/06/19T04:31:11z: AP_STAR tmr
 ets Jan  8 2013,rst cause:4, boot mode:(3,7)

wdt reset
load 0x4010f000, len 1384, room 16 
tail 8
chksum 0x2d
csum 0x2d
v8b899c12
~ld


6.01
 0h00:04.637 2022/06/19T04:51:14z: DS3231
 0h00:04.653 2022/06/19T04:51:14z: BME280 (0x76)
 0h00:04.667 2022/06/19T04:51:14z: 84:f3:eb:7d:7:a8
 0h00:04.669 2022/06/19T04:51:14z: SSID: MU Open
 0h00:04.674 2022/06/19T04:51:14z: AP_STAR tmr
 ets Jan  8 2013,rst cause:4, boot mode:(3,7)

wdt reset
load 0x4010f000, len 1384, room 16 
tail 8
chksum 0x2d
csum 0x2d
v8b899c12
~ld


6.01
 0h00:04.645 2022/06/19T05:11:17z: DS3231
 0h00:04.660 2022/06/19T05:11:17z: BME280 (0x76)
 0h00:04.674 2022/06/19T05:11:17z: 84:f3:eb:7d:7:a8
 0h00:04.676 2022/06/19T05:11:17z: SSID: MU Open
 0h00:04.681 2022/06/19T05:11:17z: AP_STAR tmr
 ets Jan  8 2013,rst cause:4, boot mode:(3,7)

wdt reset
load 0x4010f000, len 1384, room 16 
tail 8
chksum 0x2d
csum 0x2d
v8b899c12
~ld


6.01
 0h00:04.628 2022/06/19T05:31:19z: DS3231
 0h00:04.644 2022/06/19T05:31:19z: BME280 (0x76)
 0h00:04.658 2022/06/19T05:31:19z: 84:f3:eb:7d:7:a8
 0h00:04.659 2022/06/19T05:31:19z: SSID: MU Open
 0h00:04.665 2022/06/19T05:31:19z: AP_STAR tmr
 ets Jan  8 2013,rst cause:4, boot mode:(3,7)

wdt reset
load 0x4010f000, len 1384, room 16 
tail 8
chksum 0x2d
csum 0x2d
v8b899c12
~ld


6.01
 0h00:04.573 2022/06/19T05:51:21z: DS3231
 0h00:04.588 2022/06/19T05:51:21z: BME280 (0x76)
 0h00:04.602 2022/06/19T05:51:21z: 84:f3:eb:7d:7:a8
 0h00:04.604 2022/06/19T05:51:21z: SSID: MU Open
 0h00:04.609 2022/06/19T05:51:21z: AP_STAR tmr
 ets Jan  8 2013,rst cause:4, boot mode:(3,7)

wdt reset
load 0x4010f000, len 1384, room 16 
tail 8
chksum 0x2d
csum 0x2d
v8b899c12
~ld


6.01
 0h00:04.706 2022/06/19T06:11:25z: DS3231
 0h00:04.721 2022/06/19T06:11:25z: BME280 (0x76)
 0h00:04.735 2022/06/19T06:11:25z: 84:f3:eb:7d:7:a8
 0h00:04.737 2022/06/19T06:11:25z: SSID: MU Open
 0h00:04.742 2022/06/19T06:11:25z: AP_STAR tmr
 ets Jan  8 2013,rst cause:4, boot mode:(3,7)

wdt reset
load 0x4010f000, len 1384, room 16 
tail 8
chksum 0x2d
csum 0x2d
v8b899c12
~ld


6.01
 0h00:04.581 2022/06/19T06:31:27z: DS3231
 0h00:04.596 2022/06/19T06:31:27z: BME280 (0x76)
 0h00:04.610 2022/06/19T06:31:27z: 84:f3:eb:7d:7:a8
 0h00:04.612 2022/06/19T06:31:27z: SSID: MU Open
 0h00:04.617 2022/06/19T06:31:27z: AP_STAR tmr
 ets Jan  8 2013,rst cause:4, boot mode:(3,7)

wdt reset
load 0x4010f000, len 1384, room 16 
tail 8
chksum 0x2d
csum 0x2d
v8b899c12
~ld


6.01
 0h00:04.754 2022/06/19T06:51:30z: DS3231
 0h00:04.769 2022/06/19T06:51:30z: BME280 (0x76)
 0h00:04.783 2022/06/19T06:51:30z: 84:f3:eb:7d:7:a8
 0h00:04.785 2022/06/19T06:51:30z: SSID: MU Open
 0h00:04.790 2022/06/19T06:51:30z: AP_STAR tmr
 ets Jan  8 2013,rst cause:4, boot mode:(3,7)

wdt reset
load 0x4010f000, len 1384, room 16 
tail 8
chksum 0x2d
csum 0x2d
v8b899c12
~ld


6.01
 0h00:04.670 2022/06/19T07:11:32z: DS3231
 0h00:04.685 2022/06/19T07:11:32z: BME280 (0x76)
 0h00:04.699 2022/06/19T07:11:32z: 84:f3:eb:7d:7:a8
 0h00:04.701 2022/06/19T07:11:32z: SSID: MU Open
 0h00:04.706 2022/06/19T07:11:32z: AP_STAR tmr
 ets Jan  8 2013,rst cause:4, boot mode:(3,7)

wdt reset
load 0x4010f000, len 1384, room 16 
tail 8
chksum 0x2d
csum 0x2d
v8b899c12
~ld


6.01
 0h00:04.591 2022/06/19T07:31:35z: DS3231
 0h00:04.606 2022/06/19T07:31:35z: BME280 (0x76)
 0h00:04.621 2022/06/19T07:31:35z: 84:f3:eb:7d:7:a8
 0h00:04.622 2022/06/19T07:31:35z: SSID: MU Open
 0h00:04.628 2022/06/19T07:31:35z: AP_STAR tmr
 ets Jan  8 2013,rst cause:4, boot mode:(3,7)

wdt reset
load 0x4010f000, len 1384, room 16 
tail 8
chksum 0x2d
csum 0x2d
v8b899c12
~ld


6.01
 0h00:04.631 2022/06/19T07:51:37z: DS3231
 0h00:04.646 2022/06/19T07:51:37z: BME280 (0x76)
 0h00:04.660 2022/06/19T07:51:37z: 84:f3:eb:7d:7:a8
 0h00:04.662 2022/06/19T07:51:37z: SSID: MU Open
 0h00:04.667 2022/06/19T07:51:37z: AP_STAR tmr
 ets Jan  8 2013,rst cause:4, boot mode:(3,7)

wdt reset
load 0x4010f000, len 1384, room 16 
tail 8
chksum 0x2d
csum 0x2d
v8b899c12
~ld


6.01
 0h00:04.656 2022/06/19T08:11:39z: DS3231
 0h00:04.671 2022/06/19T08:11:39z: BME280 (0x76)
 0h00:04.685 2022/06/19T08:11:39z: 84:f3:eb:7d:7:a8
 0h00:04.687 2022/06/19T08:11:39z: SSID: MU Open
 0h00:04.692 2022/06/19T08:11:39z: AP_STAR tmr
 ets Jan  8 2013,rst cause:4, boot mode:(3,7)

wdt reset
load 0x4010f000, len 1384, room 16 
tail 8
chksum 0x2d
csum 0x2d
v8b899c12
~ld


6.01
 0h00:04.688 2022/06/19T08:31:41z: DS3231
 0h00:04.703 2022/06/19T08:31:41z: BME280 (0x76)
 0h00:04.717 2022/06/19T08:31:41z: 84:f3:eb:7d:7:a8
 0h00:04.719 2022/06/19T08:31:41z: SSID: MU Open
 0h00:04.724 2022/06/19T08:31:41z: AP_STAR tmr
 ets Jan  8 2013,rst cause:4, boot mode:(3,7)

wdt reset
load 0x4010f000, len 1384, room 16 
tail 8
chksum 0x2d
csum 0x2d
v8b899c12
~ld


6.01
 0h00:04.676 2022/06/19T08:51:43z: DS3231
 0h00:04.692 2022/06/19T08:51:43z: BME280 (0x76)
 0h00:04.706 2022/06/19T08:51:43z: 84:f3:eb:7d:7:a8
 0h00:04.707 2022/06/19T08:51:43z: SSID: MU Open
 0h00:04.713 2022/06/19T08:51:43z: AP_STAR tmr
 ets Jan  8 2013,rst cause:4, boot mode:(3,7)

wdt reset
load 0x4010f000, len 1384, room 16 
tail 8
chksum 0x2d
csum 0x2d
v8b899c12
~ld


6.01
 0h00:04.466 2022/06/19T09:11:45z: DS3231
 0h00:04.482 2022/06/19T09:11:45z: BME280 (0x76)
 0h00:04.496 2022/06/19T09:11:45z: 84:f3:eb:7d:7:a8
 0h00:04.497 2022/06/19T09:11:45z: SSID: MU Open
 0h00:04.503 2022/06/19T09:11:45z: AP_STAR tmr
 ets Jan  8 2013,rst cause:4, boot mode:(3,7)

wdt reset
load 0x4010f000, len 1384, room 16 
tail 8
chksum 0x2d
csum 0x2d
v8b899c12
~ld


6.01
 0h00:04.731 2022/06/19T09:31:48z: DS3231
 0h00:04.746 2022/06/19T09:31:48z: BME280 (0x76)
 0h00:04.760 2022/06/19T09:31:48z: 84:f3:eb:7d:7:a8
 0h00:04.762 2022/06/19T09:31:48z: SSID: MU Open
 0h00:04.767 2022/06/19T09:31:48z: AP_STAR tmr
 ets Jan  8 2013,rst cause:4, boot mode:(3,7)

wdt reset
load 0x4010f000, len 1384, room 16 
tail 8
chksum 0x2d
csum 0x2d
v8b899c12
~ld


6.01
 0h00:04.686 2022/06/19T09:51:50z: DS3231
 0h00:04.701 2022/06/19T09:51:50z: BME280 (0x76)
 0h00:04.715 2022/06/19T09:51:50z: 84:f3:eb:7d:7:a8
 0h00:04.717 2022/06/19T09:51:50z: SSID: MU Open
 0h00:04.722 2022/06/19T09:51:50z: AP_STAR tmr
 ets Jan  8 2013,rst cause:4, boot mode:(3,7)

wdt reset
load 0x4010f000, len 1384, room 16 
tail 8
chksum 0x2d
csum 0x2d
v8b899c12
~ld


6.01
 0h00:04.518 2022/06/19T10:11:52z: DS3231
 0h00:04.534 2022/06/19T10:11:52z: BME280 (0x76)
 0h00:04.548 2022/06/19T10:11:52z: 84:f3:eb:7d:7:a8
 0h00:04.550 2022/06/19T10:11:52z: SSID: MU Open
 0h00:04.555 2022/06/19T10:11:52z: AP_STAR tmr
 ets Jan  8 2013,rst cause:4, boot mode:(3,7)

wdt reset
load 0x4010f000, len 1384, room 16 
tail 8
chksum 0x2d
csum 0x2d
v8b899c12
~ld


6.01
 0h00:04.618 2022/06/19T10:31:55z: DS3231
 0h00:04.633 2022/06/19T10:31:55z: BME280 (0x76)
 0h00:04.647 2022/06/19T10:31:55z: 84:f3:eb:7d:7:a8
 0h00:04.649 2022/06/19T10:31:55z: SSID: MU Open
 0h00:04.654 2022/06/19T10:31:55z: AP_STAR tmr
 ets Jan  8 2013,rst cause:4, boot mode:(3,7)

wdt reset
load 0x4010f000, len 1384, room 16 
tail 8
chksum 0x2d
csum 0x2d
v8b899c12
~ld


6.01
 0h00:04.605 2022/06/19T10:51:58z: DS3231
 0h00:04.620 2022/06/19T10:51:58z: BME280 (0x76)
 0h00:04.634 2022/06/19T10:51:58z: 84:f3:eb:7d:7:a8
 0h00:04.636 2022/06/19T10:51:58z: SSID: MU Open
 0h00:04.641 2022/06/19T10:51:58z: AP_STAR tmr
 ets Jan  8 2013,rst cause:4, boot mode:(3,7)

wdt reset
load 0x4010f000, len 1384, room 16 
tail 8
chksum 0x2d
csum 0x2d
v8b899c12
~ld


6.01
 0h00:04.518 2022/06/19T11:12:01z: DS3231
 0h00:04.533 2022/06/19T11:12:01z: BME280 (0x76)
 0h00:04.547 2022/06/19T11:12:01z: 84:f3:eb:7d:7:a8
 0h00:04.549 2022/06/19T11:12:01z: SSID: MU Open
 0h00:04.554 2022/06/19T11:12:01z: AP_STAR tmr
 ets Jan  8 2013,rst cause:4, boot mode:(3,7)

wdt reset
load 0x4010f000, len 1384, room 16 
tail 8
chksum 0x2d
csum 0x2d
v8b899c12
~ld


6.01
 0h00:04.605 2022/06/19T11:32:04z: DS3231
 0h00:04.620 2022/06/19T11:32:04z: BME280 (0x76)
 0h00:04.635 2022/06/19T11:32:04z: 84:f3:eb:7d:7:a8
 0h00:04.636 2022/06/19T11:32:04z: SSID: MU Open
 0h00:04.641 2022/06/19T11:32:04z: AP_STAR tmr
 ets Jan  8 2013,rst cause:4, boot mode:(3,7)

wdt reset
load 0x4010f000, len 1384, room 16 
tail 8
chksum 0x2d
csum 0x2d
v8b899c12
~ld


6.01
 0h00:04.441 2022/06/19T11:52:06z: DS3231
 0h00:04.457 2022/06/19T11:52:06z: BME280 (0x76)
 0h00:04.471 2022/06/19T11:52:06z: 84:f3:eb:7d:7:a8
 0h00:04.472 2022/06/19T11:52:06z: SSID: MU Open
 0h00:04.478 2022/06/19T11:52:06z: AP_STAR tmr
 ets Jan  8 2013,rst cause:4, boot mode:(3,7)

wdt reset
load 0x4010f000, len 1384, room 16 
tail 8
chksum 0x2d
csum 0x2d
v8b899c12
~ld


6.01
 0h00:04.467 2022/06/19T12:12:08z: DS3231
 0h00:04.482 2022/06/19T12:12:08z: BME280 (0x76)
 0h00:04.496 2022/06/19T12:12:08z: 84:f3:eb:7d:7:a8
 0h00:04.498 2022/06/19T12:12:08z: SSID: MU Open
 0h00:04.503 2022/06/19T12:12:08z: AP_STAR tmr
 ets Jan  8 2013,rst cause:4, boot mode:(3,7)

wdt reset
load 0x4010f000, len 1384, room 16 
tail 8
chksum 0x2d
csum 0x2d
v8b899c12
~ld


6.01
 0h00:04.628 2022/06/19T12:32:11z: DS3231
 0h00:04.644 2022/06/19T12:32:11z: BME280 (0x76)
 0h00:04.658 2022/06/19T12:32:11z: 84:f3:eb:7d:7:a8
 0h00:04.659 2022/06/19T12:32:11z: SSID: MU Open
 0h00:04.665 2022/06/19T12:32:11z: AP_STAR tmr
 ets Jan  8 2013,rst cause:4, boot mode:(3,7)

wdt reset
load 0x4010f000, len 1384, room 16 
tail 8
chksum 0x2d
csum 0x2d
v8b899c12
~ld


6.01
 0h00:04.594 2022/06/19T12:52:13z: DS3231
 0h00:04.610 2022/06/19T12:52:13z: BME280 (0x76)
 0h00:04.624 2022/06/19T12:52:13z: 84:f3:eb:7d:7:a8
 0h00:04.625 2022/06/19T12:52:13z: SSID: MU Open
 0h00:04.631 2022/06/19T12:52:13z: AP_STAR tmr
 ets Jan  8 2013,rst cause:4, boot mode:(3,7)

wdt reset
load 0x4010f000, len 1384, room 16 
tail 8
chksum 0x2d
csum 0x2d
v8b899c12
~ld


6.01
 0h00:04.610 2022/06/19T13:12:15z: DS3231
 0h00:04.625 2022/06/19T13:12:15z: BME280 (0x76)
 0h00:04.640 2022/06/19T13:12:15z: 84:f3:eb:7d:7:a8
 0h00:04.641 2022/06/19T13:12:15z: SSID: MU Open
 0h00:04.646 2022/06/19T13:12:15z: AP_STAR tmr
 ets Jan  8 2013,rst cause:4, boot mode:(3,7)

wdt reset
load 0x4010f000, len 1384, room 16 
tail 8
chksum 0x2d
csum 0x2d
v8b899c12
~ld


6.01
 0h00:04.440 2022/06/19T13:32:18z: DS3231
 0h00:04.456 2022/06/19T13:32:18z: BME280 (0x76)
 0h00:04.470 2022/06/19T13:32:18z: 84:f3:eb:7d:7:a8
 0h00:04.472 2022/06/19T13:32:18z: SSID: MU Open
 0h00:04.477 2022/06/19T13:32:18z: AP_STAR tmr
 ets Jan  8 2013,rst cause:4, boot mode:(3,7)

wdt reset
load 0x4010f000, len 1384, room 16 
tail 8
chksum 0x2d
csum 0x2d
v8b899c12
~ld


6.01
 0h00:04.560 2022/06/19T13:52:20z: DS3231
 0h00:04.576 2022/06/19T13:52:20z: BME280 (0x76)
 0h00:04.590 2022/06/19T13:52:20z: 84:f3:eb:7d:7:a8
 0h00:04.591 2022/06/19T13:52:20z: SSID: MU Open
 0h00:04.597 2022/06/19T13:52:20z: AP_STAR tmr
 ets Jan  8 2013,rst cause:4, boot mode:(3,7)

wdt reset
load 0x4010f000, len 1384, room 16 
tail 8
chksum 0x2d
csum 0x2d
v8b899c12
~ld


6.01
 0h00:04.346 2022/06/19T14:12:22z: DS3231
 0h00:04.361 2022/06/19T14:12:22z: BME280 (0x76)
 0h00:04.375 2022/06/19T14:12:22z: 84:f3:eb:7d:7:a8
 0h00:04.377 2022/06/19T14:12:22z: SSID: MU Open
 0h00:04.382 2022/06/19T14:12:22z: AP_STAR tmr
 ets Jan  8 2013,rst cause:4, boot mode:(3,7)

wdt reset
load 0x4010f000, len 1384, room 16 
tail 8
chksum 0x2d
csum 0x2d
v8b899c12
~ld


6.01
 0h00:04.312 2022/06/19T14:32:25z: DS3231
 0h00:04.327 2022/06/19T14:32:25z: BME280 (0x76)
 0h00:04.341 2022/06/19T14:32:25z: 84:f3:eb:7d:7:a8
 0h00:04.343 2022/06/19T14:32:25z: SSID: MU Open
 0h00:04.348 2022/06/19T14:32:25z: AP_STAR tmr
 ets Jan  8 2013,rst cause:4, boot mode:(3,7)

wdt reset
load 0x4010f000, len 1384, room 16 
tail 8
chksum 0x2d
csum 0x2d
v8b899c12
~ld


6.01
 0h00:04.473 2022/06/19T14:52:27z: DS3231
 0h00:04.489 2022/06/19T14:52:27z: BME280 (0x76)
 0h00:04.503 2022/06/19T14:52:27z: 84:f3:eb:7d:7:a8
 0h00:04.504 2022/06/19T14:52:27z: SSID: MU Open
 0h00:04.510 2022/06/19T14:52:27z: AP_STAR tmr
 ets Jan  8 2013,rst cause:4, boot mode:(3,7)

wdt reset
load 0x4010f000, len 1384, room 16 
tail 8
chksum 0x2d
csum 0x2d
v8b899c12
~ld


6.01
 0h00:04.551 2022/06/19T15:12:29z: DS3231
 0h00:04.567 2022/06/19T15:12:29z: BME280 (0x76)
 0h00:04.581 2022/06/19T15:12:29z: 84:f3:eb:7d:7:a8
 0h00:04.583 2022/06/19T15:12:29z: SSID: MU Open
 0h00:04.588 2022/06/19T15:12:29z: AP_STAR tmr
 ets Jan  8 2013,rst cause:4, boot mode:(3,7)

wdt reset
load 0x4010f000, len 1384, room 16 
tail 8
chksum 0x2d
csum 0x2d
v8b899c12
~ld


6.01
 0h00:04.329 2022/06/19T15:32:31z: DS3231
 0h00:04.345 2022/06/19T15:32:31z: BME280 (0x76)
 0h00:04.359 2022/06/19T15:32:31z: 84:f3:eb:7d:7:a8
 0h00:04.361 2022/06/19T15:32:31z: SSID: MU Open
 0h00:04.366 2022/06/19T15:32:31z: AP_STAR tmr
 ets Jan  8 2013,rst cause:4, boot mode:(3,7)

wdt reset
load 0x4010f000, len 1384, room 16 
tail 8
chksum 0x2d
csum 0x2d
v8b899c12
~ld


6.01
 0h00:04.428 2022/06/19T15:52:33z: DS3231
 0h00:04.443 2022/06/19T15:52:33z: BME280 (0x76)
 0h00:04.457 2022/06/19T15:52:33z: 84:f3:eb:7d:7:a8
 0h00:04.459 2022/06/19T15:52:33z: SSID: MU Open
 0h00:04.464 2022/06/19T15:52:33z: AP_STAR tmr
 ets Jan  8 2013,rst cause:4, boot mode:(3,7)

wdt reset
load 0x4010f000, len 1384, room 16 
tail 8
chksum 0x2d
csum 0x2d
v8b899c12
~ld


6.01
 0h00:04.424 2022/06/19T16:12:35z: DS3231
 0h00:04.439 2022/06/19T16:12:35z: BME280 (0x76)
 0h00:04.453 2022/06/19T16:12:35z: 84:f3:eb:7d:7:a8
 0h00:04.455 2022/06/19T16:12:35z: SSID: MU Open
 0h00:04.460 2022/06/19T16:12:35z: AP_STAR tmr
 ets Jan  8 2013,rst cause:4, boot mode:(3,7)

wdt reset
load 0x4010f000, len 1384, room 16 
tail 8
chksum 0x2d
csum 0x2d
v8b899c12
~ld


6.01
 0h00:04.487 2022/06/19T16:32:36z: DS3231
 0h00:04.502 2022/06/19T16:32:36z: BME280 (0x76)
 0h00:04.517 2022/06/19T16:32:36z: 84:f3:eb:7d:7:a8
 0h00:04.518 2022/06/19T16:32:36z: SSID: MU Open
 0h00:04.523 2022/06/19T16:32:36z: AP_STAR tmr
 ets Jan  8 2013,rst cause:4, boot mode:(3,7)

wdt reset
load 0x4010f000, len 1384, room 16 
tail 8
chksum 0x2d
csum 0x2d
v8b899c12
~ld


6.01
 0h00:04.483 2022/06/19T16:52:39z: DS3231
 0h00:04.499 2022/06/19T16:52:39z: BME280 (0x76)
 0h00:04.513 2022/06/19T16:52:39z: 84:f3:eb:7d:7:a8
 0h00:04.515 2022/06/19T16:52:39z: SSID: MU Open
 0h00:04.520 2022/06/19T16:52:39z: AP_STAR tmr
 ets Jan  8 2013,rst cause:4, boot mode:(3,7)

wdt reset
load 0x4010f000, len 1384, room 16 
tail 8
chksum 0x2d
csum 0x2d
v8b899c12
~ld


6.01
 0h00:04.454 2022/06/19T17:12:40z: DS3231
 0h00:04.469 2022/06/19T17:12:40z: BME280 (0x76)
 0h00:04.483 2022/06/19T17:12:40z: 84:f3:eb:7d:7:a8
 0h00:04.485 2022/06/19T17:12:40z: SSID: MU Open
 0h00:04.490 2022/06/19T17:12:40z: AP_STAR tmr
 ets Jan  8 2013,rst cause:4, boot mode:(3,7)

wdt reset
load 0x4010f000, len 1384, room 16 
tail 8
chksum 0x2d
csum 0x2d
v8b899c12
~ld


6.01
 0h00:04.456 2022/06/19T17:32:42z: DS3231
 0h00:04.472 2022/06/19T17:32:42z: BME280 (0x76)
 0h00:04.486 2022/06/19T17:32:42z: 84:f3:eb:7d:7:a8
 0h00:04.487 2022/06/19T17:32:42z: SSID: MU Open
 0h00:04.493 2022/06/19T17:32:42z: AP_STAR tmr
 ets Jan  8 2013,rst cause:4, boot mode:(3,7)

wdt reset
load 0x4010f000, len 1384, room 16 
tail 8
chksum 0x2d
csum 0x2d
v8b899c12
~ld


6.01
 0h00:04.443 2022/06/19T17:52:44z: DS3231
 0h00:04.459 2022/06/19T17:52:44z: BME280 (0x76)
 0h00:04.473 2022/06/19T17:52:44z: 84:f3:eb:7d:7:a8
 0h00:04.474 2022/06/19T17:52:44z: SSID: MU Open
 0h00:04.480 2022/06/19T17:52:44z: AP_STAR tmr
 ets Jan  8 2013,rst cause:4, boot mode:(3,7)

wdt reset
load 0x4010f000, len 1384, room 16 
tail 8
chksum 0x2d
csum 0x2d
v8b899c12
~ld


6.01
 0h00:04.484 2022/06/19T18:12:47z: DS3231
 0h00:04.500 2022/06/19T18:12:47z: BME280 (0x76)
 0h00:04.514 2022/06/19T18:12:47z: 84:f3:eb:7d:7:a8
 0h00:04.515 2022/06/19T18:12:47z: SSID: MU Open
 0h00:04.521 2022/06/19T18:12:47z: AP_STAR tmr
 ets Jan  8 2013,rst cause:4, boot mode:(3,7)

wdt reset
load 0x4010f000, len 1384, room 16 
tail 8
chksum 0x2d
csum 0x2d
v8b899c12
~ld


6.01
 0h00:04.303 2022/06/19T18:32:48z: DS3231
 0h00:04.318 2022/06/19T18:32:48z: BME280 (0x76)
 0h00:04.332 2022/06/19T18:32:48z: 84:f3:eb:7d:7:a8
 0h00:04.334 2022/06/19T18:32:48z: SSID: MU Open
 0h00:04.339 2022/06/19T18:32:48z: AP_STAR tmr
 ets Jan  8 2013,rst cause:4, boot mode:(3,7)

wdt reset
load 0x4010f000, len 1384, room 16 
tail 8
chksum 0x2d
csum 0x2d
v8b899c12
~ld


6.01
 0h00:04.232 2022/06/19T18:52:50z: DS3231
 0h00:04.247 2022/06/19T18:52:50z: BME280 (0x76)
 0h00:04.262 2022/06/19T18:52:50z: 84:f3:eb:7d:7:a8
 0h00:04.263 2022/06/19T18:52:50z: SSID: MU Open
 0h00:04.268 2022/06/19T18:52:50z: AP_STAR tmr
 ets Jan  8 2013,rst cause:4, boot mode:(3,7)

wdt reset
load 0x4010f000, len 1384, room 16 
tail 8
chksum 0x2d
csum 0x2d
v8b899c12
~ld


6.01
 0h00:04.484 2022/06/19T19:12:52z: DS3231
 0h00:04.499 2022/06/19T19:12:52z: BME280 (0x76)
 0h00:04.513 2022/06/19T19:12:52z: 84:f3:eb:7d:7:a8
 0h00:04.515 2022/06/19T19:12:52z: SSID: MU Open
 0h00:04.520 2022/06/19T19:12:52z: AP_STAR tmr
 ets Jan  8 2013,rst cause:4, boot mode:(3,7)

wdt reset
load 0x4010f000, len 1384, room 16 
tail 8
chksum 0x2d
csum 0x2d
v8b899c12
~ld


6.01
 0h00:04.385 2022/06/19T19:32:54z: DS3231
 0h00:04.401 2022/06/19T19:32:54z: BME280 (0x76)
 0h00:04.415 2022/06/19T19:32:54z: 84:f3:eb:7d:7:a8
 0h00:04.416 2022/06/19T19:32:54z: SSID: MU Open
 0h00:04.422 2022/06/19T19:32:54z: AP_STAR tmr
 ets Jan  8 2013,rst cause:4, boot mode:(3,7)

wdt reset
load 0x4010f000, len 1384, room 16 
tail 8
chksum 0x2d
csum 0x2d
v8b899c12
~ld


6.01
 0h00:04.320 2022/06/19T19:52:55z: DS3231
 0h00:04.335 2022/06/19T19:52:55z: BME280 (0x76)
 0h00:04.349 2022/06/19T19:52:55z: 84:f3:eb:7d:7:a8
 0h00:04.351 2022/06/19T19:52:55z: SSID: MU Open
 0h00:04.356 2022/06/19T19:52:55z: AP_STAR tmr
 ets Jan  8 2013,rst cause:4, boot mode:(3,7)

wdt reset
load 0x4010f000, len 1384, room 16 
tail 8
chksum 0x2d
csum 0x2d
v8b899c12
~ld


6.01
 0h00:04.363 2022/06/19T20:12:57z: DS3231
 0h00:04.379 2022/06/19T20:12:57z: BME280 (0x76)
 0h00:04.393 2022/06/19T20:12:57z: 84:f3:eb:7d:7:a8
 0h00:04.394 2022/06/19T20:12:57z: SSID: MU Open
 0h00:04.400 2022/06/19T20:12:57z: AP_STAR tmr
 ets Jan  8 2013,rst cause:4, boot mode:(3,7)

wdt reset
load 0x4010f000, len 1384, room 16 
tail 8
chksum 0x2d
csum 0x2d
v8b899c12
~ld


6.01
 0h00:04.177 2022/06/19T20:32:58z: DS3231
 0h00:04.192 2022/06/19T20:32:58z: BME280 (0x76)
 0h00:04.206 2022/06/19T20:32:58z: 84:f3:eb:7d:7:a8
 0h00:04.208 2022/06/19T20:32:58z: SSID: MU Open
 0h00:04.213 2022/06/19T20:32:58z: AP_STAR tmr
 ets Jan  8 2013,rst cause:4, boot mode:(3,7)

wdt reset
load 0x4010f000, len 1384, room 16 
tail 8
chksum 0x2d
csum 0x2d
v8b899c12
~ld


6.01
 0h00:04.245 2022/06/19T20:53:00z: DS3231
 0h00:04.261 2022/06/19T20:53:00z: BME280 (0x76)
 0h00:04.275 2022/06/19T20:53:00z: 84:f3:eb:7d:7:a8
 0h00:04.276 2022/06/19T20:53:00z: SSID: MU Open
 0h00:04.282 2022/06/19T20:53:00z: AP_STAR tmr
 ets Jan  8 2013,rst cause:4, boot mode:(3,7)

wdt reset
load 0x4010f000, len 1384, room 16 
tail 8
chksum 0x2d
csum 0x2d
v8b899c12
~ld


6.01
 0h00:04.177 2022/06/19T21:13:01z: DS3231
 0h00:04.192 2022/06/19T21:13:01z: BME280 (0x76)
 0h00:04.206 2022/06/19T21:13:01z: 84:f3:eb:7d:7:a8
 0h00:04.208 2022/06/19T21:13:01z: SSID: MU Open
 0h00:04.213 2022/06/19T21:13:01z: AP_STAR tmr
 ets Jan  8 2013,rst cause:4, boot mode:(3,7)

wdt reset
load 0x4010f000, len 1384, room 16 
tail 8
chksum 0x2d
csum 0x2d
v8b899c12
~ld


6.01
 0h00:04.281 2022/06/19T21:33:03z: DS3231
 0h00:04.296 2022/06/19T21:33:03z: BME280 (0x76)
 0h00:04.310 2022/06/19T21:33:03z: 84:f3:eb:7d:7:a8
 0h00:04.312 2022/06/19T21:33:03z: SSID: MU Open
 0h00:04.317 2022/06/19T21:33:03z: AP_STAR tmr
 ets Jan  8 2013,rst cause:4, boot mode:(3,7)

wdt reset
load 0x4010f000, len 1384, room 16 
tail 8
chksum 0x2d
csum 0x2d
v8b899c12
~ld


6.01
 0h00:04.430 2022/06/19T21:53:05z: DS3231
 0h00:04.445 2022/06/19T21:53:05z: BME280 (0x76)
 0h00:04.459 2022/06/19T21:53:05z: 84:f3:eb:7d:7:a8
 0h00:04.461 2022/06/19T21:53:05z: SSID: MU Open
 0h00:04.466 2022/06/19T21:53:05z: AP_STAR tmr
 ets Jan  8 2013,rst cause:4, boot mode:(3,7)

wdt reset
load 0x4010f000, len 1384, room 16 
tail 8
chksum 0x2d
csum 0x2d
v8b899c12
~ld


6.01
 0h00:04.398 2022/06/19T22:13:06z: DS3231
 0h00:04.413 2022/06/19T22:13:06z: BME280 (0x76)
 0h00:04.427 2022/06/19T22:13:06z: 84:f3:eb:7d:7:a8
 0h00:04.429 2022/06/19T22:13:06z: SSID: MU Open
 0h00:04.434 2022/06/19T22:13:06z: AP_STAR tmr
 ets Jan  8 2013,rst cause:4, boot mode:(3,7)

wdt reset
load 0x4010f000, len 1384, room 16 
tail 8
chksum 0x2d
csum 0x2d
v8b899c12
~ld


6.01
 0h00:04.251 2022/06/19T22:33:08z: DS3231
 0h00:04.266 2022/06/19T22:33:08z: BME280 (0x76)
 0h00:04.280 2022/06/19T22:33:08z: 84:f3:eb:7d:7:a8
 0h00:04.282 2022/06/19T22:33:08z: SSID: MU Open
 0h00:04.287 2022/06/19T22:33:08z: AP_STAR tmr
 ets Jan  8 2013,rst cause:4, boot mode:(3,7)

wdt reset
load 0x4010f000, len 1384, room 16 
tail 8
chksum 0x2d
csum 0x2d
v8b899c12
~ld


6.01
 0h00:04.529 2022/06/19T22:53:10z: DS3231
 0h00:04.544 2022/06/19T22:53:10z: BME280 (0x76)
 0h00:04.559 2022/06/19T22:53:10z: 84:f3:eb:7d:7:a8
 0h00:04.560 2022/06/19T22:53:10z: SSID: MU Open
 0h00:04.565 2022/06/19T22:53:10z: AP_STAR tmr
 ets Jan  8 2013,rst cause:4, boot mode:(3,7)

wdt reset
load 0x4010f000, len 1384, room 16 
tail 8
chksum 0x2d
csum 0x2d
v8b899c12
~ld


6.01
 0h00:04.550 2022/06/19T23:13:12z: DS3231
 0h00:04.565 2022/06/19T23:13:12z: BME280 (0x76)
 0h00:04.579 2022/06/19T23:13:12z: 84:f3:eb:7d:7:a8
 0h00:04.581 2022/06/19T23:13:12z: SSID: MU Open
 0h00:04.586 2022/06/19T23:13:12z: AP_STAR tmr
 ets Jan  8 2013,rst cause:4, boot mode:(3,7)

wdt reset
load 0x4010f000, len 1384, room 16 
tail 8
chksum 0x2d
csum 0x2d
v8b899c12
~ld


6.01
 0h00:04.318 2022/06/19T23:33:14z: DS3231
 0h00:04.333 2022/06/19T23:33:14z: BME280 (0x76)
 0h00:04.347 2022/06/19T23:33:14z: 84:f3:eb:7d:7:a8
 0h00:04.349 2022/06/19T23:33:14z: SSID: MU Open
 0h00:04.354 2022/06/19T23:33:14z: AP_STAR tmr
 ets Jan  8 2013,rst cause:4, boot mode:(3,7)

wdt reset
load 0x4010f000, len 1384, room 16 
tail 8
chksum 0x2d
csum 0x2d
v8b899c12
~ld


6.01
 0h00:04.616 2022/06/19T23:53:16z: DS3231
 0h00:04.631 2022/06/19T23:53:16z: BME280 (0x76)
 0h00:04.645 2022/06/19T23:53:16z: 84:f3:eb:7d:7:a8
 0h00:04.647 2022/06/19T23:53:16z: SSID: MU Open
 0h00:04.652 2022/06/19T23:53:16z: AP_STA