R tmr
 ets Jan  8 2013,rst cause:4, boot mode:(3,7)

wdt reset
load 0x4010f000, len 1384, room 16 
tail 8
chksum 0x2d
csum 0x2d
v8b899c12
~ld


6.01
 0h00:05.826 2022/10/15T00:14:51z: DS3231
 0h00:05.841 2022/10/15T00:14:51z: BME280 (0x76)
 0h00:05.855 2022/10/15T00:14:51z: 84:f3:eb:7d:7:a8
 0h00:05.857 2022/10/15T00:14:51z: SSID: MU Open
 0h00:05.862 2022/10/15T00:14:51z: AP_STAR tmr
 ets Jan  8 2013,rst cause:4, boot mode:(3,7)

wdt reset
load 0x4010f000, len 1384, room 16 
tail 8
chksum 0x2d
csum 0x2d
v8b899c12
~ld


6.01
 0h00:05.432 2022/10/15T00:34:57z: DS3231
 0h00:05.447 2022/10/15T00:34:57z: BME280 (0x76)
 0h00:05.461 2022/10/15T00:34:57z: 84:f3:eb:7d:7:a8
 0h00:05.463 2022/10/15T00:34:57z: SSID: MU Open
 0h00:05.468 2022/10/15T00:34:57z: AP_STAR tmr
 ets Jan  8 2013,rst cause:4, boot mode:(3,7)

wdt reset
load 0x4010f000, len 1384, room 16 
tail 8
chksum 0x2d
csum 0x2d
v8b899c12
~ld


6.01
 0h00:05.401 2022/10/15T00:55:03z: DS3231
 0h00:05.416 2022/10/15T00:55:03z: BME280 (0x76)
 0h00:05.430 2022/10/15T00:55:03z: 84:f3:eb:7d:7:a8
 0h00:05.432 2022/10/15T00:55:03z: SSID: MU Open
 0h00:05.437 2022/10/15T00:55:03z: AP_STAR tmr
 ets Jan  8 2013,rst cause:4, boot mode:(3,7)

wdt reset
load 0x4010f000, len 1384, room 16 
tail 8
chksum 0x2d
csum 0x2d
v8b899c12
~ld


6.01
 0h00:05.492 2022/10/15T01:15:09z: DS3231
 0h00:05.507 2022/10/15T01:15:09z: BME280 (0x76)
 0h00:05.521 2022/10/15T01:15:09z: 84:f3:eb:7d:7:a8
 0h00:05.523 2022/10/15T01:15:09z: SSID: MU Open
 0h00:05.528 2022/10/15T01:15:09z: AP_STAR tmr
 ets Jan  8 2013,rst cause:4, boot mode:(3,7)

wdt reset
load 0x4010f000, len 1384, room 16 
tail 8
chksum 0x2d
csum 0x2d
v8b899c12
~ld


6.01
 0h00:05.665 2022/10/15T01:35:15z: DS3231
 0h00:05.680 2022/10/15T01:35:15z: BME280 (0x76)
 0h00:05.694 2022/10/15T01:35:15z: 84:f3:eb:7d:7:a8
 0h00:05.696 2022/10/15T01:35:15z: SSID: MU Open
 0h00:05.701 2022/10/15T01:35:15z: AP_STAR tmr
 ets Jan  8 2013,rst cause:4, boot mode:(3,7)

wdt reset
load 0x4010f000, len 1384, room 16 
tail 8
chksum 0x2d
csum 0x2d
v8b899c12
~ld


6.01
 0h00:05.720 2022/10/15T01:55:20z: DS3231
 0h00:05.736 2022/10/15T01:55:20z: BME280 (0x76)
 0h00:05.750 2022/10/15T01:55:20z: 84:f3:eb:7d:7:a8
 0h00:05.751 2022/10/15T01:55:20z: SSID: MU Open
 0h00:05.757 2022/10/15T01:55:20z: AP_STAR tmr
 ets Jan  8 2013,rst cause:4, boot mode:(3,7)

wdt reset
load 0x4010f000, len 1384, room 16 
tail 8
chksum 0x2d
csum 0x2d
v8b899c12
~ld


6.01
 0h00:05.266 2022/10/15T02:15:26z: DS3231
 0h00:05.282 2022/10/15T02:15:26z: BME280 (0x76)
 0h00:05.296 2022/10/15T02:15:26z: 84:f3:eb:7d:7:a8
 0h00:05.297 2022/10/15T02:15:26z: SSID: MU Open
 0h00:05.303 2022/10/15T02:15:26z: AP_STAR tmr
 ets Jan  8 2013,rst cause:4, boot mode:(3,7)

wdt reset
load 0x4010f000, len 1384, room 16 
tail 8
chksum 0x2d
csum 0x2d
v8b899c12
~ld


6.01
 0h00:05.665 2022/10/15T02:35:32z: DS3231
 0h00:05.680 2022/10/15T02:35:32z: BME280 (0x76)
 0h00:05.694 2022/10/15T02:35:32z: 84:f3:eb:7d:7:a8
 0h00:05.696 2022/10/15T02:35:32z: SSID: MU Open
 0h00:05.701 2022/10/15T02:35:32z: AP_STAR tmr
 ets Jan  8 2013,rst cause:4, boot mode:(3,7)

wdt reset
load 0x4010f000, len 1384, room 16 
tail 8
chksum 0x2d
csum 0x2d
v8b899c12
~ld


6.01
 0h00:05.364 2022/10/15T02:55:38z: DS3231
 0h00:05.379 2022/10/15T02:55:38z: BME280 (0x76)
 0h00:05.393 2022/10/15T02:55:38z: 84:f3:eb:7d:7:a8
 0h00:05.395 2022/10/15T02:55:38z: SSID: MU Open
 0h00:05.400 2022/10/15T02:55:38z: AP_STAR tmr
 ets Jan  8 2013,rst cause:4, boot mode:(3,7)

wdt reset
load 0x4010f000, len 1384, room 16 
tail 8
chksum 0x2d
csum 0x2d
v8b899c12
~ld


6.01
 0h00:05.351 2022/10/15T03:15:44z: DS3231
 0h00:05.366 2022/10/15T03:15:44z: BME280 (0x76)
 0h00:05.380 2022/10/15T03:15:44z: 84:f3:eb:7d:7:a8
 0h00:05.382 2022/10/15T03:15:44z: SSID: MU Open
 0h00:05.387 2022/10/15T03:15:44z: AP_STAR tmr
 ets Jan  8 2013,rst cause:4, boot mode:(3,7)

wdt reset
load 0x4010f000, len 1384, room 16 
tail 8
chksum 0x2d
csum 0x2d
v8b899c12
~ld


6.01
 0h00:05.010 2022/10/15T03:35:49z: DS3231
 0h00:05.026 2022/10/15T03:35:49z: BME280 (0x76)
 0h00:05.040 2022/10/15T03:35:49z: 84:f3:eb:7d:7:a8
 0h00:05.041 2022/10/15T03:35:49z: SSID: MU Open
 0h00:05.047 2022/10/15T03:35:49z: AP_STAR tmr
 ets Jan  8 2013,rst cause:4, boot mode:(3,7)

wdt reset
load 0x4010f000, len 1384, room 16 
tail 8
chksum 0x2d
csum 0x2d
v8b899c12
~ld


6.01
 0h00:05.237 2022/10/15T03:55:55z: DS3231
 0h00:05.252 2022/10/15T03:55:55z: BME280 (0x76)
 0h00:05.266 2022/10/15T03:55:55z: 84:f3:eb:7d:7:a8
 0h00:05.268 2022/10/15T03:55:55z: SSID: MU Open
 0h00:05.273 2022/10/15T03:55:55z: AP_STAR tmr
 ets Jan  8 2013,rst cause:4, boot mode:(3,7)

wdt reset
load 0x4010f000, len 1384, room 16 
tail 8
chksum 0x2d
csum 0x2d
v8b899c12
~ld


6.01
 0h00:05.392 2022/10/15T04:16:01z: DS3231
 0h00:05.407 2022/10/15T04:16:01z: BME280 (0x76)
 0h00:05.421 2022/10/15T04:16:01z: 84:f3:eb:7d:7:a8
 0h00:05.423 2022/10/15T04:16:01z: SSID: MU Open
 0h00:05.428 2022/10/15T04:16:01z: AP_STAR tmr
 ets Jan  8 2013,rst cause:4, boot mode:(3,7)

wdt reset
load 0x4010f000, len 1384, room 16 
tail 8
chksum 0x2d
csum 0x2d
v8b899c12
~ld


6.01
 0h00:05.473 2022/10/15T04:36:06z: DS3231
 0h00:05.488 2022/10/15T04:36:06z: BME280 (0x76)
 0h00:05.503 2022/10/15T04:36:06z: 84:f3:eb:7d:7:a8
 0h00:05.504 2022/10/15T04:36:06z: SSID: MU Open
 0h00:05.509 2022/10/15T04:36:06z: AP_STAR tmr
 ets Jan  8 2013,rst cause:4, boot mode:(3,7)

wdt reset
load 0x4010f000, len 1384, room 16 
tail 8
chksum 0x2d
csum 0x2d
v8b899c12
~ld


6.01
 0h00:05.714 2022/10/15T04:56:12z: DS3231
 0h00:05.729 2022/10/15T04:56:12z: BME280 (0x76)
 0h00:05.743 2022/10/15T04:56:12z: 84:f3:eb:7d:7:a8
 0h00:05.745 2022/10/15T04:56:12z: SSID: MU Open
 0h00:05.750 2022/10/15T04:56:12z: AP_STAR tmr
 ets Jan  8 2013,rst cause:4, boot mode:(3,7)

wdt reset
load 0x4010f000, len 1384, room 16 
tail 8
chksum 0x2d
csum 0x2d
v8b899c12
~ld


6.01
 0h00:05.435 2022/10/15T05:16:18z: DS3231
 0h00:05.451 2022/10/15T05:16:18z: BME280 (0x76)
 0h00:05.465 2022/10/15T05:16:18z: 84:f3:eb:7d:7:a8
 0h00:05.467 2022/10/15T05:16:18z: SSID: MU Open
 0h00:05.472 2022/10/15T05:16:18z: AP_STAR tmr
 ets Jan  8 2013,rst cause:4, boot mode:(3,7)

wdt reset
load 0x4010f000, len 1384, room 16 
tail 8
chksum 0x2d
csum 0x2d
v8b899c12
~ld


6.01
 0h00:05.573 2022/10/15T05:36:23z: DS3231
 0h00:05.588 2022/10/15T05:36:23z: BME280 (0x76)
 0h00:05.602 2022/10/15T05:36:23z: 84:f3:eb:7d:7:a8
 0h00:05.604 2022/10/15T05:36:23z: SSID: MU Open
 0h00:05.609 2022/10/15T05:36:23z: AP_STAR tmr
 ets Jan  8 2013,rst cause:4, boot mode:(3,7)

wdt reset
load 0x4010f000, len 1384, room 16 
tail 8
chksum 0x2d
csum 0x2d
v8b899c12
~ld


6.01
 0h00:05.676 2022/10/15T05:56:29z: DS3231
 0h00:05.691 2022/10/15T05:56:29z: BME280 (0x76)
 0h00:05.705 2022/10/15T05:56:29z: 84:f3:eb:7d:7:a8
 0h00:05.707 2022/10/15T05:56:29z: SSID: MU Open
 0h00:05.712 2022/10/15T05:56:29z: AP_STAR tmr
 ets Jan  8 2013,rst cause:4, boot mode:(3,7)

wdt reset
load 0x4010f000, len 1384, room 16 
tail 8
chksum 0x2d
csum 0x2d
v8b899c12
~ld


6.01
 0h00:05.844 2022/10/15T06:16:35z: DS3231
 0h00:05.859 2022/10/15T06:16:35z: BME280 (0x76)
 0h00:05.873 2022/10/15T06:16:35z: 84:f3:eb:7d:7:a8
 0h00:05.875 2022/10/15T06:16:35z: SSID: MU Open
 0h00:05.880 2022/10/15T06:16:35z: AP_STAR tmr
 ets Jan  8 2013,rst cause:4, boot mode:(3,7)

wdt reset
load 0x4010f000, len 1384, room 16 
tail 8
chksum 0x2d
csum 0x2d
v8b899c12
~ld


6.01
 0h00:05.392 2022/10/15T06:36:40z: DS3231
 0h00:05.408 2022/10/15T06:36:40z: BME280 (0x76)
 0h00:05.422 2022/10/15T06:36:40z: 84:f3:eb:7d:7:a8
 0h00:05.424 2022/10/15T06:36:40z: SSID: MU Open
 0h00:05.429 2022/10/15T06:36:40z: AP_STAR tmr
 ets Jan  8 2013,rst cause:4, boot mode:(3,7)

wdt reset
load 0x4010f000, len 1384, room 16 
tail 8
chksum 0x2d
csum 0x2d
v8b899c12
~ld


6.01
 0h00:04.995 2022/10/15T06:56:45z: DS3231
 0h00:05.010 2022/10/15T06:56:45z: BME280 (0x76)
 0h00:05.024 2022/10/15T06:56:45z: 84:f3:eb:7d:7:a8
 0h00:05.026 2022/10/15T06:56:45z: SSID: MU Open
 0h00:05.031 2022/10/15T06:56:45z: AP_STAR tmr
 ets Jan  8 2013,rst cause:4, boot mode:(3,7)

wdt reset
load 0x4010f000, len 1384, room 16 
tail 8
chksum 0x2d
csum 0x2d
v8b899c12
~ld


6.01
 0h00:05.619 2022/10/15T07:16:51z: DS3231
 0h00:05.635 2022/10/15T07:16:52z: BME280 (0x76)
 0h00:05.649 2022/10/15T07:16:52z: 84:f3:eb:7d:7:a8
 0h00:05.650 2022/10/15T07:16:52z: SSID: MU Open
 0h00:05.656 2022/10/15T07:16:52z: AP_STAR tmr
 ets Jan  8 2013,rst cause:4, boot mode:(3,7)

wdt reset
load 0x4010f000, len 1384, room 16 
tail 8
chksum 0x2d
csum 0x2d
v8b899c12
~ld


6.01
 0h00:05.773 2022/10/15T07:36:58z: DS3231
 0h00:05.789 2022/10/15T07:36:58z: BME280 (0x76)
 0h00:05.803 2022/10/15T07:36:58z: 84:f3:eb:7d:7:a8
 0h00:05.805 2022/10/15T07:36:58z: SSID: MU Open
 0h00:05.810 2022/10/15T07:36:58z: AP_STAR tmr
 ets Jan  8 2013,rst cause:4, boot mode:(3,7)

wdt reset
load 0x4010f000, len 1384, room 16 
tail 8
chksum 0x2d
csum 0x2d
v8b899c12
~ld


6.01
 0h00:05.511 2022/10/15T07:57:03z: DS3231
 0h00:05.526 2022/10/15T07:57:03z: BME280 (0x76)
 0h00:05.540 2022/10/15T07:57:03z: 84:f3:eb:7d:7:a8
 0h00:05.542 2022/10/15T07:57:03z: SSID: MU Open
 0h00:05.547 2022/10/15T07:57:03z: AP_STAR tmr
 ets Jan  8 2013,rst cause:4, boot mode:(3,7)

wdt reset
load 0x4010f000, len 1384, room 16 
tail 8
chksum 0x2d
csum 0x2d
v8b899c12
~ld


6.01
 0h00:05.675 2022/10/15T08:17:09z: DS3231
 0h00:05.690 2022/10/15T08:17:09z: BME280 (0x76)
 0h00:05.704 2022/10/15T08:17:09z: 84:f3:eb:7d:7:a8
 0h00:05.706 2022/10/15T08:17:09z: SSID: MU Open
 0h00:05.711 2022/10/15T08:17:09z: AP_STAR tmr
 ets Jan  8 2013,rst cause:4, boot mode:(3,7)

wdt reset
load 0x4010f000, len 1384, room 16 
tail 8
chksum 0x2d
csum 0x2d
v8b899c12
~ld


6.01
 0h00:05.403 2022/10/15T08:37:14z: DS3231
 0h00:05.418 2022/10/15T08:37:14z: BME280 (0x76)
 0h00:05.433 2022/10/15T08:37:14z: 84:f3:eb:7d:7:a8
 0h00:05.434 2022/10/15T08:37:14z: SSID: MU Open
 0h00:05.439 2022/10/15T08:37:15z: AP_STAR tmr
 ets Jan  8 2013,rst cause:4, boot mode:(3,7)

wdt reset
load 0x4010f000, len 1384, room 16 
tail 8
chksum 0x2d
csum 0x2d
v8b899c12
~ld


6.01
 0h00:05.667 2022/10/15T08:57:21z: DS3231
 0h00:05.682 2022/10/15T08:57:21z: BME280 (0x76)
 0h00:05.696 2022/10/15T08:57:21z: 84:f3:eb:7d:7:a8
 0h00:05.698 2022/10/15T08:57:21z: SSID: MU Open
 0h00:05.703 2022/10/15T08:57:21z: AP_STAR tmr
 ets Jan  8 2013,rst cause:4, boot mode:(3,7)

wdt reset
load 0x4010f000, len 1384, room 16 
tail 8
chksum 0x2d
csum 0x2d
v8b899c12
~ld


6.01
 0h00:05.618 2022/10/15T09:17:27z: DS3231
 0h00:05.633 2022/10/15T09:17:27z: BME280 (0x76)
 0h00:05.647 2022/10/15T09:17:27z: 84:f3:eb:7d:7:a8
 0h00:05.649 2022/10/15T09:17:27z: SSID: MU Open
 0h00:05.654 2022/10/15T09:17:27z: AP_STAR tmr
 ets Jan  8 2013,rst cause:4, boot mode:(3,7)

wdt reset
load 0x4010f000, len 1384, room 16 
tail 8
chksum 0x2d
csum 0x2d
v8b899c12
~ld


6.01
 0h00:05.465 2022/10/15T09:37:33z: DS3231
 0h00:05.480 2022/10/15T09:37:33z: BME280 (0x76)
 0h00:05.495 2022/10/15T09:37:33z: 84:f3:eb:7d:7:a8
 0h00:05.496 2022/10/15T09:37:33z: SSID: MU Open
 0h00:05.502 2022/10/15T09:37:33z: AP_STAR tmr
 ets Jan  8 2013,rst cause:4, boot mode:(3,7)

wdt reset
load 0x4010f000, len 1384, room 16 
tail 8
chksum 0x2d
csum 0x2d
v8b899c12
~ld


6.01
 0h00:05.704 2022/10/15T09:57:39z: DS3231
 0h00:05.719 2022/10/15T09:57:39z: BME280 (0x76)
 0h00:05.733 2022/10/15T09:57:39z: 84:f3:eb:7d:7:a8
 0h00:05.735 2022/10/15T09:57:39z: SSID: MU Open
 0h00:05.740 2022/10/15T09:57:39z: AP_STAR tmr
 ets Jan  8 2013,rst cause:4, boot mode:(3,7)

wdt reset
load 0x4010f000, len 1384, room 16 
tail 8
chksum 0x2d
csum 0x2d
v8b899c12
~ld


6.01
 0h00:05.514 2022/10/15T10:17:45z: DS3231
 0h00:05.529 2022/10/15T10:17:45z: BME280 (0x76)
 0h00:05.543 2022/10/15T10:17:45z: 84:f3:eb:7d:7:a8
 0h00:05.545 2022/10/15T10:17:45z: SSID: MU Open
 0h00:05.550 2022/10/15T10:17:45z: AP_STAR tmr
 ets Jan  8 2013,rst cause:4, boot mode:(3,7)

wdt reset
load 0x4010f000, len 1384, room 16 
tail 8
chksum 0x2d
csum 0x2d
v8b899c12
~ld


6.01
 0h00:05.321 2022/10/15T10:37:50z: DS3231
 0h00:05.336 2022/10/15T10:37:50z: BME280 (0x76)
 0h00:05.350 2022/10/15T10:37:50z: 84:f3:eb:7d:7:a8
 0h00:05.352 2022/10/15T10:37:50z: SSID: MU Open
 0h00:05.357 2022/10/15T10:37:50z: AP_STAR tmr
 ets Jan  8 2013,rst cause:4, boot mode:(3,7)

wdt reset
load 0x4010f000, len 1384, room 16 
tail 8
chksum 0x2d
csum 0x2d
v8b899c12
~ld


6.01
 0h00:05.655 2022/10/15T10:57:56z: DS3231
 0h00:05.670 2022/10/15T10:57:56z: BME280 (0x76)
 0h00:05.684 2022/10/15T10:57:56z: 84:f3:eb:7d:7:a8
 0h00:05.686 2022/10/15T10:57:56z: SSID: MU Open
 0h00:05.691 2022/10/15T10:57:56z: AP_STAR tmr
 ets Jan  8 2013,rst cause:4, boot mode:(3,7)

wdt reset
load 0x4010f000, len 1384, room 16 
tail 8
chksum 0x2d
csum 0x2d
v8b899c12
~ld


6.01
 0h00:05.759 2022/10/15T11:18:03z: DS3231
 0h00:05.774 2022/10/15T11:18:03z: BME280 (0x76)
 0h00:05.788 2022/10/15T11:18:03z: 84:f3:eb:7d:7:a8
 0h00:05.790 2022/10/15T11:18:03z: SSID: MU Open
 0h00:05.795 2022/10/15T11:18:03z: AP_STAR tmr
 ets Jan  8 2013,rst cause:4, boot mode:(3,7)

wdt reset
load 0x4010f000, len 1384, room 16 
tail 8
chksum 0x2d
csum 0x2d
v8b899c12
~ld


6.01
 0h00:05.850 2022/10/15T11:38:09z: DS3231
 0h00:05.866 2022/10/15T11:38:09z: BME280 (0x76)
 0h00:05.880 2022/10/15T11:38:09z: 84:f3:eb:7d:7:a8
 0h00:05.882 2022/10/15T11:38:09z: SSID: MU Open
 0h00:05.887 2022/10/15T11:38:09z: AP_STAR tmr
 ets Jan  8 2013,rst cause:4, boot mode:(3,7)

wdt reset
load 0x4010f000, len 1384, room 16 
tail 8
chksum 0x2d
csum 0x2d
v8b899c12
~ld


6.01
 0h00:05.518 2022/10/15T11:58:15z: DS3231
 0h00:05.534 2022/10/15T11:58:15z: BME280 (0x76)
 0h00:05.548 2022/10/15T11:58:15z: 84:f3:eb:7d:7:a8
 0h00:05.549 2022/10/15T11:58:15z: SSID: MU Open
 0h00:05.555 2022/10/15T11:58:15z: AP_STAR tmr
 ets Jan  8 2013,rst cause:4, boot mode:(3,7)

wdt reset
load 0x4010f000, len 1384, room 16 
tail 8
chksum 0x2d
csum 0x2d
v8b899c12
~ld


6.01
 0h00:05.829 2022/10/15T12:18:22z: DS3231
 0h00:05.844 2022/10/15T12:18:22z: BME280 (0x76)
 0h00:05.858 2022/10/15T12:18:22z: 84:f3:eb:7d:7:a8
 0h00:05.860 2022/10/15T12:18:22z: SSID: MU Open
 0h00:05.865 2022/10/15T12:18:22z: AP_STAR tmr
 ets Jan  8 2013,rst cause:4, boot mode:(3,7)

wdt reset
load 0x4010f000, len 1384, room 16 
tail 8
chksum 0x2d
csum 0x2d
v8b899c12
~ld


6.01
 0h00:05.781 2022/10/15T12:38:29z: DS3231
 0h00:05.797 2022/10/15T12:38:29z: BME280 (0x76)
 0h00:05.811 2022/10/15T12:38:29z: 84:f3:eb:7d:7:a8
 0h00:05.812 2022/10/15T12:38:29z: SSID: MU Open
 0h00:05.818 2022/10/15T12:38:29z: AP_STAR tmr
 ets Jan  8 2013,rst cause:4, boot mode:(3,7)

wdt reset
load 0x4010f000, len 1384, room 16 
tail 8
chksum 0x2d
csum 0x2d
v8b899c12
~ld


6.01
 0h00:05.590 2022/10/15T12:58:35z: DS3231
 0h00:05.605 2022/10/15T12:58:35z: BME280 (0x76)
 0h00:05.619 2022/10/15T12:58:35z: 84:f3:eb:7d:7:a8
 0h00:05.621 2022/10/15T12:58:35z: SSID: MU Open
 0h00:05.626 2022/10/15T12:58:35z: AP_STAR tmr
 ets Jan  8 2013,rst cause:4, boot mode:(3,7)

wdt reset
load 0x4010f000, len 1384, room 16 
tail 8
chksum 0x2d
csum 0x2d
v8b899c12
~ld


6.01
 0h00:05.350 2022/10/15T13:18:40z: DS3231
 0h00:05.365 2022/10/15T13:18:40z: BME280 (0x76)
 0h00:05.379 2022/10/15T13:18:40z: 84:f3:eb:7d:7:a8
 0h00:05.381 2022/10/15T13:18:40z: SSID: MU Open
 0h00:05.386 2022/10/15T13:18:40z: AP_STAR tmr
 ets Jan  8 2013,rst cause:4, boot mode:(3,7)

wdt reset
load 0x4010f000, len 1384, room 16 
tail 8
chksum 0x2d
csum 0x2d
v8b899c12
~ld


6.01
 0h00:05.641 2022/10/15T13:38:47z: DS3231
 0h00:05.656 2022/10/15T13:38:47z: BME280 (0x76)
 0h00:05.670 2022/10/15T13:38:47z: 84:f3:eb:7d:7:a8
 0h00:05.672 2022/10/15T13:38:47z: SSID: MU Open
 0h00:05.677 2022/10/15T13:38:47z: AP_STAR tmr
 ets Jan  8 2013,rst cause:4, boot mode:(3,7)

wdt reset
load 0x4010f000, len 1384, room 16 
tail 8
chksum 0x2d
csum 0x2d
v8b899c12
~ld


6.01
 0h00:05.801 2022/10/15T13:58:53z: DS3231
 0h00:05.817 2022/10/15T13:58:53z: BME280 (0x76)
 0h00:05.831 2022/10/15T13:58:53z: 84:f3:eb:7d:7:a8
 0h00:05.833 2022/10/15T13:58:53z: SSID: MU Open
 0h00:05.838 2022/10/15T13:58:53z: AP_STAR tmr
 ets Jan  8 2013,rst cause:4, boot mode:(3,7)

wdt reset
load 0x4010f000, len 1384, room 16 
tail 8
chksum 0x2d
csum 0x2d
v8b899c12
~ld


6.01
 0h00:05.669 2022/10/15T14:18:59z: DS3231
 0h00:05.684 2022/10/15T14:18:59z: BME280 (0x76)
 0h00:05.698 2022/10/15T14:18:59z: 84:f3:eb:7d:7:a8
 0h00:05.700 2022/10/15T14:18:59z: SSID: MU Open
 0h00:05.705 2022/10/15T14:18:59z: AP_STAR tmr
 ets Jan  8 2013,rst cause:4, boot mode:(3,7)

wdt reset
load 0x4010f000, len 1384, room 16 
tail 8
chksum 0x2d
csum 0x2d
v8b899c12
~ld


6.01
 0h00:05.395 2022/10/15T14:39:05z: DS3231
 0h00:05.410 2022/10/15T14:39:05z: BME280 (0x76)
 0h00:05.425 2022/10/15T14:39:05z: 84:f3:eb:7d:7:a8
 0h00:05.426 2022/10/15T14:39:05z: SSID: MU Open
 0h00:05.432 2022/10/15T14:39:05z: AP_STAR tmr
 ets Jan  8 2013,rst cause:4, boot mode:(3,7)

wdt reset
load 0x4010f000, len 1384, room 16 
tail 8
chksum 0x2d
csum 0x2d
v8b899c12
~ld


6.01
 0h00:05.489 2022/10/15T14:59:11z: DS3231
 0h00:05.505 2022/10/15T14:59:11z: BME280 (0x76)
 0h00:05.519 2022/10/15T14:59:11z: 84:f3:eb:7d:7:a8
 0h00:05.520 2022/10/15T14:59:11z: SSID: MU Open
 0h00:05.526 2022/10/15T14:59:11z: AP_STAR tmr
 ets Jan  8 2013,rst cause:4, boot mode:(3,7)

wdt reset
load 0x4010f000, len 1384, room 16 
tail 8
chksum 0x2d
csum 0x2d
v8b899c12
~ld


6.01
 0h00:05.515 2022/10/15T15:19:16z: DS3231
 0h00:05.531 2022/10/15T15:19:16z: BME280 (0x76)
 0h00:05.545 2022/10/15T15:19:16z: 84:f3:eb:7d:7:a8
 0h00:05.547 2022/10/15T15:19:16z: SSID: MU Open
 0h00:05.552 2022/10/15T15:19:16z: AP_STAR tmr
 ets Jan  8 2013,rst cause:4, boot mode:(3,7)

wdt reset
load 0x4010f000, len 1384, room 16 
tail 8
chksum 0x2d
csum 0x2d
v8b899c12
~ld


6.01
 0h00:05.359 2022/10/15T15:39:22z: DS3231
 0h00:05.374 2022/10/15T15:39:22z: BME280 (0x76)
 0h00:05.388 2022/10/15T15:39:22z: 84:f3:eb:7d:7:a8
 0h00:05.390 2022/10/15T15:39:22z: SSID: MU Open
 0h00:05.395 2022/10/15T15:39:22z: AP_STAR tmr
 ets Jan  8 2013,rst cause:4, boot mode:(3,7)

wdt reset
load 0x4010f000, len 1384, room 16 
tail 8
chksum 0x2d
csum 0x2d
v8b899c12
~ld


6.01
 0h00:05.005 2022/10/15T15:59:26z: DS3231
 0h00:05.021 2022/10/15T15:59:26z: BME280 (0x76)
 0h00:05.035 2022/10/15T15:59:26z: 84:f3:eb:7d:7:a8
 0h00:05.036 2022/10/15T15:59:26z: SSID: MU Open
 0h00:05.042 2022/10/15T15:59:26z: AP_STAR tmr
 ets Jan  8 2013,rst cause:4, boot mode:(3,7)

wdt reset
load 0x4010f000, len 1384, room 16 
tail 8
chksum 0x2d
csum 0x2d
v8b899c12
~ld


6.01
 0h00:05.221 2022/10/15T16:19:32z: DS3231
 0h00:05.237 2022/10/15T16:19:32z: BME280 (0x76)
 0h00:05.251 2022/10/15T16:19:32z: 84:f3:eb:7d:7:a8
 0h00:05.253 2022/10/15T16:19:32z: SSID: MU Open
 0h00:05.258 2022/10/15T16:19:32z: AP_STAR tmr
 ets Jan  8 2013,rst cause:4, boot mode:(3,7)

wdt reset
load 0x4010f000, len 1384, room 16 
tail 8
chksum 0x2d
csum 0x2d
v8b899c12
~ld


6.01
 0h00:05.378 2022/10/15T16:39:38z: DS3231
 0h00:05.393 2022/10/15T16:39:38z: BME280 (0x76)
 0h00:05.408 2022/10/15T16:39:38z: 84:f3:eb:7d:7:a8
 0h00:05.409 2022/10/15T16:39:38z: SSID: MU Open
 0h00:05.415 2022/10/15T16:39:38z: AP_STAR tmr
 ets Jan  8 2013,rst cause:4, boot mode:(3,7)

wdt reset
load 0x4010f000, len 1384, room 16 
tail 8
chksum 0x2d
csum 0x2d
v8b899c12
~ld


6.01
 0h00:05.684 2022/10/15T16:59:44z: DS3231
 0h00:05.700 2022/10/15T16:59:44z: BME280 (0x76)
 0h00:05.714 2022/10/15T16:59:44z: 84:f3:eb:7d:7:a8
 0h00:05.716 2022/10/15T16:59:44z: SSID: MU Open
 0h00:05.721 2022/10/15T16:59:44z: AP_STAR tmr
 ets Jan  8 2013,rst cause:4, boot mode:(3,7)

wdt reset
load 0x4010f000, len 1384, room 16 
tail 8
chksum 0x2d
csum 0x2d
v8b899c12
~ld


6.01
 0h00:05.327 2022/10/15T17:19:50z: DS3231
 0h00:05.342 2022/10/15T17:19:50z: BME280 (0x76)
 0h00:05.356 2022/10/15T17:19:50z: 84:f3:eb:7d:7:a8
 0h00:05.358 2022/10/15T17:19:50z: SSID: MU Open
 0h00:05.363 2022/10/15T17:19:50z: AP_STAR tmr
 ets Jan  8 2013,rst cause:4, boot mode:(3,7)

wdt reset
load 0x4010f000, len 1384, room 16 
tail 8
chksum 0x2d
csum 0x2d
v8b899c12
~ld


6.01
 0h00:05.508 2022/10/15T17:39:55z: DS3231
 0h00:05.523 2022/10/15T17:39:55z: BME280 (0x76)
 0h00:05.537 2022/10/15T17:39:55z: 84:f3:eb:7d:7:a8
 0h00:05.539 2022/10/15T17:39:55z: SSID: MU Open
 0h00:05.544 2022/10/15T17:39:55z: AP_STAR tmr
 ets Jan  8 2013,rst cause:4, boot mode:(3,7)

wdt reset
load 0x4010f000, len 1384, room 16 
tail 8
chksum 0x2d
csum 0x2d
v8b899c12
~ld


6.01
 0h00:05.289 2022/10/15T18:00:01z: DS3231
 0h00:05.305 2022/10/15T18:00:01z: BME280 (0x76)
 0h00:05.319 2022/10/15T18:00:01z: 84:f3:eb:7d:7:a8
 0h00:05.320 2022/10/15T18:00:01z: SSID: MU Open
 0h00:05.326 2022/10/15T18:00:01z: AP_STAR tmr
 ets Jan  8 2013,rst cause:4, boot mode:(3,7)

wdt reset
load 0x4010f000, len 1384, room 16 
tail 8
chksum 0x2d
csum 0x2d
v8b899c12
~ld


6.01
 0h00:04.841 2022/10/15T18:20:06z: DS3231
 0h00:04.856 2022/10/15T18:20:06z: BME280 (0x76)
 0h00:04.870 2022/10/15T18:20:06z: 84:f3:eb:7d:7:a8
 0h00:04.872 2022/10/15T18:20:06z: SSID: MU Open
 0h00:04.877 2022/10/15T18:20:06z: AP_STAR tmr
 ets Jan  8 2013,rst cause:4, boot mode:(3,7)

wdt reset
load 0x4010f000, len 1384, room 16 
tail 8
chksum 0x2d
csum 0x2d
v8b899c12
~ld


6.01
 0h00:05.143 2022/10/15T18:40:11z: DS3231
 0h00:05.158 2022/10/15T18:40:11z: BME280 (0x76)
 0h00:05.172 2022/10/15T18:40:11z: 84:f3:eb:7d:7:a8
 0h00:05.174 2022/10/15T18:40:11z: SSID: MU Open
 0h00:05.179 2022/10/15T18:40:11z: AP_STAR tmr
 ets Jan  8 2013,rst cause:4, boot mode:(3,7)

wdt reset
load 0x4010f000, len 1384, room 16 
tail 8
chksum 0x2d
csum 0x2d
v8b899c12
~ld


6.01
 0h00:04.890 2022/10/15T19:00:16z: DS3231
 0h00:04.906 2022/10/15T19:00:16z: BME280 (0x76)
 0h00:04.920 2022/10/15T19:00:16z: 84:f3:eb:7d:7:a8
 0h00:04.922 2022/10/15T19:00:16z: SSID: MU Open
 0h00:04.927 2022/10/15T19:00:16z: AP_STAR tmr
 ets Jan  8 2013,rst cause:4, boot mode:(3,7)

wdt reset
load 0x4010f000, len 1384, room 16 
tail 8
chksum 0x2d
csum 0x2d
v8b899c12
~ld


6.01
 0h00:05.443 2022/10/15T19:20:21z: DS3231
 0h00:05.459 2022/10/15T19:20:21z: BME280 (0x76)
 0h00:05.473 2022/10/15T19:20:21z: 84:f3:eb:7d:7:a8
 0h00:05.474 2022/10/15T19:20:21z: SSID: MU Open
 0h00:05.480 2022/10/15T19:20:21z: AP_STAR tmr
 ets Jan  8 2013,rst cause:4, boot mode:(3,7)

wdt reset
load 0x4010f000, len 1384, room 16 
tail 8
chksum 0x2d
csum 0x2d
v8b899c12
~ld


6.01
 0h00:05.437 2022/10/15T19:40:27z: DS3231
 0h00:05.452 2022/10/15T19:40:27z: BME280 (0x76)
 0h00:05.467 2022/10/15T19:40:27z: 84:f3:eb:7d:7:a8
 0h00:05.468 2022/10/15T19:40:27z: SSID: MU Open
 0h00:05.473 2022/10/15T19:40:27z: AP_STAR tmr
 ets Jan  8 2013,rst cause:4, boot mode:(3,7)

wdt reset
load 0x4010f000, len 1384, room 16 
tail 8
chksum 0x2d
csum 0x2d
v8b899c12
~ld


6.01
 0h00:05.152 2022/10/15T20:00:32z: DS3231
 0h00:05.167 2022/10/15T20:00:32z: BME280 (0x76)
 0h00:05.182 2022/10/15T20:00:32z: 84:f3:eb:7d:7:a8
 0h00:05.183 2022/10/15T20:00:32z: SSID: MU Open
 0h00:05.188 2022/10/15T20:00:32z: AP_STAR tmr
 ets Jan  8 2013,rst cause:4, boot mode:(3,7)

wdt reset
load 0x4010f000, len 1384, room 16 
tail 8
chksum 0x2d
csum 0x2d
v8b899c12
~ld


6.01
 0h00:05.141 2022/10/15T20:20:38z: DS3231
 0h00:05.156 2022/10/15T20:20:38z: BME280 (0x76)
 0h00:05.171 2022/10/15T20:20:38z: 84:f3:eb:7d:7:a8
 0h00:05.172 2022/10/15T20:20:38z: SSID: MU Open
 0h00:05.177 2022/10/15T20:20:38z: AP_STAR tmr
 ets Jan  8 2013,rst cause:4, boot mode:(3,7)

wdt reset
load 0x4010f000, len 1384, room 16 
tail 8
chksum 0x2d
csum 0x2d
v8b899c12
~ld


6.01
 0h00:05.357 2022/10/15T20:40:42z: DS3231
 0h00:05.372 2022/10/15T20:40:42z: BME280 (0x76)
 0h00:05.387 2022/10/15T20:40:42z: 84:f3:eb:7d:7:a8
 0h00:05.388 2022/10/15T20:40:42z: SSID: MU Open
 0h00:05.393 2022/10/15T20:40:42z: AP_STAR tmr
 ets Jan  8 2013,rst cause:4, boot mode:(3,7)

wdt reset
load 0x4010f000, len 1384, room 16 
tail 8
chksum 0x2d
csum 0x2d
v8b899c12
~ld


6.01
 0h00:05.210 2022/10/15T21:00:48z: DS3231
 0h00:05.225 2022/10/15T21:00:49z: BME280 (0x76)
 0h00:05.239 2022/10/15T21:00:49z: 84:f3:eb:7d:7:a8
 0h00:05.241 2022/10/15T21:00:49z: SSID: MU Open
 0h00:05.246 2022/10/15T21:00:49z: AP_STAR tmr
 ets Jan  8 2013,rst cause:4, boot mode:(3,7)

wdt reset
load 0x4010f000, len 1384, room 16 
tail 8
chksum 0x2d
csum 0x2d
v8b899c12
~ld


6.01
 0h00:04.864 2022/10/15T21:20:53z: DS3231
 0h00:04.879 2022/10/15T21:20:53z: BME280 (0x76)
 0h00:04.894 2022/10/15T21:20:53z: 84:f3:eb:7d:7:a8
 0h00:04.895 2022/10/15T21:20:53z: SSID: MU Open
 0h00:04.900 2022/10/15T21:20:53z: AP_STAR tmr
 ets Jan  8 2013,rst cause:4, boot mode:(3,7)

wdt reset
load 0x4010f000, len 1384, room 16 
tail 8
chksum 0x2d
csum 0x2d
v8b899c12
~ld


6.01
 0h00:05.011 2022/10/15T21:40:58z: DS3231
 0h00:05.026 2022/10/15T21:40:58z: BME280 (0x76)
 0h00:05.041 2022/10/15T21:40:58z: 84:f3:eb:7d:7:a8
 0h00:05.042 2022/10/15T21:40:58z: SSID: MU Open
 0h00:05.047 2022/10/15T21:40:58z: AP_STAR tmr
 ets Jan  8 2013,rst cause:4, boot mode:(3,7)

wdt reset
load 0x4010f000, len 1384, room 16 
tail 8
chksum 0x2d
csum 0x2d
v8b899c12
~ld


6.01
 0h00:05.319 2022/10/15T22:01:03z: DS3231
 0h00:05.334 2022/10/15T22:01:03z: BME280 (0x76)
 0h00:05.348 2022/10/15T22:01:03z: 84:f3:eb:7d:7:a8
 0h00:05.350 2022/10/15T22:01:03z: SSID: MU Open
 0h00:05.355 2022/10/15T22:01:03z: AP_STAR tmr
 ets Jan  8 2013,rst cause:4, boot mode:(3,7)

wdt reset
load 0x4010f000, len 1384, room 16 
tail 8
chksum 0x2d
csum 0x2d
v8b899c12
~ld


6.01
 0h00:05.670 2022/10/15T22:21:09z: DS3231
 0h00:05.685 2022/10/15T22:21:09z: BME280 (0x76)
 0h00:05.700 2022/10/15T22:21:09z: 84:f3:eb:7d:7:a8
 0h00:05.701 2022/10/15T22:21:09z: SSID: MU Open
 0h00:05.707 2022/10/15T22:21:09z: AP_STAR tmr
 ets Jan  8 2013,rst cause:4, boot mode:(3,7)

wdt reset
load 0x4010f000, len 1384, room 16 
tail 8
chksum 0x2d
csum 0x2d
v8b899c12
~ld


6.01
 0h00:05.279 2022/10/15T22:41:14z: DS3231
 0h00:05.294 2022/10/15T22:41:14z: BME280 (0x76)
 0h00:05.308 2022/10/15T22:41:14z: 84:f3:eb:7d:7:a8
 0h00:05.310 2022/10/15T22:41:14z: SSID: MU Open
 0h00:05.315 2022/10/15T22:41:14z: AP_STAR tmr
 ets Jan  8 2013,rst cause:4, boot mode:(3,7)

wdt reset
load 0x4010f000, len 1384, room 16 
tail 8
chksum 0x2d
csum 0x2d
v8b899c12
~ld


6.01
 0h00:05.298 2022/10/15T23:01:20z: DS3231
 0h00:05.313 2022/10/15T23:01:20z: BME280 (0x76)
 0h00:05.327 2022/10/15T23:01:20z: 84:f3:eb:7d:7:a8
 0h00:05.329 2022/10/15T23:01:20z: SSID: MU Open
 0h00:05.334 2022/10/15T23:01:20z: AP_STAR tmr
 ets Jan  8 2013,rst cause:4, boot mode:(3,7)

wdt reset
load 0x4010f000, len 1384, room 16 
tail 8
chksum 0x2d
csum 0x2d
v8b899c12
~ld


6.01
 0h00:05.369 2022/10/15T23:21:25z: DS3231
 0h00:05.385 2022/10/15T23:21:25z: BME280 (0x76)
 0h00:05.399 2022/10/15T23:21:25z: 84:f3:eb:7d:7:a8
 0h00:05.400 2022/10/15T23:21:25z: SSID: MU Open
 0h00:05.406 2022/10/15T23:21:25z: AP_STAR tmr
 ets Jan  8 2013,rst cause:4, boot mode:(3,7)

wdt reset
load 0x4010f000, len 1384, room 16 
tail 8
chksum 0x2d
csum 0x2d
v8b899c12
~ld


6.01
 0h00:05.076 2022/10/15T23:41:31z: DS3231
 0h00:05.091 2022/10/15T23:41:31z: BME280 (0x76)
 0h00:05.105 2022/10/15T23:41:31z: 84:f3:eb:7d:7:a8
 0h00:05.107 2022/10/15T23:41:31z: SSID: MU Open
 0h00:05.112 2022/10/15T23:41:31z: AP_STA