R tmr
 ets Jan  8 2013,rst cause:4, boot mode:(3,7)

wdt reset
load 0x4010f000, len 1384, room 16 
tail 8
chksum 0x2d
csum 0x2d
v8b899c12
~ld


6.01
 0h00:04.510 2022/06/25T00:07:15z: DS3231
 0h00:04.525 2022/06/25T00:07:15z: BME280 (0x76)
 0h00:04.539 2022/06/25T00:07:15z: 84:f3:eb:7d:7:a8
 0h00:04.541 2022/06/25T00:07:15z: SSID: MU Open
 0h00:04.546 2022/06/25T00:07:15z: AP_STAR tmr
 ets Jan  8 2013,rst cause:4, boot mode:(3,7)

wdt reset
load 0x4010f000, len 1384, room 16 
tail 8
chksum 0x2d
csum 0x2d
v8b899c12
~ld


6.01
 0h00:04.452 2022/06/25T00:27:18z: DS3231
 0h00:04.467 2022/06/25T00:27:18z: BME280 (0x76)
 0h00:04.481 2022/06/25T00:27:18z: 84:f3:eb:7d:7:a8
 0h00:04.483 2022/06/25T00:27:18z: SSID: MU Open
 0h00:04.488 2022/06/25T00:27:18z: AP_STAR tmr
 ets Jan  8 2013,rst cause:4, boot mode:(3,7)

wdt reset
load 0x4010f000, len 1384, room 16 
tail 8
chksum 0x2d
csum 0x2d
v8b899c12
~ld


6.01
 0h00:04.578 2022/06/25T00:47:20z: DS3231
 0h00:04.593 2022/06/25T00:47:20z: BME280 (0x76)
 0h00:04.608 2022/06/25T00:47:20z: 84:f3:eb:7d:7:a8
 0h00:04.609 2022/06/25T00:47:20z: SSID: MU Open
 0h00:04.614 2022/06/25T00:47:20z: AP_STAR tmr
 ets Jan  8 2013,rst cause:4, boot mode:(3,7)

wdt reset
load 0x4010f000, len 1384, room 16 
tail 8
chksum 0x2d
csum 0x2d
v8b899c12
~ld


6.01
 0h00:04.466 2022/06/25T01:07:22z: DS3231
 0h00:04.481 2022/06/25T01:07:22z: BME280 (0x76)
 0h00:04.495 2022/06/25T01:07:22z: 84:f3:eb:7d:7:a8
 0h00:04.497 2022/06/25T01:07:22z: SSID: MU Open
 0h00:04.502 2022/06/25T01:07:22z: AP_STAR tmr
 ets Jan  8 2013,rst cause:4, boot mode:(3,7)

wdt reset
load 0x4010f000, len 1384, room 16 
tail 8
chksum 0x2d
csum 0x2d
v8b899c12
~ld


6.01
 0h00:04.499 2022/06/25T01:27:24z: DS3231
 0h00:04.514 2022/06/25T01:27:24z: BME280 (0x76)
 0h00:04.528 2022/06/25T01:27:24z: 84:f3:eb:7d:7:a8
 0h00:04.530 2022/06/25T01:27:24z: SSID: MU Open
 0h00:04.535 2022/06/25T01:27:24z: AP_STAR tmr
 ets Jan  8 2013,rst cause:4, boot mode:(3,7)

wdt reset
load 0x4010f000, len 1384, room 16 
tail 8
chksum 0x2d
csum 0x2d
v8b899c12
~ld


6.01
 0h00:04.491 2022/06/25T01:47:26z: DS3231
 0h00:04.506 2022/06/25T01:47:26z: BME280 (0x76)
 0h00:04.521 2022/06/25T01:47:26z: 84:f3:eb:7d:7:a8
 0h00:04.522 2022/06/25T01:47:26z: SSID: MU Open
 0h00:04.527 2022/06/25T01:47:26z: AP_STAR tmr
 ets Jan  8 2013,rst cause:4, boot mode:(3,7)

wdt reset
load 0x4010f000, len 1384, room 16 
tail 8
chksum 0x2d
csum 0x2d
v8b899c12
~ld


6.01
 0h00:04.532 2022/06/25T02:07:28z: DS3231
 0h00:04.547 2022/06/25T02:07:28z: BME280 (0x76)
 0h00:04.561 2022/06/25T02:07:28z: 84:f3:eb:7d:7:a8
 0h00:04.563 2022/06/25T02:07:28z: SSID: MU Open
 0h00:04.568 2022/06/25T02:07:28z: AP_STAR tmr
 ets Jan  8 2013,rst cause:4, boot mode:(3,7)

wdt reset
load 0x4010f000, len 1384, room 16 
tail 8
chksum 0x2d
csum 0x2d
v8b899c12
~ld


6.01
 0h00:04.454 2022/06/25T02:27:30z: DS3231
 0h00:04.469 2022/06/25T02:27:30z: BME280 (0x76)
 0h00:04.483 2022/06/25T02:27:30z: 84:f3:eb:7d:7:a8
 0h00:04.485 2022/06/25T02:27:30z: SSID: MU Open
 0h00:04.490 2022/06/25T02:27:30z: AP_STAR tmr
 ets Jan  8 2013,rst cause:4, boot mode:(3,7)

wdt reset
load 0x4010f000, len 1384, room 16 
tail 8
chksum 0x2d
csum 0x2d
v8b899c12
~ld


6.01
 0h00:04.520 2022/06/25T02:47:32z: DS3231
 0h00:04.535 2022/06/25T02:47:32z: BME280 (0x76)
 0h00:04.549 2022/06/25T02:47:32z: 84:f3:eb:7d:7:a8
 0h00:04.551 2022/06/25T02:47:32z: SSID: MU Open
 0h00:04.556 2022/06/25T02:47:32z: AP_STAR tmr
 ets Jan  8 2013,rst cause:4, boot mode:(3,7)

wdt reset
load 0x4010f000, len 1384, room 16 
tail 8
chksum 0x2d
csum 0x2d
v8b899c12
~ld


6.01
 0h00:04.652 2022/06/25T03:07:35z: DS3231
 0h00:04.668 2022/06/25T03:07:35z: BME280 (0x76)
 0h00:04.682 2022/06/25T03:07:35z: 84:f3:eb:7d:7:a8
 0h00:04.684 2022/06/25T03:07:35z: SSID: MU Open
 0h00:04.689 2022/06/25T03:07:35z: AP_STAR tmr
 ets Jan  8 2013,rst cause:4, boot mode:(3,7)

wdt reset
load 0x4010f000, len 1384, room 16 
tail 8
chksum 0x2d
csum 0x2d
v8b899c12
~ld


6.01
 0h00:04.564 2022/06/25T03:27:37z: DS3231
 0h00:04.580 2022/06/25T03:27:37z: BME280 (0x76)
 0h00:04.594 2022/06/25T03:27:37z: 84:f3:eb:7d:7:a8
 0h00:04.596 2022/06/25T03:27:37z: SSID: MU Open
 0h00:04.601 2022/06/25T03:27:37z: AP_STAR tmr
 ets Jan  8 2013,rst cause:4, boot mode:(3,7)

wdt reset
load 0x4010f000, len 1384, room 16 
tail 8
chksum 0x2d
csum 0x2d
v8b899c12
~ld


6.01
 0h00:04.566 2022/06/25T03:47:39z: DS3231
 0h00:04.582 2022/06/25T03:47:39z: BME280 (0x76)
 0h00:04.596 2022/06/25T03:47:39z: 84:f3:eb:7d:7:a8
 0h00:04.598 2022/06/25T03:47:39z: SSID: MU Open
 0h00:04.603 2022/06/25T03:47:39z: AP_STAR tmr
 ets Jan  8 2013,rst cause:4, boot mode:(3,7)

wdt reset
load 0x4010f000, len 1384, room 16 
tail 8
chksum 0x2d
csum 0x2d
v8b899c12
~ld


6.01
 0h00:04.649 2022/06/25T04:07:41z: DS3231
 0h00:04.664 2022/06/25T04:07:41z: BME280 (0x76)
 0h00:04.678 2022/06/25T04:07:41z: 84:f3:eb:7d:7:a8
 0h00:04.680 2022/06/25T04:07:41z: SSID: MU Open
 0h00:04.685 2022/06/25T04:07:41z: AP_STAR tmr
 ets Jan  8 2013,rst cause:4, boot mode:(3,7)

wdt reset
load 0x4010f000, len 1384, room 16 
tail 8
chksum 0x2d
csum 0x2d
v8b899c12
~ld


6.01
 0h00:04.553 2022/06/25T04:27:44z: DS3231
 0h00:04.568 2022/06/25T04:27:44z: BME280 (0x76)
 0h00:04.583 2022/06/25T04:27:44z: 84:f3:eb:7d:7:a8
 0h00:04.584 2022/06/25T04:27:44z: SSID: MU Open
 0h00:04.589 2022/06/25T04:27:44z: AP_STAR tmr
 ets Jan  8 2013,rst cause:4, boot mode:(3,7)

wdt reset
load 0x4010f000, len 1384, room 16 
tail 8
chksum 0x2d
csum 0x2d
v8b899c12
~ld


6.01
 0h00:04.613 2022/06/25T04:47:46z: DS3231
 0h00:04.628 2022/06/25T04:47:46z: BME280 (0x76)
 0h00:04.642 2022/06/25T04:47:46z: 84:f3:eb:7d:7:a8
 0h00:04.644 2022/06/25T04:47:46z: SSID: MU Open
 0h00:04.649 2022/06/25T04:47:46z: AP_STAR tmr
 ets Jan  8 2013,rst cause:4, boot mode:(3,7)

wdt reset
load 0x4010f000, len 1384, room 16 
tail 8
chksum 0x2d
csum 0x2d
v8b899c12
~ld


6.01
 0h00:04.640 2022/06/25T05:07:49z: DS3231
 0h00:04.656 2022/06/25T05:07:49z: BME280 (0x76)
 0h00:04.670 2022/06/25T05:07:49z: 84:f3:eb:7d:7:a8
 0h00:04.672 2022/06/25T05:07:49z: SSID: MU Open
 0h00:04.677 2022/06/25T05:07:49z: AP_STAR tmr
 ets Jan  8 2013,rst cause:4, boot mode:(3,7)

wdt reset
load 0x4010f000, len 1384, room 16 
tail 8
chksum 0x2d
csum 0x2d
v8b899c12
~ld


6.01
 0h00:04.341 2022/06/25T05:27:51z: DS3231
 0h00:04.356 2022/06/25T05:27:51z: BME280 (0x76)
 0h00:04.370 2022/06/25T05:27:51z: 84:f3:eb:7d:7:a8
 0h00:04.372 2022/06/25T05:27:51z: SSID: MU Open
 0h00:04.377 2022/06/25T05:27:51z: AP_STAR tmr
 ets Jan  8 2013,rst cause:4, boot mode:(3,7)

wdt reset
load 0x4010f000, len 1384, room 16 
tail 8
chksum 0x2d
csum 0x2d
v8b899c12
~ld


6.01
 0h00:04.341 2022/06/25T05:47:53z: DS3231
 0h00:04.356 2022/06/25T05:47:53z: BME280 (0x76)
 0h00:04.370 2022/06/25T05:47:53z: 84:f3:eb:7d:7:a8
 0h00:04.372 2022/06/25T05:47:53z: SSID: MU Open
 0h00:04.377 2022/06/25T05:47:53z: AP_STAR tmr
 ets Jan  8 2013,rst cause:4, boot mode:(3,7)

wdt reset
load 0x4010f000, len 1384, room 16 
tail 8
chksum 0x2d
csum 0x2d
v8b899c12
~ld


6.01
 0h00:04.368 2022/06/25T06:07:54z: DS3231
 0h00:04.384 2022/06/25T06:07:54z: BME280 (0x76)
 0h00:04.398 2022/06/25T06:07:54z: 84:f3:eb:7d:7:a8
 0h00:04.400 2022/06/25T06:07:54z: SSID: MU Open
 0h00:04.405 2022/06/25T06:07:54z: AP_STAR tmr
 ets Jan  8 2013,rst cause:4, boot mode:(3,7)

wdt reset
load 0x4010f000, len 1384, room 16 
tail 8
chksum 0x2d
csum 0x2d
v8b899c12
~ld


6.01
 0h00:04.705 2022/06/25T06:27:56z: DS3231
 0h00:04.720 2022/06/25T06:27:56z: BME280 (0x76)
 0h00:04.734 2022/06/25T06:27:56z: 84:f3:eb:7d:7:a8
 0h00:04.736 2022/06/25T06:27:56z: SSID: MU Open
 0h00:04.741 2022/06/25T06:27:56z: AP_STAR tmr
 ets Jan  8 2013,rst cause:4, boot mode:(3,7)

wdt reset
load 0x4010f000, len 1384, room 16 
tail 8
chksum 0x2d
csum 0x2d
v8b899c12
~ld


6.01
 0h00:04.314 2022/06/25T06:47:59z: DS3231
 0h00:04.329 2022/06/25T06:47:59z: BME280 (0x76)
 0h00:04.344 2022/06/25T06:47:59z: 84:f3:eb:7d:7:a8
 0h00:04.345 2022/06/25T06:47:59z: SSID: MU Open
 0h00:04.350 2022/06/25T06:47:59z: AP_STAR tmr
 ets Jan  8 2013,rst cause:4, boot mode:(3,7)

wdt reset
load 0x4010f000, len 1384, room 16 
tail 8
chksum 0x2d
csum 0x2d
v8b899c12
~ld


6.01
 0h00:04.564 2022/06/25T07:08:02z: DS3231
 0h00:04.579 2022/06/25T07:08:02z: BME280 (0x76)
 0h00:04.593 2022/06/25T07:08:02z: 84:f3:eb:7d:7:a8
 0h00:04.595 2022/06/25T07:08:02z: SSID: MU Open
 0h00:04.600 2022/06/25T07:08:02z: AP_STAR tmr
 ets Jan  8 2013,rst cause:4, boot mode:(3,7)

wdt reset
load 0x4010f000, len 1384, room 16 
tail 8
chksum 0x2d
csum 0x2d
v8b899c12
~ld


6.01
 0h00:04.374 2022/06/25T07:28:04z: DS3231
 0h00:04.390 2022/06/25T07:28:04z: BME280 (0x76)
 0h00:04.404 2022/06/25T07:28:04z: 84:f3:eb:7d:7:a8
 0h00:04.405 2022/06/25T07:28:04z: SSID: MU Open
 0h00:04.411 2022/06/25T07:28:04z: AP_STAR tmr
 ets Jan  8 2013,rst cause:4, boot mode:(3,7)

wdt reset
load 0x4010f000, len 1384, room 16 
tail 8
chksum 0x2d
csum 0x2d
v8b899c12
~ld


6.01
 0h00:04.673 2022/06/25T07:48:07z: DS3231
 0h00:04.688 2022/06/25T07:48:07z: BME280 (0x76)
 0h00:04.703 2022/06/25T07:48:07z: 84:f3:eb:7d:7:a8
 0h00:04.704 2022/06/25T07:48:07z: SSID: MU Open
 0h00:04.709 2022/06/25T07:48:07z: AP_STAR tmr
 ets Jan  8 2013,rst cause:4, boot mode:(3,7)

wdt reset
load 0x4010f000, len 1384, room 16 
tail 8
chksum 0x2d
csum 0x2d
v8b899c12
~ld


6.01
 0h00:04.701 2022/06/25T08:08:10z: DS3231
 0h00:04.716 2022/06/25T08:08:10z: BME280 (0x76)
 0h00:04.730 2022/06/25T08:08:10z: 84:f3:eb:7d:7:a8
 0h00:04.732 2022/06/25T08:08:10z: SSID: MU Open
 0h00:04.737 2022/06/25T08:08:10z: AP_STAR tmr
 ets Jan  8 2013,rst cause:4, boot mode:(3,7)

wdt reset
load 0x4010f000, len 1384, room 16 
tail 8
chksum 0x2d
csum 0x2d
v8b899c12
~ld


6.01
 0h00:04.736 2022/06/25T08:28:12z: DS3231
 0h00:04.752 2022/06/25T08:28:12z: BME280 (0x76)
 0h00:04.766 2022/06/25T08:28:12z: 84:f3:eb:7d:7:a8
 0h00:04.767 2022/06/25T08:28:12z: SSID: MU Open
 0h00:04.773 2022/06/25T08:28:12z: AP_STAR tmr
 ets Jan  8 2013,rst cause:4, boot mode:(3,7)

wdt reset
load 0x4010f000, len 1384, room 16 
tail 8
chksum 0x2d
csum 0x2d
v8b899c12
~ld


6.01
 0h00:04.736 2022/06/25T08:48:15z: DS3231
 0h00:04.752 2022/06/25T08:48:15z: BME280 (0x76)
 0h00:04.766 2022/06/25T08:48:15z: 84:f3:eb:7d:7:a8
 0h00:04.767 2022/06/25T08:48:15z: SSID: MU Open
 0h00:04.773 2022/06/25T08:48:15z: AP_STAR tmr
 ets Jan  8 2013,rst cause:4, boot mode:(3,7)

wdt reset
load 0x4010f000, len 1384, room 16 
tail 8
chksum 0x2d
csum 0x2d
v8b899c12
~ld


6.01
 0h00:04.825 2022/06/25T09:08:17z: DS3231
 0h00:04.840 2022/06/25T09:08:17z: BME280 (0x76)
 0h00:04.854 2022/06/25T09:08:17z: 84:f3:eb:7d:7:a8
 0h00:04.856 2022/06/25T09:08:17z: SSID: MU Open
 0h00:04.861 2022/06/25T09:08:17z: AP_STAR tmr
 ets Jan  8 2013,rst cause:4, boot mode:(3,7)

wdt reset
load 0x4010f000, len 1384, room 16 
tail 8
chksum 0x2d
csum 0x2d
v8b899c12
~ld


6.01
 0h00:04.665 2022/06/25T09:28:20z: DS3231
 0h00:04.680 2022/06/25T09:28:20z: BME280 (0x76)
 0h00:04.694 2022/06/25T09:28:20z: 84:f3:eb:7d:7:a8
 0h00:04.696 2022/06/25T09:28:20z: SSID: MU Open
 0h00:04.701 2022/06/25T09:28:20z: AP_STAR tmr
 ets Jan  8 2013,rst cause:4, boot mode:(3,7)

wdt reset
load 0x4010f000, len 1384, room 16 
tail 8
chksum 0x2d
csum 0x2d
v8b899c12
~ld


6.01
 0h00:04.716 2022/06/25T09:48:23z: DS3231
 0h00:04.732 2022/06/25T09:48:23z: BME280 (0x76)
 0h00:04.746 2022/06/25T09:48:23z: 84:f3:eb:7d:7:a8
 0h00:04.748 2022/06/25T09:48:23z: SSID: MU Open
 0h00:04.753 2022/06/25T09:48:23z: AP_STAR tmr
 ets Jan  8 2013,rst cause:4, boot mode:(3,7)

wdt reset
load 0x4010f000, len 1384, room 16 
tail 8
chksum 0x2d
csum 0x2d
v8b899c12
~ld


6.01
 0h00:04.636 2022/06/25T10:08:25z: DS3231
 0h00:04.652 2022/06/25T10:08:25z: BME280 (0x76)
 0h00:04.666 2022/06/25T10:08:25z: 84:f3:eb:7d:7:a8
 0h00:04.667 2022/06/25T10:08:25z: SSID: MU Open
 0h00:04.673 2022/06/25T10:08:25z: AP_STAR tmr
 ets Jan  8 2013,rst cause:4, boot mode:(3,7)

wdt reset
load 0x4010f000, len 1384, room 16 
tail 8
chksum 0x2d
csum 0x2d
v8b899c12
~ld


6.01
 0h00:04.516 2022/06/25T10:28:27z: DS3231
 0h00:04.531 2022/06/25T10:28:27z: BME280 (0x76)
 0h00:04.545 2022/06/25T10:28:27z: 84:f3:eb:7d:7:a8
 0h00:04.547 2022/06/25T10:28:27z: SSID: MU Open
 0h00:04.552 2022/06/25T10:28:27z: AP_STAR tmr
 ets Jan  8 2013,rst cause:4, boot mode:(3,7)

wdt reset
load 0x4010f000, len 1384, room 16 
tail 8
chksum 0x2d
csum 0x2d
v8b899c12
~ld


6.01
 0h00:04.739 2022/06/25T10:48:31z: DS3231
 0h00:04.755 2022/06/25T10:48:31z: BME280 (0x76)
 0h00:04.769 2022/06/25T10:48:31z: 84:f3:eb:7d:7:a8
 0h00:04.771 2022/06/25T10:48:31z: SSID: MU Open
 0h00:04.776 2022/06/25T10:48:31z: AP_STAR tmr
 ets Jan  8 2013,rst cause:4, boot mode:(3,7)

wdt reset
load 0x4010f000, len 1384, room 16 
tail 8
chksum 0x2d
csum 0x2d
v8b899c12
~ld


6.01
 0h00:04.535 2022/06/25T11:08:33z: DS3231
 0h00:04.550 2022/06/25T11:08:33z: BME280 (0x76)
 0h00:04.564 2022/06/25T11:08:33z: 84:f3:eb:7d:7:a8
 0h00:04.566 2022/06/25T11:08:33z: SSID: MU Open
 0h00:04.571 2022/06/25T11:08:33z: AP_STAR tmr
 ets Jan  8 2013,rst cause:4, boot mode:(3,7)

wdt reset
load 0x4010f000, len 1384, room 16 
tail 8
chksum 0x2d
csum 0x2d
v8b899c12
~ld


6.01
 0h00:04.693 2022/06/25T11:28:36z: DS3231
 0h00:04.708 2022/06/25T11:28:36z: BME280 (0x76)
 0h00:04.723 2022/06/25T11:28:36z: 84:f3:eb:7d:7:a8
 0h00:04.724 2022/06/25T11:28:36z: SSID: MU Open
 0h00:04.729 2022/06/25T11:28:36z: AP_STAR tmr
 ets Jan  8 2013,rst cause:4, boot mode:(3,7)

wdt reset
load 0x4010f000, len 1384, room 16 
tail 8
chksum 0x2d
csum 0x2d
v8b899c12
~ld


6.01
 0h00:04.621 2022/06/25T11:48:39z: DS3231
 0h00:04.636 2022/06/25T11:48:39z: BME280 (0x76)
 0h00:04.651 2022/06/25T11:48:39z: 84:f3:eb:7d:7:a8
 0h00:04.652 2022/06/25T11:48:39z: SSID: MU Open
 0h00:04.657 2022/06/25T11:48:39z: AP_STAR tmr
 ets Jan  8 2013,rst cause:4, boot mode:(3,7)

wdt reset
load 0x4010f000, len 1384, room 16 
tail 8
chksum 0x2d
csum 0x2d
v8b899c12
~ld


6.01
 0h00:04.709 2022/06/25T12:08:41z: DS3231
 0h00:04.724 2022/06/25T12:08:41z: BME280 (0x76)
 0h00:04.738 2022/06/25T12:08:41z: 84:f3:eb:7d:7:a8
 0h00:04.740 2022/06/25T12:08:41z: SSID: MU Open
 0h00:04.745 2022/06/25T12:08:41z: AP_STAR tmr
 ets Jan  8 2013,rst cause:4, boot mode:(3,7)

wdt reset
load 0x4010f000, len 1384, room 16 
tail 8
chksum 0x2d
csum 0x2d
v8b899c12
~ld


6.01
 0h00:04.654 2022/06/25T12:28:44z: DS3231
 0h00:04.669 2022/06/25T12:28:44z: BME280 (0x76)
 0h00:04.683 2022/06/25T12:28:44z: 84:f3:eb:7d:7:a8
 0h00:04.685 2022/06/25T12:28:44z: SSID: MU Open
 0h00:04.690 2022/06/25T12:28:44z: AP_STAR tmr
 ets Jan  8 2013,rst cause:4, boot mode:(3,7)

wdt reset
load 0x4010f000, len 1384, room 16 
tail 8
chksum 0x2d
csum 0x2d
v8b899c12
~ld


6.01
 0h00:04.554 2022/06/25T12:48:46z: DS3231
 0h00:04.569 2022/06/25T12:48:46z: BME280 (0x76)
 0h00:04.584 2022/06/25T12:48:46z: 84:f3:eb:7d:7:a8
 0h00:04.585 2022/06/25T12:48:46z: SSID: MU Open
 0h00:04.590 2022/06/25T12:48:46z: AP_STAR tmr
 ets Jan  8 2013,rst cause:4, boot mode:(3,7)

wdt reset
load 0x4010f000, len 1384, room 16 
tail 8
chksum 0x2d
csum 0x2d
v8b899c12
~ld


6.01
 0h00:04.643 2022/06/25T13:08:48z: DS3231
 0h00:04.658 2022/06/25T13:08:48z: BME280 (0x76)
 0h00:04.672 2022/06/25T13:08:48z: 84:f3:eb:7d:7:a8
 0h00:04.674 2022/06/25T13:08:48z: SSID: MU Open
 0h00:04.679 2022/06/25T13:08:48z: AP_STAR tmr
 ets Jan  8 2013,rst cause:4, boot mode:(3,7)

wdt reset
load 0x4010f000, len 1384, room 16 
tail 8
chksum 0x2d
csum 0x2d
v8b899c12
~ld


6.01
 0h00:04.673 2022/06/25T13:28:50z: DS3231
 0h00:04.688 2022/06/25T13:28:51z: BME280 (0x76)
 0h00:04.702 2022/06/25T13:28:51z: 84:f3:eb:7d:7:a8
 0h00:04.704 2022/06/25T13:28:51z: SSID: MU Open
 0h00:04.709 2022/06/25T13:28:51z: AP_STAR tmr
 ets Jan  8 2013,rst cause:4, boot mode:(3,7)

wdt reset
load 0x4010f000, len 1384, room 16 
tail 8
chksum 0x2d
csum 0x2d
v8b899c12
~ld


6.01
 0h00:04.390 2022/06/25T13:48:53z: DS3231
 0h00:04.405 2022/06/25T13:48:53z: BME280 (0x76)
 0h00:04.419 2022/06/25T13:48:53z: 84:f3:eb:7d:7:a8
 0h00:04.421 2022/06/25T13:48:53z: SSID: MU Open
 0h00:04.426 2022/06/25T13:48:53z: AP_STAR tmr
 ets Jan  8 2013,rst cause:4, boot mode:(3,7)

wdt reset
load 0x4010f000, len 1384, room 16 
tail 8
chksum 0x2d
csum 0x2d
v8b899c12
~ld


6.01
 0h00:04.600 2022/06/25T14:08:55z: DS3231
 0h00:04.615 2022/06/25T14:08:55z: BME280 (0x76)
 0h00:04.629 2022/06/25T14:08:55z: 84:f3:eb:7d:7:a8
 0h00:04.631 2022/06/25T14:08:55z: SSID: MU Open
 0h00:04.636 2022/06/25T14:08:55z: AP_STAR tmr
 ets Jan  8 2013,rst cause:4, boot mode:(3,7)

wdt reset
load 0x4010f000, len 1384, room 16 
tail 8
chksum 0x2d
csum 0x2d
v8b899c12
~ld


6.01
 0h00:04.674 2022/06/25T14:28:59z: DS3231
 0h00:04.689 2022/06/25T14:28:59z: BME280 (0x76)
 0h00:04.703 2022/06/25T14:28:59z: 84:f3:eb:7d:7:a8
 0h00:04.705 2022/06/25T14:28:59z: SSID: MU Open
 0h00:04.710 2022/06/25T14:28:59z: AP_STAR tmr
 ets Jan  8 2013,rst cause:4, boot mode:(3,7)

wdt reset
load 0x4010f000, len 1384, room 16 
tail 8
chksum 0x2d
csum 0x2d
v8b899c12
~ld


6.01
 0h00:04.636 2022/06/25T14:49:01z: DS3231
 0h00:04.652 2022/06/25T14:49:01z: BME280 (0x76)
 0h00:04.666 2022/06/25T14:49:01z: 84:f3:eb:7d:7:a8
 0h00:04.668 2022/06/25T14:49:01z: SSID: MU Open
 0h00:04.673 2022/06/25T14:49:01z: AP_STAR tmr
 ets Jan  8 2013,rst cause:4, boot mode:(3,7)

wdt reset
load 0x4010f000, len 1384, room 16 
tail 8
chksum 0x2d
csum 0x2d
v8b899c12
~ld


6.01
 0h00:04.445 2022/06/25T15:09:04z: DS3231
 0h00:04.460 2022/06/25T15:09:04z: BME280 (0x76)
 0h00:04.474 2022/06/25T15:09:04z: 84:f3:eb:7d:7:a8
 0h00:04.476 2022/06/25T15:09:04z: SSID: MU Open
 0h00:04.481 2022/06/25T15:09:04z: AP_STAR tmr
 ets Jan  8 2013,rst cause:4, boot mode:(3,7)

wdt reset
load 0x4010f000, len 1384, room 16 
tail 8
chksum 0x2d
csum 0x2d
v8b899c12
~ld


6.01
 0h00:04.708 2022/06/25T15:29:06z: DS3231
 0h00:04.723 2022/06/25T15:29:06z: BME280 (0x76)
 0h00:04.737 2022/06/25T15:29:06z: 84:f3:eb:7d:7:a8
 0h00:04.739 2022/06/25T15:29:06z: SSID: MU Open
 0h00:04.744 2022/06/25T15:29:06z: AP_STAR tmr
 ets Jan  8 2013,rst cause:4, boot mode:(3,7)

wdt reset
load 0x4010f000, len 1384, room 16 
tail 8
chksum 0x2d
csum 0x2d
v8b899c12
~ld


6.01
 0h00:04.677 2022/06/25T15:49:09z: DS3231
 0h00:04.692 2022/06/25T15:49:09z: BME280 (0x76)
 0h00:04.707 2022/06/25T15:49:09z: 84:f3:eb:7d:7:a8
 0h00:04.708 2022/06/25T15:49:09z: SSID: MU Open
 0h00:04.713 2022/06/25T15:49:09z: AP_STAR tmr
 ets Jan  8 2013,rst cause:4, boot mode:(3,7)

wdt reset
load 0x4010f000, len 1384, room 16 
tail 8
chksum 0x2d
csum 0x2d
v8b899c12
~ld


6.01
 0h00:04.695 2022/06/25T16:09:11z: DS3231
 0h00:04.711 2022/06/25T16:09:11z: BME280 (0x76)
 0h00:04.725 2022/06/25T16:09:11z: 84:f3:eb:7d:7:a8
 0h00:04.726 2022/06/25T16:09:11z: SSID: MU Open
 0h00:04.732 2022/06/25T16:09:11z: AP_STAR tmr
 ets Jan  8 2013,rst cause:4, boot mode:(3,7)

wdt reset
load 0x4010f000, len 1384, room 16 
tail 8
chksum 0x2d
csum 0x2d
v8b899c12
~ld


6.01
 0h00:04.585 2022/06/25T16:29:13z: DS3231
 0h00:04.600 2022/06/25T16:29:13z: BME280 (0x76)
 0h00:04.614 2022/06/25T16:29:13z: 84:f3:eb:7d:7:a8
 0h00:04.616 2022/06/25T16:29:13z: SSID: MU Open
 0h00:04.621 2022/06/25T16:29:13z: AP_STAR tmr
 ets Jan  8 2013,rst cause:4, boot mode:(3,7)

wdt reset
load 0x4010f000, len 1384, room 16 
tail 8
chksum 0x2d
csum 0x2d
v8b899c12
~ld


6.01
 0h00:04.485 2022/06/25T16:49:16z: DS3231
 0h00:04.501 2022/06/25T16:49:16z: BME280 (0x76)
 0h00:04.515 2022/06/25T16:49:16z: 84:f3:eb:7d:7:a8
 0h00:04.517 2022/06/25T16:49:16z: SSID: MU Open
 0h00:04.522 2022/06/25T16:49:16z: AP_STAR tmr
 ets Jan  8 2013,rst cause:4, boot mode:(3,7)

wdt reset
load 0x4010f000, len 1384, room 16 
tail 8
chksum 0x2d
csum 0x2d
v8b899c12
~ld


6.01
 0h00:04.419 2022/06/25T17:09:18z: DS3231
 0h00:04.434 2022/06/25T17:09:18z: BME280 (0x76)
 0h00:04.448 2022/06/25T17:09:18z: 84:f3:eb:7d:7:a8
 0h00:04.450 2022/06/25T17:09:18z: SSID: MU Open
 0h00:04.455 2022/06/25T17:09:18z: AP_STAR tmr
 ets Jan  8 2013,rst cause:4, boot mode:(3,7)

wdt reset
load 0x4010f000, len 1384, room 16 
tail 8
chksum 0x2d
csum 0x2d
v8b899c12
~ld


6.01
 0h00:04.181 2022/06/25T17:29:20z: DS3231
 0h00:04.196 2022/06/25T17:29:20z: BME280 (0x76)
 0h00:04.210 2022/06/25T17:29:20z: 84:f3:eb:7d:7:a8
 0h00:04.212 2022/06/25T17:29:20z: SSID: MU Open
 0h00:04.217 2022/06/25T17:29:20z: AP_STAR tmr
 ets Jan  8 2013,rst cause:4, boot mode:(3,7)

wdt reset
load 0x4010f000, len 1384, room 16 
tail 8
chksum 0x2d
csum 0x2d
v8b899c12
~ld


6.01
 0h00:04.534 2022/06/25T17:49:22z: DS3231
 0h00:04.549 2022/06/25T17:49:22z: BME280 (0x76)
 0h00:04.563 2022/06/25T17:49:22z: 84:f3:eb:7d:7:a8
 0h00:04.565 2022/06/25T17:49:22z: SSID: MU Open
 0h00:04.570 2022/06/25T17:49:22z: AP_STAR tmr
 ets Jan  8 2013,rst cause:4, boot mode:(3,7)

wdt reset
load 0x4010f000, len 1384, room 16 
tail 8
chksum 0x2d
csum 0x2d
v8b899c12
~ld


6.01
 0h00:04.449 2022/06/25T18:09:25z: DS3231
 0h00:04.465 2022/06/25T18:09:25z: BME280 (0x76)
 0h00:04.479 2022/06/25T18:09:25z: 84:f3:eb:7d:7:a8
 0h00:04.480 2022/06/25T18:09:25z: SSID: MU Open
 0h00:04.486 2022/06/25T18:09:25z: AP_STAR tmr
 ets Jan  8 2013,rst cause:4, boot mode:(3,7)

wdt reset
load 0x4010f000, len 1384, room 16 
tail 8
chksum 0x2d
csum 0x2d
v8b899c12
~ld


6.01
 0h00:04.467 2022/06/25T18:29:27z: DS3231
 0h00:04.482 2022/06/25T18:29:27z: BME280 (0x76)
 0h00:04.497 2022/06/25T18:29:27z: 84:f3:eb:7d:7:a8
 0h00:04.498 2022/06/25T18:29:27z: SSID: MU Open
 0h00:04.503 2022/06/25T18:29:27z: AP_STAR tmr
 ets Jan  8 2013,rst cause:4, boot mode:(3,7)

wdt reset
load 0x4010f000, len 1384, room 16 
tail 8
chksum 0x2d
csum 0x2d
v8b899c12
~ld


6.01
 0h00:04.214 2022/06/25T18:49:28z: DS3231
 0h00:04.229 2022/06/25T18:49:28z: BME280 (0x76)
 0h00:04.244 2022/06/25T18:49:28z: 84:f3:eb:7d:7:a8
 0h00:04.245 2022/06/25T18:49:28z: SSID: MU Open
 0h00:04.250 2022/06/25T18:49:28z: AP_STAR tmr
 ets Jan  8 2013,rst cause:4, boot mode:(3,7)

wdt reset
load 0x4010f000, len 1384, room 16 
tail 8
chksum 0x2d
csum 0x2d
v8b899c12
~ld


6.01
 0h00:04.434 2022/06/25T19:09:30z: DS3231
 0h00:04.449 2022/06/25T19:09:30z: BME280 (0x76)
 0h00:04.463 2022/06/25T19:09:30z: 84:f3:eb:7d:7:a8
 0h00:04.465 2022/06/25T19:09:30z: SSID: MU Open
 0h00:04.470 2022/06/25T19:09:30z: AP_STAR tmr
 ets Jan  8 2013,rst cause:4, boot mode:(3,7)

wdt reset
load 0x4010f000, len 1384, room 16 
tail 8
chksum 0x2d
csum 0x2d
v8b899c12
~ld


6.01
 0h00:04.182 2022/06/25T19:29:32z: DS3231
 0h00:04.197 2022/06/25T19:29:32z: BME280 (0x76)
 0h00:04.212 2022/06/25T19:29:32z: 84:f3:eb:7d:7:a8
 0h00:04.213 2022/06/25T19:29:32z: SSID: MU Open
 0h00:04.218 2022/06/25T19:29:32z: AP_STAR tmr
 ets Jan  8 2013,rst cause:4, boot mode:(3,7)

wdt reset
load 0x4010f000, len 1384, room 16 
tail 8
chksum 0x2d
csum 0x2d
v8b899c12
~ld


6.01
 0h00:04.478 2022/06/25T19:49:34z: DS3231
 0h00:04.493 2022/06/25T19:49:34z: BME280 (0x76)
 0h00:04.507 2022/06/25T19:49:34z: 84:f3:eb:7d:7:a8
 0h00:04.509 2022/06/25T19:49:34z: SSID: MU Open
 0h00:04.514 2022/06/25T19:49:34z: AP_STAR tmr
 ets Jan  8 2013,rst cause:4, boot mode:(3,7)

wdt reset
load 0x4010f000, len 1384, room 16 
tail 8
chksum 0x2d
csum 0x2d
v8b899c12
~ld


6.01
 0h00:04.522 2022/06/25T20:09:36z: DS3231
 0h00:04.537 2022/06/25T20:09:36z: BME280 (0x76)
 0h00:04.552 2022/06/25T20:09:36z: 84:f3:eb:7d:7:a8
 0h00:04.553 2022/06/25T20:09:36z: SSID: MU Open
 0h00:04.558 2022/06/25T20:09:36z: AP_STAR tmr
 ets Jan  8 2013,rst cause:4, boot mode:(3,7)

wdt reset
load 0x4010f000, len 1384, room 16 
tail 8
chksum 0x2d
csum 0x2d
v8b899c12
~ld


6.01
 0h00:04.217 2022/06/25T20:29:38z: DS3231
 0h00:04.232 2022/06/25T20:29:38z: BME280 (0x76)
 0h00:04.246 2022/06/25T20:29:38z: 84:f3:eb:7d:7:a8
 0h00:04.248 2022/06/25T20:29:38z: SSID: MU Open
 0h00:04.253 2022/06/25T20:29:38z: AP_STAR tmr
 ets Jan  8 2013,rst cause:4, boot mode:(3,7)

wdt reset
load 0x4010f000, len 1384, room 16 
tail 8
chksum 0x2d
csum 0x2d
v8b899c12
~ld


6.01
 0h00:04.483 2022/06/25T20:49:40z: DS3231
 0h00:04.498 2022/06/25T20:49:40z: BME280 (0x76)
 0h00:04.512 2022/06/25T20:49:40z: 84:f3:eb:7d:7:a8
 0h00:04.514 2022/06/25T20:49:40z: SSID: MU Open
 0h00:04.519 2022/06/25T20:49:40z: AP_STAR tmr
 ets Jan  8 2013,rst cause:4, boot mode:(3,7)

wdt reset
load 0x4010f000, len 1384, room 16 
tail 8
chksum 0x2d
csum 0x2d
v8b899c12
~ld


6.01
 0h00:04.501 2022/06/25T21:09:42z: DS3231
 0h00:04.516 2022/06/25T21:09:42z: BME280 (0x76)
 0h00:04.530 2022/06/25T21:09:42z: 84:f3:eb:7d:7:a8
 0h00:04.532 2022/06/25T21:09:42z: SSID: MU Open
 0h00:04.537 2022/06/25T21:09:42z: AP_STAR tmr
 ets Jan  8 2013,rst cause:4, boot mode:(3,7)

wdt reset
load 0x4010f000, len 1384, room 16 
tail 8
chksum 0x2d
csum 0x2d
v8b899c12
~ld


6.01
 0h00:04.548 2022/06/25T21:29:44z: DS3231
 0h00:04.563 2022/06/25T21:29:44z: BME280 (0x76)
 0h00:04.577 2022/06/25T21:29:44z: 84:f3:eb:7d:7:a8
 0h00:04.579 2022/06/25T21:29:44z: SSID: MU Open
 0h00:04.584 2022/06/25T21:29:44z: AP_STAR tmr
 ets Jan  8 2013,rst cause:4, boot mode:(3,7)

wdt reset
load 0x4010f000, len 1384, room 16 
tail 8
chksum 0x2d
csum 0x2d
v8b899c12
~ld


6.01
 0h00:04.460 2022/06/25T21:49:47z: DS3231
 0h00:04.475 2022/06/25T21:49:47z: BME280 (0x76)
 0h00:04.490 2022/06/25T21:49:47z: 84:f3:eb:7d:7:a8
 0h00:04.491 2022/06/25T21:49:47z: SSID: MU Open
 0h00:04.496 2022/06/25T21:49:47z: AP_STAR tmr
 ets Jan  8 2013,rst cause:4, boot mode:(3,7)

wdt reset
load 0x4010f000, len 1384, room 16 
tail 8
chksum 0x2d
csum 0x2d
v8b899c12
~ld


6.01
 0h00:04.536 2022/06/25T22:09:49z: DS3231
 0h00:04.551 2022/06/25T22:09:49z: BME280 (0x76)
 0h00:04.565 2022/06/25T22:09:49z: 84:f3:eb:7d:7:a8
 0h00:04.567 2022/06/25T22:09:49z: SSID: MU Open
 0h00:04.572 2022/06/25T22:09:49z: AP_STAR tmr
 ets Jan  8 2013,rst cause:4, boot mode:(3,7)

wdt reset
load 0x4010f000, len 1384, room 16 
tail 8
chksum 0x2d
csum 0x2d
v8b899c12
~ld


6.01
 0h00:04.473 2022/06/25T22:29:51z: DS3231
 0h00:04.488 2022/06/25T22:29:51z: BME280 (0x76)
 0h00:04.503 2022/06/25T22:29:51z: 84:f3:eb:7d:7:a8
 0h00:04.504 2022/06/25T22:29:51z: SSID: MU Open
 0h00:04.510 2022/06/25T22:29:51z: AP_STAR tmr
 ets Jan  8 2013,rst cause:4, boot mode:(3,7)

wdt reset
load 0x4010f000, len 1384, room 16 
tail 8
chksum 0x2d
csum 0x2d
v8b899c12
~ld


6.01
 0h00:04.481 2022/06/25T22:49:53z: DS3231
 0h00:04.496 2022/06/25T22:49:53z: BME280 (0x76)
 0h00:04.510 2022/06/25T22:49:53z: 84:f3:eb:7d:7:a8
 0h00:04.512 2022/06/25T22:49:53z: SSID: MU Open
 0h00:04.517 2022/06/25T22:49:53z: AP_STAR tmr
 ets Jan  8 2013,rst cause:4, boot mode:(3,7)

wdt reset
load 0x4010f000, len 1384, room 16 
tail 8
chksum 0x2d
csum 0x2d
v8b899c12
~ld


6.01
 0h00:04.567 2022/06/25T23:09:55z: DS3231
 0h00:04.582 2022/06/25T23:09:55z: BME280 (0x76)
 0h00:04.596 2022/06/25T23:09:55z: 84:f3:eb:7d:7:a8
 0h00:04.598 2022/06/25T23:09:55z: SSID: MU Open
 0h00:04.603 2022/06/25T23:09:55z: AP_STAR tmr
 ets Jan  8 2013,rst cause:4, boot mode:(3,7)

wdt reset
load 0x4010f000, len 1384, room 16 
tail 8
chksum 0x2d
csum 0x2d
v8b899c12
~ld


6.01
 0h00:04.549 2022/06/25T23:29:57z: DS3231
 0h00:04.564 2022/06/25T23:29:57z: BME280 (0x76)
 0h00:04.578 2022/06/25T23:29:57z: 84:f3:eb:7d:7:a8
 0h00:04.580 2022/06/25T23:29:57z: SSID: MU Open
 0h00:04.585 2022/06/25T23:29:57z: AP_STAR tmr
 ets Jan  8 2013,rst cause:4, boot mode:(3,7)

wdt reset
load 0x4010f000, len 1384, room 16 
tail 8
chksum 0x2d
csum 0x2d
v8b899c12
~ld


6.01
 0h00:04.387 2022/06/25T23:49:59z: DS3231
 0h00:04.403 2022/06/25T23:49:59z: BME280 (0x76)
 0h00:04.417 2022/06/25T23:49:59z: 84:f3:eb:7d:7:a8
 0h00:04.418 2022/06/25T23:49:59z: SSID: MU Open
 0h00:04.424 2022/06/25T23:49:59z: AP_STA