R tmr
 ets Jan  8 2013,rst cause:4, boot mode:(3,7)

wdt reset
load 0x4010f000, len 1384, room 16 
tail 8
chksum 0x2d
csum 0x2d
v8b899c12
~ld


6.01
 0h00:04.763 2022/08/24T00:06:33z: DS3231
 0h00:04.779 2022/08/24T00:06:33z: BME280 (0x76)
 0h00:04.793 2022/08/24T00:06:33z: 84:f3:eb:7d:7:a8
 0h00:04.795 2022/08/24T00:06:33z: SSID: MU Open
 0h00:04.800 2022/08/24T00:06:33z: AP_STAR tmr
 ets Jan  8 2013,rst cause:4, boot mode:(3,7)

wdt reset
load 0x4010f000, len 1384, room 16 
tail 8
chksum 0x2d
csum 0x2d
v8b899c12
~ld


6.01
 0h00:04.637 2022/08/24T00:26:37z: DS3231
 0h00:04.652 2022/08/24T00:26:37z: BME280 (0x76)
 0h00:04.667 2022/08/24T00:26:37z: 84:f3:eb:7d:7:a8
 0h00:04.668 2022/08/24T00:26:37z: SSID: MU Open
 0h00:04.673 2022/08/24T00:26:37z: AP_STAR tmr
 ets Jan  8 2013,rst cause:4, boot mode:(3,7)

wdt reset
load 0x4010f000, len 1384, room 16 
tail 8
chksum 0x2d
csum 0x2d
v8b899c12
~ld


6.01
 0h00:04.735 2022/08/24T00:46:41z: DS3231
 0h00:04.751 2022/08/24T00:46:41z: BME280 (0x76)
 0h00:04.765 2022/08/24T00:46:41z: 84:f3:eb:7d:7:a8
 0h00:04.767 2022/08/24T00:46:41z: SSID: MU Open
 0h00:04.772 2022/08/24T00:46:41z: AP_STAR tmr
 ets Jan  8 2013,rst cause:4, boot mode:(3,7)

wdt reset
load 0x4010f000, len 1384, room 16 
tail 8
chksum 0x2d
csum 0x2d
v8b899c12
~ld


6.01
 0h00:05.147 2022/08/24T01:06:45z: DS3231
 0h00:05.162 2022/08/24T01:06:45z: BME280 (0x76)
 0h00:05.176 2022/08/24T01:06:45z: 84:f3:eb:7d:7:a8
 0h00:05.178 2022/08/24T01:06:45z: SSID: MU Open
 0h00:05.183 2022/08/24T01:06:45z: AP_STAR tmr
 ets Jan  8 2013,rst cause:4, boot mode:(3,7)

wdt reset
load 0x4010f000, len 1384, room 16 
tail 8
chksum 0x2d
csum 0x2d
v8b899c12
~ld


6.01
 0h00:04.572 2022/08/24T01:26:48z: DS3231
 0h00:04.588 2022/08/24T01:26:48z: BME280 (0x76)
 0h00:04.602 2022/08/24T01:26:48z: 84:f3:eb:7d:7:a8
 0h00:04.604 2022/08/24T01:26:48z: SSID: MU Open
 0h00:04.609 2022/08/24T01:26:48z: AP_STAR tmr
 ets Jan  8 2013,rst cause:4, boot mode:(3,7)

wdt reset
load 0x4010f000, len 1384, room 16 
tail 8
chksum 0x2d
csum 0x2d
v8b899c12
~ld


6.01
 0h00:04.916 2022/08/24T01:46:52z: DS3231
 0h00:04.931 2022/08/24T01:46:52z: BME280 (0x76)
 0h00:04.945 2022/08/24T01:46:52z: 84:f3:eb:7d:7:a8
 0h00:04.947 2022/08/24T01:46:52z: SSID: MU Open
 0h00:04.952 2022/08/24T01:46:52z: AP_STAR tmr
 ets Jan  8 2013,rst cause:4, boot mode:(3,7)

wdt reset
load 0x4010f000, len 1384, room 16 
tail 8
chksum 0x2d
csum 0x2d
v8b899c12
~ld


6.01
 0h00:05.088 2022/08/24T02:06:56z: DS3231
 0h00:05.104 2022/08/24T02:06:56z: BME280 (0x76)
 0h00:05.118 2022/08/24T02:06:56z: 84:f3:eb:7d:7:a8
 0h00:05.119 2022/08/24T02:06:56z: SSID: MU Open
 0h00:05.125 2022/08/24T02:06:56z: AP_STAR tmr
 ets Jan  8 2013,rst cause:4, boot mode:(3,7)

wdt reset
load 0x4010f000, len 1384, room 16 
tail 8
chksum 0x2d
csum 0x2d
v8b899c12
~ld


6.01
 0h00:04.999 2022/08/24T02:27:00z: DS3231
 0h00:05.014 2022/08/24T02:27:00z: BME280 (0x76)
 0h00:05.028 2022/08/24T02:27:00z: 84:f3:eb:7d:7:a8
 0h00:05.030 2022/08/24T02:27:00z: SSID: MU Open
 0h00:05.035 2022/08/24T02:27:00z: AP_STAR tmr
 ets Jan  8 2013,rst cause:4, boot mode:(3,7)

wdt reset
load 0x4010f000, len 1384, room 16 
tail 8
chksum 0x2d
csum 0x2d
v8b899c12
~ld


6.01
 0h00:05.086 2022/08/24T02:47:04z: DS3231
 0h00:05.102 2022/08/24T02:47:04z: BME280 (0x76)
 0h00:05.116 2022/08/24T02:47:04z: 84:f3:eb:7d:7:a8
 0h00:05.118 2022/08/24T02:47:04z: SSID: MU Open
 0h00:05.123 2022/08/24T02:47:04z: AP_STAR tmr
 ets Jan  8 2013,rst cause:4, boot mode:(3,7)

wdt reset
load 0x4010f000, len 1384, room 16 
tail 8
chksum 0x2d
csum 0x2d
v8b899c12
~ld


6.01
 0h00:04.856 2022/08/24T03:07:08z: DS3231
 0h00:04.871 2022/08/24T03:07:08z: BME280 (0x76)
 0h00:04.886 2022/08/24T03:07:08z: 84:f3:eb:7d:7:a8
 0h00:04.887 2022/08/24T03:07:08z: SSID: MU Open
 0h00:04.892 2022/08/24T03:07:08z: AP_STAR tmr
 ets Jan  8 2013,rst cause:4, boot mode:(3,7)

wdt reset
load 0x4010f000, len 1384, room 16 
tail 8
chksum 0x2d
csum 0x2d
v8b899c12
~ld


6.01
 0h00:04.938 2022/08/24T03:27:12z: DS3231
 0h00:04.953 2022/08/24T03:27:12z: BME280 (0x76)
 0h00:04.967 2022/08/24T03:27:12z: 84:f3:eb:7d:7:a8
 0h00:04.969 2022/08/24T03:27:12z: SSID: MU Open
 0h00:04.974 2022/08/24T03:27:12z: AP_STAR tmr
 ets Jan  8 2013,rst cause:4, boot mode:(3,7)

wdt reset
load 0x4010f000, len 1384, room 16 
tail 8
chksum 0x2d
csum 0x2d
v8b899c12
~ld


6.01
 0h00:04.916 2022/08/24T03:47:15z: DS3231
 0h00:04.931 2022/08/24T03:47:15z: BME280 (0x76)
 0h00:04.946 2022/08/24T03:47:15z: 84:f3:eb:7d:7:a8
 0h00:04.947 2022/08/24T03:47:15z: SSID: MU Open
 0h00:04.952 2022/08/24T03:47:15z: AP_STAR tmr
 ets Jan  8 2013,rst cause:4, boot mode:(3,7)

wdt reset
load 0x4010f000, len 1384, room 16 
tail 8
chksum 0x2d
csum 0x2d
v8b899c12
~ld


6.01
 0h00:05.310 2022/08/24T04:07:20z: DS3231
 0h00:05.325 2022/08/24T04:07:20z: BME280 (0x76)
 0h00:05.339 2022/08/24T04:07:20z: 84:f3:eb:7d:7:a8
 0h00:05.341 2022/08/24T04:07:20z: SSID: MU Open
 0h00:05.346 2022/08/24T04:07:20z: AP_STAR tmr
 ets Jan  8 2013,rst cause:4, boot mode:(3,7)

wdt reset
load 0x4010f000, len 1384, room 16 
tail 8
chksum 0x2d
csum 0x2d
v8b899c12
~ld


6.01
 0h00:05.175 2022/08/24T04:27:24z: DS3231
 0h00:05.191 2022/08/24T04:27:24z: BME280 (0x76)
 0h00:05.205 2022/08/24T04:27:24z: 84:f3:eb:7d:7:a8
 0h00:05.206 2022/08/24T04:27:24z: SSID: MU Open
 0h00:05.212 2022/08/24T04:27:24z: AP_STAR tmr
 ets Jan  8 2013,rst cause:4, boot mode:(3,7)

wdt reset
load 0x4010f000, len 1384, room 16 
tail 8
chksum 0x2d
csum 0x2d
v8b899c12
~ld


6.01
 0h00:05.083 2022/08/24T04:47:28z: DS3231
 0h00:05.098 2022/08/24T04:47:28z: BME280 (0x76)
 0h00:05.113 2022/08/24T04:47:28z: 84:f3:eb:7d:7:a8
 0h00:05.114 2022/08/24T04:47:28z: SSID: MU Open
 0h00:05.119 2022/08/24T04:47:28z: AP_STAR tmr
 ets Jan  8 2013,rst cause:4, boot mode:(3,7)

wdt reset
load 0x4010f000, len 1384, room 16 
tail 8
chksum 0x2d
csum 0x2d
v8b899c12
~ld


6.01
 0h00:05.143 2022/08/24T05:07:32z: DS3231
 0h00:05.159 2022/08/24T05:07:32z: BME280 (0x76)
 0h00:05.173 2022/08/24T05:07:32z: 84:f3:eb:7d:7:a8
 0h00:05.175 2022/08/24T05:07:32z: SSID: MU Open
 0h00:05.180 2022/08/24T05:07:32z: AP_STAR tmr
 ets Jan  8 2013,rst cause:4, boot mode:(3,7)

wdt reset
load 0x4010f000, len 1384, room 16 
tail 8
chksum 0x2d
csum 0x2d
v8b899c12
~ld


6.01
 0h00:04.710 2022/08/24T05:27:35z: DS3231
 0h00:04.725 2022/08/24T05:27:35z: BME280 (0x76)
 0h00:04.740 2022/08/24T05:27:35z: 84:f3:eb:7d:7:a8
 0h00:04.741 2022/08/24T05:27:35z: SSID: MU Open
 0h00:04.747 2022/08/24T05:27:35z: AP_STAR tmr
 ets Jan  8 2013,rst cause:4, boot mode:(3,7)

wdt reset
load 0x4010f000, len 1384, room 16 
tail 8
chksum 0x2d
csum 0x2d
v8b899c12
~ld


6.01
 0h00:05.059 2022/08/24T05:47:39z: DS3231
 0h00:05.074 2022/08/24T05:47:39z: BME280 (0x76)
 0h00:05.088 2022/08/24T05:47:39z: 84:f3:eb:7d:7:a8
 0h00:05.090 2022/08/24T05:47:39z: SSID: MU Open
 0h00:05.095 2022/08/24T05:47:39z: AP_STAR tmr
 ets Jan  8 2013,rst cause:4, boot mode:(3,7)

wdt reset
load 0x4010f000, len 1384, room 16 
tail 8
chksum 0x2d
csum 0x2d
v8b899c12
~ld


6.01
 0h00:05.226 2022/08/24T06:07:44z: DS3231
 0h00:05.241 2022/08/24T06:07:44z: BME280 (0x76)
 0h00:05.255 2022/08/24T06:07:44z: 84:f3:eb:7d:7:a8
 0h00:05.257 2022/08/24T06:07:44z: SSID: MU Open
 0h00:05.262 2022/08/24T06:07:44z: AP_STAR tmr
 ets Jan  8 2013,rst cause:4, boot mode:(3,7)

wdt reset
load 0x4010f000, len 1384, room 16 
tail 8
chksum 0x2d
csum 0x2d
v8b899c12
~ld


6.01
 0h00:05.306 2022/08/24T06:27:49z: DS3231
 0h00:05.321 2022/08/24T06:27:49z: BME280 (0x76)
 0h00:05.336 2022/08/24T06:27:49z: 84:f3:eb:7d:7:a8
 0h00:05.337 2022/08/24T06:27:49z: SSID: MU Open
 0h00:05.342 2022/08/24T06:27:49z: AP_STAR tmr
 ets Jan  8 2013,rst cause:4, boot mode:(3,7)

wdt reset
load 0x4010f000, len 1384, room 16 
tail 8
chksum 0x2d
csum 0x2d
v8b899c12
~ld


6.01
 0h00:05.094 2022/08/24T06:47:53z: DS3231
 0h00:05.109 2022/08/24T06:47:53z: BME280 (0x76)
 0h00:05.123 2022/08/24T06:47:53z: 84:f3:eb:7d:7:a8
 0h00:05.125 2022/08/24T06:47:53z: SSID: MU Open
 0h00:05.130 2022/08/24T06:47:53z: AP_STAR tmr
 ets Jan  8 2013,rst cause:4, boot mode:(3,7)

wdt reset
load 0x4010f000, len 1384, room 16 
tail 8
chksum 0x2d
csum 0x2d
v8b899c12
~ld


6.01
 0h00:05.229 2022/08/24T07:07:58z: DS3231
 0h00:05.245 2022/08/24T07:07:58z: BME280 (0x76)
 0h00:05.259 2022/08/24T07:07:58z: 84:f3:eb:7d:7:a8
 0h00:05.261 2022/08/24T07:07:58z: SSID: MU Open
 0h00:05.266 2022/08/24T07:07:58z: AP_STAR tmr
 ets Jan  8 2013,rst cause:4, boot mode:(3,7)

wdt reset
load 0x4010f000, len 1384, room 16 
tail 8
chksum 0x2d
csum 0x2d
v8b899c12
~ld


6.01
 0h00:05.318 2022/08/24T07:28:02z: DS3231
 0h00:05.333 2022/08/24T07:28:02z: BME280 (0x76)
 0h00:05.347 2022/08/24T07:28:02z: 84:f3:eb:7d:7:a8
 0h00:05.349 2022/08/24T07:28:02z: SSID: MU Open
 0h00:05.354 2022/08/24T07:28:02z: AP_STAR tmr
 ets Jan  8 2013,rst cause:4, boot mode:(3,7)

wdt reset
load 0x4010f000, len 1384, room 16 
tail 8
chksum 0x2d
csum 0x2d
v8b899c12
~ld


6.01
 0h00:05.389 2022/08/24T07:48:08z: DS3231
 0h00:05.404 2022/08/24T07:48:08z: BME280 (0x76)
 0h00:05.418 2022/08/24T07:48:08z: 84:f3:eb:7d:7:a8
 0h00:05.420 2022/08/24T07:48:08z: SSID: MU Open
 0h00:05.425 2022/08/24T07:48:08z: AP_STAR tmr
 ets Jan  8 2013,rst cause:4, boot mode:(3,7)

wdt reset
load 0x4010f000, len 1384, room 16 
tail 8
chksum 0x2d
csum 0x2d
v8b899c12
~ld


6.01
 0h00:05.537 2022/08/24T08:08:13z: DS3231
 0h00:05.552 2022/08/24T08:08:13z: BME280 (0x76)
 0h00:05.566 2022/08/24T08:08:13z: 84:f3:eb:7d:7:a8
 0h00:05.568 2022/08/24T08:08:13z: SSID: MU Open
 0h00:05.573 2022/08/24T08:08:13z: AP_STAR tmr
 ets Jan  8 2013,rst cause:4, boot mode:(3,7)

wdt reset
load 0x4010f000, len 1384, room 16 
tail 8
chksum 0x2d
csum 0x2d
v8b899c12
~ld


6.01
 0h00:05.348 2022/08/24T08:28:17z: DS3231
 0h00:05.363 2022/08/24T08:28:17z: BME280 (0x76)
 0h00:05.377 2022/08/24T08:28:17z: 84:f3:eb:7d:7:a8
 0h00:05.379 2022/08/24T08:28:17z: SSID: MU Open
 0h00:05.384 2022/08/24T08:28:17z: AP_STAR tmr
 ets Jan  8 2013,rst cause:4, boot mode:(3,7)

wdt reset
load 0x4010f000, len 1384, room 16 
tail 8
chksum 0x2d
csum 0x2d
v8b899c12
~ld


6.01
 0h00:05.700 2022/08/24T08:48:22z: DS3231
 0h00:05.715 2022/08/24T08:48:22z: BME280 (0x76)
 0h00:05.729 2022/08/24T08:48:22z: 84:f3:eb:7d:7:a8
 0h00:05.731 2022/08/24T08:48:22z: SSID: MU Open
 0h00:05.736 2022/08/24T08:48:22z: AP_STAR tmr
 ets Jan  8 2013,rst cause:4, boot mode:(3,7)

wdt reset
load 0x4010f000, len 1384, room 16 
tail 8
chksum 0x2d
csum 0x2d
v8b899c12
~ld


6.01
 0h00:05.658 2022/08/24T09:08:28z: DS3231
 0h00:05.673 2022/08/24T09:08:28z: BME280 (0x76)
 0h00:05.687 2022/08/24T09:08:28z: 84:f3:eb:7d:7:a8
 0h00:05.689 2022/08/24T09:08:28z: SSID: MU Open
 0h00:05.694 2022/08/24T09:08:28z: AP_STAR tmr
 ets Jan  8 2013,rst cause:4, boot mode:(3,7)

wdt reset
load 0x4010f000, len 1384, room 16 
tail 8
chksum 0x2d
csum 0x2d
v8b899c12
~ld


6.01
 0h00:05.472 2022/08/24T09:28:33z: DS3231
 0h00:05.487 2022/08/24T09:28:33z: BME280 (0x76)
 0h00:05.501 2022/08/24T09:28:33z: 84:f3:eb:7d:7:a8
 0h00:05.503 2022/08/24T09:28:33z: SSID: MU Open
 0h00:05.508 2022/08/24T09:28:33z: AP_STAR tmr
 ets Jan  8 2013,rst cause:4, boot mode:(3,7)

wdt reset
load 0x4010f000, len 1384, room 16 
tail 8
chksum 0x2d
csum 0x2d
v8b899c12
~ld


6.01
 0h00:05.663 2022/08/24T09:48:37z: DS3231
 0h00:05.678 2022/08/24T09:48:37z: BME280 (0x76)
 0h00:05.692 2022/08/24T09:48:37z: 84:f3:eb:7d:7:a8
 0h00:05.694 2022/08/24T09:48:37z: SSID: MU Open
 0h00:05.699 2022/08/24T09:48:37z: AP_STAR tmr
 ets Jan  8 2013,rst cause:4, boot mode:(3,7)

wdt reset
load 0x4010f000, len 1384, room 16 
tail 8
chksum 0x2d
csum 0x2d
v8b899c12
~ld


6.01
 0h00:05.597 2022/08/24T10:08:42z: DS3231
 0h00:05.612 2022/08/24T10:08:42z: BME280 (0x76)
 0h00:05.626 2022/08/24T10:08:42z: 84:f3:eb:7d:7:a8
 0h00:05.628 2022/08/24T10:08:42z: SSID: MU Open
 0h00:05.633 2022/08/24T10:08:42z: AP_STAR tmr
 ets Jan  8 2013,rst cause:4, boot mode:(3,7)

wdt reset
load 0x4010f000, len 1384, room 16 
tail 8
chksum 0x2d
csum 0x2d
v8b899c12
~ld


6.01
 0h00:05.429 2022/08/24T10:28:48z: DS3231
 0h00:05.444 2022/08/24T10:28:48z: BME280 (0x76)
 0h00:05.458 2022/08/24T10:28:48z: 84:f3:eb:7d:7:a8
 0h00:05.460 2022/08/24T10:28:48z: SSID: MU Open
 0h00:05.465 2022/08/24T10:28:48z: AP_STAR tmr
 ets Jan  8 2013,rst cause:4, boot mode:(3,7)

wdt reset
load 0x4010f000, len 1384, room 16 
tail 8
chksum 0x2d
csum 0x2d
v8b899c12
~ld


6.01
 0h00:05.498 2022/08/24T10:48:52z: DS3231
 0h00:05.513 2022/08/24T10:48:52z: BME280 (0x76)
 0h00:05.528 2022/08/24T10:48:52z: 84:f3:eb:7d:7:a8
 0h00:05.529 2022/08/24T10:48:52z: SSID: MU Open
 0h00:05.534 2022/08/24T10:48:52z: AP_STAR tmr
 ets Jan  8 2013,rst cause:4, boot mode:(3,7)

wdt reset
load 0x4010f000, len 1384, room 16 
tail 8
chksum 0x2d
csum 0x2d
v8b899c12
~ld


6.01
 0h00:05.532 2022/08/24T11:08:57z: DS3231
 0h00:05.548 2022/08/24T11:08:57z: BME280 (0x76)
 0h00:05.562 2022/08/24T11:08:57z: 84:f3:eb:7d:7:a8
 0h00:05.563 2022/08/24T11:08:57z: SSID: MU Open
 0h00:05.569 2022/08/24T11:08:57z: AP_STAR tmr
 ets Jan  8 2013,rst cause:4, boot mode:(3,7)

wdt reset
load 0x4010f000, len 1384, room 16 
tail 8
chksum 0x2d
csum 0x2d
v8b899c12
~ld


6.01
 0h00:05.449 2022/08/24T11:29:03z: DS3231
 0h00:05.464 2022/08/24T11:29:03z: BME280 (0x76)
 0h00:05.478 2022/08/24T11:29:03z: 84:f3:eb:7d:7:a8
 0h00:05.480 2022/08/24T11:29:03z: SSID: MU Open
 0h00:05.485 2022/08/24T11:29:03z: AP_STAR tmr
 ets Jan  8 2013,rst cause:4, boot mode:(3,7)

wdt reset
load 0x4010f000, len 1384, room 16 
tail 8
chksum 0x2d
csum 0x2d
v8b899c12
~ld


6.01
 0h00:05.032 2022/08/24T11:49:07z: DS3231
 0h00:05.047 2022/08/24T11:49:07z: BME280 (0x76)
 0h00:05.061 2022/08/24T11:49:07z: 84:f3:eb:7d:7:a8
 0h00:05.063 2022/08/24T11:49:07z: SSID: MU Open
 0h00:05.068 2022/08/24T11:49:07z: AP_STAR tmr
 ets Jan  8 2013,rst cause:4, boot mode:(3,7)

wdt reset
load 0x4010f000, len 1384, room 16 
tail 8
chksum 0x2d
csum 0x2d
v8b899c12
~ld


6.01
 0h00:05.189 2022/08/24T12:09:11z: DS3231
 0h00:05.204 2022/08/24T12:09:11z: BME280 (0x76)
 0h00:05.218 2022/08/24T12:09:11z: 84:f3:eb:7d:7:a8
 0h00:05.220 2022/08/24T12:09:11z: SSID: MU Open
 0h00:05.225 2022/08/24T12:09:11z: AP_STAR tmr
 ets Jan  8 2013,rst cause:4, boot mode:(3,7)

wdt reset
load 0x4010f000, len 1384, room 16 
tail 8
chksum 0x2d
csum 0x2d
v8b899c12
~ld


6.01
 0h00:05.567 2022/08/24T12:29:16z: DS3231
 0h00:05.582 2022/08/24T12:29:16z: BME280 (0x76)
 0h00:05.597 2022/08/24T12:29:16z: 84:f3:eb:7d:7:a8
 0h00:05.598 2022/08/24T12:29:16z: SSID: MU Open
 0h00:05.603 2022/08/24T12:29:16z: AP_STAR tmr
 ets Jan  8 2013,rst cause:4, boot mode:(3,7)

wdt reset
load 0x4010f000, len 1384, room 16 
tail 8
chksum 0x2d
csum 0x2d
v8b899c12
~ld


6.01
 0h00:05.625 2022/08/24T12:49:21z: DS3231
 0h00:05.641 2022/08/24T12:49:21z: BME280 (0x76)
 0h00:05.655 2022/08/24T12:49:21z: 84:f3:eb:7d:7:a8
 0h00:05.657 2022/08/24T12:49:21z: SSID: MU Open
 0h00:05.662 2022/08/24T12:49:21z: AP_STAR tmr
 ets Jan  8 2013,rst cause:4, boot mode:(3,7)

wdt reset
load 0x4010f000, len 1384, room 16 
tail 8
chksum 0x2d
csum 0x2d
v8b899c12
~ld


6.01
 0h00:05.457 2022/08/24T13:09:26z: DS3231
 0h00:05.473 2022/08/24T13:09:26z: BME280 (0x76)
 0h00:05.487 2022/08/24T13:09:26z: 84:f3:eb:7d:7:a8
 0h00:05.488 2022/08/24T13:09:26z: SSID: MU Open
 0h00:05.494 2022/08/24T13:09:26z: AP_STAR tmr
 ets Jan  8 2013,rst cause:4, boot mode:(3,7)

wdt reset
load 0x4010f000, len 1384, room 16 
tail 8
chksum 0x2d
csum 0x2d
v8b899c12
~ld


6.01
 0h00:05.265 2022/08/24T13:29:31z: DS3231
 0h00:05.280 2022/08/24T13:29:31z: BME280 (0x76)
 0h00:05.294 2022/08/24T13:29:31z: 84:f3:eb:7d:7:a8
 0h00:05.296 2022/08/24T13:29:31z: SSID: MU Open
 0h00:05.301 2022/08/24T13:29:31z: AP_STAR tmr
 ets Jan  8 2013,rst cause:4, boot mode:(3,7)

wdt reset
load 0x4010f000, len 1384, room 16 
tail 8
chksum 0x2d
csum 0x2d
v8b899c12
~ld


6.01
 0h00:04.842 2022/08/24T13:49:34z: DS3231
 0h00:04.857 2022/08/24T13:49:34z: BME280 (0x76)
 0h00:04.871 2022/08/24T13:49:34z: 84:f3:eb:7d:7:a8
 0h00:04.873 2022/08/24T13:49:34z: SSID: MU Open
 0h00:04.878 2022/08/24T13:49:34z: AP_STAR tmr
 ets Jan  8 2013,rst cause:4, boot mode:(3,7)

wdt reset
load 0x4010f000, len 1384, room 16 
tail 8
chksum 0x2d
csum 0x2d
v8b899c12
~ld


6.01
 0h00:04.969 2022/08/24T14:09:38z: DS3231
 0h00:04.984 2022/08/24T14:09:38z: BME280 (0x76)
 0h00:04.998 2022/08/24T14:09:38z: 84:f3:eb:7d:7:a8
 0h00:05.000 2022/08/24T14:09:38z: SSID: MU Open
 0h00:05.005 2022/08/24T14:09:38z: AP_STAR tmr
 ets Jan  8 2013,rst cause:4, boot mode:(3,7)

wdt reset
load 0x4010f000, len 1384, room 16 
tail 8
chksum 0x2d
csum 0x2d
v8b899c12
~ld


6.01
 0h00:05.166 2022/08/24T14:29:43z: DS3231
 0h00:05.181 2022/08/24T14:29:43z: BME280 (0x76)
 0h00:05.195 2022/08/24T14:29:43z: 84:f3:eb:7d:7:a8
 0h00:05.197 2022/08/24T14:29:43z: SSID: MU Open
 0h00:05.202 2022/08/24T14:29:43z: AP_STAR tmr
 ets Jan  8 2013,rst cause:4, boot mode:(3,7)

wdt reset
load 0x4010f000, len 1384, room 16 
tail 8
chksum 0x2d
csum 0x2d
v8b899c12
~ld


6.01
 0h00:05.390 2022/08/24T14:49:47z: DS3231
 0h00:05.405 2022/08/24T14:49:47z: BME280 (0x76)
 0h00:05.419 2022/08/24T14:49:47z: 84:f3:eb:7d:7:a8
 0h00:05.421 2022/08/24T14:49:47z: SSID: MU Open
 0h00:05.426 2022/08/24T14:49:47z: AP_STAR tmr
 ets Jan  8 2013,rst cause:4, boot mode:(3,7)

wdt reset
load 0x4010f000, len 1384, room 16 
tail 8
chksum 0x2d
csum 0x2d
v8b899c12
~ld


6.01
 0h00:05.057 2022/08/24T15:09:52z: DS3231
 0h00:05.072 2022/08/24T15:09:52z: BME280 (0x76)
 0h00:05.086 2022/08/24T15:09:52z: 84:f3:eb:7d:7:a8
 0h00:05.088 2022/08/24T15:09:52z: SSID: MU Open
 0h00:05.093 2022/08/24T15:09:52z: AP_STAR tmr
 ets Jan  8 2013,rst cause:4, boot mode:(3,7)

wdt reset
load 0x4010f000, len 1384, room 16 
tail 8
chksum 0x2d
csum 0x2d
v8b899c12
~ld


6.01
 0h00:05.237 2022/08/24T15:29:57z: DS3231
 0h00:05.252 2022/08/24T15:29:57z: BME280 (0x76)
 0h00:05.266 2022/08/24T15:29:57z: 84:f3:eb:7d:7:a8
 0h00:05.268 2022/08/24T15:29:57z: SSID: MU Open
 0h00:05.273 2022/08/24T15:29:57z: AP_STAR tmr
 ets Jan  8 2013,rst cause:4, boot mode:(3,7)

wdt reset
load 0x4010f000, len 1384, room 16 
tail 8
chksum 0x2d
csum 0x2d
v8b899c12
~ld


6.01
 0h00:05.123 2022/08/24T15:50:00z: DS3231
 0h00:05.138 2022/08/24T15:50:00z: BME280 (0x76)
 0h00:05.152 2022/08/24T15:50:00z: 84:f3:eb:7d:7:a8
 0h00:05.154 2022/08/24T15:50:00z: SSID: MU Open
 0h00:05.159 2022/08/24T15:50:00z: AP_STAR tmr
 ets Jan  8 2013,rst cause:4, boot mode:(3,7)

wdt reset
load 0x4010f000, len 1384, room 16 
tail 8
chksum 0x2d
csum 0x2d
v8b899c12
~ld


6.01
 0h00:05.107 2022/08/24T16:10:05z: DS3231
 0h00:05.122 2022/08/24T16:10:05z: BME280 (0x76)
 0h00:05.136 2022/08/24T16:10:05z: 84:f3:eb:7d:7:a8
 0h00:05.138 2022/08/24T16:10:05z: SSID: MU Open
 0h00:05.143 2022/08/24T16:10:05z: AP_STAR tmr
 ets Jan  8 2013,rst cause:4, boot mode:(3,7)

wdt reset
load 0x4010f000, len 1384, room 16 
tail 8
chksum 0x2d
csum 0x2d
v8b899c12
~ld


6.01
 0h00:04.883 2022/08/24T16:30:09z: DS3231
 0h00:04.898 2022/08/24T16:30:09z: BME280 (0x76)
 0h00:04.912 2022/08/24T16:30:09z: 84:f3:eb:7d:7:a8
 0h00:04.914 2022/08/24T16:30:09z: SSID: MU Open
 0h00:04.919 2022/08/24T16:30:09z: AP_STAR tmr
 ets Jan  8 2013,rst cause:4, boot mode:(3,7)

wdt reset
load 0x4010f000, len 1384, room 16 
tail 8
chksum 0x2d
csum 0x2d
v8b899c12
~ld


6.01
 0h00:04.932 2022/08/24T16:50:13z: DS3231
 0h00:04.947 2022/08/24T16:50:13z: BME280 (0x76)
 0h00:04.961 2022/08/24T16:50:13z: 84:f3:eb:7d:7:a8
 0h00:04.963 2022/08/24T16:50:13z: SSID: MU Open
 0h00:04.968 2022/08/24T16:50:13z: AP_STAR tmr
 ets Jan  8 2013,rst cause:4, boot mode:(3,7)

wdt reset
load 0x4010f000, len 1384, room 16 
tail 8
chksum 0x2d
csum 0x2d
v8b899c12
~ld


6.01
 0h00:04.829 2022/08/24T17:10:17z: DS3231
 0h00:04.844 2022/08/24T17:10:17z: BME280 (0x76)
 0h00:04.858 2022/08/24T17:10:17z: 84:f3:eb:7d:7:a8
 0h00:04.860 2022/08/24T17:10:17z: SSID: MU Open
 0h00:04.865 2022/08/24T17:10:17z: AP_STAR tmr
 ets Jan  8 2013,rst cause:4, boot mode:(3,7)

wdt reset
load 0x4010f000, len 1384, room 16 
tail 8
chksum 0x2d
csum 0x2d
v8b899c12
~ld


6.01
 0h00:04.994 2022/08/24T17:30:20z: DS3231
 0h00:05.010 2022/08/24T17:30:20z: BME280 (0x76)
 0h00:05.024 2022/08/24T17:30:20z: 84:f3:eb:7d:7:a8
 0h00:05.026 2022/08/24T17:30:20z: SSID: MU Open
 0h00:05.031 2022/08/24T17:30:20z: AP_STAR tmr
 ets Jan  8 2013,rst cause:4, boot mode:(3,7)

wdt reset
load 0x4010f000, len 1384, room 16 
tail 8
chksum 0x2d
csum 0x2d
v8b899c12
~ld


6.01
 0h00:04.831 2022/08/24T17:50:24z: DS3231
 0h00:04.847 2022/08/24T17:50:24z: BME280 (0x76)
 0h00:04.861 2022/08/24T17:50:24z: 84:f3:eb:7d:7:a8
 0h00:04.863 2022/08/24T17:50:24z: SSID: MU Open
 0h00:04.868 2022/08/24T17:50:24z: AP_STAR tmr
 ets Jan  8 2013,rst cause:4, boot mode:(3,7)

wdt reset
load 0x4010f000, len 1384, room 16 
tail 8
chksum 0x2d
csum 0x2d
v8b899c12
~ld


6.01
 0h00:05.060 2022/08/24T18:10:27z: DS3231
 0h00:05.075 2022/08/24T18:10:27z: BME280 (0x76)
 0h00:05.089 2022/08/24T18:10:27z: 84:f3:eb:7d:7:a8
 0h00:05.091 2022/08/24T18:10:27z: SSID: MU Open
 0h00:05.096 2022/08/24T18:10:27z: AP_STAR tmr
 ets Jan  8 2013,rst cause:4, boot mode:(3,7)

wdt reset
load 0x4010f000, len 1384, room 16 
tail 8
chksum 0x2d
csum 0x2d
v8b899c12
~ld


6.01
 0h00:04.417 2022/08/24T18:30:30z: DS3231
 0h00:04.433 2022/08/24T18:30:30z: BME280 (0x76)
 0h00:04.447 2022/08/24T18:30:30z: 84:f3:eb:7d:7:a8
 0h00:04.449 2022/08/24T18:30:30z: SSID: MU Open
 0h00:04.454 2022/08/24T18:30:30z: AP_STAR tmr
 ets Jan  8 2013,rst cause:4, boot mode:(3,7)

wdt reset
load 0x4010f000, len 1384, room 16 
tail 8
chksum 0x2d
csum 0x2d
v8b899c12
~ld


6.01
 0h00:04.833 2022/08/24T18:50:33z: DS3231
 0h00:04.848 2022/08/24T18:50:33z: BME280 (0x76)
 0h00:04.863 2022/08/24T18:50:33z: 84:f3:eb:7d:7:a8
 0h00:04.864 2022/08/24T18:50:33z: SSID: MU Open
 0h00:04.869 2022/08/24T18:50:33z: AP_STAR tmr
 ets Jan  8 2013,rst cause:4, boot mode:(3,7)

wdt reset
load 0x4010f000, len 1384, room 16 
tail 8
chksum 0x2d
csum 0x2d
v8b899c12
~ld


6.01
 0h00:04.794 2022/08/24T19:10:37z: DS3231
 0h00:04.809 2022/08/24T19:10:37z: BME280 (0x76)
 0h00:04.823 2022/08/24T19:10:37z: 84:f3:eb:7d:7:a8
 0h00:04.825 2022/08/24T19:10:37z: SSID: MU Open
 0h00:04.830 2022/08/24T19:10:37z: AP_STAR tmr
 ets Jan  8 2013,rst cause:4, boot mode:(3,7)

wdt reset
load 0x4010f000, len 1384, room 16 
tail 8
chksum 0x2d
csum 0x2d
v8b899c12
~ld


6.01
 0h00:04.838 2022/08/24T19:30:40z: DS3231
 0h00:04.854 2022/08/24T19:30:40z: BME280 (0x76)
 0h00:04.868 2022/08/24T19:30:40z: 84:f3:eb:7d:7:a8
 0h00:04.870 2022/08/24T19:30:40z: SSID: MU Open
 0h00:04.875 2022/08/24T19:30:40z: AP_STAR tmr
 ets Jan  8 2013,rst cause:4, boot mode:(3,7)

wdt reset
load 0x4010f000, len 1384, room 16 
tail 8
chksum 0x2d
csum 0x2d
v8b899c12
~ld


6.01
 0h00:04.428 2022/08/24T19:50:43z: DS3231
 0h00:04.443 2022/08/24T19:50:43z: BME280 (0x76)
 0h00:04.457 2022/08/24T19:50:43z: 84:f3:eb:7d:7:a8
 0h00:04.459 2022/08/24T19:50:43z: SSID: MU Open
 0h00:04.464 2022/08/24T19:50:43z: AP_STAR tmr
 ets Jan  8 2013,rst cause:4, boot mode:(3,7)

wdt reset
load 0x4010f000, len 1384, room 16 
tail 8
chksum 0x2d
csum 0x2d
v8b899c12
~ld


6.01
 0h00:04.866 2022/08/24T20:10:46z: DS3231
 0h00:04.881 2022/08/24T20:10:46z: BME280 (0x76)
 0h00:04.895 2022/08/24T20:10:46z: 84:f3:eb:7d:7:a8
 0h00:04.897 2022/08/24T20:10:46z: SSID: MU Open
 0h00:04.902 2022/08/24T20:10:46z: AP_STAR tmr
 ets Jan  8 2013,rst cause:4, boot mode:(3,7)

wdt reset
load 0x4010f000, len 1384, room 16 
tail 8
chksum 0x2d
csum 0x2d
v8b899c12
~ld


6.01
 0h00:05.116 2022/08/24T20:30:50z: DS3231
 0h00:05.131 2022/08/24T20:30:50z: BME280 (0x76)
 0h00:05.145 2022/08/24T20:30:50z: 84:f3:eb:7d:7:a8
 0h00:05.147 2022/08/24T20:30:50z: SSID: MU Open
 0h00:05.152 2022/08/24T20:30:50z: AP_STAR tmr
 ets Jan  8 2013,rst cause:4, boot mode:(3,7)

wdt reset
load 0x4010f000, len 1384, room 16 
tail 8
chksum 0x2d
csum 0x2d
v8b899c12
~ld


6.01
 0h00:04.778 2022/08/24T20:50:54z: DS3231
 0h00:04.794 2022/08/24T20:50:54z: BME280 (0x76)
 0h00:04.808 2022/08/24T20:50:54z: 84:f3:eb:7d:7:a8
 0h00:04.810 2022/08/24T20:50:54z: SSID: MU Open
 0h00:04.815 2022/08/24T20:50:54z: AP_STAR tmr
 ets Jan  8 2013,rst cause:4, boot mode:(3,7)

wdt reset
load 0x4010f000, len 1384, room 16 
tail 8
chksum 0x2d
csum 0x2d
v8b899c12
~ld


6.01
 0h00:04.958 2022/08/24T21:10:59z: DS3231
 0h00:04.973 2022/08/24T21:10:59z: BME280 (0x76)
 0h00:04.987 2022/08/24T21:10:59z: 84:f3:eb:7d:7:a8
 0h00:04.989 2022/08/24T21:10:59z: SSID: MU Open
 0h00:04.994 2022/08/24T21:10:59z: AP_STAR tmr
 ets Jan  8 2013,rst cause:4, boot mode:(3,7)

wdt reset
load 0x4010f000, len 1384, room 16 
tail 8
chksum 0x2d
csum 0x2d
v8b899c12
~ld


6.01
 0h00:04.715 2022/08/24T21:31:02z: DS3231
 0h00:04.730 2022/08/24T21:31:02z: BME280 (0x76)
 0h00:04.744 2022/08/24T21:31:02z: 84:f3:eb:7d:7:a8
 0h00:04.746 2022/08/24T21:31:02z: SSID: MU Open
 0h00:04.751 2022/08/24T21:31:02z: AP_STAR tmr
 ets Jan  8 2013,rst cause:4, boot mode:(3,7)

wdt reset
load 0x4010f000, len 1384, room 16 
tail 8
chksum 0x2d
csum 0x2d
v8b899c12
~ld


6.01
 0h00:04.732 2022/08/24T21:51:05z: DS3231
 0h00:04.747 2022/08/24T21:51:05z: BME280 (0x76)
 0h00:04.761 2022/08/24T21:51:05z: 84:f3:eb:7d:7:a8
 0h00:04.763 2022/08/24T21:51:05z: SSID: MU Open
 0h00:04.768 2022/08/24T21:51:05z: AP_STAR tmr
 ets Jan  8 2013,rst cause:4, boot mode:(3,7)

wdt reset
load 0x4010f000, len 1384, room 16 
tail 8
chksum 0x2d
csum 0x2d
v8b899c12
~ld


6.01
 0h00:04.667 2022/08/24T22:11:09z: DS3231
 0h00:04.683 2022/08/24T22:11:09z: BME280 (0x76)
 0h00:04.697 2022/08/24T22:11:09z: 84:f3:eb:7d:7:a8
 0h00:04.698 2022/08/24T22:11:09z: SSID: MU Open
 0h00:04.704 2022/08/24T22:11:09z: AP_STAR tmr
 ets Jan  8 2013,rst cause:4, boot mode:(3,7)

wdt reset
load 0x4010f000, len 1384, room 16 
tail 8
chksum 0x2d
csum 0x2d
v8b899c12
~ld


6.01
 0h00:04.649 2022/08/24T22:31:13z: DS3231
 0h00:04.665 2022/08/24T22:31:13z: BME280 (0x76)
 0h00:04.679 2022/08/24T22:31:13z: 84:f3:eb:7d:7:a8
 0h00:04.680 2022/08/24T22:31:13z: SSID: MU Open
 0h00:04.686 2022/08/24T22:31:13z: AP_STAR tmr
 ets Jan  8 2013,rst cause:4, boot mode:(3,7)

wdt reset
load 0x4010f000, len 1384, room 16 
tail 8
chksum 0x2d
csum 0x2d
v8b899c12
~ld


6.01
 0h00:05.086 2022/08/24T22:51:17z: DS3231
 0h00:05.101 2022/08/24T22:51:17z: BME280 (0x76)
 0h00:05.115 2022/08/24T22:51:17z: 84:f3:eb:7d:7:a8
 0h00:05.117 2022/08/24T22:51:17z: SSID: MU Open
 0h00:05.122 2022/08/24T22:51:17z: AP_STAR tmr
 ets Jan  8 2013,rst cause:4, boot mode:(3,7)

wdt reset
load 0x4010f000, len 1384, room 16 
tail 8
chksum 0x2d
csum 0x2d
v8b899c12
~ld


6.01
 0h00:05.069 2022/08/24T23:11:21z: DS3231
 0h00:05.085 2022/08/24T23:11:21z: BME280 (0x76)
 0h00:05.099 2022/08/24T23:11:21z: 84:f3:eb:7d:7:a8
 0h00:05.101 2022/08/24T23:11:21z: SSID: MU Open
 0h00:05.106 2022/08/24T23:11:21z: AP_STAR tmr
 ets Jan  8 2013,rst cause:4, boot mode:(3,7)

wdt reset
load 0x4010f000, len 1384, room 16 
tail 8
chksum 0x2d
csum 0x2d
v8b899c12
~ld


6.01
 0h00:05.024 2022/08/24T23:31:25z: DS3231
 0h00:05.040 2022/08/24T23:31:25z: BME280 (0x76)
 0h00:05.054 2022/08/24T23:31:25z: 84:f3:eb:7d:7:a8
 0h00:05.056 2022/08/24T23:31:25z: SSID: MU Open
 0h00:05.061 2022/08/24T23:31:25z: AP_STAR tmr
 ets Jan  8 2013,rst cause:4, boot mode:(3,7)

wdt reset
load 0x4010f000, len 1384, room 16 
tail 8
chksum 0x2d
csum 0x2d
v8b899c12
~ld


6.01
 0h00:04.933 2022/08/24T23:51:29z: DS3231
 0h00:04.949 2022/08/24T23:51:29z: BME280 (0x76)
 0h00:04.963 2022/08/24T23:51:29z: 84:f3:eb:7d:7:a8
 0h00:04.964 2022/08/24T23:51:29z: SSID: MU Open
 0h00:04.970 2022/08/24T23:51:29z: AP_STA