R tmr
 ets Jan  8 2013,rst cause:4, boot mode:(3,7)

wdt reset
load 0x4010f000, len 1384, room 16 
tail 8
chksum 0x2d
csum 0x2d
v8b899c12
~ld


6.01
 0h00:06.975 2022/12/27T00:19:56z: DS3231
 0h00:06.990 2022/12/27T00:19:56z: BME280 (0x76)
 0h00:07.004 2022/12/27T00:19:56z: 84:f3:eb:7d:7:a8
 0h00:07.006 2022/12/27T00:19:56z: SSID: MU Open
 0h00:07.011 2022/12/27T00:19:56z: AP_STAR tmr
 ets Jan  8 2013,rst cause:4, boot mode:(3,7)

wdt reset
load 0x4010f000, len 1384, room 16 
tail 8
chksum 0x2d
csum 0x2d
v8b899c12
~ld


6.01
 0h00:07.336 2022/12/27T00:40:05z: DS3231
 0h00:07.352 2022/12/27T00:40:05z: BME280 (0x76)
 0h00:07.366 2022/12/27T00:40:05z: 84:f3:eb:7d:7:a8
 0h00:07.367 2022/12/27T00:40:05z: SSID: MU Open
 0h00:07.373 2022/12/27T00:40:05z: AP_STAR tmr
 ets Jan  8 2013,rst cause:4, boot mode:(3,7)

wdt reset
load 0x4010f000, len 1384, room 16 
tail 8
chksum 0x2d
csum 0x2d
v8b899c12
~ld


6.01
 0h00:07.394 2022/12/27T01:00:15z: DS3231
 0h00:07.410 2022/12/27T01:00:15z: BME280 (0x76)
 0h00:07.424 2022/12/27T01:00:15z: 84:f3:eb:7d:7:a8
 0h00:07.426 2022/12/27T01:00:15z: SSID: MU Open
 0h00:07.431 2022/12/27T01:00:15z: AP_STAR tmr
 ets Jan  8 2013,rst cause:4, boot mode:(3,7)

wdt reset
load 0x4010f000, len 1384, room 16 
tail 8
chksum 0x2d
csum 0x2d
v8b899c12
~ld


6.01
 0h00:06.795 2022/12/27T01:20:24z: DS3231
 0h00:06.810 2022/12/27T01:20:24z: BME280 (0x76)
 0h00:06.824 2022/12/27T01:20:24z: 84:f3:eb:7d:7:a8
 0h00:06.826 2022/12/27T01:20:24z: SSID: MU Open
 0h00:06.831 2022/12/27T01:20:24z: AP_STAR tmr
 ets Jan  8 2013,rst cause:4, boot mode:(3,7)

wdt reset
load 0x4010f000, len 1384, room 16 
tail 8
chksum 0x2d
csum 0x2d
v8b899c12
~ld


6.01
 0h00:07.294 2022/12/27T01:40:33z: DS3231
 0h00:07.309 2022/12/27T01:40:33z: BME280 (0x76)
 0h00:07.323 2022/12/27T01:40:33z: 84:f3:eb:7d:7:a8
 0h00:07.325 2022/12/27T01:40:33z: SSID: MU Open
 0h00:07.330 2022/12/27T01:40:33z: AP_STAR tmr
 ets Jan  8 2013,rst cause:4, boot mode:(3,7)

wdt reset
load 0x4010f000, len 1384, room 16 
tail 8
chksum 0x2d
csum 0x2d
v8b899c12
~ld


6.01
 0h00:07.057 2022/12/27T02:00:44z: DS3231
 0h00:07.072 2022/12/27T02:00:44z: BME280 (0x76)
 0h00:07.087 2022/12/27T02:00:44z: 84:f3:eb:7d:7:a8
 0h00:07.088 2022/12/27T02:00:44z: SSID: MU Open
 0h00:07.093 2022/12/27T02:00:44z: AP_STAR tmr
 ets Jan  8 2013,rst cause:4, boot mode:(3,7)

wdt reset
load 0x4010f000, len 1384, room 16 
tail 8
chksum 0x2d
csum 0x2d
v8b899c12
~ld


6.01
 0h00:06.950 2022/12/27T02:20:53z: DS3231
 0h00:06.965 2022/12/27T02:20:53z: BME280 (0x76)
 0h00:06.980 2022/12/27T02:20:53z: 84:f3:eb:7d:7:a8
 0h00:06.981 2022/12/27T02:20:53z: SSID: MU Open
 0h00:06.986 2022/12/27T02:20:53z: AP_STAR tmr
 ets Jan  8 2013,rst cause:4, boot mode:(3,7)

wdt reset
load 0x4010f000, len 1384, room 16 
tail 8
chksum 0x2d
csum 0x2d
v8b899c12
~ld


6.01
 0h00:06.660 2022/12/27T02:41:02z: DS3231
 0h00:06.676 2022/12/27T02:41:02z: BME280 (0x76)
 0h00:06.690 2022/12/27T02:41:02z: 84:f3:eb:7d:7:a8
 0h00:06.691 2022/12/27T02:41:02z: SSID: MU Open
 0h00:06.697 2022/12/27T02:41:02z: AP_STAR tmr
 ets Jan  8 2013,rst cause:4, boot mode:(3,7)

wdt reset
load 0x4010f000, len 1384, room 16 
tail 8
chksum 0x2d
csum 0x2d
v8b899c12
~ld


6.01
 0h00:06.600 2022/12/27T03:01:11z: DS3231
 0h00:06.615 2022/12/27T03:01:11z: BME280 (0x76)
 0h00:06.629 2022/12/27T03:01:11z: 84:f3:eb:7d:7:a8
 0h00:06.631 2022/12/27T03:01:11z: SSID: MU Open
 0h00:06.636 2022/12/27T03:01:11z: AP_STAR tmr
 ets Jan  8 2013,rst cause:4, boot mode:(3,7)

wdt reset
load 0x4010f000, len 1384, room 16 
tail 8
chksum 0x2d
csum 0x2d
v8b899c12
~ld


6.01
 0h00:06.949 2022/12/27T03:21:20z: DS3231
 0h00:06.964 2022/12/27T03:21:20z: BME280 (0x76)
 0h00:06.978 2022/12/27T03:21:20z: 84:f3:eb:7d:7:a8
 0h00:06.980 2022/12/27T03:21:20z: SSID: MU Open
 0h00:06.985 2022/12/27T03:21:20z: AP_STAR tmr
 ets Jan  8 2013,rst cause:4, boot mode:(3,7)

wdt reset
load 0x4010f000, len 1384, room 16 
tail 8
chksum 0x2d
csum 0x2d
v8b899c12
~ld


6.01
 0h00:06.266 2022/12/27T03:41:28z: DS3231
 0h00:06.281 2022/12/27T03:41:28z: BME280 (0x76)
 0h00:06.295 2022/12/27T03:41:28z: 84:f3:eb:7d:7:a8
 0h00:06.297 2022/12/27T03:41:28z: SSID: MU Open
 0h00:06.302 2022/12/27T03:41:28z: AP_STAR tmr
 ets Jan  8 2013,rst cause:4, boot mode:(3,7)

wdt reset
load 0x4010f000, len 1384, room 16 
tail 8
chksum 0x2d
csum 0x2d
v8b899c12
~ld


6.01
 0h00:06.845 2022/12/27T04:01:38z: DS3231
 0h00:06.860 2022/12/27T04:01:38z: BME280 (0x76)
 0h00:06.874 2022/12/27T04:01:38z: 84:f3:eb:7d:7:a8
 0h00:06.876 2022/12/27T04:01:38z: SSID: MU Open
 0h00:06.881 2022/12/27T04:01:38z: AP_STAR tmr
 ets Jan  8 2013,rst cause:4, boot mode:(3,7)

wdt reset
load 0x4010f000, len 1384, room 16 
tail 8
chksum 0x2d
csum 0x2d
v8b899c12
~ld


6.01
 0h00:06.752 2022/12/27T04:21:46z: DS3231
 0h00:06.767 2022/12/27T04:21:46z: BME280 (0x76)
 0h00:06.781 2022/12/27T04:21:46z: 84:f3:eb:7d:7:a8
 0h00:06.783 2022/12/27T04:21:46z: SSID: MU Open
 0h00:06.788 2022/12/27T04:21:46z: AP_STAR tmr
 ets Jan  8 2013,rst cause:4, boot mode:(3,7)

wdt reset
load 0x4010f000, len 1384, room 16 
tail 8
chksum 0x2d
csum 0x2d
v8b899c12
~ld


6.01
 0h00:06.582 2022/12/27T04:41:54z: DS3231
 0h00:06.597 2022/12/27T04:41:54z: BME280 (0x76)
 0h00:06.612 2022/12/27T04:41:54z: 84:f3:eb:7d:7:a8
 0h00:06.613 2022/12/27T04:41:54z: SSID: MU Open
 0h00:06.618 2022/12/27T04:41:54z: AP_STAR tmr
 ets Jan  8 2013,rst cause:4, boot mode:(3,7)

wdt reset
load 0x4010f000, len 1384, room 16 
tail 8
chksum 0x2d
csum 0x2d
v8b899c12
~ld


6.01
 0h00:06.792 2022/12/27T05:02:02z: DS3231
 0h00:06.807 2022/12/27T05:02:02z: BME280 (0x76)
 0h00:06.821 2022/12/27T05:02:02z: 84:f3:eb:7d:7:a8
 0h00:06.823 2022/12/27T05:02:02z: SSID: MU Open
 0h00:06.828 2022/12/27T05:02:02z: AP_STAR tmr
 ets Jan  8 2013,rst cause:4, boot mode:(3,7)

wdt reset
load 0x4010f000, len 1384, room 16 
tail 8
chksum 0x2d
csum 0x2d
v8b899c12
~ld


6.01
 0h00:06.641 2022/12/27T05:22:11z: DS3231
 0h00:06.656 2022/12/27T05:22:11z: BME280 (0x76)
 0h00:06.670 2022/12/27T05:22:11z: 84:f3:eb:7d:7:a8
 0h00:06.672 2022/12/27T05:22:11z: SSID: MU Open
 0h00:06.677 2022/12/27T05:22:11z: AP_STAR tmr
 ets Jan  8 2013,rst cause:4, boot mode:(3,7)

wdt reset
load 0x4010f000, len 1384, room 16 
tail 8
chksum 0x2d
csum 0x2d
v8b899c12
~ld


6.01
 0h00:06.864 2022/12/27T05:42:20z: DS3231
 0h00:06.879 2022/12/27T05:42:20z: BME280 (0x76)
 0h00:06.893 2022/12/27T05:42:20z: 84:f3:eb:7d:7:a8
 0h00:06.895 2022/12/27T05:42:20z: SSID: MU Open
 0h00:06.900 2022/12/27T05:42:20z: AP_STAR tmr
 ets Jan  8 2013,rst cause:4, boot mode:(3,7)

wdt reset
load 0x4010f000, len 1384, room 16 
tail 8
chksum 0x2d
csum 0x2d
v8b899c12
~ld


6.01
 0h00:07.206 2022/12/27T06:02:29z: DS3231
 0h00:07.221 2022/12/27T06:02:29z: BME280 (0x76)
 0h00:07.235 2022/12/27T06:02:29z: 84:f3:eb:7d:7:a8
 0h00:07.237 2022/12/27T06:02:29z: SSID: MU Open
 0h00:07.242 2022/12/27T06:02:29z: AP_STAR tmr
 ets Jan  8 2013,rst cause:4, boot mode:(3,7)

wdt reset
load 0x4010f000, len 1384, room 16 
tail 8
chksum 0x2d
csum 0x2d
v8b899c12
~ld


6.01
 0h00:07.058 2022/12/27T06:22:39z: DS3231
 0h00:07.073 2022/12/27T06:22:39z: BME280 (0x76)
 0h00:07.087 2022/12/27T06:22:39z: 84:f3:eb:7d:7:a8
 0h00:07.089 2022/12/27T06:22:39z: SSID: MU Open
 0h00:07.094 2022/12/27T06:22:39z: AP_STAR tmr
 ets Jan  8 2013,rst cause:4, boot mode:(3,7)

wdt reset
load 0x4010f000, len 1384, room 16 
tail 8
chksum 0x2d
csum 0x2d
v8b899c12
~ld


6.01
 0h00:07.194 2022/12/27T06:42:49z: DS3231
 0h00:07.210 2022/12/27T06:42:49z: BME280 (0x76)
 0h00:07.224 2022/12/27T06:42:49z: 84:f3:eb:7d:7:a8
 0h00:07.226 2022/12/27T06:42:49z: SSID: MU Open
 0h00:07.231 2022/12/27T06:42:49z: AP_STAR tmr
 ets Jan  8 2013,rst cause:4, boot mode:(3,7)

wdt reset
load 0x4010f000, len 1384, room 16 
tail 8
chksum 0x2d
csum 0x2d
v8b899c12
~ld


6.01
 0h00:06.698 2022/12/27T07:02:58z: DS3231
 0h00:06.713 2022/12/27T07:02:58z: BME280 (0x76)
 0h00:06.727 2022/12/27T07:02:58z: 84:f3:eb:7d:7:a8
 0h00:06.729 2022/12/27T07:02:58z: SSID: MU Open
 0h00:06.734 2022/12/27T07:02:58z: AP_STAR tmr
 ets Jan  8 2013,rst cause:4, boot mode:(3,7)

wdt reset
load 0x4010f000, len 1384, room 16 
tail 8
chksum 0x2d
csum 0x2d
v8b899c12
~ld


6.01
 0h00:07.307 2022/12/27T07:23:08z: DS3231
 0h00:07.322 2022/12/27T07:23:08z: BME280 (0x76)
 0h00:07.336 2022/12/27T07:23:08z: 84:f3:eb:7d:7:a8
 0h00:07.338 2022/12/27T07:23:08z: SSID: MU Open
 0h00:07.343 2022/12/27T07:23:08z: AP_STAR tmr
 ets Jan  8 2013,rst cause:4, boot mode:(3,7)

wdt reset
load 0x4010f000, len 1384, room 16 
tail 8
chksum 0x2d
csum 0x2d
v8b899c12
~ld


6.01
 0h00:06.692 2022/12/27T07:43:17z: DS3231
 0h00:06.707 2022/12/27T07:43:17z: BME280 (0x76)
 0h00:06.721 2022/12/27T07:43:17z: 84:f3:eb:7d:7:a8
 0h00:06.723 2022/12/27T07:43:17z: SSID: MU Open
 0h00:06.728 2022/12/27T07:43:17z: AP_STAR tmr
 ets Jan  8 2013,rst cause:4, boot mode:(3,7)

wdt reset
load 0x4010f000, len 1384, room 16 
tail 8
chksum 0x2d
csum 0x2d
v8b899c12
~ld


6.01
 0h00:07.544 2022/12/27T08:03:27z: DS3231
 0h00:07.559 2022/12/27T08:03:27z: BME280 (0x76)
 0h00:07.573 2022/12/27T08:03:27z: 84:f3:eb:7d:7:a8
 0h00:07.575 2022/12/27T08:03:27z: SSID: MU Open
 0h00:07.580 2022/12/27T08:03:27z: AP_STAR tmr
 ets Jan  8 2013,rst cause:4, boot mode:(3,7)

wdt reset
load 0x4010f000, len 1384, room 16 
tail 8
chksum 0x2d
csum 0x2d
v8b899c12
~ld


6.01
 0h00:07.470 2022/12/27T08:23:38z: DS3231
 0h00:07.486 2022/12/27T08:23:38z: BME280 (0x76)
 0h00:07.500 2022/12/27T08:23:38z: 84:f3:eb:7d:7:a8
 0h00:07.502 2022/12/27T08:23:38z: SSID: MU Open
 0h00:07.507 2022/12/27T08:23:38z: AP_STAR tmr
 ets Jan  8 2013,rst cause:4, boot mode:(3,7)

wdt reset
load 0x4010f000, len 1384, room 16 
tail 8
chksum 0x2d
csum 0x2d
v8b899c12
~ld


6.01
 0h00:07.255 2022/12/27T08:43:48z: DS3231
 0h00:07.270 2022/12/27T08:43:48z: BME280 (0x76)
 0h00:07.284 2022/12/27T08:43:48z: 84:f3:eb:7d:7:a8
 0h00:07.286 2022/12/27T08:43:48z: SSID: MU Open
 0h00:07.291 2022/12/27T08:43:48z: AP_STAR tmr
 ets Jan  8 2013,rst cause:4, boot mode:(3,7)

wdt reset
load 0x4010f000, len 1384, room 16 
tail 8
chksum 0x2d
csum 0x2d
v8b899c12
~ld


6.01
 0h00:07.576 2022/12/27T09:03:59z: DS3231
 0h00:07.591 2022/12/27T09:03:59z: BME280 (0x76)
 0h00:07.605 2022/12/27T09:03:59z: 84:f3:eb:7d:7:a8
 0h00:07.607 2022/12/27T09:03:59z: SSID: MU Open
 0h00:07.612 2022/12/27T09:03:59z: AP_STAR tmr
 ets Jan  8 2013,rst cause:4, boot mode:(3,7)

wdt reset
load 0x4010f000, len 1384, room 16 
tail 8
chksum 0x2d
csum 0x2d
v8b899c12
~ld


6.01
 0h00:07.463 2022/12/27T09:24:09z: DS3231
 0h00:07.478 2022/12/27T09:24:09z: BME280 (0x76)
 0h00:07.492 2022/12/27T09:24:09z: 84:f3:eb:7d:7:a8
 0h00:07.494 2022/12/27T09:24:09z: SSID: MU Open
 0h00:07.499 2022/12/27T09:24:09z: AP_STAR tmr
 ets Jan  8 2013,rst cause:4, boot mode:(3,7)

wdt reset
load 0x4010f000, len 1384, room 16 
tail 8
chksum 0x2d
csum 0x2d
v8b899c12
~ld


6.01
 0h00:07.501 2022/12/27T09:44:18z: DS3231
 0h00:07.516 2022/12/27T09:44:19z: BME280 (0x76)
 0h00:07.531 2022/12/27T09:44:19z: 84:f3:eb:7d:7:a8
 0h00:07.532 2022/12/27T09:44:19z: SSID: MU Open
 0h00:07.537 2022/12/27T09:44:19z: AP_STAR tmr
 ets Jan  8 2013,rst cause:4, boot mode:(3,7)

wdt reset
load 0x4010f000, len 1384, room 16 
tail 8
chksum 0x2d
csum 0x2d
v8b899c12
~ld


6.01
 0h00:07.091 2022/12/27T10:04:28z: DS3231
 0h00:07.106 2022/12/27T10:04:28z: BME280 (0x76)
 0h00:07.120 2022/12/27T10:04:28z: 84:f3:eb:7d:7:a8
 0h00:07.122 2022/12/27T10:04:28z: SSID: MU Open
 0h00:07.127 2022/12/27T10:04:28z: AP_STAR tmr
 ets Jan  8 2013,rst cause:4, boot mode:(3,7)

wdt reset
load 0x4010f000, len 1384, room 16 
tail 8
chksum 0x2d
csum 0x2d
v8b899c12
~ld


6.01
 0h00:06.973 2022/12/27T10:24:37z: DS3231
 0h00:06.988 2022/12/27T10:24:37z: BME280 (0x76)
 0h00:07.002 2022/12/27T10:24:37z: 84:f3:eb:7d:7:a8
 0h00:07.004 2022/12/27T10:24:37z: SSID: MU Open
 0h00:07.009 2022/12/27T10:24:37z: AP_STAR tmr
 ets Jan  8 2013,rst cause:4, boot mode:(3,7)

wdt reset
load 0x4010f000, len 1384, room 16 
tail 8
chksum 0x2d
csum 0x2d
v8b899c12
~ld


6.01
 0h00:07.353 2022/12/27T10:44:46z: DS3231
 0h00:07.368 2022/12/27T10:44:46z: BME280 (0x76)
 0h00:07.382 2022/12/27T10:44:46z: 84:f3:eb:7d:7:a8
 0h00:07.384 2022/12/27T10:44:46z: SSID: MU Open
 0h00:07.389 2022/12/27T10:44:46z: AP_STAR tmr
 ets Jan  8 2013,rst cause:4, boot mode:(3,7)

wdt reset
load 0x4010f000, len 1384, room 16 
tail 8
chksum 0x2d
csum 0x2d
v8b899c12
~ld


6.01
 0h00:07.151 2022/12/27T11:04:56z: DS3231
 0h00:07.167 2022/12/27T11:04:56z: BME280 (0x76)
 0h00:07.181 2022/12/27T11:04:56z: 84:f3:eb:7d:7:a8
 0h00:07.183 2022/12/27T11:04:56z: SSID: MU Open
 0h00:07.188 2022/12/27T11:04:56z: AP_STAR tmr
 ets Jan  8 2013,rst cause:4, boot mode:(3,7)

wdt reset
load 0x4010f000, len 1384, room 16 
tail 8
chksum 0x2d
csum 0x2d
v8b899c12
~ld


6.01
 0h00:07.181 2022/12/27T11:25:06z: DS3231
 0h00:07.196 2022/12/27T11:25:06z: BME280 (0x76)
 0h00:07.210 2022/12/27T11:25:06z: 84:f3:eb:7d:7:a8
 0h00:07.212 2022/12/27T11:25:06z: SSID: MU Open
 0h00:07.217 2022/12/27T11:25:06z: AP_STAR tmr
 ets Jan  8 2013,rst cause:4, boot mode:(3,7)

wdt reset
load 0x4010f000, len 1384, room 16 
tail 8
chksum 0x2d
csum 0x2d
v8b899c12
~ld


6.01
 0h00:07.004 2022/12/27T11:45:15z: DS3231
 0h00:07.019 2022/12/27T11:45:15z: BME280 (0x76)
 0h00:07.034 2022/12/27T11:45:15z: 84:f3:eb:7d:7:a8
 0h00:07.035 2022/12/27T11:45:15z: SSID: MU Open
 0h00:07.040 2022/12/27T11:45:15z: AP_STAR tmr
 ets Jan  8 2013,rst cause:4, boot mode:(3,7)

wdt reset
load 0x4010f000, len 1384, room 16 
tail 8
chksum 0x2d
csum 0x2d
v8b899c12
~ld


6.01
 0h00:07.024 2022/12/27T12:05:24z: DS3231
 0h00:07.039 2022/12/27T12:05:24z: BME280 (0x76)
 0h00:07.053 2022/12/27T12:05:24z: 84:f3:eb:7d:7:a8
 0h00:07.055 2022/12/27T12:05:24z: SSID: MU Open
 0h00:07.060 2022/12/27T12:05:24z: AP_STAR tmr
 ets Jan  8 2013,rst cause:4, boot mode:(3,7)

wdt reset
load 0x4010f000, len 1384, room 16 
tail 8
chksum 0x2d
csum 0x2d
v8b899c12
~ld


6.01
 0h00:06.833 2022/12/27T12:25:33z: DS3231
 0h00:06.848 2022/12/27T12:25:33z: BME280 (0x76)
 0h00:06.862 2022/12/27T12:25:33z: 84:f3:eb:7d:7:a8
 0h00:06.864 2022/12/27T12:25:33z: SSID: MU Open
 0h00:06.869 2022/12/27T12:25:33z: AP_STAR tmr
 ets Jan  8 2013,rst cause:4, boot mode:(3,7)

wdt reset
load 0x4010f000, len 1384, room 16 
tail 8
chksum 0x2d
csum 0x2d
v8b899c12
~ld


6.01
 0h00:07.057 2022/12/27T12:45:42z: DS3231
 0h00:07.072 2022/12/27T12:45:42z: BME280 (0x76)
 0h00:07.086 2022/12/27T12:45:42z: 84:f3:eb:7d:7:a8
 0h00:07.088 2022/12/27T12:45:42z: SSID: MU Open
 0h00:07.093 2022/12/27T12:45:42z: AP_STAR tmr
 ets Jan  8 2013,rst cause:4, boot mode:(3,7)

wdt reset
load 0x4010f000, len 1384, room 16 
tail 8
chksum 0x2d
csum 0x2d
v8b899c12
~ld


6.01
 0h00:06.478 2022/12/27T13:05:51z: DS3231
 0h00:06.493 2022/12/27T13:05:51z: BME280 (0x76)
 0h00:06.507 2022/12/27T13:05:51z: 84:f3:eb:7d:7:a8
 0h00:06.509 2022/12/27T13:05:51z: SSID: MU Open
 0h00:06.514 2022/12/27T13:05:51z: AP_STAR tmr
 ets Jan  8 2013,rst cause:4, boot mode:(3,7)

wdt reset
load 0x4010f000, len 1384, room 16 
tail 8
chksum 0x2d
csum 0x2d
v8b899c12
~ld


6.01
 0h00:07.150 2022/12/27T13:26:00z: DS3231
 0h00:07.165 2022/12/27T13:26:00z: BME280 (0x76)
 0h00:07.179 2022/12/27T13:26:00z: 84:f3:eb:7d:7:a8
 0h00:07.181 2022/12/27T13:26:00z: SSID: MU Open
 0h00:07.186 2022/12/27T13:26:00z: AP_STAR tmr
 ets Jan  8 2013,rst cause:4, boot mode:(3,7)

wdt reset
load 0x4010f000, len 1384, room 16 
tail 8
chksum 0x2d
csum 0x2d
v8b899c12
~ld


6.01
 0h00:06.942 2022/12/27T13:46:09z: DS3231
 0h00:06.957 2022/12/27T13:46:09z: BME280 (0x76)
 0h00:06.971 2022/12/27T13:46:09z: 84:f3:eb:7d:7:a8
 0h00:06.973 2022/12/27T13:46:09z: SSID: MU Open
 0h00:06.978 2022/12/27T13:46:09z: AP_STAR tmr
 ets Jan  8 2013,rst cause:4, boot mode:(3,7)

wdt reset
load 0x4010f000, len 1384, room 16 
tail 8
chksum 0x2d
csum 0x2d
v8b899c12
~ld


6.01
 0h00:06.756 2022/12/27T14:06:19z: DS3231
 0h00:06.772 2022/12/27T14:06:19z: BME280 (0x76)
 0h00:06.786 2022/12/27T14:06:19z: 84:f3:eb:7d:7:a8
 0h00:06.787 2022/12/27T14:06:19z: SSID: MU Open
 0h00:06.793 2022/12/27T14:06:19z: AP_STAR tmr
 ets Jan  8 2013,rst cause:4, boot mode:(3,7)

wdt reset
load 0x4010f000, len 1384, room 16 
tail 8
chksum 0x2d
csum 0x2d
v8b899c12
~ld


6.01
 0h00:06.632 2022/12/27T14:26:28z: DS3231
 0h00:06.647 2022/12/27T14:26:28z: BME280 (0x76)
 0h00:06.661 2022/12/27T14:26:28z: 84:f3:eb:7d:7:a8
 0h00:06.663 2022/12/27T14:26:28z: SSID: MU Open
 0h00:06.668 2022/12/27T14:26:28z: AP_STAR tmr
 ets Jan  8 2013,rst cause:4, boot mode:(3,7)

wdt reset
load 0x4010f000, len 1384, room 16 
tail 8
chksum 0x2d
csum 0x2d
v8b899c12
~ld


6.01
 0h00:07.044 2022/12/27T14:46:37z: DS3231
 0h00:07.059 2022/12/27T14:46:37z: BME280 (0x76)
 0h00:07.073 2022/12/27T14:46:37z: 84:f3:eb:7d:7:a8
 0h00:07.075 2022/12/27T14:46:37z: SSID: MU Open
 0h00:07.080 2022/12/27T14:46:37z: AP_STAR tmr
 ets Jan  8 2013,rst cause:4, boot mode:(3,7)

wdt reset
load 0x4010f000, len 1384, room 16 
tail 8
chksum 0x2d
csum 0x2d
v8b899c12
~ld


6.01
 0h00:06.969 2022/12/27T15:06:47z: DS3231
 0h00:06.984 2022/12/27T15:06:47z: BME280 (0x76)
 0h00:06.998 2022/12/27T15:06:47z: 84:f3:eb:7d:7:a8
 0h00:07.000 2022/12/27T15:06:47z: SSID: MU Open
 0h00:07.005 2022/12/27T15:06:47z: AP_STAR tmr
 ets Jan  8 2013,rst cause:4, boot mode:(3,7)

wdt reset
load 0x4010f000, len 1384, room 16 
tail 8
chksum 0x2d
csum 0x2d
v8b899c12
~ld


6.01
 0h00:06.979 2022/12/27T15:26:56z: DS3231
 0h00:06.995 2022/12/27T15:26:56z: BME280 (0x76)
 0h00:07.009 2022/12/27T15:26:56z: 84:f3:eb:7d:7:a8
 0h00:07.011 2022/12/27T15:26:56z: SSID: MU Open
 0h00:07.016 2022/12/27T15:26:56z: AP_STAR tmr
 ets Jan  8 2013,rst cause:4, boot mode:(3,7)

wdt reset
load 0x4010f000, len 1384, room 16 
tail 8
chksum 0x2d
csum 0x2d
v8b899c12
~ld


6.01
 0h00:07.016 2022/12/27T15:47:05z: DS3231
 0h00:07.032 2022/12/27T15:47:05z: BME280 (0x76)
 0h00:07.046 2022/12/27T15:47:05z: 84:f3:eb:7d:7:a8
 0h00:07.047 2022/12/27T15:47:05z: SSID: MU Open
 0h00:07.053 2022/12/27T15:47:05z: AP_STAR tmr
 ets Jan  8 2013,rst cause:4, boot mode:(3,7)

wdt reset
load 0x4010f000, len 1384, room 16 
tail 8
chksum 0x2d
csum 0x2d
v8b899c12
~ld


6.01
 0h00:07.081 2022/12/27T16:07:14z: DS3231
 0h00:07.096 2022/12/27T16:07:14z: BME280 (0x76)
 0h00:07.110 2022/12/27T16:07:14z: 84:f3:eb:7d:7:a8
 0h00:07.112 2022/12/27T16:07:14z: SSID: MU Open
 0h00:07.117 2022/12/27T16:07:14z: AP_STAR tmr
 ets Jan  8 2013,rst cause:4, boot mode:(3,7)

wdt reset
load 0x4010f000, len 1384, room 16 
tail 8
chksum 0x2d
csum 0x2d
v8b899c12
~ld


6.01
 0h00:07.166 2022/12/27T16:27:24z: DS3231
 0h00:07.181 2022/12/27T16:27:24z: BME280 (0x76)
 0h00:07.196 2022/12/27T16:27:24z: 84:f3:eb:7d:7:a8
 0h00:07.197 2022/12/27T16:27:24z: SSID: MU Open
 0h00:07.202 2022/12/27T16:27:24z: AP_STAR tmr
 ets Jan  8 2013,rst cause:4, boot mode:(3,7)

wdt reset
load 0x4010f000, len 1384, room 16 
tail 8
chksum 0x2d
csum 0x2d
v8b899c12
~ld


6.01
 0h00:07.169 2022/12/27T16:47:35z: DS3231
 0h00:07.184 2022/12/27T16:47:35z: BME280 (0x76)
 0h00:07.198 2022/12/27T16:47:35z: 84:f3:eb:7d:7:a8
 0h00:07.200 2022/12/27T16:47:35z: SSID: MU Open
 0h00:07.205 2022/12/27T16:47:35z: AP_STAR tmr
 ets Jan  8 2013,rst cause:4, boot mode:(3,7)

wdt reset
load 0x4010f000, len 1384, room 16 
tail 8
chksum 0x2d
csum 0x2d
v8b899c12
~ld


6.01
 0h00:07.008 2022/12/27T17:07:44z: DS3231
 0h00:07.023 2022/12/27T17:07:44z: BME280 (0x76)
 0h00:07.037 2022/12/27T17:07:44z: 84:f3:eb:7d:7:a8
 0h00:07.039 2022/12/27T17:07:44z: SSID: MU Open
 0h00:07.044 2022/12/27T17:07:44z: AP_STAR tmr
 ets Jan  8 2013,rst cause:4, boot mode:(3,7)

wdt reset
load 0x4010f000, len 1384, room 16 
tail 8
chksum 0x2d
csum 0x2d
v8b899c12
~ld


6.01
 0h00:07.125 2022/12/27T17:27:53z: DS3231
 0h00:07.141 2022/12/27T17:27:53z: BME280 (0x76)
 0h00:07.155 2022/12/27T17:27:53z: 84:f3:eb:7d:7:a8
 0h00:07.156 2022/12/27T17:27:53z: SSID: MU Open
 0h00:07.162 2022/12/27T17:27:53z: AP_STAR tmr
 ets Jan  8 2013,rst cause:4, boot mode:(3,7)

wdt reset
load 0x4010f000, len 1384, room 16 
tail 8
chksum 0x2d
csum 0x2d
v8b899c12
~ld


6.01
 0h00:06.847 2022/12/27T17:48:03z: DS3231
 0h00:06.862 2022/12/27T17:48:03z: BME280 (0x76)
 0h00:06.876 2022/12/27T17:48:03z: 84:f3:eb:7d:7:a8
 0h00:06.878 2022/12/27T17:48:03z: SSID: MU Open
 0h00:06.883 2022/12/27T17:48:03z: AP_STAR tmr
 ets Jan  8 2013,rst cause:4, boot mode:(3,7)

wdt reset
load 0x4010f000, len 1384, room 16 
tail 8
chksum 0x2d
csum 0x2d
v8b899c12
~ld


6.01
 0h00:06.826 2022/12/27T18:08:12z: DS3231
 0h00:06.842 2022/12/27T18:08:12z: BME280 (0x76)
 0h00:06.856 2022/12/27T18:08:12z: 84:f3:eb:7d:7:a8
 0h00:06.858 2022/12/27T18:08:12z: SSID: MU Open
 0h00:06.863 2022/12/27T18:08:12z: AP_STAR tmr
 ets Jan  8 2013,rst cause:4, boot mode:(3,7)

wdt reset
load 0x4010f000, len 1384, room 16 
tail 8
chksum 0x2d
csum 0x2d
v8b899c12
~ld


6.01
 0h00:06.850 2022/12/27T18:28:21z: DS3231
 0h00:06.866 2022/12/27T18:28:21z: BME280 (0x76)
 0h00:06.880 2022/12/27T18:28:21z: 84:f3:eb:7d:7:a8
 0h00:06.882 2022/12/27T18:28:21z: SSID: MU Open
 0h00:06.887 2022/12/27T18:28:21z: AP_STAR tmr
 ets Jan  8 2013,rst cause:4, boot mode:(3,7)

wdt reset
load 0x4010f000, len 1384, room 16 
tail 8
chksum 0x2d
csum 0x2d
v8b899c12
~ld


6.01
 0h00:06.659 2022/12/27T18:48:29z: DS3231
 0h00:06.675 2022/12/27T18:48:29z: BME280 (0x76)
 0h00:06.689 2022/12/27T18:48:29z: 84:f3:eb:7d:7:a8
 0h00:06.691 2022/12/27T18:48:29z: SSID: MU Open
 0h00:06.696 2022/12/27T18:48:29z: AP_STAR tmr
 ets Jan  8 2013,rst cause:4, boot mode:(3,7)

wdt reset
load 0x4010f000, len 1384, room 16 
tail 8
chksum 0x2d
csum 0x2d
v8b899c12
~ld


6.01
 0h00:06.593 2022/12/27T19:08:38z: DS3231
 0h00:06.609 2022/12/27T19:08:38z: BME280 (0x76)
 0h00:06.623 2022/12/27T19:08:38z: 84:f3:eb:7d:7:a8
 0h00:06.625 2022/12/27T19:08:38z: SSID: MU Open
 0h00:06.630 2022/12/27T19:08:38z: AP_STAR tmr
 ets Jan  8 2013,rst cause:4, boot mode:(3,7)

wdt reset
load 0x4010f000, len 1384, room 16 
tail 8
chksum 0x2d
csum 0x2d
v8b899c12
~ld


6.01
 0h00:06.651 2022/12/27T19:28:46z: DS3231
 0h00:06.666 2022/12/27T19:28:46z: BME280 (0x76)
 0h00:06.680 2022/12/27T19:28:46z: 84:f3:eb:7d:7:a8
 0h00:06.682 2022/12/27T19:28:46z: SSID: MU Open
 0h00:06.687 2022/12/27T19:28:46z: AP_STAR tmr
 ets Jan  8 2013,rst cause:4, boot mode:(3,7)

wdt reset
load 0x4010f000, len 1384, room 16 
tail 8
chksum 0x2d
csum 0x2d
v8b899c12
~ld


6.01
 0h00:06.244 2022/12/27T19:48:54z: DS3231
 0h00:06.259 2022/12/27T19:48:54z: BME280 (0x76)
 0h00:06.273 2022/12/27T19:48:54z: 84:f3:eb:7d:7:a8
 0h00:06.275 2022/12/27T19:48:54z: SSID: MU Open
 0h00:06.280 2022/12/27T19:48:54z: AP_STAR tmr
 ets Jan  8 2013,rst cause:4, boot mode:(3,7)

wdt reset
load 0x4010f000, len 1384, room 16 
tail 8
chksum 0x2d
csum 0x2d
v8b899c12
~ld


6.01
 0h00:06.262 2022/12/27T20:09:01z: DS3231
 0h00:06.277 2022/12/27T20:09:01z: BME280 (0x76)
 0h00:06.291 2022/12/27T20:09:01z: 84:f3:eb:7d:7:a8
 0h00:06.293 2022/12/27T20:09:01z: SSID: MU Open
 0h00:06.298 2022/12/27T20:09:01z: AP_STAR tmr
 ets Jan  8 2013,rst cause:4, boot mode:(3,7)

wdt reset
load 0x4010f000, len 1384, room 16 
tail 8
chksum 0x2d
csum 0x2d
v8b899c12
~ld


6.01
 0h00:06.369 2022/12/27T20:29:09z: DS3231
 0h00:06.384 2022/12/27T20:29:09z: BME280 (0x76)
 0h00:06.398 2022/12/27T20:29:09z: 84:f3:eb:7d:7:a8
 0h00:06.400 2022/12/27T20:29:09z: SSID: MU Open
 0h00:06.405 2022/12/27T20:29:09z: AP_STAR tmr
 ets Jan  8 2013,rst cause:4, boot mode:(3,7)

wdt reset
load 0x4010f000, len 1384, room 16 
tail 8
chksum 0x2d
csum 0x2d
v8b899c12
~ld


6.01
 0h00:06.257 2022/12/27T20:49:17z: DS3231
 0h00:06.273 2022/12/27T20:49:17z: BME280 (0x76)
 0h00:06.287 2022/12/27T20:49:17z: 84:f3:eb:7d:7:a8
 0h00:06.289 2022/12/27T20:49:17z: SSID: MU Open
 0h00:06.294 2022/12/27T20:49:17z: AP_STAR tmr
 ets Jan  8 2013,rst cause:4, boot mode:(3,7)

wdt reset
load 0x4010f000, len 1384, room 16 
tail 8
chksum 0x2d
csum 0x2d
v8b899c12
~ld


6.01
 0h00:06.478 2022/12/27T21:09:24z: DS3231
 0h00:06.493 2022/12/27T21:09:24z: BME280 (0x76)
 0h00:06.507 2022/12/27T21:09:24z: 84:f3:eb:7d:7:a8
 0h00:06.509 2022/12/27T21:09:24z: SSID: MU Open
 0h00:06.514 2022/12/27T21:09:24z: AP_STAR tmr
 ets Jan  8 2013,rst cause:4, boot mode:(3,7)

wdt reset
load 0x4010f000, len 1384, room 16 
tail 8
chksum 0x2d
csum 0x2d
v8b899c12
~ld


6.01
 0h00:06.555 2022/12/27T21:29:32z: DS3231
 0h00:06.570 2022/12/27T21:29:32z: BME280 (0x76)
 0h00:06.585 2022/12/27T21:29:32z: 84:f3:eb:7d:7:a8
 0h00:06.586 2022/12/27T21:29:32z: SSID: MU Open
 0h00:06.592 2022/12/27T21:29:32z: AP_STAR tmr
 ets Jan  8 2013,rst cause:4, boot mode:(3,7)

wdt reset
load 0x4010f000, len 1384, room 16 
tail 8
chksum 0x2d
csum 0x2d
v8b899c12
~ld


6.01
 0h00:06.797 2022/12/27T21:49:41z: DS3231
 0h00:06.812 2022/12/27T21:49:41z: BME280 (0x76)
 0h00:06.826 2022/12/27T21:49:41z: 84:f3:eb:7d:7:a8
 0h00:06.828 2022/12/27T21:49:41z: SSID: MU Open
 0h00:06.833 2022/12/27T21:49:41z: AP_STAR tmr
 ets Jan  8 2013,rst cause:4, boot mode:(3,7)

wdt reset
load 0x4010f000, len 1384, room 16 
tail 8
chksum 0x2d
csum 0x2d
v8b899c12
~ld


6.01
 0h00:06.780 2022/12/27T22:09:50z: DS3231
 0h00:06.796 2022/12/27T22:09:50z: BME280 (0x76)
 0h00:06.810 2022/12/27T22:09:50z: 84:f3:eb:7d:7:a8
 0h00:06.812 2022/12/27T22:09:50z: SSID: MU Open
 0h00:06.817 2022/12/27T22:09:50z: AP_STAR tmr
 ets Jan  8 2013,rst cause:4, boot mode:(3,7)

wdt reset
load 0x4010f000, len 1384, room 16 
tail 8
chksum 0x2d
csum 0x2d
v8b899c12
~ld


6.01
 0h00:06.615 2022/12/27T22:29:59z: DS3231
 0h00:06.630 2022/12/27T22:29:59z: BME280 (0x76)
 0h00:06.644 2022/12/27T22:29:59z: 84:f3:eb:7d:7:a8
 0h00:06.646 2022/12/27T22:29:59z: SSID: MU Open
 0h00:06.651 2022/12/27T22:29:59z: AP_STAR tmr
 ets Jan  8 2013,rst cause:4, boot mode:(3,7)

wdt reset
load 0x4010f000, len 1384, room 16 
tail 8
chksum 0x2d
csum 0x2d
v8b899c12
~ld


6.01
 0h00:06.500 2022/12/27T22:50:08z: DS3231
 0h00:06.515 2022/12/27T22:50:08z: BME280 (0x76)
 0h00:06.529 2022/12/27T22:50:08z: 84:f3:eb:7d:7:a8
 0h00:06.531 2022/12/27T22:50:08z: SSID: MU Open
 0h00:06.536 2022/12/27T22:50:08z: AP_STAR tmr
 ets Jan  8 2013,rst cause:4, boot mode:(3,7)

wdt reset
load 0x4010f000, len 1384, room 16 
tail 8
chksum 0x2d
csum 0x2d
v8b899c12
~ld


6.01
 0h00:06.683 2022/12/27T23:10:16z: DS3231
 0h00:06.698 2022/12/27T23:10:16z: BME280 (0x76)
 0h00:06.712 2022/12/27T23:10:16z: 84:f3:eb:7d:7:a8
 0h00:06.714 2022/12/27T23:10:16z: SSID: MU Open
 0h00:06.719 2022/12/27T23:10:16z: AP_STAR tmr
 ets Jan  8 2013,rst cause:4, boot mode:(3,7)

wdt reset
load 0x4010f000, len 1384, room 16 
tail 8
chksum 0x2d
csum 0x2d
v8b899c12
~ld


6.01
 0h00:06.786 2022/12/27T23:30:25z: DS3231
 0h00:06.801 2022/12/27T23:30:25z: BME280 (0x76)
 0h00:06.815 2022/12/27T23:30:25z: 84:f3:eb:7d:7:a8
 0h00:06.817 2022/12/27T23:30:25z: SSID: MU Open
 0h00:06.822 2022/12/27T23:30:25z: AP_STAR tmr
 ets Jan  8 2013,rst cause:4, boot mode:(3,7)

wdt reset
load 0x4010f000, len 1384, room 16 
tail 8
chksum 0x2d
csum 0x2d
v8b899c12
~ld


6.01
 0h00:06.447 2022/12/27T23:50:33z: DS3231
 0h00:06.463 2022/12/27T23:50:33z: BME280 (0x76)
 0h00:06.477 2022/12/27T23:50:33z: 84:f3:eb:7d:7:a8
 0h00:06.478 2022/12/27T23:50:33z: SSID: MU Open
 0h00:06.484 2022/12/27T23:50:33z: AP_STA