R tmr
 ets Jan  8 2013,rst cause:4, boot mode:(3,7)

wdt reset
load 0x4010f000, len 1384, room 16 
tail 8
chksum 0x2d
csum 0x2d
v8b899c12
~ld


6.01
 0h00:04.805 2022/10/04T00:11:58z: DS3231
 0h00:04.820 2022/10/04T00:11:58z: BME280 (0x76)
 0h00:04.834 2022/10/04T00:11:58z: 84:f3:eb:7d:7:a8
 0h00:04.836 2022/10/04T00:11:58z: SSID: MU Open
 0h00:04.841 2022/10/04T00:11:58z: AP_STAR tmr
 ets Jan  8 2013,rst cause:4, boot mode:(3,7)

wdt reset
load 0x4010f000, len 1384, room 16 
tail 8
chksum 0x2d
csum 0x2d
v8b899c12
~ld


6.01
 0h00:05.231 2022/10/04T00:32:02z: DS3231
 0h00:05.246 2022/10/04T00:32:02z: BME280 (0x76)
 0h00:05.260 2022/10/04T00:32:02z: 84:f3:eb:7d:7:a8
 0h00:05.262 2022/10/04T00:32:02z: SSID: MU Open
 0h00:05.267 2022/10/04T00:32:02z: AP_STAR tmr
 ets Jan  8 2013,rst cause:4, boot mode:(3,7)

wdt reset
load 0x4010f000, len 1384, room 16 
tail 8
chksum 0x2d
csum 0x2d
v8b899c12
~ld


6.01
 0h00:04.617 2022/10/04T00:52:06z: DS3231
 0h00:04.632 2022/10/04T00:52:06z: BME280 (0x76)
 0h00:04.647 2022/10/04T00:52:06z: 84:f3:eb:7d:7:a8
 0h00:04.648 2022/10/04T00:52:06z: SSID: MU Open
 0h00:04.653 2022/10/04T00:52:06z: AP_STAR tmr
 ets Jan  8 2013,rst cause:4, boot mode:(3,7)

wdt reset
load 0x4010f000, len 1384, room 16 
tail 8
chksum 0x2d
csum 0x2d
v8b899c12
~ld


6.01
 0h00:04.916 2022/10/04T01:12:10z: DS3231
 0h00:04.931 2022/10/04T01:12:10z: BME280 (0x76)
 0h00:04.945 2022/10/04T01:12:10z: 84:f3:eb:7d:7:a8
 0h00:04.947 2022/10/04T01:12:10z: SSID: MU Open
 0h00:04.952 2022/10/04T01:12:10z: AP_STAR tmr
 ets Jan  8 2013,rst cause:4, boot mode:(3,7)

wdt reset
load 0x4010f000, len 1384, room 16 
tail 8
chksum 0x2d
csum 0x2d
v8b899c12
~ld


6.01
 0h00:04.824 2022/10/04T01:32:14z: DS3231
 0h00:04.840 2022/10/04T01:32:14z: BME280 (0x76)
 0h00:04.854 2022/10/04T01:32:14z: 84:f3:eb:7d:7:a8
 0h00:04.856 2022/10/04T01:32:14z: SSID: MU Open
 0h00:04.861 2022/10/04T01:32:14z: AP_STAR tmr
 ets Jan  8 2013,rst cause:4, boot mode:(3,7)

wdt reset
load 0x4010f000, len 1384, room 16 
tail 8
chksum 0x2d
csum 0x2d
v8b899c12
~ld


6.01
 0h00:05.118 2022/10/04T01:52:18z: DS3231
 0h00:05.134 2022/10/04T01:52:18z: BME280 (0x76)
 0h00:05.148 2022/10/04T01:52:18z: 84:f3:eb:7d:7:a8
 0h00:05.150 2022/10/04T01:52:18z: SSID: MU Open
 0h00:05.155 2022/10/04T01:52:18z: AP_STAR tmr
 ets Jan  8 2013,rst cause:4, boot mode:(3,7)

wdt reset
load 0x4010f000, len 1384, room 16 
tail 8
chksum 0x2d
csum 0x2d
v8b899c12
~ld


6.01
 0h00:05.110 2022/10/04T02:12:22z: DS3231
 0h00:05.126 2022/10/04T02:12:22z: BME280 (0x76)
 0h00:05.140 2022/10/04T02:12:22z: 84:f3:eb:7d:7:a8
 0h00:05.141 2022/10/04T02:12:22z: SSID: MU Open
 0h00:05.147 2022/10/04T02:12:22z: AP_STAR tmr
 ets Jan  8 2013,rst cause:4, boot mode:(3,7)

wdt reset
load 0x4010f000, len 1384, room 16 
tail 8
chksum 0x2d
csum 0x2d
v8b899c12
~ld


6.01
 0h00:04.933 2022/10/04T02:32:26z: DS3231
 0h00:04.949 2022/10/04T02:32:26z: BME280 (0x76)
 0h00:04.963 2022/10/04T02:32:26z: 84:f3:eb:7d:7:a8
 0h00:04.965 2022/10/04T02:32:26z: SSID: MU Open
 0h00:04.970 2022/10/04T02:32:26z: AP_STAR tmr
 ets Jan  8 2013,rst cause:4, boot mode:(3,7)

wdt reset
load 0x4010f000, len 1384, room 16 
tail 8
chksum 0x2d
csum 0x2d
v8b899c12
~ld


6.01
 0h00:04.713 2022/10/04T02:52:30z: DS3231
 0h00:04.728 2022/10/04T02:52:30z: BME280 (0x76)
 0h00:04.742 2022/10/04T02:52:30z: 84:f3:eb:7d:7:a8
 0h00:04.744 2022/10/04T02:52:30z: SSID: MU Open
 0h00:04.749 2022/10/04T02:52:30z: AP_STAR tmr
 ets Jan  8 2013,rst cause:4, boot mode:(3,7)

wdt reset
load 0x4010f000, len 1384, room 16 
tail 8
chksum 0x2d
csum 0x2d
v8b899c12
~ld


6.01
 0h00:04.713 2022/10/04T03:12:34z: DS3231
 0h00:04.728 2022/10/04T03:12:34z: BME280 (0x76)
 0h00:04.742 2022/10/04T03:12:34z: 84:f3:eb:7d:7:a8
 0h00:04.744 2022/10/04T03:12:34z: SSID: MU Open
 0h00:04.749 2022/10/04T03:12:34z: AP_STAR tmr
 ets Jan  8 2013,rst cause:4, boot mode:(3,7)

wdt reset
load 0x4010f000, len 1384, room 16 
tail 8
chksum 0x2d
csum 0x2d
v8b899c12
~ld


6.01
 0h00:04.754 2022/10/04T03:32:38z: DS3231
 0h00:04.769 2022/10/04T03:32:38z: BME280 (0x76)
 0h00:04.784 2022/10/04T03:32:38z: 84:f3:eb:7d:7:a8
 0h00:04.785 2022/10/04T03:32:38z: SSID: MU Open
 0h00:04.790 2022/10/04T03:32:38z: AP_STAR tmr
 ets Jan  8 2013,rst cause:4, boot mode:(3,7)

wdt reset
load 0x4010f000, len 1384, room 16 
tail 8
chksum 0x2d
csum 0x2d
v8b899c12
~ld


6.01
 0h00:04.759 2022/10/04T03:52:41z: DS3231
 0h00:04.774 2022/10/04T03:52:41z: BME280 (0x76)
 0h00:04.788 2022/10/04T03:52:41z: 84:f3:eb:7d:7:a8
 0h00:04.790 2022/10/04T03:52:41z: SSID: MU Open
 0h00:04.795 2022/10/04T03:52:41z: AP_STAR tmr
 ets Jan  8 2013,rst cause:4, boot mode:(3,7)

wdt reset
load 0x4010f000, len 1384, room 16 
tail 8
chksum 0x2d
csum 0x2d
v8b899c12
~ld


6.01
 0h00:04.927 2022/10/04T04:12:45z: DS3231
 0h00:04.942 2022/10/04T04:12:45z: BME280 (0x76)
 0h00:04.956 2022/10/04T04:12:45z: 84:f3:eb:7d:7:a8
 0h00:04.958 2022/10/04T04:12:45z: SSID: MU Open
 0h00:04.963 2022/10/04T04:12:45z: AP_STAR tmr
 ets Jan  8 2013,rst cause:4, boot mode:(3,7)

wdt reset
load 0x4010f000, len 1384, room 16 
tail 8
chksum 0x2d
csum 0x2d
v8b899c12
~ld


6.01
 0h00:04.688 2022/10/04T04:32:49z: DS3231
 0h00:04.703 2022/10/04T04:32:50z: BME280 (0x76)
 0h00:04.717 2022/10/04T04:32:50z: 84:f3:eb:7d:7:a8
 0h00:04.719 2022/10/04T04:32:50z: SSID: MU Open
 0h00:04.724 2022/10/04T04:32:50z: AP_STAR tmr
 ets Jan  8 2013,rst cause:4, boot mode:(3,7)

wdt reset
load 0x4010f000, len 1384, room 16 
tail 8
chksum 0x2d
csum 0x2d
v8b899c12
~ld


6.01
 0h00:04.802 2022/10/04T04:52:54z: DS3231
 0h00:04.817 2022/10/04T04:52:54z: BME280 (0x76)
 0h00:04.832 2022/10/04T04:52:54z: 84:f3:eb:7d:7:a8
 0h00:04.833 2022/10/04T04:52:54z: SSID: MU Open
 0h00:04.838 2022/10/04T04:52:54z: AP_STAR tmr
 ets Jan  8 2013,rst cause:4, boot mode:(3,7)

wdt reset
load 0x4010f000, len 1384, room 16 
tail 8
chksum 0x2d
csum 0x2d
v8b899c12
~ld


6.01
 0h00:04.762 2022/10/04T05:12:57z: DS3231
 0h00:04.778 2022/10/04T05:12:57z: BME280 (0x76)
 0h00:04.792 2022/10/04T05:12:57z: 84:f3:eb:7d:7:a8
 0h00:04.794 2022/10/04T05:12:57z: SSID: MU Open
 0h00:04.799 2022/10/04T05:12:57z: AP_STAR tmr
 ets Jan  8 2013,rst cause:4, boot mode:(3,7)

wdt reset
load 0x4010f000, len 1384, room 16 
tail 8
chksum 0x2d
csum 0x2d
v8b899c12
~ld


6.01
 0h00:04.798 2022/10/04T05:33:01z: DS3231
 0h00:04.813 2022/10/04T05:33:01z: BME280 (0x76)
 0h00:04.828 2022/10/04T05:33:01z: 84:f3:eb:7d:7:a8
 0h00:04.829 2022/10/04T05:33:01z: SSID: MU Open
 0h00:04.834 2022/10/04T05:33:01z: AP_STAR tmr
 ets Jan  8 2013,rst cause:4, boot mode:(3,7)

wdt reset
load 0x4010f000, len 1384, room 16 
tail 8
chksum 0x2d
csum 0x2d
v8b899c12
~ld


6.01
 0h00:04.984 2022/10/04T05:53:05z: DS3231
 0h00:04.999 2022/10/04T05:53:05z: BME280 (0x76)
 0h00:05.013 2022/10/04T05:53:05z: 84:f3:eb:7d:7:a8
 0h00:05.015 2022/10/04T05:53:05z: SSID: MU Open
 0h00:05.020 2022/10/04T05:53:05z: AP_STAR tmr
 ets Jan  8 2013,rst cause:4, boot mode:(3,7)

wdt reset
load 0x4010f000, len 1384, room 16 
tail 8
chksum 0x2d
csum 0x2d
v8b899c12
~ld


6.01
 0h00:05.006 2022/10/04T06:13:09z: DS3231
 0h00:05.022 2022/10/04T06:13:09z: BME280 (0x76)
 0h00:05.036 2022/10/04T06:13:09z: 84:f3:eb:7d:7:a8
 0h00:05.038 2022/10/04T06:13:09z: SSID: MU Open
 0h00:05.043 2022/10/04T06:13:09z: AP_STAR tmr
 ets Jan  8 2013,rst cause:4, boot mode:(3,7)

wdt reset
load 0x4010f000, len 1384, room 16 
tail 8
chksum 0x2d
csum 0x2d
v8b899c12
~ld


6.01
 0h00:05.017 2022/10/04T06:33:14z: DS3231
 0h00:05.033 2022/10/04T06:33:14z: BME280 (0x76)
 0h00:05.047 2022/10/04T06:33:14z: 84:f3:eb:7d:7:a8
 0h00:05.048 2022/10/04T06:33:14z: SSID: MU Open
 0h00:05.054 2022/10/04T06:33:14z: AP_STAR tmr
 ets Jan  8 2013,rst cause:4, boot mode:(3,7)

wdt reset
load 0x4010f000, len 1384, room 16 
tail 8
chksum 0x2d
csum 0x2d
v8b899c12
~ld


6.01
 0h00:05.012 2022/10/04T06:53:18z: DS3231
 0h00:05.028 2022/10/04T06:53:18z: BME280 (0x76)
 0h00:05.042 2022/10/04T06:53:18z: 84:f3:eb:7d:7:a8
 0h00:05.044 2022/10/04T06:53:18z: SSID: MU Open
 0h00:05.049 2022/10/04T06:53:18z: AP_STAR tmr
 ets Jan  8 2013,rst cause:4, boot mode:(3,7)

wdt reset
load 0x4010f000, len 1384, room 16 
tail 8
chksum 0x2d
csum 0x2d
v8b899c12
~ld


6.01
 0h00:04.795 2022/10/04T07:13:23z: DS3231
 0h00:04.810 2022/10/04T07:13:23z: BME280 (0x76)
 0h00:04.824 2022/10/04T07:13:23z: 84:f3:eb:7d:7:a8
 0h00:04.826 2022/10/04T07:13:23z: SSID: MU Open
 0h00:04.831 2022/10/04T07:13:23z: AP_STAR tmr
 ets Jan  8 2013,rst cause:4, boot mode:(3,7)

wdt reset
load 0x4010f000, len 1384, room 16 
tail 8
chksum 0x2d
csum 0x2d
v8b899c12
~ld


6.01
 0h00:05.058 2022/10/04T07:33:27z: DS3231
 0h00:05.073 2022/10/04T07:33:27z: BME280 (0x76)
 0h00:05.087 2022/10/04T07:33:27z: 84:f3:eb:7d:7:a8
 0h00:05.089 2022/10/04T07:33:27z: SSID: MU Open
 0h00:05.094 2022/10/04T07:33:27z: AP_STAR tmr
 ets Jan  8 2013,rst cause:4, boot mode:(3,7)

wdt reset
load 0x4010f000, len 1384, room 16 
tail 8
chksum 0x2d
csum 0x2d
v8b899c12
~ld


6.01
 0h00:05.166 2022/10/04T07:53:30z: DS3231
 0h00:05.181 2022/10/04T07:53:30z: BME280 (0x76)
 0h00:05.195 2022/10/04T07:53:30z: 84:f3:eb:7d:7:a8
 0h00:05.197 2022/10/04T07:53:30z: SSID: MU Open
 0h00:05.202 2022/10/04T07:53:30z: AP_STAR tmr
 ets Jan  8 2013,rst cause:4, boot mode:(3,7)

wdt reset
load 0x4010f000, len 1384, room 16 
tail 8
chksum 0x2d
csum 0x2d
v8b899c12
~ld


6.01
 0h00:04.750 2022/10/04T08:13:35z: DS3231
 0h00:04.765 2022/10/04T08:13:35z: BME280 (0x76)
 0h00:04.780 2022/10/04T08:13:35z: 84:f3:eb:7d:7:a8
 0h00:04.781 2022/10/04T08:13:35z: SSID: MU Open
 0h00:04.786 2022/10/04T08:13:35z: AP_STAR tmr
 ets Jan  8 2013,rst cause:4, boot mode:(3,7)

wdt reset
load 0x4010f000, len 1384, room 16 
tail 8
chksum 0x2d
csum 0x2d
v8b899c12
~ld


6.01
 0h00:05.067 2022/10/04T08:33:39z: DS3231
 0h00:05.082 2022/10/04T08:33:39z: BME280 (0x76)
 0h00:05.096 2022/10/04T08:33:39z: 84:f3:eb:7d:7:a8
 0h00:05.098 2022/10/04T08:33:39z: SSID: MU Open
 0h00:05.103 2022/10/04T08:33:39z: AP_STAR tmr
 ets Jan  8 2013,rst cause:4, boot mode:(3,7)

wdt reset
load 0x4010f000, len 1384, room 16 
tail 8
chksum 0x2d
csum 0x2d
v8b899c12
~ld


6.01
 0h00:05.115 2022/10/04T08:53:44z: DS3231
 0h00:05.130 2022/10/04T08:53:44z: BME280 (0x76)
 0h00:05.144 2022/10/04T08:53:44z: 84:f3:eb:7d:7:a8
 0h00:05.146 2022/10/04T08:53:44z: SSID: MU Open
 0h00:05.151 2022/10/04T08:53:44z: AP_STAR tmr
 ets Jan  8 2013,rst cause:4, boot mode:(3,7)

wdt reset
load 0x4010f000, len 1384, room 16 
tail 8
chksum 0x2d
csum 0x2d
v8b899c12
~ld


6.01
 0h00:04.851 2022/10/04T09:13:48z: DS3231
 0h00:04.866 2022/10/04T09:13:48z: BME280 (0x76)
 0h00:04.880 2022/10/04T09:13:48z: 84:f3:eb:7d:7:a8
 0h00:04.882 2022/10/04T09:13:48z: SSID: MU Open
 0h00:04.887 2022/10/04T09:13:48z: AP_STAR tmr
 ets Jan  8 2013,rst cause:4, boot mode:(3,7)

wdt reset
load 0x4010f000, len 1384, room 16 
tail 8
chksum 0x2d
csum 0x2d
v8b899c12
~ld


6.01
 0h00:04.961 2022/10/04T09:33:52z: DS3231
 0h00:04.976 2022/10/04T09:33:52z: BME280 (0x76)
 0h00:04.990 2022/10/04T09:33:52z: 84:f3:eb:7d:7:a8
 0h00:04.992 2022/10/04T09:33:52z: SSID: MU Open
 0h00:04.997 2022/10/04T09:33:52z: AP_STAR tmr
 ets Jan  8 2013,rst cause:4, boot mode:(3,7)

wdt reset
load 0x4010f000, len 1384, room 16 
tail 8
chksum 0x2d
csum 0x2d
v8b899c12
~ld


6.01
 0h00:04.851 2022/10/04T09:53:57z: DS3231
 0h00:04.867 2022/10/04T09:53:57z: BME280 (0x76)
 0h00:04.881 2022/10/04T09:53:57z: 84:f3:eb:7d:7:a8
 0h00:04.882 2022/10/04T09:53:57z: SSID: MU Open
 0h00:04.888 2022/10/04T09:53:57z: AP_STAR tmr
 ets Jan  8 2013,rst cause:4, boot mode:(3,7)

wdt reset
load 0x4010f000, len 1384, room 16 
tail 8
chksum 0x2d
csum 0x2d
v8b899c12
~ld


6.01
 0h00:04.843 2022/10/04T10:14:01z: DS3231
 0h00:04.858 2022/10/04T10:14:01z: BME280 (0x76)
 0h00:04.872 2022/10/04T10:14:01z: 84:f3:eb:7d:7:a8
 0h00:04.874 2022/10/04T10:14:01z: SSID: MU Open
 0h00:04.879 2022/10/04T10:14:01z: AP_STAR tmr
 ets Jan  8 2013,rst cause:4, boot mode:(3,7)

wdt reset
load 0x4010f000, len 1384, room 16 
tail 8
chksum 0x2d
csum 0x2d
v8b899c12
~ld


6.01
 0h00:04.860 2022/10/04T10:34:05z: DS3231
 0h00:04.876 2022/10/04T10:34:05z: BME280 (0x76)
 0h00:04.890 2022/10/04T10:34:05z: 84:f3:eb:7d:7:a8
 0h00:04.891 2022/10/04T10:34:05z: SSID: MU Open
 0h00:04.897 2022/10/04T10:34:05z: AP_STAR tmr
 ets Jan  8 2013,rst cause:4, boot mode:(3,7)

wdt reset
load 0x4010f000, len 1384, room 16 
tail 8
chksum 0x2d
csum 0x2d
v8b899c12
~ld


6.01
 0h00:04.631 2022/10/04T10:54:08z: DS3231
 0h00:04.646 2022/10/04T10:54:08z: BME280 (0x76)
 0h00:04.661 2022/10/04T10:54:08z: 84:f3:eb:7d:7:a8
 0h00:04.662 2022/10/04T10:54:08z: SSID: MU Open
 0h00:04.667 2022/10/04T10:54:08z: AP_STAR tmr
 ets Jan  8 2013,rst cause:4, boot mode:(3,7)

wdt reset
load 0x4010f000, len 1384, room 16 
tail 8
chksum 0x2d
csum 0x2d
v8b899c12
~ld


6.01
 0h00:04.873 2022/10/04T11:14:13z: DS3231
 0h00:04.888 2022/10/04T11:14:13z: BME280 (0x76)
 0h00:04.902 2022/10/04T11:14:13z: 84:f3:eb:7d:7:a8
 0h00:04.904 2022/10/04T11:14:13z: SSID: MU Open
 0h00:04.909 2022/10/04T11:14:13z: AP_STAR tmr
 ets Jan  8 2013,rst cause:4, boot mode:(3,7)

wdt reset
load 0x4010f000, len 1384, room 16 
tail 8
chksum 0x2d
csum 0x2d
v8b899c12
~ld


6.01
 0h00:04.844 2022/10/04T11:34:18z: DS3231
 0h00:04.859 2022/10/04T11:34:18z: BME280 (0x76)
 0h00:04.873 2022/10/04T11:34:18z: 84:f3:eb:7d:7:a8
 0h00:04.875 2022/10/04T11:34:18z: SSID: MU Open
 0h00:04.880 2022/10/04T11:34:18z: AP_STAR tmr
 ets Jan  8 2013,rst cause:4, boot mode:(3,7)

wdt reset
load 0x4010f000, len 1384, room 16 
tail 8
chksum 0x2d
csum 0x2d
v8b899c12
~ld


6.01
 0h00:04.737 2022/10/04T11:54:22z: DS3231
 0h00:04.752 2022/10/04T11:54:22z: BME280 (0x76)
 0h00:04.766 2022/10/04T11:54:22z: 84:f3:eb:7d:7:a8
 0h00:04.768 2022/10/04T11:54:22z: SSID: MU Open
 0h00:04.773 2022/10/04T11:54:22z: AP_STAR tmr
 ets Jan  8 2013,rst cause:4, boot mode:(3,7)

wdt reset
load 0x4010f000, len 1384, room 16 
tail 8
chksum 0x2d
csum 0x2d
v8b899c12
~ld


6.01
 0h00:04.512 2022/10/04T12:14:26z: DS3231
 0h00:04.527 2022/10/04T12:14:26z: BME280 (0x76)
 0h00:04.541 2022/10/04T12:14:26z: 84:f3:eb:7d:7:a8
 0h00:04.543 2022/10/04T12:14:26z: SSID: MU Open
 0h00:04.548 2022/10/04T12:14:26z: AP_STAR tmr
 ets Jan  8 2013,rst cause:4, boot mode:(3,7)

wdt reset
load 0x4010f000, len 1384, room 16 
tail 8
chksum 0x2d
csum 0x2d
v8b899c12
~ld


6.01
 0h00:04.670 2022/10/04T12:34:30z: DS3231
 0h00:04.685 2022/10/04T12:34:30z: BME280 (0x76)
 0h00:04.700 2022/10/04T12:34:30z: 84:f3:eb:7d:7:a8
 0h00:04.701 2022/10/04T12:34:30z: SSID: MU Open
 0h00:04.706 2022/10/04T12:34:30z: AP_STAR tmr
 ets Jan  8 2013,rst cause:4, boot mode:(3,7)

wdt reset
load 0x4010f000, len 1384, room 16 
tail 8
chksum 0x2d
csum 0x2d
v8b899c12
~ld


6.01
 0h00:04.610 2022/10/04T12:54:34z: DS3231
 0h00:04.625 2022/10/04T12:54:34z: BME280 (0x76)
 0h00:04.639 2022/10/04T12:54:34z: 84:f3:eb:7d:7:a8
 0h00:04.641 2022/10/04T12:54:34z: SSID: MU Open
 0h00:04.646 2022/10/04T12:54:34z: AP_STAR tmr
 ets Jan  8 2013,rst cause:4, boot mode:(3,7)

wdt reset
load 0x4010f000, len 1384, room 16 
tail 8
chksum 0x2d
csum 0x2d
v8b899c12
~ld


6.01
 0h00:04.644 2022/10/04T13:14:37z: DS3231
 0h00:04.659 2022/10/04T13:14:37z: BME280 (0x76)
 0h00:04.673 2022/10/04T13:14:37z: 84:f3:eb:7d:7:a8
 0h00:04.675 2022/10/04T13:14:37z: SSID: MU Open
 0h00:04.680 2022/10/04T13:14:37z: AP_STAR tmr
 ets Jan  8 2013,rst cause:4, boot mode:(3,7)

wdt reset
load 0x4010f000, len 1384, room 16 
tail 8
chksum 0x2d
csum 0x2d
v8b899c12
~ld


6.01
 0h00:04.740 2022/10/04T13:34:41z: DS3231
 0h00:04.755 2022/10/04T13:34:41z: BME280 (0x76)
 0h00:04.770 2022/10/04T13:34:41z: 84:f3:eb:7d:7:a8
 0h00:04.771 2022/10/04T13:34:41z: SSID: MU Open
 0h00:04.777 2022/10/04T13:34:41z: AP_STAR tmr
 ets Jan  8 2013,rst cause:4, boot mode:(3,7)

wdt reset
load 0x4010f000, len 1384, room 16 
tail 8
chksum 0x2d
csum 0x2d
v8b899c12
~ld


6.01
 0h00:04.318 2022/10/04T13:54:44z: DS3231
 0h00:04.333 2022/10/04T13:54:44z: BME280 (0x76)
 0h00:04.347 2022/10/04T13:54:45z: 84:f3:eb:7d:7:a8
 0h00:04.349 2022/10/04T13:54:45z: SSID: MU Open
 0h00:04.354 2022/10/04T13:54:45z: AP_STAR tmr
 ets Jan  8 2013,rst cause:4, boot mode:(3,7)

wdt reset
load 0x4010f000, len 1384, room 16 
tail 8
chksum 0x2d
csum 0x2d
v8b899c12
~ld


6.01
 0h00:04.782 2022/10/04T14:14:48z: DS3231
 0h00:04.798 2022/10/04T14:14:48z: BME280 (0x76)
 0h00:04.812 2022/10/04T14:14:48z: 84:f3:eb:7d:7:a8
 0h00:04.813 2022/10/04T14:14:48z: SSID: MU Open
 0h00:04.819 2022/10/04T14:14:48z: AP_STAR tmr
 ets Jan  8 2013,rst cause:4, boot mode:(3,7)

wdt reset
load 0x4010f000, len 1384, room 16 
tail 8
chksum 0x2d
csum 0x2d
v8b899c12
~ld


6.01
 0h00:04.753 2022/10/04T14:34:52z: DS3231
 0h00:04.768 2022/10/04T14:34:52z: BME280 (0x76)
 0h00:04.783 2022/10/04T14:34:52z: 84:f3:eb:7d:7:a8
 0h00:04.784 2022/10/04T14:34:52z: SSID: MU Open
 0h00:04.789 2022/10/04T14:34:52z: AP_STAR tmr
 ets Jan  8 2013,rst cause:4, boot mode:(3,7)

wdt reset
load 0x4010f000, len 1384, room 16 
tail 8
chksum 0x2d
csum 0x2d
v8b899c12
~ld


6.01
 0h00:04.548 2022/10/04T14:54:55z: DS3231
 0h00:04.564 2022/10/04T14:54:55z: BME280 (0x76)
 0h00:04.578 2022/10/04T14:54:55z: 84:f3:eb:7d:7:a8
 0h00:04.579 2022/10/04T14:54:55z: SSID: MU Open
 0h00:04.585 2022/10/04T14:54:55z: AP_STAR tmr
 ets Jan  8 2013,rst cause:4, boot mode:(3,7)

wdt reset
load 0x4010f000, len 1384, room 16 
tail 8
chksum 0x2d
csum 0x2d
v8b899c12
~ld


6.01
 0h00:04.546 2022/10/04T15:14:59z: DS3231
 0h00:04.561 2022/10/04T15:14:59z: BME280 (0x76)
 0h00:04.575 2022/10/04T15:14:59z: 84:f3:eb:7d:7:a8
 0h00:04.577 2022/10/04T15:14:59z: SSID: MU Open
 0h00:04.582 2022/10/04T15:14:59z: AP_STAR tmr
 ets Jan  8 2013,rst cause:4, boot mode:(3,7)

wdt reset
load 0x4010f000, len 1384, room 16 
tail 8
chksum 0x2d
csum 0x2d
v8b899c12
~ld


6.01
 0h00:04.301 2022/10/04T15:35:02z: DS3231
 0h00:04.316 2022/10/04T15:35:02z: BME280 (0x76)
 0h00:04.330 2022/10/04T15:35:02z: 84:f3:eb:7d:7:a8
 0h00:04.332 2022/10/04T15:35:02z: SSID: MU Open
 0h00:04.337 2022/10/04T15:35:02z: AP_STAR tmr
 ets Jan  8 2013,rst cause:4, boot mode:(3,7)

wdt reset
load 0x4010f000, len 1384, room 16 
tail 8
chksum 0x2d
csum 0x2d
v8b899c12
~ld


6.01
 0h00:04.797 2022/10/04T15:55:05z: DS3231
 0h00:04.812 2022/10/04T15:55:05z: BME280 (0x76)
 0h00:04.826 2022/10/04T15:55:05z: 84:f3:eb:7d:7:a8
 0h00:04.828 2022/10/04T15:55:05z: SSID: MU Open
 0h00:04.833 2022/10/04T15:55:05z: AP_STAR tmr
 ets Jan  8 2013,rst cause:4, boot mode:(3,7)

wdt reset
load 0x4010f000, len 1384, room 16 
tail 8
chksum 0x2d
csum 0x2d
v8b899c12
~ld


6.01
 0h00:04.618 2022/10/04T16:15:08z: DS3231
 0h00:04.634 2022/10/04T16:15:08z: BME280 (0x76)
 0h00:04.648 2022/10/04T16:15:08z: 84:f3:eb:7d:7:a8
 0h00:04.650 2022/10/04T16:15:08z: SSID: MU Open
 0h00:04.655 2022/10/04T16:15:08z: AP_STAR tmr
 ets Jan  8 2013,rst cause:4, boot mode:(3,7)

wdt reset
load 0x4010f000, len 1384, room 16 
tail 8
chksum 0x2d
csum 0x2d
v8b899c12
~ld


6.01
 0h00:04.578 2022/10/04T16:35:12z: DS3231
 0h00:04.593 2022/10/04T16:35:12z: BME280 (0x76)
 0h00:04.607 2022/10/04T16:35:12z: 84:f3:eb:7d:7:a8
 0h00:04.609 2022/10/04T16:35:12z: SSID: MU Open
 0h00:04.614 2022/10/04T16:35:12z: AP_STAR tmr
 ets Jan  8 2013,rst cause:4, boot mode:(3,7)

wdt reset
load 0x4010f000, len 1384, room 16 
tail 8
chksum 0x2d
csum 0x2d
v8b899c12
~ld


6.01
 0h00:04.567 2022/10/04T16:55:16z: DS3231
 0h00:04.582 2022/10/04T16:55:16z: BME280 (0x76)
 0h00:04.596 2022/10/04T16:55:16z: 84:f3:eb:7d:7:a8
 0h00:04.598 2022/10/04T16:55:16z: SSID: MU Open
 0h00:04.603 2022/10/04T16:55:16z: AP_STAR tmr
 ets Jan  8 2013,rst cause:4, boot mode:(3,7)

wdt reset
load 0x4010f000, len 1384, room 16 
tail 8
chksum 0x2d
csum 0x2d
v8b899c12
~ld


6.01
 0h00:04.759 2022/10/04T17:15:19z: DS3231
 0h00:04.774 2022/10/04T17:15:19z: BME280 (0x76)
 0h00:04.789 2022/10/04T17:15:19z: 84:f3:eb:7d:7:a8
 0h00:04.790 2022/10/04T17:15:19z: SSID: MU Open
 0h00:04.795 2022/10/04T17:15:19z: AP_STAR tmr
 ets Jan  8 2013,rst cause:4, boot mode:(3,7)

wdt reset
load 0x4010f000, len 1384, room 16 
tail 8
chksum 0x2d
csum 0x2d
v8b899c12
~ld


6.01
 0h00:04.708 2022/10/04T17:35:23z: DS3231
 0h00:04.723 2022/10/04T17:35:23z: BME280 (0x76)
 0h00:04.737 2022/10/04T17:35:23z: 84:f3:eb:7d:7:a8
 0h00:04.739 2022/10/04T17:35:23z: SSID: MU Open
 0h00:04.744 2022/10/04T17:35:23z: AP_STAR tmr
 ets Jan  8 2013,rst cause:4, boot mode:(3,7)

wdt reset
load 0x4010f000, len 1384, room 16 
tail 8
chksum 0x2d
csum 0x2d
v8b899c12
~ld


6.01
 0h00:04.615 2022/10/04T17:55:26z: DS3231
 0h00:04.630 2022/10/04T17:55:26z: BME280 (0x76)
 0h00:04.645 2022/10/04T17:55:26z: 84:f3:eb:7d:7:a8
 0h00:04.646 2022/10/04T17:55:26z: SSID: MU Open
 0h00:04.651 2022/10/04T17:55:26z: AP_STAR tmr
 ets Jan  8 2013,rst cause:4, boot mode:(3,7)

wdt reset
load 0x4010f000, len 1384, room 16 
tail 8
chksum 0x2d
csum 0x2d
v8b899c12
~ld


6.01
 0h00:04.420 2022/10/04T18:15:28z: DS3231
 0h00:04.435 2022/10/04T18:15:28z: BME280 (0x76)
 0h00:04.450 2022/10/04T18:15:28z: 84:f3:eb:7d:7:a8
 0h00:04.451 2022/10/04T18:15:28z: SSID: MU Open
 0h00:04.456 2022/10/04T18:15:28z: AP_STAR tmr
 ets Jan  8 2013,rst cause:4, boot mode:(3,7)

wdt reset
load 0x4010f000, len 1384, room 16 
tail 8
chksum 0x2d
csum 0x2d
v8b899c12
~ld


6.01
 0h00:04.567 2022/10/04T18:35:33z: DS3231
 0h00:04.583 2022/10/04T18:35:33z: BME280 (0x76)
 0h00:04.597 2022/10/04T18:35:33z: 84:f3:eb:7d:7:a8
 0h00:04.599 2022/10/04T18:35:33z: SSID: MU Open
 0h00:04.604 2022/10/04T18:35:33z: AP_STAR tmr
 ets Jan  8 2013,rst cause:4, boot mode:(3,7)

wdt reset
load 0x4010f000, len 1384, room 16 
tail 8
chksum 0x2d
csum 0x2d
v8b899c12
~ld


6.01
 0h00:04.108 2022/10/04T18:55:37z: DS3231
 0h00:04.124 2022/10/04T18:55:37z: BME280 (0x76)
 0h00:04.138 2022/10/04T18:55:37z: 84:f3:eb:7d:7:a8
 0h00:04.140 2022/10/04T18:55:37z: SSID: MU Open
 0h00:04.145 2022/10/04T18:55:37z: AP_STAR tmr
 ets Jan  8 2013,rst cause:4, boot mode:(3,7)

wdt reset
load 0x4010f000, len 1384, room 16 
tail 8
chksum 0x2d
csum 0x2d
v8b899c12
~ld


6.01
 0h00:04.448 2022/10/04T19:15:40z: DS3231
 0h00:04.463 2022/10/04T19:15:40z: BME280 (0x76)
 0h00:04.477 2022/10/04T19:15:40z: 84:f3:eb:7d:7:a8
 0h00:04.479 2022/10/04T19:15:40z: SSID: MU Open
 0h00:04.484 2022/10/04T19:15:40z: AP_STAR tmr
 ets Jan  8 2013,rst cause:4, boot mode:(3,7)

wdt reset
load 0x4010f000, len 1384, room 16 
tail 8
chksum 0x2d
csum 0x2d
v8b899c12
~ld


6.01
 0h00:04.498 2022/10/04T19:35:43z: DS3231
 0h00:04.513 2022/10/04T19:35:43z: BME280 (0x76)
 0h00:04.527 2022/10/04T19:35:43z: 84:f3:eb:7d:7:a8
 0h00:04.529 2022/10/04T19:35:43z: SSID: MU Open
 0h00:04.534 2022/10/04T19:35:44z: AP_STAR tmr
 ets Jan  8 2013,rst cause:4, boot mode:(3,7)

wdt reset
load 0x4010f000, len 1384, room 16 
tail 8
chksum 0x2d
csum 0x2d
v8b899c12
~ld


6.01
 0h00:04.063 2022/10/04T19:55:46z: DS3231
 0h00:04.079 2022/10/04T19:55:46z: BME280 (0x76)
 0h00:04.093 2022/10/04T19:55:46z: 84:f3:eb:7d:7:a8
 0h00:04.094 2022/10/04T19:55:46z: SSID: MU Open
 0h00:04.100 2022/10/04T19:55:46z: AP_STAR tmr
 ets Jan  8 2013,rst cause:4, boot mode:(3,7)

wdt reset
load 0x4010f000, len 1384, room 16 
tail 8
chksum 0x2d
csum 0x2d
v8b899c12
~ld


6.01
 0h00:04.317 2022/10/04T20:15:49z: DS3231
 0h00:04.332 2022/10/04T20:15:49z: BME280 (0x76)
 0h00:04.346 2022/10/04T20:15:49z: 84:f3:eb:7d:7:a8
 0h00:04.348 2022/10/04T20:15:49z: SSID: MU Open
 0h00:04.353 2022/10/04T20:15:49z: AP_STAR tmr
 ets Jan  8 2013,rst cause:4, boot mode:(3,7)

wdt reset
load 0x4010f000, len 1384, room 16 
tail 8
chksum 0x2d
csum 0x2d
v8b899c12
~ld


6.01
 0h00:04.270 2022/10/04T20:35:51z: DS3231
 0h00:04.285 2022/10/04T20:35:51z: BME280 (0x76)
 0h00:04.299 2022/10/04T20:35:51z: 84:f3:eb:7d:7:a8
 0h00:04.301 2022/10/04T20:35:51z: SSID: MU Open
 0h00:04.306 2022/10/04T20:35:51z: AP_STAR tmr
 ets Jan  8 2013,rst cause:4, boot mode:(3,7)

wdt reset
load 0x4010f000, len 1384, room 16 
tail 8
chksum 0x2d
csum 0x2d
v8b899c12
~ld


6.01
 0h00:04.261 2022/10/04T20:55:54z: DS3231
 0h00:04.276 2022/10/04T20:55:54z: BME280 (0x76)
 0h00:04.291 2022/10/04T20:55:54z: 84:f3:eb:7d:7:a8
 0h00:04.292 2022/10/04T20:55:54z: SSID: MU Open
 0h00:04.297 2022/10/04T20:55:54z: AP_STAR tmr
 ets Jan  8 2013,rst cause:4, boot mode:(3,7)

wdt reset
load 0x4010f000, len 1384, room 16 
tail 8
chksum 0x2d
csum 0x2d
v8b899c12
~ld


6.01
 0h00:04.211 2022/10/04T21:15:57z: DS3231
 0h00:04.226 2022/10/04T21:15:57z: BME280 (0x76)
 0h00:04.240 2022/10/04T21:15:57z: 84:f3:eb:7d:7:a8
 0h00:04.242 2022/10/04T21:15:57z: SSID: MU Open
 0h00:04.247 2022/10/04T21:15:57z: AP_STAR tmr
 ets Jan  8 2013,rst cause:4, boot mode:(3,7)

wdt reset
load 0x4010f000, len 1384, room 16 
tail 8
chksum 0x2d
csum 0x2d
v8b899c12
~ld


6.01
 0h00:04.407 2022/10/04T21:36:00z: DS3231
 0h00:04.422 2022/10/04T21:36:00z: BME280 (0x76)
 0h00:04.437 2022/10/04T21:36:00z: 84:f3:eb:7d:7:a8
 0h00:04.438 2022/10/04T21:36:00z: SSID: MU Open
 0h00:04.443 2022/10/04T21:36:00z: AP_STAR tmr
 ets Jan  8 2013,rst cause:4, boot mode:(3,7)

wdt reset
load 0x4010f000, len 1384, room 16 
tail 8
chksum 0x2d
csum 0x2d
v8b899c12
~ld


6.01
 0h00:04.243 2022/10/04T21:56:02z: DS3231
 0h00:04.258 2022/10/04T21:56:02z: BME280 (0x76)
 0h00:04.272 2022/10/04T21:56:02z: 84:f3:eb:7d:7:a8
 0h00:04.274 2022/10/04T21:56:02z: SSID: MU Open
 0h00:04.279 2022/10/04T21:56:02z: AP_STAR tmr
 ets Jan  8 2013,rst cause:4, boot mode:(3,7)

wdt reset
load 0x4010f000, len 1384, room 16 
tail 8
chksum 0x2d
csum 0x2d
v8b899c12
~ld


6.01
 0h00:04.270 2022/10/04T22:16:05z: DS3231
 0h00:04.285 2022/10/04T22:16:05z: BME280 (0x76)
 0h00:04.300 2022/10/04T22:16:05z: 84:f3:eb:7d:7:a8
 0h00:04.301 2022/10/04T22:16:05z: SSID: MU Open
 0h00:04.306 2022/10/04T22:16:05z: AP_STAR tmr
 ets Jan  8 2013,rst cause:4, boot mode:(3,7)

wdt reset
load 0x4010f000, len 1384, room 16 
tail 8
chksum 0x2d
csum 0x2d
v8b899c12
~ld


6.01
 0h00:04.399 2022/10/04T22:36:08z: DS3231
 0h00:04.415 2022/10/04T22:36:08z: BME280 (0x76)
 0h00:04.429 2022/10/04T22:36:08z: 84:f3:eb:7d:7:a8
 0h00:04.430 2022/10/04T22:36:08z: SSID: MU Open
 0h00:04.436 2022/10/04T22:36:08z: AP_STAR tmr
 ets Jan  8 2013,rst cause:4, boot mode:(3,7)

wdt reset
load 0x4010f000, len 1384, room 16 
tail 8
chksum 0x2d
csum 0x2d
v8b899c12
~ld


6.01
 0h00:04.388 2022/10/04T22:56:11z: DS3231
 0h00:04.404 2022/10/04T22:56:11z: BME280 (0x76)
 0h00:04.418 2022/10/04T22:56:11z: 84:f3:eb:7d:7:a8
 0h00:04.420 2022/10/04T22:56:11z: SSID: MU Open
 0h00:04.425 2022/10/04T22:56:11z: AP_STAR tmr
 ets Jan  8 2013,rst cause:4, boot mode:(3,7)

wdt reset
load 0x4010f000, len 1384, room 16 
tail 8
chksum 0x2d
csum 0x2d
v8b899c12
~ld


6.01
 0h00:04.692 2022/10/04T23:16:15z: DS3231
 0h00:04.708 2022/10/04T23:16:15z: BME280 (0x76)
 0h00:04.722 2022/10/04T23:16:15z: 84:f3:eb:7d:7:a8
 0h00:04.724 2022/10/04T23:16:15z: SSID: MU Open
 0h00:04.729 2022/10/04T23:16:15z: AP_STAR tmr
 ets Jan  8 2013,rst cause:4, boot mode:(3,7)

wdt reset
load 0x4010f000, len 1384, room 16 
tail 8
chksum 0x2d
csum 0x2d
v8b899c12
~ld


6.01
 0h00:04.784 2022/10/04T23:36:18z: DS3231
 0h00:04.799 2022/10/04T23:36:18z: BME280 (0x76)
 0h00:04.813 2022/10/04T23:36:18z: 84:f3:eb:7d:7:a8
 0h00:04.815 2022/10/04T23:36:18z: SSID: MU Open
 0h00:04.820 2022/10/04T23:36:18z: AP_STAR tmr
 ets Jan  8 2013,rst cause:4, boot mode:(3,7)

wdt reset
load 0x4010f000, len 1384, room 16 
tail 8
chksum 0x2d
csum 0x2d
v8b899c12
~ld


6.01
 0h00:04.391 2022/10/04T23:56:21z: DS3231
 0h00:04.406 2022/10/04T23:56:21z: BME280 (0x76)
 0h00:04.420 2022/10/04T23:56:21z: 84:f3:eb:7d:7:a8
 0h00:04.422 2022/10/04T23:56:21z: SSID: MU Open
 0h00:04.427 2022/10/04T23:56:21z: AP_STA