R tmr
 ets Jan  8 2013,rst cause:4, boot mode:(3,7)

wdt reset
load 0x4010f000, len 1384, room 16 
tail 8
chksum 0x2d
csum 0x2d
v8b899c12
~ld


6.01
 0h00:04.657 2022/03/20T00:17:56z: DS3231
 0h00:04.672 2022/03/20T00:17:56z: BME280 (0x76)
 0h00:04.686 2022/03/20T00:17:56z: 84:f3:eb:7d:7:a8
 0h00:04.688 2022/03/20T00:17:56z: SSID: MU Open
 0h00:04.693 2022/03/20T00:17:56z: AP_STAR tmr
 ets Jan  8 2013,rst cause:4, boot mode:(3,7)

wdt reset
load 0x4010f000, len 1384, room 16 
tail 8
chksum 0x2d
csum 0x2d
v8b899c12
~ld


6.01
 0h00:04.698 2022/03/20T00:37:57z: DS3231
 0h00:04.713 2022/03/20T00:37:57z: BME280 (0x76)
 0h00:04.727 2022/03/20T00:37:57z: 84:f3:eb:7d:7:a8
 0h00:04.729 2022/03/20T00:37:57z: SSID: MU Open
 0h00:04.734 2022/03/20T00:37:57z: AP_STAR tmr
 ets Jan  8 2013,rst cause:4, boot mode:(3,7)

wdt reset
load 0x4010f000, len 1384, room 16 
tail 8
chksum 0x2d
csum 0x2d
v8b899c12
~ld


6.01
 0h00:04.790 2022/03/20T00:57:59z: DS3231
 0h00:04.805 2022/03/20T00:57:59z: BME280 (0x76)
 0h00:04.819 2022/03/20T00:57:59z: 84:f3:eb:7d:7:a8
 0h00:04.821 2022/03/20T00:57:59z: SSID: MU Open
 0h00:04.826 2022/03/20T00:57:59z: AP_STAR tmr
 ets Jan  8 2013,rst cause:4, boot mode:(3,7)

wdt reset
load 0x4010f000, len 1384, room 16 
tail 8
chksum 0x2d
csum 0x2d
v8b899c12
~ld


6.01
 0h00:04.539 2022/03/20T01:18:01z: DS3231
 0h00:04.554 2022/03/20T01:18:01z: BME280 (0x76)
 0h00:04.568 2022/03/20T01:18:01z: 84:f3:eb:7d:7:a8
 0h00:04.570 2022/03/20T01:18:01z: SSID: MU Open
 0h00:04.575 2022/03/20T01:18:01z: AP_STAR tmr
 ets Jan  8 2013,rst cause:4, boot mode:(3,7)

wdt reset
load 0x4010f000, len 1384, room 16 
tail 8
chksum 0x2d
csum 0x2d
v8b899c12
~ld


6.01
 0h00:04.563 2022/03/20T01:38:02z: DS3231
 0h00:04.578 2022/03/20T01:38:02z: BME280 (0x76)
 0h00:04.592 2022/03/20T01:38:02z: 84:f3:eb:7d:7:a8
 0h00:04.594 2022/03/20T01:38:02z: SSID: MU Open
 0h00:04.599 2022/03/20T01:38:02z: AP_STAR tmr
 ets Jan  8 2013,rst cause:4, boot mode:(3,7)

wdt reset
load 0x4010f000, len 1384, room 16 
tail 8
chksum 0x2d
csum 0x2d
v8b899c12
~ld


6.01
 0h00:04.688 2022/03/20T01:58:03z: DS3231
 0h00:04.704 2022/03/20T01:58:03z: BME280 (0x76)
 0h00:04.718 2022/03/20T01:58:03z: 84:f3:eb:7d:7:a8
 0h00:04.719 2022/03/20T01:58:03z: SSID: MU Open
 0h00:04.725 2022/03/20T01:58:03z: AP_STAR tmr
 ets Jan  8 2013,rst cause:4, boot mode:(3,7)

wdt reset
load 0x4010f000, len 1384, room 16 
tail 8
chksum 0x2d
csum 0x2d
v8b899c12
~ld


6.01
 0h00:04.619 2022/03/20T02:18:05z: DS3231
 0h00:04.634 2022/03/20T02:18:05z: BME280 (0x76)
 0h00:04.648 2022/03/20T02:18:05z: 84:f3:eb:7d:7:a8
 0h00:04.650 2022/03/20T02:18:05z: SSID: MU Open
 0h00:04.655 2022/03/20T02:18:05z: AP_STAR tmr
 ets Jan  8 2013,rst cause:4, boot mode:(3,7)

wdt reset
load 0x4010f000, len 1384, room 16 
tail 8
chksum 0x2d
csum 0x2d
v8b899c12
~ld


6.01
 0h00:04.996 2022/03/20T02:38:07z: DS3231
 0h00:05.011 2022/03/20T02:38:07z: BME280 (0x76)
 0h00:05.026 2022/03/20T02:38:07z: 84:f3:eb:7d:7:a8
 0h00:05.027 2022/03/20T02:38:07z: SSID: MU Open
 0h00:05.032 2022/03/20T02:38:07z: AP_STAR tmr
 ets Jan  8 2013,rst cause:4, boot mode:(3,7)

wdt reset
load 0x4010f000, len 1384, room 16 
tail 8
chksum 0x2d
csum 0x2d
v8b899c12
~ld


6.01
 0h00:04.942 2022/03/20T02:58:09z: DS3231
 0h00:04.957 2022/03/20T02:58:09z: BME280 (0x76)
 0h00:04.971 2022/03/20T02:58:09z: 84:f3:eb:7d:7:a8
 0h00:04.973 2022/03/20T02:58:09z: SSID: MU Open
 0h00:04.978 2022/03/20T02:58:09z: AP_STAR tmr
 ets Jan  8 2013,rst cause:4, boot mode:(3,7)

wdt reset
load 0x4010f000, len 1384, room 16 
tail 8
chksum 0x2d
csum 0x2d
v8b899c12
~ld


6.01
 0h00:05.035 2022/03/20T03:18:11z: DS3231
 0h00:05.050 2022/03/20T03:18:11z: BME280 (0x76)
 0h00:05.064 2022/03/20T03:18:11z: 84:f3:eb:7d:7:a8
 0h00:05.066 2022/03/20T03:18:11z: SSID: MU Open
 0h00:05.071 2022/03/20T03:18:11z: AP_STAR tmr
 ets Jan  8 2013,rst cause:4, boot mode:(3,7)

wdt reset
load 0x4010f000, len 1384, room 16 
tail 8
chksum 0x2d
csum 0x2d
v8b899c12
~ld


6.01
 0h00:04.896 2022/03/20T03:38:13z: DS3231
 0h00:04.911 2022/03/20T03:38:13z: BME280 (0x76)
 0h00:04.926 2022/03/20T03:38:13z: 84:f3:eb:7d:7:a8
 0h00:04.927 2022/03/20T03:38:13z: SSID: MU Open
 0h00:04.932 2022/03/20T03:38:13z: AP_STAR tmr
 ets Jan  8 2013,rst cause:4, boot mode:(3,7)

wdt reset
load 0x4010f000, len 1384, room 16 
tail 8
chksum 0x2d
csum 0x2d
v8b899c12
~ld


6.01
 0h00:04.717 2022/03/20T03:58:15z: DS3231
 0h00:04.732 2022/03/20T03:58:15z: BME280 (0x76)
 0h00:04.746 2022/03/20T03:58:16z: 84:f3:eb:7d:7:a8
 0h00:04.748 2022/03/20T03:58:16z: SSID: MU Open
 0h00:04.753 2022/03/20T03:58:16z: AP_STAR tmr
 ets Jan  8 2013,rst cause:4, boot mode:(3,7)

wdt reset
load 0x4010f000, len 1384, room 16 
tail 8
chksum 0x2d
csum 0x2d
v8b899c12
~ld


6.01
 0h00:04.933 2022/03/20T04:18:18z: DS3231
 0h00:04.948 2022/03/20T04:18:18z: BME280 (0x76)
 0h00:04.962 2022/03/20T04:18:18z: 84:f3:eb:7d:7:a8
 0h00:04.964 2022/03/20T04:18:18z: SSID: MU Open
 0h00:04.969 2022/03/20T04:18:18z: AP_STAR tmr
 ets Jan  8 2013,rst cause:4, boot mode:(3,7)

wdt reset
load 0x4010f000, len 1384, room 16 
tail 8
chksum 0x2d
csum 0x2d
v8b899c12
~ld


6.01
 0h00:04.585 2022/03/20T04:38:20z: DS3231
 0h00:04.600 2022/03/20T04:38:20z: BME280 (0x76)
 0h00:04.615 2022/03/20T04:38:20z: 84:f3:eb:7d:7:a8
 0h00:04.616 2022/03/20T04:38:20z: SSID: MU Open
 0h00:04.621 2022/03/20T04:38:20z: AP_STAR tmr
 ets Jan  8 2013,rst cause:4, boot mode:(3,7)

wdt reset
load 0x4010f000, len 1384, room 16 
tail 8
chksum 0x2d
csum 0x2d
v8b899c12
~ld


6.01
 0h00:04.862 2022/03/20T04:58:22z: DS3231
 0h00:04.877 2022/03/20T04:58:22z: BME280 (0x76)
 0h00:04.892 2022/03/20T04:58:22z: 84:f3:eb:7d:7:a8
 0h00:04.893 2022/03/20T04:58:22z: SSID: MU Open
 0h00:04.898 2022/03/20T04:58:22z: AP_STAR tmr
 ets Jan  8 2013,rst cause:4, boot mode:(3,7)

wdt reset
load 0x4010f000, len 1384, room 16 
tail 8
chksum 0x2d
csum 0x2d
v8b899c12
~ld


6.01
 0h00:04.881 2022/03/20T05:18:24z: DS3231
 0h00:04.896 2022/03/20T05:18:24z: BME280 (0x76)
 0h00:04.910 2022/03/20T05:18:24z: 84:f3:eb:7d:7:a8
 0h00:04.912 2022/03/20T05:18:24z: SSID: MU Open
 0h00:04.917 2022/03/20T05:18:24z: AP_STAR tmr
 ets Jan  8 2013,rst cause:4, boot mode:(3,7)

wdt reset
load 0x4010f000, len 1384, room 16 
tail 8
chksum 0x2d
csum 0x2d
v8b899c12
~ld


6.01
 0h00:05.176 2022/03/20T05:38:26z: DS3231
 0h00:05.192 2022/03/20T05:38:26z: BME280 (0x76)
 0h00:05.206 2022/03/20T05:38:26z: 84:f3:eb:7d:7:a8
 0h00:05.208 2022/03/20T05:38:26z: SSID: MU Open
 0h00:05.213 2022/03/20T05:38:26z: AP_STAR tmr
 ets Jan  8 2013,rst cause:4, boot mode:(3,7)

wdt reset
load 0x4010f000, len 1384, room 16 
tail 8
chksum 0x2d
csum 0x2d
v8b899c12
~ld


6.01
 0h00:05.036 2022/03/20T05:58:29z: DS3231
 0h00:05.051 2022/03/20T05:58:29z: BME280 (0x76)
 0h00:05.066 2022/03/20T05:58:29z: 84:f3:eb:7d:7:a8
 0h00:05.067 2022/03/20T05:58:29z: SSID: MU Open
 0h00:05.072 2022/03/20T05:58:29z: AP_STAR tmr
 ets Jan  8 2013,rst cause:4, boot mode:(3,7)

wdt reset
load 0x4010f000, len 1384, room 16 
tail 8
chksum 0x2d
csum 0x2d
v8b899c12
~ld


6.01
 0h00:04.826 2022/03/20T06:18:31z: DS3231
 0h00:04.841 2022/03/20T06:18:31z: BME280 (0x76)
 0h00:04.855 2022/03/20T06:18:31z: 84:f3:eb:7d:7:a8
 0h00:04.857 2022/03/20T06:18:31z: SSID: MU Open
 0h00:04.862 2022/03/20T06:18:31z: AP_STAR tmr
 ets Jan  8 2013,rst cause:4, boot mode:(3,7)

wdt reset
load 0x4010f000, len 1384, room 16 
tail 8
chksum 0x2d
csum 0x2d
v8b899c12
~ld


6.01
 0h00:04.934 2022/03/20T06:38:34z: DS3231
 0h00:04.949 2022/03/20T06:38:34z: BME280 (0x76)
 0h00:04.964 2022/03/20T06:38:34z: 84:f3:eb:7d:7:a8
 0h00:04.965 2022/03/20T06:38:34z: SSID: MU Open
 0h00:04.970 2022/03/20T06:38:34z: AP_STAR tmr
 ets Jan  8 2013,rst cause:4, boot mode:(3,7)

wdt reset
load 0x4010f000, len 1384, room 16 
tail 8
chksum 0x2d
csum 0x2d
v8b899c12
~ld


6.01
 0h00:04.803 2022/03/20T06:58:36z: DS3231
 0h00:04.818 2022/03/20T06:58:36z: BME280 (0x76)
 0h00:04.832 2022/03/20T06:58:36z: 84:f3:eb:7d:7:a8
 0h00:04.834 2022/03/20T06:58:36z: SSID: MU Open
 0h00:04.839 2022/03/20T06:58:36z: AP_STAR tmr
 ets Jan  8 2013,rst cause:4, boot mode:(3,7)

wdt reset
load 0x4010f000, len 1384, room 16 
tail 8
chksum 0x2d
csum 0x2d
v8b899c12
~ld


6.01
 0h00:04.799 2022/03/20T07:18:38z: DS3231
 0h00:04.814 2022/03/20T07:18:38z: BME280 (0x76)
 0h00:04.828 2022/03/20T07:18:38z: 84:f3:eb:7d:7:a8
 0h00:04.830 2022/03/20T07:18:38z: SSID: MU Open
 0h00:04.835 2022/03/20T07:18:38z: AP_STAR tmr
 ets Jan  8 2013,rst cause:4, boot mode:(3,7)

wdt reset
load 0x4010f000, len 1384, room 16 
tail 8
chksum 0x2d
csum 0x2d
v8b899c12
~ld


6.01
 0h00:04.826 2022/03/20T07:38:40z: DS3231
 0h00:04.842 2022/03/20T07:38:40z: BME280 (0x76)
 0h00:04.856 2022/03/20T07:38:40z: 84:f3:eb:7d:7:a8
 0h00:04.858 2022/03/20T07:38:40z: SSID: MU Open
 0h00:04.863 2022/03/20T07:38:40z: AP_STAR tmr
 ets Jan  8 2013,rst cause:4, boot mode:(3,7)

wdt reset
load 0x4010f000, len 1384, room 16 
tail 8
chksum 0x2d
csum 0x2d
v8b899c12
~ld


6.01
 0h00:04.791 2022/03/20T07:58:42z: DS3231
 0h00:04.806 2022/03/20T07:58:42z: BME280 (0x76)
 0h00:04.820 2022/03/20T07:58:42z: 84:f3:eb:7d:7:a8
 0h00:04.822 2022/03/20T07:58:42z: SSID: MU Open
 0h00:04.827 2022/03/20T07:58:42z: AP_STAR tmr
 ets Jan  8 2013,rst cause:4, boot mode:(3,7)

wdt reset
load 0x4010f000, len 1384, room 16 
tail 8
chksum 0x2d
csum 0x2d
v8b899c12
~ld


6.01
 0h00:04.934 2022/03/20T08:18:43z: DS3231
 0h00:04.949 2022/03/20T08:18:43z: BME280 (0x76)
 0h00:04.963 2022/03/20T08:18:43z: 84:f3:eb:7d:7:a8
 0h00:04.965 2022/03/20T08:18:43z: SSID: MU Open
 0h00:04.970 2022/03/20T08:18:44z: AP_STAR tmr
 ets Jan  8 2013,rst cause:4, boot mode:(3,7)

wdt reset
load 0x4010f000, len 1384, room 16 
tail 8
chksum 0x2d
csum 0x2d
v8b899c12
~ld


6.01
 0h00:04.926 2022/03/20T08:38:46z: DS3231
 0h00:04.942 2022/03/20T08:38:46z: BME280 (0x76)
 0h00:04.956 2022/03/20T08:38:46z: 84:f3:eb:7d:7:a8
 0h00:04.958 2022/03/20T08:38:46z: SSID: MU Open
 0h00:04.963 2022/03/20T08:38:46z: AP_STAR tmr
 ets Jan  8 2013,rst cause:4, boot mode:(3,7)

wdt reset
load 0x4010f000, len 1384, room 16 
tail 8
chksum 0x2d
csum 0x2d
v8b899c12
~ld


6.01
 0h00:04.710 2022/03/20T08:58:48z: DS3231
 0h00:04.725 2022/03/20T08:58:48z: BME280 (0x76)
 0h00:04.739 2022/03/20T08:58:48z: 84:f3:eb:7d:7:a8
 0h00:04.741 2022/03/20T08:58:48z: SSID: MU Open
 0h00:04.746 2022/03/20T08:58:48z: AP_STAR tmr
 ets Jan  8 2013,rst cause:4, boot mode:(3,7)

wdt reset
load 0x4010f000, len 1384, room 16 
tail 8
chksum 0x2d
csum 0x2d
v8b899c12
~ld


6.01
 0h00:04.525 2022/03/20T09:18:50z: DS3231
 0h00:04.541 2022/03/20T09:18:50z: BME280 (0x76)
 0h00:04.555 2022/03/20T09:18:50z: 84:f3:eb:7d:7:a8
 0h00:04.557 2022/03/20T09:18:50z: SSID: MU Open
 0h00:04.562 2022/03/20T09:18:50z: AP_STAR tmr
 ets Jan  8 2013,rst cause:4, boot mode:(3,7)

wdt reset
load 0x4010f000, len 1384, room 16 
tail 8
chksum 0x2d
csum 0x2d
v8b899c12
~ld


6.01
 0h00:04.836 2022/03/20T09:38:52z: DS3231
 0h00:04.851 2022/03/20T09:38:52z: BME280 (0x76)
 0h00:04.865 2022/03/20T09:38:52z: 84:f3:eb:7d:7:a8
 0h00:04.867 2022/03/20T09:38:52z: SSID: MU Open
 0h00:04.872 2022/03/20T09:38:52z: AP_STAR tmr
 ets Jan  8 2013,rst cause:4, boot mode:(3,7)

wdt reset
load 0x4010f000, len 1384, room 16 
tail 8
chksum 0x2d
csum 0x2d
v8b899c12
~ld


6.01
 0h00:04.766 2022/03/20T09:58:54z: DS3231
 0h00:04.781 2022/03/20T09:58:54z: BME280 (0x76)
 0h00:04.795 2022/03/20T09:58:54z: 84:f3:eb:7d:7:a8
 0h00:04.797 2022/03/20T09:58:54z: SSID: MU Open
 0h00:04.802 2022/03/20T09:58:54z: AP_STAR tmr
 ets Jan  8 2013,rst cause:4, boot mode:(3,7)

wdt reset
load 0x4010f000, len 1384, room 16 
tail 8
chksum 0x2d
csum 0x2d
v8b899c12
~ld


6.01
 0h00:04.845 2022/03/20T10:18:56z: DS3231
 0h00:04.860 2022/03/20T10:18:56z: BME280 (0x76)
 0h00:04.874 2022/03/20T10:18:56z: 84:f3:eb:7d:7:a8
 0h00:04.876 2022/03/20T10:18:56z: SSID: MU Open
 0h00:04.881 2022/03/20T10:18:56z: AP_STAR tmr
 ets Jan  8 2013,rst cause:4, boot mode:(3,7)

wdt reset
load 0x4010f000, len 1384, room 16 
tail 8
chksum 0x2d
csum 0x2d
v8b899c12
~ld


6.01
 0h00:05.060 2022/03/20T10:38:58z: DS3231
 0h00:05.075 2022/03/20T10:38:58z: BME280 (0x76)
 0h00:05.089 2022/03/20T10:38:58z: 84:f3:eb:7d:7:a8
 0h00:05.091 2022/03/20T10:38:58z: SSID: MU Open
 0h00:05.096 2022/03/20T10:38:58z: AP_STAR tmr
 ets Jan  8 2013,rst cause:4, boot mode:(3,7)

wdt reset
load 0x4010f000, len 1384, room 16 
tail 8
chksum 0x2d
csum 0x2d
v8b899c12
~ld


6.01
 0h00:04.946 2022/03/20T10:59:00z: DS3231
 0h00:04.961 2022/03/20T10:59:00z: BME280 (0x76)
 0h00:04.975 2022/03/20T10:59:00z: 84:f3:eb:7d:7:a8
 0h00:04.977 2022/03/20T10:59:00z: SSID: MU Open
 0h00:04.982 2022/03/20T10:59:00z: AP_STAR tmr
 ets Jan  8 2013,rst cause:4, boot mode:(3,7)

wdt reset
load 0x4010f000, len 1384, room 16 
tail 8
chksum 0x2d
csum 0x2d
v8b899c12
~ld


6.01
 0h00:05.004 2022/03/20T11:19:02z: DS3231
 0h00:05.019 2022/03/20T11:19:02z: BME280 (0x76)
 0h00:05.033 2022/03/20T11:19:02z: 84:f3:eb:7d:7:a8
 0h00:05.035 2022/03/20T11:19:02z: SSID: MU Open
 0h00:05.040 2022/03/20T11:19:02z: AP_STAR tmr
 ets Jan  8 2013,rst cause:4, boot mode:(3,7)

wdt reset
load 0x4010f000, len 1384, room 16 
tail 8
chksum 0x2d
csum 0x2d
v8b899c12
~ld


6.01
 0h00:04.952 2022/03/20T11:39:04z: DS3231
 0h00:04.967 2022/03/20T11:39:04z: BME280 (0x76)
 0h00:04.981 2022/03/20T11:39:04z: 84:f3:eb:7d:7:a8
 0h00:04.983 2022/03/20T11:39:04z: SSID: MU Open
 0h00:04.988 2022/03/20T11:39:04z: AP_STAR tmr
 ets Jan  8 2013,rst cause:4, boot mode:(3,7)

wdt reset
load 0x4010f000, len 1384, room 16 
tail 8
chksum 0x2d
csum 0x2d
v8b899c12
~ld


6.01
 0h00:05.047 2022/03/20T11:59:06z: DS3231
 0h00:05.062 2022/03/20T11:59:06z: BME280 (0x76)
 0h00:05.076 2022/03/20T11:59:06z: 84:f3:eb:7d:7:a8
 0h00:05.078 2022/03/20T11:59:06z: SSID: MU Open
 0h00:05.083 2022/03/20T11:59:06z: AP_STAR tmr
 ets Jan  8 2013,rst cause:4, boot mode:(3,7)

wdt reset
load 0x4010f000, len 1384, room 16 
tail 8
chksum 0x2d
csum 0x2d
v8b899c12
~ld


6.01
 0h00:04.450 2022/03/20T12:19:08z: DS3231
 0h00:04.465 2022/03/20T12:19:08z: BME280 (0x76)
 0h00:04.479 2022/03/20T12:19:08z: 84:f3:eb:7d:7:a8
 0h00:04.481 2022/03/20T12:19:08z: SSID: MU Open
 0h00:04.486 2022/03/20T12:19:08z: AP_STAR tmr
 ets Jan  8 2013,rst cause:4, boot mode:(3,7)

wdt reset
load 0x4010f000, len 1384, room 16 
tail 8
chksum 0x2d
csum 0x2d
v8b899c12
~ld


6.01
 0h00:04.900 2022/03/20T12:39:10z: DS3231
 0h00:04.916 2022/03/20T12:39:10z: BME280 (0x76)
 0h00:04.930 2022/03/20T12:39:10z: 84:f3:eb:7d:7:a8
 0h00:04.931 2022/03/20T12:39:10z: SSID: MU Open
 0h00:04.937 2022/03/20T12:39:10z: AP_STAR tmr
 ets Jan  8 2013,rst cause:4, boot mode:(3,7)

wdt reset
load 0x4010f000, len 1384, room 16 
tail 8
chksum 0x2d
csum 0x2d
v8b899c12
~ld


6.01
 0h00:04.594 2022/03/20T12:59:12z: DS3231
 0h00:04.610 2022/03/20T12:59:12z: BME280 (0x76)
 0h00:04.624 2022/03/20T12:59:12z: 84:f3:eb:7d:7:a8
 0h00:04.625 2022/03/20T12:59:12z: SSID: MU Open
 0h00:04.631 2022/03/20T12:59:12z: AP_STAR tmr
 ets Jan  8 2013,rst cause:4, boot mode:(3,7)

wdt reset
load 0x4010f000, len 1384, room 16 
tail 8
chksum 0x2d
csum 0x2d
v8b899c12
~ld


6.01
 0h00:04.986 2022/03/20T13:19:13z: DS3231
 0h00:05.001 2022/03/20T13:19:13z: BME280 (0x76)
 0h00:05.015 2022/03/20T13:19:13z: 84:f3:eb:7d:7:a8
 0h00:05.017 2022/03/20T13:19:13z: SSID: MU Open
 0h00:05.022 2022/03/20T13:19:13z: AP_STAR tmr
 ets Jan  8 2013,rst cause:4, boot mode:(3,7)

wdt reset
load 0x4010f000, len 1384, room 16 
tail 8
chksum 0x2d
csum 0x2d
v8b899c12
~ld


6.01
 0h00:04.911 2022/03/20T13:39:15z: DS3231
 0h00:04.926 2022/03/20T13:39:15z: BME280 (0x76)
 0h00:04.940 2022/03/20T13:39:15z: 84:f3:eb:7d:7:a8
 0h00:04.942 2022/03/20T13:39:15z: SSID: MU Open
 0h00:04.947 2022/03/20T13:39:15z: AP_STAR tmr
 ets Jan  8 2013,rst cause:4, boot mode:(3,7)

wdt reset
load 0x4010f000, len 1384, room 16 
tail 8
chksum 0x2d
csum 0x2d
v8b899c12
~ld


6.01
 0h00:04.883 2022/03/20T13:59:18z: DS3231
 0h00:04.898 2022/03/20T13:59:18z: BME280 (0x76)
 0h00:04.912 2022/03/20T13:59:18z: 84:f3:eb:7d:7:a8
 0h00:04.914 2022/03/20T13:59:18z: SSID: MU Open
 0h00:04.919 2022/03/20T13:59:18z: AP_STAR tmr
 ets Jan  8 2013,rst cause:4, boot mode:(3,7)

wdt reset
load 0x4010f000, len 1384, room 16 
tail 8
chksum 0x2d
csum 0x2d
v8b899c12
~ld


6.01
 0h00:04.900 2022/03/20T14:19:20z: DS3231
 0h00:04.916 2022/03/20T14:19:20z: BME280 (0x76)
 0h00:04.930 2022/03/20T14:19:20z: 84:f3:eb:7d:7:a8
 0h00:04.931 2022/03/20T14:19:20z: SSID: MU Open
 0h00:04.937 2022/03/20T14:19:20z: AP_STAR tmr
 ets Jan  8 2013,rst cause:4, boot mode:(3,7)

wdt reset
load 0x4010f000, len 1384, room 16 
tail 8
chksum 0x2d
csum 0x2d
v8b899c12
~ld


6.01
 0h00:04.798 2022/03/20T14:39:22z: DS3231
 0h00:04.813 2022/03/20T14:39:22z: BME280 (0x76)
 0h00:04.828 2022/03/20T14:39:22z: 84:f3:eb:7d:7:a8
 0h00:04.829 2022/03/20T14:39:22z: SSID: MU Open
 0h00:04.834 2022/03/20T14:39:22z: AP_STAR tmr
 ets Jan  8 2013,rst cause:4, boot mode:(3,7)

wdt reset
load 0x4010f000, len 1384, room 16 
tail 8
chksum 0x2d
csum 0x2d
v8b899c12
~ld


6.01
 0h00:04.529 2022/03/20T14:59:23z: DS3231
 0h00:04.544 2022/03/20T14:59:23z: BME280 (0x76)
 0h00:04.558 2022/03/20T14:59:23z: 84:f3:eb:7d:7:a8
 0h00:04.560 2022/03/20T14:59:23z: SSID: MU Open
 0h00:04.565 2022/03/20T14:59:23z: AP_STAR tmr
 ets Jan  8 2013,rst cause:4, boot mode:(3,7)

wdt reset
load 0x4010f000, len 1384, room 16 
tail 8
chksum 0x2d
csum 0x2d
v8b899c12
~ld


6.01
 0h00:04.486 2022/03/20T15:19:25z: DS3231
 0h00:04.501 2022/03/20T15:19:25z: BME280 (0x76)
 0h00:04.515 2022/03/20T15:19:25z: 84:f3:eb:7d:7:a8
 0h00:04.517 2022/03/20T15:19:25z: SSID: MU Open
 0h00:04.522 2022/03/20T15:19:25z: AP_STAR tmr
 ets Jan  8 2013,rst cause:4, boot mode:(3,7)

wdt reset
load 0x4010f000, len 1384, room 16 
tail 8
chksum 0x2d
csum 0x2d
v8b899c12
~ld


6.01
 0h00:04.557 2022/03/20T15:39:26z: DS3231
 0h00:04.572 2022/03/20T15:39:26z: BME280 (0x76)
 0h00:04.586 2022/03/20T15:39:26z: 84:f3:eb:7d:7:a8
 0h00:04.588 2022/03/20T15:39:26z: SSID: MU Open
 0h00:04.593 2022/03/20T15:39:26z: AP_STAR tmr
 ets Jan  8 2013,rst cause:4, boot mode:(3,7)

wdt reset
load 0x4010f000, len 1384, room 16 
tail 8
chksum 0x2d
csum 0x2d
v8b899c12
~ld


6.01
 0h00:04.447 2022/03/20T15:59:28z: DS3231
 0h00:04.463 2022/03/20T15:59:28z: BME280 (0x76)
 0h00:04.477 2022/03/20T15:59:28z: 84:f3:eb:7d:7:a8
 0h00:04.479 2022/03/20T15:59:28z: SSID: MU Open
 0h00:04.484 2022/03/20T15:59:28z: AP_STAR tmr
 ets Jan  8 2013,rst cause:4, boot mode:(3,7)

wdt reset
load 0x4010f000, len 1384, room 16 
tail 8
chksum 0x2d
csum 0x2d
v8b899c12
~ld


6.01
 0h00:04.488 2022/03/20T16:19:29z: DS3231
 0h00:04.503 2022/03/20T16:19:29z: BME280 (0x76)
 0h00:04.517 2022/03/20T16:19:29z: 84:f3:eb:7d:7:a8
 0h00:04.519 2022/03/20T16:19:29z: SSID: MU Open
 0h00:04.524 2022/03/20T16:19:29z: AP_STAR tmr
 ets Jan  8 2013,rst cause:4, boot mode:(3,7)

wdt reset
load 0x4010f000, len 1384, room 16 
tail 8
chksum 0x2d
csum 0x2d
v8b899c12
~ld


6.01
 0h00:04.391 2022/03/20T16:39:30z: DS3231
 0h00:04.406 2022/03/20T16:39:30z: BME280 (0x76)
 0h00:04.420 2022/03/20T16:39:30z: 84:f3:eb:7d:7:a8
 0h00:04.422 2022/03/20T16:39:30z: SSID: MU Open
 0h00:04.427 2022/03/20T16:39:30z: AP_STAR tmr
 ets Jan  8 2013,rst cause:4, boot mode:(3,7)

wdt reset
load 0x4010f000, len 1384, room 16 
tail 8
chksum 0x2d
csum 0x2d
v8b899c12
~ld


6.01
 0h00:04.346 2022/03/20T16:59:31z: DS3231
 0h00:04.362 2022/03/20T16:59:31z: BME280 (0x76)
 0h00:04.376 2022/03/20T16:59:31z: 84:f3:eb:7d:7:a8
 0h00:04.378 2022/03/20T16:59:31z: SSID: MU Open
 0h00:04.383 2022/03/20T16:59:31z: AP_STAR tmr
 ets Jan  8 2013,rst cause:4, boot mode:(3,7)

wdt reset
load 0x4010f000, len 1384, room 16 
tail 8
chksum 0x2d
csum 0x2d
v8b899c12
~ld


6.01
 0h00:04.454 2022/03/20T17:19:32z: DS3231
 0h00:04.469 2022/03/20T17:19:32z: BME280 (0x76)
 0h00:04.483 2022/03/20T17:19:32z: 84:f3:eb:7d:7:a8
 0h00:04.485 2022/03/20T17:19:32z: SSID: MU Open
 0h00:04.490 2022/03/20T17:19:32z: AP_STAR tmr
 ets Jan  8 2013,rst cause:4, boot mode:(3,7)

wdt reset
load 0x4010f000, len 1384, room 16 
tail 8
chksum 0x2d
csum 0x2d
v8b899c12
~ld


6.01
 0h00:04.358 2022/03/20T17:39:33z: DS3231
 0h00:04.373 2022/03/20T17:39:33z: BME280 (0x76)
 0h00:04.388 2022/03/20T17:39:33z: 84:f3:eb:7d:7:a8
 0h00:04.389 2022/03/20T17:39:33z: SSID: MU Open
 0h00:04.394 2022/03/20T17:39:33z: AP_STAR tmr
 ets Jan  8 2013,rst cause:4, boot mode:(3,7)

wdt reset
load 0x4010f000, len 1384, room 16 
tail 8
chksum 0x2d
csum 0x2d
v8b899c12
~ld


6.01
 0h00:04.649 2022/03/20T17:59:34z: DS3231
 0h00:04.665 2022/03/20T17:59:34z: BME280 (0x76)
 0h00:04.679 2022/03/20T17:59:34z: 84:f3:eb:7d:7:a8
 0h00:04.681 2022/03/20T17:59:34z: SSID: MU Open
 0h00:04.686 2022/03/20T17:59:34z: AP_STAR tmr
 ets Jan  8 2013,rst cause:4, boot mode:(3,7)

wdt reset
load 0x4010f000, len 1384, room 16 
tail 8
chksum 0x2d
csum 0x2d
v8b899c12
~ld


6.01
 0h00:04.386 2022/03/20T18:19:36z: DS3231
 0h00:04.401 2022/03/20T18:19:36z: BME280 (0x76)
 0h00:04.415 2022/03/20T18:19:36z: 84:f3:eb:7d:7:a8
 0h00:04.417 2022/03/20T18:19:36z: SSID: MU Open
 0h00:04.422 2022/03/20T18:19:36z: AP_STAR tmr
 ets Jan  8 2013,rst cause:4, boot mode:(3,7)

wdt reset
load 0x4010f000, len 1384, room 16 
tail 8
chksum 0x2d
csum 0x2d
v8b899c12
~ld


6.01
 0h00:04.352 2022/03/20T18:39:36z: DS3231
 0h00:04.367 2022/03/20T18:39:36z: BME280 (0x76)
 0h00:04.382 2022/03/20T18:39:36z: 84:f3:eb:7d:7:a8
 0h00:04.383 2022/03/20T18:39:36z: SSID: MU Open
 0h00:04.388 2022/03/20T18:39:36z: AP_STAR tmr
 ets Jan  8 2013,rst cause:4, boot mode:(3,7)

wdt reset
load 0x4010f000, len 1384, room 16 
tail 8
chksum 0x2d
csum 0x2d
v8b899c12
~ld


6.01
 0h00:04.339 2022/03/20T18:59:37z: DS3231
 0h00:04.355 2022/03/20T18:59:38z: BME280 (0x76)
 0h00:04.369 2022/03/20T18:59:38z: 84:f3:eb:7d:7:a8
 0h00:04.371 2022/03/20T18:59:38z: SSID: MU Open
 0h00:04.376 2022/03/20T18:59:38z: AP_STAR tmr
 ets Jan  8 2013,rst cause:4, boot mode:(3,7)

wdt reset
load 0x4010f000, len 1384, room 16 
tail 8
chksum 0x2d
csum 0x2d
v8b899c12
~ld


6.01
 0h00:04.462 2022/03/20T19:19:39z: DS3231
 0h00:04.477 2022/03/20T19:19:39z: BME280 (0x76)
 0h00:04.491 2022/03/20T19:19:39z: 84:f3:eb:7d:7:a8
 0h00:04.493 2022/03/20T19:19:39z: SSID: MU Open
 0h00:04.498 2022/03/20T19:19:39z: AP_STAR tmr
 ets Jan  8 2013,rst cause:4, boot mode:(3,7)

wdt reset
load 0x4010f000, len 1384, room 16 
tail 8
chksum 0x2d
csum 0x2d
v8b899c12
~ld


6.01
 0h00:04.322 2022/03/20T19:39:40z: DS3231
 0h00:04.337 2022/03/20T19:39:40z: BME280 (0x76)
 0h00:04.351 2022/03/20T19:39:40z: 84:f3:eb:7d:7:a8
 0h00:04.353 2022/03/20T19:39:40z: SSID: MU Open
 0h00:04.358 2022/03/20T19:39:40z: AP_STAR tmr
 ets Jan  8 2013,rst cause:4, boot mode:(3,7)

wdt reset
load 0x4010f000, len 1384, room 16 
tail 8
chksum 0x2d
csum 0x2d
v8b899c12
~ld


6.01
 0h00:04.508 2022/03/20T19:59:42z: DS3231
 0h00:04.523 2022/03/20T19:59:42z: BME280 (0x76)
 0h00:04.538 2022/03/20T19:59:42z: 84:f3:eb:7d:7:a8
 0h00:04.539 2022/03/20T19:59:42z: SSID: MU Open
 0h00:04.545 2022/03/20T19:59:42z: AP_STAR tmr
 ets Jan  8 2013,rst cause:4, boot mode:(3,7)

wdt reset
load 0x4010f000, len 1384, room 16 
tail 8
chksum 0x2d
csum 0x2d
v8b899c12
~ld


6.01
 0h00:04.559 2022/03/20T20:19:43z: DS3231
 0h00:04.574 2022/03/20T20:19:43z: BME280 (0x76)
 0h00:04.588 2022/03/20T20:19:43z: 84:f3:eb:7d:7:a8
 0h00:04.590 2022/03/20T20:19:43z: SSID: MU Open
 0h00:04.595 2022/03/20T20:19:43z: AP_STAR tmr
 ets Jan  8 2013,rst cause:4, boot mode:(3,7)

wdt reset
load 0x4010f000, len 1384, room 16 
tail 8
chksum 0x2d
csum 0x2d
v8b899c12
~ld


6.01
 0h00:04.291 2022/03/20T20:39:44z: DS3231
 0h00:04.306 2022/03/20T20:39:44z: BME280 (0x76)
 0h00:04.320 2022/03/20T20:39:44z: 84:f3:eb:7d:7:a8
 0h00:04.322 2022/03/20T20:39:44z: SSID: MU Open
 0h00:04.327 2022/03/20T20:39:44z: AP_STAR tmr
 ets Jan  8 2013,rst cause:4, boot mode:(3,7)

wdt reset
load 0x4010f000, len 1384, room 16 
tail 8
chksum 0x2d
csum 0x2d
v8b899c12
~ld


6.01
 0h00:04.544 2022/03/20T20:59:45z: DS3231
 0h00:04.559 2022/03/20T20:59:45z: BME280 (0x76)
 0h00:04.573 2022/03/20T20:59:45z: 84:f3:eb:7d:7:a8
 0h00:04.575 2022/03/20T20:59:45z: SSID: MU Open
 0h00:04.580 2022/03/20T20:59:45z: AP_STAR tmr
 ets Jan  8 2013,rst cause:4, boot mode:(3,7)

wdt reset
load 0x4010f000, len 1384, room 16 
tail 8
chksum 0x2d
csum 0x2d
v8b899c12
~ld


6.01
 0h00:04.629 2022/03/20T21:19:46z: DS3231
 0h00:04.644 2022/03/20T21:19:46z: BME280 (0x76)
 0h00:04.658 2022/03/20T21:19:46z: 84:f3:eb:7d:7:a8
 0h00:04.660 2022/03/20T21:19:46z: SSID: MU Open
 0h00:04.665 2022/03/20T21:19:46z: AP_STAR tmr
 ets Jan  8 2013,rst cause:4, boot mode:(3,7)

wdt reset
load 0x4010f000, len 1384, room 16 
tail 8
chksum 0x2d
csum 0x2d
v8b899c12
~ld


6.01
 0h00:04.260 2022/03/20T21:39:48z: DS3231
 0h00:04.275 2022/03/20T21:39:48z: BME280 (0x76)
 0h00:04.290 2022/03/20T21:39:48z: 84:f3:eb:7d:7:a8
 0h00:04.291 2022/03/20T21:39:48z: SSID: MU Open
 0h00:04.296 2022/03/20T21:39:48z: AP_STAR tmr
 ets Jan  8 2013,rst cause:4, boot mode:(3,7)

wdt reset
load 0x4010f000, len 1384, room 16 
tail 8
chksum 0x2d
csum 0x2d
v8b899c12
~ld


6.01
 0h00:04.417 2022/03/20T21:59:49z: DS3231
 0h00:04.432 2022/03/20T21:59:49z: BME280 (0x76)
 0h00:04.446 2022/03/20T21:59:49z: 84:f3:eb:7d:7:a8
 0h00:04.448 2022/03/20T21:59:49z: SSID: MU Open
 0h00:04.453 2022/03/20T21:59:49z: AP_STAR tmr
 ets Jan  8 2013,rst cause:4, boot mode:(3,7)

wdt reset
load 0x4010f000, len 1384, room 16 
tail 8
chksum 0x2d
csum 0x2d
v8b899c12
~ld


6.01
 0h00:04.520 2022/03/20T22:19:50z: DS3231
 0h00:04.536 2022/03/20T22:19:50z: BME280 (0x76)
 0h00:04.550 2022/03/20T22:19:50z: 84:f3:eb:7d:7:a8
 0h00:04.552 2022/03/20T22:19:50z: SSID: MU Open
 0h00:04.557 2022/03/20T22:19:50z: AP_STAR tmr
 ets Jan  8 2013,rst cause:4, boot mode:(3,7)

wdt reset
load 0x4010f000, len 1384, room 16 
tail 8
chksum 0x2d
csum 0x2d
v8b899c12
~ld


6.01
 0h00:04.415 2022/03/20T22:39:51z: DS3231
 0h00:04.430 2022/03/20T22:39:51z: BME280 (0x76)
 0h00:04.444 2022/03/20T22:39:51z: 84:f3:eb:7d:7:a8
 0h00:04.446 2022/03/20T22:39:51z: SSID: MU Open
 0h00:04.451 2022/03/20T22:39:51z: AP_STAR tmr
 ets Jan  8 2013,rst cause:4, boot mode:(3,7)

wdt reset
load 0x4010f000, len 1384, room 16 
tail 8
chksum 0x2d
csum 0x2d
v8b899c12
~ld


6.01
 0h00:04.625 2022/03/20T22:59:52z: DS3231
 0h00:04.640 2022/03/20T22:59:52z: BME280 (0x76)
 0h00:04.654 2022/03/20T22:59:52z: 84:f3:eb:7d:7:a8
 0h00:04.656 2022/03/20T22:59:52z: SSID: MU Open
 0h00:04.661 2022/03/20T22:59:52z: AP_STAR tmr
 ets Jan  8 2013,rst cause:4, boot mode:(3,7)

wdt reset
load 0x4010f000, len 1384, room 16 
tail 8
chksum 0x2d
csum 0x2d
v8b899c12
~ld


6.01
 0h00:04.348 2022/03/20T23:19:53z: DS3231
 0h00:04.363 2022/03/20T23:19:53z: BME280 (0x76)
 0h00:04.377 2022/03/20T23:19:53z: 84:f3:eb:7d:7:a8
 0h00:04.379 2022/03/20T23:19:53z: SSID: MU Open
 0h00:04.384 2022/03/20T23:19:53z: AP_STAR tmr
 ets Jan  8 2013,rst cause:4, boot mode:(3,7)

wdt reset
load 0x4010f000, len 1384, room 16 
tail 8
chksum 0x2d
csum 0x2d
v8b899c12
~ld


6.01
 0h00:04.545 2022/03/20T23:39:54z: DS3231
 0h00:04.560 2022/03/20T23:39:54z: BME280 (0x76)
 0h00:04.574 2022/03/20T23:39:54z: 84:f3:eb:7d:7:a8
 0h00:04.576 2022/03/20T23:39:54z: SSID: MU Open
 0h00:04.581 2022/03/20T23:39:54z: AP_STAR tmr
 ets Jan  8 2013,rst cause:4, boot mode:(3,7)

wdt reset
load 0x4010f000, len 1384, room 16 
tail 8
chksum 0x2d
csum 0x2d
v8b899c12
~ld


6.01
 0h00:04.591 2022/03/20T23:59:55z: DS3231
 0h00:04.607 2022/03/20T23:59:55z: BME280 (0x76)
 0h00:04.621 2022/03/20T23:59:55z: 84:f3:eb:7d:7:a8
 0h00:04.623 2022/03/20T23:59:55z: SSID: MU Open
 0h00:04.628 2022/03/20T23:59:55z: AP_STA