R tmr
 ets Jan  8 2013,rst cause:4, boot mode:(3,7)

wdt reset
load 0x4010f000, len 1384, room 16 
tail 8
chksum 0x2d
csum 0x2d
v8b899c12
~ld


6.01
 0h00:05.214 2022/11/01T00:13:06z: DS3231
 0h00:05.229 2022/11/01T00:13:06z: BME280 (0x76)
 0h00:05.243 2022/11/01T00:13:06z: 84:f3:eb:7d:7:a8
 0h00:05.245 2022/11/01T00:13:06z: SSID: MU Open
 0h00:05.250 2022/11/01T00:13:06z: AP_STAR tmr
 ets Jan  8 2013,rst cause:4, boot mode:(3,7)

wdt reset
load 0x4010f000, len 1384, room 16 
tail 8
chksum 0x2d
csum 0x2d
v8b899c12
~ld


6.01
 0h00:05.230 2022/11/01T00:33:12z: DS3231
 0h00:05.245 2022/11/01T00:33:12z: BME280 (0x76)
 0h00:05.259 2022/11/01T00:33:12z: 84:f3:eb:7d:7:a8
 0h00:05.261 2022/11/01T00:33:12z: SSID: MU Open
 0h00:05.266 2022/11/01T00:33:12z: AP_STAR tmr
 ets Jan  8 2013,rst cause:4, boot mode:(3,7)

wdt reset
load 0x4010f000, len 1384, room 16 
tail 8
chksum 0x2d
csum 0x2d
v8b899c12
~ld


6.01
 0h00:05.278 2022/11/01T00:53:17z: DS3231
 0h00:05.293 2022/11/01T00:53:17z: BME280 (0x76)
 0h00:05.307 2022/11/01T00:53:17z: 84:f3:eb:7d:7:a8
 0h00:05.309 2022/11/01T00:53:17z: SSID: MU Open
 0h00:05.314 2022/11/01T00:53:17z: AP_STAR tmr
 ets Jan  8 2013,rst cause:4, boot mode:(3,7)

wdt reset
load 0x4010f000, len 1384, room 16 
tail 8
chksum 0x2d
csum 0x2d
v8b899c12
~ld


6.01
 0h00:05.360 2022/11/01T01:13:23z: DS3231
 0h00:05.376 2022/11/01T01:13:23z: BME280 (0x76)
 0h00:05.390 2022/11/01T01:13:23z: 84:f3:eb:7d:7:a8
 0h00:05.391 2022/11/01T01:13:23z: SSID: MU Open
 0h00:05.397 2022/11/01T01:13:23z: AP_STAR tmr
 ets Jan  8 2013,rst cause:4, boot mode:(3,7)

wdt reset
load 0x4010f000, len 1384, room 16 
tail 8
chksum 0x2d
csum 0x2d
v8b899c12
~ld


6.01
 0h00:05.280 2022/11/01T01:33:28z: DS3231
 0h00:05.295 2022/11/01T01:33:28z: BME280 (0x76)
 0h00:05.309 2022/11/01T01:33:28z: 84:f3:eb:7d:7:a8
 0h00:05.311 2022/11/01T01:33:28z: SSID: MU Open
 0h00:05.316 2022/11/01T01:33:28z: AP_STAR tmr
 ets Jan  8 2013,rst cause:4, boot mode:(3,7)

wdt reset
load 0x4010f000, len 1384, room 16 
tail 8
chksum 0x2d
csum 0x2d
v8b899c12
~ld


6.01
 0h00:05.300 2022/11/01T01:53:34z: DS3231
 0h00:05.315 2022/11/01T01:53:34z: BME280 (0x76)
 0h00:05.329 2022/11/01T01:53:34z: 84:f3:eb:7d:7:a8
 0h00:05.331 2022/11/01T01:53:34z: SSID: MU Open
 0h00:05.336 2022/11/01T01:53:34z: AP_STAR tmr
 ets Jan  8 2013,rst cause:4, boot mode:(3,7)

wdt reset
load 0x4010f000, len 1384, room 16 
tail 8
chksum 0x2d
csum 0x2d
v8b899c12
~ld


6.01
 0h00:05.376 2022/11/01T02:13:39z: DS3231
 0h00:05.391 2022/11/01T02:13:39z: BME280 (0x76)
 0h00:05.405 2022/11/01T02:13:39z: 84:f3:eb:7d:7:a8
 0h00:05.407 2022/11/01T02:13:39z: SSID: MU Open
 0h00:05.412 2022/11/01T02:13:39z: AP_STAR tmr
 ets Jan  8 2013,rst cause:4, boot mode:(3,7)

wdt reset
load 0x4010f000, len 1384, room 16 
tail 8
chksum 0x2d
csum 0x2d
v8b899c12
~ld


6.01
 0h00:05.130 2022/11/01T02:33:45z: DS3231
 0h00:05.145 2022/11/01T02:33:45z: BME280 (0x76)
 0h00:05.159 2022/11/01T02:33:45z: 84:f3:eb:7d:7:a8
 0h00:05.161 2022/11/01T02:33:45z: SSID: MU Open
 0h00:05.166 2022/11/01T02:33:45z: AP_STAR tmr
 ets Jan  8 2013,rst cause:4, boot mode:(3,7)

wdt reset
load 0x4010f000, len 1384, room 16 
tail 8
chksum 0x2d
csum 0x2d
v8b899c12
~ld


6.01
 0h00:05.313 2022/11/01T02:53:51z: DS3231
 0h00:05.328 2022/11/01T02:53:51z: BME280 (0x76)
 0h00:05.342 2022/11/01T02:53:51z: 84:f3:eb:7d:7:a8
 0h00:05.344 2022/11/01T02:53:51z: SSID: MU Open
 0h00:05.349 2022/11/01T02:53:51z: AP_STAR tmr
 ets Jan  8 2013,rst cause:4, boot mode:(3,7)

wdt reset
load 0x4010f000, len 1384, room 16 
tail 8
chksum 0x2d
csum 0x2d
v8b899c12
~ld


6.01
 0h00:04.952 2022/11/01T03:13:55z: DS3231
 0h00:04.967 2022/11/01T03:13:55z: BME280 (0x76)
 0h00:04.982 2022/11/01T03:13:55z: 84:f3:eb:7d:7:a8
 0h00:04.983 2022/11/01T03:13:55z: SSID: MU Open
 0h00:04.988 2022/11/01T03:13:55z: AP_STAR tmr
 ets Jan  8 2013,rst cause:4, boot mode:(3,7)

wdt reset
load 0x4010f000, len 1384, room 16 
tail 8
chksum 0x2d
csum 0x2d
v8b899c12
~ld


6.01
 0h00:05.289 2022/11/01T03:34:00z: DS3231
 0h00:05.305 2022/11/01T03:34:00z: BME280 (0x76)
 0h00:05.319 2022/11/01T03:34:00z: 84:f3:eb:7d:7:a8
 0h00:05.321 2022/11/01T03:34:00z: SSID: MU Open
 0h00:05.326 2022/11/01T03:34:00z: AP_STAR tmr
 ets Jan  8 2013,rst cause:4, boot mode:(3,7)

wdt reset
load 0x4010f000, len 1384, room 16 
tail 8
chksum 0x2d
csum 0x2d
v8b899c12
~ld


6.01
 0h00:05.260 2022/11/01T03:54:05z: DS3231
 0h00:05.275 2022/11/01T03:54:05z: BME280 (0x76)
 0h00:05.290 2022/11/01T03:54:05z: 84:f3:eb:7d:7:a8
 0h00:05.291 2022/11/01T03:54:05z: SSID: MU Open
 0h00:05.296 2022/11/01T03:54:05z: AP_STAR tmr
 ets Jan  8 2013,rst cause:4, boot mode:(3,7)

wdt reset
load 0x4010f000, len 1384, room 16 
tail 8
chksum 0x2d
csum 0x2d
v8b899c12
~ld


6.01
 0h00:05.273 2022/11/01T04:14:10z: DS3231
 0h00:05.288 2022/11/01T04:14:10z: BME280 (0x76)
 0h00:05.303 2022/11/01T04:14:10z: 84:f3:eb:7d:7:a8
 0h00:05.304 2022/11/01T04:14:10z: SSID: MU Open
 0h00:05.309 2022/11/01T04:14:10z: AP_STAR tmr
 ets Jan  8 2013,rst cause:4, boot mode:(3,7)

wdt reset
load 0x4010f000, len 1384, room 16 
tail 8
chksum 0x2d
csum 0x2d
v8b899c12
~ld


6.01
 0h00:05.310 2022/11/01T04:34:15z: DS3231
 0h00:05.326 2022/11/01T04:34:15z: BME280 (0x76)
 0h00:05.340 2022/11/01T04:34:15z: 84:f3:eb:7d:7:a8
 0h00:05.341 2022/11/01T04:34:15z: SSID: MU Open
 0h00:05.347 2022/11/01T04:34:15z: AP_STAR tmr
 ets Jan  8 2013,rst cause:4, boot mode:(3,7)

wdt reset
load 0x4010f000, len 1384, room 16 
tail 8
chksum 0x2d
csum 0x2d
v8b899c12
~ld


6.01
 0h00:05.249 2022/11/01T04:54:20z: DS3231
 0h00:05.264 2022/11/01T04:54:20z: BME280 (0x76)
 0h00:05.278 2022/11/01T04:54:20z: 84:f3:eb:7d:7:a8
 0h00:05.280 2022/11/01T04:54:20z: SSID: MU Open
 0h00:05.285 2022/11/01T04:54:20z: AP_STAR tmr
 ets Jan  8 2013,rst cause:4, boot mode:(3,7)

wdt reset
load 0x4010f000, len 1384, room 16 
tail 8
chksum 0x2d
csum 0x2d
v8b899c12
~ld


6.01
 0h00:05.199 2022/11/01T05:14:25z: DS3231
 0h00:05.214 2022/11/01T05:14:25z: BME280 (0x76)
 0h00:05.228 2022/11/01T05:14:25z: 84:f3:eb:7d:7:a8
 0h00:05.230 2022/11/01T05:14:25z: SSID: MU Open
 0h00:05.235 2022/11/01T05:14:25z: AP_STAR tmr
 ets Jan  8 2013,rst cause:4, boot mode:(3,7)

wdt reset
load 0x4010f000, len 1384, room 16 
tail 8
chksum 0x2d
csum 0x2d
v8b899c12
~ld


6.01
 0h00:05.354 2022/11/01T05:34:31z: DS3231
 0h00:05.369 2022/11/01T05:34:31z: BME280 (0x76)
 0h00:05.384 2022/11/01T05:34:31z: 84:f3:eb:7d:7:a8
 0h00:05.385 2022/11/01T05:34:31z: SSID: MU Open
 0h00:05.390 2022/11/01T05:34:31z: AP_STAR tmr
 ets Jan  8 2013,rst cause:4, boot mode:(3,7)

wdt reset
load 0x4010f000, len 1384, room 16 
tail 8
chksum 0x2d
csum 0x2d
v8b899c12
~ld


6.01
 0h00:05.325 2022/11/01T05:54:36z: DS3231
 0h00:05.340 2022/11/01T05:54:36z: BME280 (0x76)
 0h00:05.355 2022/11/01T05:54:36z: 84:f3:eb:7d:7:a8
 0h00:05.356 2022/11/01T05:54:36z: SSID: MU Open
 0h00:05.361 2022/11/01T05:54:36z: AP_STAR tmr
 ets Jan  8 2013,rst cause:4, boot mode:(3,7)

wdt reset
load 0x4010f000, len 1384, room 16 
tail 8
chksum 0x2d
csum 0x2d
v8b899c12
~ld


6.01
 0h00:05.320 2022/11/01T06:14:41z: DS3231
 0h00:05.335 2022/11/01T06:14:41z: BME280 (0x76)
 0h00:05.349 2022/11/01T06:14:41z: 84:f3:eb:7d:7:a8
 0h00:05.351 2022/11/01T06:14:41z: SSID: MU Open
 0h00:05.356 2022/11/01T06:14:41z: AP_STAR tmr
 ets Jan  8 2013,rst cause:4, boot mode:(3,7)

wdt reset
load 0x4010f000, len 1384, room 16 
tail 8
chksum 0x2d
csum 0x2d
v8b899c12
~ld


6.01
 0h00:05.587 2022/11/01T06:34:47z: DS3231
 0h00:05.603 2022/11/01T06:34:47z: BME280 (0x76)
 0h00:05.617 2022/11/01T06:34:47z: 84:f3:eb:7d:7:a8
 0h00:05.619 2022/11/01T06:34:47z: SSID: MU Open
 0h00:05.624 2022/11/01T06:34:47z: AP_STAR tmr
 ets Jan  8 2013,rst cause:4, boot mode:(3,7)

wdt reset
load 0x4010f000, len 1384, room 16 
tail 8
chksum 0x2d
csum 0x2d
v8b899c12
~ld


6.01
 0h00:05.462 2022/11/01T06:54:53z: DS3231
 0h00:05.478 2022/11/01T06:54:53z: BME280 (0x76)
 0h00:05.492 2022/11/01T06:54:53z: 84:f3:eb:7d:7:a8
 0h00:05.494 2022/11/01T06:54:53z: SSID: MU Open
 0h00:05.499 2022/11/01T06:54:53z: AP_STAR tmr
 ets Jan  8 2013,rst cause:4, boot mode:(3,7)

wdt reset
load 0x4010f000, len 1384, room 16 
tail 8
chksum 0x2d
csum 0x2d
v8b899c12
~ld


6.01
 0h00:05.376 2022/11/01T07:14:59z: DS3231
 0h00:05.391 2022/11/01T07:14:59z: BME280 (0x76)
 0h00:05.406 2022/11/01T07:14:59z: 84:f3:eb:7d:7:a8
 0h00:05.407 2022/11/01T07:14:59z: SSID: MU Open
 0h00:05.412 2022/11/01T07:14:59z: AP_STAR tmr
 ets Jan  8 2013,rst cause:4, boot mode:(3,7)

wdt reset
load 0x4010f000, len 1384, room 16 
tail 8
chksum 0x2d
csum 0x2d
v8b899c12
~ld


6.01
 0h00:05.251 2022/11/01T07:35:04z: DS3231
 0h00:05.266 2022/11/01T07:35:04z: BME280 (0x76)
 0h00:05.281 2022/11/01T07:35:04z: 84:f3:eb:7d:7:a8
 0h00:05.282 2022/11/01T07:35:04z: SSID: MU Open
 0h00:05.287 2022/11/01T07:35:04z: AP_STAR tmr
 ets Jan  8 2013,rst cause:4, boot mode:(3,7)

wdt reset
load 0x4010f000, len 1384, room 16 
tail 8
chksum 0x2d
csum 0x2d
v8b899c12
~ld


6.01
 0h00:05.326 2022/11/01T07:55:09z: DS3231
 0h00:05.342 2022/11/01T07:55:09z: BME280 (0x76)
 0h00:05.356 2022/11/01T07:55:09z: 84:f3:eb:7d:7:a8
 0h00:05.358 2022/11/01T07:55:09z: SSID: MU Open
 0h00:05.363 2022/11/01T07:55:09z: AP_STAR tmr
 ets Jan  8 2013,rst cause:4, boot mode:(3,7)

wdt reset
load 0x4010f000, len 1384, room 16 
tail 8
chksum 0x2d
csum 0x2d
v8b899c12
~ld


6.01
 0h00:05.144 2022/11/01T08:15:15z: DS3231
 0h00:05.159 2022/11/01T08:15:15z: BME280 (0x76)
 0h00:05.173 2022/11/01T08:15:15z: 84:f3:eb:7d:7:a8
 0h00:05.175 2022/11/01T08:15:15z: SSID: MU Open
 0h00:05.180 2022/11/01T08:15:15z: AP_STAR tmr
 ets Jan  8 2013,rst cause:4, boot mode:(3,7)

wdt reset
load 0x4010f000, len 1384, room 16 
tail 8
chksum 0x2d
csum 0x2d
v8b899c12
~ld


6.01
 0h00:05.395 2022/11/01T08:35:20z: DS3231
 0h00:05.410 2022/11/01T08:35:20z: BME280 (0x76)
 0h00:05.424 2022/11/01T08:35:20z: 84:f3:eb:7d:7:a8
 0h00:05.426 2022/11/01T08:35:20z: SSID: MU Open
 0h00:05.431 2022/11/01T08:35:20z: AP_STAR tmr
 ets Jan  8 2013,rst cause:4, boot mode:(3,7)

wdt reset
load 0x4010f000, len 1384, room 16 
tail 8
chksum 0x2d
csum 0x2d
v8b899c12
~ld


6.01
 0h00:05.403 2022/11/01T08:55:25z: DS3231
 0h00:05.418 2022/11/01T08:55:25z: BME280 (0x76)
 0h00:05.432 2022/11/01T08:55:25z: 84:f3:eb:7d:7:a8
 0h00:05.434 2022/11/01T08:55:25z: SSID: MU Open
 0h00:05.439 2022/11/01T08:55:25z: AP_STAR tmr
 ets Jan  8 2013,rst cause:4, boot mode:(3,7)

wdt reset
load 0x4010f000, len 1384, room 16 
tail 8
chksum 0x2d
csum 0x2d
v8b899c12
~ld


6.01
 0h00:05.603 2022/11/01T09:15:32z: DS3231
 0h00:05.618 2022/11/01T09:15:32z: BME280 (0x76)
 0h00:05.632 2022/11/01T09:15:32z: 84:f3:eb:7d:7:a8
 0h00:05.634 2022/11/01T09:15:32z: SSID: MU Open
 0h00:05.639 2022/11/01T09:15:32z: AP_STAR tmr
 ets Jan  8 2013,rst cause:4, boot mode:(3,7)

wdt reset
load 0x4010f000, len 1384, room 16 
tail 8
chksum 0x2d
csum 0x2d
v8b899c12
~ld


6.01
 0h00:05.418 2022/11/01T09:35:36z: DS3231
 0h00:05.433 2022/11/01T09:35:36z: BME280 (0x76)
 0h00:05.447 2022/11/01T09:35:36z: 84:f3:eb:7d:7:a8
 0h00:05.449 2022/11/01T09:35:36z: SSID: MU Open
 0h00:05.454 2022/11/01T09:35:36z: AP_STAR tmr
 ets Jan  8 2013,rst cause:4, boot mode:(3,7)

wdt reset
load 0x4010f000, len 1384, room 16 
tail 8
chksum 0x2d
csum 0x2d
v8b899c12
~ld


6.01
 0h00:05.395 2022/11/01T09:55:42z: DS3231
 0h00:05.410 2022/11/01T09:55:42z: BME280 (0x76)
 0h00:05.424 2022/11/01T09:55:42z: 84:f3:eb:7d:7:a8
 0h00:05.426 2022/11/01T09:55:42z: SSID: MU Open
 0h00:05.431 2022/11/01T09:55:42z: AP_STAR tmr
 ets Jan  8 2013,rst cause:4, boot mode:(3,7)

wdt reset
load 0x4010f000, len 1384, room 16 
tail 8
chksum 0x2d
csum 0x2d
v8b899c12
~ld


6.01
 0h00:05.561 2022/11/01T10:15:48z: DS3231
 0h00:05.576 2022/11/01T10:15:48z: BME280 (0x76)
 0h00:05.590 2022/11/01T10:15:48z: 84:f3:eb:7d:7:a8
 0h00:05.592 2022/11/01T10:15:48z: SSID: MU Open
 0h00:05.597 2022/11/01T10:15:48z: AP_STAR tmr
 ets Jan  8 2013,rst cause:4, boot mode:(3,7)

wdt reset
load 0x4010f000, len 1384, room 16 
tail 8
chksum 0x2d
csum 0x2d
v8b899c12
~ld


6.01
 0h00:05.482 2022/11/01T10:35:54z: DS3231
 0h00:05.497 2022/11/01T10:35:54z: BME280 (0x76)
 0h00:05.512 2022/11/01T10:35:54z: 84:f3:eb:7d:7:a8
 0h00:05.513 2022/11/01T10:35:54z: SSID: MU Open
 0h00:05.518 2022/11/01T10:35:54z: AP_STAR tmr
 ets Jan  8 2013,rst cause:4, boot mode:(3,7)

wdt reset
load 0x4010f000, len 1384, room 16 
tail 8
chksum 0x2d
csum 0x2d
v8b899c12
~ld


6.01
 0h00:05.505 2022/11/01T10:56:00z: DS3231
 0h00:05.520 2022/11/01T10:56:00z: BME280 (0x76)
 0h00:05.534 2022/11/01T10:56:00z: 84:f3:eb:7d:7:a8
 0h00:05.536 2022/11/01T10:56:00z: SSID: MU Open
 0h00:05.541 2022/11/01T10:56:00z: AP_STAR tmr
 ets Jan  8 2013,rst cause:4, boot mode:(3,7)

wdt reset
load 0x4010f000, len 1384, room 16 
tail 8
chksum 0x2d
csum 0x2d
v8b899c12
~ld


6.01
 0h00:05.442 2022/11/01T11:16:05z: DS3231
 0h00:05.457 2022/11/01T11:16:05z: BME280 (0x76)
 0h00:05.472 2022/11/01T11:16:05z: 84:f3:eb:7d:7:a8
 0h00:05.473 2022/11/01T11:16:05z: SSID: MU Open
 0h00:05.478 2022/11/01T11:16:05z: AP_STAR tmr
 ets Jan  8 2013,rst cause:4, boot mode:(3,7)

wdt reset
load 0x4010f000, len 1384, room 16 
tail 8
chksum 0x2d
csum 0x2d
v8b899c12
~ld


6.01
 0h00:05.041 2022/11/01T11:36:10z: DS3231
 0h00:05.056 2022/11/01T11:36:10z: BME280 (0x76)
 0h00:05.070 2022/11/01T11:36:10z: 84:f3:eb:7d:7:a8
 0h00:05.072 2022/11/01T11:36:10z: SSID: MU Open
 0h00:05.077 2022/11/01T11:36:10z: AP_STAR tmr
 ets Jan  8 2013,rst cause:4, boot mode:(3,7)

wdt reset
load 0x4010f000, len 1384, room 16 
tail 8
chksum 0x2d
csum 0x2d
v8b899c12
~ld


6.01
 0h00:05.360 2022/11/01T11:56:15z: DS3231
 0h00:05.375 2022/11/01T11:56:15z: BME280 (0x76)
 0h00:05.389 2022/11/01T11:56:15z: 84:f3:eb:7d:7:a8
 0h00:05.391 2022/11/01T11:56:15z: SSID: MU Open
 0h00:05.396 2022/11/01T11:56:15z: AP_STAR tmr
 ets Jan  8 2013,rst cause:4, boot mode:(3,7)

wdt reset
load 0x4010f000, len 1384, room 16 
tail 8
chksum 0x2d
csum 0x2d
v8b899c12
~ld


6.01
 0h00:05.379 2022/11/01T12:16:21z: DS3231
 0h00:05.394 2022/11/01T12:16:21z: BME280 (0x76)
 0h00:05.408 2022/11/01T12:16:21z: 84:f3:eb:7d:7:a8
 0h00:05.410 2022/11/01T12:16:21z: SSID: MU Open
 0h00:05.415 2022/11/01T12:16:21z: AP_STAR tmr
 ets Jan  8 2013,rst cause:4, boot mode:(3,7)

wdt reset
load 0x4010f000, len 1384, room 16 
tail 8
chksum 0x2d
csum 0x2d
v8b899c12
~ld


6.01
 0h00:04.796 2022/11/01T12:36:26z: DS3231
 0h00:04.811 2022/11/01T12:36:26z: BME280 (0x76)
 0h00:04.825 2022/11/01T12:36:26z: 84:f3:eb:7d:7:a8
 0h00:04.827 2022/11/01T12:36:26z: SSID: MU Open
 0h00:04.832 2022/11/01T12:36:26z: AP_STAR tmr
 ets Jan  8 2013,rst cause:4, boot mode:(3,7)

wdt reset
load 0x4010f000, len 1384, room 16 
tail 8
chksum 0x2d
csum 0x2d
v8b899c12
~ld


6.01
 0h00:05.206 2022/11/01T12:56:32z: DS3231
 0h00:05.221 2022/11/01T12:56:32z: BME280 (0x76)
 0h00:05.236 2022/11/01T12:56:32z: 84:f3:eb:7d:7:a8
 0h00:05.237 2022/11/01T12:56:32z: SSID: MU Open
 0h00:05.243 2022/11/01T12:56:32z: AP_STAR tmr
 ets Jan  8 2013,rst cause:4, boot mode:(3,7)

wdt reset
load 0x4010f000, len 1384, room 16 
tail 8
chksum 0x2d
csum 0x2d
v8b899c12
~ld


6.01
 0h00:05.480 2022/11/01T13:16:38z: DS3231
 0h00:05.495 2022/11/01T13:16:38z: BME280 (0x76)
 0h00:05.509 2022/11/01T13:16:38z: 84:f3:eb:7d:7:a8
 0h00:05.511 2022/11/01T13:16:38z: SSID: MU Open
 0h00:05.516 2022/11/01T13:16:38z: AP_STAR tmr
 ets Jan  8 2013,rst cause:4, boot mode:(3,7)

wdt reset
load 0x4010f000, len 1384, room 16 
tail 8
chksum 0x2d
csum 0x2d
v8b899c12
~ld


6.01
 0h00:05.469 2022/11/01T13:36:43z: DS3231
 0h00:05.485 2022/11/01T13:36:43z: BME280 (0x76)
 0h00:05.499 2022/11/01T13:36:43z: 84:f3:eb:7d:7:a8
 0h00:05.500 2022/11/01T13:36:43z: SSID: MU Open
 0h00:05.506 2022/11/01T13:36:43z: AP_STAR tmr
 ets Jan  8 2013,rst cause:4, boot mode:(3,7)

wdt reset
load 0x4010f000, len 1384, room 16 
tail 8
chksum 0x2d
csum 0x2d
v8b899c12
~ld


6.01
 0h00:05.048 2022/11/01T13:56:48z: DS3231
 0h00:05.063 2022/11/01T13:56:48z: BME280 (0x76)
 0h00:05.078 2022/11/01T13:56:48z: 84:f3:eb:7d:7:a8
 0h00:05.079 2022/11/01T13:56:48z: SSID: MU Open
 0h00:05.084 2022/11/01T13:56:48z: AP_STAR tmr
 ets Jan  8 2013,rst cause:4, boot mode:(3,7)

wdt reset
load 0x4010f000, len 1384, room 16 
tail 8
chksum 0x2d
csum 0x2d
v8b899c12
~ld


6.01
 0h00:05.020 2022/11/01T14:16:52z: DS3231
 0h00:05.035 2022/11/01T14:16:52z: BME280 (0x76)
 0h00:05.049 2022/11/01T14:16:52z: 84:f3:eb:7d:7:a8
 0h00:05.051 2022/11/01T14:16:52z: SSID: MU Open
 0h00:05.056 2022/11/01T14:16:52z: AP_STAR tmr
 ets Jan  8 2013,rst cause:4, boot mode:(3,7)

wdt reset
load 0x4010f000, len 1384, room 16 
tail 8
chksum 0x2d
csum 0x2d
v8b899c12
~ld


6.01
 0h00:05.202 2022/11/01T14:36:57z: DS3231
 0h00:05.217 2022/11/01T14:36:57z: BME280 (0x76)
 0h00:05.231 2022/11/01T14:36:57z: 84:f3:eb:7d:7:a8
 0h00:05.233 2022/11/01T14:36:57z: SSID: MU Open
 0h00:05.238 2022/11/01T14:36:57z: AP_STAR tmr
 ets Jan  8 2013,rst cause:4, boot mode:(3,7)

wdt reset
load 0x4010f000, len 1384, room 16 
tail 8
chksum 0x2d
csum 0x2d
v8b899c12
~ld


6.01
 0h00:05.122 2022/11/01T14:57:02z: DS3231
 0h00:05.138 2022/11/01T14:57:02z: BME280 (0x76)
 0h00:05.152 2022/11/01T14:57:02z: 84:f3:eb:7d:7:a8
 0h00:05.154 2022/11/01T14:57:02z: SSID: MU Open
 0h00:05.159 2022/11/01T14:57:02z: AP_STAR tmr
 ets Jan  8 2013,rst cause:4, boot mode:(3,7)

wdt reset
load 0x4010f000, len 1384, room 16 
tail 8
chksum 0x2d
csum 0x2d
v8b899c12
~ld


6.01
 0h00:05.152 2022/11/01T15:17:07z: DS3231
 0h00:05.168 2022/11/01T15:17:07z: BME280 (0x76)
 0h00:05.182 2022/11/01T15:17:07z: 84:f3:eb:7d:7:a8
 0h00:05.184 2022/11/01T15:17:07z: SSID: MU Open
 0h00:05.189 2022/11/01T15:17:07z: AP_STAR tmr
 ets Jan  8 2013,rst cause:4, boot mode:(3,7)

wdt reset
load 0x4010f000, len 1384, room 16 
tail 8
chksum 0x2d
csum 0x2d
v8b899c12
~ld


6.01
 0h00:04.795 2022/11/01T15:37:11z: DS3231
 0h00:04.810 2022/11/01T15:37:11z: BME280 (0x76)
 0h00:04.824 2022/11/01T15:37:11z: 84:f3:eb:7d:7:a8
 0h00:04.826 2022/11/01T15:37:11z: SSID: MU Open
 0h00:04.831 2022/11/01T15:37:11z: AP_STAR tmr
 ets Jan  8 2013,rst cause:4, boot mode:(3,7)

wdt reset
load 0x4010f000, len 1384, room 16 
tail 8
chksum 0x2d
csum 0x2d
v8b899c12
~ld


6.01
 0h00:05.121 2022/11/01T15:57:16z: DS3231
 0h00:05.136 2022/11/01T15:57:16z: BME280 (0x76)
 0h00:05.151 2022/11/01T15:57:16z: 84:f3:eb:7d:7:a8
 0h00:05.152 2022/11/01T15:57:16z: SSID: MU Open
 0h00:05.157 2022/11/01T15:57:16z: AP_STAR tmr
 ets Jan  8 2013,rst cause:4, boot mode:(3,7)

wdt reset
load 0x4010f000, len 1384, room 16 
tail 8
chksum 0x2d
csum 0x2d
v8b899c12
~ld


6.01
 0h00:05.039 2022/11/01T16:17:20z: DS3231
 0h00:05.055 2022/11/01T16:17:20z: BME280 (0x76)
 0h00:05.069 2022/11/01T16:17:20z: 84:f3:eb:7d:7:a8
 0h00:05.071 2022/11/01T16:17:20z: SSID: MU Open
 0h00:05.076 2022/11/01T16:17:20z: AP_STAR tmr
 ets Jan  8 2013,rst cause:4, boot mode:(3,7)

wdt reset
load 0x4010f000, len 1384, room 16 
tail 8
chksum 0x2d
csum 0x2d
v8b899c12
~ld


6.01
 0h00:04.960 2022/11/01T16:37:25z: DS3231
 0h00:04.975 2022/11/01T16:37:25z: BME280 (0x76)
 0h00:04.989 2022/11/01T16:37:25z: 84:f3:eb:7d:7:a8
 0h00:04.991 2022/11/01T16:37:25z: SSID: MU Open
 0h00:04.996 2022/11/01T16:37:25z: AP_STAR tmr
 ets Jan  8 2013,rst cause:4, boot mode:(3,7)

wdt reset
load 0x4010f000, len 1384, room 16 
tail 8
chksum 0x2d
csum 0x2d
v8b899c12
~ld


6.01
 0h00:04.967 2022/11/01T16:57:29z: DS3231
 0h00:04.983 2022/11/01T16:57:29z: BME280 (0x76)
 0h00:04.997 2022/11/01T16:57:29z: 84:f3:eb:7d:7:a8
 0h00:04.999 2022/11/01T16:57:29z: SSID: MU Open
 0h00:05.004 2022/11/01T16:57:29z: AP_STAR tmr
 ets Jan  8 2013,rst cause:4, boot mode:(3,7)

wdt reset
load 0x4010f000, len 1384, room 16 
tail 8
chksum 0x2d
csum 0x2d
v8b899c12
~ld


6.01
 0h00:04.982 2022/11/01T17:17:33z: DS3231
 0h00:04.997 2022/11/01T17:17:33z: BME280 (0x76)
 0h00:05.011 2022/11/01T17:17:33z: 84:f3:eb:7d:7:a8
 0h00:05.013 2022/11/01T17:17:33z: SSID: MU Open
 0h00:05.018 2022/11/01T17:17:33z: AP_STAR tmr
 ets Jan  8 2013,rst cause:4, boot mode:(3,7)

wdt reset
load 0x4010f000, len 1384, room 16 
tail 8
chksum 0x2d
csum 0x2d
v8b899c12
~ld


6.01
 0h00:04.814 2022/11/01T17:37:38z: DS3231
 0h00:04.830 2022/11/01T17:37:38z: BME280 (0x76)
 0h00:04.844 2022/11/01T17:37:38z: 84:f3:eb:7d:7:a8
 0h00:04.846 2022/11/01T17:37:38z: SSID: MU Open
 0h00:04.851 2022/11/01T17:37:38z: AP_STAR tmr
 ets Jan  8 2013,rst cause:4, boot mode:(3,7)

wdt reset
load 0x4010f000, len 1384, room 16 
tail 8
chksum 0x2d
csum 0x2d
v8b899c12
~ld


6.01
 0h00:04.984 2022/11/01T17:57:43z: DS3231
 0h00:04.999 2022/11/01T17:57:43z: BME280 (0x76)
 0h00:05.013 2022/11/01T17:57:43z: 84:f3:eb:7d:7:a8
 0h00:05.015 2022/11/01T17:57:43z: SSID: MU Open
 0h00:05.020 2022/11/01T17:57:43z: AP_STAR tmr
 ets Jan  8 2013,rst cause:4, boot mode:(3,7)

wdt reset
load 0x4010f000, len 1384, room 16 
tail 8
chksum 0x2d
csum 0x2d
v8b899c12
~ld


6.01
 0h00:05.002 2022/11/01T18:17:47z: DS3231
 0h00:05.017 2022/11/01T18:17:47z: BME280 (0x76)
 0h00:05.032 2022/11/01T18:17:47z: 84:f3:eb:7d:7:a8
 0h00:05.033 2022/11/01T18:17:47z: SSID: MU Open
 0h00:05.038 2022/11/01T18:17:47z: AP_STAR tmr
 ets Jan  8 2013,rst cause:4, boot mode:(3,7)

wdt reset
load 0x4010f000, len 1384, room 16 
tail 8
chksum 0x2d
csum 0x2d
v8b899c12
~ld


6.01
 0h00:04.922 2022/11/01T18:37:52z: DS3231
 0h00:04.937 2022/11/01T18:37:52z: BME280 (0x76)
 0h00:04.951 2022/11/01T18:37:52z: 84:f3:eb:7d:7:a8
 0h00:04.953 2022/11/01T18:37:52z: SSID: MU Open
 0h00:04.958 2022/11/01T18:37:52z: AP_STAR tmr
 ets Jan  8 2013,rst cause:4, boot mode:(3,7)

wdt reset
load 0x4010f000, len 1384, room 16 
tail 8
chksum 0x2d
csum 0x2d
v8b899c12
~ld


6.01
 0h00:05.144 2022/11/01T18:57:56z: DS3231
 0h00:05.160 2022/11/01T18:57:56z: BME280 (0x76)
 0h00:05.174 2022/11/01T18:57:56z: 84:f3:eb:7d:7:a8
 0h00:05.176 2022/11/01T18:57:56z: SSID: MU Open
 0h00:05.181 2022/11/01T18:57:56z: AP_STAR tmr
 ets Jan  8 2013,rst cause:4, boot mode:(3,7)

wdt reset
load 0x4010f000, len 1384, room 16 
tail 8
chksum 0x2d
csum 0x2d
v8b899c12
~ld


6.01
 0h00:05.068 2022/11/01T19:18:01z: DS3231
 0h00:05.083 2022/11/01T19:18:01z: BME280 (0x76)
 0h00:05.098 2022/11/01T19:18:01z: 84:f3:eb:7d:7:a8
 0h00:05.099 2022/11/01T19:18:01z: SSID: MU Open
 0h00:05.104 2022/11/01T19:18:01z: AP_STAR tmr
 ets Jan  8 2013,rst cause:4, boot mode:(3,7)

wdt reset
load 0x4010f000, len 1384, room 16 
tail 8
chksum 0x2d
csum 0x2d
v8b899c12
~ld


6.01
 0h00:05.083 2022/11/01T19:38:06z: DS3231
 0h00:05.098 2022/11/01T19:38:06z: BME280 (0x76)
 0h00:05.113 2022/11/01T19:38:06z: 84:f3:eb:7d:7:a8
 0h00:05.114 2022/11/01T19:38:06z: SSID: MU Open
 0h00:05.119 2022/11/01T19:38:06z: AP_STAR tmr
 ets Jan  8 2013,rst cause:4, boot mode:(3,7)

wdt reset
load 0x4010f000, len 1384, room 16 
tail 8
chksum 0x2d
csum 0x2d
v8b899c12
~ld


6.01
 0h00:05.101 2022/11/01T19:58:11z: DS3231
 0h00:05.117 2022/11/01T19:58:11z: BME280 (0x76)
 0h00:05.131 2022/11/01T19:58:11z: 84:f3:eb:7d:7:a8
 0h00:05.133 2022/11/01T19:58:11z: SSID: MU Open
 0h00:05.138 2022/11/01T19:58:11z: AP_STAR tmr
 ets Jan  8 2013,rst cause:4, boot mode:(3,7)

wdt reset
load 0x4010f000, len 1384, room 16 
tail 8
chksum 0x2d
csum 0x2d
v8b899c12
~ld


6.01
 0h00:04.826 2022/11/01T20:18:15z: DS3231
 0h00:04.842 2022/11/01T20:18:15z: BME280 (0x76)
 0h00:04.856 2022/11/01T20:18:15z: 84:f3:eb:7d:7:a8
 0h00:04.858 2022/11/01T20:18:15z: SSID: MU Open
 0h00:04.863 2022/11/01T20:18:15z: AP_STAR tmr
 ets Jan  8 2013,rst cause:4, boot mode:(3,7)

wdt reset
load 0x4010f000, len 1384, room 16 
tail 8
chksum 0x2d
csum 0x2d
v8b899c12
~ld


6.01
 0h00:04.901 2022/11/01T20:38:21z: DS3231
 0h00:04.916 2022/11/01T20:38:21z: BME280 (0x76)
 0h00:04.930 2022/11/01T20:38:21z: 84:f3:eb:7d:7:a8
 0h00:04.932 2022/11/01T20:38:21z: SSID: MU Open
 0h00:04.937 2022/11/01T20:38:21z: AP_STAR tmr
 ets Jan  8 2013,rst cause:4, boot mode:(3,7)

wdt reset
load 0x4010f000, len 1384, room 16 
tail 8
chksum 0x2d
csum 0x2d
v8b899c12
~ld


6.01
 0h00:05.012 2022/11/01T20:58:26z: DS3231
 0h00:05.027 2022/11/01T20:58:26z: BME280 (0x76)
 0h00:05.041 2022/11/01T20:58:26z: 84:f3:eb:7d:7:a8
 0h00:05.043 2022/11/01T20:58:26z: SSID: MU Open
 0h00:05.048 2022/11/01T20:58:26z: AP_STAR tmr
 ets Jan  8 2013,rst cause:4, boot mode:(3,7)

wdt reset
load 0x4010f000, len 1384, room 16 
tail 8
chksum 0x2d
csum 0x2d
v8b899c12
~ld


6.01
 0h00:05.037 2022/11/01T21:18:30z: DS3231
 0h00:05.052 2022/11/01T21:18:30z: BME280 (0x76)
 0h00:05.066 2022/11/01T21:18:30z: 84:f3:eb:7d:7:a8
 0h00:05.068 2022/11/01T21:18:30z: SSID: MU Open
 0h00:05.073 2022/11/01T21:18:30z: AP_STAR tmr
 ets Jan  8 2013,rst cause:4, boot mode:(3,7)

wdt reset
load 0x4010f000, len 1384, room 16 
tail 8
chksum 0x2d
csum 0x2d
v8b899c12
~ld


6.01
 0h00:05.128 2022/11/01T21:38:35z: DS3231
 0h00:05.144 2022/11/01T21:38:35z: BME280 (0x76)
 0h00:05.158 2022/11/01T21:38:35z: 84:f3:eb:7d:7:a8
 0h00:05.160 2022/11/01T21:38:35z: SSID: MU Open
 0h00:05.165 2022/11/01T21:38:35z: AP_STAR tmr
 ets Jan  8 2013,rst cause:4, boot mode:(3,7)

wdt reset
load 0x4010f000, len 1384, room 16 
tail 8
chksum 0x2d
csum 0x2d
v8b899c12
~ld


6.01
 0h00:05.298 2022/11/01T21:58:40z: DS3231
 0h00:05.314 2022/11/01T21:58:40z: BME280 (0x76)
 0h00:05.328 2022/11/01T21:58:40z: 84:f3:eb:7d:7:a8
 0h00:05.329 2022/11/01T21:58:40z: SSID: MU Open
 0h00:05.335 2022/11/01T21:58:40z: AP_STAR tmr
 ets Jan  8 2013,rst cause:4, boot mode:(3,7)

wdt reset
load 0x4010f000, len 1384, room 16 
tail 8
chksum 0x2d
csum 0x2d
v8b899c12
~ld


6.01
 0h00:05.250 2022/11/01T22:18:44z: DS3231
 0h00:05.266 2022/11/01T22:18:44z: BME280 (0x76)
 0h00:05.280 2022/11/01T22:18:44z: 84:f3:eb:7d:7:a8
 0h00:05.282 2022/11/01T22:18:44z: SSID: MU Open
 0h00:05.287 2022/11/01T22:18:44z: AP_STAR tmr
 ets Jan  8 2013,rst cause:4, boot mode:(3,7)

wdt reset
load 0x4010f000, len 1384, room 16 
tail 8
chksum 0x2d
csum 0x2d
v8b899c12
~ld


6.01
 0h00:05.174 2022/11/01T22:38:49z: DS3231
 0h00:05.189 2022/11/01T22:38:49z: BME280 (0x76)
 0h00:05.204 2022/11/01T22:38:49z: 84:f3:eb:7d:7:a8
 0h00:05.205 2022/11/01T22:38:49z: SSID: MU Open
 0h00:05.210 2022/11/01T22:38:49z: AP_STAR tmr
 ets Jan  8 2013,rst cause:4, boot mode:(3,7)

wdt reset
load 0x4010f000, len 1384, room 16 
tail 8
chksum 0x2d
csum 0x2d
v8b899c12
~ld


6.01
 0h00:05.016 2022/11/01T22:58:53z: DS3231
 0h00:05.032 2022/11/01T22:58:53z: BME280 (0x76)
 0h00:05.046 2022/11/01T22:58:53z: 84:f3:eb:7d:7:a8
 0h00:05.048 2022/11/01T22:58:53z: SSID: MU Open
 0h00:05.053 2022/11/01T22:58:53z: AP_STAR tmr
 ets Jan  8 2013,rst cause:4, boot mode:(3,7)

wdt reset
load 0x4010f000, len 1384, room 16 
tail 8
chksum 0x2d
csum 0x2d
v8b899c12
~ld


6.01
 0h00:05.214 2022/11/01T23:18:58z: DS3231
 0h00:05.229 2022/11/01T23:18:58z: BME280 (0x76)
 0h00:05.244 2022/11/01T23:18:58z: 84:f3:eb:7d:7:a8
 0h00:05.245 2022/11/01T23:18:58z: SSID: MU Open
 0h00:05.250 2022/11/01T23:18:58z: AP_STAR tmr
 ets Jan  8 2013,rst cause:4, boot mode:(3,7)

wdt reset
load 0x4010f000, len 1384, room 16 
tail 8
chksum 0x2d
csum 0x2d
v8b899c12
~ld


6.01
 0h00:05.264 2022/11/01T23:39:03z: DS3231
 0h00:05.280 2022/11/01T23:39:03z: BME280 (0x76)
 0h00:05.294 2022/11/01T23:39:03z: 84:f3:eb:7d:7:a8
 0h00:05.296 2022/11/01T23:39:03z: SSID: MU Open
 0h00:05.301 2022/11/01T23:39:03z: AP_STAR tmr
 ets Jan  8 2013,rst cause:4, boot mode:(3,7)

wdt reset
load 0x4010f000, len 1384, room 16 
tail 8
chksum 0x2d
csum 0x2d
v8b899c12
~ld


6.01
 0h00:05.316 2022/11/01T23:59:08z: DS3231
 0h00:05.331 2022/11/01T23:59:08z: BME280 (0x76)
 0h00:05.345 2022/11/01T23:59:08z: 84:f3:eb:7d:7:a8
 0h00:05.347 2022/11/01T23:59:08z: SSID: MU Open
 0h00:05.352 2022/11/01T23:59:08z: AP_STA