R tmr
 ets Jan  8 2013,rst cause:4, boot mode:(3,7)

wdt reset
load 0x4010f000, len 1384, room 16 
tail 8
chksum 0x2d
csum 0x2d
v8b899c12
~ld


6.01
 0h00:04.948 2022/07/20T00:15:16z: DS3231
 0h00:04.963 2022/07/20T00:15:16z: BME280 (0x76)
 0h00:04.977 2022/07/20T00:15:16z: 84:f3:eb:7d:7:a8
 0h00:04.979 2022/07/20T00:15:16z: SSID: MU Open
 0h00:04.984 2022/07/20T00:15:16z: AP_STAR tmr
 ets Jan  8 2013,rst cause:4, boot mode:(3,7)

wdt reset
load 0x4010f000, len 1384, room 16 
tail 8
chksum 0x2d
csum 0x2d
v8b899c12
~ld


6.01
 0h00:04.945 2022/07/20T00:35:19z: DS3231
 0h00:04.960 2022/07/20T00:35:19z: BME280 (0x76)
 0h00:04.974 2022/07/20T00:35:19z: 84:f3:eb:7d:7:a8
 0h00:04.976 2022/07/20T00:35:19z: SSID: MU Open
 0h00:04.981 2022/07/20T00:35:19z: AP_STAR tmr
 ets Jan  8 2013,rst cause:4, boot mode:(3,7)

wdt reset
load 0x4010f000, len 1384, room 16 
tail 8
chksum 0x2d
csum 0x2d
v8b899c12
~ld


6.01
 0h00:04.863 2022/07/20T00:55:22z: DS3231
 0h00:04.879 2022/07/20T00:55:22z: BME280 (0x76)
 0h00:04.893 2022/07/20T00:55:22z: 84:f3:eb:7d:7:a8
 0h00:04.894 2022/07/20T00:55:22z: SSID: MU Open
 0h00:04.900 2022/07/20T00:55:22z: AP_STAR tmr
 ets Jan  8 2013,rst cause:4, boot mode:(3,7)

wdt reset
load 0x4010f000, len 1384, room 16 
tail 8
chksum 0x2d
csum 0x2d
v8b899c12
~ld


6.01
 0h00:04.985 2022/07/20T01:15:25z: DS3231
 0h00:05.001 2022/07/20T01:15:25z: BME280 (0x76)
 0h00:05.015 2022/07/20T01:15:25z: 84:f3:eb:7d:7:a8
 0h00:05.017 2022/07/20T01:15:25z: SSID: MU Open
 0h00:05.022 2022/07/20T01:15:25z: AP_STAR tmr
 ets Jan  8 2013,rst cause:4, boot mode:(3,7)

wdt reset
load 0x4010f000, len 1384, room 16 
tail 8
chksum 0x2d
csum 0x2d
v8b899c12
~ld


6.01
 0h00:04.910 2022/07/20T01:35:28z: DS3231
 0h00:04.925 2022/07/20T01:35:28z: BME280 (0x76)
 0h00:04.939 2022/07/20T01:35:28z: 84:f3:eb:7d:7:a8
 0h00:04.941 2022/07/20T01:35:28z: SSID: MU Open
 0h00:04.946 2022/07/20T01:35:29z: AP_STAR tmr
 ets Jan  8 2013,rst cause:4, boot mode:(3,7)

wdt reset
load 0x4010f000, len 1384, room 16 
tail 8
chksum 0x2d
csum 0x2d
v8b899c12
~ld


6.01
 0h00:04.858 2022/07/20T01:55:32z: DS3231
 0h00:04.874 2022/07/20T01:55:32z: BME280 (0x76)
 0h00:04.888 2022/07/20T01:55:32z: 84:f3:eb:7d:7:a8
 0h00:04.889 2022/07/20T01:55:32z: SSID: MU Open
 0h00:04.895 2022/07/20T01:55:32z: AP_STAR tmr
 ets Jan  8 2013,rst cause:4, boot mode:(3,7)

wdt reset
load 0x4010f000, len 1384, room 16 
tail 8
chksum 0x2d
csum 0x2d
v8b899c12
~ld


6.01
 0h00:04.795 2022/07/20T02:15:35z: DS3231
 0h00:04.810 2022/07/20T02:15:35z: BME280 (0x76)
 0h00:04.824 2022/07/20T02:15:35z: 84:f3:eb:7d:7:a8
 0h00:04.826 2022/07/20T02:15:35z: SSID: MU Open
 0h00:04.831 2022/07/20T02:15:35z: AP_STAR tmr
 ets Jan  8 2013,rst cause:4, boot mode:(3,7)

wdt reset
load 0x4010f000, len 1384, room 16 
tail 8
chksum 0x2d
csum 0x2d
v8b899c12
~ld


6.01
 0h00:04.861 2022/07/20T02:35:38z: DS3231
 0h00:04.876 2022/07/20T02:35:38z: BME280 (0x76)
 0h00:04.890 2022/07/20T02:35:38z: 84:f3:eb:7d:7:a8
 0h00:04.892 2022/07/20T02:35:38z: SSID: MU Open
 0h00:04.897 2022/07/20T02:35:38z: AP_STAR tmr
 ets Jan  8 2013,rst cause:4, boot mode:(3,7)

wdt reset
load 0x4010f000, len 1384, room 16 
tail 8
chksum 0x2d
csum 0x2d
v8b899c12
~ld


6.01
 0h00:04.899 2022/07/20T02:55:41z: DS3231
 0h00:04.914 2022/07/20T02:55:41z: BME280 (0x76)
 0h00:04.928 2022/07/20T02:55:41z: 84:f3:eb:7d:7:a8
 0h00:04.930 2022/07/20T02:55:41z: SSID: MU Open
 0h00:04.935 2022/07/20T02:55:41z: AP_STAR tmr
 ets Jan  8 2013,rst cause:4, boot mode:(3,7)

wdt reset
load 0x4010f000, len 1384, room 16 
tail 8
chksum 0x2d
csum 0x2d
v8b899c12
~ld


6.01
 0h00:04.305 2022/07/20T03:15:44z: DS3231
 0h00:04.320 2022/07/20T03:15:44z: BME280 (0x76)
 0h00:04.334 2022/07/20T03:15:44z: 84:f3:eb:7d:7:a8
 0h00:04.336 2022/07/20T03:15:44z: SSID: MU Open
 0h00:04.341 2022/07/20T03:15:44z: AP_STAR tmr
 ets Jan  8 2013,rst cause:4, boot mode:(3,7)

wdt reset
load 0x4010f000, len 1384, room 16 
tail 8
chksum 0x2d
csum 0x2d
v8b899c12
~ld


6.01
 0h00:04.750 2022/07/20T03:35:47z: DS3231
 0h00:04.765 2022/07/20T03:35:47z: BME280 (0x76)
 0h00:04.779 2022/07/20T03:35:47z: 84:f3:eb:7d:7:a8
 0h00:04.781 2022/07/20T03:35:47z: SSID: MU Open
 0h00:04.786 2022/07/20T03:35:47z: AP_STAR tmr
 ets Jan  8 2013,rst cause:4, boot mode:(3,7)

wdt reset
load 0x4010f000, len 1384, room 16 
tail 8
chksum 0x2d
csum 0x2d
v8b899c12
~ld


6.01
 0h00:04.623 2022/07/20T03:55:49z: DS3231
 0h00:04.638 2022/07/20T03:55:49z: BME280 (0x76)
 0h00:04.653 2022/07/20T03:55:49z: 84:f3:eb:7d:7:a8
 0h00:04.654 2022/07/20T03:55:49z: SSID: MU Open
 0h00:04.659 2022/07/20T03:55:49z: AP_STAR tmr
 ets Jan  8 2013,rst cause:4, boot mode:(3,7)

wdt reset
load 0x4010f000, len 1384, room 16 
tail 8
chksum 0x2d
csum 0x2d
v8b899c12
~ld


6.01
 0h00:04.531 2022/07/20T04:15:52z: DS3231
 0h00:04.547 2022/07/20T04:15:52z: BME280 (0x76)
 0h00:04.561 2022/07/20T04:15:52z: 84:f3:eb:7d:7:a8
 0h00:04.563 2022/07/20T04:15:52z: SSID: MU Open
 0h00:04.568 2022/07/20T04:15:52z: AP_STAR tmr
 ets Jan  8 2013,rst cause:4, boot mode:(3,7)

wdt reset
load 0x4010f000, len 1384, room 16 
tail 8
chksum 0x2d
csum 0x2d
v8b899c12
~ld


6.01
 0h00:04.643 2022/07/20T04:35:55z: DS3231
 0h00:04.658 2022/07/20T04:35:55z: BME280 (0x76)
 0h00:04.673 2022/07/20T04:35:55z: 84:f3:eb:7d:7:a8
 0h00:04.674 2022/07/20T04:35:55z: SSID: MU Open
 0h00:04.679 2022/07/20T04:35:55z: AP_STAR tmr
 ets Jan  8 2013,rst cause:4, boot mode:(3,7)

wdt reset
load 0x4010f000, len 1384, room 16 
tail 8
chksum 0x2d
csum 0x2d
v8b899c12
~ld


6.01
 0h00:04.710 2022/07/20T04:55:57z: DS3231
 0h00:04.726 2022/07/20T04:55:57z: BME280 (0x76)
 0h00:04.740 2022/07/20T04:55:57z: 84:f3:eb:7d:7:a8
 0h00:04.742 2022/07/20T04:55:57z: SSID: MU Open
 0h00:04.747 2022/07/20T04:55:57z: AP_STAR tmr
 ets Jan  8 2013,rst cause:4, boot mode:(3,7)

wdt reset
load 0x4010f000, len 1384, room 16 
tail 8
chksum 0x2d
csum 0x2d
v8b899c12
~ld


6.01
 0h00:04.541 2022/07/20T05:16:00z: DS3231
 0h00:04.556 2022/07/20T05:16:00z: BME280 (0x76)
 0h00:04.570 2022/07/20T05:16:00z: 84:f3:eb:7d:7:a8
 0h00:04.572 2022/07/20T05:16:00z: SSID: MU Open
 0h00:04.577 2022/07/20T05:16:00z: AP_STAR tmr
 ets Jan  8 2013,rst cause:4, boot mode:(3,7)

wdt reset
load 0x4010f000, len 1384, room 16 
tail 8
chksum 0x2d
csum 0x2d
v8b899c12
~ld


6.01
 0h00:04.873 2022/07/20T05:36:04z: DS3231
 0h00:04.888 2022/07/20T05:36:04z: BME280 (0x76)
 0h00:04.902 2022/07/20T05:36:04z: 84:f3:eb:7d:7:a8
 0h00:04.904 2022/07/20T05:36:04z: SSID: MU Open
 0h00:04.909 2022/07/20T05:36:04z: AP_STAR tmr
 ets Jan  8 2013,rst cause:4, boot mode:(3,7)

wdt reset
load 0x4010f000, len 1384, room 16 
tail 8
chksum 0x2d
csum 0x2d
v8b899c12
~ld


6.01
 0h00:04.636 2022/07/20T05:56:06z: DS3231
 0h00:04.651 2022/07/20T05:56:06z: BME280 (0x76)
 0h00:04.665 2022/07/20T05:56:06z: 84:f3:eb:7d:7:a8
 0h00:04.667 2022/07/20T05:56:06z: SSID: MU Open
 0h00:04.672 2022/07/20T05:56:06z: AP_STAR tmr
 ets Jan  8 2013,rst cause:4, boot mode:(3,7)

wdt reset
load 0x4010f000, len 1384, room 16 
tail 8
chksum 0x2d
csum 0x2d
v8b899c12
~ld


6.01
 0h00:04.867 2022/07/20T06:16:08z: DS3231
 0h00:04.882 2022/07/20T06:16:08z: BME280 (0x76)
 0h00:04.896 2022/07/20T06:16:08z: 84:f3:eb:7d:7:a8
 0h00:04.898 2022/07/20T06:16:08z: SSID: MU Open
 0h00:04.903 2022/07/20T06:16:08z: AP_STAR tmr
 ets Jan  8 2013,rst cause:4, boot mode:(3,7)

wdt reset
load 0x4010f000, len 1384, room 16 
tail 8
chksum 0x2d
csum 0x2d
v8b899c12
~ld


6.01
 0h00:04.698 2022/07/20T06:36:11z: DS3231
 0h00:04.713 2022/07/20T06:36:11z: BME280 (0x76)
 0h00:04.727 2022/07/20T06:36:11z: 84:f3:eb:7d:7:a8
 0h00:04.729 2022/07/20T06:36:11z: SSID: MU Open
 0h00:04.734 2022/07/20T06:36:11z: AP_STAR tmr
 ets Jan  8 2013,rst cause:4, boot mode:(3,7)

wdt reset
load 0x4010f000, len 1384, room 16 
tail 8
chksum 0x2d
csum 0x2d
v8b899c12
~ld


6.01
 0h00:04.912 2022/07/20T06:56:14z: DS3231
 0h00:04.927 2022/07/20T06:56:14z: BME280 (0x76)
 0h00:04.941 2022/07/20T06:56:14z: 84:f3:eb:7d:7:a8
 0h00:04.943 2022/07/20T06:56:14z: SSID: MU Open
 0h00:04.948 2022/07/20T06:56:14z: AP_STAR tmr
 ets Jan  8 2013,rst cause:4, boot mode:(3,7)

wdt reset
load 0x4010f000, len 1384, room 16 
tail 8
chksum 0x2d
csum 0x2d
v8b899c12
~ld


6.01
 0h00:04.888 2022/07/20T07:16:17z: DS3231
 0h00:04.903 2022/07/20T07:16:17z: BME280 (0x76)
 0h00:04.917 2022/07/20T07:16:17z: 84:f3:eb:7d:7:a8
 0h00:04.919 2022/07/20T07:16:17z: SSID: MU Open
 0h00:04.924 2022/07/20T07:16:17z: AP_STAR tmr
 ets Jan  8 2013,rst cause:4, boot mode:(3,7)

wdt reset
load 0x4010f000, len 1384, room 16 
tail 8
chksum 0x2d
csum 0x2d
v8b899c12
~ld


6.01
 0h00:04.859 2022/07/20T07:36:20z: DS3231
 0h00:04.875 2022/07/20T07:36:20z: BME280 (0x76)
 0h00:04.889 2022/07/20T07:36:20z: 84:f3:eb:7d:7:a8
 0h00:04.891 2022/07/20T07:36:20z: SSID: MU Open
 0h00:04.896 2022/07/20T07:36:20z: AP_STAR tmr
 ets Jan  8 2013,rst cause:4, boot mode:(3,7)

wdt reset
load 0x4010f000, len 1384, room 16 
tail 8
chksum 0x2d
csum 0x2d
v8b899c12
~ld


6.01
 0h00:04.420 2022/07/20T07:56:23z: DS3231
 0h00:04.435 2022/07/20T07:56:23z: BME280 (0x76)
 0h00:04.449 2022/07/20T07:56:23z: 84:f3:eb:7d:7:a8
 0h00:04.451 2022/07/20T07:56:23z: SSID: MU Open
 0h00:04.456 2022/07/20T07:56:23z: AP_STAR tmr
 ets Jan  8 2013,rst cause:4, boot mode:(3,7)

wdt reset
load 0x4010f000, len 1384, room 16 
tail 8
chksum 0x2d
csum 0x2d
v8b899c12
~ld


6.01
 0h00:04.659 2022/07/20T08:16:26z: DS3231
 0h00:04.674 2022/07/20T08:16:26z: BME280 (0x76)
 0h00:04.688 2022/07/20T08:16:26z: 84:f3:eb:7d:7:a8
 0h00:04.690 2022/07/20T08:16:26z: SSID: MU Open
 0h00:04.695 2022/07/20T08:16:26z: AP_STAR tmr
 ets Jan  8 2013,rst cause:4, boot mode:(3,7)

wdt reset
load 0x4010f000, len 1384, room 16 
tail 8
chksum 0x2d
csum 0x2d
v8b899c12
~ld


6.01
 0h00:04.902 2022/07/20T08:36:29z: DS3231
 0h00:04.917 2022/07/20T08:36:29z: BME280 (0x76)
 0h00:04.931 2022/07/20T08:36:29z: 84:f3:eb:7d:7:a8
 0h00:04.933 2022/07/20T08:36:29z: SSID: MU Open
 0h00:04.938 2022/07/20T08:36:29z: AP_STAR tmr
 ets Jan  8 2013,rst cause:4, boot mode:(3,7)

wdt reset
load 0x4010f000, len 1384, room 16 
tail 8
chksum 0x2d
csum 0x2d
v8b899c12
~ld


6.01
 0h00:04.675 2022/07/20T08:56:32z: DS3231
 0h00:04.690 2022/07/20T08:56:32z: BME280 (0x76)
 0h00:04.704 2022/07/20T08:56:32z: 84:f3:eb:7d:7:a8
 0h00:04.706 2022/07/20T08:56:32z: SSID: MU Open
 0h00:04.711 2022/07/20T08:56:32z: AP_STAR tmr
 ets Jan  8 2013,rst cause:4, boot mode:(3,7)

wdt reset
load 0x4010f000, len 1384, room 16 
tail 8
chksum 0x2d
csum 0x2d
v8b899c12
~ld


6.01
 0h00:04.854 2022/07/20T09:16:34z: DS3231
 0h00:04.870 2022/07/20T09:16:34z: BME280 (0x76)
 0h00:04.884 2022/07/20T09:16:34z: 84:f3:eb:7d:7:a8
 0h00:04.885 2022/07/20T09:16:34z: SSID: MU Open
 0h00:04.891 2022/07/20T09:16:34z: AP_STAR tmr
 ets Jan  8 2013,rst cause:4, boot mode:(3,7)

wdt reset
load 0x4010f000, len 1384, room 16 
tail 8
chksum 0x2d
csum 0x2d
v8b899c12
~ld


6.01
 0h00:04.516 2022/07/20T09:36:37z: DS3231
 0h00:04.531 2022/07/20T09:36:37z: BME280 (0x76)
 0h00:04.545 2022/07/20T09:36:37z: 84:f3:eb:7d:7:a8
 0h00:04.547 2022/07/20T09:36:37z: SSID: MU Open
 0h00:04.552 2022/07/20T09:36:37z: AP_STAR tmr
 ets Jan  8 2013,rst cause:4, boot mode:(3,7)

wdt reset
load 0x4010f000, len 1384, room 16 
tail 8
chksum 0x2d
csum 0x2d
v8b899c12
~ld


6.01
 0h00:04.861 2022/07/20T09:56:41z: DS3231
 0h00:04.876 2022/07/20T09:56:41z: BME280 (0x76)
 0h00:04.890 2022/07/20T09:56:41z: 84:f3:eb:7d:7:a8
 0h00:04.892 2022/07/20T09:56:41z: SSID: MU Open
 0h00:04.897 2022/07/20T09:56:41z: AP_STAR tmr
 ets Jan  8 2013,rst cause:4, boot mode:(3,7)

wdt reset
load 0x4010f000, len 1384, room 16 
tail 8
chksum 0x2d
csum 0x2d
v8b899c12
~ld


6.01
 0h00:05.041 2022/07/20T10:16:44z: DS3231
 0h00:05.057 2022/07/20T10:16:44z: BME280 (0x76)
 0h00:05.071 2022/07/20T10:16:44z: 84:f3:eb:7d:7:a8
 0h00:05.072 2022/07/20T10:16:44z: SSID: MU Open
 0h00:05.078 2022/07/20T10:16:44z: AP_STAR tmr
 ets Jan  8 2013,rst cause:4, boot mode:(3,7)

wdt reset
load 0x4010f000, len 1384, room 16 
tail 8
chksum 0x2d
csum 0x2d
v8b899c12
~ld


6.01
 0h00:04.933 2022/07/20T10:36:46z: DS3231
 0h00:04.948 2022/07/20T10:36:46z: BME280 (0x76)
 0h00:04.962 2022/07/20T10:36:46z: 84:f3:eb:7d:7:a8
 0h00:04.964 2022/07/20T10:36:46z: SSID: MU Open
 0h00:04.969 2022/07/20T10:36:46z: AP_STAR tmr
 ets Jan  8 2013,rst cause:4, boot mode:(3,7)

wdt reset
load 0x4010f000, len 1384, room 16 
tail 8
chksum 0x2d
csum 0x2d
v8b899c12
~ld


6.01
 0h00:04.636 2022/07/20T10:56:49z: DS3231
 0h00:04.651 2022/07/20T10:56:49z: BME280 (0x76)
 0h00:04.665 2022/07/20T10:56:49z: 84:f3:eb:7d:7:a8
 0h00:04.667 2022/07/20T10:56:49z: SSID: MU Open
 0h00:04.672 2022/07/20T10:56:49z: AP_STAR tmr
 ets Jan  8 2013,rst cause:4, boot mode:(3,7)

wdt reset
load 0x4010f000, len 1384, room 16 
tail 8
chksum 0x2d
csum 0x2d
v8b899c12
~ld


6.01
 0h00:05.119 2022/07/20T11:16:53z: DS3231
 0h00:05.134 2022/07/20T11:16:53z: BME280 (0x76)
 0h00:05.148 2022/07/20T11:16:53z: 84:f3:eb:7d:7:a8
 0h00:05.150 2022/07/20T11:16:53z: SSID: MU Open
 0h00:05.155 2022/07/20T11:16:53z: AP_STAR tmr
 ets Jan  8 2013,rst cause:4, boot mode:(3,7)

wdt reset
load 0x4010f000, len 1384, room 16 
tail 8
chksum 0x2d
csum 0x2d
v8b899c12
~ld


6.01
 0h00:05.091 2022/07/20T11:36:57z: DS3231
 0h00:05.106 2022/07/20T11:36:57z: BME280 (0x76)
 0h00:05.120 2022/07/20T11:36:57z: 84:f3:eb:7d:7:a8
 0h00:05.122 2022/07/20T11:36:57z: SSID: MU Open
 0h00:05.127 2022/07/20T11:36:57z: AP_STAR tmr
 ets Jan  8 2013,rst cause:4, boot mode:(3,7)

wdt reset
load 0x4010f000, len 1384, room 16 
tail 8
chksum 0x2d
csum 0x2d
v8b899c12
~ld


6.01
 0h00:04.878 2022/07/20T11:57:00z: DS3231
 0h00:04.893 2022/07/20T11:57:00z: BME280 (0x76)
 0h00:04.907 2022/07/20T11:57:00z: 84:f3:eb:7d:7:a8
 0h00:04.909 2022/07/20T11:57:00z: SSID: MU Open
 0h00:04.914 2022/07/20T11:57:00z: AP_STAR tmr
 ets Jan  8 2013,rst cause:4, boot mode:(3,7)

wdt reset
load 0x4010f000, len 1384, room 16 
tail 8
chksum 0x2d
csum 0x2d
v8b899c12
~ld


6.01
 0h00:04.710 2022/07/20T12:17:03z: DS3231
 0h00:04.725 2022/07/20T12:17:03z: BME280 (0x76)
 0h00:04.739 2022/07/20T12:17:03z: 84:f3:eb:7d:7:a8
 0h00:04.741 2022/07/20T12:17:03z: SSID: MU Open
 0h00:04.746 2022/07/20T12:17:03z: AP_STAR tmr
 ets Jan  8 2013,rst cause:4, boot mode:(3,7)

wdt reset
load 0x4010f000, len 1384, room 16 
tail 8
chksum 0x2d
csum 0x2d
v8b899c12
~ld


6.01
 0h00:05.020 2022/07/20T12:37:06z: DS3231
 0h00:05.036 2022/07/20T12:37:06z: BME280 (0x76)
 0h00:05.050 2022/07/20T12:37:06z: 84:f3:eb:7d:7:a8
 0h00:05.051 2022/07/20T12:37:06z: SSID: MU Open
 0h00:05.057 2022/07/20T12:37:06z: AP_STAR tmr
 ets Jan  8 2013,rst cause:4, boot mode:(3,7)

wdt reset
load 0x4010f000, len 1384, room 16 
tail 8
chksum 0x2d
csum 0x2d
v8b899c12
~ld


6.01
 0h00:05.090 2022/07/20T12:57:10z: DS3231
 0h00:05.105 2022/07/20T12:57:10z: BME280 (0x76)
 0h00:05.119 2022/07/20T12:57:10z: 84:f3:eb:7d:7:a8
 0h00:05.121 2022/07/20T12:57:10z: SSID: MU Open
 0h00:05.126 2022/07/20T12:57:10z: AP_STAR tmr
 ets Jan  8 2013,rst cause:4, boot mode:(3,7)

wdt reset
load 0x4010f000, len 1384, room 16 
tail 8
chksum 0x2d
csum 0x2d
v8b899c12
~ld


6.01
 0h00:05.180 2022/07/20T13:17:15z: DS3231
 0h00:05.195 2022/07/20T13:17:15z: BME280 (0x76)
 0h00:05.210 2022/07/20T13:17:15z: 84:f3:eb:7d:7:a8
 0h00:05.211 2022/07/20T13:17:15z: SSID: MU Open
 0h00:05.216 2022/07/20T13:17:15z: AP_STAR tmr
 ets Jan  8 2013,rst cause:4, boot mode:(3,7)

wdt reset
load 0x4010f000, len 1384, room 16 
tail 8
chksum 0x2d
csum 0x2d
v8b899c12
~ld


6.01
 0h00:05.021 2022/07/20T13:37:18z: DS3231
 0h00:05.037 2022/07/20T13:37:18z: BME280 (0x76)
 0h00:05.051 2022/07/20T13:37:18z: 84:f3:eb:7d:7:a8
 0h00:05.052 2022/07/20T13:37:18z: SSID: MU Open
 0h00:05.058 2022/07/20T13:37:18z: AP_STAR tmr
 ets Jan  8 2013,rst cause:4, boot mode:(3,7)

wdt reset
load 0x4010f000, len 1384, room 16 
tail 8
chksum 0x2d
csum 0x2d
v8b899c12
~ld


6.01
 0h00:05.052 2022/07/20T13:57:22z: DS3231
 0h00:05.067 2022/07/20T13:57:22z: BME280 (0x76)
 0h00:05.082 2022/07/20T13:57:22z: 84:f3:eb:7d:7:a8
 0h00:05.083 2022/07/20T13:57:22z: SSID: MU Open
 0h00:05.088 2022/07/20T13:57:22z: AP_STAR tmr
 ets Jan  8 2013,rst cause:4, boot mode:(3,7)

wdt reset
load 0x4010f000, len 1384, room 16 
tail 8
chksum 0x2d
csum 0x2d
v8b899c12
~ld


6.01
 0h00:04.958 2022/07/20T14:17:26z: DS3231
 0h00:04.974 2022/07/20T14:17:26z: BME280 (0x76)
 0h00:04.988 2022/07/20T14:17:26z: 84:f3:eb:7d:7:a8
 0h00:04.989 2022/07/20T14:17:26z: SSID: MU Open
 0h00:04.995 2022/07/20T14:17:26z: AP_STAR tmr
 ets Jan  8 2013,rst cause:4, boot mode:(3,7)

wdt reset
load 0x4010f000, len 1384, room 16 
tail 8
chksum 0x2d
csum 0x2d
v8b899c12
~ld


6.01
 0h00:04.775 2022/07/20T14:37:29z: DS3231
 0h00:04.790 2022/07/20T14:37:29z: BME280 (0x76)
 0h00:04.805 2022/07/20T14:37:29z: 84:f3:eb:7d:7:a8
 0h00:04.806 2022/07/20T14:37:29z: SSID: MU Open
 0h00:04.812 2022/07/20T14:37:29z: AP_STAR tmr
 ets Jan  8 2013,rst cause:4, boot mode:(3,7)

wdt reset
load 0x4010f000, len 1384, room 16 
tail 8
chksum 0x2d
csum 0x2d
v8b899c12
~ld


6.01
 0h00:04.616 2022/07/20T14:57:32z: DS3231
 0h00:04.632 2022/07/20T14:57:32z: BME280 (0x76)
 0h00:04.646 2022/07/20T14:57:32z: 84:f3:eb:7d:7:a8
 0h00:04.647 2022/07/20T14:57:32z: SSID: MU Open
 0h00:04.653 2022/07/20T14:57:32z: AP_STAR tmr
 ets Jan  8 2013,rst cause:4, boot mode:(3,7)

wdt reset
load 0x4010f000, len 1384, room 16 
tail 8
chksum 0x2d
csum 0x2d
v8b899c12
~ld


6.01
 0h00:05.006 2022/07/20T15:17:36z: DS3231
 0h00:05.021 2022/07/20T15:17:36z: BME280 (0x76)
 0h00:05.035 2022/07/20T15:17:36z: 84:f3:eb:7d:7:a8
 0h00:05.037 2022/07/20T15:17:36z: SSID: MU Open
 0h00:05.042 2022/07/20T15:17:36z: AP_STAR tmr
 ets Jan  8 2013,rst cause:4, boot mode:(3,7)

wdt reset
load 0x4010f000, len 1384, room 16 
tail 8
chksum 0x2d
csum 0x2d
v8b899c12
~ld


6.01
 0h00:04.891 2022/07/20T15:37:39z: DS3231
 0h00:04.906 2022/07/20T15:37:39z: BME280 (0x76)
 0h00:04.920 2022/07/20T15:37:39z: 84:f3:eb:7d:7:a8
 0h00:04.922 2022/07/20T15:37:39z: SSID: MU Open
 0h00:04.927 2022/07/20T15:37:39z: AP_STAR tmr
 ets Jan  8 2013,rst cause:4, boot mode:(3,7)

wdt reset
load 0x4010f000, len 1384, room 16 
tail 8
chksum 0x2d
csum 0x2d
v8b899c12
~ld


6.01
 0h00:04.860 2022/07/20T15:57:42z: DS3231
 0h00:04.875 2022/07/20T15:57:42z: BME280 (0x76)
 0h00:04.890 2022/07/20T15:57:42z: 84:f3:eb:7d:7:a8
 0h00:04.891 2022/07/20T15:57:42z: SSID: MU Open
 0h00:04.896 2022/07/20T15:57:42z: AP_STAR tmr
 ets Jan  8 2013,rst cause:4, boot mode:(3,7)

wdt reset
load 0x4010f000, len 1384, room 16 
tail 8
chksum 0x2d
csum 0x2d
v8b899c12
~ld


6.01
 0h00:04.835 2022/07/20T16:17:45z: DS3231
 0h00:04.850 2022/07/20T16:17:45z: BME280 (0x76)
 0h00:04.865 2022/07/20T16:17:45z: 84:f3:eb:7d:7:a8
 0h00:04.866 2022/07/20T16:17:45z: SSID: MU Open
 0h00:04.871 2022/07/20T16:17:45z: AP_STAR tmr
 ets Jan  8 2013,rst cause:4, boot mode:(3,7)

wdt reset
load 0x4010f000, len 1384, room 16 
tail 8
chksum 0x2d
csum 0x2d
v8b899c12
~ld


6.01
 0h00:04.837 2022/07/20T16:37:48z: DS3231
 0h00:04.852 2022/07/20T16:37:48z: BME280 (0x76)
 0h00:04.866 2022/07/20T16:37:48z: 84:f3:eb:7d:7:a8
 0h00:04.868 2022/07/20T16:37:48z: SSID: MU Open
 0h00:04.873 2022/07/20T16:37:48z: AP_STAR tmr
 ets Jan  8 2013,rst cause:4, boot mode:(3,7)

wdt reset
load 0x4010f000, len 1384, room 16 
tail 8
chksum 0x2d
csum 0x2d
v8b899c12
~ld


6.01
 0h00:04.965 2022/07/20T16:57:52z: DS3231
 0h00:04.980 2022/07/20T16:57:52z: BME280 (0x76)
 0h00:04.994 2022/07/20T16:57:52z: 84:f3:eb:7d:7:a8
 0h00:04.996 2022/07/20T16:57:52z: SSID: MU Open
 0h00:05.001 2022/07/20T16:57:52z: AP_STAR tmr
 ets Jan  8 2013,rst cause:4, boot mode:(3,7)

wdt reset
load 0x4010f000, len 1384, room 16 
tail 8
chksum 0x2d
csum 0x2d
v8b899c12
~ld


6.01
 0h00:04.508 2022/07/20T17:17:55z: DS3231
 0h00:04.523 2022/07/20T17:17:55z: BME280 (0x76)
 0h00:04.537 2022/07/20T17:17:55z: 84:f3:eb:7d:7:a8
 0h00:04.539 2022/07/20T17:17:55z: SSID: MU Open
 0h00:04.544 2022/07/20T17:17:55z: AP_STAR tmr
 ets Jan  8 2013,rst cause:4, boot mode:(3,7)

wdt reset
load 0x4010f000, len 1384, room 16 
tail 8
chksum 0x2d
csum 0x2d
v8b899c12
~ld


6.01
 0h00:04.777 2022/07/20T17:37:59z: DS3231
 0h00:04.793 2022/07/20T17:37:59z: BME280 (0x76)
 0h00:04.807 2022/07/20T17:37:59z: 84:f3:eb:7d:7:a8
 0h00:04.809 2022/07/20T17:37:59z: SSID: MU Open
 0h00:04.814 2022/07/20T17:37:59z: AP_STAR tmr
 ets Jan  8 2013,rst cause:4, boot mode:(3,7)

wdt reset
load 0x4010f000, len 1384, room 16 
tail 8
chksum 0x2d
csum 0x2d
v8b899c12
~ld


6.01
 0h00:04.767 2022/07/20T17:58:01z: DS3231
 0h00:04.782 2022/07/20T17:58:01z: BME280 (0x76)
 0h00:04.796 2022/07/20T17:58:01z: 84:f3:eb:7d:7:a8
 0h00:04.798 2022/07/20T17:58:01z: SSID: MU Open
 0h00:04.803 2022/07/20T17:58:01z: AP_STAR tmr
 ets Jan  8 2013,rst cause:4, boot mode:(3,7)

wdt reset
load 0x4010f000, len 1384, room 16 
tail 8
chksum 0x2d
csum 0x2d
v8b899c12
~ld


6.01
 0h00:04.824 2022/07/20T18:18:04z: DS3231
 0h00:04.840 2022/07/20T18:18:04z: BME280 (0x76)
 0h00:04.854 2022/07/20T18:18:04z: 84:f3:eb:7d:7:a8
 0h00:04.856 2022/07/20T18:18:04z: SSID: MU Open
 0h00:04.861 2022/07/20T18:18:04z: AP_STAR tmr
 ets Jan  8 2013,rst cause:4, boot mode:(3,7)

wdt reset
load 0x4010f000, len 1384, room 16 
tail 8
chksum 0x2d
csum 0x2d
v8b899c12
~ld


6.01
 0h00:04.872 2022/07/20T18:38:08z: DS3231
 0h00:04.888 2022/07/20T18:38:08z: BME280 (0x76)
 0h00:04.902 2022/07/20T18:38:08z: 84:f3:eb:7d:7:a8
 0h00:04.903 2022/07/20T18:38:08z: SSID: MU Open
 0h00:04.909 2022/07/20T18:38:08z: AP_STAR tmr
 ets Jan  8 2013,rst cause:4, boot mode:(3,7)

wdt reset
load 0x4010f000, len 1384, room 16 
tail 8
chksum 0x2d
csum 0x2d
v8b899c12
~ld


6.01
 0h00:04.759 2022/07/20T18:58:11z: DS3231
 0h00:04.774 2022/07/20T18:58:11z: BME280 (0x76)
 0h00:04.788 2022/07/20T18:58:12z: 84:f3:eb:7d:7:a8
 0h00:04.790 2022/07/20T18:58:12z: SSID: MU Open
 0h00:04.795 2022/07/20T18:58:12z: AP_STAR tmr
 ets Jan  8 2013,rst cause:4, boot mode:(3,7)

wdt reset
load 0x4010f000, len 1384, room 16 
tail 8
chksum 0x2d
csum 0x2d
v8b899c12
~ld


6.01
 0h00:05.062 2022/07/20T19:18:15z: DS3231
 0h00:05.078 2022/07/20T19:18:15z: BME280 (0x76)
 0h00:05.092 2022/07/20T19:18:15z: 84:f3:eb:7d:7:a8
 0h00:05.094 2022/07/20T19:18:15z: SSID: MU Open
 0h00:05.099 2022/07/20T19:18:15z: AP_STAR tmr
 ets Jan  8 2013,rst cause:4, boot mode:(3,7)

wdt reset
load 0x4010f000, len 1384, room 16 
tail 8
chksum 0x2d
csum 0x2d
v8b899c12
~ld


6.01
 0h00:04.958 2022/07/20T19:38:19z: DS3231
 0h00:04.973 2022/07/20T19:38:19z: BME280 (0x76)
 0h00:04.987 2022/07/20T19:38:19z: 84:f3:eb:7d:7:a8
 0h00:04.989 2022/07/20T19:38:19z: SSID: MU Open
 0h00:04.994 2022/07/20T19:38:19z: AP_STAR tmr
 ets Jan  8 2013,rst cause:4, boot mode:(3,7)

wdt reset
load 0x4010f000, len 1384, room 16 
tail 8
chksum 0x2d
csum 0x2d
v8b899c12
~ld


6.01
 0h00:05.038 2022/07/20T19:58:22z: DS3231
 0h00:05.053 2022/07/20T19:58:22z: BME280 (0x76)
 0h00:05.067 2022/07/20T19:58:22z: 84:f3:eb:7d:7:a8
 0h00:05.069 2022/07/20T19:58:22z: SSID: MU Open
 0h00:05.074 2022/07/20T19:58:22z: AP_STAR tmr
 ets Jan  8 2013,rst cause:4, boot mode:(3,7)

wdt reset
load 0x4010f000, len 1384, room 16 
tail 8
chksum 0x2d
csum 0x2d
v8b899c12
~ld


6.01
 0h00:04.959 2022/07/20T20:18:25z: DS3231
 0h00:04.974 2022/07/20T20:18:25z: BME280 (0x76)
 0h00:04.988 2022/07/20T20:18:25z: 84:f3:eb:7d:7:a8
 0h00:04.990 2022/07/20T20:18:25z: SSID: MU Open
 0h00:04.995 2022/07/20T20:18:25z: AP_STAR tmr
 ets Jan  8 2013,rst cause:4, boot mode:(3,7)

wdt reset
load 0x4010f000, len 1384, room 16 
tail 8
chksum 0x2d
csum 0x2d
v8b899c12
~ld


6.01
 0h00:04.906 2022/07/20T20:38:29z: DS3231
 0h00:04.921 2022/07/20T20:38:29z: BME280 (0x76)
 0h00:04.936 2022/07/20T20:38:29z: 84:f3:eb:7d:7:a8
 0h00:04.937 2022/07/20T20:38:29z: SSID: MU Open
 0h00:04.943 2022/07/20T20:38:29z: AP_STAR tmr
 ets Jan  8 2013,rst cause:4, boot mode:(3,7)

wdt reset
load 0x4010f000, len 1384, room 16 
tail 8
chksum 0x2d
csum 0x2d
v8b899c12
~ld


6.01
 0h00:04.569 2022/07/20T20:58:31z: DS3231
 0h00:04.584 2022/07/20T20:58:31z: BME280 (0x76)
 0h00:04.598 2022/07/20T20:58:31z: 84:f3:eb:7d:7:a8
 0h00:04.600 2022/07/20T20:58:31z: SSID: MU Open
 0h00:04.605 2022/07/20T20:58:31z: AP_STAR tmr
 ets Jan  8 2013,rst cause:4, boot mode:(3,7)

wdt reset
load 0x4010f000, len 1384, room 16 
tail 8
chksum 0x2d
csum 0x2d
v8b899c12
~ld


6.01
 0h00:04.604 2022/07/20T21:18:34z: DS3231
 0h00:04.619 2022/07/20T21:18:34z: BME280 (0x76)
 0h00:04.633 2022/07/20T21:18:34z: 84:f3:eb:7d:7:a8
 0h00:04.635 2022/07/20T21:18:34z: SSID: MU Open
 0h00:04.640 2022/07/20T21:18:34z: AP_STAR tmr
 ets Jan  8 2013,rst cause:4, boot mode:(3,7)

wdt reset
load 0x4010f000, len 1384, room 16 
tail 8
chksum 0x2d
csum 0x2d
v8b899c12
~ld


6.01
 0h00:04.888 2022/07/20T21:38:37z: DS3231
 0h00:04.903 2022/07/20T21:38:37z: BME280 (0x76)
 0h00:04.917 2022/07/20T21:38:37z: 84:f3:eb:7d:7:a8
 0h00:04.919 2022/07/20T21:38:37z: SSID: MU Open
 0h00:04.924 2022/07/20T21:38:37z: AP_STAR tmr
 ets Jan  8 2013,rst cause:4, boot mode:(3,7)

wdt reset
load 0x4010f000, len 1384, room 16 
tail 8
chksum 0x2d
csum 0x2d
v8b899c12
~ld


6.01
 0h00:04.788 2022/07/20T21:58:40z: DS3231
 0h00:04.804 2022/07/20T21:58:40z: BME280 (0x76)
 0h00:04.818 2022/07/20T21:58:40z: 84:f3:eb:7d:7:a8
 0h00:04.819 2022/07/20T21:58:40z: SSID: MU Open
 0h00:04.825 2022/07/20T21:58:40z: AP_STAR tmr
 ets Jan  8 2013,rst cause:4, boot mode:(3,7)

wdt reset
load 0x4010f000, len 1384, room 16 
tail 8
chksum 0x2d
csum 0x2d
v8b899c12
~ld


6.01
 0h00:04.966 2022/07/20T22:18:43z: DS3231
 0h00:04.981 2022/07/20T22:18:43z: BME280 (0x76)
 0h00:04.995 2022/07/20T22:18:43z: 84:f3:eb:7d:7:a8
 0h00:04.997 2022/07/20T22:18:43z: SSID: MU Open
 0h00:05.002 2022/07/20T22:18:43z: AP_STAR tmr
 ets Jan  8 2013,rst cause:4, boot mode:(3,7)

wdt reset
load 0x4010f000, len 1384, room 16 
tail 8
chksum 0x2d
csum 0x2d
v8b899c12
~ld


6.01
 0h00:04.891 2022/07/20T22:38:47z: DS3231
 0h00:04.906 2022/07/20T22:38:47z: BME280 (0x76)
 0h00:04.920 2022/07/20T22:38:47z: 84:f3:eb:7d:7:a8
 0h00:04.922 2022/07/20T22:38:47z: SSID: MU Open
 0h00:04.927 2022/07/20T22:38:47z: AP_STAR tmr
 ets Jan  8 2013,rst cause:4, boot mode:(3,7)

wdt reset
load 0x4010f000, len 1384, room 16 
tail 8
chksum 0x2d
csum 0x2d
v8b899c12
~ld


6.01
 0h00:04.690 2022/07/20T22:58:50z: DS3231
 0h00:04.705 2022/07/20T22:58:50z: BME280 (0x76)
 0h00:04.720 2022/07/20T22:58:50z: 84:f3:eb:7d:7:a8
 0h00:04.721 2022/07/20T22:58:50z: SSID: MU Open
 0h00:04.726 2022/07/20T22:58:50z: AP_STAR tmr
 ets Jan  8 2013,rst cause:4, boot mode:(3,7)

wdt reset
load 0x4010f000, len 1384, room 16 
tail 8
chksum 0x2d
csum 0x2d
v8b899c12
~ld


6.01
 0h00:04.900 2022/07/20T23:18:52z: DS3231
 0h00:04.915 2022/07/20T23:18:52z: BME280 (0x76)
 0h00:04.929 2022/07/20T23:18:52z: 84:f3:eb:7d:7:a8
 0h00:04.931 2022/07/20T23:18:52z: SSID: MU Open
 0h00:04.936 2022/07/20T23:18:52z: AP_STAR tmr
 ets Jan  8 2013,rst cause:4, boot mode:(3,7)

wdt reset
load 0x4010f000, len 1384, room 16 
tail 8
chksum 0x2d
csum 0x2d
v8b899c12
~ld


6.01
 0h00:04.995 2022/07/20T23:38:55z: DS3231
 0h00:05.010 2022/07/20T23:38:55z: BME280 (0x76)
 0h00:05.025 2022/07/20T23:38:55z: 84:f3:eb:7d:7:a8
 0h00:05.026 2022/07/20T23:38:55z: SSID: MU Open
 0h00:05.031 2022/07/20T23:38:55z: AP_STAR tmr
 ets Jan  8 2013,rst cause:4, boot mode:(3,7)

wdt reset
load 0x4010f000, len 1384, room 16 
tail 8
chksum 0x2d
csum 0x2d
v8b899c12
~ld


6.01
 0h00:05.159 2022/07/20T23:58:59z: DS3231
 0h00:05.174 2022/07/20T23:58:59z: BME280 (0x76)
 0h00:05.188 2022/07/20T23:58:59z: 84:f3:eb:7d:7:a8
 0h00:05.190 2022/07/20T23:58:59z: SSID: MU Open
 0h00:05.195 2022/07/20T23:58:59z: AP_STA