R tmr
 ets Jan  8 2013,rst cause:4, boot mode:(3,7)

wdt reset
load 0x4010f000, len 1384, room 16 
tail 8
chksum 0x2d
csum 0x2d
v8b899c12
~ld


6.01
 0h00:05.702 2022/12/08T00:06:37z: DS3231
 0h00:05.718 2022/12/08T00:06:37z: BME280 (0x76)
 0h00:05.732 2022/12/08T00:06:37z: 84:f3:eb:7d:7:a8
 0h00:05.734 2022/12/08T00:06:37z: SSID: MU Open
 0h00:05.739 2022/12/08T00:06:37z: AP_STAR tmr
 ets Jan  8 2013,rst cause:4, boot mode:(3,7)

wdt reset
load 0x4010f000, len 1384, room 16 
tail 8
chksum 0x2d
csum 0x2d
v8b899c12
~ld


6.01
 0h00:05.671 2022/12/08T00:26:44z: DS3231
 0h00:05.686 2022/12/08T00:26:44z: BME280 (0x76)
 0h00:05.700 2022/12/08T00:26:44z: 84:f3:eb:7d:7:a8
 0h00:05.702 2022/12/08T00:26:44z: SSID: MU Open
 0h00:05.707 2022/12/08T00:26:44z: AP_STAR tmr
 ets Jan  8 2013,rst cause:4, boot mode:(3,7)

wdt reset
load 0x4010f000, len 1384, room 16 
tail 8
chksum 0x2d
csum 0x2d
v8b899c12
~ld


6.01
 0h00:05.671 2022/12/08T00:46:51z: DS3231
 0h00:05.686 2022/12/08T00:46:51z: BME280 (0x76)
 0h00:05.700 2022/12/08T00:46:51z: 84:f3:eb:7d:7:a8
 0h00:05.702 2022/12/08T00:46:51z: SSID: MU Open
 0h00:05.707 2022/12/08T00:46:51z: AP_STAR tmr
 ets Jan  8 2013,rst cause:4, boot mode:(3,7)

wdt reset
load 0x4010f000, len 1384, room 16 
tail 8
chksum 0x2d
csum 0x2d
v8b899c12
~ld


6.01
 0h00:05.600 2022/12/08T01:06:57z: DS3231
 0h00:05.615 2022/12/08T01:06:58z: BME280 (0x76)
 0h00:05.629 2022/12/08T01:06:58z: 84:f3:eb:7d:7:a8
 0h00:05.631 2022/12/08T01:06:58z: SSID: MU Open
 0h00:05.636 2022/12/08T01:06:58z: AP_STAR tmr
 ets Jan  8 2013,rst cause:4, boot mode:(3,7)

wdt reset
load 0x4010f000, len 1384, room 16 
tail 8
chksum 0x2d
csum 0x2d
v8b899c12
~ld


6.01
 0h00:05.112 2022/12/08T01:27:03z: DS3231
 0h00:05.128 2022/12/08T01:27:03z: BME280 (0x76)
 0h00:05.142 2022/12/08T01:27:03z: 84:f3:eb:7d:7:a8
 0h00:05.143 2022/12/08T01:27:03z: SSID: MU Open
 0h00:05.149 2022/12/08T01:27:03z: AP_STAR tmr
 ets Jan  8 2013,rst cause:4, boot mode:(3,7)

wdt reset
load 0x4010f000, len 1384, room 16 
tail 8
chksum 0x2d
csum 0x2d
v8b899c12
~ld


6.01
 0h00:05.619 2022/12/08T01:47:10z: DS3231
 0h00:05.634 2022/12/08T01:47:10z: BME280 (0x76)
 0h00:05.648 2022/12/08T01:47:10z: 84:f3:eb:7d:7:a8
 0h00:05.650 2022/12/08T01:47:10z: SSID: MU Open
 0h00:05.655 2022/12/08T01:47:10z: AP_STAR tmr
 ets Jan  8 2013,rst cause:4, boot mode:(3,7)

wdt reset
load 0x4010f000, len 1384, room 16 
tail 8
chksum 0x2d
csum 0x2d
v8b899c12
~ld


6.01
 0h00:05.675 2022/12/08T02:07:16z: DS3231
 0h00:05.690 2022/12/08T02:07:16z: BME280 (0x76)
 0h00:05.704 2022/12/08T02:07:16z: 84:f3:eb:7d:7:a8
 0h00:05.706 2022/12/08T02:07:16z: SSID: MU Open
 0h00:05.711 2022/12/08T02:07:16z: AP_STAR tmr
 ets Jan  8 2013,rst cause:4, boot mode:(3,7)

wdt reset
load 0x4010f000, len 1384, room 16 
tail 8
chksum 0x2d
csum 0x2d
v8b899c12
~ld


6.01
 0h00:05.785 2022/12/08T02:27:22z: DS3231
 0h00:05.800 2022/12/08T02:27:22z: BME280 (0x76)
 0h00:05.814 2022/12/08T02:27:22z: 84:f3:eb:7d:7:a8
 0h00:05.816 2022/12/08T02:27:22z: SSID: MU Open
 0h00:05.821 2022/12/08T02:27:22z: AP_STAR tmr
 ets Jan  8 2013,rst cause:4, boot mode:(3,7)

wdt reset
load 0x4010f000, len 1384, room 16 
tail 8
chksum 0x2d
csum 0x2d
v8b899c12
~ld


6.01
 0h00:05.635 2022/12/08T02:47:29z: DS3231
 0h00:05.650 2022/12/08T02:47:29z: BME280 (0x76)
 0h00:05.664 2022/12/08T02:47:29z: 84:f3:eb:7d:7:a8
 0h00:05.666 2022/12/08T02:47:29z: SSID: MU Open
 0h00:05.671 2022/12/08T02:47:29z: AP_STAR tmr
 ets Jan  8 2013,rst cause:4, boot mode:(3,7)

wdt reset
load 0x4010f000, len 1384, room 16 
tail 8
chksum 0x2d
csum 0x2d
v8b899c12
~ld


6.01
 0h00:05.745 2022/12/08T03:07:35z: DS3231
 0h00:05.761 2022/12/08T03:07:35z: BME280 (0x76)
 0h00:05.775 2022/12/08T03:07:35z: 84:f3:eb:7d:7:a8
 0h00:05.777 2022/12/08T03:07:35z: SSID: MU Open
 0h00:05.782 2022/12/08T03:07:35z: AP_STAR tmr
 ets Jan  8 2013,rst cause:4, boot mode:(3,7)

wdt reset
load 0x4010f000, len 1384, room 16 
tail 8
chksum 0x2d
csum 0x2d
v8b899c12
~ld


6.01
 0h00:05.467 2022/12/08T03:27:42z: DS3231
 0h00:05.483 2022/12/08T03:27:42z: BME280 (0x76)
 0h00:05.497 2022/12/08T03:27:42z: 84:f3:eb:7d:7:a8
 0h00:05.499 2022/12/08T03:27:42z: SSID: MU Open
 0h00:05.504 2022/12/08T03:27:42z: AP_STAR tmr
 ets Jan  8 2013,rst cause:4, boot mode:(3,7)

wdt reset
load 0x4010f000, len 1384, room 16 
tail 8
chksum 0x2d
csum 0x2d
v8b899c12
~ld


6.01
 0h00:06.113 2022/12/08T03:47:48z: DS3231
 0h00:06.129 2022/12/08T03:47:48z: BME280 (0x76)
 0h00:06.143 2022/12/08T03:47:48z: 84:f3:eb:7d:7:a8
 0h00:06.144 2022/12/08T03:47:48z: SSID: MU Open
 0h00:06.150 2022/12/08T03:47:48z: AP_STAR tmr
 ets Jan  8 2013,rst cause:4, boot mode:(3,7)

wdt reset
load 0x4010f000, len 1384, room 16 
tail 8
chksum 0x2d
csum 0x2d
v8b899c12
~ld


6.01
 0h00:05.992 2022/12/08T04:07:56z: DS3231
 0h00:06.007 2022/12/08T04:07:56z: BME280 (0x76)
 0h00:06.021 2022/12/08T04:07:56z: 84:f3:eb:7d:7:a8
 0h00:06.023 2022/12/08T04:07:56z: SSID: MU Open
 0h00:06.028 2022/12/08T04:07:56z: AP_STAR tmr
 ets Jan  8 2013,rst cause:4, boot mode:(3,7)

wdt reset
load 0x4010f000, len 1384, room 16 
tail 8
chksum 0x2d
csum 0x2d
v8b899c12
~ld


6.01
 0h00:06.335 2022/12/08T04:28:04z: DS3231
 0h00:06.350 2022/12/08T04:28:04z: BME280 (0x76)
 0h00:06.364 2022/12/08T04:28:04z: 84:f3:eb:7d:7:a8
 0h00:06.366 2022/12/08T04:28:04z: SSID: MU Open
 0h00:06.371 2022/12/08T04:28:04z: AP_STAR tmr
 ets Jan  8 2013,rst cause:4, boot mode:(3,7)

wdt reset
load 0x4010f000, len 1384, room 16 
tail 8
chksum 0x2d
csum 0x2d
v8b899c12
~ld


6.01
 0h00:06.083 2022/12/08T04:48:11z: DS3231
 0h00:06.098 2022/12/08T04:48:11z: BME280 (0x76)
 0h00:06.112 2022/12/08T04:48:11z: 84:f3:eb:7d:7:a8
 0h00:06.114 2022/12/08T04:48:11z: SSID: MU Open
 0h00:06.119 2022/12/08T04:48:11z: AP_STAR tmr
 ets Jan  8 2013,rst cause:4, boot mode:(3,7)

wdt reset
load 0x4010f000, len 1384, room 16 
tail 8
chksum 0x2d
csum 0x2d
v8b899c12
~ld


6.01
 0h00:06.114 2022/12/08T05:08:18z: DS3231
 0h00:06.129 2022/12/08T05:08:18z: BME280 (0x76)
 0h00:06.143 2022/12/08T05:08:18z: 84:f3:eb:7d:7:a8
 0h00:06.145 2022/12/08T05:08:18z: SSID: MU Open
 0h00:06.150 2022/12/08T05:08:18z: AP_STAR tmr
 ets Jan  8 2013,rst cause:4, boot mode:(3,7)

wdt reset
load 0x4010f000, len 1384, room 16 
tail 8
chksum 0x2d
csum 0x2d
v8b899c12
~ld


6.01
 0h00:05.992 2022/12/08T05:28:25z: DS3231
 0h00:06.007 2022/12/08T05:28:25z: BME280 (0x76)
 0h00:06.021 2022/12/08T05:28:25z: 84:f3:eb:7d:7:a8
 0h00:06.023 2022/12/08T05:28:25z: SSID: MU Open
 0h00:06.028 2022/12/08T05:28:25z: AP_STAR tmr
 ets Jan  8 2013,rst cause:4, boot mode:(3,7)

wdt reset
load 0x4010f000, len 1384, room 16 
tail 8
chksum 0x2d
csum 0x2d
v8b899c12
~ld


6.01
 0h00:05.978 2022/12/08T05:48:31z: DS3231
 0h00:05.993 2022/12/08T05:48:31z: BME280 (0x76)
 0h00:06.008 2022/12/08T05:48:31z: 84:f3:eb:7d:7:a8
 0h00:06.009 2022/12/08T05:48:31z: SSID: MU Open
 0h00:06.014 2022/12/08T05:48:31z: AP_STAR tmr
 ets Jan  8 2013,rst cause:4, boot mode:(3,7)

wdt reset
load 0x4010f000, len 1384, room 16 
tail 8
chksum 0x2d
csum 0x2d
v8b899c12
~ld


6.01
 0h00:05.957 2022/12/08T06:08:38z: DS3231
 0h00:05.973 2022/12/08T06:08:38z: BME280 (0x76)
 0h00:05.987 2022/12/08T06:08:38z: 84:f3:eb:7d:7:a8
 0h00:05.988 2022/12/08T06:08:38z: SSID: MU Open
 0h00:05.994 2022/12/08T06:08:38z: AP_STAR tmr
 ets Jan  8 2013,rst cause:4, boot mode:(3,7)

wdt reset
load 0x4010f000, len 1384, room 16 
tail 8
chksum 0x2d
csum 0x2d
v8b899c12
~ld


6.01
 0h00:05.889 2022/12/08T06:28:45z: DS3231
 0h00:05.904 2022/12/08T06:28:45z: BME280 (0x76)
 0h00:05.918 2022/12/08T06:28:45z: 84:f3:eb:7d:7:a8
 0h00:05.920 2022/12/08T06:28:45z: SSID: MU Open
 0h00:05.925 2022/12/08T06:28:45z: AP_STAR tmr
 ets Jan  8 2013,rst cause:4, boot mode:(3,7)

wdt reset
load 0x4010f000, len 1384, room 16 
tail 8
chksum 0x2d
csum 0x2d
v8b899c12
~ld


6.01
 0h00:06.091 2022/12/08T06:48:53z: DS3231
 0h00:06.106 2022/12/08T06:48:53z: BME280 (0x76)
 0h00:06.121 2022/12/08T06:48:53z: 84:f3:eb:7d:7:a8
 0h00:06.122 2022/12/08T06:48:53z: SSID: MU Open
 0h00:06.127 2022/12/08T06:48:53z: AP_STAR tmr
 ets Jan  8 2013,rst cause:4, boot mode:(3,7)

wdt reset
load 0x4010f000, len 1384, room 16 
tail 8
chksum 0x2d
csum 0x2d
v8b899c12
~ld


6.01
 0h00:05.674 2022/12/08T07:09:00z: DS3231
 0h00:05.690 2022/12/08T07:09:00z: BME280 (0x76)
 0h00:05.704 2022/12/08T07:09:00z: 84:f3:eb:7d:7:a8
 0h00:05.705 2022/12/08T07:09:00z: SSID: MU Open
 0h00:05.711 2022/12/08T07:09:00z: AP_STAR tmr
 ets Jan  8 2013,rst cause:4, boot mode:(3,7)

wdt reset
load 0x4010f000, len 1384, room 16 
tail 8
chksum 0x2d
csum 0x2d
v8b899c12
~ld


6.01
 0h00:06.001 2022/12/08T07:29:08z: DS3231
 0h00:06.016 2022/12/08T07:29:08z: BME280 (0x76)
 0h00:06.030 2022/12/08T07:29:08z: 84:f3:eb:7d:7:a8
 0h00:06.032 2022/12/08T07:29:08z: SSID: MU Open
 0h00:06.037 2022/12/08T07:29:08z: AP_STAR tmr
 ets Jan  8 2013,rst cause:4, boot mode:(3,7)

wdt reset
load 0x4010f000, len 1384, room 16 
tail 8
chksum 0x2d
csum 0x2d
v8b899c12
~ld


6.01
 0h00:05.977 2022/12/08T07:49:14z: DS3231
 0h00:05.992 2022/12/08T07:49:14z: BME280 (0x76)
 0h00:06.006 2022/12/08T07:49:14z: 84:f3:eb:7d:7:a8
 0h00:06.008 2022/12/08T07:49:14z: SSID: MU Open
 0h00:06.013 2022/12/08T07:49:14z: AP_STAR tmr
 ets Jan  8 2013,rst cause:4, boot mode:(3,7)

wdt reset
load 0x4010f000, len 1384, room 16 
tail 8
chksum 0x2d
csum 0x2d
v8b899c12
~ld


6.01
 0h00:05.834 2022/12/08T08:09:21z: DS3231
 0h00:05.849 2022/12/08T08:09:21z: BME280 (0x76)
 0h00:05.863 2022/12/08T08:09:21z: 84:f3:eb:7d:7:a8
 0h00:05.865 2022/12/08T08:09:21z: SSID: MU Open
 0h00:05.870 2022/12/08T08:09:21z: AP_STAR tmr
 ets Jan  8 2013,rst cause:4, boot mode:(3,7)

wdt reset
load 0x4010f000, len 1384, room 16 
tail 8
chksum 0x2d
csum 0x2d
v8b899c12
~ld


6.01
 0h00:05.743 2022/12/08T08:29:27z: DS3231
 0h00:05.759 2022/12/08T08:29:27z: BME280 (0x76)
 0h00:05.773 2022/12/08T08:29:27z: 84:f3:eb:7d:7:a8
 0h00:05.774 2022/12/08T08:29:27z: SSID: MU Open
 0h00:05.780 2022/12/08T08:29:27z: AP_STAR tmr
 ets Jan  8 2013,rst cause:4, boot mode:(3,7)

wdt reset
load 0x4010f000, len 1384, room 16 
tail 8
chksum 0x2d
csum 0x2d
v8b899c12
~ld


6.01
 0h00:06.048 2022/12/08T08:49:34z: DS3231
 0h00:06.063 2022/12/08T08:49:34z: BME280 (0x76)
 0h00:06.077 2022/12/08T08:49:34z: 84:f3:eb:7d:7:a8
 0h00:06.079 2022/12/08T08:49:34z: SSID: MU Open
 0h00:06.084 2022/12/08T08:49:34z: AP_STAR tmr
 ets Jan  8 2013,rst cause:4, boot mode:(3,7)

wdt reset
load 0x4010f000, len 1384, room 16 
tail 8
chksum 0x2d
csum 0x2d
v8b899c12
~ld


6.01
 0h00:05.649 2022/12/08T09:09:41z: DS3231
 0h00:05.665 2022/12/08T09:09:41z: BME280 (0x76)
 0h00:05.679 2022/12/08T09:09:41z: 84:f3:eb:7d:7:a8
 0h00:05.680 2022/12/08T09:09:41z: SSID: MU Open
 0h00:05.686 2022/12/08T09:09:41z: AP_STAR tmr
 ets Jan  8 2013,rst cause:4, boot mode:(3,7)

wdt reset
load 0x4010f000, len 1384, room 16 
tail 8
chksum 0x2d
csum 0x2d
v8b899c12
~ld


6.01
 0h00:05.979 2022/12/08T09:29:48z: DS3231
 0h00:05.994 2022/12/08T09:29:48z: BME280 (0x76)
 0h00:06.008 2022/12/08T09:29:48z: 84:f3:eb:7d:7:a8
 0h00:06.010 2022/12/08T09:29:48z: SSID: MU Open
 0h00:06.015 2022/12/08T09:29:48z: AP_STAR tmr
 ets Jan  8 2013,rst cause:4, boot mode:(3,7)

wdt reset
load 0x4010f000, len 1384, room 16 
tail 8
chksum 0x2d
csum 0x2d
v8b899c12
~ld


6.01
 0h00:05.386 2022/12/08T09:49:55z: DS3231
 0h00:05.401 2022/12/08T09:49:55z: BME280 (0x76)
 0h00:05.415 2022/12/08T09:49:55z: 84:f3:eb:7d:7:a8
 0h00:05.417 2022/12/08T09:49:55z: SSID: MU Open
 0h00:05.422 2022/12/08T09:49:55z: AP_STAR tmr
 ets Jan  8 2013,rst cause:4, boot mode:(3,7)

wdt reset
load 0x4010f000, len 1384, room 16 
tail 8
chksum 0x2d
csum 0x2d
v8b899c12
~ld


6.01
 0h00:05.917 2022/12/08T10:10:01z: DS3231
 0h00:05.932 2022/12/08T10:10:01z: BME280 (0x76)
 0h00:05.946 2022/12/08T10:10:01z: 84:f3:eb:7d:7:a8
 0h00:05.948 2022/12/08T10:10:01z: SSID: MU Open
 0h00:05.953 2022/12/08T10:10:01z: AP_STAR tmr
 ets Jan  8 2013,rst cause:4, boot mode:(3,7)

wdt reset
load 0x4010f000, len 1384, room 16 
tail 8
chksum 0x2d
csum 0x2d
v8b899c12
~ld


6.01
 0h00:06.142 2022/12/08T10:30:09z: DS3231
 0h00:06.157 2022/12/08T10:30:09z: BME280 (0x76)
 0h00:06.171 2022/12/08T10:30:09z: 84:f3:eb:7d:7:a8
 0h00:06.173 2022/12/08T10:30:09z: SSID: MU Open
 0h00:06.178 2022/12/08T10:30:09z: AP_STAR tmr
 ets Jan  8 2013,rst cause:4, boot mode:(3,7)

wdt reset
load 0x4010f000, len 1384, room 16 
tail 8
chksum 0x2d
csum 0x2d
v8b899c12
~ld


6.01
 0h00:06.093 2022/12/08T10:50:16z: DS3231
 0h00:06.108 2022/12/08T10:50:16z: BME280 (0x76)
 0h00:06.123 2022/12/08T10:50:16z: 84:f3:eb:7d:7:a8
 0h00:06.124 2022/12/08T10:50:16z: SSID: MU Open
 0h00:06.129 2022/12/08T10:50:16z: AP_STAR tmr
 ets Jan  8 2013,rst cause:4, boot mode:(3,7)

wdt reset
load 0x4010f000, len 1384, room 16 
tail 8
chksum 0x2d
csum 0x2d
v8b899c12
~ld


6.01
 0h00:06.297 2022/12/08T11:10:24z: DS3231
 0h00:06.312 2022/12/08T11:10:24z: BME280 (0x76)
 0h00:06.326 2022/12/08T11:10:24z: 84:f3:eb:7d:7:a8
 0h00:06.328 2022/12/08T11:10:24z: SSID: MU Open
 0h00:06.333 2022/12/08T11:10:24z: AP_STAR tmr
 ets Jan  8 2013,rst cause:4, boot mode:(3,7)

wdt reset
load 0x4010f000, len 1384, room 16 
tail 8
chksum 0x2d
csum 0x2d
v8b899c12
~ld


6.01
 0h00:06.363 2022/12/08T11:30:32z: DS3231
 0h00:06.378 2022/12/08T11:30:32z: BME280 (0x76)
 0h00:06.392 2022/12/08T11:30:32z: 84:f3:eb:7d:7:a8
 0h00:06.394 2022/12/08T11:30:32z: SSID: MU Open
 0h00:06.399 2022/12/08T11:30:32z: AP_STAR tmr
 ets Jan  8 2013,rst cause:4, boot mode:(3,7)

wdt reset
load 0x4010f000, len 1384, room 16 
tail 8
chksum 0x2d
csum 0x2d
v8b899c12
~ld


6.01
 0h00:06.618 2022/12/08T11:50:41z: DS3231
 0h00:06.633 2022/12/08T11:50:41z: BME280 (0x76)
 0h00:06.647 2022/12/08T11:50:41z: 84:f3:eb:7d:7:a8
 0h00:06.649 2022/12/08T11:50:41z: SSID: MU Open
 0h00:06.654 2022/12/08T11:50:41z: AP_STAR tmr
 ets Jan  8 2013,rst cause:4, boot mode:(3,7)

wdt reset
load 0x4010f000, len 1384, room 16 
tail 8
chksum 0x2d
csum 0x2d
v8b899c12
~ld


6.01
 0h00:06.048 2022/12/08T12:10:48z: DS3231
 0h00:06.064 2022/12/08T12:10:48z: BME280 (0x76)
 0h00:06.078 2022/12/08T12:10:48z: 84:f3:eb:7d:7:a8
 0h00:06.079 2022/12/08T12:10:48z: SSID: MU Open
 0h00:06.085 2022/12/08T12:10:48z: AP_STAR tmr
 ets Jan  8 2013,rst cause:4, boot mode:(3,7)

wdt reset
load 0x4010f000, len 1384, room 16 
tail 8
chksum 0x2d
csum 0x2d
v8b899c12
~ld


6.01
 0h00:05.727 2022/12/08T12:30:55z: DS3231
 0h00:05.743 2022/12/08T12:30:55z: BME280 (0x76)
 0h00:05.757 2022/12/08T12:30:55z: 84:f3:eb:7d:7:a8
 0h00:05.758 2022/12/08T12:30:55z: SSID: MU Open
 0h00:05.764 2022/12/08T12:30:55z: AP_STAR tmr
 ets Jan  8 2013,rst cause:4, boot mode:(3,7)

wdt reset
load 0x4010f000, len 1384, room 16 
tail 8
chksum 0x2d
csum 0x2d
v8b899c12
~ld


6.01
 0h00:05.637 2022/12/08T12:51:02z: DS3231
 0h00:05.652 2022/12/08T12:51:02z: BME280 (0x76)
 0h00:05.666 2022/12/08T12:51:02z: 84:f3:eb:7d:7:a8
 0h00:05.668 2022/12/08T12:51:02z: SSID: MU Open
 0h00:05.673 2022/12/08T12:51:02z: AP_STAR tmr
 ets Jan  8 2013,rst cause:4, boot mode:(3,7)

wdt reset
load 0x4010f000, len 1384, room 16 
tail 8
chksum 0x2d
csum 0x2d
v8b899c12
~ld


6.01
 0h00:05.786 2022/12/08T13:11:09z: DS3231
 0h00:05.802 2022/12/08T13:11:09z: BME280 (0x76)
 0h00:05.816 2022/12/08T13:11:09z: 84:f3:eb:7d:7:a8
 0h00:05.817 2022/12/08T13:11:09z: SSID: MU Open
 0h00:05.823 2022/12/08T13:11:09z: AP_STAR tmr
 ets Jan  8 2013,rst cause:4, boot mode:(3,7)

wdt reset
load 0x4010f000, len 1384, room 16 
tail 8
chksum 0x2d
csum 0x2d
v8b899c12
~ld


6.01
 0h00:06.077 2022/12/08T13:31:16z: DS3231
 0h00:06.093 2022/12/08T13:31:16z: BME280 (0x76)
 0h00:06.107 2022/12/08T13:31:16z: 84:f3:eb:7d:7:a8
 0h00:06.108 2022/12/08T13:31:16z: SSID: MU Open
 0h00:06.114 2022/12/08T13:31:16z: AP_STAR tmr
 ets Jan  8 2013,rst cause:4, boot mode:(3,7)

wdt reset
load 0x4010f000, len 1384, room 16 
tail 8
chksum 0x2d
csum 0x2d
v8b899c12
~ld


6.01
 0h00:05.689 2022/12/08T13:51:23z: DS3231
 0h00:05.704 2022/12/08T13:51:23z: BME280 (0x76)
 0h00:05.719 2022/12/08T13:51:23z: 84:f3:eb:7d:7:a8
 0h00:05.720 2022/12/08T13:51:23z: SSID: MU Open
 0h00:05.725 2022/12/08T13:51:23z: AP_STAR tmr
 ets Jan  8 2013,rst cause:4, boot mode:(3,7)

wdt reset
load 0x4010f000, len 1384, room 16 
tail 8
chksum 0x2d
csum 0x2d
v8b899c12
~ld


6.01
 0h00:05.688 2022/12/08T14:11:29z: DS3231
 0h00:05.703 2022/12/08T14:11:29z: BME280 (0x76)
 0h00:05.717 2022/12/08T14:11:29z: 84:f3:eb:7d:7:a8
 0h00:05.719 2022/12/08T14:11:29z: SSID: MU Open
 0h00:05.724 2022/12/08T14:11:29z: AP_STAR tmr
 ets Jan  8 2013,rst cause:4, boot mode:(3,7)

wdt reset
load 0x4010f000, len 1384, room 16 
tail 8
chksum 0x2d
csum 0x2d
v8b899c12
~ld


6.01
 0h00:05.953 2022/12/08T14:31:37z: DS3231
 0h00:05.968 2022/12/08T14:31:37z: BME280 (0x76)
 0h00:05.982 2022/12/08T14:31:37z: 84:f3:eb:7d:7:a8
 0h00:05.984 2022/12/08T14:31:37z: SSID: MU Open
 0h00:05.989 2022/12/08T14:31:37z: AP_STAR tmr
 ets Jan  8 2013,rst cause:4, boot mode:(3,7)

wdt reset
load 0x4010f000, len 1384, room 16 
tail 8
chksum 0x2d
csum 0x2d
v8b899c12
~ld


6.01
 0h00:05.832 2022/12/08T14:51:44z: DS3231
 0h00:05.847 2022/12/08T14:51:44z: BME280 (0x76)
 0h00:05.861 2022/12/08T14:51:44z: 84:f3:eb:7d:7:a8
 0h00:05.863 2022/12/08T14:51:44z: SSID: MU Open
 0h00:05.868 2022/12/08T14:51:44z: AP_STAR tmr
 ets Jan  8 2013,rst cause:4, boot mode:(3,7)

wdt reset
load 0x4010f000, len 1384, room 16 
tail 8
chksum 0x2d
csum 0x2d
v8b899c12
~ld


6.01
 0h00:06.109 2022/12/08T15:11:50z: DS3231
 0h00:06.124 2022/12/08T15:11:50z: BME280 (0x76)
 0h00:06.138 2022/12/08T15:11:50z: 84:f3:eb:7d:7:a8
 0h00:06.140 2022/12/08T15:11:50z: SSID: MU Open
 0h00:06.145 2022/12/08T15:11:50z: AP_STAR tmr
 ets Jan  8 2013,rst cause:4, boot mode:(3,7)

wdt reset
load 0x4010f000, len 1384, room 16 
tail 8
chksum 0x2d
csum 0x2d
v8b899c12
~ld


6.01
 0h00:05.870 2022/12/08T15:31:58z: DS3231
 0h00:05.885 2022/12/08T15:31:58z: BME280 (0x76)
 0h00:05.900 2022/12/08T15:31:58z: 84:f3:eb:7d:7:a8
 0h00:05.901 2022/12/08T15:31:58z: SSID: MU Open
 0h00:05.906 2022/12/08T15:31:58z: AP_STAR tmr
 ets Jan  8 2013,rst cause:4, boot mode:(3,7)

wdt reset
load 0x4010f000, len 1384, room 16 
tail 8
chksum 0x2d
csum 0x2d
v8b899c12
~ld


6.01
 0h00:05.944 2022/12/08T15:52:05z: DS3231
 0h00:05.959 2022/12/08T15:52:05z: BME280 (0x76)
 0h00:05.974 2022/12/08T15:52:05z: 84:f3:eb:7d:7:a8
 0h00:05.975 2022/12/08T15:52:05z: SSID: MU Open
 0h00:05.980 2022/12/08T15:52:05z: AP_STAR tmr
 ets Jan  8 2013,rst cause:4, boot mode:(3,7)

wdt reset
load 0x4010f000, len 1384, room 16 
tail 8
chksum 0x2d
csum 0x2d
v8b899c12
~ld


6.01
 0h00:06.072 2022/12/08T16:12:12z: DS3231
 0h00:06.088 2022/12/08T16:12:12z: BME280 (0x76)
 0h00:06.102 2022/12/08T16:12:12z: 84:f3:eb:7d:7:a8
 0h00:06.103 2022/12/08T16:12:12z: SSID: MU Open
 0h00:06.109 2022/12/08T16:12:12z: AP_STAR tmr
 ets Jan  8 2013,rst cause:4, boot mode:(3,7)

wdt reset
load 0x4010f000, len 1384, room 16 
tail 8
chksum 0x2d
csum 0x2d
v8b899c12
~ld


6.01
 0h00:06.054 2022/12/08T16:32:19z: DS3231
 0h00:06.069 2022/12/08T16:32:19z: BME280 (0x76)
 0h00:06.083 2022/12/08T16:32:19z: 84:f3:eb:7d:7:a8
 0h00:06.085 2022/12/08T16:32:19z: SSID: MU Open
 0h00:06.090 2022/12/08T16:32:19z: AP_STAR tmr
 ets Jan  8 2013,rst cause:4, boot mode:(3,7)

wdt reset
load 0x4010f000, len 1384, room 16 
tail 8
chksum 0x2d
csum 0x2d
v8b899c12
~ld


6.01
 0h00:06.123 2022/12/08T16:52:27z: DS3231
 0h00:06.138 2022/12/08T16:52:27z: BME280 (0x76)
 0h00:06.152 2022/12/08T16:52:27z: 84:f3:eb:7d:7:a8
 0h00:06.154 2022/12/08T16:52:27z: SSID: MU Open
 0h00:06.159 2022/12/08T16:52:27z: AP_STAR tmr
 ets Jan  8 2013,rst cause:4, boot mode:(3,7)

wdt reset
load 0x4010f000, len 1384, room 16 
tail 8
chksum 0x2d
csum 0x2d
v8b899c12
~ld


6.01
 0h00:06.079 2022/12/08T17:12:35z: DS3231
 0h00:06.094 2022/12/08T17:12:35z: BME280 (0x76)
 0h00:06.108 2022/12/08T17:12:35z: 84:f3:eb:7d:7:a8
 0h00:06.110 2022/12/08T17:12:35z: SSID: MU Open
 0h00:06.115 2022/12/08T17:12:35z: AP_STAR tmr
 ets Jan  8 2013,rst cause:4, boot mode:(3,7)

wdt reset
load 0x4010f000, len 1384, room 16 
tail 8
chksum 0x2d
csum 0x2d
v8b899c12
~ld


6.01
 0h00:05.354 2022/12/08T17:32:42z: DS3231
 0h00:05.369 2022/12/08T17:32:42z: BME280 (0x76)
 0h00:05.383 2022/12/08T17:32:42z: 84:f3:eb:7d:7:a8
 0h00:05.385 2022/12/08T17:32:42z: SSID: MU Open
 0h00:05.390 2022/12/08T17:32:42z: AP_STAR tmr
 ets Jan  8 2013,rst cause:4, boot mode:(3,7)

wdt reset
load 0x4010f000, len 1384, room 16 
tail 8
chksum 0x2d
csum 0x2d
v8b899c12
~ld


6.01
 0h00:05.603 2022/12/08T17:52:48z: DS3231
 0h00:05.618 2022/12/08T17:52:48z: BME280 (0x76)
 0h00:05.632 2022/12/08T17:52:48z: 84:f3:eb:7d:7:a8
 0h00:05.634 2022/12/08T17:52:48z: SSID: MU Open
 0h00:05.639 2022/12/08T17:52:48z: AP_STAR tmr
 ets Jan  8 2013,rst cause:4, boot mode:(3,7)

wdt reset
load 0x4010f000, len 1384, room 16 
tail 8
chksum 0x2d
csum 0x2d
v8b899c12
~ld


6.01
 0h00:05.887 2022/12/08T18:12:54z: DS3231
 0h00:05.902 2022/12/08T18:12:54z: BME280 (0x76)
 0h00:05.916 2022/12/08T18:12:54z: 84:f3:eb:7d:7:a8
 0h00:05.918 2022/12/08T18:12:55z: SSID: MU Open
 0h00:05.923 2022/12/08T18:12:55z: AP_STAR tmr
 ets Jan  8 2013,rst cause:4, boot mode:(3,7)

wdt reset
load 0x4010f000, len 1384, room 16 
tail 8
chksum 0x2d
csum 0x2d
v8b899c12
~ld


6.01
 0h00:05.905 2022/12/08T18:33:01z: DS3231
 0h00:05.920 2022/12/08T18:33:01z: BME280 (0x76)
 0h00:05.935 2022/12/08T18:33:01z: 84:f3:eb:7d:7:a8
 0h00:05.936 2022/12/08T18:33:01z: SSID: MU Open
 0h00:05.941 2022/12/08T18:33:01z: AP_STAR tmr
 ets Jan  8 2013,rst cause:4, boot mode:(3,7)

wdt reset
load 0x4010f000, len 1384, room 16 
tail 8
chksum 0x2d
csum 0x2d
v8b899c12
~ld


6.01
 0h00:05.883 2022/12/08T18:53:08z: DS3231
 0h00:05.898 2022/12/08T18:53:08z: BME280 (0x76)
 0h00:05.912 2022/12/08T18:53:08z: 84:f3:eb:7d:7:a8
 0h00:05.914 2022/12/08T18:53:08z: SSID: MU Open
 0h00:05.919 2022/12/08T18:53:08z: AP_STAR tmr
 ets Jan  8 2013,rst cause:4, boot mode:(3,7)

wdt reset
load 0x4010f000, len 1384, room 16 
tail 8
chksum 0x2d
csum 0x2d
v8b899c12
~ld


6.01
 0h00:05.656 2022/12/08T19:13:15z: DS3231
 0h00:05.671 2022/12/08T19:13:15z: BME280 (0x76)
 0h00:05.685 2022/12/08T19:13:15z: 84:f3:eb:7d:7:a8
 0h00:05.687 2022/12/08T19:13:15z: SSID: MU Open
 0h00:05.692 2022/12/08T19:13:15z: AP_STAR tmr
 ets Jan  8 2013,rst cause:4, boot mode:(3,7)

wdt reset
load 0x4010f000, len 1384, room 16 
tail 8
chksum 0x2d
csum 0x2d
v8b899c12
~ld


6.01
 0h00:05.649 2022/12/08T19:33:21z: DS3231
 0h00:05.664 2022/12/08T19:33:21z: BME280 (0x76)
 0h00:05.678 2022/12/08T19:33:21z: 84:f3:eb:7d:7:a8
 0h00:05.680 2022/12/08T19:33:21z: SSID: MU Open
 0h00:05.685 2022/12/08T19:33:21z: AP_STAR tmr
 ets Jan  8 2013,rst cause:4, boot mode:(3,7)

wdt reset
load 0x4010f000, len 1384, room 16 
tail 8
chksum 0x2d
csum 0x2d
v8b899c12
~ld


6.01
 0h00:05.864 2022/12/08T19:53:28z: DS3231
 0h00:05.879 2022/12/08T19:53:28z: BME280 (0x76)
 0h00:05.893 2022/12/08T19:53:28z: 84:f3:eb:7d:7:a8
 0h00:05.895 2022/12/08T19:53:28z: SSID: MU Open
 0h00:05.900 2022/12/08T19:53:28z: AP_STAR tmr
 ets Jan  8 2013,rst cause:4, boot mode:(3,7)

wdt reset
load 0x4010f000, len 1384, room 16 
tail 8
chksum 0x2d
csum 0x2d
v8b899c12
~ld


6.01
 0h00:05.818 2022/12/08T20:13:34z: DS3231
 0h00:05.834 2022/12/08T20:13:34z: BME280 (0x76)
 0h00:05.848 2022/12/08T20:13:34z: 84:f3:eb:7d:7:a8
 0h00:05.850 2022/12/08T20:13:34z: SSID: MU Open
 0h00:05.855 2022/12/08T20:13:34z: AP_STAR tmr
 ets Jan  8 2013,rst cause:4, boot mode:(3,7)

wdt reset
load 0x4010f000, len 1384, room 16 
tail 8
chksum 0x2d
csum 0x2d
v8b899c12
~ld


6.01
 0h00:05.835 2022/12/08T20:33:40z: DS3231
 0h00:05.850 2022/12/08T20:33:40z: BME280 (0x76)
 0h00:05.864 2022/12/08T20:33:40z: 84:f3:eb:7d:7:a8
 0h00:05.866 2022/12/08T20:33:40z: SSID: MU Open
 0h00:05.871 2022/12/08T20:33:40z: AP_STAR tmr
 ets Jan  8 2013,rst cause:4, boot mode:(3,7)

wdt reset
load 0x4010f000, len 1384, room 16 
tail 8
chksum 0x2d
csum 0x2d
v8b899c12
~ld


6.01
 0h00:05.811 2022/12/08T20:53:47z: DS3231
 0h00:05.826 2022/12/08T20:53:47z: BME280 (0x76)
 0h00:05.840 2022/12/08T20:53:47z: 84:f3:eb:7d:7:a8
 0h00:05.842 2022/12/08T20:53:47z: SSID: MU Open
 0h00:05.847 2022/12/08T20:53:47z: AP_STAR tmr
 ets Jan  8 2013,rst cause:4, boot mode:(3,7)

wdt reset
load 0x4010f000, len 1384, room 16 
tail 8
chksum 0x2d
csum 0x2d
v8b899c12
~ld


6.01
 0h00:05.753 2022/12/08T21:13:54z: DS3231
 0h00:05.769 2022/12/08T21:13:54z: BME280 (0x76)
 0h00:05.783 2022/12/08T21:13:54z: 84:f3:eb:7d:7:a8
 0h00:05.785 2022/12/08T21:13:54z: SSID: MU Open
 0h00:05.790 2022/12/08T21:13:54z: AP_STAR tmr
 ets Jan  8 2013,rst cause:4, boot mode:(3,7)

wdt reset
load 0x4010f000, len 1384, room 16 
tail 8
chksum 0x2d
csum 0x2d
v8b899c12
~ld


6.01
 0h00:05.435 2022/12/08T21:34:00z: DS3231
 0h00:05.450 2022/12/08T21:34:00z: BME280 (0x76)
 0h00:05.465 2022/12/08T21:34:00z: 84:f3:eb:7d:7:a8
 0h00:05.466 2022/12/08T21:34:00z: SSID: MU Open
 0h00:05.472 2022/12/08T21:34:00z: AP_STAR tmr
 ets Jan  8 2013,rst cause:4, boot mode:(3,7)

wdt reset
load 0x4010f000, len 1384, room 16 
tail 8
chksum 0x2d
csum 0x2d
v8b899c12
~ld


6.01
 0h00:05.775 2022/12/08T21:54:07z: DS3231
 0h00:05.791 2022/12/08T21:54:07z: BME280 (0x76)
 0h00:05.805 2022/12/08T21:54:07z: 84:f3:eb:7d:7:a8
 0h00:05.807 2022/12/08T21:54:07z: SSID: MU Open
 0h00:05.812 2022/12/08T21:54:07z: AP_STAR tmr
 ets Jan  8 2013,rst cause:4, boot mode:(3,7)

wdt reset
load 0x4010f000, len 1384, room 16 
tail 8
chksum 0x2d
csum 0x2d
v8b899c12
~ld


6.01
 0h00:05.845 2022/12/08T22:14:14z: DS3231
 0h00:05.861 2022/12/08T22:14:14z: BME280 (0x76)
 0h00:05.875 2022/12/08T22:14:14z: 84:f3:eb:7d:7:a8
 0h00:05.877 2022/12/08T22:14:14z: SSID: MU Open
 0h00:05.882 2022/12/08T22:14:14z: AP_STAR tmr
 ets Jan  8 2013,rst cause:4, boot mode:(3,7)

wdt reset
load 0x4010f000, len 1384, room 16 
tail 8
chksum 0x2d
csum 0x2d
v8b899c12
~ld


6.01
 0h00:05.849 2022/12/08T22:34:21z: DS3231
 0h00:05.864 2022/12/08T22:34:21z: BME280 (0x76)
 0h00:05.878 2022/12/08T22:34:21z: 84:f3:eb:7d:7:a8
 0h00:05.880 2022/12/08T22:34:21z: SSID: MU Open
 0h00:05.885 2022/12/08T22:34:21z: AP_STAR tmr
 ets Jan  8 2013,rst cause:4, boot mode:(3,7)

wdt reset
load 0x4010f000, len 1384, room 16 
tail 8
chksum 0x2d
csum 0x2d
v8b899c12
~ld


6.01
 0h00:05.918 2022/12/08T22:54:27z: DS3231
 0h00:05.933 2022/12/08T22:54:27z: BME280 (0x76)
 0h00:05.947 2022/12/08T22:54:27z: 84:f3:eb:7d:7:a8
 0h00:05.949 2022/12/08T22:54:27z: SSID: MU Open
 0h00:05.954 2022/12/08T22:54:27z: AP_STAR tmr
 ets Jan  8 2013,rst cause:4, boot mode:(3,7)

wdt reset
load 0x4010f000, len 1384, room 16 
tail 8
chksum 0x2d
csum 0x2d
v8b899c12
~ld


6.01
 0h00:06.008 2022/12/08T23:14:34z: DS3231
 0h00:06.023 2022/12/08T23:14:34z: BME280 (0x76)
 0h00:06.037 2022/12/08T23:14:34z: 84:f3:eb:7d:7:a8
 0h00:06.039 2022/12/08T23:14:34z: SSID: MU Open
 0h00:06.044 2022/12/08T23:14:34z: AP_STAR tmr
 ets Jan  8 2013,rst cause:4, boot mode:(3,7)

wdt reset
load 0x4010f000, len 1384, room 16 
tail 8
chksum 0x2d
csum 0x2d
v8b899c12
~ld


6.01
 0h00:05.702 2022/12/08T23:34:41z: DS3231
 0h00:05.717 2022/12/08T23:34:41z: BME280 (0x76)
 0h00:05.731 2022/12/08T23:34:41z: 84:f3:eb:7d:7:a8
 0h00:05.733 2022/12/08T23:34:41z: SSID: MU Open
 0h00:05.738 2022/12/08T23:34:41z: AP_STAR tmr
 ets Jan  8 2013,rst cause:4, boot mode:(3,7)

wdt reset
load 0x4010f000, len 1384, room 16 
tail 8
chksum 0x2d
csum 0x2d
v8b899c12
~ld


6.01
 0h00:05.954 2022/12/08T23:54:49z: DS3231
 0h00:05.970 2022/12/08T23:54:49z: BME280 (0x76)
 0h00:05.984 2022/12/08T23:54:49z: 84:f3:eb:7d:7:a8
 0h00:05.985 2022/12/08T23:54:49z: SSID: MU Open
 0h00:05.991 2022/12/08T23:54:49z: AP_STA