R tmr
 ets Jan  8 2013,rst cause:4, boot mode:(3,7)

wdt reset
load 0x4010f000, len 1384, room 16 
tail 8
chksum 0x2d
csum 0x2d
v8b899c12
~ld


6.01
 0h00:04.695 2022/07/19T00:11:44z: DS3231
 0h00:04.710 2022/07/19T00:11:44z: BME280 (0x76)
 0h00:04.724 2022/07/19T00:11:44z: 84:f3:eb:7d:7:a8
 0h00:04.726 2022/07/19T00:11:44z: SSID: MU Open
 0h00:04.731 2022/07/19T00:11:44z: AP_STAR tmr
 ets Jan  8 2013,rst cause:4, boot mode:(3,7)

wdt reset
load 0x4010f000, len 1384, room 16 
tail 8
chksum 0x2d
csum 0x2d
v8b899c12
~ld


6.01
 0h00:04.914 2022/07/19T00:31:48z: DS3231
 0h00:04.930 2022/07/19T00:31:48z: BME280 (0x76)
 0h00:04.944 2022/07/19T00:31:48z: 84:f3:eb:7d:7:a8
 0h00:04.946 2022/07/19T00:31:48z: SSID: MU Open
 0h00:04.951 2022/07/19T00:31:48z: AP_STAR tmr
 ets Jan  8 2013,rst cause:4, boot mode:(3,7)

wdt reset
load 0x4010f000, len 1384, room 16 
tail 8
chksum 0x2d
csum 0x2d
v8b899c12
~ld


6.01
 0h00:04.797 2022/07/19T00:51:52z: DS3231
 0h00:04.812 2022/07/19T00:51:52z: BME280 (0x76)
 0h00:04.826 2022/07/19T00:51:52z: 84:f3:eb:7d:7:a8
 0h00:04.828 2022/07/19T00:51:52z: SSID: MU Open
 0h00:04.833 2022/07/19T00:51:52z: AP_STAR tmr
 ets Jan  8 2013,rst cause:4, boot mode:(3,7)

wdt reset
load 0x4010f000, len 1384, room 16 
tail 8
chksum 0x2d
csum 0x2d
v8b899c12
~ld


6.01
 0h00:04.876 2022/07/19T01:11:54z: DS3231
 0h00:04.891 2022/07/19T01:11:54z: BME280 (0x76)
 0h00:04.906 2022/07/19T01:11:54z: 84:f3:eb:7d:7:a8
 0h00:04.907 2022/07/19T01:11:54z: SSID: MU Open
 0h00:04.912 2022/07/19T01:11:54z: AP_STAR tmr
 ets Jan  8 2013,rst cause:4, boot mode:(3,7)

wdt reset
load 0x4010f000, len 1384, room 16 
tail 8
chksum 0x2d
csum 0x2d
v8b899c12
~ld


6.01
 0h00:04.625 2022/07/19T01:31:57z: DS3231
 0h00:04.640 2022/07/19T01:31:57z: BME280 (0x76)
 0h00:04.655 2022/07/19T01:31:57z: 84:f3:eb:7d:7:a8
 0h00:04.656 2022/07/19T01:31:57z: SSID: MU Open
 0h00:04.661 2022/07/19T01:31:57z: AP_STAR tmr
 ets Jan  8 2013,rst cause:4, boot mode:(3,7)

wdt reset
load 0x4010f000, len 1384, room 16 
tail 8
chksum 0x2d
csum 0x2d
v8b899c12
~ld


6.01
 0h00:04.577 2022/07/19T01:51:59z: DS3231
 0h00:04.593 2022/07/19T01:51:59z: BME280 (0x76)
 0h00:04.607 2022/07/19T01:51:59z: 84:f3:eb:7d:7:a8
 0h00:04.608 2022/07/19T01:51:59z: SSID: MU Open
 0h00:04.614 2022/07/19T01:51:59z: AP_STAR tmr
 ets Jan  8 2013,rst cause:4, boot mode:(3,7)

wdt reset
load 0x4010f000, len 1384, room 16 
tail 8
chksum 0x2d
csum 0x2d
v8b899c12
~ld


6.01
 0h00:04.661 2022/07/19T02:12:02z: DS3231
 0h00:04.676 2022/07/19T02:12:02z: BME280 (0x76)
 0h00:04.690 2022/07/19T02:12:02z: 84:f3:eb:7d:7:a8
 0h00:04.692 2022/07/19T02:12:02z: SSID: MU Open
 0h00:04.697 2022/07/19T02:12:02z: AP_STAR tmr
 ets Jan  8 2013,rst cause:4, boot mode:(3,7)

wdt reset
load 0x4010f000, len 1384, room 16 
tail 8
chksum 0x2d
csum 0x2d
v8b899c12
~ld


6.01
 0h00:04.548 2022/07/19T02:32:06z: DS3231
 0h00:04.563 2022/07/19T02:32:06z: BME280 (0x76)
 0h00:04.577 2022/07/19T02:32:06z: 84:f3:eb:7d:7:a8
 0h00:04.579 2022/07/19T02:32:06z: SSID: MU Open
 0h00:04.584 2022/07/19T02:32:06z: AP_STAR tmr
 ets Jan  8 2013,rst cause:4, boot mode:(3,7)

wdt reset
load 0x4010f000, len 1384, room 16 
tail 8
chksum 0x2d
csum 0x2d
v8b899c12
~ld


6.01
 0h00:04.570 2022/07/19T02:52:08z: DS3231
 0h00:04.585 2022/07/19T02:52:08z: BME280 (0x76)
 0h00:04.599 2022/07/19T02:52:08z: 84:f3:eb:7d:7:a8
 0h00:04.601 2022/07/19T02:52:08z: SSID: MU Open
 0h00:04.606 2022/07/19T02:52:08z: AP_STAR tmr
 ets Jan  8 2013,rst cause:4, boot mode:(3,7)

wdt reset
load 0x4010f000, len 1384, room 16 
tail 8
chksum 0x2d
csum 0x2d
v8b899c12
~ld


6.01
 0h00:04.514 2022/07/19T03:12:11z: DS3231
 0h00:04.529 2022/07/19T03:12:11z: BME280 (0x76)
 0h00:04.543 2022/07/19T03:12:11z: 84:f3:eb:7d:7:a8
 0h00:04.545 2022/07/19T03:12:11z: SSID: MU Open
 0h00:04.550 2022/07/19T03:12:11z: AP_STAR tmr
 ets Jan  8 2013,rst cause:4, boot mode:(3,7)

wdt reset
load 0x4010f000, len 1384, room 16 
tail 8
chksum 0x2d
csum 0x2d
v8b899c12
~ld


6.01
 0h00:04.793 2022/07/19T03:32:14z: DS3231
 0h00:04.809 2022/07/19T03:32:14z: BME280 (0x76)
 0h00:04.823 2022/07/19T03:32:14z: 84:f3:eb:7d:7:a8
 0h00:04.824 2022/07/19T03:32:14z: SSID: MU Open
 0h00:04.830 2022/07/19T03:32:14z: AP_STAR tmr
 ets Jan  8 2013,rst cause:4, boot mode:(3,7)

wdt reset
load 0x4010f000, len 1384, room 16 
tail 8
chksum 0x2d
csum 0x2d
v8b899c12
~ld


6.01
 0h00:04.775 2022/07/19T03:52:17z: DS3231
 0h00:04.791 2022/07/19T03:52:17z: BME280 (0x76)
 0h00:04.805 2022/07/19T03:52:17z: 84:f3:eb:7d:7:a8
 0h00:04.807 2022/07/19T03:52:17z: SSID: MU Open
 0h00:04.812 2022/07/19T03:52:17z: AP_STAR tmr
 ets Jan  8 2013,rst cause:4, boot mode:(3,7)

wdt reset
load 0x4010f000, len 1384, room 16 
tail 8
chksum 0x2d
csum 0x2d
v8b899c12
~ld


6.01
 0h00:04.560 2022/07/19T04:12:20z: DS3231
 0h00:04.576 2022/07/19T04:12:20z: BME280 (0x76)
 0h00:04.590 2022/07/19T04:12:20z: 84:f3:eb:7d:7:a8
 0h00:04.591 2022/07/19T04:12:20z: SSID: MU Open
 0h00:04.597 2022/07/19T04:12:20z: AP_STAR tmr
 ets Jan  8 2013,rst cause:4, boot mode:(3,7)

wdt reset
load 0x4010f000, len 1384, room 16 
tail 8
chksum 0x2d
csum 0x2d
v8b899c12
~ld


6.01
 0h00:04.784 2022/07/19T04:32:22z: DS3231
 0h00:04.800 2022/07/19T04:32:22z: BME280 (0x76)
 0h00:04.814 2022/07/19T04:32:22z: 84:f3:eb:7d:7:a8
 0h00:04.816 2022/07/19T04:32:22z: SSID: MU Open
 0h00:04.821 2022/07/19T04:32:22z: AP_STAR tmr
 ets Jan  8 2013,rst cause:4, boot mode:(3,7)

wdt reset
load 0x4010f000, len 1384, room 16 
tail 8
chksum 0x2d
csum 0x2d
v8b899c12
~ld


6.01
 0h00:04.810 2022/07/19T04:52:25z: DS3231
 0h00:04.825 2022/07/19T04:52:25z: BME280 (0x76)
 0h00:04.839 2022/07/19T04:52:25z: 84:f3:eb:7d:7:a8
 0h00:04.841 2022/07/19T04:52:25z: SSID: MU Open
 0h00:04.846 2022/07/19T04:52:25z: AP_STAR tmr
 ets Jan  8 2013,rst cause:4, boot mode:(3,7)

wdt reset
load 0x4010f000, len 1384, room 16 
tail 8
chksum 0x2d
csum 0x2d
v8b899c12
~ld


6.01
 0h00:04.419 2022/07/19T05:12:27z: DS3231
 0h00:04.434 2022/07/19T05:12:27z: BME280 (0x76)
 0h00:04.448 2022/07/19T05:12:27z: 84:f3:eb:7d:7:a8
 0h00:04.450 2022/07/19T05:12:27z: SSID: MU Open
 0h00:04.455 2022/07/19T05:12:27z: AP_STAR tmr
 ets Jan  8 2013,rst cause:4, boot mode:(3,7)

wdt reset
load 0x4010f000, len 1384, room 16 
tail 8
chksum 0x2d
csum 0x2d
v8b899c12
~ld


6.01
 0h00:04.718 2022/07/19T05:32:30z: DS3231
 0h00:04.733 2022/07/19T05:32:30z: BME280 (0x76)
 0h00:04.747 2022/07/19T05:32:30z: 84:f3:eb:7d:7:a8
 0h00:04.749 2022/07/19T05:32:30z: SSID: MU Open
 0h00:04.754 2022/07/19T05:32:30z: AP_STAR tmr
 ets Jan  8 2013,rst cause:4, boot mode:(3,7)

wdt reset
load 0x4010f000, len 1384, room 16 
tail 8
chksum 0x2d
csum 0x2d
v8b899c12
~ld


6.01
 0h00:04.649 2022/07/19T05:52:33z: DS3231
 0h00:04.665 2022/07/19T05:52:33z: BME280 (0x76)
 0h00:04.679 2022/07/19T05:52:33z: 84:f3:eb:7d:7:a8
 0h00:04.681 2022/07/19T05:52:33z: SSID: MU Open
 0h00:04.686 2022/07/19T05:52:33z: AP_STAR tmr
 ets Jan  8 2013,rst cause:4, boot mode:(3,7)

wdt reset
load 0x4010f000, len 1384, room 16 
tail 8
chksum 0x2d
csum 0x2d
v8b899c12
~ld


6.01
 0h00:04.648 2022/07/19T06:12:35z: DS3231
 0h00:04.663 2022/07/19T06:12:35z: BME280 (0x76)
 0h00:04.677 2022/07/19T06:12:35z: 84:f3:eb:7d:7:a8
 0h00:04.679 2022/07/19T06:12:35z: SSID: MU Open
 0h00:04.684 2022/07/19T06:12:35z: AP_STAR tmr
 ets Jan  8 2013,rst cause:4, boot mode:(3,7)

wdt reset
load 0x4010f000, len 1384, room 16 
tail 8
chksum 0x2d
csum 0x2d
v8b899c12
~ld


6.01
 0h00:04.727 2022/07/19T06:32:38z: DS3231
 0h00:04.743 2022/07/19T06:32:38z: BME280 (0x76)
 0h00:04.757 2022/07/19T06:32:38z: 84:f3:eb:7d:7:a8
 0h00:04.759 2022/07/19T06:32:38z: SSID: MU Open
 0h00:04.764 2022/07/19T06:32:38z: AP_STAR tmr
 ets Jan  8 2013,rst cause:4, boot mode:(3,7)

wdt reset
load 0x4010f000, len 1384, room 16 
tail 8
chksum 0x2d
csum 0x2d
v8b899c12
~ld


6.01
 0h00:04.547 2022/07/19T06:52:41z: DS3231
 0h00:04.562 2022/07/19T06:52:41z: BME280 (0x76)
 0h00:04.576 2022/07/19T06:52:41z: 84:f3:eb:7d:7:a8
 0h00:04.578 2022/07/19T06:52:41z: SSID: MU Open
 0h00:04.583 2022/07/19T06:52:41z: AP_STAR tmr
 ets Jan  8 2013,rst cause:4, boot mode:(3,7)

wdt reset
load 0x4010f000, len 1384, room 16 
tail 8
chksum 0x2d
csum 0x2d
v8b899c12
~ld


6.01
 0h00:04.813 2022/07/19T07:12:44z: DS3231
 0h00:04.829 2022/07/19T07:12:44z: BME280 (0x76)
 0h00:04.843 2022/07/19T07:12:44z: 84:f3:eb:7d:7:a8
 0h00:04.844 2022/07/19T07:12:44z: SSID: MU Open
 0h00:04.850 2022/07/19T07:12:44z: AP_STAR tmr
 ets Jan  8 2013,rst cause:4, boot mode:(3,7)

wdt reset
load 0x4010f000, len 1384, room 16 
tail 8
chksum 0x2d
csum 0x2d
v8b899c12
~ld


6.01
 0h00:04.810 2022/07/19T07:32:47z: DS3231
 0h00:04.826 2022/07/19T07:32:47z: BME280 (0x76)
 0h00:04.840 2022/07/19T07:32:47z: 84:f3:eb:7d:7:a8
 0h00:04.842 2022/07/19T07:32:47z: SSID: MU Open
 0h00:04.847 2022/07/19T07:32:47z: AP_STAR tmr
 ets Jan  8 2013,rst cause:4, boot mode:(3,7)

wdt reset
load 0x4010f000, len 1384, room 16 
tail 8
chksum 0x2d
csum 0x2d
v8b899c12
~ld


6.01
 0h00:04.867 2022/07/19T07:52:50z: DS3231
 0h00:04.882 2022/07/19T07:52:50z: BME280 (0x76)
 0h00:04.896 2022/07/19T07:52:50z: 84:f3:eb:7d:7:a8
 0h00:04.898 2022/07/19T07:52:50z: SSID: MU Open
 0h00:04.903 2022/07/19T07:52:50z: AP_STAR tmr
 ets Jan  8 2013,rst cause:4, boot mode:(3,7)

wdt reset
load 0x4010f000, len 1384, room 16 
tail 8
chksum 0x2d
csum 0x2d
v8b899c12
~ld


6.01
 0h00:04.602 2022/07/19T08:12:53z: DS3231
 0h00:04.617 2022/07/19T08:12:53z: BME280 (0x76)
 0h00:04.631 2022/07/19T08:12:53z: 84:f3:eb:7d:7:a8
 0h00:04.633 2022/07/19T08:12:53z: SSID: MU Open
 0h00:04.638 2022/07/19T08:12:53z: AP_STAR tmr
 ets Jan  8 2013,rst cause:4, boot mode:(3,7)

wdt reset
load 0x4010f000, len 1384, room 16 
tail 8
chksum 0x2d
csum 0x2d
v8b899c12
~ld


6.01
 0h00:04.859 2022/07/19T08:32:56z: DS3231
 0h00:04.875 2022/07/19T08:32:56z: BME280 (0x76)
 0h00:04.889 2022/07/19T08:32:56z: 84:f3:eb:7d:7:a8
 0h00:04.890 2022/07/19T08:32:56z: SSID: MU Open
 0h00:04.896 2022/07/19T08:32:56z: AP_STAR tmr
 ets Jan  8 2013,rst cause:4, boot mode:(3,7)

wdt reset
load 0x4010f000, len 1384, room 16 
tail 8
chksum 0x2d
csum 0x2d
v8b899c12
~ld


6.01
 0h00:04.354 2022/07/19T08:52:58z: DS3231
 0h00:04.370 2022/07/19T08:52:58z: BME280 (0x76)
 0h00:04.384 2022/07/19T08:52:58z: 84:f3:eb:7d:7:a8
 0h00:04.386 2022/07/19T08:52:58z: SSID: MU Open
 0h00:04.391 2022/07/19T08:52:58z: AP_STAR tmr
 ets Jan  8 2013,rst cause:4, boot mode:(3,7)

wdt reset
load 0x4010f000, len 1384, room 16 
tail 8
chksum 0x2d
csum 0x2d
v8b899c12
~ld


6.01
 0h00:04.736 2022/07/19T09:13:01z: DS3231
 0h00:04.751 2022/07/19T09:13:01z: BME280 (0x76)
 0h00:04.765 2022/07/19T09:13:01z: 84:f3:eb:7d:7:a8
 0h00:04.767 2022/07/19T09:13:01z: SSID: MU Open
 0h00:04.772 2022/07/19T09:13:01z: AP_STAR tmr
 ets Jan  8 2013,rst cause:4, boot mode:(3,7)

wdt reset
load 0x4010f000, len 1384, room 16 
tail 8
chksum 0x2d
csum 0x2d
v8b899c12
~ld


6.01
 0h00:04.581 2022/07/19T09:33:04z: DS3231
 0h00:04.597 2022/07/19T09:33:04z: BME280 (0x76)
 0h00:04.611 2022/07/19T09:33:04z: 84:f3:eb:7d:7:a8
 0h00:04.613 2022/07/19T09:33:04z: SSID: MU Open
 0h00:04.618 2022/07/19T09:33:04z: AP_STAR tmr
 ets Jan  8 2013,rst cause:4, boot mode:(3,7)

wdt reset
load 0x4010f000, len 1384, room 16 
tail 8
chksum 0x2d
csum 0x2d
v8b899c12
~ld


6.01
 0h00:04.848 2022/07/19T09:53:07z: DS3231
 0h00:04.863 2022/07/19T09:53:07z: BME280 (0x76)
 0h00:04.877 2022/07/19T09:53:07z: 84:f3:eb:7d:7:a8
 0h00:04.879 2022/07/19T09:53:07z: SSID: MU Open
 0h00:04.884 2022/07/19T09:53:07z: AP_STAR tmr
 ets Jan  8 2013,rst cause:4, boot mode:(3,7)

wdt reset
load 0x4010f000, len 1384, room 16 
tail 8
chksum 0x2d
csum 0x2d
v8b899c12
~ld


6.01
 0h00:04.864 2022/07/19T10:13:10z: DS3231
 0h00:04.879 2022/07/19T10:13:10z: BME280 (0x76)
 0h00:04.894 2022/07/19T10:13:10z: 84:f3:eb:7d:7:a8
 0h00:04.895 2022/07/19T10:13:10z: SSID: MU Open
 0h00:04.900 2022/07/19T10:13:10z: AP_STAR tmr
 ets Jan  8 2013,rst cause:4, boot mode:(3,7)

wdt reset
load 0x4010f000, len 1384, room 16 
tail 8
chksum 0x2d
csum 0x2d
v8b899c12
~ld


6.01
 0h00:04.920 2022/07/19T10:33:13z: DS3231
 0h00:04.935 2022/07/19T10:33:13z: BME280 (0x76)
 0h00:04.949 2022/07/19T10:33:13z: 84:f3:eb:7d:7:a8
 0h00:04.951 2022/07/19T10:33:13z: SSID: MU Open
 0h00:04.956 2022/07/19T10:33:13z: AP_STAR tmr
 ets Jan  8 2013,rst cause:4, boot mode:(3,7)

wdt reset
load 0x4010f000, len 1384, room 16 
tail 8
chksum 0x2d
csum 0x2d
v8b899c12
~ld


6.01
 0h00:05.043 2022/07/19T10:53:16z: DS3231
 0h00:05.058 2022/07/19T10:53:16z: BME280 (0x76)
 0h00:05.072 2022/07/19T10:53:16z: 84:f3:eb:7d:7:a8
 0h00:05.074 2022/07/19T10:53:16z: SSID: MU Open
 0h00:05.079 2022/07/19T10:53:16z: AP_STAR tmr
 ets Jan  8 2013,rst cause:4, boot mode:(3,7)

wdt reset
load 0x4010f000, len 1384, room 16 
tail 8
chksum 0x2d
csum 0x2d
v8b899c12
~ld


6.01
 0h00:05.025 2022/07/19T11:13:20z: DS3231
 0h00:05.040 2022/07/19T11:13:20z: BME280 (0x76)
 0h00:05.054 2022/07/19T11:13:20z: 84:f3:eb:7d:7:a8
 0h00:05.056 2022/07/19T11:13:20z: SSID: MU Open
 0h00:05.061 2022/07/19T11:13:20z: AP_STAR tmr
 ets Jan  8 2013,rst cause:4, boot mode:(3,7)

wdt reset
load 0x4010f000, len 1384, room 16 
tail 8
chksum 0x2d
csum 0x2d
v8b899c12
~ld


6.01
 0h00:05.130 2022/07/19T11:33:24z: DS3231
 0h00:05.146 2022/07/19T11:33:24z: BME280 (0x76)
 0h00:05.160 2022/07/19T11:33:24z: 84:f3:eb:7d:7:a8
 0h00:05.161 2022/07/19T11:33:24z: SSID: MU Open
 0h00:05.167 2022/07/19T11:33:24z: AP_STAR tmr
 ets Jan  8 2013,rst cause:4, boot mode:(3,7)

wdt reset
load 0x4010f000, len 1384, room 16 
tail 8
chksum 0x2d
csum 0x2d
v8b899c12
~ld


6.01
 0h00:04.864 2022/07/19T11:53:28z: DS3231
 0h00:04.880 2022/07/19T11:53:28z: BME280 (0x76)
 0h00:04.894 2022/07/19T11:53:28z: 84:f3:eb:7d:7:a8
 0h00:04.896 2022/07/19T11:53:28z: SSID: MU Open
 0h00:04.901 2022/07/19T11:53:28z: AP_STAR tmr
 ets Jan  8 2013,rst cause:4, boot mode:(3,7)

wdt reset
load 0x4010f000, len 1384, room 16 
tail 8
chksum 0x2d
csum 0x2d
v8b899c12
~ld


6.01
 0h00:05.182 2022/07/19T12:13:31z: DS3231
 0h00:05.198 2022/07/19T12:13:31z: BME280 (0x76)
 0h00:05.212 2022/07/19T12:13:31z: 84:f3:eb:7d:7:a8
 0h00:05.214 2022/07/19T12:13:31z: SSID: MU Open
 0h00:05.219 2022/07/19T12:13:31z: AP_STAR tmr
 ets Jan  8 2013,rst cause:4, boot mode:(3,7)

wdt reset
load 0x4010f000, len 1384, room 16 
tail 8
chksum 0x2d
csum 0x2d
v8b899c12
~ld


6.01
 0h00:04.714 2022/07/19T12:33:34z: DS3231
 0h00:04.730 2022/07/19T12:33:34z: BME280 (0x76)
 0h00:04.744 2022/07/19T12:33:34z: 84:f3:eb:7d:7:a8
 0h00:04.745 2022/07/19T12:33:34z: SSID: MU Open
 0h00:04.751 2022/07/19T12:33:34z: AP_STAR tmr
 ets Jan  8 2013,rst cause:4, boot mode:(3,7)

wdt reset
load 0x4010f000, len 1384, room 16 
tail 8
chksum 0x2d
csum 0x2d
v8b899c12
~ld


6.01
 0h00:04.782 2022/07/19T12:53:37z: DS3231
 0h00:04.798 2022/07/19T12:53:37z: BME280 (0x76)
 0h00:04.812 2022/07/19T12:53:37z: 84:f3:eb:7d:7:a8
 0h00:04.814 2022/07/19T12:53:37z: SSID: MU Open
 0h00:04.819 2022/07/19T12:53:37z: AP_STAR tmr
 ets Jan  8 2013,rst cause:4, boot mode:(3,7)

wdt reset
load 0x4010f000, len 1384, room 16 
tail 8
chksum 0x2d
csum 0x2d
v8b899c12
~ld


6.01
 0h00:05.011 2022/07/19T13:13:40z: DS3231
 0h00:05.026 2022/07/19T13:13:40z: BME280 (0x76)
 0h00:05.040 2022/07/19T13:13:40z: 84:f3:eb:7d:7:a8
 0h00:05.042 2022/07/19T13:13:40z: SSID: MU Open
 0h00:05.047 2022/07/19T13:13:40z: AP_STAR tmr
 ets Jan  8 2013,rst cause:4, boot mode:(3,7)

wdt reset
load 0x4010f000, len 1384, room 16 
tail 8
chksum 0x2d
csum 0x2d
v8b899c12
~ld


6.01
 0h00:04.861 2022/07/19T13:33:43z: DS3231
 0h00:04.877 2022/07/19T13:33:43z: BME280 (0x76)
 0h00:04.891 2022/07/19T13:33:43z: 84:f3:eb:7d:7:a8
 0h00:04.892 2022/07/19T13:33:43z: SSID: MU Open
 0h00:04.898 2022/07/19T13:33:43z: AP_STAR tmr
 ets Jan  8 2013,rst cause:4, boot mode:(3,7)

wdt reset
load 0x4010f000, len 1384, room 16 
tail 8
chksum 0x2d
csum 0x2d
v8b899c12
~ld


6.01
 0h00:04.787 2022/07/19T13:53:46z: DS3231
 0h00:04.802 2022/07/19T13:53:46z: BME280 (0x76)
 0h00:04.816 2022/07/19T13:53:46z: 84:f3:eb:7d:7:a8
 0h00:04.818 2022/07/19T13:53:46z: SSID: MU Open
 0h00:04.823 2022/07/19T13:53:46z: AP_STAR tmr
 ets Jan  8 2013,rst cause:4, boot mode:(3,7)

wdt reset
load 0x4010f000, len 1384, room 16 
tail 8
chksum 0x2d
csum 0x2d
v8b899c12
~ld


6.01
 0h00:04.758 2022/07/19T14:13:49z: DS3231
 0h00:04.773 2022/07/19T14:13:49z: BME280 (0x76)
 0h00:04.787 2022/07/19T14:13:49z: 84:f3:eb:7d:7:a8
 0h00:04.789 2022/07/19T14:13:49z: SSID: MU Open
 0h00:04.794 2022/07/19T14:13:49z: AP_STAR tmr
 ets Jan  8 2013,rst cause:4, boot mode:(3,7)

wdt reset
load 0x4010f000, len 1384, room 16 
tail 8
chksum 0x2d
csum 0x2d
v8b899c12
~ld


6.01
 0h00:04.822 2022/07/19T14:33:52z: DS3231
 0h00:04.837 2022/07/19T14:33:52z: BME280 (0x76)
 0h00:04.851 2022/07/19T14:33:52z: 84:f3:eb:7d:7:a8
 0h00:04.853 2022/07/19T14:33:52z: SSID: MU Open
 0h00:04.858 2022/07/19T14:33:52z: AP_STAR tmr
 ets Jan  8 2013,rst cause:4, boot mode:(3,7)

wdt reset
load 0x4010f000, len 1384, room 16 
tail 8
chksum 0x2d
csum 0x2d
v8b899c12
~ld


6.01
 0h00:04.787 2022/07/19T14:53:55z: DS3231
 0h00:04.803 2022/07/19T14:53:55z: BME280 (0x76)
 0h00:04.817 2022/07/19T14:53:55z: 84:f3:eb:7d:7:a8
 0h00:04.819 2022/07/19T14:53:55z: SSID: MU Open
 0h00:04.824 2022/07/19T14:53:55z: AP_STAR tmr
 ets Jan  8 2013,rst cause:4, boot mode:(3,7)

wdt reset
load 0x4010f000, len 1384, room 16 
tail 8
chksum 0x2d
csum 0x2d
v8b899c12
~ld


6.01
 0h00:04.804 2022/07/19T15:13:59z: DS3231
 0h00:04.819 2022/07/19T15:13:59z: BME280 (0x76)
 0h00:04.833 2022/07/19T15:13:59z: 84:f3:eb:7d:7:a8
 0h00:04.835 2022/07/19T15:13:59z: SSID: MU Open
 0h00:04.840 2022/07/19T15:13:59z: AP_STAR tmr
 ets Jan  8 2013,rst cause:4, boot mode:(3,7)

wdt reset
load 0x4010f000, len 1384, room 16 
tail 8
chksum 0x2d
csum 0x2d
v8b899c12
~ld


6.01
 0h00:04.763 2022/07/19T15:34:02z: DS3231
 0h00:04.778 2022/07/19T15:34:02z: BME280 (0x76)
 0h00:04.793 2022/07/19T15:34:02z: 84:f3:eb:7d:7:a8
 0h00:04.794 2022/07/19T15:34:02z: SSID: MU Open
 0h00:04.799 2022/07/19T15:34:02z: AP_STAR tmr
 ets Jan  8 2013,rst cause:4, boot mode:(3,7)

wdt reset
load 0x4010f000, len 1384, room 16 
tail 8
chksum 0x2d
csum 0x2d
v8b899c12
~ld


6.01
 0h00:04.603 2022/07/19T15:54:04z: DS3231
 0h00:04.619 2022/07/19T15:54:04z: BME280 (0x76)
 0h00:04.633 2022/07/19T15:54:04z: 84:f3:eb:7d:7:a8
 0h00:04.634 2022/07/19T15:54:04z: SSID: MU Open
 0h00:04.640 2022/07/19T15:54:04z: AP_STAR tmr
 ets Jan  8 2013,rst cause:4, boot mode:(3,7)

wdt reset
load 0x4010f000, len 1384, room 16 
tail 8
chksum 0x2d
csum 0x2d
v8b899c12
~ld


6.01
 0h00:04.695 2022/07/19T16:14:07z: DS3231
 0h00:04.710 2022/07/19T16:14:07z: BME280 (0x76)
 0h00:04.724 2022/07/19T16:14:07z: 84:f3:eb:7d:7:a8
 0h00:04.726 2022/07/19T16:14:07z: SSID: MU Open
 0h00:04.731 2022/07/19T16:14:07z: AP_STAR tmr
 ets Jan  8 2013,rst cause:4, boot mode:(3,7)

wdt reset
load 0x4010f000, len 1384, room 16 
tail 8
chksum 0x2d
csum 0x2d
v8b899c12
~ld


6.01
 0h00:04.490 2022/07/19T16:34:10z: DS3231
 0h00:04.505 2022/07/19T16:34:10z: BME280 (0x76)
 0h00:04.519 2022/07/19T16:34:10z: 84:f3:eb:7d:7:a8
 0h00:04.521 2022/07/19T16:34:10z: SSID: MU Open
 0h00:04.526 2022/07/19T16:34:10z: AP_STAR tmr
 ets Jan  8 2013,rst cause:4, boot mode:(3,7)

wdt reset
load 0x4010f000, len 1384, room 16 
tail 8
chksum 0x2d
csum 0x2d
v8b899c12
~ld


6.01
 0h00:04.704 2022/07/19T16:54:12z: DS3231
 0h00:04.719 2022/07/19T16:54:12z: BME280 (0x76)
 0h00:04.733 2022/07/19T16:54:12z: 84:f3:eb:7d:7:a8
 0h00:04.735 2022/07/19T16:54:12z: SSID: MU Open
 0h00:04.740 2022/07/19T16:54:12z: AP_STAR tmr
 ets Jan  8 2013,rst cause:4, boot mode:(3,7)

wdt reset
load 0x4010f000, len 1384, room 16 
tail 8
chksum 0x2d
csum 0x2d
v8b899c12
~ld


6.01
 0h00:04.777 2022/07/19T17:14:15z: DS3231
 0h00:04.793 2022/07/19T17:14:15z: BME280 (0x76)
 0h00:04.807 2022/07/19T17:14:15z: 84:f3:eb:7d:7:a8
 0h00:04.808 2022/07/19T17:14:15z: SSID: MU Open
 0h00:04.814 2022/07/19T17:14:15z: AP_STAR tmr
 ets Jan  8 2013,rst cause:4, boot mode:(3,7)

wdt reset
load 0x4010f000, len 1384, room 16 
tail 8
chksum 0x2d
csum 0x2d
v8b899c12
~ld


6.01
 0h00:04.689 2022/07/19T17:34:17z: DS3231
 0h00:04.704 2022/07/19T17:34:17z: BME280 (0x76)
 0h00:04.718 2022/07/19T17:34:17z: 84:f3:eb:7d:7:a8
 0h00:04.720 2022/07/19T17:34:17z: SSID: MU Open
 0h00:04.725 2022/07/19T17:34:17z: AP_STAR tmr
 ets Jan  8 2013,rst cause:4, boot mode:(3,7)

wdt reset
load 0x4010f000, len 1384, room 16 
tail 8
chksum 0x2d
csum 0x2d
v8b899c12
~ld


6.01
 0h00:04.698 2022/07/19T17:54:20z: DS3231
 0h00:04.713 2022/07/19T17:54:20z: BME280 (0x76)
 0h00:04.727 2022/07/19T17:54:20z: 84:f3:eb:7d:7:a8
 0h00:04.729 2022/07/19T17:54:20z: SSID: MU Open
 0h00:04.734 2022/07/19T17:54:20z: AP_STAR tmr
 ets Jan  8 2013,rst cause:4, boot mode:(3,7)

wdt reset
load 0x4010f000, len 1384, room 16 
tail 8
chksum 0x2d
csum 0x2d
v8b899c12
~ld


6.01
 0h00:04.943 2022/07/19T18:14:23z: DS3231
 0h00:04.959 2022/07/19T18:14:23z: BME280 (0x76)
 0h00:04.973 2022/07/19T18:14:23z: 84:f3:eb:7d:7:a8
 0h00:04.974 2022/07/19T18:14:23z: SSID: MU Open
 0h00:04.980 2022/07/19T18:14:23z: AP_STAR tmr
 ets Jan  8 2013,rst cause:4, boot mode:(3,7)

wdt reset
load 0x4010f000, len 1384, room 16 
tail 8
chksum 0x2d
csum 0x2d
v8b899c12
~ld


6.01
 0h00:04.806 2022/07/19T18:34:25z: DS3231
 0h00:04.821 2022/07/19T18:34:25z: BME280 (0x76)
 0h00:04.835 2022/07/19T18:34:25z: 84:f3:eb:7d:7:a8
 0h00:04.837 2022/07/19T18:34:25z: SSID: MU Open
 0h00:04.842 2022/07/19T18:34:25z: AP_STAR tmr
 ets Jan  8 2013,rst cause:4, boot mode:(3,7)

wdt reset
load 0x4010f000, len 1384, room 16 
tail 8
chksum 0x2d
csum 0x2d
v8b899c12
~ld


6.01
 0h00:04.916 2022/07/19T18:54:28z: DS3231
 0h00:04.931 2022/07/19T18:54:28z: BME280 (0x76)
 0h00:04.945 2022/07/19T18:54:28z: 84:f3:eb:7d:7:a8
 0h00:04.947 2022/07/19T18:54:28z: SSID: MU Open
 0h00:04.952 2022/07/19T18:54:28z: AP_STAR tmr
 ets Jan  8 2013,rst cause:4, boot mode:(3,7)

wdt reset
load 0x4010f000, len 1384, room 16 
tail 8
chksum 0x2d
csum 0x2d
v8b899c12
~ld


6.01
 0h00:04.862 2022/07/19T19:14:30z: DS3231
 0h00:04.877 2022/07/19T19:14:30z: BME280 (0x76)
 0h00:04.891 2022/07/19T19:14:30z: 84:f3:eb:7d:7:a8
 0h00:04.893 2022/07/19T19:14:30z: SSID: MU Open
 0h00:04.898 2022/07/19T19:14:31z: AP_STAR tmr
 ets Jan  8 2013,rst cause:4, boot mode:(3,7)

wdt reset
load 0x4010f000, len 1384, room 16 
tail 8
chksum 0x2d
csum 0x2d
v8b899c12
~ld


6.01
 0h00:04.815 2022/07/19T19:34:33z: DS3231
 0h00:04.830 2022/07/19T19:34:33z: BME280 (0x76)
 0h00:04.844 2022/07/19T19:34:33z: 84:f3:eb:7d:7:a8
 0h00:04.846 2022/07/19T19:34:33z: SSID: MU Open
 0h00:04.851 2022/07/19T19:34:33z: AP_STAR tmr
 ets Jan  8 2013,rst cause:4, boot mode:(3,7)

wdt reset
load 0x4010f000, len 1384, room 16 
tail 8
chksum 0x2d
csum 0x2d
v8b899c12
~ld


6.01
 0h00:04.434 2022/07/19T19:54:36z: DS3231
 0h00:04.449 2022/07/19T19:54:36z: BME280 (0x76)
 0h00:04.463 2022/07/19T19:54:36z: 84:f3:eb:7d:7:a8
 0h00:04.465 2022/07/19T19:54:36z: SSID: MU Open
 0h00:04.470 2022/07/19T19:54:36z: AP_STAR tmr
 ets Jan  8 2013,rst cause:4, boot mode:(3,7)

wdt reset
load 0x4010f000, len 1384, room 16 
tail 8
chksum 0x2d
csum 0x2d
v8b899c12
~ld


6.01
 0h00:04.833 2022/07/19T20:14:39z: DS3231
 0h00:04.849 2022/07/19T20:14:39z: BME280 (0x76)
 0h00:04.863 2022/07/19T20:14:39z: 84:f3:eb:7d:7:a8
 0h00:04.864 2022/07/19T20:14:39z: SSID: MU Open
 0h00:04.870 2022/07/19T20:14:39z: AP_STAR tmr
 ets Jan  8 2013,rst cause:4, boot mode:(3,7)

wdt reset
load 0x4010f000, len 1384, room 16 
tail 8
chksum 0x2d
csum 0x2d
v8b899c12
~ld


6.01
 0h00:04.852 2022/07/19T20:34:42z: DS3231
 0h00:04.867 2022/07/19T20:34:42z: BME280 (0x76)
 0h00:04.881 2022/07/19T20:34:42z: 84:f3:eb:7d:7:a8
 0h00:04.883 2022/07/19T20:34:42z: SSID: MU Open
 0h00:04.888 2022/07/19T20:34:42z: AP_STAR tmr
 ets Jan  8 2013,rst cause:4, boot mode:(3,7)

wdt reset
load 0x4010f000, len 1384, room 16 
tail 8
chksum 0x2d
csum 0x2d
v8b899c12
~ld


6.01
 0h00:04.908 2022/07/19T20:54:44z: DS3231
 0h00:04.923 2022/07/19T20:54:44z: BME280 (0x76)
 0h00:04.938 2022/07/19T20:54:45z: 84:f3:eb:7d:7:a8
 0h00:04.939 2022/07/19T20:54:45z: SSID: MU Open
 0h00:04.944 2022/07/19T20:54:45z: AP_STAR tmr
 ets Jan  8 2013,rst cause:4, boot mode:(3,7)

wdt reset
load 0x4010f000, len 1384, room 16 
tail 8
chksum 0x2d
csum 0x2d
v8b899c12
~ld


6.01
 0h00:04.853 2022/07/19T21:14:48z: DS3231
 0h00:04.868 2022/07/19T21:14:48z: BME280 (0x76)
 0h00:04.882 2022/07/19T21:14:48z: 84:f3:eb:7d:7:a8
 0h00:04.884 2022/07/19T21:14:48z: SSID: MU Open
 0h00:04.889 2022/07/19T21:14:48z: AP_STAR tmr
 ets Jan  8 2013,rst cause:4, boot mode:(3,7)

wdt reset
load 0x4010f000, len 1384, room 16 
tail 8
chksum 0x2d
csum 0x2d
v8b899c12
~ld


6.01
 0h00:04.786 2022/07/19T21:34:51z: DS3231
 0h00:04.802 2022/07/19T21:34:51z: BME280 (0x76)
 0h00:04.816 2022/07/19T21:34:51z: 84:f3:eb:7d:7:a8
 0h00:04.817 2022/07/19T21:34:51z: SSID: MU Open
 0h00:04.823 2022/07/19T21:34:51z: AP_STAR tmr
 ets Jan  8 2013,rst cause:4, boot mode:(3,7)

wdt reset
load 0x4010f000, len 1384, room 16 
tail 8
chksum 0x2d
csum 0x2d
v8b899c12
~ld


6.01
 0h00:04.882 2022/07/19T21:54:54z: DS3231
 0h00:04.898 2022/07/19T21:54:54z: BME280 (0x76)
 0h00:04.912 2022/07/19T21:54:54z: 84:f3:eb:7d:7:a8
 0h00:04.913 2022/07/19T21:54:54z: SSID: MU Open
 0h00:04.919 2022/07/19T21:54:54z: AP_STAR tmr
 ets Jan  8 2013,rst cause:4, boot mode:(3,7)

wdt reset
load 0x4010f000, len 1384, room 16 
tail 8
chksum 0x2d
csum 0x2d
v8b899c12
~ld


6.01
 0h00:04.665 2022/07/19T22:14:57z: DS3231
 0h00:04.681 2022/07/19T22:14:57z: BME280 (0x76)
 0h00:04.695 2022/07/19T22:14:57z: 84:f3:eb:7d:7:a8
 0h00:04.696 2022/07/19T22:14:57z: SSID: MU Open
 0h00:04.702 2022/07/19T22:14:57z: AP_STAR tmr
 ets Jan  8 2013,rst cause:4, boot mode:(3,7)

wdt reset
load 0x4010f000, len 1384, room 16 
tail 8
chksum 0x2d
csum 0x2d
v8b899c12
~ld


6.01
 0h00:04.853 2022/07/19T22:34:59z: DS3231
 0h00:04.869 2022/07/19T22:34:59z: BME280 (0x76)
 0h00:04.883 2022/07/19T22:34:59z: 84:f3:eb:7d:7:a8
 0h00:04.885 2022/07/19T22:34:59z: SSID: MU Open
 0h00:04.890 2022/07/19T22:34:59z: AP_STAR tmr
 ets Jan  8 2013,rst cause:4, boot mode:(3,7)

wdt reset
load 0x4010f000, len 1384, room 16 
tail 8
chksum 0x2d
csum 0x2d
v8b899c12
~ld


6.01
 0h00:04.774 2022/07/19T22:55:02z: DS3231
 0h00:04.790 2022/07/19T22:55:02z: BME280 (0x76)
 0h00:04.804 2022/07/19T22:55:03z: 84:f3:eb:7d:7:a8
 0h00:04.806 2022/07/19T22:55:03z: SSID: MU Open
 0h00:04.811 2022/07/19T22:55:03z: AP_STAR tmr
 ets Jan  8 2013,rst cause:4, boot mode:(3,7)

wdt reset
load 0x4010f000, len 1384, room 16 
tail 8
chksum 0x2d
csum 0x2d
v8b899c12
~ld


6.01
 0h00:04.801 2022/07/19T23:15:06z: DS3231
 0h00:04.816 2022/07/19T23:15:06z: BME280 (0x76)
 0h00:04.830 2022/07/19T23:15:06z: 84:f3:eb:7d:7:a8
 0h00:04.832 2022/07/19T23:15:06z: SSID: MU Open
 0h00:04.837 2022/07/19T23:15:06z: AP_STAR tmr
 ets Jan  8 2013,rst cause:4, boot mode:(3,7)

wdt reset
load 0x4010f000, len 1384, room 16 
tail 8
chksum 0x2d
csum 0x2d
v8b899c12
~ld


6.01
 0h00:04.922 2022/07/19T23:35:08z: DS3231
 0h00:04.937 2022/07/19T23:35:08z: BME280 (0x76)
 0h00:04.951 2022/07/19T23:35:09z: 84:f3:eb:7d:7:a8
 0h00:04.953 2022/07/19T23:35:09z: SSID: MU Open
 0h00:04.958 2022/07/19T23:35:09z: AP_STAR tmr
 ets Jan  8 2013,rst cause:4, boot mode:(3,7)

wdt reset
load 0x4010f000, len 1384, room 16 
tail 8
chksum 0x2d
csum 0x2d
v8b899c12
~ld


6.01
 0h00:04.894 2022/07/19T23:55:12z: DS3231
 0h00:04.909 2022/07/19T23:55:12z: BME280 (0x76)
 0h00:04.923 2022/07/19T23:55:12z: 84:f3:eb:7d:7:a8
 0h00:04.925 2022/07/19T23:55:12z: SSID: MU Open
 0h00:04.930 2022/07/19T23:55:12z: AP_STA