R tmr
 ets Jan  8 2013,rst cause:4, boot mode:(3,7)

wdt reset
load 0x4010f000, len 1384, room 16 
tail 8
chksum 0x2d
csum 0x2d
v8b899c12
~ld


6.01
 0h00:04.314 2022/01/05T00:13:54z: DS3231
 0h00:04.329 2022/01/05T00:13:54z: BME280 (0x76)
 0h00:04.344 2022/01/05T00:13:54z: 84:f3:eb:7d:7:a8
 0h00:04.345 2022/01/05T00:13:54z: SSID: MU Open
 0h00:04.350 2022/01/05T00:13:54z: AP_STAR tmr
 ets Jan  8 2013,rst cause:4, boot mode:(3,7)

wdt reset
load 0x4010f000, len 1384, room 16 
tail 8
chksum 0x2d
csum 0x2d
v8b899c12
~ld


6.01
 0h00:04.231 2022/01/05T00:33:54z: DS3231
 0h00:04.247 2022/01/05T00:33:54z: BME280 (0x76)
 0h00:04.261 2022/01/05T00:33:54z: 84:f3:eb:7d:7:a8
 0h00:04.262 2022/01/05T00:33:54z: SSID: MU Open
 0h00:04.268 2022/01/05T00:33:54z: AP_STAR tmr
 ets Jan  8 2013,rst cause:4, boot mode:(3,7)

wdt reset
load 0x4010f000, len 1384, room 16 
tail 8
chksum 0x2d
csum 0x2d
v8b899c12
~ld


6.01
 0h00:04.288 2022/01/05T00:53:53z: DS3231
 0h00:04.303 2022/01/05T00:53:53z: BME280 (0x76)
 0h00:04.317 2022/01/05T00:53:53z: 84:f3:eb:7d:7:a8
 0h00:04.319 2022/01/05T00:53:53z: SSID: MU Open
 0h00:04.324 2022/01/05T00:53:53z: AP_STAR tmr
 ets Jan  8 2013,rst cause:4, boot mode:(3,7)

wdt reset
load 0x4010f000, len 1384, room 16 
tail 8
chksum 0x2d
csum 0x2d
v8b899c12
~ld


6.01
 0h00:04.324 2022/01/05T01:13:53z: DS3231
 0h00:04.339 2022/01/05T01:13:53z: BME280 (0x76)
 0h00:04.353 2022/01/05T01:13:53z: 84:f3:eb:7d:7:a8
 0h00:04.355 2022/01/05T01:13:53z: SSID: MU Open
 0h00:04.360 2022/01/05T01:13:53z: AP_STAR tmr
 ets Jan  8 2013,rst cause:4, boot mode:(3,7)

wdt reset
load 0x4010f000, len 1384, room 16 
tail 8
chksum 0x2d
csum 0x2d
v8b899c12
~ld


6.01
 0h00:04.320 2022/01/05T01:33:53z: DS3231
 0h00:04.335 2022/01/05T01:33:53z: BME280 (0x76)
 0h00:04.349 2022/01/05T01:33:53z: 84:f3:eb:7d:7:a8
 0h00:04.351 2022/01/05T01:33:53z: SSID: MU Open
 0h00:04.356 2022/01/05T01:33:53z: AP_STAR tmr
 ets Jan  8 2013,rst cause:4, boot mode:(3,7)

wdt reset
load 0x4010f000, len 1384, room 16 
tail 8
chksum 0x2d
csum 0x2d
v8b899c12
~ld


6.01
 0h00:04.543 2022/01/05T01:53:53z: DS3231
 0h00:04.558 2022/01/05T01:53:53z: BME280 (0x76)
 0h00:04.572 2022/01/05T01:53:53z: 84:f3:eb:7d:7:a8
 0h00:04.574 2022/01/05T01:53:53z: SSID: MU Open
 0h00:04.579 2022/01/05T01:53:53z: AP_STAR tmr
 ets Jan  8 2013,rst cause:4, boot mode:(3,7)

wdt reset
load 0x4010f000, len 1384, room 16 
tail 8
chksum 0x2d
csum 0x2d
v8b899c12
~ld


6.01
 0h00:04.290 2022/01/05T02:13:54z: DS3231
 0h00:04.306 2022/01/05T02:13:54z: BME280 (0x76)
 0h00:04.320 2022/01/05T02:13:54z: 84:f3:eb:7d:7:a8
 0h00:04.321 2022/01/05T02:13:54z: SSID: MU Open
 0h00:04.327 2022/01/05T02:13:54z: AP_STAR tmr
 ets Jan  8 2013,rst cause:4, boot mode:(3,7)

wdt reset
load 0x4010f000, len 1384, room 16 
tail 8
chksum 0x2d
csum 0x2d
v8b899c12
~ld


6.01
 0h00:04.473 2022/01/05T02:33:54z: DS3231
 0h00:04.488 2022/01/05T02:33:54z: BME280 (0x76)
 0h00:04.502 2022/01/05T02:33:54z: 84:f3:eb:7d:7:a8
 0h00:04.504 2022/01/05T02:33:54z: SSID: MU Open
 0h00:04.509 2022/01/05T02:33:54z: AP_STAR tmr
 ets Jan  8 2013,rst cause:4, boot mode:(3,7)

wdt reset
load 0x4010f000, len 1384, room 16 
tail 8
chksum 0x2d
csum 0x2d
v8b899c12
~ld


6.01
 0h00:04.411 2022/01/05T02:53:55z: DS3231
 0h00:04.426 2022/01/05T02:53:55z: BME280 (0x76)
 0h00:04.441 2022/01/05T02:53:55z: 84:f3:eb:7d:7:a8
 0h00:04.442 2022/01/05T02:53:55z: SSID: MU Open
 0h00:04.447 2022/01/05T02:53:55z: AP_STAR tmr
 ets Jan  8 2013,rst cause:4, boot mode:(3,7)

wdt reset
load 0x4010f000, len 1384, room 16 
tail 8
chksum 0x2d
csum 0x2d
v8b899c12
~ld


6.01
 0h00:04.451 2022/01/05T03:13:55z: DS3231
 0h00:04.466 2022/01/05T03:13:55z: BME280 (0x76)
 0h00:04.480 2022/01/05T03:13:55z: 84:f3:eb:7d:7:a8
 0h00:04.482 2022/01/05T03:13:55z: SSID: MU Open
 0h00:04.487 2022/01/05T03:13:55z: AP_STAR tmr
 ets Jan  8 2013,rst cause:4, boot mode:(3,7)

wdt reset
load 0x4010f000, len 1384, room 16 
tail 8
chksum 0x2d
csum 0x2d
v8b899c12
~ld


6.01
 0h00:04.351 2022/01/05T03:33:55z: DS3231
 0h00:04.366 2022/01/05T03:33:55z: BME280 (0x76)
 0h00:04.380 2022/01/05T03:33:55z: 84:f3:eb:7d:7:a8
 0h00:04.382 2022/01/05T03:33:55z: SSID: MU Open
 0h00:04.387 2022/01/05T03:33:55z: AP_STAR tmr
 ets Jan  8 2013,rst cause:4, boot mode:(3,7)

wdt reset
load 0x4010f000, len 1384, room 16 
tail 8
chksum 0x2d
csum 0x2d
v8b899c12
~ld


6.01
 0h00:04.400 2022/01/05T03:53:55z: DS3231
 0h00:04.415 2022/01/05T03:53:55z: BME280 (0x76)
 0h00:04.429 2022/01/05T03:53:55z: 84:f3:eb:7d:7:a8
 0h00:04.431 2022/01/05T03:53:55z: SSID: MU Open
 0h00:04.436 2022/01/05T03:53:55z: AP_STAR tmr
 ets Jan  8 2013,rst cause:4, boot mode:(3,7)

wdt reset
load 0x4010f000, len 1384, room 16 
tail 8
chksum 0x2d
csum 0x2d
v8b899c12
~ld


6.01
 0h00:04.411 2022/01/05T04:13:55z: DS3231
 0h00:04.427 2022/01/05T04:13:55z: BME280 (0x76)
 0h00:04.441 2022/01/05T04:13:55z: 84:f3:eb:7d:7:a8
 0h00:04.443 2022/01/05T04:13:55z: SSID: MU Open
 0h00:04.448 2022/01/05T04:13:55z: AP_STAR tmr
 ets Jan  8 2013,rst cause:4, boot mode:(3,7)

wdt reset
load 0x4010f000, len 1384, room 16 
tail 8
chksum 0x2d
csum 0x2d
v8b899c12
~ld


6.01
 0h00:04.366 2022/01/05T04:33:56z: DS3231
 0h00:04.382 2022/01/05T04:33:56z: BME280 (0x76)
 0h00:04.396 2022/01/05T04:33:56z: 84:f3:eb:7d:7:a8
 0h00:04.397 2022/01/05T04:33:56z: SSID: MU Open
 0h00:04.403 2022/01/05T04:33:56z: AP_STAR tmr
 ets Jan  8 2013,rst cause:4, boot mode:(3,7)

wdt reset
load 0x4010f000, len 1384, room 16 
tail 8
chksum 0x2d
csum 0x2d
v8b899c12
~ld


6.01
 0h00:04.363 2022/01/05T04:53:57z: DS3231
 0h00:04.379 2022/01/05T04:53:57z: BME280 (0x76)
 0h00:04.393 2022/01/05T04:53:57z: 84:f3:eb:7d:7:a8
 0h00:04.394 2022/01/05T04:53:57z: SSID: MU Open
 0h00:04.400 2022/01/05T04:53:57z: AP_STAR tmr
 ets Jan  8 2013,rst cause:4, boot mode:(3,7)

wdt reset
load 0x4010f000, len 1384, room 16 
tail 8
chksum 0x2d
csum 0x2d
v8b899c12
~ld


6.01
 0h00:04.230 2022/01/05T05:13:57z: DS3231
 0h00:04.246 2022/01/05T05:13:57z: BME280 (0x76)
 0h00:04.260 2022/01/05T05:13:57z: 84:f3:eb:7d:7:a8
 0h00:04.262 2022/01/05T05:13:57z: SSID: MU Open
 0h00:04.267 2022/01/05T05:13:57z: AP_STAR tmr
 ets Jan  8 2013,rst cause:4, boot mode:(3,7)

wdt reset
load 0x4010f000, len 1384, room 16 
tail 8
chksum 0x2d
csum 0x2d
v8b899c12
~ld


6.01
 0h00:04.256 2022/01/05T05:33:56z: DS3231
 0h00:04.271 2022/01/05T05:33:56z: BME280 (0x76)
 0h00:04.285 2022/01/05T05:33:56z: 84:f3:eb:7d:7:a8
 0h00:04.287 2022/01/05T05:33:56z: SSID: MU Open
 0h00:04.292 2022/01/05T05:33:56z: AP_STAR tmr
 ets Jan  8 2013,rst cause:4, boot mode:(3,7)

wdt reset
load 0x4010f000, len 1384, room 16 
tail 8
chksum 0x2d
csum 0x2d
v8b899c12
~ld


6.01
 0h00:04.005 2022/01/05T05:53:57z: DS3231
 0h00:04.020 2022/01/05T05:53:57z: BME280 (0x76)
 0h00:04.034 2022/01/05T05:53:57z: 84:f3:eb:7d:7:a8
 0h00:04.036 2022/01/05T05:53:57z: SSID: MU Open
 0h00:04.041 2022/01/05T05:53:57z: AP_STAR tmr
 ets Jan  8 2013,rst cause:4, boot mode:(3,7)

wdt reset
load 0x4010f000, len 1384, room 16 
tail 8
chksum 0x2d
csum 0x2d
v8b899c12
~ld


6.01
 0h00:04.177 2022/01/05T06:13:56z: DS3231
 0h00:04.192 2022/01/05T06:13:56z: BME280 (0x76)
 0h00:04.206 2022/01/05T06:13:57z: 84:f3:eb:7d:7:a8
 0h00:04.208 2022/01/05T06:13:57z: SSID: MU Open
 0h00:04.213 2022/01/05T06:13:57z: AP_STAR tmr
 ets Jan  8 2013,rst cause:4, boot mode:(3,7)

wdt reset
load 0x4010f000, len 1384, room 16 
tail 8
chksum 0x2d
csum 0x2d
v8b899c12
~ld


6.01
 0h00:04.322 2022/01/05T06:33:57z: DS3231
 0h00:04.338 2022/01/05T06:33:57z: BME280 (0x76)
 0h00:04.352 2022/01/05T06:33:57z: 84:f3:eb:7d:7:a8
 0h00:04.353 2022/01/05T06:33:57z: SSID: MU Open
 0h00:04.359 2022/01/05T06:33:57z: AP_STAR tmr
 ets Jan  8 2013,rst cause:4, boot mode:(3,7)

wdt reset
load 0x4010f000, len 1384, room 16 
tail 8
chksum 0x2d
csum 0x2d
v8b899c12
~ld


6.01
 0h00:04.220 2022/01/05T06:53:56z: DS3231
 0h00:04.235 2022/01/05T06:53:56z: BME280 (0x76)
 0h00:04.249 2022/01/05T06:53:56z: 84:f3:eb:7d:7:a8
 0h00:04.251 2022/01/05T06:53:57z: SSID: MU Open
 0h00:04.256 2022/01/05T06:53:57z: AP_STAR tmr
 ets Jan  8 2013,rst cause:4, boot mode:(3,7)

wdt reset
load 0x4010f000, len 1384, room 16 
tail 8
chksum 0x2d
csum 0x2d
v8b899c12
~ld


6.01
 0h00:04.157 2022/01/05T07:13:57z: DS3231
 0h00:04.172 2022/01/05T07:13:57z: BME280 (0x76)
 0h00:04.186 2022/01/05T07:13:57z: 84:f3:eb:7d:7:a8
 0h00:04.188 2022/01/05T07:13:57z: SSID: MU Open
 0h00:04.193 2022/01/05T07:13:57z: AP_STAR tmr
 ets Jan  8 2013,rst cause:4, boot mode:(3,7)

wdt reset
load 0x4010f000, len 1384, room 16 
tail 8
chksum 0x2d
csum 0x2d
v8b899c12
~ld


6.01
 0h00:04.242 2022/01/05T07:33:56z: DS3231
 0h00:04.258 2022/01/05T07:33:56z: BME280 (0x76)
 0h00:04.272 2022/01/05T07:33:56z: 84:f3:eb:7d:7:a8
 0h00:04.274 2022/01/05T07:33:56z: SSID: MU Open
 0h00:04.279 2022/01/05T07:33:56z: AP_STAR tmr
 ets Jan  8 2013,rst cause:4, boot mode:(3,7)

wdt reset
load 0x4010f000, len 1384, room 16 
tail 8
chksum 0x2d
csum 0x2d
v8b899c12
~ld


6.01
 0h00:04.207 2022/01/05T07:53:57z: DS3231
 0h00:04.223 2022/01/05T07:53:57z: BME280 (0x76)
 0h00:04.237 2022/01/05T07:53:57z: 84:f3:eb:7d:7:a8
 0h00:04.238 2022/01/05T07:53:57z: SSID: MU Open
 0h00:04.244 2022/01/05T07:53:57z: AP_STAR tmr
 ets Jan  8 2013,rst cause:4, boot mode:(3,7)

wdt reset
load 0x4010f000, len 1384, room 16 
tail 8
chksum 0x2d
csum 0x2d
v8b899c12
~ld


6.01
 0h00:04.434 2022/01/05T08:13:57z: DS3231
 0h00:04.450 2022/01/05T08:13:57z: BME280 (0x76)
 0h00:04.464 2022/01/05T08:13:57z: 84:f3:eb:7d:7:a8
 0h00:04.466 2022/01/05T08:13:57z: SSID: MU Open
 0h00:04.471 2022/01/05T08:13:57z: AP_STAR tmr
 ets Jan  8 2013,rst cause:4, boot mode:(3,7)

wdt reset
load 0x4010f000, len 1384, room 16 
tail 8
chksum 0x2d
csum 0x2d
v8b899c12
~ld


6.01
 0h00:04.440 2022/01/05T08:33:57z: DS3231
 0h00:04.455 2022/01/05T08:33:57z: BME280 (0x76)
 0h00:04.469 2022/01/05T08:33:57z: 84:f3:eb:7d:7:a8
 0h00:04.471 2022/01/05T08:33:57z: SSID: MU Open
 0h00:04.476 2022/01/05T08:33:57z: AP_STAR tmr
 ets Jan  8 2013,rst cause:4, boot mode:(3,7)

wdt reset
load 0x4010f000, len 1384, room 16 
tail 8
chksum 0x2d
csum 0x2d
v8b899c12
~ld


6.01
 0h00:04.437 2022/01/05T08:53:58z: DS3231
 0h00:04.452 2022/01/05T08:53:58z: BME280 (0x76)
 0h00:04.466 2022/01/05T08:53:58z: 84:f3:eb:7d:7:a8
 0h00:04.468 2022/01/05T08:53:58z: SSID: MU Open
 0h00:04.473 2022/01/05T08:53:58z: AP_STAR tmr
 ets Jan  8 2013,rst cause:4, boot mode:(3,7)

wdt reset
load 0x4010f000, len 1384, room 16 
tail 8
chksum 0x2d
csum 0x2d
v8b899c12
~ld


6.01
 0h00:04.229 2022/01/05T09:13:57z: DS3231
 0h00:04.245 2022/01/05T09:13:57z: BME280 (0x76)
 0h00:04.259 2022/01/05T09:13:57z: 84:f3:eb:7d:7:a8
 0h00:04.260 2022/01/05T09:13:57z: SSID: MU Open
 0h00:04.266 2022/01/05T09:13:57z: AP_STAR tmr
 ets Jan  8 2013,rst cause:4, boot mode:(3,7)

wdt reset
load 0x4010f000, len 1384, room 16 
tail 8
chksum 0x2d
csum 0x2d
v8b899c12
~ld


6.01
 0h00:04.249 2022/01/05T09:33:57z: DS3231
 0h00:04.264 2022/01/05T09:33:57z: BME280 (0x76)
 0h00:04.278 2022/01/05T09:33:57z: 84:f3:eb:7d:7:a8
 0h00:04.280 2022/01/05T09:33:57z: SSID: MU Open
 0h00:04.285 2022/01/05T09:33:57z: AP_STAR tmr
 ets Jan  8 2013,rst cause:4, boot mode:(3,7)

wdt reset
load 0x4010f000, len 1384, room 16 
tail 8
chksum 0x2d
csum 0x2d
v8b899c12
~ld


6.01
 0h00:04.330 2022/01/05T09:53:57z: DS3231
 0h00:04.345 2022/01/05T09:53:57z: BME280 (0x76)
 0h00:04.359 2022/01/05T09:53:57z: 84:f3:eb:7d:7:a8
 0h00:04.361 2022/01/05T09:53:57z: SSID: MU Open
 0h00:04.366 2022/01/05T09:53:57z: AP_STAR tmr
 ets Jan  8 2013,rst cause:4, boot mode:(3,7)

wdt reset
load 0x4010f000, len 1384, room 16 
tail 8
chksum 0x2d
csum 0x2d
v8b899c12
~ld


6.01
 0h00:04.217 2022/01/05T10:13:57z: DS3231
 0h00:04.232 2022/01/05T10:13:57z: BME280 (0x76)
 0h00:04.246 2022/01/05T10:13:57z: 84:f3:eb:7d:7:a8
 0h00:04.248 2022/01/05T10:13:57z: SSID: MU Open
 0h00:04.253 2022/01/05T10:13:57z: AP_STAR tmr
 ets Jan  8 2013,rst cause:4, boot mode:(3,7)

wdt reset
load 0x4010f000, len 1384, room 16 
tail 8
chksum 0x2d
csum 0x2d
v8b899c12
~ld


6.01
 0h00:04.224 2022/01/05T10:33:58z: DS3231
 0h00:04.239 2022/01/05T10:33:58z: BME280 (0x76)
 0h00:04.254 2022/01/05T10:33:58z: 84:f3:eb:7d:7:a8
 0h00:04.255 2022/01/05T10:33:58z: SSID: MU Open
 0h00:04.261 2022/01/05T10:33:58z: AP_STAR tmr
 ets Jan  8 2013,rst cause:4, boot mode:(3,7)

wdt reset
load 0x4010f000, len 1384, room 16 
tail 8
chksum 0x2d
csum 0x2d
v8b899c12
~ld


6.01
 0h00:04.224 2022/01/05T10:53:58z: DS3231
 0h00:04.239 2022/01/05T10:53:58z: BME280 (0x76)
 0h00:04.253 2022/01/05T10:53:58z: 84:f3:eb:7d:7:a8
 0h00:04.255 2022/01/05T10:53:58z: SSID: MU Open
 0h00:04.260 2022/01/05T10:53:58z: AP_STAR tmr
 ets Jan  8 2013,rst cause:4, boot mode:(3,7)

wdt reset
load 0x4010f000, len 1384, room 16 
tail 8
chksum 0x2d
csum 0x2d
v8b899c12
~ld


6.01
 0h00:04.211 2022/01/05T11:13:58z: DS3231
 0h00:04.227 2022/01/05T11:13:58z: BME280 (0x76)
 0h00:04.241 2022/01/05T11:13:58z: 84:f3:eb:7d:7:a8
 0h00:04.243 2022/01/05T11:13:58z: SSID: MU Open
 0h00:04.248 2022/01/05T11:13:58z: AP_STAR tmr
 ets Jan  8 2013,rst cause:4, boot mode:(3,7)

wdt reset
load 0x4010f000, len 1384, room 16 
tail 8
chksum 0x2d
csum 0x2d
v8b899c12
~ld


6.01
 0h00:04.318 2022/01/05T11:33:58z: DS3231
 0h00:04.333 2022/01/05T11:33:58z: BME280 (0x76)
 0h00:04.347 2022/01/05T11:33:58z: 84:f3:eb:7d:7:a8
 0h00:04.349 2022/01/05T11:33:58z: SSID: MU Open
 0h00:04.354 2022/01/05T11:33:58z: AP_STAR tmr
 ets Jan  8 2013,rst cause:4, boot mode:(3,7)

wdt reset
load 0x4010f000, len 1384, room 16 
tail 8
chksum 0x2d
csum 0x2d
v8b899c12
~ld


6.01
 0h00:04.366 2022/01/05T11:53:58z: DS3231
 0h00:04.381 2022/01/05T11:53:58z: BME280 (0x76)
 0h00:04.395 2022/01/05T11:53:58z: 84:f3:eb:7d:7:a8
 0h00:04.397 2022/01/05T11:53:58z: SSID: MU Open
 0h00:04.402 2022/01/05T11:53:58z: AP_STAR tmr
 ets Jan  8 2013,rst cause:4, boot mode:(3,7)

wdt reset
load 0x4010f000, len 1384, room 16 
tail 8
chksum 0x2d
csum 0x2d
v8b899c12
~ld


6.01
 0h00:04.408 2022/01/05T12:13:59z: DS3231
 0h00:04.424 2022/01/05T12:13:59z: BME280 (0x76)
 0h00:04.438 2022/01/05T12:13:59z: 84:f3:eb:7d:7:a8
 0h00:04.440 2022/01/05T12:13:59z: SSID: MU Open
 0h00:04.445 2022/01/05T12:13:59z: AP_STAR tmr
 ets Jan  8 2013,rst cause:4, boot mode:(3,7)

wdt reset
load 0x4010f000, len 1384, room 16 
tail 8
chksum 0x2d
csum 0x2d
v8b899c12
~ld


6.01
 0h00:04.362 2022/01/05T12:33:59z: DS3231
 0h00:04.377 2022/01/05T12:33:59z: BME280 (0x76)
 0h00:04.391 2022/01/05T12:33:59z: 84:f3:eb:7d:7:a8
 0h00:04.393 2022/01/05T12:33:59z: SSID: MU Open
 0h00:04.398 2022/01/05T12:33:59z: AP_STAR tmr
 ets Jan  8 2013,rst cause:4, boot mode:(3,7)

wdt reset
load 0x4010f000, len 1384, room 16 
tail 8
chksum 0x2d
csum 0x2d
v8b899c12
~ld


6.01
 0h00:04.547 2022/01/05T12:54:01z: DS3231
 0h00:04.563 2022/01/05T12:54:01z: BME280 (0x76)
 0h00:04.577 2022/01/05T12:54:01z: 84:f3:eb:7d:7:a8
 0h00:04.578 2022/01/05T12:54:01z: SSID: MU Open
 0h00:04.584 2022/01/05T12:54:01z: AP_STAR tmr
 ets Jan  8 2013,rst cause:4, boot mode:(3,7)

wdt reset
load 0x4010f000, len 1384, room 16 
tail 8
chksum 0x2d
csum 0x2d
v8b899c12
~ld


6.01
 0h00:04.471 2022/01/05T13:14:01z: DS3231
 0h00:04.486 2022/01/05T13:14:01z: BME280 (0x76)
 0h00:04.500 2022/01/05T13:14:01z: 84:f3:eb:7d:7:a8
 0h00:04.502 2022/01/05T13:14:01z: SSID: MU Open
 0h00:04.507 2022/01/05T13:14:01z: AP_STAR tmr
 ets Jan  8 2013,rst cause:4, boot mode:(3,7)

wdt reset
load 0x4010f000, len 1384, room 16 
tail 8
chksum 0x2d
csum 0x2d
v8b899c12
~ld


6.01
 0h00:04.704 2022/01/05T13:34:02z: DS3231
 0h00:04.720 2022/01/05T13:34:02z: BME280 (0x76)
 0h00:04.734 2022/01/05T13:34:02z: 84:f3:eb:7d:7:a8
 0h00:04.735 2022/01/05T13:34:02z: SSID: MU Open
 0h00:04.741 2022/01/05T13:34:02z: AP_STAR tmr
 ets Jan  8 2013,rst cause:4, boot mode:(3,7)

wdt reset
load 0x4010f000, len 1384, room 16 
tail 8
chksum 0x2d
csum 0x2d
v8b899c12
~ld


6.01
 0h00:04.688 2022/01/05T13:54:03z: DS3231
 0h00:04.703 2022/01/05T13:54:03z: BME280 (0x76)
 0h00:04.717 2022/01/05T13:54:03z: 84:f3:eb:7d:7:a8
 0h00:04.719 2022/01/05T13:54:03z: SSID: MU Open
 0h00:04.724 2022/01/05T13:54:03z: AP_STAR tmr
 ets Jan  8 2013,rst cause:4, boot mode:(3,7)

wdt reset
load 0x4010f000, len 1384, room 16 
tail 8
chksum 0x2d
csum 0x2d
v8b899c12
~ld


6.01
 0h00:04.420 2022/01/05T14:14:04z: DS3231
 0h00:04.436 2022/01/05T14:14:04z: BME280 (0x76)
 0h00:04.450 2022/01/05T14:14:04z: 84:f3:eb:7d:7:a8
 0h00:04.451 2022/01/05T14:14:04z: SSID: MU Open
 0h00:04.457 2022/01/05T14:14:04z: AP_STAR tmr
 ets Jan  8 2013,rst cause:4, boot mode:(3,7)

wdt reset
load 0x4010f000, len 1384, room 16 
tail 8
chksum 0x2d
csum 0x2d
v8b899c12
~ld


6.01
 0h00:04.585 2022/01/05T14:34:04z: DS3231
 0h00:04.601 2022/01/05T14:34:04z: BME280 (0x76)
 0h00:04.615 2022/01/05T14:34:04z: 84:f3:eb:7d:7:a8
 0h00:04.616 2022/01/05T14:34:04z: SSID: MU Open
 0h00:04.622 2022/01/05T14:34:04z: AP_STAR tmr
 ets Jan  8 2013,rst cause:4, boot mode:(3,7)

wdt reset
load 0x4010f000, len 1384, room 16 
tail 8
chksum 0x2d
csum 0x2d
v8b899c12
~ld


6.01
 0h00:04.539 2022/01/05T14:54:05z: DS3231
 0h00:04.554 2022/01/05T14:54:05z: BME280 (0x76)
 0h00:04.568 2022/01/05T14:54:05z: 84:f3:eb:7d:7:a8
 0h00:04.570 2022/01/05T14:54:05z: SSID: MU Open
 0h00:04.575 2022/01/05T14:54:05z: AP_STAR tmr
 ets Jan  8 2013,rst cause:4, boot mode:(3,7)

wdt reset
load 0x4010f000, len 1384, room 16 
tail 8
chksum 0x2d
csum 0x2d
v8b899c12
~ld


6.01
 0h00:04.481 2022/01/05T15:14:06z: DS3231
 0h00:04.497 2022/01/05T15:14:06z: BME280 (0x76)
 0h00:04.511 2022/01/05T15:14:06z: 84:f3:eb:7d:7:a8
 0h00:04.513 2022/01/05T15:14:06z: SSID: MU Open
 0h00:04.518 2022/01/05T15:14:06z: AP_STAR tmr
 ets Jan  8 2013,rst cause:4, boot mode:(3,7)

wdt reset
load 0x4010f000, len 1384, room 16 
tail 8
chksum 0x2d
csum 0x2d
v8b899c12
~ld


6.01
 0h00:04.676 2022/01/05T15:34:06z: DS3231
 0h00:04.691 2022/01/05T15:34:06z: BME280 (0x76)
 0h00:04.706 2022/01/05T15:34:06z: 84:f3:eb:7d:7:a8
 0h00:04.707 2022/01/05T15:34:06z: SSID: MU Open
 0h00:04.712 2022/01/05T15:34:06z: AP_STAR tmr
 ets Jan  8 2013,rst cause:4, boot mode:(3,7)

wdt reset
load 0x4010f000, len 1384, room 16 
tail 8
chksum 0x2d
csum 0x2d
v8b899c12
~ld


6.01
 0h00:04.663 2022/01/05T15:54:07z: DS3231
 0h00:04.679 2022/01/05T15:54:07z: BME280 (0x76)
 0h00:04.693 2022/01/05T15:54:07z: 84:f3:eb:7d:7:a8
 0h00:04.694 2022/01/05T15:54:07z: SSID: MU Open
 0h00:04.700 2022/01/05T15:54:07z: AP_STAR tmr
 ets Jan  8 2013,rst cause:4, boot mode:(3,7)

wdt reset
load 0x4010f000, len 1384, room 16 
tail 8
chksum 0x2d
csum 0x2d
v8b899c12
~ld


6.01
 0h00:04.689 2022/01/05T16:14:08z: DS3231
 0h00:04.705 2022/01/05T16:14:08z: BME280 (0x76)
 0h00:04.719 2022/01/05T16:14:08z: 84:f3:eb:7d:7:a8
 0h00:04.721 2022/01/05T16:14:08z: SSID: MU Open
 0h00:04.726 2022/01/05T16:14:08z: AP_STAR tmr
 ets Jan  8 2013,rst cause:4, boot mode:(3,7)

wdt reset
load 0x4010f000, len 1384, room 16 
tail 8
chksum 0x2d
csum 0x2d
v8b899c12
~ld


6.01
 0h00:04.673 2022/01/05T16:34:09z: DS3231
 0h00:04.689 2022/01/05T16:34:09z: BME280 (0x76)
 0h00:04.703 2022/01/05T16:34:09z: 84:f3:eb:7d:7:a8
 0h00:04.704 2022/01/05T16:34:09z: SSID: MU Open
 0h00:04.710 2022/01/05T16:34:09z: AP_STAR tmr
 ets Jan  8 2013,rst cause:4, boot mode:(3,7)

wdt reset
load 0x4010f000, len 1384, room 16 
tail 8
chksum 0x2d
csum 0x2d
v8b899c12
~ld


6.01
 0h00:04.505 2022/01/05T16:54:10z: DS3231
 0h00:04.520 2022/01/05T16:54:10z: BME280 (0x76)
 0h00:04.534 2022/01/05T16:54:10z: 84:f3:eb:7d:7:a8
 0h00:04.536 2022/01/05T16:54:10z: SSID: MU Open
 0h00:04.541 2022/01/05T16:54:10z: AP_STAR tmr
 ets Jan  8 2013,rst cause:4, boot mode:(3,7)

wdt reset
load 0x4010f000, len 1384, room 16 
tail 8
chksum 0x2d
csum 0x2d
v8b899c12
~ld


6.01
 0h00:04.436 2022/01/05T17:14:11z: DS3231
 0h00:04.452 2022/01/05T17:14:11z: BME280 (0x76)
 0h00:04.466 2022/01/05T17:14:11z: 84:f3:eb:7d:7:a8
 0h00:04.468 2022/01/05T17:14:11z: SSID: MU Open
 0h00:04.473 2022/01/05T17:14:11z: AP_STAR tmr
 ets Jan  8 2013,rst cause:4, boot mode:(3,7)

wdt reset
load 0x4010f000, len 1384, room 16 
tail 8
chksum 0x2d
csum 0x2d
v8b899c12
~ld


6.01
 0h00:04.426 2022/01/05T17:34:11z: DS3231
 0h00:04.442 2022/01/05T17:34:11z: BME280 (0x76)
 0h00:04.456 2022/01/05T17:34:12z: 84:f3:eb:7d:7:a8
 0h00:04.457 2022/01/05T17:34:12z: SSID: MU Open
 0h00:04.463 2022/01/05T17:34:12z: AP_STAR tmr
 ets Jan  8 2013,rst cause:4, boot mode:(3,7)

wdt reset
load 0x4010f000, len 1384, room 16 
tail 8
chksum 0x2d
csum 0x2d
v8b899c12
~ld


6.01
 0h00:04.567 2022/01/05T17:54:12z: DS3231
 0h00:04.582 2022/01/05T17:54:12z: BME280 (0x76)
 0h00:04.596 2022/01/05T17:54:12z: 84:f3:eb:7d:7:a8
 0h00:04.598 2022/01/05T17:54:12z: SSID: MU Open
 0h00:04.603 2022/01/05T17:54:12z: AP_STAR tmr
 ets Jan  8 2013,rst cause:4, boot mode:(3,7)

wdt reset
load 0x4010f000, len 1384, room 16 
tail 8
chksum 0x2d
csum 0x2d
v8b899c12
~ld


6.01
 0h00:04.298 2022/01/05T18:14:13z: DS3231
 0h00:04.314 2022/01/05T18:14:13z: BME280 (0x76)
 0h00:04.328 2022/01/05T18:14:13z: 84:f3:eb:7d:7:a8
 0h00:04.330 2022/01/05T18:14:13z: SSID: MU Open
 0h00:04.335 2022/01/05T18:14:13z: AP_STAR tmr
 ets Jan  8 2013,rst cause:4, boot mode:(3,7)

wdt reset
load 0x4010f000, len 1384, room 16 
tail 8
chksum 0x2d
csum 0x2d
v8b899c12
~ld


6.01
 0h00:04.643 2022/01/05T18:34:14z: DS3231
 0h00:04.658 2022/01/05T18:34:14z: BME280 (0x76)
 0h00:04.673 2022/01/05T18:34:14z: 84:f3:eb:7d:7:a8
 0h00:04.674 2022/01/05T18:34:14z: SSID: MU Open
 0h00:04.679 2022/01/05T18:34:14z: AP_STAR tmr
 ets Jan  8 2013,rst cause:4, boot mode:(3,7)

wdt reset
load 0x4010f000, len 1384, room 16 
tail 8
chksum 0x2d
csum 0x2d
v8b899c12
~ld


6.01
 0h00:04.398 2022/01/05T18:54:14z: DS3231
 0h00:04.413 2022/01/05T18:54:14z: BME280 (0x76)
 0h00:04.427 2022/01/05T18:54:14z: 84:f3:eb:7d:7:a8
 0h00:04.429 2022/01/05T18:54:14z: SSID: MU Open
 0h00:04.434 2022/01/05T18:54:14z: AP_STAR tmr
 ets Jan  8 2013,rst cause:4, boot mode:(3,7)

wdt reset
load 0x4010f000, len 1384, room 16 
tail 8
chksum 0x2d
csum 0x2d
v8b899c12
~ld


6.01
 0h00:04.585 2022/01/05T19:14:14z: DS3231
 0h00:04.600 2022/01/05T19:14:14z: BME280 (0x76)
 0h00:04.615 2022/01/05T19:14:14z: 84:f3:eb:7d:7:a8
 0h00:04.616 2022/01/05T19:14:14z: SSID: MU Open
 0h00:04.621 2022/01/05T19:14:14z: AP_STAR tmr
 ets Jan  8 2013,rst cause:4, boot mode:(3,7)

wdt reset
load 0x4010f000, len 1384, room 16 
tail 8
chksum 0x2d
csum 0x2d
v8b899c12
~ld


6.01
 0h00:04.568 2022/01/05T19:34:14z: DS3231
 0h00:04.584 2022/01/05T19:34:14z: BME280 (0x76)
 0h00:04.598 2022/01/05T19:34:14z: 84:f3:eb:7d:7:a8
 0h00:04.600 2022/01/05T19:34:14z: SSID: MU Open
 0h00:04.605 2022/01/05T19:34:14z: AP_STAR tmr
 ets Jan  8 2013,rst cause:4, boot mode:(3,7)

wdt reset
load 0x4010f000, len 1384, room 16 
tail 8
chksum 0x2d
csum 0x2d
v8b899c12
~ld


6.01
 0h00:04.457 2022/01/05T19:54:15z: DS3231
 0h00:04.472 2022/01/05T19:54:15z: BME280 (0x76)
 0h00:04.486 2022/01/05T19:54:15z: 84:f3:eb:7d:7:a8
 0h00:04.488 2022/01/05T19:54:15z: SSID: MU Open
 0h00:04.493 2022/01/05T19:54:15z: AP_STAR tmr
 ets Jan  8 2013,rst cause:4, boot mode:(3,7)

wdt reset
load 0x4010f000, len 1384, room 16 
tail 8
chksum 0x2d
csum 0x2d
v8b899c12
~ld


6.01
 0h00:04.624 2022/01/05T20:14:16z: DS3231
 0h00:04.639 2022/01/05T20:14:16z: BME280 (0x76)
 0h00:04.654 2022/01/05T20:14:16z: 84:f3:eb:7d:7:a8
 0h00:04.655 2022/01/05T20:14:16z: SSID: MU Open
 0h00:04.660 2022/01/05T20:14:16z: AP_STAR tmr
 ets Jan  8 2013,rst cause:4, boot mode:(3,7)

wdt reset
load 0x4010f000, len 1384, room 16 
tail 8
chksum 0x2d
csum 0x2d
v8b899c12
~ld


6.01
 0h00:04.559 2022/01/05T20:34:17z: DS3231
 0h00:04.574 2022/01/05T20:34:17z: BME280 (0x76)
 0h00:04.588 2022/01/05T20:34:17z: 84:f3:eb:7d:7:a8
 0h00:04.590 2022/01/05T20:34:17z: SSID: MU Open
 0h00:04.595 2022/01/05T20:34:17z: AP_STAR tmr
 ets Jan  8 2013,rst cause:4, boot mode:(3,7)

wdt reset
load 0x4010f000, len 1384, room 16 
tail 8
chksum 0x2d
csum 0x2d
v8b899c12
~ld


6.01
 0h00:04.589 2022/01/05T20:54:17z: DS3231
 0h00:04.604 2022/01/05T20:54:17z: BME280 (0x76)
 0h00:04.619 2022/01/05T20:54:17z: 84:f3:eb:7d:7:a8
 0h00:04.620 2022/01/05T20:54:17z: SSID: MU Open
 0h00:04.625 2022/01/05T20:54:17z: AP_STAR tmr
 ets Jan  8 2013,rst cause:4, boot mode:(3,7)

wdt reset
load 0x4010f000, len 1384, room 16 
tail 8
chksum 0x2d
csum 0x2d
v8b899c12
~ld


6.01
 0h00:04.579 2022/01/05T21:14:18z: DS3231
 0h00:04.595 2022/01/05T21:14:18z: BME280 (0x76)
 0h00:04.609 2022/01/05T21:14:18z: 84:f3:eb:7d:7:a8
 0h00:04.610 2022/01/05T21:14:18z: SSID: MU Open
 0h00:04.616 2022/01/05T21:14:18z: AP_STAR tmr
 ets Jan  8 2013,rst cause:4, boot mode:(3,7)

wdt reset
load 0x4010f000, len 1384, room 16 
tail 8
chksum 0x2d
csum 0x2d
v8b899c12
~ld


6.01
 0h00:04.595 2022/01/05T21:34:18z: DS3231
 0h00:04.610 2022/01/05T21:34:18z: BME280 (0x76)
 0h00:04.625 2022/01/05T21:34:18z: 84:f3:eb:7d:7:a8
 0h00:04.626 2022/01/05T21:34:18z: SSID: MU Open
 0h00:04.631 2022/01/05T21:34:18z: AP_STAR tmr
 ets Jan  8 2013,rst cause:4, boot mode:(3,7)

wdt reset
load 0x4010f000, len 1384, room 16 
tail 8
chksum 0x2d
csum 0x2d
v8b899c12
~ld


6.01
 0h00:04.460 2022/01/05T21:54:18z: DS3231
 0h00:04.475 2022/01/05T21:54:18z: BME280 (0x76)
 0h00:04.489 2022/01/05T21:54:18z: 84:f3:eb:7d:7:a8
 0h00:04.491 2022/01/05T21:54:18z: SSID: MU Open
 0h00:04.496 2022/01/05T21:54:18z: AP_STAR tmr
 ets Jan  8 2013,rst cause:4, boot mode:(3,7)

wdt reset
load 0x4010f000, len 1384, room 16 
tail 8
chksum 0x2d
csum 0x2d
v8b899c12
~ld


6.01
 0h00:04.453 2022/01/05T22:14:19z: DS3231
 0h00:04.468 2022/01/05T22:14:19z: BME280 (0x76)
 0h00:04.483 2022/01/05T22:14:19z: 84:f3:eb:7d:7:a8
 0h00:04.484 2022/01/05T22:14:19z: SSID: MU Open
 0h00:04.489 2022/01/05T22:14:19z: AP_STAR tmr
 ets Jan  8 2013,rst cause:4, boot mode:(3,7)

wdt reset
load 0x4010f000, len 1384, room 16 
tail 8
chksum 0x2d
csum 0x2d
v8b899c12
~ld


6.01
 0h00:04.565 2022/01/05T22:34:20z: DS3231
 0h00:04.581 2022/01/05T22:34:20z: BME280 (0x76)
 0h00:04.595 2022/01/05T22:34:20z: 84:f3:eb:7d:7:a8
 0h00:04.597 2022/01/05T22:34:20z: SSID: MU Open
 0h00:04.602 2022/01/05T22:34:20z: AP_STAR tmr
 ets Jan  8 2013,rst cause:4, boot mode:(3,7)

wdt reset
load 0x4010f000, len 1384, room 16 
tail 8
chksum 0x2d
csum 0x2d
v8b899c12
~ld


6.01
 0h00:04.427 2022/01/05T22:54:21z: DS3231
 0h00:04.442 2022/01/05T22:54:21z: BME280 (0x76)
 0h00:04.456 2022/01/05T22:54:21z: 84:f3:eb:7d:7:a8
 0h00:04.458 2022/01/05T22:54:21z: SSID: MU Open
 0h00:04.463 2022/01/05T22:54:21z: AP_STAR tmr
 ets Jan  8 2013,rst cause:4, boot mode:(3,7)

wdt reset
load 0x4010f000, len 1384, room 16 
tail 8
chksum 0x2d
csum 0x2d
v8b899c12
~ld


6.01
 0h00:04.610 2022/01/05T23:14:23z: DS3231
 0h00:04.625 2022/01/05T23:14:23z: BME280 (0x76)
 0h00:04.639 2022/01/05T23:14:23z: 84:f3:eb:7d:7:a8
 0h00:04.641 2022/01/05T23:14:23z: SSID: MU Open
 0h00:04.646 2022/01/05T23:14:23z: AP_STAR tmr
 ets Jan  8 2013,rst cause:4, boot mode:(3,7)

wdt reset
load 0x4010f000, len 1384, room 16 
tail 8
chksum 0x2d
csum 0x2d
v8b899c12
~ld


6.01
 0h00:04.645 2022/01/05T23:34:24z: DS3231
 0h00:04.661 2022/01/05T23:34:24z: BME280 (0x76)
 0h00:04.675 2022/01/05T23:34:24z: 84:f3:eb:7d:7:a8
 0h00:04.677 2022/01/05T23:34:24z: SSID: MU Open
 0h00:04.682 2022/01/05T23:34:24z: AP_STAR tmr
 ets Jan  8 2013,rst cause:4, boot mode:(3,7)

wdt reset
load 0x4010f000, len 1384, room 16 
tail 8
chksum 0x2d
csum 0x2d
v8b899c12
~ld


6.01
 0h00:04.657 2022/01/05T23:54:25z: DS3231
 0h00:04.673 2022/01/05T23:54:25z: BME280 (0x76)
 0h00:04.687 2022/01/05T23:54:25z: 84:f3:eb:7d:7:a8
 0h00:04.689 2022/01/05T23:54:25z: SSID: MU Open
 0h00:04.694 2022/01/05T23:54:25z: AP_STA