R tmr
 ets Jan  8 2013,rst cause:4, boot mode:(3,7)

wdt reset
load 0x4010f000, len 1384, room 16 
tail 8
chksum 0x2d
csum 0x2d
v8b899c12
~ld


6.01
 0h00:05.521 2022/09/27T00:15:32z: DS3231
 0h00:05.537 2022/09/27T00:15:32z: BME280 (0x76)
 0h00:05.551 2022/09/27T00:15:32z: 84:f3:eb:7d:7:a8
 0h00:05.552 2022/09/27T00:15:32z: SSID: MU Open
 0h00:05.558 2022/09/27T00:15:32z: AP_STAR tmr
 ets Jan  8 2013,rst cause:4, boot mode:(3,7)

wdt reset
load 0x4010f000, len 1384, room 16 
tail 8
chksum 0x2d
csum 0x2d
v8b899c12
~ld


6.01
 0h00:05.384 2022/09/27T00:35:38z: DS3231
 0h00:05.400 2022/09/27T00:35:38z: BME280 (0x76)
 0h00:05.414 2022/09/27T00:35:38z: 84:f3:eb:7d:7:a8
 0h00:05.416 2022/09/27T00:35:38z: SSID: MU Open
 0h00:05.421 2022/09/27T00:35:38z: AP_STAR tmr
 ets Jan  8 2013,rst cause:4, boot mode:(3,7)

wdt reset
load 0x4010f000, len 1384, room 16 
tail 8
chksum 0x2d
csum 0x2d
v8b899c12
~ld


6.01
 0h00:05.759 2022/09/27T00:55:43z: DS3231
 0h00:05.774 2022/09/27T00:55:43z: BME280 (0x76)
 0h00:05.788 2022/09/27T00:55:43z: 84:f3:eb:7d:7:a8
 0h00:05.790 2022/09/27T00:55:43z: SSID: MU Open
 0h00:05.795 2022/09/27T00:55:43z: AP_STAR tmr
 ets Jan  8 2013,rst cause:4, boot mode:(3,7)

wdt reset
load 0x4010f000, len 1384, room 16 
tail 8
chksum 0x2d
csum 0x2d
v8b899c12
~ld


6.01
 0h00:05.870 2022/09/27T01:15:49z: DS3231
 0h00:05.885 2022/09/27T01:15:49z: BME280 (0x76)
 0h00:05.899 2022/09/27T01:15:49z: 84:f3:eb:7d:7:a8
 0h00:05.901 2022/09/27T01:15:49z: SSID: MU Open
 0h00:05.906 2022/09/27T01:15:49z: AP_STAR tmr
 ets Jan  8 2013,rst cause:4, boot mode:(3,7)

wdt reset
load 0x4010f000, len 1384, room 16 
tail 8
chksum 0x2d
csum 0x2d
v8b899c12
~ld


6.01
 0h00:05.819 2022/09/27T01:35:55z: DS3231
 0h00:05.834 2022/09/27T01:35:55z: BME280 (0x76)
 0h00:05.848 2022/09/27T01:35:55z: 84:f3:eb:7d:7:a8
 0h00:05.850 2022/09/27T01:35:55z: SSID: MU Open
 0h00:05.855 2022/09/27T01:35:55z: AP_STAR tmr
 ets Jan  8 2013,rst cause:4, boot mode:(3,7)

wdt reset
load 0x4010f000, len 1384, room 16 
tail 8
chksum 0x2d
csum 0x2d
v8b899c12
~ld


6.01
 0h00:05.091 2022/09/27T01:55:59z: DS3231
 0h00:05.107 2022/09/27T01:55:59z: BME280 (0x76)
 0h00:05.121 2022/09/27T01:55:59z: 84:f3:eb:7d:7:a8
 0h00:05.122 2022/09/27T01:55:59z: SSID: MU Open
 0h00:05.128 2022/09/27T01:55:59z: AP_STAR tmr
 ets Jan  8 2013,rst cause:4, boot mode:(3,7)

wdt reset
load 0x4010f000, len 1384, room 16 
tail 8
chksum 0x2d
csum 0x2d
v8b899c12
~ld


6.01
 0h00:05.621 2022/09/27T02:16:05z: DS3231
 0h00:05.636 2022/09/27T02:16:05z: BME280 (0x76)
 0h00:05.650 2022/09/27T02:16:05z: 84:f3:eb:7d:7:a8
 0h00:05.652 2022/09/27T02:16:05z: SSID: MU Open
 0h00:05.657 2022/09/27T02:16:05z: AP_STAR tmr
 ets Jan  8 2013,rst cause:4, boot mode:(3,7)

wdt reset
load 0x4010f000, len 1384, room 16 
tail 8
chksum 0x2d
csum 0x2d
v8b899c12
~ld


6.01
 0h00:05.614 2022/09/27T02:36:10z: DS3231
 0h00:05.630 2022/09/27T02:36:10z: BME280 (0x76)
 0h00:05.644 2022/09/27T02:36:10z: 84:f3:eb:7d:7:a8
 0h00:05.646 2022/09/27T02:36:10z: SSID: MU Open
 0h00:05.651 2022/09/27T02:36:10z: AP_STAR tmr
 ets Jan  8 2013,rst cause:4, boot mode:(3,7)

wdt reset
load 0x4010f000, len 1384, room 16 
tail 8
chksum 0x2d
csum 0x2d
v8b899c12
~ld


6.01
 0h00:05.638 2022/09/27T02:56:15z: DS3231
 0h00:05.653 2022/09/27T02:56:15z: BME280 (0x76)
 0h00:05.668 2022/09/27T02:56:15z: 84:f3:eb:7d:7:a8
 0h00:05.669 2022/09/27T02:56:15z: SSID: MU Open
 0h00:05.674 2022/09/27T02:56:15z: AP_STAR tmr
 ets Jan  8 2013,rst cause:4, boot mode:(3,7)

wdt reset
load 0x4010f000, len 1384, room 16 
tail 8
chksum 0x2d
csum 0x2d
v8b899c12
~ld


6.01
 0h00:05.173 2022/09/27T03:16:20z: DS3231
 0h00:05.189 2022/09/27T03:16:20z: BME280 (0x76)
 0h00:05.203 2022/09/27T03:16:20z: 84:f3:eb:7d:7:a8
 0h00:05.205 2022/09/27T03:16:20z: SSID: MU Open
 0h00:05.210 2022/09/27T03:16:20z: AP_STAR tmr
 ets Jan  8 2013,rst cause:4, boot mode:(3,7)

wdt reset
load 0x4010f000, len 1384, room 16 
tail 8
chksum 0x2d
csum 0x2d
v8b899c12
~ld


6.01
 0h00:05.364 2022/09/27T03:36:25z: DS3231
 0h00:05.379 2022/09/27T03:36:25z: BME280 (0x76)
 0h00:05.393 2022/09/27T03:36:25z: 84:f3:eb:7d:7:a8
 0h00:05.395 2022/09/27T03:36:25z: SSID: MU Open
 0h00:05.400 2022/09/27T03:36:25z: AP_STAR tmr
 ets Jan  8 2013,rst cause:4, boot mode:(3,7)

wdt reset
load 0x4010f000, len 1384, room 16 
tail 8
chksum 0x2d
csum 0x2d
v8b899c12
~ld


6.01
 0h00:05.412 2022/09/27T03:56:31z: DS3231
 0h00:05.428 2022/09/27T03:56:31z: BME280 (0x76)
 0h00:05.442 2022/09/27T03:56:31z: 84:f3:eb:7d:7:a8
 0h00:05.444 2022/09/27T03:56:31z: SSID: MU Open
 0h00:05.449 2022/09/27T03:56:31z: AP_STAR tmr
 ets Jan  8 2013,rst cause:4, boot mode:(3,7)

wdt reset
load 0x4010f000, len 1384, room 16 
tail 8
chksum 0x2d
csum 0x2d
v8b899c12
~ld


6.01
 0h00:05.236 2022/09/27T04:16:35z: DS3231
 0h00:05.251 2022/09/27T04:16:35z: BME280 (0x76)
 0h00:05.265 2022/09/27T04:16:35z: 84:f3:eb:7d:7:a8
 0h00:05.267 2022/09/27T04:16:35z: SSID: MU Open
 0h00:05.272 2022/09/27T04:16:35z: AP_STAR tmr
 ets Jan  8 2013,rst cause:4, boot mode:(3,7)

wdt reset
load 0x4010f000, len 1384, room 16 
tail 8
chksum 0x2d
csum 0x2d
v8b899c12
~ld


6.01
 0h00:05.407 2022/09/27T04:36:40z: DS3231
 0h00:05.422 2022/09/27T04:36:40z: BME280 (0x76)
 0h00:05.437 2022/09/27T04:36:40z: 84:f3:eb:7d:7:a8
 0h00:05.438 2022/09/27T04:36:40z: SSID: MU Open
 0h00:05.444 2022/09/27T04:36:40z: AP_STAR tmr
 ets Jan  8 2013,rst cause:4, boot mode:(3,7)

wdt reset
load 0x4010f000, len 1384, room 16 
tail 8
chksum 0x2d
csum 0x2d
v8b899c12
~ld


6.01
 0h00:05.390 2022/09/27T04:56:45z: DS3231
 0h00:05.405 2022/09/27T04:56:45z: BME280 (0x76)
 0h00:05.419 2022/09/27T04:56:45z: 84:f3:eb:7d:7:a8
 0h00:05.421 2022/09/27T04:56:45z: SSID: MU Open
 0h00:05.426 2022/09/27T04:56:45z: AP_STAR tmr
 ets Jan  8 2013,rst cause:4, boot mode:(3,7)

wdt reset
load 0x4010f000, len 1384, room 16 
tail 8
chksum 0x2d
csum 0x2d
v8b899c12
~ld


6.01
 0h00:05.033 2022/09/27T05:16:49z: DS3231
 0h00:05.048 2022/09/27T05:16:49z: BME280 (0x76)
 0h00:05.062 2022/09/27T05:16:49z: 84:f3:eb:7d:7:a8
 0h00:05.064 2022/09/27T05:16:49z: SSID: MU Open
 0h00:05.069 2022/09/27T05:16:49z: AP_STAR tmr
 ets Jan  8 2013,rst cause:4, boot mode:(3,7)

wdt reset
load 0x4010f000, len 1384, room 16 
tail 8
chksum 0x2d
csum 0x2d
v8b899c12
~ld


6.01
 0h00:05.318 2022/09/27T05:36:55z: DS3231
 0h00:05.333 2022/09/27T05:36:55z: BME280 (0x76)
 0h00:05.347 2022/09/27T05:36:55z: 84:f3:eb:7d:7:a8
 0h00:05.349 2022/09/27T05:36:55z: SSID: MU Open
 0h00:05.354 2022/09/27T05:36:55z: AP_STAR tmr
 ets Jan  8 2013,rst cause:4, boot mode:(3,7)

wdt reset
load 0x4010f000, len 1384, room 16 
tail 8
chksum 0x2d
csum 0x2d
v8b899c12
~ld


6.01
 0h00:05.071 2022/09/27T05:56:59z: DS3231
 0h00:05.086 2022/09/27T05:56:59z: BME280 (0x76)
 0h00:05.100 2022/09/27T05:56:59z: 84:f3:eb:7d:7:a8
 0h00:05.102 2022/09/27T05:56:59z: SSID: MU Open
 0h00:05.107 2022/09/27T05:56:59z: AP_STAR tmr
 ets Jan  8 2013,rst cause:4, boot mode:(3,7)

wdt reset
load 0x4010f000, len 1384, room 16 
tail 8
chksum 0x2d
csum 0x2d
v8b899c12
~ld


6.01
 0h00:05.156 2022/09/27T06:17:05z: DS3231
 0h00:05.172 2022/09/27T06:17:05z: BME280 (0x76)
 0h00:05.186 2022/09/27T06:17:05z: 84:f3:eb:7d:7:a8
 0h00:05.188 2022/09/27T06:17:05z: SSID: MU Open
 0h00:05.193 2022/09/27T06:17:05z: AP_STAR tmr
 ets Jan  8 2013,rst cause:4, boot mode:(3,7)

wdt reset
load 0x4010f000, len 1384, room 16 
tail 8
chksum 0x2d
csum 0x2d
v8b899c12
~ld


6.01
 0h00:05.498 2022/09/27T06:37:09z: DS3231
 0h00:05.514 2022/09/27T06:37:09z: BME280 (0x76)
 0h00:05.528 2022/09/27T06:37:09z: 84:f3:eb:7d:7:a8
 0h00:05.530 2022/09/27T06:37:09z: SSID: MU Open
 0h00:05.535 2022/09/27T06:37:09z: AP_STAR tmr
 ets Jan  8 2013,rst cause:4, boot mode:(3,7)

wdt reset
load 0x4010f000, len 1384, room 16 
tail 8
chksum 0x2d
csum 0x2d
v8b899c12
~ld


6.01
 0h00:04.878 2022/09/27T06:57:14z: DS3231
 0h00:04.893 2022/09/27T06:57:14z: BME280 (0x76)
 0h00:04.908 2022/09/27T06:57:14z: 84:f3:eb:7d:7:a8
 0h00:04.909 2022/09/27T06:57:14z: SSID: MU Open
 0h00:04.914 2022/09/27T06:57:14z: AP_STAR tmr
 ets Jan  8 2013,rst cause:4, boot mode:(3,7)

wdt reset
load 0x4010f000, len 1384, room 16 
tail 8
chksum 0x2d
csum 0x2d
v8b899c12
~ld


6.01
 0h00:05.451 2022/09/27T07:17:19z: DS3231
 0h00:05.467 2022/09/27T07:17:19z: BME280 (0x76)
 0h00:05.481 2022/09/27T07:17:19z: 84:f3:eb:7d:7:a8
 0h00:05.482 2022/09/27T07:17:19z: SSID: MU Open
 0h00:05.488 2022/09/27T07:17:19z: AP_STAR tmr
 ets Jan  8 2013,rst cause:4, boot mode:(3,7)

wdt reset
load 0x4010f000, len 1384, room 16 
tail 8
chksum 0x2d
csum 0x2d
v8b899c12
~ld


6.01
 0h00:05.401 2022/09/27T07:37:25z: DS3231
 0h00:05.416 2022/09/27T07:37:25z: BME280 (0x76)
 0h00:05.430 2022/09/27T07:37:25z: 84:f3:eb:7d:7:a8
 0h00:05.432 2022/09/27T07:37:25z: SSID: MU Open
 0h00:05.437 2022/09/27T07:37:25z: AP_STAR tmr
 ets Jan  8 2013,rst cause:4, boot mode:(3,7)

wdt reset
load 0x4010f000, len 1384, room 16 
tail 8
chksum 0x2d
csum 0x2d
v8b899c12
~ld


6.01
 0h00:05.400 2022/09/27T07:57:29z: DS3231
 0h00:05.415 2022/09/27T07:57:29z: BME280 (0x76)
 0h00:05.430 2022/09/27T07:57:29z: 84:f3:eb:7d:7:a8
 0h00:05.431 2022/09/27T07:57:29z: SSID: MU Open
 0h00:05.436 2022/09/27T07:57:29z: AP_STAR tmr
 ets Jan  8 2013,rst cause:4, boot mode:(3,7)

wdt reset
load 0x4010f000, len 1384, room 16 
tail 8
chksum 0x2d
csum 0x2d
v8b899c12
~ld


6.01
 0h00:05.484 2022/09/27T08:17:34z: DS3231
 0h00:05.500 2022/09/27T08:17:34z: BME280 (0x76)
 0h00:05.514 2022/09/27T08:17:34z: 84:f3:eb:7d:7:a8
 0h00:05.516 2022/09/27T08:17:34z: SSID: MU Open
 0h00:05.521 2022/09/27T08:17:34z: AP_STAR tmr
 ets Jan  8 2013,rst cause:4, boot mode:(3,7)

wdt reset
load 0x4010f000, len 1384, room 16 
tail 8
chksum 0x2d
csum 0x2d
v8b899c12
~ld


6.01
 0h00:05.211 2022/09/27T08:37:39z: DS3231
 0h00:05.226 2022/09/27T08:37:39z: BME280 (0x76)
 0h00:05.240 2022/09/27T08:37:39z: 84:f3:eb:7d:7:a8
 0h00:05.242 2022/09/27T08:37:39z: SSID: MU Open
 0h00:05.247 2022/09/27T08:37:39z: AP_STAR tmr
 ets Jan  8 2013,rst cause:4, boot mode:(3,7)

wdt reset
load 0x4010f000, len 1384, room 16 
tail 8
chksum 0x2d
csum 0x2d
v8b899c12
~ld


6.01
 0h00:05.557 2022/09/27T08:57:45z: DS3231
 0h00:05.572 2022/09/27T08:57:45z: BME280 (0x76)
 0h00:05.586 2022/09/27T08:57:45z: 84:f3:eb:7d:7:a8
 0h00:05.588 2022/09/27T08:57:45z: SSID: MU Open
 0h00:05.593 2022/09/27T08:57:45z: AP_STAR tmr
 ets Jan  8 2013,rst cause:4, boot mode:(3,7)

wdt reset
load 0x4010f000, len 1384, room 16 
tail 8
chksum 0x2d
csum 0x2d
v8b899c12
~ld


6.01
 0h00:05.449 2022/09/27T09:17:50z: DS3231
 0h00:05.465 2022/09/27T09:17:50z: BME280 (0x76)
 0h00:05.479 2022/09/27T09:17:50z: 84:f3:eb:7d:7:a8
 0h00:05.481 2022/09/27T09:17:50z: SSID: MU Open
 0h00:05.486 2022/09/27T09:17:50z: AP_STAR tmr
 ets Jan  8 2013,rst cause:4, boot mode:(3,7)

wdt reset
load 0x4010f000, len 1384, room 16 
tail 8
chksum 0x2d
csum 0x2d
v8b899c12
~ld


6.01
 0h00:05.176 2022/09/27T09:37:55z: DS3231
 0h00:05.191 2022/09/27T09:37:55z: BME280 (0x76)
 0h00:05.205 2022/09/27T09:37:55z: 84:f3:eb:7d:7:a8
 0h00:05.207 2022/09/27T09:37:55z: SSID: MU Open
 0h00:05.212 2022/09/27T09:37:55z: AP_STAR tmr
 ets Jan  8 2013,rst cause:4, boot mode:(3,7)

wdt reset
load 0x4010f000, len 1384, room 16 
tail 8
chksum 0x2d
csum 0x2d
v8b899c12
~ld


6.01
 0h00:05.559 2022/09/27T09:58:00z: DS3231
 0h00:05.575 2022/09/27T09:58:00z: BME280 (0x76)
 0h00:05.589 2022/09/27T09:58:00z: 84:f3:eb:7d:7:a8
 0h00:05.590 2022/09/27T09:58:00z: SSID: MU Open
 0h00:05.596 2022/09/27T09:58:00z: AP_STAR tmr
 ets Jan  8 2013,rst cause:4, boot mode:(3,7)

wdt reset
load 0x4010f000, len 1384, room 16 
tail 8
chksum 0x2d
csum 0x2d
v8b899c12
~ld


6.01
 0h00:05.633 2022/09/27T10:18:06z: DS3231
 0h00:05.648 2022/09/27T10:18:06z: BME280 (0x76)
 0h00:05.662 2022/09/27T10:18:06z: 84:f3:eb:7d:7:a8
 0h00:05.664 2022/09/27T10:18:06z: SSID: MU Open
 0h00:05.669 2022/09/27T10:18:06z: AP_STAR tmr
 ets Jan  8 2013,rst cause:4, boot mode:(3,7)

wdt reset
load 0x4010f000, len 1384, room 16 
tail 8
chksum 0x2d
csum 0x2d
v8b899c12
~ld


6.01
 0h00:05.073 2022/09/27T10:38:11z: DS3231
 0h00:05.088 2022/09/27T10:38:11z: BME280 (0x76)
 0h00:05.102 2022/09/27T10:38:11z: 84:f3:eb:7d:7:a8
 0h00:05.104 2022/09/27T10:38:11z: SSID: MU Open
 0h00:05.109 2022/09/27T10:38:11z: AP_STAR tmr
 ets Jan  8 2013,rst cause:4, boot mode:(3,7)

wdt reset
load 0x4010f000, len 1384, room 16 
tail 8
chksum 0x2d
csum 0x2d
v8b899c12
~ld


6.01
 0h00:05.400 2022/09/27T10:58:16z: DS3231
 0h00:05.415 2022/09/27T10:58:16z: BME280 (0x76)
 0h00:05.429 2022/09/27T10:58:16z: 84:f3:eb:7d:7:a8
 0h00:05.431 2022/09/27T10:58:16z: SSID: MU Open
 0h00:05.436 2022/09/27T10:58:16z: AP_STAR tmr
 ets Jan  8 2013,rst cause:4, boot mode:(3,7)

wdt reset
load 0x4010f000, len 1384, room 16 
tail 8
chksum 0x2d
csum 0x2d
v8b899c12
~ld


6.01
 0h00:05.377 2022/09/27T11:18:22z: DS3231
 0h00:05.392 2022/09/27T11:18:22z: BME280 (0x76)
 0h00:05.406 2022/09/27T11:18:22z: 84:f3:eb:7d:7:a8
 0h00:05.408 2022/09/27T11:18:22z: SSID: MU Open
 0h00:05.413 2022/09/27T11:18:22z: AP_STAR tmr
 ets Jan  8 2013,rst cause:4, boot mode:(3,7)

wdt reset
load 0x4010f000, len 1384, room 16 
tail 8
chksum 0x2d
csum 0x2d
v8b899c12
~ld


6.01
 0h00:05.385 2022/09/27T11:38:27z: DS3231
 0h00:05.400 2022/09/27T11:38:27z: BME280 (0x76)
 0h00:05.414 2022/09/27T11:38:27z: 84:f3:eb:7d:7:a8
 0h00:05.416 2022/09/27T11:38:27z: SSID: MU Open
 0h00:05.421 2022/09/27T11:38:27z: AP_STAR tmr
 ets Jan  8 2013,rst cause:4, boot mode:(3,7)

wdt reset
load 0x4010f000, len 1384, room 16 
tail 8
chksum 0x2d
csum 0x2d
v8b899c12
~ld


6.01
 0h00:05.440 2022/09/27T11:58:32z: DS3231
 0h00:05.456 2022/09/27T11:58:32z: BME280 (0x76)
 0h00:05.470 2022/09/27T11:58:32z: 84:f3:eb:7d:7:a8
 0h00:05.471 2022/09/27T11:58:32z: SSID: MU Open
 0h00:05.477 2022/09/27T11:58:32z: AP_STAR tmr
 ets Jan  8 2013,rst cause:4, boot mode:(3,7)

wdt reset
load 0x4010f000, len 1384, room 16 
tail 8
chksum 0x2d
csum 0x2d
v8b899c12
~ld


6.01
 0h00:05.455 2022/09/27T12:18:38z: DS3231
 0h00:05.471 2022/09/27T12:18:38z: BME280 (0x76)
 0h00:05.485 2022/09/27T12:18:38z: 84:f3:eb:7d:7:a8
 0h00:05.487 2022/09/27T12:18:38z: SSID: MU Open
 0h00:05.492 2022/09/27T12:18:38z: AP_STAR tmr
 ets Jan  8 2013,rst cause:4, boot mode:(3,7)

wdt reset
load 0x4010f000, len 1384, room 16 
tail 8
chksum 0x2d
csum 0x2d
v8b899c12
~ld


6.01
 0h00:05.393 2022/09/27T12:38:43z: DS3231
 0h00:05.409 2022/09/27T12:38:43z: BME280 (0x76)
 0h00:05.423 2022/09/27T12:38:43z: 84:f3:eb:7d:7:a8
 0h00:05.425 2022/09/27T12:38:43z: SSID: MU Open
 0h00:05.430 2022/09/27T12:38:43z: AP_STAR tmr
 ets Jan  8 2013,rst cause:4, boot mode:(3,7)

wdt reset
load 0x4010f000, len 1384, room 16 
tail 8
chksum 0x2d
csum 0x2d
v8b899c12
~ld


6.01
 0h00:05.025 2022/09/27T12:58:48z: DS3231
 0h00:05.040 2022/09/27T12:58:48z: BME280 (0x76)
 0h00:05.055 2022/09/27T12:58:48z: 84:f3:eb:7d:7:a8
 0h00:05.056 2022/09/27T12:58:48z: SSID: MU Open
 0h00:05.061 2022/09/27T12:58:48z: AP_STAR tmr
 ets Jan  8 2013,rst cause:4, boot mode:(3,7)

wdt reset
load 0x4010f000, len 1384, room 16 
tail 8
chksum 0x2d
csum 0x2d
v8b899c12
~ld


6.01
 0h00:05.381 2022/09/27T13:18:53z: DS3231
 0h00:05.396 2022/09/27T13:18:53z: BME280 (0x76)
 0h00:05.410 2022/09/27T13:18:53z: 84:f3:eb:7d:7:a8
 0h00:05.412 2022/09/27T13:18:53z: SSID: MU Open
 0h00:05.417 2022/09/27T13:18:53z: AP_STAR tmr
 ets Jan  8 2013,rst cause:4, boot mode:(3,7)

wdt reset
load 0x4010f000, len 1384, room 16 
tail 8
chksum 0x2d
csum 0x2d
v8b899c12
~ld


6.01
 0h00:04.899 2022/09/27T13:38:57z: DS3231
 0h00:04.914 2022/09/27T13:38:57z: BME280 (0x76)
 0h00:04.928 2022/09/27T13:38:57z: 84:f3:eb:7d:7:a8
 0h00:04.930 2022/09/27T13:38:57z: SSID: MU Open
 0h00:04.935 2022/09/27T13:38:57z: AP_STAR tmr
 ets Jan  8 2013,rst cause:4, boot mode:(3,7)

wdt reset
load 0x4010f000, len 1384, room 16 
tail 8
chksum 0x2d
csum 0x2d
v8b899c12
~ld


6.01
 0h00:05.180 2022/09/27T13:59:02z: DS3231
 0h00:05.195 2022/09/27T13:59:02z: BME280 (0x76)
 0h00:05.210 2022/09/27T13:59:02z: 84:f3:eb:7d:7:a8
 0h00:05.211 2022/09/27T13:59:02z: SSID: MU Open
 0h00:05.216 2022/09/27T13:59:02z: AP_STAR tmr
 ets Jan  8 2013,rst cause:4, boot mode:(3,7)

wdt reset
load 0x4010f000, len 1384, room 16 
tail 8
chksum 0x2d
csum 0x2d
v8b899c12
~ld


6.01
 0h00:04.916 2022/09/27T14:19:06z: DS3231
 0h00:04.932 2022/09/27T14:19:06z: BME280 (0x76)
 0h00:04.946 2022/09/27T14:19:06z: 84:f3:eb:7d:7:a8
 0h00:04.947 2022/09/27T14:19:06z: SSID: MU Open
 0h00:04.953 2022/09/27T14:19:06z: AP_STAR tmr
 ets Jan  8 2013,rst cause:4, boot mode:(3,7)

wdt reset
load 0x4010f000, len 1384, room 16 
tail 8
chksum 0x2d
csum 0x2d
v8b899c12
~ld


6.01
 0h00:04.831 2022/09/27T14:39:10z: DS3231
 0h00:04.846 2022/09/27T14:39:10z: BME280 (0x76)
 0h00:04.861 2022/09/27T14:39:10z: 84:f3:eb:7d:7:a8
 0h00:04.862 2022/09/27T14:39:10z: SSID: MU Open
 0h00:04.867 2022/09/27T14:39:10z: AP_STAR tmr
 ets Jan  8 2013,rst cause:4, boot mode:(3,7)

wdt reset
load 0x4010f000, len 1384, room 16 
tail 8
chksum 0x2d
csum 0x2d
v8b899c12
~ld


6.01
 0h00:05.207 2022/09/27T14:59:14z: DS3231
 0h00:05.223 2022/09/27T14:59:14z: BME280 (0x76)
 0h00:05.237 2022/09/27T14:59:14z: 84:f3:eb:7d:7:a8
 0h00:05.239 2022/09/27T14:59:14z: SSID: MU Open
 0h00:05.244 2022/09/27T14:59:14z: AP_STAR tmr
 ets Jan  8 2013,rst cause:4, boot mode:(3,7)

wdt reset
load 0x4010f000, len 1384, room 16 
tail 8
chksum 0x2d
csum 0x2d
v8b899c12
~ld


6.01
 0h00:04.606 2022/09/27T15:19:19z: DS3231
 0h00:04.622 2022/09/27T15:19:19z: BME280 (0x76)
 0h00:04.636 2022/09/27T15:19:19z: 84:f3:eb:7d:7:a8
 0h00:04.637 2022/09/27T15:19:19z: SSID: MU Open
 0h00:04.643 2022/09/27T15:19:19z: AP_STAR tmr
 ets Jan  8 2013,rst cause:4, boot mode:(3,7)

wdt reset
load 0x4010f000, len 1384, room 16 
tail 8
chksum 0x2d
csum 0x2d
v8b899c12
~ld


6.01
 0h00:05.062 2022/09/27T15:39:22z: DS3231
 0h00:05.077 2022/09/27T15:39:22z: BME280 (0x76)
 0h00:05.092 2022/09/27T15:39:22z: 84:f3:eb:7d:7:a8
 0h00:05.093 2022/09/27T15:39:22z: SSID: MU Open
 0h00:05.098 2022/09/27T15:39:22z: AP_STAR tmr
 ets Jan  8 2013,rst cause:4, boot mode:(3,7)

wdt reset
load 0x4010f000, len 1384, room 16 
tail 8
chksum 0x2d
csum 0x2d
v8b899c12
~ld


6.01
 0h00:04.620 2022/09/27T15:59:25z: DS3231
 0h00:04.635 2022/09/27T15:59:25z: BME280 (0x76)
 0h00:04.649 2022/09/27T15:59:25z: 84:f3:eb:7d:7:a8
 0h00:04.651 2022/09/27T15:59:25z: SSID: MU Open
 0h00:04.656 2022/09/27T15:59:25z: AP_STAR tmr
 ets Jan  8 2013,rst cause:4, boot mode:(3,7)

wdt reset
load 0x4010f000, len 1384, room 16 
tail 8
chksum 0x2d
csum 0x2d
v8b899c12
~ld


6.01
 0h00:04.665 2022/09/27T16:19:29z: DS3231
 0h00:04.680 2022/09/27T16:19:29z: BME280 (0x76)
 0h00:04.694 2022/09/27T16:19:29z: 84:f3:eb:7d:7:a8
 0h00:04.696 2022/09/27T16:19:29z: SSID: MU Open
 0h00:04.701 2022/09/27T16:19:29z: AP_STAR tmr
 ets Jan  8 2013,rst cause:4, boot mode:(3,7)

wdt reset
load 0x4010f000, len 1384, room 16 
tail 8
chksum 0x2d
csum 0x2d
v8b899c12
~ld


6.01
 0h00:04.778 2022/09/27T16:39:33z: DS3231
 0h00:04.793 2022/09/27T16:39:33z: BME280 (0x76)
 0h00:04.808 2022/09/27T16:39:33z: 84:f3:eb:7d:7:a8
 0h00:04.809 2022/09/27T16:39:33z: SSID: MU Open
 0h00:04.814 2022/09/27T16:39:33z: AP_STAR tmr
 ets Jan  8 2013,rst cause:4, boot mode:(3,7)

wdt reset
load 0x4010f000, len 1384, room 16 
tail 8
chksum 0x2d
csum 0x2d
v8b899c12
~ld


6.01
 0h00:05.050 2022/09/27T16:59:37z: DS3231
 0h00:05.066 2022/09/27T16:59:37z: BME280 (0x76)
 0h00:05.080 2022/09/27T16:59:37z: 84:f3:eb:7d:7:a8
 0h00:05.081 2022/09/27T16:59:37z: SSID: MU Open
 0h00:05.087 2022/09/27T16:59:37z: AP_STAR tmr
 ets Jan  8 2013,rst cause:4, boot mode:(3,7)

wdt reset
load 0x4010f000, len 1384, room 16 
tail 8
chksum 0x2d
csum 0x2d
v8b899c12
~ld


6.01
 0h00:04.506 2022/09/27T17:19:41z: DS3231
 0h00:04.521 2022/09/27T17:19:41z: BME280 (0x76)
 0h00:04.535 2022/09/27T17:19:41z: 84:f3:eb:7d:7:a8
 0h00:04.537 2022/09/27T17:19:41z: SSID: MU Open
 0h00:04.542 2022/09/27T17:19:41z: AP_STAR tmr
 ets Jan  8 2013,rst cause:4, boot mode:(3,7)

wdt reset
load 0x4010f000, len 1384, room 16 
tail 8
chksum 0x2d
csum 0x2d
v8b899c12
~ld


6.01
 0h00:05.052 2022/09/27T17:39:45z: DS3231
 0h00:05.067 2022/09/27T17:39:45z: BME280 (0x76)
 0h00:05.081 2022/09/27T17:39:45z: 84:f3:eb:7d:7:a8
 0h00:05.083 2022/09/27T17:39:45z: SSID: MU Open
 0h00:05.088 2022/09/27T17:39:45z: AP_STAR tmr
 ets Jan  8 2013,rst cause:4, boot mode:(3,7)

wdt reset
load 0x4010f000, len 1384, room 16 
tail 8
chksum 0x2d
csum 0x2d
v8b899c12
~ld


6.01
 0h00:05.093 2022/09/27T17:59:49z: DS3231
 0h00:05.108 2022/09/27T17:59:49z: BME280 (0x76)
 0h00:05.122 2022/09/27T17:59:49z: 84:f3:eb:7d:7:a8
 0h00:05.124 2022/09/27T17:59:49z: SSID: MU Open
 0h00:05.129 2022/09/27T17:59:49z: AP_STAR tmr
 ets Jan  8 2013,rst cause:4, boot mode:(3,7)

wdt reset
load 0x4010f000, len 1384, room 16 
tail 8
chksum 0x2d
csum 0x2d
v8b899c12
~ld


6.01
 0h00:04.888 2022/09/27T18:19:53z: DS3231
 0h00:04.903 2022/09/27T18:19:53z: BME280 (0x76)
 0h00:04.918 2022/09/27T18:19:53z: 84:f3:eb:7d:7:a8
 0h00:04.919 2022/09/27T18:19:53z: SSID: MU Open
 0h00:04.924 2022/09/27T18:19:53z: AP_STAR tmr
 ets Jan  8 2013,rst cause:4, boot mode:(3,7)

wdt reset
load 0x4010f000, len 1384, room 16 
tail 8
chksum 0x2d
csum 0x2d
v8b899c12
~ld


6.01
 0h00:04.794 2022/09/27T18:39:57z: DS3231
 0h00:04.809 2022/09/27T18:39:57z: BME280 (0x76)
 0h00:04.823 2022/09/27T18:39:57z: 84:f3:eb:7d:7:a8
 0h00:04.825 2022/09/27T18:39:57z: SSID: MU Open
 0h00:04.830 2022/09/27T18:39:57z: AP_STAR tmr
 ets Jan  8 2013,rst cause:4, boot mode:(3,7)

wdt reset
load 0x4010f000, len 1384, room 16 
tail 8
chksum 0x2d
csum 0x2d
v8b899c12
~ld


6.01
 0h00:05.217 2022/09/27T19:00:01z: DS3231
 0h00:05.232 2022/09/27T19:00:01z: BME280 (0x76)
 0h00:05.246 2022/09/27T19:00:01z: 84:f3:eb:7d:7:a8
 0h00:05.248 2022/09/27T19:00:01z: SSID: MU Open
 0h00:05.253 2022/09/27T19:00:01z: AP_STAR tmr
 ets Jan  8 2013,rst cause:4, boot mode:(3,7)

wdt reset
load 0x4010f000, len 1384, room 16 
tail 8
chksum 0x2d
csum 0x2d
v8b899c12
~ld


6.01
 0h00:05.222 2022/09/27T19:20:05z: DS3231
 0h00:05.238 2022/09/27T19:20:05z: BME280 (0x76)
 0h00:05.252 2022/09/27T19:20:05z: 84:f3:eb:7d:7:a8
 0h00:05.254 2022/09/27T19:20:05z: SSID: MU Open
 0h00:05.259 2022/09/27T19:20:05z: AP_STAR tmr
 ets Jan  8 2013,rst cause:4, boot mode:(3,7)

wdt reset
load 0x4010f000, len 1384, room 16 
tail 8
chksum 0x2d
csum 0x2d
v8b899c12
~ld


6.01
 0h00:05.204 2022/09/27T19:40:10z: DS3231
 0h00:05.219 2022/09/27T19:40:10z: BME280 (0x76)
 0h00:05.233 2022/09/27T19:40:10z: 84:f3:eb:7d:7:a8
 0h00:05.235 2022/09/27T19:40:10z: SSID: MU Open
 0h00:05.240 2022/09/27T19:40:10z: AP_STAR tmr
 ets Jan  8 2013,rst cause:4, boot mode:(3,7)

wdt reset
load 0x4010f000, len 1384, room 16 
tail 8
chksum 0x2d
csum 0x2d
v8b899c12
~ld


6.01
 0h00:05.320 2022/09/27T20:00:14z: DS3231
 0h00:05.335 2022/09/27T20:00:14z: BME280 (0x76)
 0h00:05.349 2022/09/27T20:00:14z: 84:f3:eb:7d:7:a8
 0h00:05.351 2022/09/27T20:00:14z: SSID: MU Open
 0h00:05.356 2022/09/27T20:00:14z: AP_STAR tmr
 ets Jan  8 2013,rst cause:4, boot mode:(3,7)

wdt reset
load 0x4010f000, len 1384, room 16 
tail 8
chksum 0x2d
csum 0x2d
v8b899c12
~ld


6.01
 0h00:04.891 2022/09/27T20:20:18z: DS3231
 0h00:04.906 2022/09/27T20:20:18z: BME280 (0x76)
 0h00:04.920 2022/09/27T20:20:18z: 84:f3:eb:7d:7:a8
 0h00:04.922 2022/09/27T20:20:18z: SSID: MU Open
 0h00:04.927 2022/09/27T20:20:18z: AP_STAR tmr
 ets Jan  8 2013,rst cause:4, boot mode:(3,7)

wdt reset
load 0x4010f000, len 1384, room 16 
tail 8
chksum 0x2d
csum 0x2d
v8b899c12
~ld


6.01
 0h00:05.365 2022/09/27T20:40:23z: DS3231
 0h00:05.380 2022/09/27T20:40:23z: BME280 (0x76)
 0h00:05.394 2022/09/27T20:40:23z: 84:f3:eb:7d:7:a8
 0h00:05.396 2022/09/27T20:40:23z: SSID: MU Open
 0h00:05.401 2022/09/27T20:40:23z: AP_STAR tmr
 ets Jan  8 2013,rst cause:4, boot mode:(3,7)

wdt reset
load 0x4010f000, len 1384, room 16 
tail 8
chksum 0x2d
csum 0x2d
v8b899c12
~ld


6.01
 0h00:05.109 2022/09/27T21:00:28z: DS3231
 0h00:05.125 2022/09/27T21:00:28z: BME280 (0x76)
 0h00:05.139 2022/09/27T21:00:28z: 84:f3:eb:7d:7:a8
 0h00:05.140 2022/09/27T21:00:28z: SSID: MU Open
 0h00:05.146 2022/09/27T21:00:28z: AP_STAR tmr
 ets Jan  8 2013,rst cause:4, boot mode:(3,7)

wdt reset
load 0x4010f000, len 1384, room 16 
tail 8
chksum 0x2d
csum 0x2d
v8b899c12
~ld


6.01
 0h00:05.241 2022/09/27T21:20:33z: DS3231
 0h00:05.256 2022/09/27T21:20:33z: BME280 (0x76)
 0h00:05.270 2022/09/27T21:20:33z: 84:f3:eb:7d:7:a8
 0h00:05.272 2022/09/27T21:20:33z: SSID: MU Open
 0h00:05.277 2022/09/27T21:20:33z: AP_STAR tmr
 ets Jan  8 2013,rst cause:4, boot mode:(3,7)

wdt reset
load 0x4010f000, len 1384, room 16 
tail 8
chksum 0x2d
csum 0x2d
v8b899c12
~ld


6.01
 0h00:05.085 2022/09/27T21:40:37z: DS3231
 0h00:05.100 2022/09/27T21:40:37z: BME280 (0x76)
 0h00:05.114 2022/09/27T21:40:37z: 84:f3:eb:7d:7:a8
 0h00:05.116 2022/09/27T21:40:37z: SSID: MU Open
 0h00:05.121 2022/09/27T21:40:37z: AP_STAR tmr
 ets Jan  8 2013,rst cause:4, boot mode:(3,7)

wdt reset
load 0x4010f000, len 1384, room 16 
tail 8
chksum 0x2d
csum 0x2d
v8b899c12
~ld


6.01
 0h00:04.760 2022/09/27T22:00:41z: DS3231
 0h00:04.775 2022/09/27T22:00:41z: BME280 (0x76)
 0h00:04.789 2022/09/27T22:00:41z: 84:f3:eb:7d:7:a8
 0h00:04.791 2022/09/27T22:00:41z: SSID: MU Open
 0h00:04.796 2022/09/27T22:00:41z: AP_STAR tmr
 ets Jan  8 2013,rst cause:4, boot mode:(3,7)

wdt reset
load 0x4010f000, len 1384, room 16 
tail 8
chksum 0x2d
csum 0x2d
v8b899c12
~ld


6.01
 0h00:05.303 2022/09/27T22:20:46z: DS3231
 0h00:05.318 2022/09/27T22:20:46z: BME280 (0x76)
 0h00:05.332 2022/09/27T22:20:46z: 84:f3:eb:7d:7:a8
 0h00:05.334 2022/09/27T22:20:46z: SSID: MU Open
 0h00:05.339 2022/09/27T22:20:46z: AP_STAR tmr
 ets Jan  8 2013,rst cause:4, boot mode:(3,7)

wdt reset
load 0x4010f000, len 1384, room 16 
tail 8
chksum 0x2d
csum 0x2d
v8b899c12
~ld


6.01
 0h00:05.387 2022/09/27T22:40:51z: DS3231
 0h00:05.402 2022/09/27T22:40:51z: BME280 (0x76)
 0h00:05.416 2022/09/27T22:40:51z: 84:f3:eb:7d:7:a8
 0h00:05.418 2022/09/27T22:40:51z: SSID: MU Open
 0h00:05.423 2022/09/27T22:40:51z: AP_STAR tmr
 ets Jan  8 2013,rst cause:4, boot mode:(3,7)

wdt reset
load 0x4010f000, len 1384, room 16 
tail 8
chksum 0x2d
csum 0x2d
v8b899c12
~ld


6.01
 0h00:05.578 2022/09/27T23:00:56z: DS3231
 0h00:05.594 2022/09/27T23:00:56z: BME280 (0x76)
 0h00:05.608 2022/09/27T23:00:57z: 84:f3:eb:7d:7:a8
 0h00:05.610 2022/09/27T23:00:57z: SSID: MU Open
 0h00:05.615 2022/09/27T23:00:57z: AP_STAR tmr
 ets Jan  8 2013,rst cause:4, boot mode:(3,7)

wdt reset
load 0x4010f000, len 1384, room 16 
tail 8
chksum 0x2d
csum 0x2d
v8b899c12
~ld


6.01
 0h00:05.073 2022/09/27T23:21:01z: DS3231
 0h00:05.089 2022/09/27T23:21:01z: BME280 (0x76)
 0h00:05.103 2022/09/27T23:21:01z: 84:f3:eb:7d:7:a8
 0h00:05.104 2022/09/27T23:21:01z: SSID: MU Open
 0h00:05.110 2022/09/27T23:21:01z: AP_STAR tmr
 ets Jan  8 2013,rst cause:4, boot mode:(3,7)

wdt reset
load 0x4010f000, len 1384, room 16 
tail 8
chksum 0x2d
csum 0x2d
v8b899c12
~ld


6.01
 0h00:05.152 2022/09/27T23:41:06z: DS3231
 0h00:05.167 2022/09/27T23:41:06z: BME280 (0x76)
 0h00:05.181 2022/09/27T23:41:06z: 84:f3:eb:7d:7:a8
 0h00:05.183 2022/09/27T23:41:06z: SSID: MU Open
 0h00:05.188 2022/09/27T23:41:06z: AP_STA