R tmr
 ets Jan  8 2013,rst cause:4, boot mode:(3,7)

wdt reset
load 0x4010f000, len 1384, room 16 
tail 8
chksum 0x2d
csum 0x2d
v8b899c12
~ld


6.01
 0h00:04.441 2022/02/24T00:00:12z: DS3231
 0h00:04.456 2022/02/24T00:00:12z: BME280 (0x76)
 0h00:04.470 2022/02/24T00:00:12z: 84:f3:eb:7d:7:a8
 0h00:04.472 2022/02/24T00:00:12z: SSID: MU Open
 0h00:04.477 2022/02/24T00:00:12z: AP_STAR tmr
 ets Jan  8 2013,rst cause:4, boot mode:(3,7)

wdt reset
load 0x4010f000, len 1384, room 16 
tail 8
chksum 0x2d
csum 0x2d
v8b899c12
~ld


6.01
 0h00:04.696 2022/02/24T00:20:14z: DS3231
 0h00:04.711 2022/02/24T00:20:14z: BME280 (0x76)
 0h00:04.726 2022/02/24T00:20:14z: 84:f3:eb:7d:7:a8
 0h00:04.727 2022/02/24T00:20:14z: SSID: MU Open
 0h00:04.732 2022/02/24T00:20:14z: AP_STAR tmr
 ets Jan  8 2013,rst cause:4, boot mode:(3,7)

wdt reset
load 0x4010f000, len 1384, room 16 
tail 8
chksum 0x2d
csum 0x2d
v8b899c12
~ld


6.01
 0h00:04.667 2022/02/24T00:40:17z: DS3231
 0h00:04.682 2022/02/24T00:40:17z: BME280 (0x76)
 0h00:04.696 2022/02/24T00:40:17z: 84:f3:eb:7d:7:a8
 0h00:04.698 2022/02/24T00:40:17z: SSID: MU Open
 0h00:04.703 2022/02/24T00:40:17z: AP_STAR tmr
 ets Jan  8 2013,rst cause:4, boot mode:(3,7)

wdt reset
load 0x4010f000, len 1384, room 16 
tail 8
chksum 0x2d
csum 0x2d
v8b899c12
~ld


6.01
 0h00:04.951 2022/02/24T01:00:18z: DS3231
 0h00:04.967 2022/02/24T01:00:18z: BME280 (0x76)
 0h00:04.981 2022/02/24T01:00:19z: 84:f3:eb:7d:7:a8
 0h00:04.983 2022/02/24T01:00:19z: SSID: MU Open
 0h00:04.988 2022/02/24T01:00:19z: AP_STAR tmr
 ets Jan  8 2013,rst cause:4, boot mode:(3,7)

wdt reset
load 0x4010f000, len 1384, room 16 
tail 8
chksum 0x2d
csum 0x2d
v8b899c12
~ld


6.01
 0h00:04.728 2022/02/24T01:20:20z: DS3231
 0h00:04.743 2022/02/24T01:20:20z: BME280 (0x76)
 0h00:04.757 2022/02/24T01:20:20z: 84:f3:eb:7d:7:a8
 0h00:04.759 2022/02/24T01:20:20z: SSID: MU Open
 0h00:04.764 2022/02/24T01:20:20z: AP_STAR tmr
 ets Jan  8 2013,rst cause:4, boot mode:(3,7)

wdt reset
load 0x4010f000, len 1384, room 16 
tail 8
chksum 0x2d
csum 0x2d
v8b899c12
~ld


6.01
 0h00:04.713 2022/02/24T01:40:22z: DS3231
 0h00:04.728 2022/02/24T01:40:22z: BME280 (0x76)
 0h00:04.743 2022/02/24T01:40:22z: 84:f3:eb:7d:7:a8
 0h00:04.744 2022/02/24T01:40:22z: SSID: MU Open
 0h00:04.749 2022/02/24T01:40:22z: AP_STAR tmr
 ets Jan  8 2013,rst cause:4, boot mode:(3,7)

wdt reset
load 0x4010f000, len 1384, room 16 
tail 8
chksum 0x2d
csum 0x2d
v8b899c12
~ld


6.01
 0h00:04.926 2022/02/24T02:00:24z: DS3231
 0h00:04.941 2022/02/24T02:00:24z: BME280 (0x76)
 0h00:04.956 2022/02/24T02:00:24z: 84:f3:eb:7d:7:a8
 0h00:04.957 2022/02/24T02:00:24z: SSID: MU Open
 0h00:04.962 2022/02/24T02:00:24z: AP_STAR tmr
 ets Jan  8 2013,rst cause:4, boot mode:(3,7)

wdt reset
load 0x4010f000, len 1384, room 16 
tail 8
chksum 0x2d
csum 0x2d
v8b899c12
~ld


6.01
 0h00:05.053 2022/02/24T02:20:26z: DS3231
 0h00:05.068 2022/02/24T02:20:26z: BME280 (0x76)
 0h00:05.082 2022/02/24T02:20:26z: 84:f3:eb:7d:7:a8
 0h00:05.084 2022/02/24T02:20:26z: SSID: MU Open
 0h00:05.089 2022/02/24T02:20:26z: AP_STAR tmr
 ets Jan  8 2013,rst cause:4, boot mode:(3,7)

wdt reset
load 0x4010f000, len 1384, room 16 
tail 8
chksum 0x2d
csum 0x2d
v8b899c12
~ld


6.01
 0h00:04.772 2022/02/24T02:40:27z: DS3231
 0h00:04.787 2022/02/24T02:40:27z: BME280 (0x76)
 0h00:04.802 2022/02/24T02:40:27z: 84:f3:eb:7d:7:a8
 0h00:04.803 2022/02/24T02:40:27z: SSID: MU Open
 0h00:04.808 2022/02/24T02:40:27z: AP_STAR tmr
 ets Jan  8 2013,rst cause:4, boot mode:(3,7)

wdt reset
load 0x4010f000, len 1384, room 16 
tail 8
chksum 0x2d
csum 0x2d
v8b899c12
~ld


6.01
 0h00:04.943 2022/02/24T03:00:29z: DS3231
 0h00:04.959 2022/02/24T03:00:29z: BME280 (0x76)
 0h00:04.973 2022/02/24T03:00:29z: 84:f3:eb:7d:7:a8
 0h00:04.975 2022/02/24T03:00:29z: SSID: MU Open
 0h00:04.980 2022/02/24T03:00:29z: AP_STAR tmr
 ets Jan  8 2013,rst cause:4, boot mode:(3,7)

wdt reset
load 0x4010f000, len 1384, room 16 
tail 8
chksum 0x2d
csum 0x2d
v8b899c12
~ld


6.01
 0h00:04.817 2022/02/24T03:20:31z: DS3231
 0h00:04.832 2022/02/24T03:20:31z: BME280 (0x76)
 0h00:04.846 2022/02/24T03:20:31z: 84:f3:eb:7d:7:a8
 0h00:04.848 2022/02/24T03:20:31z: SSID: MU Open
 0h00:04.853 2022/02/24T03:20:31z: AP_STAR tmr
 ets Jan  8 2013,rst cause:4, boot mode:(3,7)

wdt reset
load 0x4010f000, len 1384, room 16 
tail 8
chksum 0x2d
csum 0x2d
v8b899c12
~ld


6.01
 0h00:04.918 2022/02/24T03:40:33z: DS3231
 0h00:04.934 2022/02/24T03:40:33z: BME280 (0x76)
 0h00:04.948 2022/02/24T03:40:33z: 84:f3:eb:7d:7:a8
 0h00:04.949 2022/02/24T03:40:33z: SSID: MU Open
 0h00:04.955 2022/02/24T03:40:33z: AP_STAR tmr
 ets Jan  8 2013,rst cause:4, boot mode:(3,7)

wdt reset
load 0x4010f000, len 1384, room 16 
tail 8
chksum 0x2d
csum 0x2d
v8b899c12
~ld


6.01
 0h00:05.067 2022/02/24T04:00:36z: DS3231
 0h00:05.083 2022/02/24T04:00:36z: BME280 (0x76)
 0h00:05.097 2022/02/24T04:00:36z: 84:f3:eb:7d:7:a8
 0h00:05.098 2022/02/24T04:00:36z: SSID: MU Open
 0h00:05.104 2022/02/24T04:00:36z: AP_STAR tmr
 ets Jan  8 2013,rst cause:4, boot mode:(3,7)

wdt reset
load 0x4010f000, len 1384, room 16 
tail 8
chksum 0x2d
csum 0x2d
v8b899c12
~ld


6.01
 0h00:04.436 2022/02/24T04:20:37z: DS3231
 0h00:04.451 2022/02/24T04:20:37z: BME280 (0x76)
 0h00:04.465 2022/02/24T04:20:37z: 84:f3:eb:7d:7:a8
 0h00:04.467 2022/02/24T04:20:37z: SSID: MU Open
 0h00:04.472 2022/02/24T04:20:37z: AP_STAR tmr
 ets Jan  8 2013,rst cause:4, boot mode:(3,7)

wdt reset
load 0x4010f000, len 1384, room 16 
tail 8
chksum 0x2d
csum 0x2d
v8b899c12
~ld


6.01
 0h00:04.888 2022/02/24T04:40:39z: DS3231
 0h00:04.904 2022/02/24T04:40:39z: BME280 (0x76)
 0h00:04.918 2022/02/24T04:40:39z: 84:f3:eb:7d:7:a8
 0h00:04.920 2022/02/24T04:40:39z: SSID: MU Open
 0h00:04.925 2022/02/24T04:40:39z: AP_STAR tmr
 ets Jan  8 2013,rst cause:4, boot mode:(3,7)

wdt reset
load 0x4010f000, len 1384, room 16 
tail 8
chksum 0x2d
csum 0x2d
v8b899c12
~ld


6.01
 0h00:04.892 2022/02/24T05:00:41z: DS3231
 0h00:04.907 2022/02/24T05:00:41z: BME280 (0x76)
 0h00:04.922 2022/02/24T05:00:41z: 84:f3:eb:7d:7:a8
 0h00:04.923 2022/02/24T05:00:41z: SSID: MU Open
 0h00:04.928 2022/02/24T05:00:41z: AP_STAR tmr
 ets Jan  8 2013,rst cause:4, boot mode:(3,7)

wdt reset
load 0x4010f000, len 1384, room 16 
tail 8
chksum 0x2d
csum 0x2d
v8b899c12
~ld


6.01
 0h00:04.654 2022/02/24T05:20:43z: DS3231
 0h00:04.669 2022/02/24T05:20:43z: BME280 (0x76)
 0h00:04.683 2022/02/24T05:20:43z: 84:f3:eb:7d:7:a8
 0h00:04.685 2022/02/24T05:20:43z: SSID: MU Open
 0h00:04.690 2022/02/24T05:20:43z: AP_STAR tmr
 ets Jan  8 2013,rst cause:4, boot mode:(3,7)

wdt reset
load 0x4010f000, len 1384, room 16 
tail 8
chksum 0x2d
csum 0x2d
v8b899c12
~ld


6.01
 0h00:04.854 2022/02/24T05:40:45z: DS3231
 0h00:04.869 2022/02/24T05:40:45z: BME280 (0x76)
 0h00:04.883 2022/02/24T05:40:45z: 84:f3:eb:7d:7:a8
 0h00:04.885 2022/02/24T05:40:45z: SSID: MU Open
 0h00:04.890 2022/02/24T05:40:45z: AP_STAR tmr
 ets Jan  8 2013,rst cause:4, boot mode:(3,7)

wdt reset
load 0x4010f000, len 1384, room 16 
tail 8
chksum 0x2d
csum 0x2d
v8b899c12
~ld


6.01
 0h00:04.592 2022/02/24T06:00:46z: DS3231
 0h00:04.607 2022/02/24T06:00:46z: BME280 (0x76)
 0h00:04.621 2022/02/24T06:00:46z: 84:f3:eb:7d:7:a8
 0h00:04.623 2022/02/24T06:00:46z: SSID: MU Open
 0h00:04.628 2022/02/24T06:00:46z: AP_STAR tmr
 ets Jan  8 2013,rst cause:4, boot mode:(3,7)

wdt reset
load 0x4010f000, len 1384, room 16 
tail 8
chksum 0x2d
csum 0x2d
v8b899c12
~ld


6.01
 0h00:04.595 2022/02/24T06:20:47z: DS3231
 0h00:04.610 2022/02/24T06:20:47z: BME280 (0x76)
 0h00:04.624 2022/02/24T06:20:47z: 84:f3:eb:7d:7:a8
 0h00:04.626 2022/02/24T06:20:47z: SSID: MU Open
 0h00:04.631 2022/02/24T06:20:47z: AP_STAR tmr
 ets Jan  8 2013,rst cause:4, boot mode:(3,7)

wdt reset
load 0x4010f000, len 1384, room 16 
tail 8
chksum 0x2d
csum 0x2d
v8b899c12
~ld


6.01
 0h00:04.882 2022/02/24T06:40:49z: DS3231
 0h00:04.897 2022/02/24T06:40:49z: BME280 (0x76)
 0h00:04.911 2022/02/24T06:40:49z: 84:f3:eb:7d:7:a8
 0h00:04.913 2022/02/24T06:40:49z: SSID: MU Open
 0h00:04.918 2022/02/24T06:40:49z: AP_STAR tmr
 ets Jan  8 2013,rst cause:4, boot mode:(3,7)

wdt reset
load 0x4010f000, len 1384, room 16 
tail 8
chksum 0x2d
csum 0x2d
v8b899c12
~ld


6.01
 0h00:05.019 2022/02/24T07:00:51z: DS3231
 0h00:05.034 2022/02/24T07:00:51z: BME280 (0x76)
 0h00:05.048 2022/02/24T07:00:51z: 84:f3:eb:7d:7:a8
 0h00:05.050 2022/02/24T07:00:51z: SSID: MU Open
 0h00:05.055 2022/02/24T07:00:51z: AP_STAR tmr
 ets Jan  8 2013,rst cause:4, boot mode:(3,7)

wdt reset
load 0x4010f000, len 1384, room 16 
tail 8
chksum 0x2d
csum 0x2d
v8b899c12
~ld


6.01
 0h00:05.004 2022/02/24T07:20:53z: DS3231
 0h00:05.020 2022/02/24T07:20:53z: BME280 (0x76)
 0h00:05.034 2022/02/24T07:20:53z: 84:f3:eb:7d:7:a8
 0h00:05.035 2022/02/24T07:20:53z: SSID: MU Open
 0h00:05.041 2022/02/24T07:20:53z: AP_STAR tmr
 ets Jan  8 2013,rst cause:4, boot mode:(3,7)

wdt reset
load 0x4010f000, len 1384, room 16 
tail 8
chksum 0x2d
csum 0x2d
v8b899c12
~ld


6.01
 0h00:04.797 2022/02/24T07:40:56z: DS3231
 0h00:04.813 2022/02/24T07:40:56z: BME280 (0x76)
 0h00:04.827 2022/02/24T07:40:56z: 84:f3:eb:7d:7:a8
 0h00:04.829 2022/02/24T07:40:56z: SSID: MU Open
 0h00:04.834 2022/02/24T07:40:56z: AP_STAR tmr
 ets Jan  8 2013,rst cause:4, boot mode:(3,7)

wdt reset
load 0x4010f000, len 1384, room 16 
tail 8
chksum 0x2d
csum 0x2d
v8b899c12
~ld


6.01
 0h00:05.012 2022/02/24T08:00:58z: DS3231
 0h00:05.027 2022/02/24T08:00:58z: BME280 (0x76)
 0h00:05.041 2022/02/24T08:00:58z: 84:f3:eb:7d:7:a8
 0h00:05.043 2022/02/24T08:00:58z: SSID: MU Open
 0h00:05.048 2022/02/24T08:00:58z: AP_STAR tmr
 ets Jan  8 2013,rst cause:4, boot mode:(3,7)

wdt reset
load 0x4010f000, len 1384, room 16 
tail 8
chksum 0x2d
csum 0x2d
v8b899c12
~ld


6.01
 0h00:04.598 2022/02/24T08:20:59z: DS3231
 0h00:04.613 2022/02/24T08:20:59z: BME280 (0x76)
 0h00:04.628 2022/02/24T08:20:59z: 84:f3:eb:7d:7:a8
 0h00:04.629 2022/02/24T08:20:59z: SSID: MU Open
 0h00:04.634 2022/02/24T08:20:59z: AP_STAR tmr
 ets Jan  8 2013,rst cause:4, boot mode:(3,7)

wdt reset
load 0x4010f000, len 1384, room 16 
tail 8
chksum 0x2d
csum 0x2d
v8b899c12
~ld


6.01
 0h00:04.990 2022/02/24T08:41:01z: DS3231
 0h00:05.005 2022/02/24T08:41:01z: BME280 (0x76)
 0h00:05.019 2022/02/24T08:41:01z: 84:f3:eb:7d:7:a8
 0h00:05.021 2022/02/24T08:41:01z: SSID: MU Open
 0h00:05.026 2022/02/24T08:41:01z: AP_STAR tmr
 ets Jan  8 2013,rst cause:4, boot mode:(3,7)

wdt reset
load 0x4010f000, len 1384, room 16 
tail 8
chksum 0x2d
csum 0x2d
v8b899c12
~ld


6.01
 0h00:05.102 2022/02/24T09:01:04z: DS3231
 0h00:05.117 2022/02/24T09:01:04z: BME280 (0x76)
 0h00:05.131 2022/02/24T09:01:04z: 84:f3:eb:7d:7:a8
 0h00:05.133 2022/02/24T09:01:04z: SSID: MU Open
 0h00:05.138 2022/02/24T09:01:04z: AP_STAR tmr
 ets Jan  8 2013,rst cause:4, boot mode:(3,7)

wdt reset
load 0x4010f000, len 1384, room 16 
tail 8
chksum 0x2d
csum 0x2d
v8b899c12
~ld


6.01
 0h00:04.948 2022/02/24T09:21:05z: DS3231
 0h00:04.963 2022/02/24T09:21:05z: BME280 (0x76)
 0h00:04.977 2022/02/24T09:21:05z: 84:f3:eb:7d:7:a8
 0h00:04.979 2022/02/24T09:21:05z: SSID: MU Open
 0h00:04.984 2022/02/24T09:21:05z: AP_STAR tmr
 ets Jan  8 2013,rst cause:4, boot mode:(3,7)

wdt reset
load 0x4010f000, len 1384, room 16 
tail 8
chksum 0x2d
csum 0x2d
v8b899c12
~ld


6.01
 0h00:04.871 2022/02/24T09:41:07z: DS3231
 0h00:04.887 2022/02/24T09:41:07z: BME280 (0x76)
 0h00:04.901 2022/02/24T09:41:07z: 84:f3:eb:7d:7:a8
 0h00:04.902 2022/02/24T09:41:07z: SSID: MU Open
 0h00:04.908 2022/02/24T09:41:07z: AP_STAR tmr
 ets Jan  8 2013,rst cause:4, boot mode:(3,7)

wdt reset
load 0x4010f000, len 1384, room 16 
tail 8
chksum 0x2d
csum 0x2d
v8b899c12
~ld


6.01
 0h00:04.965 2022/02/24T10:01:09z: DS3231
 0h00:04.981 2022/02/24T10:01:09z: BME280 (0x76)
 0h00:04.995 2022/02/24T10:01:09z: 84:f3:eb:7d:7:a8
 0h00:04.996 2022/02/24T10:01:09z: SSID: MU Open
 0h00:05.002 2022/02/24T10:01:09z: AP_STAR tmr
 ets Jan  8 2013,rst cause:4, boot mode:(3,7)

wdt reset
load 0x4010f000, len 1384, room 16 
tail 8
chksum 0x2d
csum 0x2d
v8b899c12
~ld


6.01
 0h00:04.873 2022/02/24T10:21:11z: DS3231
 0h00:04.888 2022/02/24T10:21:11z: BME280 (0x76)
 0h00:04.902 2022/02/24T10:21:11z: 84:f3:eb:7d:7:a8
 0h00:04.904 2022/02/24T10:21:11z: SSID: MU Open
 0h00:04.909 2022/02/24T10:21:11z: AP_STAR tmr
 ets Jan  8 2013,rst cause:4, boot mode:(3,7)

wdt reset
load 0x4010f000, len 1384, room 16 
tail 8
chksum 0x2d
csum 0x2d
v8b899c12
~ld


6.01
 0h00:04.863 2022/02/24T10:41:13z: DS3231
 0h00:04.878 2022/02/24T10:41:13z: BME280 (0x76)
 0h00:04.893 2022/02/24T10:41:13z: 84:f3:eb:7d:7:a8
 0h00:04.894 2022/02/24T10:41:13z: SSID: MU Open
 0h00:04.899 2022/02/24T10:41:13z: AP_STAR tmr
 ets Jan  8 2013,rst cause:4, boot mode:(3,7)

wdt reset
load 0x4010f000, len 1384, room 16 
tail 8
chksum 0x2d
csum 0x2d
v8b899c12
~ld


6.01
 0h00:05.000 2022/02/24T11:01:15z: DS3231
 0h00:05.015 2022/02/24T11:01:15z: BME280 (0x76)
 0h00:05.029 2022/02/24T11:01:15z: 84:f3:eb:7d:7:a8
 0h00:05.031 2022/02/24T11:01:15z: SSID: MU Open
 0h00:05.036 2022/02/24T11:01:15z: AP_STAR tmr
 ets Jan  8 2013,rst cause:4, boot mode:(3,7)

wdt reset
load 0x4010f000, len 1384, room 16 
tail 8
chksum 0x2d
csum 0x2d
v8b899c12
~ld


6.01
 0h00:04.741 2022/02/24T11:21:17z: DS3231
 0h00:04.756 2022/02/24T11:21:17z: BME280 (0x76)
 0h00:04.771 2022/02/24T11:21:17z: 84:f3:eb:7d:7:a8
 0h00:04.772 2022/02/24T11:21:17z: SSID: MU Open
 0h00:04.778 2022/02/24T11:21:17z: AP_STAR tmr
 ets Jan  8 2013,rst cause:4, boot mode:(3,7)

wdt reset
load 0x4010f000, len 1384, room 16 
tail 8
chksum 0x2d
csum 0x2d
v8b899c12
~ld


6.01
 0h00:05.089 2022/02/24T11:41:19z: DS3231
 0h00:05.104 2022/02/24T11:41:19z: BME280 (0x76)
 0h00:05.118 2022/02/24T11:41:19z: 84:f3:eb:7d:7:a8
 0h00:05.120 2022/02/24T11:41:19z: SSID: MU Open
 0h00:05.125 2022/02/24T11:41:19z: AP_STAR tmr
 ets Jan  8 2013,rst cause:4, boot mode:(3,7)

wdt reset
load 0x4010f000, len 1384, room 16 
tail 8
chksum 0x2d
csum 0x2d
v8b899c12
~ld


6.01
 0h00:04.801 2022/02/24T12:01:21z: DS3231
 0h00:04.816 2022/02/24T12:01:21z: BME280 (0x76)
 0h00:04.830 2022/02/24T12:01:21z: 84:f3:eb:7d:7:a8
 0h00:04.832 2022/02/24T12:01:21z: SSID: MU Open
 0h00:04.837 2022/02/24T12:01:21z: AP_STAR tmr
 ets Jan  8 2013,rst cause:4, boot mode:(3,7)

wdt reset
load 0x4010f000, len 1384, room 16 
tail 8
chksum 0x2d
csum 0x2d
v8b899c12
~ld


6.01
 0h00:04.717 2022/02/24T12:21:24z: DS3231
 0h00:04.733 2022/02/24T12:21:24z: BME280 (0x76)
 0h00:04.747 2022/02/24T12:21:24z: 84:f3:eb:7d:7:a8
 0h00:04.749 2022/02/24T12:21:24z: SSID: MU Open
 0h00:04.754 2022/02/24T12:21:24z: AP_STAR tmr
 ets Jan  8 2013,rst cause:4, boot mode:(3,7)

wdt reset
load 0x4010f000, len 1384, room 16 
tail 8
chksum 0x2d
csum 0x2d
v8b899c12
~ld


6.01
 0h00:04.953 2022/02/24T12:41:26z: DS3231
 0h00:04.968 2022/02/24T12:41:26z: BME280 (0x76)
 0h00:04.982 2022/02/24T12:41:26z: 84:f3:eb:7d:7:a8
 0h00:04.984 2022/02/24T12:41:26z: SSID: MU Open
 0h00:04.989 2022/02/24T12:41:26z: AP_STAR tmr
 ets Jan  8 2013,rst cause:4, boot mode:(3,7)

wdt reset
load 0x4010f000, len 1384, room 16 
tail 8
chksum 0x2d
csum 0x2d
v8b899c12
~ld


6.01
 0h00:05.011 2022/02/24T13:01:29z: DS3231
 0h00:05.026 2022/02/24T13:01:29z: BME280 (0x76)
 0h00:05.040 2022/02/24T13:01:29z: 84:f3:eb:7d:7:a8
 0h00:05.042 2022/02/24T13:01:29z: SSID: MU Open
 0h00:05.047 2022/02/24T13:01:29z: AP_STAR tmr
 ets Jan  8 2013,rst cause:4, boot mode:(3,7)

wdt reset
load 0x4010f000, len 1384, room 16 
tail 8
chksum 0x2d
csum 0x2d
v8b899c12
~ld


6.01
 0h00:04.921 2022/02/24T13:21:31z: DS3231
 0h00:04.936 2022/02/24T13:21:31z: BME280 (0x76)
 0h00:04.950 2022/02/24T13:21:31z: 84:f3:eb:7d:7:a8
 0h00:04.952 2022/02/24T13:21:31z: SSID: MU Open
 0h00:04.957 2022/02/24T13:21:31z: AP_STAR tmr
 ets Jan  8 2013,rst cause:4, boot mode:(3,7)

wdt reset
load 0x4010f000, len 1384, room 16 
tail 8
chksum 0x2d
csum 0x2d
v8b899c12
~ld


6.01
 0h00:04.962 2022/02/24T13:41:33z: DS3231
 0h00:04.978 2022/02/24T13:41:33z: BME280 (0x76)
 0h00:04.992 2022/02/24T13:41:33z: 84:f3:eb:7d:7:a8
 0h00:04.993 2022/02/24T13:41:33z: SSID: MU Open
 0h00:04.999 2022/02/24T13:41:33z: AP_STAR tmr
 ets Jan  8 2013,rst cause:4, boot mode:(3,7)

wdt reset
load 0x4010f000, len 1384, room 16 
tail 8
chksum 0x2d
csum 0x2d
v8b899c12
~ld


6.01
 0h00:04.879 2022/02/24T14:01:35z: DS3231
 0h00:04.894 2022/02/24T14:01:35z: BME280 (0x76)
 0h00:04.909 2022/02/24T14:01:35z: 84:f3:eb:7d:7:a8
 0h00:04.910 2022/02/24T14:01:35z: SSID: MU Open
 0h00:04.915 2022/02/24T14:01:35z: AP_STAR tmr
 ets Jan  8 2013,rst cause:4, boot mode:(3,7)

wdt reset
load 0x4010f000, len 1384, room 16 
tail 8
chksum 0x2d
csum 0x2d
v8b899c12
~ld


6.01
 0h00:04.659 2022/02/24T14:21:36z: DS3231
 0h00:04.674 2022/02/24T14:21:36z: BME280 (0x76)
 0h00:04.688 2022/02/24T14:21:36z: 84:f3:eb:7d:7:a8
 0h00:04.690 2022/02/24T14:21:36z: SSID: MU Open
 0h00:04.695 2022/02/24T14:21:36z: AP_STAR tmr
 ets Jan  8 2013,rst cause:4, boot mode:(3,7)

wdt reset
load 0x4010f000, len 1384, room 16 
tail 8
chksum 0x2d
csum 0x2d
v8b899c12
~ld


6.01
 0h00:04.870 2022/02/24T14:41:39z: DS3231
 0h00:04.886 2022/02/24T14:41:39z: BME280 (0x76)
 0h00:04.900 2022/02/24T14:41:39z: 84:f3:eb:7d:7:a8
 0h00:04.902 2022/02/24T14:41:39z: SSID: MU Open
 0h00:04.907 2022/02/24T14:41:39z: AP_STAR tmr
 ets Jan  8 2013,rst cause:4, boot mode:(3,7)

wdt reset
load 0x4010f000, len 1384, room 16 
tail 8
chksum 0x2d
csum 0x2d
v8b899c12
~ld


6.01
 0h00:04.872 2022/02/24T15:01:40z: DS3231
 0h00:04.887 2022/02/24T15:01:40z: BME280 (0x76)
 0h00:04.901 2022/02/24T15:01:40z: 84:f3:eb:7d:7:a8
 0h00:04.903 2022/02/24T15:01:40z: SSID: MU Open
 0h00:04.908 2022/02/24T15:01:40z: AP_STAR tmr
 ets Jan  8 2013,rst cause:4, boot mode:(3,7)

wdt reset
load 0x4010f000, len 1384, room 16 
tail 8
chksum 0x2d
csum 0x2d
v8b899c12
~ld


6.01
 0h00:04.862 2022/02/24T15:21:41z: DS3231
 0h00:04.878 2022/02/24T15:21:41z: BME280 (0x76)
 0h00:04.892 2022/02/24T15:21:41z: 84:f3:eb:7d:7:a8
 0h00:04.894 2022/02/24T15:21:41z: SSID: MU Open
 0h00:04.899 2022/02/24T15:21:41z: AP_STAR tmr
 ets Jan  8 2013,rst cause:4, boot mode:(3,7)

wdt reset
load 0x4010f000, len 1384, room 16 
tail 8
chksum 0x2d
csum 0x2d
v8b899c12
~ld


6.01
 0h00:04.857 2022/02/24T15:41:43z: DS3231
 0h00:04.872 2022/02/24T15:41:43z: BME280 (0x76)
 0h00:04.886 2022/02/24T15:41:43z: 84:f3:eb:7d:7:a8
 0h00:04.888 2022/02/24T15:41:43z: SSID: MU Open
 0h00:04.893 2022/02/24T15:41:43z: AP_STAR tmr
 ets Jan  8 2013,rst cause:4, boot mode:(3,7)

wdt reset
load 0x4010f000, len 1384, room 16 
tail 8
chksum 0x2d
csum 0x2d
v8b899c12
~ld


6.01
 0h00:04.836 2022/02/24T16:01:45z: DS3231
 0h00:04.851 2022/02/24T16:01:45z: BME280 (0x76)
 0h00:04.865 2022/02/24T16:01:45z: 84:f3:eb:7d:7:a8
 0h00:04.867 2022/02/24T16:01:45z: SSID: MU Open
 0h00:04.872 2022/02/24T16:01:45z: AP_STAR tmr
 ets Jan  8 2013,rst cause:4, boot mode:(3,7)

wdt reset
load 0x4010f000, len 1384, room 16 
tail 8
chksum 0x2d
csum 0x2d
v8b899c12
~ld


6.01
 0h00:04.898 2022/02/24T16:21:47z: DS3231
 0h00:04.913 2022/02/24T16:21:47z: BME280 (0x76)
 0h00:04.927 2022/02/24T16:21:47z: 84:f3:eb:7d:7:a8
 0h00:04.929 2022/02/24T16:21:47z: SSID: MU Open
 0h00:04.934 2022/02/24T16:21:47z: AP_STAR tmr
 ets Jan  8 2013,rst cause:4, boot mode:(3,7)

wdt reset
load 0x4010f000, len 1384, room 16 
tail 8
chksum 0x2d
csum 0x2d
v8b899c12
~ld


6.01
 0h00:04.636 2022/02/24T16:41:49z: DS3231
 0h00:04.651 2022/02/24T16:41:49z: BME280 (0x76)
 0h00:04.665 2022/02/24T16:41:49z: 84:f3:eb:7d:7:a8
 0h00:04.667 2022/02/24T16:41:49z: SSID: MU Open
 0h00:04.672 2022/02/24T16:41:49z: AP_STAR tmr
 ets Jan  8 2013,rst cause:4, boot mode:(3,7)

wdt reset
load 0x4010f000, len 1384, room 16 
tail 8
chksum 0x2d
csum 0x2d
v8b899c12
~ld


6.01
 0h00:04.868 2022/02/24T17:01:51z: DS3231
 0h00:04.883 2022/02/24T17:01:51z: BME280 (0x76)
 0h00:04.897 2022/02/24T17:01:51z: 84:f3:eb:7d:7:a8
 0h00:04.899 2022/02/24T17:01:51z: SSID: MU Open
 0h00:04.904 2022/02/24T17:01:51z: AP_STAR tmr
 ets Jan  8 2013,rst cause:4, boot mode:(3,7)

wdt reset
load 0x4010f000, len 1384, room 16 
tail 8
chksum 0x2d
csum 0x2d
v8b899c12
~ld


6.01
 0h00:04.788 2022/02/24T17:21:52z: DS3231
 0h00:04.803 2022/02/24T17:21:52z: BME280 (0x76)
 0h00:04.818 2022/02/24T17:21:52z: 84:f3:eb:7d:7:a8
 0h00:04.819 2022/02/24T17:21:52z: SSID: MU Open
 0h00:04.824 2022/02/24T17:21:52z: AP_STAR tmr
 ets Jan  8 2013,rst cause:4, boot mode:(3,7)

wdt reset
load 0x4010f000, len 1384, room 16 
tail 8
chksum 0x2d
csum 0x2d
v8b899c12
~ld


6.01
 0h00:04.618 2022/02/24T17:41:53z: DS3231
 0h00:04.633 2022/02/24T17:41:53z: BME280 (0x76)
 0h00:04.648 2022/02/24T17:41:53z: 84:f3:eb:7d:7:a8
 0h00:04.649 2022/02/24T17:41:53z: SSID: MU Open
 0h00:04.654 2022/02/24T17:41:53z: AP_STAR tmr
 ets Jan  8 2013,rst cause:4, boot mode:(3,7)

wdt reset
load 0x4010f000, len 1384, room 16 
tail 8
chksum 0x2d
csum 0x2d
v8b899c12
~ld


6.01
 0h00:04.766 2022/02/24T18:01:55z: DS3231
 0h00:04.781 2022/02/24T18:01:55z: BME280 (0x76)
 0h00:04.796 2022/02/24T18:01:55z: 84:f3:eb:7d:7:a8
 0h00:04.797 2022/02/24T18:01:55z: SSID: MU Open
 0h00:04.802 2022/02/24T18:01:55z: AP_STAR tmr
 ets Jan  8 2013,rst cause:4, boot mode:(3,7)

wdt reset
load 0x4010f000, len 1384, room 16 
tail 8
chksum 0x2d
csum 0x2d
v8b899c12
~ld


6.01
 0h00:04.731 2022/02/24T18:21:56z: DS3231
 0h00:04.746 2022/02/24T18:21:56z: BME280 (0x76)
 0h00:04.760 2022/02/24T18:21:56z: 84:f3:eb:7d:7:a8
 0h00:04.762 2022/02/24T18:21:56z: SSID: MU Open
 0h00:04.767 2022/02/24T18:21:56z: AP_STAR tmr
 ets Jan  8 2013,rst cause:4, boot mode:(3,7)

wdt reset
load 0x4010f000, len 1384, room 16 
tail 8
chksum 0x2d
csum 0x2d
v8b899c12
~ld


6.01
 0h00:04.771 2022/02/24T18:41:58z: DS3231
 0h00:04.787 2022/02/24T18:41:58z: BME280 (0x76)
 0h00:04.801 2022/02/24T18:41:58z: 84:f3:eb:7d:7:a8
 0h00:04.802 2022/02/24T18:41:58z: SSID: MU Open
 0h00:04.808 2022/02/24T18:41:58z: AP_STAR tmr
 ets Jan  8 2013,rst cause:4, boot mode:(3,7)

wdt reset
load 0x4010f000, len 1384, room 16 
tail 8
chksum 0x2d
csum 0x2d
v8b899c12
~ld


6.01
 0h00:04.562 2022/02/24T19:01:59z: DS3231
 0h00:04.577 2022/02/24T19:01:59z: BME280 (0x76)
 0h00:04.591 2022/02/24T19:01:59z: 84:f3:eb:7d:7:a8
 0h00:04.593 2022/02/24T19:01:59z: SSID: MU Open
 0h00:04.598 2022/02/24T19:01:59z: AP_STAR tmr
 ets Jan  8 2013,rst cause:4, boot mode:(3,7)

wdt reset
load 0x4010f000, len 1384, room 16 
tail 8
chksum 0x2d
csum 0x2d
v8b899c12
~ld


6.01
 0h00:04.614 2022/02/24T19:22:01z: DS3231
 0h00:04.629 2022/02/24T19:22:01z: BME280 (0x76)
 0h00:04.643 2022/02/24T19:22:01z: 84:f3:eb:7d:7:a8
 0h00:04.645 2022/02/24T19:22:01z: SSID: MU Open
 0h00:04.650 2022/02/24T19:22:01z: AP_STAR tmr
 ets Jan  8 2013,rst cause:4, boot mode:(3,7)

wdt reset
load 0x4010f000, len 1384, room 16 
tail 8
chksum 0x2d
csum 0x2d
v8b899c12
~ld


6.01
 0h00:04.856 2022/02/24T19:42:02z: DS3231
 0h00:04.871 2022/02/24T19:42:02z: BME280 (0x76)
 0h00:04.886 2022/02/24T19:42:02z: 84:f3:eb:7d:7:a8
 0h00:04.887 2022/02/24T19:42:02z: SSID: MU Open
 0h00:04.892 2022/02/24T19:42:02z: AP_STAR tmr
 ets Jan  8 2013,rst cause:4, boot mode:(3,7)

wdt reset
load 0x4010f000, len 1384, room 16 
tail 8
chksum 0x2d
csum 0x2d
v8b899c12
~ld


6.01
 0h00:04.715 2022/02/24T20:02:04z: DS3231
 0h00:04.731 2022/02/24T20:02:04z: BME280 (0x76)
 0h00:04.745 2022/02/24T20:02:04z: 84:f3:eb:7d:7:a8
 0h00:04.746 2022/02/24T20:02:04z: SSID: MU Open
 0h00:04.752 2022/02/24T20:02:04z: AP_STAR tmr
 ets Jan  8 2013,rst cause:4, boot mode:(3,7)

wdt reset
load 0x4010f000, len 1384, room 16 
tail 8
chksum 0x2d
csum 0x2d
v8b899c12
~ld


6.01
 0h00:04.570 2022/02/24T20:22:06z: DS3231
 0h00:04.586 2022/02/24T20:22:06z: BME280 (0x76)
 0h00:04.600 2022/02/24T20:22:06z: 84:f3:eb:7d:7:a8
 0h00:04.602 2022/02/24T20:22:06z: SSID: MU Open
 0h00:04.607 2022/02/24T20:22:06z: AP_STAR tmr
 ets Jan  8 2013,rst cause:4, boot mode:(3,7)

wdt reset
load 0x4010f000, len 1384, room 16 
tail 8
chksum 0x2d
csum 0x2d
v8b899c12
~ld


6.01
 0h00:04.546 2022/02/24T20:42:07z: DS3231
 0h00:04.562 2022/02/24T20:42:07z: BME280 (0x76)
 0h00:04.576 2022/02/24T20:42:07z: 84:f3:eb:7d:7:a8
 0h00:04.577 2022/02/24T20:42:07z: SSID: MU Open
 0h00:04.583 2022/02/24T20:42:07z: AP_STAR tmr
 ets Jan  8 2013,rst cause:4, boot mode:(3,7)

wdt reset
load 0x4010f000, len 1384, room 16 
tail 8
chksum 0x2d
csum 0x2d
v8b899c12
~ld


6.01
 0h00:04.728 2022/02/24T21:02:09z: DS3231
 0h00:04.743 2022/02/24T21:02:09z: BME280 (0x76)
 0h00:04.757 2022/02/24T21:02:09z: 84:f3:eb:7d:7:a8
 0h00:04.759 2022/02/24T21:02:09z: SSID: MU Open
 0h00:04.764 2022/02/24T21:02:09z: AP_STAR tmr
 ets Jan  8 2013,rst cause:4, boot mode:(3,7)

wdt reset
load 0x4010f000, len 1384, room 16 
tail 8
chksum 0x2d
csum 0x2d
v8b899c12
~ld


6.01
 0h00:04.815 2022/02/24T21:22:10z: DS3231
 0h00:04.831 2022/02/24T21:22:10z: BME280 (0x76)
 0h00:04.845 2022/02/24T21:22:10z: 84:f3:eb:7d:7:a8
 0h00:04.847 2022/02/24T21:22:10z: SSID: MU Open
 0h00:04.852 2022/02/24T21:22:10z: AP_STAR tmr
 ets Jan  8 2013,rst cause:4, boot mode:(3,7)

wdt reset
load 0x4010f000, len 1384, room 16 
tail 8
chksum 0x2d
csum 0x2d
v8b899c12
~ld


6.01
 0h00:04.809 2022/02/24T21:42:11z: DS3231
 0h00:04.824 2022/02/24T21:42:12z: BME280 (0x76)
 0h00:04.839 2022/02/24T21:42:12z: 84:f3:eb:7d:7:a8
 0h00:04.840 2022/02/24T21:42:12z: SSID: MU Open
 0h00:04.845 2022/02/24T21:42:12z: AP_STAR tmr
 ets Jan  8 2013,rst cause:4, boot mode:(3,7)

wdt reset
load 0x4010f000, len 1384, room 16 
tail 8
chksum 0x2d
csum 0x2d
v8b899c12
~ld


6.01
 0h00:04.571 2022/02/24T22:02:12z: DS3231
 0h00:04.587 2022/02/24T22:02:12z: BME280 (0x76)
 0h00:04.601 2022/02/24T22:02:12z: 84:f3:eb:7d:7:a8
 0h00:04.602 2022/02/24T22:02:12z: SSID: MU Open
 0h00:04.608 2022/02/24T22:02:12z: AP_STAR tmr
 ets Jan  8 2013,rst cause:4, boot mode:(3,7)

wdt reset
load 0x4010f000, len 1384, room 16 
tail 8
chksum 0x2d
csum 0x2d
v8b899c12
~ld


6.01
 0h00:04.629 2022/02/24T22:22:14z: DS3231
 0h00:04.644 2022/02/24T22:22:14z: BME280 (0x76)
 0h00:04.658 2022/02/24T22:22:14z: 84:f3:eb:7d:7:a8
 0h00:04.660 2022/02/24T22:22:14z: SSID: MU Open
 0h00:04.665 2022/02/24T22:22:14z: AP_STAR tmr
 ets Jan  8 2013,rst cause:4, boot mode:(3,7)

wdt reset
load 0x4010f000, len 1384, room 16 
tail 8
chksum 0x2d
csum 0x2d
v8b899c12
~ld


6.01
 0h00:04.686 2022/02/24T22:42:16z: DS3231
 0h00:04.702 2022/02/24T22:42:16z: BME280 (0x76)
 0h00:04.716 2022/02/24T22:42:16z: 84:f3:eb:7d:7:a8
 0h00:04.718 2022/02/24T22:42:16z: SSID: MU Open
 0h00:04.723 2022/02/24T22:42:16z: AP_STAR tmr
 ets Jan  8 2013,rst cause:4, boot mode:(3,7)

wdt reset
load 0x4010f000, len 1384, room 16 
tail 8
chksum 0x2d
csum 0x2d
v8b899c12
~ld


6.01
 0h00:04.811 2022/02/24T23:02:17z: DS3231
 0h00:04.827 2022/02/24T23:02:17z: BME280 (0x76)
 0h00:04.841 2022/02/24T23:02:17z: 84:f3:eb:7d:7:a8
 0h00:04.843 2022/02/24T23:02:17z: SSID: MU Open
 0h00:04.848 2022/02/24T23:02:17z: AP_STAR tmr
 ets Jan  8 2013,rst cause:4, boot mode:(3,7)

wdt reset
load 0x4010f000, len 1384, room 16 
tail 8
chksum 0x2d
csum 0x2d
v8b899c12
~ld


6.01
 0h00:04.665 2022/02/24T23:22:18z: DS3231
 0h00:04.680 2022/02/24T23:22:18z: BME280 (0x76)
 0h00:04.694 2022/02/24T23:22:18z: 84:f3:eb:7d:7:a8
 0h00:04.696 2022/02/24T23:22:18z: SSID: MU Open
 0h00:04.701 2022/02/24T23:22:18z: AP_STAR tmr
 ets Jan  8 2013,rst cause:4, boot mode:(3,7)

wdt reset
load 0x4010f000, len 1384, room 16 
tail 8
chksum 0x2d
csum 0x2d
v8b899c12
~ld


6.01
 0h00:04.653 2022/02/24T23:42:20z: DS3231
 0h00:04.669 2022/02/24T23:42:20z: BME280 (0x76)
 0h00:04.683 2022/02/24T23:42:20z: 84:f3:eb:7d:7:a8
 0h00:04.685 2022/02/24T23:42:20z: SSID: MU Open
 0h00:04.690 2022/02/24T23:42:20z: AP_STA