R tmr
 ets Jan  8 2013,rst cause:4, boot mode:(3,7)

wdt reset
load 0x4010f000, len 1384, room 16 
tail 8
chksum 0x2d
csum 0x2d
v8b899c12
~ld


6.01
 0h00:04.606 2022/07/22T00:03:08z: DS3231
 0h00:04.622 2022/07/22T00:03:08z: BME280 (0x76)
 0h00:04.636 2022/07/22T00:03:08z: 84:f3:eb:7d:7:a8
 0h00:04.638 2022/07/22T00:03:08z: SSID: MU Open
 0h00:04.643 2022/07/22T00:03:08z: AP_STAR tmr
 ets Jan  8 2013,rst cause:4, boot mode:(3,7)

wdt reset
load 0x4010f000, len 1384, room 16 
tail 8
chksum 0x2d
csum 0x2d
v8b899c12
~ld


6.01
 0h00:04.684 2022/07/22T00:23:11z: DS3231
 0h00:04.700 2022/07/22T00:23:11z: BME280 (0x76)
 0h00:04.714 2022/07/22T00:23:11z: 84:f3:eb:7d:7:a8
 0h00:04.716 2022/07/22T00:23:11z: SSID: MU Open
 0h00:04.721 2022/07/22T00:23:11z: AP_STAR tmr
 ets Jan  8 2013,rst cause:4, boot mode:(3,7)

wdt reset
load 0x4010f000, len 1384, room 16 
tail 8
chksum 0x2d
csum 0x2d
v8b899c12
~ld


6.01
 0h00:04.606 2022/07/22T00:43:14z: DS3231
 0h00:04.621 2022/07/22T00:43:14z: BME280 (0x76)
 0h00:04.635 2022/07/22T00:43:14z: 84:f3:eb:7d:7:a8
 0h00:04.637 2022/07/22T00:43:14z: SSID: MU Open
 0h00:04.642 2022/07/22T00:43:14z: AP_STAR tmr
 ets Jan  8 2013,rst cause:4, boot mode:(3,7)

wdt reset
load 0x4010f000, len 1384, room 16 
tail 8
chksum 0x2d
csum 0x2d
v8b899c12
~ld


6.01
 0h00:04.927 2022/07/22T01:03:17z: DS3231
 0h00:04.943 2022/07/22T01:03:17z: BME280 (0x76)
 0h00:04.957 2022/07/22T01:03:17z: 84:f3:eb:7d:7:a8
 0h00:04.959 2022/07/22T01:03:17z: SSID: MU Open
 0h00:04.964 2022/07/22T01:03:17z: AP_STAR tmr
 ets Jan  8 2013,rst cause:4, boot mode:(3,7)

wdt reset
load 0x4010f000, len 1384, room 16 
tail 8
chksum 0x2d
csum 0x2d
v8b899c12
~ld


6.01
 0h00:04.878 2022/07/22T01:23:21z: DS3231
 0h00:04.894 2022/07/22T01:23:21z: BME280 (0x76)
 0h00:04.908 2022/07/22T01:23:21z: 84:f3:eb:7d:7:a8
 0h00:04.910 2022/07/22T01:23:21z: SSID: MU Open
 0h00:04.915 2022/07/22T01:23:21z: AP_STAR tmr
 ets Jan  8 2013,rst cause:4, boot mode:(3,7)

wdt reset
load 0x4010f000, len 1384, room 16 
tail 8
chksum 0x2d
csum 0x2d
v8b899c12
~ld


6.01
 0h00:04.733 2022/07/22T01:43:24z: DS3231
 0h00:04.748 2022/07/22T01:43:24z: BME280 (0x76)
 0h00:04.762 2022/07/22T01:43:24z: 84:f3:eb:7d:7:a8
 0h00:04.764 2022/07/22T01:43:24z: SSID: MU Open
 0h00:04.769 2022/07/22T01:43:24z: AP_STAR tmr
 ets Jan  8 2013,rst cause:4, boot mode:(3,7)

wdt reset
load 0x4010f000, len 1384, room 16 
tail 8
chksum 0x2d
csum 0x2d
v8b899c12
~ld


6.01
 0h00:04.796 2022/07/22T02:03:28z: DS3231
 0h00:04.811 2022/07/22T02:03:28z: BME280 (0x76)
 0h00:04.825 2022/07/22T02:03:28z: 84:f3:eb:7d:7:a8
 0h00:04.827 2022/07/22T02:03:28z: SSID: MU Open
 0h00:04.832 2022/07/22T02:03:28z: AP_STAR tmr
 ets Jan  8 2013,rst cause:4, boot mode:(3,7)

wdt reset
load 0x4010f000, len 1384, room 16 
tail 8
chksum 0x2d
csum 0x2d
v8b899c12
~ld


6.01
 0h00:04.883 2022/07/22T02:23:31z: DS3231
 0h00:04.898 2022/07/22T02:23:31z: BME280 (0x76)
 0h00:04.912 2022/07/22T02:23:31z: 84:f3:eb:7d:7:a8
 0h00:04.914 2022/07/22T02:23:31z: SSID: MU Open
 0h00:04.919 2022/07/22T02:23:31z: AP_STAR tmr
 ets Jan  8 2013,rst cause:4, boot mode:(3,7)

wdt reset
load 0x4010f000, len 1384, room 16 
tail 8
chksum 0x2d
csum 0x2d
v8b899c12
~ld


6.01
 0h00:04.870 2022/07/22T02:43:34z: DS3231
 0h00:04.885 2022/07/22T02:43:34z: BME280 (0x76)
 0h00:04.899 2022/07/22T02:43:34z: 84:f3:eb:7d:7:a8
 0h00:04.901 2022/07/22T02:43:34z: SSID: MU Open
 0h00:04.906 2022/07/22T02:43:34z: AP_STAR tmr
 ets Jan  8 2013,rst cause:4, boot mode:(3,7)

wdt reset
load 0x4010f000, len 1384, room 16 
tail 8
chksum 0x2d
csum 0x2d
v8b899c12
~ld


6.01
 0h00:04.960 2022/07/22T03:03:37z: DS3231
 0h00:04.975 2022/07/22T03:03:37z: BME280 (0x76)
 0h00:04.989 2022/07/22T03:03:37z: 84:f3:eb:7d:7:a8
 0h00:04.991 2022/07/22T03:03:37z: SSID: MU Open
 0h00:04.996 2022/07/22T03:03:37z: AP_STAR tmr
 ets Jan  8 2013,rst cause:4, boot mode:(3,7)

wdt reset
load 0x4010f000, len 1384, room 16 
tail 8
chksum 0x2d
csum 0x2d
v8b899c12
~ld


6.01
 0h00:04.866 2022/07/22T03:23:40z: DS3231
 0h00:04.881 2022/07/22T03:23:40z: BME280 (0x76)
 0h00:04.896 2022/07/22T03:23:40z: 84:f3:eb:7d:7:a8
 0h00:04.897 2022/07/22T03:23:40z: SSID: MU Open
 0h00:04.902 2022/07/22T03:23:40z: AP_STAR tmr
 ets Jan  8 2013,rst cause:4, boot mode:(3,7)

wdt reset
load 0x4010f000, len 1384, room 16 
tail 8
chksum 0x2d
csum 0x2d
v8b899c12
~ld


6.01
 0h00:04.809 2022/07/22T03:43:43z: DS3231
 0h00:04.824 2022/07/22T03:43:43z: BME280 (0x76)
 0h00:04.838 2022/07/22T03:43:43z: 84:f3:eb:7d:7:a8
 0h00:04.840 2022/07/22T03:43:43z: SSID: MU Open
 0h00:04.845 2022/07/22T03:43:43z: AP_STAR tmr
 ets Jan  8 2013,rst cause:4, boot mode:(3,7)

wdt reset
load 0x4010f000, len 1384, room 16 
tail 8
chksum 0x2d
csum 0x2d
v8b899c12
~ld


6.01
 0h00:04.596 2022/07/22T04:03:46z: DS3231
 0h00:04.611 2022/07/22T04:03:46z: BME280 (0x76)
 0h00:04.625 2022/07/22T04:03:46z: 84:f3:eb:7d:7:a8
 0h00:04.627 2022/07/22T04:03:46z: SSID: MU Open
 0h00:04.632 2022/07/22T04:03:46z: AP_STAR tmr
 ets Jan  8 2013,rst cause:4, boot mode:(3,7)

wdt reset
load 0x4010f000, len 1384, room 16 
tail 8
chksum 0x2d
csum 0x2d
v8b899c12
~ld


6.01
 0h00:04.776 2022/07/22T04:23:49z: DS3231
 0h00:04.791 2022/07/22T04:23:49z: BME280 (0x76)
 0h00:04.805 2022/07/22T04:23:49z: 84:f3:eb:7d:7:a8
 0h00:04.807 2022/07/22T04:23:49z: SSID: MU Open
 0h00:04.812 2022/07/22T04:23:49z: AP_STAR tmr
 ets Jan  8 2013,rst cause:4, boot mode:(3,7)

wdt reset
load 0x4010f000, len 1384, room 16 
tail 8
chksum 0x2d
csum 0x2d
v8b899c12
~ld


6.01
 0h00:04.946 2022/07/22T04:43:51z: DS3231
 0h00:04.961 2022/07/22T04:43:51z: BME280 (0x76)
 0h00:04.976 2022/07/22T04:43:51z: 84:f3:eb:7d:7:a8
 0h00:04.977 2022/07/22T04:43:51z: SSID: MU Open
 0h00:04.982 2022/07/22T04:43:51z: AP_STAR tmr
 ets Jan  8 2013,rst cause:4, boot mode:(3,7)

wdt reset
load 0x4010f000, len 1384, room 16 
tail 8
chksum 0x2d
csum 0x2d
v8b899c12
~ld


6.01
 0h00:04.815 2022/07/22T05:03:54z: DS3231
 0h00:04.830 2022/07/22T05:03:54z: BME280 (0x76)
 0h00:04.844 2022/07/22T05:03:54z: 84:f3:eb:7d:7:a8
 0h00:04.846 2022/07/22T05:03:54z: SSID: MU Open
 0h00:04.851 2022/07/22T05:03:54z: AP_STAR tmr
 ets Jan  8 2013,rst cause:4, boot mode:(3,7)

wdt reset
load 0x4010f000, len 1384, room 16 
tail 8
chksum 0x2d
csum 0x2d
v8b899c12
~ld


6.01
 0h00:04.861 2022/07/22T05:23:58z: DS3231
 0h00:04.877 2022/07/22T05:23:58z: BME280 (0x76)
 0h00:04.891 2022/07/22T05:23:58z: 84:f3:eb:7d:7:a8
 0h00:04.892 2022/07/22T05:23:58z: SSID: MU Open
 0h00:04.898 2022/07/22T05:23:58z: AP_STAR tmr
 ets Jan  8 2013,rst cause:4, boot mode:(3,7)

wdt reset
load 0x4010f000, len 1384, room 16 
tail 8
chksum 0x2d
csum 0x2d
v8b899c12
~ld


6.01
 0h00:04.784 2022/07/22T05:44:00z: DS3231
 0h00:04.799 2022/07/22T05:44:00z: BME280 (0x76)
 0h00:04.813 2022/07/22T05:44:00z: 84:f3:eb:7d:7:a8
 0h00:04.815 2022/07/22T05:44:00z: SSID: MU Open
 0h00:04.820 2022/07/22T05:44:00z: AP_STAR tmr
 ets Jan  8 2013,rst cause:4, boot mode:(3,7)

wdt reset
load 0x4010f000, len 1384, room 16 
tail 8
chksum 0x2d
csum 0x2d
v8b899c12
~ld


6.01
 0h00:04.725 2022/07/22T06:04:04z: DS3231
 0h00:04.740 2022/07/22T06:04:04z: BME280 (0x76)
 0h00:04.754 2022/07/22T06:04:04z: 84:f3:eb:7d:7:a8
 0h00:04.756 2022/07/22T06:04:04z: SSID: MU Open
 0h00:04.761 2022/07/22T06:04:04z: AP_STAR tmr
 ets Jan  8 2013,rst cause:4, boot mode:(3,7)

wdt reset
load 0x4010f000, len 1384, room 16 
tail 8
chksum 0x2d
csum 0x2d
v8b899c12
~ld


6.01
 0h00:04.855 2022/07/22T06:24:08z: DS3231
 0h00:04.871 2022/07/22T06:24:08z: BME280 (0x76)
 0h00:04.885 2022/07/22T06:24:08z: 84:f3:eb:7d:7:a8
 0h00:04.886 2022/07/22T06:24:08z: SSID: MU Open
 0h00:04.892 2022/07/22T06:24:08z: AP_STAR tmr
 ets Jan  8 2013,rst cause:4, boot mode:(3,7)

wdt reset
load 0x4010f000, len 1384, room 16 
tail 8
chksum 0x2d
csum 0x2d
v8b899c12
~ld


6.01
 0h00:04.979 2022/07/22T06:44:11z: DS3231
 0h00:04.994 2022/07/22T06:44:11z: BME280 (0x76)
 0h00:05.008 2022/07/22T06:44:11z: 84:f3:eb:7d:7:a8
 0h00:05.010 2022/07/22T06:44:11z: SSID: MU Open
 0h00:05.015 2022/07/22T06:44:11z: AP_STAR tmr
 ets Jan  8 2013,rst cause:4, boot mode:(3,7)

wdt reset
load 0x4010f000, len 1384, room 16 
tail 8
chksum 0x2d
csum 0x2d
v8b899c12
~ld


6.01
 0h00:04.782 2022/07/22T07:04:15z: DS3231
 0h00:04.797 2022/07/22T07:04:15z: BME280 (0x76)
 0h00:04.812 2022/07/22T07:04:15z: 84:f3:eb:7d:7:a8
 0h00:04.813 2022/07/22T07:04:15z: SSID: MU Open
 0h00:04.818 2022/07/22T07:04:15z: AP_STAR tmr
 ets Jan  8 2013,rst cause:4, boot mode:(3,7)

wdt reset
load 0x4010f000, len 1384, room 16 
tail 8
chksum 0x2d
csum 0x2d
v8b899c12
~ld


6.01
 0h00:04.738 2022/07/22T07:24:18z: DS3231
 0h00:04.753 2022/07/22T07:24:18z: BME280 (0x76)
 0h00:04.768 2022/07/22T07:24:18z: 84:f3:eb:7d:7:a8
 0h00:04.769 2022/07/22T07:24:18z: SSID: MU Open
 0h00:04.775 2022/07/22T07:24:18z: AP_STAR tmr
 ets Jan  8 2013,rst cause:4, boot mode:(3,7)

wdt reset
load 0x4010f000, len 1384, room 16 
tail 8
chksum 0x2d
csum 0x2d
v8b899c12
~ld


6.01
 0h00:05.007 2022/07/22T07:44:22z: DS3231
 0h00:05.022 2022/07/22T07:44:22z: BME280 (0x76)
 0h00:05.036 2022/07/22T07:44:22z: 84:f3:eb:7d:7:a8
 0h00:05.038 2022/07/22T07:44:22z: SSID: MU Open
 0h00:05.043 2022/07/22T07:44:22z: AP_STAR tmr
 ets Jan  8 2013,rst cause:4, boot mode:(3,7)

wdt reset
load 0x4010f000, len 1384, room 16 
tail 8
chksum 0x2d
csum 0x2d
v8b899c12
~ld


6.01
 0h00:05.015 2022/07/22T08:04:26z: DS3231
 0h00:05.031 2022/07/22T08:04:26z: BME280 (0x76)
 0h00:05.045 2022/07/22T08:04:26z: 84:f3:eb:7d:7:a8
 0h00:05.046 2022/07/22T08:04:26z: SSID: MU Open
 0h00:05.051 2022/07/22T08:04:26z: AP_STAR tmr
 ets Jan  8 2013,rst cause:4, boot mode:(3,7)

wdt reset
load 0x4010f000, len 1384, room 16 
tail 8
chksum 0x2d
csum 0x2d
v8b899c12
~ld


6.01
 0h00:04.762 2022/07/22T08:24:30z: DS3231
 0h00:04.777 2022/07/22T08:24:30z: BME280 (0x76)
 0h00:04.792 2022/07/22T08:24:30z: 84:f3:eb:7d:7:a8
 0h00:04.793 2022/07/22T08:24:30z: SSID: MU Open
 0h00:04.798 2022/07/22T08:24:30z: AP_STAR tmr
 ets Jan  8 2013,rst cause:4, boot mode:(3,7)

wdt reset
load 0x4010f000, len 1384, room 16 
tail 8
chksum 0x2d
csum 0x2d
v8b899c12
~ld


6.01
 0h00:04.720 2022/07/22T08:44:33z: DS3231
 0h00:04.735 2022/07/22T08:44:33z: BME280 (0x76)
 0h00:04.749 2022/07/22T08:44:33z: 84:f3:eb:7d:7:a8
 0h00:04.751 2022/07/22T08:44:33z: SSID: MU Open
 0h00:04.756 2022/07/22T08:44:33z: AP_STAR tmr
 ets Jan  8 2013,rst cause:4, boot mode:(3,7)

wdt reset
load 0x4010f000, len 1384, room 16 
tail 8
chksum 0x2d
csum 0x2d
v8b899c12
~ld


6.01
 0h00:05.055 2022/07/22T09:04:36z: DS3231
 0h00:05.070 2022/07/22T09:04:36z: BME280 (0x76)
 0h00:05.085 2022/07/22T09:04:36z: 84:f3:eb:7d:7:a8
 0h00:05.086 2022/07/22T09:04:36z: SSID: MU Open
 0h00:05.091 2022/07/22T09:04:36z: AP_STAR tmr
 ets Jan  8 2013,rst cause:4, boot mode:(3,7)

wdt reset
load 0x4010f000, len 1384, room 16 
tail 8
chksum 0x2d
csum 0x2d
v8b899c12
~ld


6.01
 0h00:05.161 2022/07/22T09:24:40z: DS3231
 0h00:05.176 2022/07/22T09:24:40z: BME280 (0x76)
 0h00:05.190 2022/07/22T09:24:40z: 84:f3:eb:7d:7:a8
 0h00:05.192 2022/07/22T09:24:40z: SSID: MU Open
 0h00:05.197 2022/07/22T09:24:40z: AP_STAR tmr
 ets Jan  8 2013,rst cause:4, boot mode:(3,7)

wdt reset
load 0x4010f000, len 1384, room 16 
tail 8
chksum 0x2d
csum 0x2d
v8b899c12
~ld


6.01
 0h00:04.609 2022/07/22T09:44:43z: DS3231
 0h00:04.624 2022/07/22T09:44:43z: BME280 (0x76)
 0h00:04.638 2022/07/22T09:44:43z: 84:f3:eb:7d:7:a8
 0h00:04.640 2022/07/22T09:44:43z: SSID: MU Open
 0h00:04.645 2022/07/22T09:44:43z: AP_STAR tmr
 ets Jan  8 2013,rst cause:4, boot mode:(3,7)

wdt reset
load 0x4010f000, len 1384, room 16 
tail 8
chksum 0x2d
csum 0x2d
v8b899c12
~ld


6.01
 0h00:05.071 2022/07/22T10:04:46z: DS3231
 0h00:05.086 2022/07/22T10:04:46z: BME280 (0x76)
 0h00:05.101 2022/07/22T10:04:46z: 84:f3:eb:7d:7:a8
 0h00:05.102 2022/07/22T10:04:46z: SSID: MU Open
 0h00:05.107 2022/07/22T10:04:46z: AP_STAR tmr
 ets Jan  8 2013,rst cause:4, boot mode:(3,7)

wdt reset
load 0x4010f000, len 1384, room 16 
tail 8
chksum 0x2d
csum 0x2d
v8b899c12
~ld


6.01
 0h00:05.286 2022/07/22T10:24:50z: DS3231
 0h00:05.301 2022/07/22T10:24:50z: BME280 (0x76)
 0h00:05.316 2022/07/22T10:24:50z: 84:f3:eb:7d:7:a8
 0h00:05.317 2022/07/22T10:24:50z: SSID: MU Open
 0h00:05.322 2022/07/22T10:24:50z: AP_STAR tmr
 ets Jan  8 2013,rst cause:4, boot mode:(3,7)

wdt reset
load 0x4010f000, len 1384, room 16 
tail 8
chksum 0x2d
csum 0x2d
v8b899c12
~ld


6.01
 0h00:05.190 2022/07/22T10:44:54z: DS3231
 0h00:05.206 2022/07/22T10:44:54z: BME280 (0x76)
 0h00:05.220 2022/07/22T10:44:54z: 84:f3:eb:7d:7:a8
 0h00:05.222 2022/07/22T10:44:54z: SSID: MU Open
 0h00:05.227 2022/07/22T10:44:54z: AP_STAR tmr
 ets Jan  8 2013,rst cause:4, boot mode:(3,7)

wdt reset
load 0x4010f000, len 1384, room 16 
tail 8
chksum 0x2d
csum 0x2d
v8b899c12
~ld


6.01
 0h00:05.030 2022/07/22T11:04:57z: DS3231
 0h00:05.045 2022/07/22T11:04:58z: BME280 (0x76)
 0h00:05.059 2022/07/22T11:04:58z: 84:f3:eb:7d:7:a8
 0h00:05.061 2022/07/22T11:04:58z: SSID: MU Open
 0h00:05.066 2022/07/22T11:04:58z: AP_STAR tmr
 ets Jan  8 2013,rst cause:4, boot mode:(3,7)

wdt reset
load 0x4010f000, len 1384, room 16 
tail 8
chksum 0x2d
csum 0x2d
v8b899c12
~ld


6.01
 0h00:05.090 2022/07/22T11:25:02z: DS3231
 0h00:05.106 2022/07/22T11:25:02z: BME280 (0x76)
 0h00:05.120 2022/07/22T11:25:02z: 84:f3:eb:7d:7:a8
 0h00:05.122 2022/07/22T11:25:02z: SSID: MU Open
 0h00:05.127 2022/07/22T11:25:02z: AP_STAR tmr
 ets Jan  8 2013,rst cause:4, boot mode:(3,7)

wdt reset
load 0x4010f000, len 1384, room 16 
tail 8
chksum 0x2d
csum 0x2d
v8b899c12
~ld


6.01
 0h00:05.002 2022/07/22T11:45:05z: DS3231
 0h00:05.017 2022/07/22T11:45:05z: BME280 (0x76)
 0h00:05.031 2022/07/22T11:45:05z: 84:f3:eb:7d:7:a8
 0h00:05.033 2022/07/22T11:45:05z: SSID: MU Open
 0h00:05.038 2022/07/22T11:45:05z: AP_STAR tmr
 ets Jan  8 2013,rst cause:4, boot mode:(3,7)

wdt reset
load 0x4010f000, len 1384, room 16 
tail 8
chksum 0x2d
csum 0x2d
v8b899c12
~ld


6.01
 0h00:04.958 2022/07/22T12:05:09z: DS3231
 0h00:04.974 2022/07/22T12:05:09z: BME280 (0x76)
 0h00:04.988 2022/07/22T12:05:09z: 84:f3:eb:7d:7:a8
 0h00:04.989 2022/07/22T12:05:09z: SSID: MU Open
 0h00:04.995 2022/07/22T12:05:09z: AP_STAR tmr
 ets Jan  8 2013,rst cause:4, boot mode:(3,7)

wdt reset
load 0x4010f000, len 1384, room 16 
tail 8
chksum 0x2d
csum 0x2d
v8b899c12
~ld


6.01
 0h00:04.906 2022/07/22T12:25:13z: DS3231
 0h00:04.921 2022/07/22T12:25:13z: BME280 (0x76)
 0h00:04.935 2022/07/22T12:25:13z: 84:f3:eb:7d:7:a8
 0h00:04.937 2022/07/22T12:25:13z: SSID: MU Open
 0h00:04.942 2022/07/22T12:25:13z: AP_STAR tmr
 ets Jan  8 2013,rst cause:4, boot mode:(3,7)

wdt reset
load 0x4010f000, len 1384, room 16 
tail 8
chksum 0x2d
csum 0x2d
v8b899c12
~ld


6.01
 0h00:04.610 2022/07/22T12:45:16z: DS3231
 0h00:04.626 2022/07/22T12:45:16z: BME280 (0x76)
 0h00:04.640 2022/07/22T12:45:16z: 84:f3:eb:7d:7:a8
 0h00:04.642 2022/07/22T12:45:16z: SSID: MU Open
 0h00:04.647 2022/07/22T12:45:16z: AP_STAR tmr
 ets Jan  8 2013,rst cause:4, boot mode:(3,7)

wdt reset
load 0x4010f000, len 1384, room 16 
tail 8
chksum 0x2d
csum 0x2d
v8b899c12
~ld


6.01
 0h00:04.827 2022/07/22T13:05:19z: DS3231
 0h00:04.842 2022/07/22T13:05:19z: BME280 (0x76)
 0h00:04.856 2022/07/22T13:05:19z: 84:f3:eb:7d:7:a8
 0h00:04.858 2022/07/22T13:05:19z: SSID: MU Open
 0h00:04.863 2022/07/22T13:05:19z: AP_STAR tmr
 ets Jan  8 2013,rst cause:4, boot mode:(3,7)

wdt reset
load 0x4010f000, len 1384, room 16 
tail 8
chksum 0x2d
csum 0x2d
v8b899c12
~ld


6.01
 0h00:04.821 2022/07/22T13:25:22z: DS3231
 0h00:04.837 2022/07/22T13:25:22z: BME280 (0x76)
 0h00:04.851 2022/07/22T13:25:22z: 84:f3:eb:7d:7:a8
 0h00:04.853 2022/07/22T13:25:22z: SSID: MU Open
 0h00:04.858 2022/07/22T13:25:22z: AP_STAR tmr
 ets Jan  8 2013,rst cause:4, boot mode:(3,7)

wdt reset
load 0x4010f000, len 1384, room 16 
tail 8
chksum 0x2d
csum 0x2d
v8b899c12
~ld


6.01
 0h00:04.770 2022/07/22T13:45:26z: DS3231
 0h00:04.785 2022/07/22T13:45:26z: BME280 (0x76)
 0h00:04.799 2022/07/22T13:45:26z: 84:f3:eb:7d:7:a8
 0h00:04.801 2022/07/22T13:45:26z: SSID: MU Open
 0h00:04.806 2022/07/22T13:45:26z: AP_STAR tmr
 ets Jan  8 2013,rst cause:4, boot mode:(3,7)

wdt reset
load 0x4010f000, len 1384, room 16 
tail 8
chksum 0x2d
csum 0x2d
v8b899c12
~ld


6.01
 0h00:04.312 2022/07/22T14:05:28z: DS3231
 0h00:04.328 2022/07/22T14:05:28z: BME280 (0x76)
 0h00:04.342 2022/07/22T14:05:28z: 84:f3:eb:7d:7:a8
 0h00:04.344 2022/07/22T14:05:28z: SSID: MU Open
 0h00:04.349 2022/07/22T14:05:28z: AP_STAR tmr
 ets Jan  8 2013,rst cause:4, boot mode:(3,7)

wdt reset
load 0x4010f000, len 1384, room 16 
tail 8
chksum 0x2d
csum 0x2d
v8b899c12
~ld


6.01
 0h00:04.781 2022/07/22T14:25:30z: DS3231
 0h00:04.797 2022/07/22T14:25:30z: BME280 (0x76)
 0h00:04.811 2022/07/22T14:25:30z: 84:f3:eb:7d:7:a8
 0h00:04.813 2022/07/22T14:25:30z: SSID: MU Open
 0h00:04.818 2022/07/22T14:25:30z: AP_STAR tmr
 ets Jan  8 2013,rst cause:4, boot mode:(3,7)

wdt reset
load 0x4010f000, len 1384, room 16 
tail 8
chksum 0x2d
csum 0x2d
v8b899c12
~ld


6.01
 0h00:04.825 2022/07/22T14:45:33z: DS3231
 0h00:04.841 2022/07/22T14:45:33z: BME280 (0x76)
 0h00:04.855 2022/07/22T14:45:33z: 84:f3:eb:7d:7:a8
 0h00:04.857 2022/07/22T14:45:33z: SSID: MU Open
 0h00:04.862 2022/07/22T14:45:33z: AP_STAR tmr
 ets Jan  8 2013,rst cause:4, boot mode:(3,7)

wdt reset
load 0x4010f000, len 1384, room 16 
tail 8
chksum 0x2d
csum 0x2d
v8b899c12
~ld


6.01
 0h00:04.846 2022/07/22T15:05:36z: DS3231
 0h00:04.861 2022/07/22T15:05:36z: BME280 (0x76)
 0h00:04.875 2022/07/22T15:05:36z: 84:f3:eb:7d:7:a8
 0h00:04.877 2022/07/22T15:05:36z: SSID: MU Open
 0h00:04.882 2022/07/22T15:05:36z: AP_STAR tmr
 ets Jan  8 2013,rst cause:4, boot mode:(3,7)

wdt reset
load 0x4010f000, len 1384, room 16 
tail 8
chksum 0x2d
csum 0x2d
v8b899c12
~ld


6.01
 0h00:04.789 2022/07/22T15:25:39z: DS3231
 0h00:04.805 2022/07/22T15:25:39z: BME280 (0x76)
 0h00:04.819 2022/07/22T15:25:39z: 84:f3:eb:7d:7:a8
 0h00:04.821 2022/07/22T15:25:39z: SSID: MU Open
 0h00:04.826 2022/07/22T15:25:39z: AP_STAR tmr
 ets Jan  8 2013,rst cause:4, boot mode:(3,7)

wdt reset
load 0x4010f000, len 1384, room 16 
tail 8
chksum 0x2d
csum 0x2d
v8b899c12
~ld


6.01
 0h00:04.791 2022/07/22T15:45:42z: DS3231
 0h00:04.806 2022/07/22T15:45:42z: BME280 (0x76)
 0h00:04.820 2022/07/22T15:45:42z: 84:f3:eb:7d:7:a8
 0h00:04.822 2022/07/22T15:45:42z: SSID: MU Open
 0h00:04.827 2022/07/22T15:45:42z: AP_STAR tmr
 ets Jan  8 2013,rst cause:4, boot mode:(3,7)

wdt reset
load 0x4010f000, len 1384, room 16 
tail 8
chksum 0x2d
csum 0x2d
v8b899c12
~ld


6.01
 0h00:04.485 2022/07/22T16:05:44z: DS3231
 0h00:04.500 2022/07/22T16:05:44z: BME280 (0x76)
 0h00:04.515 2022/07/22T16:05:44z: 84:f3:eb:7d:7:a8
 0h00:04.516 2022/07/22T16:05:44z: SSID: MU Open
 0h00:04.521 2022/07/22T16:05:44z: AP_STAR tmr
 ets Jan  8 2013,rst cause:4, boot mode:(3,7)

wdt reset
load 0x4010f000, len 1384, room 16 
tail 8
chksum 0x2d
csum 0x2d
v8b899c12
~ld


6.01
 0h00:04.750 2022/07/22T16:25:46z: DS3231
 0h00:04.766 2022/07/22T16:25:46z: BME280 (0x76)
 0h00:04.780 2022/07/22T16:25:47z: 84:f3:eb:7d:7:a8
 0h00:04.782 2022/07/22T16:25:47z: SSID: MU Open
 0h00:04.787 2022/07/22T16:25:47z: AP_STAR tmr
 ets Jan  8 2013,rst cause:4, boot mode:(3,7)

wdt reset
load 0x4010f000, len 1384, room 16 
tail 8
chksum 0x2d
csum 0x2d
v8b899c12
~ld


6.01
 0h00:04.510 2022/07/22T16:45:49z: DS3231
 0h00:04.525 2022/07/22T16:45:49z: BME280 (0x76)
 0h00:04.539 2022/07/22T16:45:50z: 84:f3:eb:7d:7:a8
 0h00:04.541 2022/07/22T16:45:50z: SSID: MU Open
 0h00:04.546 2022/07/22T16:45:50z: AP_STAR tmr
 ets Jan  8 2013,rst cause:4, boot mode:(3,7)

wdt reset
load 0x4010f000, len 1384, room 16 
tail 8
chksum 0x2d
csum 0x2d
v8b899c12
~ld


6.01
 0h00:04.646 2022/07/22T17:05:52z: DS3231
 0h00:04.661 2022/07/22T17:05:52z: BME280 (0x76)
 0h00:04.675 2022/07/22T17:05:52z: 84:f3:eb:7d:7:a8
 0h00:04.677 2022/07/22T17:05:52z: SSID: MU Open
 0h00:04.682 2022/07/22T17:05:52z: AP_STAR tmr
 ets Jan  8 2013,rst cause:4, boot mode:(3,7)

wdt reset
load 0x4010f000, len 1384, room 16 
tail 8
chksum 0x2d
csum 0x2d
v8b899c12
~ld


6.01
 0h00:04.802 2022/07/22T17:25:55z: DS3231
 0h00:04.817 2022/07/22T17:25:55z: BME280 (0x76)
 0h00:04.831 2022/07/22T17:25:55z: 84:f3:eb:7d:7:a8
 0h00:04.833 2022/07/22T17:25:55z: SSID: MU Open
 0h00:04.838 2022/07/22T17:25:55z: AP_STAR tmr
 ets Jan  8 2013,rst cause:4, boot mode:(3,7)

wdt reset
load 0x4010f000, len 1384, room 16 
tail 8
chksum 0x2d
csum 0x2d
v8b899c12
~ld


6.01
 0h00:04.508 2022/07/22T17:45:58z: DS3231
 0h00:04.523 2022/07/22T17:45:58z: BME280 (0x76)
 0h00:04.538 2022/07/22T17:45:58z: 84:f3:eb:7d:7:a8
 0h00:04.539 2022/07/22T17:45:58z: SSID: MU Open
 0h00:04.544 2022/07/22T17:45:58z: AP_STAR tmr
 ets Jan  8 2013,rst cause:4, boot mode:(3,7)

wdt reset
load 0x4010f000, len 1384, room 16 
tail 8
chksum 0x2d
csum 0x2d
v8b899c12
~ld


6.01
 0h00:04.508 2022/07/22T18:06:01z: DS3231
 0h00:04.523 2022/07/22T18:06:01z: BME280 (0x76)
 0h00:04.538 2022/07/22T18:06:01z: 84:f3:eb:7d:7:a8
 0h00:04.539 2022/07/22T18:06:01z: SSID: MU Open
 0h00:04.544 2022/07/22T18:06:01z: AP_STAR tmr
 ets Jan  8 2013,rst cause:4, boot mode:(3,7)

wdt reset
load 0x4010f000, len 1384, room 16 
tail 8
chksum 0x2d
csum 0x2d
v8b899c12
~ld


6.01
 0h00:04.528 2022/07/22T18:26:03z: DS3231
 0h00:04.543 2022/07/22T18:26:03z: BME280 (0x76)
 0h00:04.557 2022/07/22T18:26:03z: 84:f3:eb:7d:7:a8
 0h00:04.559 2022/07/22T18:26:03z: SSID: MU Open
 0h00:04.564 2022/07/22T18:26:03z: AP_STAR tmr
 ets Jan  8 2013,rst cause:4, boot mode:(3,7)

wdt reset
load 0x4010f000, len 1384, room 16 
tail 8
chksum 0x2d
csum 0x2d
v8b899c12
~ld


6.01
 0h00:04.658 2022/07/22T18:46:06z: DS3231
 0h00:04.673 2022/07/22T18:46:06z: BME280 (0x76)
 0h00:04.687 2022/07/22T18:46:06z: 84:f3:eb:7d:7:a8
 0h00:04.689 2022/07/22T18:46:06z: SSID: MU Open
 0h00:04.694 2022/07/22T18:46:06z: AP_STAR tmr
 ets Jan  8 2013,rst cause:4, boot mode:(3,7)

wdt reset
load 0x4010f000, len 1384, room 16 
tail 8
chksum 0x2d
csum 0x2d
v8b899c12
~ld


6.01
 0h00:04.582 2022/07/22T19:06:08z: DS3231
 0h00:04.597 2022/07/22T19:06:08z: BME280 (0x76)
 0h00:04.612 2022/07/22T19:06:08z: 84:f3:eb:7d:7:a8
 0h00:04.613 2022/07/22T19:06:08z: SSID: MU Open
 0h00:04.619 2022/07/22T19:06:08z: AP_STAR tmr
 ets Jan  8 2013,rst cause:4, boot mode:(3,7)

wdt reset
load 0x4010f000, len 1384, room 16 
tail 8
chksum 0x2d
csum 0x2d
v8b899c12
~ld


6.01
 0h00:04.448 2022/07/22T19:26:11z: DS3231
 0h00:04.464 2022/07/22T19:26:11z: BME280 (0x76)
 0h00:04.478 2022/07/22T19:26:11z: 84:f3:eb:7d:7:a8
 0h00:04.479 2022/07/22T19:26:11z: SSID: MU Open
 0h00:04.485 2022/07/22T19:26:11z: AP_STAR tmr
 ets Jan  8 2013,rst cause:4, boot mode:(3,7)

wdt reset
load 0x4010f000, len 1384, room 16 
tail 8
chksum 0x2d
csum 0x2d
v8b899c12
~ld


6.01
 0h00:04.710 2022/07/22T19:46:14z: DS3231
 0h00:04.726 2022/07/22T19:46:14z: BME280 (0x76)
 0h00:04.740 2022/07/22T19:46:14z: 84:f3:eb:7d:7:a8
 0h00:04.742 2022/07/22T19:46:14z: SSID: MU Open
 0h00:04.747 2022/07/22T19:46:14z: AP_STAR tmr
 ets Jan  8 2013,rst cause:4, boot mode:(3,7)

wdt reset
load 0x4010f000, len 1384, room 16 
tail 8
chksum 0x2d
csum 0x2d
v8b899c12
~ld


6.01
 0h00:04.569 2022/07/22T20:06:16z: DS3231
 0h00:04.584 2022/07/22T20:06:16z: BME280 (0x76)
 0h00:04.598 2022/07/22T20:06:16z: 84:f3:eb:7d:7:a8
 0h00:04.600 2022/07/22T20:06:16z: SSID: MU Open
 0h00:04.605 2022/07/22T20:06:16z: AP_STAR tmr
 ets Jan  8 2013,rst cause:4, boot mode:(3,7)

wdt reset
load 0x4010f000, len 1384, room 16 
tail 8
chksum 0x2d
csum 0x2d
v8b899c12
~ld


6.01
 0h00:04.322 2022/07/22T20:26:19z: DS3231
 0h00:04.337 2022/07/22T20:26:19z: BME280 (0x76)
 0h00:04.351 2022/07/22T20:26:19z: 84:f3:eb:7d:7:a8
 0h00:04.353 2022/07/22T20:26:19z: SSID: MU Open
 0h00:04.358 2022/07/22T20:26:19z: AP_STAR tmr
 ets Jan  8 2013,rst cause:4, boot mode:(3,7)

wdt reset
load 0x4010f000, len 1384, room 16 
tail 8
chksum 0x2d
csum 0x2d
v8b899c12
~ld


6.01
 0h00:04.425 2022/07/22T20:46:21z: DS3231
 0h00:04.441 2022/07/22T20:46:21z: BME280 (0x76)
 0h00:04.455 2022/07/22T20:46:21z: 84:f3:eb:7d:7:a8
 0h00:04.457 2022/07/22T20:46:21z: SSID: MU Open
 0h00:04.462 2022/07/22T20:46:22z: AP_STAR tmr
 ets Jan  8 2013,rst cause:4, boot mode:(3,7)

wdt reset
load 0x4010f000, len 1384, room 16 
tail 8
chksum 0x2d
csum 0x2d
v8b899c12
~ld


6.01
 0h00:04.351 2022/07/22T21:06:23z: DS3231
 0h00:04.367 2022/07/22T21:06:23z: BME280 (0x76)
 0h00:04.381 2022/07/22T21:06:23z: 84:f3:eb:7d:7:a8
 0h00:04.383 2022/07/22T21:06:23z: SSID: MU Open
 0h00:04.388 2022/07/22T21:06:23z: AP_STAR tmr
 ets Jan  8 2013,rst cause:4, boot mode:(3,7)

wdt reset
load 0x4010f000, len 1384, room 16 
tail 8
chksum 0x2d
csum 0x2d
v8b899c12
~ld


6.01
 0h00:04.576 2022/07/22T21:26:26z: DS3231
 0h00:04.591 2022/07/22T21:26:26z: BME280 (0x76)
 0h00:04.605 2022/07/22T21:26:26z: 84:f3:eb:7d:7:a8
 0h00:04.607 2022/07/22T21:26:26z: SSID: MU Open
 0h00:04.612 2022/07/22T21:26:26z: AP_STAR tmr
 ets Jan  8 2013,rst cause:4, boot mode:(3,7)

wdt reset
load 0x4010f000, len 1384, room 16 
tail 8
chksum 0x2d
csum 0x2d
v8b899c12
~ld


6.01
 0h00:04.619 2022/07/22T21:46:29z: DS3231
 0h00:04.635 2022/07/22T21:46:29z: BME280 (0x76)
 0h00:04.649 2022/07/22T21:46:29z: 84:f3:eb:7d:7:a8
 0h00:04.651 2022/07/22T21:46:29z: SSID: MU Open
 0h00:04.656 2022/07/22T21:46:29z: AP_STAR tmr
 ets Jan  8 2013,rst cause:4, boot mode:(3,7)

wdt reset
load 0x4010f000, len 1384, room 16 
tail 8
chksum 0x2d
csum 0x2d
v8b899c12
~ld


6.01
 0h00:04.382 2022/07/22T22:06:31z: DS3231
 0h00:04.397 2022/07/22T22:06:31z: BME280 (0x76)
 0h00:04.412 2022/07/22T22:06:31z: 84:f3:eb:7d:7:a8
 0h00:04.413 2022/07/22T22:06:31z: SSID: MU Open
 0h00:04.418 2022/07/22T22:06:31z: AP_STAR tmr
 ets Jan  8 2013,rst cause:4, boot mode:(3,7)

wdt reset
load 0x4010f000, len 1384, room 16 
tail 8
chksum 0x2d
csum 0x2d
v8b899c12
~ld


6.01
 0h00:04.576 2022/07/22T22:26:33z: DS3231
 0h00:04.592 2022/07/22T22:26:33z: BME280 (0x76)
 0h00:04.606 2022/07/22T22:26:33z: 84:f3:eb:7d:7:a8
 0h00:04.607 2022/07/22T22:26:33z: SSID: MU Open
 0h00:04.613 2022/07/22T22:26:33z: AP_STAR tmr
 ets Jan  8 2013,rst cause:4, boot mode:(3,7)

wdt reset
load 0x4010f000, len 1384, room 16 
tail 8
chksum 0x2d
csum 0x2d
v8b899c12
~ld


6.01
 0h00:04.696 2022/07/22T22:46:36z: DS3231
 0h00:04.711 2022/07/22T22:46:36z: BME280 (0x76)
 0h00:04.725 2022/07/22T22:46:36z: 84:f3:eb:7d:7:a8
 0h00:04.727 2022/07/22T22:46:36z: SSID: MU Open
 0h00:04.732 2022/07/22T22:46:36z: AP_STAR tmr
 ets Jan  8 2013,rst cause:4, boot mode:(3,7)

wdt reset
load 0x4010f000, len 1384, room 16 
tail 8
chksum 0x2d
csum 0x2d
v8b899c12
~ld


6.01
 0h00:04.691 2022/07/22T23:06:38z: DS3231
 0h00:04.706 2022/07/22T23:06:38z: BME280 (0x76)
 0h00:04.720 2022/07/22T23:06:38z: 84:f3:eb:7d:7:a8
 0h00:04.722 2022/07/22T23:06:38z: SSID: MU Open
 0h00:04.727 2022/07/22T23:06:38z: AP_STAR tmr
 ets Jan  8 2013,rst cause:4, boot mode:(3,7)

wdt reset
load 0x4010f000, len 1384, room 16 
tail 8
chksum 0x2d
csum 0x2d
v8b899c12
~ld


6.01
 0h00:04.695 2022/07/22T23:26:42z: DS3231
 0h00:04.711 2022/07/22T23:26:42z: BME280 (0x76)
 0h00:04.725 2022/07/22T23:26:42z: 84:f3:eb:7d:7:a8
 0h00:04.726 2022/07/22T23:26:42z: SSID: MU Open
 0h00:04.732 2022/07/22T23:26:42z: AP_STAR tmr
 ets Jan  8 2013,rst cause:4, boot mode:(3,7)

wdt reset
load 0x4010f000, len 1384, room 16 
tail 8
chksum 0x2d
csum 0x2d
v8b899c12
~ld


6.01
 0h00:04.633 2022/07/22T23:46:44z: DS3231
 0h00:04.648 2022/07/22T23:46:44z: BME280 (0x76)
 0h00:04.663 2022/07/22T23:46:44z: 84:f3:eb:7d:7:a8
 0h00:04.664 2022/07/22T23:46:44z: SSID: MU Open
 0h00:04.669 2022/07/22T23:46:44z: AP_STA