R tmr
 ets Jan  8 2013,rst cause:4, boot mode:(3,7)

wdt reset
load 0x4010f000, len 1384, room 16 
tail 8
chksum 0x2d
csum 0x2d
v8b899c12
~ld


6.01
 0h00:04.525 2022/07/01T00:05:20z: DS3231
 0h00:04.540 2022/07/01T00:05:20z: BME280 (0x76)
 0h00:04.554 2022/07/01T00:05:20z: 84:f3:eb:7d:7:a8
 0h00:04.556 2022/07/01T00:05:20z: SSID: MU Open
 0h00:04.561 2022/07/01T00:05:20z: AP_STAR tmr
 ets Jan  8 2013,rst cause:4, boot mode:(3,7)

wdt reset
load 0x4010f000, len 1384, room 16 
tail 8
chksum 0x2d
csum 0x2d
v8b899c12
~ld


6.01
 0h00:04.548 2022/07/01T00:25:23z: DS3231
 0h00:04.564 2022/07/01T00:25:23z: BME280 (0x76)
 0h00:04.578 2022/07/01T00:25:23z: 84:f3:eb:7d:7:a8
 0h00:04.579 2022/07/01T00:25:23z: SSID: MU Open
 0h00:04.585 2022/07/01T00:25:23z: AP_STAR tmr
 ets Jan  8 2013,rst cause:4, boot mode:(3,7)

wdt reset
load 0x4010f000, len 1384, room 16 
tail 8
chksum 0x2d
csum 0x2d
v8b899c12
~ld


6.01
 0h00:04.676 2022/07/01T00:45:25z: DS3231
 0h00:04.692 2022/07/01T00:45:25z: BME280 (0x76)
 0h00:04.706 2022/07/01T00:45:25z: 84:f3:eb:7d:7:a8
 0h00:04.708 2022/07/01T00:45:25z: SSID: MU Open
 0h00:04.713 2022/07/01T00:45:25z: AP_STAR tmr
 ets Jan  8 2013,rst cause:4, boot mode:(3,7)

wdt reset
load 0x4010f000, len 1384, room 16 
tail 8
chksum 0x2d
csum 0x2d
v8b899c12
~ld


6.01
 0h00:04.680 2022/07/01T01:05:28z: DS3231
 0h00:04.695 2022/07/01T01:05:28z: BME280 (0x76)
 0h00:04.710 2022/07/01T01:05:28z: 84:f3:eb:7d:7:a8
 0h00:04.711 2022/07/01T01:05:28z: SSID: MU Open
 0h00:04.716 2022/07/01T01:05:28z: AP_STAR tmr
 ets Jan  8 2013,rst cause:4, boot mode:(3,7)

wdt reset
load 0x4010f000, len 1384, room 16 
tail 8
chksum 0x2d
csum 0x2d
v8b899c12
~ld


6.01
 0h00:04.564 2022/07/01T01:25:30z: DS3231
 0h00:04.580 2022/07/01T01:25:30z: BME280 (0x76)
 0h00:04.594 2022/07/01T01:25:30z: 84:f3:eb:7d:7:a8
 0h00:04.595 2022/07/01T01:25:30z: SSID: MU Open
 0h00:04.601 2022/07/01T01:25:30z: AP_STAR tmr
 ets Jan  8 2013,rst cause:4, boot mode:(3,7)

wdt reset
load 0x4010f000, len 1384, room 16 
tail 8
chksum 0x2d
csum 0x2d
v8b899c12
~ld


6.01
 0h00:04.646 2022/07/01T01:45:32z: DS3231
 0h00:04.661 2022/07/01T01:45:32z: BME280 (0x76)
 0h00:04.675 2022/07/01T01:45:32z: 84:f3:eb:7d:7:a8
 0h00:04.677 2022/07/01T01:45:32z: SSID: MU Open
 0h00:04.682 2022/07/01T01:45:32z: AP_STAR tmr
 ets Jan  8 2013,rst cause:4, boot mode:(3,7)

wdt reset
load 0x4010f000, len 1384, room 16 
tail 8
chksum 0x2d
csum 0x2d
v8b899c12
~ld


6.01
 0h00:04.613 2022/07/01T02:05:35z: DS3231
 0h00:04.629 2022/07/01T02:05:35z: BME280 (0x76)
 0h00:04.643 2022/07/01T02:05:35z: 84:f3:eb:7d:7:a8
 0h00:04.645 2022/07/01T02:05:35z: SSID: MU Open
 0h00:04.650 2022/07/01T02:05:35z: AP_STAR tmr
 ets Jan  8 2013,rst cause:4, boot mode:(3,7)

wdt reset
load 0x4010f000, len 1384, room 16 
tail 8
chksum 0x2d
csum 0x2d
v8b899c12
~ld


6.01
 0h00:04.589 2022/07/01T02:25:37z: DS3231
 0h00:04.604 2022/07/01T02:25:37z: BME280 (0x76)
 0h00:04.619 2022/07/01T02:25:37z: 84:f3:eb:7d:7:a8
 0h00:04.620 2022/07/01T02:25:37z: SSID: MU Open
 0h00:04.625 2022/07/01T02:25:37z: AP_STAR tmr
 ets Jan  8 2013,rst cause:4, boot mode:(3,7)

wdt reset
load 0x4010f000, len 1384, room 16 
tail 8
chksum 0x2d
csum 0x2d
v8b899c12
~ld


6.01
 0h00:04.399 2022/07/01T02:45:39z: DS3231
 0h00:04.415 2022/07/01T02:45:39z: BME280 (0x76)
 0h00:04.429 2022/07/01T02:45:39z: 84:f3:eb:7d:7:a8
 0h00:04.431 2022/07/01T02:45:39z: SSID: MU Open
 0h00:04.436 2022/07/01T02:45:39z: AP_STAR tmr
 ets Jan  8 2013,rst cause:4, boot mode:(3,7)

wdt reset
load 0x4010f000, len 1384, room 16 
tail 8
chksum 0x2d
csum 0x2d
v8b899c12
~ld


6.01
 0h00:04.706 2022/07/01T03:05:41z: DS3231
 0h00:04.721 2022/07/01T03:05:41z: BME280 (0x76)
 0h00:04.735 2022/07/01T03:05:41z: 84:f3:eb:7d:7:a8
 0h00:04.737 2022/07/01T03:05:41z: SSID: MU Open
 0h00:04.742 2022/07/01T03:05:41z: AP_STAR tmr
 ets Jan  8 2013,rst cause:4, boot mode:(3,7)

wdt reset
load 0x4010f000, len 1384, room 16 
tail 8
chksum 0x2d
csum 0x2d
v8b899c12
~ld


6.01
 0h00:04.616 2022/07/01T03:25:44z: DS3231
 0h00:04.631 2022/07/01T03:25:44z: BME280 (0x76)
 0h00:04.646 2022/07/01T03:25:44z: 84:f3:eb:7d:7:a8
 0h00:04.647 2022/07/01T03:25:44z: SSID: MU Open
 0h00:04.652 2022/07/01T03:25:44z: AP_STAR tmr
 ets Jan  8 2013,rst cause:4, boot mode:(3,7)

wdt reset
load 0x4010f000, len 1384, room 16 
tail 8
chksum 0x2d
csum 0x2d
v8b899c12
~ld


6.01
 0h00:04.696 2022/07/01T03:45:46z: DS3231
 0h00:04.711 2022/07/01T03:45:46z: BME280 (0x76)
 0h00:04.725 2022/07/01T03:45:46z: 84:f3:eb:7d:7:a8
 0h00:04.727 2022/07/01T03:45:46z: SSID: MU Open
 0h00:04.732 2022/07/01T03:45:46z: AP_STAR tmr
 ets Jan  8 2013,rst cause:4, boot mode:(3,7)

wdt reset
load 0x4010f000, len 1384, room 16 
tail 8
chksum 0x2d
csum 0x2d
v8b899c12
~ld


6.01
 0h00:04.516 2022/07/01T04:05:49z: DS3231
 0h00:04.531 2022/07/01T04:05:49z: BME280 (0x76)
 0h00:04.545 2022/07/01T04:05:49z: 84:f3:eb:7d:7:a8
 0h00:04.547 2022/07/01T04:05:49z: SSID: MU Open
 0h00:04.552 2022/07/01T04:05:49z: AP_STAR tmr
 ets Jan  8 2013,rst cause:4, boot mode:(3,7)

wdt reset
load 0x4010f000, len 1384, room 16 
tail 8
chksum 0x2d
csum 0x2d
v8b899c12
~ld


6.01
 0h00:04.688 2022/07/01T04:25:52z: DS3231
 0h00:04.703 2022/07/01T04:25:52z: BME280 (0x76)
 0h00:04.717 2022/07/01T04:25:52z: 84:f3:eb:7d:7:a8
 0h00:04.719 2022/07/01T04:25:52z: SSID: MU Open
 0h00:04.724 2022/07/01T04:25:52z: AP_STAR tmr
 ets Jan  8 2013,rst cause:4, boot mode:(3,7)

wdt reset
load 0x4010f000, len 1384, room 16 
tail 8
chksum 0x2d
csum 0x2d
v8b899c12
~ld


6.01
 0h00:04.755 2022/07/01T04:45:54z: DS3231
 0h00:04.771 2022/07/01T04:45:54z: BME280 (0x76)
 0h00:04.785 2022/07/01T04:45:54z: 84:f3:eb:7d:7:a8
 0h00:04.787 2022/07/01T04:45:54z: SSID: MU Open
 0h00:04.792 2022/07/01T04:45:54z: AP_STAR tmr
 ets Jan  8 2013,rst cause:4, boot mode:(3,7)

wdt reset
load 0x4010f000, len 1384, room 16 
tail 8
chksum 0x2d
csum 0x2d
v8b899c12
~ld


6.01
 0h00:04.647 2022/07/01T05:05:57z: DS3231
 0h00:04.662 2022/07/01T05:05:57z: BME280 (0x76)
 0h00:04.677 2022/07/01T05:05:57z: 84:f3:eb:7d:7:a8
 0h00:04.678 2022/07/01T05:05:57z: SSID: MU Open
 0h00:04.683 2022/07/01T05:05:57z: AP_STAR tmr
 ets Jan  8 2013,rst cause:4, boot mode:(3,7)

wdt reset
load 0x4010f000, len 1384, room 16 
tail 8
chksum 0x2d
csum 0x2d
v8b899c12
~ld


6.01
 0h00:04.633 2022/07/01T05:26:00z: DS3231
 0h00:04.648 2022/07/01T05:26:00z: BME280 (0x76)
 0h00:04.663 2022/07/01T05:26:00z: 84:f3:eb:7d:7:a8
 0h00:04.664 2022/07/01T05:26:00z: SSID: MU Open
 0h00:04.669 2022/07/01T05:26:00z: AP_STAR tmr
 ets Jan  8 2013,rst cause:4, boot mode:(3,7)

wdt reset
load 0x4010f000, len 1384, room 16 
tail 8
chksum 0x2d
csum 0x2d
v8b899c12
~ld


6.01
 0h00:04.750 2022/07/01T05:46:02z: DS3231
 0h00:04.766 2022/07/01T05:46:02z: BME280 (0x76)
 0h00:04.780 2022/07/01T05:46:02z: 84:f3:eb:7d:7:a8
 0h00:04.782 2022/07/01T05:46:02z: SSID: MU Open
 0h00:04.787 2022/07/01T05:46:02z: AP_STAR tmr
 ets Jan  8 2013,rst cause:4, boot mode:(3,7)

wdt reset
load 0x4010f000, len 1384, room 16 
tail 8
chksum 0x2d
csum 0x2d
v8b899c12
~ld


6.01
 0h00:04.693 2022/07/01T06:06:05z: DS3231
 0h00:04.709 2022/07/01T06:06:05z: BME280 (0x76)
 0h00:04.723 2022/07/01T06:06:05z: 84:f3:eb:7d:7:a8
 0h00:04.724 2022/07/01T06:06:05z: SSID: MU Open
 0h00:04.730 2022/07/01T06:06:05z: AP_STAR tmr
 ets Jan  8 2013,rst cause:4, boot mode:(3,7)

wdt reset
load 0x4010f000, len 1384, room 16 
tail 8
chksum 0x2d
csum 0x2d
v8b899c12
~ld


6.01
 0h00:04.670 2022/07/01T06:26:07z: DS3231
 0h00:04.685 2022/07/01T06:26:07z: BME280 (0x76)
 0h00:04.699 2022/07/01T06:26:07z: 84:f3:eb:7d:7:a8
 0h00:04.701 2022/07/01T06:26:07z: SSID: MU Open
 0h00:04.706 2022/07/01T06:26:07z: AP_STAR tmr
 ets Jan  8 2013,rst cause:4, boot mode:(3,7)

wdt reset
load 0x4010f000, len 1384, room 16 
tail 8
chksum 0x2d
csum 0x2d
v8b899c12
~ld


6.01
 0h00:04.716 2022/07/01T06:46:09z: DS3231
 0h00:04.731 2022/07/01T06:46:09z: BME280 (0x76)
 0h00:04.745 2022/07/01T06:46:09z: 84:f3:eb:7d:7:a8
 0h00:04.747 2022/07/01T06:46:09z: SSID: MU Open
 0h00:04.752 2022/07/01T06:46:09z: AP_STAR tmr
 ets Jan  8 2013,rst cause:4, boot mode:(3,7)

wdt reset
load 0x4010f000, len 1384, room 16 
tail 8
chksum 0x2d
csum 0x2d
v8b899c12
~ld


6.01
 0h00:04.732 2022/07/01T07:06:12z: DS3231
 0h00:04.748 2022/07/01T07:06:12z: BME280 (0x76)
 0h00:04.762 2022/07/01T07:06:12z: 84:f3:eb:7d:7:a8
 0h00:04.763 2022/07/01T07:06:12z: SSID: MU Open
 0h00:04.769 2022/07/01T07:06:12z: AP_STAR tmr
 ets Jan  8 2013,rst cause:4, boot mode:(3,7)

wdt reset
load 0x4010f000, len 1384, room 16 
tail 8
chksum 0x2d
csum 0x2d
v8b899c12
~ld


6.01
 0h00:04.737 2022/07/01T07:26:14z: DS3231
 0h00:04.752 2022/07/01T07:26:14z: BME280 (0x76)
 0h00:04.766 2022/07/01T07:26:14z: 84:f3:eb:7d:7:a8
 0h00:04.768 2022/07/01T07:26:14z: SSID: MU Open
 0h00:04.773 2022/07/01T07:26:14z: AP_STAR tmr
 ets Jan  8 2013,rst cause:4, boot mode:(3,7)

wdt reset
load 0x4010f000, len 1384, room 16 
tail 8
chksum 0x2d
csum 0x2d
v8b899c12
~ld


6.01
 0h00:04.687 2022/07/01T07:46:17z: DS3231
 0h00:04.702 2022/07/01T07:46:17z: BME280 (0x76)
 0h00:04.716 2022/07/01T07:46:17z: 84:f3:eb:7d:7:a8
 0h00:04.718 2022/07/01T07:46:17z: SSID: MU Open
 0h00:04.723 2022/07/01T07:46:17z: AP_STAR tmr
 ets Jan  8 2013,rst cause:4, boot mode:(3,7)

wdt reset
load 0x4010f000, len 1384, room 16 
tail 8
chksum 0x2d
csum 0x2d
v8b899c12
~ld


6.01
 0h00:04.829 2022/07/01T08:06:20z: DS3231
 0h00:04.844 2022/07/01T08:06:20z: BME280 (0x76)
 0h00:04.858 2022/07/01T08:06:20z: 84:f3:eb:7d:7:a8
 0h00:04.860 2022/07/01T08:06:20z: SSID: MU Open
 0h00:04.865 2022/07/01T08:06:20z: AP_STAR tmr
 ets Jan  8 2013,rst cause:4, boot mode:(3,7)

wdt reset
load 0x4010f000, len 1384, room 16 
tail 8
chksum 0x2d
csum 0x2d
v8b899c12
~ld


6.01
 0h00:04.656 2022/07/01T08:26:23z: DS3231
 0h00:04.671 2022/07/01T08:26:23z: BME280 (0x76)
 0h00:04.685 2022/07/01T08:26:23z: 84:f3:eb:7d:7:a8
 0h00:04.687 2022/07/01T08:26:23z: SSID: MU Open
 0h00:04.692 2022/07/01T08:26:23z: AP_STAR tmr
 ets Jan  8 2013,rst cause:4, boot mode:(3,7)

wdt reset
load 0x4010f000, len 1384, room 16 
tail 8
chksum 0x2d
csum 0x2d
v8b899c12
~ld


6.01
 0h00:04.659 2022/07/01T08:46:26z: DS3231
 0h00:04.674 2022/07/01T08:46:26z: BME280 (0x76)
 0h00:04.689 2022/07/01T08:46:26z: 84:f3:eb:7d:7:a8
 0h00:04.690 2022/07/01T08:46:26z: SSID: MU Open
 0h00:04.695 2022/07/01T08:46:26z: AP_STAR tmr
 ets Jan  8 2013,rst cause:4, boot mode:(3,7)

wdt reset
load 0x4010f000, len 1384, room 16 
tail 8
chksum 0x2d
csum 0x2d
v8b899c12
~ld


6.01
 0h00:04.702 2022/07/01T09:06:28z: DS3231
 0h00:04.718 2022/07/01T09:06:28z: BME280 (0x76)
 0h00:04.732 2022/07/01T09:06:28z: 84:f3:eb:7d:7:a8
 0h00:04.733 2022/07/01T09:06:28z: SSID: MU Open
 0h00:04.739 2022/07/01T09:06:28z: AP_STAR tmr
 ets Jan  8 2013,rst cause:4, boot mode:(3,7)

wdt reset
load 0x4010f000, len 1384, room 16 
tail 8
chksum 0x2d
csum 0x2d
v8b899c12
~ld


6.01
 0h00:04.710 2022/07/01T09:26:31z: DS3231
 0h00:04.726 2022/07/01T09:26:31z: BME280 (0x76)
 0h00:04.740 2022/07/01T09:26:31z: 84:f3:eb:7d:7:a8
 0h00:04.742 2022/07/01T09:26:31z: SSID: MU Open
 0h00:04.747 2022/07/01T09:26:31z: AP_STAR tmr
 ets Jan  8 2013,rst cause:4, boot mode:(3,7)

wdt reset
load 0x4010f000, len 1384, room 16 
tail 8
chksum 0x2d
csum 0x2d
v8b899c12
~ld


6.01
 0h00:04.684 2022/07/01T09:46:33z: DS3231
 0h00:04.699 2022/07/01T09:46:33z: BME280 (0x76)
 0h00:04.713 2022/07/01T09:46:33z: 84:f3:eb:7d:7:a8
 0h00:04.715 2022/07/01T09:46:33z: SSID: MU Open
 0h00:04.720 2022/07/01T09:46:33z: AP_STAR tmr
 ets Jan  8 2013,rst cause:4, boot mode:(3,7)

wdt reset
load 0x4010f000, len 1384, room 16 
tail 8
chksum 0x2d
csum 0x2d
v8b899c12
~ld


6.01
 0h00:04.683 2022/07/01T10:06:36z: DS3231
 0h00:04.698 2022/07/01T10:06:36z: BME280 (0x76)
 0h00:04.712 2022/07/01T10:06:36z: 84:f3:eb:7d:7:a8
 0h00:04.714 2022/07/01T10:06:36z: SSID: MU Open
 0h00:04.719 2022/07/01T10:06:36z: AP_STAR tmr
 ets Jan  8 2013,rst cause:4, boot mode:(3,7)

wdt reset
load 0x4010f000, len 1384, room 16 
tail 8
chksum 0x2d
csum 0x2d
v8b899c12
~ld


6.01
 0h00:04.689 2022/07/01T10:26:39z: DS3231
 0h00:04.704 2022/07/01T10:26:39z: BME280 (0x76)
 0h00:04.718 2022/07/01T10:26:39z: 84:f3:eb:7d:7:a8
 0h00:04.720 2022/07/01T10:26:39z: SSID: MU Open
 0h00:04.725 2022/07/01T10:26:39z: AP_STAR tmr
 ets Jan  8 2013,rst cause:4, boot mode:(3,7)

wdt reset
load 0x4010f000, len 1384, room 16 
tail 8
chksum 0x2d
csum 0x2d
v8b899c12
~ld


6.01
 0h00:04.775 2022/07/01T10:46:42z: DS3231
 0h00:04.791 2022/07/01T10:46:42z: BME280 (0x76)
 0h00:04.805 2022/07/01T10:46:42z: 84:f3:eb:7d:7:a8
 0h00:04.807 2022/07/01T10:46:42z: SSID: MU Open
 0h00:04.812 2022/07/01T10:46:42z: AP_STAR tmr
 ets Jan  8 2013,rst cause:4, boot mode:(3,7)

wdt reset
load 0x4010f000, len 1384, room 16 
tail 8
chksum 0x2d
csum 0x2d
v8b899c12
~ld


6.01
 0h00:04.667 2022/07/01T11:06:44z: DS3231
 0h00:04.682 2022/07/01T11:06:44z: BME280 (0x76)
 0h00:04.697 2022/07/01T11:06:44z: 84:f3:eb:7d:7:a8
 0h00:04.698 2022/07/01T11:06:44z: SSID: MU Open
 0h00:04.703 2022/07/01T11:06:44z: AP_STAR tmr
 ets Jan  8 2013,rst cause:4, boot mode:(3,7)

wdt reset
load 0x4010f000, len 1384, room 16 
tail 8
chksum 0x2d
csum 0x2d
v8b899c12
~ld


6.01
 0h00:04.609 2022/07/01T11:26:47z: DS3231
 0h00:04.625 2022/07/01T11:26:47z: BME280 (0x76)
 0h00:04.639 2022/07/01T11:26:47z: 84:f3:eb:7d:7:a8
 0h00:04.640 2022/07/01T11:26:47z: SSID: MU Open
 0h00:04.646 2022/07/01T11:26:47z: AP_STAR tmr
 ets Jan  8 2013,rst cause:4, boot mode:(3,7)

wdt reset
load 0x4010f000, len 1384, room 16 
tail 8
chksum 0x2d
csum 0x2d
v8b899c12
~ld


6.01
 0h00:04.584 2022/07/01T11:46:50z: DS3231
 0h00:04.599 2022/07/01T11:46:50z: BME280 (0x76)
 0h00:04.613 2022/07/01T11:46:50z: 84:f3:eb:7d:7:a8
 0h00:04.615 2022/07/01T11:46:50z: SSID: MU Open
 0h00:04.620 2022/07/01T11:46:50z: AP_STAR tmr
 ets Jan  8 2013,rst cause:4, boot mode:(3,7)

wdt reset
load 0x4010f000, len 1384, room 16 
tail 8
chksum 0x2d
csum 0x2d
v8b899c12
~ld


6.01
 0h00:04.683 2022/07/01T12:06:52z: DS3231
 0h00:04.698 2022/07/01T12:06:52z: BME280 (0x76)
 0h00:04.712 2022/07/01T12:06:52z: 84:f3:eb:7d:7:a8
 0h00:04.714 2022/07/01T12:06:52z: SSID: MU Open
 0h00:04.719 2022/07/01T12:06:52z: AP_STAR tmr
 ets Jan  8 2013,rst cause:4, boot mode:(3,7)

wdt reset
load 0x4010f000, len 1384, room 16 
tail 8
chksum 0x2d
csum 0x2d
v8b899c12
~ld


6.01
 0h00:04.667 2022/07/01T12:26:55z: DS3231
 0h00:04.682 2022/07/01T12:26:55z: BME280 (0x76)
 0h00:04.696 2022/07/01T12:26:55z: 84:f3:eb:7d:7:a8
 0h00:04.698 2022/07/01T12:26:55z: SSID: MU Open
 0h00:04.703 2022/07/01T12:26:55z: AP_STAR tmr
 ets Jan  8 2013,rst cause:4, boot mode:(3,7)

wdt reset
load 0x4010f000, len 1384, room 16 
tail 8
chksum 0x2d
csum 0x2d
v8b899c12
~ld


6.01
 0h00:04.582 2022/07/01T12:46:57z: DS3231
 0h00:04.597 2022/07/01T12:46:57z: BME280 (0x76)
 0h00:04.612 2022/07/01T12:46:57z: 84:f3:eb:7d:7:a8
 0h00:04.613 2022/07/01T12:46:57z: SSID: MU Open
 0h00:04.618 2022/07/01T12:46:57z: AP_STAR tmr
 ets Jan  8 2013,rst cause:4, boot mode:(3,7)

wdt reset
load 0x4010f000, len 1384, room 16 
tail 8
chksum 0x2d
csum 0x2d
v8b899c12
~ld


6.01
 0h00:04.658 2022/07/01T13:07:00z: DS3231
 0h00:04.673 2022/07/01T13:07:00z: BME280 (0x76)
 0h00:04.687 2022/07/01T13:07:00z: 84:f3:eb:7d:7:a8
 0h00:04.689 2022/07/01T13:07:00z: SSID: MU Open
 0h00:04.694 2022/07/01T13:07:00z: AP_STAR tmr
 ets Jan  8 2013,rst cause:4, boot mode:(3,7)

wdt reset
load 0x4010f000, len 1384, room 16 
tail 8
chksum 0x2d
csum 0x2d
v8b899c12
~ld


6.01
 0h00:04.554 2022/07/01T13:27:02z: DS3231
 0h00:04.569 2022/07/01T13:27:02z: BME280 (0x76)
 0h00:04.583 2022/07/01T13:27:02z: 84:f3:eb:7d:7:a8
 0h00:04.585 2022/07/01T13:27:02z: SSID: MU Open
 0h00:04.590 2022/07/01T13:27:02z: AP_STAR tmr
 ets Jan  8 2013,rst cause:4, boot mode:(3,7)

wdt reset
load 0x4010f000, len 1384, room 16 
tail 8
chksum 0x2d
csum 0x2d
v8b899c12
~ld


6.01
 0h00:04.487 2022/07/01T13:47:05z: DS3231
 0h00:04.503 2022/07/01T13:47:05z: BME280 (0x76)
 0h00:04.517 2022/07/01T13:47:05z: 84:f3:eb:7d:7:a8
 0h00:04.518 2022/07/01T13:47:05z: SSID: MU Open
 0h00:04.524 2022/07/01T13:47:05z: AP_STAR tmr
 ets Jan  8 2013,rst cause:4, boot mode:(3,7)

wdt reset
load 0x4010f000, len 1384, room 16 
tail 8
chksum 0x2d
csum 0x2d
v8b899c12
~ld


6.01
 0h00:04.563 2022/07/01T14:07:07z: DS3231
 0h00:04.578 2022/07/01T14:07:07z: BME280 (0x76)
 0h00:04.593 2022/07/01T14:07:07z: 84:f3:eb:7d:7:a8
 0h00:04.594 2022/07/01T14:07:07z: SSID: MU Open
 0h00:04.599 2022/07/01T14:07:07z: AP_STAR tmr
 ets Jan  8 2013,rst cause:4, boot mode:(3,7)

wdt reset
load 0x4010f000, len 1384, room 16 
tail 8
chksum 0x2d
csum 0x2d
v8b899c12
~ld


6.01
 0h00:04.517 2022/07/01T14:27:09z: DS3231
 0h00:04.532 2022/07/01T14:27:09z: BME280 (0x76)
 0h00:04.546 2022/07/01T14:27:09z: 84:f3:eb:7d:7:a8
 0h00:04.548 2022/07/01T14:27:09z: SSID: MU Open
 0h00:04.553 2022/07/01T14:27:09z: AP_STAR tmr
 ets Jan  8 2013,rst cause:4, boot mode:(3,7)

wdt reset
load 0x4010f000, len 1384, room 16 
tail 8
chksum 0x2d
csum 0x2d
v8b899c12
~ld


6.01
 0h00:04.439 2022/07/01T14:47:11z: DS3231
 0h00:04.455 2022/07/01T14:47:11z: BME280 (0x76)
 0h00:04.469 2022/07/01T14:47:11z: 84:f3:eb:7d:7:a8
 0h00:04.471 2022/07/01T14:47:11z: SSID: MU Open
 0h00:04.476 2022/07/01T14:47:11z: AP_STAR tmr
 ets Jan  8 2013,rst cause:4, boot mode:(3,7)

wdt reset
load 0x4010f000, len 1384, room 16 
tail 8
chksum 0x2d
csum 0x2d
v8b899c12
~ld


6.01
 0h00:04.486 2022/07/01T15:07:13z: DS3231
 0h00:04.501 2022/07/01T15:07:13z: BME280 (0x76)
 0h00:04.515 2022/07/01T15:07:13z: 84:f3:eb:7d:7:a8
 0h00:04.517 2022/07/01T15:07:13z: SSID: MU Open
 0h00:04.522 2022/07/01T15:07:13z: AP_STAR tmr
 ets Jan  8 2013,rst cause:4, boot mode:(3,7)

wdt reset
load 0x4010f000, len 1384, room 16 
tail 8
chksum 0x2d
csum 0x2d
v8b899c12
~ld


6.01
 0h00:04.479 2022/07/01T15:27:16z: DS3231
 0h00:04.495 2022/07/01T15:27:16z: BME280 (0x76)
 0h00:04.509 2022/07/01T15:27:16z: 84:f3:eb:7d:7:a8
 0h00:04.511 2022/07/01T15:27:16z: SSID: MU Open
 0h00:04.516 2022/07/01T15:27:16z: AP_STAR tmr
 ets Jan  8 2013,rst cause:4, boot mode:(3,7)

wdt reset
load 0x4010f000, len 1384, room 16 
tail 8
chksum 0x2d
csum 0x2d
v8b899c12
~ld


6.01
 0h00:04.517 2022/07/01T15:47:18z: DS3231
 0h00:04.533 2022/07/01T15:47:18z: BME280 (0x76)
 0h00:04.547 2022/07/01T15:47:18z: 84:f3:eb:7d:7:a8
 0h00:04.548 2022/07/01T15:47:18z: SSID: MU Open
 0h00:04.554 2022/07/01T15:47:18z: AP_STAR tmr
 ets Jan  8 2013,rst cause:4, boot mode:(3,7)

wdt reset
load 0x4010f000, len 1384, room 16 
tail 8
chksum 0x2d
csum 0x2d
v8b899c12
~ld


6.01
 0h00:04.391 2022/07/01T16:07:21z: DS3231
 0h00:04.407 2022/07/01T16:07:21z: BME280 (0x76)
 0h00:04.421 2022/07/01T16:07:21z: 84:f3:eb:7d:7:a8
 0h00:04.422 2022/07/01T16:07:21z: SSID: MU Open
 0h00:04.428 2022/07/01T16:07:21z: AP_STAR tmr
 ets Jan  8 2013,rst cause:4, boot mode:(3,7)

wdt reset
load 0x4010f000, len 1384, room 16 
tail 8
chksum 0x2d
csum 0x2d
v8b899c12
~ld


6.01
 0h00:04.365 2022/07/01T16:27:22z: DS3231
 0h00:04.380 2022/07/01T16:27:22z: BME280 (0x76)
 0h00:04.394 2022/07/01T16:27:22z: 84:f3:eb:7d:7:a8
 0h00:04.396 2022/07/01T16:27:22z: SSID: MU Open
 0h00:04.401 2022/07/01T16:27:22z: AP_STAR tmr
 ets Jan  8 2013,rst cause:4, boot mode:(3,7)

wdt reset
load 0x4010f000, len 1384, room 16 
tail 8
chksum 0x2d
csum 0x2d
v8b899c12
~ld


6.01
 0h00:04.516 2022/07/01T16:47:25z: DS3231
 0h00:04.531 2022/07/01T16:47:25z: BME280 (0x76)
 0h00:04.545 2022/07/01T16:47:25z: 84:f3:eb:7d:7:a8
 0h00:04.547 2022/07/01T16:47:25z: SSID: MU Open
 0h00:04.552 2022/07/01T16:47:25z: AP_STAR tmr
 ets Jan  8 2013,rst cause:4, boot mode:(3,7)

wdt reset
load 0x4010f000, len 1384, room 16 
tail 8
chksum 0x2d
csum 0x2d
v8b899c12
~ld


6.01
 0h00:04.537 2022/07/01T17:07:27z: DS3231
 0h00:04.552 2022/07/01T17:07:27z: BME280 (0x76)
 0h00:04.566 2022/07/01T17:07:27z: 84:f3:eb:7d:7:a8
 0h00:04.568 2022/07/01T17:07:27z: SSID: MU Open
 0h00:04.573 2022/07/01T17:07:27z: AP_STAR tmr
 ets Jan  8 2013,rst cause:4, boot mode:(3,7)

wdt reset
load 0x4010f000, len 1384, room 16 
tail 8
chksum 0x2d
csum 0x2d
v8b899c12
~ld


6.01
 0h00:04.287 2022/07/01T17:27:29z: DS3231
 0h00:04.302 2022/07/01T17:27:29z: BME280 (0x76)
 0h00:04.316 2022/07/01T17:27:29z: 84:f3:eb:7d:7:a8
 0h00:04.318 2022/07/01T17:27:29z: SSID: MU Open
 0h00:04.323 2022/07/01T17:27:29z: AP_STAR tmr
 ets Jan  8 2013,rst cause:4, boot mode:(3,7)

wdt reset
load 0x4010f000, len 1384, room 16 
tail 8
chksum 0x2d
csum 0x2d
v8b899c12
~ld


6.01
 0h00:04.397 2022/07/01T17:47:31z: DS3231
 0h00:04.413 2022/07/01T17:47:31z: BME280 (0x76)
 0h00:04.427 2022/07/01T17:47:31z: 84:f3:eb:7d:7:a8
 0h00:04.428 2022/07/01T17:47:32z: SSID: MU Open
 0h00:04.434 2022/07/01T17:47:32z: AP_STAR tmr
 ets Jan  8 2013,rst cause:4, boot mode:(3,7)

wdt reset
load 0x4010f000, len 1384, room 16 
tail 8
chksum 0x2d
csum 0x2d
v8b899c12
~ld


6.01
 0h00:04.493 2022/07/01T18:07:34z: DS3231
 0h00:04.509 2022/07/01T18:07:34z: BME280 (0x76)
 0h00:04.523 2022/07/01T18:07:34z: 84:f3:eb:7d:7:a8
 0h00:04.524 2022/07/01T18:07:34z: SSID: MU Open
 0h00:04.530 2022/07/01T18:07:34z: AP_STAR tmr
 ets Jan  8 2013,rst cause:4, boot mode:(3,7)

wdt reset
load 0x4010f000, len 1384, room 16 
tail 8
chksum 0x2d
csum 0x2d
v8b899c12
~ld


6.01
 0h00:04.230 2022/07/01T18:27:35z: DS3231
 0h00:04.246 2022/07/01T18:27:35z: BME280 (0x76)
 0h00:04.260 2022/07/01T18:27:35z: 84:f3:eb:7d:7:a8
 0h00:04.262 2022/07/01T18:27:35z: SSID: MU Open
 0h00:04.267 2022/07/01T18:27:35z: AP_STAR tmr
 ets Jan  8 2013,rst cause:4, boot mode:(3,7)

wdt reset
load 0x4010f000, len 1384, room 16 
tail 8
chksum 0x2d
csum 0x2d
v8b899c12
~ld


6.01
 0h00:04.439 2022/07/01T18:47:37z: DS3231
 0h00:04.455 2022/07/01T18:47:37z: BME280 (0x76)
 0h00:04.469 2022/07/01T18:47:37z: 84:f3:eb:7d:7:a8
 0h00:04.471 2022/07/01T18:47:37z: SSID: MU Open
 0h00:04.476 2022/07/01T18:47:37z: AP_STAR tmr
 ets Jan  8 2013,rst cause:4, boot mode:(3,7)

wdt reset
load 0x4010f000, len 1384, room 16 
tail 8
chksum 0x2d
csum 0x2d
v8b899c12
~ld


6.01
 0h00:04.516 2022/07/01T19:07:40z: DS3231
 0h00:04.531 2022/07/01T19:07:40z: BME280 (0x76)
 0h00:04.545 2022/07/01T19:07:40z: 84:f3:eb:7d:7:a8
 0h00:04.547 2022/07/01T19:07:40z: SSID: MU Open
 0h00:04.552 2022/07/01T19:07:40z: AP_STAR tmr
 ets Jan  8 2013,rst cause:4, boot mode:(3,7)

wdt reset
load 0x4010f000, len 1384, room 16 
tail 8
chksum 0x2d
csum 0x2d
v8b899c12
~ld


6.01
 0h00:04.514 2022/07/01T19:27:42z: DS3231
 0h00:04.529 2022/07/01T19:27:42z: BME280 (0x76)
 0h00:04.543 2022/07/01T19:27:42z: 84:f3:eb:7d:7:a8
 0h00:04.545 2022/07/01T19:27:42z: SSID: MU Open
 0h00:04.550 2022/07/01T19:27:42z: AP_STAR tmr
 ets Jan  8 2013,rst cause:4, boot mode:(3,7)

wdt reset
load 0x4010f000, len 1384, room 16 
tail 8
chksum 0x2d
csum 0x2d
v8b899c12
~ld


6.01
 0h00:04.203 2022/07/01T19:47:43z: DS3231
 0h00:04.219 2022/07/01T19:47:43z: BME280 (0x76)
 0h00:04.233 2022/07/01T19:47:43z: 84:f3:eb:7d:7:a8
 0h00:04.235 2022/07/01T19:47:43z: SSID: MU Open
 0h00:04.240 2022/07/01T19:47:43z: AP_STAR tmr
 ets Jan  8 2013,rst cause:4, boot mode:(3,7)

wdt reset
load 0x4010f000, len 1384, room 16 
tail 8
chksum 0x2d
csum 0x2d
v8b899c12
~ld


6.01
 0h00:04.554 2022/07/01T20:07:45z: DS3231
 0h00:04.569 2022/07/01T20:07:45z: BME280 (0x76)
 0h00:04.583 2022/07/01T20:07:45z: 84:f3:eb:7d:7:a8
 0h00:04.585 2022/07/01T20:07:45z: SSID: MU Open
 0h00:04.590 2022/07/01T20:07:45z: AP_STAR tmr
 ets Jan  8 2013,rst cause:4, boot mode:(3,7)

wdt reset
load 0x4010f000, len 1384, room 16 
tail 8
chksum 0x2d
csum 0x2d
v8b899c12
~ld


6.01
 0h00:04.618 2022/07/01T20:27:48z: DS3231
 0h00:04.633 2022/07/01T20:27:48z: BME280 (0x76)
 0h00:04.647 2022/07/01T20:27:48z: 84:f3:eb:7d:7:a8
 0h00:04.649 2022/07/01T20:27:48z: SSID: MU Open
 0h00:04.654 2022/07/01T20:27:48z: AP_STAR tmr
 ets Jan  8 2013,rst cause:4, boot mode:(3,7)

wdt reset
load 0x4010f000, len 1384, room 16 
tail 8
chksum 0x2d
csum 0x2d
v8b899c12
~ld


6.01
 0h00:04.623 2022/07/01T20:47:51z: DS3231
 0h00:04.638 2022/07/01T20:47:51z: BME280 (0x76)
 0h00:04.652 2022/07/01T20:47:51z: 84:f3:eb:7d:7:a8
 0h00:04.654 2022/07/01T20:47:51z: SSID: MU Open
 0h00:04.659 2022/07/01T20:47:51z: AP_STAR tmr
 ets Jan  8 2013,rst cause:4, boot mode:(3,7)

wdt reset
load 0x4010f000, len 1384, room 16 
tail 8
chksum 0x2d
csum 0x2d
v8b899c12
~ld


6.01
 0h00:04.563 2022/07/01T21:07:54z: DS3231
 0h00:04.579 2022/07/01T21:07:54z: BME280 (0x76)
 0h00:04.593 2022/07/01T21:07:54z: 84:f3:eb:7d:7:a8
 0h00:04.594 2022/07/01T21:07:54z: SSID: MU Open
 0h00:04.600 2022/07/01T21:07:54z: AP_STAR tmr
 ets Jan  8 2013,rst cause:4, boot mode:(3,7)

wdt reset
load 0x4010f000, len 1384, room 16 
tail 8
chksum 0x2d
csum 0x2d
v8b899c12
~ld


6.01
 0h00:04.596 2022/07/01T21:27:56z: DS3231
 0h00:04.611 2022/07/01T21:27:56z: BME280 (0x76)
 0h00:04.625 2022/07/01T21:27:56z: 84:f3:eb:7d:7:a8
 0h00:04.627 2022/07/01T21:27:56z: SSID: MU Open
 0h00:04.632 2022/07/01T21:27:56z: AP_STAR tmr
 ets Jan  8 2013,rst cause:4, boot mode:(3,7)

wdt reset
load 0x4010f000, len 1384, room 16 
tail 8
chksum 0x2d
csum 0x2d
v8b899c12
~ld


6.01
 0h00:04.691 2022/07/01T21:47:59z: DS3231
 0h00:04.706 2022/07/01T21:47:59z: BME280 (0x76)
 0h00:04.720 2022/07/01T21:47:59z: 84:f3:eb:7d:7:a8
 0h00:04.722 2022/07/01T21:47:59z: SSID: MU Open
 0h00:04.727 2022/07/01T21:47:59z: AP_STAR tmr
 ets Jan  8 2013,rst cause:4, boot mode:(3,7)

wdt reset
load 0x4010f000, len 1384, room 16 
tail 8
chksum 0x2d
csum 0x2d
v8b899c12
~ld


6.01
 0h00:04.650 2022/07/01T22:08:01z: DS3231
 0h00:04.666 2022/07/01T22:08:01z: BME280 (0x76)
 0h00:04.680 2022/07/01T22:08:01z: 84:f3:eb:7d:7:a8
 0h00:04.681 2022/07/01T22:08:01z: SSID: MU Open
 0h00:04.687 2022/07/01T22:08:01z: AP_STAR tmr
 ets Jan  8 2013,rst cause:4, boot mode:(3,7)

wdt reset
load 0x4010f000, len 1384, room 16 
tail 8
chksum 0x2d
csum 0x2d
v8b899c12
~ld


6.01
 0h00:04.314 2022/07/01T22:28:03z: DS3231
 0h00:04.329 2022/07/01T22:28:03z: BME280 (0x76)
 0h00:04.343 2022/07/01T22:28:03z: 84:f3:eb:7d:7:a8
 0h00:04.345 2022/07/01T22:28:03z: SSID: MU Open
 0h00:04.350 2022/07/01T22:28:03z: AP_STAR tmr
 ets Jan  8 2013,rst cause:4, boot mode:(3,7)

wdt reset
load 0x4010f000, len 1384, room 16 
tail 8
chksum 0x2d
csum 0x2d
v8b899c12
~ld


6.01
 0h00:04.500 2022/07/01T22:48:06z: DS3231
 0h00:04.515 2022/07/01T22:48:06z: BME280 (0x76)
 0h00:04.529 2022/07/01T22:48:06z: 84:f3:eb:7d:7:a8
 0h00:04.531 2022/07/01T22:48:06z: SSID: MU Open
 0h00:04.536 2022/07/01T22:48:06z: AP_STAR tmr
 ets Jan  8 2013,rst cause:4, boot mode:(3,7)

wdt reset
load 0x4010f000, len 1384, room 16 
tail 8
chksum 0x2d
csum 0x2d
v8b899c12
~ld


6.01
 0h00:04.523 2022/07/01T23:08:08z: DS3231
 0h00:04.538 2022/07/01T23:08:08z: BME280 (0x76)
 0h00:04.552 2022/07/01T23:08:08z: 84:f3:eb:7d:7:a8
 0h00:04.554 2022/07/01T23:08:08z: SSID: MU Open
 0h00:04.559 2022/07/01T23:08:08z: AP_STAR tmr
 ets Jan  8 2013,rst cause:4, boot mode:(3,7)

wdt reset
load 0x4010f000, len 1384, room 16 
tail 8
chksum 0x2d
csum 0x2d
v8b899c12
~ld


6.01
 0h00:04.542 2022/07/01T23:28:10z: DS3231
 0h00:04.557 2022/07/01T23:28:10z: BME280 (0x76)
 0h00:04.571 2022/07/01T23:28:10z: 84:f3:eb:7d:7:a8
 0h00:04.573 2022/07/01T23:28:10z: SSID: MU Open
 0h00:04.578 2022/07/01T23:28:10z: AP_STAR tmr
 ets Jan  8 2013,rst cause:4, boot mode:(3,7)

wdt reset
load 0x4010f000, len 1384, room 16 
tail 8
chksum 0x2d
csum 0x2d
v8b899c12
~ld


6.01
 0h00:04.691 2022/07/01T23:48:13z: DS3231
 0h00:04.707 2022/07/01T23:48:13z: BME280 (0x76)
 0h00:04.721 2022/07/01T23:48:13z: 84:f3:eb:7d:7:a8
 0h00:04.722 2022/07/01T23:48:13z: SSID: MU Open
 0h00:04.728 2022/07/01T23:48:13z: AP_STA