R tmr
 ets Jan  8 2013,rst cause:4, boot mode:(3,7)

wdt reset
load 0x4010f000, len 1384, room 16 
tail 8
chksum 0x2d
csum 0x2d
v8b899c12
~ld


6.01
 0h00:04.764 2022/04/30T00:06:43z: DS3231
 0h00:04.779 2022/04/30T00:06:43z: BME280 (0x76)
 0h00:04.793 2022/04/30T00:06:43z: 84:f3:eb:7d:7:a8
 0h00:04.795 2022/04/30T00:06:43z: SSID: MU Open
 0h00:04.800 2022/04/30T00:06:43z: AP_STAR tmr
 ets Jan  8 2013,rst cause:4, boot mode:(3,7)

wdt reset
load 0x4010f000, len 1384, room 16 
tail 8
chksum 0x2d
csum 0x2d
v8b899c12
~ld


6.01
 0h00:04.774 2022/04/30T00:26:45z: DS3231
 0h00:04.790 2022/04/30T00:26:45z: BME280 (0x76)
 0h00:04.804 2022/04/30T00:26:45z: 84:f3:eb:7d:7:a8
 0h00:04.806 2022/04/30T00:26:45z: SSID: MU Open
 0h00:04.811 2022/04/30T00:26:45z: AP_STAR tmr
 ets Jan  8 2013,rst cause:4, boot mode:(3,7)

wdt reset
load 0x4010f000, len 1384, room 16 
tail 8
chksum 0x2d
csum 0x2d
v8b899c12
~ld


6.01
 0h00:04.470 2022/04/30T00:46:46z: DS3231
 0h00:04.485 2022/04/30T00:46:46z: BME280 (0x76)
 0h00:04.499 2022/04/30T00:46:46z: 84:f3:eb:7d:7:a8
 0h00:04.501 2022/04/30T00:46:46z: SSID: MU Open
 0h00:04.506 2022/04/30T00:46:46z: AP_STAR tmr
 ets Jan  8 2013,rst cause:4, boot mode:(3,7)

wdt reset
load 0x4010f000, len 1384, room 16 
tail 8
chksum 0x2d
csum 0x2d
v8b899c12
~ld


6.01
 0h00:04.681 2022/04/30T01:06:48z: DS3231
 0h00:04.696 2022/04/30T01:06:48z: BME280 (0x76)
 0h00:04.710 2022/04/30T01:06:48z: 84:f3:eb:7d:7:a8
 0h00:04.712 2022/04/30T01:06:48z: SSID: MU Open
 0h00:04.717 2022/04/30T01:06:48z: AP_STAR tmr
 ets Jan  8 2013,rst cause:4, boot mode:(3,7)

wdt reset
load 0x4010f000, len 1384, room 16 
tail 8
chksum 0x2d
csum 0x2d
v8b899c12
~ld


6.01
 0h00:04.709 2022/04/30T01:26:50z: DS3231
 0h00:04.724 2022/04/30T01:26:50z: BME280 (0x76)
 0h00:04.739 2022/04/30T01:26:50z: 84:f3:eb:7d:7:a8
 0h00:04.740 2022/04/30T01:26:50z: SSID: MU Open
 0h00:04.745 2022/04/30T01:26:50z: AP_STAR tmr
 ets Jan  8 2013,rst cause:4, boot mode:(3,7)

wdt reset
load 0x4010f000, len 1384, room 16 
tail 8
chksum 0x2d
csum 0x2d
v8b899c12
~ld


6.01
 0h00:04.610 2022/04/30T01:46:51z: DS3231
 0h00:04.625 2022/04/30T01:46:51z: BME280 (0x76)
 0h00:04.640 2022/04/30T01:46:51z: 84:f3:eb:7d:7:a8
 0h00:04.641 2022/04/30T01:46:51z: SSID: MU Open
 0h00:04.647 2022/04/30T01:46:51z: AP_STAR tmr
 ets Jan  8 2013,rst cause:4, boot mode:(3,7)

wdt reset
load 0x4010f000, len 1384, room 16 
tail 8
chksum 0x2d
csum 0x2d
v8b899c12
~ld


6.01
 0h00:04.662 2022/04/30T02:06:54z: DS3231
 0h00:04.677 2022/04/30T02:06:54z: BME280 (0x76)
 0h00:04.691 2022/04/30T02:06:54z: 84:f3:eb:7d:7:a8
 0h00:04.693 2022/04/30T02:06:54z: SSID: MU Open
 0h00:04.698 2022/04/30T02:06:54z: AP_STAR tmr
 ets Jan  8 2013,rst cause:4, boot mode:(3,7)

wdt reset
load 0x4010f000, len 1384, room 16 
tail 8
chksum 0x2d
csum 0x2d
v8b899c12
~ld


6.01
 0h00:04.718 2022/04/30T02:26:55z: DS3231
 0h00:04.733 2022/04/30T02:26:55z: BME280 (0x76)
 0h00:04.747 2022/04/30T02:26:55z: 84:f3:eb:7d:7:a8
 0h00:04.749 2022/04/30T02:26:55z: SSID: MU Open
 0h00:04.754 2022/04/30T02:26:55z: AP_STAR tmr
 ets Jan  8 2013,rst cause:4, boot mode:(3,7)

wdt reset
load 0x4010f000, len 1384, room 16 
tail 8
chksum 0x2d
csum 0x2d
v8b899c12
~ld


6.01
 0h00:04.711 2022/04/30T02:46:58z: DS3231
 0h00:04.726 2022/04/30T02:46:58z: BME280 (0x76)
 0h00:04.740 2022/04/30T02:46:58z: 84:f3:eb:7d:7:a8
 0h00:04.742 2022/04/30T02:46:58z: SSID: MU Open
 0h00:04.747 2022/04/30T02:46:58z: AP_STAR tmr
 ets Jan  8 2013,rst cause:4, boot mode:(3,7)

wdt reset
load 0x4010f000, len 1384, room 16 
tail 8
chksum 0x2d
csum 0x2d
v8b899c12
~ld


6.01
 0h00:04.723 2022/04/30T03:07:00z: DS3231
 0h00:04.738 2022/04/30T03:07:00z: BME280 (0x76)
 0h00:04.753 2022/04/30T03:07:00z: 84:f3:eb:7d:7:a8
 0h00:04.754 2022/04/30T03:07:00z: SSID: MU Open
 0h00:04.759 2022/04/30T03:07:00z: AP_STAR tmr
 ets Jan  8 2013,rst cause:4, boot mode:(3,7)

wdt reset
load 0x4010f000, len 1384, room 16 
tail 8
chksum 0x2d
csum 0x2d
v8b899c12
~ld


6.01
 0h00:04.653 2022/04/30T03:27:02z: DS3231
 0h00:04.668 2022/04/30T03:27:02z: BME280 (0x76)
 0h00:04.682 2022/04/30T03:27:02z: 84:f3:eb:7d:7:a8
 0h00:04.684 2022/04/30T03:27:02z: SSID: MU Open
 0h00:04.689 2022/04/30T03:27:02z: AP_STAR tmr
 ets Jan  8 2013,rst cause:4, boot mode:(3,7)

wdt reset
load 0x4010f000, len 1384, room 16 
tail 8
chksum 0x2d
csum 0x2d
v8b899c12
~ld


6.01
 0h00:04.503 2022/04/30T03:47:03z: DS3231
 0h00:04.519 2022/04/30T03:47:03z: BME280 (0x76)
 0h00:04.533 2022/04/30T03:47:03z: 84:f3:eb:7d:7:a8
 0h00:04.535 2022/04/30T03:47:03z: SSID: MU Open
 0h00:04.540 2022/04/30T03:47:03z: AP_STAR tmr
 ets Jan  8 2013,rst cause:4, boot mode:(3,7)

wdt reset
load 0x4010f000, len 1384, room 16 
tail 8
chksum 0x2d
csum 0x2d
v8b899c12
~ld


6.01
 0h00:04.265 2022/04/30T04:07:05z: DS3231
 0h00:04.281 2022/04/30T04:07:05z: BME280 (0x76)
 0h00:04.295 2022/04/30T04:07:05z: 84:f3:eb:7d:7:a8
 0h00:04.296 2022/04/30T04:07:05z: SSID: MU Open
 0h00:04.302 2022/04/30T04:07:05z: AP_STAR tmr
 ets Jan  8 2013,rst cause:4, boot mode:(3,7)

wdt reset
load 0x4010f000, len 1384, room 16 
tail 8
chksum 0x2d
csum 0x2d
v8b899c12
~ld


6.01
 0h00:04.524 2022/04/30T04:27:06z: DS3231
 0h00:04.540 2022/04/30T04:27:06z: BME280 (0x76)
 0h00:04.554 2022/04/30T04:27:06z: 84:f3:eb:7d:7:a8
 0h00:04.556 2022/04/30T04:27:06z: SSID: MU Open
 0h00:04.561 2022/04/30T04:27:06z: AP_STAR tmr
 ets Jan  8 2013,rst cause:4, boot mode:(3,7)

wdt reset
load 0x4010f000, len 1384, room 16 
tail 8
chksum 0x2d
csum 0x2d
v8b899c12
~ld


6.01
 0h00:04.671 2022/04/30T04:47:08z: DS3231
 0h00:04.686 2022/04/30T04:47:08z: BME280 (0x76)
 0h00:04.700 2022/04/30T04:47:08z: 84:f3:eb:7d:7:a8
 0h00:04.702 2022/04/30T04:47:08z: SSID: MU Open
 0h00:04.707 2022/04/30T04:47:08z: AP_STAR tmr
 ets Jan  8 2013,rst cause:4, boot mode:(3,7)

wdt reset
load 0x4010f000, len 1384, room 16 
tail 8
chksum 0x2d
csum 0x2d
v8b899c12
~ld


6.01
 0h00:04.628 2022/04/30T05:07:10z: DS3231
 0h00:04.643 2022/04/30T05:07:10z: BME280 (0x76)
 0h00:04.657 2022/04/30T05:07:10z: 84:f3:eb:7d:7:a8
 0h00:04.659 2022/04/30T05:07:10z: SSID: MU Open
 0h00:04.664 2022/04/30T05:07:10z: AP_STAR tmr
 ets Jan  8 2013,rst cause:4, boot mode:(3,7)

wdt reset
load 0x4010f000, len 1384, room 16 
tail 8
chksum 0x2d
csum 0x2d
v8b899c12
~ld


6.01
 0h00:04.679 2022/04/30T05:27:11z: DS3231
 0h00:04.694 2022/04/30T05:27:11z: BME280 (0x76)
 0h00:04.709 2022/04/30T05:27:11z: 84:f3:eb:7d:7:a8
 0h00:04.710 2022/04/30T05:27:11z: SSID: MU Open
 0h00:04.715 2022/04/30T05:27:11z: AP_STAR tmr
 ets Jan  8 2013,rst cause:4, boot mode:(3,7)

wdt reset
load 0x4010f000, len 1384, room 16 
tail 8
chksum 0x2d
csum 0x2d
v8b899c12
~ld


6.01
 0h00:04.659 2022/04/30T05:47:14z: DS3231
 0h00:04.675 2022/04/30T05:47:14z: BME280 (0x76)
 0h00:04.689 2022/04/30T05:47:14z: 84:f3:eb:7d:7:a8
 0h00:04.690 2022/04/30T05:47:14z: SSID: MU Open
 0h00:04.696 2022/04/30T05:47:14z: AP_STAR tmr
 ets Jan  8 2013,rst cause:4, boot mode:(3,7)

wdt reset
load 0x4010f000, len 1384, room 16 
tail 8
chksum 0x2d
csum 0x2d
v8b899c12
~ld


6.01
 0h00:04.548 2022/04/30T06:07:15z: DS3231
 0h00:04.563 2022/04/30T06:07:16z: BME280 (0x76)
 0h00:04.577 2022/04/30T06:07:16z: 84:f3:eb:7d:7:a8
 0h00:04.579 2022/04/30T06:07:16z: SSID: MU Open
 0h00:04.584 2022/04/30T06:07:16z: AP_STAR tmr
 ets Jan  8 2013,rst cause:4, boot mode:(3,7)

wdt reset
load 0x4010f000, len 1384, room 16 
tail 8
chksum 0x2d
csum 0x2d
v8b899c12
~ld


6.01
 0h00:04.424 2022/04/30T06:27:17z: DS3231
 0h00:04.439 2022/04/30T06:27:17z: BME280 (0x76)
 0h00:04.453 2022/04/30T06:27:17z: 84:f3:eb:7d:7:a8
 0h00:04.455 2022/04/30T06:27:17z: SSID: MU Open
 0h00:04.460 2022/04/30T06:27:17z: AP_STAR tmr
 ets Jan  8 2013,rst cause:4, boot mode:(3,7)

wdt reset
load 0x4010f000, len 1384, room 16 
tail 8
chksum 0x2d
csum 0x2d
v8b899c12
~ld


6.01
 0h00:04.738 2022/04/30T06:47:19z: DS3231
 0h00:04.754 2022/04/30T06:47:19z: BME280 (0x76)
 0h00:04.768 2022/04/30T06:47:19z: 84:f3:eb:7d:7:a8
 0h00:04.769 2022/04/30T06:47:19z: SSID: MU Open
 0h00:04.775 2022/04/30T06:47:19z: AP_STAR tmr
 ets Jan  8 2013,rst cause:4, boot mode:(3,7)

wdt reset
load 0x4010f000, len 1384, room 16 
tail 8
chksum 0x2d
csum 0x2d
v8b899c12
~ld


6.01
 0h00:04.562 2022/04/30T07:07:21z: DS3231
 0h00:04.577 2022/04/30T07:07:21z: BME280 (0x76)
 0h00:04.591 2022/04/30T07:07:21z: 84:f3:eb:7d:7:a8
 0h00:04.593 2022/04/30T07:07:21z: SSID: MU Open
 0h00:04.598 2022/04/30T07:07:21z: AP_STAR tmr
 ets Jan  8 2013,rst cause:4, boot mode:(3,7)

wdt reset
load 0x4010f000, len 1384, room 16 
tail 8
chksum 0x2d
csum 0x2d
v8b899c12
~ld


6.01
 0h00:04.763 2022/04/30T07:27:24z: DS3231
 0h00:04.778 2022/04/30T07:27:24z: BME280 (0x76)
 0h00:04.792 2022/04/30T07:27:24z: 84:f3:eb:7d:7:a8
 0h00:04.794 2022/04/30T07:27:24z: SSID: MU Open
 0h00:04.799 2022/04/30T07:27:24z: AP_STAR tmr
 ets Jan  8 2013,rst cause:4, boot mode:(3,7)

wdt reset
load 0x4010f000, len 1384, room 16 
tail 8
chksum 0x2d
csum 0x2d
v8b899c12
~ld


6.01
 0h00:04.734 2022/04/30T07:47:26z: DS3231
 0h00:04.749 2022/04/30T07:47:26z: BME280 (0x76)
 0h00:04.763 2022/04/30T07:47:26z: 84:f3:eb:7d:7:a8
 0h00:04.765 2022/04/30T07:47:26z: SSID: MU Open
 0h00:04.770 2022/04/30T07:47:26z: AP_STAR tmr
 ets Jan  8 2013,rst cause:4, boot mode:(3,7)

wdt reset
load 0x4010f000, len 1384, room 16 
tail 8
chksum 0x2d
csum 0x2d
v8b899c12
~ld


6.01
 0h00:04.731 2022/04/30T08:07:29z: DS3231
 0h00:04.746 2022/04/30T08:07:29z: BME280 (0x76)
 0h00:04.761 2022/04/30T08:07:29z: 84:f3:eb:7d:7:a8
 0h00:04.762 2022/04/30T08:07:29z: SSID: MU Open
 0h00:04.767 2022/04/30T08:07:29z: AP_STAR tmr
 ets Jan  8 2013,rst cause:4, boot mode:(3,7)

wdt reset
load 0x4010f000, len 1384, room 16 
tail 8
chksum 0x2d
csum 0x2d
v8b899c12
~ld


6.01
 0h00:04.845 2022/04/30T08:27:30z: DS3231
 0h00:04.860 2022/04/30T08:27:30z: BME280 (0x76)
 0h00:04.874 2022/04/30T08:27:30z: 84:f3:eb:7d:7:a8
 0h00:04.876 2022/04/30T08:27:30z: SSID: MU Open
 0h00:04.881 2022/04/30T08:27:30z: AP_STAR tmr
 ets Jan  8 2013,rst cause:4, boot mode:(3,7)

wdt reset
load 0x4010f000, len 1384, room 16 
tail 8
chksum 0x2d
csum 0x2d
v8b899c12
~ld


6.01
 0h00:04.597 2022/04/30T08:47:32z: DS3231
 0h00:04.613 2022/04/30T08:47:32z: BME280 (0x76)
 0h00:04.627 2022/04/30T08:47:32z: 84:f3:eb:7d:7:a8
 0h00:04.628 2022/04/30T08:47:32z: SSID: MU Open
 0h00:04.634 2022/04/30T08:47:32z: AP_STAR tmr
 ets Jan  8 2013,rst cause:4, boot mode:(3,7)

wdt reset
load 0x4010f000, len 1384, room 16 
tail 8
chksum 0x2d
csum 0x2d
v8b899c12
~ld


6.01
 0h00:04.735 2022/04/30T09:07:34z: DS3231
 0h00:04.750 2022/04/30T09:07:34z: BME280 (0x76)
 0h00:04.764 2022/04/30T09:07:34z: 84:f3:eb:7d:7:a8
 0h00:04.766 2022/04/30T09:07:34z: SSID: MU Open
 0h00:04.771 2022/04/30T09:07:34z: AP_STAR tmr
 ets Jan  8 2013,rst cause:4, boot mode:(3,7)

wdt reset
load 0x4010f000, len 1384, room 16 
tail 8
chksum 0x2d
csum 0x2d
v8b899c12
~ld


6.01
 0h00:04.843 2022/04/30T09:27:36z: DS3231
 0h00:04.858 2022/04/30T09:27:36z: BME280 (0x76)
 0h00:04.872 2022/04/30T09:27:36z: 84:f3:eb:7d:7:a8
 0h00:04.874 2022/04/30T09:27:36z: SSID: MU Open
 0h00:04.879 2022/04/30T09:27:36z: AP_STAR tmr
 ets Jan  8 2013,rst cause:4, boot mode:(3,7)

wdt reset
load 0x4010f000, len 1384, room 16 
tail 8
chksum 0x2d
csum 0x2d
v8b899c12
~ld


6.01
 0h00:04.795 2022/04/30T09:47:38z: DS3231
 0h00:04.810 2022/04/30T09:47:39z: BME280 (0x76)
 0h00:04.824 2022/04/30T09:47:39z: 84:f3:eb:7d:7:a8
 0h00:04.826 2022/04/30T09:47:39z: SSID: MU Open
 0h00:04.831 2022/04/30T09:47:39z: AP_STAR tmr
 ets Jan  8 2013,rst cause:4, boot mode:(3,7)

wdt reset
load 0x4010f000, len 1384, room 16 
tail 8
chksum 0x2d
csum 0x2d
v8b899c12
~ld


6.01
 0h00:04.815 2022/04/30T10:07:41z: DS3231
 0h00:04.830 2022/04/30T10:07:41z: BME280 (0x76)
 0h00:04.844 2022/04/30T10:07:41z: 84:f3:eb:7d:7:a8
 0h00:04.846 2022/04/30T10:07:41z: SSID: MU Open
 0h00:04.851 2022/04/30T10:07:41z: AP_STAR tmr
 ets Jan  8 2013,rst cause:4, boot mode:(3,7)

wdt reset
load 0x4010f000, len 1384, room 16 
tail 8
chksum 0x2d
csum 0x2d
v8b899c12
~ld


6.01
 0h00:04.814 2022/04/30T10:27:43z: DS3231
 0h00:04.829 2022/04/30T10:27:43z: BME280 (0x76)
 0h00:04.843 2022/04/30T10:27:43z: 84:f3:eb:7d:7:a8
 0h00:04.845 2022/04/30T10:27:43z: SSID: MU Open
 0h00:04.850 2022/04/30T10:27:43z: AP_STAR tmr
 ets Jan  8 2013,rst cause:4, boot mode:(3,7)

wdt reset
load 0x4010f000, len 1384, room 16 
tail 8
chksum 0x2d
csum 0x2d
v8b899c12
~ld


6.01
 0h00:04.797 2022/04/30T10:47:46z: DS3231
 0h00:04.813 2022/04/30T10:47:46z: BME280 (0x76)
 0h00:04.827 2022/04/30T10:47:46z: 84:f3:eb:7d:7:a8
 0h00:04.828 2022/04/30T10:47:46z: SSID: MU Open
 0h00:04.834 2022/04/30T10:47:46z: AP_STAR tmr
 ets Jan  8 2013,rst cause:4, boot mode:(3,7)

wdt reset
load 0x4010f000, len 1384, room 16 
tail 8
chksum 0x2d
csum 0x2d
v8b899c12
~ld


6.01
 0h00:04.889 2022/04/30T11:07:48z: DS3231
 0h00:04.905 2022/04/30T11:07:48z: BME280 (0x76)
 0h00:04.919 2022/04/30T11:07:48z: 84:f3:eb:7d:7:a8
 0h00:04.920 2022/04/30T11:07:48z: SSID: MU Open
 0h00:04.926 2022/04/30T11:07:48z: AP_STAR tmr
 ets Jan  8 2013,rst cause:4, boot mode:(3,7)

wdt reset
load 0x4010f000, len 1384, room 16 
tail 8
chksum 0x2d
csum 0x2d
v8b899c12
~ld


6.01
 0h00:04.817 2022/04/30T11:27:51z: DS3231
 0h00:04.832 2022/04/30T11:27:51z: BME280 (0x76)
 0h00:04.846 2022/04/30T11:27:51z: 84:f3:eb:7d:7:a8
 0h00:04.848 2022/04/30T11:27:51z: SSID: MU Open
 0h00:04.853 2022/04/30T11:27:51z: AP_STAR tmr
 ets Jan  8 2013,rst cause:4, boot mode:(3,7)

wdt reset
load 0x4010f000, len 1384, room 16 
tail 8
chksum 0x2d
csum 0x2d
v8b899c12
~ld


6.01
 0h00:04.868 2022/04/30T11:47:54z: DS3231
 0h00:04.884 2022/04/30T11:47:54z: BME280 (0x76)
 0h00:04.898 2022/04/30T11:47:54z: 84:f3:eb:7d:7:a8
 0h00:04.899 2022/04/30T11:47:54z: SSID: MU Open
 0h00:04.905 2022/04/30T11:47:54z: AP_STAR tmr
 ets Jan  8 2013,rst cause:4, boot mode:(3,7)

wdt reset
load 0x4010f000, len 1384, room 16 
tail 8
chksum 0x2d
csum 0x2d
v8b899c12
~ld


6.01
 0h00:04.385 2022/04/30T12:07:56z: DS3231
 0h00:04.400 2022/04/30T12:07:56z: BME280 (0x76)
 0h00:04.414 2022/04/30T12:07:56z: 84:f3:eb:7d:7:a8
 0h00:04.416 2022/04/30T12:07:56z: SSID: MU Open
 0h00:04.421 2022/04/30T12:07:56z: AP_STAR tmr
 ets Jan  8 2013,rst cause:4, boot mode:(3,7)

wdt reset
load 0x4010f000, len 1384, room 16 
tail 8
chksum 0x2d
csum 0x2d
v8b899c12
~ld


6.01
 0h00:04.848 2022/04/30T12:27:57z: DS3231
 0h00:04.863 2022/04/30T12:27:57z: BME280 (0x76)
 0h00:04.877 2022/04/30T12:27:57z: 84:f3:eb:7d:7:a8
 0h00:04.879 2022/04/30T12:27:57z: SSID: MU Open
 0h00:04.884 2022/04/30T12:27:57z: AP_STAR tmr
 ets Jan  8 2013,rst cause:4, boot mode:(3,7)

wdt reset
load 0x4010f000, len 1384, room 16 
tail 8
chksum 0x2d
csum 0x2d
v8b899c12
~ld


6.01
 0h00:04.844 2022/04/30T12:48:00z: DS3231
 0h00:04.859 2022/04/30T12:48:00z: BME280 (0x76)
 0h00:04.874 2022/04/30T12:48:00z: 84:f3:eb:7d:7:a8
 0h00:04.875 2022/04/30T12:48:00z: SSID: MU Open
 0h00:04.880 2022/04/30T12:48:00z: AP_STAR tmr
 ets Jan  8 2013,rst cause:4, boot mode:(3,7)

wdt reset
load 0x4010f000, len 1384, room 16 
tail 8
chksum 0x2d
csum 0x2d
v8b899c12
~ld


6.01
 0h00:04.709 2022/04/30T13:08:02z: DS3231
 0h00:04.725 2022/04/30T13:08:02z: BME280 (0x76)
 0h00:04.739 2022/04/30T13:08:02z: 84:f3:eb:7d:7:a8
 0h00:04.741 2022/04/30T13:08:02z: SSID: MU Open
 0h00:04.746 2022/04/30T13:08:02z: AP_STAR tmr
 ets Jan  8 2013,rst cause:4, boot mode:(3,7)

wdt reset
load 0x4010f000, len 1384, room 16 
tail 8
chksum 0x2d
csum 0x2d
v8b899c12
~ld


6.01
 0h00:04.899 2022/04/30T13:28:05z: DS3231
 0h00:04.915 2022/04/30T13:28:05z: BME280 (0x76)
 0h00:04.929 2022/04/30T13:28:05z: 84:f3:eb:7d:7:a8
 0h00:04.930 2022/04/30T13:28:05z: SSID: MU Open
 0h00:04.936 2022/04/30T13:28:05z: AP_STAR tmr
 ets Jan  8 2013,rst cause:4, boot mode:(3,7)

wdt reset
load 0x4010f000, len 1384, room 16 
tail 8
chksum 0x2d
csum 0x2d
v8b899c12
~ld


6.01
 0h00:04.680 2022/04/30T13:48:07z: DS3231
 0h00:04.696 2022/04/30T13:48:07z: BME280 (0x76)
 0h00:04.710 2022/04/30T13:48:07z: 84:f3:eb:7d:7:a8
 0h00:04.712 2022/04/30T13:48:07z: SSID: MU Open
 0h00:04.717 2022/04/30T13:48:07z: AP_STAR tmr
 ets Jan  8 2013,rst cause:4, boot mode:(3,7)

wdt reset
load 0x4010f000, len 1384, room 16 
tail 8
chksum 0x2d
csum 0x2d
v8b899c12
~ld


6.01
 0h00:04.858 2022/04/30T14:08:09z: DS3231
 0h00:04.873 2022/04/30T14:08:09z: BME280 (0x76)
 0h00:04.887 2022/04/30T14:08:09z: 84:f3:eb:7d:7:a8
 0h00:04.889 2022/04/30T14:08:09z: SSID: MU Open
 0h00:04.894 2022/04/30T14:08:09z: AP_STAR tmr
 ets Jan  8 2013,rst cause:4, boot mode:(3,7)

wdt reset
load 0x4010f000, len 1384, room 16 
tail 8
chksum 0x2d
csum 0x2d
v8b899c12
~ld


6.01
 0h00:04.823 2022/04/30T14:28:11z: DS3231
 0h00:04.838 2022/04/30T14:28:11z: BME280 (0x76)
 0h00:04.852 2022/04/30T14:28:11z: 84:f3:eb:7d:7:a8
 0h00:04.854 2022/04/30T14:28:11z: SSID: MU Open
 0h00:04.859 2022/04/30T14:28:11z: AP_STAR tmr
 ets Jan  8 2013,rst cause:4, boot mode:(3,7)

wdt reset
load 0x4010f000, len 1384, room 16 
tail 8
chksum 0x2d
csum 0x2d
v8b899c12
~ld


6.01
 0h00:04.812 2022/04/30T14:48:14z: DS3231
 0h00:04.827 2022/04/30T14:48:14z: BME280 (0x76)
 0h00:04.841 2022/04/30T14:48:14z: 84:f3:eb:7d:7:a8
 0h00:04.843 2022/04/30T14:48:14z: SSID: MU Open
 0h00:04.848 2022/04/30T14:48:14z: AP_STAR tmr
 ets Jan  8 2013,rst cause:4, boot mode:(3,7)

wdt reset
load 0x4010f000, len 1384, room 16 
tail 8
chksum 0x2d
csum 0x2d
v8b899c12
~ld


6.01
 0h00:04.868 2022/04/30T15:08:16z: DS3231
 0h00:04.883 2022/04/30T15:08:16z: BME280 (0x76)
 0h00:04.898 2022/04/30T15:08:16z: 84:f3:eb:7d:7:a8
 0h00:04.899 2022/04/30T15:08:16z: SSID: MU Open
 0h00:04.904 2022/04/30T15:08:16z: AP_STAR tmr
 ets Jan  8 2013,rst cause:4, boot mode:(3,7)

wdt reset
load 0x4010f000, len 1384, room 16 
tail 8
chksum 0x2d
csum 0x2d
v8b899c12
~ld


6.01
 0h00:04.810 2022/04/30T15:28:19z: DS3231
 0h00:04.826 2022/04/30T15:28:19z: BME280 (0x76)
 0h00:04.840 2022/04/30T15:28:19z: 84:f3:eb:7d:7:a8
 0h00:04.842 2022/04/30T15:28:19z: SSID: MU Open
 0h00:04.847 2022/04/30T15:28:19z: AP_STAR tmr
 ets Jan  8 2013,rst cause:4, boot mode:(3,7)

wdt reset
load 0x4010f000, len 1384, room 16 
tail 8
chksum 0x2d
csum 0x2d
v8b899c12
~ld


6.01
 0h00:04.730 2022/04/30T15:48:21z: DS3231
 0h00:04.745 2022/04/30T15:48:21z: BME280 (0x76)
 0h00:04.759 2022/04/30T15:48:21z: 84:f3:eb:7d:7:a8
 0h00:04.761 2022/04/30T15:48:21z: SSID: MU Open
 0h00:04.766 2022/04/30T15:48:21z: AP_STAR tmr
 ets Jan  8 2013,rst cause:4, boot mode:(3,7)

wdt reset
load 0x4010f000, len 1384, room 16 
tail 8
chksum 0x2d
csum 0x2d
v8b899c12
~ld


6.01
 0h00:04.870 2022/04/30T16:08:23z: DS3231
 0h00:04.885 2022/04/30T16:08:23z: BME280 (0x76)
 0h00:04.899 2022/04/30T16:08:23z: 84:f3:eb:7d:7:a8
 0h00:04.901 2022/04/30T16:08:23z: SSID: MU Open
 0h00:04.906 2022/04/30T16:08:23z: AP_STAR tmr
 ets Jan  8 2013,rst cause:4, boot mode:(3,7)

wdt reset
load 0x4010f000, len 1384, room 16 
tail 8
chksum 0x2d
csum 0x2d
v8b899c12
~ld


6.01
 0h00:04.645 2022/04/30T16:28:25z: DS3231
 0h00:04.660 2022/04/30T16:28:25z: BME280 (0x76)
 0h00:04.674 2022/04/30T16:28:25z: 84:f3:eb:7d:7:a8
 0h00:04.676 2022/04/30T16:28:25z: SSID: MU Open
 0h00:04.681 2022/04/30T16:28:25z: AP_STAR tmr
 ets Jan  8 2013,rst cause:4, boot mode:(3,7)

wdt reset
load 0x4010f000, len 1384, room 16 
tail 8
chksum 0x2d
csum 0x2d
v8b899c12
~ld


6.01
 0h00:04.738 2022/04/30T16:48:27z: DS3231
 0h00:04.754 2022/04/30T16:48:27z: BME280 (0x76)
 0h00:04.768 2022/04/30T16:48:27z: 84:f3:eb:7d:7:a8
 0h00:04.769 2022/04/30T16:48:27z: SSID: MU Open
 0h00:04.775 2022/04/30T16:48:27z: AP_STAR tmr
 ets Jan  8 2013,rst cause:4, boot mode:(3,7)

wdt reset
load 0x4010f000, len 1384, room 16 
tail 8
chksum 0x2d
csum 0x2d
v8b899c12
~ld


6.01
 0h00:04.565 2022/04/30T17:08:29z: DS3231
 0h00:04.581 2022/04/30T17:08:29z: BME280 (0x76)
 0h00:04.595 2022/04/30T17:08:29z: 84:f3:eb:7d:7:a8
 0h00:04.597 2022/04/30T17:08:29z: SSID: MU Open
 0h00:04.602 2022/04/30T17:08:29z: AP_STAR tmr
 ets Jan  8 2013,rst cause:4, boot mode:(3,7)

wdt reset
load 0x4010f000, len 1384, room 16 
tail 8
chksum 0x2d
csum 0x2d
v8b899c12
~ld


6.01
 0h00:04.541 2022/04/30T17:28:31z: DS3231
 0h00:04.557 2022/04/30T17:28:32z: BME280 (0x76)
 0h00:04.571 2022/04/30T17:28:32z: 84:f3:eb:7d:7:a8
 0h00:04.573 2022/04/30T17:28:32z: SSID: MU Open
 0h00:04.578 2022/04/30T17:28:32z: AP_STAR tmr
 ets Jan  8 2013,rst cause:4, boot mode:(3,7)

wdt reset
load 0x4010f000, len 1384, room 16 
tail 8
chksum 0x2d
csum 0x2d
v8b899c12
~ld


6.01
 0h00:04.652 2022/04/30T17:48:34z: DS3231
 0h00:04.668 2022/04/30T17:48:34z: BME280 (0x76)
 0h00:04.682 2022/04/30T17:48:34z: 84:f3:eb:7d:7:a8
 0h00:04.684 2022/04/30T17:48:34z: SSID: MU Open
 0h00:04.689 2022/04/30T17:48:34z: AP_STAR tmr
 ets Jan  8 2013,rst cause:4, boot mode:(3,7)

wdt reset
load 0x4010f000, len 1384, room 16 
tail 8
chksum 0x2d
csum 0x2d
v8b899c12
~ld


6.01
 0h00:04.582 2022/04/30T18:08:36z: DS3231
 0h00:04.597 2022/04/30T18:08:36z: BME280 (0x76)
 0h00:04.611 2022/04/30T18:08:36z: 84:f3:eb:7d:7:a8
 0h00:04.613 2022/04/30T18:08:36z: SSID: MU Open
 0h00:04.618 2022/04/30T18:08:36z: AP_STAR tmr
 ets Jan  8 2013,rst cause:4, boot mode:(3,7)

wdt reset
load 0x4010f000, len 1384, room 16 
tail 8
chksum 0x2d
csum 0x2d
v8b899c12
~ld


6.01
 0h00:04.668 2022/04/30T18:28:39z: DS3231
 0h00:04.683 2022/04/30T18:28:39z: BME280 (0x76)
 0h00:04.697 2022/04/30T18:28:39z: 84:f3:eb:7d:7:a8
 0h00:04.699 2022/04/30T18:28:39z: SSID: MU Open
 0h00:04.704 2022/04/30T18:28:39z: AP_STAR tmr
 ets Jan  8 2013,rst cause:4, boot mode:(3,7)

wdt reset
load 0x4010f000, len 1384, room 16 
tail 8
chksum 0x2d
csum 0x2d
v8b899c12
~ld


6.01
 0h00:04.751 2022/04/30T18:48:41z: DS3231
 0h00:04.766 2022/04/30T18:48:41z: BME280 (0x76)
 0h00:04.780 2022/04/30T18:48:41z: 84:f3:eb:7d:7:a8
 0h00:04.782 2022/04/30T18:48:41z: SSID: MU Open
 0h00:04.787 2022/04/30T18:48:41z: AP_STAR tmr
 ets Jan  8 2013,rst cause:4, boot mode:(3,7)

wdt reset
load 0x4010f000, len 1384, room 16 
tail 8
chksum 0x2d
csum 0x2d
v8b899c12
~ld


6.01
 0h00:04.693 2022/04/30T19:08:43z: DS3231
 0h00:04.708 2022/04/30T19:08:43z: BME280 (0x76)
 0h00:04.722 2022/04/30T19:08:43z: 84:f3:eb:7d:7:a8
 0h00:04.724 2022/04/30T19:08:43z: SSID: MU Open
 0h00:04.729 2022/04/30T19:08:43z: AP_STAR tmr
 ets Jan  8 2013,rst cause:4, boot mode:(3,7)

wdt reset
load 0x4010f000, len 1384, room 16 
tail 8
chksum 0x2d
csum 0x2d
v8b899c12
~ld


6.01
 0h00:04.752 2022/04/30T19:28:45z: DS3231
 0h00:04.767 2022/04/30T19:28:45z: BME280 (0x76)
 0h00:04.782 2022/04/30T19:28:45z: 84:f3:eb:7d:7:a8
 0h00:04.783 2022/04/30T19:28:45z: SSID: MU Open
 0h00:04.788 2022/04/30T19:28:45z: AP_STAR tmr
 ets Jan  8 2013,rst cause:4, boot mode:(3,7)

wdt reset
load 0x4010f000, len 1384, room 16 
tail 8
chksum 0x2d
csum 0x2d
v8b899c12
~ld


6.01
 0h00:04.740 2022/04/30T19:48:47z: DS3231
 0h00:04.756 2022/04/30T19:48:47z: BME280 (0x76)
 0h00:04.770 2022/04/30T19:48:47z: 84:f3:eb:7d:7:a8
 0h00:04.771 2022/04/30T19:48:47z: SSID: MU Open
 0h00:04.777 2022/04/30T19:48:47z: AP_STAR tmr
 ets Jan  8 2013,rst cause:4, boot mode:(3,7)

wdt reset
load 0x4010f000, len 1384, room 16 
tail 8
chksum 0x2d
csum 0x2d
v8b899c12
~ld


6.01
 0h00:04.775 2022/04/30T20:08:49z: DS3231
 0h00:04.790 2022/04/30T20:08:49z: BME280 (0x76)
 0h00:04.804 2022/04/30T20:08:49z: 84:f3:eb:7d:7:a8
 0h00:04.806 2022/04/30T20:08:49z: SSID: MU Open
 0h00:04.811 2022/04/30T20:08:49z: AP_STAR tmr
 ets Jan  8 2013,rst cause:4, boot mode:(3,7)

wdt reset
load 0x4010f000, len 1384, room 16 
tail 8
chksum 0x2d
csum 0x2d
v8b899c12
~ld


6.01
 0h00:04.585 2022/04/30T20:28:52z: DS3231
 0h00:04.600 2022/04/30T20:28:52z: BME280 (0x76)
 0h00:04.614 2022/04/30T20:28:52z: 84:f3:eb:7d:7:a8
 0h00:04.616 2022/04/30T20:28:52z: SSID: MU Open
 0h00:04.621 2022/04/30T20:28:52z: AP_STAR tmr
 ets Jan  8 2013,rst cause:4, boot mode:(3,7)

wdt reset
load 0x4010f000, len 1384, room 16 
tail 8
chksum 0x2d
csum 0x2d
v8b899c12
~ld


6.01
 0h00:04.740 2022/04/30T20:48:54z: DS3231
 0h00:04.756 2022/04/30T20:48:54z: BME280 (0x76)
 0h00:04.770 2022/04/30T20:48:54z: 84:f3:eb:7d:7:a8
 0h00:04.772 2022/04/30T20:48:54z: SSID: MU Open
 0h00:04.777 2022/04/30T20:48:54z: AP_STAR tmr
 ets Jan  8 2013,rst cause:4, boot mode:(3,7)

wdt reset
load 0x4010f000, len 1384, room 16 
tail 8
chksum 0x2d
csum 0x2d
v8b899c12
~ld


6.01
 0h00:04.776 2022/04/30T21:08:56z: DS3231
 0h00:04.792 2022/04/30T21:08:56z: BME280 (0x76)
 0h00:04.806 2022/04/30T21:08:56z: 84:f3:eb:7d:7:a8
 0h00:04.808 2022/04/30T21:08:56z: SSID: MU Open
 0h00:04.813 2022/04/30T21:08:56z: AP_STAR tmr
 ets Jan  8 2013,rst cause:4, boot mode:(3,7)

wdt reset
load 0x4010f000, len 1384, room 16 
tail 8
chksum 0x2d
csum 0x2d
v8b899c12
~ld


6.01
 0h00:04.820 2022/04/30T21:28:58z: DS3231
 0h00:04.835 2022/04/30T21:28:58z: BME280 (0x76)
 0h00:04.849 2022/04/30T21:28:58z: 84:f3:eb:7d:7:a8
 0h00:04.851 2022/04/30T21:28:58z: SSID: MU Open
 0h00:04.856 2022/04/30T21:28:58z: AP_STAR tmr
 ets Jan  8 2013,rst cause:4, boot mode:(3,7)

wdt reset
load 0x4010f000, len 1384, room 16 
tail 8
chksum 0x2d
csum 0x2d
v8b899c12
~ld


6.01
 0h00:04.831 2022/04/30T21:49:01z: DS3231
 0h00:04.847 2022/04/30T21:49:01z: BME280 (0x76)
 0h00:04.861 2022/04/30T21:49:01z: 84:f3:eb:7d:7:a8
 0h00:04.863 2022/04/30T21:49:01z: SSID: MU Open
 0h00:04.868 2022/04/30T21:49:01z: AP_STAR tmr
 ets Jan  8 2013,rst cause:4, boot mode:(3,7)

wdt reset
load 0x4010f000, len 1384, room 16 
tail 8
chksum 0x2d
csum 0x2d
v8b899c12
~ld


6.01
 0h00:04.559 2022/04/30T22:09:03z: DS3231
 0h00:04.574 2022/04/30T22:09:03z: BME280 (0x76)
 0h00:04.589 2022/04/30T22:09:03z: 84:f3:eb:7d:7:a8
 0h00:04.590 2022/04/30T22:09:03z: SSID: MU Open
 0h00:04.595 2022/04/30T22:09:03z: AP_STAR tmr
 ets Jan  8 2013,rst cause:4, boot mode:(3,7)

wdt reset
load 0x4010f000, len 1384, room 16 
tail 8
chksum 0x2d
csum 0x2d
v8b899c12
~ld


6.01
 0h00:04.588 2022/04/30T22:29:04z: DS3231
 0h00:04.604 2022/04/30T22:29:04z: BME280 (0x76)
 0h00:04.618 2022/04/30T22:29:05z: 84:f3:eb:7d:7:a8
 0h00:04.619 2022/04/30T22:29:05z: SSID: MU Open
 0h00:04.625 2022/04/30T22:29:05z: AP_STAR tmr
 ets Jan  8 2013,rst cause:4, boot mode:(3,7)

wdt reset
load 0x4010f000, len 1384, room 16 
tail 8
chksum 0x2d
csum 0x2d
v8b899c12
~ld


6.01
 0h00:04.434 2022/04/30T22:49:06z: DS3231
 0h00:04.449 2022/04/30T22:49:06z: BME280 (0x76)
 0h00:04.463 2022/04/30T22:49:06z: 84:f3:eb:7d:7:a8
 0h00:04.465 2022/04/30T22:49:06z: SSID: MU Open
 0h00:04.470 2022/04/30T22:49:06z: AP_STAR tmr
 ets Jan  8 2013,rst cause:4, boot mode:(3,7)

wdt reset
load 0x4010f000, len 1384, room 16 
tail 8
chksum 0x2d
csum 0x2d
v8b899c12
~ld


6.01
 0h00:04.778 2022/04/30T23:09:08z: DS3231
 0h00:04.793 2022/04/30T23:09:08z: BME280 (0x76)
 0h00:04.807 2022/04/30T23:09:08z: 84:f3:eb:7d:7:a8
 0h00:04.809 2022/04/30T23:09:08z: SSID: MU Open
 0h00:04.814 2022/04/30T23:09:08z: AP_STAR tmr
 ets Jan  8 2013,rst cause:4, boot mode:(3,7)

wdt reset
load 0x4010f000, len 1384, room 16 
tail 8
chksum 0x2d
csum 0x2d
v8b899c12
~ld


6.01
 0h00:04.741 2022/04/30T23:29:10z: DS3231
 0h00:04.757 2022/04/30T23:29:10z: BME280 (0x76)
 0h00:04.771 2022/04/30T23:29:10z: 84:f3:eb:7d:7:a8
 0h00:04.772 2022/04/30T23:29:10z: SSID: MU Open
 0h00:04.778 2022/04/30T23:29:10z: AP_STAR tmr
 ets Jan  8 2013,rst cause:4, boot mode:(3,7)

wdt reset
load 0x4010f000, len 1384, room 16 
tail 8
chksum 0x2d
csum 0x2d
v8b899c12
~ld


6.01
 0h00:04.786 2022/04/30T23:49:12z: DS3231
 0h00:04.802 2022/04/30T23:49:12z: BME280 (0x76)
 0h00:04.816 2022/04/30T23:49:12z: 84:f3:eb:7d:7:a8
 0h00:04.818 2022/04/30T23:49:12z: SSID: MU Open
 0h00:04.823 2022/04/30T23:49:12z: AP_STA