R tmr
 ets Jan  8 2013,rst cause:4, boot mode:(3,7)

wdt reset
load 0x4010f000, len 1384, room 16 
tail 8
chksum 0x2d
csum 0x2d
v8b899c12
~ld


6.01
 0h00:04.624 2022/07/08T00:08:45z: DS3231
 0h00:04.639 2022/07/08T00:08:45z: BME280 (0x76)
 0h00:04.654 2022/07/08T00:08:45z: 84:f3:eb:7d:7:a8
 0h00:04.655 2022/07/08T00:08:45z: SSID: MU Open
 0h00:04.660 2022/07/08T00:08:45z: AP_STAR tmr
 ets Jan  8 2013,rst cause:4, boot mode:(3,7)

wdt reset
load 0x4010f000, len 1384, room 16 
tail 8
chksum 0x2d
csum 0x2d
v8b899c12
~ld


6.01
 0h00:04.744 2022/07/08T00:28:48z: DS3231
 0h00:04.760 2022/07/08T00:28:48z: BME280 (0x76)
 0h00:04.774 2022/07/08T00:28:48z: 84:f3:eb:7d:7:a8
 0h00:04.776 2022/07/08T00:28:48z: SSID: MU Open
 0h00:04.781 2022/07/08T00:28:48z: AP_STAR tmr
 ets Jan  8 2013,rst cause:4, boot mode:(3,7)

wdt reset
load 0x4010f000, len 1384, room 16 
tail 8
chksum 0x2d
csum 0x2d
v8b899c12
~ld


6.01
 0h00:04.731 2022/07/08T00:48:50z: DS3231
 0h00:04.746 2022/07/08T00:48:50z: BME280 (0x76)
 0h00:04.760 2022/07/08T00:48:50z: 84:f3:eb:7d:7:a8
 0h00:04.762 2022/07/08T00:48:50z: SSID: MU Open
 0h00:04.767 2022/07/08T00:48:50z: AP_STAR tmr
 ets Jan  8 2013,rst cause:4, boot mode:(3,7)

wdt reset
load 0x4010f000, len 1384, room 16 
tail 8
chksum 0x2d
csum 0x2d
v8b899c12
~ld


6.01
 0h00:04.766 2022/07/08T01:08:54z: DS3231
 0h00:04.782 2022/07/08T01:08:54z: BME280 (0x76)
 0h00:04.796 2022/07/08T01:08:54z: 84:f3:eb:7d:7:a8
 0h00:04.798 2022/07/08T01:08:54z: SSID: MU Open
 0h00:04.803 2022/07/08T01:08:54z: AP_STAR tmr
 ets Jan  8 2013,rst cause:4, boot mode:(3,7)

wdt reset
load 0x4010f000, len 1384, room 16 
tail 8
chksum 0x2d
csum 0x2d
v8b899c12
~ld


6.01
 0h00:04.624 2022/07/08T01:28:56z: DS3231
 0h00:04.639 2022/07/08T01:28:56z: BME280 (0x76)
 0h00:04.653 2022/07/08T01:28:56z: 84:f3:eb:7d:7:a8
 0h00:04.655 2022/07/08T01:28:56z: SSID: MU Open
 0h00:04.660 2022/07/08T01:28:56z: AP_STAR tmr
 ets Jan  8 2013,rst cause:4, boot mode:(3,7)

wdt reset
load 0x4010f000, len 1384, room 16 
tail 8
chksum 0x2d
csum 0x2d
v8b899c12
~ld


6.01
 0h00:04.511 2022/07/08T01:48:59z: DS3231
 0h00:04.526 2022/07/08T01:48:59z: BME280 (0x76)
 0h00:04.541 2022/07/08T01:48:59z: 84:f3:eb:7d:7:a8
 0h00:04.542 2022/07/08T01:48:59z: SSID: MU Open
 0h00:04.547 2022/07/08T01:48:59z: AP_STAR tmr
 ets Jan  8 2013,rst cause:4, boot mode:(3,7)

wdt reset
load 0x4010f000, len 1384, room 16 
tail 8
chksum 0x2d
csum 0x2d
v8b899c12
~ld


6.01
 0h00:04.870 2022/07/08T02:09:02z: DS3231
 0h00:04.885 2022/07/08T02:09:02z: BME280 (0x76)
 0h00:04.900 2022/07/08T02:09:02z: 84:f3:eb:7d:7:a8
 0h00:04.901 2022/07/08T02:09:02z: SSID: MU Open
 0h00:04.906 2022/07/08T02:09:02z: AP_STAR tmr
 ets Jan  8 2013,rst cause:4, boot mode:(3,7)

wdt reset
load 0x4010f000, len 1384, room 16 
tail 8
chksum 0x2d
csum 0x2d
v8b899c12
~ld


6.01
 0h00:04.805 2022/07/08T02:29:05z: DS3231
 0h00:04.821 2022/07/08T02:29:05z: BME280 (0x76)
 0h00:04.835 2022/07/08T02:29:05z: 84:f3:eb:7d:7:a8
 0h00:04.837 2022/07/08T02:29:05z: SSID: MU Open
 0h00:04.842 2022/07/08T02:29:05z: AP_STAR tmr
 ets Jan  8 2013,rst cause:4, boot mode:(3,7)

wdt reset
load 0x4010f000, len 1384, room 16 
tail 8
chksum 0x2d
csum 0x2d
v8b899c12
~ld


6.01
 0h00:04.902 2022/07/08T02:49:07z: DS3231
 0h00:04.918 2022/07/08T02:49:07z: BME280 (0x76)
 0h00:04.932 2022/07/08T02:49:07z: 84:f3:eb:7d:7:a8
 0h00:04.933 2022/07/08T02:49:07z: SSID: MU Open
 0h00:04.939 2022/07/08T02:49:07z: AP_STAR tmr
 ets Jan  8 2013,rst cause:4, boot mode:(3,7)

wdt reset
load 0x4010f000, len 1384, room 16 
tail 8
chksum 0x2d
csum 0x2d
v8b899c12
~ld


6.01
 0h00:04.899 2022/07/08T03:09:10z: DS3231
 0h00:04.914 2022/07/08T03:09:10z: BME280 (0x76)
 0h00:04.928 2022/07/08T03:09:10z: 84:f3:eb:7d:7:a8
 0h00:04.930 2022/07/08T03:09:10z: SSID: MU Open
 0h00:04.935 2022/07/08T03:09:10z: AP_STAR tmr
 ets Jan  8 2013,rst cause:4, boot mode:(3,7)

wdt reset
load 0x4010f000, len 1384, room 16 
tail 8
chksum 0x2d
csum 0x2d
v8b899c12
~ld


6.01
 0h00:04.801 2022/07/08T03:29:13z: DS3231
 0h00:04.816 2022/07/08T03:29:13z: BME280 (0x76)
 0h00:04.830 2022/07/08T03:29:13z: 84:f3:eb:7d:7:a8
 0h00:04.832 2022/07/08T03:29:13z: SSID: MU Open
 0h00:04.837 2022/07/08T03:29:13z: AP_STAR tmr
 ets Jan  8 2013,rst cause:4, boot mode:(3,7)

wdt reset
load 0x4010f000, len 1384, room 16 
tail 8
chksum 0x2d
csum 0x2d
v8b899c12
~ld


6.01
 0h00:04.853 2022/07/08T03:49:17z: DS3231
 0h00:04.869 2022/07/08T03:49:17z: BME280 (0x76)
 0h00:04.883 2022/07/08T03:49:17z: 84:f3:eb:7d:7:a8
 0h00:04.884 2022/07/08T03:49:17z: SSID: MU Open
 0h00:04.890 2022/07/08T03:49:17z: AP_STAR tmr
 ets Jan  8 2013,rst cause:4, boot mode:(3,7)

wdt reset
load 0x4010f000, len 1384, room 16 
tail 8
chksum 0x2d
csum 0x2d
v8b899c12
~ld


6.01
 0h00:04.786 2022/07/08T04:09:20z: DS3231
 0h00:04.801 2022/07/08T04:09:20z: BME280 (0x76)
 0h00:04.815 2022/07/08T04:09:20z: 84:f3:eb:7d:7:a8
 0h00:04.817 2022/07/08T04:09:20z: SSID: MU Open
 0h00:04.822 2022/07/08T04:09:20z: AP_STAR tmr
 ets Jan  8 2013,rst cause:4, boot mode:(3,7)

wdt reset
load 0x4010f000, len 1384, room 16 
tail 8
chksum 0x2d
csum 0x2d
v8b899c12
~ld


6.01
 0h00:04.713 2022/07/08T04:29:22z: DS3231
 0h00:04.729 2022/07/08T04:29:22z: BME280 (0x76)
 0h00:04.743 2022/07/08T04:29:22z: 84:f3:eb:7d:7:a8
 0h00:04.745 2022/07/08T04:29:22z: SSID: MU Open
 0h00:04.750 2022/07/08T04:29:22z: AP_STAR tmr
 ets Jan  8 2013,rst cause:4, boot mode:(3,7)

wdt reset
load 0x4010f000, len 1384, room 16 
tail 8
chksum 0x2d
csum 0x2d
v8b899c12
~ld


6.01
 0h00:04.782 2022/07/08T04:49:26z: DS3231
 0h00:04.798 2022/07/08T04:49:26z: BME280 (0x76)
 0h00:04.812 2022/07/08T04:49:26z: 84:f3:eb:7d:7:a8
 0h00:04.814 2022/07/08T04:49:26z: SSID: MU Open
 0h00:04.819 2022/07/08T04:49:26z: AP_STAR tmr
 ets Jan  8 2013,rst cause:4, boot mode:(3,7)

wdt reset
load 0x4010f000, len 1384, room 16 
tail 8
chksum 0x2d
csum 0x2d
v8b899c12
~ld


6.01
 0h00:04.871 2022/07/08T05:09:29z: DS3231
 0h00:04.886 2022/07/08T05:09:29z: BME280 (0x76)
 0h00:04.901 2022/07/08T05:09:29z: 84:f3:eb:7d:7:a8
 0h00:04.902 2022/07/08T05:09:29z: SSID: MU Open
 0h00:04.907 2022/07/08T05:09:29z: AP_STAR tmr
 ets Jan  8 2013,rst cause:4, boot mode:(3,7)

wdt reset
load 0x4010f000, len 1384, room 16 
tail 8
chksum 0x2d
csum 0x2d
v8b899c12
~ld


6.01
 0h00:04.712 2022/07/08T05:29:32z: DS3231
 0h00:04.728 2022/07/08T05:29:32z: BME280 (0x76)
 0h00:04.742 2022/07/08T05:29:32z: 84:f3:eb:7d:7:a8
 0h00:04.743 2022/07/08T05:29:32z: SSID: MU Open
 0h00:04.749 2022/07/08T05:29:32z: AP_STAR tmr
 ets Jan  8 2013,rst cause:4, boot mode:(3,7)

wdt reset
load 0x4010f000, len 1384, room 16 
tail 8
chksum 0x2d
csum 0x2d
v8b899c12
~ld


6.01
 0h00:04.966 2022/07/08T05:49:35z: DS3231
 0h00:04.981 2022/07/08T05:49:35z: BME280 (0x76)
 0h00:04.995 2022/07/08T05:49:35z: 84:f3:eb:7d:7:a8
 0h00:04.997 2022/07/08T05:49:35z: SSID: MU Open
 0h00:05.002 2022/07/08T05:49:35z: AP_STAR tmr
 ets Jan  8 2013,rst cause:4, boot mode:(3,7)

wdt reset
load 0x4010f000, len 1384, room 16 
tail 8
chksum 0x2d
csum 0x2d
v8b899c12
~ld


6.01
 0h00:04.998 2022/07/08T06:09:38z: DS3231
 0h00:05.013 2022/07/08T06:09:38z: BME280 (0x76)
 0h00:05.027 2022/07/08T06:09:38z: 84:f3:eb:7d:7:a8
 0h00:05.029 2022/07/08T06:09:38z: SSID: MU Open
 0h00:05.034 2022/07/08T06:09:38z: AP_STAR tmr
 ets Jan  8 2013,rst cause:4, boot mode:(3,7)

wdt reset
load 0x4010f000, len 1384, room 16 
tail 8
chksum 0x2d
csum 0x2d
v8b899c12
~ld


6.01
 0h00:04.846 2022/07/08T06:29:41z: DS3231
 0h00:04.862 2022/07/08T06:29:41z: BME280 (0x76)
 0h00:04.876 2022/07/08T06:29:41z: 84:f3:eb:7d:7:a8
 0h00:04.878 2022/07/08T06:29:41z: SSID: MU Open
 0h00:04.883 2022/07/08T06:29:41z: AP_STAR tmr
 ets Jan  8 2013,rst cause:4, boot mode:(3,7)

wdt reset
load 0x4010f000, len 1384, room 16 
tail 8
chksum 0x2d
csum 0x2d
v8b899c12
~ld


6.01
 0h00:04.962 2022/07/08T06:49:45z: DS3231
 0h00:04.977 2022/07/08T06:49:45z: BME280 (0x76)
 0h00:04.991 2022/07/08T06:49:45z: 84:f3:eb:7d:7:a8
 0h00:04.993 2022/07/08T06:49:45z: SSID: MU Open
 0h00:04.998 2022/07/08T06:49:45z: AP_STAR tmr
 ets Jan  8 2013,rst cause:4, boot mode:(3,7)

wdt reset
load 0x4010f000, len 1384, room 16 
tail 8
chksum 0x2d
csum 0x2d
v8b899c12
~ld


6.01
 0h00:05.057 2022/07/08T07:09:48z: DS3231
 0h00:05.072 2022/07/08T07:09:48z: BME280 (0x76)
 0h00:05.086 2022/07/08T07:09:48z: 84:f3:eb:7d:7:a8
 0h00:05.088 2022/07/08T07:09:48z: SSID: MU Open
 0h00:05.093 2022/07/08T07:09:48z: AP_STAR tmr
 ets Jan  8 2013,rst cause:4, boot mode:(3,7)

wdt reset
load 0x4010f000, len 1384, room 16 
tail 8
chksum 0x2d
csum 0x2d
v8b899c12
~ld


6.01
 0h00:04.949 2022/07/08T07:29:52z: DS3231
 0h00:04.964 2022/07/08T07:29:52z: BME280 (0x76)
 0h00:04.978 2022/07/08T07:29:52z: 84:f3:eb:7d:7:a8
 0h00:04.980 2022/07/08T07:29:52z: SSID: MU Open
 0h00:04.985 2022/07/08T07:29:52z: AP_STAR tmr
 ets Jan  8 2013,rst cause:4, boot mode:(3,7)

wdt reset
load 0x4010f000, len 1384, room 16 
tail 8
chksum 0x2d
csum 0x2d
v8b899c12
~ld


6.01
 0h00:04.865 2022/07/08T07:49:54z: DS3231
 0h00:04.880 2022/07/08T07:49:54z: BME280 (0x76)
 0h00:04.894 2022/07/08T07:49:54z: 84:f3:eb:7d:7:a8
 0h00:04.896 2022/07/08T07:49:54z: SSID: MU Open
 0h00:04.901 2022/07/08T07:49:54z: AP_STAR tmr
 ets Jan  8 2013,rst cause:4, boot mode:(3,7)

wdt reset
load 0x4010f000, len 1384, room 16 
tail 8
chksum 0x2d
csum 0x2d
v8b899c12
~ld


6.01
 0h00:04.941 2022/07/08T08:09:58z: DS3231
 0h00:04.957 2022/07/08T08:09:58z: BME280 (0x76)
 0h00:04.971 2022/07/08T08:09:58z: 84:f3:eb:7d:7:a8
 0h00:04.973 2022/07/08T08:09:58z: SSID: MU Open
 0h00:04.978 2022/07/08T08:09:58z: AP_STAR tmr
 ets Jan  8 2013,rst cause:4, boot mode:(3,7)

wdt reset
load 0x4010f000, len 1384, room 16 
tail 8
chksum 0x2d
csum 0x2d
v8b899c12
~ld


6.01
 0h00:04.924 2022/07/08T08:30:02z: DS3231
 0h00:04.939 2022/07/08T08:30:02z: BME280 (0x76)
 0h00:04.953 2022/07/08T08:30:02z: 84:f3:eb:7d:7:a8
 0h00:04.955 2022/07/08T08:30:02z: SSID: MU Open
 0h00:04.960 2022/07/08T08:30:02z: AP_STAR tmr
 ets Jan  8 2013,rst cause:4, boot mode:(3,7)

wdt reset
load 0x4010f000, len 1384, room 16 
tail 8
chksum 0x2d
csum 0x2d
v8b899c12
~ld


6.01
 0h00:04.896 2022/07/08T08:50:05z: DS3231
 0h00:04.911 2022/07/08T08:50:05z: BME280 (0x76)
 0h00:04.926 2022/07/08T08:50:05z: 84:f3:eb:7d:7:a8
 0h00:04.927 2022/07/08T08:50:05z: SSID: MU Open
 0h00:04.932 2022/07/08T08:50:05z: AP_STAR tmr
 ets Jan  8 2013,rst cause:4, boot mode:(3,7)

wdt reset
load 0x4010f000, len 1384, room 16 
tail 8
chksum 0x2d
csum 0x2d
v8b899c12
~ld


6.01
 0h00:04.864 2022/07/08T09:10:08z: DS3231
 0h00:04.879 2022/07/08T09:10:08z: BME280 (0x76)
 0h00:04.893 2022/07/08T09:10:08z: 84:f3:eb:7d:7:a8
 0h00:04.895 2022/07/08T09:10:08z: SSID: MU Open
 0h00:04.900 2022/07/08T09:10:08z: AP_STAR tmr
 ets Jan  8 2013,rst cause:4, boot mode:(3,7)

wdt reset
load 0x4010f000, len 1384, room 16 
tail 8
chksum 0x2d
csum 0x2d
v8b899c12
~ld


6.01
 0h00:04.932 2022/07/08T09:30:12z: DS3231
 0h00:04.948 2022/07/08T09:30:12z: BME280 (0x76)
 0h00:04.962 2022/07/08T09:30:12z: 84:f3:eb:7d:7:a8
 0h00:04.964 2022/07/08T09:30:12z: SSID: MU Open
 0h00:04.969 2022/07/08T09:30:12z: AP_STAR tmr
 ets Jan  8 2013,rst cause:4, boot mode:(3,7)

wdt reset
load 0x4010f000, len 1384, room 16 
tail 8
chksum 0x2d
csum 0x2d
v8b899c12
~ld


6.01
 0h00:05.063 2022/07/08T09:50:16z: DS3231
 0h00:05.079 2022/07/08T09:50:16z: BME280 (0x76)
 0h00:05.093 2022/07/08T09:50:16z: 84:f3:eb:7d:7:a8
 0h00:05.094 2022/07/08T09:50:16z: SSID: MU Open
 0h00:05.100 2022/07/08T09:50:16z: AP_STAR tmr
 ets Jan  8 2013,rst cause:4, boot mode:(3,7)

wdt reset
load 0x4010f000, len 1384, room 16 
tail 8
chksum 0x2d
csum 0x2d
v8b899c12
~ld


6.01
 0h00:04.829 2022/07/08T10:10:19z: DS3231
 0h00:04.845 2022/07/08T10:10:19z: BME280 (0x76)
 0h00:04.859 2022/07/08T10:10:19z: 84:f3:eb:7d:7:a8
 0h00:04.861 2022/07/08T10:10:19z: SSID: MU Open
 0h00:04.866 2022/07/08T10:10:19z: AP_STAR tmr
 ets Jan  8 2013,rst cause:4, boot mode:(3,7)

wdt reset
load 0x4010f000, len 1384, room 16 
tail 8
chksum 0x2d
csum 0x2d
v8b899c12
~ld


6.01
 0h00:04.763 2022/07/08T10:30:22z: DS3231
 0h00:04.779 2022/07/08T10:30:22z: BME280 (0x76)
 0h00:04.793 2022/07/08T10:30:22z: 84:f3:eb:7d:7:a8
 0h00:04.794 2022/07/08T10:30:22z: SSID: MU Open
 0h00:04.800 2022/07/08T10:30:22z: AP_STAR tmr
 ets Jan  8 2013,rst cause:4, boot mode:(3,7)

wdt reset
load 0x4010f000, len 1384, room 16 
tail 8
chksum 0x2d
csum 0x2d
v8b899c12
~ld


6.01
 0h00:04.924 2022/07/08T10:50:27z: DS3231
 0h00:04.939 2022/07/08T10:50:27z: BME280 (0x76)
 0h00:04.953 2022/07/08T10:50:27z: 84:f3:eb:7d:7:a8
 0h00:04.955 2022/07/08T10:50:27z: SSID: MU Open
 0h00:04.960 2022/07/08T10:50:27z: AP_STAR tmr
 ets Jan  8 2013,rst cause:4, boot mode:(3,7)

wdt reset
load 0x4010f000, len 1384, room 16 
tail 8
chksum 0x2d
csum 0x2d
v8b899c12
~ld


6.01
 0h00:05.013 2022/07/08T11:10:30z: DS3231
 0h00:05.029 2022/07/08T11:10:30z: BME280 (0x76)
 0h00:05.043 2022/07/08T11:10:30z: 84:f3:eb:7d:7:a8
 0h00:05.045 2022/07/08T11:10:30z: SSID: MU Open
 0h00:05.050 2022/07/08T11:10:30z: AP_STAR tmr
 ets Jan  8 2013,rst cause:4, boot mode:(3,7)

wdt reset
load 0x4010f000, len 1384, room 16 
tail 8
chksum 0x2d
csum 0x2d
v8b899c12
~ld


6.01
 0h00:04.882 2022/07/08T11:30:33z: DS3231
 0h00:04.898 2022/07/08T11:30:33z: BME280 (0x76)
 0h00:04.912 2022/07/08T11:30:33z: 84:f3:eb:7d:7:a8
 0h00:04.914 2022/07/08T11:30:33z: SSID: MU Open
 0h00:04.919 2022/07/08T11:30:33z: AP_STAR tmr
 ets Jan  8 2013,rst cause:4, boot mode:(3,7)

wdt reset
load 0x4010f000, len 1384, room 16 
tail 8
chksum 0x2d
csum 0x2d
v8b899c12
~ld


6.01
 0h00:05.038 2022/07/08T11:50:37z: DS3231
 0h00:05.054 2022/07/08T11:50:37z: BME280 (0x76)
 0h00:05.068 2022/07/08T11:50:37z: 84:f3:eb:7d:7:a8
 0h00:05.069 2022/07/08T11:50:37z: SSID: MU Open
 0h00:05.075 2022/07/08T11:50:37z: AP_STAR tmr
 ets Jan  8 2013,rst cause:4, boot mode:(3,7)

wdt reset
load 0x4010f000, len 1384, room 16 
tail 8
chksum 0x2d
csum 0x2d
v8b899c12
~ld


6.01
 0h00:04.812 2022/07/08T12:10:40z: DS3231
 0h00:04.828 2022/07/08T12:10:40z: BME280 (0x76)
 0h00:04.842 2022/07/08T12:10:40z: 84:f3:eb:7d:7:a8
 0h00:04.844 2022/07/08T12:10:40z: SSID: MU Open
 0h00:04.849 2022/07/08T12:10:40z: AP_STAR tmr
 ets Jan  8 2013,rst cause:4, boot mode:(3,7)

wdt reset
load 0x4010f000, len 1384, room 16 
tail 8
chksum 0x2d
csum 0x2d
v8b899c12
~ld


6.01
 0h00:05.036 2022/07/08T12:30:43z: DS3231
 0h00:05.051 2022/07/08T12:30:43z: BME280 (0x76)
 0h00:05.066 2022/07/08T12:30:43z: 84:f3:eb:7d:7:a8
 0h00:05.067 2022/07/08T12:30:43z: SSID: MU Open
 0h00:05.072 2022/07/08T12:30:43z: AP_STAR tmr
 ets Jan  8 2013,rst cause:4, boot mode:(3,7)

wdt reset
load 0x4010f000, len 1384, room 16 
tail 8
chksum 0x2d
csum 0x2d
v8b899c12
~ld


6.01
 0h00:04.983 2022/07/08T12:50:46z: DS3231
 0h00:04.999 2022/07/08T12:50:46z: BME280 (0x76)
 0h00:05.013 2022/07/08T12:50:46z: 84:f3:eb:7d:7:a8
 0h00:05.014 2022/07/08T12:50:46z: SSID: MU Open
 0h00:05.020 2022/07/08T12:50:46z: AP_STAR tmr
 ets Jan  8 2013,rst cause:4, boot mode:(3,7)

wdt reset
load 0x4010f000, len 1384, room 16 
tail 8
chksum 0x2d
csum 0x2d
v8b899c12
~ld


6.01
 0h00:05.104 2022/07/08T13:10:50z: DS3231
 0h00:05.120 2022/07/08T13:10:50z: BME280 (0x76)
 0h00:05.134 2022/07/08T13:10:50z: 84:f3:eb:7d:7:a8
 0h00:05.136 2022/07/08T13:10:50z: SSID: MU Open
 0h00:05.141 2022/07/08T13:10:50z: AP_STAR tmr
 ets Jan  8 2013,rst cause:4, boot mode:(3,7)

wdt reset
load 0x4010f000, len 1384, room 16 
tail 8
chksum 0x2d
csum 0x2d
v8b899c12
~ld


6.01
 0h00:05.019 2022/07/08T13:30:53z: DS3231
 0h00:05.034 2022/07/08T13:30:53z: BME280 (0x76)
 0h00:05.048 2022/07/08T13:30:53z: 84:f3:eb:7d:7:a8
 0h00:05.050 2022/07/08T13:30:53z: SSID: MU Open
 0h00:05.055 2022/07/08T13:30:53z: AP_STAR tmr
 ets Jan  8 2013,rst cause:4, boot mode:(3,7)

wdt reset
load 0x4010f000, len 1384, room 16 
tail 8
chksum 0x2d
csum 0x2d
v8b899c12
~ld


6.01
 0h00:05.105 2022/07/08T13:50:57z: DS3231
 0h00:05.120 2022/07/08T13:50:57z: BME280 (0x76)
 0h00:05.135 2022/07/08T13:50:57z: 84:f3:eb:7d:7:a8
 0h00:05.136 2022/07/08T13:50:57z: SSID: MU Open
 0h00:05.141 2022/07/08T13:50:57z: AP_STAR tmr
 ets Jan  8 2013,rst cause:4, boot mode:(3,7)

wdt reset
load 0x4010f000, len 1384, room 16 
tail 8
chksum 0x2d
csum 0x2d
v8b899c12
~ld


6.01
 0h00:04.790 2022/07/08T14:11:00z: DS3231
 0h00:04.805 2022/07/08T14:11:00z: BME280 (0x76)
 0h00:04.820 2022/07/08T14:11:00z: 84:f3:eb:7d:7:a8
 0h00:04.821 2022/07/08T14:11:00z: SSID: MU Open
 0h00:04.826 2022/07/08T14:11:00z: AP_STAR tmr
 ets Jan  8 2013,rst cause:4, boot mode:(3,7)

wdt reset
load 0x4010f000, len 1384, room 16 
tail 8
chksum 0x2d
csum 0x2d
v8b899c12
~ld


6.01
 0h00:05.084 2022/07/08T14:31:03z: DS3231
 0h00:05.099 2022/07/08T14:31:03z: BME280 (0x76)
 0h00:05.114 2022/07/08T14:31:03z: 84:f3:eb:7d:7:a8
 0h00:05.115 2022/07/08T14:31:03z: SSID: MU Open
 0h00:05.120 2022/07/08T14:31:03z: AP_STAR tmr
 ets Jan  8 2013,rst cause:4, boot mode:(3,7)

wdt reset
load 0x4010f000, len 1384, room 16 
tail 8
chksum 0x2d
csum 0x2d
v8b899c12
~ld


6.01
 0h00:05.060 2022/07/08T14:51:06z: DS3231
 0h00:05.076 2022/07/08T14:51:06z: BME280 (0x76)
 0h00:05.090 2022/07/08T14:51:06z: 84:f3:eb:7d:7:a8
 0h00:05.091 2022/07/08T14:51:06z: SSID: MU Open
 0h00:05.097 2022/07/08T14:51:06z: AP_STAR tmr
 ets Jan  8 2013,rst cause:4, boot mode:(3,7)

wdt reset
load 0x4010f000, len 1384, room 16 
tail 8
chksum 0x2d
csum 0x2d
v8b899c12
~ld


6.01
 0h00:04.921 2022/07/08T15:11:10z: DS3231
 0h00:04.937 2022/07/08T15:11:10z: BME280 (0x76)
 0h00:04.951 2022/07/08T15:11:10z: 84:f3:eb:7d:7:a8
 0h00:04.952 2022/07/08T15:11:10z: SSID: MU Open
 0h00:04.958 2022/07/08T15:11:10z: AP_STAR tmr
 ets Jan  8 2013,rst cause:4, boot mode:(3,7)

wdt reset
load 0x4010f000, len 1384, room 16 
tail 8
chksum 0x2d
csum 0x2d
v8b899c12
~ld


6.01
 0h00:05.052 2022/07/08T15:31:13z: DS3231
 0h00:05.068 2022/07/08T15:31:13z: BME280 (0x76)
 0h00:05.082 2022/07/08T15:31:13z: 84:f3:eb:7d:7:a8
 0h00:05.083 2022/07/08T15:31:13z: SSID: MU Open
 0h00:05.089 2022/07/08T15:31:13z: AP_STAR tmr
 ets Jan  8 2013,rst cause:4, boot mode:(3,7)

wdt reset
load 0x4010f000, len 1384, room 16 
tail 8
chksum 0x2d
csum 0x2d
v8b899c12
~ld


6.01
 0h00:04.804 2022/07/08T15:51:16z: DS3231
 0h00:04.819 2022/07/08T15:51:16z: BME280 (0x76)
 0h00:04.833 2022/07/08T15:51:16z: 84:f3:eb:7d:7:a8
 0h00:04.835 2022/07/08T15:51:16z: SSID: MU Open
 0h00:04.840 2022/07/08T15:51:16z: AP_STAR tmr
 ets Jan  8 2013,rst cause:4, boot mode:(3,7)

wdt reset
load 0x4010f000, len 1384, room 16 
tail 8
chksum 0x2d
csum 0x2d
v8b899c12
~ld


6.01
 0h00:05.073 2022/07/08T16:11:20z: DS3231
 0h00:05.089 2022/07/08T16:11:20z: BME280 (0x76)
 0h00:05.103 2022/07/08T16:11:20z: 84:f3:eb:7d:7:a8
 0h00:05.104 2022/07/08T16:11:20z: SSID: MU Open
 0h00:05.110 2022/07/08T16:11:20z: AP_STAR tmr
 ets Jan  8 2013,rst cause:4, boot mode:(3,7)

wdt reset
load 0x4010f000, len 1384, room 16 
tail 8
chksum 0x2d
csum 0x2d
v8b899c12
~ld


6.01
 0h00:04.837 2022/07/08T16:31:23z: DS3231
 0h00:04.852 2022/07/08T16:31:23z: BME280 (0x76)
 0h00:04.867 2022/07/08T16:31:23z: 84:f3:eb:7d:7:a8
 0h00:04.868 2022/07/08T16:31:23z: SSID: MU Open
 0h00:04.873 2022/07/08T16:31:23z: AP_STAR tmr
 ets Jan  8 2013,rst cause:4, boot mode:(3,7)

wdt reset
load 0x4010f000, len 1384, room 16 
tail 8
chksum 0x2d
csum 0x2d
v8b899c12
~ld


6.01
 0h00:05.314 2022/07/08T16:51:27z: DS3231
 0h00:05.329 2022/07/08T16:51:27z: BME280 (0x76)
 0h00:05.343 2022/07/08T16:51:27z: 84:f3:eb:7d:7:a8
 0h00:05.345 2022/07/08T16:51:27z: SSID: MU Open
 0h00:05.350 2022/07/08T16:51:27z: AP_STAR tmr
 ets Jan  8 2013,rst cause:4, boot mode:(3,7)

wdt reset
load 0x4010f000, len 1384, room 16 
tail 8
chksum 0x2d
csum 0x2d
v8b899c12
~ld


6.01
 0h00:05.066 2022/07/08T17:11:31z: DS3231
 0h00:05.082 2022/07/08T17:11:31z: BME280 (0x76)
 0h00:05.096 2022/07/08T17:11:31z: 84:f3:eb:7d:7:a8
 0h00:05.098 2022/07/08T17:11:31z: SSID: MU Open
 0h00:05.103 2022/07/08T17:11:31z: AP_STAR tmr
 ets Jan  8 2013,rst cause:4, boot mode:(3,7)

wdt reset
load 0x4010f000, len 1384, room 16 
tail 8
chksum 0x2d
csum 0x2d
v8b899c12
~ld


6.01
 0h00:04.823 2022/07/08T17:31:34z: DS3231
 0h00:04.839 2022/07/08T17:31:34z: BME280 (0x76)
 0h00:04.853 2022/07/08T17:31:34z: 84:f3:eb:7d:7:a8
 0h00:04.855 2022/07/08T17:31:34z: SSID: MU Open
 0h00:04.860 2022/07/08T17:31:34z: AP_STAR tmr
 ets Jan  8 2013,rst cause:4, boot mode:(3,7)

wdt reset
load 0x4010f000, len 1384, room 16 
tail 8
chksum 0x2d
csum 0x2d
v8b899c12
~ld


6.01
 0h00:05.087 2022/07/08T17:51:37z: DS3231
 0h00:05.102 2022/07/08T17:51:37z: BME280 (0x76)
 0h00:05.116 2022/07/08T17:51:37z: 84:f3:eb:7d:7:a8
 0h00:05.118 2022/07/08T17:51:37z: SSID: MU Open
 0h00:05.123 2022/07/08T17:51:37z: AP_STAR tmr
 ets Jan  8 2013,rst cause:4, boot mode:(3,7)

wdt reset
load 0x4010f000, len 1384, room 16 
tail 8
chksum 0x2d
csum 0x2d
v8b899c12
~ld


6.01
 0h00:04.814 2022/07/08T18:11:41z: DS3231
 0h00:04.830 2022/07/08T18:11:41z: BME280 (0x76)
 0h00:04.844 2022/07/08T18:11:41z: 84:f3:eb:7d:7:a8
 0h00:04.846 2022/07/08T18:11:41z: SSID: MU Open
 0h00:04.851 2022/07/08T18:11:41z: AP_STAR tmr
 ets Jan  8 2013,rst cause:4, boot mode:(3,7)

wdt reset
load 0x4010f000, len 1384, room 16 
tail 8
chksum 0x2d
csum 0x2d
v8b899c12
~ld


6.01
 0h00:04.576 2022/07/08T18:31:44z: DS3231
 0h00:04.591 2022/07/08T18:31:44z: BME280 (0x76)
 0h00:04.605 2022/07/08T18:31:44z: 84:f3:eb:7d:7:a8
 0h00:04.607 2022/07/08T18:31:44z: SSID: MU Open
 0h00:04.612 2022/07/08T18:31:44z: AP_STAR tmr
 ets Jan  8 2013,rst cause:4, boot mode:(3,7)

wdt reset
load 0x4010f000, len 1384, room 16 
tail 8
chksum 0x2d
csum 0x2d
v8b899c12
~ld


6.01
 0h00:04.626 2022/07/08T18:51:47z: DS3231
 0h00:04.641 2022/07/08T18:51:47z: BME280 (0x76)
 0h00:04.655 2022/07/08T18:51:47z: 84:f3:eb:7d:7:a8
 0h00:04.657 2022/07/08T18:51:47z: SSID: MU Open
 0h00:04.662 2022/07/08T18:51:47z: AP_STAR tmr
 ets Jan  8 2013,rst cause:4, boot mode:(3,7)

wdt reset
load 0x4010f000, len 1384, room 16 
tail 8
chksum 0x2d
csum 0x2d
v8b899c12
~ld


6.01
 0h00:04.853 2022/07/08T19:11:51z: DS3231
 0h00:04.868 2022/07/08T19:11:51z: BME280 (0x76)
 0h00:04.882 2022/07/08T19:11:51z: 84:f3:eb:7d:7:a8
 0h00:04.884 2022/07/08T19:11:51z: SSID: MU Open
 0h00:04.889 2022/07/08T19:11:51z: AP_STAR tmr
 ets Jan  8 2013,rst cause:4, boot mode:(3,7)

wdt reset
load 0x4010f000, len 1384, room 16 
tail 8
chksum 0x2d
csum 0x2d
v8b899c12
~ld


6.01
 0h00:04.829 2022/07/08T19:31:54z: DS3231
 0h00:04.844 2022/07/08T19:31:54z: BME280 (0x76)
 0h00:04.858 2022/07/08T19:31:54z: 84:f3:eb:7d:7:a8
 0h00:04.860 2022/07/08T19:31:54z: SSID: MU Open
 0h00:04.865 2022/07/08T19:31:54z: AP_STAR tmr
 ets Jan  8 2013,rst cause:4, boot mode:(3,7)

wdt reset
load 0x4010f000, len 1384, room 16 
tail 8
chksum 0x2d
csum 0x2d
v8b899c12
~ld


6.01
 0h00:04.944 2022/07/08T19:51:57z: DS3231
 0h00:04.959 2022/07/08T19:51:57z: BME280 (0x76)
 0h00:04.973 2022/07/08T19:51:57z: 84:f3:eb:7d:7:a8
 0h00:04.975 2022/07/08T19:51:57z: SSID: MU Open
 0h00:04.980 2022/07/08T19:51:57z: AP_STAR tmr
 ets Jan  8 2013,rst cause:4, boot mode:(3,7)

wdt reset
load 0x4010f000, len 1384, room 16 
tail 8
chksum 0x2d
csum 0x2d
v8b899c12
~ld


6.01
 0h00:04.939 2022/07/08T20:12:00z: DS3231
 0h00:04.955 2022/07/08T20:12:00z: BME280 (0x76)
 0h00:04.969 2022/07/08T20:12:00z: 84:f3:eb:7d:7:a8
 0h00:04.970 2022/07/08T20:12:00z: SSID: MU Open
 0h00:04.976 2022/07/08T20:12:00z: AP_STAR tmr
 ets Jan  8 2013,rst cause:4, boot mode:(3,7)

wdt reset
load 0x4010f000, len 1384, room 16 
tail 8
chksum 0x2d
csum 0x2d
v8b899c12
~ld


6.01
 0h00:04.709 2022/07/08T20:32:02z: DS3231
 0h00:04.724 2022/07/08T20:32:02z: BME280 (0x76)
 0h00:04.738 2022/07/08T20:32:02z: 84:f3:eb:7d:7:a8
 0h00:04.740 2022/07/08T20:32:02z: SSID: MU Open
 0h00:04.745 2022/07/08T20:32:02z: AP_STAR tmr
 ets Jan  8 2013,rst cause:4, boot mode:(3,7)

wdt reset
load 0x4010f000, len 1384, room 16 
tail 8
chksum 0x2d
csum 0x2d
v8b899c12
~ld


6.01
 0h00:04.951 2022/07/08T20:52:06z: DS3231
 0h00:04.966 2022/07/08T20:52:06z: BME280 (0x76)
 0h00:04.980 2022/07/08T20:52:06z: 84:f3:eb:7d:7:a8
 0h00:04.982 2022/07/08T20:52:06z: SSID: MU Open
 0h00:04.987 2022/07/08T20:52:06z: AP_STAR tmr
 ets Jan  8 2013,rst cause:4, boot mode:(3,7)

wdt reset
load 0x4010f000, len 1384, room 16 
tail 8
chksum 0x2d
csum 0x2d
v8b899c12
~ld


6.01
 0h00:04.940 2022/07/08T21:12:09z: DS3231
 0h00:04.955 2022/07/08T21:12:09z: BME280 (0x76)
 0h00:04.970 2022/07/08T21:12:09z: 84:f3:eb:7d:7:a8
 0h00:04.971 2022/07/08T21:12:09z: SSID: MU Open
 0h00:04.976 2022/07/08T21:12:09z: AP_STAR tmr
 ets Jan  8 2013,rst cause:4, boot mode:(3,7)

wdt reset
load 0x4010f000, len 1384, room 16 
tail 8
chksum 0x2d
csum 0x2d
v8b899c12
~ld


6.01
 0h00:05.038 2022/07/08T21:32:12z: DS3231
 0h00:05.054 2022/07/08T21:32:12z: BME280 (0x76)
 0h00:05.068 2022/07/08T21:32:12z: 84:f3:eb:7d:7:a8
 0h00:05.069 2022/07/08T21:32:12z: SSID: MU Open
 0h00:05.075 2022/07/08T21:32:12z: AP_STAR tmr
 ets Jan  8 2013,rst cause:4, boot mode:(3,7)

wdt reset
load 0x4010f000, len 1384, room 16 
tail 8
chksum 0x2d
csum 0x2d
v8b899c12
~ld


6.01
 0h00:04.975 2022/07/08T21:52:15z: DS3231
 0h00:04.990 2022/07/08T21:52:15z: BME280 (0x76)
 0h00:05.004 2022/07/08T21:52:15z: 84:f3:eb:7d:7:a8
 0h00:05.006 2022/07/08T21:52:15z: SSID: MU Open
 0h00:05.011 2022/07/08T21:52:15z: AP_STAR tmr
 ets Jan  8 2013,rst cause:4, boot mode:(3,7)

wdt reset
load 0x4010f000, len 1384, room 16 
tail 8
chksum 0x2d
csum 0x2d
v8b899c12
~ld


6.01
 0h00:05.010 2022/07/08T22:12:19z: DS3231
 0h00:05.025 2022/07/08T22:12:19z: BME280 (0x76)
 0h00:05.039 2022/07/08T22:12:19z: 84:f3:eb:7d:7:a8
 0h00:05.041 2022/07/08T22:12:19z: SSID: MU Open
 0h00:05.046 2022/07/08T22:12:19z: AP_STAR tmr
 ets Jan  8 2013,rst cause:4, boot mode:(3,7)

wdt reset
load 0x4010f000, len 1384, room 16 
tail 8
chksum 0x2d
csum 0x2d
v8b899c12
~ld


6.01
 0h00:04.668 2022/07/08T22:32:22z: DS3231
 0h00:04.683 2022/07/08T22:32:22z: BME280 (0x76)
 0h00:04.697 2022/07/08T22:32:22z: 84:f3:eb:7d:7:a8
 0h00:04.699 2022/07/08T22:32:22z: SSID: MU Open
 0h00:04.704 2022/07/08T22:32:22z: AP_STAR tmr
 ets Jan  8 2013,rst cause:4, boot mode:(3,7)

wdt reset
load 0x4010f000, len 1384, room 16 
tail 8
chksum 0x2d
csum 0x2d
v8b899c12
~ld


6.01
 0h00:04.970 2022/07/08T22:52:25z: DS3231
 0h00:04.985 2022/07/08T22:52:25z: BME280 (0x76)
 0h00:04.999 2022/07/08T22:52:25z: 84:f3:eb:7d:7:a8
 0h00:05.001 2022/07/08T22:52:25z: SSID: MU Open
 0h00:05.006 2022/07/08T22:52:25z: AP_STAR tmr
 ets Jan  8 2013,rst cause:4, boot mode:(3,7)

wdt reset
load 0x4010f000, len 1384, room 16 
tail 8
chksum 0x2d
csum 0x2d
v8b899c12
~ld


6.01
 0h00:05.074 2022/07/08T23:12:28z: DS3231
 0h00:05.090 2022/07/08T23:12:28z: BME280 (0x76)
 0h00:05.104 2022/07/08T23:12:28z: 84:f3:eb:7d:7:a8
 0h00:05.105 2022/07/08T23:12:28z: SSID: MU Open
 0h00:05.111 2022/07/08T23:12:28z: AP_STAR tmr
 ets Jan  8 2013,rst cause:4, boot mode:(3,7)

wdt reset
load 0x4010f000, len 1384, room 16 
tail 8
chksum 0x2d
csum 0x2d
v8b899c12
~ld


6.01
 0h00:05.073 2022/07/08T23:32:31z: DS3231
 0h00:05.089 2022/07/08T23:32:31z: BME280 (0x76)
 0h00:05.103 2022/07/08T23:32:31z: 84:f3:eb:7d:7:a8
 0h00:05.104 2022/07/08T23:32:31z: SSID: MU Open
 0h00:05.110 2022/07/08T23:32:31z: AP_STAR tmr
 ets Jan  8 2013,rst cause:4, boot mode:(3,7)

wdt reset
load 0x4010f000, len 1384, room 16 
tail 8
chksum 0x2d
csum 0x2d
v8b899c12
~ld


6.01
 0h00:05.133 2022/07/08T23:52:35z: DS3231
 0h00:05.148 2022/07/08T23:52:35z: BME280 (0x76)
 0h00:05.162 2022/07/08T23:52:35z: 84:f3:eb:7d:7:a8
 0h00:05.164 2022/07/08T23:52:35z: SSID: MU Open
 0h00:05.169 2022/07/08T23:52:35z: AP_STA