R tmr
 ets Jan  8 2013,rst cause:4, boot mode:(3,7)

wdt reset
load 0x4010f000, len 1384, room 16 
tail 8
chksum 0x2d
csum 0x2d
v8b899c12
~ld


6.01
 0h00:04.872 2022/07/13T00:06:55z: DS3231
 0h00:04.887 2022/07/13T00:06:55z: BME280 (0x76)
 0h00:04.902 2022/07/13T00:06:55z: 84:f3:eb:7d:7:a8
 0h00:04.903 2022/07/13T00:06:55z: SSID: MU Open
 0h00:04.908 2022/07/13T00:06:55z: AP_STAR tmr
 ets Jan  8 2013,rst cause:4, boot mode:(3,7)

wdt reset
load 0x4010f000, len 1384, room 16 
tail 8
chksum 0x2d
csum 0x2d
v8b899c12
~ld


6.01
 0h00:04.844 2022/07/13T00:26:57z: DS3231
 0h00:04.859 2022/07/13T00:26:57z: BME280 (0x76)
 0h00:04.874 2022/07/13T00:26:57z: 84:f3:eb:7d:7:a8
 0h00:04.875 2022/07/13T00:26:57z: SSID: MU Open
 0h00:04.880 2022/07/13T00:26:57z: AP_STAR tmr
 ets Jan  8 2013,rst cause:4, boot mode:(3,7)

wdt reset
load 0x4010f000, len 1384, room 16 
tail 8
chksum 0x2d
csum 0x2d
v8b899c12
~ld


6.01
 0h00:04.883 2022/07/13T00:47:00z: DS3231
 0h00:04.899 2022/07/13T00:47:00z: BME280 (0x76)
 0h00:04.913 2022/07/13T00:47:00z: 84:f3:eb:7d:7:a8
 0h00:04.915 2022/07/13T00:47:00z: SSID: MU Open
 0h00:04.920 2022/07/13T00:47:00z: AP_STAR tmr
 ets Jan  8 2013,rst cause:4, boot mode:(3,7)

wdt reset
load 0x4010f000, len 1384, room 16 
tail 8
chksum 0x2d
csum 0x2d
v8b899c12
~ld


6.01
 0h00:04.876 2022/07/13T01:07:04z: DS3231
 0h00:04.892 2022/07/13T01:07:04z: BME280 (0x76)
 0h00:04.906 2022/07/13T01:07:04z: 84:f3:eb:7d:7:a8
 0h00:04.907 2022/07/13T01:07:04z: SSID: MU Open
 0h00:04.913 2022/07/13T01:07:04z: AP_STAR tmr
 ets Jan  8 2013,rst cause:4, boot mode:(3,7)

wdt reset
load 0x4010f000, len 1384, room 16 
tail 8
chksum 0x2d
csum 0x2d
v8b899c12
~ld


6.01
 0h00:04.855 2022/07/13T01:27:07z: DS3231
 0h00:04.871 2022/07/13T01:27:07z: BME280 (0x76)
 0h00:04.885 2022/07/13T01:27:07z: 84:f3:eb:7d:7:a8
 0h00:04.886 2022/07/13T01:27:07z: SSID: MU Open
 0h00:04.892 2022/07/13T01:27:07z: AP_STAR tmr
 ets Jan  8 2013,rst cause:4, boot mode:(3,7)

wdt reset
load 0x4010f000, len 1384, room 16 
tail 8
chksum 0x2d
csum 0x2d
v8b899c12
~ld


6.01
 0h00:04.842 2022/07/13T01:47:10z: DS3231
 0h00:04.857 2022/07/13T01:47:10z: BME280 (0x76)
 0h00:04.871 2022/07/13T01:47:10z: 84:f3:eb:7d:7:a8
 0h00:04.873 2022/07/13T01:47:10z: SSID: MU Open
 0h00:04.878 2022/07/13T01:47:10z: AP_STAR tmr
 ets Jan  8 2013,rst cause:4, boot mode:(3,7)

wdt reset
load 0x4010f000, len 1384, room 16 
tail 8
chksum 0x2d
csum 0x2d
v8b899c12
~ld


6.01
 0h00:04.857 2022/07/13T02:07:13z: DS3231
 0h00:04.872 2022/07/13T02:07:13z: BME280 (0x76)
 0h00:04.886 2022/07/13T02:07:13z: 84:f3:eb:7d:7:a8
 0h00:04.888 2022/07/13T02:07:13z: SSID: MU Open
 0h00:04.893 2022/07/13T02:07:13z: AP_STAR tmr
 ets Jan  8 2013,rst cause:4, boot mode:(3,7)

wdt reset
load 0x4010f000, len 1384, room 16 
tail 8
chksum 0x2d
csum 0x2d
v8b899c12
~ld


6.01
 0h00:04.816 2022/07/13T02:27:16z: DS3231
 0h00:04.831 2022/07/13T02:27:16z: BME280 (0x76)
 0h00:04.846 2022/07/13T02:27:16z: 84:f3:eb:7d:7:a8
 0h00:04.847 2022/07/13T02:27:16z: SSID: MU Open
 0h00:04.852 2022/07/13T02:27:16z: AP_STAR tmr
 ets Jan  8 2013,rst cause:4, boot mode:(3,7)

wdt reset
load 0x4010f000, len 1384, room 16 
tail 8
chksum 0x2d
csum 0x2d
v8b899c12
~ld


6.01
 0h00:04.821 2022/07/13T02:47:18z: DS3231
 0h00:04.837 2022/07/13T02:47:18z: BME280 (0x76)
 0h00:04.851 2022/07/13T02:47:18z: 84:f3:eb:7d:7:a8
 0h00:04.853 2022/07/13T02:47:18z: SSID: MU Open
 0h00:04.858 2022/07/13T02:47:18z: AP_STAR tmr
 ets Jan  8 2013,rst cause:4, boot mode:(3,7)

wdt reset
load 0x4010f000, len 1384, room 16 
tail 8
chksum 0x2d
csum 0x2d
v8b899c12
~ld


6.01
 0h00:04.894 2022/07/13T03:07:21z: DS3231
 0h00:04.909 2022/07/13T03:07:21z: BME280 (0x76)
 0h00:04.923 2022/07/13T03:07:21z: 84:f3:eb:7d:7:a8
 0h00:04.925 2022/07/13T03:07:21z: SSID: MU Open
 0h00:04.930 2022/07/13T03:07:21z: AP_STAR tmr
 ets Jan  8 2013,rst cause:4, boot mode:(3,7)

wdt reset
load 0x4010f000, len 1384, room 16 
tail 8
chksum 0x2d
csum 0x2d
v8b899c12
~ld


6.01
 0h00:04.587 2022/07/13T03:27:24z: DS3231
 0h00:04.602 2022/07/13T03:27:24z: BME280 (0x76)
 0h00:04.616 2022/07/13T03:27:24z: 84:f3:eb:7d:7:a8
 0h00:04.618 2022/07/13T03:27:24z: SSID: MU Open
 0h00:04.623 2022/07/13T03:27:24z: AP_STAR tmr
 ets Jan  8 2013,rst cause:4, boot mode:(3,7)

wdt reset
load 0x4010f000, len 1384, room 16 
tail 8
chksum 0x2d
csum 0x2d
v8b899c12
~ld


6.01
 0h00:04.844 2022/07/13T03:47:27z: DS3231
 0h00:04.860 2022/07/13T03:47:27z: BME280 (0x76)
 0h00:04.874 2022/07/13T03:47:27z: 84:f3:eb:7d:7:a8
 0h00:04.876 2022/07/13T03:47:27z: SSID: MU Open
 0h00:04.881 2022/07/13T03:47:27z: AP_STAR tmr
 ets Jan  8 2013,rst cause:4, boot mode:(3,7)

wdt reset
load 0x4010f000, len 1384, room 16 
tail 8
chksum 0x2d
csum 0x2d
v8b899c12
~ld


6.01
 0h00:04.695 2022/07/13T04:07:30z: DS3231
 0h00:04.710 2022/07/13T04:07:30z: BME280 (0x76)
 0h00:04.724 2022/07/13T04:07:30z: 84:f3:eb:7d:7:a8
 0h00:04.726 2022/07/13T04:07:30z: SSID: MU Open
 0h00:04.731 2022/07/13T04:07:30z: AP_STAR tmr
 ets Jan  8 2013,rst cause:4, boot mode:(3,7)

wdt reset
load 0x4010f000, len 1384, room 16 
tail 8
chksum 0x2d
csum 0x2d
v8b899c12
~ld


6.01
 0h00:04.959 2022/07/13T04:27:34z: DS3231
 0h00:04.974 2022/07/13T04:27:34z: BME280 (0x76)
 0h00:04.988 2022/07/13T04:27:34z: 84:f3:eb:7d:7:a8
 0h00:04.990 2022/07/13T04:27:34z: SSID: MU Open
 0h00:04.995 2022/07/13T04:27:34z: AP_STAR tmr
 ets Jan  8 2013,rst cause:4, boot mode:(3,7)

wdt reset
load 0x4010f000, len 1384, room 16 
tail 8
chksum 0x2d
csum 0x2d
v8b899c12
~ld


6.01
 0h00:04.888 2022/07/13T04:47:38z: DS3231
 0h00:04.903 2022/07/13T04:47:38z: BME280 (0x76)
 0h00:04.917 2022/07/13T04:47:38z: 84:f3:eb:7d:7:a8
 0h00:04.919 2022/07/13T04:47:38z: SSID: MU Open
 0h00:04.924 2022/07/13T04:47:38z: AP_STAR tmr
 ets Jan  8 2013,rst cause:4, boot mode:(3,7)

wdt reset
load 0x4010f000, len 1384, room 16 
tail 8
chksum 0x2d
csum 0x2d
v8b899c12
~ld


6.01
 0h00:04.789 2022/07/13T05:07:41z: DS3231
 0h00:04.805 2022/07/13T05:07:41z: BME280 (0x76)
 0h00:04.819 2022/07/13T05:07:41z: 84:f3:eb:7d:7:a8
 0h00:04.820 2022/07/13T05:07:41z: SSID: MU Open
 0h00:04.826 2022/07/13T05:07:41z: AP_STAR tmr
 ets Jan  8 2013,rst cause:4, boot mode:(3,7)

wdt reset
load 0x4010f000, len 1384, room 16 
tail 8
chksum 0x2d
csum 0x2d
v8b899c12
~ld


6.01
 0h00:04.825 2022/07/13T05:27:43z: DS3231
 0h00:04.841 2022/07/13T05:27:43z: BME280 (0x76)
 0h00:04.855 2022/07/13T05:27:43z: 84:f3:eb:7d:7:a8
 0h00:04.857 2022/07/13T05:27:43z: SSID: MU Open
 0h00:04.862 2022/07/13T05:27:43z: AP_STAR tmr
 ets Jan  8 2013,rst cause:4, boot mode:(3,7)

wdt reset
load 0x4010f000, len 1384, room 16 
tail 8
chksum 0x2d
csum 0x2d
v8b899c12
~ld


6.01
 0h00:04.531 2022/07/13T05:47:45z: DS3231
 0h00:04.547 2022/07/13T05:47:46z: BME280 (0x76)
 0h00:04.561 2022/07/13T05:47:46z: 84:f3:eb:7d:7:a8
 0h00:04.562 2022/07/13T05:47:46z: SSID: MU Open
 0h00:04.568 2022/07/13T05:47:46z: AP_STAR tmr
 ets Jan  8 2013,rst cause:4, boot mode:(3,7)

wdt reset
load 0x4010f000, len 1384, room 16 
tail 8
chksum 0x2d
csum 0x2d
v8b899c12
~ld


6.01
 0h00:04.892 2022/07/13T06:07:48z: DS3231
 0h00:04.908 2022/07/13T06:07:49z: BME280 (0x76)
 0h00:04.922 2022/07/13T06:07:49z: 84:f3:eb:7d:7:a8
 0h00:04.923 2022/07/13T06:07:49z: SSID: MU Open
 0h00:04.929 2022/07/13T06:07:49z: AP_STAR tmr
 ets Jan  8 2013,rst cause:4, boot mode:(3,7)

wdt reset
load 0x4010f000, len 1384, room 16 
tail 8
chksum 0x2d
csum 0x2d
v8b899c12
~ld


6.01
 0h00:04.882 2022/07/13T06:27:51z: DS3231
 0h00:04.897 2022/07/13T06:27:51z: BME280 (0x76)
 0h00:04.912 2022/07/13T06:27:51z: 84:f3:eb:7d:7:a8
 0h00:04.913 2022/07/13T06:27:51z: SSID: MU Open
 0h00:04.918 2022/07/13T06:27:51z: AP_STAR tmr
 ets Jan  8 2013,rst cause:4, boot mode:(3,7)

wdt reset
load 0x4010f000, len 1384, room 16 
tail 8
chksum 0x2d
csum 0x2d
v8b899c12
~ld


6.01
 0h00:04.865 2022/07/13T06:47:55z: DS3231
 0h00:04.881 2022/07/13T06:47:55z: BME280 (0x76)
 0h00:04.895 2022/07/13T06:47:55z: 84:f3:eb:7d:7:a8
 0h00:04.897 2022/07/13T06:47:55z: SSID: MU Open
 0h00:04.902 2022/07/13T06:47:55z: AP_STAR tmr
 ets Jan  8 2013,rst cause:4, boot mode:(3,7)

wdt reset
load 0x4010f000, len 1384, room 16 
tail 8
chksum 0x2d
csum 0x2d
v8b899c12
~ld


6.01
 0h00:04.924 2022/07/13T07:07:57z: DS3231
 0h00:04.939 2022/07/13T07:07:57z: BME280 (0x76)
 0h00:04.953 2022/07/13T07:07:57z: 84:f3:eb:7d:7:a8
 0h00:04.955 2022/07/13T07:07:57z: SSID: MU Open
 0h00:04.960 2022/07/13T07:07:57z: AP_STAR tmr
 ets Jan  8 2013,rst cause:4, boot mode:(3,7)

wdt reset
load 0x4010f000, len 1384, room 16 
tail 8
chksum 0x2d
csum 0x2d
v8b899c12
~ld


6.01
 0h00:04.836 2022/07/13T07:28:01z: DS3231
 0h00:04.851 2022/07/13T07:28:01z: BME280 (0x76)
 0h00:04.865 2022/07/13T07:28:01z: 84:f3:eb:7d:7:a8
 0h00:04.867 2022/07/13T07:28:01z: SSID: MU Open
 0h00:04.872 2022/07/13T07:28:01z: AP_STAR tmr
 ets Jan  8 2013,rst cause:4, boot mode:(3,7)

wdt reset
load 0x4010f000, len 1384, room 16 
tail 8
chksum 0x2d
csum 0x2d
v8b899c12
~ld


6.01
 0h00:04.809 2022/07/13T07:48:03z: DS3231
 0h00:04.824 2022/07/13T07:48:03z: BME280 (0x76)
 0h00:04.838 2022/07/13T07:48:03z: 84:f3:eb:7d:7:a8
 0h00:04.840 2022/07/13T07:48:03z: SSID: MU Open
 0h00:04.845 2022/07/13T07:48:03z: AP_STAR tmr
 ets Jan  8 2013,rst cause:4, boot mode:(3,7)

wdt reset
load 0x4010f000, len 1384, room 16 
tail 8
chksum 0x2d
csum 0x2d
v8b899c12
~ld


6.01
 0h00:05.009 2022/07/13T08:08:07z: DS3231
 0h00:05.024 2022/07/13T08:08:07z: BME280 (0x76)
 0h00:05.038 2022/07/13T08:08:07z: 84:f3:eb:7d:7:a8
 0h00:05.040 2022/07/13T08:08:07z: SSID: MU Open
 0h00:05.045 2022/07/13T08:08:07z: AP_STAR tmr
 ets Jan  8 2013,rst cause:4, boot mode:(3,7)

wdt reset
load 0x4010f000, len 1384, room 16 
tail 8
chksum 0x2d
csum 0x2d
v8b899c12
~ld


6.01
 0h00:05.047 2022/07/13T08:28:10z: DS3231
 0h00:05.063 2022/07/13T08:28:10z: BME280 (0x76)
 0h00:05.077 2022/07/13T08:28:11z: 84:f3:eb:7d:7:a8
 0h00:05.078 2022/07/13T08:28:11z: SSID: MU Open
 0h00:05.084 2022/07/13T08:28:11z: AP_STAR tmr
 ets Jan  8 2013,rst cause:4, boot mode:(3,7)

wdt reset
load 0x4010f000, len 1384, room 16 
tail 8
chksum 0x2d
csum 0x2d
v8b899c12
~ld


6.01
 0h00:05.199 2022/07/13T08:48:14z: DS3231
 0h00:05.215 2022/07/13T08:48:14z: BME280 (0x76)
 0h00:05.229 2022/07/13T08:48:14z: 84:f3:eb:7d:7:a8
 0h00:05.231 2022/07/13T08:48:14z: SSID: MU Open
 0h00:05.236 2022/07/13T08:48:14z: AP_STAR tmr
 ets Jan  8 2013,rst cause:4, boot mode:(3,7)

wdt reset
load 0x4010f000, len 1384, room 16 
tail 8
chksum 0x2d
csum 0x2d
v8b899c12
~ld


6.01
 0h00:05.001 2022/07/13T09:08:17z: DS3231
 0h00:05.016 2022/07/13T09:08:17z: BME280 (0x76)
 0h00:05.030 2022/07/13T09:08:17z: 84:f3:eb:7d:7:a8
 0h00:05.032 2022/07/13T09:08:17z: SSID: MU Open
 0h00:05.037 2022/07/13T09:08:17z: AP_STAR tmr
 ets Jan  8 2013,rst cause:4, boot mode:(3,7)

wdt reset
load 0x4010f000, len 1384, room 16 
tail 8
chksum 0x2d
csum 0x2d
v8b899c12
~ld


6.01
 0h00:05.037 2022/07/13T09:28:21z: DS3231
 0h00:05.052 2022/07/13T09:28:21z: BME280 (0x76)
 0h00:05.067 2022/07/13T09:28:21z: 84:f3:eb:7d:7:a8
 0h00:05.068 2022/07/13T09:28:21z: SSID: MU Open
 0h00:05.073 2022/07/13T09:28:21z: AP_STAR tmr
 ets Jan  8 2013,rst cause:4, boot mode:(3,7)

wdt reset
load 0x4010f000, len 1384, room 16 
tail 8
chksum 0x2d
csum 0x2d
v8b899c12
~ld


6.01
 0h00:05.019 2022/07/13T09:48:24z: DS3231
 0h00:05.034 2022/07/13T09:48:24z: BME280 (0x76)
 0h00:05.048 2022/07/13T09:48:24z: 84:f3:eb:7d:7:a8
 0h00:05.050 2022/07/13T09:48:24z: SSID: MU Open
 0h00:05.055 2022/07/13T09:48:24z: AP_STAR tmr
 ets Jan  8 2013,rst cause:4, boot mode:(3,7)

wdt reset
load 0x4010f000, len 1384, room 16 
tail 8
chksum 0x2d
csum 0x2d
v8b899c12
~ld


6.01
 0h00:05.212 2022/07/13T10:08:27z: DS3231
 0h00:05.227 2022/07/13T10:08:27z: BME280 (0x76)
 0h00:05.241 2022/07/13T10:08:27z: 84:f3:eb:7d:7:a8
 0h00:05.243 2022/07/13T10:08:27z: SSID: MU Open
 0h00:05.248 2022/07/13T10:08:27z: AP_STAR tmr
 ets Jan  8 2013,rst cause:4, boot mode:(3,7)

wdt reset
load 0x4010f000, len 1384, room 16 
tail 8
chksum 0x2d
csum 0x2d
v8b899c12
~ld


6.01
 0h00:05.201 2022/07/13T10:28:31z: DS3231
 0h00:05.216 2022/07/13T10:28:31z: BME280 (0x76)
 0h00:05.230 2022/07/13T10:28:31z: 84:f3:eb:7d:7:a8
 0h00:05.232 2022/07/13T10:28:31z: SSID: MU Open
 0h00:05.237 2022/07/13T10:28:31z: AP_STAR tmr
 ets Jan  8 2013,rst cause:4, boot mode:(3,7)

wdt reset
load 0x4010f000, len 1384, room 16 
tail 8
chksum 0x2d
csum 0x2d
v8b899c12
~ld


6.01
 0h00:05.250 2022/07/13T10:48:34z: DS3231
 0h00:05.266 2022/07/13T10:48:34z: BME280 (0x76)
 0h00:05.280 2022/07/13T10:48:34z: 84:f3:eb:7d:7:a8
 0h00:05.281 2022/07/13T10:48:34z: SSID: MU Open
 0h00:05.287 2022/07/13T10:48:34z: AP_STAR tmr
 ets Jan  8 2013,rst cause:4, boot mode:(3,7)

wdt reset
load 0x4010f000, len 1384, room 16 
tail 8
chksum 0x2d
csum 0x2d
v8b899c12
~ld


6.01
 0h00:05.105 2022/07/13T11:08:37z: DS3231
 0h00:05.120 2022/07/13T11:08:37z: BME280 (0x76)
 0h00:05.134 2022/07/13T11:08:37z: 84:f3:eb:7d:7:a8
 0h00:05.136 2022/07/13T11:08:37z: SSID: MU Open
 0h00:05.141 2022/07/13T11:08:37z: AP_STAR tmr
 ets Jan  8 2013,rst cause:4, boot mode:(3,7)

wdt reset
load 0x4010f000, len 1384, room 16 
tail 8
chksum 0x2d
csum 0x2d
v8b899c12
~ld


6.01
 0h00:05.136 2022/07/13T11:28:41z: DS3231
 0h00:05.152 2022/07/13T11:28:41z: BME280 (0x76)
 0h00:05.166 2022/07/13T11:28:41z: 84:f3:eb:7d:7:a8
 0h00:05.167 2022/07/13T11:28:41z: SSID: MU Open
 0h00:05.173 2022/07/13T11:28:41z: AP_STAR tmr
 ets Jan  8 2013,rst cause:4, boot mode:(3,7)

wdt reset
load 0x4010f000, len 1384, room 16 
tail 8
chksum 0x2d
csum 0x2d
v8b899c12
~ld


6.01
 0h00:04.985 2022/07/13T11:48:45z: DS3231
 0h00:05.000 2022/07/13T11:48:45z: BME280 (0x76)
 0h00:05.014 2022/07/13T11:48:45z: 84:f3:eb:7d:7:a8
 0h00:05.016 2022/07/13T11:48:45z: SSID: MU Open
 0h00:05.021 2022/07/13T11:48:45z: AP_STAR tmr
 ets Jan  8 2013,rst cause:4, boot mode:(3,7)

wdt reset
load 0x4010f000, len 1384, room 16 
tail 8
chksum 0x2d
csum 0x2d
v8b899c12
~ld


6.01
 0h00:04.975 2022/07/13T12:08:49z: DS3231
 0h00:04.990 2022/07/13T12:08:49z: BME280 (0x76)
 0h00:05.004 2022/07/13T12:08:49z: 84:f3:eb:7d:7:a8
 0h00:05.006 2022/07/13T12:08:49z: SSID: MU Open
 0h00:05.011 2022/07/13T12:08:49z: AP_STAR tmr
 ets Jan  8 2013,rst cause:4, boot mode:(3,7)

wdt reset
load 0x4010f000, len 1384, room 16 
tail 8
chksum 0x2d
csum 0x2d
v8b899c12
~ld


6.01
 0h00:04.835 2022/07/13T12:28:52z: DS3231
 0h00:04.851 2022/07/13T12:28:52z: BME280 (0x76)
 0h00:04.865 2022/07/13T12:28:52z: 84:f3:eb:7d:7:a8
 0h00:04.867 2022/07/13T12:28:52z: SSID: MU Open
 0h00:04.872 2022/07/13T12:28:52z: AP_STAR tmr
 ets Jan  8 2013,rst cause:4, boot mode:(3,7)

wdt reset
load 0x4010f000, len 1384, room 16 
tail 8
chksum 0x2d
csum 0x2d
v8b899c12
~ld


6.01
 0h00:04.955 2022/07/13T12:48:55z: DS3231
 0h00:04.971 2022/07/13T12:48:55z: BME280 (0x76)
 0h00:04.985 2022/07/13T12:48:55z: 84:f3:eb:7d:7:a8
 0h00:04.987 2022/07/13T12:48:55z: SSID: MU Open
 0h00:04.992 2022/07/13T12:48:55z: AP_STAR tmr
 ets Jan  8 2013,rst cause:4, boot mode:(3,7)

wdt reset
load 0x4010f000, len 1384, room 16 
tail 8
chksum 0x2d
csum 0x2d
v8b899c12
~ld


6.01
 0h00:04.853 2022/07/13T13:09:00z: DS3231
 0h00:04.868 2022/07/13T13:09:00z: BME280 (0x76)
 0h00:04.882 2022/07/13T13:09:00z: 84:f3:eb:7d:7:a8
 0h00:04.884 2022/07/13T13:09:00z: SSID: MU Open
 0h00:04.889 2022/07/13T13:09:00z: AP_STAR tmr
 ets Jan  8 2013,rst cause:4, boot mode:(3,7)

wdt reset
load 0x4010f000, len 1384, room 16 
tail 8
chksum 0x2d
csum 0x2d
v8b899c12
~ld


6.01
 0h00:04.761 2022/07/13T13:29:03z: DS3231
 0h00:04.776 2022/07/13T13:29:03z: BME280 (0x76)
 0h00:04.790 2022/07/13T13:29:03z: 84:f3:eb:7d:7:a8
 0h00:04.792 2022/07/13T13:29:03z: SSID: MU Open
 0h00:04.797 2022/07/13T13:29:03z: AP_STAR tmr
 ets Jan  8 2013,rst cause:4, boot mode:(3,7)

wdt reset
load 0x4010f000, len 1384, room 16 
tail 8
chksum 0x2d
csum 0x2d
v8b899c12
~ld


6.01
 0h00:04.672 2022/07/13T13:49:07z: DS3231
 0h00:04.687 2022/07/13T13:49:07z: BME280 (0x76)
 0h00:04.701 2022/07/13T13:49:07z: 84:f3:eb:7d:7:a8
 0h00:04.703 2022/07/13T13:49:07z: SSID: MU Open
 0h00:04.708 2022/07/13T13:49:07z: AP_STAR tmr
 ets Jan  8 2013,rst cause:4, boot mode:(3,7)

wdt reset
load 0x4010f000, len 1384, room 16 
tail 8
chksum 0x2d
csum 0x2d
v8b899c12
~ld


6.01
 0h00:04.638 2022/07/13T14:09:10z: DS3231
 0h00:04.653 2022/07/13T14:09:10z: BME280 (0x76)
 0h00:04.668 2022/07/13T14:09:10z: 84:f3:eb:7d:7:a8
 0h00:04.669 2022/07/13T14:09:10z: SSID: MU Open
 0h00:04.674 2022/07/13T14:09:10z: AP_STAR tmr
 ets Jan  8 2013,rst cause:4, boot mode:(3,7)

wdt reset
load 0x4010f000, len 1384, room 16 
tail 8
chksum 0x2d
csum 0x2d
v8b899c12
~ld


6.01
 0h00:04.855 2022/07/13T14:29:13z: DS3231
 0h00:04.871 2022/07/13T14:29:13z: BME280 (0x76)
 0h00:04.885 2022/07/13T14:29:13z: 84:f3:eb:7d:7:a8
 0h00:04.887 2022/07/13T14:29:13z: SSID: MU Open
 0h00:04.892 2022/07/13T14:29:13z: AP_STAR tmr
 ets Jan  8 2013,rst cause:4, boot mode:(3,7)

wdt reset
load 0x4010f000, len 1384, room 16 
tail 8
chksum 0x2d
csum 0x2d
v8b899c12
~ld


6.01
 0h00:04.901 2022/07/13T14:49:16z: DS3231
 0h00:04.917 2022/07/13T14:49:16z: BME280 (0x76)
 0h00:04.931 2022/07/13T14:49:16z: 84:f3:eb:7d:7:a8
 0h00:04.933 2022/07/13T14:49:16z: SSID: MU Open
 0h00:04.938 2022/07/13T14:49:16z: AP_STAR tmr
 ets Jan  8 2013,rst cause:4, boot mode:(3,7)

wdt reset
load 0x4010f000, len 1384, room 16 
tail 8
chksum 0x2d
csum 0x2d
v8b899c12
~ld


6.01
 0h00:04.778 2022/07/13T15:09:18z: DS3231
 0h00:04.793 2022/07/13T15:09:18z: BME280 (0x76)
 0h00:04.808 2022/07/13T15:09:18z: 84:f3:eb:7d:7:a8
 0h00:04.809 2022/07/13T15:09:18z: SSID: MU Open
 0h00:04.814 2022/07/13T15:09:18z: AP_STAR tmr
 ets Jan  8 2013,rst cause:4, boot mode:(3,7)

wdt reset
load 0x4010f000, len 1384, room 16 
tail 8
chksum 0x2d
csum 0x2d
v8b899c12
~ld


6.01
 0h00:05.007 2022/07/13T15:29:21z: DS3231
 0h00:05.022 2022/07/13T15:29:21z: BME280 (0x76)
 0h00:05.037 2022/07/13T15:29:21z: 84:f3:eb:7d:7:a8
 0h00:05.038 2022/07/13T15:29:21z: SSID: MU Open
 0h00:05.043 2022/07/13T15:29:21z: AP_STAR tmr
 ets Jan  8 2013,rst cause:4, boot mode:(3,7)

wdt reset
load 0x4010f000, len 1384, room 16 
tail 8
chksum 0x2d
csum 0x2d
v8b899c12
~ld


6.01
 0h00:04.961 2022/07/13T15:49:24z: DS3231
 0h00:04.976 2022/07/13T15:49:24z: BME280 (0x76)
 0h00:04.990 2022/07/13T15:49:24z: 84:f3:eb:7d:7:a8
 0h00:04.992 2022/07/13T15:49:25z: SSID: MU Open
 0h00:04.997 2022/07/13T15:49:25z: AP_STAR tmr
 ets Jan  8 2013,rst cause:4, boot mode:(3,7)

wdt reset
load 0x4010f000, len 1384, room 16 
tail 8
chksum 0x2d
csum 0x2d
v8b899c12
~ld


6.01
 0h00:04.689 2022/07/13T16:09:27z: DS3231
 0h00:04.704 2022/07/13T16:09:27z: BME280 (0x76)
 0h00:04.718 2022/07/13T16:09:27z: 84:f3:eb:7d:7:a8
 0h00:04.720 2022/07/13T16:09:27z: SSID: MU Open
 0h00:04.725 2022/07/13T16:09:27z: AP_STAR tmr
 ets Jan  8 2013,rst cause:4, boot mode:(3,7)

wdt reset
load 0x4010f000, len 1384, room 16 
tail 8
chksum 0x2d
csum 0x2d
v8b899c12
~ld


6.01
 0h00:04.751 2022/07/13T16:29:30z: DS3231
 0h00:04.766 2022/07/13T16:29:30z: BME280 (0x76)
 0h00:04.780 2022/07/13T16:29:30z: 84:f3:eb:7d:7:a8
 0h00:04.782 2022/07/13T16:29:30z: SSID: MU Open
 0h00:04.787 2022/07/13T16:29:31z: AP_STAR tmr
 ets Jan  8 2013,rst cause:4, boot mode:(3,7)

wdt reset
load 0x4010f000, len 1384, room 16 
tail 8
chksum 0x2d
csum 0x2d
v8b899c12
~ld


6.01
 0h00:04.702 2022/07/13T16:49:34z: DS3231
 0h00:04.717 2022/07/13T16:49:34z: BME280 (0x76)
 0h00:04.731 2022/07/13T16:49:34z: 84:f3:eb:7d:7:a8
 0h00:04.733 2022/07/13T16:49:34z: SSID: MU Open
 0h00:04.738 2022/07/13T16:49:34z: AP_STAR tmr
 ets Jan  8 2013,rst cause:4, boot mode:(3,7)

wdt reset
load 0x4010f000, len 1384, room 16 
tail 8
chksum 0x2d
csum 0x2d
v8b899c12
~ld


6.01
 0h00:04.735 2022/07/13T17:09:36z: DS3231
 0h00:04.750 2022/07/13T17:09:36z: BME280 (0x76)
 0h00:04.764 2022/07/13T17:09:36z: 84:f3:eb:7d:7:a8
 0h00:04.766 2022/07/13T17:09:36z: SSID: MU Open
 0h00:04.771 2022/07/13T17:09:36z: AP_STAR tmr
 ets Jan  8 2013,rst cause:4, boot mode:(3,7)

wdt reset
load 0x4010f000, len 1384, room 16 
tail 8
chksum 0x2d
csum 0x2d
v8b899c12
~ld


6.01
 0h00:04.493 2022/07/13T17:29:39z: DS3231
 0h00:04.508 2022/07/13T17:29:39z: BME280 (0x76)
 0h00:04.522 2022/07/13T17:29:39z: 84:f3:eb:7d:7:a8
 0h00:04.524 2022/07/13T17:29:39z: SSID: MU Open
 0h00:04.529 2022/07/13T17:29:39z: AP_STAR tmr
 ets Jan  8 2013,rst cause:4, boot mode:(3,7)

wdt reset
load 0x4010f000, len 1384, room 16 
tail 8
chksum 0x2d
csum 0x2d
v8b899c12
~ld


6.01
 0h00:04.794 2022/07/13T17:49:41z: DS3231
 0h00:04.809 2022/07/13T17:49:41z: BME280 (0x76)
 0h00:04.823 2022/07/13T17:49:41z: 84:f3:eb:7d:7:a8
 0h00:04.825 2022/07/13T17:49:41z: SSID: MU Open
 0h00:04.830 2022/07/13T17:49:41z: AP_STAR tmr
 ets Jan  8 2013,rst cause:4, boot mode:(3,7)

wdt reset
load 0x4010f000, len 1384, room 16 
tail 8
chksum 0x2d
csum 0x2d
v8b899c12
~ld


6.01
 0h00:04.815 2022/07/13T18:09:44z: DS3231
 0h00:04.830 2022/07/13T18:09:44z: BME280 (0x76)
 0h00:04.844 2022/07/13T18:09:44z: 84:f3:eb:7d:7:a8
 0h00:04.846 2022/07/13T18:09:44z: SSID: MU Open
 0h00:04.851 2022/07/13T18:09:44z: AP_STAR tmr
 ets Jan  8 2013,rst cause:4, boot mode:(3,7)

wdt reset
load 0x4010f000, len 1384, room 16 
tail 8
chksum 0x2d
csum 0x2d
v8b899c12
~ld


6.01
 0h00:04.630 2022/07/13T18:29:47z: DS3231
 0h00:04.646 2022/07/13T18:29:47z: BME280 (0x76)
 0h00:04.660 2022/07/13T18:29:47z: 84:f3:eb:7d:7:a8
 0h00:04.661 2022/07/13T18:29:47z: SSID: MU Open
 0h00:04.667 2022/07/13T18:29:47z: AP_STAR tmr
 ets Jan  8 2013,rst cause:4, boot mode:(3,7)

wdt reset
load 0x4010f000, len 1384, room 16 
tail 8
chksum 0x2d
csum 0x2d
v8b899c12
~ld


6.01
 0h00:04.831 2022/07/13T18:49:50z: DS3231
 0h00:04.846 2022/07/13T18:49:50z: BME280 (0x76)
 0h00:04.860 2022/07/13T18:49:50z: 84:f3:eb:7d:7:a8
 0h00:04.862 2022/07/13T18:49:50z: SSID: MU Open
 0h00:04.867 2022/07/13T18:49:50z: AP_STAR tmr
 ets Jan  8 2013,rst cause:4, boot mode:(3,7)

wdt reset
load 0x4010f000, len 1384, room 16 
tail 8
chksum 0x2d
csum 0x2d
v8b899c12
~ld


6.01
 0h00:04.785 2022/07/13T19:09:52z: DS3231
 0h00:04.800 2022/07/13T19:09:52z: BME280 (0x76)
 0h00:04.814 2022/07/13T19:09:52z: 84:f3:eb:7d:7:a8
 0h00:04.816 2022/07/13T19:09:52z: SSID: MU Open
 0h00:04.821 2022/07/13T19:09:52z: AP_STAR tmr
 ets Jan  8 2013,rst cause:4, boot mode:(3,7)

wdt reset
load 0x4010f000, len 1384, room 16 
tail 8
chksum 0x2d
csum 0x2d
v8b899c12
~ld


6.01
 0h00:04.833 2022/07/13T19:29:55z: DS3231
 0h00:04.848 2022/07/13T19:29:55z: BME280 (0x76)
 0h00:04.862 2022/07/13T19:29:55z: 84:f3:eb:7d:7:a8
 0h00:04.864 2022/07/13T19:29:55z: SSID: MU Open
 0h00:04.869 2022/07/13T19:29:55z: AP_STAR tmr
 ets Jan  8 2013,rst cause:4, boot mode:(3,7)

wdt reset
load 0x4010f000, len 1384, room 16 
tail 8
chksum 0x2d
csum 0x2d
v8b899c12
~ld


6.01
 0h00:04.699 2022/07/13T19:49:58z: DS3231
 0h00:04.714 2022/07/13T19:49:58z: BME280 (0x76)
 0h00:04.728 2022/07/13T19:49:58z: 84:f3:eb:7d:7:a8
 0h00:04.730 2022/07/13T19:49:58z: SSID: MU Open
 0h00:04.735 2022/07/13T19:49:59z: AP_STAR tmr
 ets Jan  8 2013,rst cause:4, boot mode:(3,7)

wdt reset
load 0x4010f000, len 1384, room 16 
tail 8
chksum 0x2d
csum 0x2d
v8b899c12
~ld


6.01
 0h00:04.740 2022/07/13T20:10:01z: DS3231
 0h00:04.756 2022/07/13T20:10:01z: BME280 (0x76)
 0h00:04.770 2022/07/13T20:10:01z: 84:f3:eb:7d:7:a8
 0h00:04.772 2022/07/13T20:10:01z: SSID: MU Open
 0h00:04.777 2022/07/13T20:10:01z: AP_STAR tmr
 ets Jan  8 2013,rst cause:4, boot mode:(3,7)

wdt reset
load 0x4010f000, len 1384, room 16 
tail 8
chksum 0x2d
csum 0x2d
v8b899c12
~ld


6.01
 0h00:04.793 2022/07/13T20:30:04z: DS3231
 0h00:04.808 2022/07/13T20:30:04z: BME280 (0x76)
 0h00:04.822 2022/07/13T20:30:04z: 84:f3:eb:7d:7:a8
 0h00:04.824 2022/07/13T20:30:04z: SSID: MU Open
 0h00:04.829 2022/07/13T20:30:04z: AP_STAR tmr
 ets Jan  8 2013,rst cause:4, boot mode:(3,7)

wdt reset
load 0x4010f000, len 1384, room 16 
tail 8
chksum 0x2d
csum 0x2d
v8b899c12
~ld


6.01
 0h00:04.805 2022/07/13T20:50:07z: DS3231
 0h00:04.820 2022/07/13T20:50:07z: BME280 (0x76)
 0h00:04.835 2022/07/13T20:50:07z: 84:f3:eb:7d:7:a8
 0h00:04.836 2022/07/13T20:50:07z: SSID: MU Open
 0h00:04.841 2022/07/13T20:50:07z: AP_STAR tmr
 ets Jan  8 2013,rst cause:4, boot mode:(3,7)

wdt reset
load 0x4010f000, len 1384, room 16 
tail 8
chksum 0x2d
csum 0x2d
v8b899c12
~ld


6.01
 0h00:04.507 2022/07/13T21:10:09z: DS3231
 0h00:04.522 2022/07/13T21:10:09z: BME280 (0x76)
 0h00:04.536 2022/07/13T21:10:09z: 84:f3:eb:7d:7:a8
 0h00:04.538 2022/07/13T21:10:09z: SSID: MU Open
 0h00:04.543 2022/07/13T21:10:09z: AP_STAR tmr
 ets Jan  8 2013,rst cause:4, boot mode:(3,7)

wdt reset
load 0x4010f000, len 1384, room 16 
tail 8
chksum 0x2d
csum 0x2d
v8b899c12
~ld


6.01
 0h00:04.759 2022/07/13T21:30:12z: DS3231
 0h00:04.774 2022/07/13T21:30:12z: BME280 (0x76)
 0h00:04.789 2022/07/13T21:30:12z: 84:f3:eb:7d:7:a8
 0h00:04.790 2022/07/13T21:30:12z: SSID: MU Open
 0h00:04.795 2022/07/13T21:30:12z: AP_STAR tmr
 ets Jan  8 2013,rst cause:4, boot mode:(3,7)

wdt reset
load 0x4010f000, len 1384, room 16 
tail 8
chksum 0x2d
csum 0x2d
v8b899c12
~ld


6.01
 0h00:04.974 2022/07/13T21:50:16z: DS3231
 0h00:04.989 2022/07/13T21:50:16z: BME280 (0x76)
 0h00:05.003 2022/07/13T21:50:16z: 84:f3:eb:7d:7:a8
 0h00:05.005 2022/07/13T21:50:16z: SSID: MU Open
 0h00:05.010 2022/07/13T21:50:16z: AP_STAR tmr
 ets Jan  8 2013,rst cause:4, boot mode:(3,7)

wdt reset
load 0x4010f000, len 1384, room 16 
tail 8
chksum 0x2d
csum 0x2d
v8b899c12
~ld


6.01
 0h00:04.932 2022/07/13T22:10:19z: DS3231
 0h00:04.947 2022/07/13T22:10:19z: BME280 (0x76)
 0h00:04.961 2022/07/13T22:10:19z: 84:f3:eb:7d:7:a8
 0h00:04.963 2022/07/13T22:10:19z: SSID: MU Open
 0h00:04.968 2022/07/13T22:10:19z: AP_STAR tmr
 ets Jan  8 2013,rst cause:4, boot mode:(3,7)

wdt reset
load 0x4010f000, len 1384, room 16 
tail 8
chksum 0x2d
csum 0x2d
v8b899c12
~ld


6.01
 0h00:04.871 2022/07/13T22:30:22z: DS3231
 0h00:04.886 2022/07/13T22:30:22z: BME280 (0x76)
 0h00:04.900 2022/07/13T22:30:22z: 84:f3:eb:7d:7:a8
 0h00:04.902 2022/07/13T22:30:22z: SSID: MU Open
 0h00:04.907 2022/07/13T22:30:22z: AP_STAR tmr
 ets Jan  8 2013,rst cause:4, boot mode:(3,7)

wdt reset
load 0x4010f000, len 1384, room 16 
tail 8
chksum 0x2d
csum 0x2d
v8b899c12
~ld


6.01
 0h00:04.934 2022/07/13T22:50:25z: DS3231
 0h00:04.950 2022/07/13T22:50:25z: BME280 (0x76)
 0h00:04.964 2022/07/13T22:50:25z: 84:f3:eb:7d:7:a8
 0h00:04.966 2022/07/13T22:50:25z: SSID: MU Open
 0h00:04.971 2022/07/13T22:50:25z: AP_STAR tmr
 ets Jan  8 2013,rst cause:4, boot mode:(3,7)

wdt reset
load 0x4010f000, len 1384, room 16 
tail 8
chksum 0x2d
csum 0x2d
v8b899c12
~ld


6.01
 0h00:04.848 2022/07/13T23:10:28z: DS3231
 0h00:04.864 2022/07/13T23:10:28z: BME280 (0x76)
 0h00:04.878 2022/07/13T23:10:28z: 84:f3:eb:7d:7:a8
 0h00:04.879 2022/07/13T23:10:28z: SSID: MU Open
 0h00:04.885 2022/07/13T23:10:28z: AP_STAR tmr
 ets Jan  8 2013,rst cause:4, boot mode:(3,7)

wdt reset
load 0x4010f000, len 1384, room 16 
tail 8
chksum 0x2d
csum 0x2d
v8b899c12
~ld


6.01
 0h00:04.905 2022/07/13T23:30:31z: DS3231
 0h00:04.921 2022/07/13T23:30:31z: BME280 (0x76)
 0h00:04.935 2022/07/13T23:30:31z: 84:f3:eb:7d:7:a8
 0h00:04.937 2022/07/13T23:30:31z: SSID: MU Open
 0h00:04.942 2022/07/13T23:30:31z: AP_STAR tmr
 ets Jan  8 2013,rst cause:4, boot mode:(3,7)

wdt reset
load 0x4010f000, len 1384, room 16 
tail 8
chksum 0x2d
csum 0x2d
v8b899c12
~ld


6.01
 0h00:05.071 2022/07/13T23:50:34z: DS3231
 0h00:05.086 2022/07/13T23:50:34z: BME280 (0x76)
 0h00:05.100 2022/07/13T23:50:34z: 84:f3:eb:7d:7:a8
 0h00:05.102 2022/07/13T23:50:34z: SSID: MU Open
 0h00:05.107 2022/07/13T23:50:34z: AP_STA