R tmr
 ets Jan  8 2013,rst cause:4, boot mode:(3,7)

wdt reset
load 0x4010f000, len 1384, room 16 
tail 8
chksum 0x2d
csum 0x2d
v8b899c12
~ld


6.01
 0h00:04.847 2022/02/28T00:08:33z: DS3231
 0h00:04.862 2022/02/28T00:08:33z: BME280 (0x76)
 0h00:04.876 2022/02/28T00:08:33z: 84:f3:eb:7d:7:a8
 0h00:04.878 2022/02/28T00:08:33z: SSID: MU Open
 0h00:04.883 2022/02/28T00:08:33z: AP_STAR tmr
 ets Jan  8 2013,rst cause:4, boot mode:(3,7)

wdt reset
load 0x4010f000, len 1384, room 16 
tail 8
chksum 0x2d
csum 0x2d
v8b899c12
~ld


6.01
 0h00:04.530 2022/02/28T00:28:35z: DS3231
 0h00:04.545 2022/02/28T00:28:35z: BME280 (0x76)
 0h00:04.559 2022/02/28T00:28:35z: 84:f3:eb:7d:7:a8
 0h00:04.561 2022/02/28T00:28:35z: SSID: MU Open
 0h00:04.566 2022/02/28T00:28:35z: AP_STAR tmr
 ets Jan  8 2013,rst cause:4, boot mode:(3,7)

wdt reset
load 0x4010f000, len 1384, room 16 
tail 8
chksum 0x2d
csum 0x2d
v8b899c12
~ld


6.01
 0h00:04.711 2022/02/28T00:48:37z: DS3231
 0h00:04.726 2022/02/28T00:48:37z: BME280 (0x76)
 0h00:04.741 2022/02/28T00:48:37z: 84:f3:eb:7d:7:a8
 0h00:04.742 2022/02/28T00:48:37z: SSID: MU Open
 0h00:04.747 2022/02/28T00:48:37z: AP_STAR tmr
 ets Jan  8 2013,rst cause:4, boot mode:(3,7)

wdt reset
load 0x4010f000, len 1384, room 16 
tail 8
chksum 0x2d
csum 0x2d
v8b899c12
~ld


6.01
 0h00:04.791 2022/02/28T01:08:38z: DS3231
 0h00:04.807 2022/02/28T01:08:38z: BME280 (0x76)
 0h00:04.821 2022/02/28T01:08:38z: 84:f3:eb:7d:7:a8
 0h00:04.823 2022/02/28T01:08:38z: SSID: MU Open
 0h00:04.828 2022/02/28T01:08:38z: AP_STAR tmr
 ets Jan  8 2013,rst cause:4, boot mode:(3,7)

wdt reset
load 0x4010f000, len 1384, room 16 
tail 8
chksum 0x2d
csum 0x2d
v8b899c12
~ld


6.01
 0h00:04.666 2022/02/28T01:28:40z: DS3231
 0h00:04.681 2022/02/28T01:28:40z: BME280 (0x76)
 0h00:04.695 2022/02/28T01:28:40z: 84:f3:eb:7d:7:a8
 0h00:04.697 2022/02/28T01:28:40z: SSID: MU Open
 0h00:04.702 2022/02/28T01:28:40z: AP_STAR tmr
 ets Jan  8 2013,rst cause:4, boot mode:(3,7)

wdt reset
load 0x4010f000, len 1384, room 16 
tail 8
chksum 0x2d
csum 0x2d
v8b899c12
~ld


6.01
 0h00:04.895 2022/02/28T01:48:42z: DS3231
 0h00:04.910 2022/02/28T01:48:42z: BME280 (0x76)
 0h00:04.924 2022/02/28T01:48:42z: 84:f3:eb:7d:7:a8
 0h00:04.926 2022/02/28T01:48:42z: SSID: MU Open
 0h00:04.931 2022/02/28T01:48:42z: AP_STAR tmr
 ets Jan  8 2013,rst cause:4, boot mode:(3,7)

wdt reset
load 0x4010f000, len 1384, room 16 
tail 8
chksum 0x2d
csum 0x2d
v8b899c12
~ld


6.01
 0h00:04.776 2022/02/28T02:08:44z: DS3231
 0h00:04.792 2022/02/28T02:08:44z: BME280 (0x76)
 0h00:04.806 2022/02/28T02:08:44z: 84:f3:eb:7d:7:a8
 0h00:04.807 2022/02/28T02:08:44z: SSID: MU Open
 0h00:04.813 2022/02/28T02:08:44z: AP_STAR tmr
 ets Jan  8 2013,rst cause:4, boot mode:(3,7)

wdt reset
load 0x4010f000, len 1384, room 16 
tail 8
chksum 0x2d
csum 0x2d
v8b899c12
~ld


6.01
 0h00:04.829 2022/02/28T02:28:46z: DS3231
 0h00:04.844 2022/02/28T02:28:46z: BME280 (0x76)
 0h00:04.858 2022/02/28T02:28:46z: 84:f3:eb:7d:7:a8
 0h00:04.860 2022/02/28T02:28:46z: SSID: MU Open
 0h00:04.865 2022/02/28T02:28:46z: AP_STAR tmr
 ets Jan  8 2013,rst cause:4, boot mode:(3,7)

wdt reset
load 0x4010f000, len 1384, room 16 
tail 8
chksum 0x2d
csum 0x2d
v8b899c12
~ld


6.01
 0h00:04.561 2022/02/28T02:48:48z: DS3231
 0h00:04.576 2022/02/28T02:48:48z: BME280 (0x76)
 0h00:04.590 2022/02/28T02:48:48z: 84:f3:eb:7d:7:a8
 0h00:04.592 2022/02/28T02:48:48z: SSID: MU Open
 0h00:04.597 2022/02/28T02:48:48z: AP_STAR tmr
 ets Jan  8 2013,rst cause:4, boot mode:(3,7)

wdt reset
load 0x4010f000, len 1384, room 16 
tail 8
chksum 0x2d
csum 0x2d
v8b899c12
~ld


6.01
 0h00:04.796 2022/02/28T03:08:49z: DS3231
 0h00:04.811 2022/02/28T03:08:49z: BME280 (0x76)
 0h00:04.826 2022/02/28T03:08:49z: 84:f3:eb:7d:7:a8
 0h00:04.827 2022/02/28T03:08:49z: SSID: MU Open
 0h00:04.832 2022/02/28T03:08:49z: AP_STAR tmr
 ets Jan  8 2013,rst cause:4, boot mode:(3,7)

wdt reset
load 0x4010f000, len 1384, room 16 
tail 8
chksum 0x2d
csum 0x2d
v8b899c12
~ld


6.01
 0h00:04.853 2022/02/28T03:28:51z: DS3231
 0h00:04.868 2022/02/28T03:28:51z: BME280 (0x76)
 0h00:04.882 2022/02/28T03:28:51z: 84:f3:eb:7d:7:a8
 0h00:04.884 2022/02/28T03:28:51z: SSID: MU Open
 0h00:04.889 2022/02/28T03:28:51z: AP_STAR tmr
 ets Jan  8 2013,rst cause:4, boot mode:(3,7)

wdt reset
load 0x4010f000, len 1384, room 16 
tail 8
chksum 0x2d
csum 0x2d
v8b899c12
~ld


6.01
 0h00:04.835 2022/02/28T03:48:53z: DS3231
 0h00:04.850 2022/02/28T03:48:53z: BME280 (0x76)
 0h00:04.864 2022/02/28T03:48:53z: 84:f3:eb:7d:7:a8
 0h00:04.866 2022/02/28T03:48:53z: SSID: MU Open
 0h00:04.871 2022/02/28T03:48:53z: AP_STAR tmr
 ets Jan  8 2013,rst cause:4, boot mode:(3,7)

wdt reset
load 0x4010f000, len 1384, room 16 
tail 8
chksum 0x2d
csum 0x2d
v8b899c12
~ld


6.01
 0h00:04.588 2022/02/28T04:08:55z: DS3231
 0h00:04.603 2022/02/28T04:08:55z: BME280 (0x76)
 0h00:04.617 2022/02/28T04:08:55z: 84:f3:eb:7d:7:a8
 0h00:04.619 2022/02/28T04:08:55z: SSID: MU Open
 0h00:04.624 2022/02/28T04:08:55z: AP_STAR tmr
 ets Jan  8 2013,rst cause:4, boot mode:(3,7)

wdt reset
load 0x4010f000, len 1384, room 16 
tail 8
chksum 0x2d
csum 0x2d
v8b899c12
~ld


6.01
 0h00:04.304 2022/02/28T04:28:56z: DS3231
 0h00:04.320 2022/02/28T04:28:56z: BME280 (0x76)
 0h00:04.334 2022/02/28T04:28:56z: 84:f3:eb:7d:7:a8
 0h00:04.336 2022/02/28T04:28:56z: SSID: MU Open
 0h00:04.341 2022/02/28T04:28:56z: AP_STAR tmr
 ets Jan  8 2013,rst cause:4, boot mode:(3,7)

wdt reset
load 0x4010f000, len 1384, room 16 
tail 8
chksum 0x2d
csum 0x2d
v8b899c12
~ld


6.01
 0h00:04.481 2022/02/28T04:48:58z: DS3231
 0h00:04.497 2022/02/28T04:48:58z: BME280 (0x76)
 0h00:04.511 2022/02/28T04:48:58z: 84:f3:eb:7d:7:a8
 0h00:04.513 2022/02/28T04:48:58z: SSID: MU Open
 0h00:04.518 2022/02/28T04:48:58z: AP_STAR tmr
 ets Jan  8 2013,rst cause:4, boot mode:(3,7)

wdt reset
load 0x4010f000, len 1384, room 16 
tail 8
chksum 0x2d
csum 0x2d
v8b899c12
~ld


6.01
 0h00:04.796 2022/02/28T05:08:59z: DS3231
 0h00:04.812 2022/02/28T05:08:59z: BME280 (0x76)
 0h00:04.826 2022/02/28T05:08:59z: 84:f3:eb:7d:7:a8
 0h00:04.827 2022/02/28T05:08:59z: SSID: MU Open
 0h00:04.833 2022/02/28T05:08:59z: AP_STAR tmr
 ets Jan  8 2013,rst cause:4, boot mode:(3,7)

wdt reset
load 0x4010f000, len 1384, room 16 
tail 8
chksum 0x2d
csum 0x2d
v8b899c12
~ld


6.01
 0h00:04.589 2022/02/28T05:29:01z: DS3231
 0h00:04.604 2022/02/28T05:29:02z: BME280 (0x76)
 0h00:04.618 2022/02/28T05:29:02z: 84:f3:eb:7d:7:a8
 0h00:04.620 2022/02/28T05:29:02z: SSID: MU Open
 0h00:04.625 2022/02/28T05:29:02z: AP_STAR tmr
 ets Jan  8 2013,rst cause:4, boot mode:(3,7)

wdt reset
load 0x4010f000, len 1384, room 16 
tail 8
chksum 0x2d
csum 0x2d
v8b899c12
~ld


6.01
 0h00:04.561 2022/02/28T05:49:03z: DS3231
 0h00:04.576 2022/02/28T05:49:03z: BME280 (0x76)
 0h00:04.590 2022/02/28T05:49:03z: 84:f3:eb:7d:7:a8
 0h00:04.592 2022/02/28T05:49:03z: SSID: MU Open
 0h00:04.597 2022/02/28T05:49:03z: AP_STAR tmr
 ets Jan  8 2013,rst cause:4, boot mode:(3,7)

wdt reset
load 0x4010f000, len 1384, room 16 
tail 8
chksum 0x2d
csum 0x2d
v8b899c12
~ld


6.01
 0h00:04.798 2022/02/28T06:09:04z: DS3231
 0h00:04.813 2022/02/28T06:09:04z: BME280 (0x76)
 0h00:04.827 2022/02/28T06:09:04z: 84:f3:eb:7d:7:a8
 0h00:04.829 2022/02/28T06:09:04z: SSID: MU Open
 0h00:04.834 2022/02/28T06:09:04z: AP_STAR tmr
 ets Jan  8 2013,rst cause:4, boot mode:(3,7)

wdt reset
load 0x4010f000, len 1384, room 16 
tail 8
chksum 0x2d
csum 0x2d
v8b899c12
~ld


6.01
 0h00:04.897 2022/02/28T06:29:07z: DS3231
 0h00:04.912 2022/02/28T06:29:07z: BME280 (0x76)
 0h00:04.927 2022/02/28T06:29:07z: 84:f3:eb:7d:7:a8
 0h00:04.928 2022/02/28T06:29:07z: SSID: MU Open
 0h00:04.933 2022/02/28T06:29:07z: AP_STAR tmr
 ets Jan  8 2013,rst cause:4, boot mode:(3,7)

wdt reset
load 0x4010f000, len 1384, room 16 
tail 8
chksum 0x2d
csum 0x2d
v8b899c12
~ld


6.01
 0h00:04.576 2022/02/28T06:49:08z: DS3231
 0h00:04.591 2022/02/28T06:49:08z: BME280 (0x76)
 0h00:04.605 2022/02/28T06:49:08z: 84:f3:eb:7d:7:a8
 0h00:04.607 2022/02/28T06:49:08z: SSID: MU Open
 0h00:04.612 2022/02/28T06:49:08z: AP_STAR tmr
 ets Jan  8 2013,rst cause:4, boot mode:(3,7)

wdt reset
load 0x4010f000, len 1384, room 16 
tail 8
chksum 0x2d
csum 0x2d
v8b899c12
~ld


6.01
 0h00:04.869 2022/02/28T07:09:10z: DS3231
 0h00:04.884 2022/02/28T07:09:10z: BME280 (0x76)
 0h00:04.899 2022/02/28T07:09:10z: 84:f3:eb:7d:7:a8
 0h00:04.900 2022/02/28T07:09:10z: SSID: MU Open
 0h00:04.905 2022/02/28T07:09:10z: AP_STAR tmr
 ets Jan  8 2013,rst cause:4, boot mode:(3,7)

wdt reset
load 0x4010f000, len 1384, room 16 
tail 8
chksum 0x2d
csum 0x2d
v8b899c12
~ld


6.01
 0h00:04.852 2022/02/28T07:29:12z: DS3231
 0h00:04.867 2022/02/28T07:29:12z: BME280 (0x76)
 0h00:04.881 2022/02/28T07:29:12z: 84:f3:eb:7d:7:a8
 0h00:04.883 2022/02/28T07:29:12z: SSID: MU Open
 0h00:04.888 2022/02/28T07:29:12z: AP_STAR tmr
 ets Jan  8 2013,rst cause:4, boot mode:(3,7)

wdt reset
load 0x4010f000, len 1384, room 16 
tail 8
chksum 0x2d
csum 0x2d
v8b899c12
~ld


6.01
 0h00:04.602 2022/02/28T07:49:13z: DS3231
 0h00:04.618 2022/02/28T07:49:13z: BME280 (0x76)
 0h00:04.632 2022/02/28T07:49:13z: 84:f3:eb:7d:7:a8
 0h00:04.634 2022/02/28T07:49:13z: SSID: MU Open
 0h00:04.639 2022/02/28T07:49:13z: AP_STAR tmr
 ets Jan  8 2013,rst cause:4, boot mode:(3,7)

wdt reset
load 0x4010f000, len 1384, room 16 
tail 8
chksum 0x2d
csum 0x2d
v8b899c12
~ld


6.01
 0h00:04.771 2022/02/28T08:09:15z: DS3231
 0h00:04.787 2022/02/28T08:09:15z: BME280 (0x76)
 0h00:04.801 2022/02/28T08:09:15z: 84:f3:eb:7d:7:a8
 0h00:04.803 2022/02/28T08:09:15z: SSID: MU Open
 0h00:04.808 2022/02/28T08:09:15z: AP_STAR tmr
 ets Jan  8 2013,rst cause:4, boot mode:(3,7)

wdt reset
load 0x4010f000, len 1384, room 16 
tail 8
chksum 0x2d
csum 0x2d
v8b899c12
~ld


6.01
 0h00:04.787 2022/02/28T08:29:17z: DS3231
 0h00:04.802 2022/02/28T08:29:17z: BME280 (0x76)
 0h00:04.816 2022/02/28T08:29:17z: 84:f3:eb:7d:7:a8
 0h00:04.818 2022/02/28T08:29:17z: SSID: MU Open
 0h00:04.823 2022/02/28T08:29:17z: AP_STAR tmr
 ets Jan  8 2013,rst cause:4, boot mode:(3,7)

wdt reset
load 0x4010f000, len 1384, room 16 
tail 8
chksum 0x2d
csum 0x2d
v8b899c12
~ld


6.01
 0h00:04.563 2022/02/28T08:49:18z: DS3231
 0h00:04.578 2022/02/28T08:49:18z: BME280 (0x76)
 0h00:04.593 2022/02/28T08:49:18z: 84:f3:eb:7d:7:a8
 0h00:04.594 2022/02/28T08:49:18z: SSID: MU Open
 0h00:04.599 2022/02/28T08:49:18z: AP_STAR tmr
 ets Jan  8 2013,rst cause:4, boot mode:(3,7)

wdt reset
load 0x4010f000, len 1384, room 16 
tail 8
chksum 0x2d
csum 0x2d
v8b899c12
~ld


6.01
 0h00:04.823 2022/02/28T09:09:19z: DS3231
 0h00:04.838 2022/02/28T09:09:19z: BME280 (0x76)
 0h00:04.852 2022/02/28T09:09:19z: 84:f3:eb:7d:7:a8
 0h00:04.854 2022/02/28T09:09:19z: SSID: MU Open
 0h00:04.859 2022/02/28T09:09:19z: AP_STAR tmr
 ets Jan  8 2013,rst cause:4, boot mode:(3,7)

wdt reset
load 0x4010f000, len 1384, room 16 
tail 8
chksum 0x2d
csum 0x2d
v8b899c12
~ld


6.01
 0h00:04.837 2022/02/28T09:29:21z: DS3231
 0h00:04.852 2022/02/28T09:29:21z: BME280 (0x76)
 0h00:04.866 2022/02/28T09:29:21z: 84:f3:eb:7d:7:a8
 0h00:04.868 2022/02/28T09:29:21z: SSID: MU Open
 0h00:04.873 2022/02/28T09:29:21z: AP_STAR tmr
 ets Jan  8 2013,rst cause:4, boot mode:(3,7)

wdt reset
load 0x4010f000, len 1384, room 16 
tail 8
chksum 0x2d
csum 0x2d
v8b899c12
~ld


6.01
 0h00:04.850 2022/02/28T09:49:24z: DS3231
 0h00:04.865 2022/02/28T09:49:24z: BME280 (0x76)
 0h00:04.880 2022/02/28T09:49:24z: 84:f3:eb:7d:7:a8
 0h00:04.881 2022/02/28T09:49:24z: SSID: MU Open
 0h00:04.886 2022/02/28T09:49:24z: AP_STAR tmr
 ets Jan  8 2013,rst cause:4, boot mode:(3,7)

wdt reset
load 0x4010f000, len 1384, room 16 
tail 8
chksum 0x2d
csum 0x2d
v8b899c12
~ld


6.01
 0h00:04.732 2022/02/28T10:09:25z: DS3231
 0h00:04.748 2022/02/28T10:09:25z: BME280 (0x76)
 0h00:04.762 2022/02/28T10:09:25z: 84:f3:eb:7d:7:a8
 0h00:04.764 2022/02/28T10:09:25z: SSID: MU Open
 0h00:04.769 2022/02/28T10:09:25z: AP_STAR tmr
 ets Jan  8 2013,rst cause:4, boot mode:(3,7)

wdt reset
load 0x4010f000, len 1384, room 16 
tail 8
chksum 0x2d
csum 0x2d
v8b899c12
~ld


6.01
 0h00:04.700 2022/02/28T10:29:26z: DS3231
 0h00:04.715 2022/02/28T10:29:26z: BME280 (0x76)
 0h00:04.729 2022/02/28T10:29:26z: 84:f3:eb:7d:7:a8
 0h00:04.731 2022/02/28T10:29:26z: SSID: MU Open
 0h00:04.736 2022/02/28T10:29:26z: AP_STAR tmr
 ets Jan  8 2013,rst cause:4, boot mode:(3,7)

wdt reset
load 0x4010f000, len 1384, room 16 
tail 8
chksum 0x2d
csum 0x2d
v8b899c12
~ld


6.01
 0h00:04.663 2022/02/28T10:49:28z: DS3231
 0h00:04.678 2022/02/28T10:49:28z: BME280 (0x76)
 0h00:04.692 2022/02/28T10:49:28z: 84:f3:eb:7d:7:a8
 0h00:04.694 2022/02/28T10:49:28z: SSID: MU Open
 0h00:04.699 2022/02/28T10:49:28z: AP_STAR tmr
 ets Jan  8 2013,rst cause:4, boot mode:(3,7)

wdt reset
load 0x4010f000, len 1384, room 16 
tail 8
chksum 0x2d
csum 0x2d
v8b899c12
~ld


6.01
 0h00:04.534 2022/02/28T11:09:29z: DS3231
 0h00:04.549 2022/02/28T11:09:29z: BME280 (0x76)
 0h00:04.563 2022/02/28T11:09:29z: 84:f3:eb:7d:7:a8
 0h00:04.565 2022/02/28T11:09:29z: SSID: MU Open
 0h00:04.570 2022/02/28T11:09:29z: AP_STAR tmr
 ets Jan  8 2013,rst cause:4, boot mode:(3,7)

wdt reset
load 0x4010f000, len 1384, room 16 
tail 8
chksum 0x2d
csum 0x2d
v8b899c12
~ld


6.01
 0h00:04.748 2022/02/28T11:29:31z: DS3231
 0h00:04.763 2022/02/28T11:29:31z: BME280 (0x76)
 0h00:04.778 2022/02/28T11:29:31z: 84:f3:eb:7d:7:a8
 0h00:04.779 2022/02/28T11:29:31z: SSID: MU Open
 0h00:04.784 2022/02/28T11:29:31z: AP_STAR tmr
 ets Jan  8 2013,rst cause:4, boot mode:(3,7)

wdt reset
load 0x4010f000, len 1384, room 16 
tail 8
chksum 0x2d
csum 0x2d
v8b899c12
~ld


6.01
 0h00:04.674 2022/02/28T11:49:33z: DS3231
 0h00:04.689 2022/02/28T11:49:33z: BME280 (0x76)
 0h00:04.703 2022/02/28T11:49:33z: 84:f3:eb:7d:7:a8
 0h00:04.705 2022/02/28T11:49:33z: SSID: MU Open
 0h00:04.710 2022/02/28T11:49:33z: AP_STAR tmr
 ets Jan  8 2013,rst cause:4, boot mode:(3,7)

wdt reset
load 0x4010f000, len 1384, room 16 
tail 8
chksum 0x2d
csum 0x2d
v8b899c12
~ld


6.01
 0h00:04.693 2022/02/28T12:09:34z: DS3231
 0h00:04.708 2022/02/28T12:09:34z: BME280 (0x76)
 0h00:04.722 2022/02/28T12:09:34z: 84:f3:eb:7d:7:a8
 0h00:04.724 2022/02/28T12:09:34z: SSID: MU Open
 0h00:04.729 2022/02/28T12:09:34z: AP_STAR tmr
 ets Jan  8 2013,rst cause:4, boot mode:(3,7)

wdt reset
load 0x4010f000, len 1384, room 16 
tail 8
chksum 0x2d
csum 0x2d
v8b899c12
~ld


6.01
 0h00:04.685 2022/02/28T12:29:35z: DS3231
 0h00:04.700 2022/02/28T12:29:35z: BME280 (0x76)
 0h00:04.715 2022/02/28T12:29:35z: 84:f3:eb:7d:7:a8
 0h00:04.716 2022/02/28T12:29:35z: SSID: MU Open
 0h00:04.721 2022/02/28T12:29:35z: AP_STAR tmr
 ets Jan  8 2013,rst cause:4, boot mode:(3,7)

wdt reset
load 0x4010f000, len 1384, room 16 
tail 8
chksum 0x2d
csum 0x2d
v8b899c12
~ld


6.01
 0h00:04.853 2022/02/28T12:49:37z: DS3231
 0h00:04.868 2022/02/28T12:49:38z: BME280 (0x76)
 0h00:04.882 2022/02/28T12:49:38z: 84:f3:eb:7d:7:a8
 0h00:04.884 2022/02/28T12:49:38z: SSID: MU Open
 0h00:04.889 2022/02/28T12:49:38z: AP_STAR tmr
 ets Jan  8 2013,rst cause:4, boot mode:(3,7)

wdt reset
load 0x4010f000, len 1384, room 16 
tail 8
chksum 0x2d
csum 0x2d
v8b899c12
~ld


6.01
 0h00:04.729 2022/02/28T13:09:39z: DS3231
 0h00:04.745 2022/02/28T13:09:39z: BME280 (0x76)
 0h00:04.759 2022/02/28T13:09:39z: 84:f3:eb:7d:7:a8
 0h00:04.761 2022/02/28T13:09:39z: SSID: MU Open
 0h00:04.766 2022/02/28T13:09:39z: AP_STAR tmr
 ets Jan  8 2013,rst cause:4, boot mode:(3,7)

wdt reset
load 0x4010f000, len 1384, room 16 
tail 8
chksum 0x2d
csum 0x2d
v8b899c12
~ld


6.01
 0h00:04.721 2022/02/28T13:29:41z: DS3231
 0h00:04.736 2022/02/28T13:29:41z: BME280 (0x76)
 0h00:04.750 2022/02/28T13:29:41z: 84:f3:eb:7d:7:a8
 0h00:04.752 2022/02/28T13:29:41z: SSID: MU Open
 0h00:04.757 2022/02/28T13:29:41z: AP_STAR tmr
 ets Jan  8 2013,rst cause:4, boot mode:(3,7)

wdt reset
load 0x4010f000, len 1384, room 16 
tail 8
chksum 0x2d
csum 0x2d
v8b899c12
~ld


6.01
 0h00:04.712 2022/02/28T13:49:42z: DS3231
 0h00:04.727 2022/02/28T13:49:42z: BME280 (0x76)
 0h00:04.741 2022/02/28T13:49:42z: 84:f3:eb:7d:7:a8
 0h00:04.743 2022/02/28T13:49:42z: SSID: MU Open
 0h00:04.748 2022/02/28T13:49:42z: AP_STAR tmr
 ets Jan  8 2013,rst cause:4, boot mode:(3,7)

wdt reset
load 0x4010f000, len 1384, room 16 
tail 8
chksum 0x2d
csum 0x2d
v8b899c12
~ld


6.01
 0h00:04.691 2022/02/28T14:09:44z: DS3231
 0h00:04.706 2022/02/28T14:09:44z: BME280 (0x76)
 0h00:04.721 2022/02/28T14:09:44z: 84:f3:eb:7d:7:a8
 0h00:04.722 2022/02/28T14:09:44z: SSID: MU Open
 0h00:04.727 2022/02/28T14:09:44z: AP_STAR tmr
 ets Jan  8 2013,rst cause:4, boot mode:(3,7)

wdt reset
load 0x4010f000, len 1384, room 16 
tail 8
chksum 0x2d
csum 0x2d
v8b899c12
~ld


6.01
 0h00:04.497 2022/02/28T14:29:46z: DS3231
 0h00:04.513 2022/02/28T14:29:46z: BME280 (0x76)
 0h00:04.527 2022/02/28T14:29:46z: 84:f3:eb:7d:7:a8
 0h00:04.528 2022/02/28T14:29:46z: SSID: MU Open
 0h00:04.534 2022/02/28T14:29:46z: AP_STAR tmr
 ets Jan  8 2013,rst cause:4, boot mode:(3,7)

wdt reset
load 0x4010f000, len 1384, room 16 
tail 8
chksum 0x2d
csum 0x2d
v8b899c12
~ld


6.01
 0h00:04.439 2022/02/28T14:49:47z: DS3231
 0h00:04.454 2022/02/28T14:49:47z: BME280 (0x76)
 0h00:04.469 2022/02/28T14:49:47z: 84:f3:eb:7d:7:a8
 0h00:04.470 2022/02/28T14:49:47z: SSID: MU Open
 0h00:04.475 2022/02/28T14:49:47z: AP_STAR tmr
 ets Jan  8 2013,rst cause:4, boot mode:(3,7)

wdt reset
load 0x4010f000, len 1384, room 16 
tail 8
chksum 0x2d
csum 0x2d
v8b899c12
~ld


6.01
 0h00:04.731 2022/02/28T15:09:48z: DS3231
 0h00:04.746 2022/02/28T15:09:48z: BME280 (0x76)
 0h00:04.760 2022/02/28T15:09:48z: 84:f3:eb:7d:7:a8
 0h00:04.762 2022/02/28T15:09:48z: SSID: MU Open
 0h00:04.767 2022/02/28T15:09:48z: AP_STAR tmr
 ets Jan  8 2013,rst cause:4, boot mode:(3,7)

wdt reset
load 0x4010f000, len 1384, room 16 
tail 8
chksum 0x2d
csum 0x2d
v8b899c12
~ld


6.01
 0h00:04.477 2022/02/28T15:29:49z: DS3231
 0h00:04.492 2022/02/28T15:29:49z: BME280 (0x76)
 0h00:04.506 2022/02/28T15:29:49z: 84:f3:eb:7d:7:a8
 0h00:04.508 2022/02/28T15:29:49z: SSID: MU Open
 0h00:04.513 2022/02/28T15:29:49z: AP_STAR tmr
 ets Jan  8 2013,rst cause:4, boot mode:(3,7)

wdt reset
load 0x4010f000, len 1384, room 16 
tail 8
chksum 0x2d
csum 0x2d
v8b899c12
~ld


6.01
 0h00:04.722 2022/02/28T15:49:51z: DS3231
 0h00:04.738 2022/02/28T15:49:51z: BME280 (0x76)
 0h00:04.752 2022/02/28T15:49:51z: 84:f3:eb:7d:7:a8
 0h00:04.753 2022/02/28T15:49:51z: SSID: MU Open
 0h00:04.759 2022/02/28T15:49:51z: AP_STAR tmr
 ets Jan  8 2013,rst cause:4, boot mode:(3,7)

wdt reset
load 0x4010f000, len 1384, room 16 
tail 8
chksum 0x2d
csum 0x2d
v8b899c12
~ld


6.01
 0h00:04.649 2022/02/28T16:09:52z: DS3231
 0h00:04.665 2022/02/28T16:09:52z: BME280 (0x76)
 0h00:04.679 2022/02/28T16:09:52z: 84:f3:eb:7d:7:a8
 0h00:04.681 2022/02/28T16:09:52z: SSID: MU Open
 0h00:04.686 2022/02/28T16:09:52z: AP_STAR tmr
 ets Jan  8 2013,rst cause:4, boot mode:(3,7)

wdt reset
load 0x4010f000, len 1384, room 16 
tail 8
chksum 0x2d
csum 0x2d
v8b899c12
~ld


6.01
 0h00:04.461 2022/02/28T16:29:53z: DS3231
 0h00:04.476 2022/02/28T16:29:53z: BME280 (0x76)
 0h00:04.491 2022/02/28T16:29:53z: 84:f3:eb:7d:7:a8
 0h00:04.492 2022/02/28T16:29:53z: SSID: MU Open
 0h00:04.497 2022/02/28T16:29:53z: AP_STAR tmr
 ets Jan  8 2013,rst cause:4, boot mode:(3,7)

wdt reset
load 0x4010f000, len 1384, room 16 
tail 8
chksum 0x2d
csum 0x2d
v8b899c12
~ld


6.01
 0h00:04.661 2022/02/28T16:49:55z: DS3231
 0h00:04.676 2022/02/28T16:49:55z: BME280 (0x76)
 0h00:04.690 2022/02/28T16:49:55z: 84:f3:eb:7d:7:a8
 0h00:04.692 2022/02/28T16:49:55z: SSID: MU Open
 0h00:04.697 2022/02/28T16:49:55z: AP_STAR tmr
 ets Jan  8 2013,rst cause:4, boot mode:(3,7)

wdt reset
load 0x4010f000, len 1384, room 16 
tail 8
chksum 0x2d
csum 0x2d
v8b899c12
~ld


6.01
 0h00:04.377 2022/02/28T17:09:56z: DS3231
 0h00:04.392 2022/02/28T17:09:56z: BME280 (0x76)
 0h00:04.407 2022/02/28T17:09:56z: 84:f3:eb:7d:7:a8
 0h00:04.408 2022/02/28T17:09:56z: SSID: MU Open
 0h00:04.413 2022/02/28T17:09:56z: AP_STAR tmr
 ets Jan  8 2013,rst cause:4, boot mode:(3,7)

wdt reset
load 0x4010f000, len 1384, room 16 
tail 8
chksum 0x2d
csum 0x2d
v8b899c12
~ld


6.01
 0h00:04.596 2022/02/28T17:29:57z: DS3231
 0h00:04.611 2022/02/28T17:29:57z: BME280 (0x76)
 0h00:04.625 2022/02/28T17:29:57z: 84:f3:eb:7d:7:a8
 0h00:04.627 2022/02/28T17:29:57z: SSID: MU Open
 0h00:04.632 2022/02/28T17:29:57z: AP_STAR tmr
 ets Jan  8 2013,rst cause:4, boot mode:(3,7)

wdt reset
load 0x4010f000, len 1384, room 16 
tail 8
chksum 0x2d
csum 0x2d
v8b899c12
~ld


6.01
 0h00:04.593 2022/02/28T17:49:59z: DS3231
 0h00:04.608 2022/02/28T17:49:59z: BME280 (0x76)
 0h00:04.622 2022/02/28T17:49:59z: 84:f3:eb:7d:7:a8
 0h00:04.624 2022/02/28T17:49:59z: SSID: MU Open
 0h00:04.629 2022/02/28T17:49:59z: AP_STAR tmr
 ets Jan  8 2013,rst cause:4, boot mode:(3,7)

wdt reset
load 0x4010f000, len 1384, room 16 
tail 8
chksum 0x2d
csum 0x2d
v8b899c12
~ld


6.01
 0h00:04.582 2022/02/28T18:10:00z: DS3231
 0h00:04.597 2022/02/28T18:10:00z: BME280 (0x76)
 0h00:04.611 2022/02/28T18:10:00z: 84:f3:eb:7d:7:a8
 0h00:04.613 2022/02/28T18:10:00z: SSID: MU Open
 0h00:04.618 2022/02/28T18:10:00z: AP_STAR tmr
 ets Jan  8 2013,rst cause:4, boot mode:(3,7)

wdt reset
load 0x4010f000, len 1384, room 16 
tail 8
chksum 0x2d
csum 0x2d
v8b899c12
~ld


6.01
 0h00:04.517 2022/02/28T18:30:00z: DS3231
 0h00:04.532 2022/02/28T18:30:00z: BME280 (0x76)
 0h00:04.547 2022/02/28T18:30:00z: 84:f3:eb:7d:7:a8
 0h00:04.548 2022/02/28T18:30:00z: SSID: MU Open
 0h00:04.553 2022/02/28T18:30:00z: AP_STAR tmr
 ets Jan  8 2013,rst cause:4, boot mode:(3,7)

wdt reset
load 0x4010f000, len 1384, room 16 
tail 8
chksum 0x2d
csum 0x2d
v8b899c12
~ld


6.01
 0h00:04.434 2022/02/28T18:50:02z: DS3231
 0h00:04.449 2022/02/28T18:50:02z: BME280 (0x76)
 0h00:04.463 2022/02/28T18:50:02z: 84:f3:eb:7d:7:a8
 0h00:04.465 2022/02/28T18:50:02z: SSID: MU Open
 0h00:04.470 2022/02/28T18:50:02z: AP_STAR tmr
 ets Jan  8 2013,rst cause:4, boot mode:(3,7)

wdt reset
load 0x4010f000, len 1384, room 16 
tail 8
chksum 0x2d
csum 0x2d
v8b899c12
~ld


6.01
 0h00:04.290 2022/02/28T19:10:03z: DS3231
 0h00:04.306 2022/02/28T19:10:03z: BME280 (0x76)
 0h00:04.320 2022/02/28T19:10:03z: 84:f3:eb:7d:7:a8
 0h00:04.322 2022/02/28T19:10:03z: SSID: MU Open
 0h00:04.327 2022/02/28T19:10:03z: AP_STAR tmr
 ets Jan  8 2013,rst cause:4, boot mode:(3,7)

wdt reset
load 0x4010f000, len 1384, room 16 
tail 8
chksum 0x2d
csum 0x2d
v8b899c12
~ld


6.01
 0h00:04.547 2022/02/28T19:30:04z: DS3231
 0h00:04.562 2022/02/28T19:30:04z: BME280 (0x76)
 0h00:04.576 2022/02/28T19:30:04z: 84:f3:eb:7d:7:a8
 0h00:04.578 2022/02/28T19:30:04z: SSID: MU Open
 0h00:04.583 2022/02/28T19:30:04z: AP_STAR tmr
 ets Jan  8 2013,rst cause:4, boot mode:(3,7)

wdt reset
load 0x4010f000, len 1384, room 16 
tail 8
chksum 0x2d
csum 0x2d
v8b899c12
~ld


6.01
 0h00:04.554 2022/02/28T19:50:05z: DS3231
 0h00:04.569 2022/02/28T19:50:05z: BME280 (0x76)
 0h00:04.583 2022/02/28T19:50:05z: 84:f3:eb:7d:7:a8
 0h00:04.585 2022/02/28T19:50:05z: SSID: MU Open
 0h00:04.590 2022/02/28T19:50:05z: AP_STAR tmr
 ets Jan  8 2013,rst cause:4, boot mode:(3,7)

wdt reset
load 0x4010f000, len 1384, room 16 
tail 8
chksum 0x2d
csum 0x2d
v8b899c12
~ld


6.01
 0h00:04.512 2022/02/28T20:10:05z: DS3231
 0h00:04.528 2022/02/28T20:10:05z: BME280 (0x76)
 0h00:04.542 2022/02/28T20:10:05z: 84:f3:eb:7d:7:a8
 0h00:04.544 2022/02/28T20:10:05z: SSID: MU Open
 0h00:04.549 2022/02/28T20:10:05z: AP_STAR tmr
 ets Jan  8 2013,rst cause:4, boot mode:(3,7)

wdt reset
load 0x4010f000, len 1384, room 16 
tail 8
chksum 0x2d
csum 0x2d
v8b899c12
~ld


6.01
 0h00:04.577 2022/02/28T20:30:06z: DS3231
 0h00:04.592 2022/02/28T20:30:06z: BME280 (0x76)
 0h00:04.607 2022/02/28T20:30:06z: 84:f3:eb:7d:7:a8
 0h00:04.608 2022/02/28T20:30:06z: SSID: MU Open
 0h00:04.613 2022/02/28T20:30:06z: AP_STAR tmr
 ets Jan  8 2013,rst cause:4, boot mode:(3,7)

wdt reset
load 0x4010f000, len 1384, room 16 
tail 8
chksum 0x2d
csum 0x2d
v8b899c12
~ld


6.01
 0h00:04.623 2022/02/28T20:50:08z: DS3231
 0h00:04.638 2022/02/28T20:50:08z: BME280 (0x76)
 0h00:04.652 2022/02/28T20:50:08z: 84:f3:eb:7d:7:a8
 0h00:04.654 2022/02/28T20:50:08z: SSID: MU Open
 0h00:04.659 2022/02/28T20:50:08z: AP_STAR tmr
 ets Jan  8 2013,rst cause:4, boot mode:(3,7)

wdt reset
load 0x4010f000, len 1384, room 16 
tail 8
chksum 0x2d
csum 0x2d
v8b899c12
~ld


6.01
 0h00:04.532 2022/02/28T21:10:09z: DS3231
 0h00:04.548 2022/02/28T21:10:09z: BME280 (0x76)
 0h00:04.562 2022/02/28T21:10:09z: 84:f3:eb:7d:7:a8
 0h00:04.563 2022/02/28T21:10:09z: SSID: MU Open
 0h00:04.569 2022/02/28T21:10:09z: AP_STAR tmr
 ets Jan  8 2013,rst cause:4, boot mode:(3,7)

wdt reset
load 0x4010f000, len 1384, room 16 
tail 8
chksum 0x2d
csum 0x2d
v8b899c12
~ld


6.01
 0h00:04.565 2022/02/28T21:30:11z: DS3231
 0h00:04.580 2022/02/28T21:30:11z: BME280 (0x76)
 0h00:04.594 2022/02/28T21:30:11z: 84:f3:eb:7d:7:a8
 0h00:04.596 2022/02/28T21:30:11z: SSID: MU Open
 0h00:04.601 2022/02/28T21:30:11z: AP_STAR tmr
 ets Jan  8 2013,rst cause:4, boot mode:(3,7)

wdt reset
load 0x4010f000, len 1384, room 16 
tail 8
chksum 0x2d
csum 0x2d
v8b899c12
~ld


6.01
 0h00:04.339 2022/02/28T21:50:11z: DS3231
 0h00:04.354 2022/02/28T21:50:11z: BME280 (0x76)
 0h00:04.368 2022/02/28T21:50:11z: 84:f3:eb:7d:7:a8
 0h00:04.370 2022/02/28T21:50:11z: SSID: MU Open
 0h00:04.375 2022/02/28T21:50:11z: AP_STAR tmr
 ets Jan  8 2013,rst cause:4, boot mode:(3,7)

wdt reset
load 0x4010f000, len 1384, room 16 
tail 8
chksum 0x2d
csum 0x2d
v8b899c12
~ld


6.01
 0h00:04.524 2022/02/28T22:10:12z: DS3231
 0h00:04.539 2022/02/28T22:10:12z: BME280 (0x76)
 0h00:04.553 2022/02/28T22:10:12z: 84:f3:eb:7d:7:a8
 0h00:04.555 2022/02/28T22:10:12z: SSID: MU Open
 0h00:04.560 2022/02/28T22:10:12z: AP_STAR tmr
 ets Jan  8 2013,rst cause:4, boot mode:(3,7)

wdt reset
load 0x4010f000, len 1384, room 16 
tail 8
chksum 0x2d
csum 0x2d
v8b899c12
~ld


6.01
 0h00:04.329 2022/02/28T22:30:13z: DS3231
 0h00:04.345 2022/02/28T22:30:13z: BME280 (0x76)
 0h00:04.359 2022/02/28T22:30:13z: 84:f3:eb:7d:7:a8
 0h00:04.361 2022/02/28T22:30:13z: SSID: MU Open
 0h00:04.366 2022/02/28T22:30:13z: AP_STAR tmr
 ets Jan  8 2013,rst cause:4, boot mode:(3,7)

wdt reset
load 0x4010f000, len 1384, room 16 
tail 8
chksum 0x2d
csum 0x2d
v8b899c12
~ld


6.01
 0h00:04.633 2022/02/28T22:50:14z: DS3231
 0h00:04.649 2022/02/28T22:50:14z: BME280 (0x76)
 0h00:04.663 2022/02/28T22:50:14z: 84:f3:eb:7d:7:a8
 0h00:04.664 2022/02/28T22:50:14z: SSID: MU Open
 0h00:04.670 2022/02/28T22:50:14z: AP_STAR tmr
 ets Jan  8 2013,rst cause:4, boot mode:(3,7)

wdt reset
load 0x4010f000, len 1384, room 16 
tail 8
chksum 0x2d
csum 0x2d
v8b899c12
~ld


6.01
 0h00:04.506 2022/02/28T23:10:15z: DS3231
 0h00:04.521 2022/02/28T23:10:15z: BME280 (0x76)
 0h00:04.535 2022/02/28T23:10:15z: 84:f3:eb:7d:7:a8
 0h00:04.537 2022/02/28T23:10:15z: SSID: MU Open
 0h00:04.542 2022/02/28T23:10:15z: AP_STAR tmr
 ets Jan  8 2013,rst cause:4, boot mode:(3,7)

wdt reset
load 0x4010f000, len 1384, room 16 
tail 8
chksum 0x2d
csum 0x2d
v8b899c12
~ld


6.01
 0h00:04.462 2022/02/28T23:30:17z: DS3231
 0h00:04.477 2022/02/28T23:30:17z: BME280 (0x76)
 0h00:04.491 2022/02/28T23:30:17z: 84:f3:eb:7d:7:a8
 0h00:04.493 2022/02/28T23:30:17z: SSID: MU Open
 0h00:04.498 2022/02/28T23:30:17z: AP_STAR tmr
 ets Jan  8 2013,rst cause:4, boot mode:(3,7)

wdt reset
load 0x4010f000, len 1384, room 16 
tail 8
chksum 0x2d
csum 0x2d
v8b899c12
~ld


6.01
 0h00:04.612 2022/02/28T23:50:18z: DS3231
 0h00:04.627 2022/02/28T23:50:18z: BME280 (0x76)
 0h00:04.641 2022/02/28T23:50:18z: 84:f3:eb:7d:7:a8
 0h00:04.643 2022/02/28T23:50:18z: SSID: MU Open
 0h00:04.648 2022/02/28T23:50:18z: AP_STA