R tmr
 ets Jan  8 2013,rst cause:4, boot mode:(3,7)

wdt reset
load 0x4010f000, len 1384, room 16 
tail 8
chksum 0x2d
csum 0x2d
v8b899c12
~ld


6.01
 0h00:05.900 2022/11/29T00:06:58z: DS3231
 0h00:05.915 2022/11/29T00:06:58z: BME280 (0x76)
 0h00:05.929 2022/11/29T00:06:58z: 84:f3:eb:7d:7:a8
 0h00:05.931 2022/11/29T00:06:58z: SSID: MU Open
 0h00:05.936 2022/11/29T00:06:58z: AP_STAR tmr
 ets Jan  8 2013,rst cause:4, boot mode:(3,7)

wdt reset
load 0x4010f000, len 1384, room 16 
tail 8
chksum 0x2d
csum 0x2d
v8b899c12
~ld


6.01
 0h00:05.382 2022/11/29T00:27:05z: DS3231
 0h00:05.397 2022/11/29T00:27:05z: BME280 (0x76)
 0h00:05.411 2022/11/29T00:27:05z: 84:f3:eb:7d:7:a8
 0h00:05.413 2022/11/29T00:27:05z: SSID: MU Open
 0h00:05.418 2022/11/29T00:27:05z: AP_STAR tmr
 ets Jan  8 2013,rst cause:4, boot mode:(3,7)

wdt reset
load 0x4010f000, len 1384, room 16 
tail 8
chksum 0x2d
csum 0x2d
v8b899c12
~ld


6.01
 0h00:05.676 2022/11/29T00:47:11z: DS3231
 0h00:05.692 2022/11/29T00:47:11z: BME280 (0x76)
 0h00:05.706 2022/11/29T00:47:11z: 84:f3:eb:7d:7:a8
 0h00:05.707 2022/11/29T00:47:11z: SSID: MU Open
 0h00:05.713 2022/11/29T00:47:11z: AP_STAR tmr
 ets Jan  8 2013,rst cause:4, boot mode:(3,7)

wdt reset
load 0x4010f000, len 1384, room 16 
tail 8
chksum 0x2d
csum 0x2d
v8b899c12
~ld


6.01
 0h00:05.488 2022/11/29T01:07:17z: DS3231
 0h00:05.503 2022/11/29T01:07:17z: BME280 (0x76)
 0h00:05.517 2022/11/29T01:07:17z: 84:f3:eb:7d:7:a8
 0h00:05.519 2022/11/29T01:07:17z: SSID: MU Open
 0h00:05.524 2022/11/29T01:07:17z: AP_STAR tmr
 ets Jan  8 2013,rst cause:4, boot mode:(3,7)

wdt reset
load 0x4010f000, len 1384, room 16 
tail 8
chksum 0x2d
csum 0x2d
v8b899c12
~ld


6.01
 0h00:05.317 2022/11/29T01:27:23z: DS3231
 0h00:05.332 2022/11/29T01:27:23z: BME280 (0x76)
 0h00:05.346 2022/11/29T01:27:23z: 84:f3:eb:7d:7:a8
 0h00:05.348 2022/11/29T01:27:23z: SSID: MU Open
 0h00:05.353 2022/11/29T01:27:23z: AP_STAR tmr
 ets Jan  8 2013,rst cause:4, boot mode:(3,7)

wdt reset
load 0x4010f000, len 1384, room 16 
tail 8
chksum 0x2d
csum 0x2d
v8b899c12
~ld


6.01
 0h00:05.206 2022/11/29T01:47:28z: DS3231
 0h00:05.221 2022/11/29T01:47:28z: BME280 (0x76)
 0h00:05.235 2022/11/29T01:47:28z: 84:f3:eb:7d:7:a8
 0h00:05.237 2022/11/29T01:47:28z: SSID: MU Open
 0h00:05.242 2022/11/29T01:47:28z: AP_STAR tmr
 ets Jan  8 2013,rst cause:4, boot mode:(3,7)

wdt reset
load 0x4010f000, len 1384, room 16 
tail 8
chksum 0x2d
csum 0x2d
v8b899c12
~ld


6.01
 0h00:06.054 2022/11/29T02:07:35z: DS3231
 0h00:06.070 2022/11/29T02:07:35z: BME280 (0x76)
 0h00:06.084 2022/11/29T02:07:35z: 84:f3:eb:7d:7:a8
 0h00:06.086 2022/11/29T02:07:35z: SSID: MU Open
 0h00:06.091 2022/11/29T02:07:35z: AP_STAR tmr
 ets Jan  8 2013,rst cause:4, boot mode:(3,7)

wdt reset
load 0x4010f000, len 1384, room 16 
tail 8
chksum 0x2d
csum 0x2d
v8b899c12
~ld


6.01
 0h00:06.082 2022/11/29T02:27:43z: DS3231
 0h00:06.097 2022/11/29T02:27:43z: BME280 (0x76)
 0h00:06.111 2022/11/29T02:27:43z: 84:f3:eb:7d:7:a8
 0h00:06.113 2022/11/29T02:27:43z: SSID: MU Open
 0h00:06.118 2022/11/29T02:27:43z: AP_STAR tmr
 ets Jan  8 2013,rst cause:4, boot mode:(3,7)

wdt reset
load 0x4010f000, len 1384, room 16 
tail 8
chksum 0x2d
csum 0x2d
v8b899c12
~ld


6.01
 0h00:06.029 2022/11/29T02:47:50z: DS3231
 0h00:06.044 2022/11/29T02:47:50z: BME280 (0x76)
 0h00:06.058 2022/11/29T02:47:50z: 84:f3:eb:7d:7:a8
 0h00:06.060 2022/11/29T02:47:50z: SSID: MU Open
 0h00:06.065 2022/11/29T02:47:50z: AP_STAR tmr
 ets Jan  8 2013,rst cause:4, boot mode:(3,7)

wdt reset
load 0x4010f000, len 1384, room 16 
tail 8
chksum 0x2d
csum 0x2d
v8b899c12
~ld


6.01
 0h00:05.989 2022/11/29T03:07:58z: DS3231
 0h00:06.004 2022/11/29T03:07:58z: BME280 (0x76)
 0h00:06.018 2022/11/29T03:07:58z: 84:f3:eb:7d:7:a8
 0h00:06.020 2022/11/29T03:07:58z: SSID: MU Open
 0h00:06.025 2022/11/29T03:07:58z: AP_STAR tmr
 ets Jan  8 2013,rst cause:4, boot mode:(3,7)

wdt reset
load 0x4010f000, len 1384, room 16 
tail 8
chksum 0x2d
csum 0x2d
v8b899c12
~ld


6.01
 0h00:06.099 2022/11/29T03:28:06z: DS3231
 0h00:06.115 2022/11/29T03:28:06z: BME280 (0x76)
 0h00:06.129 2022/11/29T03:28:06z: 84:f3:eb:7d:7:a8
 0h00:06.131 2022/11/29T03:28:06z: SSID: MU Open
 0h00:06.136 2022/11/29T03:28:06z: AP_STAR tmr
 ets Jan  8 2013,rst cause:4, boot mode:(3,7)

wdt reset
load 0x4010f000, len 1384, room 16 
tail 8
chksum 0x2d
csum 0x2d
v8b899c12
~ld


6.01
 0h00:06.025 2022/11/29T03:48:13z: DS3231
 0h00:06.040 2022/11/29T03:48:13z: BME280 (0x76)
 0h00:06.055 2022/11/29T03:48:13z: 84:f3:eb:7d:7:a8
 0h00:06.056 2022/11/29T03:48:13z: SSID: MU Open
 0h00:06.061 2022/11/29T03:48:13z: AP_STAR tmr
 ets Jan  8 2013,rst cause:4, boot mode:(3,7)

wdt reset
load 0x4010f000, len 1384, room 16 
tail 8
chksum 0x2d
csum 0x2d
v8b899c12
~ld


6.01
 0h00:06.107 2022/11/29T04:08:19z: DS3231
 0h00:06.122 2022/11/29T04:08:19z: BME280 (0x76)
 0h00:06.136 2022/11/29T04:08:19z: 84:f3:eb:7d:7:a8
 0h00:06.138 2022/11/29T04:08:19z: SSID: MU Open
 0h00:06.143 2022/11/29T04:08:19z: AP_STAR tmr
 ets Jan  8 2013,rst cause:4, boot mode:(3,7)

wdt reset
load 0x4010f000, len 1384, room 16 
tail 8
chksum 0x2d
csum 0x2d
v8b899c12
~ld


6.01
 0h00:05.972 2022/11/29T04:28:27z: DS3231
 0h00:05.987 2022/11/29T04:28:27z: BME280 (0x76)
 0h00:06.001 2022/11/29T04:28:27z: 84:f3:eb:7d:7:a8
 0h00:06.003 2022/11/29T04:28:27z: SSID: MU Open
 0h00:06.008 2022/11/29T04:28:27z: AP_STAR tmr
 ets Jan  8 2013,rst cause:4, boot mode:(3,7)

wdt reset
load 0x4010f000, len 1384, room 16 
tail 8
chksum 0x2d
csum 0x2d
v8b899c12
~ld


6.01
 0h00:05.959 2022/11/29T04:48:35z: DS3231
 0h00:05.974 2022/11/29T04:48:35z: BME280 (0x76)
 0h00:05.989 2022/11/29T04:48:35z: 84:f3:eb:7d:7:a8
 0h00:05.990 2022/11/29T04:48:35z: SSID: MU Open
 0h00:05.995 2022/11/29T04:48:35z: AP_STAR tmr
 ets Jan  8 2013,rst cause:4, boot mode:(3,7)

wdt reset
load 0x4010f000, len 1384, room 16 
tail 8
chksum 0x2d
csum 0x2d
v8b899c12
~ld


6.01
 0h00:05.828 2022/11/29T05:08:43z: DS3231
 0h00:05.843 2022/11/29T05:08:43z: BME280 (0x76)
 0h00:05.857 2022/11/29T05:08:43z: 84:f3:eb:7d:7:a8
 0h00:05.859 2022/11/29T05:08:43z: SSID: MU Open
 0h00:05.864 2022/11/29T05:08:43z: AP_STAR tmr
 ets Jan  8 2013,rst cause:4, boot mode:(3,7)

wdt reset
load 0x4010f000, len 1384, room 16 
tail 8
chksum 0x2d
csum 0x2d
v8b899c12
~ld


6.01
 0h00:05.625 2022/11/29T05:28:49z: DS3231
 0h00:05.640 2022/11/29T05:28:49z: BME280 (0x76)
 0h00:05.654 2022/11/29T05:28:49z: 84:f3:eb:7d:7:a8
 0h00:05.656 2022/11/29T05:28:49z: SSID: MU Open
 0h00:05.661 2022/11/29T05:28:50z: AP_STAR tmr
 ets Jan  8 2013,rst cause:4, boot mode:(3,7)

wdt reset
load 0x4010f000, len 1384, room 16 
tail 8
chksum 0x2d
csum 0x2d
v8b899c12
~ld


6.01
 0h00:05.561 2022/11/29T05:48:56z: DS3231
 0h00:05.577 2022/11/29T05:48:56z: BME280 (0x76)
 0h00:05.591 2022/11/29T05:48:56z: 84:f3:eb:7d:7:a8
 0h00:05.592 2022/11/29T05:48:56z: SSID: MU Open
 0h00:05.598 2022/11/29T05:48:56z: AP_STAR tmr
 ets Jan  8 2013,rst cause:4, boot mode:(3,7)

wdt reset
load 0x4010f000, len 1384, room 16 
tail 8
chksum 0x2d
csum 0x2d
v8b899c12
~ld


6.01
 0h00:05.758 2022/11/29T06:09:03z: DS3231
 0h00:05.774 2022/11/29T06:09:03z: BME280 (0x76)
 0h00:05.788 2022/11/29T06:09:03z: 84:f3:eb:7d:7:a8
 0h00:05.789 2022/11/29T06:09:03z: SSID: MU Open
 0h00:05.795 2022/11/29T06:09:03z: AP_STAR tmr
 ets Jan  8 2013,rst cause:4, boot mode:(3,7)

wdt reset
load 0x4010f000, len 1384, room 16 
tail 8
chksum 0x2d
csum 0x2d
v8b899c12
~ld


6.01
 0h00:05.676 2022/11/29T06:29:10z: DS3231
 0h00:05.691 2022/11/29T06:29:10z: BME280 (0x76)
 0h00:05.705 2022/11/29T06:29:10z: 84:f3:eb:7d:7:a8
 0h00:05.707 2022/11/29T06:29:10z: SSID: MU Open
 0h00:05.712 2022/11/29T06:29:10z: AP_STAR tmr
 ets Jan  8 2013,rst cause:4, boot mode:(3,7)

wdt reset
load 0x4010f000, len 1384, room 16 
tail 8
chksum 0x2d
csum 0x2d
v8b899c12
~ld


6.01
 0h00:05.507 2022/11/29T06:49:15z: DS3231
 0h00:05.522 2022/11/29T06:49:15z: BME280 (0x76)
 0h00:05.537 2022/11/29T06:49:15z: 84:f3:eb:7d:7:a8
 0h00:05.539 2022/11/29T06:49:15z: SSID: MU Open
 0h00:05.544 2022/11/29T06:49:15z: AP_STAR tmr
 ets Jan  8 2013,rst cause:4, boot mode:(3,7)

wdt reset
load 0x4010f000, len 1384, room 16 
tail 8
chksum 0x2d
csum 0x2d
v8b899c12
~ld


6.01
 0h00:05.724 2022/11/29T07:09:22z: DS3231
 0h00:05.739 2022/11/29T07:09:22z: BME280 (0x76)
 0h00:05.754 2022/11/29T07:09:22z: 84:f3:eb:7d:7:a8
 0h00:05.755 2022/11/29T07:09:22z: SSID: MU Open
 0h00:05.760 2022/11/29T07:09:22z: AP_STAR tmr
 ets Jan  8 2013,rst cause:4, boot mode:(3,7)

wdt reset
load 0x4010f000, len 1384, room 16 
tail 8
chksum 0x2d
csum 0x2d
v8b899c12
~ld


6.01
 0h00:05.736 2022/11/29T07:29:29z: DS3231
 0h00:05.751 2022/11/29T07:29:29z: BME280 (0x76)
 0h00:05.766 2022/11/29T07:29:29z: 84:f3:eb:7d:7:a8
 0h00:05.767 2022/11/29T07:29:29z: SSID: MU Open
 0h00:05.772 2022/11/29T07:29:29z: AP_STAR tmr
 ets Jan  8 2013,rst cause:4, boot mode:(3,7)

wdt reset
load 0x4010f000, len 1384, room 16 
tail 8
chksum 0x2d
csum 0x2d
v8b899c12
~ld


6.01
 0h00:05.504 2022/11/29T07:49:35z: DS3231
 0h00:05.520 2022/11/29T07:49:35z: BME280 (0x76)
 0h00:05.534 2022/11/29T07:49:35z: 84:f3:eb:7d:7:a8
 0h00:05.536 2022/11/29T07:49:35z: SSID: MU Open
 0h00:05.541 2022/11/29T07:49:35z: AP_STAR tmr
 ets Jan  8 2013,rst cause:4, boot mode:(3,7)

wdt reset
load 0x4010f000, len 1384, room 16 
tail 8
chksum 0x2d
csum 0x2d
v8b899c12
~ld


6.01
 0h00:05.887 2022/11/29T08:09:42z: DS3231
 0h00:05.903 2022/11/29T08:09:42z: BME280 (0x76)
 0h00:05.917 2022/11/29T08:09:42z: 84:f3:eb:7d:7:a8
 0h00:05.919 2022/11/29T08:09:42z: SSID: MU Open
 0h00:05.924 2022/11/29T08:09:42z: AP_STAR tmr
 ets Jan  8 2013,rst cause:4, boot mode:(3,7)

wdt reset
load 0x4010f000, len 1384, room 16 
tail 8
chksum 0x2d
csum 0x2d
v8b899c12
~ld


6.01
 0h00:05.380 2022/11/29T08:29:50z: DS3231
 0h00:05.396 2022/11/29T08:29:50z: BME280 (0x76)
 0h00:05.410 2022/11/29T08:29:50z: 84:f3:eb:7d:7:a8
 0h00:05.412 2022/11/29T08:29:50z: SSID: MU Open
 0h00:05.417 2022/11/29T08:29:50z: AP_STAR tmr
 ets Jan  8 2013,rst cause:4, boot mode:(3,7)

wdt reset
load 0x4010f000, len 1384, room 16 
tail 8
chksum 0x2d
csum 0x2d
v8b899c12
~ld


6.01
 0h00:05.823 2022/11/29T08:49:57z: DS3231
 0h00:05.838 2022/11/29T08:49:57z: BME280 (0x76)
 0h00:05.852 2022/11/29T08:49:57z: 84:f3:eb:7d:7:a8
 0h00:05.854 2022/11/29T08:49:57z: SSID: MU Open
 0h00:05.859 2022/11/29T08:49:57z: AP_STAR tmr
 ets Jan  8 2013,rst cause:4, boot mode:(3,7)

wdt reset
load 0x4010f000, len 1384, room 16 
tail 8
chksum 0x2d
csum 0x2d
v8b899c12
~ld


6.01
 0h00:05.982 2022/11/29T09:10:04z: DS3231
 0h00:05.997 2022/11/29T09:10:04z: BME280 (0x76)
 0h00:06.011 2022/11/29T09:10:04z: 84:f3:eb:7d:7:a8
 0h00:06.013 2022/11/29T09:10:04z: SSID: MU Open
 0h00:06.018 2022/11/29T09:10:04z: AP_STAR tmr
 ets Jan  8 2013,rst cause:4, boot mode:(3,7)

wdt reset
load 0x4010f000, len 1384, room 16 
tail 8
chksum 0x2d
csum 0x2d
v8b899c12
~ld


6.01
 0h00:05.920 2022/11/29T09:30:11z: DS3231
 0h00:05.936 2022/11/29T09:30:11z: BME280 (0x76)
 0h00:05.950 2022/11/29T09:30:11z: 84:f3:eb:7d:7:a8
 0h00:05.952 2022/11/29T09:30:11z: SSID: MU Open
 0h00:05.957 2022/11/29T09:30:11z: AP_STAR tmr
 ets Jan  8 2013,rst cause:4, boot mode:(3,7)

wdt reset
load 0x4010f000, len 1384, room 16 
tail 8
chksum 0x2d
csum 0x2d
v8b899c12
~ld


6.01
 0h00:05.813 2022/11/29T09:50:18z: DS3231
 0h00:05.828 2022/11/29T09:50:18z: BME280 (0x76)
 0h00:05.843 2022/11/29T09:50:18z: 84:f3:eb:7d:7:a8
 0h00:05.844 2022/11/29T09:50:18z: SSID: MU Open
 0h00:05.849 2022/11/29T09:50:18z: AP_STAR tmr
 ets Jan  8 2013,rst cause:4, boot mode:(3,7)

wdt reset
load 0x4010f000, len 1384, room 16 
tail 8
chksum 0x2d
csum 0x2d
v8b899c12
~ld


6.01
 0h00:05.284 2022/11/29T10:10:23z: DS3231
 0h00:05.299 2022/11/29T10:10:23z: BME280 (0x76)
 0h00:05.313 2022/11/29T10:10:24z: 84:f3:eb:7d:7:a8
 0h00:05.315 2022/11/29T10:10:24z: SSID: MU Open
 0h00:05.320 2022/11/29T10:10:24z: AP_STAR tmr
 ets Jan  8 2013,rst cause:4, boot mode:(3,7)

wdt reset
load 0x4010f000, len 1384, room 16 
tail 8
chksum 0x2d
csum 0x2d
v8b899c12
~ld


6.01
 0h00:05.990 2022/11/29T10:30:31z: DS3231
 0h00:06.005 2022/11/29T10:30:31z: BME280 (0x76)
 0h00:06.019 2022/11/29T10:30:31z: 84:f3:eb:7d:7:a8
 0h00:06.021 2022/11/29T10:30:31z: SSID: MU Open
 0h00:06.026 2022/11/29T10:30:31z: AP_STAR tmr
 ets Jan  8 2013,rst cause:4, boot mode:(3,7)

wdt reset
load 0x4010f000, len 1384, room 16 
tail 8
chksum 0x2d
csum 0x2d
v8b899c12
~ld


6.01
 0h00:06.009 2022/11/29T10:50:38z: DS3231
 0h00:06.024 2022/11/29T10:50:38z: BME280 (0x76)
 0h00:06.039 2022/11/29T10:50:38z: 84:f3:eb:7d:7:a8
 0h00:06.040 2022/11/29T10:50:38z: SSID: MU Open
 0h00:06.045 2022/11/29T10:50:38z: AP_STAR tmr
 ets Jan  8 2013,rst cause:4, boot mode:(3,7)

wdt reset
load 0x4010f000, len 1384, room 16 
tail 8
chksum 0x2d
csum 0x2d
v8b899c12
~ld


6.01
 0h00:05.833 2022/11/29T11:10:45z: DS3231
 0h00:05.849 2022/11/29T11:10:45z: BME280 (0x76)
 0h00:05.863 2022/11/29T11:10:45z: 84:f3:eb:7d:7:a8
 0h00:05.865 2022/11/29T11:10:45z: SSID: MU Open
 0h00:05.870 2022/11/29T11:10:45z: AP_STAR tmr
 ets Jan  8 2013,rst cause:4, boot mode:(3,7)

wdt reset
load 0x4010f000, len 1384, room 16 
tail 8
chksum 0x2d
csum 0x2d
v8b899c12
~ld


6.01
 0h00:05.666 2022/11/29T11:30:52z: DS3231
 0h00:05.682 2022/11/29T11:30:52z: BME280 (0x76)
 0h00:05.696 2022/11/29T11:30:52z: 84:f3:eb:7d:7:a8
 0h00:05.698 2022/11/29T11:30:52z: SSID: MU Open
 0h00:05.703 2022/11/29T11:30:52z: AP_STAR tmr
 ets Jan  8 2013,rst cause:4, boot mode:(3,7)

wdt reset
load 0x4010f000, len 1384, room 16 
tail 8
chksum 0x2d
csum 0x2d
v8b899c12
~ld


6.01
 0h00:05.930 2022/11/29T11:50:59z: DS3231
 0h00:05.945 2022/11/29T11:50:59z: BME280 (0x76)
 0h00:05.959 2022/11/29T11:50:59z: 84:f3:eb:7d:7:a8
 0h00:05.961 2022/11/29T11:50:59z: SSID: MU Open
 0h00:05.966 2022/11/29T11:50:59z: AP_STAR tmr
 ets Jan  8 2013,rst cause:4, boot mode:(3,7)

wdt reset
load 0x4010f000, len 1384, room 16 
tail 8
chksum 0x2d
csum 0x2d
v8b899c12
~ld


6.01
 0h00:05.937 2022/11/29T12:11:06z: DS3231
 0h00:05.952 2022/11/29T12:11:06z: BME280 (0x76)
 0h00:05.966 2022/11/29T12:11:06z: 84:f3:eb:7d:7:a8
 0h00:05.968 2022/11/29T12:11:06z: SSID: MU Open
 0h00:05.973 2022/11/29T12:11:06z: AP_STAR tmr
 ets Jan  8 2013,rst cause:4, boot mode:(3,7)

wdt reset
load 0x4010f000, len 1384, room 16 
tail 8
chksum 0x2d
csum 0x2d
v8b899c12
~ld


6.01
 0h00:05.906 2022/11/29T12:31:14z: DS3231
 0h00:05.921 2022/11/29T12:31:14z: BME280 (0x76)
 0h00:05.935 2022/11/29T12:31:14z: 84:f3:eb:7d:7:a8
 0h00:05.937 2022/11/29T12:31:14z: SSID: MU Open
 0h00:05.942 2022/11/29T12:31:14z: AP_STAR tmr
 ets Jan  8 2013,rst cause:4, boot mode:(3,7)

wdt reset
load 0x4010f000, len 1384, room 16 
tail 8
chksum 0x2d
csum 0x2d
v8b899c12
~ld


6.01
 0h00:05.820 2022/11/29T12:51:20z: DS3231
 0h00:05.835 2022/11/29T12:51:20z: BME280 (0x76)
 0h00:05.849 2022/11/29T12:51:20z: 84:f3:eb:7d:7:a8
 0h00:05.851 2022/11/29T12:51:20z: SSID: MU Open
 0h00:05.856 2022/11/29T12:51:20z: AP_STAR tmr
 ets Jan  8 2013,rst cause:4, boot mode:(3,7)

wdt reset
load 0x4010f000, len 1384, room 16 
tail 8
chksum 0x2d
csum 0x2d
v8b899c12
~ld


6.01
 0h00:05.428 2022/11/29T13:11:26z: DS3231
 0h00:05.443 2022/11/29T13:11:26z: BME280 (0x76)
 0h00:05.457 2022/11/29T13:11:26z: 84:f3:eb:7d:7:a8
 0h00:05.459 2022/11/29T13:11:26z: SSID: MU Open
 0h00:05.464 2022/11/29T13:11:26z: AP_STAR tmr
 ets Jan  8 2013,rst cause:4, boot mode:(3,7)

wdt reset
load 0x4010f000, len 1384, room 16 
tail 8
chksum 0x2d
csum 0x2d
v8b899c12
~ld


6.01
 0h00:05.442 2022/11/29T13:31:32z: DS3231
 0h00:05.457 2022/11/29T13:31:32z: BME280 (0x76)
 0h00:05.471 2022/11/29T13:31:32z: 84:f3:eb:7d:7:a8
 0h00:05.473 2022/11/29T13:31:32z: SSID: MU Open
 0h00:05.478 2022/11/29T13:31:32z: AP_STAR tmr
 ets Jan  8 2013,rst cause:4, boot mode:(3,7)

wdt reset
load 0x4010f000, len 1384, room 16 
tail 8
chksum 0x2d
csum 0x2d
v8b899c12
~ld


6.01
 0h00:05.315 2022/11/29T13:51:39z: DS3231
 0h00:05.330 2022/11/29T13:51:39z: BME280 (0x76)
 0h00:05.345 2022/11/29T13:51:39z: 84:f3:eb:7d:7:a8
 0h00:05.346 2022/11/29T13:51:39z: SSID: MU Open
 0h00:05.351 2022/11/29T13:51:39z: AP_STAR tmr
 ets Jan  8 2013,rst cause:4, boot mode:(3,7)

wdt reset
load 0x4010f000, len 1384, room 16 
tail 8
chksum 0x2d
csum 0x2d
v8b899c12
~ld


6.01
 0h00:05.763 2022/11/29T14:11:45z: DS3231
 0h00:05.778 2022/11/29T14:11:45z: BME280 (0x76)
 0h00:05.792 2022/11/29T14:11:45z: 84:f3:eb:7d:7:a8
 0h00:05.794 2022/11/29T14:11:45z: SSID: MU Open
 0h00:05.799 2022/11/29T14:11:45z: AP_STAR tmr
 ets Jan  8 2013,rst cause:4, boot mode:(3,7)

wdt reset
load 0x4010f000, len 1384, room 16 
tail 8
chksum 0x2d
csum 0x2d
v8b899c12
~ld


6.01
 0h00:05.742 2022/11/29T14:31:52z: DS3231
 0h00:05.758 2022/11/29T14:31:52z: BME280 (0x76)
 0h00:05.772 2022/11/29T14:31:52z: 84:f3:eb:7d:7:a8
 0h00:05.774 2022/11/29T14:31:52z: SSID: MU Open
 0h00:05.779 2022/11/29T14:31:52z: AP_STAR tmr
 ets Jan  8 2013,rst cause:4, boot mode:(3,7)

wdt reset
load 0x4010f000, len 1384, room 16 
tail 8
chksum 0x2d
csum 0x2d
v8b899c12
~ld


6.01
 0h00:05.538 2022/11/29T14:51:57z: DS3231
 0h00:05.554 2022/11/29T14:51:57z: BME280 (0x76)
 0h00:05.568 2022/11/29T14:51:57z: 84:f3:eb:7d:7:a8
 0h00:05.569 2022/11/29T14:51:57z: SSID: MU Open
 0h00:05.575 2022/11/29T14:51:57z: AP_STAR tmr
 ets Jan  8 2013,rst cause:4, boot mode:(3,7)

wdt reset
load 0x4010f000, len 1384, room 16 
tail 8
chksum 0x2d
csum 0x2d
v8b899c12
~ld


6.01
 0h00:05.514 2022/11/29T15:12:04z: DS3231
 0h00:05.529 2022/11/29T15:12:04z: BME280 (0x76)
 0h00:05.543 2022/11/29T15:12:04z: 84:f3:eb:7d:7:a8
 0h00:05.545 2022/11/29T15:12:04z: SSID: MU Open
 0h00:05.550 2022/11/29T15:12:04z: AP_STAR tmr
 ets Jan  8 2013,rst cause:4, boot mode:(3,7)

wdt reset
load 0x4010f000, len 1384, room 16 
tail 8
chksum 0x2d
csum 0x2d
v8b899c12
~ld


6.01
 0h00:05.743 2022/11/29T15:32:10z: DS3231
 0h00:05.758 2022/11/29T15:32:10z: BME280 (0x76)
 0h00:05.772 2022/11/29T15:32:10z: 84:f3:eb:7d:7:a8
 0h00:05.774 2022/11/29T15:32:10z: SSID: MU Open
 0h00:05.779 2022/11/29T15:32:10z: AP_STAR tmr
 ets Jan  8 2013,rst cause:4, boot mode:(3,7)

wdt reset
load 0x4010f000, len 1384, room 16 
tail 8
chksum 0x2d
csum 0x2d
v8b899c12
~ld


6.01
 0h00:05.578 2022/11/29T15:52:16z: DS3231
 0h00:05.593 2022/11/29T15:52:16z: BME280 (0x76)
 0h00:05.608 2022/11/29T15:52:16z: 84:f3:eb:7d:7:a8
 0h00:05.609 2022/11/29T15:52:16z: SSID: MU Open
 0h00:05.614 2022/11/29T15:52:16z: AP_STAR tmr
 ets Jan  8 2013,rst cause:4, boot mode:(3,7)

wdt reset
load 0x4010f000, len 1384, room 16 
tail 8
chksum 0x2d
csum 0x2d
v8b899c12
~ld


6.01
 0h00:05.768 2022/11/29T16:12:22z: DS3231
 0h00:05.783 2022/11/29T16:12:22z: BME280 (0x76)
 0h00:05.797 2022/11/29T16:12:22z: 84:f3:eb:7d:7:a8
 0h00:05.799 2022/11/29T16:12:22z: SSID: MU Open
 0h00:05.804 2022/11/29T16:12:22z: AP_STAR tmr
 ets Jan  8 2013,rst cause:4, boot mode:(3,7)

wdt reset
load 0x4010f000, len 1384, room 16 
tail 8
chksum 0x2d
csum 0x2d
v8b899c12
~ld


6.01
 0h00:05.945 2022/11/29T16:32:29z: DS3231
 0h00:05.960 2022/11/29T16:32:29z: BME280 (0x76)
 0h00:05.974 2022/11/29T16:32:29z: 84:f3:eb:7d:7:a8
 0h00:05.976 2022/11/29T16:32:29z: SSID: MU Open
 0h00:05.981 2022/11/29T16:32:29z: AP_STAR tmr
 ets Jan  8 2013,rst cause:4, boot mode:(3,7)

wdt reset
load 0x4010f000, len 1384, room 16 
tail 8
chksum 0x2d
csum 0x2d
v8b899c12
~ld


6.01
 0h00:05.775 2022/11/29T16:52:36z: DS3231
 0h00:05.790 2022/11/29T16:52:36z: BME280 (0x76)
 0h00:05.805 2022/11/29T16:52:36z: 84:f3:eb:7d:7:a8
 0h00:05.806 2022/11/29T16:52:36z: SSID: MU Open
 0h00:05.811 2022/11/29T16:52:36z: AP_STAR tmr
 ets Jan  8 2013,rst cause:4, boot mode:(3,7)

wdt reset
load 0x4010f000, len 1384, room 16 
tail 8
chksum 0x2d
csum 0x2d
v8b899c12
~ld


6.01
 0h00:05.636 2022/11/29T17:12:42z: DS3231
 0h00:05.651 2022/11/29T17:12:42z: BME280 (0x76)
 0h00:05.665 2022/11/29T17:12:42z: 84:f3:eb:7d:7:a8
 0h00:05.667 2022/11/29T17:12:42z: SSID: MU Open
 0h00:05.672 2022/11/29T17:12:42z: AP_STAR tmr
 ets Jan  8 2013,rst cause:4, boot mode:(3,7)

wdt reset
load 0x4010f000, len 1384, room 16 
tail 8
chksum 0x2d
csum 0x2d
v8b899c12
~ld


6.01
 0h00:05.756 2022/11/29T17:32:49z: DS3231
 0h00:05.771 2022/11/29T17:32:49z: BME280 (0x76)
 0h00:05.785 2022/11/29T17:32:49z: 84:f3:eb:7d:7:a8
 0h00:05.787 2022/11/29T17:32:49z: SSID: MU Open
 0h00:05.792 2022/11/29T17:32:49z: AP_STAR tmr
 ets Jan  8 2013,rst cause:4, boot mode:(3,7)

wdt reset
load 0x4010f000, len 1384, room 16 
tail 8
chksum 0x2d
csum 0x2d
v8b899c12
~ld


6.01
 0h00:05.879 2022/11/29T17:52:56z: DS3231
 0h00:05.894 2022/11/29T17:52:56z: BME280 (0x76)
 0h00:05.909 2022/11/29T17:52:56z: 84:f3:eb:7d:7:a8
 0h00:05.910 2022/11/29T17:52:56z: SSID: MU Open
 0h00:05.916 2022/11/29T17:52:56z: AP_STAR tmr
 ets Jan  8 2013,rst cause:4, boot mode:(3,7)

wdt reset
load 0x4010f000, len 1384, room 16 
tail 8
chksum 0x2d
csum 0x2d
v8b899c12
~ld


6.01
 0h00:05.702 2022/11/29T18:13:02z: DS3231
 0h00:05.717 2022/11/29T18:13:02z: BME280 (0x76)
 0h00:05.731 2022/11/29T18:13:02z: 84:f3:eb:7d:7:a8
 0h00:05.733 2022/11/29T18:13:02z: SSID: MU Open
 0h00:05.738 2022/11/29T18:13:02z: AP_STAR tmr
 ets Jan  8 2013,rst cause:4, boot mode:(3,7)

wdt reset
load 0x4010f000, len 1384, room 16 
tail 8
chksum 0x2d
csum 0x2d
v8b899c12
~ld


6.01
 0h00:05.764 2022/11/29T18:33:09z: DS3231
 0h00:05.779 2022/11/29T18:33:09z: BME280 (0x76)
 0h00:05.794 2022/11/29T18:33:09z: 84:f3:eb:7d:7:a8
 0h00:05.795 2022/11/29T18:33:09z: SSID: MU Open
 0h00:05.801 2022/11/29T18:33:09z: AP_STAR tmr
 ets Jan  8 2013,rst cause:4, boot mode:(3,7)

wdt reset
load 0x4010f000, len 1384, room 16 
tail 8
chksum 0x2d
csum 0x2d
v8b899c12
~ld


6.01
 0h00:05.649 2022/11/29T18:53:15z: DS3231
 0h00:05.665 2022/11/29T18:53:15z: BME280 (0x76)
 0h00:05.679 2022/11/29T18:53:15z: 84:f3:eb:7d:7:a8
 0h00:05.681 2022/11/29T18:53:15z: SSID: MU Open
 0h00:05.686 2022/11/29T18:53:15z: AP_STAR tmr
 ets Jan  8 2013,rst cause:4, boot mode:(3,7)

wdt reset
load 0x4010f000, len 1384, room 16 
tail 8
chksum 0x2d
csum 0x2d
v8b899c12
~ld


6.01
 0h00:05.380 2022/11/29T19:13:22z: DS3231
 0h00:05.395 2022/11/29T19:13:22z: BME280 (0x76)
 0h00:05.409 2022/11/29T19:13:22z: 84:f3:eb:7d:7:a8
 0h00:05.411 2022/11/29T19:13:22z: SSID: MU Open
 0h00:05.416 2022/11/29T19:13:22z: AP_STAR tmr
 ets Jan  8 2013,rst cause:4, boot mode:(3,7)

wdt reset
load 0x4010f000, len 1384, room 16 
tail 8
chksum 0x2d
csum 0x2d
v8b899c12
~ld


6.01
 0h00:05.938 2022/11/29T19:33:29z: DS3231
 0h00:05.954 2022/11/29T19:33:29z: BME280 (0x76)
 0h00:05.968 2022/11/29T19:33:29z: 84:f3:eb:7d:7:a8
 0h00:05.970 2022/11/29T19:33:29z: SSID: MU Open
 0h00:05.975 2022/11/29T19:33:29z: AP_STAR tmr
 ets Jan  8 2013,rst cause:4, boot mode:(3,7)

wdt reset
load 0x4010f000, len 1384, room 16 
tail 8
chksum 0x2d
csum 0x2d
v8b899c12
~ld


6.01
 0h00:05.811 2022/11/29T19:53:35z: DS3231
 0h00:05.826 2022/11/29T19:53:35z: BME280 (0x76)
 0h00:05.840 2022/11/29T19:53:35z: 84:f3:eb:7d:7:a8
 0h00:05.842 2022/11/29T19:53:35z: SSID: MU Open
 0h00:05.847 2022/11/29T19:53:35z: AP_STAR tmr
 ets Jan  8 2013,rst cause:4, boot mode:(3,7)

wdt reset
load 0x4010f000, len 1384, room 16 
tail 8
chksum 0x2d
csum 0x2d
v8b899c12
~ld


6.01
 0h00:05.698 2022/11/29T20:13:42z: DS3231
 0h00:05.714 2022/11/29T20:13:42z: BME280 (0x76)
 0h00:05.728 2022/11/29T20:13:42z: 84:f3:eb:7d:7:a8
 0h00:05.730 2022/11/29T20:13:42z: SSID: MU Open
 0h00:05.735 2022/11/29T20:13:42z: AP_STAR tmr
 ets Jan  8 2013,rst cause:4, boot mode:(3,7)

wdt reset
load 0x4010f000, len 1384, room 16 
tail 8
chksum 0x2d
csum 0x2d
v8b899c12
~ld


6.01
 0h00:06.124 2022/11/29T20:33:49z: DS3231
 0h00:06.139 2022/11/29T20:33:49z: BME280 (0x76)
 0h00:06.153 2022/11/29T20:33:49z: 84:f3:eb:7d:7:a8
 0h00:06.155 2022/11/29T20:33:49z: SSID: MU Open
 0h00:06.160 2022/11/29T20:33:49z: AP_STAR tmr
 ets Jan  8 2013,rst cause:4, boot mode:(3,7)

wdt reset
load 0x4010f000, len 1384, room 16 
tail 8
chksum 0x2d
csum 0x2d
v8b899c12
~ld


6.01
 0h00:05.894 2022/11/29T20:53:56z: DS3231
 0h00:05.909 2022/11/29T20:53:56z: BME280 (0x76)
 0h00:05.924 2022/11/29T20:53:56z: 84:f3:eb:7d:7:a8
 0h00:05.925 2022/11/29T20:53:56z: SSID: MU Open
 0h00:05.930 2022/11/29T20:53:56z: AP_STAR tmr
 ets Jan  8 2013,rst cause:4, boot mode:(3,7)

wdt reset
load 0x4010f000, len 1384, room 16 
tail 8
chksum 0x2d
csum 0x2d
v8b899c12
~ld


6.01
 0h00:05.627 2022/11/29T21:14:03z: DS3231
 0h00:05.642 2022/11/29T21:14:03z: BME280 (0x76)
 0h00:05.656 2022/11/29T21:14:03z: 84:f3:eb:7d:7:a8
 0h00:05.658 2022/11/29T21:14:03z: SSID: MU Open
 0h00:05.663 2022/11/29T21:14:03z: AP_STAR tmr
 ets Jan  8 2013,rst cause:4, boot mode:(3,7)

wdt reset
load 0x4010f000, len 1384, room 16 
tail 8
chksum 0x2d
csum 0x2d
v8b899c12
~ld


6.01
 0h00:06.247 2022/11/29T21:34:11z: DS3231
 0h00:06.263 2022/11/29T21:34:11z: BME280 (0x76)
 0h00:06.277 2022/11/29T21:34:11z: 84:f3:eb:7d:7:a8
 0h00:06.279 2022/11/29T21:34:11z: SSID: MU Open
 0h00:06.284 2022/11/29T21:34:11z: AP_STAR tmr
 ets Jan  8 2013,rst cause:4, boot mode:(3,7)

wdt reset
load 0x4010f000, len 1384, room 16 
tail 8
chksum 0x2d
csum 0x2d
v8b899c12
~ld


6.01
 0h00:06.014 2022/11/29T21:54:18z: DS3231
 0h00:06.029 2022/11/29T21:54:18z: BME280 (0x76)
 0h00:06.044 2022/11/29T21:54:18z: 84:f3:eb:7d:7:a8
 0h00:06.045 2022/11/29T21:54:18z: SSID: MU Open
 0h00:06.050 2022/11/29T21:54:18z: AP_STAR tmr
 ets Jan  8 2013,rst cause:4, boot mode:(3,7)

wdt reset
load 0x4010f000, len 1384, room 16 
tail 8
chksum 0x2d
csum 0x2d
v8b899c12
~ld


6.01
 0h00:05.896 2022/11/29T22:14:26z: DS3231
 0h00:05.912 2022/11/29T22:14:26z: BME280 (0x76)
 0h00:05.926 2022/11/29T22:14:26z: 84:f3:eb:7d:7:a8
 0h00:05.928 2022/11/29T22:14:26z: SSID: MU Open
 0h00:05.933 2022/11/29T22:14:26z: AP_STAR tmr
 ets Jan  8 2013,rst cause:4, boot mode:(3,7)

wdt reset
load 0x4010f000, len 1384, room 16 
tail 8
chksum 0x2d
csum 0x2d
v8b899c12
~ld


6.01
 0h00:05.895 2022/11/29T22:34:33z: DS3231
 0h00:05.911 2022/11/29T22:34:33z: BME280 (0x76)
 0h00:05.925 2022/11/29T22:34:33z: 84:f3:eb:7d:7:a8
 0h00:05.927 2022/11/29T22:34:33z: SSID: MU Open
 0h00:05.932 2022/11/29T22:34:33z: AP_STAR tmr
 ets Jan  8 2013,rst cause:4, boot mode:(3,7)

wdt reset
load 0x4010f000, len 1384, room 16 
tail 8
chksum 0x2d
csum 0x2d
v8b899c12
~ld


6.01
 0h00:05.840 2022/11/29T22:54:40z: DS3231
 0h00:05.855 2022/11/29T22:54:40z: BME280 (0x76)
 0h00:05.869 2022/11/29T22:54:40z: 84:f3:eb:7d:7:a8
 0h00:05.871 2022/11/29T22:54:40z: SSID: MU Open
 0h00:05.876 2022/11/29T22:54:40z: AP_STAR tmr
 ets Jan  8 2013,rst cause:4, boot mode:(3,7)

wdt reset
load 0x4010f000, len 1384, room 16 
tail 8
chksum 0x2d
csum 0x2d
v8b899c12
~ld


6.01
 0h00:05.726 2022/11/29T23:14:46z: DS3231
 0h00:05.741 2022/11/29T23:14:46z: BME280 (0x76)
 0h00:05.755 2022/11/29T23:14:46z: 84:f3:eb:7d:7:a8
 0h00:05.757 2022/11/29T23:14:46z: SSID: MU Open
 0h00:05.762 2022/11/29T23:14:46z: AP_STAR tmr
 ets Jan  8 2013,rst cause:4, boot mode:(3,7)

wdt reset
load 0x4010f000, len 1384, room 16 
tail 8
chksum 0x2d
csum 0x2d
v8b899c12
~ld


6.01
 0h00:05.656 2022/11/29T23:34:53z: DS3231
 0h00:05.671 2022/11/29T23:34:53z: BME280 (0x76)
 0h00:05.685 2022/11/29T23:34:53z: 84:f3:eb:7d:7:a8
 0h00:05.687 2022/11/29T23:34:53z: SSID: MU Open
 0h00:05.692 2022/11/29T23:34:53z: AP_STAR tmr
 ets Jan  8 2013,rst cause:4, boot mode:(3,7)

wdt reset
load 0x4010f000, len 1384, room 16 
tail 8
chksum 0x2d
csum 0x2d
v8b899c12
~ld


6.01
 0h00:05.812 2022/11/29T23:55:01z: DS3231
 0h00:05.827 2022/11/29T23:55:01z: BME280 (0x76)
 0h00:05.841 2022/11/29T23:55:01z: 84:f3:eb:7d:7:a8
 0h00:05.843 2022/11/29T23:55:01z: SSID: MU Open
 0h00:05.848 2022/11/29T23:55:01z: AP_STA