R tmr
 ets Jan  8 2013,rst cause:4, boot mode:(3,7)

wdt reset
load 0x4010f000, len 1384, room 16 
tail 8
chksum 0x2d
csum 0x2d
v8b899c12
~ld


6.01
 0h00:04.771 2022/03/30T00:09:46z: DS3231
 0h00:04.786 2022/03/30T00:09:46z: BME280 (0x76)
 0h00:04.800 2022/03/30T00:09:46z: 84:f3:eb:7d:7:a8
 0h00:04.802 2022/03/30T00:09:46z: SSID: MU Open
 0h00:04.807 2022/03/30T00:09:46z: AP_STAR tmr
 ets Jan  8 2013,rst cause:4, boot mode:(3,7)

wdt reset
load 0x4010f000, len 1384, room 16 
tail 8
chksum 0x2d
csum 0x2d
v8b899c12
~ld


6.01
 0h00:04.421 2022/03/30T00:29:48z: DS3231
 0h00:04.436 2022/03/30T00:29:48z: BME280 (0x76)
 0h00:04.450 2022/03/30T00:29:48z: 84:f3:eb:7d:7:a8
 0h00:04.452 2022/03/30T00:29:48z: SSID: MU Open
 0h00:04.457 2022/03/30T00:29:48z: AP_STAR tmr
 ets Jan  8 2013,rst cause:4, boot mode:(3,7)

wdt reset
load 0x4010f000, len 1384, room 16 
tail 8
chksum 0x2d
csum 0x2d
v8b899c12
~ld


6.01
 0h00:04.754 2022/03/30T00:49:50z: DS3231
 0h00:04.769 2022/03/30T00:49:50z: BME280 (0x76)
 0h00:04.784 2022/03/30T00:49:50z: 84:f3:eb:7d:7:a8
 0h00:04.785 2022/03/30T00:49:50z: SSID: MU Open
 0h00:04.790 2022/03/30T00:49:50z: AP_STAR tmr
 ets Jan  8 2013,rst cause:4, boot mode:(3,7)

wdt reset
load 0x4010f000, len 1384, room 16 
tail 8
chksum 0x2d
csum 0x2d
v8b899c12
~ld


6.01
 0h00:04.724 2022/03/30T01:09:52z: DS3231
 0h00:04.739 2022/03/30T01:09:52z: BME280 (0x76)
 0h00:04.753 2022/03/30T01:09:52z: 84:f3:eb:7d:7:a8
 0h00:04.755 2022/03/30T01:09:52z: SSID: MU Open
 0h00:04.760 2022/03/30T01:09:52z: AP_STAR tmr
 ets Jan  8 2013,rst cause:4, boot mode:(3,7)

wdt reset
load 0x4010f000, len 1384, room 16 
tail 8
chksum 0x2d
csum 0x2d
v8b899c12
~ld


6.01
 0h00:04.608 2022/03/30T01:29:53z: DS3231
 0h00:04.623 2022/03/30T01:29:53z: BME280 (0x76)
 0h00:04.637 2022/03/30T01:29:53z: 84:f3:eb:7d:7:a8
 0h00:04.639 2022/03/30T01:29:53z: SSID: MU Open
 0h00:04.644 2022/03/30T01:29:53z: AP_STAR tmr
 ets Jan  8 2013,rst cause:4, boot mode:(3,7)

wdt reset
load 0x4010f000, len 1384, room 16 
tail 8
chksum 0x2d
csum 0x2d
v8b899c12
~ld


6.01
 0h00:04.767 2022/03/30T01:49:55z: DS3231
 0h00:04.783 2022/03/30T01:49:55z: BME280 (0x76)
 0h00:04.797 2022/03/30T01:49:55z: 84:f3:eb:7d:7:a8
 0h00:04.799 2022/03/30T01:49:55z: SSID: MU Open
 0h00:04.804 2022/03/30T01:49:55z: AP_STAR tmr
 ets Jan  8 2013,rst cause:4, boot mode:(3,7)

wdt reset
load 0x4010f000, len 1384, room 16 
tail 8
chksum 0x2d
csum 0x2d
v8b899c12
~ld


6.01
 0h00:04.809 2022/03/30T02:09:58z: DS3231
 0h00:04.824 2022/03/30T02:09:58z: BME280 (0x76)
 0h00:04.838 2022/03/30T02:09:58z: 84:f3:eb:7d:7:a8
 0h00:04.840 2022/03/30T02:09:58z: SSID: MU Open
 0h00:04.845 2022/03/30T02:09:58z: AP_STAR tmr
 ets Jan  8 2013,rst cause:4, boot mode:(3,7)

wdt reset
load 0x4010f000, len 1384, room 16 
tail 8
chksum 0x2d
csum 0x2d
v8b899c12
~ld


6.01
 0h00:04.754 2022/03/30T02:30:00z: DS3231
 0h00:04.770 2022/03/30T02:30:00z: BME280 (0x76)
 0h00:04.784 2022/03/30T02:30:00z: 84:f3:eb:7d:7:a8
 0h00:04.786 2022/03/30T02:30:00z: SSID: MU Open
 0h00:04.791 2022/03/30T02:30:00z: AP_STAR tmr
 ets Jan  8 2013,rst cause:4, boot mode:(3,7)

wdt reset
load 0x4010f000, len 1384, room 16 
tail 8
chksum 0x2d
csum 0x2d
v8b899c12
~ld


6.01
 0h00:04.632 2022/03/30T02:50:02z: DS3231
 0h00:04.648 2022/03/30T02:50:02z: BME280 (0x76)
 0h00:04.662 2022/03/30T02:50:02z: 84:f3:eb:7d:7:a8
 0h00:04.663 2022/03/30T02:50:02z: SSID: MU Open
 0h00:04.669 2022/03/30T02:50:02z: AP_STAR tmr
 ets Jan  8 2013,rst cause:4, boot mode:(3,7)

wdt reset
load 0x4010f000, len 1384, room 16 
tail 8
chksum 0x2d
csum 0x2d
v8b899c12
~ld


6.01
 0h00:04.657 2022/03/30T03:10:04z: DS3231
 0h00:04.672 2022/03/30T03:10:04z: BME280 (0x76)
 0h00:04.686 2022/03/30T03:10:04z: 84:f3:eb:7d:7:a8
 0h00:04.688 2022/03/30T03:10:04z: SSID: MU Open
 0h00:04.693 2022/03/30T03:10:04z: AP_STAR tmr
 ets Jan  8 2013,rst cause:4, boot mode:(3,7)

wdt reset
load 0x4010f000, len 1384, room 16 
tail 8
chksum 0x2d
csum 0x2d
v8b899c12
~ld


6.01
 0h00:04.825 2022/03/30T03:30:06z: DS3231
 0h00:04.841 2022/03/30T03:30:06z: BME280 (0x76)
 0h00:04.855 2022/03/30T03:30:06z: 84:f3:eb:7d:7:a8
 0h00:04.857 2022/03/30T03:30:06z: SSID: MU Open
 0h00:04.862 2022/03/30T03:30:06z: AP_STAR tmr
 ets Jan  8 2013,rst cause:4, boot mode:(3,7)

wdt reset
load 0x4010f000, len 1384, room 16 
tail 8
chksum 0x2d
csum 0x2d
v8b899c12
~ld


6.01
 0h00:04.584 2022/03/30T03:50:07z: DS3231
 0h00:04.599 2022/03/30T03:50:07z: BME280 (0x76)
 0h00:04.613 2022/03/30T03:50:07z: 84:f3:eb:7d:7:a8
 0h00:04.615 2022/03/30T03:50:07z: SSID: MU Open
 0h00:04.620 2022/03/30T03:50:07z: AP_STAR tmr
 ets Jan  8 2013,rst cause:4, boot mode:(3,7)

wdt reset
load 0x4010f000, len 1384, room 16 
tail 8
chksum 0x2d
csum 0x2d
v8b899c12
~ld


6.01
 0h00:04.571 2022/03/30T04:10:09z: DS3231
 0h00:04.587 2022/03/30T04:10:09z: BME280 (0x76)
 0h00:04.601 2022/03/30T04:10:09z: 84:f3:eb:7d:7:a8
 0h00:04.602 2022/03/30T04:10:09z: SSID: MU Open
 0h00:04.608 2022/03/30T04:10:09z: AP_STAR tmr
 ets Jan  8 2013,rst cause:4, boot mode:(3,7)

wdt reset
load 0x4010f000, len 1384, room 16 
tail 8
chksum 0x2d
csum 0x2d
v8b899c12
~ld


6.01
 0h00:04.566 2022/03/30T04:30:11z: DS3231
 0h00:04.582 2022/03/30T04:30:11z: BME280 (0x76)
 0h00:04.596 2022/03/30T04:30:11z: 84:f3:eb:7d:7:a8
 0h00:04.597 2022/03/30T04:30:11z: SSID: MU Open
 0h00:04.603 2022/03/30T04:30:11z: AP_STAR tmr
 ets Jan  8 2013,rst cause:4, boot mode:(3,7)

wdt reset
load 0x4010f000, len 1384, room 16 
tail 8
chksum 0x2d
csum 0x2d
v8b899c12
~ld


6.01
 0h00:04.180 2022/03/30T04:50:12z: DS3231
 0h00:04.195 2022/03/30T04:50:12z: BME280 (0x76)
 0h00:04.209 2022/03/30T04:50:12z: 84:f3:eb:7d:7:a8
 0h00:04.211 2022/03/30T04:50:12z: SSID: MU Open
 0h00:04.216 2022/03/30T04:50:12z: AP_STAR tmr
 ets Jan  8 2013,rst cause:4, boot mode:(3,7)

wdt reset
load 0x4010f000, len 1384, room 16 
tail 8
chksum 0x2d
csum 0x2d
v8b899c12
~ld


6.01
 0h00:04.594 2022/03/30T05:10:14z: DS3231
 0h00:04.609 2022/03/30T05:10:14z: BME280 (0x76)
 0h00:04.623 2022/03/30T05:10:14z: 84:f3:eb:7d:7:a8
 0h00:04.625 2022/03/30T05:10:14z: SSID: MU Open
 0h00:04.630 2022/03/30T05:10:14z: AP_STAR tmr
 ets Jan  8 2013,rst cause:4, boot mode:(3,7)

wdt reset
load 0x4010f000, len 1384, room 16 
tail 8
chksum 0x2d
csum 0x2d
v8b899c12
~ld


6.01
 0h00:04.666 2022/03/30T05:30:15z: DS3231
 0h00:04.682 2022/03/30T05:30:15z: BME280 (0x76)
 0h00:04.696 2022/03/30T05:30:15z: 84:f3:eb:7d:7:a8
 0h00:04.697 2022/03/30T05:30:15z: SSID: MU Open
 0h00:04.703 2022/03/30T05:30:15z: AP_STAR tmr
 ets Jan  8 2013,rst cause:4, boot mode:(3,7)

wdt reset
load 0x4010f000, len 1384, room 16 
tail 8
chksum 0x2d
csum 0x2d
v8b899c12
~ld


6.01
 0h00:04.721 2022/03/30T05:50:17z: DS3231
 0h00:04.736 2022/03/30T05:50:17z: BME280 (0x76)
 0h00:04.750 2022/03/30T05:50:17z: 84:f3:eb:7d:7:a8
 0h00:04.752 2022/03/30T05:50:17z: SSID: MU Open
 0h00:04.757 2022/03/30T05:50:17z: AP_STAR tmr
 ets Jan  8 2013,rst cause:4, boot mode:(3,7)

wdt reset
load 0x4010f000, len 1384, room 16 
tail 8
chksum 0x2d
csum 0x2d
v8b899c12
~ld


6.01
 0h00:04.408 2022/03/30T06:10:18z: DS3231
 0h00:04.424 2022/03/30T06:10:18z: BME280 (0x76)
 0h00:04.438 2022/03/30T06:10:18z: 84:f3:eb:7d:7:a8
 0h00:04.440 2022/03/30T06:10:18z: SSID: MU Open
 0h00:04.445 2022/03/30T06:10:18z: AP_STAR tmr
 ets Jan  8 2013,rst cause:4, boot mode:(3,7)

wdt reset
load 0x4010f000, len 1384, room 16 
tail 8
chksum 0x2d
csum 0x2d
v8b899c12
~ld


6.01
 0h00:04.419 2022/03/30T06:30:20z: DS3231
 0h00:04.435 2022/03/30T06:30:20z: BME280 (0x76)
 0h00:04.449 2022/03/30T06:30:20z: 84:f3:eb:7d:7:a8
 0h00:04.451 2022/03/30T06:30:20z: SSID: MU Open
 0h00:04.456 2022/03/30T06:30:20z: AP_STAR tmr
 ets Jan  8 2013,rst cause:4, boot mode:(3,7)

wdt reset
load 0x4010f000, len 1384, room 16 
tail 8
chksum 0x2d
csum 0x2d
v8b899c12
~ld


6.01
 0h00:04.511 2022/03/30T06:50:22z: DS3231
 0h00:04.526 2022/03/30T06:50:22z: BME280 (0x76)
 0h00:04.540 2022/03/30T06:50:22z: 84:f3:eb:7d:7:a8
 0h00:04.542 2022/03/30T06:50:22z: SSID: MU Open
 0h00:04.547 2022/03/30T06:50:22z: AP_STAR tmr
 ets Jan  8 2013,rst cause:4, boot mode:(3,7)

wdt reset
load 0x4010f000, len 1384, room 16 
tail 8
chksum 0x2d
csum 0x2d
v8b899c12
~ld


6.01
 0h00:04.538 2022/03/30T07:10:23z: DS3231
 0h00:04.553 2022/03/30T07:10:23z: BME280 (0x76)
 0h00:04.568 2022/03/30T07:10:23z: 84:f3:eb:7d:7:a8
 0h00:04.569 2022/03/30T07:10:23z: SSID: MU Open
 0h00:04.574 2022/03/30T07:10:23z: AP_STAR tmr
 ets Jan  8 2013,rst cause:4, boot mode:(3,7)

wdt reset
load 0x4010f000, len 1384, room 16 
tail 8
chksum 0x2d
csum 0x2d
v8b899c12
~ld


6.01
 0h00:04.687 2022/03/30T07:30:25z: DS3231
 0h00:04.702 2022/03/30T07:30:25z: BME280 (0x76)
 0h00:04.717 2022/03/30T07:30:25z: 84:f3:eb:7d:7:a8
 0h00:04.718 2022/03/30T07:30:25z: SSID: MU Open
 0h00:04.724 2022/03/30T07:30:25z: AP_STAR tmr
 ets Jan  8 2013,rst cause:4, boot mode:(3,7)

wdt reset
load 0x4010f000, len 1384, room 16 
tail 8
chksum 0x2d
csum 0x2d
v8b899c12
~ld


6.01
 0h00:04.455 2022/03/30T07:50:27z: DS3231
 0h00:04.470 2022/03/30T07:50:27z: BME280 (0x76)
 0h00:04.485 2022/03/30T07:50:27z: 84:f3:eb:7d:7:a8
 0h00:04.486 2022/03/30T07:50:27z: SSID: MU Open
 0h00:04.491 2022/03/30T07:50:27z: AP_STAR tmr
 ets Jan  8 2013,rst cause:4, boot mode:(3,7)

wdt reset
load 0x4010f000, len 1384, room 16 
tail 8
chksum 0x2d
csum 0x2d
v8b899c12
~ld


6.01
 0h00:04.681 2022/03/30T08:10:28z: DS3231
 0h00:04.697 2022/03/30T08:10:28z: BME280 (0x76)
 0h00:04.711 2022/03/30T08:10:29z: 84:f3:eb:7d:7:a8
 0h00:04.712 2022/03/30T08:10:29z: SSID: MU Open
 0h00:04.718 2022/03/30T08:10:29z: AP_STAR tmr
 ets Jan  8 2013,rst cause:4, boot mode:(3,7)

wdt reset
load 0x4010f000, len 1384, room 16 
tail 8
chksum 0x2d
csum 0x2d
v8b899c12
~ld


6.01
 0h00:04.474 2022/03/30T08:30:30z: DS3231
 0h00:04.489 2022/03/30T08:30:30z: BME280 (0x76)
 0h00:04.503 2022/03/30T08:30:30z: 84:f3:eb:7d:7:a8
 0h00:04.505 2022/03/30T08:30:30z: SSID: MU Open
 0h00:04.510 2022/03/30T08:30:30z: AP_STAR tmr
 ets Jan  8 2013,rst cause:4, boot mode:(3,7)

wdt reset
load 0x4010f000, len 1384, room 16 
tail 8
chksum 0x2d
csum 0x2d
v8b899c12
~ld


6.01
 0h00:04.497 2022/03/30T08:50:32z: DS3231
 0h00:04.513 2022/03/30T08:50:32z: BME280 (0x76)
 0h00:04.527 2022/03/30T08:50:32z: 84:f3:eb:7d:7:a8
 0h00:04.528 2022/03/30T08:50:32z: SSID: MU Open
 0h00:04.534 2022/03/30T08:50:32z: AP_STAR tmr
 ets Jan  8 2013,rst cause:4, boot mode:(3,7)

wdt reset
load 0x4010f000, len 1384, room 16 
tail 8
chksum 0x2d
csum 0x2d
v8b899c12
~ld


6.01
 0h00:04.430 2022/03/30T09:10:33z: DS3231
 0h00:04.445 2022/03/30T09:10:33z: BME280 (0x76)
 0h00:04.460 2022/03/30T09:10:33z: 84:f3:eb:7d:7:a8
 0h00:04.461 2022/03/30T09:10:33z: SSID: MU Open
 0h00:04.466 2022/03/30T09:10:33z: AP_STAR tmr
 ets Jan  8 2013,rst cause:4, boot mode:(3,7)

wdt reset
load 0x4010f000, len 1384, room 16 
tail 8
chksum 0x2d
csum 0x2d
v8b899c12
~ld


6.01
 0h00:04.217 2022/03/30T09:30:34z: DS3231
 0h00:04.233 2022/03/30T09:30:34z: BME280 (0x76)
 0h00:04.247 2022/03/30T09:30:34z: 84:f3:eb:7d:7:a8
 0h00:04.249 2022/03/30T09:30:34z: SSID: MU Open
 0h00:04.254 2022/03/30T09:30:34z: AP_STAR tmr
 ets Jan  8 2013,rst cause:4, boot mode:(3,7)

wdt reset
load 0x4010f000, len 1384, room 16 
tail 8
chksum 0x2d
csum 0x2d
v8b899c12
~ld


6.01
 0h00:04.403 2022/03/30T09:50:35z: DS3231
 0h00:04.418 2022/03/30T09:50:35z: BME280 (0x76)
 0h00:04.432 2022/03/30T09:50:35z: 84:f3:eb:7d:7:a8
 0h00:04.434 2022/03/30T09:50:35z: SSID: MU Open
 0h00:04.439 2022/03/30T09:50:35z: AP_STAR tmr
 ets Jan  8 2013,rst cause:4, boot mode:(3,7)

wdt reset
load 0x4010f000, len 1384, room 16 
tail 8
chksum 0x2d
csum 0x2d
v8b899c12
~ld


6.01
 0h00:04.276 2022/03/30T10:10:36z: DS3231
 0h00:04.292 2022/03/30T10:10:36z: BME280 (0x76)
 0h00:04.306 2022/03/30T10:10:36z: 84:f3:eb:7d:7:a8
 0h00:04.308 2022/03/30T10:10:36z: SSID: MU Open
 0h00:04.313 2022/03/30T10:10:36z: AP_STAR tmr
 ets Jan  8 2013,rst cause:4, boot mode:(3,7)

wdt reset
load 0x4010f000, len 1384, room 16 
tail 8
chksum 0x2d
csum 0x2d
v8b899c12
~ld


6.01
 0h00:04.304 2022/03/30T10:30:37z: DS3231
 0h00:04.320 2022/03/30T10:30:37z: BME280 (0x76)
 0h00:04.334 2022/03/30T10:30:37z: 84:f3:eb:7d:7:a8
 0h00:04.335 2022/03/30T10:30:37z: SSID: MU Open
 0h00:04.341 2022/03/30T10:30:37z: AP_STAR tmr
 ets Jan  8 2013,rst cause:4, boot mode:(3,7)

wdt reset
load 0x4010f000, len 1384, room 16 
tail 8
chksum 0x2d
csum 0x2d
v8b899c12
~ld


6.01
 0h00:04.610 2022/03/30T10:50:38z: DS3231
 0h00:04.625 2022/03/30T10:50:38z: BME280 (0x76)
 0h00:04.639 2022/03/30T10:50:38z: 84:f3:eb:7d:7:a8
 0h00:04.641 2022/03/30T10:50:38z: SSID: MU Open
 0h00:04.646 2022/03/30T10:50:38z: AP_STAR tmr
 ets Jan  8 2013,rst cause:4, boot mode:(3,7)

wdt reset
load 0x4010f000, len 1384, room 16 
tail 8
chksum 0x2d
csum 0x2d
v8b899c12
~ld


6.01
 0h00:04.446 2022/03/30T11:10:40z: DS3231
 0h00:04.461 2022/03/30T11:10:40z: BME280 (0x76)
 0h00:04.475 2022/03/30T11:10:40z: 84:f3:eb:7d:7:a8
 0h00:04.477 2022/03/30T11:10:40z: SSID: MU Open
 0h00:04.482 2022/03/30T11:10:40z: AP_STAR tmr
 ets Jan  8 2013,rst cause:4, boot mode:(3,7)

wdt reset
load 0x4010f000, len 1384, room 16 
tail 8
chksum 0x2d
csum 0x2d
v8b899c12
~ld


6.01
 0h00:04.726 2022/03/30T11:30:41z: DS3231
 0h00:04.741 2022/03/30T11:30:41z: BME280 (0x76)
 0h00:04.755 2022/03/30T11:30:41z: 84:f3:eb:7d:7:a8
 0h00:04.757 2022/03/30T11:30:41z: SSID: MU Open
 0h00:04.762 2022/03/30T11:30:41z: AP_STAR tmr
 ets Jan  8 2013,rst cause:4, boot mode:(3,7)

wdt reset
load 0x4010f000, len 1384, room 16 
tail 8
chksum 0x2d
csum 0x2d
v8b899c12
~ld


6.01
 0h00:04.642 2022/03/30T11:50:43z: DS3231
 0h00:04.657 2022/03/30T11:50:43z: BME280 (0x76)
 0h00:04.671 2022/03/30T11:50:43z: 84:f3:eb:7d:7:a8
 0h00:04.673 2022/03/30T11:50:43z: SSID: MU Open
 0h00:04.678 2022/03/30T11:50:43z: AP_STAR tmr
 ets Jan  8 2013,rst cause:4, boot mode:(3,7)

wdt reset
load 0x4010f000, len 1384, room 16 
tail 8
chksum 0x2d
csum 0x2d
v8b899c12
~ld


6.01
 0h00:04.584 2022/03/30T12:10:44z: DS3231
 0h00:04.599 2022/03/30T12:10:44z: BME280 (0x76)
 0h00:04.614 2022/03/30T12:10:44z: 84:f3:eb:7d:7:a8
 0h00:04.615 2022/03/30T12:10:44z: SSID: MU Open
 0h00:04.620 2022/03/30T12:10:44z: AP_STAR tmr
 ets Jan  8 2013,rst cause:4, boot mode:(3,7)

wdt reset
load 0x4010f000, len 1384, room 16 
tail 8
chksum 0x2d
csum 0x2d
v8b899c12
~ld


6.01
 0h00:04.735 2022/03/30T12:30:46z: DS3231
 0h00:04.750 2022/03/30T12:30:46z: BME280 (0x76)
 0h00:04.765 2022/03/30T12:30:46z: 84:f3:eb:7d:7:a8
 0h00:04.766 2022/03/30T12:30:46z: SSID: MU Open
 0h00:04.771 2022/03/30T12:30:46z: AP_STAR tmr
 ets Jan  8 2013,rst cause:4, boot mode:(3,7)

wdt reset
load 0x4010f000, len 1384, room 16 
tail 8
chksum 0x2d
csum 0x2d
v8b899c12
~ld


6.01
 0h00:04.717 2022/03/30T12:50:48z: DS3231
 0h00:04.732 2022/03/30T12:50:48z: BME280 (0x76)
 0h00:04.746 2022/03/30T12:50:48z: 84:f3:eb:7d:7:a8
 0h00:04.748 2022/03/30T12:50:48z: SSID: MU Open
 0h00:04.753 2022/03/30T12:50:48z: AP_STAR tmr
 ets Jan  8 2013,rst cause:4, boot mode:(3,7)

wdt reset
load 0x4010f000, len 1384, room 16 
tail 8
chksum 0x2d
csum 0x2d
v8b899c12
~ld


6.01
 0h00:04.651 2022/03/30T13:10:49z: DS3231
 0h00:04.667 2022/03/30T13:10:49z: BME280 (0x76)
 0h00:04.681 2022/03/30T13:10:49z: 84:f3:eb:7d:7:a8
 0h00:04.683 2022/03/30T13:10:49z: SSID: MU Open
 0h00:04.688 2022/03/30T13:10:49z: AP_STAR tmr
 ets Jan  8 2013,rst cause:4, boot mode:(3,7)

wdt reset
load 0x4010f000, len 1384, room 16 
tail 8
chksum 0x2d
csum 0x2d
v8b899c12
~ld


6.01
 0h00:04.589 2022/03/30T13:30:51z: DS3231
 0h00:04.604 2022/03/30T13:30:51z: BME280 (0x76)
 0h00:04.618 2022/03/30T13:30:51z: 84:f3:eb:7d:7:a8
 0h00:04.620 2022/03/30T13:30:51z: SSID: MU Open
 0h00:04.625 2022/03/30T13:30:51z: AP_STAR tmr
 ets Jan  8 2013,rst cause:4, boot mode:(3,7)

wdt reset
load 0x4010f000, len 1384, room 16 
tail 8
chksum 0x2d
csum 0x2d
v8b899c12
~ld


6.01
 0h00:04.147 2022/03/30T13:50:52z: DS3231
 0h00:04.162 2022/03/30T13:50:52z: BME280 (0x76)
 0h00:04.176 2022/03/30T13:50:52z: 84:f3:eb:7d:7:a8
 0h00:04.178 2022/03/30T13:50:52z: SSID: MU Open
 0h00:04.183 2022/03/30T13:50:52z: AP_STAR tmr
 ets Jan  8 2013,rst cause:4, boot mode:(3,7)

wdt reset
load 0x4010f000, len 1384, room 16 
tail 8
chksum 0x2d
csum 0x2d
v8b899c12
~ld


6.01
 0h00:04.612 2022/03/30T14:10:54z: DS3231
 0h00:04.627 2022/03/30T14:10:54z: BME280 (0x76)
 0h00:04.641 2022/03/30T14:10:54z: 84:f3:eb:7d:7:a8
 0h00:04.643 2022/03/30T14:10:54z: SSID: MU Open
 0h00:04.648 2022/03/30T14:10:54z: AP_STAR tmr
 ets Jan  8 2013,rst cause:4, boot mode:(3,7)

wdt reset
load 0x4010f000, len 1384, room 16 
tail 8
chksum 0x2d
csum 0x2d
v8b899c12
~ld


6.01
 0h00:04.516 2022/03/30T14:30:55z: DS3231
 0h00:04.532 2022/03/30T14:30:55z: BME280 (0x76)
 0h00:04.546 2022/03/30T14:30:55z: 84:f3:eb:7d:7:a8
 0h00:04.547 2022/03/30T14:30:55z: SSID: MU Open
 0h00:04.553 2022/03/30T14:30:55z: AP_STAR tmr
 ets Jan  8 2013,rst cause:4, boot mode:(3,7)

wdt reset
load 0x4010f000, len 1384, room 16 
tail 8
chksum 0x2d
csum 0x2d
v8b899c12
~ld


6.01
 0h00:04.592 2022/03/30T14:50:57z: DS3231
 0h00:04.607 2022/03/30T14:50:57z: BME280 (0x76)
 0h00:04.621 2022/03/30T14:50:57z: 84:f3:eb:7d:7:a8
 0h00:04.623 2022/03/30T14:50:57z: SSID: MU Open
 0h00:04.628 2022/03/30T14:50:57z: AP_STAR tmr
 ets Jan  8 2013,rst cause:4, boot mode:(3,7)

wdt reset
load 0x4010f000, len 1384, room 16 
tail 8
chksum 0x2d
csum 0x2d
v8b899c12
~ld


6.01
 0h00:04.407 2022/03/30T15:10:59z: DS3231
 0h00:04.422 2022/03/30T15:10:59z: BME280 (0x76)
 0h00:04.436 2022/03/30T15:10:59z: 84:f3:eb:7d:7:a8
 0h00:04.438 2022/03/30T15:10:59z: SSID: MU Open
 0h00:04.443 2022/03/30T15:10:59z: AP_STAR tmr
 ets Jan  8 2013,rst cause:4, boot mode:(3,7)

wdt reset
load 0x4010f000, len 1384, room 16 
tail 8
chksum 0x2d
csum 0x2d
v8b899c12
~ld


6.01
 0h00:04.407 2022/03/30T15:30:59z: DS3231
 0h00:04.422 2022/03/30T15:30:59z: BME280 (0x76)
 0h00:04.436 2022/03/30T15:30:59z: 84:f3:eb:7d:7:a8
 0h00:04.438 2022/03/30T15:30:59z: SSID: MU Open
 0h00:04.443 2022/03/30T15:30:59z: AP_STAR tmr
 ets Jan  8 2013,rst cause:4, boot mode:(3,7)

wdt reset
load 0x4010f000, len 1384, room 16 
tail 8
chksum 0x2d
csum 0x2d
v8b899c12
~ld


6.01
 0h00:04.232 2022/03/30T15:51:01z: DS3231
 0h00:04.247 2022/03/30T15:51:01z: BME280 (0x76)
 0h00:04.261 2022/03/30T15:51:01z: 84:f3:eb:7d:7:a8
 0h00:04.263 2022/03/30T15:51:01z: SSID: MU Open
 0h00:04.268 2022/03/30T15:51:01z: AP_STAR tmr
 ets Jan  8 2013,rst cause:4, boot mode:(3,7)

wdt reset
load 0x4010f000, len 1384, room 16 
tail 8
chksum 0x2d
csum 0x2d
v8b899c12
~ld


6.01
 0h00:04.570 2022/03/30T16:11:03z: DS3231
 0h00:04.585 2022/03/30T16:11:03z: BME280 (0x76)
 0h00:04.599 2022/03/30T16:11:03z: 84:f3:eb:7d:7:a8
 0h00:04.601 2022/03/30T16:11:03z: SSID: MU Open
 0h00:04.606 2022/03/30T16:11:03z: AP_STAR tmr
 ets Jan  8 2013,rst cause:4, boot mode:(3,7)

wdt reset
load 0x4010f000, len 1384, room 16 
tail 8
chksum 0x2d
csum 0x2d
v8b899c12
~ld


6.01
 0h00:04.262 2022/03/30T16:31:04z: DS3231
 0h00:04.277 2022/03/30T16:31:04z: BME280 (0x76)
 0h00:04.292 2022/03/30T16:31:04z: 84:f3:eb:7d:7:a8
 0h00:04.293 2022/03/30T16:31:04z: SSID: MU Open
 0h00:04.298 2022/03/30T16:31:04z: AP_STAR tmr
 ets Jan  8 2013,rst cause:4, boot mode:(3,7)

wdt reset
load 0x4010f000, len 1384, room 16 
tail 8
chksum 0x2d
csum 0x2d
v8b899c12
~ld


6.01
 0h00:04.466 2022/03/30T16:51:05z: DS3231
 0h00:04.481 2022/03/30T16:51:05z: BME280 (0x76)
 0h00:04.495 2022/03/30T16:51:05z: 84:f3:eb:7d:7:a8
 0h00:04.497 2022/03/30T16:51:05z: SSID: MU Open
 0h00:04.502 2022/03/30T16:51:05z: AP_STAR tmr
 ets Jan  8 2013,rst cause:4, boot mode:(3,7)

wdt reset
load 0x4010f000, len 1384, room 16 
tail 8
chksum 0x2d
csum 0x2d
v8b899c12
~ld


6.01
 0h00:04.400 2022/03/30T17:11:06z: DS3231
 0h00:04.415 2022/03/30T17:11:06z: BME280 (0x76)
 0h00:04.429 2022/03/30T17:11:06z: 84:f3:eb:7d:7:a8
 0h00:04.431 2022/03/30T17:11:06z: SSID: MU Open
 0h00:04.436 2022/03/30T17:11:06z: AP_STAR tmr
 ets Jan  8 2013,rst cause:4, boot mode:(3,7)

wdt reset
load 0x4010f000, len 1384, room 16 
tail 8
chksum 0x2d
csum 0x2d
v8b899c12
~ld


6.01
 0h00:04.477 2022/03/30T17:31:08z: DS3231
 0h00:04.493 2022/03/30T17:31:08z: BME280 (0x76)
 0h00:04.507 2022/03/30T17:31:08z: 84:f3:eb:7d:7:a8
 0h00:04.508 2022/03/30T17:31:08z: SSID: MU Open
 0h00:04.514 2022/03/30T17:31:08z: AP_STAR tmr
 ets Jan  8 2013,rst cause:4, boot mode:(3,7)

wdt reset
load 0x4010f000, len 1384, room 16 
tail 8
chksum 0x2d
csum 0x2d
v8b899c12
~ld


6.01
 0h00:04.298 2022/03/30T17:51:09z: DS3231
 0h00:04.313 2022/03/30T17:51:09z: BME280 (0x76)
 0h00:04.327 2022/03/30T17:51:09z: 84:f3:eb:7d:7:a8
 0h00:04.329 2022/03/30T17:51:09z: SSID: MU Open
 0h00:04.334 2022/03/30T17:51:09z: AP_STAR tmr
 ets Jan  8 2013,rst cause:4, boot mode:(3,7)

wdt reset
load 0x4010f000, len 1384, room 16 
tail 8
chksum 0x2d
csum 0x2d
v8b899c12
~ld


6.01
 0h00:04.257 2022/03/30T18:11:09z: DS3231
 0h00:04.272 2022/03/30T18:11:09z: BME280 (0x76)
 0h00:04.286 2022/03/30T18:11:09z: 84:f3:eb:7d:7:a8
 0h00:04.288 2022/03/30T18:11:09z: SSID: MU Open
 0h00:04.293 2022/03/30T18:11:09z: AP_STAR tmr
 ets Jan  8 2013,rst cause:4, boot mode:(3,7)

wdt reset
load 0x4010f000, len 1384, room 16 
tail 8
chksum 0x2d
csum 0x2d
v8b899c12
~ld


6.01
 0h00:04.270 2022/03/30T18:31:10z: DS3231
 0h00:04.285 2022/03/30T18:31:10z: BME280 (0x76)
 0h00:04.299 2022/03/30T18:31:10z: 84:f3:eb:7d:7:a8
 0h00:04.301 2022/03/30T18:31:10z: SSID: MU Open
 0h00:04.306 2022/03/30T18:31:10z: AP_STAR tmr
 ets Jan  8 2013,rst cause:4, boot mode:(3,7)

wdt reset
load 0x4010f000, len 1384, room 16 
tail 8
chksum 0x2d
csum 0x2d
v8b899c12
~ld


6.01
 0h00:04.283 2022/03/30T18:51:11z: DS3231
 0h00:04.298 2022/03/30T18:51:11z: BME280 (0x76)
 0h00:04.312 2022/03/30T18:51:11z: 84:f3:eb:7d:7:a8
 0h00:04.314 2022/03/30T18:51:11z: SSID: MU Open
 0h00:04.319 2022/03/30T18:51:11z: AP_STAR tmr
 ets Jan  8 2013,rst cause:4, boot mode:(3,7)

wdt reset
load 0x4010f000, len 1384, room 16 
tail 8
chksum 0x2d
csum 0x2d
v8b899c12
~ld


6.01
 0h00:04.338 2022/03/30T19:11:12z: DS3231
 0h00:04.353 2022/03/30T19:11:12z: BME280 (0x76)
 0h00:04.367 2022/03/30T19:11:12z: 84:f3:eb:7d:7:a8
 0h00:04.369 2022/03/30T19:11:12z: SSID: MU Open
 0h00:04.374 2022/03/30T19:11:12z: AP_STAR tmr
 ets Jan  8 2013,rst cause:4, boot mode:(3,7)

wdt reset
load 0x4010f000, len 1384, room 16 
tail 8
chksum 0x2d
csum 0x2d
v8b899c12
~ld


6.01
 0h00:04.306 2022/03/30T19:31:13z: DS3231
 0h00:04.321 2022/03/30T19:31:13z: BME280 (0x76)
 0h00:04.335 2022/03/30T19:31:13z: 84:f3:eb:7d:7:a8
 0h00:04.337 2022/03/30T19:31:13z: SSID: MU Open
 0h00:04.342 2022/03/30T19:31:13z: AP_STAR tmr
 ets Jan  8 2013,rst cause:4, boot mode:(3,7)

wdt reset
load 0x4010f000, len 1384, room 16 
tail 8
chksum 0x2d
csum 0x2d
v8b899c12
~ld


6.01
 0h00:04.445 2022/03/30T19:51:14z: DS3231
 0h00:04.460 2022/03/30T19:51:14z: BME280 (0x76)
 0h00:04.474 2022/03/30T19:51:14z: 84:f3:eb:7d:7:a8
 0h00:04.476 2022/03/30T19:51:14z: SSID: MU Open
 0h00:04.481 2022/03/30T19:51:14z: AP_STAR tmr
 ets Jan  8 2013,rst cause:4, boot mode:(3,7)

wdt reset
load 0x4010f000, len 1384, room 16 
tail 8
chksum 0x2d
csum 0x2d
v8b899c12
~ld


6.01
 0h00:04.439 2022/03/30T20:11:15z: DS3231
 0h00:04.454 2022/03/30T20:11:15z: BME280 (0x76)
 0h00:04.468 2022/03/30T20:11:15z: 84:f3:eb:7d:7:a8
 0h00:04.470 2022/03/30T20:11:15z: SSID: MU Open
 0h00:04.475 2022/03/30T20:11:15z: AP_STAR tmr
 ets Jan  8 2013,rst cause:4, boot mode:(3,7)

wdt reset
load 0x4010f000, len 1384, room 16 
tail 8
chksum 0x2d
csum 0x2d
v8b899c12
~ld


6.01
 0h00:04.241 2022/03/30T20:31:16z: DS3231
 0h00:04.256 2022/03/30T20:31:17z: BME280 (0x76)
 0h00:04.271 2022/03/30T20:31:17z: 84:f3:eb:7d:7:a8
 0h00:04.272 2022/03/30T20:31:17z: SSID: MU Open
 0h00:04.278 2022/03/30T20:31:17z: AP_STAR tmr
 ets Jan  8 2013,rst cause:4, boot mode:(3,7)

wdt reset
load 0x4010f000, len 1384, room 16 
tail 8
chksum 0x2d
csum 0x2d
v8b899c12
~ld


6.01
 0h00:04.311 2022/03/30T20:51:17z: DS3231
 0h00:04.326 2022/03/30T20:51:17z: BME280 (0x76)
 0h00:04.340 2022/03/30T20:51:17z: 84:f3:eb:7d:7:a8
 0h00:04.342 2022/03/30T20:51:17z: SSID: MU Open
 0h00:04.347 2022/03/30T20:51:17z: AP_STAR tmr
 ets Jan  8 2013,rst cause:4, boot mode:(3,7)

wdt reset
load 0x4010f000, len 1384, room 16 
tail 8
chksum 0x2d
csum 0x2d
v8b899c12
~ld


6.01
 0h00:04.526 2022/03/30T21:11:19z: DS3231
 0h00:04.541 2022/03/30T21:11:19z: BME280 (0x76)
 0h00:04.555 2022/03/30T21:11:19z: 84:f3:eb:7d:7:a8
 0h00:04.557 2022/03/30T21:11:19z: SSID: MU Open
 0h00:04.562 2022/03/30T21:11:19z: AP_STAR tmr
 ets Jan  8 2013,rst cause:4, boot mode:(3,7)

wdt reset
load 0x4010f000, len 1384, room 16 
tail 8
chksum 0x2d
csum 0x2d
v8b899c12
~ld


6.01
 0h00:04.333 2022/03/30T21:31:20z: DS3231
 0h00:04.348 2022/03/30T21:31:20z: BME280 (0x76)
 0h00:04.362 2022/03/30T21:31:20z: 84:f3:eb:7d:7:a8
 0h00:04.364 2022/03/30T21:31:20z: SSID: MU Open
 0h00:04.369 2022/03/30T21:31:20z: AP_STAR tmr
 ets Jan  8 2013,rst cause:4, boot mode:(3,7)

wdt reset
load 0x4010f000, len 1384, room 16 
tail 8
chksum 0x2d
csum 0x2d
v8b899c12
~ld


6.01
 0h00:04.470 2022/03/30T21:51:21z: DS3231
 0h00:04.485 2022/03/30T21:51:21z: BME280 (0x76)
 0h00:04.499 2022/03/30T21:51:21z: 84:f3:eb:7d:7:a8
 0h00:04.501 2022/03/30T21:51:21z: SSID: MU Open
 0h00:04.506 2022/03/30T21:51:21z: AP_STAR tmr
 ets Jan  8 2013,rst cause:4, boot mode:(3,7)

wdt reset
load 0x4010f000, len 1384, room 16 
tail 8
chksum 0x2d
csum 0x2d
v8b899c12
~ld


6.01
 0h00:04.293 2022/03/30T22:11:23z: DS3231
 0h00:04.308 2022/03/30T22:11:23z: BME280 (0x76)
 0h00:04.322 2022/03/30T22:11:23z: 84:f3:eb:7d:7:a8
 0h00:04.324 2022/03/30T22:11:23z: SSID: MU Open
 0h00:04.329 2022/03/30T22:11:23z: AP_STAR tmr
 ets Jan  8 2013,rst cause:4, boot mode:(3,7)

wdt reset
load 0x4010f000, len 1384, room 16 
tail 8
chksum 0x2d
csum 0x2d
v8b899c12
~ld


6.01
 0h00:04.495 2022/03/30T22:31:24z: DS3231
 0h00:04.510 2022/03/30T22:31:24z: BME280 (0x76)
 0h00:04.524 2022/03/30T22:31:24z: 84:f3:eb:7d:7:a8
 0h00:04.526 2022/03/30T22:31:24z: SSID: MU Open
 0h00:04.531 2022/03/30T22:31:24z: AP_STAR tmr
 ets Jan  8 2013,rst cause:4, boot mode:(3,7)

wdt reset
load 0x4010f000, len 1384, room 16 
tail 8
chksum 0x2d
csum 0x2d
v8b899c12
~ld


6.01
 0h00:04.347 2022/03/30T22:51:25z: DS3231
 0h00:04.362 2022/03/30T22:51:25z: BME280 (0x76)
 0h00:04.376 2022/03/30T22:51:25z: 84:f3:eb:7d:7:a8
 0h00:04.378 2022/03/30T22:51:25z: SSID: MU Open
 0h00:04.383 2022/03/30T22:51:25z: AP_STAR tmr
 ets Jan  8 2013,rst cause:4, boot mode:(3,7)

wdt reset
load 0x4010f000, len 1384, room 16 
tail 8
chksum 0x2d
csum 0x2d
v8b899c12
~ld


6.01
 0h00:04.558 2022/03/30T23:11:26z: DS3231
 0h00:04.574 2022/03/30T23:11:26z: BME280 (0x76)
 0h00:04.588 2022/03/30T23:11:26z: 84:f3:eb:7d:7:a8
 0h00:04.589 2022/03/30T23:11:26z: SSID: MU Open
 0h00:04.595 2022/03/30T23:11:26z: AP_STAR tmr
 ets Jan  8 2013,rst cause:4, boot mode:(3,7)

wdt reset
load 0x4010f000, len 1384, room 16 
tail 8
chksum 0x2d
csum 0x2d
v8b899c12
~ld


6.01
 0h00:04.416 2022/03/30T23:31:28z: DS3231
 0h00:04.431 2022/03/30T23:31:28z: BME280 (0x76)
 0h00:04.446 2022/03/30T23:31:28z: 84:f3:eb:7d:7:a8
 0h00:04.447 2022/03/30T23:31:28z: SSID: MU Open
 0h00:04.452 2022/03/30T23:31:28z: AP_STAR tmr
 ets Jan  8 2013,rst cause:4, boot mode:(3,7)

wdt reset
load 0x4010f000, len 1384, room 16 
tail 8
chksum 0x2d
csum 0x2d
v8b899c12
~ld


6.01
 0h00:04.450 2022/03/30T23:51:29z: DS3231
 0h00:04.465 2022/03/30T23:51:29z: BME280 (0x76)
 0h00:04.480 2022/03/30T23:51:29z: 84:f3:eb:7d:7:a8
 0h00:04.481 2022/03/30T23:51:29z: SSID: MU Open
 0h00:04.486 2022/03/30T23:51:29z: AP_STA