R tmr
 ets Jan  8 2013,rst cause:4, boot mode:(3,7)

wdt reset
load 0x4010f000, len 1384, room 16 
tail 8
chksum 0x2d
csum 0x2d
v8b899c12
~ld


6.01
 0h00:04.604 2022/02/01T00:18:47z: DS3231
 0h00:04.619 2022/02/01T00:18:47z: BME280 (0x76)
 0h00:04.633 2022/02/01T00:18:47z: 84:f3:eb:7d:7:a8
 0h00:04.635 2022/02/01T00:18:47z: SSID: MU Open
 0h00:04.640 2022/02/01T00:18:47z: AP_STAR tmr
 ets Jan  8 2013,rst cause:4, boot mode:(3,7)

wdt reset
load 0x4010f000, len 1384, room 16 
tail 8
chksum 0x2d
csum 0x2d
v8b899c12
~ld


6.01
 0h00:04.640 2022/02/01T00:38:48z: DS3231
 0h00:04.656 2022/02/01T00:38:48z: BME280 (0x76)
 0h00:04.670 2022/02/01T00:38:48z: 84:f3:eb:7d:7:a8
 0h00:04.671 2022/02/01T00:38:48z: SSID: MU Open
 0h00:04.677 2022/02/01T00:38:48z: AP_STAR tmr
 ets Jan  8 2013,rst cause:4, boot mode:(3,7)

wdt reset
load 0x4010f000, len 1384, room 16 
tail 8
chksum 0x2d
csum 0x2d
v8b899c12
~ld


6.01
 0h00:04.810 2022/02/01T00:58:50z: DS3231
 0h00:04.826 2022/02/01T00:58:50z: BME280 (0x76)
 0h00:04.840 2022/02/01T00:58:50z: 84:f3:eb:7d:7:a8
 0h00:04.842 2022/02/01T00:58:50z: SSID: MU Open
 0h00:04.847 2022/02/01T00:58:50z: AP_STAR tmr
 ets Jan  8 2013,rst cause:4, boot mode:(3,7)

wdt reset
load 0x4010f000, len 1384, room 16 
tail 8
chksum 0x2d
csum 0x2d
v8b899c12
~ld


6.01
 0h00:04.752 2022/02/01T01:18:51z: DS3231
 0h00:04.767 2022/02/01T01:18:51z: BME280 (0x76)
 0h00:04.781 2022/02/01T01:18:51z: 84:f3:eb:7d:7:a8
 0h00:04.783 2022/02/01T01:18:51z: SSID: MU Open
 0h00:04.788 2022/02/01T01:18:51z: AP_STAR tmr
 ets Jan  8 2013,rst cause:4, boot mode:(3,7)

wdt reset
load 0x4010f000, len 1384, room 16 
tail 8
chksum 0x2d
csum 0x2d
v8b899c12
~ld


6.01
 0h00:04.698 2022/02/01T01:38:52z: DS3231
 0h00:04.713 2022/02/01T01:38:52z: BME280 (0x76)
 0h00:04.727 2022/02/01T01:38:52z: 84:f3:eb:7d:7:a8
 0h00:04.729 2022/02/01T01:38:52z: SSID: MU Open
 0h00:04.734 2022/02/01T01:38:52z: AP_STAR tmr
 ets Jan  8 2013,rst cause:4, boot mode:(3,7)

wdt reset
load 0x4010f000, len 1384, room 16 
tail 8
chksum 0x2d
csum 0x2d
v8b899c12
~ld


6.01
 0h00:04.761 2022/02/01T01:58:52z: DS3231
 0h00:04.776 2022/02/01T01:58:52z: BME280 (0x76)
 0h00:04.790 2022/02/01T01:58:52z: 84:f3:eb:7d:7:a8
 0h00:04.792 2022/02/01T01:58:52z: SSID: MU Open
 0h00:04.797 2022/02/01T01:58:52z: AP_STAR tmr
 ets Jan  8 2013,rst cause:4, boot mode:(3,7)

wdt reset
load 0x4010f000, len 1384, room 16 
tail 8
chksum 0x2d
csum 0x2d
v8b899c12
~ld


6.01
 0h00:04.582 2022/02/01T02:18:53z: DS3231
 0h00:04.597 2022/02/01T02:18:53z: BME280 (0x76)
 0h00:04.612 2022/02/01T02:18:54z: 84:f3:eb:7d:7:a8
 0h00:04.613 2022/02/01T02:18:54z: SSID: MU Open
 0h00:04.618 2022/02/01T02:18:54z: AP_STAR tmr
 ets Jan  8 2013,rst cause:4, boot mode:(3,7)

wdt reset
load 0x4010f000, len 1384, room 16 
tail 8
chksum 0x2d
csum 0x2d
v8b899c12
~ld


6.01
 0h00:04.812 2022/02/01T02:38:55z: DS3231
 0h00:04.828 2022/02/01T02:38:55z: BME280 (0x76)
 0h00:04.842 2022/02/01T02:38:55z: 84:f3:eb:7d:7:a8
 0h00:04.844 2022/02/01T02:38:55z: SSID: MU Open
 0h00:04.849 2022/02/01T02:38:55z: AP_STAR tmr
 ets Jan  8 2013,rst cause:4, boot mode:(3,7)

wdt reset
load 0x4010f000, len 1384, room 16 
tail 8
chksum 0x2d
csum 0x2d
v8b899c12
~ld


6.01
 0h00:04.780 2022/02/01T02:58:57z: DS3231
 0h00:04.795 2022/02/01T02:58:57z: BME280 (0x76)
 0h00:04.809 2022/02/01T02:58:57z: 84:f3:eb:7d:7:a8
 0h00:04.811 2022/02/01T02:58:57z: SSID: MU Open
 0h00:04.816 2022/02/01T02:58:57z: AP_STAR tmr
 ets Jan  8 2013,rst cause:4, boot mode:(3,7)

wdt reset
load 0x4010f000, len 1384, room 16 
tail 8
chksum 0x2d
csum 0x2d
v8b899c12
~ld


6.01
 0h00:04.493 2022/02/01T03:18:57z: DS3231
 0h00:04.508 2022/02/01T03:18:57z: BME280 (0x76)
 0h00:04.522 2022/02/01T03:18:57z: 84:f3:eb:7d:7:a8
 0h00:04.524 2022/02/01T03:18:57z: SSID: MU Open
 0h00:04.529 2022/02/01T03:18:57z: AP_STAR tmr
 ets Jan  8 2013,rst cause:4, boot mode:(3,7)

wdt reset
load 0x4010f000, len 1384, room 16 
tail 8
chksum 0x2d
csum 0x2d
v8b899c12
~ld


6.01
 0h00:04.771 2022/02/01T03:38:58z: DS3231
 0h00:04.786 2022/02/01T03:38:58z: BME280 (0x76)
 0h00:04.801 2022/02/01T03:38:58z: 84:f3:eb:7d:7:a8
 0h00:04.802 2022/02/01T03:38:58z: SSID: MU Open
 0h00:04.807 2022/02/01T03:38:58z: AP_STAR tmr
 ets Jan  8 2013,rst cause:4, boot mode:(3,7)

wdt reset
load 0x4010f000, len 1384, room 16 
tail 8
chksum 0x2d
csum 0x2d
v8b899c12
~ld


6.01
 0h00:04.478 2022/02/01T03:59:00z: DS3231
 0h00:04.494 2022/02/01T03:59:00z: BME280 (0x76)
 0h00:04.508 2022/02/01T03:59:00z: 84:f3:eb:7d:7:a8
 0h00:04.510 2022/02/01T03:59:00z: SSID: MU Open
 0h00:04.515 2022/02/01T03:59:00z: AP_STAR tmr
 ets Jan  8 2013,rst cause:4, boot mode:(3,7)

wdt reset
load 0x4010f000, len 1384, room 16 
tail 8
chksum 0x2d
csum 0x2d
v8b899c12
~ld


6.01
 0h00:04.467 2022/02/01T04:19:00z: DS3231
 0h00:04.482 2022/02/01T04:19:00z: BME280 (0x76)
 0h00:04.496 2022/02/01T04:19:00z: 84:f3:eb:7d:7:a8
 0h00:04.498 2022/02/01T04:19:00z: SSID: MU Open
 0h00:04.503 2022/02/01T04:19:00z: AP_STAR tmr
 ets Jan  8 2013,rst cause:4, boot mode:(3,7)

wdt reset
load 0x4010f000, len 1384, room 16 
tail 8
chksum 0x2d
csum 0x2d
v8b899c12
~ld


6.01
 0h00:04.495 2022/02/01T04:39:02z: DS3231
 0h00:04.511 2022/02/01T04:39:02z: BME280 (0x76)
 0h00:04.525 2022/02/01T04:39:02z: 84:f3:eb:7d:7:a8
 0h00:04.527 2022/02/01T04:39:02z: SSID: MU Open
 0h00:04.532 2022/02/01T04:39:02z: AP_STAR tmr
 ets Jan  8 2013,rst cause:4, boot mode:(3,7)

wdt reset
load 0x4010f000, len 1384, room 16 
tail 8
chksum 0x2d
csum 0x2d
v8b899c12
~ld


6.01
 0h00:04.530 2022/02/01T04:59:03z: DS3231
 0h00:04.546 2022/02/01T04:59:03z: BME280 (0x76)
 0h00:04.560 2022/02/01T04:59:03z: 84:f3:eb:7d:7:a8
 0h00:04.562 2022/02/01T04:59:03z: SSID: MU Open
 0h00:04.567 2022/02/01T04:59:03z: AP_STAR tmr
 ets Jan  8 2013,rst cause:4, boot mode:(3,7)

wdt reset
load 0x4010f000, len 1384, room 16 
tail 8
chksum 0x2d
csum 0x2d
v8b899c12
~ld


6.01
 0h00:04.530 2022/02/01T05:19:04z: DS3231
 0h00:04.545 2022/02/01T05:19:04z: BME280 (0x76)
 0h00:04.559 2022/02/01T05:19:04z: 84:f3:eb:7d:7:a8
 0h00:04.561 2022/02/01T05:19:04z: SSID: MU Open
 0h00:04.566 2022/02/01T05:19:04z: AP_STAR tmr
 ets Jan  8 2013,rst cause:4, boot mode:(3,7)

wdt reset
load 0x4010f000, len 1384, room 16 
tail 8
chksum 0x2d
csum 0x2d
v8b899c12
~ld


6.01
 0h00:04.492 2022/02/01T05:39:05z: DS3231
 0h00:04.507 2022/02/01T05:39:05z: BME280 (0x76)
 0h00:04.521 2022/02/01T05:39:05z: 84:f3:eb:7d:7:a8
 0h00:04.523 2022/02/01T05:39:05z: SSID: MU Open
 0h00:04.528 2022/02/01T05:39:05z: AP_STAR tmr
 ets Jan  8 2013,rst cause:4, boot mode:(3,7)

wdt reset
load 0x4010f000, len 1384, room 16 
tail 8
chksum 0x2d
csum 0x2d
v8b899c12
~ld


6.01
 0h00:04.453 2022/02/01T05:59:07z: DS3231
 0h00:04.468 2022/02/01T05:59:07z: BME280 (0x76)
 0h00:04.482 2022/02/01T05:59:07z: 84:f3:eb:7d:7:a8
 0h00:04.484 2022/02/01T05:59:07z: SSID: MU Open
 0h00:04.489 2022/02/01T05:59:07z: AP_STAR tmr
 ets Jan  8 2013,rst cause:4, boot mode:(3,7)

wdt reset
load 0x4010f000, len 1384, room 16 
tail 8
chksum 0x2d
csum 0x2d
v8b899c12
~ld


6.01
 0h00:04.608 2022/02/01T06:19:07z: DS3231
 0h00:04.624 2022/02/01T06:19:08z: BME280 (0x76)
 0h00:04.638 2022/02/01T06:19:08z: 84:f3:eb:7d:7:a8
 0h00:04.640 2022/02/01T06:19:08z: SSID: MU Open
 0h00:04.645 2022/02/01T06:19:08z: AP_STAR tmr
 ets Jan  8 2013,rst cause:4, boot mode:(3,7)

wdt reset
load 0x4010f000, len 1384, room 16 
tail 8
chksum 0x2d
csum 0x2d
v8b899c12
~ld


6.01
 0h00:04.597 2022/02/01T06:39:09z: DS3231
 0h00:04.612 2022/02/01T06:39:09z: BME280 (0x76)
 0h00:04.626 2022/02/01T06:39:09z: 84:f3:eb:7d:7:a8
 0h00:04.628 2022/02/01T06:39:09z: SSID: MU Open
 0h00:04.633 2022/02/01T06:39:09z: AP_STAR tmr
 ets Jan  8 2013,rst cause:4, boot mode:(3,7)

wdt reset
load 0x4010f000, len 1384, room 16 
tail 8
chksum 0x2d
csum 0x2d
v8b899c12
~ld


6.01
 0h00:04.620 2022/02/01T06:59:10z: DS3231
 0h00:04.636 2022/02/01T06:59:10z: BME280 (0x76)
 0h00:04.650 2022/02/01T06:59:10z: 84:f3:eb:7d:7:a8
 0h00:04.651 2022/02/01T06:59:10z: SSID: MU Open
 0h00:04.657 2022/02/01T06:59:10z: AP_STAR tmr
 ets Jan  8 2013,rst cause:4, boot mode:(3,7)

wdt reset
load 0x4010f000, len 1384, room 16 
tail 8
chksum 0x2d
csum 0x2d
v8b899c12
~ld


6.01
 0h00:04.354 2022/02/01T07:19:10z: DS3231
 0h00:04.369 2022/02/01T07:19:10z: BME280 (0x76)
 0h00:04.383 2022/02/01T07:19:10z: 84:f3:eb:7d:7:a8
 0h00:04.385 2022/02/01T07:19:10z: SSID: MU Open
 0h00:04.390 2022/02/01T07:19:10z: AP_STAR tmr
 ets Jan  8 2013,rst cause:4, boot mode:(3,7)

wdt reset
load 0x4010f000, len 1384, room 16 
tail 8
chksum 0x2d
csum 0x2d
v8b899c12
~ld


6.01
 0h00:04.431 2022/02/01T07:39:11z: DS3231
 0h00:04.446 2022/02/01T07:39:11z: BME280 (0x76)
 0h00:04.460 2022/02/01T07:39:11z: 84:f3:eb:7d:7:a8
 0h00:04.462 2022/02/01T07:39:11z: SSID: MU Open
 0h00:04.467 2022/02/01T07:39:11z: AP_STAR tmr
 ets Jan  8 2013,rst cause:4, boot mode:(3,7)

wdt reset
load 0x4010f000, len 1384, room 16 
tail 8
chksum 0x2d
csum 0x2d
v8b899c12
~ld


6.01
 0h00:04.665 2022/02/01T07:59:13z: DS3231
 0h00:04.680 2022/02/01T07:59:13z: BME280 (0x76)
 0h00:04.694 2022/02/01T07:59:13z: 84:f3:eb:7d:7:a8
 0h00:04.696 2022/02/01T07:59:13z: SSID: MU Open
 0h00:04.701 2022/02/01T07:59:13z: AP_STAR tmr
 ets Jan  8 2013,rst cause:4, boot mode:(3,7)

wdt reset
load 0x4010f000, len 1384, room 16 
tail 8
chksum 0x2d
csum 0x2d
v8b899c12
~ld


6.01
 0h00:04.468 2022/02/01T08:19:13z: DS3231
 0h00:04.483 2022/02/01T08:19:13z: BME280 (0x76)
 0h00:04.497 2022/02/01T08:19:13z: 84:f3:eb:7d:7:a8
 0h00:04.499 2022/02/01T08:19:13z: SSID: MU Open
 0h00:04.504 2022/02/01T08:19:13z: AP_STAR tmr
 ets Jan  8 2013,rst cause:4, boot mode:(3,7)

wdt reset
load 0x4010f000, len 1384, room 16 
tail 8
chksum 0x2d
csum 0x2d
v8b899c12
~ld


6.01
 0h00:04.647 2022/02/01T08:39:15z: DS3231
 0h00:04.662 2022/02/01T08:39:15z: BME280 (0x76)
 0h00:04.676 2022/02/01T08:39:15z: 84:f3:eb:7d:7:a8
 0h00:04.678 2022/02/01T08:39:15z: SSID: MU Open
 0h00:04.683 2022/02/01T08:39:15z: AP_STAR tmr
 ets Jan  8 2013,rst cause:4, boot mode:(3,7)

wdt reset
load 0x4010f000, len 1384, room 16 
tail 8
chksum 0x2d
csum 0x2d
v8b899c12
~ld


6.01
 0h00:04.253 2022/02/01T08:59:16z: DS3231
 0h00:04.268 2022/02/01T08:59:16z: BME280 (0x76)
 0h00:04.282 2022/02/01T08:59:16z: 84:f3:eb:7d:7:a8
 0h00:04.284 2022/02/01T08:59:16z: SSID: MU Open
 0h00:04.289 2022/02/01T08:59:16z: AP_STAR tmr
 ets Jan  8 2013,rst cause:4, boot mode:(3,7)

wdt reset
load 0x4010f000, len 1384, room 16 
tail 8
chksum 0x2d
csum 0x2d
v8b899c12
~ld


6.01
 0h00:04.420 2022/02/01T09:19:17z: DS3231
 0h00:04.435 2022/02/01T09:19:17z: BME280 (0x76)
 0h00:04.449 2022/02/01T09:19:17z: 84:f3:eb:7d:7:a8
 0h00:04.451 2022/02/01T09:19:17z: SSID: MU Open
 0h00:04.456 2022/02/01T09:19:17z: AP_STAR tmr
 ets Jan  8 2013,rst cause:4, boot mode:(3,7)

wdt reset
load 0x4010f000, len 1384, room 16 
tail 8
chksum 0x2d
csum 0x2d
v8b899c12
~ld


6.01
 0h00:04.387 2022/02/01T09:39:17z: DS3231
 0h00:04.402 2022/02/01T09:39:17z: BME280 (0x76)
 0h00:04.416 2022/02/01T09:39:17z: 84:f3:eb:7d:7:a8
 0h00:04.418 2022/02/01T09:39:17z: SSID: MU Open
 0h00:04.423 2022/02/01T09:39:17z: AP_STAR tmr
 ets Jan  8 2013,rst cause:4, boot mode:(3,7)

wdt reset
load 0x4010f000, len 1384, room 16 
tail 8
chksum 0x2d
csum 0x2d
v8b899c12
~ld


6.01
 0h00:04.334 2022/02/01T09:59:17z: DS3231
 0h00:04.349 2022/02/01T09:59:17z: BME280 (0x76)
 0h00:04.364 2022/02/01T09:59:17z: 84:f3:eb:7d:7:a8
 0h00:04.365 2022/02/01T09:59:17z: SSID: MU Open
 0h00:04.370 2022/02/01T09:59:17z: AP_STAR tmr
 ets Jan  8 2013,rst cause:4, boot mode:(3,7)

wdt reset
load 0x4010f000, len 1384, room 16 
tail 8
chksum 0x2d
csum 0x2d
v8b899c12
~ld


6.01
 0h00:04.592 2022/02/01T10:19:18z: DS3231
 0h00:04.608 2022/02/01T10:19:18z: BME280 (0x76)
 0h00:04.622 2022/02/01T10:19:18z: 84:f3:eb:7d:7:a8
 0h00:04.624 2022/02/01T10:19:18z: SSID: MU Open
 0h00:04.629 2022/02/01T10:19:18z: AP_STAR tmr
 ets Jan  8 2013,rst cause:4, boot mode:(3,7)

wdt reset
load 0x4010f000, len 1384, room 16 
tail 8
chksum 0x2d
csum 0x2d
v8b899c12
~ld


6.01
 0h00:04.379 2022/02/01T10:39:18z: DS3231
 0h00:04.395 2022/02/01T10:39:19z: BME280 (0x76)
 0h00:04.409 2022/02/01T10:39:19z: 84:f3:eb:7d:7:a8
 0h00:04.411 2022/02/01T10:39:19z: SSID: MU Open
 0h00:04.416 2022/02/01T10:39:19z: AP_STAR tmr
 ets Jan  8 2013,rst cause:4, boot mode:(3,7)

wdt reset
load 0x4010f000, len 1384, room 16 
tail 8
chksum 0x2d
csum 0x2d
v8b899c12
~ld


6.01
 0h00:04.606 2022/02/01T10:59:19z: DS3231
 0h00:04.621 2022/02/01T10:59:19z: BME280 (0x76)
 0h00:04.635 2022/02/01T10:59:19z: 84:f3:eb:7d:7:a8
 0h00:04.637 2022/02/01T10:59:19z: SSID: MU Open
 0h00:04.642 2022/02/01T10:59:19z: AP_STAR tmr
 ets Jan  8 2013,rst cause:4, boot mode:(3,7)

wdt reset
load 0x4010f000, len 1384, room 16 
tail 8
chksum 0x2d
csum 0x2d
v8b899c12
~ld


6.01
 0h00:04.616 2022/02/01T11:19:19z: DS3231
 0h00:04.631 2022/02/01T11:19:19z: BME280 (0x76)
 0h00:04.646 2022/02/01T11:19:20z: 84:f3:eb:7d:7:a8
 0h00:04.647 2022/02/01T11:19:20z: SSID: MU Open
 0h00:04.652 2022/02/01T11:19:20z: AP_STAR tmr
 ets Jan  8 2013,rst cause:4, boot mode:(3,7)

wdt reset
load 0x4010f000, len 1384, room 16 
tail 8
chksum 0x2d
csum 0x2d
v8b899c12
~ld


6.01
 0h00:04.330 2022/02/01T11:39:21z: DS3231
 0h00:04.345 2022/02/01T11:39:21z: BME280 (0x76)
 0h00:04.360 2022/02/01T11:39:21z: 84:f3:eb:7d:7:a8
 0h00:04.361 2022/02/01T11:39:21z: SSID: MU Open
 0h00:04.366 2022/02/01T11:39:21z: AP_STAR tmr
 ets Jan  8 2013,rst cause:4, boot mode:(3,7)

wdt reset
load 0x4010f000, len 1384, room 16 
tail 8
chksum 0x2d
csum 0x2d
v8b899c12
~ld


6.01
 0h00:04.533 2022/02/01T11:59:21z: DS3231
 0h00:04.548 2022/02/01T11:59:21z: BME280 (0x76)
 0h00:04.562 2022/02/01T11:59:21z: 84:f3:eb:7d:7:a8
 0h00:04.564 2022/02/01T11:59:21z: SSID: MU Open
 0h00:04.569 2022/02/01T11:59:21z: AP_STAR tmr
 ets Jan  8 2013,rst cause:4, boot mode:(3,7)

wdt reset
load 0x4010f000, len 1384, room 16 
tail 8
chksum 0x2d
csum 0x2d
v8b899c12
~ld


6.01
 0h00:04.335 2022/02/01T12:19:21z: DS3231
 0h00:04.351 2022/02/01T12:19:21z: BME280 (0x76)
 0h00:04.365 2022/02/01T12:19:21z: 84:f3:eb:7d:7:a8
 0h00:04.367 2022/02/01T12:19:21z: SSID: MU Open
 0h00:04.372 2022/02/01T12:19:21z: AP_STAR tmr
 ets Jan  8 2013,rst cause:4, boot mode:(3,7)

wdt reset
load 0x4010f000, len 1384, room 16 
tail 8
chksum 0x2d
csum 0x2d
v8b899c12
~ld


6.01
 0h00:04.539 2022/02/01T12:39:22z: DS3231
 0h00:04.554 2022/02/01T12:39:22z: BME280 (0x76)
 0h00:04.569 2022/02/01T12:39:22z: 84:f3:eb:7d:7:a8
 0h00:04.570 2022/02/01T12:39:22z: SSID: MU Open
 0h00:04.575 2022/02/01T12:39:22z: AP_STAR tmr
 ets Jan  8 2013,rst cause:4, boot mode:(3,7)

wdt reset
load 0x4010f000, len 1384, room 16 
tail 8
chksum 0x2d
csum 0x2d
v8b899c12
~ld


6.01
 0h00:04.502 2022/02/01T12:59:22z: DS3231
 0h00:04.518 2022/02/01T12:59:22z: BME280 (0x76)
 0h00:04.532 2022/02/01T12:59:22z: 84:f3:eb:7d:7:a8
 0h00:04.533 2022/02/01T12:59:22z: SSID: MU Open
 0h00:04.539 2022/02/01T12:59:22z: AP_STAR tmr
 ets Jan  8 2013,rst cause:4, boot mode:(3,7)

wdt reset
load 0x4010f000, len 1384, room 16 
tail 8
chksum 0x2d
csum 0x2d
v8b899c12
~ld


6.01
 0h00:04.336 2022/02/01T13:19:23z: DS3231
 0h00:04.351 2022/02/01T13:19:23z: BME280 (0x76)
 0h00:04.365 2022/02/01T13:19:23z: 84:f3:eb:7d:7:a8
 0h00:04.367 2022/02/01T13:19:23z: SSID: MU Open
 0h00:04.372 2022/02/01T13:19:23z: AP_STAR tmr
 ets Jan  8 2013,rst cause:4, boot mode:(3,7)

wdt reset
load 0x4010f000, len 1384, room 16 
tail 8
chksum 0x2d
csum 0x2d
v8b899c12
~ld


6.01
 0h00:04.387 2022/02/01T13:39:24z: DS3231
 0h00:04.402 2022/02/01T13:39:24z: BME280 (0x76)
 0h00:04.416 2022/02/01T13:39:24z: 84:f3:eb:7d:7:a8
 0h00:04.418 2022/02/01T13:39:24z: SSID: MU Open
 0h00:04.423 2022/02/01T13:39:24z: AP_STAR tmr
 ets Jan  8 2013,rst cause:4, boot mode:(3,7)

wdt reset
load 0x4010f000, len 1384, room 16 
tail 8
chksum 0x2d
csum 0x2d
v8b899c12
~ld


6.01
 0h00:04.430 2022/02/01T13:59:25z: DS3231
 0h00:04.445 2022/02/01T13:59:25z: BME280 (0x76)
 0h00:04.459 2022/02/01T13:59:25z: 84:f3:eb:7d:7:a8
 0h00:04.461 2022/02/01T13:59:25z: SSID: MU Open
 0h00:04.466 2022/02/01T13:59:25z: AP_STAR tmr
 ets Jan  8 2013,rst cause:4, boot mode:(3,7)

wdt reset
load 0x4010f000, len 1384, room 16 
tail 8
chksum 0x2d
csum 0x2d
v8b899c12
~ld


6.01
 0h00:04.545 2022/02/01T14:19:26z: DS3231
 0h00:04.560 2022/02/01T14:19:26z: BME280 (0x76)
 0h00:04.574 2022/02/01T14:19:26z: 84:f3:eb:7d:7:a8
 0h00:04.576 2022/02/01T14:19:26z: SSID: MU Open
 0h00:04.581 2022/02/01T14:19:26z: AP_STAR tmr
 ets Jan  8 2013,rst cause:4, boot mode:(3,7)

wdt reset
load 0x4010f000, len 1384, room 16 
tail 8
chksum 0x2d
csum 0x2d
v8b899c12
~ld


6.01
 0h00:04.546 2022/02/01T14:39:28z: DS3231
 0h00:04.561 2022/02/01T14:39:28z: BME280 (0x76)
 0h00:04.575 2022/02/01T14:39:28z: 84:f3:eb:7d:7:a8
 0h00:04.577 2022/02/01T14:39:28z: SSID: MU Open
 0h00:04.582 2022/02/01T14:39:28z: AP_STAR tmr
 ets Jan  8 2013,rst cause:4, boot mode:(3,7)

wdt reset
load 0x4010f000, len 1384, room 16 
tail 8
chksum 0x2d
csum 0x2d
v8b899c12
~ld


6.01
 0h00:04.688 2022/02/01T14:59:29z: DS3231
 0h00:04.703 2022/02/01T14:59:29z: BME280 (0x76)
 0h00:04.717 2022/02/01T14:59:29z: 84:f3:eb:7d:7:a8
 0h00:04.719 2022/02/01T14:59:29z: SSID: MU Open
 0h00:04.724 2022/02/01T14:59:29z: AP_STAR tmr
 ets Jan  8 2013,rst cause:4, boot mode:(3,7)

wdt reset
load 0x4010f000, len 1384, room 16 
tail 8
chksum 0x2d
csum 0x2d
v8b899c12
~ld


6.01
 0h00:04.640 2022/02/01T15:19:30z: DS3231
 0h00:04.656 2022/02/01T15:19:30z: BME280 (0x76)
 0h00:04.670 2022/02/01T15:19:30z: 84:f3:eb:7d:7:a8
 0h00:04.672 2022/02/01T15:19:30z: SSID: MU Open
 0h00:04.677 2022/02/01T15:19:30z: AP_STAR tmr
 ets Jan  8 2013,rst cause:4, boot mode:(3,7)

wdt reset
load 0x4010f000, len 1384, room 16 
tail 8
chksum 0x2d
csum 0x2d
v8b899c12
~ld


6.01
 0h00:04.657 2022/02/01T15:39:30z: DS3231
 0h00:04.672 2022/02/01T15:39:30z: BME280 (0x76)
 0h00:04.687 2022/02/01T15:39:30z: 84:f3:eb:7d:7:a8
 0h00:04.688 2022/02/01T15:39:30z: SSID: MU Open
 0h00:04.693 2022/02/01T15:39:30z: AP_STAR tmr
 ets Jan  8 2013,rst cause:4, boot mode:(3,7)

wdt reset
load 0x4010f000, len 1384, room 16 
tail 8
chksum 0x2d
csum 0x2d
v8b899c12
~ld


6.01
 0h00:04.121 2022/02/01T15:59:31z: DS3231
 0h00:04.136 2022/02/01T15:59:31z: BME280 (0x76)
 0h00:04.150 2022/02/01T15:59:31z: 84:f3:eb:7d:7:a8
 0h00:04.152 2022/02/01T15:59:31z: SSID: MU Open
 0h00:04.157 2022/02/01T15:59:31z: AP_STAR tmr
 ets Jan  8 2013,rst cause:4, boot mode:(3,7)

wdt reset
load 0x4010f000, len 1384, room 16 
tail 8
chksum 0x2d
csum 0x2d
v8b899c12
~ld


6.01
 0h00:04.642 2022/02/01T16:19:32z: DS3231
 0h00:04.657 2022/02/01T16:19:32z: BME280 (0x76)
 0h00:04.671 2022/02/01T16:19:32z: 84:f3:eb:7d:7:a8
 0h00:04.673 2022/02/01T16:19:32z: SSID: MU Open
 0h00:04.678 2022/02/01T16:19:32z: AP_STAR tmr
 ets Jan  8 2013,rst cause:4, boot mode:(3,7)

wdt reset
load 0x4010f000, len 1384, room 16 
tail 8
chksum 0x2d
csum 0x2d
v8b899c12
~ld


6.01
 0h00:04.452 2022/02/01T16:39:33z: DS3231
 0h00:04.468 2022/02/01T16:39:33z: BME280 (0x76)
 0h00:04.482 2022/02/01T16:39:33z: 84:f3:eb:7d:7:a8
 0h00:04.484 2022/02/01T16:39:33z: SSID: MU Open
 0h00:04.489 2022/02/01T16:39:33z: AP_STAR tmr
 ets Jan  8 2013,rst cause:4, boot mode:(3,7)

wdt reset
load 0x4010f000, len 1384, room 16 
tail 8
chksum 0x2d
csum 0x2d
v8b899c12
~ld


6.01
 0h00:04.644 2022/02/01T16:59:34z: DS3231
 0h00:04.659 2022/02/01T16:59:34z: BME280 (0x76)
 0h00:04.673 2022/02/01T16:59:34z: 84:f3:eb:7d:7:a8
 0h00:04.675 2022/02/01T16:59:34z: SSID: MU Open
 0h00:04.680 2022/02/01T16:59:34z: AP_STAR tmr
 ets Jan  8 2013,rst cause:4, boot mode:(3,7)

wdt reset
load 0x4010f000, len 1384, room 16 
tail 8
chksum 0x2d
csum 0x2d
v8b899c12
~ld


6.01
 0h00:04.395 2022/02/01T17:19:35z: DS3231
 0h00:04.411 2022/02/01T17:19:35z: BME280 (0x76)
 0h00:04.425 2022/02/01T17:19:35z: 84:f3:eb:7d:7:a8
 0h00:04.427 2022/02/01T17:19:35z: SSID: MU Open
 0h00:04.432 2022/02/01T17:19:35z: AP_STAR tmr
 ets Jan  8 2013,rst cause:4, boot mode:(3,7)

wdt reset
load 0x4010f000, len 1384, room 16 
tail 8
chksum 0x2d
csum 0x2d
v8b899c12
~ld


6.01
 0h00:04.148 2022/02/01T17:39:35z: DS3231
 0h00:04.163 2022/02/01T17:39:35z: BME280 (0x76)
 0h00:04.177 2022/02/01T17:39:35z: 84:f3:eb:7d:7:a8
 0h00:04.179 2022/02/01T17:39:35z: SSID: MU Open
 0h00:04.184 2022/02/01T17:39:35z: AP_STAR tmr
 ets Jan  8 2013,rst cause:4, boot mode:(3,7)

wdt reset
load 0x4010f000, len 1384, room 16 
tail 8
chksum 0x2d
csum 0x2d
v8b899c12
~ld


6.01
 0h00:04.152 2022/02/01T17:59:35z: DS3231
 0h00:04.168 2022/02/01T17:59:35z: BME280 (0x76)
 0h00:04.182 2022/02/01T17:59:35z: 84:f3:eb:7d:7:a8
 0h00:04.184 2022/02/01T17:59:35z: SSID: MU Open
 0h00:04.189 2022/02/01T17:59:35z: AP_STAR tmr
 ets Jan  8 2013,rst cause:4, boot mode:(3,7)

wdt reset
load 0x4010f000, len 1384, room 16 
tail 8
chksum 0x2d
csum 0x2d
v8b899c12
~ld


6.01
 0h00:04.335 2022/02/01T18:19:36z: DS3231
 0h00:04.350 2022/02/01T18:19:36z: BME280 (0x76)
 0h00:04.364 2022/02/01T18:19:36z: 84:f3:eb:7d:7:a8
 0h00:04.366 2022/02/01T18:19:36z: SSID: MU Open
 0h00:04.371 2022/02/01T18:19:36z: AP_STAR tmr
 ets Jan  8 2013,rst cause:4, boot mode:(3,7)

wdt reset
load 0x4010f000, len 1384, room 16 
tail 8
chksum 0x2d
csum 0x2d
v8b899c12
~ld


6.01
 0h00:04.516 2022/02/01T18:39:37z: DS3231
 0h00:04.532 2022/02/01T18:39:37z: BME280 (0x76)
 0h00:04.546 2022/02/01T18:39:37z: 84:f3:eb:7d:7:a8
 0h00:04.547 2022/02/01T18:39:37z: SSID: MU Open
 0h00:04.553 2022/02/01T18:39:37z: AP_STAR tmr
 ets Jan  8 2013,rst cause:4, boot mode:(3,7)

wdt reset
load 0x4010f000, len 1384, room 16 
tail 8
chksum 0x2d
csum 0x2d
v8b899c12
~ld


6.01
 0h00:04.419 2022/02/01T18:59:38z: DS3231
 0h00:04.434 2022/02/01T18:59:38z: BME280 (0x76)
 0h00:04.449 2022/02/01T18:59:38z: 84:f3:eb:7d:7:a8
 0h00:04.450 2022/02/01T18:59:38z: SSID: MU Open
 0h00:04.455 2022/02/01T18:59:38z: AP_STAR tmr
 ets Jan  8 2013,rst cause:4, boot mode:(3,7)

wdt reset
load 0x4010f000, len 1384, room 16 
tail 8
chksum 0x2d
csum 0x2d
v8b899c12
~ld


6.01
 0h00:04.013 2022/02/01T19:19:38z: DS3231
 0h00:04.028 2022/02/01T19:19:38z: BME280 (0x76)
 0h00:04.042 2022/02/01T19:19:38z: 84:f3:eb:7d:7:a8
 0h00:04.044 2022/02/01T19:19:38z: SSID: MU Open
 0h00:04.049 2022/02/01T19:19:38z: AP_STAR tmr
 ets Jan  8 2013,rst cause:4, boot mode:(3,7)

wdt reset
load 0x4010f000, len 1384, room 16 
tail 8
chksum 0x2d
csum 0x2d
v8b899c12
~ld


6.01
 0h00:04.459 2022/02/01T19:39:38z: DS3231
 0h00:04.475 2022/02/01T19:39:38z: BME280 (0x76)
 0h00:04.489 2022/02/01T19:39:38z: 84:f3:eb:7d:7:a8
 0h00:04.491 2022/02/01T19:39:38z: SSID: MU Open
 0h00:04.496 2022/02/01T19:39:38z: AP_STAR tmr
 ets Jan  8 2013,rst cause:4, boot mode:(3,7)

wdt reset
load 0x4010f000, len 1384, room 16 
tail 8
chksum 0x2d
csum 0x2d
v8b899c12
~ld


6.01
 0h00:04.321 2022/02/01T19:59:39z: DS3231
 0h00:04.337 2022/02/01T19:59:39z: BME280 (0x76)
 0h00:04.351 2022/02/01T19:59:39z: 84:f3:eb:7d:7:a8
 0h00:04.353 2022/02/01T19:59:39z: SSID: MU Open
 0h00:04.358 2022/02/01T19:59:40z: AP_STAR tmr
 ets Jan  8 2013,rst cause:4, boot mode:(3,7)

wdt reset
load 0x4010f000, len 1384, room 16 
tail 8
chksum 0x2d
csum 0x2d
v8b899c12
~ld


6.01
 0h00:04.308 2022/02/01T20:19:40z: DS3231
 0h00:04.324 2022/02/01T20:19:40z: BME280 (0x76)
 0h00:04.338 2022/02/01T20:19:40z: 84:f3:eb:7d:7:a8
 0h00:04.340 2022/02/01T20:19:40z: SSID: MU Open
 0h00:04.345 2022/02/01T20:19:40z: AP_STAR tmr
 ets Jan  8 2013,rst cause:4, boot mode:(3,7)

wdt reset
load 0x4010f000, len 1384, room 16 
tail 8
chksum 0x2d
csum 0x2d
v8b899c12
~ld


6.01
 0h00:04.450 2022/02/01T20:39:40z: DS3231
 0h00:04.465 2022/02/01T20:39:40z: BME280 (0x76)
 0h00:04.479 2022/02/01T20:39:40z: 84:f3:eb:7d:7:a8
 0h00:04.481 2022/02/01T20:39:40z: SSID: MU Open
 0h00:04.486 2022/02/01T20:39:40z: AP_STAR tmr
 ets Jan  8 2013,rst cause:4, boot mode:(3,7)

wdt reset
load 0x4010f000, len 1384, room 16 
tail 8
chksum 0x2d
csum 0x2d
v8b899c12
~ld


6.01
 0h00:04.316 2022/02/01T20:59:41z: DS3231
 0h00:04.331 2022/02/01T20:59:41z: BME280 (0x76)
 0h00:04.346 2022/02/01T20:59:41z: 84:f3:eb:7d:7:a8
 0h00:04.347 2022/02/01T20:59:41z: SSID: MU Open
 0h00:04.352 2022/02/01T20:59:41z: AP_STAR tmr
 ets Jan  8 2013,rst cause:4, boot mode:(3,7)

wdt reset
load 0x4010f000, len 1384, room 16 
tail 8
chksum 0x2d
csum 0x2d
v8b899c12
~ld


6.01
 0h00:04.343 2022/02/01T21:19:41z: DS3231
 0h00:04.358 2022/02/01T21:19:41z: BME280 (0x76)
 0h00:04.372 2022/02/01T21:19:41z: 84:f3:eb:7d:7:a8
 0h00:04.374 2022/02/01T21:19:41z: SSID: MU Open
 0h00:04.379 2022/02/01T21:19:41z: AP_STAR tmr
 ets Jan  8 2013,rst cause:4, boot mode:(3,7)

wdt reset
load 0x4010f000, len 1384, room 16 
tail 8
chksum 0x2d
csum 0x2d
v8b899c12
~ld


6.01
 0h00:04.539 2022/02/01T21:39:42z: DS3231
 0h00:04.554 2022/02/01T21:39:42z: BME280 (0x76)
 0h00:04.568 2022/02/01T21:39:42z: 84:f3:eb:7d:7:a8
 0h00:04.570 2022/02/01T21:39:42z: SSID: MU Open
 0h00:04.575 2022/02/01T21:39:42z: AP_STAR tmr
 ets Jan  8 2013,rst cause:4, boot mode:(3,7)

wdt reset
load 0x4010f000, len 1384, room 16 
tail 8
chksum 0x2d
csum 0x2d
v8b899c12
~ld


6.01
 0h00:04.341 2022/02/01T21:59:43z: DS3231
 0h00:04.356 2022/02/01T21:59:43z: BME280 (0x76)
 0h00:04.371 2022/02/01T21:59:43z: 84:f3:eb:7d:7:a8
 0h00:04.372 2022/02/01T21:59:43z: SSID: MU Open
 0h00:04.377 2022/02/01T21:59:43z: AP_STAR tmr
 ets Jan  8 2013,rst cause:4, boot mode:(3,7)

wdt reset
load 0x4010f000, len 1384, room 16 
tail 8
chksum 0x2d
csum 0x2d
v8b899c12
~ld


6.01
 0h00:04.314 2022/02/01T22:19:44z: DS3231
 0h00:04.330 2022/02/01T22:19:44z: BME280 (0x76)
 0h00:04.344 2022/02/01T22:19:44z: 84:f3:eb:7d:7:a8
 0h00:04.345 2022/02/01T22:19:44z: SSID: MU Open
 0h00:04.351 2022/02/01T22:19:44z: AP_STAR tmr
 ets Jan  8 2013,rst cause:4, boot mode:(3,7)

wdt reset
load 0x4010f000, len 1384, room 16 
tail 8
chksum 0x2d
csum 0x2d
v8b899c12
~ld


6.01
 0h00:04.459 2022/02/01T22:39:45z: DS3231
 0h00:04.474 2022/02/01T22:39:45z: BME280 (0x76)
 0h00:04.488 2022/02/01T22:39:45z: 84:f3:eb:7d:7:a8
 0h00:04.490 2022/02/01T22:39:45z: SSID: MU Open
 0h00:04.495 2022/02/01T22:39:45z: AP_STAR tmr
 ets Jan  8 2013,rst cause:4, boot mode:(3,7)

wdt reset
load 0x4010f000, len 1384, room 16 
tail 8
chksum 0x2d
csum 0x2d
v8b899c12
~ld


6.01
 0h00:04.073 2022/02/01T22:59:45z: DS3231
 0h00:04.088 2022/02/01T22:59:45z: BME280 (0x76)
 0h00:04.102 2022/02/01T22:59:45z: 84:f3:eb:7d:7:a8
 0h00:04.104 2022/02/01T22:59:45z: SSID: MU Open
 0h00:04.109 2022/02/01T22:59:45z: AP_STAR tmr
 ets Jan  8 2013,rst cause:4, boot mode:(3,7)

wdt reset
load 0x4010f000, len 1384, room 16 
tail 8
chksum 0x2d
csum 0x2d
v8b899c12
~ld


6.01
 0h00:04.421 2022/02/01T23:19:46z: DS3231
 0h00:04.436 2022/02/01T23:19:46z: BME280 (0x76)
 0h00:04.450 2022/02/01T23:19:46z: 84:f3:eb:7d:7:a8
 0h00:04.452 2022/02/01T23:19:46z: SSID: MU Open
 0h00:04.457 2022/02/01T23:19:46z: AP_STAR tmr
 ets Jan  8 2013,rst cause:4, boot mode:(3,7)

wdt reset
load 0x4010f000, len 1384, room 16 
tail 8
chksum 0x2d
csum 0x2d
v8b899c12
~ld


6.01
 0h00:04.237 2022/02/01T23:39:46z: DS3231
 0h00:04.253 2022/02/01T23:39:46z: BME280 (0x76)
 0h00:04.267 2022/02/01T23:39:46z: 84:f3:eb:7d:7:a8
 0h00:04.269 2022/02/01T23:39:46z: SSID: MU Open
 0h00:04.274 2022/02/01T23:39:46z: AP_STAR tmr
 ets Jan  8 2013,rst cause:4, boot mode:(3,7)

wdt reset
load 0x4010f000, len 1384, room 16 
tail 8
chksum 0x2d
csum 0x2d
v8b899c12
~ld


6.01
 0h00:04.483 2022/02/01T23:59:46z: DS3231
 0h00:04.498 2022/02/01T23:59:46z: BME280 (0x76)
 0h00:04.512 2022/02/01T23:59:46z: 84:f3:eb:7d:7:a8
 0h00:04.514 2022/02/01T23:59:46z: SSID: MU Open
 0h00:04.519 2022/02/01T23:59:46z: AP_STA