R tmr
 ets Jan  8 2013,rst cause:4, boot mode:(3,7)

wdt reset
load 0x4010f000, len 1384, room 16 
tail 8
chksum 0x2d
csum 0x2d
v8b899c12
~ld


6.01
 0h00:06.163 2022/11/17T00:15:58z: DS3231
 0h00:06.178 2022/11/17T00:15:58z: BME280 (0x76)
 0h00:06.192 2022/11/17T00:15:58z: 84:f3:eb:7d:7:a8
 0h00:06.194 2022/11/17T00:15:58z: SSID: MU Open
 0h00:06.199 2022/11/17T00:15:58z: AP_STAR tmr
 ets Jan  8 2013,rst cause:4, boot mode:(3,7)

wdt reset
load 0x4010f000, len 1384, room 16 
tail 8
chksum 0x2d
csum 0x2d
v8b899c12
~ld


6.01
 0h00:06.120 2022/11/17T00:36:05z: DS3231
 0h00:06.136 2022/11/17T00:36:05z: BME280 (0x76)
 0h00:06.150 2022/11/17T00:36:05z: 84:f3:eb:7d:7:a8
 0h00:06.152 2022/11/17T00:36:05z: SSID: MU Open
 0h00:06.157 2022/11/17T00:36:05z: AP_STAR tmr
 ets Jan  8 2013,rst cause:4, boot mode:(3,7)

wdt reset
load 0x4010f000, len 1384, room 16 
tail 8
chksum 0x2d
csum 0x2d
v8b899c12
~ld


6.01
 0h00:06.460 2022/11/17T00:56:13z: DS3231
 0h00:06.475 2022/11/17T00:56:13z: BME280 (0x76)
 0h00:06.489 2022/11/17T00:56:13z: 84:f3:eb:7d:7:a8
 0h00:06.491 2022/11/17T00:56:13z: SSID: MU Open
 0h00:06.496 2022/11/17T00:56:13z: AP_STAR tmr
 ets Jan  8 2013,rst cause:4, boot mode:(3,7)

wdt reset
load 0x4010f000, len 1384, room 16 
tail 8
chksum 0x2d
csum 0x2d
v8b899c12
~ld


6.01
 0h00:06.327 2022/11/17T01:16:21z: DS3231
 0h00:06.343 2022/11/17T01:16:21z: BME280 (0x76)
 0h00:06.357 2022/11/17T01:16:21z: 84:f3:eb:7d:7:a8
 0h00:06.359 2022/11/17T01:16:21z: SSID: MU Open
 0h00:06.364 2022/11/17T01:16:21z: AP_STAR tmr
 ets Jan  8 2013,rst cause:4, boot mode:(3,7)

wdt reset
load 0x4010f000, len 1384, room 16 
tail 8
chksum 0x2d
csum 0x2d
v8b899c12
~ld


6.01
 0h00:06.081 2022/11/17T01:36:28z: DS3231
 0h00:06.097 2022/11/17T01:36:28z: BME280 (0x76)
 0h00:06.111 2022/11/17T01:36:28z: 84:f3:eb:7d:7:a8
 0h00:06.112 2022/11/17T01:36:28z: SSID: MU Open
 0h00:06.118 2022/11/17T01:36:28z: AP_STAR tmr
 ets Jan  8 2013,rst cause:4, boot mode:(3,7)

wdt reset
load 0x4010f000, len 1384, room 16 
tail 8
chksum 0x2d
csum 0x2d
v8b899c12
~ld


6.01
 0h00:06.067 2022/11/17T01:56:36z: DS3231
 0h00:06.082 2022/11/17T01:56:36z: BME280 (0x76)
 0h00:06.096 2022/11/17T01:56:36z: 84:f3:eb:7d:7:a8
 0h00:06.098 2022/11/17T01:56:36z: SSID: MU Open
 0h00:06.103 2022/11/17T01:56:36z: AP_STAR tmr
 ets Jan  8 2013,rst cause:4, boot mode:(3,7)

wdt reset
load 0x4010f000, len 1384, room 16 
tail 8
chksum 0x2d
csum 0x2d
v8b899c12
~ld


6.01
 0h00:06.396 2022/11/17T02:16:45z: DS3231
 0h00:06.412 2022/11/17T02:16:45z: BME280 (0x76)
 0h00:06.426 2022/11/17T02:16:45z: 84:f3:eb:7d:7:a8
 0h00:06.428 2022/11/17T02:16:45z: SSID: MU Open
 0h00:06.433 2022/11/17T02:16:45z: AP_STAR tmr
 ets Jan  8 2013,rst cause:4, boot mode:(3,7)

wdt reset
load 0x4010f000, len 1384, room 16 
tail 8
chksum 0x2d
csum 0x2d
v8b899c12
~ld


6.01
 0h00:06.554 2022/11/17T02:36:52z: DS3231
 0h00:06.569 2022/11/17T02:36:52z: BME280 (0x76)
 0h00:06.583 2022/11/17T02:36:52z: 84:f3:eb:7d:7:a8
 0h00:06.585 2022/11/17T02:36:52z: SSID: MU Open
 0h00:06.590 2022/11/17T02:36:52z: AP_STAR tmr
 ets Jan  8 2013,rst cause:4, boot mode:(3,7)

wdt reset
load 0x4010f000, len 1384, room 16 
tail 8
chksum 0x2d
csum 0x2d
v8b899c12
~ld


6.01
 0h00:06.515 2022/11/17T02:57:01z: DS3231
 0h00:06.530 2022/11/17T02:57:01z: BME280 (0x76)
 0h00:06.544 2022/11/17T02:57:01z: 84:f3:eb:7d:7:a8
 0h00:06.546 2022/11/17T02:57:01z: SSID: MU Open
 0h00:06.551 2022/11/17T02:57:01z: AP_STAR tmr
 ets Jan  8 2013,rst cause:4, boot mode:(3,7)

wdt reset
load 0x4010f000, len 1384, room 16 
tail 8
chksum 0x2d
csum 0x2d
v8b899c12
~ld


6.01
 0h00:06.425 2022/11/17T03:17:10z: DS3231
 0h00:06.441 2022/11/17T03:17:10z: BME280 (0x76)
 0h00:06.455 2022/11/17T03:17:10z: 84:f3:eb:7d:7:a8
 0h00:06.457 2022/11/17T03:17:10z: SSID: MU Open
 0h00:06.462 2022/11/17T03:17:10z: AP_STAR tmr
 ets Jan  8 2013,rst cause:4, boot mode:(3,7)

wdt reset
load 0x4010f000, len 1384, room 16 
tail 8
chksum 0x2d
csum 0x2d
v8b899c12
~ld


6.01
 0h00:06.400 2022/11/17T03:37:19z: DS3231
 0h00:06.415 2022/11/17T03:37:19z: BME280 (0x76)
 0h00:06.429 2022/11/17T03:37:19z: 84:f3:eb:7d:7:a8
 0h00:06.431 2022/11/17T03:37:19z: SSID: MU Open
 0h00:06.436 2022/11/17T03:37:19z: AP_STAR tmr
 ets Jan  8 2013,rst cause:4, boot mode:(3,7)

wdt reset
load 0x4010f000, len 1384, room 16 
tail 8
chksum 0x2d
csum 0x2d
v8b899c12
~ld


6.01
 0h00:06.457 2022/11/17T03:57:27z: DS3231
 0h00:06.472 2022/11/17T03:57:27z: BME280 (0x76)
 0h00:06.486 2022/11/17T03:57:27z: 84:f3:eb:7d:7:a8
 0h00:06.488 2022/11/17T03:57:27z: SSID: MU Open
 0h00:06.493 2022/11/17T03:57:27z: AP_STAR tmr
 ets Jan  8 2013,rst cause:4, boot mode:(3,7)

wdt reset
load 0x4010f000, len 1384, room 16 
tail 8
chksum 0x2d
csum 0x2d
v8b899c12
~ld


6.01
 0h00:06.213 2022/11/17T04:17:35z: DS3231
 0h00:06.228 2022/11/17T04:17:35z: BME280 (0x76)
 0h00:06.243 2022/11/17T04:17:35z: 84:f3:eb:7d:7:a8
 0h00:06.244 2022/11/17T04:17:35z: SSID: MU Open
 0h00:06.249 2022/11/17T04:17:35z: AP_STAR tmr
 ets Jan  8 2013,rst cause:4, boot mode:(3,7)

wdt reset
load 0x4010f000, len 1384, room 16 
tail 8
chksum 0x2d
csum 0x2d
v8b899c12
~ld


6.01
 0h00:06.096 2022/11/17T04:37:43z: DS3231
 0h00:06.111 2022/11/17T04:37:43z: BME280 (0x76)
 0h00:06.125 2022/11/17T04:37:43z: 84:f3:eb:7d:7:a8
 0h00:06.127 2022/11/17T04:37:43z: SSID: MU Open
 0h00:06.132 2022/11/17T04:37:43z: AP_STAR tmr
 ets Jan  8 2013,rst cause:4, boot mode:(3,7)

wdt reset
load 0x4010f000, len 1384, room 16 
tail 8
chksum 0x2d
csum 0x2d
v8b899c12
~ld


6.01
 0h00:06.160 2022/11/17T04:57:51z: DS3231
 0h00:06.175 2022/11/17T04:57:51z: BME280 (0x76)
 0h00:06.189 2022/11/17T04:57:51z: 84:f3:eb:7d:7:a8
 0h00:06.191 2022/11/17T04:57:51z: SSID: MU Open
 0h00:06.196 2022/11/17T04:57:51z: AP_STAR tmr
 ets Jan  8 2013,rst cause:4, boot mode:(3,7)

wdt reset
load 0x4010f000, len 1384, room 16 
tail 8
chksum 0x2d
csum 0x2d
v8b899c12
~ld


6.01
 0h00:06.628 2022/11/17T05:17:59z: DS3231
 0h00:06.644 2022/11/17T05:17:59z: BME280 (0x76)
 0h00:06.658 2022/11/17T05:17:59z: 84:f3:eb:7d:7:a8
 0h00:06.660 2022/11/17T05:17:59z: SSID: MU Open
 0h00:06.665 2022/11/17T05:17:59z: AP_STAR tmr
 ets Jan  8 2013,rst cause:4, boot mode:(3,7)

wdt reset
load 0x4010f000, len 1384, room 16 
tail 8
chksum 0x2d
csum 0x2d
v8b899c12
~ld


6.01
 0h00:06.704 2022/11/17T05:38:08z: DS3231
 0h00:06.719 2022/11/17T05:38:08z: BME280 (0x76)
 0h00:06.733 2022/11/17T05:38:08z: 84:f3:eb:7d:7:a8
 0h00:06.735 2022/11/17T05:38:08z: SSID: MU Open
 0h00:06.740 2022/11/17T05:38:08z: AP_STAR tmr
 ets Jan  8 2013,rst cause:4, boot mode:(3,7)

wdt reset
load 0x4010f000, len 1384, room 16 
tail 8
chksum 0x2d
csum 0x2d
v8b899c12
~ld


6.01
 0h00:06.808 2022/11/17T05:58:17z: DS3231
 0h00:06.823 2022/11/17T05:58:17z: BME280 (0x76)
 0h00:06.837 2022/11/17T05:58:17z: 84:f3:eb:7d:7:a8
 0h00:06.839 2022/11/17T05:58:17z: SSID: MU Open
 0h00:06.844 2022/11/17T05:58:17z: AP_STAR tmr
 ets Jan  8 2013,rst cause:4, boot mode:(3,7)

wdt reset
load 0x4010f000, len 1384, room 16 
tail 8
chksum 0x2d
csum 0x2d
v8b899c12
~ld


6.01
 0h00:06.456 2022/11/17T06:18:25z: DS3231
 0h00:06.471 2022/11/17T06:18:25z: BME280 (0x76)
 0h00:06.485 2022/11/17T06:18:25z: 84:f3:eb:7d:7:a8
 0h00:06.487 2022/11/17T06:18:25z: SSID: MU Open
 0h00:06.492 2022/11/17T06:18:25z: AP_STAR tmr
 ets Jan  8 2013,rst cause:4, boot mode:(3,7)

wdt reset
load 0x4010f000, len 1384, room 16 
tail 8
chksum 0x2d
csum 0x2d
v8b899c12
~ld


6.01
 0h00:06.463 2022/11/17T06:38:34z: DS3231
 0h00:06.478 2022/11/17T06:38:34z: BME280 (0x76)
 0h00:06.492 2022/11/17T06:38:34z: 84:f3:eb:7d:7:a8
 0h00:06.494 2022/11/17T06:38:34z: SSID: MU Open
 0h00:06.499 2022/11/17T06:38:34z: AP_STAR tmr
 ets Jan  8 2013,rst cause:4, boot mode:(3,7)

wdt reset
load 0x4010f000, len 1384, room 16 
tail 8
chksum 0x2d
csum 0x2d
v8b899c12
~ld


6.01
 0h00:06.419 2022/11/17T06:58:42z: DS3231
 0h00:06.434 2022/11/17T06:58:42z: BME280 (0x76)
 0h00:06.449 2022/11/17T06:58:42z: 84:f3:eb:7d:7:a8
 0h00:06.450 2022/11/17T06:58:42z: SSID: MU Open
 0h00:06.455 2022/11/17T06:58:42z: AP_STAR tmr
 ets Jan  8 2013,rst cause:4, boot mode:(3,7)

wdt reset
load 0x4010f000, len 1384, room 16 
tail 8
chksum 0x2d
csum 0x2d
v8b899c12
~ld


6.01
 0h00:06.561 2022/11/17T07:18:50z: DS3231
 0h00:06.577 2022/11/17T07:18:50z: BME280 (0x76)
 0h00:06.591 2022/11/17T07:18:50z: 84:f3:eb:7d:7:a8
 0h00:06.592 2022/11/17T07:18:50z: SSID: MU Open
 0h00:06.598 2022/11/17T07:18:50z: AP_STAR tmr
 ets Jan  8 2013,rst cause:4, boot mode:(3,7)

wdt reset
load 0x4010f000, len 1384, room 16 
tail 8
chksum 0x2d
csum 0x2d
v8b899c12
~ld


6.01
 0h00:06.305 2022/11/17T07:38:58z: DS3231
 0h00:06.320 2022/11/17T07:38:58z: BME280 (0x76)
 0h00:06.334 2022/11/17T07:38:58z: 84:f3:eb:7d:7:a8
 0h00:06.336 2022/11/17T07:38:58z: SSID: MU Open
 0h00:06.341 2022/11/17T07:38:58z: AP_STAR tmr
 ets Jan  8 2013,rst cause:4, boot mode:(3,7)

wdt reset
load 0x4010f000, len 1384, room 16 
tail 8
chksum 0x2d
csum 0x2d
v8b899c12
~ld


6.01
 0h00:07.111 2022/11/17T07:59:08z: DS3231
 0h00:07.126 2022/11/17T07:59:08z: BME280 (0x76)
 0h00:07.140 2022/11/17T07:59:08z: 84:f3:eb:7d:7:a8
 0h00:07.142 2022/11/17T07:59:08z: SSID: MU Open
 0h00:07.147 2022/11/17T07:59:08z: AP_STAR tmr
 ets Jan  8 2013,rst cause:4, boot mode:(3,7)

wdt reset
load 0x4010f000, len 1384, room 16 
tail 8
chksum 0x2d
csum 0x2d
v8b899c12
~ld


6.01
 0h00:06.534 2022/11/17T08:19:17z: DS3231
 0h00:06.549 2022/11/17T08:19:17z: BME280 (0x76)
 0h00:06.563 2022/11/17T08:19:17z: 84:f3:eb:7d:7:a8
 0h00:06.565 2022/11/17T08:19:17z: SSID: MU Open
 0h00:06.570 2022/11/17T08:19:17z: AP_STAR tmr
 ets Jan  8 2013,rst cause:4, boot mode:(3,7)

wdt reset
load 0x4010f000, len 1384, room 16 
tail 8
chksum 0x2d
csum 0x2d
v8b899c12
~ld


6.01
 0h00:06.884 2022/11/17T08:39:27z: DS3231
 0h00:06.899 2022/11/17T08:39:27z: BME280 (0x76)
 0h00:06.913 2022/11/17T08:39:27z: 84:f3:eb:7d:7:a8
 0h00:06.915 2022/11/17T08:39:27z: SSID: MU Open
 0h00:06.920 2022/11/17T08:39:27z: AP_STAR tmr
 ets Jan  8 2013,rst cause:4, boot mode:(3,7)

wdt reset
load 0x4010f000, len 1384, room 16 
tail 8
chksum 0x2d
csum 0x2d
v8b899c12
~ld


6.01
 0h00:06.848 2022/11/17T08:59:35z: DS3231
 0h00:06.864 2022/11/17T08:59:35z: BME280 (0x76)
 0h00:06.878 2022/11/17T08:59:35z: 84:f3:eb:7d:7:a8
 0h00:06.880 2022/11/17T08:59:35z: SSID: MU Open
 0h00:06.885 2022/11/17T08:59:35z: AP_STAR tmr
 ets Jan  8 2013,rst cause:4, boot mode:(3,7)

wdt reset
load 0x4010f000, len 1384, room 16 
tail 8
chksum 0x2d
csum 0x2d
v8b899c12
~ld


6.01
 0h00:06.596 2022/11/17T09:19:44z: DS3231
 0h00:06.611 2022/11/17T09:19:44z: BME280 (0x76)
 0h00:06.626 2022/11/17T09:19:44z: 84:f3:eb:7d:7:a8
 0h00:06.627 2022/11/17T09:19:44z: SSID: MU Open
 0h00:06.632 2022/11/17T09:19:44z: AP_STAR tmr
 ets Jan  8 2013,rst cause:4, boot mode:(3,7)

wdt reset
load 0x4010f000, len 1384, room 16 
tail 8
chksum 0x2d
csum 0x2d
v8b899c12
~ld


6.01
 0h00:06.369 2022/11/17T09:39:52z: DS3231
 0h00:06.385 2022/11/17T09:39:52z: BME280 (0x76)
 0h00:06.399 2022/11/17T09:39:52z: 84:f3:eb:7d:7:a8
 0h00:06.400 2022/11/17T09:39:52z: SSID: MU Open
 0h00:06.406 2022/11/17T09:39:52z: AP_STAR tmr
 ets Jan  8 2013,rst cause:4, boot mode:(3,7)

wdt reset
load 0x4010f000, len 1384, room 16 
tail 8
chksum 0x2d
csum 0x2d
v8b899c12
~ld


6.01
 0h00:06.347 2022/11/17T10:00:01z: DS3231
 0h00:06.362 2022/11/17T10:00:01z: BME280 (0x76)
 0h00:06.376 2022/11/17T10:00:01z: 84:f3:eb:7d:7:a8
 0h00:06.378 2022/11/17T10:00:01z: SSID: MU Open
 0h00:06.383 2022/11/17T10:00:01z: AP_STAR tmr
 ets Jan  8 2013,rst cause:4, boot mode:(3,7)

wdt reset
load 0x4010f000, len 1384, room 16 
tail 8
chksum 0x2d
csum 0x2d
v8b899c12
~ld


6.01
 0h00:06.270 2022/11/17T10:20:09z: DS3231
 0h00:06.286 2022/11/17T10:20:09z: BME280 (0x76)
 0h00:06.300 2022/11/17T10:20:09z: 84:f3:eb:7d:7:a8
 0h00:06.302 2022/11/17T10:20:09z: SSID: MU Open
 0h00:06.307 2022/11/17T10:20:09z: AP_STAR tmr
 ets Jan  8 2013,rst cause:4, boot mode:(3,7)

wdt reset
load 0x4010f000, len 1384, room 16 
tail 8
chksum 0x2d
csum 0x2d
v8b899c12
~ld


6.01
 0h00:06.035 2022/11/17T10:40:16z: DS3231
 0h00:06.050 2022/11/17T10:40:16z: BME280 (0x76)
 0h00:06.065 2022/11/17T10:40:16z: 84:f3:eb:7d:7:a8
 0h00:06.066 2022/11/17T10:40:16z: SSID: MU Open
 0h00:06.071 2022/11/17T10:40:16z: AP_STAR tmr
 ets Jan  8 2013,rst cause:4, boot mode:(3,7)

wdt reset
load 0x4010f000, len 1384, room 16 
tail 8
chksum 0x2d
csum 0x2d
v8b899c12
~ld


6.01
 0h00:06.241 2022/11/17T11:00:24z: DS3231
 0h00:06.257 2022/11/17T11:00:24z: BME280 (0x76)
 0h00:06.271 2022/11/17T11:00:24z: 84:f3:eb:7d:7:a8
 0h00:06.272 2022/11/17T11:00:24z: SSID: MU Open
 0h00:06.278 2022/11/17T11:00:24z: AP_STAR tmr
 ets Jan  8 2013,rst cause:4, boot mode:(3,7)

wdt reset
load 0x4010f000, len 1384, room 16 
tail 8
chksum 0x2d
csum 0x2d
v8b899c12
~ld


6.01
 0h00:06.483 2022/11/17T11:20:31z: DS3231
 0h00:06.499 2022/11/17T11:20:31z: BME280 (0x76)
 0h00:06.513 2022/11/17T11:20:31z: 84:f3:eb:7d:7:a8
 0h00:06.514 2022/11/17T11:20:31z: SSID: MU Open
 0h00:06.520 2022/11/17T11:20:31z: AP_STAR tmr
 ets Jan  8 2013,rst cause:4, boot mode:(3,7)

wdt reset
load 0x4010f000, len 1384, room 16 
tail 8
chksum 0x2d
csum 0x2d
v8b899c12
~ld


6.01
 0h00:06.120 2022/11/17T11:40:39z: DS3231
 0h00:06.135 2022/11/17T11:40:39z: BME280 (0x76)
 0h00:06.149 2022/11/17T11:40:39z: 84:f3:eb:7d:7:a8
 0h00:06.151 2022/11/17T11:40:39z: SSID: MU Open
 0h00:06.156 2022/11/17T11:40:39z: AP_STAR tmr
 ets Jan  8 2013,rst cause:4, boot mode:(3,7)

wdt reset
load 0x4010f000, len 1384, room 16 
tail 8
chksum 0x2d
csum 0x2d
v8b899c12
~ld


6.01
 0h00:05.941 2022/11/17T12:00:46z: DS3231
 0h00:05.957 2022/11/17T12:00:46z: BME280 (0x76)
 0h00:05.971 2022/11/17T12:00:46z: 84:f3:eb:7d:7:a8
 0h00:05.973 2022/11/17T12:00:46z: SSID: MU Open
 0h00:05.978 2022/11/17T12:00:46z: AP_STAR tmr
 ets Jan  8 2013,rst cause:4, boot mode:(3,7)

wdt reset
load 0x4010f000, len 1384, room 16 
tail 8
chksum 0x2d
csum 0x2d
v8b899c12
~ld


6.01
 0h00:06.146 2022/11/17T12:20:53z: DS3231
 0h00:06.161 2022/11/17T12:20:53z: BME280 (0x76)
 0h00:06.175 2022/11/17T12:20:53z: 84:f3:eb:7d:7:a8
 0h00:06.177 2022/11/17T12:20:53z: SSID: MU Open
 0h00:06.182 2022/11/17T12:20:53z: AP_STAR tmr
 ets Jan  8 2013,rst cause:4, boot mode:(3,7)

wdt reset
load 0x4010f000, len 1384, room 16 
tail 8
chksum 0x2d
csum 0x2d
v8b899c12
~ld


6.01
 0h00:06.265 2022/11/17T12:41:01z: DS3231
 0h00:06.281 2022/11/17T12:41:01z: BME280 (0x76)
 0h00:06.295 2022/11/17T12:41:01z: 84:f3:eb:7d:7:a8
 0h00:06.296 2022/11/17T12:41:01z: SSID: MU Open
 0h00:06.302 2022/11/17T12:41:01z: AP_STAR tmr
 ets Jan  8 2013,rst cause:4, boot mode:(3,7)

wdt reset
load 0x4010f000, len 1384, room 16 
tail 8
chksum 0x2d
csum 0x2d
v8b899c12
~ld


6.01
 0h00:06.086 2022/11/17T13:01:09z: DS3231
 0h00:06.102 2022/11/17T13:01:09z: BME280 (0x76)
 0h00:06.116 2022/11/17T13:01:09z: 84:f3:eb:7d:7:a8
 0h00:06.117 2022/11/17T13:01:09z: SSID: MU Open
 0h00:06.123 2022/11/17T13:01:09z: AP_STAR tmr
 ets Jan  8 2013,rst cause:4, boot mode:(3,7)

wdt reset
load 0x4010f000, len 1384, room 16 
tail 8
chksum 0x2d
csum 0x2d
v8b899c12
~ld


6.01
 0h00:06.123 2022/11/17T13:21:16z: DS3231
 0h00:06.139 2022/11/17T13:21:16z: BME280 (0x76)
 0h00:06.153 2022/11/17T13:21:16z: 84:f3:eb:7d:7:a8
 0h00:06.154 2022/11/17T13:21:16z: SSID: MU Open
 0h00:06.160 2022/11/17T13:21:16z: AP_STAR tmr
 ets Jan  8 2013,rst cause:4, boot mode:(3,7)

wdt reset
load 0x4010f000, len 1384, room 16 
tail 8
chksum 0x2d
csum 0x2d
v8b899c12
~ld


6.01
 0h00:06.300 2022/11/17T13:41:25z: DS3231
 0h00:06.315 2022/11/17T13:41:25z: BME280 (0x76)
 0h00:06.329 2022/11/17T13:41:25z: 84:f3:eb:7d:7:a8
 0h00:06.331 2022/11/17T13:41:25z: SSID: MU Open
 0h00:06.336 2022/11/17T13:41:25z: AP_STAR tmr
 ets Jan  8 2013,rst cause:4, boot mode:(3,7)

wdt reset
load 0x4010f000, len 1384, room 16 
tail 8
chksum 0x2d
csum 0x2d
v8b899c12
~ld


6.01
 0h00:06.028 2022/11/17T14:01:32z: DS3231
 0h00:06.043 2022/11/17T14:01:32z: BME280 (0x76)
 0h00:06.057 2022/11/17T14:01:32z: 84:f3:eb:7d:7:a8
 0h00:06.059 2022/11/17T14:01:32z: SSID: MU Open
 0h00:06.064 2022/11/17T14:01:32z: AP_STAR tmr
 ets Jan  8 2013,rst cause:4, boot mode:(3,7)

wdt reset
load 0x4010f000, len 1384, room 16 
tail 8
chksum 0x2d
csum 0x2d
v8b899c12
~ld


6.01
 0h00:05.402 2022/11/17T14:21:38z: DS3231
 0h00:05.417 2022/11/17T14:21:38z: BME280 (0x76)
 0h00:05.431 2022/11/17T14:21:38z: 84:f3:eb:7d:7:a8
 0h00:05.433 2022/11/17T14:21:38z: SSID: MU Open
 0h00:05.438 2022/11/17T14:21:38z: AP_STAR tmr
 ets Jan  8 2013,rst cause:4, boot mode:(3,7)

wdt reset
load 0x4010f000, len 1384, room 16 
tail 8
chksum 0x2d
csum 0x2d
v8b899c12
~ld


6.01
 0h00:06.105 2022/11/17T14:41:46z: DS3231
 0h00:06.120 2022/11/17T14:41:46z: BME280 (0x76)
 0h00:06.135 2022/11/17T14:41:46z: 84:f3:eb:7d:7:a8
 0h00:06.136 2022/11/17T14:41:46z: SSID: MU Open
 0h00:06.141 2022/11/17T14:41:46z: AP_STAR tmr
 ets Jan  8 2013,rst cause:4, boot mode:(3,7)

wdt reset
load 0x4010f000, len 1384, room 16 
tail 8
chksum 0x2d
csum 0x2d
v8b899c12
~ld


6.01
 0h00:05.844 2022/11/17T15:01:53z: DS3231
 0h00:05.859 2022/11/17T15:01:53z: BME280 (0x76)
 0h00:05.873 2022/11/17T15:01:53z: 84:f3:eb:7d:7:a8
 0h00:05.875 2022/11/17T15:01:53z: SSID: MU Open
 0h00:05.880 2022/11/17T15:01:53z: AP_STAR tmr
 ets Jan  8 2013,rst cause:4, boot mode:(3,7)

wdt reset
load 0x4010f000, len 1384, room 16 
tail 8
chksum 0x2d
csum 0x2d
v8b899c12
~ld


6.01
 0h00:06.010 2022/11/17T15:22:00z: DS3231
 0h00:06.026 2022/11/17T15:22:00z: BME280 (0x76)
 0h00:06.040 2022/11/17T15:22:00z: 84:f3:eb:7d:7:a8
 0h00:06.041 2022/11/17T15:22:00z: SSID: MU Open
 0h00:06.047 2022/11/17T15:22:00z: AP_STAR tmr
 ets Jan  8 2013,rst cause:4, boot mode:(3,7)

wdt reset
load 0x4010f000, len 1384, room 16 
tail 8
chksum 0x2d
csum 0x2d
v8b899c12
~ld


6.01
 0h00:06.189 2022/11/17T15:42:08z: DS3231
 0h00:06.205 2022/11/17T15:42:08z: BME280 (0x76)
 0h00:06.219 2022/11/17T15:42:08z: 84:f3:eb:7d:7:a8
 0h00:06.221 2022/11/17T15:42:08z: SSID: MU Open
 0h00:06.226 2022/11/17T15:42:08z: AP_STAR tmr
 ets Jan  8 2013,rst cause:4, boot mode:(3,7)

wdt reset
load 0x4010f000, len 1384, room 16 
tail 8
chksum 0x2d
csum 0x2d
v8b899c12
~ld


6.01
 0h00:06.375 2022/11/17T16:02:16z: DS3231
 0h00:06.390 2022/11/17T16:02:16z: BME280 (0x76)
 0h00:06.404 2022/11/17T16:02:16z: 84:f3:eb:7d:7:a8
 0h00:06.406 2022/11/17T16:02:16z: SSID: MU Open
 0h00:06.411 2022/11/17T16:02:16z: AP_STAR tmr
 ets Jan  8 2013,rst cause:4, boot mode:(3,7)

wdt reset
load 0x4010f000, len 1384, room 16 
tail 8
chksum 0x2d
csum 0x2d
v8b899c12
~ld


6.01
 0h00:06.120 2022/11/17T16:22:24z: DS3231
 0h00:06.136 2022/11/17T16:22:24z: BME280 (0x76)
 0h00:06.150 2022/11/17T16:22:24z: 84:f3:eb:7d:7:a8
 0h00:06.152 2022/11/17T16:22:24z: SSID: MU Open
 0h00:06.157 2022/11/17T16:22:24z: AP_STAR tmr
 ets Jan  8 2013,rst cause:4, boot mode:(3,7)

wdt reset
load 0x4010f000, len 1384, room 16 
tail 8
chksum 0x2d
csum 0x2d
v8b899c12
~ld


6.01
 0h00:06.069 2022/11/17T16:42:31z: DS3231
 0h00:06.084 2022/11/17T16:42:31z: BME280 (0x76)
 0h00:06.098 2022/11/17T16:42:31z: 84:f3:eb:7d:7:a8
 0h00:06.100 2022/11/17T16:42:31z: SSID: MU Open
 0h00:06.105 2022/11/17T16:42:31z: AP_STAR tmr
 ets Jan  8 2013,rst cause:4, boot mode:(3,7)

wdt reset
load 0x4010f000, len 1384, room 16 
tail 8
chksum 0x2d
csum 0x2d
v8b899c12
~ld


6.01
 0h00:06.030 2022/11/17T17:02:38z: DS3231
 0h00:06.046 2022/11/17T17:02:38z: BME280 (0x76)
 0h00:06.060 2022/11/17T17:02:38z: 84:f3:eb:7d:7:a8
 0h00:06.061 2022/11/17T17:02:38z: SSID: MU Open
 0h00:06.067 2022/11/17T17:02:38z: AP_STAR tmr
 ets Jan  8 2013,rst cause:4, boot mode:(3,7)

wdt reset
load 0x4010f000, len 1384, room 16 
tail 8
chksum 0x2d
csum 0x2d
v8b899c12
~ld


6.01
 0h00:06.055 2022/11/17T17:22:46z: DS3231
 0h00:06.070 2022/11/17T17:22:46z: BME280 (0x76)
 0h00:06.084 2022/11/17T17:22:46z: 84:f3:eb:7d:7:a8
 0h00:06.086 2022/11/17T17:22:46z: SSID: MU Open
 0h00:06.091 2022/11/17T17:22:46z: AP_STAR tmr
 ets Jan  8 2013,rst cause:4, boot mode:(3,7)

wdt reset
load 0x4010f000, len 1384, room 16 
tail 8
chksum 0x2d
csum 0x2d
v8b899c12
~ld


6.01
 0h00:05.749 2022/11/17T17:42:53z: DS3231
 0h00:05.765 2022/11/17T17:42:53z: BME280 (0x76)
 0h00:05.779 2022/11/17T17:42:53z: 84:f3:eb:7d:7:a8
 0h00:05.780 2022/11/17T17:42:53z: SSID: MU Open
 0h00:05.786 2022/11/17T17:42:53z: AP_STAR tmr
 ets Jan  8 2013,rst cause:4, boot mode:(3,7)

wdt reset
load 0x4010f000, len 1384, room 16 
tail 8
chksum 0x2d
csum 0x2d
v8b899c12
~ld


6.01
 0h00:06.008 2022/11/17T18:03:01z: DS3231
 0h00:06.023 2022/11/17T18:03:01z: BME280 (0x76)
 0h00:06.037 2022/11/17T18:03:01z: 84:f3:eb:7d:7:a8
 0h00:06.039 2022/11/17T18:03:01z: SSID: MU Open
 0h00:06.044 2022/11/17T18:03:01z: AP_STAR tmr
 ets Jan  8 2013,rst cause:4, boot mode:(3,7)

wdt reset
load 0x4010f000, len 1384, room 16 
tail 8
chksum 0x2d
csum 0x2d
v8b899c12
~ld


6.01
 0h00:05.853 2022/11/17T18:23:08z: DS3231
 0h00:05.868 2022/11/17T18:23:08z: BME280 (0x76)
 0h00:05.883 2022/11/17T18:23:08z: 84:f3:eb:7d:7:a8
 0h00:05.884 2022/11/17T18:23:08z: SSID: MU Open
 0h00:05.889 2022/11/17T18:23:08z: AP_STAR tmr
 ets Jan  8 2013,rst cause:4, boot mode:(3,7)

wdt reset
load 0x4010f000, len 1384, room 16 
tail 8
chksum 0x2d
csum 0x2d
v8b899c12
~ld


6.01
 0h00:05.637 2022/11/17T18:43:15z: DS3231
 0h00:05.653 2022/11/17T18:43:15z: BME280 (0x76)
 0h00:05.667 2022/11/17T18:43:15z: 84:f3:eb:7d:7:a8
 0h00:05.668 2022/11/17T18:43:15z: SSID: MU Open
 0h00:05.674 2022/11/17T18:43:15z: AP_STAR tmr
 ets Jan  8 2013,rst cause:4, boot mode:(3,7)

wdt reset
load 0x4010f000, len 1384, room 16 
tail 8
chksum 0x2d
csum 0x2d
v8b899c12
~ld


6.01
 0h00:05.608 2022/11/17T19:03:22z: DS3231
 0h00:05.623 2022/11/17T19:03:22z: BME280 (0x76)
 0h00:05.637 2022/11/17T19:03:22z: 84:f3:eb:7d:7:a8
 0h00:05.639 2022/11/17T19:03:22z: SSID: MU Open
 0h00:05.644 2022/11/17T19:03:22z: AP_STAR tmr
 ets Jan  8 2013,rst cause:4, boot mode:(3,7)

wdt reset
load 0x4010f000, len 1384, room 16 
tail 8
chksum 0x2d
csum 0x2d
v8b899c12
~ld


6.01
 0h00:06.073 2022/11/17T19:23:29z: DS3231
 0h00:06.088 2022/11/17T19:23:29z: BME280 (0x76)
 0h00:06.102 2022/11/17T19:23:29z: 84:f3:eb:7d:7:a8
 0h00:06.104 2022/11/17T19:23:29z: SSID: MU Open
 0h00:06.109 2022/11/17T19:23:29z: AP_STAR tmr
 ets Jan  8 2013,rst cause:4, boot mode:(3,7)

wdt reset
load 0x4010f000, len 1384, room 16 
tail 8
chksum 0x2d
csum 0x2d
v8b899c12
~ld


6.01
 0h00:05.994 2022/11/17T19:43:36z: DS3231
 0h00:06.010 2022/11/17T19:43:36z: BME280 (0x76)
 0h00:06.024 2022/11/17T19:43:36z: 84:f3:eb:7d:7:a8
 0h00:06.026 2022/11/17T19:43:36z: SSID: MU Open
 0h00:06.031 2022/11/17T19:43:36z: AP_STAR tmr
 ets Jan  8 2013,rst cause:4, boot mode:(3,7)

wdt reset
load 0x4010f000, len 1384, room 16 
tail 8
chksum 0x2d
csum 0x2d
v8b899c12
~ld


6.01
 0h00:06.093 2022/11/17T20:03:44z: DS3231
 0h00:06.109 2022/11/17T20:03:44z: BME280 (0x76)
 0h00:06.123 2022/11/17T20:03:44z: 84:f3:eb:7d:7:a8
 0h00:06.124 2022/11/17T20:03:44z: SSID: MU Open
 0h00:06.130 2022/11/17T20:03:44z: AP_STAR tmr
 ets Jan  8 2013,rst cause:4, boot mode:(3,7)

wdt reset
load 0x4010f000, len 1384, room 16 
tail 8
chksum 0x2d
csum 0x2d
v8b899c12
~ld


6.01
 0h00:06.010 2022/11/17T20:23:51z: DS3231
 0h00:06.025 2022/11/17T20:23:51z: BME280 (0x76)
 0h00:06.039 2022/11/17T20:23:51z: 84:f3:eb:7d:7:a8
 0h00:06.041 2022/11/17T20:23:51z: SSID: MU Open
 0h00:06.046 2022/11/17T20:23:51z: AP_STAR tmr
 ets Jan  8 2013,rst cause:4, boot mode:(3,7)

wdt reset
load 0x4010f000, len 1384, room 16 
tail 8
chksum 0x2d
csum 0x2d
v8b899c12
~ld


6.01
 0h00:05.643 2022/11/17T20:43:58z: DS3231
 0h00:05.658 2022/11/17T20:43:58z: BME280 (0x76)
 0h00:05.673 2022/11/17T20:43:58z: 84:f3:eb:7d:7:a8
 0h00:05.674 2022/11/17T20:43:58z: SSID: MU Open
 0h00:05.679 2022/11/17T20:43:58z: AP_STAR tmr
 ets Jan  8 2013,rst cause:4, boot mode:(3,7)

wdt reset
load 0x4010f000, len 1384, room 16 
tail 8
chksum 0x2d
csum 0x2d
v8b899c12
~ld


6.01
 0h00:06.146 2022/11/17T21:04:06z: DS3231
 0h00:06.161 2022/11/17T21:04:06z: BME280 (0x76)
 0h00:06.175 2022/11/17T21:04:06z: 84:f3:eb:7d:7:a8
 0h00:06.177 2022/11/17T21:04:06z: SSID: MU Open
 0h00:06.182 2022/11/17T21:04:06z: AP_STAR tmr
 ets Jan  8 2013,rst cause:4, boot mode:(3,7)

wdt reset
load 0x4010f000, len 1384, room 16 
tail 8
chksum 0x2d
csum 0x2d
v8b899c12
~ld


6.01
 0h00:05.769 2022/11/17T21:24:12z: DS3231
 0h00:05.784 2022/11/17T21:24:12z: BME280 (0x76)
 0h00:05.799 2022/11/17T21:24:12z: 84:f3:eb:7d:7:a8
 0h00:05.800 2022/11/17T21:24:12z: SSID: MU Open
 0h00:05.805 2022/11/17T21:24:12z: AP_STAR tmr
 ets Jan  8 2013,rst cause:4, boot mode:(3,7)

wdt reset
load 0x4010f000, len 1384, room 16 
tail 8
chksum 0x2d
csum 0x2d
v8b899c12
~ld


6.01
 0h00:05.912 2022/11/17T21:44:19z: DS3231
 0h00:05.927 2022/11/17T21:44:19z: BME280 (0x76)
 0h00:05.941 2022/11/17T21:44:19z: 84:f3:eb:7d:7:a8
 0h00:05.943 2022/11/17T21:44:19z: SSID: MU Open
 0h00:05.948 2022/11/17T21:44:19z: AP_STAR tmr
 ets Jan  8 2013,rst cause:4, boot mode:(3,7)

wdt reset
load 0x4010f000, len 1384, room 16 
tail 8
chksum 0x2d
csum 0x2d
v8b899c12
~ld


6.01
 0h00:05.567 2022/11/17T22:04:26z: DS3231
 0h00:05.583 2022/11/17T22:04:26z: BME280 (0x76)
 0h00:05.597 2022/11/17T22:04:26z: 84:f3:eb:7d:7:a8
 0h00:05.599 2022/11/17T22:04:26z: SSID: MU Open
 0h00:05.604 2022/11/17T22:04:26z: AP_STAR tmr
 ets Jan  8 2013,rst cause:4, boot mode:(3,7)

wdt reset
load 0x4010f000, len 1384, room 16 
tail 8
chksum 0x2d
csum 0x2d
v8b899c12
~ld


6.01
 0h00:05.676 2022/11/17T22:24:32z: DS3231
 0h00:05.691 2022/11/17T22:24:32z: BME280 (0x76)
 0h00:05.705 2022/11/17T22:24:32z: 84:f3:eb:7d:7:a8
 0h00:05.707 2022/11/17T22:24:32z: SSID: MU Open
 0h00:05.712 2022/11/17T22:24:32z: AP_STAR tmr
 ets Jan  8 2013,rst cause:4, boot mode:(3,7)

wdt reset
load 0x4010f000, len 1384, room 16 
tail 8
chksum 0x2d
csum 0x2d
v8b899c12
~ld


6.01
 0h00:06.029 2022/11/17T22:44:40z: DS3231
 0h00:06.045 2022/11/17T22:44:40z: BME280 (0x76)
 0h00:06.059 2022/11/17T22:44:40z: 84:f3:eb:7d:7:a8
 0h00:06.060 2022/11/17T22:44:40z: SSID: MU Open
 0h00:06.066 2022/11/17T22:44:40z: AP_STAR tmr
 ets Jan  8 2013,rst cause:4, boot mode:(3,7)

wdt reset
load 0x4010f000, len 1384, room 16 
tail 8
chksum 0x2d
csum 0x2d
v8b899c12
~ld


6.01
 0h00:06.025 2022/11/17T23:04:47z: DS3231
 0h00:06.040 2022/11/17T23:04:47z: BME280 (0x76)
 0h00:06.054 2022/11/17T23:04:47z: 84:f3:eb:7d:7:a8
 0h00:06.056 2022/11/17T23:04:47z: SSID: MU Open
 0h00:06.061 2022/11/17T23:04:47z: AP_STAR tmr
 ets Jan  8 2013,rst cause:4, boot mode:(3,7)

wdt reset
load 0x4010f000, len 1384, room 16 
tail 8
chksum 0x2d
csum 0x2d
v8b899c12
~ld


6.01
 0h00:05.767 2022/11/17T23:24:54z: DS3231
 0h00:05.782 2022/11/17T23:24:54z: BME280 (0x76)
 0h00:05.797 2022/11/17T23:24:54z: 84:f3:eb:7d:7:a8
 0h00:05.798 2022/11/17T23:24:54z: SSID: MU Open
 0h00:05.803 2022/11/17T23:24:54z: AP_STAR tmr
 ets Jan  8 2013,rst cause:4, boot mode:(3,7)

wdt reset
load 0x4010f000, len 1384, room 16 
tail 8
chksum 0x2d
csum 0x2d
v8b899c12
~ld


6.01
 0h00:05.511 2022/11/17T23:45:00z: DS3231
 0h00:05.527 2022/11/17T23:45:00z: BME280 (0x76)
 0h00:05.541 2022/11/17T23:45:00z: 84:f3:eb:7d:7:a8
 0h00:05.543 2022/11/17T23:45:00z: SSID: MU Open
 0h00:05.548 2022/11/17T23:45:00z: AP_STA