R tmr
 ets Jan  8 2013,rst cause:4, boot mode:(3,7)

wdt reset
load 0x4010f000, len 1384, room 16 
tail 8
chksum 0x2d
csum 0x2d
v8b899c12
~ld


6.01
 0h00:04.379 2022/01/09T00:16:01z: DS3231
 0h00:04.394 2022/01/09T00:16:01z: BME280 (0x76)
 0h00:04.408 2022/01/09T00:16:01z: 84:f3:eb:7d:7:a8
 0h00:04.410 2022/01/09T00:16:01z: SSID: MU Open
 0h00:04.415 2022/01/09T00:16:01z: AP_STAR tmr
 ets Jan  8 2013,rst cause:4, boot mode:(3,7)

wdt reset
load 0x4010f000, len 1384, room 16 
tail 8
chksum 0x2d
csum 0x2d
v8b899c12
~ld


6.01
 0h00:04.213 2022/01/09T00:36:02z: DS3231
 0h00:04.228 2022/01/09T00:36:02z: BME280 (0x76)
 0h00:04.243 2022/01/09T00:36:02z: 84:f3:eb:7d:7:a8
 0h00:04.244 2022/01/09T00:36:02z: SSID: MU Open
 0h00:04.249 2022/01/09T00:36:02z: AP_STAR tmr
 ets Jan  8 2013,rst cause:4, boot mode:(3,7)

wdt reset
load 0x4010f000, len 1384, room 16 
tail 8
chksum 0x2d
csum 0x2d
v8b899c12
~ld


6.01
 0h00:04.427 2022/01/09T00:56:02z: DS3231
 0h00:04.442 2022/01/09T00:56:02z: BME280 (0x76)
 0h00:04.456 2022/01/09T00:56:02z: 84:f3:eb:7d:7:a8
 0h00:04.458 2022/01/09T00:56:02z: SSID: MU Open
 0h00:04.463 2022/01/09T00:56:02z: AP_STAR tmr
 ets Jan  8 2013,rst cause:4, boot mode:(3,7)

wdt reset
load 0x4010f000, len 1384, room 16 
tail 8
chksum 0x2d
csum 0x2d
v8b899c12
~ld


6.01
 0h00:04.414 2022/01/09T01:16:02z: DS3231
 0h00:04.429 2022/01/09T01:16:02z: BME280 (0x76)
 0h00:04.443 2022/01/09T01:16:02z: 84:f3:eb:7d:7:a8
 0h00:04.445 2022/01/09T01:16:02z: SSID: MU Open
 0h00:04.450 2022/01/09T01:16:02z: AP_STAR tmr
 ets Jan  8 2013,rst cause:4, boot mode:(3,7)

wdt reset
load 0x4010f000, len 1384, room 16 
tail 8
chksum 0x2d
csum 0x2d
v8b899c12
~ld


6.01
 0h00:04.231 2022/01/09T01:36:01z: DS3231
 0h00:04.246 2022/01/09T01:36:01z: BME280 (0x76)
 0h00:04.260 2022/01/09T01:36:01z: 84:f3:eb:7d:7:a8
 0h00:04.262 2022/01/09T01:36:01z: SSID: MU Open
 0h00:04.267 2022/01/09T01:36:01z: AP_STAR tmr
 ets Jan  8 2013,rst cause:4, boot mode:(3,7)

wdt reset
load 0x4010f000, len 1384, room 16 
tail 8
chksum 0x2d
csum 0x2d
v8b899c12
~ld


6.01
 0h00:04.217 2022/01/09T01:56:02z: DS3231
 0h00:04.233 2022/01/09T01:56:02z: BME280 (0x76)
 0h00:04.247 2022/01/09T01:56:02z: 84:f3:eb:7d:7:a8
 0h00:04.248 2022/01/09T01:56:02z: SSID: MU Open
 0h00:04.254 2022/01/09T01:56:02z: AP_STAR tmr
 ets Jan  8 2013,rst cause:4, boot mode:(3,7)

wdt reset
load 0x4010f000, len 1384, room 16 
tail 8
chksum 0x2d
csum 0x2d
v8b899c12
~ld


6.01
 0h00:04.395 2022/01/09T02:16:02z: DS3231
 0h00:04.411 2022/01/09T02:16:02z: BME280 (0x76)
 0h00:04.425 2022/01/09T02:16:02z: 84:f3:eb:7d:7:a8
 0h00:04.427 2022/01/09T02:16:02z: SSID: MU Open
 0h00:04.432 2022/01/09T02:16:02z: AP_STAR tmr
 ets Jan  8 2013,rst cause:4, boot mode:(3,7)

wdt reset
load 0x4010f000, len 1384, room 16 
tail 8
chksum 0x2d
csum 0x2d
v8b899c12
~ld


6.01
 0h00:04.217 2022/01/09T02:36:02z: DS3231
 0h00:04.232 2022/01/09T02:36:02z: BME280 (0x76)
 0h00:04.246 2022/01/09T02:36:02z: 84:f3:eb:7d:7:a8
 0h00:04.248 2022/01/09T02:36:02z: SSID: MU Open
 0h00:04.253 2022/01/09T02:36:02z: AP_STAR tmr
 ets Jan  8 2013,rst cause:4, boot mode:(3,7)

wdt reset
load 0x4010f000, len 1384, room 16 
tail 8
chksum 0x2d
csum 0x2d
v8b899c12
~ld


6.01
 0h00:04.382 2022/01/09T02:56:02z: DS3231
 0h00:04.397 2022/01/09T02:56:02z: BME280 (0x76)
 0h00:04.411 2022/01/09T02:56:02z: 84:f3:eb:7d:7:a8
 0h00:04.413 2022/01/09T02:56:02z: SSID: MU Open
 0h00:04.418 2022/01/09T02:56:02z: AP_STAR tmr
 ets Jan  8 2013,rst cause:4, boot mode:(3,7)

wdt reset
load 0x4010f000, len 1384, room 16 
tail 8
chksum 0x2d
csum 0x2d
v8b899c12
~ld


6.01
 0h00:04.344 2022/01/09T03:16:02z: DS3231
 0h00:04.359 2022/01/09T03:16:02z: BME280 (0x76)
 0h00:04.373 2022/01/09T03:16:02z: 84:f3:eb:7d:7:a8
 0h00:04.375 2022/01/09T03:16:02z: SSID: MU Open
 0h00:04.380 2022/01/09T03:16:02z: AP_STAR tmr
 ets Jan  8 2013,rst cause:4, boot mode:(3,7)

wdt reset
load 0x4010f000, len 1384, room 16 
tail 8
chksum 0x2d
csum 0x2d
v8b899c12
~ld


6.01
 0h00:04.136 2022/01/09T03:36:01z: DS3231
 0h00:04.152 2022/01/09T03:36:01z: BME280 (0x76)
 0h00:04.166 2022/01/09T03:36:01z: 84:f3:eb:7d:7:a8
 0h00:04.168 2022/01/09T03:36:01z: SSID: MU Open
 0h00:04.173 2022/01/09T03:36:01z: AP_STAR tmr
 ets Jan  8 2013,rst cause:4, boot mode:(3,7)

wdt reset
load 0x4010f000, len 1384, room 16 
tail 8
chksum 0x2d
csum 0x2d
v8b899c12
~ld


6.01
 0h00:04.003 2022/01/09T03:56:01z: DS3231
 0h00:04.018 2022/01/09T03:56:01z: BME280 (0x76)
 0h00:04.032 2022/01/09T03:56:01z: 84:f3:eb:7d:7:a8
 0h00:04.034 2022/01/09T03:56:01z: SSID: MU Open
 0h00:04.039 2022/01/09T03:56:01z: AP_STAR tmr
 ets Jan  8 2013,rst cause:4, boot mode:(3,7)

wdt reset
load 0x4010f000, len 1384, room 16 
tail 8
chksum 0x2d
csum 0x2d
v8b899c12
~ld


6.01
 0h00:04.406 2022/01/09T04:16:01z: DS3231
 0h00:04.421 2022/01/09T04:16:01z: BME280 (0x76)
 0h00:04.435 2022/01/09T04:16:01z: 84:f3:eb:7d:7:a8
 0h00:04.437 2022/01/09T04:16:01z: SSID: MU Open
 0h00:04.442 2022/01/09T04:16:01z: AP_STAR tmr
 ets Jan  8 2013,rst cause:4, boot mode:(3,7)

wdt reset
load 0x4010f000, len 1384, room 16 
tail 8
chksum 0x2d
csum 0x2d
v8b899c12
~ld


6.01
 0h00:04.325 2022/01/09T04:36:02z: DS3231
 0h00:04.340 2022/01/09T04:36:02z: BME280 (0x76)
 0h00:04.354 2022/01/09T04:36:02z: 84:f3:eb:7d:7:a8
 0h00:04.356 2022/01/09T04:36:02z: SSID: MU Open
 0h00:04.361 2022/01/09T04:36:02z: AP_STAR tmr
 ets Jan  8 2013,rst cause:4, boot mode:(3,7)

wdt reset
load 0x4010f000, len 1384, room 16 
tail 8
chksum 0x2d
csum 0x2d
v8b899c12
~ld


6.01
 0h00:04.330 2022/01/09T04:56:01z: DS3231
 0h00:04.345 2022/01/09T04:56:01z: BME280 (0x76)
 0h00:04.360 2022/01/09T04:56:01z: 84:f3:eb:7d:7:a8
 0h00:04.361 2022/01/09T04:56:01z: SSID: MU Open
 0h00:04.366 2022/01/09T04:56:01z: AP_STAR tmr
 ets Jan  8 2013,rst cause:4, boot mode:(3,7)

wdt reset
load 0x4010f000, len 1384, room 16 
tail 8
chksum 0x2d
csum 0x2d
v8b899c12
~ld


6.01
 0h00:04.423 2022/01/09T05:16:02z: DS3231
 0h00:04.439 2022/01/09T05:16:02z: BME280 (0x76)
 0h00:04.453 2022/01/09T05:16:02z: 84:f3:eb:7d:7:a8
 0h00:04.454 2022/01/09T05:16:02z: SSID: MU Open
 0h00:04.460 2022/01/09T05:16:02z: AP_STAR tmr
 ets Jan  8 2013,rst cause:4, boot mode:(3,7)

wdt reset
load 0x4010f000, len 1384, room 16 
tail 8
chksum 0x2d
csum 0x2d
v8b899c12
~ld


6.01
 0h00:04.433 2022/01/09T05:36:02z: DS3231
 0h00:04.448 2022/01/09T05:36:02z: BME280 (0x76)
 0h00:04.463 2022/01/09T05:36:02z: 84:f3:eb:7d:7:a8
 0h00:04.464 2022/01/09T05:36:02z: SSID: MU Open
 0h00:04.469 2022/01/09T05:36:02z: AP_STAR tmr
 ets Jan  8 2013,rst cause:4, boot mode:(3,7)

wdt reset
load 0x4010f000, len 1384, room 16 
tail 8
chksum 0x2d
csum 0x2d
v8b899c12
~ld


6.01
 0h00:04.176 2022/01/09T05:56:02z: DS3231
 0h00:04.191 2022/01/09T05:56:02z: BME280 (0x76)
 0h00:04.205 2022/01/09T05:56:02z: 84:f3:eb:7d:7:a8
 0h00:04.207 2022/01/09T05:56:02z: SSID: MU Open
 0h00:04.212 2022/01/09T05:56:02z: AP_STAR tmr
 ets Jan  8 2013,rst cause:4, boot mode:(3,7)

wdt reset
load 0x4010f000, len 1384, room 16 
tail 8
chksum 0x2d
csum 0x2d
v8b899c12
~ld


6.01
 0h00:04.251 2022/01/09T06:16:02z: DS3231
 0h00:04.266 2022/01/09T06:16:02z: BME280 (0x76)
 0h00:04.280 2022/01/09T06:16:02z: 84:f3:eb:7d:7:a8
 0h00:04.282 2022/01/09T06:16:02z: SSID: MU Open
 0h00:04.287 2022/01/09T06:16:02z: AP_STAR tmr
 ets Jan  8 2013,rst cause:4, boot mode:(3,7)

wdt reset
load 0x4010f000, len 1384, room 16 
tail 8
chksum 0x2d
csum 0x2d
v8b899c12
~ld


6.01
 0h00:04.288 2022/01/09T06:36:02z: DS3231
 0h00:04.304 2022/01/09T06:36:02z: BME280 (0x76)
 0h00:04.318 2022/01/09T06:36:02z: 84:f3:eb:7d:7:a8
 0h00:04.320 2022/01/09T06:36:02z: SSID: MU Open
 0h00:04.325 2022/01/09T06:36:02z: AP_STAR tmr
 ets Jan  8 2013,rst cause:4, boot mode:(3,7)

wdt reset
load 0x4010f000, len 1384, room 16 
tail 8
chksum 0x2d
csum 0x2d
v8b899c12
~ld


6.01
 0h00:04.264 2022/01/09T06:56:02z: DS3231
 0h00:04.279 2022/01/09T06:56:02z: BME280 (0x76)
 0h00:04.293 2022/01/09T06:56:02z: 84:f3:eb:7d:7:a8
 0h00:04.295 2022/01/09T06:56:02z: SSID: MU Open
 0h00:04.300 2022/01/09T06:56:02z: AP_STAR tmr
 ets Jan  8 2013,rst cause:4, boot mode:(3,7)

wdt reset
load 0x4010f000, len 1384, room 16 
tail 8
chksum 0x2d
csum 0x2d
v8b899c12
~ld


6.01
 0h00:04.110 2022/01/09T07:16:02z: DS3231
 0h00:04.126 2022/01/09T07:16:02z: BME280 (0x76)
 0h00:04.140 2022/01/09T07:16:03z: 84:f3:eb:7d:7:a8
 0h00:04.142 2022/01/09T07:16:03z: SSID: MU Open
 0h00:04.147 2022/01/09T07:16:03z: AP_STAR tmr
 ets Jan  8 2013,rst cause:4, boot mode:(3,7)

wdt reset
load 0x4010f000, len 1384, room 16 
tail 8
chksum 0x2d
csum 0x2d
v8b899c12
~ld


6.01
 0h00:04.131 2022/01/09T07:36:02z: DS3231
 0h00:04.146 2022/01/09T07:36:02z: BME280 (0x76)
 0h00:04.160 2022/01/09T07:36:02z: 84:f3:eb:7d:7:a8
 0h00:04.162 2022/01/09T07:36:02z: SSID: MU Open
 0h00:04.167 2022/01/09T07:36:02z: AP_STAR tmr
 ets Jan  8 2013,rst cause:4, boot mode:(3,7)

wdt reset
load 0x4010f000, len 1384, room 16 
tail 8
chksum 0x2d
csum 0x2d
v8b899c12
~ld


6.01
 0h00:04.328 2022/01/09T07:56:01z: DS3231
 0h00:04.344 2022/01/09T07:56:01z: BME280 (0x76)
 0h00:04.358 2022/01/09T07:56:01z: 84:f3:eb:7d:7:a8
 0h00:04.360 2022/01/09T07:56:01z: SSID: MU Open
 0h00:04.365 2022/01/09T07:56:01z: AP_STAR tmr
 ets Jan  8 2013,rst cause:4, boot mode:(3,7)

wdt reset
load 0x4010f000, len 1384, room 16 
tail 8
chksum 0x2d
csum 0x2d
v8b899c12
~ld


6.01
 0h00:04.150 2022/01/09T08:16:01z: DS3231
 0h00:04.165 2022/01/09T08:16:01z: BME280 (0x76)
 0h00:04.179 2022/01/09T08:16:01z: 84:f3:eb:7d:7:a8
 0h00:04.181 2022/01/09T08:16:01z: SSID: MU Open
 0h00:04.186 2022/01/09T08:16:01z: AP_STAR tmr
 ets Jan  8 2013,rst cause:4, boot mode:(3,7)

wdt reset
load 0x4010f000, len 1384, room 16 
tail 8
chksum 0x2d
csum 0x2d
v8b899c12
~ld


6.01
 0h00:04.353 2022/01/09T08:36:02z: DS3231
 0h00:04.368 2022/01/09T08:36:02z: BME280 (0x76)
 0h00:04.383 2022/01/09T08:36:02z: 84:f3:eb:7d:7:a8
 0h00:04.384 2022/01/09T08:36:02z: SSID: MU Open
 0h00:04.389 2022/01/09T08:36:02z: AP_STAR tmr
 ets Jan  8 2013,rst cause:4, boot mode:(3,7)

wdt reset
load 0x4010f000, len 1384, room 16 
tail 8
chksum 0x2d
csum 0x2d
v8b899c12
~ld


6.01
 0h00:04.200 2022/01/09T08:56:02z: DS3231
 0h00:04.215 2022/01/09T08:56:02z: BME280 (0x76)
 0h00:04.229 2022/01/09T08:56:02z: 84:f3:eb:7d:7:a8
 0h00:04.231 2022/01/09T08:56:02z: SSID: MU Open
 0h00:04.236 2022/01/09T08:56:02z: AP_STAR tmr
 ets Jan  8 2013,rst cause:4, boot mode:(3,7)

wdt reset
load 0x4010f000, len 1384, room 16 
tail 8
chksum 0x2d
csum 0x2d
v8b899c12
~ld


6.01
 0h00:04.272 2022/01/09T09:16:03z: DS3231
 0h00:04.287 2022/01/09T09:16:03z: BME280 (0x76)
 0h00:04.301 2022/01/09T09:16:03z: 84:f3:eb:7d:7:a8
 0h00:04.303 2022/01/09T09:16:03z: SSID: MU Open
 0h00:04.308 2022/01/09T09:16:03z: AP_STAR tmr
 ets Jan  8 2013,rst cause:4, boot mode:(3,7)

wdt reset
load 0x4010f000, len 1384, room 16 
tail 8
chksum 0x2d
csum 0x2d
v8b899c12
~ld


6.01
 0h00:04.354 2022/01/09T09:36:03z: DS3231
 0h00:04.370 2022/01/09T09:36:03z: BME280 (0x76)
 0h00:04.384 2022/01/09T09:36:03z: 84:f3:eb:7d:7:a8
 0h00:04.386 2022/01/09T09:36:03z: SSID: MU Open
 0h00:04.391 2022/01/09T09:36:03z: AP_STAR tmr
 ets Jan  8 2013,rst cause:4, boot mode:(3,7)

wdt reset
load 0x4010f000, len 1384, room 16 
tail 8
chksum 0x2d
csum 0x2d
v8b899c12
~ld


6.01
 0h00:04.211 2022/01/09T09:56:03z: DS3231
 0h00:04.226 2022/01/09T09:56:03z: BME280 (0x76)
 0h00:04.240 2022/01/09T09:56:03z: 84:f3:eb:7d:7:a8
 0h00:04.242 2022/01/09T09:56:03z: SSID: MU Open
 0h00:04.247 2022/01/09T09:56:03z: AP_STAR tmr
 ets Jan  8 2013,rst cause:4, boot mode:(3,7)

wdt reset
load 0x4010f000, len 1384, room 16 
tail 8
chksum 0x2d
csum 0x2d
v8b899c12
~ld


6.01
 0h00:04.177 2022/01/09T10:16:03z: DS3231
 0h00:04.192 2022/01/09T10:16:03z: BME280 (0x76)
 0h00:04.206 2022/01/09T10:16:03z: 84:f3:eb:7d:7:a8
 0h00:04.208 2022/01/09T10:16:03z: SSID: MU Open
 0h00:04.213 2022/01/09T10:16:03z: AP_STAR tmr
 ets Jan  8 2013,rst cause:4, boot mode:(3,7)

wdt reset
load 0x4010f000, len 1384, room 16 
tail 8
chksum 0x2d
csum 0x2d
v8b899c12
~ld


6.01
 0h00:04.374 2022/01/09T10:36:04z: DS3231
 0h00:04.389 2022/01/09T10:36:04z: BME280 (0x76)
 0h00:04.403 2022/01/09T10:36:04z: 84:f3:eb:7d:7:a8
 0h00:04.405 2022/01/09T10:36:04z: SSID: MU Open
 0h00:04.410 2022/01/09T10:36:04z: AP_STAR tmr
 ets Jan  8 2013,rst cause:4, boot mode:(3,7)

wdt reset
load 0x4010f000, len 1384, room 16 
tail 8
chksum 0x2d
csum 0x2d
v8b899c12
~ld


6.01
 0h00:04.329 2022/01/09T10:56:03z: DS3231
 0h00:04.345 2022/01/09T10:56:03z: BME280 (0x76)
 0h00:04.359 2022/01/09T10:56:03z: 84:f3:eb:7d:7:a8
 0h00:04.360 2022/01/09T10:56:03z: SSID: MU Open
 0h00:04.366 2022/01/09T10:56:03z: AP_STAR tmr
 ets Jan  8 2013,rst cause:4, boot mode:(3,7)

wdt reset
load 0x4010f000, len 1384, room 16 
tail 8
chksum 0x2d
csum 0x2d
v8b899c12
~ld


6.01
 0h00:04.312 2022/01/09T11:16:04z: DS3231
 0h00:04.327 2022/01/09T11:16:04z: BME280 (0x76)
 0h00:04.342 2022/01/09T11:16:04z: 84:f3:eb:7d:7:a8
 0h00:04.343 2022/01/09T11:16:04z: SSID: MU Open
 0h00:04.348 2022/01/09T11:16:04z: AP_STAR tmr
 ets Jan  8 2013,rst cause:4, boot mode:(3,7)

wdt reset
load 0x4010f000, len 1384, room 16 
tail 8
chksum 0x2d
csum 0x2d
v8b899c12
~ld


6.01
 0h00:04.314 2022/01/09T11:36:04z: DS3231
 0h00:04.329 2022/01/09T11:36:04z: BME280 (0x76)
 0h00:04.343 2022/01/09T11:36:04z: 84:f3:eb:7d:7:a8
 0h00:04.345 2022/01/09T11:36:04z: SSID: MU Open
 0h00:04.350 2022/01/09T11:36:04z: AP_STAR tmr
 ets Jan  8 2013,rst cause:4, boot mode:(3,7)

wdt reset
load 0x4010f000, len 1384, room 16 
tail 8
chksum 0x2d
csum 0x2d
v8b899c12
~ld


6.01
 0h00:04.173 2022/01/09T11:56:04z: DS3231
 0h00:04.188 2022/01/09T11:56:04z: BME280 (0x76)
 0h00:04.203 2022/01/09T11:56:04z: 84:f3:eb:7d:7:a8
 0h00:04.204 2022/01/09T11:56:04z: SSID: MU Open
 0h00:04.209 2022/01/09T11:56:04z: AP_STAR tmr
 ets Jan  8 2013,rst cause:4, boot mode:(3,7)

wdt reset
load 0x4010f000, len 1384, room 16 
tail 8
chksum 0x2d
csum 0x2d
v8b899c12
~ld


6.01
 0h00:04.255 2022/01/09T12:16:03z: DS3231
 0h00:04.271 2022/01/09T12:16:03z: BME280 (0x76)
 0h00:04.285 2022/01/09T12:16:03z: 84:f3:eb:7d:7:a8
 0h00:04.287 2022/01/09T12:16:03z: SSID: MU Open
 0h00:04.292 2022/01/09T12:16:03z: AP_STAR tmr
 ets Jan  8 2013,rst cause:4, boot mode:(3,7)

wdt reset
load 0x4010f000, len 1384, room 16 
tail 8
chksum 0x2d
csum 0x2d
v8b899c12
~ld


6.01
 0h00:04.216 2022/01/09T12:36:04z: DS3231
 0h00:04.231 2022/01/09T12:36:04z: BME280 (0x76)
 0h00:04.246 2022/01/09T12:36:04z: 84:f3:eb:7d:7:a8
 0h00:04.247 2022/01/09T12:36:04z: SSID: MU Open
 0h00:04.252 2022/01/09T12:36:04z: AP_STAR tmr
 ets Jan  8 2013,rst cause:4, boot mode:(3,7)

wdt reset
load 0x4010f000, len 1384, room 16 
tail 8
chksum 0x2d
csum 0x2d
v8b899c12
~ld


6.01
 0h00:04.233 2022/01/09T12:56:04z: DS3231
 0h00:04.249 2022/01/09T12:56:04z: BME280 (0x76)
 0h00:04.263 2022/01/09T12:56:04z: 84:f3:eb:7d:7:a8
 0h00:04.264 2022/01/09T12:56:04z: SSID: MU Open
 0h00:04.270 2022/01/09T12:56:04z: AP_STAR tmr
 ets Jan  8 2013,rst cause:4, boot mode:(3,7)

wdt reset
load 0x4010f000, len 1384, room 16 
tail 8
chksum 0x2d
csum 0x2d
v8b899c12
~ld


6.01
 0h00:04.367 2022/01/09T13:16:04z: DS3231
 0h00:04.382 2022/01/09T13:16:04z: BME280 (0x76)
 0h00:04.396 2022/01/09T13:16:04z: 84:f3:eb:7d:7:a8
 0h00:04.398 2022/01/09T13:16:04z: SSID: MU Open
 0h00:04.403 2022/01/09T13:16:04z: AP_STAR tmr
 ets Jan  8 2013,rst cause:4, boot mode:(3,7)

wdt reset
load 0x4010f000, len 1384, room 16 
tail 8
chksum 0x2d
csum 0x2d
v8b899c12
~ld


6.01
 0h00:04.306 2022/01/09T13:36:05z: DS3231
 0h00:04.321 2022/01/09T13:36:05z: BME280 (0x76)
 0h00:04.335 2022/01/09T13:36:05z: 84:f3:eb:7d:7:a8
 0h00:04.337 2022/01/09T13:36:05z: SSID: MU Open
 0h00:04.342 2022/01/09T13:36:05z: AP_STAR tmr
 ets Jan  8 2013,rst cause:4, boot mode:(3,7)

wdt reset
load 0x4010f000, len 1384, room 16 
tail 8
chksum 0x2d
csum 0x2d
v8b899c12
~ld


6.01
 0h00:04.233 2022/01/09T13:56:04z: DS3231
 0h00:04.248 2022/01/09T13:56:04z: BME280 (0x76)
 0h00:04.262 2022/01/09T13:56:04z: 84:f3:eb:7d:7:a8
 0h00:04.264 2022/01/09T13:56:04z: SSID: MU Open
 0h00:04.269 2022/01/09T13:56:04z: AP_STAR tmr
 ets Jan  8 2013,rst cause:4, boot mode:(3,7)

wdt reset
load 0x4010f000, len 1384, room 16 
tail 8
chksum 0x2d
csum 0x2d
v8b899c12
~ld


6.01
 0h00:04.381 2022/01/09T14:16:04z: DS3231
 0h00:04.396 2022/01/09T14:16:04z: BME280 (0x76)
 0h00:04.410 2022/01/09T14:16:04z: 84:f3:eb:7d:7:a8
 0h00:04.412 2022/01/09T14:16:04z: SSID: MU Open
 0h00:04.417 2022/01/09T14:16:04z: AP_STAR tmr
 ets Jan  8 2013,rst cause:4, boot mode:(3,7)

wdt reset
load 0x4010f000, len 1384, room 16 
tail 8
chksum 0x2d
csum 0x2d
v8b899c12
~ld


6.01
 0h00:04.361 2022/01/09T14:36:04z: DS3231
 0h00:04.377 2022/01/09T14:36:04z: BME280 (0x76)
 0h00:04.391 2022/01/09T14:36:04z: 84:f3:eb:7d:7:a8
 0h00:04.393 2022/01/09T14:36:04z: SSID: MU Open
 0h00:04.398 2022/01/09T14:36:04z: AP_STAR tmr
 ets Jan  8 2013,rst cause:4, boot mode:(3,7)

wdt reset
load 0x4010f000, len 1384, room 16 
tail 8
chksum 0x2d
csum 0x2d
v8b899c12
~ld


6.01
 0h00:04.345 2022/01/09T14:56:04z: DS3231
 0h00:04.360 2022/01/09T14:56:04z: BME280 (0x76)
 0h00:04.374 2022/01/09T14:56:04z: 84:f3:eb:7d:7:a8
 0h00:04.376 2022/01/09T14:56:04z: SSID: MU Open
 0h00:04.381 2022/01/09T14:56:04z: AP_STAR tmr
 ets Jan  8 2013,rst cause:4, boot mode:(3,7)

wdt reset
load 0x4010f000, len 1384, room 16 
tail 8
chksum 0x2d
csum 0x2d
v8b899c12
~ld


6.01
 0h00:04.304 2022/01/09T15:16:03z: DS3231
 0h00:04.320 2022/01/09T15:16:03z: BME280 (0x76)
 0h00:04.334 2022/01/09T15:16:03z: 84:f3:eb:7d:7:a8
 0h00:04.335 2022/01/09T15:16:03z: SSID: MU Open
 0h00:04.341 2022/01/09T15:16:03z: AP_STAR tmr
 ets Jan  8 2013,rst cause:4, boot mode:(3,7)

wdt reset
load 0x4010f000, len 1384, room 16 
tail 8
chksum 0x2d
csum 0x2d
v8b899c12
~ld


6.01
 0h00:04.169 2022/01/09T15:36:03z: DS3231
 0h00:04.184 2022/01/09T15:36:03z: BME280 (0x76)
 0h00:04.198 2022/01/09T15:36:03z: 84:f3:eb:7d:7:a8
 0h00:04.200 2022/01/09T15:36:03z: SSID: MU Open
 0h00:04.205 2022/01/09T15:36:03z: AP_STAR tmr
 ets Jan  8 2013,rst cause:4, boot mode:(3,7)

wdt reset
load 0x4010f000, len 1384, room 16 
tail 8
chksum 0x2d
csum 0x2d
v8b899c12
~ld


6.01
 0h00:04.294 2022/01/09T15:56:03z: DS3231
 0h00:04.310 2022/01/09T15:56:03z: BME280 (0x76)
 0h00:04.324 2022/01/09T15:56:03z: 84:f3:eb:7d:7:a8
 0h00:04.326 2022/01/09T15:56:03z: SSID: MU Open
 0h00:04.331 2022/01/09T15:56:03z: AP_STAR tmr
 ets Jan  8 2013,rst cause:4, boot mode:(3,7)

wdt reset
load 0x4010f000, len 1384, room 16 
tail 8
chksum 0x2d
csum 0x2d
v8b899c12
~ld


6.01
 0h00:04.317 2022/01/09T16:16:02z: DS3231
 0h00:04.332 2022/01/09T16:16:02z: BME280 (0x76)
 0h00:04.347 2022/01/09T16:16:02z: 84:f3:eb:7d:7:a8
 0h00:04.348 2022/01/09T16:16:02z: SSID: MU Open
 0h00:04.353 2022/01/09T16:16:02z: AP_STAR tmr
 ets Jan  8 2013,rst cause:4, boot mode:(3,7)

wdt reset
load 0x4010f000, len 1384, room 16 
tail 8
chksum 0x2d
csum 0x2d
v8b899c12
~ld


6.01
 0h00:04.390 2022/01/09T16:36:03z: DS3231
 0h00:04.405 2022/01/09T16:36:03z: BME280 (0x76)
 0h00:04.419 2022/01/09T16:36:03z: 84:f3:eb:7d:7:a8
 0h00:04.421 2022/01/09T16:36:03z: SSID: MU Open
 0h00:04.426 2022/01/09T16:36:03z: AP_STAR tmr
 ets Jan  8 2013,rst cause:4, boot mode:(3,7)

wdt reset
load 0x4010f000, len 1384, room 16 
tail 8
chksum 0x2d
csum 0x2d
v8b899c12
~ld


6.01
 0h00:04.173 2022/01/09T16:56:03z: DS3231
 0h00:04.188 2022/01/09T16:56:03z: BME280 (0x76)
 0h00:04.202 2022/01/09T16:56:03z: 84:f3:eb:7d:7:a8
 0h00:04.204 2022/01/09T16:56:03z: SSID: MU Open
 0h00:04.209 2022/01/09T16:56:03z: AP_STAR tmr
 ets Jan  8 2013,rst cause:4, boot mode:(3,7)

wdt reset
load 0x4010f000, len 1384, room 16 
tail 8
chksum 0x2d
csum 0x2d
v8b899c12
~ld


6.01
 0h00:04.403 2022/01/09T17:16:03z: DS3231
 0h00:04.418 2022/01/09T17:16:03z: BME280 (0x76)
 0h00:04.432 2022/01/09T17:16:03z: 84:f3:eb:7d:7:a8
 0h00:04.434 2022/01/09T17:16:03z: SSID: MU Open
 0h00:04.439 2022/01/09T17:16:03z: AP_STAR tmr
 ets Jan  8 2013,rst cause:4, boot mode:(3,7)

wdt reset
load 0x4010f000, len 1384, room 16 
tail 8
chksum 0x2d
csum 0x2d
v8b899c12
~ld


6.01
 0h00:04.291 2022/01/09T17:36:03z: DS3231
 0h00:04.307 2022/01/09T17:36:03z: BME280 (0x76)
 0h00:04.321 2022/01/09T17:36:03z: 84:f3:eb:7d:7:a8
 0h00:04.323 2022/01/09T17:36:03z: SSID: MU Open
 0h00:04.328 2022/01/09T17:36:03z: AP_STAR tmr
 ets Jan  8 2013,rst cause:4, boot mode:(3,7)

wdt reset
load 0x4010f000, len 1384, room 16 
tail 8
chksum 0x2d
csum 0x2d
v8b899c12
~ld


6.01
 0h00:04.440 2022/01/09T17:56:04z: DS3231
 0h00:04.455 2022/01/09T17:56:04z: BME280 (0x76)
 0h00:04.469 2022/01/09T17:56:04z: 84:f3:eb:7d:7:a8
 0h00:04.471 2022/01/09T17:56:04z: SSID: MU Open
 0h00:04.476 2022/01/09T17:56:04z: AP_STAR tmr
 ets Jan  8 2013,rst cause:4, boot mode:(3,7)

wdt reset
load 0x4010f000, len 1384, room 16 
tail 8
chksum 0x2d
csum 0x2d
v8b899c12
~ld


6.01
 0h00:04.456 2022/01/09T18:16:04z: DS3231
 0h00:04.471 2022/01/09T18:16:04z: BME280 (0x76)
 0h00:04.485 2022/01/09T18:16:04z: 84:f3:eb:7d:7:a8
 0h00:04.487 2022/01/09T18:16:04z: SSID: MU Open
 0h00:04.492 2022/01/09T18:16:04z: AP_STAR tmr
 ets Jan  8 2013,rst cause:4, boot mode:(3,7)

wdt reset
load 0x4010f000, len 1384, room 16 
tail 8
chksum 0x2d
csum 0x2d
v8b899c12
~ld


6.01
 0h00:04.407 2022/01/09T18:36:04z: DS3231
 0h00:04.422 2022/01/09T18:36:04z: BME280 (0x76)
 0h00:04.436 2022/01/09T18:36:04z: 84:f3:eb:7d:7:a8
 0h00:04.438 2022/01/09T18:36:04z: SSID: MU Open
 0h00:04.443 2022/01/09T18:36:04z: AP_STAR tmr
 ets Jan  8 2013,rst cause:4, boot mode:(3,7)

wdt reset
load 0x4010f000, len 1384, room 16 
tail 8
chksum 0x2d
csum 0x2d
v8b899c12
~ld


6.01
 0h00:04.307 2022/01/09T18:56:04z: DS3231
 0h00:04.323 2022/01/09T18:56:04z: BME280 (0x76)
 0h00:04.337 2022/01/09T18:56:04z: 84:f3:eb:7d:7:a8
 0h00:04.339 2022/01/09T18:56:04z: SSID: MU Open
 0h00:04.344 2022/01/09T18:56:04z: AP_STAR tmr
 ets Jan  8 2013,rst cause:4, boot mode:(3,7)

wdt reset
load 0x4010f000, len 1384, room 16 
tail 8
chksum 0x2d
csum 0x2d
v8b899c12
~ld


6.01
 0h00:04.416 2022/01/09T19:16:05z: DS3231
 0h00:04.431 2022/01/09T19:16:05z: BME280 (0x76)
 0h00:04.445 2022/01/09T19:16:05z: 84:f3:eb:7d:7:a8
 0h00:04.447 2022/01/09T19:16:05z: SSID: MU Open
 0h00:04.452 2022/01/09T19:16:05z: AP_STAR tmr
 ets Jan  8 2013,rst cause:4, boot mode:(3,7)

wdt reset
load 0x4010f000, len 1384, room 16 
tail 8
chksum 0x2d
csum 0x2d
v8b899c12
~ld


6.01
 0h00:04.237 2022/01/09T19:36:05z: DS3231
 0h00:04.252 2022/01/09T19:36:05z: BME280 (0x76)
 0h00:04.266 2022/01/09T19:36:05z: 84:f3:eb:7d:7:a8
 0h00:04.268 2022/01/09T19:36:05z: SSID: MU Open
 0h00:04.273 2022/01/09T19:36:05z: AP_STAR tmr
 ets Jan  8 2013,rst cause:4, boot mode:(3,7)

wdt reset
load 0x4010f000, len 1384, room 16 
tail 8
chksum 0x2d
csum 0x2d
v8b899c12
~ld


6.01
 0h00:04.350 2022/01/09T19:56:06z: DS3231
 0h00:04.365 2022/01/09T19:56:06z: BME280 (0x76)
 0h00:04.379 2022/01/09T19:56:06z: 84:f3:eb:7d:7:a8
 0h00:04.381 2022/01/09T19:56:06z: SSID: MU Open
 0h00:04.386 2022/01/09T19:56:06z: AP_STAR tmr
 ets Jan  8 2013,rst cause:4, boot mode:(3,7)

wdt reset
load 0x4010f000, len 1384, room 16 
tail 8
chksum 0x2d
csum 0x2d
v8b899c12
~ld


6.01
 0h00:04.336 2022/01/09T20:16:07z: DS3231
 0h00:04.351 2022/01/09T20:16:07z: BME280 (0x76)
 0h00:04.366 2022/01/09T20:16:07z: 84:f3:eb:7d:7:a8
 0h00:04.367 2022/01/09T20:16:07z: SSID: MU Open
 0h00:04.372 2022/01/09T20:16:07z: AP_STAR tmr
 ets Jan  8 2013,rst cause:4, boot mode:(3,7)

wdt reset
load 0x4010f000, len 1384, room 16 
tail 8
chksum 0x2d
csum 0x2d
v8b899c12
~ld


6.01
 0h00:04.418 2022/01/09T20:36:06z: DS3231
 0h00:04.434 2022/01/09T20:36:06z: BME280 (0x76)
 0h00:04.448 2022/01/09T20:36:06z: 84:f3:eb:7d:7:a8
 0h00:04.450 2022/01/09T20:36:06z: SSID: MU Open
 0h00:04.455 2022/01/09T20:36:06z: AP_STAR tmr
 ets Jan  8 2013,rst cause:4, boot mode:(3,7)

wdt reset
load 0x4010f000, len 1384, room 16 
tail 8
chksum 0x2d
csum 0x2d
v8b899c12
~ld


6.01
 0h00:04.421 2022/01/09T20:56:06z: DS3231
 0h00:04.436 2022/01/09T20:56:06z: BME280 (0x76)
 0h00:04.450 2022/01/09T20:56:06z: 84:f3:eb:7d:7:a8
 0h00:04.452 2022/01/09T20:56:06z: SSID: MU Open
 0h00:04.457 2022/01/09T20:56:06z: AP_STAR tmr
 ets Jan  8 2013,rst cause:4, boot mode:(3,7)

wdt reset
load 0x4010f000, len 1384, room 16 
tail 8
chksum 0x2d
csum 0x2d
v8b899c12
~ld


6.01
 0h00:04.540 2022/01/09T21:16:06z: DS3231
 0h00:04.555 2022/01/09T21:16:06z: BME280 (0x76)
 0h00:04.569 2022/01/09T21:16:06z: 84:f3:eb:7d:7:a8
 0h00:04.571 2022/01/09T21:16:06z: SSID: MU Open
 0h00:04.576 2022/01/09T21:16:06z: AP_STAR tmr
 ets Jan  8 2013,rst cause:4, boot mode:(3,7)

wdt reset
load 0x4010f000, len 1384, room 16 
tail 8
chksum 0x2d
csum 0x2d
v8b899c12
~ld


6.01
 0h00:04.481 2022/01/09T21:36:06z: DS3231
 0h00:04.497 2022/01/09T21:36:06z: BME280 (0x76)
 0h00:04.511 2022/01/09T21:36:06z: 84:f3:eb:7d:7:a8
 0h00:04.513 2022/01/09T21:36:06z: SSID: MU Open
 0h00:04.518 2022/01/09T21:36:06z: AP_STAR tmr
 ets Jan  8 2013,rst cause:4, boot mode:(3,7)

wdt reset
load 0x4010f000, len 1384, room 16 
tail 8
chksum 0x2d
csum 0x2d
v8b899c12
~ld


6.01
 0h00:04.258 2022/01/09T21:56:06z: DS3231
 0h00:04.273 2022/01/09T21:56:06z: BME280 (0x76)
 0h00:04.287 2022/01/09T21:56:06z: 84:f3:eb:7d:7:a8
 0h00:04.289 2022/01/09T21:56:06z: SSID: MU Open
 0h00:04.294 2022/01/09T21:56:06z: AP_STAR tmr
 ets Jan  8 2013,rst cause:4, boot mode:(3,7)

wdt reset
load 0x4010f000, len 1384, room 16 
tail 8
chksum 0x2d
csum 0x2d
v8b899c12
~ld


6.01
 0h00:04.508 2022/01/09T22:16:07z: DS3231
 0h00:04.524 2022/01/09T22:16:07z: BME280 (0x76)
 0h00:04.538 2022/01/09T22:16:07z: 84:f3:eb:7d:7:a8
 0h00:04.539 2022/01/09T22:16:07z: SSID: MU Open
 0h00:04.545 2022/01/09T22:16:07z: AP_STAR tmr
 ets Jan  8 2013,rst cause:4, boot mode:(3,7)

wdt reset
load 0x4010f000, len 1384, room 16 
tail 8
chksum 0x2d
csum 0x2d
v8b899c12
~ld


6.01
 0h00:04.604 2022/01/09T22:36:07z: DS3231
 0h00:04.619 2022/01/09T22:36:07z: BME280 (0x76)
 0h00:04.633 2022/01/09T22:36:07z: 84:f3:eb:7d:7:a8
 0h00:04.635 2022/01/09T22:36:07z: SSID: MU Open
 0h00:04.640 2022/01/09T22:36:07z: AP_STAR tmr
 ets Jan  8 2013,rst cause:4, boot mode:(3,7)

wdt reset
load 0x4010f000, len 1384, room 16 
tail 8
chksum 0x2d
csum 0x2d
v8b899c12
~ld


6.01
 0h00:04.574 2022/01/09T22:56:08z: DS3231
 0h00:04.589 2022/01/09T22:56:09z: BME280 (0x76)
 0h00:04.604 2022/01/09T22:56:09z: 84:f3:eb:7d:7:a8
 0h00:04.605 2022/01/09T22:56:09z: SSID: MU Open
 0h00:04.610 2022/01/09T22:56:09z: AP_STAR tmr
 ets Jan  8 2013,rst cause:4, boot mode:(3,7)

wdt reset
load 0x4010f000, len 1384, room 16 
tail 8
chksum 0x2d
csum 0x2d
v8b899c12
~ld


6.01
 0h00:04.184 2022/01/09T23:16:09z: DS3231
 0h00:04.200 2022/01/09T23:16:09z: BME280 (0x76)
 0h00:04.214 2022/01/09T23:16:09z: 84:f3:eb:7d:7:a8
 0h00:04.216 2022/01/09T23:16:09z: SSID: MU Open
 0h00:04.221 2022/01/09T23:16:09z: AP_STAR tmr
 ets Jan  8 2013,rst cause:4, boot mode:(3,7)

wdt reset
load 0x4010f000, len 1384, room 16 
tail 8
chksum 0x2d
csum 0x2d
v8b899c12
~ld


6.01
 0h00:04.551 2022/01/09T23:36:10z: DS3231
 0h00:04.566 2022/01/09T23:36:10z: BME280 (0x76)
 0h00:04.581 2022/01/09T23:36:10z: 84:f3:eb:7d:7:a8
 0h00:04.582 2022/01/09T23:36:10z: SSID: MU Open
 0h00:04.587 2022/01/09T23:36:10z: AP_STAR tmr
 ets Jan  8 2013,rst cause:4, boot mode:(3,7)

wdt reset
load 0x4010f000, len 1384, room 16 
tail 8
chksum 0x2d
csum 0x2d
v8b899c12
~ld


6.01
 0h00:04.153 2022/01/09T23:56:10z: DS3231
 0h00:04.168 2022/01/09T23:56:10z: BME280 (0x76)
 0h00:04.182 2022/01/09T23:56:10z: 84:f3:eb:7d:7:a8
 0h00:04.184 2022/01/09T23:56:10z: SSID: MU Open
 0h00:04.189 2022/01/09T23:56:10z: AP_STA