R tmr
 ets Jan  8 2013,rst cause:4, boot mode:(3,7)

wdt reset
load 0x4010f000, len 1384, room 16 
tail 8
chksum 0x2d
csum 0x2d
v8b899c12
~ld


6.01
 0h00:04.567 2022/02/17T00:06:25z: DS3231
 0h00:04.583 2022/02/17T00:06:25z: BME280 (0x76)
 0h00:04.597 2022/02/17T00:06:25z: 84:f3:eb:7d:7:a8
 0h00:04.598 2022/02/17T00:06:25z: SSID: MU Open
 0h00:04.604 2022/02/17T00:06:25z: AP_STAR tmr
 ets Jan  8 2013,rst cause:4, boot mode:(3,7)

wdt reset
load 0x4010f000, len 1384, room 16 
tail 8
chksum 0x2d
csum 0x2d
v8b899c12
~ld


6.01
 0h00:04.655 2022/02/17T00:26:26z: DS3231
 0h00:04.670 2022/02/17T00:26:26z: BME280 (0x76)
 0h00:04.685 2022/02/17T00:26:26z: 84:f3:eb:7d:7:a8
 0h00:04.686 2022/02/17T00:26:26z: SSID: MU Open
 0h00:04.691 2022/02/17T00:26:26z: AP_STAR tmr
 ets Jan  8 2013,rst cause:4, boot mode:(3,7)

wdt reset
load 0x4010f000, len 1384, room 16 
tail 8
chksum 0x2d
csum 0x2d
v8b899c12
~ld


6.01
 0h00:04.607 2022/02/17T00:46:28z: DS3231
 0h00:04.622 2022/02/17T00:46:28z: BME280 (0x76)
 0h00:04.636 2022/02/17T00:46:28z: 84:f3:eb:7d:7:a8
 0h00:04.638 2022/02/17T00:46:28z: SSID: MU Open
 0h00:04.643 2022/02/17T00:46:28z: AP_STAR tmr
 ets Jan  8 2013,rst cause:4, boot mode:(3,7)

wdt reset
load 0x4010f000, len 1384, room 16 
tail 8
chksum 0x2d
csum 0x2d
v8b899c12
~ld


6.01
 0h00:04.575 2022/02/17T01:06:28z: DS3231
 0h00:04.590 2022/02/17T01:06:28z: BME280 (0x76)
 0h00:04.604 2022/02/17T01:06:28z: 84:f3:eb:7d:7:a8
 0h00:04.606 2022/02/17T01:06:28z: SSID: MU Open
 0h00:04.611 2022/02/17T01:06:28z: AP_STAR tmr
 ets Jan  8 2013,rst cause:4, boot mode:(3,7)

wdt reset
load 0x4010f000, len 1384, room 16 
tail 8
chksum 0x2d
csum 0x2d
v8b899c12
~ld


6.01
 0h00:04.577 2022/02/17T01:26:29z: DS3231
 0h00:04.592 2022/02/17T01:26:29z: BME280 (0x76)
 0h00:04.607 2022/02/17T01:26:29z: 84:f3:eb:7d:7:a8
 0h00:04.608 2022/02/17T01:26:29z: SSID: MU Open
 0h00:04.613 2022/02/17T01:26:29z: AP_STAR tmr
 ets Jan  8 2013,rst cause:4, boot mode:(3,7)

wdt reset
load 0x4010f000, len 1384, room 16 
tail 8
chksum 0x2d
csum 0x2d
v8b899c12
~ld


6.01
 0h00:04.465 2022/02/17T01:46:31z: DS3231
 0h00:04.480 2022/02/17T01:46:31z: BME280 (0x76)
 0h00:04.494 2022/02/17T01:46:31z: 84:f3:eb:7d:7:a8
 0h00:04.496 2022/02/17T01:46:31z: SSID: MU Open
 0h00:04.501 2022/02/17T01:46:31z: AP_STAR tmr
 ets Jan  8 2013,rst cause:4, boot mode:(3,7)

wdt reset
load 0x4010f000, len 1384, room 16 
tail 8
chksum 0x2d
csum 0x2d
v8b899c12
~ld


6.01
 0h00:04.519 2022/02/17T02:06:32z: DS3231
 0h00:04.535 2022/02/17T02:06:32z: BME280 (0x76)
 0h00:04.549 2022/02/17T02:06:32z: 84:f3:eb:7d:7:a8
 0h00:04.550 2022/02/17T02:06:32z: SSID: MU Open
 0h00:04.556 2022/02/17T02:06:32z: AP_STAR tmr
 ets Jan  8 2013,rst cause:4, boot mode:(3,7)

wdt reset
load 0x4010f000, len 1384, room 16 
tail 8
chksum 0x2d
csum 0x2d
v8b899c12
~ld


6.01
 0h00:04.124 2022/02/17T02:26:32z: DS3231
 0h00:04.139 2022/02/17T02:26:32z: BME280 (0x76)
 0h00:04.154 2022/02/17T02:26:33z: 84:f3:eb:7d:7:a8
 0h00:04.155 2022/02/17T02:26:33z: SSID: MU Open
 0h00:04.160 2022/02/17T02:26:33z: AP_STAR tmr
 ets Jan  8 2013,rst cause:4, boot mode:(3,7)

wdt reset
load 0x4010f000, len 1384, room 16 
tail 8
chksum 0x2d
csum 0x2d
v8b899c12
~ld


6.01
 0h00:04.456 2022/02/17T02:46:34z: DS3231
 0h00:04.471 2022/02/17T02:46:34z: BME280 (0x76)
 0h00:04.485 2022/02/17T02:46:34z: 84:f3:eb:7d:7:a8
 0h00:04.487 2022/02/17T02:46:34z: SSID: MU Open
 0h00:04.492 2022/02/17T02:46:34z: AP_STAR tmr
 ets Jan  8 2013,rst cause:4, boot mode:(3,7)

wdt reset
load 0x4010f000, len 1384, room 16 
tail 8
chksum 0x2d
csum 0x2d
v8b899c12
~ld


6.01
 0h00:04.631 2022/02/17T03:06:35z: DS3231
 0h00:04.647 2022/02/17T03:06:35z: BME280 (0x76)
 0h00:04.661 2022/02/17T03:06:35z: 84:f3:eb:7d:7:a8
 0h00:04.663 2022/02/17T03:06:35z: SSID: MU Open
 0h00:04.668 2022/02/17T03:06:35z: AP_STAR tmr
 ets Jan  8 2013,rst cause:4, boot mode:(3,7)

wdt reset
load 0x4010f000, len 1384, room 16 
tail 8
chksum 0x2d
csum 0x2d
v8b899c12
~ld


6.01
 0h00:04.628 2022/02/17T03:26:36z: DS3231
 0h00:04.644 2022/02/17T03:26:36z: BME280 (0x76)
 0h00:04.658 2022/02/17T03:26:36z: 84:f3:eb:7d:7:a8
 0h00:04.659 2022/02/17T03:26:36z: SSID: MU Open
 0h00:04.665 2022/02/17T03:26:36z: AP_STAR tmr
 ets Jan  8 2013,rst cause:4, boot mode:(3,7)

wdt reset
load 0x4010f000, len 1384, room 16 
tail 8
chksum 0x2d
csum 0x2d
v8b899c12
~ld


6.01
 0h00:04.489 2022/02/17T03:46:37z: DS3231
 0h00:04.504 2022/02/17T03:46:37z: BME280 (0x76)
 0h00:04.519 2022/02/17T03:46:37z: 84:f3:eb:7d:7:a8
 0h00:04.520 2022/02/17T03:46:37z: SSID: MU Open
 0h00:04.525 2022/02/17T03:46:37z: AP_STAR tmr
 ets Jan  8 2013,rst cause:4, boot mode:(3,7)

wdt reset
load 0x4010f000, len 1384, room 16 
tail 8
chksum 0x2d
csum 0x2d
v8b899c12
~ld


6.01
 0h00:04.647 2022/02/17T04:06:39z: DS3231
 0h00:04.663 2022/02/17T04:06:39z: BME280 (0x76)
 0h00:04.677 2022/02/17T04:06:39z: 84:f3:eb:7d:7:a8
 0h00:04.678 2022/02/17T04:06:39z: SSID: MU Open
 0h00:04.684 2022/02/17T04:06:39z: AP_STAR tmr
 ets Jan  8 2013,rst cause:4, boot mode:(3,7)

wdt reset
load 0x4010f000, len 1384, room 16 
tail 8
chksum 0x2d
csum 0x2d
v8b899c12
~ld


6.01
 0h00:04.720 2022/02/17T04:26:40z: DS3231
 0h00:04.735 2022/02/17T04:26:40z: BME280 (0x76)
 0h00:04.749 2022/02/17T04:26:40z: 84:f3:eb:7d:7:a8
 0h00:04.751 2022/02/17T04:26:40z: SSID: MU Open
 0h00:04.756 2022/02/17T04:26:40z: AP_STAR tmr
 ets Jan  8 2013,rst cause:4, boot mode:(3,7)

wdt reset
load 0x4010f000, len 1384, room 16 
tail 8
chksum 0x2d
csum 0x2d
v8b899c12
~ld


6.01
 0h00:04.715 2022/02/17T04:46:41z: DS3231
 0h00:04.730 2022/02/17T04:46:41z: BME280 (0x76)
 0h00:04.744 2022/02/17T04:46:41z: 84:f3:eb:7d:7:a8
 0h00:04.746 2022/02/17T04:46:41z: SSID: MU Open
 0h00:04.751 2022/02/17T04:46:41z: AP_STAR tmr
 ets Jan  8 2013,rst cause:4, boot mode:(3,7)

wdt reset
load 0x4010f000, len 1384, room 16 
tail 8
chksum 0x2d
csum 0x2d
v8b899c12
~ld


6.01
 0h00:04.502 2022/02/17T05:06:43z: DS3231
 0h00:04.517 2022/02/17T05:06:43z: BME280 (0x76)
 0h00:04.531 2022/02/17T05:06:43z: 84:f3:eb:7d:7:a8
 0h00:04.533 2022/02/17T05:06:43z: SSID: MU Open
 0h00:04.538 2022/02/17T05:06:43z: AP_STAR tmr
 ets Jan  8 2013,rst cause:4, boot mode:(3,7)

wdt reset
load 0x4010f000, len 1384, room 16 
tail 8
chksum 0x2d
csum 0x2d
v8b899c12
~ld


6.01
 0h00:04.793 2022/02/17T05:26:45z: DS3231
 0h00:04.808 2022/02/17T05:26:45z: BME280 (0x76)
 0h00:04.823 2022/02/17T05:26:46z: 84:f3:eb:7d:7:a8
 0h00:04.824 2022/02/17T05:26:46z: SSID: MU Open
 0h00:04.829 2022/02/17T05:26:46z: AP_STAR tmr
 ets Jan  8 2013,rst cause:4, boot mode:(3,7)

wdt reset
load 0x4010f000, len 1384, room 16 
tail 8
chksum 0x2d
csum 0x2d
v8b899c12
~ld


6.01
 0h00:04.517 2022/02/17T05:46:47z: DS3231
 0h00:04.532 2022/02/17T05:46:47z: BME280 (0x76)
 0h00:04.546 2022/02/17T05:46:47z: 84:f3:eb:7d:7:a8
 0h00:04.548 2022/02/17T05:46:47z: SSID: MU Open
 0h00:04.553 2022/02/17T05:46:47z: AP_STAR tmr
 ets Jan  8 2013,rst cause:4, boot mode:(3,7)

wdt reset
load 0x4010f000, len 1384, room 16 
tail 8
chksum 0x2d
csum 0x2d
v8b899c12
~ld


6.01
 0h00:04.635 2022/02/17T06:06:48z: DS3231
 0h00:04.650 2022/02/17T06:06:48z: BME280 (0x76)
 0h00:04.664 2022/02/17T06:06:48z: 84:f3:eb:7d:7:a8
 0h00:04.666 2022/02/17T06:06:48z: SSID: MU Open
 0h00:04.671 2022/02/17T06:06:48z: AP_STAR tmr
 ets Jan  8 2013,rst cause:4, boot mode:(3,7)

wdt reset
load 0x4010f000, len 1384, room 16 
tail 8
chksum 0x2d
csum 0x2d
v8b899c12
~ld


6.01
 0h00:04.669 2022/02/17T06:26:50z: DS3231
 0h00:04.684 2022/02/17T06:26:50z: BME280 (0x76)
 0h00:04.698 2022/02/17T06:26:50z: 84:f3:eb:7d:7:a8
 0h00:04.700 2022/02/17T06:26:50z: SSID: MU Open
 0h00:04.705 2022/02/17T06:26:50z: AP_STAR tmr
 ets Jan  8 2013,rst cause:4, boot mode:(3,7)

wdt reset
load 0x4010f000, len 1384, room 16 
tail 8
chksum 0x2d
csum 0x2d
v8b899c12
~ld


6.01
 0h00:04.731 2022/02/17T06:46:51z: DS3231
 0h00:04.746 2022/02/17T06:46:51z: BME280 (0x76)
 0h00:04.760 2022/02/17T06:46:51z: 84:f3:eb:7d:7:a8
 0h00:04.762 2022/02/17T06:46:51z: SSID: MU Open
 0h00:04.767 2022/02/17T06:46:51z: AP_STAR tmr
 ets Jan  8 2013,rst cause:4, boot mode:(3,7)

wdt reset
load 0x4010f000, len 1384, room 16 
tail 8
chksum 0x2d
csum 0x2d
v8b899c12
~ld


6.01
 0h00:04.479 2022/02/17T07:06:53z: DS3231
 0h00:04.494 2022/02/17T07:06:53z: BME280 (0x76)
 0h00:04.508 2022/02/17T07:06:53z: 84:f3:eb:7d:7:a8
 0h00:04.510 2022/02/17T07:06:53z: SSID: MU Open
 0h00:04.515 2022/02/17T07:06:53z: AP_STAR tmr
 ets Jan  8 2013,rst cause:4, boot mode:(3,7)

wdt reset
load 0x4010f000, len 1384, room 16 
tail 8
chksum 0x2d
csum 0x2d
v8b899c12
~ld


6.01
 0h00:04.746 2022/02/17T07:26:55z: DS3231
 0h00:04.761 2022/02/17T07:26:55z: BME280 (0x76)
 0h00:04.775 2022/02/17T07:26:55z: 84:f3:eb:7d:7:a8
 0h00:04.777 2022/02/17T07:26:55z: SSID: MU Open
 0h00:04.782 2022/02/17T07:26:55z: AP_STAR tmr
 ets Jan  8 2013,rst cause:4, boot mode:(3,7)

wdt reset
load 0x4010f000, len 1384, room 16 
tail 8
chksum 0x2d
csum 0x2d
v8b899c12
~ld


6.01
 0h00:04.734 2022/02/17T07:46:56z: DS3231
 0h00:04.749 2022/02/17T07:46:56z: BME280 (0x76)
 0h00:04.763 2022/02/17T07:46:56z: 84:f3:eb:7d:7:a8
 0h00:04.765 2022/02/17T07:46:56z: SSID: MU Open
 0h00:04.770 2022/02/17T07:46:56z: AP_STAR tmr
 ets Jan  8 2013,rst cause:4, boot mode:(3,7)

wdt reset
load 0x4010f000, len 1384, room 16 
tail 8
chksum 0x2d
csum 0x2d
v8b899c12
~ld


6.01
 0h00:04.700 2022/02/17T08:06:57z: DS3231
 0h00:04.715 2022/02/17T08:06:57z: BME280 (0x76)
 0h00:04.729 2022/02/17T08:06:57z: 84:f3:eb:7d:7:a8
 0h00:04.731 2022/02/17T08:06:57z: SSID: MU Open
 0h00:04.736 2022/02/17T08:06:57z: AP_STAR tmr
 ets Jan  8 2013,rst cause:4, boot mode:(3,7)

wdt reset
load 0x4010f000, len 1384, room 16 
tail 8
chksum 0x2d
csum 0x2d
v8b899c12
~ld


6.01
 0h00:04.659 2022/02/17T08:27:00z: DS3231
 0h00:04.674 2022/02/17T08:27:00z: BME280 (0x76)
 0h00:04.688 2022/02/17T08:27:00z: 84:f3:eb:7d:7:a8
 0h00:04.690 2022/02/17T08:27:00z: SSID: MU Open
 0h00:04.695 2022/02/17T08:27:00z: AP_STAR tmr
 ets Jan  8 2013,rst cause:4, boot mode:(3,7)

wdt reset
load 0x4010f000, len 1384, room 16 
tail 8
chksum 0x2d
csum 0x2d
v8b899c12
~ld


6.01
 0h00:04.462 2022/02/17T08:47:01z: DS3231
 0h00:04.477 2022/02/17T08:47:01z: BME280 (0x76)
 0h00:04.491 2022/02/17T08:47:01z: 84:f3:eb:7d:7:a8
 0h00:04.493 2022/02/17T08:47:01z: SSID: MU Open
 0h00:04.498 2022/02/17T08:47:01z: AP_STAR tmr
 ets Jan  8 2013,rst cause:4, boot mode:(3,7)

wdt reset
load 0x4010f000, len 1384, room 16 
tail 8
chksum 0x2d
csum 0x2d
v8b899c12
~ld


6.01
 0h00:04.714 2022/02/17T09:07:04z: DS3231
 0h00:04.729 2022/02/17T09:07:04z: BME280 (0x76)
 0h00:04.744 2022/02/17T09:07:04z: 84:f3:eb:7d:7:a8
 0h00:04.745 2022/02/17T09:07:04z: SSID: MU Open
 0h00:04.750 2022/02/17T09:07:04z: AP_STAR tmr
 ets Jan  8 2013,rst cause:4, boot mode:(3,7)

wdt reset
load 0x4010f000, len 1384, room 16 
tail 8
chksum 0x2d
csum 0x2d
v8b899c12
~ld


6.01
 0h00:04.465 2022/02/17T09:27:05z: DS3231
 0h00:04.480 2022/02/17T09:27:05z: BME280 (0x76)
 0h00:04.494 2022/02/17T09:27:05z: 84:f3:eb:7d:7:a8
 0h00:04.496 2022/02/17T09:27:05z: SSID: MU Open
 0h00:04.501 2022/02/17T09:27:05z: AP_STAR tmr
 ets Jan  8 2013,rst cause:4, boot mode:(3,7)

wdt reset
load 0x4010f000, len 1384, room 16 
tail 8
chksum 0x2d
csum 0x2d
v8b899c12
~ld


6.01
 0h00:04.717 2022/02/17T09:47:07z: DS3231
 0h00:04.732 2022/02/17T09:47:07z: BME280 (0x76)
 0h00:04.747 2022/02/17T09:47:07z: 84:f3:eb:7d:7:a8
 0h00:04.748 2022/02/17T09:47:07z: SSID: MU Open
 0h00:04.753 2022/02/17T09:47:07z: AP_STAR tmr
 ets Jan  8 2013,rst cause:4, boot mode:(3,7)

wdt reset
load 0x4010f000, len 1384, room 16 
tail 8
chksum 0x2d
csum 0x2d
v8b899c12
~ld


6.01
 0h00:04.713 2022/02/17T10:07:08z: DS3231
 0h00:04.728 2022/02/17T10:07:08z: BME280 (0x76)
 0h00:04.742 2022/02/17T10:07:08z: 84:f3:eb:7d:7:a8
 0h00:04.744 2022/02/17T10:07:08z: SSID: MU Open
 0h00:04.749 2022/02/17T10:07:08z: AP_STAR tmr
 ets Jan  8 2013,rst cause:4, boot mode:(3,7)

wdt reset
load 0x4010f000, len 1384, room 16 
tail 8
chksum 0x2d
csum 0x2d
v8b899c12
~ld


6.01
 0h00:04.892 2022/02/17T10:27:10z: DS3231
 0h00:04.907 2022/02/17T10:27:10z: BME280 (0x76)
 0h00:04.922 2022/02/17T10:27:10z: 84:f3:eb:7d:7:a8
 0h00:04.923 2022/02/17T10:27:10z: SSID: MU Open
 0h00:04.928 2022/02/17T10:27:10z: AP_STAR tmr
 ets Jan  8 2013,rst cause:4, boot mode:(3,7)

wdt reset
load 0x4010f000, len 1384, room 16 
tail 8
chksum 0x2d
csum 0x2d
v8b899c12
~ld


6.01
 0h00:04.823 2022/02/17T10:47:11z: DS3231
 0h00:04.839 2022/02/17T10:47:11z: BME280 (0x76)
 0h00:04.853 2022/02/17T10:47:11z: 84:f3:eb:7d:7:a8
 0h00:04.855 2022/02/17T10:47:11z: SSID: MU Open
 0h00:04.860 2022/02/17T10:47:11z: AP_STAR tmr
 ets Jan  8 2013,rst cause:4, boot mode:(3,7)

wdt reset
load 0x4010f000, len 1384, room 16 
tail 8
chksum 0x2d
csum 0x2d
v8b899c12
~ld


6.01
 0h00:04.760 2022/02/17T11:07:12z: DS3231
 0h00:04.775 2022/02/17T11:07:12z: BME280 (0x76)
 0h00:04.789 2022/02/17T11:07:12z: 84:f3:eb:7d:7:a8
 0h00:04.791 2022/02/17T11:07:12z: SSID: MU Open
 0h00:04.796 2022/02/17T11:07:12z: AP_STAR tmr
 ets Jan  8 2013,rst cause:4, boot mode:(3,7)

wdt reset
load 0x4010f000, len 1384, room 16 
tail 8
chksum 0x2d
csum 0x2d
v8b899c12
~ld


6.01
 0h00:04.402 2022/02/17T11:27:14z: DS3231
 0h00:04.417 2022/02/17T11:27:14z: BME280 (0x76)
 0h00:04.431 2022/02/17T11:27:14z: 84:f3:eb:7d:7:a8
 0h00:04.433 2022/02/17T11:27:14z: SSID: MU Open
 0h00:04.438 2022/02/17T11:27:14z: AP_STAR tmr
 ets Jan  8 2013,rst cause:4, boot mode:(3,7)

wdt reset
load 0x4010f000, len 1384, room 16 
tail 8
chksum 0x2d
csum 0x2d
v8b899c12
~ld


6.01
 0h00:04.774 2022/02/17T11:47:15z: DS3231
 0h00:04.789 2022/02/17T11:47:15z: BME280 (0x76)
 0h00:04.803 2022/02/17T11:47:15z: 84:f3:eb:7d:7:a8
 0h00:04.805 2022/02/17T11:47:15z: SSID: MU Open
 0h00:04.810 2022/02/17T11:47:15z: AP_STAR tmr
 ets Jan  8 2013,rst cause:4, boot mode:(3,7)

wdt reset
load 0x4010f000, len 1384, room 16 
tail 8
chksum 0x2d
csum 0x2d
v8b899c12
~ld


6.01
 0h00:04.733 2022/02/17T12:07:17z: DS3231
 0h00:04.748 2022/02/17T12:07:17z: BME280 (0x76)
 0h00:04.762 2022/02/17T12:07:17z: 84:f3:eb:7d:7:a8
 0h00:04.764 2022/02/17T12:07:17z: SSID: MU Open
 0h00:04.769 2022/02/17T12:07:17z: AP_STAR tmr
 ets Jan  8 2013,rst cause:4, boot mode:(3,7)

wdt reset
load 0x4010f000, len 1384, room 16 
tail 8
chksum 0x2d
csum 0x2d
v8b899c12
~ld


6.01
 0h00:04.729 2022/02/17T12:27:18z: DS3231
 0h00:04.744 2022/02/17T12:27:18z: BME280 (0x76)
 0h00:04.758 2022/02/17T12:27:18z: 84:f3:eb:7d:7:a8
 0h00:04.760 2022/02/17T12:27:18z: SSID: MU Open
 0h00:04.765 2022/02/17T12:27:18z: AP_STAR tmr
 ets Jan  8 2013,rst cause:4, boot mode:(3,7)

wdt reset
load 0x4010f000, len 1384, room 16 
tail 8
chksum 0x2d
csum 0x2d
v8b899c12
~ld


6.01
 0h00:04.848 2022/02/17T12:47:20z: DS3231
 0h00:04.863 2022/02/17T12:47:20z: BME280 (0x76)
 0h00:04.877 2022/02/17T12:47:20z: 84:f3:eb:7d:7:a8
 0h00:04.879 2022/02/17T12:47:20z: SSID: MU Open
 0h00:04.884 2022/02/17T12:47:20z: AP_STAR tmr
 ets Jan  8 2013,rst cause:4, boot mode:(3,7)

wdt reset
load 0x4010f000, len 1384, room 16 
tail 8
chksum 0x2d
csum 0x2d
v8b899c12
~ld


6.01
 0h00:04.824 2022/02/17T13:07:22z: DS3231
 0h00:04.839 2022/02/17T13:07:22z: BME280 (0x76)
 0h00:04.853 2022/02/17T13:07:22z: 84:f3:eb:7d:7:a8
 0h00:04.855 2022/02/17T13:07:22z: SSID: MU Open
 0h00:04.860 2022/02/17T13:07:22z: AP_STAR tmr
 ets Jan  8 2013,rst cause:4, boot mode:(3,7)

wdt reset
load 0x4010f000, len 1384, room 16 
tail 8
chksum 0x2d
csum 0x2d
v8b899c12
~ld


6.01
 0h00:04.935 2022/02/17T13:27:25z: DS3231
 0h00:04.950 2022/02/17T13:27:25z: BME280 (0x76)
 0h00:04.965 2022/02/17T13:27:25z: 84:f3:eb:7d:7:a8
 0h00:04.966 2022/02/17T13:27:25z: SSID: MU Open
 0h00:04.971 2022/02/17T13:27:25z: AP_STAR tmr
 ets Jan  8 2013,rst cause:4, boot mode:(3,7)

wdt reset
load 0x4010f000, len 1384, room 16 
tail 8
chksum 0x2d
csum 0x2d
v8b899c12
~ld


6.01
 0h00:04.354 2022/02/17T13:47:26z: DS3231
 0h00:04.369 2022/02/17T13:47:26z: BME280 (0x76)
 0h00:04.383 2022/02/17T13:47:26z: 84:f3:eb:7d:7:a8
 0h00:04.385 2022/02/17T13:47:26z: SSID: MU Open
 0h00:04.390 2022/02/17T13:47:26z: AP_STAR tmr
 ets Jan  8 2013,rst cause:4, boot mode:(3,7)

wdt reset
load 0x4010f000, len 1384, room 16 
tail 8
chksum 0x2d
csum 0x2d
v8b899c12
~ld


6.01
 0h00:04.703 2022/02/17T14:07:28z: DS3231
 0h00:04.718 2022/02/17T14:07:28z: BME280 (0x76)
 0h00:04.733 2022/02/17T14:07:28z: 84:f3:eb:7d:7:a8
 0h00:04.734 2022/02/17T14:07:28z: SSID: MU Open
 0h00:04.739 2022/02/17T14:07:28z: AP_STAR tmr
 ets Jan  8 2013,rst cause:4, boot mode:(3,7)

wdt reset
load 0x4010f000, len 1384, room 16 
tail 8
chksum 0x2d
csum 0x2d
v8b899c12
~ld


6.01
 0h00:04.876 2022/02/17T14:27:29z: DS3231
 0h00:04.891 2022/02/17T14:27:29z: BME280 (0x76)
 0h00:04.905 2022/02/17T14:27:29z: 84:f3:eb:7d:7:a8
 0h00:04.907 2022/02/17T14:27:29z: SSID: MU Open
 0h00:04.912 2022/02/17T14:27:29z: AP_STAR tmr
 ets Jan  8 2013,rst cause:4, boot mode:(3,7)

wdt reset
load 0x4010f000, len 1384, room 16 
tail 8
chksum 0x2d
csum 0x2d
v8b899c12
~ld


6.01
 0h00:04.581 2022/02/17T14:47:31z: DS3231
 0h00:04.596 2022/02/17T14:47:31z: BME280 (0x76)
 0h00:04.610 2022/02/17T14:47:31z: 84:f3:eb:7d:7:a8
 0h00:04.612 2022/02/17T14:47:31z: SSID: MU Open
 0h00:04.617 2022/02/17T14:47:31z: AP_STAR tmr
 ets Jan  8 2013,rst cause:4, boot mode:(3,7)

wdt reset
load 0x4010f000, len 1384, room 16 
tail 8
chksum 0x2d
csum 0x2d
v8b899c12
~ld


6.01
 0h00:04.467 2022/02/17T15:07:32z: DS3231
 0h00:04.483 2022/02/17T15:07:32z: BME280 (0x76)
 0h00:04.497 2022/02/17T15:07:32z: 84:f3:eb:7d:7:a8
 0h00:04.498 2022/02/17T15:07:32z: SSID: MU Open
 0h00:04.504 2022/02/17T15:07:32z: AP_STAR tmr
 ets Jan  8 2013,rst cause:4, boot mode:(3,7)

wdt reset
load 0x4010f000, len 1384, room 16 
tail 8
chksum 0x2d
csum 0x2d
v8b899c12
~ld


6.01
 0h00:04.768 2022/02/17T15:27:34z: DS3231
 0h00:04.784 2022/02/17T15:27:34z: BME280 (0x76)
 0h00:04.798 2022/02/17T15:27:34z: 84:f3:eb:7d:7:a8
 0h00:04.799 2022/02/17T15:27:34z: SSID: MU Open
 0h00:04.805 2022/02/17T15:27:34z: AP_STAR tmr
 ets Jan  8 2013,rst cause:4, boot mode:(3,7)

wdt reset
load 0x4010f000, len 1384, room 16 
tail 8
chksum 0x2d
csum 0x2d
v8b899c12
~ld


6.01
 0h00:04.711 2022/02/17T15:47:36z: DS3231
 0h00:04.726 2022/02/17T15:47:36z: BME280 (0x76)
 0h00:04.740 2022/02/17T15:47:36z: 84:f3:eb:7d:7:a8
 0h00:04.742 2022/02/17T15:47:36z: SSID: MU Open
 0h00:04.747 2022/02/17T15:47:36z: AP_STAR tmr
 ets Jan  8 2013,rst cause:4, boot mode:(3,7)

wdt reset
load 0x4010f000, len 1384, room 16 
tail 8
chksum 0x2d
csum 0x2d
v8b899c12
~ld


6.01
 0h00:04.850 2022/02/17T16:07:37z: DS3231
 0h00:04.865 2022/02/17T16:07:37z: BME280 (0x76)
 0h00:04.879 2022/02/17T16:07:37z: 84:f3:eb:7d:7:a8
 0h00:04.881 2022/02/17T16:07:37z: SSID: MU Open
 0h00:04.886 2022/02/17T16:07:37z: AP_STAR tmr
 ets Jan  8 2013,rst cause:4, boot mode:(3,7)

wdt reset
load 0x4010f000, len 1384, room 16 
tail 8
chksum 0x2d
csum 0x2d
v8b899c12
~ld


6.01
 0h00:04.755 2022/02/17T16:27:39z: DS3231
 0h00:04.770 2022/02/17T16:27:39z: BME280 (0x76)
 0h00:04.784 2022/02/17T16:27:39z: 84:f3:eb:7d:7:a8
 0h00:04.786 2022/02/17T16:27:39z: SSID: MU Open
 0h00:04.791 2022/02/17T16:27:39z: AP_STAR tmr
 ets Jan  8 2013,rst cause:4, boot mode:(3,7)

wdt reset
load 0x4010f000, len 1384, room 16 
tail 8
chksum 0x2d
csum 0x2d
v8b899c12
~ld


6.01
 0h00:04.746 2022/02/17T16:47:40z: DS3231
 0h00:04.762 2022/02/17T16:47:40z: BME280 (0x76)
 0h00:04.776 2022/02/17T16:47:40z: 84:f3:eb:7d:7:a8
 0h00:04.778 2022/02/17T16:47:40z: SSID: MU Open
 0h00:04.783 2022/02/17T16:47:40z: AP_STAR tmr
 ets Jan  8 2013,rst cause:4, boot mode:(3,7)

wdt reset
load 0x4010f000, len 1384, room 16 
tail 8
chksum 0x2d
csum 0x2d
v8b899c12
~ld


6.01
 0h00:04.829 2022/02/17T17:07:41z: DS3231
 0h00:04.844 2022/02/17T17:07:41z: BME280 (0x76)
 0h00:04.858 2022/02/17T17:07:41z: 84:f3:eb:7d:7:a8
 0h00:04.860 2022/02/17T17:07:41z: SSID: MU Open
 0h00:04.865 2022/02/17T17:07:41z: AP_STAR tmr
 ets Jan  8 2013,rst cause:4, boot mode:(3,7)

wdt reset
load 0x4010f000, len 1384, room 16 
tail 8
chksum 0x2d
csum 0x2d
v8b899c12
~ld


6.01
 0h00:04.644 2022/02/17T17:27:43z: DS3231
 0h00:04.659 2022/02/17T17:27:43z: BME280 (0x76)
 0h00:04.674 2022/02/17T17:27:43z: 84:f3:eb:7d:7:a8
 0h00:04.675 2022/02/17T17:27:43z: SSID: MU Open
 0h00:04.680 2022/02/17T17:27:43z: AP_STAR tmr
 ets Jan  8 2013,rst cause:4, boot mode:(3,7)

wdt reset
load 0x4010f000, len 1384, room 16 
tail 8
chksum 0x2d
csum 0x2d
v8b899c12
~ld


6.01
 0h00:04.496 2022/02/17T17:47:45z: DS3231
 0h00:04.511 2022/02/17T17:47:45z: BME280 (0x76)
 0h00:04.526 2022/02/17T17:47:45z: 84:f3:eb:7d:7:a8
 0h00:04.527 2022/02/17T17:47:45z: SSID: MU Open
 0h00:04.532 2022/02/17T17:47:45z: AP_STAR tmr
 ets Jan  8 2013,rst cause:4, boot mode:(3,7)

wdt reset
load 0x4010f000, len 1384, room 16 
tail 8
chksum 0x2d
csum 0x2d
v8b899c12
~ld


6.01
 0h00:04.803 2022/02/17T18:07:47z: DS3231
 0h00:04.818 2022/02/17T18:07:47z: BME280 (0x76)
 0h00:04.833 2022/02/17T18:07:47z: 84:f3:eb:7d:7:a8
 0h00:04.834 2022/02/17T18:07:47z: SSID: MU Open
 0h00:04.839 2022/02/17T18:07:47z: AP_STAR tmr
 ets Jan  8 2013,rst cause:4, boot mode:(3,7)

wdt reset
load 0x4010f000, len 1384, room 16 
tail 8
chksum 0x2d
csum 0x2d
v8b899c12
~ld


6.01
 0h00:04.575 2022/02/17T18:27:48z: DS3231
 0h00:04.590 2022/02/17T18:27:48z: BME280 (0x76)
 0h00:04.604 2022/02/17T18:27:48z: 84:f3:eb:7d:7:a8
 0h00:04.606 2022/02/17T18:27:48z: SSID: MU Open
 0h00:04.611 2022/02/17T18:27:48z: AP_STAR tmr
 ets Jan  8 2013,rst cause:4, boot mode:(3,7)

wdt reset
load 0x4010f000, len 1384, room 16 
tail 8
chksum 0x2d
csum 0x2d
v8b899c12
~ld


6.01
 0h00:04.418 2022/02/17T18:47:49z: DS3231
 0h00:04.433 2022/02/17T18:47:49z: BME280 (0x76)
 0h00:04.448 2022/02/17T18:47:49z: 84:f3:eb:7d:7:a8
 0h00:04.449 2022/02/17T18:47:49z: SSID: MU Open
 0h00:04.454 2022/02/17T18:47:49z: AP_STAR tmr
 ets Jan  8 2013,rst cause:4, boot mode:(3,7)

wdt reset
load 0x4010f000, len 1384, room 16 
tail 8
chksum 0x2d
csum 0x2d
v8b899c12
~ld


6.01
 0h00:04.770 2022/02/17T19:07:51z: DS3231
 0h00:04.785 2022/02/17T19:07:51z: BME280 (0x76)
 0h00:04.799 2022/02/17T19:07:51z: 84:f3:eb:7d:7:a8
 0h00:04.801 2022/02/17T19:07:51z: SSID: MU Open
 0h00:04.806 2022/02/17T19:07:51z: AP_STAR tmr
 ets Jan  8 2013,rst cause:4, boot mode:(3,7)

wdt reset
load 0x4010f000, len 1384, room 16 
tail 8
chksum 0x2d
csum 0x2d
v8b899c12
~ld


6.01
 0h00:04.813 2022/02/17T19:27:53z: DS3231
 0h00:04.828 2022/02/17T19:27:53z: BME280 (0x76)
 0h00:04.842 2022/02/17T19:27:53z: 84:f3:eb:7d:7:a8
 0h00:04.844 2022/02/17T19:27:53z: SSID: MU Open
 0h00:04.849 2022/02/17T19:27:53z: AP_STAR tmr
 ets Jan  8 2013,rst cause:4, boot mode:(3,7)

wdt reset
load 0x4010f000, len 1384, room 16 
tail 8
chksum 0x2d
csum 0x2d
v8b899c12
~ld


6.01
 0h00:04.861 2022/02/17T19:47:55z: DS3231
 0h00:04.876 2022/02/17T19:47:55z: BME280 (0x76)
 0h00:04.890 2022/02/17T19:47:55z: 84:f3:eb:7d:7:a8
 0h00:04.892 2022/02/17T19:47:55z: SSID: MU Open
 0h00:04.897 2022/02/17T19:47:55z: AP_STAR tmr
 ets Jan  8 2013,rst cause:4, boot mode:(3,7)

wdt reset
load 0x4010f000, len 1384, room 16 
tail 8
chksum 0x2d
csum 0x2d
v8b899c12
~ld


6.01
 0h00:04.562 2022/02/17T20:07:57z: DS3231
 0h00:04.577 2022/02/17T20:07:57z: BME280 (0x76)
 0h00:04.591 2022/02/17T20:07:57z: 84:f3:eb:7d:7:a8
 0h00:04.593 2022/02/17T20:07:57z: SSID: MU Open
 0h00:04.598 2022/02/17T20:07:57z: AP_STAR tmr
 ets Jan  8 2013,rst cause:4, boot mode:(3,7)

wdt reset
load 0x4010f000, len 1384, room 16 
tail 8
chksum 0x2d
csum 0x2d
v8b899c12
~ld


6.01
 0h00:04.821 2022/02/17T20:27:59z: DS3231
 0h00:04.836 2022/02/17T20:27:59z: BME280 (0x76)
 0h00:04.850 2022/02/17T20:27:59z: 84:f3:eb:7d:7:a8
 0h00:04.852 2022/02/17T20:27:59z: SSID: MU Open
 0h00:04.857 2022/02/17T20:27:59z: AP_STAR tmr
 ets Jan  8 2013,rst cause:4, boot mode:(3,7)

wdt reset
load 0x4010f000, len 1384, room 16 
tail 8
chksum 0x2d
csum 0x2d
v8b899c12
~ld


6.01
 0h00:04.779 2022/02/17T20:48:00z: DS3231
 0h00:04.795 2022/02/17T20:48:00z: BME280 (0x76)
 0h00:04.809 2022/02/17T20:48:00z: 84:f3:eb:7d:7:a8
 0h00:04.810 2022/02/17T20:48:00z: SSID: MU Open
 0h00:04.816 2022/02/17T20:48:00z: AP_STAR tmr
 ets Jan  8 2013,rst cause:4, boot mode:(3,7)

wdt reset
load 0x4010f000, len 1384, room 16 
tail 8
chksum 0x2d
csum 0x2d
v8b899c12
~ld


6.01
 0h00:04.863 2022/02/17T21:08:02z: DS3231
 0h00:04.878 2022/02/17T21:08:02z: BME280 (0x76)
 0h00:04.893 2022/02/17T21:08:02z: 84:f3:eb:7d:7:a8
 0h00:04.894 2022/02/17T21:08:02z: SSID: MU Open
 0h00:04.899 2022/02/17T21:08:02z: AP_STAR tmr
 ets Jan  8 2013,rst cause:4, boot mode:(3,7)

wdt reset
load 0x4010f000, len 1384, room 16 
tail 8
chksum 0x2d
csum 0x2d
v8b899c12
~ld


6.01
 0h00:04.921 2022/02/17T21:28:04z: DS3231
 0h00:04.936 2022/02/17T21:28:04z: BME280 (0x76)
 0h00:04.951 2022/02/17T21:28:04z: 84:f3:eb:7d:7:a8
 0h00:04.952 2022/02/17T21:28:04z: SSID: MU Open
 0h00:04.957 2022/02/17T21:28:04z: AP_STAR tmr
 ets Jan  8 2013,rst cause:4, boot mode:(3,7)

wdt reset
load 0x4010f000, len 1384, room 16 
tail 8
chksum 0x2d
csum 0x2d
v8b899c12
~ld


6.01
 0h00:04.868 2022/02/17T21:48:06z: DS3231
 0h00:04.884 2022/02/17T21:48:06z: BME280 (0x76)
 0h00:04.898 2022/02/17T21:48:06z: 84:f3:eb:7d:7:a8
 0h00:04.900 2022/02/17T21:48:06z: SSID: MU Open
 0h00:04.905 2022/02/17T21:48:06z: AP_STAR tmr
 ets Jan  8 2013,rst cause:4, boot mode:(3,7)

wdt reset
load 0x4010f000, len 1384, room 16 
tail 8
chksum 0x2d
csum 0x2d
v8b899c12
~ld


6.01
 0h00:04.907 2022/02/17T22:08:08z: DS3231
 0h00:04.922 2022/02/17T22:08:08z: BME280 (0x76)
 0h00:04.936 2022/02/17T22:08:08z: 84:f3:eb:7d:7:a8
 0h00:04.938 2022/02/17T22:08:08z: SSID: MU Open
 0h00:04.943 2022/02/17T22:08:08z: AP_STAR tmr
 ets Jan  8 2013,rst cause:4, boot mode:(3,7)

wdt reset
load 0x4010f000, len 1384, room 16 
tail 8
chksum 0x2d
csum 0x2d
v8b899c12
~ld


6.01
 0h00:04.879 2022/02/17T22:28:10z: DS3231
 0h00:04.895 2022/02/17T22:28:10z: BME280 (0x76)
 0h00:04.909 2022/02/17T22:28:10z: 84:f3:eb:7d:7:a8
 0h00:04.910 2022/02/17T22:28:10z: SSID: MU Open
 0h00:04.916 2022/02/17T22:28:10z: AP_STAR tmr
 ets Jan  8 2013,rst cause:4, boot mode:(3,7)

wdt reset
load 0x4010f000, len 1384, room 16 
tail 8
chksum 0x2d
csum 0x2d
v8b899c12
~ld


6.01
 0h00:04.959 2022/02/17T22:48:12z: DS3231
 0h00:04.974 2022/02/17T22:48:12z: BME280 (0x76)
 0h00:04.988 2022/02/17T22:48:12z: 84:f3:eb:7d:7:a8
 0h00:04.990 2022/02/17T22:48:12z: SSID: MU Open
 0h00:04.995 2022/02/17T22:48:12z: AP_STAR tmr
 ets Jan  8 2013,rst cause:4, boot mode:(3,7)

wdt reset
load 0x4010f000, len 1384, room 16 
tail 8
chksum 0x2d
csum 0x2d
v8b899c12
~ld


6.01
 0h00:04.907 2022/02/17T23:08:14z: DS3231
 0h00:04.922 2022/02/17T23:08:14z: BME280 (0x76)
 0h00:04.937 2022/02/17T23:08:14z: 84:f3:eb:7d:7:a8
 0h00:04.938 2022/02/17T23:08:14z: SSID: MU Open
 0h00:04.944 2022/02/17T23:08:14z: AP_STAR tmr
 ets Jan  8 2013,rst cause:4, boot mode:(3,7)

wdt reset
load 0x4010f000, len 1384, room 16 
tail 8
chksum 0x2d
csum 0x2d
v8b899c12
~ld


6.01
 0h00:04.644 2022/02/17T23:28:16z: DS3231
 0h00:04.660 2022/02/17T23:28:16z: BME280 (0x76)
 0h00:04.674 2022/02/17T23:28:16z: 84:f3:eb:7d:7:a8
 0h00:04.675 2022/02/17T23:28:16z: SSID: MU Open
 0h00:04.681 2022/02/17T23:28:16z: AP_STAR tmr
 ets Jan  8 2013,rst cause:4, boot mode:(3,7)

wdt reset
load 0x4010f000, len 1384, room 16 
tail 8
chksum 0x2d
csum 0x2d
v8b899c12
~ld


6.01
 0h00:04.872 2022/02/17T23:48:17z: DS3231
 0h00:04.887 2022/02/17T23:48:17z: BME280 (0x76)
 0h00:04.901 2022/02/17T23:48:17z: 84:f3:eb:7d:7:a8
 0h00:04.903 2022/02/17T23:48:17z: SSID: MU Open
 0h00:04.908 2022/02/17T23:48:17z: AP_STA