R tmr
 ets Jan  8 2013,rst cause:4, boot mode:(3,7)

wdt reset
load 0x4010f000, len 1384, room 16 
tail 8
chksum 0x2d
csum 0x2d
v8b899c12
~ld


6.01
 0h00:05.021 2022/09/05T00:03:04z: DS3231
 0h00:05.037 2022/09/05T00:03:04z: BME280 (0x76)
 0h00:05.051 2022/09/05T00:03:04z: 84:f3:eb:7d:7:a8
 0h00:05.053 2022/09/05T00:03:04z: SSID: MU Open
 0h00:05.058 2022/09/05T00:03:04z: AP_STAR tmr
 ets Jan  8 2013,rst cause:4, boot mode:(3,7)

wdt reset
load 0x4010f000, len 1384, room 16 
tail 8
chksum 0x2d
csum 0x2d
v8b899c12
~ld


6.01
 0h00:05.005 2022/09/05T00:23:08z: DS3231
 0h00:05.020 2022/09/05T00:23:08z: BME280 (0x76)
 0h00:05.034 2022/09/05T00:23:08z: 84:f3:eb:7d:7:a8
 0h00:05.036 2022/09/05T00:23:08z: SSID: MU Open
 0h00:05.041 2022/09/05T00:23:08z: AP_STAR tmr
 ets Jan  8 2013,rst cause:4, boot mode:(3,7)

wdt reset
load 0x4010f000, len 1384, room 16 
tail 8
chksum 0x2d
csum 0x2d
v8b899c12
~ld


6.01
 0h00:04.932 2022/09/05T00:43:11z: DS3231
 0h00:04.947 2022/09/05T00:43:11z: BME280 (0x76)
 0h00:04.961 2022/09/05T00:43:11z: 84:f3:eb:7d:7:a8
 0h00:04.963 2022/09/05T00:43:11z: SSID: MU Open
 0h00:04.968 2022/09/05T00:43:11z: AP_STAR tmr
 ets Jan  8 2013,rst cause:4, boot mode:(3,7)

wdt reset
load 0x4010f000, len 1384, room 16 
tail 8
chksum 0x2d
csum 0x2d
v8b899c12
~ld


6.01
 0h00:05.301 2022/09/05T01:03:15z: DS3231
 0h00:05.316 2022/09/05T01:03:15z: BME280 (0x76)
 0h00:05.330 2022/09/05T01:03:15z: 84:f3:eb:7d:7:a8
 0h00:05.332 2022/09/05T01:03:15z: SSID: MU Open
 0h00:05.337 2022/09/05T01:03:15z: AP_STAR tmr
 ets Jan  8 2013,rst cause:4, boot mode:(3,7)

wdt reset
load 0x4010f000, len 1384, room 16 
tail 8
chksum 0x2d
csum 0x2d
v8b899c12
~ld


6.01
 0h00:05.134 2022/09/05T01:23:20z: DS3231
 0h00:05.150 2022/09/05T01:23:20z: BME280 (0x76)
 0h00:05.164 2022/09/05T01:23:20z: 84:f3:eb:7d:7:a8
 0h00:05.165 2022/09/05T01:23:20z: SSID: MU Open
 0h00:05.171 2022/09/05T01:23:20z: AP_STAR tmr
 ets Jan  8 2013,rst cause:4, boot mode:(3,7)

wdt reset
load 0x4010f000, len 1384, room 16 
tail 8
chksum 0x2d
csum 0x2d
v8b899c12
~ld


6.01
 0h00:05.269 2022/09/05T01:43:24z: DS3231
 0h00:05.284 2022/09/05T01:43:24z: BME280 (0x76)
 0h00:05.298 2022/09/05T01:43:24z: 84:f3:eb:7d:7:a8
 0h00:05.300 2022/09/05T01:43:24z: SSID: MU Open
 0h00:05.305 2022/09/05T01:43:24z: AP_STAR tmr
 ets Jan  8 2013,rst cause:4, boot mode:(3,7)

wdt reset
load 0x4010f000, len 1384, room 16 
tail 8
chksum 0x2d
csum 0x2d
v8b899c12
~ld


6.01
 0h00:05.017 2022/09/05T02:03:28z: DS3231
 0h00:05.032 2022/09/05T02:03:28z: BME280 (0x76)
 0h00:05.046 2022/09/05T02:03:28z: 84:f3:eb:7d:7:a8
 0h00:05.048 2022/09/05T02:03:28z: SSID: MU Open
 0h00:05.053 2022/09/05T02:03:28z: AP_STAR tmr
 ets Jan  8 2013,rst cause:4, boot mode:(3,7)

wdt reset
load 0x4010f000, len 1384, room 16 
tail 8
chksum 0x2d
csum 0x2d
v8b899c12
~ld


6.01
 0h00:05.178 2022/09/05T02:23:33z: DS3231
 0h00:05.193 2022/09/05T02:23:33z: BME280 (0x76)
 0h00:05.208 2022/09/05T02:23:33z: 84:f3:eb:7d:7:a8
 0h00:05.209 2022/09/05T02:23:33z: SSID: MU Open
 0h00:05.214 2022/09/05T02:23:33z: AP_STAR tmr
 ets Jan  8 2013,rst cause:4, boot mode:(3,7)

wdt reset
load 0x4010f000, len 1384, room 16 
tail 8
chksum 0x2d
csum 0x2d
v8b899c12
~ld


6.01
 0h00:05.263 2022/09/05T02:43:37z: DS3231
 0h00:05.279 2022/09/05T02:43:38z: BME280 (0x76)
 0h00:05.293 2022/09/05T02:43:38z: 84:f3:eb:7d:7:a8
 0h00:05.295 2022/09/05T02:43:38z: SSID: MU Open
 0h00:05.300 2022/09/05T02:43:38z: AP_STAR tmr
 ets Jan  8 2013,rst cause:4, boot mode:(3,7)

wdt reset
load 0x4010f000, len 1384, room 16 
tail 8
chksum 0x2d
csum 0x2d
v8b899c12
~ld


6.01
 0h00:05.228 2022/09/05T03:03:42z: DS3231
 0h00:05.243 2022/09/05T03:03:42z: BME280 (0x76)
 0h00:05.257 2022/09/05T03:03:42z: 84:f3:eb:7d:7:a8
 0h00:05.259 2022/09/05T03:03:42z: SSID: MU Open
 0h00:05.264 2022/09/05T03:03:42z: AP_STAR tmr
 ets Jan  8 2013,rst cause:4, boot mode:(3,7)

wdt reset
load 0x4010f000, len 1384, room 16 
tail 8
chksum 0x2d
csum 0x2d
v8b899c12
~ld


6.01
 0h00:05.271 2022/09/05T03:23:46z: DS3231
 0h00:05.286 2022/09/05T03:23:46z: BME280 (0x76)
 0h00:05.300 2022/09/05T03:23:46z: 84:f3:eb:7d:7:a8
 0h00:05.302 2022/09/05T03:23:46z: SSID: MU Open
 0h00:05.307 2022/09/05T03:23:46z: AP_STAR tmr
 ets Jan  8 2013,rst cause:4, boot mode:(3,7)

wdt reset
load 0x4010f000, len 1384, room 16 
tail 8
chksum 0x2d
csum 0x2d
v8b899c12
~ld


6.01
 0h00:05.071 2022/09/05T03:43:50z: DS3231
 0h00:05.086 2022/09/05T03:43:50z: BME280 (0x76)
 0h00:05.101 2022/09/05T03:43:50z: 84:f3:eb:7d:7:a8
 0h00:05.102 2022/09/05T03:43:50z: SSID: MU Open
 0h00:05.107 2022/09/05T03:43:50z: AP_STAR tmr
 ets Jan  8 2013,rst cause:4, boot mode:(3,7)

wdt reset
load 0x4010f000, len 1384, room 16 
tail 8
chksum 0x2d
csum 0x2d
v8b899c12
~ld


6.01
 0h00:05.248 2022/09/05T04:03:55z: DS3231
 0h00:05.263 2022/09/05T04:03:55z: BME280 (0x76)
 0h00:05.277 2022/09/05T04:03:55z: 84:f3:eb:7d:7:a8
 0h00:05.279 2022/09/05T04:03:55z: SSID: MU Open
 0h00:05.284 2022/09/05T04:03:55z: AP_STAR tmr
 ets Jan  8 2013,rst cause:4, boot mode:(3,7)

wdt reset
load 0x4010f000, len 1384, room 16 
tail 8
chksum 0x2d
csum 0x2d
v8b899c12
~ld


6.01
 0h00:05.136 2022/09/05T04:23:59z: DS3231
 0h00:05.151 2022/09/05T04:23:59z: BME280 (0x76)
 0h00:05.165 2022/09/05T04:23:59z: 84:f3:eb:7d:7:a8
 0h00:05.167 2022/09/05T04:23:59z: SSID: MU Open
 0h00:05.172 2022/09/05T04:23:59z: AP_STAR tmr
 ets Jan  8 2013,rst cause:4, boot mode:(3,7)

wdt reset
load 0x4010f000, len 1384, room 16 
tail 8
chksum 0x2d
csum 0x2d
v8b899c12
~ld


6.01
 0h00:05.142 2022/09/05T04:44:03z: DS3231
 0h00:05.157 2022/09/05T04:44:03z: BME280 (0x76)
 0h00:05.171 2022/09/05T04:44:03z: 84:f3:eb:7d:7:a8
 0h00:05.173 2022/09/05T04:44:03z: SSID: MU Open
 0h00:05.178 2022/09/05T04:44:03z: AP_STAR tmr
 ets Jan  8 2013,rst cause:4, boot mode:(3,7)

wdt reset
load 0x4010f000, len 1384, room 16 
tail 8
chksum 0x2d
csum 0x2d
v8b899c12
~ld


6.01
 0h00:05.241 2022/09/05T05:04:08z: DS3231
 0h00:05.256 2022/09/05T05:04:08z: BME280 (0x76)
 0h00:05.270 2022/09/05T05:04:08z: 84:f3:eb:7d:7:a8
 0h00:05.272 2022/09/05T05:04:08z: SSID: MU Open
 0h00:05.277 2022/09/05T05:04:08z: AP_STAR tmr
 ets Jan  8 2013,rst cause:4, boot mode:(3,7)

wdt reset
load 0x4010f000, len 1384, room 16 
tail 8
chksum 0x2d
csum 0x2d
v8b899c12
~ld


6.01
 0h00:05.244 2022/09/05T05:24:13z: DS3231
 0h00:05.260 2022/09/05T05:24:13z: BME280 (0x76)
 0h00:05.274 2022/09/05T05:24:13z: 84:f3:eb:7d:7:a8
 0h00:05.275 2022/09/05T05:24:13z: SSID: MU Open
 0h00:05.281 2022/09/05T05:24:13z: AP_STAR tmr
 ets Jan  8 2013,rst cause:4, boot mode:(3,7)

wdt reset
load 0x4010f000, len 1384, room 16 
tail 8
chksum 0x2d
csum 0x2d
v8b899c12
~ld


6.01
 0h00:04.932 2022/09/05T05:44:17z: DS3231
 0h00:04.948 2022/09/05T05:44:17z: BME280 (0x76)
 0h00:04.962 2022/09/05T05:44:17z: 84:f3:eb:7d:7:a8
 0h00:04.964 2022/09/05T05:44:17z: SSID: MU Open
 0h00:04.969 2022/09/05T05:44:17z: AP_STAR tmr
 ets Jan  8 2013,rst cause:4, boot mode:(3,7)

wdt reset
load 0x4010f000, len 1384, room 16 
tail 8
chksum 0x2d
csum 0x2d
v8b899c12
~ld


6.01
 0h00:04.894 2022/09/05T06:04:21z: DS3231
 0h00:04.910 2022/09/05T06:04:21z: BME280 (0x76)
 0h00:04.924 2022/09/05T06:04:21z: 84:f3:eb:7d:7:a8
 0h00:04.925 2022/09/05T06:04:21z: SSID: MU Open
 0h00:04.931 2022/09/05T06:04:21z: AP_STAR tmr
 ets Jan  8 2013,rst cause:4, boot mode:(3,7)

wdt reset
load 0x4010f000, len 1384, room 16 
tail 8
chksum 0x2d
csum 0x2d
v8b899c12
~ld


6.01
 0h00:05.432 2022/09/05T06:24:26z: DS3231
 0h00:05.447 2022/09/05T06:24:26z: BME280 (0x76)
 0h00:05.461 2022/09/05T06:24:26z: 84:f3:eb:7d:7:a8
 0h00:05.463 2022/09/05T06:24:26z: SSID: MU Open
 0h00:05.468 2022/09/05T06:24:26z: AP_STAR tmr
 ets Jan  8 2013,rst cause:4, boot mode:(3,7)

wdt reset
load 0x4010f000, len 1384, room 16 
tail 8
chksum 0x2d
csum 0x2d
v8b899c12
~ld


6.01
 0h00:05.358 2022/09/05T06:44:30z: DS3231
 0h00:05.373 2022/09/05T06:44:30z: BME280 (0x76)
 0h00:05.387 2022/09/05T06:44:30z: 84:f3:eb:7d:7:a8
 0h00:05.389 2022/09/05T06:44:30z: SSID: MU Open
 0h00:05.394 2022/09/05T06:44:30z: AP_STAR tmr
 ets Jan  8 2013,rst cause:4, boot mode:(3,7)

wdt reset
load 0x4010f000, len 1384, room 16 
tail 8
chksum 0x2d
csum 0x2d
v8b899c12
~ld


6.01
 0h00:05.408 2022/09/05T07:04:35z: DS3231
 0h00:05.423 2022/09/05T07:04:35z: BME280 (0x76)
 0h00:05.437 2022/09/05T07:04:35z: 84:f3:eb:7d:7:a8
 0h00:05.439 2022/09/05T07:04:35z: SSID: MU Open
 0h00:05.444 2022/09/05T07:04:35z: AP_STAR tmr
 ets Jan  8 2013,rst cause:4, boot mode:(3,7)

wdt reset
load 0x4010f000, len 1384, room 16 
tail 8
chksum 0x2d
csum 0x2d
v8b899c12
~ld


6.01
 0h00:04.954 2022/09/05T07:24:40z: DS3231
 0h00:04.969 2022/09/05T07:24:40z: BME280 (0x76)
 0h00:04.983 2022/09/05T07:24:40z: 84:f3:eb:7d:7:a8
 0h00:04.985 2022/09/05T07:24:40z: SSID: MU Open
 0h00:04.990 2022/09/05T07:24:40z: AP_STAR tmr
 ets Jan  8 2013,rst cause:4, boot mode:(3,7)

wdt reset
load 0x4010f000, len 1384, room 16 
tail 8
chksum 0x2d
csum 0x2d
v8b899c12
~ld


6.01
 0h00:05.130 2022/09/05T07:44:44z: DS3231
 0h00:05.145 2022/09/05T07:44:44z: BME280 (0x76)
 0h00:05.159 2022/09/05T07:44:44z: 84:f3:eb:7d:7:a8
 0h00:05.161 2022/09/05T07:44:44z: SSID: MU Open
 0h00:05.166 2022/09/05T07:44:44z: AP_STAR tmr
 ets Jan  8 2013,rst cause:4, boot mode:(3,7)

wdt reset
load 0x4010f000, len 1384, room 16 
tail 8
chksum 0x2d
csum 0x2d
v8b899c12
~ld


6.01
 0h00:05.151 2022/09/05T08:04:49z: DS3231
 0h00:05.166 2022/09/05T08:04:49z: BME280 (0x76)
 0h00:05.180 2022/09/05T08:04:49z: 84:f3:eb:7d:7:a8
 0h00:05.182 2022/09/05T08:04:49z: SSID: MU Open
 0h00:05.187 2022/09/05T08:04:49z: AP_STAR tmr
 ets Jan  8 2013,rst cause:4, boot mode:(3,7)

wdt reset
load 0x4010f000, len 1384, room 16 
tail 8
chksum 0x2d
csum 0x2d
v8b899c12
~ld


6.01
 0h00:05.248 2022/09/05T08:24:54z: DS3231
 0h00:05.264 2022/09/05T08:24:54z: BME280 (0x76)
 0h00:05.278 2022/09/05T08:24:54z: 84:f3:eb:7d:7:a8
 0h00:05.279 2022/09/05T08:24:54z: SSID: MU Open
 0h00:05.285 2022/09/05T08:24:54z: AP_STAR tmr
 ets Jan  8 2013,rst cause:4, boot mode:(3,7)

wdt reset
load 0x4010f000, len 1384, room 16 
tail 8
chksum 0x2d
csum 0x2d
v8b899c12
~ld


6.01
 0h00:05.124 2022/09/05T08:44:58z: DS3231
 0h00:05.139 2022/09/05T08:44:58z: BME280 (0x76)
 0h00:05.153 2022/09/05T08:44:58z: 84:f3:eb:7d:7:a8
 0h00:05.155 2022/09/05T08:44:58z: SSID: MU Open
 0h00:05.160 2022/09/05T08:44:58z: AP_STAR tmr
 ets Jan  8 2013,rst cause:4, boot mode:(3,7)

wdt reset
load 0x4010f000, len 1384, room 16 
tail 8
chksum 0x2d
csum 0x2d
v8b899c12
~ld


6.01
 0h00:05.114 2022/09/05T09:05:02z: DS3231
 0h00:05.129 2022/09/05T09:05:02z: BME280 (0x76)
 0h00:05.143 2022/09/05T09:05:02z: 84:f3:eb:7d:7:a8
 0h00:05.145 2022/09/05T09:05:02z: SSID: MU Open
 0h00:05.150 2022/09/05T09:05:02z: AP_STAR tmr
 ets Jan  8 2013,rst cause:4, boot mode:(3,7)

wdt reset
load 0x4010f000, len 1384, room 16 
tail 8
chksum 0x2d
csum 0x2d
v8b899c12
~ld


6.01
 0h00:04.827 2022/09/05T09:25:06z: DS3231
 0h00:04.842 2022/09/05T09:25:06z: BME280 (0x76)
 0h00:04.856 2022/09/05T09:25:06z: 84:f3:eb:7d:7:a8
 0h00:04.858 2022/09/05T09:25:06z: SSID: MU Open
 0h00:04.863 2022/09/05T09:25:06z: AP_STAR tmr
 ets Jan  8 2013,rst cause:4, boot mode:(3,7)

wdt reset
load 0x4010f000, len 1384, room 16 
tail 8
chksum 0x2d
csum 0x2d
v8b899c12
~ld


6.01
 0h00:04.997 2022/09/05T09:45:10z: DS3231
 0h00:05.013 2022/09/05T09:45:10z: BME280 (0x76)
 0h00:05.027 2022/09/05T09:45:10z: 84:f3:eb:7d:7:a8
 0h00:05.029 2022/09/05T09:45:10z: SSID: MU Open
 0h00:05.034 2022/09/05T09:45:10z: AP_STAR tmr
 ets Jan  8 2013,rst cause:4, boot mode:(3,7)

wdt reset
load 0x4010f000, len 1384, room 16 
tail 8
chksum 0x2d
csum 0x2d
v8b899c12
~ld


6.01
 0h00:05.061 2022/09/05T10:05:14z: DS3231
 0h00:05.076 2022/09/05T10:05:14z: BME280 (0x76)
 0h00:05.090 2022/09/05T10:05:14z: 84:f3:eb:7d:7:a8
 0h00:05.092 2022/09/05T10:05:14z: SSID: MU Open
 0h00:05.097 2022/09/05T10:05:14z: AP_STAR tmr
 ets Jan  8 2013,rst cause:4, boot mode:(3,7)

wdt reset
load 0x4010f000, len 1384, room 16 
tail 8
chksum 0x2d
csum 0x2d
v8b899c12
~ld


6.01
 0h00:05.034 2022/09/05T10:25:18z: DS3231
 0h00:05.050 2022/09/05T10:25:18z: BME280 (0x76)
 0h00:05.064 2022/09/05T10:25:18z: 84:f3:eb:7d:7:a8
 0h00:05.065 2022/09/05T10:25:18z: SSID: MU Open
 0h00:05.071 2022/09/05T10:25:18z: AP_STAR tmr
 ets Jan  8 2013,rst cause:4, boot mode:(3,7)

wdt reset
load 0x4010f000, len 1384, room 16 
tail 8
chksum 0x2d
csum 0x2d
v8b899c12
~ld


6.01
 0h00:05.147 2022/09/05T10:45:22z: DS3231
 0h00:05.163 2022/09/05T10:45:22z: BME280 (0x76)
 0h00:05.177 2022/09/05T10:45:22z: 84:f3:eb:7d:7:a8
 0h00:05.179 2022/09/05T10:45:22z: SSID: MU Open
 0h00:05.184 2022/09/05T10:45:22z: AP_STAR tmr
 ets Jan  8 2013,rst cause:4, boot mode:(3,7)

wdt reset
load 0x4010f000, len 1384, room 16 
tail 8
chksum 0x2d
csum 0x2d
v8b899c12
~ld


6.01
 0h00:04.864 2022/09/05T11:05:26z: DS3231
 0h00:04.880 2022/09/05T11:05:26z: BME280 (0x76)
 0h00:04.894 2022/09/05T11:05:26z: 84:f3:eb:7d:7:a8
 0h00:04.896 2022/09/05T11:05:26z: SSID: MU Open
 0h00:04.901 2022/09/05T11:05:26z: AP_STAR tmr
 ets Jan  8 2013,rst cause:4, boot mode:(3,7)

wdt reset
load 0x4010f000, len 1384, room 16 
tail 8
chksum 0x2d
csum 0x2d
v8b899c12
~ld


6.01
 0h00:05.235 2022/09/05T11:25:30z: DS3231
 0h00:05.250 2022/09/05T11:25:30z: BME280 (0x76)
 0h00:05.264 2022/09/05T11:25:30z: 84:f3:eb:7d:7:a8
 0h00:05.266 2022/09/05T11:25:30z: SSID: MU Open
 0h00:05.271 2022/09/05T11:25:30z: AP_STAR tmr
 ets Jan  8 2013,rst cause:4, boot mode:(3,7)

wdt reset
load 0x4010f000, len 1384, room 16 
tail 8
chksum 0x2d
csum 0x2d
v8b899c12
~ld


6.01
 0h00:05.321 2022/09/05T11:45:35z: DS3231
 0h00:05.337 2022/09/05T11:45:35z: BME280 (0x76)
 0h00:05.351 2022/09/05T11:45:35z: 84:f3:eb:7d:7:a8
 0h00:05.353 2022/09/05T11:45:35z: SSID: MU Open
 0h00:05.358 2022/09/05T11:45:35z: AP_STAR tmr
 ets Jan  8 2013,rst cause:4, boot mode:(3,7)

wdt reset
load 0x4010f000, len 1384, room 16 
tail 8
chksum 0x2d
csum 0x2d
v8b899c12
~ld


6.01
 0h00:05.204 2022/09/05T12:05:40z: DS3231
 0h00:05.220 2022/09/05T12:05:40z: BME280 (0x76)
 0h00:05.234 2022/09/05T12:05:40z: 84:f3:eb:7d:7:a8
 0h00:05.236 2022/09/05T12:05:40z: SSID: MU Open
 0h00:05.241 2022/09/05T12:05:40z: AP_STAR tmr
 ets Jan  8 2013,rst cause:4, boot mode:(3,7)

wdt reset
load 0x4010f000, len 1384, room 16 
tail 8
chksum 0x2d
csum 0x2d
v8b899c12
~ld


6.01
 0h00:05.240 2022/09/05T12:25:44z: DS3231
 0h00:05.255 2022/09/05T12:25:44z: BME280 (0x76)
 0h00:05.269 2022/09/05T12:25:44z: 84:f3:eb:7d:7:a8
 0h00:05.271 2022/09/05T12:25:44z: SSID: MU Open
 0h00:05.276 2022/09/05T12:25:44z: AP_STAR tmr
 ets Jan  8 2013,rst cause:4, boot mode:(3,7)

wdt reset
load 0x4010f000, len 1384, room 16 
tail 8
chksum 0x2d
csum 0x2d
v8b899c12
~ld


6.01
 0h00:04.846 2022/09/05T12:45:49z: DS3231
 0h00:04.861 2022/09/05T12:45:49z: BME280 (0x76)
 0h00:04.875 2022/09/05T12:45:49z: 84:f3:eb:7d:7:a8
 0h00:04.877 2022/09/05T12:45:49z: SSID: MU Open
 0h00:04.882 2022/09/05T12:45:49z: AP_STAR tmr
 ets Jan  8 2013,rst cause:4, boot mode:(3,7)

wdt reset
load 0x4010f000, len 1384, room 16 
tail 8
chksum 0x2d
csum 0x2d
v8b899c12
~ld


6.01
 0h00:04.881 2022/09/05T13:05:52z: DS3231
 0h00:04.896 2022/09/05T13:05:52z: BME280 (0x76)
 0h00:04.910 2022/09/05T13:05:52z: 84:f3:eb:7d:7:a8
 0h00:04.912 2022/09/05T13:05:52z: SSID: MU Open
 0h00:04.917 2022/09/05T13:05:52z: AP_STAR tmr
 ets Jan  8 2013,rst cause:4, boot mode:(3,7)

wdt reset
load 0x4010f000, len 1384, room 16 
tail 8
chksum 0x2d
csum 0x2d
v8b899c12
~ld


6.01
 0h00:05.112 2022/09/05T13:25:56z: DS3231
 0h00:05.127 2022/09/05T13:25:56z: BME280 (0x76)
 0h00:05.141 2022/09/05T13:25:56z: 84:f3:eb:7d:7:a8
 0h00:05.143 2022/09/05T13:25:56z: SSID: MU Open
 0h00:05.148 2022/09/05T13:25:56z: AP_STAR tmr
 ets Jan  8 2013,rst cause:4, boot mode:(3,7)

wdt reset
load 0x4010f000, len 1384, room 16 
tail 8
chksum 0x2d
csum 0x2d
v8b899c12
~ld


6.01
 0h00:04.526 2022/09/05T13:46:00z: DS3231
 0h00:04.542 2022/09/05T13:46:00z: BME280 (0x76)
 0h00:04.556 2022/09/05T13:46:00z: 84:f3:eb:7d:7:a8
 0h00:04.557 2022/09/05T13:46:00z: SSID: MU Open
 0h00:04.563 2022/09/05T13:46:00z: AP_STAR tmr
 ets Jan  8 2013,rst cause:4, boot mode:(3,7)

wdt reset
load 0x4010f000, len 1384, room 16 
tail 8
chksum 0x2d
csum 0x2d
v8b899c12
~ld


6.01
 0h00:05.254 2022/09/05T14:06:05z: DS3231
 0h00:05.269 2022/09/05T14:06:05z: BME280 (0x76)
 0h00:05.283 2022/09/05T14:06:05z: 84:f3:eb:7d:7:a8
 0h00:05.285 2022/09/05T14:06:05z: SSID: MU Open
 0h00:05.290 2022/09/05T14:06:05z: AP_STAR tmr
 ets Jan  8 2013,rst cause:4, boot mode:(3,7)

wdt reset
load 0x4010f000, len 1384, room 16 
tail 8
chksum 0x2d
csum 0x2d
v8b899c12
~ld


6.01
 0h00:05.034 2022/09/05T14:26:10z: DS3231
 0h00:05.049 2022/09/05T14:26:10z: BME280 (0x76)
 0h00:05.063 2022/09/05T14:26:10z: 84:f3:eb:7d:7:a8
 0h00:05.065 2022/09/05T14:26:10z: SSID: MU Open
 0h00:05.070 2022/09/05T14:26:10z: AP_STAR tmr
 ets Jan  8 2013,rst cause:4, boot mode:(3,7)

wdt reset
load 0x4010f000, len 1384, room 16 
tail 8
chksum 0x2d
csum 0x2d
v8b899c12
~ld


6.01
 0h00:04.972 2022/09/05T14:46:13z: DS3231
 0h00:04.987 2022/09/05T14:46:13z: BME280 (0x76)
 0h00:05.001 2022/09/05T14:46:13z: 84:f3:eb:7d:7:a8
 0h00:05.003 2022/09/05T14:46:13z: SSID: MU Open
 0h00:05.008 2022/09/05T14:46:13z: AP_STAR tmr
 ets Jan  8 2013,rst cause:4, boot mode:(3,7)

wdt reset
load 0x4010f000, len 1384, room 16 
tail 8
chksum 0x2d
csum 0x2d
v8b899c12
~ld


6.01
 0h00:05.046 2022/09/05T15:06:17z: DS3231
 0h00:05.062 2022/09/05T15:06:17z: BME280 (0x76)
 0h00:05.076 2022/09/05T15:06:17z: 84:f3:eb:7d:7:a8
 0h00:05.077 2022/09/05T15:06:17z: SSID: MU Open
 0h00:05.083 2022/09/05T15:06:17z: AP_STAR tmr
 ets Jan  8 2013,rst cause:4, boot mode:(3,7)

wdt reset
load 0x4010f000, len 1384, room 16 
tail 8
chksum 0x2d
csum 0x2d
v8b899c12
~ld


6.01
 0h00:05.150 2022/09/05T15:26:21z: DS3231
 0h00:05.165 2022/09/05T15:26:21z: BME280 (0x76)
 0h00:05.179 2022/09/05T15:26:21z: 84:f3:eb:7d:7:a8
 0h00:05.181 2022/09/05T15:26:21z: SSID: MU Open
 0h00:05.186 2022/09/05T15:26:21z: AP_STAR tmr
 ets Jan  8 2013,rst cause:4, boot mode:(3,7)

wdt reset
load 0x4010f000, len 1384, room 16 
tail 8
chksum 0x2d
csum 0x2d
v8b899c12
~ld


6.01
 0h00:05.150 2022/09/05T15:46:26z: DS3231
 0h00:05.165 2022/09/05T15:46:26z: BME280 (0x76)
 0h00:05.179 2022/09/05T15:46:26z: 84:f3:eb:7d:7:a8
 0h00:05.181 2022/09/05T15:46:26z: SSID: MU Open
 0h00:05.186 2022/09/05T15:46:26z: AP_STAR tmr
 ets Jan  8 2013,rst cause:4, boot mode:(3,7)

wdt reset
load 0x4010f000, len 1384, room 16 
tail 8
chksum 0x2d
csum 0x2d
v8b899c12
~ld


6.01
 0h00:04.858 2022/09/05T16:06:30z: DS3231
 0h00:04.874 2022/09/05T16:06:30z: BME280 (0x76)
 0h00:04.888 2022/09/05T16:06:30z: 84:f3:eb:7d:7:a8
 0h00:04.890 2022/09/05T16:06:30z: SSID: MU Open
 0h00:04.895 2022/09/05T16:06:30z: AP_STAR tmr
 ets Jan  8 2013,rst cause:4, boot mode:(3,7)

wdt reset
load 0x4010f000, len 1384, room 16 
tail 8
chksum 0x2d
csum 0x2d
v8b899c12
~ld


6.01
 0h00:04.810 2022/09/05T16:26:34z: DS3231
 0h00:04.825 2022/09/05T16:26:34z: BME280 (0x76)
 0h00:04.839 2022/09/05T16:26:34z: 84:f3:eb:7d:7:a8
 0h00:04.841 2022/09/05T16:26:34z: SSID: MU Open
 0h00:04.846 2022/09/05T16:26:34z: AP_STAR tmr
 ets Jan  8 2013,rst cause:4, boot mode:(3,7)

wdt reset
load 0x4010f000, len 1384, room 16 
tail 8
chksum 0x2d
csum 0x2d
v8b899c12
~ld


6.01
 0h00:05.131 2022/09/05T16:46:37z: DS3231
 0h00:05.146 2022/09/05T16:46:37z: BME280 (0x76)
 0h00:05.161 2022/09/05T16:46:37z: 84:f3:eb:7d:7:a8
 0h00:05.162 2022/09/05T16:46:37z: SSID: MU Open
 0h00:05.167 2022/09/05T16:46:37z: AP_STAR tmr
 ets Jan  8 2013,rst cause:4, boot mode:(3,7)

wdt reset
load 0x4010f000, len 1384, room 16 
tail 8
chksum 0x2d
csum 0x2d
v8b899c12
~ld


6.01
 0h00:04.905 2022/09/05T17:06:41z: DS3231
 0h00:04.920 2022/09/05T17:06:41z: BME280 (0x76)
 0h00:04.934 2022/09/05T17:06:41z: 84:f3:eb:7d:7:a8
 0h00:04.936 2022/09/05T17:06:41z: SSID: MU Open
 0h00:04.941 2022/09/05T17:06:41z: AP_STAR tmr
 ets Jan  8 2013,rst cause:4, boot mode:(3,7)

wdt reset
load 0x4010f000, len 1384, room 16 
tail 8
chksum 0x2d
csum 0x2d
v8b899c12
~ld


6.01
 0h00:04.898 2022/09/05T17:26:46z: DS3231
 0h00:04.913 2022/09/05T17:26:46z: BME280 (0x76)
 0h00:04.927 2022/09/05T17:26:46z: 84:f3:eb:7d:7:a8
 0h00:04.929 2022/09/05T17:26:46z: SSID: MU Open
 0h00:04.934 2022/09/05T17:26:46z: AP_STAR tmr
 ets Jan  8 2013,rst cause:4, boot mode:(3,7)

wdt reset
load 0x4010f000, len 1384, room 16 
tail 8
chksum 0x2d
csum 0x2d
v8b899c12
~ld


6.01
 0h00:04.863 2022/09/05T17:46:50z: DS3231
 0h00:04.879 2022/09/05T17:46:50z: BME280 (0x76)
 0h00:04.893 2022/09/05T17:46:50z: 84:f3:eb:7d:7:a8
 0h00:04.894 2022/09/05T17:46:50z: SSID: MU Open
 0h00:04.900 2022/09/05T17:46:50z: AP_STAR tmr
 ets Jan  8 2013,rst cause:4, boot mode:(3,7)

wdt reset
load 0x4010f000, len 1384, room 16 
tail 8
chksum 0x2d
csum 0x2d
v8b899c12
~ld


6.01
 0h00:04.975 2022/09/05T18:06:54z: DS3231
 0h00:04.991 2022/09/05T18:06:54z: BME280 (0x76)
 0h00:05.005 2022/09/05T18:06:54z: 84:f3:eb:7d:7:a8
 0h00:05.006 2022/09/05T18:06:54z: SSID: MU Open
 0h00:05.012 2022/09/05T18:06:54z: AP_STAR tmr
 ets Jan  8 2013,rst cause:4, boot mode:(3,7)

wdt reset
load 0x4010f000, len 1384, room 16 
tail 8
chksum 0x2d
csum 0x2d
v8b899c12
~ld


6.01
 0h00:04.782 2022/09/05T18:26:58z: DS3231
 0h00:04.797 2022/09/05T18:26:58z: BME280 (0x76)
 0h00:04.811 2022/09/05T18:26:58z: 84:f3:eb:7d:7:a8
 0h00:04.813 2022/09/05T18:26:58z: SSID: MU Open
 0h00:04.818 2022/09/05T18:26:58z: AP_STAR tmr
 ets Jan  8 2013,rst cause:4, boot mode:(3,7)

wdt reset
load 0x4010f000, len 1384, room 16 
tail 8
chksum 0x2d
csum 0x2d
v8b899c12
~ld


6.01
 0h00:04.757 2022/09/05T18:47:02z: DS3231
 0h00:04.772 2022/09/05T18:47:02z: BME280 (0x76)
 0h00:04.787 2022/09/05T18:47:02z: 84:f3:eb:7d:7:a8
 0h00:04.788 2022/09/05T18:47:02z: SSID: MU Open
 0h00:04.793 2022/09/05T18:47:02z: AP_STAR tmr
 ets Jan  8 2013,rst cause:4, boot mode:(3,7)

wdt reset
load 0x4010f000, len 1384, room 16 
tail 8
chksum 0x2d
csum 0x2d
v8b899c12
~ld


6.01
 0h00:04.866 2022/09/05T19:07:06z: DS3231
 0h00:04.881 2022/09/05T19:07:06z: BME280 (0x76)
 0h00:04.895 2022/09/05T19:07:06z: 84:f3:eb:7d:7:a8
 0h00:04.897 2022/09/05T19:07:06z: SSID: MU Open
 0h00:04.902 2022/09/05T19:07:06z: AP_STAR tmr
 ets Jan  8 2013,rst cause:4, boot mode:(3,7)

wdt reset
load 0x4010f000, len 1384, room 16 
tail 8
chksum 0x2d
csum 0x2d
v8b899c12
~ld


6.01
 0h00:04.982 2022/09/05T19:27:10z: DS3231
 0h00:04.997 2022/09/05T19:27:10z: BME280 (0x76)
 0h00:05.011 2022/09/05T19:27:10z: 84:f3:eb:7d:7:a8
 0h00:05.013 2022/09/05T19:27:10z: SSID: MU Open
 0h00:05.018 2022/09/05T19:27:10z: AP_STAR tmr
 ets Jan  8 2013,rst cause:4, boot mode:(3,7)

wdt reset
load 0x4010f000, len 1384, room 16 
tail 8
chksum 0x2d
csum 0x2d
v8b899c12
~ld


6.01
 0h00:04.626 2022/09/05T19:47:13z: DS3231
 0h00:04.641 2022/09/05T19:47:13z: BME280 (0x76)
 0h00:04.655 2022/09/05T19:47:13z: 84:f3:eb:7d:7:a8
 0h00:04.657 2022/09/05T19:47:13z: SSID: MU Open
 0h00:04.662 2022/09/05T19:47:13z: AP_STAR tmr
 ets Jan  8 2013,rst cause:4, boot mode:(3,7)

wdt reset
load 0x4010f000, len 1384, room 16 
tail 8
chksum 0x2d
csum 0x2d
v8b899c12
~ld


6.01
 0h00:04.851 2022/09/05T20:07:17z: DS3231
 0h00:04.866 2022/09/05T20:07:17z: BME280 (0x76)
 0h00:04.880 2022/09/05T20:07:17z: 84:f3:eb:7d:7:a8
 0h00:04.882 2022/09/05T20:07:17z: SSID: MU Open
 0h00:04.887 2022/09/05T20:07:17z: AP_STAR tmr
 ets Jan  8 2013,rst cause:4, boot mode:(3,7)

wdt reset
load 0x4010f000, len 1384, room 16 
tail 8
chksum 0x2d
csum 0x2d
v8b899c12
~ld


6.01
 0h00:04.620 2022/09/05T20:27:20z: DS3231
 0h00:04.635 2022/09/05T20:27:20z: BME280 (0x76)
 0h00:04.650 2022/09/05T20:27:20z: 84:f3:eb:7d:7:a8
 0h00:04.651 2022/09/05T20:27:20z: SSID: MU Open
 0h00:04.656 2022/09/05T20:27:20z: AP_STAR tmr
 ets Jan  8 2013,rst cause:4, boot mode:(3,7)

wdt reset
load 0x4010f000, len 1384, room 16 
tail 8
chksum 0x2d
csum 0x2d
v8b899c12
~ld


6.01
 0h00:04.651 2022/09/05T20:47:24z: DS3231
 0h00:04.666 2022/09/05T20:47:24z: BME280 (0x76)
 0h00:04.680 2022/09/05T20:47:24z: 84:f3:eb:7d:7:a8
 0h00:04.682 2022/09/05T20:47:24z: SSID: MU Open
 0h00:04.687 2022/09/05T20:47:24z: AP_STAR tmr
 ets Jan  8 2013,rst cause:4, boot mode:(3,7)

wdt reset
load 0x4010f000, len 1384, room 16 
tail 8
chksum 0x2d
csum 0x2d
v8b899c12
~ld


6.01
 0h00:04.854 2022/09/05T21:07:27z: DS3231
 0h00:04.869 2022/09/05T21:07:27z: BME280 (0x76)
 0h00:04.884 2022/09/05T21:07:27z: 84:f3:eb:7d:7:a8
 0h00:04.885 2022/09/05T21:07:27z: SSID: MU Open
 0h00:04.890 2022/09/05T21:07:27z: AP_STAR tmr
 ets Jan  8 2013,rst cause:4, boot mode:(3,7)

wdt reset
load 0x4010f000, len 1384, room 16 
tail 8
chksum 0x2d
csum 0x2d
v8b899c12
~ld


6.01
 0h00:04.814 2022/09/05T21:27:31z: DS3231
 0h00:04.829 2022/09/05T21:27:31z: BME280 (0x76)
 0h00:04.843 2022/09/05T21:27:31z: 84:f3:eb:7d:7:a8
 0h00:04.845 2022/09/05T21:27:31z: SSID: MU Open
 0h00:04.850 2022/09/05T21:27:32z: AP_STAR tmr
 ets Jan  8 2013,rst cause:4, boot mode:(3,7)

wdt reset
load 0x4010f000, len 1384, room 16 
tail 8
chksum 0x2d
csum 0x2d
v8b899c12
~ld


6.01
 0h00:04.898 2022/09/05T21:47:35z: DS3231
 0h00:04.914 2022/09/05T21:47:35z: BME280 (0x76)
 0h00:04.928 2022/09/05T21:47:35z: 84:f3:eb:7d:7:a8
 0h00:04.929 2022/09/05T21:47:35z: SSID: MU Open
 0h00:04.935 2022/09/05T21:47:35z: AP_STAR tmr
 ets Jan  8 2013,rst cause:4, boot mode:(3,7)

wdt reset
load 0x4010f000, len 1384, room 16 
tail 8
chksum 0x2d
csum 0x2d
v8b899c12
~ld


6.01
 0h00:04.864 2022/09/05T22:07:39z: DS3231
 0h00:04.879 2022/09/05T22:07:39z: BME280 (0x76)
 0h00:04.893 2022/09/05T22:07:39z: 84:f3:eb:7d:7:a8
 0h00:04.895 2022/09/05T22:07:39z: SSID: MU Open
 0h00:04.900 2022/09/05T22:07:39z: AP_STAR tmr
 ets Jan  8 2013,rst cause:4, boot mode:(3,7)

wdt reset
load 0x4010f000, len 1384, room 16 
tail 8
chksum 0x2d
csum 0x2d
v8b899c12
~ld


6.01
 0h00:04.733 2022/09/05T22:27:43z: DS3231
 0h00:04.748 2022/09/05T22:27:43z: BME280 (0x76)
 0h00:04.763 2022/09/05T22:27:43z: 84:f3:eb:7d:7:a8
 0h00:04.764 2022/09/05T22:27:43z: SSID: MU Open
 0h00:04.769 2022/09/05T22:27:43z: AP_STAR tmr
 ets Jan  8 2013,rst cause:4, boot mode:(3,7)

wdt reset
load 0x4010f000, len 1384, room 16 
tail 8
chksum 0x2d
csum 0x2d
v8b899c12
~ld


6.01
 0h00:05.138 2022/09/05T22:47:48z: DS3231
 0h00:05.153 2022/09/05T22:47:48z: BME280 (0x76)
 0h00:05.168 2022/09/05T22:47:48z: 84:f3:eb:7d:7:a8
 0h00:05.169 2022/09/05T22:47:48z: SSID: MU Open
 0h00:05.174 2022/09/05T22:47:48z: AP_STAR tmr
 ets Jan  8 2013,rst cause:4, boot mode:(3,7)

wdt reset
load 0x4010f000, len 1384, room 16 
tail 8
chksum 0x2d
csum 0x2d
v8b899c12
~ld


6.01
 0h00:05.150 2022/09/05T23:07:51z: DS3231
 0h00:05.165 2022/09/05T23:07:51z: BME280 (0x76)
 0h00:05.179 2022/09/05T23:07:51z: 84:f3:eb:7d:7:a8
 0h00:05.181 2022/09/05T23:07:51z: SSID: MU Open
 0h00:05.186 2022/09/05T23:07:51z: AP_STAR tmr
 ets Jan  8 2013,rst cause:4, boot mode:(3,7)

wdt reset
load 0x4010f000, len 1384, room 16 
tail 8
chksum 0x2d
csum 0x2d
v8b899c12
~ld


6.01
 0h00:05.371 2022/09/05T23:27:56z: DS3231
 0h00:05.386 2022/09/05T23:27:56z: BME280 (0x76)
 0h00:05.400 2022/09/05T23:27:56z: 84:f3:eb:7d:7:a8
 0h00:05.402 2022/09/05T23:27:56z: SSID: MU Open
 0h00:05.407 2022/09/05T23:27:56z: AP_STAR tmr
 ets Jan  8 2013,rst cause:4, boot mode:(3,7)

wdt reset
load 0x4010f000, len 1384, room 16 
tail 8
chksum 0x2d
csum 0x2d
v8b899c12
~ld


6.01
 0h00:05.063 2022/09/05T23:48:01z: DS3231
 0h00:05.079 2022/09/05T23:48:01z: BME280 (0x76)
 0h00:05.093 2022/09/05T23:48:01z: 84:f3:eb:7d:7:a8
 0h00:05.095 2022/09/05T23:48:01z: SSID: MU Open
 0h00:05.100 2022/09/05T23:48:01z: AP_STA