R tmr
 ets Jan  8 2013,rst cause:4, boot mode:(3,7)

wdt reset
load 0x4010f000, len 1384, room 16 
tail 8
chksum 0x2d
csum 0x2d
v8b899c12
~ld


6.01
 0h00:04.925 2022/07/31T00:14:29z: DS3231
 0h00:04.940 2022/07/31T00:14:29z: BME280 (0x76)
 0h00:04.954 2022/07/31T00:14:29z: 84:f3:eb:7d:7:a8
 0h00:04.956 2022/07/31T00:14:29z: SSID: MU Open
 0h00:04.961 2022/07/31T00:14:29z: AP_STAR tmr
 ets Jan  8 2013,rst cause:4, boot mode:(3,7)

wdt reset
load 0x4010f000, len 1384, room 16 
tail 8
chksum 0x2d
csum 0x2d
v8b899c12
~ld


6.01
 0h00:04.950 2022/07/31T00:34:32z: DS3231
 0h00:04.965 2022/07/31T00:34:32z: BME280 (0x76)
 0h00:04.979 2022/07/31T00:34:32z: 84:f3:eb:7d:7:a8
 0h00:04.981 2022/07/31T00:34:32z: SSID: MU Open
 0h00:04.986 2022/07/31T00:34:32z: AP_STAR tmr
 ets Jan  8 2013,rst cause:4, boot mode:(3,7)

wdt reset
load 0x4010f000, len 1384, room 16 
tail 8
chksum 0x2d
csum 0x2d
v8b899c12
~ld


6.01
 0h00:04.970 2022/07/31T00:54:36z: DS3231
 0h00:04.985 2022/07/31T00:54:36z: BME280 (0x76)
 0h00:04.999 2022/07/31T00:54:36z: 84:f3:eb:7d:7:a8
 0h00:05.001 2022/07/31T00:54:36z: SSID: MU Open
 0h00:05.006 2022/07/31T00:54:36z: AP_STAR tmr
 ets Jan  8 2013,rst cause:4, boot mode:(3,7)

wdt reset
load 0x4010f000, len 1384, room 16 
tail 8
chksum 0x2d
csum 0x2d
v8b899c12
~ld


6.01
 0h00:04.548 2022/07/31T01:14:38z: DS3231
 0h00:04.564 2022/07/31T01:14:38z: BME280 (0x76)
 0h00:04.578 2022/07/31T01:14:38z: 84:f3:eb:7d:7:a8
 0h00:04.579 2022/07/31T01:14:38z: SSID: MU Open
 0h00:04.585 2022/07/31T01:14:38z: AP_STAR tmr
 ets Jan  8 2013,rst cause:4, boot mode:(3,7)

wdt reset
load 0x4010f000, len 1384, room 16 
tail 8
chksum 0x2d
csum 0x2d
v8b899c12
~ld


6.01
 0h00:04.708 2022/07/31T01:34:42z: DS3231
 0h00:04.724 2022/07/31T01:34:42z: BME280 (0x76)
 0h00:04.738 2022/07/31T01:34:42z: 84:f3:eb:7d:7:a8
 0h00:04.740 2022/07/31T01:34:42z: SSID: MU Open
 0h00:04.745 2022/07/31T01:34:42z: AP_STAR tmr
 ets Jan  8 2013,rst cause:4, boot mode:(3,7)

wdt reset
load 0x4010f000, len 1384, room 16 
tail 8
chksum 0x2d
csum 0x2d
v8b899c12
~ld


6.01
 0h00:04.869 2022/07/31T01:54:45z: DS3231
 0h00:04.884 2022/07/31T01:54:45z: BME280 (0x76)
 0h00:04.898 2022/07/31T01:54:45z: 84:f3:eb:7d:7:a8
 0h00:04.900 2022/07/31T01:54:45z: SSID: MU Open
 0h00:04.905 2022/07/31T01:54:45z: AP_STAR tmr
 ets Jan  8 2013,rst cause:4, boot mode:(3,7)

wdt reset
load 0x4010f000, len 1384, room 16 
tail 8
chksum 0x2d
csum 0x2d
v8b899c12
~ld


6.01
 0h00:04.903 2022/07/31T02:14:48z: DS3231
 0h00:04.918 2022/07/31T02:14:48z: BME280 (0x76)
 0h00:04.932 2022/07/31T02:14:48z: 84:f3:eb:7d:7:a8
 0h00:04.934 2022/07/31T02:14:48z: SSID: MU Open
 0h00:04.939 2022/07/31T02:14:48z: AP_STAR tmr
 ets Jan  8 2013,rst cause:4, boot mode:(3,7)

wdt reset
load 0x4010f000, len 1384, room 16 
tail 8
chksum 0x2d
csum 0x2d
v8b899c12
~ld


6.01
 0h00:05.014 2022/07/31T02:34:52z: DS3231
 0h00:05.029 2022/07/31T02:34:52z: BME280 (0x76)
 0h00:05.043 2022/07/31T02:34:52z: 84:f3:eb:7d:7:a8
 0h00:05.045 2022/07/31T02:34:52z: SSID: MU Open
 0h00:05.050 2022/07/31T02:34:52z: AP_STAR tmr
 ets Jan  8 2013,rst cause:4, boot mode:(3,7)

wdt reset
load 0x4010f000, len 1384, room 16 
tail 8
chksum 0x2d
csum 0x2d
v8b899c12
~ld


6.01
 0h00:04.626 2022/07/31T02:54:56z: DS3231
 0h00:04.641 2022/07/31T02:54:56z: BME280 (0x76)
 0h00:04.656 2022/07/31T02:54:56z: 84:f3:eb:7d:7:a8
 0h00:04.657 2022/07/31T02:54:56z: SSID: MU Open
 0h00:04.662 2022/07/31T02:54:56z: AP_STAR tmr
 ets Jan  8 2013,rst cause:4, boot mode:(3,7)

wdt reset
load 0x4010f000, len 1384, room 16 
tail 8
chksum 0x2d
csum 0x2d
v8b899c12
~ld


6.01
 0h00:04.920 2022/07/31T03:14:59z: DS3231
 0h00:04.936 2022/07/31T03:14:59z: BME280 (0x76)
 0h00:04.950 2022/07/31T03:14:59z: 84:f3:eb:7d:7:a8
 0h00:04.951 2022/07/31T03:14:59z: SSID: MU Open
 0h00:04.957 2022/07/31T03:14:59z: AP_STAR tmr
 ets Jan  8 2013,rst cause:4, boot mode:(3,7)

wdt reset
load 0x4010f000, len 1384, room 16 
tail 8
chksum 0x2d
csum 0x2d
v8b899c12
~ld


6.01
 0h00:04.890 2022/07/31T03:35:03z: DS3231
 0h00:04.906 2022/07/31T03:35:03z: BME280 (0x76)
 0h00:04.920 2022/07/31T03:35:03z: 84:f3:eb:7d:7:a8
 0h00:04.921 2022/07/31T03:35:03z: SSID: MU Open
 0h00:04.927 2022/07/31T03:35:03z: AP_STAR tmr
 ets Jan  8 2013,rst cause:4, boot mode:(3,7)

wdt reset
load 0x4010f000, len 1384, room 16 
tail 8
chksum 0x2d
csum 0x2d
v8b899c12
~ld


6.01
 0h00:04.902 2022/07/31T03:55:06z: DS3231
 0h00:04.918 2022/07/31T03:55:06z: BME280 (0x76)
 0h00:04.932 2022/07/31T03:55:06z: 84:f3:eb:7d:7:a8
 0h00:04.934 2022/07/31T03:55:06z: SSID: MU Open
 0h00:04.939 2022/07/31T03:55:06z: AP_STAR tmr
 ets Jan  8 2013,rst cause:4, boot mode:(3,7)

wdt reset
load 0x4010f000, len 1384, room 16 
tail 8
chksum 0x2d
csum 0x2d
v8b899c12
~ld


6.01
 0h00:05.037 2022/07/31T04:15:09z: DS3231
 0h00:05.053 2022/07/31T04:15:09z: BME280 (0x76)
 0h00:05.067 2022/07/31T04:15:09z: 84:f3:eb:7d:7:a8
 0h00:05.069 2022/07/31T04:15:09z: SSID: MU Open
 0h00:05.074 2022/07/31T04:15:09z: AP_STAR tmr
 ets Jan  8 2013,rst cause:4, boot mode:(3,7)

wdt reset
load 0x4010f000, len 1384, room 16 
tail 8
chksum 0x2d
csum 0x2d
v8b899c12
~ld


6.01
 0h00:04.914 2022/07/31T04:35:12z: DS3231
 0h00:04.929 2022/07/31T04:35:12z: BME280 (0x76)
 0h00:04.943 2022/07/31T04:35:12z: 84:f3:eb:7d:7:a8
 0h00:04.945 2022/07/31T04:35:12z: SSID: MU Open
 0h00:04.950 2022/07/31T04:35:12z: AP_STAR tmr
 ets Jan  8 2013,rst cause:4, boot mode:(3,7)

wdt reset
load 0x4010f000, len 1384, room 16 
tail 8
chksum 0x2d
csum 0x2d
v8b899c12
~ld


6.01
 0h00:05.183 2022/07/31T04:55:16z: DS3231
 0h00:05.199 2022/07/31T04:55:16z: BME280 (0x76)
 0h00:05.213 2022/07/31T04:55:16z: 84:f3:eb:7d:7:a8
 0h00:05.214 2022/07/31T04:55:16z: SSID: MU Open
 0h00:05.220 2022/07/31T04:55:16z: AP_STAR tmr
 ets Jan  8 2013,rst cause:4, boot mode:(3,7)

wdt reset
load 0x4010f000, len 1384, room 16 
tail 8
chksum 0x2d
csum 0x2d
v8b899c12
~ld


6.01
 0h00:05.344 2022/07/31T05:15:20z: DS3231
 0h00:05.359 2022/07/31T05:15:20z: BME280 (0x76)
 0h00:05.374 2022/07/31T05:15:20z: 84:f3:eb:7d:7:a8
 0h00:05.375 2022/07/31T05:15:20z: SSID: MU Open
 0h00:05.380 2022/07/31T05:15:20z: AP_STAR tmr
 ets Jan  8 2013,rst cause:4, boot mode:(3,7)

wdt reset
load 0x4010f000, len 1384, room 16 
tail 8
chksum 0x2d
csum 0x2d
v8b899c12
~ld


6.01
 0h00:04.909 2022/07/31T05:35:24z: DS3231
 0h00:04.924 2022/07/31T05:35:24z: BME280 (0x76)
 0h00:04.938 2022/07/31T05:35:24z: 84:f3:eb:7d:7:a8
 0h00:04.940 2022/07/31T05:35:24z: SSID: MU Open
 0h00:04.945 2022/07/31T05:35:24z: AP_STAR tmr
 ets Jan  8 2013,rst cause:4, boot mode:(3,7)

wdt reset
load 0x4010f000, len 1384, room 16 
tail 8
chksum 0x2d
csum 0x2d
v8b899c12
~ld


6.01
 0h00:05.285 2022/07/31T05:55:29z: DS3231
 0h00:05.301 2022/07/31T05:55:29z: BME280 (0x76)
 0h00:05.315 2022/07/31T05:55:29z: 84:f3:eb:7d:7:a8
 0h00:05.317 2022/07/31T05:55:29z: SSID: MU Open
 0h00:05.322 2022/07/31T05:55:29z: AP_STAR tmr
 ets Jan  8 2013,rst cause:4, boot mode:(3,7)

wdt reset
load 0x4010f000, len 1384, room 16 
tail 8
chksum 0x2d
csum 0x2d
v8b899c12
~ld


6.01
 0h00:05.419 2022/07/31T06:15:33z: DS3231
 0h00:05.434 2022/07/31T06:15:34z: BME280 (0x76)
 0h00:05.448 2022/07/31T06:15:34z: 84:f3:eb:7d:7:a8
 0h00:05.450 2022/07/31T06:15:34z: SSID: MU Open
 0h00:05.455 2022/07/31T06:15:34z: AP_STAR tmr
 ets Jan  8 2013,rst cause:4, boot mode:(3,7)

wdt reset
load 0x4010f000, len 1384, room 16 
tail 8
chksum 0x2d
csum 0x2d
v8b899c12
~ld


6.01
 0h00:05.294 2022/07/31T06:35:38z: DS3231
 0h00:05.309 2022/07/31T06:35:38z: BME280 (0x76)
 0h00:05.323 2022/07/31T06:35:38z: 84:f3:eb:7d:7:a8
 0h00:05.325 2022/07/31T06:35:38z: SSID: MU Open
 0h00:05.330 2022/07/31T06:35:38z: AP_STAR tmr
 ets Jan  8 2013,rst cause:4, boot mode:(3,7)

wdt reset
load 0x4010f000, len 1384, room 16 
tail 8
chksum 0x2d
csum 0x2d
v8b899c12
~ld


6.01
 0h00:05.212 2022/07/31T06:55:42z: DS3231
 0h00:05.227 2022/07/31T06:55:42z: BME280 (0x76)
 0h00:05.242 2022/07/31T06:55:42z: 84:f3:eb:7d:7:a8
 0h00:05.243 2022/07/31T06:55:42z: SSID: MU Open
 0h00:05.248 2022/07/31T06:55:42z: AP_STAR tmr
 ets Jan  8 2013,rst cause:4, boot mode:(3,7)

wdt reset
load 0x4010f000, len 1384, room 16 
tail 8
chksum 0x2d
csum 0x2d
v8b899c12
~ld


6.01
 0h00:04.899 2022/07/31T07:15:45z: DS3231
 0h00:04.915 2022/07/31T07:15:45z: BME280 (0x76)
 0h00:04.929 2022/07/31T07:15:45z: 84:f3:eb:7d:7:a8
 0h00:04.930 2022/07/31T07:15:45z: SSID: MU Open
 0h00:04.936 2022/07/31T07:15:45z: AP_STAR tmr
 ets Jan  8 2013,rst cause:4, boot mode:(3,7)

wdt reset
load 0x4010f000, len 1384, room 16 
tail 8
chksum 0x2d
csum 0x2d
v8b899c12
~ld


6.01
 0h00:05.304 2022/07/31T07:35:49z: DS3231
 0h00:05.320 2022/07/31T07:35:49z: BME280 (0x76)
 0h00:05.334 2022/07/31T07:35:49z: 84:f3:eb:7d:7:a8
 0h00:05.336 2022/07/31T07:35:49z: SSID: MU Open
 0h00:05.341 2022/07/31T07:35:49z: AP_STAR tmr
 ets Jan  8 2013,rst cause:4, boot mode:(3,7)

wdt reset
load 0x4010f000, len 1384, room 16 
tail 8
chksum 0x2d
csum 0x2d
v8b899c12
~ld


6.01
 0h00:05.281 2022/07/31T07:55:53z: DS3231
 0h00:05.296 2022/07/31T07:55:53z: BME280 (0x76)
 0h00:05.310 2022/07/31T07:55:53z: 84:f3:eb:7d:7:a8
 0h00:05.312 2022/07/31T07:55:53z: SSID: MU Open
 0h00:05.317 2022/07/31T07:55:53z: AP_STAR tmr
 ets Jan  8 2013,rst cause:4, boot mode:(3,7)

wdt reset
load 0x4010f000, len 1384, room 16 
tail 8
chksum 0x2d
csum 0x2d
v8b899c12
~ld


6.01
 0h00:05.346 2022/07/31T08:15:57z: DS3231
 0h00:05.361 2022/07/31T08:15:57z: BME280 (0x76)
 0h00:05.375 2022/07/31T08:15:57z: 84:f3:eb:7d:7:a8
 0h00:05.377 2022/07/31T08:15:57z: SSID: MU Open
 0h00:05.382 2022/07/31T08:15:57z: AP_STAR tmr
 ets Jan  8 2013,rst cause:4, boot mode:(3,7)

wdt reset
load 0x4010f000, len 1384, room 16 
tail 8
chksum 0x2d
csum 0x2d
v8b899c12
~ld


6.01
 0h00:05.273 2022/07/31T08:36:01z: DS3231
 0h00:05.288 2022/07/31T08:36:01z: BME280 (0x76)
 0h00:05.302 2022/07/31T08:36:01z: 84:f3:eb:7d:7:a8
 0h00:05.304 2022/07/31T08:36:01z: SSID: MU Open
 0h00:05.309 2022/07/31T08:36:01z: AP_STAR tmr
 ets Jan  8 2013,rst cause:4, boot mode:(3,7)

wdt reset
load 0x4010f000, len 1384, room 16 
tail 8
chksum 0x2d
csum 0x2d
v8b899c12
~ld


6.01
 0h00:05.209 2022/07/31T08:56:06z: DS3231
 0h00:05.224 2022/07/31T08:56:06z: BME280 (0x76)
 0h00:05.238 2022/07/31T08:56:06z: 84:f3:eb:7d:7:a8
 0h00:05.240 2022/07/31T08:56:06z: SSID: MU Open
 0h00:05.245 2022/07/31T08:56:06z: AP_STAR tmr
 ets Jan  8 2013,rst cause:4, boot mode:(3,7)

wdt reset
load 0x4010f000, len 1384, room 16 
tail 8
chksum 0x2d
csum 0x2d
v8b899c12
~ld


6.01
 0h00:05.050 2022/07/31T09:16:10z: DS3231
 0h00:05.065 2022/07/31T09:16:10z: BME280 (0x76)
 0h00:05.079 2022/07/31T09:16:10z: 84:f3:eb:7d:7:a8
 0h00:05.081 2022/07/31T09:16:10z: SSID: MU Open
 0h00:05.086 2022/07/31T09:16:10z: AP_STAR tmr
 ets Jan  8 2013,rst cause:4, boot mode:(3,7)

wdt reset
load 0x4010f000, len 1384, room 16 
tail 8
chksum 0x2d
csum 0x2d
v8b899c12
~ld


6.01
 0h00:05.124 2022/07/31T09:36:14z: DS3231
 0h00:05.140 2022/07/31T09:36:14z: BME280 (0x76)
 0h00:05.154 2022/07/31T09:36:14z: 84:f3:eb:7d:7:a8
 0h00:05.155 2022/07/31T09:36:14z: SSID: MU Open
 0h00:05.161 2022/07/31T09:36:14z: AP_STAR tmr
 ets Jan  8 2013,rst cause:4, boot mode:(3,7)

wdt reset
load 0x4010f000, len 1384, room 16 
tail 8
chksum 0x2d
csum 0x2d
v8b899c12
~ld


6.01
 0h00:05.126 2022/07/31T09:56:17z: DS3231
 0h00:05.141 2022/07/31T09:56:17z: BME280 (0x76)
 0h00:05.155 2022/07/31T09:56:17z: 84:f3:eb:7d:7:a8
 0h00:05.157 2022/07/31T09:56:17z: SSID: MU Open
 0h00:05.162 2022/07/31T09:56:17z: AP_STAR tmr
 ets Jan  8 2013,rst cause:4, boot mode:(3,7)

wdt reset
load 0x4010f000, len 1384, room 16 
tail 8
chksum 0x2d
csum 0x2d
v8b899c12
~ld


6.01
 0h00:04.983 2022/07/31T10:16:21z: DS3231
 0h00:04.998 2022/07/31T10:16:21z: BME280 (0x76)
 0h00:05.012 2022/07/31T10:16:21z: 84:f3:eb:7d:7:a8
 0h00:05.014 2022/07/31T10:16:21z: SSID: MU Open
 0h00:05.019 2022/07/31T10:16:21z: AP_STAR tmr
 ets Jan  8 2013,rst cause:4, boot mode:(3,7)

wdt reset
load 0x4010f000, len 1384, room 16 
tail 8
chksum 0x2d
csum 0x2d
v8b899c12
~ld


6.01
 0h00:04.936 2022/07/31T10:36:24z: DS3231
 0h00:04.952 2022/07/31T10:36:24z: BME280 (0x76)
 0h00:04.966 2022/07/31T10:36:24z: 84:f3:eb:7d:7:a8
 0h00:04.968 2022/07/31T10:36:24z: SSID: MU Open
 0h00:04.973 2022/07/31T10:36:24z: AP_STAR tmr
 ets Jan  8 2013,rst cause:4, boot mode:(3,7)

wdt reset
load 0x4010f000, len 1384, room 16 
tail 8
chksum 0x2d
csum 0x2d
v8b899c12
~ld


6.01
 0h00:05.036 2022/07/31T10:56:28z: DS3231
 0h00:05.051 2022/07/31T10:56:28z: BME280 (0x76)
 0h00:05.065 2022/07/31T10:56:28z: 84:f3:eb:7d:7:a8
 0h00:05.067 2022/07/31T10:56:28z: SSID: MU Open
 0h00:05.072 2022/07/31T10:56:28z: AP_STAR tmr
 ets Jan  8 2013,rst cause:4, boot mode:(3,7)

wdt reset
load 0x4010f000, len 1384, room 16 
tail 8
chksum 0x2d
csum 0x2d
v8b899c12
~ld


6.01
 0h00:05.112 2022/07/31T11:16:32z: DS3231
 0h00:05.127 2022/07/31T11:16:32z: BME280 (0x76)
 0h00:05.141 2022/07/31T11:16:32z: 84:f3:eb:7d:7:a8
 0h00:05.143 2022/07/31T11:16:32z: SSID: MU Open
 0h00:05.148 2022/07/31T11:16:32z: AP_STAR tmr
 ets Jan  8 2013,rst cause:4, boot mode:(3,7)

wdt reset
load 0x4010f000, len 1384, room 16 
tail 8
chksum 0x2d
csum 0x2d
v8b899c12
~ld


6.01
 0h00:05.178 2022/07/31T11:36:36z: DS3231
 0h00:05.194 2022/07/31T11:36:36z: BME280 (0x76)
 0h00:05.208 2022/07/31T11:36:36z: 84:f3:eb:7d:7:a8
 0h00:05.210 2022/07/31T11:36:36z: SSID: MU Open
 0h00:05.215 2022/07/31T11:36:36z: AP_STAR tmr
 ets Jan  8 2013,rst cause:4, boot mode:(3,7)

wdt reset
load 0x4010f000, len 1384, room 16 
tail 8
chksum 0x2d
csum 0x2d
v8b899c12
~ld


6.01
 0h00:05.126 2022/07/31T11:56:39z: DS3231
 0h00:05.142 2022/07/31T11:56:39z: BME280 (0x76)
 0h00:05.156 2022/07/31T11:56:39z: 84:f3:eb:7d:7:a8
 0h00:05.157 2022/07/31T11:56:39z: SSID: MU Open
 0h00:05.163 2022/07/31T11:56:39z: AP_STAR tmr
 ets Jan  8 2013,rst cause:4, boot mode:(3,7)

wdt reset
load 0x4010f000, len 1384, room 16 
tail 8
chksum 0x2d
csum 0x2d
v8b899c12
~ld


6.01
 0h00:04.954 2022/07/31T12:16:43z: DS3231
 0h00:04.970 2022/07/31T12:16:43z: BME280 (0x76)
 0h00:04.984 2022/07/31T12:16:43z: 84:f3:eb:7d:7:a8
 0h00:04.986 2022/07/31T12:16:43z: SSID: MU Open
 0h00:04.991 2022/07/31T12:16:43z: AP_STAR tmr
 ets Jan  8 2013,rst cause:4, boot mode:(3,7)

wdt reset
load 0x4010f000, len 1384, room 16 
tail 8
chksum 0x2d
csum 0x2d
v8b899c12
~ld


6.01
 0h00:05.049 2022/07/31T12:36:47z: DS3231
 0h00:05.064 2022/07/31T12:36:47z: BME280 (0x76)
 0h00:05.079 2022/07/31T12:36:47z: 84:f3:eb:7d:7:a8
 0h00:05.080 2022/07/31T12:36:47z: SSID: MU Open
 0h00:05.085 2022/07/31T12:36:47z: AP_STAR tmr
 ets Jan  8 2013,rst cause:4, boot mode:(3,7)

wdt reset
load 0x4010f000, len 1384, room 16 
tail 8
chksum 0x2d
csum 0x2d
v8b899c12
~ld


6.01
 0h00:05.004 2022/07/31T12:56:51z: DS3231
 0h00:05.019 2022/07/31T12:56:51z: BME280 (0x76)
 0h00:05.033 2022/07/31T12:56:51z: 84:f3:eb:7d:7:a8
 0h00:05.035 2022/07/31T12:56:51z: SSID: MU Open
 0h00:05.040 2022/07/31T12:56:51z: AP_STAR tmr
 ets Jan  8 2013,rst cause:4, boot mode:(3,7)

wdt reset
load 0x4010f000, len 1384, room 16 
tail 8
chksum 0x2d
csum 0x2d
v8b899c12
~ld


6.01
 0h00:04.800 2022/07/31T13:16:54z: DS3231
 0h00:04.815 2022/07/31T13:16:54z: BME280 (0x76)
 0h00:04.829 2022/07/31T13:16:54z: 84:f3:eb:7d:7:a8
 0h00:04.831 2022/07/31T13:16:54z: SSID: MU Open
 0h00:04.836 2022/07/31T13:16:54z: AP_STAR tmr
 ets Jan  8 2013,rst cause:4, boot mode:(3,7)

wdt reset
load 0x4010f000, len 1384, room 16 
tail 8
chksum 0x2d
csum 0x2d
v8b899c12
~ld


6.01
 0h00:05.102 2022/07/31T13:36:57z: DS3231
 0h00:05.118 2022/07/31T13:36:57z: BME280 (0x76)
 0h00:05.132 2022/07/31T13:36:57z: 84:f3:eb:7d:7:a8
 0h00:05.133 2022/07/31T13:36:57z: SSID: MU Open
 0h00:05.139 2022/07/31T13:36:57z: AP_STAR tmr
 ets Jan  8 2013,rst cause:4, boot mode:(3,7)

wdt reset
load 0x4010f000, len 1384, room 16 
tail 8
chksum 0x2d
csum 0x2d
v8b899c12
~ld


6.01
 0h00:04.816 2022/07/31T13:57:01z: DS3231
 0h00:04.831 2022/07/31T13:57:01z: BME280 (0x76)
 0h00:04.845 2022/07/31T13:57:01z: 84:f3:eb:7d:7:a8
 0h00:04.847 2022/07/31T13:57:01z: SSID: MU Open
 0h00:04.852 2022/07/31T13:57:01z: AP_STAR tmr
 ets Jan  8 2013,rst cause:4, boot mode:(3,7)

wdt reset
load 0x4010f000, len 1384, room 16 
tail 8
chksum 0x2d
csum 0x2d
v8b899c12
~ld


6.01
 0h00:05.164 2022/07/31T14:17:04z: DS3231
 0h00:05.180 2022/07/31T14:17:04z: BME280 (0x76)
 0h00:05.194 2022/07/31T14:17:04z: 84:f3:eb:7d:7:a8
 0h00:05.196 2022/07/31T14:17:04z: SSID: MU Open
 0h00:05.201 2022/07/31T14:17:04z: AP_STAR tmr
 ets Jan  8 2013,rst cause:4, boot mode:(3,7)

wdt reset
load 0x4010f000, len 1384, room 16 
tail 8
chksum 0x2d
csum 0x2d
v8b899c12
~ld


6.01
 0h00:05.017 2022/07/31T14:37:08z: DS3231
 0h00:05.032 2022/07/31T14:37:08z: BME280 (0x76)
 0h00:05.047 2022/07/31T14:37:08z: 84:f3:eb:7d:7:a8
 0h00:05.048 2022/07/31T14:37:08z: SSID: MU Open
 0h00:05.053 2022/07/31T14:37:08z: AP_STAR tmr
 ets Jan  8 2013,rst cause:4, boot mode:(3,7)

wdt reset
load 0x4010f000, len 1384, room 16 
tail 8
chksum 0x2d
csum 0x2d
v8b899c12
~ld


6.01
 0h00:04.787 2022/07/31T14:57:11z: DS3231
 0h00:04.802 2022/07/31T14:57:11z: BME280 (0x76)
 0h00:04.816 2022/07/31T14:57:11z: 84:f3:eb:7d:7:a8
 0h00:04.818 2022/07/31T14:57:11z: SSID: MU Open
 0h00:04.823 2022/07/31T14:57:11z: AP_STAR tmr
 ets Jan  8 2013,rst cause:4, boot mode:(3,7)

wdt reset
load 0x4010f000, len 1384, room 16 
tail 8
chksum 0x2d
csum 0x2d
v8b899c12
~ld


6.01
 0h00:05.005 2022/07/31T15:17:15z: DS3231
 0h00:05.020 2022/07/31T15:17:15z: BME280 (0x76)
 0h00:05.035 2022/07/31T15:17:15z: 84:f3:eb:7d:7:a8
 0h00:05.036 2022/07/31T15:17:15z: SSID: MU Open
 0h00:05.041 2022/07/31T15:17:15z: AP_STAR tmr
 ets Jan  8 2013,rst cause:4, boot mode:(3,7)

wdt reset
load 0x4010f000, len 1384, room 16 
tail 8
chksum 0x2d
csum 0x2d
v8b899c12
~ld


6.01
 0h00:04.611 2022/07/31T15:37:19z: DS3231
 0h00:04.627 2022/07/31T15:37:19z: BME280 (0x76)
 0h00:04.641 2022/07/31T15:37:19z: 84:f3:eb:7d:7:a8
 0h00:04.643 2022/07/31T15:37:19z: SSID: MU Open
 0h00:04.648 2022/07/31T15:37:19z: AP_STAR tmr
 ets Jan  8 2013,rst cause:4, boot mode:(3,7)

wdt reset
load 0x4010f000, len 1384, room 16 
tail 8
chksum 0x2d
csum 0x2d
v8b899c12
~ld


6.01
 0h00:04.765 2022/07/31T15:57:22z: DS3231
 0h00:04.780 2022/07/31T15:57:22z: BME280 (0x76)
 0h00:04.794 2022/07/31T15:57:22z: 84:f3:eb:7d:7:a8
 0h00:04.796 2022/07/31T15:57:22z: SSID: MU Open
 0h00:04.801 2022/07/31T15:57:22z: AP_STAR tmr
 ets Jan  8 2013,rst cause:4, boot mode:(3,7)

wdt reset
load 0x4010f000, len 1384, room 16 
tail 8
chksum 0x2d
csum 0x2d
v8b899c12
~ld


6.01
 0h00:04.979 2022/07/31T16:17:25z: DS3231
 0h00:04.994 2022/07/31T16:17:25z: BME280 (0x76)
 0h00:05.008 2022/07/31T16:17:25z: 84:f3:eb:7d:7:a8
 0h00:05.010 2022/07/31T16:17:25z: SSID: MU Open
 0h00:05.015 2022/07/31T16:17:25z: AP_STAR tmr
 ets Jan  8 2013,rst cause:4, boot mode:(3,7)

wdt reset
load 0x4010f000, len 1384, room 16 
tail 8
chksum 0x2d
csum 0x2d
v8b899c12
~ld


6.01
 0h00:05.099 2022/07/31T16:37:29z: DS3231
 0h00:05.114 2022/07/31T16:37:29z: BME280 (0x76)
 0h00:05.128 2022/07/31T16:37:29z: 84:f3:eb:7d:7:a8
 0h00:05.130 2022/07/31T16:37:29z: SSID: MU Open
 0h00:05.135 2022/07/31T16:37:29z: AP_STAR tmr
 ets Jan  8 2013,rst cause:4, boot mode:(3,7)

wdt reset
load 0x4010f000, len 1384, room 16 
tail 8
chksum 0x2d
csum 0x2d
v8b899c12
~ld


6.01
 0h00:04.964 2022/07/31T16:57:33z: DS3231
 0h00:04.979 2022/07/31T16:57:33z: BME280 (0x76)
 0h00:04.993 2022/07/31T16:57:33z: 84:f3:eb:7d:7:a8
 0h00:04.995 2022/07/31T16:57:33z: SSID: MU Open
 0h00:05.000 2022/07/31T16:57:33z: AP_STAR tmr
 ets Jan  8 2013,rst cause:4, boot mode:(3,7)

wdt reset
load 0x4010f000, len 1384, room 16 
tail 8
chksum 0x2d
csum 0x2d
v8b899c12
~ld


6.01
 0h00:05.063 2022/07/31T17:17:37z: DS3231
 0h00:05.078 2022/07/31T17:17:37z: BME280 (0x76)
 0h00:05.093 2022/07/31T17:17:37z: 84:f3:eb:7d:7:a8
 0h00:05.094 2022/07/31T17:17:37z: SSID: MU Open
 0h00:05.099 2022/07/31T17:17:37z: AP_STAR tmr
 ets Jan  8 2013,rst cause:4, boot mode:(3,7)

wdt reset
load 0x4010f000, len 1384, room 16 
tail 8
chksum 0x2d
csum 0x2d
v8b899c12
~ld


6.01
 0h00:05.184 2022/07/31T17:37:41z: DS3231
 0h00:05.199 2022/07/31T17:37:41z: BME280 (0x76)
 0h00:05.213 2022/07/31T17:37:41z: 84:f3:eb:7d:7:a8
 0h00:05.215 2022/07/31T17:37:41z: SSID: MU Open
 0h00:05.220 2022/07/31T17:37:41z: AP_STAR tmr
 ets Jan  8 2013,rst cause:4, boot mode:(3,7)

wdt reset
load 0x4010f000, len 1384, room 16 
tail 8
chksum 0x2d
csum 0x2d
v8b899c12
~ld


6.01
 0h00:04.990 2022/07/31T17:57:44z: DS3231
 0h00:05.006 2022/07/31T17:57:44z: BME280 (0x76)
 0h00:05.020 2022/07/31T17:57:44z: 84:f3:eb:7d:7:a8
 0h00:05.021 2022/07/31T17:57:44z: SSID: MU Open
 0h00:05.027 2022/07/31T17:57:44z: AP_STAR tmr
 ets Jan  8 2013,rst cause:4, boot mode:(3,7)

wdt reset
load 0x4010f000, len 1384, room 16 
tail 8
chksum 0x2d
csum 0x2d
v8b899c12
~ld


6.01
 0h00:05.095 2022/07/31T18:17:49z: DS3231
 0h00:05.110 2022/07/31T18:17:49z: BME280 (0x76)
 0h00:05.124 2022/07/31T18:17:49z: 84:f3:eb:7d:7:a8
 0h00:05.126 2022/07/31T18:17:49z: SSID: MU Open
 0h00:05.131 2022/07/31T18:17:49z: AP_STAR tmr
 ets Jan  8 2013,rst cause:4, boot mode:(3,7)

wdt reset
load 0x4010f000, len 1384, room 16 
tail 8
chksum 0x2d
csum 0x2d
v8b899c12
~ld


6.01
 0h00:05.108 2022/07/31T18:37:53z: DS3231
 0h00:05.123 2022/07/31T18:37:53z: BME280 (0x76)
 0h00:05.137 2022/07/31T18:37:53z: 84:f3:eb:7d:7:a8
 0h00:05.139 2022/07/31T18:37:53z: SSID: MU Open
 0h00:05.144 2022/07/31T18:37:53z: AP_STAR tmr
 ets Jan  8 2013,rst cause:4, boot mode:(3,7)

wdt reset
load 0x4010f000, len 1384, room 16 
tail 8
chksum 0x2d
csum 0x2d
v8b899c12
~ld


6.01
 0h00:05.097 2022/07/31T18:57:56z: DS3231
 0h00:05.112 2022/07/31T18:57:56z: BME280 (0x76)
 0h00:05.126 2022/07/31T18:57:56z: 84:f3:eb:7d:7:a8
 0h00:05.128 2022/07/31T18:57:56z: SSID: MU Open
 0h00:05.133 2022/07/31T18:57:56z: AP_STAR tmr
 ets Jan  8 2013,rst cause:4, boot mode:(3,7)

wdt reset
load 0x4010f000, len 1384, room 16 
tail 8
chksum 0x2d
csum 0x2d
v8b899c12
~ld


6.01
 0h00:04.984 2022/07/31T19:18:01z: DS3231
 0h00:05.000 2022/07/31T19:18:01z: BME280 (0x76)
 0h00:05.014 2022/07/31T19:18:01z: 84:f3:eb:7d:7:a8
 0h00:05.016 2022/07/31T19:18:01z: SSID: MU Open
 0h00:05.021 2022/07/31T19:18:01z: AP_STAR tmr
 ets Jan  8 2013,rst cause:4, boot mode:(3,7)

wdt reset
load 0x4010f000, len 1384, room 16 
tail 8
chksum 0x2d
csum 0x2d
v8b899c12
~ld


6.01
 0h00:04.816 2022/07/31T19:38:04z: DS3231
 0h00:04.832 2022/07/31T19:38:04z: BME280 (0x76)
 0h00:04.846 2022/07/31T19:38:04z: 84:f3:eb:7d:7:a8
 0h00:04.848 2022/07/31T19:38:04z: SSID: MU Open
 0h00:04.853 2022/07/31T19:38:04z: AP_STAR tmr
 ets Jan  8 2013,rst cause:4, boot mode:(3,7)

wdt reset
load 0x4010f000, len 1384, room 16 
tail 8
chksum 0x2d
csum 0x2d
v8b899c12
~ld


6.01
 0h00:05.005 2022/07/31T19:58:07z: DS3231
 0h00:05.020 2022/07/31T19:58:07z: BME280 (0x76)
 0h00:05.034 2022/07/31T19:58:07z: 84:f3:eb:7d:7:a8
 0h00:05.036 2022/07/31T19:58:07z: SSID: MU Open
 0h00:05.041 2022/07/31T19:58:07z: AP_STAR tmr
 ets Jan  8 2013,rst cause:4, boot mode:(3,7)

wdt reset
load 0x4010f000, len 1384, room 16 
tail 8
chksum 0x2d
csum 0x2d
v8b899c12
~ld


6.01
 0h00:04.772 2022/07/31T20:18:10z: DS3231
 0h00:04.787 2022/07/31T20:18:10z: BME280 (0x76)
 0h00:04.802 2022/07/31T20:18:10z: 84:f3:eb:7d:7:a8
 0h00:04.803 2022/07/31T20:18:10z: SSID: MU Open
 0h00:04.808 2022/07/31T20:18:10z: AP_STAR tmr
 ets Jan  8 2013,rst cause:4, boot mode:(3,7)

wdt reset
load 0x4010f000, len 1384, room 16 
tail 8
chksum 0x2d
csum 0x2d
v8b899c12
~ld


6.01
 0h00:04.828 2022/07/31T20:38:13z: DS3231
 0h00:04.843 2022/07/31T20:38:13z: BME280 (0x76)
 0h00:04.857 2022/07/31T20:38:13z: 84:f3:eb:7d:7:a8
 0h00:04.859 2022/07/31T20:38:13z: SSID: MU Open
 0h00:04.864 2022/07/31T20:38:13z: AP_STAR tmr
 ets Jan  8 2013,rst cause:4, boot mode:(3,7)

wdt reset
load 0x4010f000, len 1384, room 16 
tail 8
chksum 0x2d
csum 0x2d
v8b899c12
~ld


6.01
 0h00:04.929 2022/07/31T20:58:17z: DS3231
 0h00:04.944 2022/07/31T20:58:17z: BME280 (0x76)
 0h00:04.958 2022/07/31T20:58:17z: 84:f3:eb:7d:7:a8
 0h00:04.960 2022/07/31T20:58:17z: SSID: MU Open
 0h00:04.965 2022/07/31T20:58:17z: AP_STAR tmr
 ets Jan  8 2013,rst cause:4, boot mode:(3,7)

wdt reset
load 0x4010f000, len 1384, room 16 
tail 8
chksum 0x2d
csum 0x2d
v8b899c12
~ld


6.01
 0h00:05.006 2022/07/31T21:18:21z: DS3231
 0h00:05.021 2022/07/31T21:18:21z: BME280 (0x76)
 0h00:05.035 2022/07/31T21:18:21z: 84:f3:eb:7d:7:a8
 0h00:05.037 2022/07/31T21:18:21z: SSID: MU Open
 0h00:05.042 2022/07/31T21:18:21z: AP_STAR tmr
 ets Jan  8 2013,rst cause:4, boot mode:(3,7)

wdt reset
load 0x4010f000, len 1384, room 16 
tail 8
chksum 0x2d
csum 0x2d
v8b899c12
~ld


6.01
 0h00:05.008 2022/07/31T21:38:24z: DS3231
 0h00:05.023 2022/07/31T21:38:24z: BME280 (0x76)
 0h00:05.037 2022/07/31T21:38:24z: 84:f3:eb:7d:7:a8
 0h00:05.039 2022/07/31T21:38:24z: SSID: MU Open
 0h00:05.044 2022/07/31T21:38:24z: AP_STAR tmr
 ets Jan  8 2013,rst cause:4, boot mode:(3,7)

wdt reset
load 0x4010f000, len 1384, room 16 
tail 8
chksum 0x2d
csum 0x2d
v8b899c12
~ld


6.01
 0h00:04.934 2022/07/31T21:58:28z: DS3231
 0h00:04.949 2022/07/31T21:58:28z: BME280 (0x76)
 0h00:04.963 2022/07/31T21:58:28z: 84:f3:eb:7d:7:a8
 0h00:04.965 2022/07/31T21:58:28z: SSID: MU Open
 0h00:04.970 2022/07/31T21:58:28z: AP_STAR tmr
 ets Jan  8 2013,rst cause:4, boot mode:(3,7)

wdt reset
load 0x4010f000, len 1384, room 16 
tail 8
chksum 0x2d
csum 0x2d
v8b899c12
~ld


6.01
 0h00:05.078 2022/07/31T22:18:31z: DS3231
 0h00:05.093 2022/07/31T22:18:32z: BME280 (0x76)
 0h00:05.107 2022/07/31T22:18:32z: 84:f3:eb:7d:7:a8
 0h00:05.109 2022/07/31T22:18:32z: SSID: MU Open
 0h00:05.114 2022/07/31T22:18:32z: AP_STAR tmr
 ets Jan  8 2013,rst cause:4, boot mode:(3,7)

wdt reset
load 0x4010f000, len 1384, room 16 
tail 8
chksum 0x2d
csum 0x2d
v8b899c12
~ld


6.01
 0h00:05.084 2022/07/31T22:38:35z: DS3231
 0h00:05.099 2022/07/31T22:38:35z: BME280 (0x76)
 0h00:05.113 2022/07/31T22:38:35z: 84:f3:eb:7d:7:a8
 0h00:05.115 2022/07/31T22:38:35z: SSID: MU Open
 0h00:05.120 2022/07/31T22:38:35z: AP_STAR tmr
 ets Jan  8 2013,rst cause:4, boot mode:(3,7)

wdt reset
load 0x4010f000, len 1384, room 16 
tail 8
chksum 0x2d
csum 0x2d
v8b899c12
~ld


6.01
 0h00:05.043 2022/07/31T22:58:39z: DS3231
 0h00:05.059 2022/07/31T22:58:39z: BME280 (0x76)
 0h00:05.073 2022/07/31T22:58:39z: 84:f3:eb:7d:7:a8
 0h00:05.075 2022/07/31T22:58:39z: SSID: MU Open
 0h00:05.080 2022/07/31T22:58:39z: AP_STAR tmr
 ets Jan  8 2013,rst cause:4, boot mode:(3,7)

wdt reset
load 0x4010f000, len 1384, room 16 
tail 8
chksum 0x2d
csum 0x2d
v8b899c12
~ld


6.01
 0h00:05.099 2022/07/31T23:18:43z: DS3231
 0h00:05.114 2022/07/31T23:18:43z: BME280 (0x76)
 0h00:05.128 2022/07/31T23:18:43z: 84:f3:eb:7d:7:a8
 0h00:05.130 2022/07/31T23:18:43z: SSID: MU Open
 0h00:05.135 2022/07/31T23:18:43z: AP_STAR tmr
 ets Jan  8 2013,rst cause:4, boot mode:(3,7)

wdt reset
load 0x4010f000, len 1384, room 16 
tail 8
chksum 0x2d
csum 0x2d
v8b899c12
~ld


6.01
 0h00:05.213 2022/07/31T23:38:46z: DS3231
 0h00:05.229 2022/07/31T23:38:46z: BME280 (0x76)
 0h00:05.243 2022/07/31T23:38:47z: 84:f3:eb:7d:7:a8
 0h00:05.245 2022/07/31T23:38:47z: SSID: MU Open
 0h00:05.250 2022/07/31T23:38:47z: AP_STAR tmr
 ets Jan  8 2013,rst cause:4, boot mode:(3,7)

wdt reset
load 0x4010f000, len 1384, room 16 
tail 8
chksum 0x2d
csum 0x2d
v8b899c12
~ld


6.01
 0h00:05.132 2022/07/31T23:58:50z: DS3231
 0h00:05.148 2022/07/31T23:58:50z: BME280 (0x76)
 0h00:05.162 2022/07/31T23:58:50z: 84:f3:eb:7d:7:a8
 0h00:05.164 2022/07/31T23:58:50z: SSID: MU Open
 0h00:05.169 2022/07/31T23:58:50z: AP_STA