R tmr
 ets Jan  8 2013,rst cause:4, boot mode:(3,7)

wdt reset
load 0x4010f000, len 1384, room 16 
tail 8
chksum 0x2d
csum 0x2d
v8b899c12
~ld


6.01
 0h00:04.663 2022/04/16T00:14:10z: DS3231
 0h00:04.678 2022/04/16T00:14:10z: BME280 (0x76)
 0h00:04.693 2022/04/16T00:14:10z: 84:f3:eb:7d:7:a8
 0h00:04.694 2022/04/16T00:14:10z: SSID: MU Open
 0h00:04.699 2022/04/16T00:14:10z: AP_STAR tmr
 ets Jan  8 2013,rst cause:4, boot mode:(3,7)

wdt reset
load 0x4010f000, len 1384, room 16 
tail 8
chksum 0x2d
csum 0x2d
v8b899c12
~ld


6.01
 0h00:04.907 2022/04/16T00:34:13z: DS3231
 0h00:04.922 2022/04/16T00:34:13z: BME280 (0x76)
 0h00:04.936 2022/04/16T00:34:13z: 84:f3:eb:7d:7:a8
 0h00:04.938 2022/04/16T00:34:13z: SSID: MU Open
 0h00:04.943 2022/04/16T00:34:13z: AP_STAR tmr
 ets Jan  8 2013,rst cause:4, boot mode:(3,7)

wdt reset
load 0x4010f000, len 1384, room 16 
tail 8
chksum 0x2d
csum 0x2d
v8b899c12
~ld


6.01
 0h00:04.949 2022/04/16T00:54:15z: DS3231
 0h00:04.964 2022/04/16T00:54:16z: BME280 (0x76)
 0h00:04.978 2022/04/16T00:54:16z: 84:f3:eb:7d:7:a8
 0h00:04.980 2022/04/16T00:54:16z: SSID: MU Open
 0h00:04.985 2022/04/16T00:54:16z: AP_STAR tmr
 ets Jan  8 2013,rst cause:4, boot mode:(3,7)

wdt reset
load 0x4010f000, len 1384, room 16 
tail 8
chksum 0x2d
csum 0x2d
v8b899c12
~ld


6.01
 0h00:04.949 2022/04/16T01:14:17z: DS3231
 0h00:04.964 2022/04/16T01:14:17z: BME280 (0x76)
 0h00:04.978 2022/04/16T01:14:17z: 84:f3:eb:7d:7:a8
 0h00:04.980 2022/04/16T01:14:17z: SSID: MU Open
 0h00:04.985 2022/04/16T01:14:17z: AP_STAR tmr
 ets Jan  8 2013,rst cause:4, boot mode:(3,7)

wdt reset
load 0x4010f000, len 1384, room 16 
tail 8
chksum 0x2d
csum 0x2d
v8b899c12
~ld


6.01
 0h00:04.854 2022/04/16T01:34:19z: DS3231
 0h00:04.869 2022/04/16T01:34:19z: BME280 (0x76)
 0h00:04.883 2022/04/16T01:34:19z: 84:f3:eb:7d:7:a8
 0h00:04.885 2022/04/16T01:34:19z: SSID: MU Open
 0h00:04.890 2022/04/16T01:34:19z: AP_STAR tmr
 ets Jan  8 2013,rst cause:4, boot mode:(3,7)

wdt reset
load 0x4010f000, len 1384, room 16 
tail 8
chksum 0x2d
csum 0x2d
v8b899c12
~ld


6.01
 0h00:04.708 2022/04/16T01:54:21z: DS3231
 0h00:04.723 2022/04/16T01:54:21z: BME280 (0x76)
 0h00:04.737 2022/04/16T01:54:21z: 84:f3:eb:7d:7:a8
 0h00:04.739 2022/04/16T01:54:21z: SSID: MU Open
 0h00:04.744 2022/04/16T01:54:21z: AP_STAR tmr
 ets Jan  8 2013,rst cause:4, boot mode:(3,7)

wdt reset
load 0x4010f000, len 1384, room 16 
tail 8
chksum 0x2d
csum 0x2d
v8b899c12
~ld


6.01
 0h00:04.820 2022/04/16T02:14:22z: DS3231
 0h00:04.836 2022/04/16T02:14:22z: BME280 (0x76)
 0h00:04.850 2022/04/16T02:14:22z: 84:f3:eb:7d:7:a8
 0h00:04.852 2022/04/16T02:14:22z: SSID: MU Open
 0h00:04.857 2022/04/16T02:14:22z: AP_STAR tmr
 ets Jan  8 2013,rst cause:4, boot mode:(3,7)

wdt reset
load 0x4010f000, len 1384, room 16 
tail 8
chksum 0x2d
csum 0x2d
v8b899c12
~ld


6.01
 0h00:04.891 2022/04/16T02:34:24z: DS3231
 0h00:04.906 2022/04/16T02:34:24z: BME280 (0x76)
 0h00:04.920 2022/04/16T02:34:24z: 84:f3:eb:7d:7:a8
 0h00:04.922 2022/04/16T02:34:24z: SSID: MU Open
 0h00:04.927 2022/04/16T02:34:24z: AP_STAR tmr
 ets Jan  8 2013,rst cause:4, boot mode:(3,7)

wdt reset
load 0x4010f000, len 1384, room 16 
tail 8
chksum 0x2d
csum 0x2d
v8b899c12
~ld


6.01
 0h00:04.651 2022/04/16T02:54:27z: DS3231
 0h00:04.667 2022/04/16T02:54:27z: BME280 (0x76)
 0h00:04.681 2022/04/16T02:54:27z: 84:f3:eb:7d:7:a8
 0h00:04.683 2022/04/16T02:54:27z: SSID: MU Open
 0h00:04.688 2022/04/16T02:54:27z: AP_STAR tmr
 ets Jan  8 2013,rst cause:4, boot mode:(3,7)

wdt reset
load 0x4010f000, len 1384, room 16 
tail 8
chksum 0x2d
csum 0x2d
v8b899c12
~ld


6.01
 0h00:04.635 2022/04/16T03:14:29z: DS3231
 0h00:04.650 2022/04/16T03:14:29z: BME280 (0x76)
 0h00:04.664 2022/04/16T03:14:29z: 84:f3:eb:7d:7:a8
 0h00:04.666 2022/04/16T03:14:29z: SSID: MU Open
 0h00:04.671 2022/04/16T03:14:29z: AP_STAR tmr
 ets Jan  8 2013,rst cause:4, boot mode:(3,7)

wdt reset
load 0x4010f000, len 1384, room 16 
tail 8
chksum 0x2d
csum 0x2d
v8b899c12
~ld


6.01
 0h00:04.620 2022/04/16T03:34:31z: DS3231
 0h00:04.635 2022/04/16T03:34:31z: BME280 (0x76)
 0h00:04.649 2022/04/16T03:34:31z: 84:f3:eb:7d:7:a8
 0h00:04.651 2022/04/16T03:34:31z: SSID: MU Open
 0h00:04.656 2022/04/16T03:34:31z: AP_STAR tmr
 ets Jan  8 2013,rst cause:4, boot mode:(3,7)

wdt reset
load 0x4010f000, len 1384, room 16 
tail 8
chksum 0x2d
csum 0x2d
v8b899c12
~ld


6.01
 0h00:04.643 2022/04/16T03:54:33z: DS3231
 0h00:04.658 2022/04/16T03:54:33z: BME280 (0x76)
 0h00:04.672 2022/04/16T03:54:33z: 84:f3:eb:7d:7:a8
 0h00:04.674 2022/04/16T03:54:33z: SSID: MU Open
 0h00:04.679 2022/04/16T03:54:33z: AP_STAR tmr
 ets Jan  8 2013,rst cause:4, boot mode:(3,7)

wdt reset
load 0x4010f000, len 1384, room 16 
tail 8
chksum 0x2d
csum 0x2d
v8b899c12
~ld


6.01
 0h00:04.721 2022/04/16T04:14:35z: DS3231
 0h00:04.736 2022/04/16T04:14:35z: BME280 (0x76)
 0h00:04.750 2022/04/16T04:14:35z: 84:f3:eb:7d:7:a8
 0h00:04.752 2022/04/16T04:14:35z: SSID: MU Open
 0h00:04.757 2022/04/16T04:14:35z: AP_STAR tmr
 ets Jan  8 2013,rst cause:4, boot mode:(3,7)

wdt reset
load 0x4010f000, len 1384, room 16 
tail 8
chksum 0x2d
csum 0x2d
v8b899c12
~ld


6.01
 0h00:05.016 2022/04/16T04:34:37z: DS3231
 0h00:05.032 2022/04/16T04:34:37z: BME280 (0x76)
 0h00:05.046 2022/04/16T04:34:37z: 84:f3:eb:7d:7:a8
 0h00:05.048 2022/04/16T04:34:37z: SSID: MU Open
 0h00:05.053 2022/04/16T04:34:37z: AP_STAR tmr
 ets Jan  8 2013,rst cause:4, boot mode:(3,7)

wdt reset
load 0x4010f000, len 1384, room 16 
tail 8
chksum 0x2d
csum 0x2d
v8b899c12
~ld


6.01
 0h00:04.667 2022/04/16T04:54:39z: DS3231
 0h00:04.682 2022/04/16T04:54:39z: BME280 (0x76)
 0h00:04.697 2022/04/16T04:54:39z: 84:f3:eb:7d:7:a8
 0h00:04.698 2022/04/16T04:54:39z: SSID: MU Open
 0h00:04.703 2022/04/16T04:54:39z: AP_STAR tmr
 ets Jan  8 2013,rst cause:4, boot mode:(3,7)

wdt reset
load 0x4010f000, len 1384, room 16 
tail 8
chksum 0x2d
csum 0x2d
v8b899c12
~ld


6.01
 0h00:04.768 2022/04/16T05:14:41z: DS3231
 0h00:04.784 2022/04/16T05:14:41z: BME280 (0x76)
 0h00:04.798 2022/04/16T05:14:41z: 84:f3:eb:7d:7:a8
 0h00:04.800 2022/04/16T05:14:41z: SSID: MU Open
 0h00:04.805 2022/04/16T05:14:41z: AP_STAR tmr
 ets Jan  8 2013,rst cause:4, boot mode:(3,7)

wdt reset
load 0x4010f000, len 1384, room 16 
tail 8
chksum 0x2d
csum 0x2d
v8b899c12
~ld


6.01
 0h00:04.946 2022/04/16T05:34:44z: DS3231
 0h00:04.961 2022/04/16T05:34:44z: BME280 (0x76)
 0h00:04.975 2022/04/16T05:34:44z: 84:f3:eb:7d:7:a8
 0h00:04.977 2022/04/16T05:34:44z: SSID: MU Open
 0h00:04.982 2022/04/16T05:34:44z: AP_STAR tmr
 ets Jan  8 2013,rst cause:4, boot mode:(3,7)

wdt reset
load 0x4010f000, len 1384, room 16 
tail 8
chksum 0x2d
csum 0x2d
v8b899c12
~ld


6.01
 0h00:04.771 2022/04/16T05:54:46z: DS3231
 0h00:04.786 2022/04/16T05:54:46z: BME280 (0x76)
 0h00:04.800 2022/04/16T05:54:46z: 84:f3:eb:7d:7:a8
 0h00:04.802 2022/04/16T05:54:46z: SSID: MU Open
 0h00:04.807 2022/04/16T05:54:46z: AP_STAR tmr
 ets Jan  8 2013,rst cause:4, boot mode:(3,7)

wdt reset
load 0x4010f000, len 1384, room 16 
tail 8
chksum 0x2d
csum 0x2d
v8b899c12
~ld


6.01
 0h00:04.942 2022/04/16T06:14:48z: DS3231
 0h00:04.957 2022/04/16T06:14:48z: BME280 (0x76)
 0h00:04.971 2022/04/16T06:14:49z: 84:f3:eb:7d:7:a8
 0h00:04.973 2022/04/16T06:14:49z: SSID: MU Open
 0h00:04.978 2022/04/16T06:14:49z: AP_STAR tmr
 ets Jan  8 2013,rst cause:4, boot mode:(3,7)

wdt reset
load 0x4010f000, len 1384, room 16 
tail 8
chksum 0x2d
csum 0x2d
v8b899c12
~ld


6.01
 0h00:04.889 2022/04/16T06:34:50z: DS3231
 0h00:04.904 2022/04/16T06:34:50z: BME280 (0x76)
 0h00:04.918 2022/04/16T06:34:50z: 84:f3:eb:7d:7:a8
 0h00:04.920 2022/04/16T06:34:50z: SSID: MU Open
 0h00:04.925 2022/04/16T06:34:50z: AP_STAR tmr
 ets Jan  8 2013,rst cause:4, boot mode:(3,7)

wdt reset
load 0x4010f000, len 1384, room 16 
tail 8
chksum 0x2d
csum 0x2d
v8b899c12
~ld


6.01
 0h00:04.691 2022/04/16T06:54:52z: DS3231
 0h00:04.706 2022/04/16T06:54:52z: BME280 (0x76)
 0h00:04.720 2022/04/16T06:54:52z: 84:f3:eb:7d:7:a8
 0h00:04.722 2022/04/16T06:54:52z: SSID: MU Open
 0h00:04.727 2022/04/16T06:54:52z: AP_STAR tmr
 ets Jan  8 2013,rst cause:4, boot mode:(3,7)

wdt reset
load 0x4010f000, len 1384, room 16 
tail 8
chksum 0x2d
csum 0x2d
v8b899c12
~ld


6.01
 0h00:04.722 2022/04/16T07:14:54z: DS3231
 0h00:04.737 2022/04/16T07:14:54z: BME280 (0x76)
 0h00:04.751 2022/04/16T07:14:54z: 84:f3:eb:7d:7:a8
 0h00:04.753 2022/04/16T07:14:54z: SSID: MU Open
 0h00:04.758 2022/04/16T07:14:54z: AP_STAR tmr
 ets Jan  8 2013,rst cause:4, boot mode:(3,7)

wdt reset
load 0x4010f000, len 1384, room 16 
tail 8
chksum 0x2d
csum 0x2d
v8b899c12
~ld


6.01
 0h00:04.751 2022/04/16T07:34:56z: DS3231
 0h00:04.766 2022/04/16T07:34:56z: BME280 (0x76)
 0h00:04.780 2022/04/16T07:34:56z: 84:f3:eb:7d:7:a8
 0h00:04.782 2022/04/16T07:34:56z: SSID: MU Open
 0h00:04.787 2022/04/16T07:34:56z: AP_STAR tmr
 ets Jan  8 2013,rst cause:4, boot mode:(3,7)

wdt reset
load 0x4010f000, len 1384, room 16 
tail 8
chksum 0x2d
csum 0x2d
v8b899c12
~ld


6.01
 0h00:05.015 2022/04/16T07:54:59z: DS3231
 0h00:05.031 2022/04/16T07:54:59z: BME280 (0x76)
 0h00:05.045 2022/04/16T07:54:59z: 84:f3:eb:7d:7:a8
 0h00:05.047 2022/04/16T07:54:59z: SSID: MU Open
 0h00:05.052 2022/04/16T07:54:59z: AP_STAR tmr
 ets Jan  8 2013,rst cause:4, boot mode:(3,7)

wdt reset
load 0x4010f000, len 1384, room 16 
tail 8
chksum 0x2d
csum 0x2d
v8b899c12
~ld


6.01
 0h00:05.179 2022/04/16T08:15:02z: DS3231
 0h00:05.194 2022/04/16T08:15:02z: BME280 (0x76)
 0h00:05.208 2022/04/16T08:15:02z: 84:f3:eb:7d:7:a8
 0h00:05.210 2022/04/16T08:15:02z: SSID: MU Open
 0h00:05.215 2022/04/16T08:15:02z: AP_STAR tmr
 ets Jan  8 2013,rst cause:4, boot mode:(3,7)

wdt reset
load 0x4010f000, len 1384, room 16 
tail 8
chksum 0x2d
csum 0x2d
v8b899c12
~ld


6.01
 0h00:05.074 2022/04/16T08:35:05z: DS3231
 0h00:05.089 2022/04/16T08:35:05z: BME280 (0x76)
 0h00:05.104 2022/04/16T08:35:05z: 84:f3:eb:7d:7:a8
 0h00:05.105 2022/04/16T08:35:05z: SSID: MU Open
 0h00:05.110 2022/04/16T08:35:05z: AP_STAR tmr
 ets Jan  8 2013,rst cause:4, boot mode:(3,7)

wdt reset
load 0x4010f000, len 1384, room 16 
tail 8
chksum 0x2d
csum 0x2d
v8b899c12
~ld


6.01
 0h00:05.089 2022/04/16T08:55:07z: DS3231
 0h00:05.104 2022/04/16T08:55:07z: BME280 (0x76)
 0h00:05.119 2022/04/16T08:55:07z: 84:f3:eb:7d:7:a8
 0h00:05.120 2022/04/16T08:55:07z: SSID: MU Open
 0h00:05.125 2022/04/16T08:55:07z: AP_STAR tmr
 ets Jan  8 2013,rst cause:4, boot mode:(3,7)

wdt reset
load 0x4010f000, len 1384, room 16 
tail 8
chksum 0x2d
csum 0x2d
v8b899c12
~ld


6.01
 0h00:05.083 2022/04/16T09:15:10z: DS3231
 0h00:05.098 2022/04/16T09:15:10z: BME280 (0x76)
 0h00:05.112 2022/04/16T09:15:10z: 84:f3:eb:7d:7:a8
 0h00:05.114 2022/04/16T09:15:10z: SSID: MU Open
 0h00:05.119 2022/04/16T09:15:10z: AP_STAR tmr
 ets Jan  8 2013,rst cause:4, boot mode:(3,7)

wdt reset
load 0x4010f000, len 1384, room 16 
tail 8
chksum 0x2d
csum 0x2d
v8b899c12
~ld


6.01
 0h00:05.057 2022/04/16T09:35:13z: DS3231
 0h00:05.073 2022/04/16T09:35:13z: BME280 (0x76)
 0h00:05.087 2022/04/16T09:35:13z: 84:f3:eb:7d:7:a8
 0h00:05.088 2022/04/16T09:35:13z: SSID: MU Open
 0h00:05.094 2022/04/16T09:35:13z: AP_STAR tmr
 ets Jan  8 2013,rst cause:4, boot mode:(3,7)

wdt reset
load 0x4010f000, len 1384, room 16 
tail 8
chksum 0x2d
csum 0x2d
v8b899c12
~ld


6.01
 0h00:04.918 2022/04/16T09:55:14z: DS3231
 0h00:04.934 2022/04/16T09:55:14z: BME280 (0x76)
 0h00:04.948 2022/04/16T09:55:14z: 84:f3:eb:7d:7:a8
 0h00:04.949 2022/04/16T09:55:14z: SSID: MU Open
 0h00:04.955 2022/04/16T09:55:14z: AP_STAR tmr
 ets Jan  8 2013,rst cause:4, boot mode:(3,7)

wdt reset
load 0x4010f000, len 1384, room 16 
tail 8
chksum 0x2d
csum 0x2d
v8b899c12
~ld


6.01
 0h00:04.986 2022/04/16T10:15:17z: DS3231
 0h00:05.002 2022/04/16T10:15:17z: BME280 (0x76)
 0h00:05.016 2022/04/16T10:15:17z: 84:f3:eb:7d:7:a8
 0h00:05.017 2022/04/16T10:15:17z: SSID: MU Open
 0h00:05.023 2022/04/16T10:15:17z: AP_STAR tmr
 ets Jan  8 2013,rst cause:4, boot mode:(3,7)

wdt reset
load 0x4010f000, len 1384, room 16 
tail 8
chksum 0x2d
csum 0x2d
v8b899c12
~ld


6.01
 0h00:05.086 2022/04/16T10:35:20z: DS3231
 0h00:05.102 2022/04/16T10:35:20z: BME280 (0x76)
 0h00:05.116 2022/04/16T10:35:20z: 84:f3:eb:7d:7:a8
 0h00:05.117 2022/04/16T10:35:20z: SSID: MU Open
 0h00:05.123 2022/04/16T10:35:20z: AP_STAR tmr
 ets Jan  8 2013,rst cause:4, boot mode:(3,7)

wdt reset
load 0x4010f000, len 1384, room 16 
tail 8
chksum 0x2d
csum 0x2d
v8b899c12
~ld


6.01
 0h00:05.029 2022/04/16T10:55:23z: DS3231
 0h00:05.044 2022/04/16T10:55:23z: BME280 (0x76)
 0h00:05.058 2022/04/16T10:55:23z: 84:f3:eb:7d:7:a8
 0h00:05.060 2022/04/16T10:55:23z: SSID: MU Open
 0h00:05.065 2022/04/16T10:55:23z: AP_STAR tmr
 ets Jan  8 2013,rst cause:4, boot mode:(3,7)

wdt reset
load 0x4010f000, len 1384, room 16 
tail 8
chksum 0x2d
csum 0x2d
v8b899c12
~ld


6.01
 0h00:04.770 2022/04/16T11:15:26z: DS3231
 0h00:04.785 2022/04/16T11:15:26z: BME280 (0x76)
 0h00:04.799 2022/04/16T11:15:26z: 84:f3:eb:7d:7:a8
 0h00:04.801 2022/04/16T11:15:26z: SSID: MU Open
 0h00:04.806 2022/04/16T11:15:26z: AP_STAR tmr
 ets Jan  8 2013,rst cause:4, boot mode:(3,7)

wdt reset
load 0x4010f000, len 1384, room 16 
tail 8
chksum 0x2d
csum 0x2d
v8b899c12
~ld


6.01
 0h00:05.045 2022/04/16T11:35:29z: DS3231
 0h00:05.061 2022/04/16T11:35:29z: BME280 (0x76)
 0h00:05.075 2022/04/16T11:35:29z: 84:f3:eb:7d:7:a8
 0h00:05.077 2022/04/16T11:35:29z: SSID: MU Open
 0h00:05.082 2022/04/16T11:35:29z: AP_STAR tmr
 ets Jan  8 2013,rst cause:4, boot mode:(3,7)

wdt reset
load 0x4010f000, len 1384, room 16 
tail 8
chksum 0x2d
csum 0x2d
v8b899c12
~ld


6.01
 0h00:05.066 2022/04/16T11:55:31z: DS3231
 0h00:05.081 2022/04/16T11:55:31z: BME280 (0x76)
 0h00:05.096 2022/04/16T11:55:31z: 84:f3:eb:7d:7:a8
 0h00:05.097 2022/04/16T11:55:31z: SSID: MU Open
 0h00:05.102 2022/04/16T11:55:31z: AP_STAR tmr
 ets Jan  8 2013,rst cause:4, boot mode:(3,7)

wdt reset
load 0x4010f000, len 1384, room 16 
tail 8
chksum 0x2d
csum 0x2d
v8b899c12
~ld


6.01
 0h00:04.786 2022/04/16T12:15:33z: DS3231
 0h00:04.801 2022/04/16T12:15:33z: BME280 (0x76)
 0h00:04.815 2022/04/16T12:15:33z: 84:f3:eb:7d:7:a8
 0h00:04.817 2022/04/16T12:15:33z: SSID: MU Open
 0h00:04.822 2022/04/16T12:15:33z: AP_STAR tmr
 ets Jan  8 2013,rst cause:4, boot mode:(3,7)

wdt reset
load 0x4010f000, len 1384, room 16 
tail 8
chksum 0x2d
csum 0x2d
v8b899c12
~ld


6.01
 0h00:05.099 2022/04/16T12:35:36z: DS3231
 0h00:05.114 2022/04/16T12:35:36z: BME280 (0x76)
 0h00:05.128 2022/04/16T12:35:36z: 84:f3:eb:7d:7:a8
 0h00:05.130 2022/04/16T12:35:36z: SSID: MU Open
 0h00:05.135 2022/04/16T12:35:36z: AP_STAR tmr
 ets Jan  8 2013,rst cause:4, boot mode:(3,7)

wdt reset
load 0x4010f000, len 1384, room 16 
tail 8
chksum 0x2d
csum 0x2d
v8b899c12
~ld


6.01
 0h00:05.120 2022/04/16T12:55:39z: DS3231
 0h00:05.135 2022/04/16T12:55:39z: BME280 (0x76)
 0h00:05.149 2022/04/16T12:55:39z: 84:f3:eb:7d:7:a8
 0h00:05.151 2022/04/16T12:55:39z: SSID: MU Open
 0h00:05.156 2022/04/16T12:55:39z: AP_STAR tmr
 ets Jan  8 2013,rst cause:4, boot mode:(3,7)

wdt reset
load 0x4010f000, len 1384, room 16 
tail 8
chksum 0x2d
csum 0x2d
v8b899c12
~ld


6.01
 0h00:04.605 2022/04/16T13:15:41z: DS3231
 0h00:04.620 2022/04/16T13:15:41z: BME280 (0x76)
 0h00:04.634 2022/04/16T13:15:41z: 84:f3:eb:7d:7:a8
 0h00:04.636 2022/04/16T13:15:41z: SSID: MU Open
 0h00:04.641 2022/04/16T13:15:41z: AP_STAR tmr
 ets Jan  8 2013,rst cause:4, boot mode:(3,7)

wdt reset
load 0x4010f000, len 1384, room 16 
tail 8
chksum 0x2d
csum 0x2d
v8b899c12
~ld


6.01
 0h00:04.727 2022/04/16T13:35:44z: DS3231
 0h00:04.742 2022/04/16T13:35:44z: BME280 (0x76)
 0h00:04.756 2022/04/16T13:35:44z: 84:f3:eb:7d:7:a8
 0h00:04.758 2022/04/16T13:35:44z: SSID: MU Open
 0h00:04.763 2022/04/16T13:35:44z: AP_STAR tmr
 ets Jan  8 2013,rst cause:4, boot mode:(3,7)

wdt reset
load 0x4010f000, len 1384, room 16 
tail 8
chksum 0x2d
csum 0x2d
v8b899c12
~ld


6.01
 0h00:05.106 2022/04/16T13:55:47z: DS3231
 0h00:05.121 2022/04/16T13:55:47z: BME280 (0x76)
 0h00:05.135 2022/04/16T13:55:47z: 84:f3:eb:7d:7:a8
 0h00:05.137 2022/04/16T13:55:47z: SSID: MU Open
 0h00:05.142 2022/04/16T13:55:47z: AP_STAR tmr
 ets Jan  8 2013,rst cause:4, boot mode:(3,7)

wdt reset
load 0x4010f000, len 1384, room 16 
tail 8
chksum 0x2d
csum 0x2d
v8b899c12
~ld


6.01
 0h00:04.786 2022/04/16T14:15:49z: DS3231
 0h00:04.801 2022/04/16T14:15:49z: BME280 (0x76)
 0h00:04.815 2022/04/16T14:15:49z: 84:f3:eb:7d:7:a8
 0h00:04.817 2022/04/16T14:15:49z: SSID: MU Open
 0h00:04.822 2022/04/16T14:15:49z: AP_STAR tmr
 ets Jan  8 2013,rst cause:4, boot mode:(3,7)

wdt reset
load 0x4010f000, len 1384, room 16 
tail 8
chksum 0x2d
csum 0x2d
v8b899c12
~ld


6.01
 0h00:04.745 2022/04/16T14:35:50z: DS3231
 0h00:04.760 2022/04/16T14:35:50z: BME280 (0x76)
 0h00:04.775 2022/04/16T14:35:50z: 84:f3:eb:7d:7:a8
 0h00:04.776 2022/04/16T14:35:50z: SSID: MU Open
 0h00:04.781 2022/04/16T14:35:50z: AP_STAR tmr
 ets Jan  8 2013,rst cause:4, boot mode:(3,7)

wdt reset
load 0x4010f000, len 1384, room 16 
tail 8
chksum 0x2d
csum 0x2d
v8b899c12
~ld


6.01
 0h00:04.693 2022/04/16T14:55:53z: DS3231
 0h00:04.709 2022/04/16T14:55:53z: BME280 (0x76)
 0h00:04.723 2022/04/16T14:55:53z: 84:f3:eb:7d:7:a8
 0h00:04.725 2022/04/16T14:55:53z: SSID: MU Open
 0h00:04.730 2022/04/16T14:55:53z: AP_STAR tmr
 ets Jan  8 2013,rst cause:4, boot mode:(3,7)

wdt reset
load 0x4010f000, len 1384, room 16 
tail 8
chksum 0x2d
csum 0x2d
v8b899c12
~ld


6.01
 0h00:04.919 2022/04/16T15:15:55z: DS3231
 0h00:04.934 2022/04/16T15:15:55z: BME280 (0x76)
 0h00:04.948 2022/04/16T15:15:55z: 84:f3:eb:7d:7:a8
 0h00:04.950 2022/04/16T15:15:55z: SSID: MU Open
 0h00:04.955 2022/04/16T15:15:55z: AP_STAR tmr
 ets Jan  8 2013,rst cause:4, boot mode:(3,7)

wdt reset
load 0x4010f000, len 1384, room 16 
tail 8
chksum 0x2d
csum 0x2d
v8b899c12
~ld


6.01
 0h00:04.890 2022/04/16T15:35:57z: DS3231
 0h00:04.905 2022/04/16T15:35:57z: BME280 (0x76)
 0h00:04.920 2022/04/16T15:35:57z: 84:f3:eb:7d:7:a8
 0h00:04.921 2022/04/16T15:35:57z: SSID: MU Open
 0h00:04.926 2022/04/16T15:35:57z: AP_STAR tmr
 ets Jan  8 2013,rst cause:4, boot mode:(3,7)

wdt reset
load 0x4010f000, len 1384, room 16 
tail 8
chksum 0x2d
csum 0x2d
v8b899c12
~ld


6.01
 0h00:04.856 2022/04/16T15:55:59z: DS3231
 0h00:04.871 2022/04/16T15:55:59z: BME280 (0x76)
 0h00:04.885 2022/04/16T15:55:59z: 84:f3:eb:7d:7:a8
 0h00:04.887 2022/04/16T15:55:59z: SSID: MU Open
 0h00:04.892 2022/04/16T15:55:59z: AP_STAR tmr
 ets Jan  8 2013,rst cause:4, boot mode:(3,7)

wdt reset
load 0x4010f000, len 1384, room 16 
tail 8
chksum 0x2d
csum 0x2d
v8b899c12
~ld


6.01
 0h00:04.649 2022/04/16T16:16:02z: DS3231
 0h00:04.664 2022/04/16T16:16:02z: BME280 (0x76)
 0h00:04.679 2022/04/16T16:16:02z: 84:f3:eb:7d:7:a8
 0h00:04.680 2022/04/16T16:16:02z: SSID: MU Open
 0h00:04.685 2022/04/16T16:16:02z: AP_STAR tmr
 ets Jan  8 2013,rst cause:4, boot mode:(3,7)

wdt reset
load 0x4010f000, len 1384, room 16 
tail 8
chksum 0x2d
csum 0x2d
v8b899c12
~ld


6.01
 0h00:04.565 2022/04/16T16:36:03z: DS3231
 0h00:04.581 2022/04/16T16:36:03z: BME280 (0x76)
 0h00:04.595 2022/04/16T16:36:03z: 84:f3:eb:7d:7:a8
 0h00:04.597 2022/04/16T16:36:03z: SSID: MU Open
 0h00:04.602 2022/04/16T16:36:03z: AP_STAR tmr
 ets Jan  8 2013,rst cause:4, boot mode:(3,7)

wdt reset
load 0x4010f000, len 1384, room 16 
tail 8
chksum 0x2d
csum 0x2d
v8b899c12
~ld


6.01
 0h00:04.818 2022/04/16T16:56:05z: DS3231
 0h00:04.834 2022/04/16T16:56:05z: BME280 (0x76)
 0h00:04.848 2022/04/16T16:56:05z: 84:f3:eb:7d:7:a8
 0h00:04.849 2022/04/16T16:56:05z: SSID: MU Open
 0h00:04.855 2022/04/16T16:56:05z: AP_STAR tmr
 ets Jan  8 2013,rst cause:4, boot mode:(3,7)

wdt reset
load 0x4010f000, len 1384, room 16 
tail 8
chksum 0x2d
csum 0x2d
v8b899c12
~ld


6.01
 0h00:04.793 2022/04/16T17:16:08z: DS3231
 0h00:04.809 2022/04/16T17:16:08z: BME280 (0x76)
 0h00:04.823 2022/04/16T17:16:08z: 84:f3:eb:7d:7:a8
 0h00:04.825 2022/04/16T17:16:08z: SSID: MU Open
 0h00:04.830 2022/04/16T17:16:08z: AP_STAR tmr
 ets Jan  8 2013,rst cause:4, boot mode:(3,7)

wdt reset
load 0x4010f000, len 1384, room 16 
tail 8
chksum 0x2d
csum 0x2d
v8b899c12
~ld


6.01
 0h00:04.534 2022/04/16T17:36:10z: DS3231
 0h00:04.550 2022/04/16T17:36:10z: BME280 (0x76)
 0h00:04.564 2022/04/16T17:36:10z: 84:f3:eb:7d:7:a8
 0h00:04.565 2022/04/16T17:36:10z: SSID: MU Open
 0h00:04.571 2022/04/16T17:36:10z: AP_STAR tmr
 ets Jan  8 2013,rst cause:4, boot mode:(3,7)

wdt reset
load 0x4010f000, len 1384, room 16 
tail 8
chksum 0x2d
csum 0x2d
v8b899c12
~ld


6.01
 0h00:04.283 2022/04/16T17:56:12z: DS3231
 0h00:04.299 2022/04/16T17:56:12z: BME280 (0x76)
 0h00:04.313 2022/04/16T17:56:12z: 84:f3:eb:7d:7:a8
 0h00:04.314 2022/04/16T17:56:12z: SSID: MU Open
 0h00:04.320 2022/04/16T17:56:12z: AP_STAR tmr
 ets Jan  8 2013,rst cause:4, boot mode:(3,7)

wdt reset
load 0x4010f000, len 1384, room 16 
tail 8
chksum 0x2d
csum 0x2d
v8b899c12
~ld


6.01
 0h00:04.472 2022/04/16T18:16:13z: DS3231
 0h00:04.487 2022/04/16T18:16:13z: BME280 (0x76)
 0h00:04.502 2022/04/16T18:16:13z: 84:f3:eb:7d:7:a8
 0h00:04.503 2022/04/16T18:16:13z: SSID: MU Open
 0h00:04.508 2022/04/16T18:16:13z: AP_STAR tmr
 ets Jan  8 2013,rst cause:4, boot mode:(3,7)

wdt reset
load 0x4010f000, len 1384, room 16 
tail 8
chksum 0x2d
csum 0x2d
v8b899c12
~ld


6.01
 0h00:04.695 2022/04/16T18:36:16z: DS3231
 0h00:04.711 2022/04/16T18:36:16z: BME280 (0x76)
 0h00:04.725 2022/04/16T18:36:16z: 84:f3:eb:7d:7:a8
 0h00:04.727 2022/04/16T18:36:16z: SSID: MU Open
 0h00:04.732 2022/04/16T18:36:16z: AP_STAR tmr
 ets Jan  8 2013,rst cause:4, boot mode:(3,7)

wdt reset
load 0x4010f000, len 1384, room 16 
tail 8
chksum 0x2d
csum 0x2d
v8b899c12
~ld


6.01
 0h00:04.479 2022/04/16T18:56:17z: DS3231
 0h00:04.494 2022/04/16T18:56:17z: BME280 (0x76)
 0h00:04.508 2022/04/16T18:56:17z: 84:f3:eb:7d:7:a8
 0h00:04.510 2022/04/16T18:56:17z: SSID: MU Open
 0h00:04.515 2022/04/16T18:56:17z: AP_STAR tmr
 ets Jan  8 2013,rst cause:4, boot mode:(3,7)

wdt reset
load 0x4010f000, len 1384, room 16 
tail 8
chksum 0x2d
csum 0x2d
v8b899c12
~ld


6.01
 0h00:04.235 2022/04/16T19:16:18z: DS3231
 0h00:04.251 2022/04/16T19:16:18z: BME280 (0x76)
 0h00:04.265 2022/04/16T19:16:18z: 84:f3:eb:7d:7:a8
 0h00:04.266 2022/04/16T19:16:18z: SSID: MU Open
 0h00:04.272 2022/04/16T19:16:18z: AP_STAR tmr
 ets Jan  8 2013,rst cause:4, boot mode:(3,7)

wdt reset
load 0x4010f000, len 1384, room 16 
tail 8
chksum 0x2d
csum 0x2d
v8b899c12
~ld


6.01
 0h00:04.575 2022/04/16T19:36:20z: DS3231
 0h00:04.590 2022/04/16T19:36:20z: BME280 (0x76)
 0h00:04.604 2022/04/16T19:36:20z: 84:f3:eb:7d:7:a8
 0h00:04.606 2022/04/16T19:36:20z: SSID: MU Open
 0h00:04.611 2022/04/16T19:36:20z: AP_STAR tmr
 ets Jan  8 2013,rst cause:4, boot mode:(3,7)

wdt reset
load 0x4010f000, len 1384, room 16 
tail 8
chksum 0x2d
csum 0x2d
v8b899c12
~ld


6.01
 0h00:04.586 2022/04/16T19:56:22z: DS3231
 0h00:04.601 2022/04/16T19:56:22z: BME280 (0x76)
 0h00:04.615 2022/04/16T19:56:22z: 84:f3:eb:7d:7:a8
 0h00:04.617 2022/04/16T19:56:22z: SSID: MU Open
 0h00:04.622 2022/04/16T19:56:22z: AP_STAR tmr
 ets Jan  8 2013,rst cause:4, boot mode:(3,7)

wdt reset
load 0x4010f000, len 1384, room 16 
tail 8
chksum 0x2d
csum 0x2d
v8b899c12
~ld


6.01
 0h00:04.680 2022/04/16T20:16:25z: DS3231
 0h00:04.696 2022/04/16T20:16:25z: BME280 (0x76)
 0h00:04.710 2022/04/16T20:16:25z: 84:f3:eb:7d:7:a8
 0h00:04.712 2022/04/16T20:16:25z: SSID: MU Open
 0h00:04.717 2022/04/16T20:16:25z: AP_STAR tmr
 ets Jan  8 2013,rst cause:4, boot mode:(3,7)

wdt reset
load 0x4010f000, len 1384, room 16 
tail 8
chksum 0x2d
csum 0x2d
v8b899c12
~ld


6.01
 0h00:04.708 2022/04/16T20:36:27z: DS3231
 0h00:04.724 2022/04/16T20:36:27z: BME280 (0x76)
 0h00:04.738 2022/04/16T20:36:27z: 84:f3:eb:7d:7:a8
 0h00:04.739 2022/04/16T20:36:27z: SSID: MU Open
 0h00:04.745 2022/04/16T20:36:27z: AP_STAR tmr
 ets Jan  8 2013,rst cause:4, boot mode:(3,7)

wdt reset
load 0x4010f000, len 1384, room 16 
tail 8
chksum 0x2d
csum 0x2d
v8b899c12
~ld


6.01
 0h00:04.705 2022/04/16T20:56:29z: DS3231
 0h00:04.720 2022/04/16T20:56:29z: BME280 (0x76)
 0h00:04.734 2022/04/16T20:56:29z: 84:f3:eb:7d:7:a8
 0h00:04.736 2022/04/16T20:56:29z: SSID: MU Open
 0h00:04.741 2022/04/16T20:56:29z: AP_STAR tmr
 ets Jan  8 2013,rst cause:4, boot mode:(3,7)

wdt reset
load 0x4010f000, len 1384, room 16 
tail 8
chksum 0x2d
csum 0x2d
v8b899c12
~ld


6.01
 0h00:04.520 2022/04/16T21:16:31z: DS3231
 0h00:04.535 2022/04/16T21:16:31z: BME280 (0x76)
 0h00:04.549 2022/04/16T21:16:31z: 84:f3:eb:7d:7:a8
 0h00:04.551 2022/04/16T21:16:31z: SSID: MU Open
 0h00:04.556 2022/04/16T21:16:31z: AP_STAR tmr
 ets Jan  8 2013,rst cause:4, boot mode:(3,7)

wdt reset
load 0x4010f000, len 1384, room 16 
tail 8
chksum 0x2d
csum 0x2d
v8b899c12
~ld


6.01
 0h00:04.766 2022/04/16T21:36:32z: DS3231
 0h00:04.781 2022/04/16T21:36:32z: BME280 (0x76)
 0h00:04.795 2022/04/16T21:36:32z: 84:f3:eb:7d:7:a8
 0h00:04.797 2022/04/16T21:36:32z: SSID: MU Open
 0h00:04.802 2022/04/16T21:36:32z: AP_STAR tmr
 ets Jan  8 2013,rst cause:4, boot mode:(3,7)

wdt reset
load 0x4010f000, len 1384, room 16 
tail 8
chksum 0x2d
csum 0x2d
v8b899c12
~ld


6.01
 0h00:04.572 2022/04/16T21:56:34z: DS3231
 0h00:04.587 2022/04/16T21:56:34z: BME280 (0x76)
 0h00:04.601 2022/04/16T21:56:34z: 84:f3:eb:7d:7:a8
 0h00:04.603 2022/04/16T21:56:34z: SSID: MU Open
 0h00:04.608 2022/04/16T21:56:34z: AP_STAR tmr
 ets Jan  8 2013,rst cause:4, boot mode:(3,7)

wdt reset
load 0x4010f000, len 1384, room 16 
tail 8
chksum 0x2d
csum 0x2d
v8b899c12
~ld


6.01
 0h00:04.784 2022/04/16T22:16:36z: DS3231
 0h00:04.800 2022/04/16T22:16:36z: BME280 (0x76)
 0h00:04.814 2022/04/16T22:16:36z: 84:f3:eb:7d:7:a8
 0h00:04.816 2022/04/16T22:16:36z: SSID: MU Open
 0h00:04.821 2022/04/16T22:16:36z: AP_STAR tmr
 ets Jan  8 2013,rst cause:4, boot mode:(3,7)

wdt reset
load 0x4010f000, len 1384, room 16 
tail 8
chksum 0x2d
csum 0x2d
v8b899c12
~ld


6.01
 0h00:04.577 2022/04/16T22:36:38z: DS3231
 0h00:04.592 2022/04/16T22:36:38z: BME280 (0x76)
 0h00:04.606 2022/04/16T22:36:38z: 84:f3:eb:7d:7:a8
 0h00:04.608 2022/04/16T22:36:38z: SSID: MU Open
 0h00:04.613 2022/04/16T22:36:38z: AP_STAR tmr
 ets Jan  8 2013,rst cause:4, boot mode:(3,7)

wdt reset
load 0x4010f000, len 1384, room 16 
tail 8
chksum 0x2d
csum 0x2d
v8b899c12
~ld


6.01
 0h00:04.833 2022/04/16T22:56:40z: DS3231
 0h00:04.848 2022/04/16T22:56:40z: BME280 (0x76)
 0h00:04.862 2022/04/16T22:56:40z: 84:f3:eb:7d:7:a8
 0h00:04.864 2022/04/16T22:56:40z: SSID: MU Open
 0h00:04.869 2022/04/16T22:56:40z: AP_STAR tmr
 ets Jan  8 2013,rst cause:4, boot mode:(3,7)

wdt reset
load 0x4010f000, len 1384, room 16 
tail 8
chksum 0x2d
csum 0x2d
v8b899c12
~ld


6.01
 0h00:04.742 2022/04/16T23:16:42z: DS3231
 0h00:04.757 2022/04/16T23:16:42z: BME280 (0x76)
 0h00:04.771 2022/04/16T23:16:42z: 84:f3:eb:7d:7:a8
 0h00:04.773 2022/04/16T23:16:42z: SSID: MU Open
 0h00:04.778 2022/04/16T23:16:42z: AP_STAR tmr
 ets Jan  8 2013,rst cause:4, boot mode:(3,7)

wdt reset
load 0x4010f000, len 1384, room 16 
tail 8
chksum 0x2d
csum 0x2d
v8b899c12
~ld


6.01
 0h00:04.733 2022/04/16T23:36:44z: DS3231
 0h00:04.749 2022/04/16T23:36:44z: BME280 (0x76)
 0h00:04.763 2022/04/16T23:36:44z: 84:f3:eb:7d:7:a8
 0h00:04.765 2022/04/16T23:36:44z: SSID: MU Open
 0h00:04.770 2022/04/16T23:36:44z: AP_STAR tmr
 ets Jan  8 2013,rst cause:4, boot mode:(3,7)

wdt reset
load 0x4010f000, len 1384, room 16 
tail 8
chksum 0x2d
csum 0x2d
v8b899c12
~ld


6.01
 0h00:04.707 2022/04/16T23:56:46z: DS3231
 0h00:04.722 2022/04/16T23:56:46z: BME280 (0x76)
 0h00:04.736 2022/04/16T23:56:46z: 84:f3:eb:7d:7:a8
 0h00:04.738 2022/04/16T23:56:46z: SSID: MU Open
 0h00:04.743 2022/04/16T23:56:46z: AP_STA