R tmr
 ets Jan  8 2013,rst cause:4, boot mode:(3,7)

wdt reset
load 0x4010f000, len 1384, room 16 
tail 8
chksum 0x2d
csum 0x2d
v8b899c12
~ld


6.01
 0h00:04.565 2022/05/06T00:01:11z: DS3231
 0h00:04.580 2022/05/06T00:01:11z: BME280 (0x76)
 0h00:04.594 2022/05/06T00:01:11z: 84:f3:eb:7d:7:a8
 0h00:04.596 2022/05/06T00:01:11z: SSID: MU Open
 0h00:04.601 2022/05/06T00:01:11z: AP_STAR tmr
 ets Jan  8 2013,rst cause:4, boot mode:(3,7)

wdt reset
load 0x4010f000, len 1384, room 16 
tail 8
chksum 0x2d
csum 0x2d
v8b899c12
~ld


6.01
 0h00:04.565 2022/05/06T00:21:12z: DS3231
 0h00:04.581 2022/05/06T00:21:12z: BME280 (0x76)
 0h00:04.595 2022/05/06T00:21:12z: 84:f3:eb:7d:7:a8
 0h00:04.597 2022/05/06T00:21:12z: SSID: MU Open
 0h00:04.602 2022/05/06T00:21:12z: AP_STAR tmr
 ets Jan  8 2013,rst cause:4, boot mode:(3,7)

wdt reset
load 0x4010f000, len 1384, room 16 
tail 8
chksum 0x2d
csum 0x2d
v8b899c12
~ld


6.01
 0h00:04.594 2022/05/06T00:41:14z: DS3231
 0h00:04.609 2022/05/06T00:41:14z: BME280 (0x76)
 0h00:04.623 2022/05/06T00:41:14z: 84:f3:eb:7d:7:a8
 0h00:04.625 2022/05/06T00:41:14z: SSID: MU Open
 0h00:04.630 2022/05/06T00:41:14z: AP_STAR tmr
 ets Jan  8 2013,rst cause:4, boot mode:(3,7)

wdt reset
load 0x4010f000, len 1384, room 16 
tail 8
chksum 0x2d
csum 0x2d
v8b899c12
~ld


6.01
 0h00:04.604 2022/05/06T01:01:15z: DS3231
 0h00:04.619 2022/05/06T01:01:15z: BME280 (0x76)
 0h00:04.633 2022/05/06T01:01:15z: 84:f3:eb:7d:7:a8
 0h00:04.635 2022/05/06T01:01:15z: SSID: MU Open
 0h00:04.640 2022/05/06T01:01:15z: AP_STAR tmr
 ets Jan  8 2013,rst cause:4, boot mode:(3,7)

wdt reset
load 0x4010f000, len 1384, room 16 
tail 8
chksum 0x2d
csum 0x2d
v8b899c12
~ld


6.01
 0h00:04.655 2022/05/06T01:21:18z: DS3231
 0h00:04.670 2022/05/06T01:21:18z: BME280 (0x76)
 0h00:04.684 2022/05/06T01:21:18z: 84:f3:eb:7d:7:a8
 0h00:04.686 2022/05/06T01:21:18z: SSID: MU Open
 0h00:04.691 2022/05/06T01:21:18z: AP_STAR tmr
 ets Jan  8 2013,rst cause:4, boot mode:(3,7)

wdt reset
load 0x4010f000, len 1384, room 16 
tail 8
chksum 0x2d
csum 0x2d
v8b899c12
~ld


6.01
 0h00:04.686 2022/05/06T01:41:19z: DS3231
 0h00:04.701 2022/05/06T01:41:19z: BME280 (0x76)
 0h00:04.715 2022/05/06T01:41:19z: 84:f3:eb:7d:7:a8
 0h00:04.717 2022/05/06T01:41:19z: SSID: MU Open
 0h00:04.722 2022/05/06T01:41:19z: AP_STAR tmr
 ets Jan  8 2013,rst cause:4, boot mode:(3,7)

wdt reset
load 0x4010f000, len 1384, room 16 
tail 8
chksum 0x2d
csum 0x2d
v8b899c12
~ld


6.01
 0h00:04.688 2022/05/06T02:01:21z: DS3231
 0h00:04.704 2022/05/06T02:01:21z: BME280 (0x76)
 0h00:04.718 2022/05/06T02:01:21z: 84:f3:eb:7d:7:a8
 0h00:04.719 2022/05/06T02:01:21z: SSID: MU Open
 0h00:04.725 2022/05/06T02:01:21z: AP_STAR tmr
 ets Jan  8 2013,rst cause:4, boot mode:(3,7)

wdt reset
load 0x4010f000, len 1384, room 16 
tail 8
chksum 0x2d
csum 0x2d
v8b899c12
~ld


6.01
 0h00:04.534 2022/05/06T02:21:23z: DS3231
 0h00:04.549 2022/05/06T02:21:23z: BME280 (0x76)
 0h00:04.564 2022/05/06T02:21:23z: 84:f3:eb:7d:7:a8
 0h00:04.565 2022/05/06T02:21:23z: SSID: MU Open
 0h00:04.570 2022/05/06T02:21:23z: AP_STAR tmr
 ets Jan  8 2013,rst cause:4, boot mode:(3,7)

wdt reset
load 0x4010f000, len 1384, room 16 
tail 8
chksum 0x2d
csum 0x2d
v8b899c12
~ld


6.01
 0h00:04.649 2022/05/06T02:41:25z: DS3231
 0h00:04.664 2022/05/06T02:41:25z: BME280 (0x76)
 0h00:04.678 2022/05/06T02:41:25z: 84:f3:eb:7d:7:a8
 0h00:04.680 2022/05/06T02:41:25z: SSID: MU Open
 0h00:04.685 2022/05/06T02:41:25z: AP_STAR tmr
 ets Jan  8 2013,rst cause:4, boot mode:(3,7)

wdt reset
load 0x4010f000, len 1384, room 16 
tail 8
chksum 0x2d
csum 0x2d
v8b899c12
~ld


6.01
 0h00:04.642 2022/05/06T03:01:27z: DS3231
 0h00:04.657 2022/05/06T03:01:27z: BME280 (0x76)
 0h00:04.671 2022/05/06T03:01:27z: 84:f3:eb:7d:7:a8
 0h00:04.673 2022/05/06T03:01:27z: SSID: MU Open
 0h00:04.678 2022/05/06T03:01:27z: AP_STAR tmr
 ets Jan  8 2013,rst cause:4, boot mode:(3,7)

wdt reset
load 0x4010f000, len 1384, room 16 
tail 8
chksum 0x2d
csum 0x2d
v8b899c12
~ld


6.01
 0h00:04.621 2022/05/06T03:21:29z: DS3231
 0h00:04.636 2022/05/06T03:21:29z: BME280 (0x76)
 0h00:04.650 2022/05/06T03:21:29z: 84:f3:eb:7d:7:a8
 0h00:04.652 2022/05/06T03:21:29z: SSID: MU Open
 0h00:04.657 2022/05/06T03:21:29z: AP_STAR tmr
 ets Jan  8 2013,rst cause:4, boot mode:(3,7)

wdt reset
load 0x4010f000, len 1384, room 16 
tail 8
chksum 0x2d
csum 0x2d
v8b899c12
~ld


6.01
 0h00:04.571 2022/05/06T03:41:31z: DS3231
 0h00:04.587 2022/05/06T03:41:31z: BME280 (0x76)
 0h00:04.601 2022/05/06T03:41:31z: 84:f3:eb:7d:7:a8
 0h00:04.603 2022/05/06T03:41:31z: SSID: MU Open
 0h00:04.608 2022/05/06T03:41:31z: AP_STAR tmr
 ets Jan  8 2013,rst cause:4, boot mode:(3,7)

wdt reset
load 0x4010f000, len 1384, room 16 
tail 8
chksum 0x2d
csum 0x2d
v8b899c12
~ld


6.01
 0h00:04.637 2022/05/06T04:01:33z: DS3231
 0h00:04.652 2022/05/06T04:01:33z: BME280 (0x76)
 0h00:04.667 2022/05/06T04:01:33z: 84:f3:eb:7d:7:a8
 0h00:04.668 2022/05/06T04:01:33z: SSID: MU Open
 0h00:04.673 2022/05/06T04:01:33z: AP_STAR tmr
 ets Jan  8 2013,rst cause:4, boot mode:(3,7)

wdt reset
load 0x4010f000, len 1384, room 16 
tail 8
chksum 0x2d
csum 0x2d
v8b899c12
~ld


6.01
 0h00:04.656 2022/05/06T04:21:36z: DS3231
 0h00:04.672 2022/05/06T04:21:36z: BME280 (0x76)
 0h00:04.686 2022/05/06T04:21:36z: 84:f3:eb:7d:7:a8
 0h00:04.688 2022/05/06T04:21:36z: SSID: MU Open
 0h00:04.693 2022/05/06T04:21:36z: AP_STAR tmr
 ets Jan  8 2013,rst cause:4, boot mode:(3,7)

wdt reset
load 0x4010f000, len 1384, room 16 
tail 8
chksum 0x2d
csum 0x2d
v8b899c12
~ld


6.01
 0h00:04.518 2022/05/06T04:41:38z: DS3231
 0h00:04.533 2022/05/06T04:41:38z: BME280 (0x76)
 0h00:04.547 2022/05/06T04:41:38z: 84:f3:eb:7d:7:a8
 0h00:04.549 2022/05/06T04:41:38z: SSID: MU Open
 0h00:04.554 2022/05/06T04:41:38z: AP_STAR tmr
 ets Jan  8 2013,rst cause:4, boot mode:(3,7)

wdt reset
load 0x4010f000, len 1384, room 16 
tail 8
chksum 0x2d
csum 0x2d
v8b899c12
~ld


6.01
 0h00:04.786 2022/05/06T05:01:41z: DS3231
 0h00:04.801 2022/05/06T05:01:41z: BME280 (0x76)
 0h00:04.816 2022/05/06T05:01:41z: 84:f3:eb:7d:7:a8
 0h00:04.817 2022/05/06T05:01:41z: SSID: MU Open
 0h00:04.822 2022/05/06T05:01:41z: AP_STAR tmr
 ets Jan  8 2013,rst cause:4, boot mode:(3,7)

wdt reset
load 0x4010f000, len 1384, room 16 
tail 8
chksum 0x2d
csum 0x2d
v8b899c12
~ld


6.01
 0h00:04.686 2022/05/06T05:21:43z: DS3231
 0h00:04.701 2022/05/06T05:21:43z: BME280 (0x76)
 0h00:04.716 2022/05/06T05:21:43z: 84:f3:eb:7d:7:a8
 0h00:04.717 2022/05/06T05:21:43z: SSID: MU Open
 0h00:04.722 2022/05/06T05:21:43z: AP_STAR tmr
 ets Jan  8 2013,rst cause:4, boot mode:(3,7)

wdt reset
load 0x4010f000, len 1384, room 16 
tail 8
chksum 0x2d
csum 0x2d
v8b899c12
~ld


6.01
 0h00:04.730 2022/05/06T05:41:45z: DS3231
 0h00:04.745 2022/05/06T05:41:45z: BME280 (0x76)
 0h00:04.759 2022/05/06T05:41:45z: 84:f3:eb:7d:7:a8
 0h00:04.761 2022/05/06T05:41:45z: SSID: MU Open
 0h00:04.766 2022/05/06T05:41:45z: AP_STAR tmr
 ets Jan  8 2013,rst cause:4, boot mode:(3,7)

wdt reset
load 0x4010f000, len 1384, room 16 
tail 8
chksum 0x2d
csum 0x2d
v8b899c12
~ld


6.01
 0h00:04.790 2022/05/06T06:01:48z: DS3231
 0h00:04.805 2022/05/06T06:01:48z: BME280 (0x76)
 0h00:04.820 2022/05/06T06:01:48z: 84:f3:eb:7d:7:a8
 0h00:04.821 2022/05/06T06:01:48z: SSID: MU Open
 0h00:04.826 2022/05/06T06:01:48z: AP_STAR tmr
 ets Jan  8 2013,rst cause:4, boot mode:(3,7)

wdt reset
load 0x4010f000, len 1384, room 16 
tail 8
chksum 0x2d
csum 0x2d
v8b899c12
~ld


6.01
 0h00:04.751 2022/05/06T06:21:50z: DS3231
 0h00:04.767 2022/05/06T06:21:50z: BME280 (0x76)
 0h00:04.781 2022/05/06T06:21:50z: 84:f3:eb:7d:7:a8
 0h00:04.782 2022/05/06T06:21:50z: SSID: MU Open
 0h00:04.788 2022/05/06T06:21:50z: AP_STAR tmr
 ets Jan  8 2013,rst cause:4, boot mode:(3,7)

wdt reset
load 0x4010f000, len 1384, room 16 
tail 8
chksum 0x2d
csum 0x2d
v8b899c12
~ld


6.01
 0h00:04.724 2022/05/06T06:41:52z: DS3231
 0h00:04.739 2022/05/06T06:41:52z: BME280 (0x76)
 0h00:04.753 2022/05/06T06:41:52z: 84:f3:eb:7d:7:a8
 0h00:04.755 2022/05/06T06:41:52z: SSID: MU Open
 0h00:04.760 2022/05/06T06:41:52z: AP_STAR tmr
 ets Jan  8 2013,rst cause:4, boot mode:(3,7)

wdt reset
load 0x4010f000, len 1384, room 16 
tail 8
chksum 0x2d
csum 0x2d
v8b899c12
~ld


6.01
 0h00:04.706 2022/05/06T07:01:54z: DS3231
 0h00:04.722 2022/05/06T07:01:54z: BME280 (0x76)
 0h00:04.736 2022/05/06T07:01:54z: 84:f3:eb:7d:7:a8
 0h00:04.738 2022/05/06T07:01:54z: SSID: MU Open
 0h00:04.743 2022/05/06T07:01:54z: AP_STAR tmr
 ets Jan  8 2013,rst cause:4, boot mode:(3,7)

wdt reset
load 0x4010f000, len 1384, room 16 
tail 8
chksum 0x2d
csum 0x2d
v8b899c12
~ld


6.01
 0h00:04.493 2022/05/06T07:21:55z: DS3231
 0h00:04.508 2022/05/06T07:21:55z: BME280 (0x76)
 0h00:04.522 2022/05/06T07:21:55z: 84:f3:eb:7d:7:a8
 0h00:04.524 2022/05/06T07:21:55z: SSID: MU Open
 0h00:04.529 2022/05/06T07:21:55z: AP_STAR tmr
 ets Jan  8 2013,rst cause:4, boot mode:(3,7)

wdt reset
load 0x4010f000, len 1384, room 16 
tail 8
chksum 0x2d
csum 0x2d
v8b899c12
~ld


6.01
 0h00:04.653 2022/05/06T07:41:57z: DS3231
 0h00:04.668 2022/05/06T07:41:57z: BME280 (0x76)
 0h00:04.682 2022/05/06T07:41:57z: 84:f3:eb:7d:7:a8
 0h00:04.684 2022/05/06T07:41:57z: SSID: MU Open
 0h00:04.689 2022/05/06T07:41:57z: AP_STAR tmr
 ets Jan  8 2013,rst cause:4, boot mode:(3,7)

wdt reset
load 0x4010f000, len 1384, room 16 
tail 8
chksum 0x2d
csum 0x2d
v8b899c12
~ld


6.01
 0h00:04.655 2022/05/06T08:02:00z: DS3231
 0h00:04.671 2022/05/06T08:02:00z: BME280 (0x76)
 0h00:04.685 2022/05/06T08:02:00z: 84:f3:eb:7d:7:a8
 0h00:04.687 2022/05/06T08:02:00z: SSID: MU Open
 0h00:04.692 2022/05/06T08:02:00z: AP_STAR tmr
 ets Jan  8 2013,rst cause:4, boot mode:(3,7)

wdt reset
load 0x4010f000, len 1384, room 16 
tail 8
chksum 0x2d
csum 0x2d
v8b899c12
~ld


6.01
 0h00:04.661 2022/05/06T08:22:02z: DS3231
 0h00:04.676 2022/05/06T08:22:02z: BME280 (0x76)
 0h00:04.691 2022/05/06T08:22:02z: 84:f3:eb:7d:7:a8
 0h00:04.692 2022/05/06T08:22:02z: SSID: MU Open
 0h00:04.697 2022/05/06T08:22:02z: AP_STAR tmr
 ets Jan  8 2013,rst cause:4, boot mode:(3,7)

wdt reset
load 0x4010f000, len 1384, room 16 
tail 8
chksum 0x2d
csum 0x2d
v8b899c12
~ld


6.01
 0h00:04.657 2022/05/06T08:42:03z: DS3231
 0h00:04.672 2022/05/06T08:42:03z: BME280 (0x76)
 0h00:04.686 2022/05/06T08:42:03z: 84:f3:eb:7d:7:a8
 0h00:04.688 2022/05/06T08:42:03z: SSID: MU Open
 0h00:04.693 2022/05/06T08:42:03z: AP_STAR tmr
 ets Jan  8 2013,rst cause:4, boot mode:(3,7)

wdt reset
load 0x4010f000, len 1384, room 16 
tail 8
chksum 0x2d
csum 0x2d
v8b899c12
~ld


6.01
 0h00:04.644 2022/05/06T09:02:05z: DS3231
 0h00:04.659 2022/05/06T09:02:05z: BME280 (0x76)
 0h00:04.674 2022/05/06T09:02:05z: 84:f3:eb:7d:7:a8
 0h00:04.675 2022/05/06T09:02:05z: SSID: MU Open
 0h00:04.680 2022/05/06T09:02:05z: AP_STAR tmr
 ets Jan  8 2013,rst cause:4, boot mode:(3,7)

wdt reset
load 0x4010f000, len 1384, room 16 
tail 8
chksum 0x2d
csum 0x2d
v8b899c12
~ld


6.01
 0h00:04.613 2022/05/06T09:22:07z: DS3231
 0h00:04.628 2022/05/06T09:22:07z: BME280 (0x76)
 0h00:04.643 2022/05/06T09:22:07z: 84:f3:eb:7d:7:a8
 0h00:04.644 2022/05/06T09:22:07z: SSID: MU Open
 0h00:04.649 2022/05/06T09:22:07z: AP_STAR tmr
 ets Jan  8 2013,rst cause:4, boot mode:(3,7)

wdt reset
load 0x4010f000, len 1384, room 16 
tail 8
chksum 0x2d
csum 0x2d
v8b899c12
~ld


6.01
 0h00:04.636 2022/05/06T09:42:09z: DS3231
 0h00:04.651 2022/05/06T09:42:09z: BME280 (0x76)
 0h00:04.665 2022/05/06T09:42:09z: 84:f3:eb:7d:7:a8
 0h00:04.667 2022/05/06T09:42:09z: SSID: MU Open
 0h00:04.672 2022/05/06T09:42:09z: AP_STAR tmr
 ets Jan  8 2013,rst cause:4, boot mode:(3,7)

wdt reset
load 0x4010f000, len 1384, room 16 
tail 8
chksum 0x2d
csum 0x2d
v8b899c12
~ld


6.01
 0h00:04.604 2022/05/06T10:02:11z: DS3231
 0h00:04.619 2022/05/06T10:02:11z: BME280 (0x76)
 0h00:04.633 2022/05/06T10:02:11z: 84:f3:eb:7d:7:a8
 0h00:04.635 2022/05/06T10:02:11z: SSID: MU Open
 0h00:04.640 2022/05/06T10:02:11z: AP_STAR tmr
 ets Jan  8 2013,rst cause:4, boot mode:(3,7)

wdt reset
load 0x4010f000, len 1384, room 16 
tail 8
chksum 0x2d
csum 0x2d
v8b899c12
~ld


6.01
 0h00:04.584 2022/05/06T10:22:13z: DS3231
 0h00:04.600 2022/05/06T10:22:13z: BME280 (0x76)
 0h00:04.614 2022/05/06T10:22:13z: 84:f3:eb:7d:7:a8
 0h00:04.616 2022/05/06T10:22:13z: SSID: MU Open
 0h00:04.621 2022/05/06T10:22:13z: AP_STAR tmr
 ets Jan  8 2013,rst cause:4, boot mode:(3,7)

wdt reset
load 0x4010f000, len 1384, room 16 
tail 8
chksum 0x2d
csum 0x2d
v8b899c12
~ld


6.01
 0h00:04.585 2022/05/06T10:42:14z: DS3231
 0h00:04.600 2022/05/06T10:42:14z: BME280 (0x76)
 0h00:04.614 2022/05/06T10:42:14z: 84:f3:eb:7d:7:a8
 0h00:04.616 2022/05/06T10:42:14z: SSID: MU Open
 0h00:04.621 2022/05/06T10:42:14z: AP_STAR tmr
 ets Jan  8 2013,rst cause:4, boot mode:(3,7)

wdt reset
load 0x4010f000, len 1384, room 16 
tail 8
chksum 0x2d
csum 0x2d
v8b899c12
~ld


6.01
 0h00:04.634 2022/05/06T11:02:15z: DS3231
 0h00:04.650 2022/05/06T11:02:15z: BME280 (0x76)
 0h00:04.664 2022/05/06T11:02:15z: 84:f3:eb:7d:7:a8
 0h00:04.666 2022/05/06T11:02:15z: SSID: MU Open
 0h00:04.671 2022/05/06T11:02:15z: AP_STAR tmr
 ets Jan  8 2013,rst cause:4, boot mode:(3,7)

wdt reset
load 0x4010f000, len 1384, room 16 
tail 8
chksum 0x2d
csum 0x2d
v8b899c12
~ld


6.01
 0h00:04.635 2022/05/06T11:22:17z: DS3231
 0h00:04.650 2022/05/06T11:22:17z: BME280 (0x76)
 0h00:04.664 2022/05/06T11:22:17z: 84:f3:eb:7d:7:a8
 0h00:04.666 2022/05/06T11:22:17z: SSID: MU Open
 0h00:04.671 2022/05/06T11:22:17z: AP_STAR tmr
 ets Jan  8 2013,rst cause:4, boot mode:(3,7)

wdt reset
load 0x4010f000, len 1384, room 16 
tail 8
chksum 0x2d
csum 0x2d
v8b899c12
~ld


6.01
 0h00:04.705 2022/05/06T11:42:19z: DS3231
 0h00:04.721 2022/05/06T11:42:19z: BME280 (0x76)
 0h00:04.735 2022/05/06T11:42:19z: 84:f3:eb:7d:7:a8
 0h00:04.736 2022/05/06T11:42:19z: SSID: MU Open
 0h00:04.742 2022/05/06T11:42:19z: AP_STAR tmr
 ets Jan  8 2013,rst cause:4, boot mode:(3,7)

wdt reset
load 0x4010f000, len 1384, room 16 
tail 8
chksum 0x2d
csum 0x2d
v8b899c12
~ld


6.01
 0h00:04.446 2022/05/06T12:02:21z: DS3231
 0h00:04.462 2022/05/06T12:02:21z: BME280 (0x76)
 0h00:04.476 2022/05/06T12:02:21z: 84:f3:eb:7d:7:a8
 0h00:04.477 2022/05/06T12:02:21z: SSID: MU Open
 0h00:04.483 2022/05/06T12:02:21z: AP_STAR tmr
 ets Jan  8 2013,rst cause:4, boot mode:(3,7)

wdt reset
load 0x4010f000, len 1384, room 16 
tail 8
chksum 0x2d
csum 0x2d
v8b899c12
~ld


6.01
 0h00:04.516 2022/05/06T12:22:22z: DS3231
 0h00:04.531 2022/05/06T12:22:22z: BME280 (0x76)
 0h00:04.545 2022/05/06T12:22:22z: 84:f3:eb:7d:7:a8
 0h00:04.547 2022/05/06T12:22:22z: SSID: MU Open
 0h00:04.552 2022/05/06T12:22:22z: AP_STAR tmr
 ets Jan  8 2013,rst cause:4, boot mode:(3,7)

wdt reset
load 0x4010f000, len 1384, room 16 
tail 8
chksum 0x2d
csum 0x2d
v8b899c12
~ld


6.01
 0h00:04.644 2022/05/06T12:42:24z: DS3231
 0h00:04.659 2022/05/06T12:42:24z: BME280 (0x76)
 0h00:04.674 2022/05/06T12:42:24z: 84:f3:eb:7d:7:a8
 0h00:04.675 2022/05/06T12:42:24z: SSID: MU Open
 0h00:04.680 2022/05/06T12:42:24z: AP_STAR tmr
 ets Jan  8 2013,rst cause:4, boot mode:(3,7)

wdt reset
load 0x4010f000, len 1384, room 16 
tail 8
chksum 0x2d
csum 0x2d
v8b899c12
~ld


6.01
 0h00:04.669 2022/05/06T13:02:27z: DS3231
 0h00:04.684 2022/05/06T13:02:27z: BME280 (0x76)
 0h00:04.698 2022/05/06T13:02:27z: 84:f3:eb:7d:7:a8
 0h00:04.700 2022/05/06T13:02:27z: SSID: MU Open
 0h00:04.705 2022/05/06T13:02:27z: AP_STAR tmr
 ets Jan  8 2013,rst cause:4, boot mode:(3,7)

wdt reset
load 0x4010f000, len 1384, room 16 
tail 8
chksum 0x2d
csum 0x2d
v8b899c12
~ld


6.01
 0h00:04.397 2022/05/06T13:22:29z: DS3231
 0h00:04.413 2022/05/06T13:22:29z: BME280 (0x76)
 0h00:04.427 2022/05/06T13:22:29z: 84:f3:eb:7d:7:a8
 0h00:04.428 2022/05/06T13:22:29z: SSID: MU Open
 0h00:04.434 2022/05/06T13:22:29z: AP_STAR tmr
 ets Jan  8 2013,rst cause:4, boot mode:(3,7)

wdt reset
load 0x4010f000, len 1384, room 16 
tail 8
chksum 0x2d
csum 0x2d
v8b899c12
~ld


6.01
 0h00:04.612 2022/05/06T13:42:31z: DS3231
 0h00:04.627 2022/05/06T13:42:31z: BME280 (0x76)
 0h00:04.641 2022/05/06T13:42:31z: 84:f3:eb:7d:7:a8
 0h00:04.643 2022/05/06T13:42:31z: SSID: MU Open
 0h00:04.648 2022/05/06T13:42:31z: AP_STAR tmr
 ets Jan  8 2013,rst cause:4, boot mode:(3,7)

wdt reset
load 0x4010f000, len 1384, room 16 
tail 8
chksum 0x2d
csum 0x2d
v8b899c12
~ld


6.01
 0h00:04.623 2022/05/06T14:02:33z: DS3231
 0h00:04.639 2022/05/06T14:02:33z: BME280 (0x76)
 0h00:04.653 2022/05/06T14:02:33z: 84:f3:eb:7d:7:a8
 0h00:04.654 2022/05/06T14:02:33z: SSID: MU Open
 0h00:04.660 2022/05/06T14:02:33z: AP_STAR tmr
 ets Jan  8 2013,rst cause:4, boot mode:(3,7)

wdt reset
load 0x4010f000, len 1384, room 16 
tail 8
chksum 0x2d
csum 0x2d
v8b899c12
~ld


6.01
 0h00:04.682 2022/05/06T14:22:35z: DS3231
 0h00:04.697 2022/05/06T14:22:35z: BME280 (0x76)
 0h00:04.712 2022/05/06T14:22:35z: 84:f3:eb:7d:7:a8
 0h00:04.713 2022/05/06T14:22:35z: SSID: MU Open
 0h00:04.718 2022/05/06T14:22:35z: AP_STAR tmr
 ets Jan  8 2013,rst cause:4, boot mode:(3,7)

wdt reset
load 0x4010f000, len 1384, room 16 
tail 8
chksum 0x2d
csum 0x2d
v8b899c12
~ld


6.01
 0h00:04.661 2022/05/06T14:42:37z: DS3231
 0h00:04.676 2022/05/06T14:42:37z: BME280 (0x76)
 0h00:04.690 2022/05/06T14:42:37z: 84:f3:eb:7d:7:a8
 0h00:04.692 2022/05/06T14:42:37z: SSID: MU Open
 0h00:04.697 2022/05/06T14:42:37z: AP_STAR tmr
 ets Jan  8 2013,rst cause:4, boot mode:(3,7)

wdt reset
load 0x4010f000, len 1384, room 16 
tail 8
chksum 0x2d
csum 0x2d
v8b899c12
~ld


6.01
 0h00:04.488 2022/05/06T15:02:39z: DS3231
 0h00:04.503 2022/05/06T15:02:39z: BME280 (0x76)
 0h00:04.517 2022/05/06T15:02:39z: 84:f3:eb:7d:7:a8
 0h00:04.519 2022/05/06T15:02:39z: SSID: MU Open
 0h00:04.524 2022/05/06T15:02:39z: AP_STAR tmr
 ets Jan  8 2013,rst cause:4, boot mode:(3,7)

wdt reset
load 0x4010f000, len 1384, room 16 
tail 8
chksum 0x2d
csum 0x2d
v8b899c12
~ld


6.01
 0h00:04.674 2022/05/06T15:22:41z: DS3231
 0h00:04.689 2022/05/06T15:22:41z: BME280 (0x76)
 0h00:04.703 2022/05/06T15:22:41z: 84:f3:eb:7d:7:a8
 0h00:04.705 2022/05/06T15:22:41z: SSID: MU Open
 0h00:04.710 2022/05/06T15:22:41z: AP_STAR tmr
 ets Jan  8 2013,rst cause:4, boot mode:(3,7)

wdt reset
load 0x4010f000, len 1384, room 16 
tail 8
chksum 0x2d
csum 0x2d
v8b899c12
~ld


6.01
 0h00:04.685 2022/05/06T15:42:43z: DS3231
 0h00:04.700 2022/05/06T15:42:43z: BME280 (0x76)
 0h00:04.715 2022/05/06T15:42:43z: 84:f3:eb:7d:7:a8
 0h00:04.716 2022/05/06T15:42:43z: SSID: MU Open
 0h00:04.721 2022/05/06T15:42:43z: AP_STAR tmr
 ets Jan  8 2013,rst cause:4, boot mode:(3,7)

wdt reset
load 0x4010f000, len 1384, room 16 
tail 8
chksum 0x2d
csum 0x2d
v8b899c12
~ld


6.01
 0h00:04.454 2022/05/06T16:02:46z: DS3231
 0h00:04.469 2022/05/06T16:02:46z: BME280 (0x76)
 0h00:04.483 2022/05/06T16:02:46z: 84:f3:eb:7d:7:a8
 0h00:04.485 2022/05/06T16:02:46z: SSID: MU Open
 0h00:04.490 2022/05/06T16:02:46z: AP_STAR tmr
 ets Jan  8 2013,rst cause:4, boot mode:(3,7)

wdt reset
load 0x4010f000, len 1384, room 16 
tail 8
chksum 0x2d
csum 0x2d
v8b899c12
~ld


6.01
 0h00:04.701 2022/05/06T16:22:48z: DS3231
 0h00:04.716 2022/05/06T16:22:48z: BME280 (0x76)
 0h00:04.730 2022/05/06T16:22:48z: 84:f3:eb:7d:7:a8
 0h00:04.732 2022/05/06T16:22:48z: SSID: MU Open
 0h00:04.737 2022/05/06T16:22:48z: AP_STAR tmr
 ets Jan  8 2013,rst cause:4, boot mode:(3,7)

wdt reset
load 0x4010f000, len 1384, room 16 
tail 8
chksum 0x2d
csum 0x2d
v8b899c12
~ld


6.01
 0h00:04.742 2022/05/06T16:42:50z: DS3231
 0h00:04.757 2022/05/06T16:42:50z: BME280 (0x76)
 0h00:04.771 2022/05/06T16:42:50z: 84:f3:eb:7d:7:a8
 0h00:04.773 2022/05/06T16:42:50z: SSID: MU Open
 0h00:04.778 2022/05/06T16:42:50z: AP_STAR tmr
 ets Jan  8 2013,rst cause:4, boot mode:(3,7)

wdt reset
load 0x4010f000, len 1384, room 16 
tail 8
chksum 0x2d
csum 0x2d
v8b899c12
~ld


6.01
 0h00:04.635 2022/05/06T17:02:52z: DS3231
 0h00:04.650 2022/05/06T17:02:52z: BME280 (0x76)
 0h00:04.665 2022/05/06T17:02:52z: 84:f3:eb:7d:7:a8
 0h00:04.666 2022/05/06T17:02:52z: SSID: MU Open
 0h00:04.671 2022/05/06T17:02:52z: AP_STAR tmr
 ets Jan  8 2013,rst cause:4, boot mode:(3,7)

wdt reset
load 0x4010f000, len 1384, room 16 
tail 8
chksum 0x2d
csum 0x2d
v8b899c12
~ld


6.01
 0h00:04.658 2022/05/06T17:22:54z: DS3231
 0h00:04.674 2022/05/06T17:22:54z: BME280 (0x76)
 0h00:04.688 2022/05/06T17:22:54z: 84:f3:eb:7d:7:a8
 0h00:04.690 2022/05/06T17:22:54z: SSID: MU Open
 0h00:04.695 2022/05/06T17:22:54z: AP_STAR tmr
 ets Jan  8 2013,rst cause:4, boot mode:(3,7)

wdt reset
load 0x4010f000, len 1384, room 16 
tail 8
chksum 0x2d
csum 0x2d
v8b899c12
~ld


6.01
 0h00:04.650 2022/05/06T17:42:56z: DS3231
 0h00:04.665 2022/05/06T17:42:56z: BME280 (0x76)
 0h00:04.679 2022/05/06T17:42:56z: 84:f3:eb:7d:7:a8
 0h00:04.681 2022/05/06T17:42:56z: SSID: MU Open
 0h00:04.686 2022/05/06T17:42:56z: AP_STAR tmr
 ets Jan  8 2013,rst cause:4, boot mode:(3,7)

wdt reset
load 0x4010f000, len 1384, room 16 
tail 8
chksum 0x2d
csum 0x2d
v8b899c12
~ld


6.01
 0h00:04.461 2022/05/06T18:02:58z: DS3231
 0h00:04.476 2022/05/06T18:02:58z: BME280 (0x76)
 0h00:04.491 2022/05/06T18:02:58z: 84:f3:eb:7d:7:a8
 0h00:04.492 2022/05/06T18:02:58z: SSID: MU Open
 0h00:04.497 2022/05/06T18:02:58z: AP_STAR tmr
 ets Jan  8 2013,rst cause:4, boot mode:(3,7)

wdt reset
load 0x4010f000, len 1384, room 16 
tail 8
chksum 0x2d
csum 0x2d
v8b899c12
~ld


6.01
 0h00:04.695 2022/05/06T18:22:59z: DS3231
 0h00:04.710 2022/05/06T18:22:59z: BME280 (0x76)
 0h00:04.724 2022/05/06T18:22:59z: 84:f3:eb:7d:7:a8
 0h00:04.726 2022/05/06T18:22:59z: SSID: MU Open
 0h00:04.731 2022/05/06T18:22:59z: AP_STAR tmr
 ets Jan  8 2013,rst cause:4, boot mode:(3,7)

wdt reset
load 0x4010f000, len 1384, room 16 
tail 8
chksum 0x2d
csum 0x2d
v8b899c12
~ld


6.01
 0h00:04.499 2022/05/06T18:43:01z: DS3231
 0h00:04.514 2022/05/06T18:43:01z: BME280 (0x76)
 0h00:04.529 2022/05/06T18:43:01z: 84:f3:eb:7d:7:a8
 0h00:04.530 2022/05/06T18:43:01z: SSID: MU Open
 0h00:04.535 2022/05/06T18:43:01z: AP_STAR tmr
 ets Jan  8 2013,rst cause:4, boot mode:(3,7)

wdt reset
load 0x4010f000, len 1384, room 16 
tail 8
chksum 0x2d
csum 0x2d
v8b899c12
~ld


6.01
 0h00:04.702 2022/05/06T19:03:03z: DS3231
 0h00:04.717 2022/05/06T19:03:03z: BME280 (0x76)
 0h00:04.731 2022/05/06T19:03:03z: 84:f3:eb:7d:7:a8
 0h00:04.733 2022/05/06T19:03:03z: SSID: MU Open
 0h00:04.738 2022/05/06T19:03:03z: AP_STAR tmr
 ets Jan  8 2013,rst cause:4, boot mode:(3,7)

wdt reset
load 0x4010f000, len 1384, room 16 
tail 8
chksum 0x2d
csum 0x2d
v8b899c12
~ld


6.01
 0h00:04.461 2022/05/06T19:23:05z: DS3231
 0h00:04.476 2022/05/06T19:23:05z: BME280 (0x76)
 0h00:04.491 2022/05/06T19:23:05z: 84:f3:eb:7d:7:a8
 0h00:04.492 2022/05/06T19:23:05z: SSID: MU Open
 0h00:04.497 2022/05/06T19:23:05z: AP_STAR tmr
 ets Jan  8 2013,rst cause:4, boot mode:(3,7)

wdt reset
load 0x4010f000, len 1384, room 16 
tail 8
chksum 0x2d
csum 0x2d
v8b899c12
~ld


6.01
 0h00:04.759 2022/05/06T19:43:07z: DS3231
 0h00:04.774 2022/05/06T19:43:07z: BME280 (0x76)
 0h00:04.789 2022/05/06T19:43:07z: 84:f3:eb:7d:7:a8
 0h00:04.790 2022/05/06T19:43:07z: SSID: MU Open
 0h00:04.795 2022/05/06T19:43:07z: AP_STAR tmr
 ets Jan  8 2013,rst cause:4, boot mode:(3,7)

wdt reset
load 0x4010f000, len 1384, room 16 
tail 8
chksum 0x2d
csum 0x2d
v8b899c12
~ld


6.01
 0h00:04.701 2022/05/06T20:03:09z: DS3231
 0h00:04.716 2022/05/06T20:03:09z: BME280 (0x76)
 0h00:04.730 2022/05/06T20:03:09z: 84:f3:eb:7d:7:a8
 0h00:04.732 2022/05/06T20:03:09z: SSID: MU Open
 0h00:04.737 2022/05/06T20:03:09z: AP_STAR tmr
 ets Jan  8 2013,rst cause:4, boot mode:(3,7)

wdt reset
load 0x4010f000, len 1384, room 16 
tail 8
chksum 0x2d
csum 0x2d
v8b899c12
~ld


6.01
 0h00:04.609 2022/05/06T20:23:10z: DS3231
 0h00:04.624 2022/05/06T20:23:10z: BME280 (0x76)
 0h00:04.638 2022/05/06T20:23:10z: 84:f3:eb:7d:7:a8
 0h00:04.640 2022/05/06T20:23:10z: SSID: MU Open
 0h00:04.645 2022/05/06T20:23:10z: AP_STAR tmr
 ets Jan  8 2013,rst cause:4, boot mode:(3,7)

wdt reset
load 0x4010f000, len 1384, room 16 
tail 8
chksum 0x2d
csum 0x2d
v8b899c12
~ld


6.01
 0h00:04.822 2022/05/06T20:43:13z: DS3231
 0h00:04.837 2022/05/06T20:43:13z: BME280 (0x76)
 0h00:04.851 2022/05/06T20:43:13z: 84:f3:eb:7d:7:a8
 0h00:04.853 2022/05/06T20:43:13z: SSID: MU Open
 0h00:04.858 2022/05/06T20:43:13z: AP_STAR tmr
 ets Jan  8 2013,rst cause:4, boot mode:(3,7)

wdt reset
load 0x4010f000, len 1384, room 16 
tail 8
chksum 0x2d
csum 0x2d
v8b899c12
~ld


6.01
 0h00:04.804 2022/05/06T21:03:15z: DS3231
 0h00:04.819 2022/05/06T21:03:15z: BME280 (0x76)
 0h00:04.833 2022/05/06T21:03:15z: 84:f3:eb:7d:7:a8
 0h00:04.835 2022/05/06T21:03:15z: SSID: MU Open
 0h00:04.840 2022/05/06T21:03:15z: AP_STAR tmr
 ets Jan  8 2013,rst cause:4, boot mode:(3,7)

wdt reset
load 0x4010f000, len 1384, room 16 
tail 8
chksum 0x2d
csum 0x2d
v8b899c12
~ld


6.01
 0h00:04.773 2022/05/06T21:23:18z: DS3231
 0h00:04.789 2022/05/06T21:23:18z: BME280 (0x76)
 0h00:04.803 2022/05/06T21:23:18z: 84:f3:eb:7d:7:a8
 0h00:04.804 2022/05/06T21:23:18z: SSID: MU Open
 0h00:04.810 2022/05/06T21:23:18z: AP_STAR tmr
 ets Jan  8 2013,rst cause:4, boot mode:(3,7)

wdt reset
load 0x4010f000, len 1384, room 16 
tail 8
chksum 0x2d
csum 0x2d
v8b899c12
~ld


6.01
 0h00:04.792 2022/05/06T21:43:20z: DS3231
 0h00:04.808 2022/05/06T21:43:20z: BME280 (0x76)
 0h00:04.822 2022/05/06T21:43:20z: 84:f3:eb:7d:7:a8
 0h00:04.824 2022/05/06T21:43:20z: SSID: MU Open
 0h00:04.829 2022/05/06T21:43:20z: AP_STAR tmr
 ets Jan  8 2013,rst cause:4, boot mode:(3,7)

wdt reset
load 0x4010f000, len 1384, room 16 
tail 8
chksum 0x2d
csum 0x2d
v8b899c12
~ld


6.01
 0h00:04.725 2022/05/06T22:03:23z: DS3231
 0h00:04.740 2022/05/06T22:03:23z: BME280 (0x76)
 0h00:04.754 2022/05/06T22:03:23z: 84:f3:eb:7d:7:a8
 0h00:04.756 2022/05/06T22:03:23z: SSID: MU Open
 0h00:04.761 2022/05/06T22:03:23z: AP_STAR tmr
 ets Jan  8 2013,rst cause:4, boot mode:(3,7)

wdt reset
load 0x4010f000, len 1384, room 16 
tail 8
chksum 0x2d
csum 0x2d
v8b899c12
~ld


6.01
 0h00:04.667 2022/05/06T22:23:24z: DS3231
 0h00:04.683 2022/05/06T22:23:24z: BME280 (0x76)
 0h00:04.697 2022/05/06T22:23:24z: 84:f3:eb:7d:7:a8
 0h00:04.698 2022/05/06T22:23:24z: SSID: MU Open
 0h00:04.704 2022/05/06T22:23:24z: AP_STAR tmr
 ets Jan  8 2013,rst cause:4, boot mode:(3,7)

wdt reset
load 0x4010f000, len 1384, room 16 
tail 8
chksum 0x2d
csum 0x2d
v8b899c12
~ld


6.01
 0h00:04.742 2022/05/06T22:43:26z: DS3231
 0h00:04.757 2022/05/06T22:43:26z: BME280 (0x76)
 0h00:04.771 2022/05/06T22:43:26z: 84:f3:eb:7d:7:a8
 0h00:04.773 2022/05/06T22:43:26z: SSID: MU Open
 0h00:04.778 2022/05/06T22:43:26z: AP_STAR tmr
 ets Jan  8 2013,rst cause:4, boot mode:(3,7)

wdt reset
load 0x4010f000, len 1384, room 16 
tail 8
chksum 0x2d
csum 0x2d
v8b899c12
~ld


6.01
 0h00:04.654 2022/05/06T23:03:28z: DS3231
 0h00:04.669 2022/05/06T23:03:28z: BME280 (0x76)
 0h00:04.683 2022/05/06T23:03:28z: 84:f3:eb:7d:7:a8
 0h00:04.685 2022/05/06T23:03:28z: SSID: MU Open
 0h00:04.690 2022/05/06T23:03:28z: AP_STAR tmr
 ets Jan  8 2013,rst cause:4, boot mode:(3,7)

wdt reset
load 0x4010f000, len 1384, room 16 
tail 8
chksum 0x2d
csum 0x2d
v8b899c12
~ld


6.01
 0h00:04.452 2022/05/06T23:23:30z: DS3231
 0h00:04.468 2022/05/06T23:23:30z: BME280 (0x76)
 0h00:04.482 2022/05/06T23:23:30z: 84:f3:eb:7d:7:a8
 0h00:04.483 2022/05/06T23:23:30z: SSID: MU Open
 0h00:04.489 2022/05/06T23:23:30z: AP_STAR tmr
 ets Jan  8 2013,rst cause:4, boot mode:(3,7)

wdt reset
load 0x4010f000, len 1384, room 16 
tail 8
chksum 0x2d
csum 0x2d
v8b899c12
~ld


6.01
 0h00:04.416 2022/05/06T23:43:32z: DS3231
 0h00:04.432 2022/05/06T23:43:32z: BME280 (0x76)
 0h00:04.446 2022/05/06T23:43:32z: 84:f3:eb:7d:7:a8
 0h00:04.448 2022/05/06T23:43:32z: SSID: MU Open
 0h00:04.453 2022/05/06T23:43:32z: AP_STA