R tmr
 ets Jan  8 2013,rst cause:4, boot mode:(3,7)

wdt reset
load 0x4010f000, len 1384, room 16 
tail 8
chksum 0x2d
csum 0x2d
v8b899c12
~ld


6.01
 0h00:05.602 2022/08/09T00:18:04z: DS3231
 0h00:05.618 2022/08/09T00:18:04z: BME280 (0x76)
 0h00:05.632 2022/08/09T00:18:04z: 84:f3:eb:7d:7:a8
 0h00:05.633 2022/08/09T00:18:04z: SSID: MU Open
 0h00:05.639 2022/08/09T00:18:04z: AP_STAR tmr
 ets Jan  8 2013,rst cause:4, boot mode:(3,7)

wdt reset
load 0x4010f000, len 1384, room 16 
tail 8
chksum 0x2d
csum 0x2d
v8b899c12
~ld


6.01
 0h00:05.536 2022/08/09T00:38:09z: DS3231
 0h00:05.551 2022/08/09T00:38:09z: BME280 (0x76)
 0h00:05.565 2022/08/09T00:38:09z: 84:f3:eb:7d:7:a8
 0h00:05.567 2022/08/09T00:38:09z: SSID: MU Open
 0h00:05.572 2022/08/09T00:38:09z: AP_STAR tmr
 ets Jan  8 2013,rst cause:4, boot mode:(3,7)

wdt reset
load 0x4010f000, len 1384, room 16 
tail 8
chksum 0x2d
csum 0x2d
v8b899c12
~ld


6.01
 0h00:05.574 2022/08/09T00:58:15z: DS3231
 0h00:05.589 2022/08/09T00:58:15z: BME280 (0x76)
 0h00:05.603 2022/08/09T00:58:15z: 84:f3:eb:7d:7:a8
 0h00:05.605 2022/08/09T00:58:15z: SSID: MU Open
 0h00:05.610 2022/08/09T00:58:15z: AP_STAR tmr
 ets Jan  8 2013,rst cause:4, boot mode:(3,7)

wdt reset
load 0x4010f000, len 1384, room 16 
tail 8
chksum 0x2d
csum 0x2d
v8b899c12
~ld


6.01
 0h00:05.476 2022/08/09T01:18:19z: DS3231
 0h00:05.491 2022/08/09T01:18:19z: BME280 (0x76)
 0h00:05.506 2022/08/09T01:18:19z: 84:f3:eb:7d:7:a8
 0h00:05.507 2022/08/09T01:18:19z: SSID: MU Open
 0h00:05.512 2022/08/09T01:18:19z: AP_STAR tmr
 ets Jan  8 2013,rst cause:4, boot mode:(3,7)

wdt reset
load 0x4010f000, len 1384, room 16 
tail 8
chksum 0x2d
csum 0x2d
v8b899c12
~ld


6.01
 0h00:05.381 2022/08/09T01:38:25z: DS3231
 0h00:05.396 2022/08/09T01:38:25z: BME280 (0x76)
 0h00:05.410 2022/08/09T01:38:25z: 84:f3:eb:7d:7:a8
 0h00:05.412 2022/08/09T01:38:25z: SSID: MU Open
 0h00:05.417 2022/08/09T01:38:25z: AP_STAR tmr
 ets Jan  8 2013,rst cause:4, boot mode:(3,7)

wdt reset
load 0x4010f000, len 1384, room 16 
tail 8
chksum 0x2d
csum 0x2d
v8b899c12
~ld


6.01
 0h00:05.288 2022/08/09T01:58:29z: DS3231
 0h00:05.304 2022/08/09T01:58:29z: BME280 (0x76)
 0h00:05.318 2022/08/09T01:58:29z: 84:f3:eb:7d:7:a8
 0h00:05.320 2022/08/09T01:58:29z: SSID: MU Open
 0h00:05.325 2022/08/09T01:58:29z: AP_STAR tmr
 ets Jan  8 2013,rst cause:4, boot mode:(3,7)

wdt reset
load 0x4010f000, len 1384, room 16 
tail 8
chksum 0x2d
csum 0x2d
v8b899c12
~ld


6.01
 0h00:05.592 2022/08/09T02:18:34z: DS3231
 0h00:05.608 2022/08/09T02:18:34z: BME280 (0x76)
 0h00:05.622 2022/08/09T02:18:34z: 84:f3:eb:7d:7:a8
 0h00:05.624 2022/08/09T02:18:34z: SSID: MU Open
 0h00:05.629 2022/08/09T02:18:34z: AP_STAR tmr
 ets Jan  8 2013,rst cause:4, boot mode:(3,7)

wdt reset
load 0x4010f000, len 1384, room 16 
tail 8
chksum 0x2d
csum 0x2d
v8b899c12
~ld


6.01
 0h00:05.375 2022/08/09T02:38:39z: DS3231
 0h00:05.390 2022/08/09T02:38:39z: BME280 (0x76)
 0h00:05.405 2022/08/09T02:38:39z: 84:f3:eb:7d:7:a8
 0h00:05.406 2022/08/09T02:38:39z: SSID: MU Open
 0h00:05.411 2022/08/09T02:38:39z: AP_STAR tmr
 ets Jan  8 2013,rst cause:4, boot mode:(3,7)

wdt reset
load 0x4010f000, len 1384, room 16 
tail 8
chksum 0x2d
csum 0x2d
v8b899c12
~ld


6.01
 0h00:05.373 2022/08/09T02:58:44z: DS3231
 0h00:05.388 2022/08/09T02:58:44z: BME280 (0x76)
 0h00:05.402 2022/08/09T02:58:44z: 84:f3:eb:7d:7:a8
 0h00:05.404 2022/08/09T02:58:44z: SSID: MU Open
 0h00:05.409 2022/08/09T02:58:44z: AP_STAR tmr
 ets Jan  8 2013,rst cause:4, boot mode:(3,7)

wdt reset
load 0x4010f000, len 1384, room 16 
tail 8
chksum 0x2d
csum 0x2d
v8b899c12
~ld


6.01
 0h00:05.593 2022/08/09T03:18:49z: DS3231
 0h00:05.608 2022/08/09T03:18:49z: BME280 (0x76)
 0h00:05.622 2022/08/09T03:18:49z: 84:f3:eb:7d:7:a8
 0h00:05.624 2022/08/09T03:18:49z: SSID: MU Open
 0h00:05.629 2022/08/09T03:18:49z: AP_STAR tmr
 ets Jan  8 2013,rst cause:4, boot mode:(3,7)

wdt reset
load 0x4010f000, len 1384, room 16 
tail 8
chksum 0x2d
csum 0x2d
v8b899c12
~ld


6.01
 0h00:05.535 2022/08/09T03:38:54z: DS3231
 0h00:05.550 2022/08/09T03:38:54z: BME280 (0x76)
 0h00:05.564 2022/08/09T03:38:54z: 84:f3:eb:7d:7:a8
 0h00:05.566 2022/08/09T03:38:54z: SSID: MU Open
 0h00:05.571 2022/08/09T03:38:54z: AP_STAR tmr
 ets Jan  8 2013,rst cause:4, boot mode:(3,7)

wdt reset
load 0x4010f000, len 1384, room 16 
tail 8
chksum 0x2d
csum 0x2d
v8b899c12
~ld


6.01
 0h00:05.443 2022/08/09T03:58:58z: DS3231
 0h00:05.458 2022/08/09T03:58:58z: BME280 (0x76)
 0h00:05.472 2022/08/09T03:58:58z: 84:f3:eb:7d:7:a8
 0h00:05.474 2022/08/09T03:58:58z: SSID: MU Open
 0h00:05.479 2022/08/09T03:58:58z: AP_STAR tmr
 ets Jan  8 2013,rst cause:4, boot mode:(3,7)

wdt reset
load 0x4010f000, len 1384, room 16 
tail 8
chksum 0x2d
csum 0x2d
v8b899c12
~ld


6.01
 0h00:05.654 2022/08/09T04:19:04z: DS3231
 0h00:05.669 2022/08/09T04:19:04z: BME280 (0x76)
 0h00:05.684 2022/08/09T04:19:04z: 84:f3:eb:7d:7:a8
 0h00:05.685 2022/08/09T04:19:04z: SSID: MU Open
 0h00:05.690 2022/08/09T04:19:04z: AP_STAR tmr
 ets Jan  8 2013,rst cause:4, boot mode:(3,7)

wdt reset
load 0x4010f000, len 1384, room 16 
tail 8
chksum 0x2d
csum 0x2d
v8b899c12
~ld


6.01
 0h00:05.580 2022/08/09T04:39:09z: DS3231
 0h00:05.595 2022/08/09T04:39:09z: BME280 (0x76)
 0h00:05.610 2022/08/09T04:39:09z: 84:f3:eb:7d:7:a8
 0h00:05.611 2022/08/09T04:39:09z: SSID: MU Open
 0h00:05.616 2022/08/09T04:39:09z: AP_STAR tmr
 ets Jan  8 2013,rst cause:4, boot mode:(3,7)

wdt reset
load 0x4010f000, len 1384, room 16 
tail 8
chksum 0x2d
csum 0x2d
v8b899c12
~ld


6.01
 0h00:05.545 2022/08/09T04:59:14z: DS3231
 0h00:05.561 2022/08/09T04:59:14z: BME280 (0x76)
 0h00:05.575 2022/08/09T04:59:14z: 84:f3:eb:7d:7:a8
 0h00:05.577 2022/08/09T04:59:14z: SSID: MU Open
 0h00:05.582 2022/08/09T04:59:14z: AP_STAR tmr
 ets Jan  8 2013,rst cause:4, boot mode:(3,7)

wdt reset
load 0x4010f000, len 1384, room 16 
tail 8
chksum 0x2d
csum 0x2d
v8b899c12
~ld


6.01
 0h00:05.587 2022/08/09T05:19:19z: DS3231
 0h00:05.602 2022/08/09T05:19:19z: BME280 (0x76)
 0h00:05.616 2022/08/09T05:19:19z: 84:f3:eb:7d:7:a8
 0h00:05.618 2022/08/09T05:19:19z: SSID: MU Open
 0h00:05.623 2022/08/09T05:19:19z: AP_STAR tmr
 ets Jan  8 2013,rst cause:4, boot mode:(3,7)

wdt reset
load 0x4010f000, len 1384, room 16 
tail 8
chksum 0x2d
csum 0x2d
v8b899c12
~ld


6.01
 0h00:05.683 2022/08/09T05:39:24z: DS3231
 0h00:05.698 2022/08/09T05:39:24z: BME280 (0x76)
 0h00:05.713 2022/08/09T05:39:24z: 84:f3:eb:7d:7:a8
 0h00:05.714 2022/08/09T05:39:24z: SSID: MU Open
 0h00:05.719 2022/08/09T05:39:24z: AP_STAR tmr
 ets Jan  8 2013,rst cause:4, boot mode:(3,7)

wdt reset
load 0x4010f000, len 1384, room 16 
tail 8
chksum 0x2d
csum 0x2d
v8b899c12
~ld


6.01
 0h00:05.654 2022/08/09T05:59:30z: DS3231
 0h00:05.670 2022/08/09T05:59:30z: BME280 (0x76)
 0h00:05.684 2022/08/09T05:59:30z: 84:f3:eb:7d:7:a8
 0h00:05.686 2022/08/09T05:59:30z: SSID: MU Open
 0h00:05.691 2022/08/09T05:59:30z: AP_STAR tmr
 ets Jan  8 2013,rst cause:4, boot mode:(3,7)

wdt reset
load 0x4010f000, len 1384, room 16 
tail 8
chksum 0x2d
csum 0x2d
v8b899c12
~ld


6.01
 0h00:05.605 2022/08/09T06:19:36z: DS3231
 0h00:05.620 2022/08/09T06:19:36z: BME280 (0x76)
 0h00:05.635 2022/08/09T06:19:36z: 84:f3:eb:7d:7:a8
 0h00:05.636 2022/08/09T06:19:36z: SSID: MU Open
 0h00:05.641 2022/08/09T06:19:36z: AP_STAR tmr
 ets Jan  8 2013,rst cause:4, boot mode:(3,7)

wdt reset
load 0x4010f000, len 1384, room 16 
tail 8
chksum 0x2d
csum 0x2d
v8b899c12
~ld


6.01
 0h00:05.665 2022/08/09T06:39:41z: DS3231
 0h00:05.680 2022/08/09T06:39:41z: BME280 (0x76)
 0h00:05.694 2022/08/09T06:39:41z: 84:f3:eb:7d:7:a8
 0h00:05.696 2022/08/09T06:39:41z: SSID: MU Open
 0h00:05.701 2022/08/09T06:39:41z: AP_STAR tmr
 ets Jan  8 2013,rst cause:4, boot mode:(3,7)

wdt reset
load 0x4010f000, len 1384, room 16 
tail 8
chksum 0x2d
csum 0x2d
v8b899c12
~ld


6.01
 0h00:05.584 2022/08/09T06:59:46z: DS3231
 0h00:05.600 2022/08/09T06:59:46z: BME280 (0x76)
 0h00:05.614 2022/08/09T06:59:46z: 84:f3:eb:7d:7:a8
 0h00:05.616 2022/08/09T06:59:46z: SSID: MU Open
 0h00:05.621 2022/08/09T06:59:46z: AP_STAR tmr
 ets Jan  8 2013,rst cause:4, boot mode:(3,7)

wdt reset
load 0x4010f000, len 1384, room 16 
tail 8
chksum 0x2d
csum 0x2d
v8b899c12
~ld


6.01
 0h00:05.569 2022/08/09T07:19:51z: DS3231
 0h00:05.584 2022/08/09T07:19:51z: BME280 (0x76)
 0h00:05.598 2022/08/09T07:19:51z: 84:f3:eb:7d:7:a8
 0h00:05.600 2022/08/09T07:19:51z: SSID: MU Open
 0h00:05.605 2022/08/09T07:19:51z: AP_STAR tmr
 ets Jan  8 2013,rst cause:4, boot mode:(3,7)

wdt reset
load 0x4010f000, len 1384, room 16 
tail 8
chksum 0x2d
csum 0x2d
v8b899c12
~ld


6.01
 0h00:05.598 2022/08/09T07:39:56z: DS3231
 0h00:05.613 2022/08/09T07:39:56z: BME280 (0x76)
 0h00:05.627 2022/08/09T07:39:56z: 84:f3:eb:7d:7:a8
 0h00:05.629 2022/08/09T07:39:56z: SSID: MU Open
 0h00:05.634 2022/08/09T07:39:56z: AP_STAR tmr
 ets Jan  8 2013,rst cause:4, boot mode:(3,7)

wdt reset
load 0x4010f000, len 1384, room 16 
tail 8
chksum 0x2d
csum 0x2d
v8b899c12
~ld


6.01
 0h00:05.520 2022/08/09T08:00:01z: DS3231
 0h00:05.535 2022/08/09T08:00:01z: BME280 (0x76)
 0h00:05.550 2022/08/09T08:00:01z: 84:f3:eb:7d:7:a8
 0h00:05.551 2022/08/09T08:00:01z: SSID: MU Open
 0h00:05.556 2022/08/09T08:00:01z: AP_STAR tmr
 ets Jan  8 2013,rst cause:4, boot mode:(3,7)

wdt reset
load 0x4010f000, len 1384, room 16 
tail 8
chksum 0x2d
csum 0x2d
v8b899c12
~ld


6.01
 0h00:05.429 2022/08/09T08:20:06z: DS3231
 0h00:05.445 2022/08/09T08:20:06z: BME280 (0x76)
 0h00:05.459 2022/08/09T08:20:06z: 84:f3:eb:7d:7:a8
 0h00:05.461 2022/08/09T08:20:06z: SSID: MU Open
 0h00:05.466 2022/08/09T08:20:06z: AP_STAR tmr
 ets Jan  8 2013,rst cause:4, boot mode:(3,7)

wdt reset
load 0x4010f000, len 1384, room 16 
tail 8
chksum 0x2d
csum 0x2d
v8b899c12
~ld


6.01
 0h00:05.415 2022/08/09T08:40:11z: DS3231
 0h00:05.430 2022/08/09T08:40:11z: BME280 (0x76)
 0h00:05.444 2022/08/09T08:40:11z: 84:f3:eb:7d:7:a8
 0h00:05.446 2022/08/09T08:40:11z: SSID: MU Open
 0h00:05.451 2022/08/09T08:40:11z: AP_STAR tmr
 ets Jan  8 2013,rst cause:4, boot mode:(3,7)

wdt reset
load 0x4010f000, len 1384, room 16 
tail 8
chksum 0x2d
csum 0x2d
v8b899c12
~ld


6.01
 0h00:05.191 2022/08/09T09:00:15z: DS3231
 0h00:05.207 2022/08/09T09:00:15z: BME280 (0x76)
 0h00:05.221 2022/08/09T09:00:15z: 84:f3:eb:7d:7:a8
 0h00:05.222 2022/08/09T09:00:15z: SSID: MU Open
 0h00:05.228 2022/08/09T09:00:15z: AP_STAR tmr
 ets Jan  8 2013,rst cause:4, boot mode:(3,7)

wdt reset
load 0x4010f000, len 1384, room 16 
tail 8
chksum 0x2d
csum 0x2d
v8b899c12
~ld


6.01
 0h00:05.016 2022/08/09T09:20:18z: DS3231
 0h00:05.031 2022/08/09T09:20:18z: BME280 (0x76)
 0h00:05.045 2022/08/09T09:20:18z: 84:f3:eb:7d:7:a8
 0h00:05.047 2022/08/09T09:20:18z: SSID: MU Open
 0h00:05.052 2022/08/09T09:20:18z: AP_STAR tmr
 ets Jan  8 2013,rst cause:4, boot mode:(3,7)

wdt reset
load 0x4010f000, len 1384, room 16 
tail 8
chksum 0x2d
csum 0x2d
v8b899c12
~ld


6.01
 0h00:05.185 2022/08/09T09:40:23z: DS3231
 0h00:05.200 2022/08/09T09:40:23z: BME280 (0x76)
 0h00:05.214 2022/08/09T09:40:23z: 84:f3:eb:7d:7:a8
 0h00:05.216 2022/08/09T09:40:23z: SSID: MU Open
 0h00:05.221 2022/08/09T09:40:23z: AP_STAR tmr
 ets Jan  8 2013,rst cause:4, boot mode:(3,7)

wdt reset
load 0x4010f000, len 1384, room 16 
tail 8
chksum 0x2d
csum 0x2d
v8b899c12
~ld


6.01
 0h00:05.278 2022/08/09T10:00:26z: DS3231
 0h00:05.294 2022/08/09T10:00:26z: BME280 (0x76)
 0h00:05.308 2022/08/09T10:00:26z: 84:f3:eb:7d:7:a8
 0h00:05.310 2022/08/09T10:00:26z: SSID: MU Open
 0h00:05.315 2022/08/09T10:00:26z: AP_STAR tmr
 ets Jan  8 2013,rst cause:4, boot mode:(3,7)

wdt reset
load 0x4010f000, len 1384, room 16 
tail 8
chksum 0x2d
csum 0x2d
v8b899c12
~ld


6.01
 0h00:05.130 2022/08/09T10:20:31z: DS3231
 0h00:05.145 2022/08/09T10:20:31z: BME280 (0x76)
 0h00:05.160 2022/08/09T10:20:31z: 84:f3:eb:7d:7:a8
 0h00:05.161 2022/08/09T10:20:31z: SSID: MU Open
 0h00:05.166 2022/08/09T10:20:31z: AP_STAR tmr
 ets Jan  8 2013,rst cause:4, boot mode:(3,7)

wdt reset
load 0x4010f000, len 1384, room 16 
tail 8
chksum 0x2d
csum 0x2d
v8b899c12
~ld


6.01
 0h00:05.310 2022/08/09T10:40:36z: DS3231
 0h00:05.325 2022/08/09T10:40:36z: BME280 (0x76)
 0h00:05.339 2022/08/09T10:40:36z: 84:f3:eb:7d:7:a8
 0h00:05.341 2022/08/09T10:40:36z: SSID: MU Open
 0h00:05.346 2022/08/09T10:40:36z: AP_STAR tmr
 ets Jan  8 2013,rst cause:4, boot mode:(3,7)

wdt reset
load 0x4010f000, len 1384, room 16 
tail 8
chksum 0x2d
csum 0x2d
v8b899c12
~ld


6.01
 0h00:05.283 2022/08/09T11:00:41z: DS3231
 0h00:05.299 2022/08/09T11:00:41z: BME280 (0x76)
 0h00:05.313 2022/08/09T11:00:41z: 84:f3:eb:7d:7:a8
 0h00:05.314 2022/08/09T11:00:41z: SSID: MU Open
 0h00:05.320 2022/08/09T11:00:41z: AP_STAR tmr
 ets Jan  8 2013,rst cause:4, boot mode:(3,7)

wdt reset
load 0x4010f000, len 1384, room 16 
tail 8
chksum 0x2d
csum 0x2d
v8b899c12
~ld


6.01
 0h00:05.539 2022/08/09T11:20:45z: DS3231
 0h00:05.554 2022/08/09T11:20:45z: BME280 (0x76)
 0h00:05.569 2022/08/09T11:20:45z: 84:f3:eb:7d:7:a8
 0h00:05.570 2022/08/09T11:20:45z: SSID: MU Open
 0h00:05.575 2022/08/09T11:20:45z: AP_STAR tmr
 ets Jan  8 2013,rst cause:4, boot mode:(3,7)

wdt reset
load 0x4010f000, len 1384, room 16 
tail 8
chksum 0x2d
csum 0x2d
v8b899c12
~ld


6.01
 0h00:05.696 2022/08/09T11:40:50z: DS3231
 0h00:05.711 2022/08/09T11:40:50z: BME280 (0x76)
 0h00:05.725 2022/08/09T11:40:50z: 84:f3:eb:7d:7:a8
 0h00:05.727 2022/08/09T11:40:50z: SSID: MU Open
 0h00:05.732 2022/08/09T11:40:50z: AP_STAR tmr
 ets Jan  8 2013,rst cause:4, boot mode:(3,7)

wdt reset
load 0x4010f000, len 1384, room 16 
tail 8
chksum 0x2d
csum 0x2d
v8b899c12
~ld


6.01
 0h00:05.522 2022/08/09T12:00:55z: DS3231
 0h00:05.537 2022/08/09T12:00:55z: BME280 (0x76)
 0h00:05.551 2022/08/09T12:00:55z: 84:f3:eb:7d:7:a8
 0h00:05.553 2022/08/09T12:00:55z: SSID: MU Open
 0h00:05.558 2022/08/09T12:00:55z: AP_STAR tmr
 ets Jan  8 2013,rst cause:4, boot mode:(3,7)

wdt reset
load 0x4010f000, len 1384, room 16 
tail 8
chksum 0x2d
csum 0x2d
v8b899c12
~ld


6.01
 0h00:05.360 2022/08/09T12:21:00z: DS3231
 0h00:05.375 2022/08/09T12:21:00z: BME280 (0x76)
 0h00:05.389 2022/08/09T12:21:00z: 84:f3:eb:7d:7:a8
 0h00:05.391 2022/08/09T12:21:00z: SSID: MU Open
 0h00:05.396 2022/08/09T12:21:00z: AP_STAR tmr
 ets Jan  8 2013,rst cause:4, boot mode:(3,7)

wdt reset
load 0x4010f000, len 1384, room 16 
tail 8
chksum 0x2d
csum 0x2d
v8b899c12
~ld


6.01
 0h00:05.392 2022/08/09T12:41:04z: DS3231
 0h00:05.408 2022/08/09T12:41:04z: BME280 (0x76)
 0h00:05.422 2022/08/09T12:41:04z: 84:f3:eb:7d:7:a8
 0h00:05.424 2022/08/09T12:41:04z: SSID: MU Open
 0h00:05.429 2022/08/09T12:41:04z: AP_STAR tmr
 ets Jan  8 2013,rst cause:4, boot mode:(3,7)

wdt reset
load 0x4010f000, len 1384, room 16 
tail 8
chksum 0x2d
csum 0x2d
v8b899c12
~ld


6.01
 0h00:05.343 2022/08/09T13:01:08z: DS3231
 0h00:05.358 2022/08/09T13:01:08z: BME280 (0x76)
 0h00:05.372 2022/08/09T13:01:08z: 84:f3:eb:7d:7:a8
 0h00:05.374 2022/08/09T13:01:08z: SSID: MU Open
 0h00:05.379 2022/08/09T13:01:08z: AP_STAR tmr
 ets Jan  8 2013,rst cause:4, boot mode:(3,7)

wdt reset
load 0x4010f000, len 1384, room 16 
tail 8
chksum 0x2d
csum 0x2d
v8b899c12
~ld


6.01
 0h00:05.362 2022/08/09T13:21:13z: DS3231
 0h00:05.377 2022/08/09T13:21:13z: BME280 (0x76)
 0h00:05.391 2022/08/09T13:21:13z: 84:f3:eb:7d:7:a8
 0h00:05.393 2022/08/09T13:21:13z: SSID: MU Open
 0h00:05.398 2022/08/09T13:21:13z: AP_STAR tmr
 ets Jan  8 2013,rst cause:4, boot mode:(3,7)

wdt reset
load 0x4010f000, len 1384, room 16 
tail 8
chksum 0x2d
csum 0x2d
v8b899c12
~ld


6.01
 0h00:05.287 2022/08/09T13:41:18z: DS3231
 0h00:05.302 2022/08/09T13:41:18z: BME280 (0x76)
 0h00:05.316 2022/08/09T13:41:18z: 84:f3:eb:7d:7:a8
 0h00:05.318 2022/08/09T13:41:18z: SSID: MU Open
 0h00:05.323 2022/08/09T13:41:18z: AP_STAR tmr
 ets Jan  8 2013,rst cause:4, boot mode:(3,7)

wdt reset
load 0x4010f000, len 1384, room 16 
tail 8
chksum 0x2d
csum 0x2d
v8b899c12
~ld


6.01
 0h00:05.363 2022/08/09T14:01:22z: DS3231
 0h00:05.378 2022/08/09T14:01:22z: BME280 (0x76)
 0h00:05.392 2022/08/09T14:01:22z: 84:f3:eb:7d:7:a8
 0h00:05.394 2022/08/09T14:01:22z: SSID: MU Open
 0h00:05.399 2022/08/09T14:01:22z: AP_STAR tmr
 ets Jan  8 2013,rst cause:4, boot mode:(3,7)

wdt reset
load 0x4010f000, len 1384, room 16 
tail 8
chksum 0x2d
csum 0x2d
v8b899c12
~ld


6.01
 0h00:05.413 2022/08/09T14:21:27z: DS3231
 0h00:05.428 2022/08/09T14:21:27z: BME280 (0x76)
 0h00:05.443 2022/08/09T14:21:27z: 84:f3:eb:7d:7:a8
 0h00:05.444 2022/08/09T14:21:27z: SSID: MU Open
 0h00:05.449 2022/08/09T14:21:27z: AP_STAR tmr
 ets Jan  8 2013,rst cause:4, boot mode:(3,7)

wdt reset
load 0x4010f000, len 1384, room 16 
tail 8
chksum 0x2d
csum 0x2d
v8b899c12
~ld


6.01
 0h00:05.541 2022/08/09T14:41:32z: DS3231
 0h00:05.556 2022/08/09T14:41:32z: BME280 (0x76)
 0h00:05.570 2022/08/09T14:41:32z: 84:f3:eb:7d:7:a8
 0h00:05.572 2022/08/09T14:41:32z: SSID: MU Open
 0h00:05.577 2022/08/09T14:41:32z: AP_STAR tmr
 ets Jan  8 2013,rst cause:4, boot mode:(3,7)

wdt reset
load 0x4010f000, len 1384, room 16 
tail 8
chksum 0x2d
csum 0x2d
v8b899c12
~ld


6.01
 0h00:05.472 2022/08/09T15:01:36z: DS3231
 0h00:05.488 2022/08/09T15:01:36z: BME280 (0x76)
 0h00:05.502 2022/08/09T15:01:36z: 84:f3:eb:7d:7:a8
 0h00:05.504 2022/08/09T15:01:36z: SSID: MU Open
 0h00:05.509 2022/08/09T15:01:36z: AP_STAR tmr
 ets Jan  8 2013,rst cause:4, boot mode:(3,7)

wdt reset
load 0x4010f000, len 1384, room 16 
tail 8
chksum 0x2d
csum 0x2d
v8b899c12
~ld


6.01
 0h00:05.431 2022/08/09T15:21:41z: DS3231
 0h00:05.446 2022/08/09T15:21:41z: BME280 (0x76)
 0h00:05.460 2022/08/09T15:21:41z: 84:f3:eb:7d:7:a8
 0h00:05.462 2022/08/09T15:21:41z: SSID: MU Open
 0h00:05.467 2022/08/09T15:21:41z: AP_STAR tmr
 ets Jan  8 2013,rst cause:4, boot mode:(3,7)

wdt reset
load 0x4010f000, len 1384, room 16 
tail 8
chksum 0x2d
csum 0x2d
v8b899c12
~ld


6.01
 0h00:05.534 2022/08/09T15:41:46z: DS3231
 0h00:05.549 2022/08/09T15:41:46z: BME280 (0x76)
 0h00:05.563 2022/08/09T15:41:46z: 84:f3:eb:7d:7:a8
 0h00:05.565 2022/08/09T15:41:46z: SSID: MU Open
 0h00:05.570 2022/08/09T15:41:46z: AP_STAR tmr
 ets Jan  8 2013,rst cause:4, boot mode:(3,7)

wdt reset
load 0x4010f000, len 1384, room 16 
tail 8
chksum 0x2d
csum 0x2d
v8b899c12
~ld


6.01
 0h00:05.326 2022/08/09T16:01:50z: DS3231
 0h00:05.341 2022/08/09T16:01:50z: BME280 (0x76)
 0h00:05.355 2022/08/09T16:01:50z: 84:f3:eb:7d:7:a8
 0h00:05.357 2022/08/09T16:01:50z: SSID: MU Open
 0h00:05.362 2022/08/09T16:01:50z: AP_STAR tmr
 ets Jan  8 2013,rst cause:4, boot mode:(3,7)

wdt reset
load 0x4010f000, len 1384, room 16 
tail 8
chksum 0x2d
csum 0x2d
v8b899c12
~ld


6.01
 0h00:05.308 2022/08/09T16:21:54z: DS3231
 0h00:05.323 2022/08/09T16:21:54z: BME280 (0x76)
 0h00:05.338 2022/08/09T16:21:54z: 84:f3:eb:7d:7:a8
 0h00:05.339 2022/08/09T16:21:54z: SSID: MU Open
 0h00:05.344 2022/08/09T16:21:54z: AP_STAR tmr
 ets Jan  8 2013,rst cause:4, boot mode:(3,7)

wdt reset
load 0x4010f000, len 1384, room 16 
tail 8
chksum 0x2d
csum 0x2d
v8b899c12
~ld


6.01
 0h00:05.243 2022/08/09T16:41:58z: DS3231
 0h00:05.258 2022/08/09T16:41:58z: BME280 (0x76)
 0h00:05.273 2022/08/09T16:41:58z: 84:f3:eb:7d:7:a8
 0h00:05.274 2022/08/09T16:41:58z: SSID: MU Open
 0h00:05.279 2022/08/09T16:41:58z: AP_STAR tmr
 ets Jan  8 2013,rst cause:4, boot mode:(3,7)

wdt reset
load 0x4010f000, len 1384, room 16 
tail 8
chksum 0x2d
csum 0x2d
v8b899c12
~ld


6.01
 0h00:05.311 2022/08/09T17:02:03z: DS3231
 0h00:05.326 2022/08/09T17:02:03z: BME280 (0x76)
 0h00:05.340 2022/08/09T17:02:03z: 84:f3:eb:7d:7:a8
 0h00:05.342 2022/08/09T17:02:03z: SSID: MU Open
 0h00:05.347 2022/08/09T17:02:03z: AP_STAR tmr
 ets Jan  8 2013,rst cause:4, boot mode:(3,7)

wdt reset
load 0x4010f000, len 1384, room 16 
tail 8
chksum 0x2d
csum 0x2d
v8b899c12
~ld


6.01
 0h00:05.091 2022/08/09T17:22:07z: DS3231
 0h00:05.106 2022/08/09T17:22:07z: BME280 (0x76)
 0h00:05.120 2022/08/09T17:22:07z: 84:f3:eb:7d:7:a8
 0h00:05.122 2022/08/09T17:22:07z: SSID: MU Open
 0h00:05.127 2022/08/09T17:22:07z: AP_STAR tmr
 ets Jan  8 2013,rst cause:4, boot mode:(3,7)

wdt reset
load 0x4010f000, len 1384, room 16 
tail 8
chksum 0x2d
csum 0x2d
v8b899c12
~ld


6.01
 0h00:05.136 2022/08/09T17:42:10z: DS3231
 0h00:05.151 2022/08/09T17:42:10z: BME280 (0x76)
 0h00:05.165 2022/08/09T17:42:10z: 84:f3:eb:7d:7:a8
 0h00:05.167 2022/08/09T17:42:10z: SSID: MU Open
 0h00:05.172 2022/08/09T17:42:10z: AP_STAR tmr
 ets Jan  8 2013,rst cause:4, boot mode:(3,7)

wdt reset
load 0x4010f000, len 1384, room 16 
tail 8
chksum 0x2d
csum 0x2d
v8b899c12
~ld


6.01
 0h00:05.063 2022/08/09T18:02:14z: DS3231
 0h00:05.078 2022/08/09T18:02:14z: BME280 (0x76)
 0h00:05.092 2022/08/09T18:02:14z: 84:f3:eb:7d:7:a8
 0h00:05.094 2022/08/09T18:02:14z: SSID: MU Open
 0h00:05.099 2022/08/09T18:02:14z: AP_STAR tmr
 ets Jan  8 2013,rst cause:4, boot mode:(3,7)

wdt reset
load 0x4010f000, len 1384, room 16 
tail 8
chksum 0x2d
csum 0x2d
v8b899c12
~ld


6.01
 0h00:05.285 2022/08/09T18:22:18z: DS3231
 0h00:05.300 2022/08/09T18:22:18z: BME280 (0x76)
 0h00:05.315 2022/08/09T18:22:18z: 84:f3:eb:7d:7:a8
 0h00:05.316 2022/08/09T18:22:18z: SSID: MU Open
 0h00:05.321 2022/08/09T18:22:18z: AP_STAR tmr
 ets Jan  8 2013,rst cause:4, boot mode:(3,7)

wdt reset
load 0x4010f000, len 1384, room 16 
tail 8
chksum 0x2d
csum 0x2d
v8b899c12
~ld


6.01
 0h00:05.258 2022/08/09T18:42:22z: DS3231
 0h00:05.273 2022/08/09T18:42:23z: BME280 (0x76)
 0h00:05.287 2022/08/09T18:42:23z: 84:f3:eb:7d:7:a8
 0h00:05.289 2022/08/09T18:42:23z: SSID: MU Open
 0h00:05.294 2022/08/09T18:42:23z: AP_STAR tmr
 ets Jan  8 2013,rst cause:4, boot mode:(3,7)

wdt reset
load 0x4010f000, len 1384, room 16 
tail 8
chksum 0x2d
csum 0x2d
v8b899c12
~ld


6.01
 0h00:05.238 2022/08/09T19:02:27z: DS3231
 0h00:05.254 2022/08/09T19:02:27z: BME280 (0x76)
 0h00:05.268 2022/08/09T19:02:27z: 84:f3:eb:7d:7:a8
 0h00:05.269 2022/08/09T19:02:27z: SSID: MU Open
 0h00:05.275 2022/08/09T19:02:27z: AP_STAR tmr
 ets Jan  8 2013,rst cause:4, boot mode:(3,7)

wdt reset
load 0x4010f000, len 1384, room 16 
tail 8
chksum 0x2d
csum 0x2d
v8b899c12
~ld


6.01
 0h00:05.001 2022/08/09T19:22:31z: DS3231
 0h00:05.016 2022/08/09T19:22:31z: BME280 (0x76)
 0h00:05.030 2022/08/09T19:22:31z: 84:f3:eb:7d:7:a8
 0h00:05.032 2022/08/09T19:22:31z: SSID: MU Open
 0h00:05.037 2022/08/09T19:22:31z: AP_STAR tmr
 ets Jan  8 2013,rst cause:4, boot mode:(3,7)

wdt reset
load 0x4010f000, len 1384, room 16 
tail 8
chksum 0x2d
csum 0x2d
v8b899c12
~ld


6.01
 0h00:05.087 2022/08/09T19:42:35z: DS3231
 0h00:05.102 2022/08/09T19:42:35z: BME280 (0x76)
 0h00:05.116 2022/08/09T19:42:35z: 84:f3:eb:7d:7:a8
 0h00:05.118 2022/08/09T19:42:35z: SSID: MU Open
 0h00:05.123 2022/08/09T19:42:35z: AP_STAR tmr
 ets Jan  8 2013,rst cause:4, boot mode:(3,7)

wdt reset
load 0x4010f000, len 1384, room 16 
tail 8
chksum 0x2d
csum 0x2d
v8b899c12
~ld


6.01
 0h00:05.097 2022/08/09T20:02:39z: DS3231
 0h00:05.112 2022/08/09T20:02:39z: BME280 (0x76)
 0h00:05.127 2022/08/09T20:02:39z: 84:f3:eb:7d:7:a8
 0h00:05.128 2022/08/09T20:02:39z: SSID: MU Open
 0h00:05.133 2022/08/09T20:02:39z: AP_STAR tmr
 ets Jan  8 2013,rst cause:4, boot mode:(3,7)

wdt reset
load 0x4010f000, len 1384, room 16 
tail 8
chksum 0x2d
csum 0x2d
v8b899c12
~ld


6.01
 0h00:04.839 2022/08/09T20:22:42z: DS3231
 0h00:04.855 2022/08/09T20:22:42z: BME280 (0x76)
 0h00:04.869 2022/08/09T20:22:42z: 84:f3:eb:7d:7:a8
 0h00:04.870 2022/08/09T20:22:42z: SSID: MU Open
 0h00:04.876 2022/08/09T20:22:42z: AP_STAR tmr
 ets Jan  8 2013,rst cause:4, boot mode:(3,7)

wdt reset
load 0x4010f000, len 1384, room 16 
tail 8
chksum 0x2d
csum 0x2d
v8b899c12
~ld


6.01
 0h00:05.100 2022/08/09T20:42:46z: DS3231
 0h00:05.115 2022/08/09T20:42:46z: BME280 (0x76)
 0h00:05.129 2022/08/09T20:42:46z: 84:f3:eb:7d:7:a8
 0h00:05.131 2022/08/09T20:42:46z: SSID: MU Open
 0h00:05.136 2022/08/09T20:42:46z: AP_STAR tmr
 ets Jan  8 2013,rst cause:4, boot mode:(3,7)

wdt reset
load 0x4010f000, len 1384, room 16 
tail 8
chksum 0x2d
csum 0x2d
v8b899c12
~ld


6.01
 0h00:05.065 2022/08/09T21:02:49z: DS3231
 0h00:05.080 2022/08/09T21:02:49z: BME280 (0x76)
 0h00:05.094 2022/08/09T21:02:49z: 84:f3:eb:7d:7:a8
 0h00:05.096 2022/08/09T21:02:49z: SSID: MU Open
 0h00:05.101 2022/08/09T21:02:49z: AP_STAR tmr
 ets Jan  8 2013,rst cause:4, boot mode:(3,7)

wdt reset
load 0x4010f000, len 1384, room 16 
tail 8
chksum 0x2d
csum 0x2d
v8b899c12
~ld


6.01
 0h00:05.145 2022/08/09T21:22:53z: DS3231
 0h00:05.160 2022/08/09T21:22:53z: BME280 (0x76)
 0h00:05.174 2022/08/09T21:22:53z: 84:f3:eb:7d:7:a8
 0h00:05.176 2022/08/09T21:22:53z: SSID: MU Open
 0h00:05.181 2022/08/09T21:22:53z: AP_STAR tmr
 ets Jan  8 2013,rst cause:4, boot mode:(3,7)

wdt reset
load 0x4010f000, len 1384, room 16 
tail 8
chksum 0x2d
csum 0x2d
v8b899c12
~ld


6.01
 0h00:04.957 2022/08/09T21:42:57z: DS3231
 0h00:04.973 2022/08/09T21:42:57z: BME280 (0x76)
 0h00:04.987 2022/08/09T21:42:57z: 84:f3:eb:7d:7:a8
 0h00:04.989 2022/08/09T21:42:57z: SSID: MU Open
 0h00:04.994 2022/08/09T21:42:57z: AP_STAR tmr
 ets Jan  8 2013,rst cause:4, boot mode:(3,7)

wdt reset
load 0x4010f000, len 1384, room 16 
tail 8
chksum 0x2d
csum 0x2d
v8b899c12
~ld


6.01
 0h00:05.090 2022/08/09T22:03:02z: DS3231
 0h00:05.105 2022/08/09T22:03:02z: BME280 (0x76)
 0h00:05.119 2022/08/09T22:03:02z: 84:f3:eb:7d:7:a8
 0h00:05.121 2022/08/09T22:03:02z: SSID: MU Open
 0h00:05.126 2022/08/09T22:03:02z: AP_STAR tmr
 ets Jan  8 2013,rst cause:4, boot mode:(3,7)

wdt reset
load 0x4010f000, len 1384, room 16 
tail 8
chksum 0x2d
csum 0x2d
v8b899c12
~ld


6.01
 0h00:05.187 2022/08/09T22:23:06z: DS3231
 0h00:05.202 2022/08/09T22:23:06z: BME280 (0x76)
 0h00:05.217 2022/08/09T22:23:06z: 84:f3:eb:7d:7:a8
 0h00:05.218 2022/08/09T22:23:06z: SSID: MU Open
 0h00:05.223 2022/08/09T22:23:06z: AP_STAR tmr
 ets Jan  8 2013,rst cause:4, boot mode:(3,7)

wdt reset
load 0x4010f000, len 1384, room 16 
tail 8
chksum 0x2d
csum 0x2d
v8b899c12
~ld


6.01
 0h00:05.259 2022/08/09T22:43:10z: DS3231
 0h00:05.274 2022/08/09T22:43:10z: BME280 (0x76)
 0h00:05.289 2022/08/09T22:43:10z: 84:f3:eb:7d:7:a8
 0h00:05.290 2022/08/09T22:43:10z: SSID: MU Open
 0h00:05.295 2022/08/09T22:43:10z: AP_STAR tmr
 ets Jan  8 2013,rst cause:4, boot mode:(3,7)

wdt reset
load 0x4010f000, len 1384, room 16 
tail 8
chksum 0x2d
csum 0x2d
v8b899c12
~ld


6.01
 0h00:05.381 2022/08/09T23:03:15z: DS3231
 0h00:05.396 2022/08/09T23:03:15z: BME280 (0x76)
 0h00:05.410 2022/08/09T23:03:15z: 84:f3:eb:7d:7:a8
 0h00:05.412 2022/08/09T23:03:15z: SSID: MU Open
 0h00:05.417 2022/08/09T23:03:15z: AP_STAR tmr
 ets Jan  8 2013,rst cause:4, boot mode:(3,7)

wdt reset
load 0x4010f000, len 1384, room 16 
tail 8
chksum 0x2d
csum 0x2d
v8b899c12
~ld


6.01
 0h00:05.426 2022/08/09T23:23:20z: DS3231
 0h00:05.442 2022/08/09T23:23:20z: BME280 (0x76)
 0h00:05.456 2022/08/09T23:23:20z: 84:f3:eb:7d:7:a8
 0h00:05.458 2022/08/09T23:23:20z: SSID: MU Open
 0h00:05.463 2022/08/09T23:23:20z: AP_STAR tmr
 ets Jan  8 2013,rst cause:4, boot mode:(3,7)

wdt reset
load 0x4010f000, len 1384, room 16 
tail 8
chksum 0x2d
csum 0x2d
v8b899c12
~ld


6.01
 0h00:05.366 2022/08/09T23:43:25z: DS3231
 0h00:05.382 2022/08/09T23:43:25z: BME280 (0x76)
 0h00:05.396 2022/08/09T23:43:25z: 84:f3:eb:7d:7:a8
 0h00:05.398 2022/08/09T23:43:25z: SSID: MU Open
 0h00:05.403 2022/08/09T23:43:25z: AP_STA