R tmr
 ets Jan  8 2013,rst cause:4, boot mode:(3,7)

wdt reset
load 0x4010f000, len 1384, room 16 
tail 8
chksum 0x2d
csum 0x2d
v8b899c12
~ld


6.01
 0h00:04.566 2022/04/17T00:16:47z: DS3231
 0h00:04.582 2022/04/17T00:16:47z: BME280 (0x76)
 0h00:04.596 2022/04/17T00:16:47z: 84:f3:eb:7d:7:a8
 0h00:04.598 2022/04/17T00:16:47z: SSID: MU Open
 0h00:04.603 2022/04/17T00:16:47z: AP_STAR tmr
 ets Jan  8 2013,rst cause:4, boot mode:(3,7)

wdt reset
load 0x4010f000, len 1384, room 16 
tail 8
chksum 0x2d
csum 0x2d
v8b899c12
~ld


6.01
 0h00:04.520 2022/04/17T00:36:49z: DS3231
 0h00:04.535 2022/04/17T00:36:49z: BME280 (0x76)
 0h00:04.549 2022/04/17T00:36:49z: 84:f3:eb:7d:7:a8
 0h00:04.551 2022/04/17T00:36:49z: SSID: MU Open
 0h00:04.556 2022/04/17T00:36:49z: AP_STAR tmr
 ets Jan  8 2013,rst cause:4, boot mode:(3,7)

wdt reset
load 0x4010f000, len 1384, room 16 
tail 8
chksum 0x2d
csum 0x2d
v8b899c12
~ld


6.01
 0h00:04.588 2022/04/17T00:56:50z: DS3231
 0h00:04.603 2022/04/17T00:56:50z: BME280 (0x76)
 0h00:04.618 2022/04/17T00:56:50z: 84:f3:eb:7d:7:a8
 0h00:04.619 2022/04/17T00:56:50z: SSID: MU Open
 0h00:04.624 2022/04/17T00:56:50z: AP_STAR tmr
 ets Jan  8 2013,rst cause:4, boot mode:(3,7)

wdt reset
load 0x4010f000, len 1384, room 16 
tail 8
chksum 0x2d
csum 0x2d
v8b899c12
~ld


6.01
 0h00:04.566 2022/04/17T01:16:52z: DS3231
 0h00:04.582 2022/04/17T01:16:52z: BME280 (0x76)
 0h00:04.596 2022/04/17T01:16:52z: 84:f3:eb:7d:7:a8
 0h00:04.597 2022/04/17T01:16:52z: SSID: MU Open
 0h00:04.603 2022/04/17T01:16:52z: AP_STAR tmr
 ets Jan  8 2013,rst cause:4, boot mode:(3,7)

wdt reset
load 0x4010f000, len 1384, room 16 
tail 8
chksum 0x2d
csum 0x2d
v8b899c12
~ld


6.01
 0h00:04.680 2022/04/17T01:36:54z: DS3231
 0h00:04.696 2022/04/17T01:36:54z: BME280 (0x76)
 0h00:04.710 2022/04/17T01:36:54z: 84:f3:eb:7d:7:a8
 0h00:04.712 2022/04/17T01:36:54z: SSID: MU Open
 0h00:04.717 2022/04/17T01:36:54z: AP_STAR tmr
 ets Jan  8 2013,rst cause:4, boot mode:(3,7)

wdt reset
load 0x4010f000, len 1384, room 16 
tail 8
chksum 0x2d
csum 0x2d
v8b899c12
~ld


6.01
 0h00:04.923 2022/04/17T01:56:56z: DS3231
 0h00:04.938 2022/04/17T01:56:56z: BME280 (0x76)
 0h00:04.952 2022/04/17T01:56:56z: 84:f3:eb:7d:7:a8
 0h00:04.954 2022/04/17T01:56:56z: SSID: MU Open
 0h00:04.959 2022/04/17T01:56:56z: AP_STAR tmr
 ets Jan  8 2013,rst cause:4, boot mode:(3,7)

wdt reset
load 0x4010f000, len 1384, room 16 
tail 8
chksum 0x2d
csum 0x2d
v8b899c12
~ld


6.01
 0h00:04.412 2022/04/17T02:16:57z: DS3231
 0h00:04.428 2022/04/17T02:16:57z: BME280 (0x76)
 0h00:04.442 2022/04/17T02:16:57z: 84:f3:eb:7d:7:a8
 0h00:04.443 2022/04/17T02:16:57z: SSID: MU Open
 0h00:04.449 2022/04/17T02:16:57z: AP_STAR tmr
 ets Jan  8 2013,rst cause:4, boot mode:(3,7)

wdt reset
load 0x4010f000, len 1384, room 16 
tail 8
chksum 0x2d
csum 0x2d
v8b899c12
~ld


6.01
 0h00:04.723 2022/04/17T02:37:00z: DS3231
 0h00:04.739 2022/04/17T02:37:00z: BME280 (0x76)
 0h00:04.753 2022/04/17T02:37:00z: 84:f3:eb:7d:7:a8
 0h00:04.755 2022/04/17T02:37:00z: SSID: MU Open
 0h00:04.760 2022/04/17T02:37:00z: AP_STAR tmr
 ets Jan  8 2013,rst cause:4, boot mode:(3,7)

wdt reset
load 0x4010f000, len 1384, room 16 
tail 8
chksum 0x2d
csum 0x2d
v8b899c12
~ld


6.01
 0h00:04.697 2022/04/17T02:57:02z: DS3231
 0h00:04.712 2022/04/17T02:57:02z: BME280 (0x76)
 0h00:04.727 2022/04/17T02:57:02z: 84:f3:eb:7d:7:a8
 0h00:04.728 2022/04/17T02:57:02z: SSID: MU Open
 0h00:04.733 2022/04/17T02:57:02z: AP_STAR tmr
 ets Jan  8 2013,rst cause:4, boot mode:(3,7)

wdt reset
load 0x4010f000, len 1384, room 16 
tail 8
chksum 0x2d
csum 0x2d
v8b899c12
~ld


6.01
 0h00:04.906 2022/04/17T03:17:04z: DS3231
 0h00:04.921 2022/04/17T03:17:04z: BME280 (0x76)
 0h00:04.935 2022/04/17T03:17:04z: 84:f3:eb:7d:7:a8
 0h00:04.937 2022/04/17T03:17:04z: SSID: MU Open
 0h00:04.942 2022/04/17T03:17:04z: AP_STAR tmr
 ets Jan  8 2013,rst cause:4, boot mode:(3,7)

wdt reset
load 0x4010f000, len 1384, room 16 
tail 8
chksum 0x2d
csum 0x2d
v8b899c12
~ld


6.01
 0h00:04.881 2022/04/17T03:37:07z: DS3231
 0h00:04.896 2022/04/17T03:37:07z: BME280 (0x76)
 0h00:04.910 2022/04/17T03:37:07z: 84:f3:eb:7d:7:a8
 0h00:04.912 2022/04/17T03:37:07z: SSID: MU Open
 0h00:04.917 2022/04/17T03:37:07z: AP_STAR tmr
 ets Jan  8 2013,rst cause:4, boot mode:(3,7)

wdt reset
load 0x4010f000, len 1384, room 16 
tail 8
chksum 0x2d
csum 0x2d
v8b899c12
~ld


6.01
 0h00:04.607 2022/04/17T03:57:09z: DS3231
 0h00:04.622 2022/04/17T03:57:09z: BME280 (0x76)
 0h00:04.636 2022/04/17T03:57:09z: 84:f3:eb:7d:7:a8
 0h00:04.638 2022/04/17T03:57:09z: SSID: MU Open
 0h00:04.643 2022/04/17T03:57:09z: AP_STAR tmr
 ets Jan  8 2013,rst cause:4, boot mode:(3,7)

wdt reset
load 0x4010f000, len 1384, room 16 
tail 8
chksum 0x2d
csum 0x2d
v8b899c12
~ld


6.01
 0h00:04.656 2022/04/17T04:17:11z: DS3231
 0h00:04.672 2022/04/17T04:17:11z: BME280 (0x76)
 0h00:04.686 2022/04/17T04:17:11z: 84:f3:eb:7d:7:a8
 0h00:04.687 2022/04/17T04:17:11z: SSID: MU Open
 0h00:04.693 2022/04/17T04:17:11z: AP_STAR tmr
 ets Jan  8 2013,rst cause:4, boot mode:(3,7)

wdt reset
load 0x4010f000, len 1384, room 16 
tail 8
chksum 0x2d
csum 0x2d
v8b899c12
~ld


6.01
 0h00:04.651 2022/04/17T04:37:13z: DS3231
 0h00:04.667 2022/04/17T04:37:13z: BME280 (0x76)
 0h00:04.681 2022/04/17T04:37:13z: 84:f3:eb:7d:7:a8
 0h00:04.682 2022/04/17T04:37:13z: SSID: MU Open
 0h00:04.688 2022/04/17T04:37:13z: AP_STAR tmr
 ets Jan  8 2013,rst cause:4, boot mode:(3,7)

wdt reset
load 0x4010f000, len 1384, room 16 
tail 8
chksum 0x2d
csum 0x2d
v8b899c12
~ld


6.01
 0h00:04.664 2022/04/17T04:57:16z: DS3231
 0h00:04.680 2022/04/17T04:57:16z: BME280 (0x76)
 0h00:04.694 2022/04/17T04:57:16z: 84:f3:eb:7d:7:a8
 0h00:04.696 2022/04/17T04:57:16z: SSID: MU Open
 0h00:04.701 2022/04/17T04:57:16z: AP_STAR tmr
 ets Jan  8 2013,rst cause:4, boot mode:(3,7)

wdt reset
load 0x4010f000, len 1384, room 16 
tail 8
chksum 0x2d
csum 0x2d
v8b899c12
~ld


6.01
 0h00:04.644 2022/04/17T05:17:18z: DS3231
 0h00:04.659 2022/04/17T05:17:18z: BME280 (0x76)
 0h00:04.673 2022/04/17T05:17:18z: 84:f3:eb:7d:7:a8
 0h00:04.675 2022/04/17T05:17:18z: SSID: MU Open
 0h00:04.680 2022/04/17T05:17:18z: AP_STAR tmr
 ets Jan  8 2013,rst cause:4, boot mode:(3,7)

wdt reset
load 0x4010f000, len 1384, room 16 
tail 8
chksum 0x2d
csum 0x2d
v8b899c12
~ld


6.01
 0h00:04.419 2022/04/17T05:37:20z: DS3231
 0h00:04.434 2022/04/17T05:37:20z: BME280 (0x76)
 0h00:04.448 2022/04/17T05:37:20z: 84:f3:eb:7d:7:a8
 0h00:04.450 2022/04/17T05:37:20z: SSID: MU Open
 0h00:04.455 2022/04/17T05:37:20z: AP_STAR tmr
 ets Jan  8 2013,rst cause:4, boot mode:(3,7)

wdt reset
load 0x4010f000, len 1384, room 16 
tail 8
chksum 0x2d
csum 0x2d
v8b899c12
~ld


6.01
 0h00:04.924 2022/04/17T05:57:22z: DS3231
 0h00:04.939 2022/04/17T05:57:22z: BME280 (0x76)
 0h00:04.953 2022/04/17T05:57:22z: 84:f3:eb:7d:7:a8
 0h00:04.955 2022/04/17T05:57:22z: SSID: MU Open
 0h00:04.960 2022/04/17T05:57:22z: AP_STAR tmr
 ets Jan  8 2013,rst cause:4, boot mode:(3,7)

wdt reset
load 0x4010f000, len 1384, room 16 
tail 8
chksum 0x2d
csum 0x2d
v8b899c12
~ld


6.01
 0h00:04.807 2022/04/17T06:17:24z: DS3231
 0h00:04.822 2022/04/17T06:17:24z: BME280 (0x76)
 0h00:04.836 2022/04/17T06:17:24z: 84:f3:eb:7d:7:a8
 0h00:04.838 2022/04/17T06:17:24z: SSID: MU Open
 0h00:04.843 2022/04/17T06:17:24z: AP_STAR tmr
 ets Jan  8 2013,rst cause:4, boot mode:(3,7)

wdt reset
load 0x4010f000, len 1384, room 16 
tail 8
chksum 0x2d
csum 0x2d
v8b899c12
~ld


6.01
 0h00:04.935 2022/04/17T06:37:26z: DS3231
 0h00:04.951 2022/04/17T06:37:26z: BME280 (0x76)
 0h00:04.965 2022/04/17T06:37:26z: 84:f3:eb:7d:7:a8
 0h00:04.967 2022/04/17T06:37:26z: SSID: MU Open
 0h00:04.972 2022/04/17T06:37:26z: AP_STAR tmr
 ets Jan  8 2013,rst cause:4, boot mode:(3,7)

wdt reset
load 0x4010f000, len 1384, room 16 
tail 8
chksum 0x2d
csum 0x2d
v8b899c12
~ld


6.01
 0h00:04.755 2022/04/17T06:57:29z: DS3231
 0h00:04.770 2022/04/17T06:57:29z: BME280 (0x76)
 0h00:04.784 2022/04/17T06:57:29z: 84:f3:eb:7d:7:a8
 0h00:04.786 2022/04/17T06:57:29z: SSID: MU Open
 0h00:04.791 2022/04/17T06:57:29z: AP_STAR tmr
 ets Jan  8 2013,rst cause:4, boot mode:(3,7)

wdt reset
load 0x4010f000, len 1384, room 16 
tail 8
chksum 0x2d
csum 0x2d
v8b899c12
~ld


6.01
 0h00:04.619 2022/04/17T07:17:30z: DS3231
 0h00:04.634 2022/04/17T07:17:30z: BME280 (0x76)
 0h00:04.648 2022/04/17T07:17:30z: 84:f3:eb:7d:7:a8
 0h00:04.650 2022/04/17T07:17:30z: SSID: MU Open
 0h00:04.655 2022/04/17T07:17:30z: AP_STAR tmr
 ets Jan  8 2013,rst cause:4, boot mode:(3,7)

wdt reset
load 0x4010f000, len 1384, room 16 
tail 8
chksum 0x2d
csum 0x2d
v8b899c12
~ld


6.01
 0h00:04.487 2022/04/17T07:37:31z: DS3231
 0h00:04.502 2022/04/17T07:37:31z: BME280 (0x76)
 0h00:04.517 2022/04/17T07:37:31z: 84:f3:eb:7d:7:a8
 0h00:04.518 2022/04/17T07:37:31z: SSID: MU Open
 0h00:04.523 2022/04/17T07:37:31z: AP_STAR tmr
 ets Jan  8 2013,rst cause:4, boot mode:(3,7)

wdt reset
load 0x4010f000, len 1384, room 16 
tail 8
chksum 0x2d
csum 0x2d
v8b899c12
~ld


6.01
 0h00:04.749 2022/04/17T07:57:33z: DS3231
 0h00:04.764 2022/04/17T07:57:33z: BME280 (0x76)
 0h00:04.778 2022/04/17T07:57:33z: 84:f3:eb:7d:7:a8
 0h00:04.780 2022/04/17T07:57:33z: SSID: MU Open
 0h00:04.785 2022/04/17T07:57:33z: AP_STAR tmr
 ets Jan  8 2013,rst cause:4, boot mode:(3,7)

wdt reset
load 0x4010f000, len 1384, room 16 
tail 8
chksum 0x2d
csum 0x2d
v8b899c12
~ld


6.01
 0h00:04.685 2022/04/17T08:17:35z: DS3231
 0h00:04.701 2022/04/17T08:17:35z: BME280 (0x76)
 0h00:04.715 2022/04/17T08:17:35z: 84:f3:eb:7d:7:a8
 0h00:04.716 2022/04/17T08:17:35z: SSID: MU Open
 0h00:04.722 2022/04/17T08:17:35z: AP_STAR tmr
 ets Jan  8 2013,rst cause:4, boot mode:(3,7)

wdt reset
load 0x4010f000, len 1384, room 16 
tail 8
chksum 0x2d
csum 0x2d
v8b899c12
~ld


6.01
 0h00:04.533 2022/04/17T08:37:37z: DS3231
 0h00:04.548 2022/04/17T08:37:37z: BME280 (0x76)
 0h00:04.562 2022/04/17T08:37:37z: 84:f3:eb:7d:7:a8
 0h00:04.564 2022/04/17T08:37:37z: SSID: MU Open
 0h00:04.569 2022/04/17T08:37:37z: AP_STAR tmr
 ets Jan  8 2013,rst cause:4, boot mode:(3,7)

wdt reset
load 0x4010f000, len 1384, room 16 
tail 8
chksum 0x2d
csum 0x2d
v8b899c12
~ld


6.01
 0h00:04.481 2022/04/17T08:57:38z: DS3231
 0h00:04.496 2022/04/17T08:57:38z: BME280 (0x76)
 0h00:04.510 2022/04/17T08:57:38z: 84:f3:eb:7d:7:a8
 0h00:04.512 2022/04/17T08:57:38z: SSID: MU Open
 0h00:04.517 2022/04/17T08:57:38z: AP_STAR tmr
 ets Jan  8 2013,rst cause:4, boot mode:(3,7)

wdt reset
load 0x4010f000, len 1384, room 16 
tail 8
chksum 0x2d
csum 0x2d
v8b899c12
~ld


6.01
 0h00:04.318 2022/04/17T09:17:40z: DS3231
 0h00:04.333 2022/04/17T09:17:40z: BME280 (0x76)
 0h00:04.347 2022/04/17T09:17:40z: 84:f3:eb:7d:7:a8
 0h00:04.349 2022/04/17T09:17:40z: SSID: MU Open
 0h00:04.354 2022/04/17T09:17:40z: AP_STAR tmr
 ets Jan  8 2013,rst cause:4, boot mode:(3,7)

wdt reset
load 0x4010f000, len 1384, room 16 
tail 8
chksum 0x2d
csum 0x2d
v8b899c12
~ld


6.01
 0h00:04.535 2022/04/17T09:37:42z: DS3231
 0h00:04.551 2022/04/17T09:37:42z: BME280 (0x76)
 0h00:04.565 2022/04/17T09:37:42z: 84:f3:eb:7d:7:a8
 0h00:04.566 2022/04/17T09:37:42z: SSID: MU Open
 0h00:04.572 2022/04/17T09:37:42z: AP_STAR tmr
 ets Jan  8 2013,rst cause:4, boot mode:(3,7)

wdt reset
load 0x4010f000, len 1384, room 16 
tail 8
chksum 0x2d
csum 0x2d
v8b899c12
~ld


6.01
 0h00:04.764 2022/04/17T09:57:43z: DS3231
 0h00:04.779 2022/04/17T09:57:44z: BME280 (0x76)
 0h00:04.793 2022/04/17T09:57:44z: 84:f3:eb:7d:7:a8
 0h00:04.795 2022/04/17T09:57:44z: SSID: MU Open
 0h00:04.800 2022/04/17T09:57:44z: AP_STAR tmr
 ets Jan  8 2013,rst cause:4, boot mode:(3,7)

wdt reset
load 0x4010f000, len 1384, room 16 
tail 8
chksum 0x2d
csum 0x2d
v8b899c12
~ld


6.01
 0h00:04.856 2022/04/17T10:17:45z: DS3231
 0h00:04.872 2022/04/17T10:17:45z: BME280 (0x76)
 0h00:04.886 2022/04/17T10:17:45z: 84:f3:eb:7d:7:a8
 0h00:04.887 2022/04/17T10:17:45z: SSID: MU Open
 0h00:04.893 2022/04/17T10:17:45z: AP_STAR tmr
 ets Jan  8 2013,rst cause:4, boot mode:(3,7)

wdt reset
load 0x4010f000, len 1384, room 16 
tail 8
chksum 0x2d
csum 0x2d
v8b899c12
~ld


6.01
 0h00:04.722 2022/04/17T10:37:47z: DS3231
 0h00:04.737 2022/04/17T10:37:47z: BME280 (0x76)
 0h00:04.751 2022/04/17T10:37:47z: 84:f3:eb:7d:7:a8
 0h00:04.753 2022/04/17T10:37:47z: SSID: MU Open
 0h00:04.758 2022/04/17T10:37:47z: AP_STAR tmr
 ets Jan  8 2013,rst cause:4, boot mode:(3,7)

wdt reset
load 0x4010f000, len 1384, room 16 
tail 8
chksum 0x2d
csum 0x2d
v8b899c12
~ld


6.01
 0h00:04.677 2022/04/17T10:57:48z: DS3231
 0h00:04.692 2022/04/17T10:57:49z: BME280 (0x76)
 0h00:04.706 2022/04/17T10:57:49z: 84:f3:eb:7d:7:a8
 0h00:04.708 2022/04/17T10:57:49z: SSID: MU Open
 0h00:04.713 2022/04/17T10:57:49z: AP_STAR tmr
 ets Jan  8 2013,rst cause:4, boot mode:(3,7)

wdt reset
load 0x4010f000, len 1384, room 16 
tail 8
chksum 0x2d
csum 0x2d
v8b899c12
~ld


6.01
 0h00:04.675 2022/04/17T11:17:51z: DS3231
 0h00:04.690 2022/04/17T11:17:51z: BME280 (0x76)
 0h00:04.704 2022/04/17T11:17:51z: 84:f3:eb:7d:7:a8
 0h00:04.706 2022/04/17T11:17:51z: SSID: MU Open
 0h00:04.711 2022/04/17T11:17:51z: AP_STAR tmr
 ets Jan  8 2013,rst cause:4, boot mode:(3,7)

wdt reset
load 0x4010f000, len 1384, room 16 
tail 8
chksum 0x2d
csum 0x2d
v8b899c12
~ld


6.01
 0h00:04.365 2022/04/17T11:37:53z: DS3231
 0h00:04.380 2022/04/17T11:37:53z: BME280 (0x76)
 0h00:04.395 2022/04/17T11:37:53z: 84:f3:eb:7d:7:a8
 0h00:04.396 2022/04/17T11:37:53z: SSID: MU Open
 0h00:04.401 2022/04/17T11:37:53z: AP_STAR tmr
 ets Jan  8 2013,rst cause:4, boot mode:(3,7)

wdt reset
load 0x4010f000, len 1384, room 16 
tail 8
chksum 0x2d
csum 0x2d
v8b899c12
~ld


6.01
 0h00:04.638 2022/04/17T11:57:55z: DS3231
 0h00:04.654 2022/04/17T11:57:55z: BME280 (0x76)
 0h00:04.668 2022/04/17T11:57:55z: 84:f3:eb:7d:7:a8
 0h00:04.670 2022/04/17T11:57:55z: SSID: MU Open
 0h00:04.675 2022/04/17T11:57:55z: AP_STAR tmr
 ets Jan  8 2013,rst cause:4, boot mode:(3,7)

wdt reset
load 0x4010f000, len 1384, room 16 
tail 8
chksum 0x2d
csum 0x2d
v8b899c12
~ld


6.01
 0h00:04.671 2022/04/17T12:17:57z: DS3231
 0h00:04.686 2022/04/17T12:17:57z: BME280 (0x76)
 0h00:04.700 2022/04/17T12:17:57z: 84:f3:eb:7d:7:a8
 0h00:04.702 2022/04/17T12:17:57z: SSID: MU Open
 0h00:04.707 2022/04/17T12:17:57z: AP_STAR tmr
 ets Jan  8 2013,rst cause:4, boot mode:(3,7)

wdt reset
load 0x4010f000, len 1384, room 16 
tail 8
chksum 0x2d
csum 0x2d
v8b899c12
~ld


6.01
 0h00:04.932 2022/04/17T12:37:59z: DS3231
 0h00:04.947 2022/04/17T12:37:59z: BME280 (0x76)
 0h00:04.961 2022/04/17T12:37:59z: 84:f3:eb:7d:7:a8
 0h00:04.963 2022/04/17T12:37:59z: SSID: MU Open
 0h00:04.968 2022/04/17T12:37:59z: AP_STAR tmr
 ets Jan  8 2013,rst cause:4, boot mode:(3,7)

wdt reset
load 0x4010f000, len 1384, room 16 
tail 8
chksum 0x2d
csum 0x2d
v8b899c12
~ld


6.01
 0h00:04.841 2022/04/17T12:58:00z: DS3231
 0h00:04.857 2022/04/17T12:58:00z: BME280 (0x76)
 0h00:04.871 2022/04/17T12:58:00z: 84:f3:eb:7d:7:a8
 0h00:04.873 2022/04/17T12:58:00z: SSID: MU Open
 0h00:04.878 2022/04/17T12:58:00z: AP_STAR tmr
 ets Jan  8 2013,rst cause:4, boot mode:(3,7)

wdt reset
load 0x4010f000, len 1384, room 16 
tail 8
chksum 0x2d
csum 0x2d
v8b899c12
~ld


6.01
 0h00:04.883 2022/04/17T13:18:02z: DS3231
 0h00:04.899 2022/04/17T13:18:02z: BME280 (0x76)
 0h00:04.913 2022/04/17T13:18:02z: 84:f3:eb:7d:7:a8
 0h00:04.915 2022/04/17T13:18:02z: SSID: MU Open
 0h00:04.920 2022/04/17T13:18:02z: AP_STAR tmr
 ets Jan  8 2013,rst cause:4, boot mode:(3,7)

wdt reset
load 0x4010f000, len 1384, room 16 
tail 8
chksum 0x2d
csum 0x2d
v8b899c12
~ld


6.01
 0h00:04.633 2022/04/17T13:38:04z: DS3231
 0h00:04.648 2022/04/17T13:38:04z: BME280 (0x76)
 0h00:04.662 2022/04/17T13:38:04z: 84:f3:eb:7d:7:a8
 0h00:04.664 2022/04/17T13:38:04z: SSID: MU Open
 0h00:04.669 2022/04/17T13:38:04z: AP_STAR tmr
 ets Jan  8 2013,rst cause:4, boot mode:(3,7)

wdt reset
load 0x4010f000, len 1384, room 16 
tail 8
chksum 0x2d
csum 0x2d
v8b899c12
~ld


6.01
 0h00:04.884 2022/04/17T13:58:05z: DS3231
 0h00:04.899 2022/04/17T13:58:05z: BME280 (0x76)
 0h00:04.913 2022/04/17T13:58:05z: 84:f3:eb:7d:7:a8
 0h00:04.915 2022/04/17T13:58:05z: SSID: MU Open
 0h00:04.920 2022/04/17T13:58:05z: AP_STAR tmr
 ets Jan  8 2013,rst cause:4, boot mode:(3,7)

wdt reset
load 0x4010f000, len 1384, room 16 
tail 8
chksum 0x2d
csum 0x2d
v8b899c12
~ld


6.01
 0h00:04.687 2022/04/17T14:18:08z: DS3231
 0h00:04.702 2022/04/17T14:18:08z: BME280 (0x76)
 0h00:04.716 2022/04/17T14:18:08z: 84:f3:eb:7d:7:a8
 0h00:04.718 2022/04/17T14:18:08z: SSID: MU Open
 0h00:04.723 2022/04/17T14:18:08z: AP_STAR tmr
 ets Jan  8 2013,rst cause:4, boot mode:(3,7)

wdt reset
load 0x4010f000, len 1384, room 16 
tail 8
chksum 0x2d
csum 0x2d
v8b899c12
~ld


6.01
 0h00:04.741 2022/04/17T14:38:10z: DS3231
 0h00:04.756 2022/04/17T14:38:10z: BME280 (0x76)
 0h00:04.770 2022/04/17T14:38:10z: 84:f3:eb:7d:7:a8
 0h00:04.772 2022/04/17T14:38:10z: SSID: MU Open
 0h00:04.777 2022/04/17T14:38:10z: AP_STAR tmr
 ets Jan  8 2013,rst cause:4, boot mode:(3,7)

wdt reset
load 0x4010f000, len 1384, room 16 
tail 8
chksum 0x2d
csum 0x2d
v8b899c12
~ld


6.01
 0h00:04.936 2022/04/17T14:58:13z: DS3231
 0h00:04.951 2022/04/17T14:58:13z: BME280 (0x76)
 0h00:04.966 2022/04/17T14:58:13z: 84:f3:eb:7d:7:a8
 0h00:04.967 2022/04/17T14:58:13z: SSID: MU Open
 0h00:04.972 2022/04/17T14:58:13z: AP_STAR tmr
 ets Jan  8 2013,rst cause:4, boot mode:(3,7)

wdt reset
load 0x4010f000, len 1384, room 16 
tail 8
chksum 0x2d
csum 0x2d
v8b899c12
~ld


6.01
 0h00:04.831 2022/04/17T15:18:15z: DS3231
 0h00:04.846 2022/04/17T15:18:15z: BME280 (0x76)
 0h00:04.860 2022/04/17T15:18:15z: 84:f3:eb:7d:7:a8
 0h00:04.862 2022/04/17T15:18:15z: SSID: MU Open
 0h00:04.867 2022/04/17T15:18:15z: AP_STAR tmr
 ets Jan  8 2013,rst cause:4, boot mode:(3,7)

wdt reset
load 0x4010f000, len 1384, room 16 
tail 8
chksum 0x2d
csum 0x2d
v8b899c12
~ld


6.01
 0h00:04.598 2022/04/17T15:38:17z: DS3231
 0h00:04.613 2022/04/17T15:38:17z: BME280 (0x76)
 0h00:04.627 2022/04/17T15:38:17z: 84:f3:eb:7d:7:a8
 0h00:04.629 2022/04/17T15:38:17z: SSID: MU Open
 0h00:04.634 2022/04/17T15:38:17z: AP_STAR tmr
 ets Jan  8 2013,rst cause:4, boot mode:(3,7)

wdt reset
load 0x4010f000, len 1384, room 16 
tail 8
chksum 0x2d
csum 0x2d
v8b899c12
~ld


6.01
 0h00:04.810 2022/04/17T15:58:20z: DS3231
 0h00:04.825 2022/04/17T15:58:20z: BME280 (0x76)
 0h00:04.840 2022/04/17T15:58:20z: 84:f3:eb:7d:7:a8
 0h00:04.841 2022/04/17T15:58:20z: SSID: MU Open
 0h00:04.846 2022/04/17T15:58:20z: AP_STAR tmr
 ets Jan  8 2013,rst cause:4, boot mode:(3,7)

wdt reset
load 0x4010f000, len 1384, room 16 
tail 8
chksum 0x2d
csum 0x2d
v8b899c12
~ld


6.01
 0h00:04.739 2022/04/17T16:18:22z: DS3231
 0h00:04.754 2022/04/17T16:18:22z: BME280 (0x76)
 0h00:04.768 2022/04/17T16:18:22z: 84:f3:eb:7d:7:a8
 0h00:04.770 2022/04/17T16:18:22z: SSID: MU Open
 0h00:04.775 2022/04/17T16:18:22z: AP_STAR tmr
 ets Jan  8 2013,rst cause:4, boot mode:(3,7)

wdt reset
load 0x4010f000, len 1384, room 16 
tail 8
chksum 0x2d
csum 0x2d
v8b899c12
~ld


6.01
 0h00:04.696 2022/04/17T16:38:24z: DS3231
 0h00:04.711 2022/04/17T16:38:24z: BME280 (0x76)
 0h00:04.725 2022/04/17T16:38:24z: 84:f3:eb:7d:7:a8
 0h00:04.727 2022/04/17T16:38:24z: SSID: MU Open
 0h00:04.732 2022/04/17T16:38:24z: AP_STAR tmr
 ets Jan  8 2013,rst cause:4, boot mode:(3,7)

wdt reset
load 0x4010f000, len 1384, room 16 
tail 8
chksum 0x2d
csum 0x2d
v8b899c12
~ld


6.01
 0h00:04.596 2022/04/17T16:58:25z: DS3231
 0h00:04.611 2022/04/17T16:58:25z: BME280 (0x76)
 0h00:04.625 2022/04/17T16:58:25z: 84:f3:eb:7d:7:a8
 0h00:04.627 2022/04/17T16:58:25z: SSID: MU Open
 0h00:04.632 2022/04/17T16:58:25z: AP_STAR tmr
 ets Jan  8 2013,rst cause:4, boot mode:(3,7)

wdt reset
load 0x4010f000, len 1384, room 16 
tail 8
chksum 0x2d
csum 0x2d
v8b899c12
~ld


6.01
 0h00:04.265 2022/04/17T17:18:26z: DS3231
 0h00:04.280 2022/04/17T17:18:27z: BME280 (0x76)
 0h00:04.294 2022/04/17T17:18:27z: 84:f3:eb:7d:7:a8
 0h00:04.296 2022/04/17T17:18:27z: SSID: MU Open
 0h00:04.301 2022/04/17T17:18:27z: AP_STAR tmr
 ets Jan  8 2013,rst cause:4, boot mode:(3,7)

wdt reset
load 0x4010f000, len 1384, room 16 
tail 8
chksum 0x2d
csum 0x2d
v8b899c12
~ld


6.01
 0h00:04.596 2022/04/17T17:38:28z: DS3231
 0h00:04.612 2022/04/17T17:38:28z: BME280 (0x76)
 0h00:04.626 2022/04/17T17:38:28z: 84:f3:eb:7d:7:a8
 0h00:04.628 2022/04/17T17:38:28z: SSID: MU Open
 0h00:04.633 2022/04/17T17:38:28z: AP_STAR tmr
 ets Jan  8 2013,rst cause:4, boot mode:(3,7)

wdt reset
load 0x4010f000, len 1384, room 16 
tail 8
chksum 0x2d
csum 0x2d
v8b899c12
~ld


6.01
 0h00:04.772 2022/04/17T17:58:31z: DS3231
 0h00:04.787 2022/04/17T17:58:31z: BME280 (0x76)
 0h00:04.801 2022/04/17T17:58:31z: 84:f3:eb:7d:7:a8
 0h00:04.803 2022/04/17T17:58:31z: SSID: MU Open
 0h00:04.808 2022/04/17T17:58:31z: AP_STAR tmr
 ets Jan  8 2013,rst cause:4, boot mode:(3,7)

wdt reset
load 0x4010f000, len 1384, room 16 
tail 8
chksum 0x2d
csum 0x2d
v8b899c12
~ld


6.01
 0h00:04.512 2022/04/17T18:18:33z: DS3231
 0h00:04.528 2022/04/17T18:18:33z: BME280 (0x76)
 0h00:04.542 2022/04/17T18:18:33z: 84:f3:eb:7d:7:a8
 0h00:04.544 2022/04/17T18:18:33z: SSID: MU Open
 0h00:04.549 2022/04/17T18:18:33z: AP_STAR tmr
 ets Jan  8 2013,rst cause:4, boot mode:(3,7)

wdt reset
load 0x4010f000, len 1384, room 16 
tail 8
chksum 0x2d
csum 0x2d
v8b899c12
~ld


6.01
 0h00:04.634 2022/04/17T18:38:35z: DS3231
 0h00:04.650 2022/04/17T18:38:35z: BME280 (0x76)
 0h00:04.664 2022/04/17T18:38:35z: 84:f3:eb:7d:7:a8
 0h00:04.666 2022/04/17T18:38:35z: SSID: MU Open
 0h00:04.671 2022/04/17T18:38:35z: AP_STAR tmr
 ets Jan  8 2013,rst cause:4, boot mode:(3,7)

wdt reset
load 0x4010f000, len 1384, room 16 
tail 8
chksum 0x2d
csum 0x2d
v8b899c12
~ld


6.01
 0h00:04.669 2022/04/17T18:58:37z: DS3231
 0h00:04.684 2022/04/17T18:58:37z: BME280 (0x76)
 0h00:04.698 2022/04/17T18:58:37z: 84:f3:eb:7d:7:a8
 0h00:04.700 2022/04/17T18:58:37z: SSID: MU Open
 0h00:04.705 2022/04/17T18:58:37z: AP_STAR tmr
 ets Jan  8 2013,rst cause:4, boot mode:(3,7)

wdt reset
load 0x4010f000, len 1384, room 16 
tail 8
chksum 0x2d
csum 0x2d
v8b899c12
~ld


6.01
 0h00:04.462 2022/04/17T19:18:39z: DS3231
 0h00:04.477 2022/04/17T19:18:39z: BME280 (0x76)
 0h00:04.491 2022/04/17T19:18:39z: 84:f3:eb:7d:7:a8
 0h00:04.493 2022/04/17T19:18:39z: SSID: MU Open
 0h00:04.498 2022/04/17T19:18:39z: AP_STAR tmr
 ets Jan  8 2013,rst cause:4, boot mode:(3,7)

wdt reset
load 0x4010f000, len 1384, room 16 
tail 8
chksum 0x2d
csum 0x2d
v8b899c12
~ld


6.01
 0h00:04.473 2022/04/17T19:38:41z: DS3231
 0h00:04.488 2022/04/17T19:38:41z: BME280 (0x76)
 0h00:04.503 2022/04/17T19:38:41z: 84:f3:eb:7d:7:a8
 0h00:04.504 2022/04/17T19:38:41z: SSID: MU Open
 0h00:04.509 2022/04/17T19:38:41z: AP_STAR tmr
 ets Jan  8 2013,rst cause:4, boot mode:(3,7)

wdt reset
load 0x4010f000, len 1384, room 16 
tail 8
chksum 0x2d
csum 0x2d
v8b899c12
~ld


6.01
 0h00:04.791 2022/04/17T19:58:43z: DS3231
 0h00:04.806 2022/04/17T19:58:43z: BME280 (0x76)
 0h00:04.821 2022/04/17T19:58:43z: 84:f3:eb:7d:7:a8
 0h00:04.822 2022/04/17T19:58:43z: SSID: MU Open
 0h00:04.827 2022/04/17T19:58:43z: AP_STAR tmr
 ets Jan  8 2013,rst cause:4, boot mode:(3,7)

wdt reset
load 0x4010f000, len 1384, room 16 
tail 8
chksum 0x2d
csum 0x2d
v8b899c12
~ld


6.01
 0h00:04.531 2022/04/17T20:18:44z: DS3231
 0h00:04.546 2022/04/17T20:18:44z: BME280 (0x76)
 0h00:04.560 2022/04/17T20:18:44z: 84:f3:eb:7d:7:a8
 0h00:04.562 2022/04/17T20:18:44z: SSID: MU Open
 0h00:04.567 2022/04/17T20:18:44z: AP_STAR tmr
 ets Jan  8 2013,rst cause:4, boot mode:(3,7)

wdt reset
load 0x4010f000, len 1384, room 16 
tail 8
chksum 0x2d
csum 0x2d
v8b899c12
~ld


6.01
 0h00:04.793 2022/04/17T20:38:47z: DS3231
 0h00:04.809 2022/04/17T20:38:47z: BME280 (0x76)
 0h00:04.823 2022/04/17T20:38:47z: 84:f3:eb:7d:7:a8
 0h00:04.825 2022/04/17T20:38:47z: SSID: MU Open
 0h00:04.830 2022/04/17T20:38:47z: AP_STAR tmr
 ets Jan  8 2013,rst cause:4, boot mode:(3,7)

wdt reset
load 0x4010f000, len 1384, room 16 
tail 8
chksum 0x2d
csum 0x2d
v8b899c12
~ld


6.01
 0h00:04.320 2022/04/17T20:58:48z: DS3231
 0h00:04.335 2022/04/17T20:58:48z: BME280 (0x76)
 0h00:04.350 2022/04/17T20:58:48z: 84:f3:eb:7d:7:a8
 0h00:04.351 2022/04/17T20:58:48z: SSID: MU Open
 0h00:04.356 2022/04/17T20:58:48z: AP_STAR tmr
 ets Jan  8 2013,rst cause:4, boot mode:(3,7)

wdt reset
load 0x4010f000, len 1384, room 16 
tail 8
chksum 0x2d
csum 0x2d
v8b899c12
~ld


6.01
 0h00:04.229 2022/04/17T21:18:49z: DS3231
 0h00:04.244 2022/04/17T21:18:49z: BME280 (0x76)
 0h00:04.258 2022/04/17T21:18:49z: 84:f3:eb:7d:7:a8
 0h00:04.260 2022/04/17T21:18:49z: SSID: MU Open
 0h00:04.265 2022/04/17T21:18:49z: AP_STAR tmr
 ets Jan  8 2013,rst cause:4, boot mode:(3,7)

wdt reset
load 0x4010f000, len 1384, room 16 
tail 8
chksum 0x2d
csum 0x2d
v8b899c12
~ld


6.01
 0h00:04.486 2022/04/17T21:38:51z: DS3231
 0h00:04.501 2022/04/17T21:38:51z: BME280 (0x76)
 0h00:04.515 2022/04/17T21:38:51z: 84:f3:eb:7d:7:a8
 0h00:04.517 2022/04/17T21:38:51z: SSID: MU Open
 0h00:04.522 2022/04/17T21:38:51z: AP_STAR tmr
 ets Jan  8 2013,rst cause:4, boot mode:(3,7)

wdt reset
load 0x4010f000, len 1384, room 16 
tail 8
chksum 0x2d
csum 0x2d
v8b899c12
~ld


6.01
 0h00:04.466 2022/04/17T21:58:53z: DS3231
 0h00:04.482 2022/04/17T21:58:53z: BME280 (0x76)
 0h00:04.496 2022/04/17T21:58:53z: 84:f3:eb:7d:7:a8
 0h00:04.498 2022/04/17T21:58:53z: SSID: MU Open
 0h00:04.503 2022/04/17T21:58:53z: AP_STAR tmr
 ets Jan  8 2013,rst cause:4, boot mode:(3,7)

wdt reset
load 0x4010f000, len 1384, room 16 
tail 8
chksum 0x2d
csum 0x2d
v8b899c12
~ld


6.01
 0h00:04.566 2022/04/17T22:18:55z: DS3231
 0h00:04.582 2022/04/17T22:18:55z: BME280 (0x76)
 0h00:04.596 2022/04/17T22:18:55z: 84:f3:eb:7d:7:a8
 0h00:04.597 2022/04/17T22:18:55z: SSID: MU Open
 0h00:04.603 2022/04/17T22:18:55z: AP_STAR tmr
 ets Jan  8 2013,rst cause:4, boot mode:(3,7)

wdt reset
load 0x4010f000, len 1384, room 16 
tail 8
chksum 0x2d
csum 0x2d
v8b899c12
~ld


6.01
 0h00:04.554 2022/04/17T22:38:57z: DS3231
 0h00:04.570 2022/04/17T22:38:57z: BME280 (0x76)
 0h00:04.584 2022/04/17T22:38:57z: 84:f3:eb:7d:7:a8
 0h00:04.585 2022/04/17T22:38:57z: SSID: MU Open
 0h00:04.591 2022/04/17T22:38:57z: AP_STAR tmr
 ets Jan  8 2013,rst cause:4, boot mode:(3,7)

wdt reset
load 0x4010f000, len 1384, room 16 
tail 8
chksum 0x2d
csum 0x2d
v8b899c12
~ld


6.01
 0h00:04.534 2022/04/17T22:58:59z: DS3231
 0h00:04.549 2022/04/17T22:58:59z: BME280 (0x76)
 0h00:04.563 2022/04/17T22:58:59z: 84:f3:eb:7d:7:a8
 0h00:04.565 2022/04/17T22:58:59z: SSID: MU Open
 0h00:04.570 2022/04/17T22:58:59z: AP_STAR tmr
 ets Jan  8 2013,rst cause:4, boot mode:(3,7)

wdt reset
load 0x4010f000, len 1384, room 16 
tail 8
chksum 0x2d
csum 0x2d
v8b899c12
~ld


6.01
 0h00:04.544 2022/04/17T23:19:01z: DS3231
 0h00:04.560 2022/04/17T23:19:01z: BME280 (0x76)
 0h00:04.574 2022/04/17T23:19:01z: 84:f3:eb:7d:7:a8
 0h00:04.575 2022/04/17T23:19:01z: SSID: MU Open
 0h00:04.581 2022/04/17T23:19:01z: AP_STAR tmr
 ets Jan  8 2013,rst cause:4, boot mode:(3,7)

wdt reset
load 0x4010f000, len 1384, room 16 
tail 8
chksum 0x2d
csum 0x2d
v8b899c12
~ld


6.01
 0h00:04.778 2022/04/17T23:39:03z: DS3231
 0h00:04.794 2022/04/17T23:39:03z: BME280 (0x76)
 0h00:04.808 2022/04/17T23:39:03z: 84:f3:eb:7d:7:a8
 0h00:04.809 2022/04/17T23:39:03z: SSID: MU Open
 0h00:04.815 2022/04/17T23:39:03z: AP_STAR tmr
 ets Jan  8 2013,rst cause:4, boot mode:(3,7)

wdt reset
load 0x4010f000, len 1384, room 16 
tail 8
chksum 0x2d
csum 0x2d
v8b899c12
~ld


6.01
 0h00:04.830 2022/04/17T23:59:05z: DS3231
 0h00:04.845 2022/04/17T23:59:06z: BME280 (0x76)
 0h00:04.859 2022/04/17T23:59:06z: 84:f3:eb:7d:7:a8
 0h00:04.861 2022/04/17T23:59:06z: SSID: MU Open
 0h00:04.866 2022/04/17T23:59:06z: AP_STA