R tmr
 ets Jan  8 2013,rst cause:4, boot mode:(3,7)

wdt reset
load 0x4010f000, len 1384, room 16 
tail 8
chksum 0x2d
csum 0x2d
v8b899c12
~ld


6.01
 0h00:04.926 2022/02/03T00:00:56z: DS3231
 0h00:04.942 2022/02/03T00:00:56z: BME280 (0x76)
 0h00:04.956 2022/02/03T00:00:56z: 84:f3:eb:7d:7:a8
 0h00:04.958 2022/02/03T00:00:56z: SSID: MU Open
 0h00:04.963 2022/02/03T00:00:56z: AP_STAR tmr
 ets Jan  8 2013,rst cause:4, boot mode:(3,7)

wdt reset
load 0x4010f000, len 1384, room 16 
tail 8
chksum 0x2d
csum 0x2d
v8b899c12
~ld


6.01
 0h00:04.160 2022/02/03T00:20:57z: DS3231
 0h00:04.176 2022/02/03T00:20:57z: BME280 (0x76)
 0h00:04.190 2022/02/03T00:20:57z: 84:f3:eb:7d:7:a8
 0h00:04.192 2022/02/03T00:20:57z: SSID: MU Open
 0h00:04.197 2022/02/03T00:20:57z: AP_STAR tmr
 ets Jan  8 2013,rst cause:4, boot mode:(3,7)

wdt reset
load 0x4010f000, len 1384, room 16 
tail 8
chksum 0x2d
csum 0x2d
v8b899c12
~ld


6.01
 0h00:04.714 2022/02/03T00:40:59z: DS3231
 0h00:04.730 2022/02/03T00:40:59z: BME280 (0x76)
 0h00:04.744 2022/02/03T00:40:59z: 84:f3:eb:7d:7:a8
 0h00:04.746 2022/02/03T00:40:59z: SSID: MU Open
 0h00:04.751 2022/02/03T00:40:59z: AP_STAR tmr
 ets Jan  8 2013,rst cause:4, boot mode:(3,7)

wdt reset
load 0x4010f000, len 1384, room 16 
tail 8
chksum 0x2d
csum 0x2d
v8b899c12
~ld


6.01
 0h00:04.958 2022/02/03T01:01:00z: DS3231
 0h00:04.974 2022/02/03T01:01:00z: BME280 (0x76)
 0h00:04.988 2022/02/03T01:01:00z: 84:f3:eb:7d:7:a8
 0h00:04.990 2022/02/03T01:01:00z: SSID: MU Open
 0h00:04.995 2022/02/03T01:01:00z: AP_STAR tmr
 ets Jan  8 2013,rst cause:4, boot mode:(3,7)

wdt reset
load 0x4010f000, len 1384, room 16 
tail 8
chksum 0x2d
csum 0x2d
v8b899c12
~ld


6.01
 0h00:04.643 2022/02/03T01:21:01z: DS3231
 0h00:04.659 2022/02/03T01:21:01z: BME280 (0x76)
 0h00:04.673 2022/02/03T01:21:01z: 84:f3:eb:7d:7:a8
 0h00:04.675 2022/02/03T01:21:01z: SSID: MU Open
 0h00:04.680 2022/02/03T01:21:01z: AP_STAR tmr
 ets Jan  8 2013,rst cause:4, boot mode:(3,7)

wdt reset
load 0x4010f000, len 1384, room 16 
tail 8
chksum 0x2d
csum 0x2d
v8b899c12
~ld


6.01
 0h00:04.813 2022/02/03T01:41:03z: DS3231
 0h00:04.829 2022/02/03T01:41:03z: BME280 (0x76)
 0h00:04.843 2022/02/03T01:41:03z: 84:f3:eb:7d:7:a8
 0h00:04.845 2022/02/03T01:41:03z: SSID: MU Open
 0h00:04.850 2022/02/03T01:41:03z: AP_STAR tmr
 ets Jan  8 2013,rst cause:4, boot mode:(3,7)

wdt reset
load 0x4010f000, len 1384, room 16 
tail 8
chksum 0x2d
csum 0x2d
v8b899c12
~ld


6.01
 0h00:04.595 2022/02/03T02:01:04z: DS3231
 0h00:04.610 2022/02/03T02:01:04z: BME280 (0x76)
 0h00:04.624 2022/02/03T02:01:04z: 84:f3:eb:7d:7:a8
 0h00:04.626 2022/02/03T02:01:04z: SSID: MU Open
 0h00:04.631 2022/02/03T02:01:04z: AP_STAR tmr
 ets Jan  8 2013,rst cause:4, boot mode:(3,7)

wdt reset
load 0x4010f000, len 1384, room 16 
tail 8
chksum 0x2d
csum 0x2d
v8b899c12
~ld


6.01
 0h00:04.817 2022/02/03T02:21:05z: DS3231
 0h00:04.832 2022/02/03T02:21:05z: BME280 (0x76)
 0h00:04.846 2022/02/03T02:21:05z: 84:f3:eb:7d:7:a8
 0h00:04.848 2022/02/03T02:21:05z: SSID: MU Open
 0h00:04.853 2022/02/03T02:21:05z: AP_STAR tmr
 ets Jan  8 2013,rst cause:4, boot mode:(3,7)

wdt reset
load 0x4010f000, len 1384, room 16 
tail 8
chksum 0x2d
csum 0x2d
v8b899c12
~ld


6.01
 0h00:04.671 2022/02/03T02:41:06z: DS3231
 0h00:04.687 2022/02/03T02:41:06z: BME280 (0x76)
 0h00:04.701 2022/02/03T02:41:06z: 84:f3:eb:7d:7:a8
 0h00:04.703 2022/02/03T02:41:06z: SSID: MU Open
 0h00:04.708 2022/02/03T02:41:06z: AP_STAR tmr
 ets Jan  8 2013,rst cause:4, boot mode:(3,7)

wdt reset
load 0x4010f000, len 1384, room 16 
tail 8
chksum 0x2d
csum 0x2d
v8b899c12
~ld


6.01
 0h00:04.624 2022/02/03T03:01:08z: DS3231
 0h00:04.639 2022/02/03T03:01:08z: BME280 (0x76)
 0h00:04.653 2022/02/03T03:01:08z: 84:f3:eb:7d:7:a8
 0h00:04.655 2022/02/03T03:01:08z: SSID: MU Open
 0h00:04.660 2022/02/03T03:01:08z: AP_STAR tmr
 ets Jan  8 2013,rst cause:4, boot mode:(3,7)

wdt reset
load 0x4010f000, len 1384, room 16 
tail 8
chksum 0x2d
csum 0x2d
v8b899c12
~ld


6.01
 0h00:04.786 2022/02/03T03:21:10z: DS3231
 0h00:04.801 2022/02/03T03:21:10z: BME280 (0x76)
 0h00:04.815 2022/02/03T03:21:10z: 84:f3:eb:7d:7:a8
 0h00:04.817 2022/02/03T03:21:10z: SSID: MU Open
 0h00:04.822 2022/02/03T03:21:10z: AP_STAR tmr
 ets Jan  8 2013,rst cause:4, boot mode:(3,7)

wdt reset
load 0x4010f000, len 1384, room 16 
tail 8
chksum 0x2d
csum 0x2d
v8b899c12
~ld


6.01
 0h00:04.568 2022/02/03T03:41:11z: DS3231
 0h00:04.583 2022/02/03T03:41:11z: BME280 (0x76)
 0h00:04.597 2022/02/03T03:41:11z: 84:f3:eb:7d:7:a8
 0h00:04.599 2022/02/03T03:41:11z: SSID: MU Open
 0h00:04.604 2022/02/03T03:41:11z: AP_STAR tmr
 ets Jan  8 2013,rst cause:4, boot mode:(3,7)

wdt reset
load 0x4010f000, len 1384, room 16 
tail 8
chksum 0x2d
csum 0x2d
v8b899c12
~ld


6.01
 0h00:04.495 2022/02/03T04:01:12z: DS3231
 0h00:04.511 2022/02/03T04:01:12z: BME280 (0x76)
 0h00:04.525 2022/02/03T04:01:12z: 84:f3:eb:7d:7:a8
 0h00:04.527 2022/02/03T04:01:12z: SSID: MU Open
 0h00:04.532 2022/02/03T04:01:12z: AP_STAR tmr
 ets Jan  8 2013,rst cause:4, boot mode:(3,7)

wdt reset
load 0x4010f000, len 1384, room 16 
tail 8
chksum 0x2d
csum 0x2d
v8b899c12
~ld


6.01
 0h00:04.470 2022/02/03T04:21:13z: DS3231
 0h00:04.485 2022/02/03T04:21:13z: BME280 (0x76)
 0h00:04.500 2022/02/03T04:21:13z: 84:f3:eb:7d:7:a8
 0h00:04.501 2022/02/03T04:21:13z: SSID: MU Open
 0h00:04.506 2022/02/03T04:21:13z: AP_STAR tmr
 ets Jan  8 2013,rst cause:4, boot mode:(3,7)

wdt reset
load 0x4010f000, len 1384, room 16 
tail 8
chksum 0x2d
csum 0x2d
v8b899c12
~ld


6.01
 0h00:04.871 2022/02/03T04:41:14z: DS3231
 0h00:04.887 2022/02/03T04:41:14z: BME280 (0x76)
 0h00:04.901 2022/02/03T04:41:14z: 84:f3:eb:7d:7:a8
 0h00:04.902 2022/02/03T04:41:14z: SSID: MU Open
 0h00:04.908 2022/02/03T04:41:14z: AP_STAR tmr
 ets Jan  8 2013,rst cause:4, boot mode:(3,7)

wdt reset
load 0x4010f000, len 1384, room 16 
tail 8
chksum 0x2d
csum 0x2d
v8b899c12
~ld


6.01
 0h00:04.549 2022/02/03T05:01:15z: DS3231
 0h00:04.564 2022/02/03T05:01:15z: BME280 (0x76)
 0h00:04.578 2022/02/03T05:01:15z: 84:f3:eb:7d:7:a8
 0h00:04.580 2022/02/03T05:01:15z: SSID: MU Open
 0h00:04.585 2022/02/03T05:01:15z: AP_STAR tmr
 ets Jan  8 2013,rst cause:4, boot mode:(3,7)

wdt reset
load 0x4010f000, len 1384, room 16 
tail 8
chksum 0x2d
csum 0x2d
v8b899c12
~ld


6.01
 0h00:04.557 2022/02/03T05:21:16z: DS3231
 0h00:04.572 2022/02/03T05:21:16z: BME280 (0x76)
 0h00:04.586 2022/02/03T05:21:16z: 84:f3:eb:7d:7:a8
 0h00:04.588 2022/02/03T05:21:16z: SSID: MU Open
 0h00:04.593 2022/02/03T05:21:16z: AP_STAR tmr
 ets Jan  8 2013,rst cause:4, boot mode:(3,7)

wdt reset
load 0x4010f000, len 1384, room 16 
tail 8
chksum 0x2d
csum 0x2d
v8b899c12
~ld


6.01
 0h00:04.308 2022/02/03T05:41:17z: DS3231
 0h00:04.323 2022/02/03T05:41:17z: BME280 (0x76)
 0h00:04.337 2022/02/03T05:41:17z: 84:f3:eb:7d:7:a8
 0h00:04.339 2022/02/03T05:41:17z: SSID: MU Open
 0h00:04.344 2022/02/03T05:41:17z: AP_STAR tmr
 ets Jan  8 2013,rst cause:4, boot mode:(3,7)

wdt reset
load 0x4010f000, len 1384, room 16 
tail 8
chksum 0x2d
csum 0x2d
v8b899c12
~ld


6.01
 0h00:04.480 2022/02/03T06:01:19z: DS3231
 0h00:04.495 2022/02/03T06:01:19z: BME280 (0x76)
 0h00:04.509 2022/02/03T06:01:19z: 84:f3:eb:7d:7:a8
 0h00:04.511 2022/02/03T06:01:19z: SSID: MU Open
 0h00:04.516 2022/02/03T06:01:19z: AP_STAR tmr
 ets Jan  8 2013,rst cause:4, boot mode:(3,7)

wdt reset
load 0x4010f000, len 1384, room 16 
tail 8
chksum 0x2d
csum 0x2d
v8b899c12
~ld


6.01
 0h00:04.538 2022/02/03T06:21:20z: DS3231
 0h00:04.554 2022/02/03T06:21:20z: BME280 (0x76)
 0h00:04.568 2022/02/03T06:21:20z: 84:f3:eb:7d:7:a8
 0h00:04.569 2022/02/03T06:21:20z: SSID: MU Open
 0h00:04.575 2022/02/03T06:21:20z: AP_STAR tmr
 ets Jan  8 2013,rst cause:4, boot mode:(3,7)

wdt reset
load 0x4010f000, len 1384, room 16 
tail 8
chksum 0x2d
csum 0x2d
v8b899c12
~ld


6.01
 0h00:04.610 2022/02/03T06:41:21z: DS3231
 0h00:04.626 2022/02/03T06:41:21z: BME280 (0x76)
 0h00:04.640 2022/02/03T06:41:21z: 84:f3:eb:7d:7:a8
 0h00:04.641 2022/02/03T06:41:21z: SSID: MU Open
 0h00:04.647 2022/02/03T06:41:21z: AP_STAR tmr
 ets Jan  8 2013,rst cause:4, boot mode:(3,7)

wdt reset
load 0x4010f000, len 1384, room 16 
tail 8
chksum 0x2d
csum 0x2d
v8b899c12
~ld


6.01
 0h00:04.670 2022/02/03T07:01:23z: DS3231
 0h00:04.686 2022/02/03T07:01:23z: BME280 (0x76)
 0h00:04.700 2022/02/03T07:01:23z: 84:f3:eb:7d:7:a8
 0h00:04.701 2022/02/03T07:01:23z: SSID: MU Open
 0h00:04.707 2022/02/03T07:01:23z: AP_STAR tmr
 ets Jan  8 2013,rst cause:4, boot mode:(3,7)

wdt reset
load 0x4010f000, len 1384, room 16 
tail 8
chksum 0x2d
csum 0x2d
v8b899c12
~ld


6.01
 0h00:04.719 2022/02/03T07:21:24z: DS3231
 0h00:04.734 2022/02/03T07:21:24z: BME280 (0x76)
 0h00:04.749 2022/02/03T07:21:24z: 84:f3:eb:7d:7:a8
 0h00:04.750 2022/02/03T07:21:24z: SSID: MU Open
 0h00:04.755 2022/02/03T07:21:24z: AP_STAR tmr
 ets Jan  8 2013,rst cause:4, boot mode:(3,7)

wdt reset
load 0x4010f000, len 1384, room 16 
tail 8
chksum 0x2d
csum 0x2d
v8b899c12
~ld


6.01
 0h00:04.288 2022/02/03T07:41:26z: DS3231
 0h00:04.303 2022/02/03T07:41:26z: BME280 (0x76)
 0h00:04.318 2022/02/03T07:41:26z: 84:f3:eb:7d:7:a8
 0h00:04.319 2022/02/03T07:41:26z: SSID: MU Open
 0h00:04.324 2022/02/03T07:41:26z: AP_STAR tmr
 ets Jan  8 2013,rst cause:4, boot mode:(3,7)

wdt reset
load 0x4010f000, len 1384, room 16 
tail 8
chksum 0x2d
csum 0x2d
v8b899c12
~ld


6.01
 0h00:04.867 2022/02/03T08:01:27z: DS3231
 0h00:04.882 2022/02/03T08:01:27z: BME280 (0x76)
 0h00:04.896 2022/02/03T08:01:27z: 84:f3:eb:7d:7:a8
 0h00:04.898 2022/02/03T08:01:27z: SSID: MU Open
 0h00:04.903 2022/02/03T08:01:27z: AP_STAR tmr
 ets Jan  8 2013,rst cause:4, boot mode:(3,7)

wdt reset
load 0x4010f000, len 1384, room 16 
tail 8
chksum 0x2d
csum 0x2d
v8b899c12
~ld


6.01
 0h00:04.617 2022/02/03T08:21:28z: DS3231
 0h00:04.633 2022/02/03T08:21:28z: BME280 (0x76)
 0h00:04.647 2022/02/03T08:21:28z: 84:f3:eb:7d:7:a8
 0h00:04.649 2022/02/03T08:21:28z: SSID: MU Open
 0h00:04.654 2022/02/03T08:21:28z: AP_STAR tmr
 ets Jan  8 2013,rst cause:4, boot mode:(3,7)

wdt reset
load 0x4010f000, len 1384, room 16 
tail 8
chksum 0x2d
csum 0x2d
v8b899c12
~ld


6.01
 0h00:04.695 2022/02/03T08:41:30z: DS3231
 0h00:04.710 2022/02/03T08:41:30z: BME280 (0x76)
 0h00:04.724 2022/02/03T08:41:30z: 84:f3:eb:7d:7:a8
 0h00:04.726 2022/02/03T08:41:30z: SSID: MU Open
 0h00:04.731 2022/02/03T08:41:30z: AP_STAR tmr
 ets Jan  8 2013,rst cause:4, boot mode:(3,7)

wdt reset
load 0x4010f000, len 1384, room 16 
tail 8
chksum 0x2d
csum 0x2d
v8b899c12
~ld


6.01
 0h00:04.641 2022/02/03T09:01:31z: DS3231
 0h00:04.657 2022/02/03T09:01:31z: BME280 (0x76)
 0h00:04.671 2022/02/03T09:01:31z: 84:f3:eb:7d:7:a8
 0h00:04.672 2022/02/03T09:01:31z: SSID: MU Open
 0h00:04.678 2022/02/03T09:01:31z: AP_STAR tmr
 ets Jan  8 2013,rst cause:4, boot mode:(3,7)

wdt reset
load 0x4010f000, len 1384, room 16 
tail 8
chksum 0x2d
csum 0x2d
v8b899c12
~ld


6.01
 0h00:04.624 2022/02/03T09:21:32z: DS3231
 0h00:04.639 2022/02/03T09:21:32z: BME280 (0x76)
 0h00:04.653 2022/02/03T09:21:32z: 84:f3:eb:7d:7:a8
 0h00:04.655 2022/02/03T09:21:32z: SSID: MU Open
 0h00:04.660 2022/02/03T09:21:32z: AP_STAR tmr
 ets Jan  8 2013,rst cause:4, boot mode:(3,7)

wdt reset
load 0x4010f000, len 1384, room 16 
tail 8
chksum 0x2d
csum 0x2d
v8b899c12
~ld


6.01
 0h00:04.621 2022/02/03T09:41:33z: DS3231
 0h00:04.637 2022/02/03T09:41:33z: BME280 (0x76)
 0h00:04.651 2022/02/03T09:41:33z: 84:f3:eb:7d:7:a8
 0h00:04.652 2022/02/03T09:41:33z: SSID: MU Open
 0h00:04.658 2022/02/03T09:41:33z: AP_STAR tmr
 ets Jan  8 2013,rst cause:4, boot mode:(3,7)

wdt reset
load 0x4010f000, len 1384, room 16 
tail 8
chksum 0x2d
csum 0x2d
v8b899c12
~ld


6.01
 0h00:04.546 2022/02/03T10:01:34z: DS3231
 0h00:04.561 2022/02/03T10:01:34z: BME280 (0x76)
 0h00:04.575 2022/02/03T10:01:34z: 84:f3:eb:7d:7:a8
 0h00:04.577 2022/02/03T10:01:34z: SSID: MU Open
 0h00:04.582 2022/02/03T10:01:34z: AP_STAR tmr
 ets Jan  8 2013,rst cause:4, boot mode:(3,7)

wdt reset
load 0x4010f000, len 1384, room 16 
tail 8
chksum 0x2d
csum 0x2d
v8b899c12
~ld


6.01
 0h00:04.768 2022/02/03T10:21:35z: DS3231
 0h00:04.783 2022/02/03T10:21:35z: BME280 (0x76)
 0h00:04.798 2022/02/03T10:21:35z: 84:f3:eb:7d:7:a8
 0h00:04.799 2022/02/03T10:21:35z: SSID: MU Open
 0h00:04.804 2022/02/03T10:21:35z: AP_STAR tmr
 ets Jan  8 2013,rst cause:4, boot mode:(3,7)

wdt reset
load 0x4010f000, len 1384, room 16 
tail 8
chksum 0x2d
csum 0x2d
v8b899c12
~ld


6.01
 0h00:04.490 2022/02/03T10:41:36z: DS3231
 0h00:04.505 2022/02/03T10:41:36z: BME280 (0x76)
 0h00:04.519 2022/02/03T10:41:36z: 84:f3:eb:7d:7:a8
 0h00:04.521 2022/02/03T10:41:36z: SSID: MU Open
 0h00:04.526 2022/02/03T10:41:36z: AP_STAR tmr
 ets Jan  8 2013,rst cause:4, boot mode:(3,7)

wdt reset
load 0x4010f000, len 1384, room 16 
tail 8
chksum 0x2d
csum 0x2d
v8b899c12
~ld


6.01
 0h00:04.700 2022/02/03T11:01:37z: DS3231
 0h00:04.716 2022/02/03T11:01:37z: BME280 (0x76)
 0h00:04.730 2022/02/03T11:01:37z: 84:f3:eb:7d:7:a8
 0h00:04.732 2022/02/03T11:01:37z: SSID: MU Open
 0h00:04.737 2022/02/03T11:01:37z: AP_STAR tmr
 ets Jan  8 2013,rst cause:4, boot mode:(3,7)

wdt reset
load 0x4010f000, len 1384, room 16 
tail 8
chksum 0x2d
csum 0x2d
v8b899c12
~ld


6.01
 0h00:04.565 2022/02/03T11:21:39z: DS3231
 0h00:04.581 2022/02/03T11:21:39z: BME280 (0x76)
 0h00:04.595 2022/02/03T11:21:39z: 84:f3:eb:7d:7:a8
 0h00:04.596 2022/02/03T11:21:39z: SSID: MU Open
 0h00:04.602 2022/02/03T11:21:39z: AP_STAR tmr
 ets Jan  8 2013,rst cause:4, boot mode:(3,7)

wdt reset
load 0x4010f000, len 1384, room 16 
tail 8
chksum 0x2d
csum 0x2d
v8b899c12
~ld


6.01
 0h00:04.620 2022/02/03T11:41:40z: DS3231
 0h00:04.636 2022/02/03T11:41:40z: BME280 (0x76)
 0h00:04.650 2022/02/03T11:41:40z: 84:f3:eb:7d:7:a8
 0h00:04.652 2022/02/03T11:41:40z: SSID: MU Open
 0h00:04.657 2022/02/03T11:41:40z: AP_STAR tmr
 ets Jan  8 2013,rst cause:4, boot mode:(3,7)

wdt reset
load 0x4010f000, len 1384, room 16 
tail 8
chksum 0x2d
csum 0x2d
v8b899c12
~ld


6.01
 0h00:04.749 2022/02/03T12:01:42z: DS3231
 0h00:04.764 2022/02/03T12:01:42z: BME280 (0x76)
 0h00:04.778 2022/02/03T12:01:42z: 84:f3:eb:7d:7:a8
 0h00:04.780 2022/02/03T12:01:42z: SSID: MU Open
 0h00:04.785 2022/02/03T12:01:42z: AP_STAR tmr
 ets Jan  8 2013,rst cause:4, boot mode:(3,7)

wdt reset
load 0x4010f000, len 1384, room 16 
tail 8
chksum 0x2d
csum 0x2d
v8b899c12
~ld


6.01
 0h00:04.842 2022/02/03T12:21:43z: DS3231
 0h00:04.857 2022/02/03T12:21:43z: BME280 (0x76)
 0h00:04.871 2022/02/03T12:21:43z: 84:f3:eb:7d:7:a8
 0h00:04.873 2022/02/03T12:21:43z: SSID: MU Open
 0h00:04.878 2022/02/03T12:21:43z: AP_STAR tmr
 ets Jan  8 2013,rst cause:4, boot mode:(3,7)

wdt reset
load 0x4010f000, len 1384, room 16 
tail 8
chksum 0x2d
csum 0x2d
v8b899c12
~ld


6.01
 0h00:04.602 2022/02/03T12:41:44z: DS3231
 0h00:04.617 2022/02/03T12:41:44z: BME280 (0x76)
 0h00:04.631 2022/02/03T12:41:44z: 84:f3:eb:7d:7:a8
 0h00:04.633 2022/02/03T12:41:44z: SSID: MU Open
 0h00:04.638 2022/02/03T12:41:44z: AP_STAR tmr
 ets Jan  8 2013,rst cause:4, boot mode:(3,7)

wdt reset
load 0x4010f000, len 1384, room 16 
tail 8
chksum 0x2d
csum 0x2d
v8b899c12
~ld


6.01
 0h00:04.787 2022/02/03T13:01:46z: DS3231
 0h00:04.802 2022/02/03T13:01:46z: BME280 (0x76)
 0h00:04.816 2022/02/03T13:01:46z: 84:f3:eb:7d:7:a8
 0h00:04.818 2022/02/03T13:01:46z: SSID: MU Open
 0h00:04.823 2022/02/03T13:01:46z: AP_STAR tmr
 ets Jan  8 2013,rst cause:4, boot mode:(3,7)

wdt reset
load 0x4010f000, len 1384, room 16 
tail 8
chksum 0x2d
csum 0x2d
v8b899c12
~ld


6.01
 0h00:04.608 2022/02/03T13:21:48z: DS3231
 0h00:04.623 2022/02/03T13:21:48z: BME280 (0x76)
 0h00:04.637 2022/02/03T13:21:48z: 84:f3:eb:7d:7:a8
 0h00:04.639 2022/02/03T13:21:48z: SSID: MU Open
 0h00:04.644 2022/02/03T13:21:48z: AP_STAR tmr
 ets Jan  8 2013,rst cause:4, boot mode:(3,7)

wdt reset
load 0x4010f000, len 1384, room 16 
tail 8
chksum 0x2d
csum 0x2d
v8b899c12
~ld


6.01
 0h00:04.815 2022/02/03T13:41:49z: DS3231
 0h00:04.830 2022/02/03T13:41:49z: BME280 (0x76)
 0h00:04.844 2022/02/03T13:41:49z: 84:f3:eb:7d:7:a8
 0h00:04.846 2022/02/03T13:41:49z: SSID: MU Open
 0h00:04.851 2022/02/03T13:41:49z: AP_STAR tmr
 ets Jan  8 2013,rst cause:4, boot mode:(3,7)

wdt reset
load 0x4010f000, len 1384, room 16 
tail 8
chksum 0x2d
csum 0x2d
v8b899c12
~ld


6.01
 0h00:04.523 2022/02/03T14:01:50z: DS3231
 0h00:04.539 2022/02/03T14:01:50z: BME280 (0x76)
 0h00:04.553 2022/02/03T14:01:50z: 84:f3:eb:7d:7:a8
 0h00:04.554 2022/02/03T14:01:50z: SSID: MU Open
 0h00:04.560 2022/02/03T14:01:50z: AP_STAR tmr
 ets Jan  8 2013,rst cause:4, boot mode:(3,7)

wdt reset
load 0x4010f000, len 1384, room 16 
tail 8
chksum 0x2d
csum 0x2d
v8b899c12
~ld


6.01
 0h00:04.522 2022/02/03T14:21:51z: DS3231
 0h00:04.537 2022/02/03T14:21:51z: BME280 (0x76)
 0h00:04.551 2022/02/03T14:21:51z: 84:f3:eb:7d:7:a8
 0h00:04.553 2022/02/03T14:21:51z: SSID: MU Open
 0h00:04.558 2022/02/03T14:21:51z: AP_STAR tmr
 ets Jan  8 2013,rst cause:4, boot mode:(3,7)

wdt reset
load 0x4010f000, len 1384, room 16 
tail 8
chksum 0x2d
csum 0x2d
v8b899c12
~ld


6.01
 0h00:04.474 2022/02/03T14:41:53z: DS3231
 0h00:04.489 2022/02/03T14:41:53z: BME280 (0x76)
 0h00:04.504 2022/02/03T14:41:53z: 84:f3:eb:7d:7:a8
 0h00:04.505 2022/02/03T14:41:53z: SSID: MU Open
 0h00:04.511 2022/02/03T14:41:53z: AP_STAR tmr
 ets Jan  8 2013,rst cause:4, boot mode:(3,7)

wdt reset
load 0x4010f000, len 1384, room 16 
tail 8
chksum 0x2d
csum 0x2d
v8b899c12
~ld


6.01
 0h00:04.782 2022/02/03T15:01:55z: DS3231
 0h00:04.797 2022/02/03T15:01:55z: BME280 (0x76)
 0h00:04.811 2022/02/03T15:01:55z: 84:f3:eb:7d:7:a8
 0h00:04.813 2022/02/03T15:01:55z: SSID: MU Open
 0h00:04.818 2022/02/03T15:01:55z: AP_STAR tmr
 ets Jan  8 2013,rst cause:4, boot mode:(3,7)

wdt reset
load 0x4010f000, len 1384, room 16 
tail 8
chksum 0x2d
csum 0x2d
v8b899c12
~ld


6.01
 0h00:04.765 2022/02/03T15:21:57z: DS3231
 0h00:04.781 2022/02/03T15:21:57z: BME280 (0x76)
 0h00:04.795 2022/02/03T15:21:57z: 84:f3:eb:7d:7:a8
 0h00:04.796 2022/02/03T15:21:57z: SSID: MU Open
 0h00:04.802 2022/02/03T15:21:57z: AP_STAR tmr
 ets Jan  8 2013,rst cause:4, boot mode:(3,7)

wdt reset
load 0x4010f000, len 1384, room 16 
tail 8
chksum 0x2d
csum 0x2d
v8b899c12
~ld


6.01
 0h00:04.752 2022/02/03T15:41:59z: DS3231
 0h00:04.767 2022/02/03T15:41:59z: BME280 (0x76)
 0h00:04.781 2022/02/03T15:41:59z: 84:f3:eb:7d:7:a8
 0h00:04.783 2022/02/03T15:41:59z: SSID: MU Open
 0h00:04.788 2022/02/03T15:41:59z: AP_STAR tmr
 ets Jan  8 2013,rst cause:4, boot mode:(3,7)

wdt reset
load 0x4010f000, len 1384, room 16 
tail 8
chksum 0x2d
csum 0x2d
v8b899c12
~ld


6.01
 0h00:04.537 2022/02/03T16:02:00z: DS3231
 0h00:04.552 2022/02/03T16:02:00z: BME280 (0x76)
 0h00:04.567 2022/02/03T16:02:00z: 84:f3:eb:7d:7:a8
 0h00:04.568 2022/02/03T16:02:00z: SSID: MU Open
 0h00:04.573 2022/02/03T16:02:00z: AP_STAR tmr
 ets Jan  8 2013,rst cause:4, boot mode:(3,7)

wdt reset
load 0x4010f000, len 1384, room 16 
tail 8
chksum 0x2d
csum 0x2d
v8b899c12
~ld


6.01
 0h00:04.531 2022/02/03T16:22:01z: DS3231
 0h00:04.546 2022/02/03T16:22:01z: BME280 (0x76)
 0h00:04.560 2022/02/03T16:22:01z: 84:f3:eb:7d:7:a8
 0h00:04.562 2022/02/03T16:22:01z: SSID: MU Open
 0h00:04.567 2022/02/03T16:22:01z: AP_STAR tmr
 ets Jan  8 2013,rst cause:4, boot mode:(3,7)

wdt reset
load 0x4010f000, len 1384, room 16 
tail 8
chksum 0x2d
csum 0x2d
v8b899c12
~ld


6.01
 0h00:04.382 2022/02/03T16:42:02z: DS3231
 0h00:04.397 2022/02/03T16:42:02z: BME280 (0x76)
 0h00:04.412 2022/02/03T16:42:02z: 84:f3:eb:7d:7:a8
 0h00:04.413 2022/02/03T16:42:02z: SSID: MU Open
 0h00:04.418 2022/02/03T16:42:02z: AP_STAR tmr
 ets Jan  8 2013,rst cause:4, boot mode:(3,7)

wdt reset
load 0x4010f000, len 1384, room 16 
tail 8
chksum 0x2d
csum 0x2d
v8b899c12
~ld


6.01
 0h00:04.397 2022/02/03T17:02:03z: DS3231
 0h00:04.413 2022/02/03T17:02:03z: BME280 (0x76)
 0h00:04.427 2022/02/03T17:02:03z: 84:f3:eb:7d:7:a8
 0h00:04.428 2022/02/03T17:02:03z: SSID: MU Open
 0h00:04.434 2022/02/03T17:02:03z: AP_STAR tmr
 ets Jan  8 2013,rst cause:4, boot mode:(3,7)

wdt reset
load 0x4010f000, len 1384, room 16 
tail 8
chksum 0x2d
csum 0x2d
v8b899c12
~ld


6.01
 0h00:04.436 2022/02/03T17:22:03z: DS3231
 0h00:04.451 2022/02/03T17:22:03z: BME280 (0x76)
 0h00:04.465 2022/02/03T17:22:03z: 84:f3:eb:7d:7:a8
 0h00:04.467 2022/02/03T17:22:03z: SSID: MU Open
 0h00:04.472 2022/02/03T17:22:03z: AP_STAR tmr
 ets Jan  8 2013,rst cause:4, boot mode:(3,7)

wdt reset
load 0x4010f000, len 1384, room 16 
tail 8
chksum 0x2d
csum 0x2d
v8b899c12
~ld


6.01
 0h00:04.405 2022/02/03T17:42:04z: DS3231
 0h00:04.420 2022/02/03T17:42:04z: BME280 (0x76)
 0h00:04.434 2022/02/03T17:42:04z: 84:f3:eb:7d:7:a8
 0h00:04.436 2022/02/03T17:42:04z: SSID: MU Open
 0h00:04.441 2022/02/03T17:42:04z: AP_STAR tmr
 ets Jan  8 2013,rst cause:4, boot mode:(3,7)

wdt reset
load 0x4010f000, len 1384, room 16 
tail 8
chksum 0x2d
csum 0x2d
v8b899c12
~ld


6.01
 0h00:04.702 2022/02/03T18:02:05z: DS3231
 0h00:04.717 2022/02/03T18:02:05z: BME280 (0x76)
 0h00:04.731 2022/02/03T18:02:05z: 84:f3:eb:7d:7:a8
 0h00:04.733 2022/02/03T18:02:05z: SSID: MU Open
 0h00:04.738 2022/02/03T18:02:05z: AP_STAR tmr
 ets Jan  8 2013,rst cause:4, boot mode:(3,7)

wdt reset
load 0x4010f000, len 1384, room 16 
tail 8
chksum 0x2d
csum 0x2d
v8b899c12
~ld


6.01
 0h00:04.442 2022/02/03T18:22:06z: DS3231
 0h00:04.458 2022/02/03T18:22:06z: BME280 (0x76)
 0h00:04.472 2022/02/03T18:22:06z: 84:f3:eb:7d:7:a8
 0h00:04.474 2022/02/03T18:22:06z: SSID: MU Open
 0h00:04.479 2022/02/03T18:22:06z: AP_STAR tmr
 ets Jan  8 2013,rst cause:4, boot mode:(3,7)

wdt reset
load 0x4010f000, len 1384, room 16 
tail 8
chksum 0x2d
csum 0x2d
v8b899c12
~ld


6.01
 0h00:04.237 2022/02/03T18:42:07z: DS3231
 0h00:04.253 2022/02/03T18:42:07z: BME280 (0x76)
 0h00:04.267 2022/02/03T18:42:07z: 84:f3:eb:7d:7:a8
 0h00:04.269 2022/02/03T18:42:07z: SSID: MU Open
 0h00:04.274 2022/02/03T18:42:07z: AP_STAR tmr
 ets Jan  8 2013,rst cause:4, boot mode:(3,7)

wdt reset
load 0x4010f000, len 1384, room 16 
tail 8
chksum 0x2d
csum 0x2d
v8b899c12
~ld


6.01
 0h00:04.227 2022/02/03T19:02:08z: DS3231
 0h00:04.243 2022/02/03T19:02:08z: BME280 (0x76)
 0h00:04.257 2022/02/03T19:02:08z: 84:f3:eb:7d:7:a8
 0h00:04.259 2022/02/03T19:02:08z: SSID: MU Open
 0h00:04.264 2022/02/03T19:02:08z: AP_STAR tmr
 ets Jan  8 2013,rst cause:4, boot mode:(3,7)

wdt reset
load 0x4010f000, len 1384, room 16 
tail 8
chksum 0x2d
csum 0x2d
v8b899c12
~ld


6.01
 0h00:04.480 2022/02/03T19:22:09z: DS3231
 0h00:04.495 2022/02/03T19:22:09z: BME280 (0x76)
 0h00:04.510 2022/02/03T19:22:09z: 84:f3:eb:7d:7:a8
 0h00:04.511 2022/02/03T19:22:09z: SSID: MU Open
 0h00:04.516 2022/02/03T19:22:09z: AP_STAR tmr
 ets Jan  8 2013,rst cause:4, boot mode:(3,7)

wdt reset
load 0x4010f000, len 1384, room 16 
tail 8
chksum 0x2d
csum 0x2d
v8b899c12
~ld


6.01
 0h00:04.521 2022/02/03T19:42:10z: DS3231
 0h00:04.537 2022/02/03T19:42:10z: BME280 (0x76)
 0h00:04.551 2022/02/03T19:42:10z: 84:f3:eb:7d:7:a8
 0h00:04.552 2022/02/03T19:42:10z: SSID: MU Open
 0h00:04.558 2022/02/03T19:42:10z: AP_STAR tmr
 ets Jan  8 2013,rst cause:4, boot mode:(3,7)

wdt reset
load 0x4010f000, len 1384, room 16 
tail 8
chksum 0x2d
csum 0x2d
v8b899c12
~ld


6.01
 0h00:04.743 2022/02/03T20:02:12z: DS3231
 0h00:04.758 2022/02/03T20:02:12z: BME280 (0x76)
 0h00:04.772 2022/02/03T20:02:12z: 84:f3:eb:7d:7:a8
 0h00:04.774 2022/02/03T20:02:12z: SSID: MU Open
 0h00:04.779 2022/02/03T20:02:12z: AP_STAR tmr
 ets Jan  8 2013,rst cause:4, boot mode:(3,7)

wdt reset
load 0x4010f000, len 1384, room 16 
tail 8
chksum 0x2d
csum 0x2d
v8b899c12
~ld


6.01
 0h00:04.470 2022/02/03T20:22:13z: DS3231
 0h00:04.485 2022/02/03T20:22:13z: BME280 (0x76)
 0h00:04.499 2022/02/03T20:22:13z: 84:f3:eb:7d:7:a8
 0h00:04.501 2022/02/03T20:22:13z: SSID: MU Open
 0h00:04.506 2022/02/03T20:22:13z: AP_STAR tmr
 ets Jan  8 2013,rst cause:4, boot mode:(3,7)

wdt reset
load 0x4010f000, len 1384, room 16 
tail 8
chksum 0x2d
csum 0x2d
v8b899c12
~ld


6.01
 0h00:04.620 2022/02/03T20:42:13z: DS3231
 0h00:04.635 2022/02/03T20:42:13z: BME280 (0x76)
 0h00:04.649 2022/02/03T20:42:13z: 84:f3:eb:7d:7:a8
 0h00:04.651 2022/02/03T20:42:13z: SSID: MU Open
 0h00:04.656 2022/02/03T20:42:13z: AP_STAR tmr
 ets Jan  8 2013,rst cause:4, boot mode:(3,7)

wdt reset
load 0x4010f000, len 1384, room 16 
tail 8
chksum 0x2d
csum 0x2d
v8b899c12
~ld


6.01
 0h00:04.733 2022/02/03T21:02:14z: DS3231
 0h00:04.749 2022/02/03T21:02:14z: BME280 (0x76)
 0h00:04.763 2022/02/03T21:02:14z: 84:f3:eb:7d:7:a8
 0h00:04.765 2022/02/03T21:02:14z: SSID: MU Open
 0h00:04.770 2022/02/03T21:02:14z: AP_STAR tmr
 ets Jan  8 2013,rst cause:4, boot mode:(3,7)

wdt reset
load 0x4010f000, len 1384, room 16 
tail 8
chksum 0x2d
csum 0x2d
v8b899c12
~ld


6.01
 0h00:04.500 2022/02/03T21:22:15z: DS3231
 0h00:04.515 2022/02/03T21:22:15z: BME280 (0x76)
 0h00:04.529 2022/02/03T21:22:15z: 84:f3:eb:7d:7:a8
 0h00:04.531 2022/02/03T21:22:15z: SSID: MU Open
 0h00:04.536 2022/02/03T21:22:15z: AP_STAR tmr
 ets Jan  8 2013,rst cause:4, boot mode:(3,7)

wdt reset
load 0x4010f000, len 1384, room 16 
tail 8
chksum 0x2d
csum 0x2d
v8b899c12
~ld


6.01
 0h00:04.474 2022/02/03T21:42:16z: DS3231
 0h00:04.489 2022/02/03T21:42:16z: BME280 (0x76)
 0h00:04.503 2022/02/03T21:42:16z: 84:f3:eb:7d:7:a8
 0h00:04.505 2022/02/03T21:42:16z: SSID: MU Open
 0h00:04.510 2022/02/03T21:42:16z: AP_STAR tmr
 ets Jan  8 2013,rst cause:4, boot mode:(3,7)

wdt reset
load 0x4010f000, len 1384, room 16 
tail 8
chksum 0x2d
csum 0x2d
v8b899c12
~ld


6.01
 0h00:04.499 2022/02/03T22:02:18z: DS3231
 0h00:04.515 2022/02/03T22:02:18z: BME280 (0x76)
 0h00:04.529 2022/02/03T22:02:18z: 84:f3:eb:7d:7:a8
 0h00:04.530 2022/02/03T22:02:18z: SSID: MU Open
 0h00:04.536 2022/02/03T22:02:18z: AP_STAR tmr
 ets Jan  8 2013,rst cause:4, boot mode:(3,7)

wdt reset
load 0x4010f000, len 1384, room 16 
tail 8
chksum 0x2d
csum 0x2d
v8b899c12
~ld


6.01
 0h00:04.555 2022/02/03T22:22:19z: DS3231
 0h00:04.571 2022/02/03T22:22:19z: BME280 (0x76)
 0h00:04.585 2022/02/03T22:22:19z: 84:f3:eb:7d:7:a8
 0h00:04.587 2022/02/03T22:22:19z: SSID: MU Open
 0h00:04.592 2022/02/03T22:22:19z: AP_STAR tmr
 ets Jan  8 2013,rst cause:4, boot mode:(3,7)

wdt reset
load 0x4010f000, len 1384, room 16 
tail 8
chksum 0x2d
csum 0x2d
v8b899c12
~ld


6.01
 0h00:04.772 2022/02/03T22:42:21z: DS3231
 0h00:04.787 2022/02/03T22:42:21z: BME280 (0x76)
 0h00:04.802 2022/02/03T22:42:21z: 84:f3:eb:7d:7:a8
 0h00:04.803 2022/02/03T22:42:21z: SSID: MU Open
 0h00:04.808 2022/02/03T22:42:21z: AP_STAR tmr
 ets Jan  8 2013,rst cause:4, boot mode:(3,7)

wdt reset
load 0x4010f000, len 1384, room 16 
tail 8
chksum 0x2d
csum 0x2d
v8b899c12
~ld


6.01
 0h00:04.735 2022/02/03T23:02:22z: DS3231
 0h00:04.750 2022/02/03T23:02:22z: BME280 (0x76)
 0h00:04.764 2022/02/03T23:02:22z: 84:f3:eb:7d:7:a8
 0h00:04.766 2022/02/03T23:02:22z: SSID: MU Open
 0h00:04.771 2022/02/03T23:02:22z: AP_STAR tmr
 ets Jan  8 2013,rst cause:4, boot mode:(3,7)

wdt reset
load 0x4010f000, len 1384, room 16 
tail 8
chksum 0x2d
csum 0x2d
v8b899c12
~ld


6.01
 0h00:04.882 2022/02/03T23:22:23z: DS3231
 0h00:04.897 2022/02/03T23:22:23z: BME280 (0x76)
 0h00:04.912 2022/02/03T23:22:23z: 84:f3:eb:7d:7:a8
 0h00:04.913 2022/02/03T23:22:23z: SSID: MU Open
 0h00:04.918 2022/02/03T23:22:23z: AP_STAR tmr
 ets Jan  8 2013,rst cause:4, boot mode:(3,7)

wdt reset
load 0x4010f000, len 1384, room 16 
tail 8
chksum 0x2d
csum 0x2d
v8b899c12
~ld


6.01
 0h00:04.805 2022/02/03T23:42:24z: DS3231
 0h00:04.820 2022/02/03T23:42:24z: BME280 (0x76)
 0h00:04.834 2022/02/03T23:42:24z: 84:f3:eb:7d:7:a8
 0h00:04.836 2022/02/03T23:42:24z: SSID: MU Open
 0h00:04.841 2022/02/03T23:42:24z: AP_STA