R tmr
 ets Jan  8 2013,rst cause:4, boot mode:(3,7)

wdt reset
load 0x4010f000, len 1384, room 16 
tail 8
chksum 0x2d
csum 0x2d
v8b899c12
~ld


6.01
 0h00:04.235 2022/01/12T00:17:40z: DS3231
 0h00:04.251 2022/01/12T00:17:40z: BME280 (0x76)
 0h00:04.265 2022/01/12T00:17:40z: 84:f3:eb:7d:7:a8
 0h00:04.266 2022/01/12T00:17:40z: SSID: MU Open
 0h00:04.272 2022/01/12T00:17:40z: AP_STAR tmr
 ets Jan  8 2013,rst cause:4, boot mode:(3,7)

wdt reset
load 0x4010f000, len 1384, room 16 
tail 8
chksum 0x2d
csum 0x2d
v8b899c12
~ld


6.01
 0h00:04.213 2022/01/12T00:37:39z: DS3231
 0h00:04.229 2022/01/12T00:37:39z: BME280 (0x76)
 0h00:04.243 2022/01/12T00:37:39z: 84:f3:eb:7d:7:a8
 0h00:04.245 2022/01/12T00:37:39z: SSID: MU Open
 0h00:04.250 2022/01/12T00:37:39z: AP_STAR tmr
 ets Jan  8 2013,rst cause:4, boot mode:(3,7)

wdt reset
load 0x4010f000, len 1384, room 16 
tail 8
chksum 0x2d
csum 0x2d
v8b899c12
~ld


6.01
 0h00:04.445 2022/01/12T00:57:39z: DS3231
 0h00:04.461 2022/01/12T00:57:39z: BME280 (0x76)
 0h00:04.475 2022/01/12T00:57:39z: 84:f3:eb:7d:7:a8
 0h00:04.476 2022/01/12T00:57:39z: SSID: MU Open
 0h00:04.482 2022/01/12T00:57:39z: AP_STAR tmr
 ets Jan  8 2013,rst cause:4, boot mode:(3,7)

wdt reset
load 0x4010f000, len 1384, room 16 
tail 8
chksum 0x2d
csum 0x2d
v8b899c12
~ld


6.01
 0h00:04.213 2022/01/12T01:17:40z: DS3231
 0h00:04.228 2022/01/12T01:17:40z: BME280 (0x76)
 0h00:04.242 2022/01/12T01:17:40z: 84:f3:eb:7d:7:a8
 0h00:04.244 2022/01/12T01:17:40z: SSID: MU Open
 0h00:04.249 2022/01/12T01:17:40z: AP_STAR tmr
 ets Jan  8 2013,rst cause:4, boot mode:(3,7)

wdt reset
load 0x4010f000, len 1384, room 16 
tail 8
chksum 0x2d
csum 0x2d
v8b899c12
~ld


6.01
 0h00:04.397 2022/01/12T01:37:40z: DS3231
 0h00:04.412 2022/01/12T01:37:40z: BME280 (0x76)
 0h00:04.426 2022/01/12T01:37:40z: 84:f3:eb:7d:7:a8
 0h00:04.428 2022/01/12T01:37:40z: SSID: MU Open
 0h00:04.433 2022/01/12T01:37:40z: AP_STAR tmr
 ets Jan  8 2013,rst cause:4, boot mode:(3,7)

wdt reset
load 0x4010f000, len 1384, room 16 
tail 8
chksum 0x2d
csum 0x2d
v8b899c12
~ld


6.01
 0h00:04.247 2022/01/12T01:57:41z: DS3231
 0h00:04.262 2022/01/12T01:57:41z: BME280 (0x76)
 0h00:04.276 2022/01/12T01:57:41z: 84:f3:eb:7d:7:a8
 0h00:04.278 2022/01/12T01:57:41z: SSID: MU Open
 0h00:04.283 2022/01/12T01:57:41z: AP_STAR tmr
 ets Jan  8 2013,rst cause:4, boot mode:(3,7)

wdt reset
load 0x4010f000, len 1384, room 16 
tail 8
chksum 0x2d
csum 0x2d
v8b899c12
~ld


6.01
 0h00:04.225 2022/01/12T02:17:41z: DS3231
 0h00:04.240 2022/01/12T02:17:41z: BME280 (0x76)
 0h00:04.254 2022/01/12T02:17:41z: 84:f3:eb:7d:7:a8
 0h00:04.256 2022/01/12T02:17:41z: SSID: MU Open
 0h00:04.261 2022/01/12T02:17:41z: AP_STAR tmr
 ets Jan  8 2013,rst cause:4, boot mode:(3,7)

wdt reset
load 0x4010f000, len 1384, room 16 
tail 8
chksum 0x2d
csum 0x2d
v8b899c12
~ld


6.01
 0h00:04.378 2022/01/12T02:37:41z: DS3231
 0h00:04.393 2022/01/12T02:37:41z: BME280 (0x76)
 0h00:04.407 2022/01/12T02:37:41z: 84:f3:eb:7d:7:a8
 0h00:04.409 2022/01/12T02:37:41z: SSID: MU Open
 0h00:04.414 2022/01/12T02:37:41z: AP_STAR tmr
 ets Jan  8 2013,rst cause:4, boot mode:(3,7)

wdt reset
load 0x4010f000, len 1384, room 16 
tail 8
chksum 0x2d
csum 0x2d
v8b899c12
~ld


6.01
 0h00:04.270 2022/01/12T02:57:41z: DS3231
 0h00:04.286 2022/01/12T02:57:41z: BME280 (0x76)
 0h00:04.300 2022/01/12T02:57:41z: 84:f3:eb:7d:7:a8
 0h00:04.302 2022/01/12T02:57:41z: SSID: MU Open
 0h00:04.307 2022/01/12T02:57:41z: AP_STAR tmr
 ets Jan  8 2013,rst cause:4, boot mode:(3,7)

wdt reset
load 0x4010f000, len 1384, room 16 
tail 8
chksum 0x2d
csum 0x2d
v8b899c12
~ld


6.01
 0h00:04.249 2022/01/12T03:17:42z: DS3231
 0h00:04.264 2022/01/12T03:17:42z: BME280 (0x76)
 0h00:04.278 2022/01/12T03:17:42z: 84:f3:eb:7d:7:a8
 0h00:04.280 2022/01/12T03:17:42z: SSID: MU Open
 0h00:04.285 2022/01/12T03:17:42z: AP_STAR tmr
 ets Jan  8 2013,rst cause:4, boot mode:(3,7)

wdt reset
load 0x4010f000, len 1384, room 16 
tail 8
chksum 0x2d
csum 0x2d
v8b899c12
~ld


6.01
 0h00:04.440 2022/01/12T03:37:42z: DS3231
 0h00:04.455 2022/01/12T03:37:42z: BME280 (0x76)
 0h00:04.469 2022/01/12T03:37:42z: 84:f3:eb:7d:7:a8
 0h00:04.471 2022/01/12T03:37:42z: SSID: MU Open
 0h00:04.476 2022/01/12T03:37:42z: AP_STAR tmr
 ets Jan  8 2013,rst cause:4, boot mode:(3,7)

wdt reset
load 0x4010f000, len 1384, room 16 
tail 8
chksum 0x2d
csum 0x2d
v8b899c12
~ld


6.01
 0h00:04.337 2022/01/12T03:57:42z: DS3231
 0h00:04.352 2022/01/12T03:57:42z: BME280 (0x76)
 0h00:04.366 2022/01/12T03:57:42z: 84:f3:eb:7d:7:a8
 0h00:04.368 2022/01/12T03:57:42z: SSID: MU Open
 0h00:04.373 2022/01/12T03:57:42z: AP_STAR tmr
 ets Jan  8 2013,rst cause:4, boot mode:(3,7)

wdt reset
load 0x4010f000, len 1384, room 16 
tail 8
chksum 0x2d
csum 0x2d
v8b899c12
~ld


6.01
 0h00:04.235 2022/01/12T04:17:42z: DS3231
 0h00:04.250 2022/01/12T04:17:42z: BME280 (0x76)
 0h00:04.264 2022/01/12T04:17:42z: 84:f3:eb:7d:7:a8
 0h00:04.266 2022/01/12T04:17:42z: SSID: MU Open
 0h00:04.271 2022/01/12T04:17:42z: AP_STAR tmr
 ets Jan  8 2013,rst cause:4, boot mode:(3,7)

wdt reset
load 0x4010f000, len 1384, room 16 
tail 8
chksum 0x2d
csum 0x2d
v8b899c12
~ld


6.01
 0h00:04.265 2022/01/12T04:37:42z: DS3231
 0h00:04.280 2022/01/12T04:37:42z: BME280 (0x76)
 0h00:04.294 2022/01/12T04:37:42z: 84:f3:eb:7d:7:a8
 0h00:04.296 2022/01/12T04:37:42z: SSID: MU Open
 0h00:04.301 2022/01/12T04:37:42z: AP_STAR tmr
 ets Jan  8 2013,rst cause:4, boot mode:(3,7)

wdt reset
load 0x4010f000, len 1384, room 16 
tail 8
chksum 0x2d
csum 0x2d
v8b899c12
~ld


6.01
 0h00:04.450 2022/01/12T04:57:43z: DS3231
 0h00:04.466 2022/01/12T04:57:43z: BME280 (0x76)
 0h00:04.480 2022/01/12T04:57:43z: 84:f3:eb:7d:7:a8
 0h00:04.481 2022/01/12T04:57:43z: SSID: MU Open
 0h00:04.487 2022/01/12T04:57:43z: AP_STAR tmr
 ets Jan  8 2013,rst cause:4, boot mode:(3,7)

wdt reset
load 0x4010f000, len 1384, room 16 
tail 8
chksum 0x2d
csum 0x2d
v8b899c12
~ld


6.01
 0h00:04.446 2022/01/12T05:17:44z: DS3231
 0h00:04.461 2022/01/12T05:17:44z: BME280 (0x76)
 0h00:04.475 2022/01/12T05:17:44z: 84:f3:eb:7d:7:a8
 0h00:04.477 2022/01/12T05:17:44z: SSID: MU Open
 0h00:04.482 2022/01/12T05:17:44z: AP_STAR tmr
 ets Jan  8 2013,rst cause:4, boot mode:(3,7)

wdt reset
load 0x4010f000, len 1384, room 16 
tail 8
chksum 0x2d
csum 0x2d
v8b899c12
~ld


6.01
 0h00:04.276 2022/01/12T05:37:44z: DS3231
 0h00:04.292 2022/01/12T05:37:44z: BME280 (0x76)
 0h00:04.306 2022/01/12T05:37:44z: 84:f3:eb:7d:7:a8
 0h00:04.308 2022/01/12T05:37:44z: SSID: MU Open
 0h00:04.313 2022/01/12T05:37:44z: AP_STAR tmr
 ets Jan  8 2013,rst cause:4, boot mode:(3,7)

wdt reset
load 0x4010f000, len 1384, room 16 
tail 8
chksum 0x2d
csum 0x2d
v8b899c12
~ld


6.01
 0h00:04.350 2022/01/12T05:57:45z: DS3231
 0h00:04.365 2022/01/12T05:57:45z: BME280 (0x76)
 0h00:04.380 2022/01/12T05:57:45z: 84:f3:eb:7d:7:a8
 0h00:04.381 2022/01/12T05:57:45z: SSID: MU Open
 0h00:04.386 2022/01/12T05:57:45z: AP_STAR tmr
 ets Jan  8 2013,rst cause:4, boot mode:(3,7)

wdt reset
load 0x4010f000, len 1384, room 16 
tail 8
chksum 0x2d
csum 0x2d
v8b899c12
~ld


6.01
 0h00:04.396 2022/01/12T06:17:45z: DS3231
 0h00:04.411 2022/01/12T06:17:45z: BME280 (0x76)
 0h00:04.425 2022/01/12T06:17:45z: 84:f3:eb:7d:7:a8
 0h00:04.427 2022/01/12T06:17:45z: SSID: MU Open
 0h00:04.432 2022/01/12T06:17:45z: AP_STAR tmr
 ets Jan  8 2013,rst cause:4, boot mode:(3,7)

wdt reset
load 0x4010f000, len 1384, room 16 
tail 8
chksum 0x2d
csum 0x2d
v8b899c12
~ld


6.01
 0h00:04.148 2022/01/12T06:37:45z: DS3231
 0h00:04.163 2022/01/12T06:37:45z: BME280 (0x76)
 0h00:04.177 2022/01/12T06:37:45z: 84:f3:eb:7d:7:a8
 0h00:04.179 2022/01/12T06:37:45z: SSID: MU Open
 0h00:04.184 2022/01/12T06:37:45z: AP_STAR tmr
 ets Jan  8 2013,rst cause:4, boot mode:(3,7)

wdt reset
load 0x4010f000, len 1384, room 16 
tail 8
chksum 0x2d
csum 0x2d
v8b899c12
~ld


6.01
 0h00:04.158 2022/01/12T06:57:44z: DS3231
 0h00:04.173 2022/01/12T06:57:44z: BME280 (0x76)
 0h00:04.187 2022/01/12T06:57:44z: 84:f3:eb:7d:7:a8
 0h00:04.189 2022/01/12T06:57:44z: SSID: MU Open
 0h00:04.194 2022/01/12T06:57:44z: AP_STAR tmr
 ets Jan  8 2013,rst cause:4, boot mode:(3,7)

wdt reset
load 0x4010f000, len 1384, room 16 
tail 8
chksum 0x2d
csum 0x2d
v8b899c12
~ld


6.01
 0h00:04.422 2022/01/12T07:17:45z: DS3231
 0h00:04.438 2022/01/12T07:17:45z: BME280 (0x76)
 0h00:04.452 2022/01/12T07:17:45z: 84:f3:eb:7d:7:a8
 0h00:04.454 2022/01/12T07:17:45z: SSID: MU Open
 0h00:04.459 2022/01/12T07:17:45z: AP_STAR tmr
 ets Jan  8 2013,rst cause:4, boot mode:(3,7)

wdt reset
load 0x4010f000, len 1384, room 16 
tail 8
chksum 0x2d
csum 0x2d
v8b899c12
~ld


6.01
 0h00:04.206 2022/01/12T07:37:45z: DS3231
 0h00:04.221 2022/01/12T07:37:45z: BME280 (0x76)
 0h00:04.235 2022/01/12T07:37:45z: 84:f3:eb:7d:7:a8
 0h00:04.237 2022/01/12T07:37:45z: SSID: MU Open
 0h00:04.242 2022/01/12T07:37:45z: AP_STAR tmr
 ets Jan  8 2013,rst cause:4, boot mode:(3,7)

wdt reset
load 0x4010f000, len 1384, room 16 
tail 8
chksum 0x2d
csum 0x2d
v8b899c12
~ld


6.01
 0h00:04.365 2022/01/12T07:57:45z: DS3231
 0h00:04.380 2022/01/12T07:57:45z: BME280 (0x76)
 0h00:04.394 2022/01/12T07:57:45z: 84:f3:eb:7d:7:a8
 0h00:04.396 2022/01/12T07:57:45z: SSID: MU Open
 0h00:04.401 2022/01/12T07:57:45z: AP_STAR tmr
 ets Jan  8 2013,rst cause:4, boot mode:(3,7)

wdt reset
load 0x4010f000, len 1384, room 16 
tail 8
chksum 0x2d
csum 0x2d
v8b899c12
~ld


6.01
 0h00:04.014 2022/01/12T08:17:45z: DS3231
 0h00:04.030 2022/01/12T08:17:45z: BME280 (0x76)
 0h00:04.044 2022/01/12T08:17:45z: 84:f3:eb:7d:7:a8
 0h00:04.046 2022/01/12T08:17:45z: SSID: MU Open
 0h00:04.051 2022/01/12T08:17:45z: AP_STAR tmr
 ets Jan  8 2013,rst cause:4, boot mode:(3,7)

wdt reset
load 0x4010f000, len 1384, room 16 
tail 8
chksum 0x2d
csum 0x2d
v8b899c12
~ld


6.01
 0h00:04.405 2022/01/12T08:37:46z: DS3231
 0h00:04.420 2022/01/12T08:37:46z: BME280 (0x76)
 0h00:04.434 2022/01/12T08:37:46z: 84:f3:eb:7d:7:a8
 0h00:04.436 2022/01/12T08:37:46z: SSID: MU Open
 0h00:04.441 2022/01/12T08:37:46z: AP_STAR tmr
 ets Jan  8 2013,rst cause:4, boot mode:(3,7)

wdt reset
load 0x4010f000, len 1384, room 16 
tail 8
chksum 0x2d
csum 0x2d
v8b899c12
~ld


6.01
 0h00:04.218 2022/01/12T08:57:46z: DS3231
 0h00:04.233 2022/01/12T08:57:46z: BME280 (0x76)
 0h00:04.247 2022/01/12T08:57:46z: 84:f3:eb:7d:7:a8
 0h00:04.249 2022/01/12T08:57:46z: SSID: MU Open
 0h00:04.254 2022/01/12T08:57:46z: AP_STAR tmr
 ets Jan  8 2013,rst cause:4, boot mode:(3,7)

wdt reset
load 0x4010f000, len 1384, room 16 
tail 8
chksum 0x2d
csum 0x2d
v8b899c12
~ld


6.01
 0h00:04.365 2022/01/12T09:17:47z: DS3231
 0h00:04.380 2022/01/12T09:17:47z: BME280 (0x76)
 0h00:04.394 2022/01/12T09:17:47z: 84:f3:eb:7d:7:a8
 0h00:04.396 2022/01/12T09:17:47z: SSID: MU Open
 0h00:04.401 2022/01/12T09:17:47z: AP_STAR tmr
 ets Jan  8 2013,rst cause:4, boot mode:(3,7)

wdt reset
load 0x4010f000, len 1384, room 16 
tail 8
chksum 0x2d
csum 0x2d
v8b899c12
~ld


6.01
 0h00:04.376 2022/01/12T09:37:47z: DS3231
 0h00:04.392 2022/01/12T09:37:47z: BME280 (0x76)
 0h00:04.406 2022/01/12T09:37:47z: 84:f3:eb:7d:7:a8
 0h00:04.407 2022/01/12T09:37:47z: SSID: MU Open
 0h00:04.413 2022/01/12T09:37:47z: AP_STAR tmr
 ets Jan  8 2013,rst cause:4, boot mode:(3,7)

wdt reset
load 0x4010f000, len 1384, room 16 
tail 8
chksum 0x2d
csum 0x2d
v8b899c12
~ld


6.01
 0h00:04.348 2022/01/12T09:57:47z: DS3231
 0h00:04.363 2022/01/12T09:57:47z: BME280 (0x76)
 0h00:04.377 2022/01/12T09:57:47z: 84:f3:eb:7d:7:a8
 0h00:04.379 2022/01/12T09:57:47z: SSID: MU Open
 0h00:04.384 2022/01/12T09:57:47z: AP_STAR tmr
 ets Jan  8 2013,rst cause:4, boot mode:(3,7)

wdt reset
load 0x4010f000, len 1384, room 16 
tail 8
chksum 0x2d
csum 0x2d
v8b899c12
~ld


6.01
 0h00:04.362 2022/01/12T10:17:47z: DS3231
 0h00:04.377 2022/01/12T10:17:47z: BME280 (0x76)
 0h00:04.392 2022/01/12T10:17:47z: 84:f3:eb:7d:7:a8
 0h00:04.393 2022/01/12T10:17:47z: SSID: MU Open
 0h00:04.398 2022/01/12T10:17:47z: AP_STAR tmr
 ets Jan  8 2013,rst cause:4, boot mode:(3,7)

wdt reset
load 0x4010f000, len 1384, room 16 
tail 8
chksum 0x2d
csum 0x2d
v8b899c12
~ld


6.01
 0h00:04.225 2022/01/12T10:37:48z: DS3231
 0h00:04.241 2022/01/12T10:37:48z: BME280 (0x76)
 0h00:04.255 2022/01/12T10:37:48z: 84:f3:eb:7d:7:a8
 0h00:04.256 2022/01/12T10:37:48z: SSID: MU Open
 0h00:04.262 2022/01/12T10:37:48z: AP_STAR tmr
 ets Jan  8 2013,rst cause:4, boot mode:(3,7)

wdt reset
load 0x4010f000, len 1384, room 16 
tail 8
chksum 0x2d
csum 0x2d
v8b899c12
~ld


6.01
 0h00:04.201 2022/01/12T10:57:48z: DS3231
 0h00:04.216 2022/01/12T10:57:48z: BME280 (0x76)
 0h00:04.230 2022/01/12T10:57:48z: 84:f3:eb:7d:7:a8
 0h00:04.232 2022/01/12T10:57:48z: SSID: MU Open
 0h00:04.237 2022/01/12T10:57:48z: AP_STAR tmr
 ets Jan  8 2013,rst cause:4, boot mode:(3,7)

wdt reset
load 0x4010f000, len 1384, room 16 
tail 8
chksum 0x2d
csum 0x2d
v8b899c12
~ld


6.01
 0h00:04.195 2022/01/12T11:17:48z: DS3231
 0h00:04.211 2022/01/12T11:17:48z: BME280 (0x76)
 0h00:04.225 2022/01/12T11:17:48z: 84:f3:eb:7d:7:a8
 0h00:04.227 2022/01/12T11:17:48z: SSID: MU Open
 0h00:04.232 2022/01/12T11:17:48z: AP_STAR tmr
 ets Jan  8 2013,rst cause:4, boot mode:(3,7)

wdt reset
load 0x4010f000, len 1384, room 16 
tail 8
chksum 0x2d
csum 0x2d
v8b899c12
~ld


6.01
 0h00:04.222 2022/01/12T11:37:48z: DS3231
 0h00:04.237 2022/01/12T11:37:48z: BME280 (0x76)
 0h00:04.251 2022/01/12T11:37:48z: 84:f3:eb:7d:7:a8
 0h00:04.253 2022/01/12T11:37:48z: SSID: MU Open
 0h00:04.258 2022/01/12T11:37:48z: AP_STAR tmr
 ets Jan  8 2013,rst cause:4, boot mode:(3,7)

wdt reset
load 0x4010f000, len 1384, room 16 
tail 8
chksum 0x2d
csum 0x2d
v8b899c12
~ld


6.01
 0h00:04.123 2022/01/12T11:57:48z: DS3231
 0h00:04.138 2022/01/12T11:57:48z: BME280 (0x76)
 0h00:04.152 2022/01/12T11:57:48z: 84:f3:eb:7d:7:a8
 0h00:04.154 2022/01/12T11:57:48z: SSID: MU Open
 0h00:04.159 2022/01/12T11:57:48z: AP_STAR tmr
 ets Jan  8 2013,rst cause:4, boot mode:(3,7)

wdt reset
load 0x4010f000, len 1384, room 16 
tail 8
chksum 0x2d
csum 0x2d
v8b899c12
~ld


6.01
 0h00:04.355 2022/01/12T12:17:48z: DS3231
 0h00:04.370 2022/01/12T12:17:48z: BME280 (0x76)
 0h00:04.384 2022/01/12T12:17:48z: 84:f3:eb:7d:7:a8
 0h00:04.386 2022/01/12T12:17:48z: SSID: MU Open
 0h00:04.391 2022/01/12T12:17:48z: AP_STAR tmr
 ets Jan  8 2013,rst cause:4, boot mode:(3,7)

wdt reset
load 0x4010f000, len 1384, room 16 
tail 8
chksum 0x2d
csum 0x2d
v8b899c12
~ld


6.01
 0h00:04.339 2022/01/12T12:37:48z: DS3231
 0h00:04.355 2022/01/12T12:37:48z: BME280 (0x76)
 0h00:04.369 2022/01/12T12:37:49z: 84:f3:eb:7d:7:a8
 0h00:04.371 2022/01/12T12:37:49z: SSID: MU Open
 0h00:04.376 2022/01/12T12:37:49z: AP_STAR tmr
 ets Jan  8 2013,rst cause:4, boot mode:(3,7)

wdt reset
load 0x4010f000, len 1384, room 16 
tail 8
chksum 0x2d
csum 0x2d
v8b899c12
~ld


6.01
 0h00:04.333 2022/01/12T12:57:49z: DS3231
 0h00:04.348 2022/01/12T12:57:49z: BME280 (0x76)
 0h00:04.363 2022/01/12T12:57:49z: 84:f3:eb:7d:7:a8
 0h00:04.364 2022/01/12T12:57:49z: SSID: MU Open
 0h00:04.369 2022/01/12T12:57:49z: AP_STAR tmr
 ets Jan  8 2013,rst cause:4, boot mode:(3,7)

wdt reset
load 0x4010f000, len 1384, room 16 
tail 8
chksum 0x2d
csum 0x2d
v8b899c12
~ld


6.01
 0h00:04.177 2022/01/12T13:17:49z: DS3231
 0h00:04.192 2022/01/12T13:17:49z: BME280 (0x76)
 0h00:04.206 2022/01/12T13:17:49z: 84:f3:eb:7d:7:a8
 0h00:04.208 2022/01/12T13:17:49z: SSID: MU Open
 0h00:04.213 2022/01/12T13:17:49z: AP_STAR tmr
 ets Jan  8 2013,rst cause:4, boot mode:(3,7)

wdt reset
load 0x4010f000, len 1384, room 16 
tail 8
chksum 0x2d
csum 0x2d
v8b899c12
~ld


6.01
 0h00:04.350 2022/01/12T13:37:49z: DS3231
 0h00:04.365 2022/01/12T13:37:49z: BME280 (0x76)
 0h00:04.379 2022/01/12T13:37:49z: 84:f3:eb:7d:7:a8
 0h00:04.381 2022/01/12T13:37:49z: SSID: MU Open
 0h00:04.386 2022/01/12T13:37:49z: AP_STAR tmr
 ets Jan  8 2013,rst cause:4, boot mode:(3,7)

wdt reset
load 0x4010f000, len 1384, room 16 
tail 8
chksum 0x2d
csum 0x2d
v8b899c12
~ld


6.01
 0h00:04.180 2022/01/12T13:57:49z: DS3231
 0h00:04.195 2022/01/12T13:57:49z: BME280 (0x76)
 0h00:04.209 2022/01/12T13:57:49z: 84:f3:eb:7d:7:a8
 0h00:04.211 2022/01/12T13:57:49z: SSID: MU Open
 0h00:04.216 2022/01/12T13:57:49z: AP_STAR tmr
 ets Jan  8 2013,rst cause:4, boot mode:(3,7)

wdt reset
load 0x4010f000, len 1384, room 16 
tail 8
chksum 0x2d
csum 0x2d
v8b899c12
~ld


6.01
 0h00:04.228 2022/01/12T14:17:49z: DS3231
 0h00:04.244 2022/01/12T14:17:49z: BME280 (0x76)
 0h00:04.258 2022/01/12T14:17:49z: 84:f3:eb:7d:7:a8
 0h00:04.259 2022/01/12T14:17:49z: SSID: MU Open
 0h00:04.265 2022/01/12T14:17:49z: AP_STAR tmr
 ets Jan  8 2013,rst cause:4, boot mode:(3,7)

wdt reset
load 0x4010f000, len 1384, room 16 
tail 8
chksum 0x2d
csum 0x2d
v8b899c12
~ld


6.01
 0h00:04.131 2022/01/12T14:37:48z: DS3231
 0h00:04.146 2022/01/12T14:37:48z: BME280 (0x76)
 0h00:04.160 2022/01/12T14:37:48z: 84:f3:eb:7d:7:a8
 0h00:04.162 2022/01/12T14:37:48z: SSID: MU Open
 0h00:04.167 2022/01/12T14:37:48z: AP_STAR tmr
 ets Jan  8 2013,rst cause:4, boot mode:(3,7)

wdt reset
load 0x4010f000, len 1384, room 16 
tail 8
chksum 0x2d
csum 0x2d
v8b899c12
~ld


6.01
 0h00:04.303 2022/01/12T14:57:48z: DS3231
 0h00:04.319 2022/01/12T14:57:48z: BME280 (0x76)
 0h00:04.333 2022/01/12T14:57:48z: 84:f3:eb:7d:7:a8
 0h00:04.335 2022/01/12T14:57:48z: SSID: MU Open
 0h00:04.340 2022/01/12T14:57:48z: AP_STAR tmr
 ets Jan  8 2013,rst cause:4, boot mode:(3,7)

wdt reset
load 0x4010f000, len 1384, room 16 
tail 8
chksum 0x2d
csum 0x2d
v8b899c12
~ld


6.01
 0h00:04.233 2022/01/12T15:17:48z: DS3231
 0h00:04.249 2022/01/12T15:17:48z: BME280 (0x76)
 0h00:04.263 2022/01/12T15:17:48z: 84:f3:eb:7d:7:a8
 0h00:04.265 2022/01/12T15:17:48z: SSID: MU Open
 0h00:04.270 2022/01/12T15:17:48z: AP_STAR tmr
 ets Jan  8 2013,rst cause:4, boot mode:(3,7)

wdt reset
load 0x4010f000, len 1384, room 16 
tail 8
chksum 0x2d
csum 0x2d
v8b899c12
~ld


6.01
 0h00:04.200 2022/01/12T15:37:49z: DS3231
 0h00:04.216 2022/01/12T15:37:49z: BME280 (0x76)
 0h00:04.230 2022/01/12T15:37:49z: 84:f3:eb:7d:7:a8
 0h00:04.232 2022/01/12T15:37:49z: SSID: MU Open
 0h00:04.237 2022/01/12T15:37:49z: AP_STAR tmr
 ets Jan  8 2013,rst cause:4, boot mode:(3,7)

wdt reset
load 0x4010f000, len 1384, room 16 
tail 8
chksum 0x2d
csum 0x2d
v8b899c12
~ld


6.01
 0h00:04.345 2022/01/12T15:57:49z: DS3231
 0h00:04.360 2022/01/12T15:57:49z: BME280 (0x76)
 0h00:04.374 2022/01/12T15:57:49z: 84:f3:eb:7d:7:a8
 0h00:04.376 2022/01/12T15:57:49z: SSID: MU Open
 0h00:04.381 2022/01/12T15:57:49z: AP_STAR tmr
 ets Jan  8 2013,rst cause:4, boot mode:(3,7)

wdt reset
load 0x4010f000, len 1384, room 16 
tail 8
chksum 0x2d
csum 0x2d
v8b899c12
~ld


6.01
 0h00:04.202 2022/01/12T16:17:48z: DS3231
 0h00:04.217 2022/01/12T16:17:48z: BME280 (0x76)
 0h00:04.231 2022/01/12T16:17:48z: 84:f3:eb:7d:7:a8
 0h00:04.233 2022/01/12T16:17:48z: SSID: MU Open
 0h00:04.238 2022/01/12T16:17:49z: AP_STAR tmr
 ets Jan  8 2013,rst cause:4, boot mode:(3,7)

wdt reset
load 0x4010f000, len 1384, room 16 
tail 8
chksum 0x2d
csum 0x2d
v8b899c12
~ld


6.01
 0h00:04.345 2022/01/12T16:37:49z: DS3231
 0h00:04.361 2022/01/12T16:37:49z: BME280 (0x76)
 0h00:04.375 2022/01/12T16:37:49z: 84:f3:eb:7d:7:a8
 0h00:04.376 2022/01/12T16:37:49z: SSID: MU Open
 0h00:04.382 2022/01/12T16:37:49z: AP_STAR tmr
 ets Jan  8 2013,rst cause:4, boot mode:(3,7)

wdt reset
load 0x4010f000, len 1384, room 16 
tail 8
chksum 0x2d
csum 0x2d
v8b899c12
~ld


6.01
 0h00:04.184 2022/01/12T16:57:49z: DS3231
 0h00:04.199 2022/01/12T16:57:49z: BME280 (0x76)
 0h00:04.213 2022/01/12T16:57:49z: 84:f3:eb:7d:7:a8
 0h00:04.215 2022/01/12T16:57:49z: SSID: MU Open
 0h00:04.220 2022/01/12T16:57:49z: AP_STAR tmr
 ets Jan  8 2013,rst cause:4, boot mode:(3,7)

wdt reset
load 0x4010f000, len 1384, room 16 
tail 8
chksum 0x2d
csum 0x2d
v8b899c12
~ld


6.01
 0h00:04.170 2022/01/12T17:17:50z: DS3231
 0h00:04.185 2022/01/12T17:17:50z: BME280 (0x76)
 0h00:04.199 2022/01/12T17:17:50z: 84:f3:eb:7d:7:a8
 0h00:04.201 2022/01/12T17:17:50z: SSID: MU Open
 0h00:04.206 2022/01/12T17:17:50z: AP_STAR tmr
 ets Jan  8 2013,rst cause:4, boot mode:(3,7)

wdt reset
load 0x4010f000, len 1384, room 16 
tail 8
chksum 0x2d
csum 0x2d
v8b899c12
~ld


6.01
 0h00:04.339 2022/01/12T17:37:50z: DS3231
 0h00:04.354 2022/01/12T17:37:50z: BME280 (0x76)
 0h00:04.368 2022/01/12T17:37:50z: 84:f3:eb:7d:7:a8
 0h00:04.370 2022/01/12T17:37:50z: SSID: MU Open
 0h00:04.375 2022/01/12T17:37:50z: AP_STAR tmr
 ets Jan  8 2013,rst cause:4, boot mode:(3,7)

wdt reset
load 0x4010f000, len 1384, room 16 
tail 8
chksum 0x2d
csum 0x2d
v8b899c12
~ld


6.01
 0h00:04.200 2022/01/12T17:57:50z: DS3231
 0h00:04.216 2022/01/12T17:57:50z: BME280 (0x76)
 0h00:04.230 2022/01/12T17:57:50z: 84:f3:eb:7d:7:a8
 0h00:04.232 2022/01/12T17:57:50z: SSID: MU Open
 0h00:04.237 2022/01/12T17:57:50z: AP_STAR tmr
 ets Jan  8 2013,rst cause:4, boot mode:(3,7)

wdt reset
load 0x4010f000, len 1384, room 16 
tail 8
chksum 0x2d
csum 0x2d
v8b899c12
~ld


6.01
 0h00:03.971 2022/01/12T18:17:50z: DS3231
 0h00:03.986 2022/01/12T18:17:50z: BME280 (0x76)
 0h00:04.001 2022/01/12T18:17:50z: 84:f3:eb:7d:7:a8
 0h00:04.002 2022/01/12T18:17:50z: SSID: MU Open
 0h00:04.007 2022/01/12T18:17:50z: AP_STAR tmr
 ets Jan  8 2013,rst cause:4, boot mode:(3,7)

wdt reset
load 0x4010f000, len 1384, room 16 
tail 8
chksum 0x2d
csum 0x2d
v8b899c12
~ld


6.01
 0h00:04.111 2022/01/12T18:37:51z: DS3231
 0h00:04.126 2022/01/12T18:37:51z: BME280 (0x76)
 0h00:04.140 2022/01/12T18:37:51z: 84:f3:eb:7d:7:a8
 0h00:04.142 2022/01/12T18:37:51z: SSID: MU Open
 0h00:04.147 2022/01/12T18:37:51z: AP_STAR tmr
 ets Jan  8 2013,rst cause:4, boot mode:(3,7)

wdt reset
load 0x4010f000, len 1384, room 16 
tail 8
chksum 0x2d
csum 0x2d
v8b899c12
~ld


6.01
 0h00:03.962 2022/01/12T18:57:50z: DS3231
 0h00:03.977 2022/01/12T18:57:50z: BME280 (0x76)
 0h00:03.991 2022/01/12T18:57:50z: 84:f3:eb:7d:7:a8
 0h00:03.993 2022/01/12T18:57:50z: SSID: MU Open
 0h00:03.998 2022/01/12T18:57:50z: AP_STAR tmr
 ets Jan  8 2013,rst cause:4, boot mode:(3,7)

wdt reset
load 0x4010f000, len 1384, room 16 
tail 8
chksum 0x2d
csum 0x2d
v8b899c12
~ld


6.01
 0h00:04.251 2022/01/12T19:17:50z: DS3231
 0h00:04.267 2022/01/12T19:17:50z: BME280 (0x76)
 0h00:04.281 2022/01/12T19:17:50z: 84:f3:eb:7d:7:a8
 0h00:04.283 2022/01/12T19:17:50z: SSID: MU Open
 0h00:04.288 2022/01/12T19:17:50z: AP_STAR tmr
 ets Jan  8 2013,rst cause:4, boot mode:(3,7)

wdt reset
load 0x4010f000, len 1384, room 16 
tail 8
chksum 0x2d
csum 0x2d
v8b899c12
~ld


6.01
 0h00:04.256 2022/01/12T19:37:50z: DS3231
 0h00:04.271 2022/01/12T19:37:50z: BME280 (0x76)
 0h00:04.285 2022/01/12T19:37:50z: 84:f3:eb:7d:7:a8
 0h00:04.287 2022/01/12T19:37:50z: SSID: MU Open
 0h00:04.292 2022/01/12T19:37:50z: AP_STAR tmr
 ets Jan  8 2013,rst cause:4, boot mode:(3,7)

wdt reset
load 0x4010f000, len 1384, room 16 
tail 8
chksum 0x2d
csum 0x2d
v8b899c12
~ld


6.01
 0h00:04.241 2022/01/12T19:57:49z: DS3231
 0h00:04.256 2022/01/12T19:57:49z: BME280 (0x76)
 0h00:04.270 2022/01/12T19:57:49z: 84:f3:eb:7d:7:a8
 0h00:04.272 2022/01/12T19:57:49z: SSID: MU Open
 0h00:04.277 2022/01/12T19:57:49z: AP_STAR tmr
 ets Jan  8 2013,rst cause:4, boot mode:(3,7)

wdt reset
load 0x4010f000, len 1384, room 16 
tail 8
chksum 0x2d
csum 0x2d
v8b899c12
~ld


6.01
 0h00:04.276 2022/01/12T20:17:50z: DS3231
 0h00:04.291 2022/01/12T20:17:50z: BME280 (0x76)
 0h00:04.305 2022/01/12T20:17:50z: 84:f3:eb:7d:7:a8
 0h00:04.307 2022/01/12T20:17:50z: SSID: MU Open
 0h00:04.312 2022/01/12T20:17:50z: AP_STAR tmr
 ets Jan  8 2013,rst cause:4, boot mode:(3,7)

wdt reset
load 0x4010f000, len 1384, room 16 
tail 8
chksum 0x2d
csum 0x2d
v8b899c12
~ld


6.01
 0h00:04.092 2022/01/12T20:37:50z: DS3231
 0h00:04.107 2022/01/12T20:37:50z: BME280 (0x76)
 0h00:04.121 2022/01/12T20:37:50z: 84:f3:eb:7d:7:a8
 0h00:04.123 2022/01/12T20:37:50z: SSID: MU Open
 0h00:04.128 2022/01/12T20:37:50z: AP_STAR tmr
 ets Jan  8 2013,rst cause:4, boot mode:(3,7)

wdt reset
load 0x4010f000, len 1384, room 16 
tail 8
chksum 0x2d
csum 0x2d
v8b899c12
~ld


6.01
 0h00:04.284 2022/01/12T20:57:50z: DS3231
 0h00:04.299 2022/01/12T20:57:50z: BME280 (0x76)
 0h00:04.313 2022/01/12T20:57:50z: 84:f3:eb:7d:7:a8
 0h00:04.315 2022/01/12T20:57:50z: SSID: MU Open
 0h00:04.320 2022/01/12T20:57:50z: AP_STAR tmr
 ets Jan  8 2013,rst cause:4, boot mode:(3,7)

wdt reset
load 0x4010f000, len 1384, room 16 
tail 8
chksum 0x2d
csum 0x2d
v8b899c12
~ld


6.01
 0h00:04.270 2022/01/12T21:17:50z: DS3231
 0h00:04.285 2022/01/12T21:17:50z: BME280 (0x76)
 0h00:04.299 2022/01/12T21:17:50z: 84:f3:eb:7d:7:a8
 0h00:04.301 2022/01/12T21:17:50z: SSID: MU Open
 0h00:04.306 2022/01/12T21:17:50z: AP_STAR tmr
 ets Jan  8 2013,rst cause:4, boot mode:(3,7)

wdt reset
load 0x4010f000, len 1384, room 16 
tail 8
chksum 0x2d
csum 0x2d
v8b899c12
~ld


6.01
 0h00:04.144 2022/01/12T21:37:49z: DS3231
 0h00:04.160 2022/01/12T21:37:49z: BME280 (0x76)
 0h00:04.174 2022/01/12T21:37:49z: 84:f3:eb:7d:7:a8
 0h00:04.176 2022/01/12T21:37:49z: SSID: MU Open
 0h00:04.181 2022/01/12T21:37:49z: AP_STAR tmr
 ets Jan  8 2013,rst cause:4, boot mode:(3,7)

wdt reset
load 0x4010f000, len 1384, room 16 
tail 8
chksum 0x2d
csum 0x2d
v8b899c12
~ld


6.01
 0h00:04.313 2022/01/12T21:57:50z: DS3231
 0h00:04.328 2022/01/12T21:57:50z: BME280 (0x76)
 0h00:04.342 2022/01/12T21:57:50z: 84:f3:eb:7d:7:a8
 0h00:04.344 2022/01/12T21:57:50z: SSID: MU Open
 0h00:04.349 2022/01/12T21:57:50z: AP_STAR tmr
 ets Jan  8 2013,rst cause:4, boot mode:(3,7)

wdt reset
load 0x4010f000, len 1384, room 16 
tail 8
chksum 0x2d
csum 0x2d
v8b899c12
~ld


6.01
 0h00:04.365 2022/01/12T22:17:49z: DS3231
 0h00:04.380 2022/01/12T22:17:49z: BME280 (0x76)
 0h00:04.394 2022/01/12T22:17:49z: 84:f3:eb:7d:7:a8
 0h00:04.396 2022/01/12T22:17:49z: SSID: MU Open
 0h00:04.401 2022/01/12T22:17:49z: AP_STAR tmr
 ets Jan  8 2013,rst cause:4, boot mode:(3,7)

wdt reset
load 0x4010f000, len 1384, room 16 
tail 8
chksum 0x2d
csum 0x2d
v8b899c12
~ld


6.01
 0h00:04.209 2022/01/12T22:37:49z: DS3231
 0h00:04.224 2022/01/12T22:37:49z: BME280 (0x76)
 0h00:04.238 2022/01/12T22:37:49z: 84:f3:eb:7d:7:a8
 0h00:04.240 2022/01/12T22:37:49z: SSID: MU Open
 0h00:04.245 2022/01/12T22:37:49z: AP_STAR tmr
 ets Jan  8 2013,rst cause:4, boot mode:(3,7)

wdt reset
load 0x4010f000, len 1384, room 16 
tail 8
chksum 0x2d
csum 0x2d
v8b899c12
~ld


6.01
 0h00:04.420 2022/01/12T22:57:49z: DS3231
 0h00:04.435 2022/01/12T22:57:49z: BME280 (0x76)
 0h00:04.449 2022/01/12T22:57:49z: 84:f3:eb:7d:7:a8
 0h00:04.451 2022/01/12T22:57:49z: SSID: MU Open
 0h00:04.456 2022/01/12T22:57:49z: AP_STAR tmr
 ets Jan  8 2013,rst cause:4, boot mode:(3,7)

wdt reset
load 0x4010f000, len 1384, room 16 
tail 8
chksum 0x2d
csum 0x2d
v8b899c12
~ld


6.01
 0h00:04.281 2022/01/12T23:17:50z: DS3231
 0h00:04.296 2022/01/12T23:17:50z: BME280 (0x76)
 0h00:04.310 2022/01/12T23:17:50z: 84:f3:eb:7d:7:a8
 0h00:04.312 2022/01/12T23:17:50z: SSID: MU Open
 0h00:04.317 2022/01/12T23:17:50z: AP_STAR tmr
 ets Jan  8 2013,rst cause:4, boot mode:(3,7)

wdt reset
load 0x4010f000, len 1384, room 16 
tail 8
chksum 0x2d
csum 0x2d
v8b899c12
~ld


6.01
 0h00:04.273 2022/01/12T23:37:50z: DS3231
 0h00:04.288 2022/01/12T23:37:50z: BME280 (0x76)
 0h00:04.302 2022/01/12T23:37:50z: 84:f3:eb:7d:7:a8
 0h00:04.304 2022/01/12T23:37:50z: SSID: MU Open
 0h00:04.309 2022/01/12T23:37:50z: AP_STAR tmr
 ets Jan  8 2013,rst cause:4, boot mode:(3,7)

wdt reset
load 0x4010f000, len 1384, room 16 
tail 8
chksum 0x2d
csum 0x2d
v8b899c12
~ld


6.01
 0h00:04.183 2022/01/12T23:57:50z: DS3231
 0h00:04.198 2022/01/12T23:57:50z: BME280 (0x76)
 0h00:04.212 2022/01/12T23:57:50z: 84:f3:eb:7d:7:a8
 0h00:04.214 2022/01/12T23:57:50z: SSID: MU Open
 0h00:04.219 2022/01/12T23:57:50z: AP_STA