R tmr
 ets Jan  8 2013,rst cause:4, boot mode:(3,7)

wdt reset
load 0x4010f000, len 1384, room 16 
tail 8
chksum 0x2d
csum 0x2d
v8b899c12
~ld


6.01
 0h00:04.390 2022/05/25T00:17:34z: DS3231
 0h00:04.405 2022/05/25T00:17:34z: BME280 (0x76)
 0h00:04.419 2022/05/25T00:17:34z: 84:f3:eb:7d:7:a8
 0h00:04.421 2022/05/25T00:17:34z: SSID: MU Open
 0h00:04.426 2022/05/25T00:17:34z: AP_STAR tmr
 ets Jan  8 2013,rst cause:4, boot mode:(3,7)

wdt reset
load 0x4010f000, len 1384, room 16 
tail 8
chksum 0x2d
csum 0x2d
v8b899c12
~ld


6.01
 0h00:04.208 2022/05/25T00:37:35z: DS3231
 0h00:04.224 2022/05/25T00:37:35z: BME280 (0x76)
 0h00:04.238 2022/05/25T00:37:35z: 84:f3:eb:7d:7:a8
 0h00:04.239 2022/05/25T00:37:35z: SSID: MU Open
 0h00:04.245 2022/05/25T00:37:35z: AP_STAR tmr
 ets Jan  8 2013,rst cause:4, boot mode:(3,7)

wdt reset
load 0x4010f000, len 1384, room 16 
tail 8
chksum 0x2d
csum 0x2d
v8b899c12
~ld


6.01
 0h00:04.429 2022/05/25T00:57:37z: DS3231
 0h00:04.445 2022/05/25T00:57:37z: BME280 (0x76)
 0h00:04.459 2022/05/25T00:57:37z: 84:f3:eb:7d:7:a8
 0h00:04.460 2022/05/25T00:57:37z: SSID: MU Open
 0h00:04.466 2022/05/25T00:57:37z: AP_STAR tmr
 ets Jan  8 2013,rst cause:4, boot mode:(3,7)

wdt reset
load 0x4010f000, len 1384, room 16 
tail 8
chksum 0x2d
csum 0x2d
v8b899c12
~ld


6.01
 0h00:04.258 2022/05/25T01:17:38z: DS3231
 0h00:04.273 2022/05/25T01:17:38z: BME280 (0x76)
 0h00:04.287 2022/05/25T01:17:38z: 84:f3:eb:7d:7:a8
 0h00:04.289 2022/05/25T01:17:38z: SSID: MU Open
 0h00:04.294 2022/05/25T01:17:38z: AP_STAR tmr
 ets Jan  8 2013,rst cause:4, boot mode:(3,7)

wdt reset
load 0x4010f000, len 1384, room 16 
tail 8
chksum 0x2d
csum 0x2d
v8b899c12
~ld


6.01
 0h00:04.208 2022/05/25T01:37:40z: DS3231
 0h00:04.224 2022/05/25T01:37:40z: BME280 (0x76)
 0h00:04.238 2022/05/25T01:37:40z: 84:f3:eb:7d:7:a8
 0h00:04.239 2022/05/25T01:37:40z: SSID: MU Open
 0h00:04.245 2022/05/25T01:37:40z: AP_STAR tmr
 ets Jan  8 2013,rst cause:4, boot mode:(3,7)

wdt reset
load 0x4010f000, len 1384, room 16 
tail 8
chksum 0x2d
csum 0x2d
v8b899c12
~ld


6.01
 0h00:04.190 2022/05/25T01:57:42z: DS3231
 0h00:04.205 2022/05/25T01:57:42z: BME280 (0x76)
 0h00:04.219 2022/05/25T01:57:42z: 84:f3:eb:7d:7:a8
 0h00:04.221 2022/05/25T01:57:42z: SSID: MU Open
 0h00:04.226 2022/05/25T01:57:42z: AP_STAR tmr
 ets Jan  8 2013,rst cause:4, boot mode:(3,7)

wdt reset
load 0x4010f000, len 1384, room 16 
tail 8
chksum 0x2d
csum 0x2d
v8b899c12
~ld


6.01
 0h00:04.436 2022/05/25T02:17:43z: DS3231
 0h00:04.451 2022/05/25T02:17:43z: BME280 (0x76)
 0h00:04.465 2022/05/25T02:17:43z: 84:f3:eb:7d:7:a8
 0h00:04.467 2022/05/25T02:17:43z: SSID: MU Open
 0h00:04.472 2022/05/25T02:17:43z: AP_STAR tmr
 ets Jan  8 2013,rst cause:4, boot mode:(3,7)

wdt reset
load 0x4010f000, len 1384, room 16 
tail 8
chksum 0x2d
csum 0x2d
v8b899c12
~ld


6.01
 0h00:04.213 2022/05/25T02:37:45z: DS3231
 0h00:04.229 2022/05/25T02:37:45z: BME280 (0x76)
 0h00:04.243 2022/05/25T02:37:45z: 84:f3:eb:7d:7:a8
 0h00:04.244 2022/05/25T02:37:45z: SSID: MU Open
 0h00:04.250 2022/05/25T02:37:45z: AP_STAR tmr
 ets Jan  8 2013,rst cause:4, boot mode:(3,7)

wdt reset
load 0x4010f000, len 1384, room 16 
tail 8
chksum 0x2d
csum 0x2d
v8b899c12
~ld


6.01
 0h00:04.295 2022/05/25T02:57:46z: DS3231
 0h00:04.311 2022/05/25T02:57:46z: BME280 (0x76)
 0h00:04.325 2022/05/25T02:57:46z: 84:f3:eb:7d:7:a8
 0h00:04.327 2022/05/25T02:57:46z: SSID: MU Open
 0h00:04.332 2022/05/25T02:57:46z: AP_STAR tmr
 ets Jan  8 2013,rst cause:4, boot mode:(3,7)

wdt reset
load 0x4010f000, len 1384, room 16 
tail 8
chksum 0x2d
csum 0x2d
v8b899c12
~ld


6.01
 0h00:04.326 2022/05/25T03:17:49z: DS3231
 0h00:04.341 2022/05/25T03:17:49z: BME280 (0x76)
 0h00:04.355 2022/05/25T03:17:49z: 84:f3:eb:7d:7:a8
 0h00:04.357 2022/05/25T03:17:49z: SSID: MU Open
 0h00:04.362 2022/05/25T03:17:49z: AP_STAR tmr
 ets Jan  8 2013,rst cause:4, boot mode:(3,7)

wdt reset
load 0x4010f000, len 1384, room 16 
tail 8
chksum 0x2d
csum 0x2d
v8b899c12
~ld


6.01
 0h00:04.227 2022/05/25T03:37:50z: DS3231
 0h00:04.242 2022/05/25T03:37:50z: BME280 (0x76)
 0h00:04.256 2022/05/25T03:37:50z: 84:f3:eb:7d:7:a8
 0h00:04.258 2022/05/25T03:37:50z: SSID: MU Open
 0h00:04.263 2022/05/25T03:37:50z: AP_STAR tmr
 ets Jan  8 2013,rst cause:4, boot mode:(3,7)

wdt reset
load 0x4010f000, len 1384, room 16 
tail 8
chksum 0x2d
csum 0x2d
v8b899c12
~ld


6.01
 0h00:04.100 2022/05/25T03:57:51z: DS3231
 0h00:04.115 2022/05/25T03:57:51z: BME280 (0x76)
 0h00:04.129 2022/05/25T03:57:51z: 84:f3:eb:7d:7:a8
 0h00:04.131 2022/05/25T03:57:51z: SSID: MU Open
 0h00:04.136 2022/05/25T03:57:51z: AP_STAR tmr
 ets Jan  8 2013,rst cause:4, boot mode:(3,7)

wdt reset
load 0x4010f000, len 1384, room 16 
tail 8
chksum 0x2d
csum 0x2d
v8b899c12
~ld


6.01
 0h00:04.238 2022/05/25T04:17:53z: DS3231
 0h00:04.253 2022/05/25T04:17:53z: BME280 (0x76)
 0h00:04.267 2022/05/25T04:17:53z: 84:f3:eb:7d:7:a8
 0h00:04.269 2022/05/25T04:17:53z: SSID: MU Open
 0h00:04.274 2022/05/25T04:17:53z: AP_STAR tmr
 ets Jan  8 2013,rst cause:4, boot mode:(3,7)

wdt reset
load 0x4010f000, len 1384, room 16 
tail 8
chksum 0x2d
csum 0x2d
v8b899c12
~ld


6.01
 0h00:04.266 2022/05/25T04:37:54z: DS3231
 0h00:04.281 2022/05/25T04:37:55z: BME280 (0x76)
 0h00:04.295 2022/05/25T04:37:55z: 84:f3:eb:7d:7:a8
 0h00:04.297 2022/05/25T04:37:55z: SSID: MU Open
 0h00:04.302 2022/05/25T04:37:55z: AP_STAR tmr
 ets Jan  8 2013,rst cause:4, boot mode:(3,7)

wdt reset
load 0x4010f000, len 1384, room 16 
tail 8
chksum 0x2d
csum 0x2d
v8b899c12
~ld


6.01
 0h00:04.249 2022/05/25T04:57:57z: DS3231
 0h00:04.264 2022/05/25T04:57:57z: BME280 (0x76)
 0h00:04.279 2022/05/25T04:57:57z: 84:f3:eb:7d:7:a8
 0h00:04.280 2022/05/25T04:57:57z: SSID: MU Open
 0h00:04.285 2022/05/25T04:57:57z: AP_STAR tmr
 ets Jan  8 2013,rst cause:4, boot mode:(3,7)

wdt reset
load 0x4010f000, len 1384, room 16 
tail 8
chksum 0x2d
csum 0x2d
v8b899c12
~ld


6.01
 0h00:04.227 2022/05/25T05:17:57z: DS3231
 0h00:04.242 2022/05/25T05:17:57z: BME280 (0x76)
 0h00:04.257 2022/05/25T05:17:57z: 84:f3:eb:7d:7:a8
 0h00:04.258 2022/05/25T05:17:57z: SSID: MU Open
 0h00:04.263 2022/05/25T05:17:57z: AP_STAR tmr
 ets Jan  8 2013,rst cause:4, boot mode:(3,7)

wdt reset
load 0x4010f000, len 1384, room 16 
tail 8
chksum 0x2d
csum 0x2d
v8b899c12
~ld


6.01
 0h00:04.266 2022/05/25T05:37:59z: DS3231
 0h00:04.282 2022/05/25T05:37:59z: BME280 (0x76)
 0h00:04.296 2022/05/25T05:37:59z: 84:f3:eb:7d:7:a8
 0h00:04.298 2022/05/25T05:37:59z: SSID: MU Open
 0h00:04.303 2022/05/25T05:37:59z: AP_STAR tmr
 ets Jan  8 2013,rst cause:4, boot mode:(3,7)

wdt reset
load 0x4010f000, len 1384, room 16 
tail 8
chksum 0x2d
csum 0x2d
v8b899c12
~ld


6.01
 0h00:04.413 2022/05/25T05:58:00z: DS3231
 0h00:04.428 2022/05/25T05:58:00z: BME280 (0x76)
 0h00:04.442 2022/05/25T05:58:00z: 84:f3:eb:7d:7:a8
 0h00:04.444 2022/05/25T05:58:00z: SSID: MU Open
 0h00:04.449 2022/05/25T05:58:00z: AP_STAR tmr
 ets Jan  8 2013,rst cause:4, boot mode:(3,7)

wdt reset
load 0x4010f000, len 1384, room 16 
tail 8
chksum 0x2d
csum 0x2d
v8b899c12
~ld


6.01
 0h00:04.245 2022/05/25T06:18:02z: DS3231
 0h00:04.260 2022/05/25T06:18:02z: BME280 (0x76)
 0h00:04.274 2022/05/25T06:18:02z: 84:f3:eb:7d:7:a8
 0h00:04.276 2022/05/25T06:18:02z: SSID: MU Open
 0h00:04.281 2022/05/25T06:18:02z: AP_STAR tmr
 ets Jan  8 2013,rst cause:4, boot mode:(3,7)

wdt reset
load 0x4010f000, len 1384, room 16 
tail 8
chksum 0x2d
csum 0x2d
v8b899c12
~ld


6.01
 0h00:04.188 2022/05/25T06:38:03z: DS3231
 0h00:04.203 2022/05/25T06:38:03z: BME280 (0x76)
 0h00:04.218 2022/05/25T06:38:03z: 84:f3:eb:7d:7:a8
 0h00:04.219 2022/05/25T06:38:03z: SSID: MU Open
 0h00:04.224 2022/05/25T06:38:03z: AP_STAR tmr
 ets Jan  8 2013,rst cause:4, boot mode:(3,7)

wdt reset
load 0x4010f000, len 1384, room 16 
tail 8
chksum 0x2d
csum 0x2d
v8b899c12
~ld


6.01
 0h00:04.225 2022/05/25T06:58:04z: DS3231
 0h00:04.240 2022/05/25T06:58:04z: BME280 (0x76)
 0h00:04.254 2022/05/25T06:58:04z: 84:f3:eb:7d:7:a8
 0h00:04.256 2022/05/25T06:58:04z: SSID: MU Open
 0h00:04.261 2022/05/25T06:58:04z: AP_STAR tmr
 ets Jan  8 2013,rst cause:4, boot mode:(3,7)

wdt reset
load 0x4010f000, len 1384, room 16 
tail 8
chksum 0x2d
csum 0x2d
v8b899c12
~ld


6.01
 0h00:04.383 2022/05/25T07:18:06z: DS3231
 0h00:04.398 2022/05/25T07:18:06z: BME280 (0x76)
 0h00:04.412 2022/05/25T07:18:06z: 84:f3:eb:7d:7:a8
 0h00:04.414 2022/05/25T07:18:06z: SSID: MU Open
 0h00:04.419 2022/05/25T07:18:06z: AP_STAR tmr
 ets Jan  8 2013,rst cause:4, boot mode:(3,7)

wdt reset
load 0x4010f000, len 1384, room 16 
tail 8
chksum 0x2d
csum 0x2d
v8b899c12
~ld


6.01
 0h00:04.355 2022/05/25T07:38:08z: DS3231
 0h00:04.371 2022/05/25T07:38:08z: BME280 (0x76)
 0h00:04.385 2022/05/25T07:38:08z: 84:f3:eb:7d:7:a8
 0h00:04.386 2022/05/25T07:38:08z: SSID: MU Open
 0h00:04.392 2022/05/25T07:38:08z: AP_STAR tmr
 ets Jan  8 2013,rst cause:4, boot mode:(3,7)

wdt reset
load 0x4010f000, len 1384, room 16 
tail 8
chksum 0x2d
csum 0x2d
v8b899c12
~ld


6.01
 0h00:04.356 2022/05/25T07:58:09z: DS3231
 0h00:04.371 2022/05/25T07:58:09z: BME280 (0x76)
 0h00:04.385 2022/05/25T07:58:09z: 84:f3:eb:7d:7:a8
 0h00:04.387 2022/05/25T07:58:09z: SSID: MU Open
 0h00:04.392 2022/05/25T07:58:09z: AP_STAR tmr
 ets Jan  8 2013,rst cause:4, boot mode:(3,7)

wdt reset
load 0x4010f000, len 1384, room 16 
tail 8
chksum 0x2d
csum 0x2d
v8b899c12
~ld


6.01
 0h00:04.333 2022/05/25T08:18:11z: DS3231
 0h00:04.348 2022/05/25T08:18:11z: BME280 (0x76)
 0h00:04.362 2022/05/25T08:18:11z: 84:f3:eb:7d:7:a8
 0h00:04.364 2022/05/25T08:18:11z: SSID: MU Open
 0h00:04.369 2022/05/25T08:18:11z: AP_STAR tmr
 ets Jan  8 2013,rst cause:4, boot mode:(3,7)

wdt reset
load 0x4010f000, len 1384, room 16 
tail 8
chksum 0x2d
csum 0x2d
v8b899c12
~ld


6.01
 0h00:04.648 2022/05/25T08:38:13z: DS3231
 0h00:04.663 2022/05/25T08:38:13z: BME280 (0x76)
 0h00:04.677 2022/05/25T08:38:13z: 84:f3:eb:7d:7:a8
 0h00:04.679 2022/05/25T08:38:13z: SSID: MU Open
 0h00:04.684 2022/05/25T08:38:13z: AP_STAR tmr
 ets Jan  8 2013,rst cause:4, boot mode:(3,7)

wdt reset
load 0x4010f000, len 1384, room 16 
tail 8
chksum 0x2d
csum 0x2d
v8b899c12
~ld


6.01
 0h00:04.514 2022/05/25T08:58:15z: DS3231
 0h00:04.530 2022/05/25T08:58:15z: BME280 (0x76)
 0h00:04.544 2022/05/25T08:58:15z: 84:f3:eb:7d:7:a8
 0h00:04.545 2022/05/25T08:58:15z: SSID: MU Open
 0h00:04.551 2022/05/25T08:58:15z: AP_STAR tmr
 ets Jan  8 2013,rst cause:4, boot mode:(3,7)

wdt reset
load 0x4010f000, len 1384, room 16 
tail 8
chksum 0x2d
csum 0x2d
v8b899c12
~ld


6.01
 0h00:04.493 2022/05/25T09:18:16z: DS3231
 0h00:04.508 2022/05/25T09:18:16z: BME280 (0x76)
 0h00:04.523 2022/05/25T09:18:16z: 84:f3:eb:7d:7:a8
 0h00:04.524 2022/05/25T09:18:16z: SSID: MU Open
 0h00:04.529 2022/05/25T09:18:16z: AP_STAR tmr
 ets Jan  8 2013,rst cause:4, boot mode:(3,7)

wdt reset
load 0x4010f000, len 1384, room 16 
tail 8
chksum 0x2d
csum 0x2d
v8b899c12
~ld


6.01
 0h00:04.458 2022/05/25T09:38:18z: DS3231
 0h00:04.473 2022/05/25T09:38:18z: BME280 (0x76)
 0h00:04.487 2022/05/25T09:38:18z: 84:f3:eb:7d:7:a8
 0h00:04.489 2022/05/25T09:38:18z: SSID: MU Open
 0h00:04.494 2022/05/25T09:38:18z: AP_STAR tmr
 ets Jan  8 2013,rst cause:4, boot mode:(3,7)

wdt reset
load 0x4010f000, len 1384, room 16 
tail 8
chksum 0x2d
csum 0x2d
v8b899c12
~ld


6.01
 0h00:04.759 2022/05/25T09:58:21z: DS3231
 0h00:04.774 2022/05/25T09:58:21z: BME280 (0x76)
 0h00:04.788 2022/05/25T09:58:21z: 84:f3:eb:7d:7:a8
 0h00:04.790 2022/05/25T09:58:21z: SSID: MU Open
 0h00:04.795 2022/05/25T09:58:21z: AP_STAR tmr
 ets Jan  8 2013,rst cause:4, boot mode:(3,7)

wdt reset
load 0x4010f000, len 1384, room 16 
tail 8
chksum 0x2d
csum 0x2d
v8b899c12
~ld


6.01
 0h00:04.774 2022/05/25T10:18:24z: DS3231
 0h00:04.789 2022/05/25T10:18:24z: BME280 (0x76)
 0h00:04.803 2022/05/25T10:18:24z: 84:f3:eb:7d:7:a8
 0h00:04.805 2022/05/25T10:18:24z: SSID: MU Open
 0h00:04.810 2022/05/25T10:18:24z: AP_STAR tmr
 ets Jan  8 2013,rst cause:4, boot mode:(3,7)

wdt reset
load 0x4010f000, len 1384, room 16 
tail 8
chksum 0x2d
csum 0x2d
v8b899c12
~ld


6.01
 0h00:04.518 2022/05/25T10:38:25z: DS3231
 0h00:04.533 2022/05/25T10:38:26z: BME280 (0x76)
 0h00:04.548 2022/05/25T10:38:26z: 84:f3:eb:7d:7:a8
 0h00:04.549 2022/05/25T10:38:26z: SSID: MU Open
 0h00:04.555 2022/05/25T10:38:26z: AP_STAR tmr
 ets Jan  8 2013,rst cause:4, boot mode:(3,7)

wdt reset
load 0x4010f000, len 1384, room 16 
tail 8
chksum 0x2d
csum 0x2d
v8b899c12
~ld


6.01
 0h00:04.422 2022/05/25T10:58:28z: DS3231
 0h00:04.437 2022/05/25T10:58:28z: BME280 (0x76)
 0h00:04.451 2022/05/25T10:58:28z: 84:f3:eb:7d:7:a8
 0h00:04.453 2022/05/25T10:58:28z: SSID: MU Open
 0h00:04.458 2022/05/25T10:58:28z: AP_STAR tmr
 ets Jan  8 2013,rst cause:4, boot mode:(3,7)

wdt reset
load 0x4010f000, len 1384, room 16 
tail 8
chksum 0x2d
csum 0x2d
v8b899c12
~ld


6.01
 0h00:04.323 2022/05/25T11:18:31z: DS3231
 0h00:04.338 2022/05/25T11:18:31z: BME280 (0x76)
 0h00:04.352 2022/05/25T11:18:31z: 84:f3:eb:7d:7:a8
 0h00:04.354 2022/05/25T11:18:31z: SSID: MU Open
 0h00:04.359 2022/05/25T11:18:31z: AP_STAR tmr
 ets Jan  8 2013,rst cause:4, boot mode:(3,7)

wdt reset
load 0x4010f000, len 1384, room 16 
tail 8
chksum 0x2d
csum 0x2d
v8b899c12
~ld


6.01
 0h00:04.333 2022/05/25T11:38:32z: DS3231
 0h00:04.349 2022/05/25T11:38:32z: BME280 (0x76)
 0h00:04.363 2022/05/25T11:38:32z: 84:f3:eb:7d:7:a8
 0h00:04.365 2022/05/25T11:38:32z: SSID: MU Open
 0h00:04.370 2022/05/25T11:38:32z: AP_STAR tmr
 ets Jan  8 2013,rst cause:4, boot mode:(3,7)

wdt reset
load 0x4010f000, len 1384, room 16 
tail 8
chksum 0x2d
csum 0x2d
v8b899c12
~ld


6.01
 0h00:04.419 2022/05/25T11:58:35z: DS3231
 0h00:04.434 2022/05/25T11:58:35z: BME280 (0x76)
 0h00:04.449 2022/05/25T11:58:35z: 84:f3:eb:7d:7:a8
 0h00:04.450 2022/05/25T11:58:35z: SSID: MU Open
 0h00:04.455 2022/05/25T11:58:35z: AP_STAR tmr
 ets Jan  8 2013,rst cause:4, boot mode:(3,7)

wdt reset
load 0x4010f000, len 1384, room 16 
tail 8
chksum 0x2d
csum 0x2d
v8b899c12
~ld


6.01
 0h00:04.420 2022/05/25T12:18:37z: DS3231
 0h00:04.436 2022/05/25T12:18:37z: BME280 (0x76)
 0h00:04.450 2022/05/25T12:18:37z: 84:f3:eb:7d:7:a8
 0h00:04.452 2022/05/25T12:18:37z: SSID: MU Open
 0h00:04.457 2022/05/25T12:18:37z: AP_STAR tmr
 ets Jan  8 2013,rst cause:4, boot mode:(3,7)

wdt reset
load 0x4010f000, len 1384, room 16 
tail 8
chksum 0x2d
csum 0x2d
v8b899c12
~ld


6.01
 0h00:04.546 2022/05/25T12:38:39z: DS3231
 0h00:04.561 2022/05/25T12:38:39z: BME280 (0x76)
 0h00:04.576 2022/05/25T12:38:39z: 84:f3:eb:7d:7:a8
 0h00:04.577 2022/05/25T12:38:39z: SSID: MU Open
 0h00:04.582 2022/05/25T12:38:39z: AP_STAR tmr
 ets Jan  8 2013,rst cause:4, boot mode:(3,7)

wdt reset
load 0x4010f000, len 1384, room 16 
tail 8
chksum 0x2d
csum 0x2d
v8b899c12
~ld


6.01
 0h00:04.388 2022/05/25T12:58:40z: DS3231
 0h00:04.403 2022/05/25T12:58:40z: BME280 (0x76)
 0h00:04.418 2022/05/25T12:58:40z: 84:f3:eb:7d:7:a8
 0h00:04.419 2022/05/25T12:58:40z: SSID: MU Open
 0h00:04.424 2022/05/25T12:58:40z: AP_STAR tmr
 ets Jan  8 2013,rst cause:4, boot mode:(3,7)

wdt reset
load 0x4010f000, len 1384, room 16 
tail 8
chksum 0x2d
csum 0x2d
v8b899c12
~ld


6.01
 0h00:04.644 2022/05/25T13:18:42z: DS3231
 0h00:04.660 2022/05/25T13:18:42z: BME280 (0x76)
 0h00:04.674 2022/05/25T13:18:42z: 84:f3:eb:7d:7:a8
 0h00:04.676 2022/05/25T13:18:42z: SSID: MU Open
 0h00:04.681 2022/05/25T13:18:42z: AP_STAR tmr
 ets Jan  8 2013,rst cause:4, boot mode:(3,7)

wdt reset
load 0x4010f000, len 1384, room 16 
tail 8
chksum 0x2d
csum 0x2d
v8b899c12
~ld


6.01
 0h00:04.440 2022/05/25T13:38:44z: DS3231
 0h00:04.455 2022/05/25T13:38:44z: BME280 (0x76)
 0h00:04.470 2022/05/25T13:38:44z: 84:f3:eb:7d:7:a8
 0h00:04.471 2022/05/25T13:38:44z: SSID: MU Open
 0h00:04.476 2022/05/25T13:38:44z: AP_STAR tmr
 ets Jan  8 2013,rst cause:4, boot mode:(3,7)

wdt reset
load 0x4010f000, len 1384, room 16 
tail 8
chksum 0x2d
csum 0x2d
v8b899c12
~ld


6.01
 0h00:04.663 2022/05/25T13:58:46z: DS3231
 0h00:04.678 2022/05/25T13:58:46z: BME280 (0x76)
 0h00:04.692 2022/05/25T13:58:46z: 84:f3:eb:7d:7:a8
 0h00:04.694 2022/05/25T13:58:46z: SSID: MU Open
 0h00:04.699 2022/05/25T13:58:46z: AP_STAR tmr
 ets Jan  8 2013,rst cause:4, boot mode:(3,7)

wdt reset
load 0x4010f000, len 1384, room 16 
tail 8
chksum 0x2d
csum 0x2d
v8b899c12
~ld


6.01
 0h00:04.494 2022/05/25T14:18:48z: DS3231
 0h00:04.510 2022/05/25T14:18:48z: BME280 (0x76)
 0h00:04.524 2022/05/25T14:18:48z: 84:f3:eb:7d:7:a8
 0h00:04.526 2022/05/25T14:18:48z: SSID: MU Open
 0h00:04.531 2022/05/25T14:18:48z: AP_STAR tmr
 ets Jan  8 2013,rst cause:4, boot mode:(3,7)

wdt reset
load 0x4010f000, len 1384, room 16 
tail 8
chksum 0x2d
csum 0x2d
v8b899c12
~ld


6.01
 0h00:04.653 2022/05/25T14:38:51z: DS3231
 0h00:04.668 2022/05/25T14:38:51z: BME280 (0x76)
 0h00:04.682 2022/05/25T14:38:51z: 84:f3:eb:7d:7:a8
 0h00:04.684 2022/05/25T14:38:51z: SSID: MU Open
 0h00:04.689 2022/05/25T14:38:51z: AP_STAR tmr
 ets Jan  8 2013,rst cause:4, boot mode:(3,7)

wdt reset
load 0x4010f000, len 1384, room 16 
tail 8
chksum 0x2d
csum 0x2d
v8b899c12
~ld


6.01
 0h00:04.491 2022/05/25T14:58:53z: DS3231
 0h00:04.506 2022/05/25T14:58:53z: BME280 (0x76)
 0h00:04.520 2022/05/25T14:58:53z: 84:f3:eb:7d:7:a8
 0h00:04.522 2022/05/25T14:58:53z: SSID: MU Open
 0h00:04.527 2022/05/25T14:58:53z: AP_STAR tmr
 ets Jan  8 2013,rst cause:4, boot mode:(3,7)

wdt reset
load 0x4010f000, len 1384, room 16 
tail 8
chksum 0x2d
csum 0x2d
v8b899c12
~ld


6.01
 0h00:04.417 2022/05/25T15:18:55z: DS3231
 0h00:04.433 2022/05/25T15:18:55z: BME280 (0x76)
 0h00:04.447 2022/05/25T15:18:55z: 84:f3:eb:7d:7:a8
 0h00:04.448 2022/05/25T15:18:55z: SSID: MU Open
 0h00:04.454 2022/05/25T15:18:55z: AP_STAR tmr
 ets Jan  8 2013,rst cause:4, boot mode:(3,7)

wdt reset
load 0x4010f000, len 1384, room 16 
tail 8
chksum 0x2d
csum 0x2d
v8b899c12
~ld


6.01
 0h00:04.611 2022/05/25T15:38:57z: DS3231
 0h00:04.626 2022/05/25T15:38:57z: BME280 (0x76)
 0h00:04.640 2022/05/25T15:38:57z: 84:f3:eb:7d:7:a8
 0h00:04.642 2022/05/25T15:38:57z: SSID: MU Open
 0h00:04.647 2022/05/25T15:38:57z: AP_STAR tmr
 ets Jan  8 2013,rst cause:4, boot mode:(3,7)

wdt reset
load 0x4010f000, len 1384, room 16 
tail 8
chksum 0x2d
csum 0x2d
v8b899c12
~ld


6.01
 0h00:04.589 2022/05/25T15:58:59z: DS3231
 0h00:04.605 2022/05/25T15:58:59z: BME280 (0x76)
 0h00:04.619 2022/05/25T15:58:59z: 84:f3:eb:7d:7:a8
 0h00:04.621 2022/05/25T15:58:59z: SSID: MU Open
 0h00:04.626 2022/05/25T15:58:59z: AP_STAR tmr
 ets Jan  8 2013,rst cause:4, boot mode:(3,7)

wdt reset
load 0x4010f000, len 1384, room 16 
tail 8
chksum 0x2d
csum 0x2d
v8b899c12
~ld


6.01
 0h00:04.599 2022/05/25T16:19:01z: DS3231
 0h00:04.614 2022/05/25T16:19:01z: BME280 (0x76)
 0h00:04.628 2022/05/25T16:19:01z: 84:f3:eb:7d:7:a8
 0h00:04.630 2022/05/25T16:19:01z: SSID: MU Open
 0h00:04.635 2022/05/25T16:19:01z: AP_STAR tmr
 ets Jan  8 2013,rst cause:4, boot mode:(3,7)

wdt reset
load 0x4010f000, len 1384, room 16 
tail 8
chksum 0x2d
csum 0x2d
v8b899c12
~ld


6.01
 0h00:04.228 2022/05/25T16:39:03z: DS3231
 0h00:04.244 2022/05/25T16:39:03z: BME280 (0x76)
 0h00:04.258 2022/05/25T16:39:03z: 84:f3:eb:7d:7:a8
 0h00:04.259 2022/05/25T16:39:03z: SSID: MU Open
 0h00:04.265 2022/05/25T16:39:03z: AP_STAR tmr
 ets Jan  8 2013,rst cause:4, boot mode:(3,7)

wdt reset
load 0x4010f000, len 1384, room 16 
tail 8
chksum 0x2d
csum 0x2d
v8b899c12
~ld


6.01
 0h00:04.363 2022/05/25T16:59:04z: DS3231
 0h00:04.378 2022/05/25T16:59:04z: BME280 (0x76)
 0h00:04.392 2022/05/25T16:59:04z: 84:f3:eb:7d:7:a8
 0h00:04.394 2022/05/25T16:59:04z: SSID: MU Open
 0h00:04.399 2022/05/25T16:59:04z: AP_STAR tmr
 ets Jan  8 2013,rst cause:4, boot mode:(3,7)

wdt reset
load 0x4010f000, len 1384, room 16 
tail 8
chksum 0x2d
csum 0x2d
v8b899c12
~ld


6.01
 0h00:04.529 2022/05/25T17:19:07z: DS3231
 0h00:04.544 2022/05/25T17:19:07z: BME280 (0x76)
 0h00:04.559 2022/05/25T17:19:07z: 84:f3:eb:7d:7:a8
 0h00:04.560 2022/05/25T17:19:07z: SSID: MU Open
 0h00:04.566 2022/05/25T17:19:07z: AP_STAR tmr
 ets Jan  8 2013,rst cause:4, boot mode:(3,7)

wdt reset
load 0x4010f000, len 1384, room 16 
tail 8
chksum 0x2d
csum 0x2d
v8b899c12
~ld


6.01
 0h00:04.538 2022/05/25T17:39:09z: DS3231
 0h00:04.553 2022/05/25T17:39:09z: BME280 (0x76)
 0h00:04.568 2022/05/25T17:39:09z: 84:f3:eb:7d:7:a8
 0h00:04.569 2022/05/25T17:39:09z: SSID: MU Open
 0h00:04.574 2022/05/25T17:39:09z: AP_STAR tmr
 ets Jan  8 2013,rst cause:4, boot mode:(3,7)

wdt reset
load 0x4010f000, len 1384, room 16 
tail 8
chksum 0x2d
csum 0x2d
v8b899c12
~ld


6.01
 0h00:04.475 2022/05/25T17:59:10z: DS3231
 0h00:04.490 2022/05/25T17:59:10z: BME280 (0x76)
 0h00:04.504 2022/05/25T17:59:10z: 84:f3:eb:7d:7:a8
 0h00:04.506 2022/05/25T17:59:10z: SSID: MU Open
 0h00:04.511 2022/05/25T17:59:10z: AP_STAR tmr
 ets Jan  8 2013,rst cause:4, boot mode:(3,7)

wdt reset
load 0x4010f000, len 1384, room 16 
tail 8
chksum 0x2d
csum 0x2d
v8b899c12
~ld


6.01
 0h00:04.500 2022/05/25T18:19:12z: DS3231
 0h00:04.515 2022/05/25T18:19:12z: BME280 (0x76)
 0h00:04.530 2022/05/25T18:19:12z: 84:f3:eb:7d:7:a8
 0h00:04.531 2022/05/25T18:19:12z: SSID: MU Open
 0h00:04.536 2022/05/25T18:19:12z: AP_STAR tmr
 ets Jan  8 2013,rst cause:4, boot mode:(3,7)

wdt reset
load 0x4010f000, len 1384, room 16 
tail 8
chksum 0x2d
csum 0x2d
v8b899c12
~ld


6.01
 0h00:04.419 2022/05/25T18:39:13z: DS3231
 0h00:04.434 2022/05/25T18:39:13z: BME280 (0x76)
 0h00:04.448 2022/05/25T18:39:13z: 84:f3:eb:7d:7:a8
 0h00:04.450 2022/05/25T18:39:13z: SSID: MU Open
 0h00:04.455 2022/05/25T18:39:13z: AP_STAR tmr
 ets Jan  8 2013,rst cause:4, boot mode:(3,7)

wdt reset
load 0x4010f000, len 1384, room 16 
tail 8
chksum 0x2d
csum 0x2d
v8b899c12
~ld


6.01
 0h00:04.413 2022/05/25T18:59:15z: DS3231
 0h00:04.428 2022/05/25T18:59:15z: BME280 (0x76)
 0h00:04.442 2022/05/25T18:59:15z: 84:f3:eb:7d:7:a8
 0h00:04.444 2022/05/25T18:59:15z: SSID: MU Open
 0h00:04.449 2022/05/25T18:59:15z: AP_STAR tmr
 ets Jan  8 2013,rst cause:4, boot mode:(3,7)

wdt reset
load 0x4010f000, len 1384, room 16 
tail 8
chksum 0x2d
csum 0x2d
v8b899c12
~ld


6.01
 0h00:04.437 2022/05/25T19:19:16z: DS3231
 0h00:04.452 2022/05/25T19:19:16z: BME280 (0x76)
 0h00:04.466 2022/05/25T19:19:16z: 84:f3:eb:7d:7:a8
 0h00:04.468 2022/05/25T19:19:16z: SSID: MU Open
 0h00:04.473 2022/05/25T19:19:16z: AP_STAR tmr
 ets Jan  8 2013,rst cause:4, boot mode:(3,7)

wdt reset
load 0x4010f000, len 1384, room 16 
tail 8
chksum 0x2d
csum 0x2d
v8b899c12
~ld


6.01
 0h00:04.492 2022/05/25T19:39:17z: DS3231
 0h00:04.507 2022/05/25T19:39:17z: BME280 (0x76)
 0h00:04.521 2022/05/25T19:39:17z: 84:f3:eb:7d:7:a8
 0h00:04.523 2022/05/25T19:39:17z: SSID: MU Open
 0h00:04.528 2022/05/25T19:39:17z: AP_STAR tmr
 ets Jan  8 2013,rst cause:4, boot mode:(3,7)

wdt reset
load 0x4010f000, len 1384, room 16 
tail 8
chksum 0x2d
csum 0x2d
v8b899c12
~ld


6.01
 0h00:04.285 2022/05/25T19:59:19z: DS3231
 0h00:04.300 2022/05/25T19:59:19z: BME280 (0x76)
 0h00:04.314 2022/05/25T19:59:19z: 84:f3:eb:7d:7:a8
 0h00:04.316 2022/05/25T19:59:19z: SSID: MU Open
 0h00:04.321 2022/05/25T19:59:19z: AP_STAR tmr
 ets Jan  8 2013,rst cause:4, boot mode:(3,7)

wdt reset
load 0x4010f000, len 1384, room 16 
tail 8
chksum 0x2d
csum 0x2d
v8b899c12
~ld


6.01
 0h00:04.458 2022/05/25T20:19:20z: DS3231
 0h00:04.473 2022/05/25T20:19:20z: BME280 (0x76)
 0h00:04.487 2022/05/25T20:19:20z: 84:f3:eb:7d:7:a8
 0h00:04.489 2022/05/25T20:19:20z: SSID: MU Open
 0h00:04.494 2022/05/25T20:19:20z: AP_STAR tmr
 ets Jan  8 2013,rst cause:4, boot mode:(3,7)

wdt reset
load 0x4010f000, len 1384, room 16 
tail 8
chksum 0x2d
csum 0x2d
v8b899c12
~ld


6.01
 0h00:04.232 2022/05/25T20:39:21z: DS3231
 0h00:04.247 2022/05/25T20:39:21z: BME280 (0x76)
 0h00:04.262 2022/05/25T20:39:21z: 84:f3:eb:7d:7:a8
 0h00:04.263 2022/05/25T20:39:21z: SSID: MU Open
 0h00:04.268 2022/05/25T20:39:21z: AP_STAR tmr
 ets Jan  8 2013,rst cause:4, boot mode:(3,7)

wdt reset
load 0x4010f000, len 1384, room 16 
tail 8
chksum 0x2d
csum 0x2d
v8b899c12
~ld


6.01
 0h00:04.301 2022/05/25T20:59:22z: DS3231
 0h00:04.316 2022/05/25T20:59:22z: BME280 (0x76)
 0h00:04.330 2022/05/25T20:59:22z: 84:f3:eb:7d:7:a8
 0h00:04.332 2022/05/25T20:59:22z: SSID: MU Open
 0h00:04.337 2022/05/25T20:59:22z: AP_STAR tmr
 ets Jan  8 2013,rst cause:4, boot mode:(3,7)

wdt reset
load 0x4010f000, len 1384, room 16 
tail 8
chksum 0x2d
csum 0x2d
v8b899c12
~ld


6.01
 0h00:04.297 2022/05/25T21:19:24z: DS3231
 0h00:04.312 2022/05/25T21:19:24z: BME280 (0x76)
 0h00:04.326 2022/05/25T21:19:24z: 84:f3:eb:7d:7:a8
 0h00:04.328 2022/05/25T21:19:24z: SSID: MU Open
 0h00:04.333 2022/05/25T21:19:24z: AP_STAR tmr
 ets Jan  8 2013,rst cause:4, boot mode:(3,7)

wdt reset
load 0x4010f000, len 1384, room 16 
tail 8
chksum 0x2d
csum 0x2d
v8b899c12
~ld


6.01
 0h00:04.299 2022/05/25T21:39:25z: DS3231
 0h00:04.314 2022/05/25T21:39:25z: BME280 (0x76)
 0h00:04.328 2022/05/25T21:39:25z: 84:f3:eb:7d:7:a8
 0h00:04.330 2022/05/25T21:39:25z: SSID: MU Open
 0h00:04.335 2022/05/25T21:39:25z: AP_STAR tmr
 ets Jan  8 2013,rst cause:4, boot mode:(3,7)

wdt reset
load 0x4010f000, len 1384, room 16 
tail 8
chksum 0x2d
csum 0x2d
v8b899c12
~ld


6.01
 0h00:04.514 2022/05/25T21:59:27z: DS3231
 0h00:04.529 2022/05/25T21:59:27z: BME280 (0x76)
 0h00:04.543 2022/05/25T21:59:27z: 84:f3:eb:7d:7:a8
 0h00:04.545 2022/05/25T21:59:27z: SSID: MU Open
 0h00:04.550 2022/05/25T21:59:27z: AP_STAR tmr
 ets Jan  8 2013,rst cause:4, boot mode:(3,7)

wdt reset
load 0x4010f000, len 1384, room 16 
tail 8
chksum 0x2d
csum 0x2d
v8b899c12
~ld


6.01
 0h00:04.461 2022/05/25T22:19:28z: DS3231
 0h00:04.476 2022/05/25T22:19:28z: BME280 (0x76)
 0h00:04.490 2022/05/25T22:19:28z: 84:f3:eb:7d:7:a8
 0h00:04.492 2022/05/25T22:19:28z: SSID: MU Open
 0h00:04.497 2022/05/25T22:19:28z: AP_STAR tmr
 ets Jan  8 2013,rst cause:4, boot mode:(3,7)

wdt reset
load 0x4010f000, len 1384, room 16 
tail 8
chksum 0x2d
csum 0x2d
v8b899c12
~ld


6.01
 0h00:04.506 2022/05/25T22:39:31z: DS3231
 0h00:04.521 2022/05/25T22:39:31z: BME280 (0x76)
 0h00:04.535 2022/05/25T22:39:31z: 84:f3:eb:7d:7:a8
 0h00:04.537 2022/05/25T22:39:31z: SSID: MU Open
 0h00:04.542 2022/05/25T22:39:31z: AP_STAR tmr
 ets Jan  8 2013,rst cause:4, boot mode:(3,7)

wdt reset
load 0x4010f000, len 1384, room 16 
tail 8
chksum 0x2d
csum 0x2d
v8b899c12
~ld


6.01
 0h00:04.311 2022/05/25T22:59:32z: DS3231
 0h00:04.326 2022/05/25T22:59:32z: BME280 (0x76)
 0h00:04.341 2022/05/25T22:59:32z: 84:f3:eb:7d:7:a8
 0h00:04.342 2022/05/25T22:59:32z: SSID: MU Open
 0h00:04.347 2022/05/25T22:59:32z: AP_STAR tmr
 ets Jan  8 2013,rst cause:4, boot mode:(3,7)

wdt reset
load 0x4010f000, len 1384, room 16 
tail 8
chksum 0x2d
csum 0x2d
v8b899c12
~ld


6.01
 0h00:04.241 2022/05/25T23:19:34z: DS3231
 0h00:04.256 2022/05/25T23:19:34z: BME280 (0x76)
 0h00:04.271 2022/05/25T23:19:34z: 84:f3:eb:7d:7:a8
 0h00:04.272 2022/05/25T23:19:34z: SSID: MU Open
 0h00:04.277 2022/05/25T23:19:34z: AP_STAR tmr
 ets Jan  8 2013,rst cause:4, boot mode:(3,7)

wdt reset
load 0x4010f000, len 1384, room 16 
tail 8
chksum 0x2d
csum 0x2d
v8b899c12
~ld


6.01
 0h00:04.395 2022/05/25T23:39:36z: DS3231
 0h00:04.410 2022/05/25T23:39:36z: BME280 (0x76)
 0h00:04.424 2022/05/25T23:39:36z: 84:f3:eb:7d:7:a8
 0h00:04.426 2022/05/25T23:39:36z: SSID: MU Open
 0h00:04.431 2022/05/25T23:39:36z: AP_STAR tmr
 ets Jan  8 2013,rst cause:4, boot mode:(3,7)

wdt reset
load 0x4010f000, len 1384, room 16 
tail 8
chksum 0x2d
csum 0x2d
v8b899c12
~ld


6.01
 0h00:04.193 2022/05/25T23:59:37z: DS3231
 0h00:04.208 2022/05/25T23:59:37z: BME280 (0x76)
 0h00:04.222 2022/05/25T23:59:37z: 84:f3:eb:7d:7:a8
 0h00:04.224 2022/05/25T23:59:37z: SSID: MU Open
 0h00:04.229 2022/05/25T23:59:37z: AP_STA