R tmr
 ets Jan  8 2013,rst cause:4, boot mode:(3,7)

wdt reset
load 0x4010f000, len 1384, room 16 
tail 8
chksum 0x2d
csum 0x2d
v8b899c12
~ld


6.01
 0h00:04.725 2022/02/20T00:12:49z: DS3231
 0h00:04.740 2022/02/20T00:12:49z: BME280 (0x76)
 0h00:04.755 2022/02/20T00:12:49z: 84:f3:eb:7d:7:a8
 0h00:04.756 2022/02/20T00:12:49z: SSID: MU Open
 0h00:04.761 2022/02/20T00:12:49z: AP_STAR tmr
 ets Jan  8 2013,rst cause:4, boot mode:(3,7)

wdt reset
load 0x4010f000, len 1384, room 16 
tail 8
chksum 0x2d
csum 0x2d
v8b899c12
~ld


6.01
 0h00:04.894 2022/02/20T00:32:51z: DS3231
 0h00:04.909 2022/02/20T00:32:51z: BME280 (0x76)
 0h00:04.923 2022/02/20T00:32:51z: 84:f3:eb:7d:7:a8
 0h00:04.925 2022/02/20T00:32:51z: SSID: MU Open
 0h00:04.930 2022/02/20T00:32:51z: AP_STAR tmr
 ets Jan  8 2013,rst cause:4, boot mode:(3,7)

wdt reset
load 0x4010f000, len 1384, room 16 
tail 8
chksum 0x2d
csum 0x2d
v8b899c12
~ld


6.01
 0h00:05.013 2022/02/20T00:52:54z: DS3231
 0h00:05.028 2022/02/20T00:52:54z: BME280 (0x76)
 0h00:05.043 2022/02/20T00:52:54z: 84:f3:eb:7d:7:a8
 0h00:05.044 2022/02/20T00:52:54z: SSID: MU Open
 0h00:05.049 2022/02/20T00:52:54z: AP_STAR tmr
 ets Jan  8 2013,rst cause:4, boot mode:(3,7)

wdt reset
load 0x4010f000, len 1384, room 16 
tail 8
chksum 0x2d
csum 0x2d
v8b899c12
~ld


6.01
 0h00:05.142 2022/02/20T01:12:55z: DS3231
 0h00:05.157 2022/02/20T01:12:55z: BME280 (0x76)
 0h00:05.172 2022/02/20T01:12:55z: 84:f3:eb:7d:7:a8
 0h00:05.173 2022/02/20T01:12:55z: SSID: MU Open
 0h00:05.178 2022/02/20T01:12:55z: AP_STAR tmr
 ets Jan  8 2013,rst cause:4, boot mode:(3,7)

wdt reset
load 0x4010f000, len 1384, room 16 
tail 8
chksum 0x2d
csum 0x2d
v8b899c12
~ld


6.01
 0h00:04.980 2022/02/20T01:32:58z: DS3231
 0h00:04.995 2022/02/20T01:32:58z: BME280 (0x76)
 0h00:05.009 2022/02/20T01:32:58z: 84:f3:eb:7d:7:a8
 0h00:05.011 2022/02/20T01:32:58z: SSID: MU Open
 0h00:05.016 2022/02/20T01:32:58z: AP_STAR tmr
 ets Jan  8 2013,rst cause:4, boot mode:(3,7)

wdt reset
load 0x4010f000, len 1384, room 16 
tail 8
chksum 0x2d
csum 0x2d
v8b899c12
~ld


6.01
 0h00:04.958 2022/02/20T01:53:00z: DS3231
 0h00:04.974 2022/02/20T01:53:00z: BME280 (0x76)
 0h00:04.988 2022/02/20T01:53:00z: 84:f3:eb:7d:7:a8
 0h00:04.990 2022/02/20T01:53:00z: SSID: MU Open
 0h00:04.995 2022/02/20T01:53:00z: AP_STAR tmr
 ets Jan  8 2013,rst cause:4, boot mode:(3,7)

wdt reset
load 0x4010f000, len 1384, room 16 
tail 8
chksum 0x2d
csum 0x2d
v8b899c12
~ld


6.01
 0h00:04.969 2022/02/20T02:13:02z: DS3231
 0h00:04.984 2022/02/20T02:13:02z: BME280 (0x76)
 0h00:04.998 2022/02/20T02:13:02z: 84:f3:eb:7d:7:a8
 0h00:05.000 2022/02/20T02:13:02z: SSID: MU Open
 0h00:05.005 2022/02/20T02:13:02z: AP_STAR tmr
 ets Jan  8 2013,rst cause:4, boot mode:(3,7)

wdt reset
load 0x4010f000, len 1384, room 16 
tail 8
chksum 0x2d
csum 0x2d
v8b899c12
~ld


6.01
 0h00:05.101 2022/02/20T02:33:04z: DS3231
 0h00:05.117 2022/02/20T02:33:04z: BME280 (0x76)
 0h00:05.131 2022/02/20T02:33:04z: 84:f3:eb:7d:7:a8
 0h00:05.132 2022/02/20T02:33:04z: SSID: MU Open
 0h00:05.138 2022/02/20T02:33:04z: AP_STAR tmr
 ets Jan  8 2013,rst cause:4, boot mode:(3,7)

wdt reset
load 0x4010f000, len 1384, room 16 
tail 8
chksum 0x2d
csum 0x2d
v8b899c12
~ld


6.01
 0h00:04.832 2022/02/20T02:53:06z: DS3231
 0h00:04.847 2022/02/20T02:53:06z: BME280 (0x76)
 0h00:04.862 2022/02/20T02:53:06z: 84:f3:eb:7d:7:a8
 0h00:04.863 2022/02/20T02:53:06z: SSID: MU Open
 0h00:04.868 2022/02/20T02:53:06z: AP_STAR tmr
 ets Jan  8 2013,rst cause:4, boot mode:(3,7)

wdt reset
load 0x4010f000, len 1384, room 16 
tail 8
chksum 0x2d
csum 0x2d
v8b899c12
~ld


6.01
 0h00:05.038 2022/02/20T03:13:08z: DS3231
 0h00:05.053 2022/02/20T03:13:08z: BME280 (0x76)
 0h00:05.068 2022/02/20T03:13:08z: 84:f3:eb:7d:7:a8
 0h00:05.069 2022/02/20T03:13:08z: SSID: MU Open
 0h00:05.074 2022/02/20T03:13:08z: AP_STAR tmr
 ets Jan  8 2013,rst cause:4, boot mode:(3,7)

wdt reset
load 0x4010f000, len 1384, room 16 
tail 8
chksum 0x2d
csum 0x2d
v8b899c12
~ld


6.01
 0h00:05.078 2022/02/20T03:33:10z: DS3231
 0h00:05.094 2022/02/20T03:33:10z: BME280 (0x76)
 0h00:05.108 2022/02/20T03:33:10z: 84:f3:eb:7d:7:a8
 0h00:05.109 2022/02/20T03:33:10z: SSID: MU Open
 0h00:05.115 2022/02/20T03:33:10z: AP_STAR tmr
 ets Jan  8 2013,rst cause:4, boot mode:(3,7)

wdt reset
load 0x4010f000, len 1384, room 16 
tail 8
chksum 0x2d
csum 0x2d
v8b899c12
~ld


6.01
 0h00:05.013 2022/02/20T03:53:12z: DS3231
 0h00:05.029 2022/02/20T03:53:12z: BME280 (0x76)
 0h00:05.043 2022/02/20T03:53:12z: 84:f3:eb:7d:7:a8
 0h00:05.044 2022/02/20T03:53:12z: SSID: MU Open
 0h00:05.050 2022/02/20T03:53:12z: AP_STAR tmr
 ets Jan  8 2013,rst cause:4, boot mode:(3,7)

wdt reset
load 0x4010f000, len 1384, room 16 
tail 8
chksum 0x2d
csum 0x2d
v8b899c12
~ld


6.01
 0h00:04.994 2022/02/20T04:13:15z: DS3231
 0h00:05.009 2022/02/20T04:13:15z: BME280 (0x76)
 0h00:05.023 2022/02/20T04:13:15z: 84:f3:eb:7d:7:a8
 0h00:05.025 2022/02/20T04:13:15z: SSID: MU Open
 0h00:05.030 2022/02/20T04:13:15z: AP_STAR tmr
 ets Jan  8 2013,rst cause:4, boot mode:(3,7)

wdt reset
load 0x4010f000, len 1384, room 16 
tail 8
chksum 0x2d
csum 0x2d
v8b899c12
~ld


6.01
 0h00:04.787 2022/02/20T04:33:17z: DS3231
 0h00:04.803 2022/02/20T04:33:17z: BME280 (0x76)
 0h00:04.817 2022/02/20T04:33:17z: 84:f3:eb:7d:7:a8
 0h00:04.818 2022/02/20T04:33:17z: SSID: MU Open
 0h00:04.824 2022/02/20T04:33:17z: AP_STAR tmr
 ets Jan  8 2013,rst cause:4, boot mode:(3,7)

wdt reset
load 0x4010f000, len 1384, room 16 
tail 8
chksum 0x2d
csum 0x2d
v8b899c12
~ld


6.01
 0h00:04.996 2022/02/20T04:53:19z: DS3231
 0h00:05.011 2022/02/20T04:53:19z: BME280 (0x76)
 0h00:05.025 2022/02/20T04:53:19z: 84:f3:eb:7d:7:a8
 0h00:05.027 2022/02/20T04:53:19z: SSID: MU Open
 0h00:05.032 2022/02/20T04:53:19z: AP_STAR tmr
 ets Jan  8 2013,rst cause:4, boot mode:(3,7)

wdt reset
load 0x4010f000, len 1384, room 16 
tail 8
chksum 0x2d
csum 0x2d
v8b899c12
~ld


6.01
 0h00:04.748 2022/02/20T05:13:21z: DS3231
 0h00:04.764 2022/02/20T05:13:21z: BME280 (0x76)
 0h00:04.778 2022/02/20T05:13:21z: 84:f3:eb:7d:7:a8
 0h00:04.780 2022/02/20T05:13:21z: SSID: MU Open
 0h00:04.785 2022/02/20T05:13:21z: AP_STAR tmr
 ets Jan  8 2013,rst cause:4, boot mode:(3,7)

wdt reset
load 0x4010f000, len 1384, room 16 
tail 8
chksum 0x2d
csum 0x2d
v8b899c12
~ld


6.01
 0h00:05.009 2022/02/20T05:33:22z: DS3231
 0h00:05.025 2022/02/20T05:33:22z: BME280 (0x76)
 0h00:05.039 2022/02/20T05:33:22z: 84:f3:eb:7d:7:a8
 0h00:05.041 2022/02/20T05:33:22z: SSID: MU Open
 0h00:05.046 2022/02/20T05:33:22z: AP_STAR tmr
 ets Jan  8 2013,rst cause:4, boot mode:(3,7)

wdt reset
load 0x4010f000, len 1384, room 16 
tail 8
chksum 0x2d
csum 0x2d
v8b899c12
~ld


6.01
 0h00:04.650 2022/02/20T05:53:23z: DS3231
 0h00:04.665 2022/02/20T05:53:24z: BME280 (0x76)
 0h00:04.679 2022/02/20T05:53:24z: 84:f3:eb:7d:7:a8
 0h00:04.681 2022/02/20T05:53:24z: SSID: MU Open
 0h00:04.686 2022/02/20T05:53:24z: AP_STAR tmr
 ets Jan  8 2013,rst cause:4, boot mode:(3,7)

wdt reset
load 0x4010f000, len 1384, room 16 
tail 8
chksum 0x2d
csum 0x2d
v8b899c12
~ld


6.01
 0h00:04.979 2022/02/20T06:13:25z: DS3231
 0h00:04.995 2022/02/20T06:13:25z: BME280 (0x76)
 0h00:05.009 2022/02/20T06:13:25z: 84:f3:eb:7d:7:a8
 0h00:05.011 2022/02/20T06:13:25z: SSID: MU Open
 0h00:05.016 2022/02/20T06:13:25z: AP_STAR tmr
 ets Jan  8 2013,rst cause:4, boot mode:(3,7)

wdt reset
load 0x4010f000, len 1384, room 16 
tail 8
chksum 0x2d
csum 0x2d
v8b899c12
~ld


6.01
 0h00:04.773 2022/02/20T06:33:27z: DS3231
 0h00:04.789 2022/02/20T06:33:28z: BME280 (0x76)
 0h00:04.803 2022/02/20T06:33:28z: 84:f3:eb:7d:7:a8
 0h00:04.804 2022/02/20T06:33:28z: SSID: MU Open
 0h00:04.810 2022/02/20T06:33:28z: AP_STAR tmr
 ets Jan  8 2013,rst cause:4, boot mode:(3,7)

wdt reset
load 0x4010f000, len 1384, room 16 
tail 8
chksum 0x2d
csum 0x2d
v8b899c12
~ld


6.01
 0h00:04.864 2022/02/20T06:53:29z: DS3231
 0h00:04.879 2022/02/20T06:53:29z: BME280 (0x76)
 0h00:04.893 2022/02/20T06:53:29z: 84:f3:eb:7d:7:a8
 0h00:04.895 2022/02/20T06:53:29z: SSID: MU Open
 0h00:04.900 2022/02/20T06:53:29z: AP_STAR tmr
 ets Jan  8 2013,rst cause:4, boot mode:(3,7)

wdt reset
load 0x4010f000, len 1384, room 16 
tail 8
chksum 0x2d
csum 0x2d
v8b899c12
~ld


6.01
 0h00:04.955 2022/02/20T07:13:31z: DS3231
 0h00:04.970 2022/02/20T07:13:31z: BME280 (0x76)
 0h00:04.984 2022/02/20T07:13:31z: 84:f3:eb:7d:7:a8
 0h00:04.986 2022/02/20T07:13:31z: SSID: MU Open
 0h00:04.991 2022/02/20T07:13:31z: AP_STAR tmr
 ets Jan  8 2013,rst cause:4, boot mode:(3,7)

wdt reset
load 0x4010f000, len 1384, room 16 
tail 8
chksum 0x2d
csum 0x2d
v8b899c12
~ld


6.01
 0h00:04.865 2022/02/20T07:33:33z: DS3231
 0h00:04.881 2022/02/20T07:33:33z: BME280 (0x76)
 0h00:04.895 2022/02/20T07:33:33z: 84:f3:eb:7d:7:a8
 0h00:04.897 2022/02/20T07:33:33z: SSID: MU Open
 0h00:04.902 2022/02/20T07:33:33z: AP_STAR tmr
 ets Jan  8 2013,rst cause:4, boot mode:(3,7)

wdt reset
load 0x4010f000, len 1384, room 16 
tail 8
chksum 0x2d
csum 0x2d
v8b899c12
~ld


6.01
 0h00:04.866 2022/02/20T07:53:34z: DS3231
 0h00:04.881 2022/02/20T07:53:34z: BME280 (0x76)
 0h00:04.895 2022/02/20T07:53:34z: 84:f3:eb:7d:7:a8
 0h00:04.897 2022/02/20T07:53:34z: SSID: MU Open
 0h00:04.902 2022/02/20T07:53:34z: AP_STAR tmr
 ets Jan  8 2013,rst cause:4, boot mode:(3,7)

wdt reset
load 0x4010f000, len 1384, room 16 
tail 8
chksum 0x2d
csum 0x2d
v8b899c12
~ld


6.01
 0h00:04.779 2022/02/20T08:13:36z: DS3231
 0h00:04.795 2022/02/20T08:13:36z: BME280 (0x76)
 0h00:04.809 2022/02/20T08:13:36z: 84:f3:eb:7d:7:a8
 0h00:04.810 2022/02/20T08:13:36z: SSID: MU Open
 0h00:04.816 2022/02/20T08:13:36z: AP_STAR tmr
 ets Jan  8 2013,rst cause:4, boot mode:(3,7)

wdt reset
load 0x4010f000, len 1384, room 16 
tail 8
chksum 0x2d
csum 0x2d
v8b899c12
~ld


6.01
 0h00:04.535 2022/02/20T08:33:38z: DS3231
 0h00:04.550 2022/02/20T08:33:38z: BME280 (0x76)
 0h00:04.564 2022/02/20T08:33:38z: 84:f3:eb:7d:7:a8
 0h00:04.566 2022/02/20T08:33:38z: SSID: MU Open
 0h00:04.571 2022/02/20T08:33:38z: AP_STAR tmr
 ets Jan  8 2013,rst cause:4, boot mode:(3,7)

wdt reset
load 0x4010f000, len 1384, room 16 
tail 8
chksum 0x2d
csum 0x2d
v8b899c12
~ld


6.01
 0h00:04.773 2022/02/20T08:53:40z: DS3231
 0h00:04.789 2022/02/20T08:53:40z: BME280 (0x76)
 0h00:04.803 2022/02/20T08:53:40z: 84:f3:eb:7d:7:a8
 0h00:04.804 2022/02/20T08:53:40z: SSID: MU Open
 0h00:04.810 2022/02/20T08:53:40z: AP_STAR tmr
 ets Jan  8 2013,rst cause:4, boot mode:(3,7)

wdt reset
load 0x4010f000, len 1384, room 16 
tail 8
chksum 0x2d
csum 0x2d
v8b899c12
~ld


6.01
 0h00:04.908 2022/02/20T09:13:41z: DS3231
 0h00:04.923 2022/02/20T09:13:41z: BME280 (0x76)
 0h00:04.938 2022/02/20T09:13:41z: 84:f3:eb:7d:7:a8
 0h00:04.939 2022/02/20T09:13:41z: SSID: MU Open
 0h00:04.944 2022/02/20T09:13:41z: AP_STAR tmr
 ets Jan  8 2013,rst cause:4, boot mode:(3,7)

wdt reset
load 0x4010f000, len 1384, room 16 
tail 8
chksum 0x2d
csum 0x2d
v8b899c12
~ld


6.01
 0h00:04.835 2022/02/20T09:33:43z: DS3231
 0h00:04.851 2022/02/20T09:33:43z: BME280 (0x76)
 0h00:04.865 2022/02/20T09:33:43z: 84:f3:eb:7d:7:a8
 0h00:04.867 2022/02/20T09:33:43z: SSID: MU Open
 0h00:04.872 2022/02/20T09:33:43z: AP_STAR tmr
 ets Jan  8 2013,rst cause:4, boot mode:(3,7)

wdt reset
load 0x4010f000, len 1384, room 16 
tail 8
chksum 0x2d
csum 0x2d
v8b899c12
~ld


6.01
 0h00:04.912 2022/02/20T09:53:45z: DS3231
 0h00:04.927 2022/02/20T09:53:45z: BME280 (0x76)
 0h00:04.942 2022/02/20T09:53:45z: 84:f3:eb:7d:7:a8
 0h00:04.943 2022/02/20T09:53:45z: SSID: MU Open
 0h00:04.948 2022/02/20T09:53:45z: AP_STAR tmr
 ets Jan  8 2013,rst cause:4, boot mode:(3,7)

wdt reset
load 0x4010f000, len 1384, room 16 
tail 8
chksum 0x2d
csum 0x2d
v8b899c12
~ld


6.01
 0h00:04.901 2022/02/20T10:13:47z: DS3231
 0h00:04.916 2022/02/20T10:13:47z: BME280 (0x76)
 0h00:04.930 2022/02/20T10:13:47z: 84:f3:eb:7d:7:a8
 0h00:04.932 2022/02/20T10:13:47z: SSID: MU Open
 0h00:04.937 2022/02/20T10:13:47z: AP_STAR tmr
 ets Jan  8 2013,rst cause:4, boot mode:(3,7)

wdt reset
load 0x4010f000, len 1384, room 16 
tail 8
chksum 0x2d
csum 0x2d
v8b899c12
~ld


6.01
 0h00:04.868 2022/02/20T10:33:49z: DS3231
 0h00:04.883 2022/02/20T10:33:49z: BME280 (0x76)
 0h00:04.898 2022/02/20T10:33:49z: 84:f3:eb:7d:7:a8
 0h00:04.899 2022/02/20T10:33:49z: SSID: MU Open
 0h00:04.904 2022/02/20T10:33:49z: AP_STAR tmr
 ets Jan  8 2013,rst cause:4, boot mode:(3,7)

wdt reset
load 0x4010f000, len 1384, room 16 
tail 8
chksum 0x2d
csum 0x2d
v8b899c12
~ld


6.01
 0h00:04.770 2022/02/20T10:53:51z: DS3231
 0h00:04.786 2022/02/20T10:53:51z: BME280 (0x76)
 0h00:04.800 2022/02/20T10:53:51z: 84:f3:eb:7d:7:a8
 0h00:04.802 2022/02/20T10:53:51z: SSID: MU Open
 0h00:04.807 2022/02/20T10:53:51z: AP_STAR tmr
 ets Jan  8 2013,rst cause:4, boot mode:(3,7)

wdt reset
load 0x4010f000, len 1384, room 16 
tail 8
chksum 0x2d
csum 0x2d
v8b899c12
~ld


6.01
 0h00:04.382 2022/02/20T11:13:51z: DS3231
 0h00:04.397 2022/02/20T11:13:51z: BME280 (0x76)
 0h00:04.411 2022/02/20T11:13:51z: 84:f3:eb:7d:7:a8
 0h00:04.413 2022/02/20T11:13:51z: SSID: MU Open
 0h00:04.418 2022/02/20T11:13:51z: AP_STAR tmr
 ets Jan  8 2013,rst cause:4, boot mode:(3,7)

wdt reset
load 0x4010f000, len 1384, room 16 
tail 8
chksum 0x2d
csum 0x2d
v8b899c12
~ld


6.01
 0h00:04.533 2022/02/20T11:33:52z: DS3231
 0h00:04.548 2022/02/20T11:33:52z: BME280 (0x76)
 0h00:04.563 2022/02/20T11:33:52z: 84:f3:eb:7d:7:a8
 0h00:04.564 2022/02/20T11:33:52z: SSID: MU Open
 0h00:04.569 2022/02/20T11:33:52z: AP_STAR tmr
 ets Jan  8 2013,rst cause:4, boot mode:(3,7)

wdt reset
load 0x4010f000, len 1384, room 16 
tail 8
chksum 0x2d
csum 0x2d
v8b899c12
~ld


6.01
 0h00:04.728 2022/02/20T11:53:54z: DS3231
 0h00:04.743 2022/02/20T11:53:54z: BME280 (0x76)
 0h00:04.757 2022/02/20T11:53:54z: 84:f3:eb:7d:7:a8
 0h00:04.759 2022/02/20T11:53:54z: SSID: MU Open
 0h00:04.764 2022/02/20T11:53:54z: AP_STAR tmr
 ets Jan  8 2013,rst cause:4, boot mode:(3,7)

wdt reset
load 0x4010f000, len 1384, room 16 
tail 8
chksum 0x2d
csum 0x2d
v8b899c12
~ld


6.01
 0h00:04.449 2022/02/20T12:13:55z: DS3231
 0h00:04.464 2022/02/20T12:13:55z: BME280 (0x76)
 0h00:04.478 2022/02/20T12:13:55z: 84:f3:eb:7d:7:a8
 0h00:04.480 2022/02/20T12:13:55z: SSID: MU Open
 0h00:04.485 2022/02/20T12:13:55z: AP_STAR tmr
 ets Jan  8 2013,rst cause:4, boot mode:(3,7)

wdt reset
load 0x4010f000, len 1384, room 16 
tail 8
chksum 0x2d
csum 0x2d
v8b899c12
~ld


6.01
 0h00:04.671 2022/02/20T12:33:57z: DS3231
 0h00:04.686 2022/02/20T12:33:57z: BME280 (0x76)
 0h00:04.701 2022/02/20T12:33:57z: 84:f3:eb:7d:7:a8
 0h00:04.702 2022/02/20T12:33:57z: SSID: MU Open
 0h00:04.707 2022/02/20T12:33:57z: AP_STAR tmr
 ets Jan  8 2013,rst cause:4, boot mode:(3,7)

wdt reset
load 0x4010f000, len 1384, room 16 
tail 8
chksum 0x2d
csum 0x2d
v8b899c12
~ld


6.01
 0h00:04.711 2022/02/20T12:53:58z: DS3231
 0h00:04.726 2022/02/20T12:53:58z: BME280 (0x76)
 0h00:04.740 2022/02/20T12:53:58z: 84:f3:eb:7d:7:a8
 0h00:04.742 2022/02/20T12:53:58z: SSID: MU Open
 0h00:04.747 2022/02/20T12:53:58z: AP_STAR tmr
 ets Jan  8 2013,rst cause:4, boot mode:(3,7)

wdt reset
load 0x4010f000, len 1384, room 16 
tail 8
chksum 0x2d
csum 0x2d
v8b899c12
~ld


6.01
 0h00:04.722 2022/02/20T13:13:59z: DS3231
 0h00:04.738 2022/02/20T13:14:00z: BME280 (0x76)
 0h00:04.752 2022/02/20T13:14:00z: 84:f3:eb:7d:7:a8
 0h00:04.754 2022/02/20T13:14:00z: SSID: MU Open
 0h00:04.759 2022/02/20T13:14:00z: AP_STAR tmr
 ets Jan  8 2013,rst cause:4, boot mode:(3,7)

wdt reset
load 0x4010f000, len 1384, room 16 
tail 8
chksum 0x2d
csum 0x2d
v8b899c12
~ld


6.01
 0h00:04.696 2022/02/20T13:34:01z: DS3231
 0h00:04.711 2022/02/20T13:34:01z: BME280 (0x76)
 0h00:04.725 2022/02/20T13:34:01z: 84:f3:eb:7d:7:a8
 0h00:04.727 2022/02/20T13:34:01z: SSID: MU Open
 0h00:04.732 2022/02/20T13:34:01z: AP_STAR tmr
 ets Jan  8 2013,rst cause:4, boot mode:(3,7)

wdt reset
load 0x4010f000, len 1384, room 16 
tail 8
chksum 0x2d
csum 0x2d
v8b899c12
~ld


6.01
 0h00:04.693 2022/02/20T13:54:03z: DS3231
 0h00:04.708 2022/02/20T13:54:03z: BME280 (0x76)
 0h00:04.723 2022/02/20T13:54:03z: 84:f3:eb:7d:7:a8
 0h00:04.724 2022/02/20T13:54:03z: SSID: MU Open
 0h00:04.729 2022/02/20T13:54:03z: AP_STAR tmr
 ets Jan  8 2013,rst cause:4, boot mode:(3,7)

wdt reset
load 0x4010f000, len 1384, room 16 
tail 8
chksum 0x2d
csum 0x2d
v8b899c12
~ld


6.01
 0h00:04.640 2022/02/20T14:14:04z: DS3231
 0h00:04.656 2022/02/20T14:14:04z: BME280 (0x76)
 0h00:04.670 2022/02/20T14:14:04z: 84:f3:eb:7d:7:a8
 0h00:04.672 2022/02/20T14:14:04z: SSID: MU Open
 0h00:04.677 2022/02/20T14:14:04z: AP_STAR tmr
 ets Jan  8 2013,rst cause:4, boot mode:(3,7)

wdt reset
load 0x4010f000, len 1384, room 16 
tail 8
chksum 0x2d
csum 0x2d
v8b899c12
~ld


6.01
 0h00:04.639 2022/02/20T14:34:06z: DS3231
 0h00:04.655 2022/02/20T14:34:06z: BME280 (0x76)
 0h00:04.669 2022/02/20T14:34:06z: 84:f3:eb:7d:7:a8
 0h00:04.671 2022/02/20T14:34:06z: SSID: MU Open
 0h00:04.676 2022/02/20T14:34:06z: AP_STAR tmr
 ets Jan  8 2013,rst cause:4, boot mode:(3,7)

wdt reset
load 0x4010f000, len 1384, room 16 
tail 8
chksum 0x2d
csum 0x2d
v8b899c12
~ld


6.01
 0h00:04.609 2022/02/20T14:54:07z: DS3231
 0h00:04.624 2022/02/20T14:54:07z: BME280 (0x76)
 0h00:04.638 2022/02/20T14:54:07z: 84:f3:eb:7d:7:a8
 0h00:04.640 2022/02/20T14:54:07z: SSID: MU Open
 0h00:04.645 2022/02/20T14:54:07z: AP_STAR tmr
 ets Jan  8 2013,rst cause:4, boot mode:(3,7)

wdt reset
load 0x4010f000, len 1384, room 16 
tail 8
chksum 0x2d
csum 0x2d
v8b899c12
~ld


6.01
 0h00:04.628 2022/02/20T15:14:08z: DS3231
 0h00:04.644 2022/02/20T15:14:08z: BME280 (0x76)
 0h00:04.658 2022/02/20T15:14:08z: 84:f3:eb:7d:7:a8
 0h00:04.660 2022/02/20T15:14:08z: SSID: MU Open
 0h00:04.665 2022/02/20T15:14:08z: AP_STAR tmr
 ets Jan  8 2013,rst cause:4, boot mode:(3,7)

wdt reset
load 0x4010f000, len 1384, room 16 
tail 8
chksum 0x2d
csum 0x2d
v8b899c12
~ld


6.01
 0h00:04.475 2022/02/20T15:34:10z: DS3231
 0h00:04.490 2022/02/20T15:34:10z: BME280 (0x76)
 0h00:04.504 2022/02/20T15:34:10z: 84:f3:eb:7d:7:a8
 0h00:04.506 2022/02/20T15:34:10z: SSID: MU Open
 0h00:04.511 2022/02/20T15:34:10z: AP_STAR tmr
 ets Jan  8 2013,rst cause:4, boot mode:(3,7)

wdt reset
load 0x4010f000, len 1384, room 16 
tail 8
chksum 0x2d
csum 0x2d
v8b899c12
~ld


6.01
 0h00:04.574 2022/02/20T15:54:11z: DS3231
 0h00:04.590 2022/02/20T15:54:11z: BME280 (0x76)
 0h00:04.604 2022/02/20T15:54:11z: 84:f3:eb:7d:7:a8
 0h00:04.606 2022/02/20T15:54:11z: SSID: MU Open
 0h00:04.611 2022/02/20T15:54:11z: AP_STAR tmr
 ets Jan  8 2013,rst cause:4, boot mode:(3,7)

wdt reset
load 0x4010f000, len 1384, room 16 
tail 8
chksum 0x2d
csum 0x2d
v8b899c12
~ld


6.01
 0h00:04.421 2022/02/20T16:14:12z: DS3231
 0h00:04.436 2022/02/20T16:14:12z: BME280 (0x76)
 0h00:04.450 2022/02/20T16:14:12z: 84:f3:eb:7d:7:a8
 0h00:04.452 2022/02/20T16:14:12z: SSID: MU Open
 0h00:04.457 2022/02/20T16:14:12z: AP_STAR tmr
 ets Jan  8 2013,rst cause:4, boot mode:(3,7)

wdt reset
load 0x4010f000, len 1384, room 16 
tail 8
chksum 0x2d
csum 0x2d
v8b899c12
~ld


6.01
 0h00:04.381 2022/02/20T16:34:12z: DS3231
 0h00:04.396 2022/02/20T16:34:12z: BME280 (0x76)
 0h00:04.410 2022/02/20T16:34:12z: 84:f3:eb:7d:7:a8
 0h00:04.412 2022/02/20T16:34:12z: SSID: MU Open
 0h00:04.417 2022/02/20T16:34:12z: AP_STAR tmr
 ets Jan  8 2013,rst cause:4, boot mode:(3,7)

wdt reset
load 0x4010f000, len 1384, room 16 
tail 8
chksum 0x2d
csum 0x2d
v8b899c12
~ld


6.01
 0h00:04.336 2022/02/20T16:54:13z: DS3231
 0h00:04.351 2022/02/20T16:54:13z: BME280 (0x76)
 0h00:04.365 2022/02/20T16:54:13z: 84:f3:eb:7d:7:a8
 0h00:04.367 2022/02/20T16:54:13z: SSID: MU Open
 0h00:04.372 2022/02/20T16:54:13z: AP_STAR tmr
 ets Jan  8 2013,rst cause:4, boot mode:(3,7)

wdt reset
load 0x4010f000, len 1384, room 16 
tail 8
chksum 0x2d
csum 0x2d
v8b899c12
~ld


6.01
 0h00:04.594 2022/02/20T17:14:14z: DS3231
 0h00:04.609 2022/02/20T17:14:14z: BME280 (0x76)
 0h00:04.623 2022/02/20T17:14:14z: 84:f3:eb:7d:7:a8
 0h00:04.625 2022/02/20T17:14:14z: SSID: MU Open
 0h00:04.630 2022/02/20T17:14:14z: AP_STAR tmr
 ets Jan  8 2013,rst cause:4, boot mode:(3,7)

wdt reset
load 0x4010f000, len 1384, room 16 
tail 8
chksum 0x2d
csum 0x2d
v8b899c12
~ld


6.01
 0h00:04.360 2022/02/20T17:34:16z: DS3231
 0h00:04.375 2022/02/20T17:34:16z: BME280 (0x76)
 0h00:04.389 2022/02/20T17:34:16z: 84:f3:eb:7d:7:a8
 0h00:04.391 2022/02/20T17:34:16z: SSID: MU Open
 0h00:04.396 2022/02/20T17:34:16z: AP_STAR tmr
 ets Jan  8 2013,rst cause:4, boot mode:(3,7)

wdt reset
load 0x4010f000, len 1384, room 16 
tail 8
chksum 0x2d
csum 0x2d
v8b899c12
~ld


6.01
 0h00:04.649 2022/02/20T17:54:17z: DS3231
 0h00:04.664 2022/02/20T17:54:17z: BME280 (0x76)
 0h00:04.679 2022/02/20T17:54:17z: 84:f3:eb:7d:7:a8
 0h00:04.680 2022/02/20T17:54:17z: SSID: MU Open
 0h00:04.685 2022/02/20T17:54:17z: AP_STAR tmr
 ets Jan  8 2013,rst cause:4, boot mode:(3,7)

wdt reset
load 0x4010f000, len 1384, room 16 
tail 8
chksum 0x2d
csum 0x2d
v8b899c12
~ld


6.01
 0h00:04.529 2022/02/20T18:14:18z: DS3231
 0h00:04.544 2022/02/20T18:14:18z: BME280 (0x76)
 0h00:04.558 2022/02/20T18:14:18z: 84:f3:eb:7d:7:a8
 0h00:04.560 2022/02/20T18:14:18z: SSID: MU Open
 0h00:04.565 2022/02/20T18:14:18z: AP_STAR tmr
 ets Jan  8 2013,rst cause:4, boot mode:(3,7)

wdt reset
load 0x4010f000, len 1384, room 16 
tail 8
chksum 0x2d
csum 0x2d
v8b899c12
~ld


6.01
 0h00:04.463 2022/02/20T18:34:19z: DS3231
 0h00:04.478 2022/02/20T18:34:19z: BME280 (0x76)
 0h00:04.493 2022/02/20T18:34:19z: 84:f3:eb:7d:7:a8
 0h00:04.494 2022/02/20T18:34:19z: SSID: MU Open
 0h00:04.499 2022/02/20T18:34:19z: AP_STAR tmr
 ets Jan  8 2013,rst cause:4, boot mode:(3,7)

wdt reset
load 0x4010f000, len 1384, room 16 
tail 8
chksum 0x2d
csum 0x2d
v8b899c12
~ld


6.01
 0h00:04.499 2022/02/20T18:54:20z: DS3231
 0h00:04.514 2022/02/20T18:54:20z: BME280 (0x76)
 0h00:04.528 2022/02/20T18:54:20z: 84:f3:eb:7d:7:a8
 0h00:04.530 2022/02/20T18:54:20z: SSID: MU Open
 0h00:04.535 2022/02/20T18:54:20z: AP_STAR tmr
 ets Jan  8 2013,rst cause:4, boot mode:(3,7)

wdt reset
load 0x4010f000, len 1384, room 16 
tail 8
chksum 0x2d
csum 0x2d
v8b899c12
~ld


6.01
 0h00:04.224 2022/02/20T19:14:21z: DS3231
 0h00:04.239 2022/02/20T19:14:21z: BME280 (0x76)
 0h00:04.254 2022/02/20T19:14:21z: 84:f3:eb:7d:7:a8
 0h00:04.255 2022/02/20T19:14:21z: SSID: MU Open
 0h00:04.261 2022/02/20T19:14:21z: AP_STAR tmr
 ets Jan  8 2013,rst cause:4, boot mode:(3,7)

wdt reset
load 0x4010f000, len 1384, room 16 
tail 8
chksum 0x2d
csum 0x2d
v8b899c12
~ld


6.01
 0h00:04.261 2022/02/20T19:34:21z: DS3231
 0h00:04.276 2022/02/20T19:34:21z: BME280 (0x76)
 0h00:04.290 2022/02/20T19:34:21z: 84:f3:eb:7d:7:a8
 0h00:04.292 2022/02/20T19:34:21z: SSID: MU Open
 0h00:04.297 2022/02/20T19:34:21z: AP_STAR tmr
 ets Jan  8 2013,rst cause:4, boot mode:(3,7)

wdt reset
load 0x4010f000, len 1384, room 16 
tail 8
chksum 0x2d
csum 0x2d
v8b899c12
~ld


6.01
 0h00:04.018 2022/02/20T19:54:21z: DS3231
 0h00:04.033 2022/02/20T19:54:21z: BME280 (0x76)
 0h00:04.047 2022/02/20T19:54:21z: 84:f3:eb:7d:7:a8
 0h00:04.049 2022/02/20T19:54:21z: SSID: MU Open
 0h00:04.054 2022/02/20T19:54:21z: AP_STAR tmr
 ets Jan  8 2013,rst cause:4, boot mode:(3,7)

wdt reset
load 0x4010f000, len 1384, room 16 
tail 8
chksum 0x2d
csum 0x2d
v8b899c12
~ld


6.01
 0h00:04.526 2022/02/20T20:14:23z: DS3231
 0h00:04.542 2022/02/20T20:14:23z: BME280 (0x76)
 0h00:04.556 2022/02/20T20:14:23z: 84:f3:eb:7d:7:a8
 0h00:04.558 2022/02/20T20:14:23z: SSID: MU Open
 0h00:04.563 2022/02/20T20:14:23z: AP_STAR tmr
 ets Jan  8 2013,rst cause:4, boot mode:(3,7)

wdt reset
load 0x4010f000, len 1384, room 16 
tail 8
chksum 0x2d
csum 0x2d
v8b899c12
~ld


6.01
 0h00:04.322 2022/02/20T20:34:24z: DS3231
 0h00:04.337 2022/02/20T20:34:24z: BME280 (0x76)
 0h00:04.351 2022/02/20T20:34:24z: 84:f3:eb:7d:7:a8
 0h00:04.353 2022/02/20T20:34:24z: SSID: MU Open
 0h00:04.358 2022/02/20T20:34:24z: AP_STAR tmr
 ets Jan  8 2013,rst cause:4, boot mode:(3,7)

wdt reset
load 0x4010f000, len 1384, room 16 
tail 8
chksum 0x2d
csum 0x2d
v8b899c12
~ld


6.01
 0h00:04.538 2022/02/20T20:54:25z: DS3231
 0h00:04.554 2022/02/20T20:54:25z: BME280 (0x76)
 0h00:04.568 2022/02/20T20:54:25z: 84:f3:eb:7d:7:a8
 0h00:04.570 2022/02/20T20:54:25z: SSID: MU Open
 0h00:04.575 2022/02/20T20:54:25z: AP_STAR tmr
 ets Jan  8 2013,rst cause:4, boot mode:(3,7)

wdt reset
load 0x4010f000, len 1384, room 16 
tail 8
chksum 0x2d
csum 0x2d
v8b899c12
~ld


6.01
 0h00:04.234 2022/02/20T21:14:26z: DS3231
 0h00:04.249 2022/02/20T21:14:26z: BME280 (0x76)
 0h00:04.263 2022/02/20T21:14:26z: 84:f3:eb:7d:7:a8
 0h00:04.265 2022/02/20T21:14:26z: SSID: MU Open
 0h00:04.270 2022/02/20T21:14:26z: AP_STAR tmr
 ets Jan  8 2013,rst cause:4, boot mode:(3,7)

wdt reset
load 0x4010f000, len 1384, room 16 
tail 8
chksum 0x2d
csum 0x2d
v8b899c12
~ld


6.01
 0h00:04.290 2022/02/20T21:34:27z: DS3231
 0h00:04.305 2022/02/20T21:34:27z: BME280 (0x76)
 0h00:04.319 2022/02/20T21:34:27z: 84:f3:eb:7d:7:a8
 0h00:04.321 2022/02/20T21:34:27z: SSID: MU Open
 0h00:04.326 2022/02/20T21:34:27z: AP_STAR tmr
 ets Jan  8 2013,rst cause:4, boot mode:(3,7)

wdt reset
load 0x4010f000, len 1384, room 16 
tail 8
chksum 0x2d
csum 0x2d
v8b899c12
~ld


6.01
 0h00:04.247 2022/02/20T21:54:28z: DS3231
 0h00:04.262 2022/02/20T21:54:28z: BME280 (0x76)
 0h00:04.276 2022/02/20T21:54:28z: 84:f3:eb:7d:7:a8
 0h00:04.278 2022/02/20T21:54:28z: SSID: MU Open
 0h00:04.283 2022/02/20T21:54:28z: AP_STAR tmr
 ets Jan  8 2013,rst cause:4, boot mode:(3,7)

wdt reset
load 0x4010f000, len 1384, room 16 
tail 8
chksum 0x2d
csum 0x2d
v8b899c12
~ld


6.01
 0h00:04.272 2022/02/20T22:14:30z: DS3231
 0h00:04.288 2022/02/20T22:14:30z: BME280 (0x76)
 0h00:04.302 2022/02/20T22:14:30z: 84:f3:eb:7d:7:a8
 0h00:04.304 2022/02/20T22:14:30z: SSID: MU Open
 0h00:04.309 2022/02/20T22:14:30z: AP_STAR tmr
 ets Jan  8 2013,rst cause:4, boot mode:(3,7)

wdt reset
load 0x4010f000, len 1384, room 16 
tail 8
chksum 0x2d
csum 0x2d
v8b899c12
~ld


6.01
 0h00:04.520 2022/02/20T22:34:30z: DS3231
 0h00:04.535 2022/02/20T22:34:30z: BME280 (0x76)
 0h00:04.549 2022/02/20T22:34:30z: 84:f3:eb:7d:7:a8
 0h00:04.551 2022/02/20T22:34:30z: SSID: MU Open
 0h00:04.556 2022/02/20T22:34:30z: AP_STAR tmr
 ets Jan  8 2013,rst cause:4, boot mode:(3,7)

wdt reset
load 0x4010f000, len 1384, room 16 
tail 8
chksum 0x2d
csum 0x2d
v8b899c12
~ld


6.01
 0h00:04.644 2022/02/20T22:54:31z: DS3231
 0h00:04.659 2022/02/20T22:54:31z: BME280 (0x76)
 0h00:04.673 2022/02/20T22:54:31z: 84:f3:eb:7d:7:a8
 0h00:04.675 2022/02/20T22:54:31z: SSID: MU Open
 0h00:04.680 2022/02/20T22:54:31z: AP_STAR tmr
 ets Jan  8 2013,rst cause:4, boot mode:(3,7)

wdt reset
load 0x4010f000, len 1384, room 16 
tail 8
chksum 0x2d
csum 0x2d
v8b899c12
~ld


6.01
 0h00:04.725 2022/02/20T23:14:32z: DS3231
 0h00:04.740 2022/02/20T23:14:33z: BME280 (0x76)
 0h00:04.754 2022/02/20T23:14:33z: 84:f3:eb:7d:7:a8
 0h00:04.756 2022/02/20T23:14:33z: SSID: MU Open
 0h00:04.761 2022/02/20T23:14:33z: AP_STAR tmr
 ets Jan  8 2013,rst cause:4, boot mode:(3,7)

wdt reset
load 0x4010f000, len 1384, room 16 
tail 8
chksum 0x2d
csum 0x2d
v8b899c12
~ld


6.01
 0h00:04.406 2022/02/20T23:34:33z: DS3231
 0h00:04.422 2022/02/20T23:34:33z: BME280 (0x76)
 0h00:04.436 2022/02/20T23:34:33z: 84:f3:eb:7d:7:a8
 0h00:04.438 2022/02/20T23:34:33z: SSID: MU Open
 0h00:04.443 2022/02/20T23:34:33z: AP_STAR tmr
 ets Jan  8 2013,rst cause:4, boot mode:(3,7)

wdt reset
load 0x4010f000, len 1384, room 16 
tail 8
chksum 0x2d
csum 0x2d
v8b899c12
~ld


6.01
 0h00:04.592 2022/02/20T23:54:34z: DS3231
 0h00:04.607 2022/02/20T23:54:34z: BME280 (0x76)
 0h00:04.622 2022/02/20T23:54:34z: 84:f3:eb:7d:7:a8
 0h00:04.623 2022/02/20T23:54:34z: SSID: MU Open
 0h00:04.629 2022/02/20T23:54:34z: AP_STA