R tmr
 ets Jan  8 2013,rst cause:4, boot mode:(3,7)

wdt reset
load 0x4010f000, len 1384, room 16 
tail 8
chksum 0x2d
csum 0x2d
v8b899c12
~ld


6.01
 0h00:04.354 2022/02/22T00:16:09z: DS3231
 0h00:04.370 2022/02/22T00:16:09z: BME280 (0x76)
 0h00:04.384 2022/02/22T00:16:09z: 84:f3:eb:7d:7:a8
 0h00:04.385 2022/02/22T00:16:09z: SSID: MU Open
 0h00:04.391 2022/02/22T00:16:09z: AP_STAR tmr
 ets Jan  8 2013,rst cause:4, boot mode:(3,7)

wdt reset
load 0x4010f000, len 1384, room 16 
tail 8
chksum 0x2d
csum 0x2d
v8b899c12
~ld


6.01
 0h00:04.330 2022/02/22T00:36:10z: DS3231
 0h00:04.346 2022/02/22T00:36:10z: BME280 (0x76)
 0h00:04.360 2022/02/22T00:36:10z: 84:f3:eb:7d:7:a8
 0h00:04.362 2022/02/22T00:36:10z: SSID: MU Open
 0h00:04.367 2022/02/22T00:36:10z: AP_STAR tmr
 ets Jan  8 2013,rst cause:4, boot mode:(3,7)

wdt reset
load 0x4010f000, len 1384, room 16 
tail 8
chksum 0x2d
csum 0x2d
v8b899c12
~ld


6.01
 0h00:04.596 2022/02/22T00:56:11z: DS3231
 0h00:04.611 2022/02/22T00:56:11z: BME280 (0x76)
 0h00:04.625 2022/02/22T00:56:11z: 84:f3:eb:7d:7:a8
 0h00:04.627 2022/02/22T00:56:11z: SSID: MU Open
 0h00:04.632 2022/02/22T00:56:11z: AP_STAR tmr
 ets Jan  8 2013,rst cause:4, boot mode:(3,7)

wdt reset
load 0x4010f000, len 1384, room 16 
tail 8
chksum 0x2d
csum 0x2d
v8b899c12
~ld


6.01
 0h00:04.598 2022/02/22T01:16:12z: DS3231
 0h00:04.613 2022/02/22T01:16:12z: BME280 (0x76)
 0h00:04.627 2022/02/22T01:16:12z: 84:f3:eb:7d:7:a8
 0h00:04.629 2022/02/22T01:16:12z: SSID: MU Open
 0h00:04.634 2022/02/22T01:16:12z: AP_STAR tmr
 ets Jan  8 2013,rst cause:4, boot mode:(3,7)

wdt reset
load 0x4010f000, len 1384, room 16 
tail 8
chksum 0x2d
csum 0x2d
v8b899c12
~ld


6.01
 0h00:04.370 2022/02/22T01:36:13z: DS3231
 0h00:04.385 2022/02/22T01:36:13z: BME280 (0x76)
 0h00:04.400 2022/02/22T01:36:13z: 84:f3:eb:7d:7:a8
 0h00:04.401 2022/02/22T01:36:13z: SSID: MU Open
 0h00:04.406 2022/02/22T01:36:13z: AP_STAR tmr
 ets Jan  8 2013,rst cause:4, boot mode:(3,7)

wdt reset
load 0x4010f000, len 1384, room 16 
tail 8
chksum 0x2d
csum 0x2d
v8b899c12
~ld


6.01
 0h00:04.573 2022/02/22T01:56:15z: DS3231
 0h00:04.588 2022/02/22T01:56:15z: BME280 (0x76)
 0h00:04.602 2022/02/22T01:56:15z: 84:f3:eb:7d:7:a8
 0h00:04.604 2022/02/22T01:56:15z: SSID: MU Open
 0h00:04.609 2022/02/22T01:56:15z: AP_STAR tmr
 ets Jan  8 2013,rst cause:4, boot mode:(3,7)

wdt reset
load 0x4010f000, len 1384, room 16 
tail 8
chksum 0x2d
csum 0x2d
v8b899c12
~ld


6.01
 0h00:04.377 2022/02/22T02:16:16z: DS3231
 0h00:04.392 2022/02/22T02:16:16z: BME280 (0x76)
 0h00:04.407 2022/02/22T02:16:16z: 84:f3:eb:7d:7:a8
 0h00:04.408 2022/02/22T02:16:16z: SSID: MU Open
 0h00:04.413 2022/02/22T02:16:16z: AP_STAR tmr
 ets Jan  8 2013,rst cause:4, boot mode:(3,7)

wdt reset
load 0x4010f000, len 1384, room 16 
tail 8
chksum 0x2d
csum 0x2d
v8b899c12
~ld


6.01
 0h00:04.617 2022/02/22T02:36:17z: DS3231
 0h00:04.632 2022/02/22T02:36:17z: BME280 (0x76)
 0h00:04.646 2022/02/22T02:36:17z: 84:f3:eb:7d:7:a8
 0h00:04.648 2022/02/22T02:36:17z: SSID: MU Open
 0h00:04.653 2022/02/22T02:36:17z: AP_STAR tmr
 ets Jan  8 2013,rst cause:4, boot mode:(3,7)

wdt reset
load 0x4010f000, len 1384, room 16 
tail 8
chksum 0x2d
csum 0x2d
v8b899c12
~ld


6.01
 0h00:04.710 2022/02/22T02:56:18z: DS3231
 0h00:04.725 2022/02/22T02:56:18z: BME280 (0x76)
 0h00:04.739 2022/02/22T02:56:18z: 84:f3:eb:7d:7:a8
 0h00:04.741 2022/02/22T02:56:18z: SSID: MU Open
 0h00:04.746 2022/02/22T02:56:18z: AP_STAR tmr
 ets Jan  8 2013,rst cause:4, boot mode:(3,7)

wdt reset
load 0x4010f000, len 1384, room 16 
tail 8
chksum 0x2d
csum 0x2d
v8b899c12
~ld


6.01
 0h00:04.677 2022/02/22T03:16:19z: DS3231
 0h00:04.692 2022/02/22T03:16:19z: BME280 (0x76)
 0h00:04.706 2022/02/22T03:16:19z: 84:f3:eb:7d:7:a8
 0h00:04.708 2022/02/22T03:16:19z: SSID: MU Open
 0h00:04.713 2022/02/22T03:16:19z: AP_STAR tmr
 ets Jan  8 2013,rst cause:4, boot mode:(3,7)

wdt reset
load 0x4010f000, len 1384, room 16 
tail 8
chksum 0x2d
csum 0x2d
v8b899c12
~ld


6.01
 0h00:04.460 2022/02/22T03:36:20z: DS3231
 0h00:04.475 2022/02/22T03:36:20z: BME280 (0x76)
 0h00:04.489 2022/02/22T03:36:20z: 84:f3:eb:7d:7:a8
 0h00:04.491 2022/02/22T03:36:20z: SSID: MU Open
 0h00:04.496 2022/02/22T03:36:20z: AP_STAR tmr
 ets Jan  8 2013,rst cause:4, boot mode:(3,7)

wdt reset
load 0x4010f000, len 1384, room 16 
tail 8
chksum 0x2d
csum 0x2d
v8b899c12
~ld


6.01
 0h00:04.451 2022/02/22T03:56:21z: DS3231
 0h00:04.466 2022/02/22T03:56:21z: BME280 (0x76)
 0h00:04.481 2022/02/22T03:56:21z: 84:f3:eb:7d:7:a8
 0h00:04.482 2022/02/22T03:56:21z: SSID: MU Open
 0h00:04.487 2022/02/22T03:56:21z: AP_STAR tmr
 ets Jan  8 2013,rst cause:4, boot mode:(3,7)

wdt reset
load 0x4010f000, len 1384, room 16 
tail 8
chksum 0x2d
csum 0x2d
v8b899c12
~ld


6.01
 0h00:04.444 2022/02/22T04:16:23z: DS3231
 0h00:04.460 2022/02/22T04:16:23z: BME280 (0x76)
 0h00:04.474 2022/02/22T04:16:23z: 84:f3:eb:7d:7:a8
 0h00:04.476 2022/02/22T04:16:23z: SSID: MU Open
 0h00:04.481 2022/02/22T04:16:23z: AP_STAR tmr
 ets Jan  8 2013,rst cause:4, boot mode:(3,7)

wdt reset
load 0x4010f000, len 1384, room 16 
tail 8
chksum 0x2d
csum 0x2d
v8b899c12
~ld


6.01
 0h00:04.867 2022/02/22T04:36:25z: DS3231
 0h00:04.883 2022/02/22T04:36:25z: BME280 (0x76)
 0h00:04.897 2022/02/22T04:36:25z: 84:f3:eb:7d:7:a8
 0h00:04.899 2022/02/22T04:36:25z: SSID: MU Open
 0h00:04.904 2022/02/22T04:36:25z: AP_STAR tmr
 ets Jan  8 2013,rst cause:4, boot mode:(3,7)

wdt reset
load 0x4010f000, len 1384, room 16 
tail 8
chksum 0x2d
csum 0x2d
v8b899c12
~ld


6.01
 0h00:04.543 2022/02/22T04:56:26z: DS3231
 0h00:04.558 2022/02/22T04:56:26z: BME280 (0x76)
 0h00:04.572 2022/02/22T04:56:26z: 84:f3:eb:7d:7:a8
 0h00:04.574 2022/02/22T04:56:26z: SSID: MU Open
 0h00:04.579 2022/02/22T04:56:26z: AP_STAR tmr
 ets Jan  8 2013,rst cause:4, boot mode:(3,7)

wdt reset
load 0x4010f000, len 1384, room 16 
tail 8
chksum 0x2d
csum 0x2d
v8b899c12
~ld


6.01
 0h00:04.512 2022/02/22T05:16:27z: DS3231
 0h00:04.527 2022/02/22T05:16:27z: BME280 (0x76)
 0h00:04.542 2022/02/22T05:16:27z: 84:f3:eb:7d:7:a8
 0h00:04.543 2022/02/22T05:16:27z: SSID: MU Open
 0h00:04.548 2022/02/22T05:16:27z: AP_STAR tmr
 ets Jan  8 2013,rst cause:4, boot mode:(3,7)

wdt reset
load 0x4010f000, len 1384, room 16 
tail 8
chksum 0x2d
csum 0x2d
v8b899c12
~ld


6.01
 0h00:04.662 2022/02/22T05:36:29z: DS3231
 0h00:04.678 2022/02/22T05:36:29z: BME280 (0x76)
 0h00:04.692 2022/02/22T05:36:29z: 84:f3:eb:7d:7:a8
 0h00:04.693 2022/02/22T05:36:29z: SSID: MU Open
 0h00:04.699 2022/02/22T05:36:29z: AP_STAR tmr
 ets Jan  8 2013,rst cause:4, boot mode:(3,7)

wdt reset
load 0x4010f000, len 1384, room 16 
tail 8
chksum 0x2d
csum 0x2d
v8b899c12
~ld


6.01
 0h00:04.842 2022/02/22T05:56:31z: DS3231
 0h00:04.857 2022/02/22T05:56:31z: BME280 (0x76)
 0h00:04.871 2022/02/22T05:56:31z: 84:f3:eb:7d:7:a8
 0h00:04.873 2022/02/22T05:56:31z: SSID: MU Open
 0h00:04.878 2022/02/22T05:56:31z: AP_STAR tmr
 ets Jan  8 2013,rst cause:4, boot mode:(3,7)

wdt reset
load 0x4010f000, len 1384, room 16 
tail 8
chksum 0x2d
csum 0x2d
v8b899c12
~ld


6.01
 0h00:04.823 2022/02/22T06:16:32z: DS3231
 0h00:04.838 2022/02/22T06:16:32z: BME280 (0x76)
 0h00:04.852 2022/02/22T06:16:32z: 84:f3:eb:7d:7:a8
 0h00:04.854 2022/02/22T06:16:32z: SSID: MU Open
 0h00:04.859 2022/02/22T06:16:32z: AP_STAR tmr
 ets Jan  8 2013,rst cause:4, boot mode:(3,7)

wdt reset
load 0x4010f000, len 1384, room 16 
tail 8
chksum 0x2d
csum 0x2d
v8b899c12
~ld


6.01
 0h00:04.520 2022/02/22T06:36:33z: DS3231
 0h00:04.536 2022/02/22T06:36:33z: BME280 (0x76)
 0h00:04.550 2022/02/22T06:36:33z: 84:f3:eb:7d:7:a8
 0h00:04.552 2022/02/22T06:36:33z: SSID: MU Open
 0h00:04.557 2022/02/22T06:36:33z: AP_STAR tmr
 ets Jan  8 2013,rst cause:4, boot mode:(3,7)

wdt reset
load 0x4010f000, len 1384, room 16 
tail 8
chksum 0x2d
csum 0x2d
v8b899c12
~ld


6.01
 0h00:04.785 2022/02/22T06:56:35z: DS3231
 0h00:04.800 2022/02/22T06:56:35z: BME280 (0x76)
 0h00:04.814 2022/02/22T06:56:35z: 84:f3:eb:7d:7:a8
 0h00:04.816 2022/02/22T06:56:35z: SSID: MU Open
 0h00:04.821 2022/02/22T06:56:35z: AP_STAR tmr
 ets Jan  8 2013,rst cause:4, boot mode:(3,7)

wdt reset
load 0x4010f000, len 1384, room 16 
tail 8
chksum 0x2d
csum 0x2d
v8b899c12
~ld


6.01
 0h00:04.521 2022/02/22T07:16:37z: DS3231
 0h00:04.537 2022/02/22T07:16:37z: BME280 (0x76)
 0h00:04.551 2022/02/22T07:16:37z: 84:f3:eb:7d:7:a8
 0h00:04.553 2022/02/22T07:16:37z: SSID: MU Open
 0h00:04.558 2022/02/22T07:16:37z: AP_STAR tmr
 ets Jan  8 2013,rst cause:4, boot mode:(3,7)

wdt reset
load 0x4010f000, len 1384, room 16 
tail 8
chksum 0x2d
csum 0x2d
v8b899c12
~ld


6.01
 0h00:04.544 2022/02/22T07:36:38z: DS3231
 0h00:04.559 2022/02/22T07:36:38z: BME280 (0x76)
 0h00:04.573 2022/02/22T07:36:38z: 84:f3:eb:7d:7:a8
 0h00:04.575 2022/02/22T07:36:38z: SSID: MU Open
 0h00:04.580 2022/02/22T07:36:38z: AP_STAR tmr
 ets Jan  8 2013,rst cause:4, boot mode:(3,7)

wdt reset
load 0x4010f000, len 1384, room 16 
tail 8
chksum 0x2d
csum 0x2d
v8b899c12
~ld


6.01
 0h00:04.756 2022/02/22T07:56:39z: DS3231
 0h00:04.772 2022/02/22T07:56:39z: BME280 (0x76)
 0h00:04.786 2022/02/22T07:56:40z: 84:f3:eb:7d:7:a8
 0h00:04.787 2022/02/22T07:56:40z: SSID: MU Open
 0h00:04.793 2022/02/22T07:56:40z: AP_STAR tmr
 ets Jan  8 2013,rst cause:4, boot mode:(3,7)

wdt reset
load 0x4010f000, len 1384, room 16 
tail 8
chksum 0x2d
csum 0x2d
v8b899c12
~ld


6.01
 0h00:04.800 2022/02/22T08:16:41z: DS3231
 0h00:04.816 2022/02/22T08:16:41z: BME280 (0x76)
 0h00:04.830 2022/02/22T08:16:41z: 84:f3:eb:7d:7:a8
 0h00:04.832 2022/02/22T08:16:42z: SSID: MU Open
 0h00:04.837 2022/02/22T08:16:42z: AP_STAR tmr
 ets Jan  8 2013,rst cause:4, boot mode:(3,7)

wdt reset
load 0x4010f000, len 1384, room 16 
tail 8
chksum 0x2d
csum 0x2d
v8b899c12
~ld


6.01
 0h00:04.923 2022/02/22T08:36:43z: DS3231
 0h00:04.938 2022/02/22T08:36:43z: BME280 (0x76)
 0h00:04.953 2022/02/22T08:36:43z: 84:f3:eb:7d:7:a8
 0h00:04.954 2022/02/22T08:36:43z: SSID: MU Open
 0h00:04.959 2022/02/22T08:36:43z: AP_STAR tmr
 ets Jan  8 2013,rst cause:4, boot mode:(3,7)

wdt reset
load 0x4010f000, len 1384, room 16 
tail 8
chksum 0x2d
csum 0x2d
v8b899c12
~ld


6.01
 0h00:04.508 2022/02/22T08:56:45z: DS3231
 0h00:04.524 2022/02/22T08:56:45z: BME280 (0x76)
 0h00:04.538 2022/02/22T08:56:45z: 84:f3:eb:7d:7:a8
 0h00:04.540 2022/02/22T08:56:45z: SSID: MU Open
 0h00:04.545 2022/02/22T08:56:45z: AP_STAR tmr
 ets Jan  8 2013,rst cause:4, boot mode:(3,7)

wdt reset
load 0x4010f000, len 1384, room 16 
tail 8
chksum 0x2d
csum 0x2d
v8b899c12
~ld


6.01
 0h00:04.749 2022/02/22T09:16:46z: DS3231
 0h00:04.764 2022/02/22T09:16:46z: BME280 (0x76)
 0h00:04.778 2022/02/22T09:16:46z: 84:f3:eb:7d:7:a8
 0h00:04.780 2022/02/22T09:16:46z: SSID: MU Open
 0h00:04.785 2022/02/22T09:16:46z: AP_STAR tmr
 ets Jan  8 2013,rst cause:4, boot mode:(3,7)

wdt reset
load 0x4010f000, len 1384, room 16 
tail 8
chksum 0x2d
csum 0x2d
v8b899c12
~ld


6.01
 0h00:04.774 2022/02/22T09:36:48z: DS3231
 0h00:04.790 2022/02/22T09:36:48z: BME280 (0x76)
 0h00:04.804 2022/02/22T09:36:48z: 84:f3:eb:7d:7:a8
 0h00:04.805 2022/02/22T09:36:48z: SSID: MU Open
 0h00:04.811 2022/02/22T09:36:48z: AP_STAR tmr
 ets Jan  8 2013,rst cause:4, boot mode:(3,7)

wdt reset
load 0x4010f000, len 1384, room 16 
tail 8
chksum 0x2d
csum 0x2d
v8b899c12
~ld


6.01
 0h00:04.571 2022/02/22T09:56:49z: DS3231
 0h00:04.587 2022/02/22T09:56:49z: BME280 (0x76)
 0h00:04.601 2022/02/22T09:56:49z: 84:f3:eb:7d:7:a8
 0h00:04.603 2022/02/22T09:56:49z: SSID: MU Open
 0h00:04.608 2022/02/22T09:56:49z: AP_STAR tmr
 ets Jan  8 2013,rst cause:4, boot mode:(3,7)

wdt reset
load 0x4010f000, len 1384, room 16 
tail 8
chksum 0x2d
csum 0x2d
v8b899c12
~ld


6.01
 0h00:04.538 2022/02/22T10:16:51z: DS3231
 0h00:04.553 2022/02/22T10:16:51z: BME280 (0x76)
 0h00:04.567 2022/02/22T10:16:51z: 84:f3:eb:7d:7:a8
 0h00:04.569 2022/02/22T10:16:51z: SSID: MU Open
 0h00:04.574 2022/02/22T10:16:51z: AP_STAR tmr
 ets Jan  8 2013,rst cause:4, boot mode:(3,7)

wdt reset
load 0x4010f000, len 1384, room 16 
tail 8
chksum 0x2d
csum 0x2d
v8b899c12
~ld


6.01
 0h00:04.779 2022/02/22T10:36:52z: DS3231
 0h00:04.794 2022/02/22T10:36:52z: BME280 (0x76)
 0h00:04.808 2022/02/22T10:36:52z: 84:f3:eb:7d:7:a8
 0h00:04.810 2022/02/22T10:36:52z: SSID: MU Open
 0h00:04.815 2022/02/22T10:36:52z: AP_STAR tmr
 ets Jan  8 2013,rst cause:4, boot mode:(3,7)

wdt reset
load 0x4010f000, len 1384, room 16 
tail 8
chksum 0x2d
csum 0x2d
v8b899c12
~ld


6.01
 0h00:04.826 2022/02/22T10:56:54z: DS3231
 0h00:04.841 2022/02/22T10:56:54z: BME280 (0x76)
 0h00:04.855 2022/02/22T10:56:54z: 84:f3:eb:7d:7:a8
 0h00:04.857 2022/02/22T10:56:54z: SSID: MU Open
 0h00:04.862 2022/02/22T10:56:54z: AP_STAR tmr
 ets Jan  8 2013,rst cause:4, boot mode:(3,7)

wdt reset
load 0x4010f000, len 1384, room 16 
tail 8
chksum 0x2d
csum 0x2d
v8b899c12
~ld


6.01
 0h00:04.881 2022/02/22T11:16:57z: DS3231
 0h00:04.896 2022/02/22T11:16:57z: BME280 (0x76)
 0h00:04.911 2022/02/22T11:16:57z: 84:f3:eb:7d:7:a8
 0h00:04.912 2022/02/22T11:16:57z: SSID: MU Open
 0h00:04.918 2022/02/22T11:16:57z: AP_STAR tmr
 ets Jan  8 2013,rst cause:4, boot mode:(3,7)

wdt reset
load 0x4010f000, len 1384, room 16 
tail 8
chksum 0x2d
csum 0x2d
v8b899c12
~ld


6.01
 0h00:04.890 2022/02/22T11:36:58z: DS3231
 0h00:04.905 2022/02/22T11:36:59z: BME280 (0x76)
 0h00:04.919 2022/02/22T11:36:59z: 84:f3:eb:7d:7:a8
 0h00:04.921 2022/02/22T11:36:59z: SSID: MU Open
 0h00:04.926 2022/02/22T11:36:59z: AP_STAR tmr
 ets Jan  8 2013,rst cause:4, boot mode:(3,7)

wdt reset
load 0x4010f000, len 1384, room 16 
tail 8
chksum 0x2d
csum 0x2d
v8b899c12
~ld


6.01
 0h00:04.900 2022/02/22T11:57:01z: DS3231
 0h00:04.916 2022/02/22T11:57:01z: BME280 (0x76)
 0h00:04.930 2022/02/22T11:57:01z: 84:f3:eb:7d:7:a8
 0h00:04.931 2022/02/22T11:57:01z: SSID: MU Open
 0h00:04.937 2022/02/22T11:57:01z: AP_STAR tmr
 ets Jan  8 2013,rst cause:4, boot mode:(3,7)

wdt reset
load 0x4010f000, len 1384, room 16 
tail 8
chksum 0x2d
csum 0x2d
v8b899c12
~ld


6.01
 0h00:04.885 2022/02/22T12:17:03z: DS3231
 0h00:04.900 2022/02/22T12:17:03z: BME280 (0x76)
 0h00:04.915 2022/02/22T12:17:03z: 84:f3:eb:7d:7:a8
 0h00:04.916 2022/02/22T12:17:03z: SSID: MU Open
 0h00:04.921 2022/02/22T12:17:03z: AP_STAR tmr
 ets Jan  8 2013,rst cause:4, boot mode:(3,7)

wdt reset
load 0x4010f000, len 1384, room 16 
tail 8
chksum 0x2d
csum 0x2d
v8b899c12
~ld


6.01
 0h00:04.835 2022/02/22T12:37:04z: DS3231
 0h00:04.850 2022/02/22T12:37:04z: BME280 (0x76)
 0h00:04.865 2022/02/22T12:37:04z: 84:f3:eb:7d:7:a8
 0h00:04.866 2022/02/22T12:37:04z: SSID: MU Open
 0h00:04.871 2022/02/22T12:37:04z: AP_STAR tmr
 ets Jan  8 2013,rst cause:4, boot mode:(3,7)

wdt reset
load 0x4010f000, len 1384, room 16 
tail 8
chksum 0x2d
csum 0x2d
v8b899c12
~ld


6.01
 0h00:04.940 2022/02/22T12:57:06z: DS3231
 0h00:04.955 2022/02/22T12:57:06z: BME280 (0x76)
 0h00:04.969 2022/02/22T12:57:06z: 84:f3:eb:7d:7:a8
 0h00:04.971 2022/02/22T12:57:06z: SSID: MU Open
 0h00:04.976 2022/02/22T12:57:06z: AP_STAR tmr
 ets Jan  8 2013,rst cause:4, boot mode:(3,7)

wdt reset
load 0x4010f000, len 1384, room 16 
tail 8
chksum 0x2d
csum 0x2d
v8b899c12
~ld


6.01
 0h00:04.869 2022/02/22T13:17:09z: DS3231
 0h00:04.885 2022/02/22T13:17:09z: BME280 (0x76)
 0h00:04.899 2022/02/22T13:17:09z: 84:f3:eb:7d:7:a8
 0h00:04.901 2022/02/22T13:17:09z: SSID: MU Open
 0h00:04.906 2022/02/22T13:17:09z: AP_STAR tmr
 ets Jan  8 2013,rst cause:4, boot mode:(3,7)

wdt reset
load 0x4010f000, len 1384, room 16 
tail 8
chksum 0x2d
csum 0x2d
v8b899c12
~ld


6.01
 0h00:04.835 2022/02/22T13:37:11z: DS3231
 0h00:04.851 2022/02/22T13:37:11z: BME280 (0x76)
 0h00:04.865 2022/02/22T13:37:11z: 84:f3:eb:7d:7:a8
 0h00:04.866 2022/02/22T13:37:11z: SSID: MU Open
 0h00:04.872 2022/02/22T13:37:11z: AP_STAR tmr
 ets Jan  8 2013,rst cause:4, boot mode:(3,7)

wdt reset
load 0x4010f000, len 1384, room 16 
tail 8
chksum 0x2d
csum 0x2d
v8b899c12
~ld


6.01
 0h00:04.538 2022/02/22T13:57:12z: DS3231
 0h00:04.553 2022/02/22T13:57:12z: BME280 (0x76)
 0h00:04.567 2022/02/22T13:57:12z: 84:f3:eb:7d:7:a8
 0h00:04.569 2022/02/22T13:57:12z: SSID: MU Open
 0h00:04.574 2022/02/22T13:57:12z: AP_STAR tmr
 ets Jan  8 2013,rst cause:4, boot mode:(3,7)

wdt reset
load 0x4010f000, len 1384, room 16 
tail 8
chksum 0x2d
csum 0x2d
v8b899c12
~ld


6.01
 0h00:04.597 2022/02/22T14:17:14z: DS3231
 0h00:04.612 2022/02/22T14:17:14z: BME280 (0x76)
 0h00:04.626 2022/02/22T14:17:14z: 84:f3:eb:7d:7:a8
 0h00:04.628 2022/02/22T14:17:14z: SSID: MU Open
 0h00:04.633 2022/02/22T14:17:14z: AP_STAR tmr
 ets Jan  8 2013,rst cause:4, boot mode:(3,7)

wdt reset
load 0x4010f000, len 1384, room 16 
tail 8
chksum 0x2d
csum 0x2d
v8b899c12
~ld


6.01
 0h00:04.761 2022/02/22T14:37:16z: DS3231
 0h00:04.776 2022/02/22T14:37:16z: BME280 (0x76)
 0h00:04.790 2022/02/22T14:37:16z: 84:f3:eb:7d:7:a8
 0h00:04.792 2022/02/22T14:37:16z: SSID: MU Open
 0h00:04.797 2022/02/22T14:37:16z: AP_STAR tmr
 ets Jan  8 2013,rst cause:4, boot mode:(3,7)

wdt reset
load 0x4010f000, len 1384, room 16 
tail 8
chksum 0x2d
csum 0x2d
v8b899c12
~ld


6.01
 0h00:04.795 2022/02/22T14:57:18z: DS3231
 0h00:04.811 2022/02/22T14:57:18z: BME280 (0x76)
 0h00:04.825 2022/02/22T14:57:18z: 84:f3:eb:7d:7:a8
 0h00:04.827 2022/02/22T14:57:18z: SSID: MU Open
 0h00:04.832 2022/02/22T14:57:18z: AP_STAR tmr
 ets Jan  8 2013,rst cause:4, boot mode:(3,7)

wdt reset
load 0x4010f000, len 1384, room 16 
tail 8
chksum 0x2d
csum 0x2d
v8b899c12
~ld


6.01
 0h00:04.558 2022/02/22T15:17:19z: DS3231
 0h00:04.573 2022/02/22T15:17:20z: BME280 (0x76)
 0h00:04.587 2022/02/22T15:17:20z: 84:f3:eb:7d:7:a8
 0h00:04.589 2022/02/22T15:17:20z: SSID: MU Open
 0h00:04.594 2022/02/22T15:17:20z: AP_STAR tmr
 ets Jan  8 2013,rst cause:4, boot mode:(3,7)

wdt reset
load 0x4010f000, len 1384, room 16 
tail 8
chksum 0x2d
csum 0x2d
v8b899c12
~ld


6.01
 0h00:04.749 2022/02/22T15:37:21z: DS3231
 0h00:04.764 2022/02/22T15:37:21z: BME280 (0x76)
 0h00:04.778 2022/02/22T15:37:21z: 84:f3:eb:7d:7:a8
 0h00:04.780 2022/02/22T15:37:21z: SSID: MU Open
 0h00:04.785 2022/02/22T15:37:21z: AP_STAR tmr
 ets Jan  8 2013,rst cause:4, boot mode:(3,7)

wdt reset
load 0x4010f000, len 1384, room 16 
tail 8
chksum 0x2d
csum 0x2d
v8b899c12
~ld


6.01
 0h00:04.832 2022/02/22T15:57:23z: DS3231
 0h00:04.848 2022/02/22T15:57:23z: BME280 (0x76)
 0h00:04.862 2022/02/22T15:57:23z: 84:f3:eb:7d:7:a8
 0h00:04.864 2022/02/22T15:57:23z: SSID: MU Open
 0h00:04.869 2022/02/22T15:57:23z: AP_STAR tmr
 ets Jan  8 2013,rst cause:4, boot mode:(3,7)

wdt reset
load 0x4010f000, len 1384, room 16 
tail 8
chksum 0x2d
csum 0x2d
v8b899c12
~ld


6.01
 0h00:04.854 2022/02/22T16:17:25z: DS3231
 0h00:04.870 2022/02/22T16:17:25z: BME280 (0x76)
 0h00:04.884 2022/02/22T16:17:25z: 84:f3:eb:7d:7:a8
 0h00:04.886 2022/02/22T16:17:25z: SSID: MU Open
 0h00:04.891 2022/02/22T16:17:25z: AP_STAR tmr
 ets Jan  8 2013,rst cause:4, boot mode:(3,7)

wdt reset
load 0x4010f000, len 1384, room 16 
tail 8
chksum 0x2d
csum 0x2d
v8b899c12
~ld


6.01
 0h00:04.595 2022/02/22T16:37:27z: DS3231
 0h00:04.610 2022/02/22T16:37:27z: BME280 (0x76)
 0h00:04.624 2022/02/22T16:37:27z: 84:f3:eb:7d:7:a8
 0h00:04.626 2022/02/22T16:37:27z: SSID: MU Open
 0h00:04.631 2022/02/22T16:37:27z: AP_STAR tmr
 ets Jan  8 2013,rst cause:4, boot mode:(3,7)

wdt reset
load 0x4010f000, len 1384, room 16 
tail 8
chksum 0x2d
csum 0x2d
v8b899c12
~ld


6.01
 0h00:04.764 2022/02/22T16:57:28z: DS3231
 0h00:04.779 2022/02/22T16:57:28z: BME280 (0x76)
 0h00:04.794 2022/02/22T16:57:28z: 84:f3:eb:7d:7:a8
 0h00:04.795 2022/02/22T16:57:28z: SSID: MU Open
 0h00:04.801 2022/02/22T16:57:28z: AP_STAR tmr
 ets Jan  8 2013,rst cause:4, boot mode:(3,7)

wdt reset
load 0x4010f000, len 1384, room 16 
tail 8
chksum 0x2d
csum 0x2d
v8b899c12
~ld


6.01
 0h00:04.840 2022/02/22T17:17:30z: DS3231
 0h00:04.855 2022/02/22T17:17:30z: BME280 (0x76)
 0h00:04.869 2022/02/22T17:17:30z: 84:f3:eb:7d:7:a8
 0h00:04.871 2022/02/22T17:17:30z: SSID: MU Open
 0h00:04.876 2022/02/22T17:17:30z: AP_STAR tmr
 ets Jan  8 2013,rst cause:4, boot mode:(3,7)

wdt reset
load 0x4010f000, len 1384, room 16 
tail 8
chksum 0x2d
csum 0x2d
v8b899c12
~ld


6.01
 0h00:04.874 2022/02/22T17:37:32z: DS3231
 0h00:04.889 2022/02/22T17:37:32z: BME280 (0x76)
 0h00:04.904 2022/02/22T17:37:32z: 84:f3:eb:7d:7:a8
 0h00:04.905 2022/02/22T17:37:32z: SSID: MU Open
 0h00:04.910 2022/02/22T17:37:32z: AP_STAR tmr
 ets Jan  8 2013,rst cause:4, boot mode:(3,7)

wdt reset
load 0x4010f000, len 1384, room 16 
tail 8
chksum 0x2d
csum 0x2d
v8b899c12
~ld


6.01
 0h00:04.599 2022/02/22T17:57:34z: DS3231
 0h00:04.614 2022/02/22T17:57:34z: BME280 (0x76)
 0h00:04.628 2022/02/22T17:57:34z: 84:f3:eb:7d:7:a8
 0h00:04.630 2022/02/22T17:57:34z: SSID: MU Open
 0h00:04.635 2022/02/22T17:57:34z: AP_STAR tmr
 ets Jan  8 2013,rst cause:4, boot mode:(3,7)

wdt reset
load 0x4010f000, len 1384, room 16 
tail 8
chksum 0x2d
csum 0x2d
v8b899c12
~ld


6.01
 0h00:04.858 2022/02/22T18:17:35z: DS3231
 0h00:04.874 2022/02/22T18:17:35z: BME280 (0x76)
 0h00:04.888 2022/02/22T18:17:35z: 84:f3:eb:7d:7:a8
 0h00:04.889 2022/02/22T18:17:35z: SSID: MU Open
 0h00:04.895 2022/02/22T18:17:35z: AP_STAR tmr
 ets Jan  8 2013,rst cause:4, boot mode:(3,7)

wdt reset
load 0x4010f000, len 1384, room 16 
tail 8
chksum 0x2d
csum 0x2d
v8b899c12
~ld


6.01
 0h00:04.617 2022/02/22T18:37:37z: DS3231
 0h00:04.632 2022/02/22T18:37:37z: BME280 (0x76)
 0h00:04.646 2022/02/22T18:37:37z: 84:f3:eb:7d:7:a8
 0h00:04.648 2022/02/22T18:37:37z: SSID: MU Open
 0h00:04.653 2022/02/22T18:37:37z: AP_STAR tmr
 ets Jan  8 2013,rst cause:4, boot mode:(3,7)

wdt reset
load 0x4010f000, len 1384, room 16 
tail 8
chksum 0x2d
csum 0x2d
v8b899c12
~ld


6.01
 0h00:04.866 2022/02/22T18:57:39z: DS3231
 0h00:04.881 2022/02/22T18:57:39z: BME280 (0x76)
 0h00:04.895 2022/02/22T18:57:39z: 84:f3:eb:7d:7:a8
 0h00:04.897 2022/02/22T18:57:39z: SSID: MU Open
 0h00:04.902 2022/02/22T18:57:39z: AP_STAR tmr
 ets Jan  8 2013,rst cause:4, boot mode:(3,7)

wdt reset
load 0x4010f000, len 1384, room 16 
tail 8
chksum 0x2d
csum 0x2d
v8b899c12
~ld


6.01
 0h00:04.809 2022/02/22T19:17:40z: DS3231
 0h00:04.824 2022/02/22T19:17:40z: BME280 (0x76)
 0h00:04.839 2022/02/22T19:17:40z: 84:f3:eb:7d:7:a8
 0h00:04.840 2022/02/22T19:17:40z: SSID: MU Open
 0h00:04.845 2022/02/22T19:17:40z: AP_STAR tmr
 ets Jan  8 2013,rst cause:4, boot mode:(3,7)

wdt reset
load 0x4010f000, len 1384, room 16 
tail 8
chksum 0x2d
csum 0x2d
v8b899c12
~ld


6.01
 0h00:04.753 2022/02/22T19:37:42z: DS3231
 0h00:04.768 2022/02/22T19:37:42z: BME280 (0x76)
 0h00:04.782 2022/02/22T19:37:42z: 84:f3:eb:7d:7:a8
 0h00:04.784 2022/02/22T19:37:42z: SSID: MU Open
 0h00:04.789 2022/02/22T19:37:42z: AP_STAR tmr
 ets Jan  8 2013,rst cause:4, boot mode:(3,7)

wdt reset
load 0x4010f000, len 1384, room 16 
tail 8
chksum 0x2d
csum 0x2d
v8b899c12
~ld


6.01
 0h00:04.818 2022/02/22T19:57:43z: DS3231
 0h00:04.833 2022/02/22T19:57:43z: BME280 (0x76)
 0h00:04.847 2022/02/22T19:57:43z: 84:f3:eb:7d:7:a8
 0h00:04.849 2022/02/22T19:57:43z: SSID: MU Open
 0h00:04.854 2022/02/22T19:57:43z: AP_STAR tmr
 ets Jan  8 2013,rst cause:4, boot mode:(3,7)

wdt reset
load 0x4010f000, len 1384, room 16 
tail 8
chksum 0x2d
csum 0x2d
v8b899c12
~ld


6.01
 0h00:04.804 2022/02/22T20:17:45z: DS3231
 0h00:04.820 2022/02/22T20:17:45z: BME280 (0x76)
 0h00:04.834 2022/02/22T20:17:45z: 84:f3:eb:7d:7:a8
 0h00:04.836 2022/02/22T20:17:45z: SSID: MU Open
 0h00:04.841 2022/02/22T20:17:45z: AP_STAR tmr
 ets Jan  8 2013,rst cause:4, boot mode:(3,7)

wdt reset
load 0x4010f000, len 1384, room 16 
tail 8
chksum 0x2d
csum 0x2d
v8b899c12
~ld


6.01
 0h00:04.735 2022/02/22T20:37:47z: DS3231
 0h00:04.750 2022/02/22T20:37:47z: BME280 (0x76)
 0h00:04.764 2022/02/22T20:37:47z: 84:f3:eb:7d:7:a8
 0h00:04.766 2022/02/22T20:37:47z: SSID: MU Open
 0h00:04.771 2022/02/22T20:37:47z: AP_STAR tmr
 ets Jan  8 2013,rst cause:4, boot mode:(3,7)

wdt reset
load 0x4010f000, len 1384, room 16 
tail 8
chksum 0x2d
csum 0x2d
v8b899c12
~ld


6.01
 0h00:04.699 2022/02/22T20:57:49z: DS3231
 0h00:04.714 2022/02/22T20:57:49z: BME280 (0x76)
 0h00:04.729 2022/02/22T20:57:49z: 84:f3:eb:7d:7:a8
 0h00:04.730 2022/02/22T20:57:49z: SSID: MU Open
 0h00:04.735 2022/02/22T20:57:49z: AP_STAR tmr
 ets Jan  8 2013,rst cause:4, boot mode:(3,7)

wdt reset
load 0x4010f000, len 1384, room 16 
tail 8
chksum 0x2d
csum 0x2d
v8b899c12
~ld


6.01
 0h00:04.764 2022/02/22T21:17:49z: DS3231
 0h00:04.779 2022/02/22T21:17:49z: BME280 (0x76)
 0h00:04.793 2022/02/22T21:17:49z: 84:f3:eb:7d:7:a8
 0h00:04.795 2022/02/22T21:17:49z: SSID: MU Open
 0h00:04.800 2022/02/22T21:17:49z: AP_STAR tmr
 ets Jan  8 2013,rst cause:4, boot mode:(3,7)

wdt reset
load 0x4010f000, len 1384, room 16 
tail 8
chksum 0x2d
csum 0x2d
v8b899c12
~ld


6.01
 0h00:04.661 2022/02/22T21:37:51z: DS3231
 0h00:04.676 2022/02/22T21:37:51z: BME280 (0x76)
 0h00:04.690 2022/02/22T21:37:51z: 84:f3:eb:7d:7:a8
 0h00:04.692 2022/02/22T21:37:51z: SSID: MU Open
 0h00:04.697 2022/02/22T21:37:51z: AP_STAR tmr
 ets Jan  8 2013,rst cause:4, boot mode:(3,7)

wdt reset
load 0x4010f000, len 1384, room 16 
tail 8
chksum 0x2d
csum 0x2d
v8b899c12
~ld


6.01
 0h00:04.768 2022/02/22T21:57:52z: DS3231
 0h00:04.783 2022/02/22T21:57:52z: BME280 (0x76)
 0h00:04.797 2022/02/22T21:57:52z: 84:f3:eb:7d:7:a8
 0h00:04.799 2022/02/22T21:57:52z: SSID: MU Open
 0h00:04.804 2022/02/22T21:57:52z: AP_STAR tmr
 ets Jan  8 2013,rst cause:4, boot mode:(3,7)

wdt reset
load 0x4010f000, len 1384, room 16 
tail 8
chksum 0x2d
csum 0x2d
v8b899c12
~ld


6.01
 0h00:04.822 2022/02/22T22:17:55z: DS3231
 0h00:04.837 2022/02/22T22:17:55z: BME280 (0x76)
 0h00:04.852 2022/02/22T22:17:55z: 84:f3:eb:7d:7:a8
 0h00:04.853 2022/02/22T22:17:55z: SSID: MU Open
 0h00:04.859 2022/02/22T22:17:55z: AP_STAR tmr
 ets Jan  8 2013,rst cause:4, boot mode:(3,7)

wdt reset
load 0x4010f000, len 1384, room 16 
tail 8
chksum 0x2d
csum 0x2d
v8b899c12
~ld


6.01
 0h00:04.585 2022/02/22T22:37:56z: DS3231
 0h00:04.600 2022/02/22T22:37:56z: BME280 (0x76)
 0h00:04.614 2022/02/22T22:37:56z: 84:f3:eb:7d:7:a8
 0h00:04.616 2022/02/22T22:37:56z: SSID: MU Open
 0h00:04.621 2022/02/22T22:37:56z: AP_STAR tmr
 ets Jan  8 2013,rst cause:4, boot mode:(3,7)

wdt reset
load 0x4010f000, len 1384, room 16 
tail 8
chksum 0x2d
csum 0x2d
v8b899c12
~ld


6.01
 0h00:04.853 2022/02/22T22:57:58z: DS3231
 0h00:04.868 2022/02/22T22:57:58z: BME280 (0x76)
 0h00:04.882 2022/02/22T22:57:58z: 84:f3:eb:7d:7:a8
 0h00:04.884 2022/02/22T22:57:58z: SSID: MU Open
 0h00:04.889 2022/02/22T22:57:58z: AP_STAR tmr
 ets Jan  8 2013,rst cause:4, boot mode:(3,7)

wdt reset
load 0x4010f000, len 1384, room 16 
tail 8
chksum 0x2d
csum 0x2d
v8b899c12
~ld


6.01
 0h00:04.488 2022/02/22T23:18:00z: DS3231
 0h00:04.503 2022/02/22T23:18:00z: BME280 (0x76)
 0h00:04.517 2022/02/22T23:18:00z: 84:f3:eb:7d:7:a8
 0h00:04.519 2022/02/22T23:18:00z: SSID: MU Open
 0h00:04.524 2022/02/22T23:18:00z: AP_STAR tmr
 ets Jan  8 2013,rst cause:4, boot mode:(3,7)

wdt reset
load 0x4010f000, len 1384, room 16 
tail 8
chksum 0x2d
csum 0x2d
v8b899c12
~ld


6.01
 0h00:04.984 2022/02/22T23:38:02z: DS3231
 0h00:04.999 2022/02/22T23:38:02z: BME280 (0x76)
 0h00:05.013 2022/02/22T23:38:02z: 84:f3:eb:7d:7:a8
 0h00:05.015 2022/02/22T23:38:02z: SSID: MU Open
 0h00:05.020 2022/02/22T23:38:02z: AP_STAR tmr
 ets Jan  8 2013,rst cause:4, boot mode:(3,7)

wdt reset
load 0x4010f000, len 1384, room 16 
tail 8
chksum 0x2d
csum 0x2d
v8b899c12
~ld


6.01
 0h00:05.073 2022/02/22T23:58:04z: DS3231
 0h00:05.089 2022/02/22T23:58:04z: BME280 (0x76)
 0h00:05.103 2022/02/22T23:58:04z: 84:f3:eb:7d:7:a8
 0h00:05.104 2022/02/22T23:58:04z: SSID: MU Open
 0h00:05.110 2022/02/22T23:58:04z: AP_STA