R tmr
 ets Jan  8 2013,rst cause:4, boot mode:(3,7)

wdt reset
load 0x4010f000, len 1384, room 16 
tail 8
chksum 0x2d
csum 0x2d
v8b899c12
~ld


6.01
 0h00:04.801 2022/02/14T00:18:53z: DS3231
 0h00:04.816 2022/02/14T00:18:53z: BME280 (0x76)
 0h00:04.831 2022/02/14T00:18:53z: 84:f3:eb:7d:7:a8
 0h00:04.832 2022/02/14T00:18:53z: SSID: MU Open
 0h00:04.837 2022/02/14T00:18:53z: AP_STAR tmr
 ets Jan  8 2013,rst cause:4, boot mode:(3,7)

wdt reset
load 0x4010f000, len 1384, room 16 
tail 8
chksum 0x2d
csum 0x2d
v8b899c12
~ld


6.01
 0h00:05.015 2022/02/14T00:38:55z: DS3231
 0h00:05.030 2022/02/14T00:38:55z: BME280 (0x76)
 0h00:05.045 2022/02/14T00:38:55z: 84:f3:eb:7d:7:a8
 0h00:05.046 2022/02/14T00:38:55z: SSID: MU Open
 0h00:05.051 2022/02/14T00:38:55z: AP_STAR tmr
 ets Jan  8 2013,rst cause:4, boot mode:(3,7)

wdt reset
load 0x4010f000, len 1384, room 16 
tail 8
chksum 0x2d
csum 0x2d
v8b899c12
~ld


6.01
 0h00:05.088 2022/02/14T00:58:57z: DS3231
 0h00:05.103 2022/02/14T00:58:57z: BME280 (0x76)
 0h00:05.117 2022/02/14T00:58:57z: 84:f3:eb:7d:7:a8
 0h00:05.119 2022/02/14T00:58:57z: SSID: MU Open
 0h00:05.124 2022/02/14T00:58:57z: AP_STAR tmr
 ets Jan  8 2013,rst cause:4, boot mode:(3,7)

wdt reset
load 0x4010f000, len 1384, room 16 
tail 8
chksum 0x2d
csum 0x2d
v8b899c12
~ld


6.01
 0h00:05.056 2022/02/14T01:18:59z: DS3231
 0h00:05.071 2022/02/14T01:18:59z: BME280 (0x76)
 0h00:05.085 2022/02/14T01:18:59z: 84:f3:eb:7d:7:a8
 0h00:05.087 2022/02/14T01:18:59z: SSID: MU Open
 0h00:05.092 2022/02/14T01:18:59z: AP_STAR tmr
 ets Jan  8 2013,rst cause:4, boot mode:(3,7)

wdt reset
load 0x4010f000, len 1384, room 16 
tail 8
chksum 0x2d
csum 0x2d
v8b899c12
~ld


6.01
 0h00:04.970 2022/02/14T01:39:01z: DS3231
 0h00:04.985 2022/02/14T01:39:01z: BME280 (0x76)
 0h00:04.999 2022/02/14T01:39:01z: 84:f3:eb:7d:7:a8
 0h00:05.001 2022/02/14T01:39:01z: SSID: MU Open
 0h00:05.006 2022/02/14T01:39:01z: AP_STAR tmr
 ets Jan  8 2013,rst cause:4, boot mode:(3,7)

wdt reset
load 0x4010f000, len 1384, room 16 
tail 8
chksum 0x2d
csum 0x2d
v8b899c12
~ld


6.01
 0h00:04.908 2022/02/14T01:59:02z: DS3231
 0h00:04.924 2022/02/14T01:59:02z: BME280 (0x76)
 0h00:04.938 2022/02/14T01:59:02z: 84:f3:eb:7d:7:a8
 0h00:04.939 2022/02/14T01:59:02z: SSID: MU Open
 0h00:04.945 2022/02/14T01:59:02z: AP_STAR tmr
 ets Jan  8 2013,rst cause:4, boot mode:(3,7)

wdt reset
load 0x4010f000, len 1384, room 16 
tail 8
chksum 0x2d
csum 0x2d
v8b899c12
~ld


6.01
 0h00:04.787 2022/02/14T02:19:04z: DS3231
 0h00:04.802 2022/02/14T02:19:04z: BME280 (0x76)
 0h00:04.816 2022/02/14T02:19:04z: 84:f3:eb:7d:7:a8
 0h00:04.818 2022/02/14T02:19:04z: SSID: MU Open
 0h00:04.823 2022/02/14T02:19:04z: AP_STAR tmr
 ets Jan  8 2013,rst cause:4, boot mode:(3,7)

wdt reset
load 0x4010f000, len 1384, room 16 
tail 8
chksum 0x2d
csum 0x2d
v8b899c12
~ld


6.01
 0h00:04.802 2022/02/14T02:39:05z: DS3231
 0h00:04.817 2022/02/14T02:39:05z: BME280 (0x76)
 0h00:04.832 2022/02/14T02:39:05z: 84:f3:eb:7d:7:a8
 0h00:04.833 2022/02/14T02:39:05z: SSID: MU Open
 0h00:04.838 2022/02/14T02:39:05z: AP_STAR tmr
 ets Jan  8 2013,rst cause:4, boot mode:(3,7)

wdt reset
load 0x4010f000, len 1384, room 16 
tail 8
chksum 0x2d
csum 0x2d
v8b899c12
~ld


6.01
 0h00:04.570 2022/02/14T02:59:07z: DS3231
 0h00:04.586 2022/02/14T02:59:07z: BME280 (0x76)
 0h00:04.600 2022/02/14T02:59:07z: 84:f3:eb:7d:7:a8
 0h00:04.601 2022/02/14T02:59:07z: SSID: MU Open
 0h00:04.607 2022/02/14T02:59:07z: AP_STAR tmr
 ets Jan  8 2013,rst cause:4, boot mode:(3,7)

wdt reset
load 0x4010f000, len 1384, room 16 
tail 8
chksum 0x2d
csum 0x2d
v8b899c12
~ld


6.01
 0h00:04.899 2022/02/14T03:19:09z: DS3231
 0h00:04.914 2022/02/14T03:19:09z: BME280 (0x76)
 0h00:04.928 2022/02/14T03:19:09z: 84:f3:eb:7d:7:a8
 0h00:04.930 2022/02/14T03:19:09z: SSID: MU Open
 0h00:04.935 2022/02/14T03:19:09z: AP_STAR tmr
 ets Jan  8 2013,rst cause:4, boot mode:(3,7)

wdt reset
load 0x4010f000, len 1384, room 16 
tail 8
chksum 0x2d
csum 0x2d
v8b899c12
~ld


6.01
 0h00:04.771 2022/02/14T03:39:10z: DS3231
 0h00:04.787 2022/02/14T03:39:10z: BME280 (0x76)
 0h00:04.801 2022/02/14T03:39:10z: 84:f3:eb:7d:7:a8
 0h00:04.803 2022/02/14T03:39:10z: SSID: MU Open
 0h00:04.808 2022/02/14T03:39:10z: AP_STAR tmr
 ets Jan  8 2013,rst cause:4, boot mode:(3,7)

wdt reset
load 0x4010f000, len 1384, room 16 
tail 8
chksum 0x2d
csum 0x2d
v8b899c12
~ld


6.01
 0h00:04.798 2022/02/14T03:59:11z: DS3231
 0h00:04.814 2022/02/14T03:59:11z: BME280 (0x76)
 0h00:04.828 2022/02/14T03:59:11z: 84:f3:eb:7d:7:a8
 0h00:04.830 2022/02/14T03:59:11z: SSID: MU Open
 0h00:04.835 2022/02/14T03:59:11z: AP_STAR tmr
 ets Jan  8 2013,rst cause:4, boot mode:(3,7)

wdt reset
load 0x4010f000, len 1384, room 16 
tail 8
chksum 0x2d
csum 0x2d
v8b899c12
~ld


6.01
 0h00:04.900 2022/02/14T04:19:13z: DS3231
 0h00:04.915 2022/02/14T04:19:13z: BME280 (0x76)
 0h00:04.930 2022/02/14T04:19:13z: 84:f3:eb:7d:7:a8
 0h00:04.931 2022/02/14T04:19:13z: SSID: MU Open
 0h00:04.936 2022/02/14T04:19:13z: AP_STAR tmr
 ets Jan  8 2013,rst cause:4, boot mode:(3,7)

wdt reset
load 0x4010f000, len 1384, room 16 
tail 8
chksum 0x2d
csum 0x2d
v8b899c12
~ld


6.01
 0h00:04.848 2022/02/14T04:39:14z: DS3231
 0h00:04.863 2022/02/14T04:39:14z: BME280 (0x76)
 0h00:04.877 2022/02/14T04:39:14z: 84:f3:eb:7d:7:a8
 0h00:04.879 2022/02/14T04:39:14z: SSID: MU Open
 0h00:04.884 2022/02/14T04:39:14z: AP_STAR tmr
 ets Jan  8 2013,rst cause:4, boot mode:(3,7)

wdt reset
load 0x4010f000, len 1384, room 16 
tail 8
chksum 0x2d
csum 0x2d
v8b899c12
~ld


6.01
 0h00:04.541 2022/02/14T04:59:16z: DS3231
 0h00:04.556 2022/02/14T04:59:16z: BME280 (0x76)
 0h00:04.570 2022/02/14T04:59:16z: 84:f3:eb:7d:7:a8
 0h00:04.572 2022/02/14T04:59:16z: SSID: MU Open
 0h00:04.577 2022/02/14T04:59:16z: AP_STAR tmr
 ets Jan  8 2013,rst cause:4, boot mode:(3,7)

wdt reset
load 0x4010f000, len 1384, room 16 
tail 8
chksum 0x2d
csum 0x2d
v8b899c12
~ld


6.01
 0h00:04.541 2022/02/14T05:19:17z: DS3231
 0h00:04.557 2022/02/14T05:19:18z: BME280 (0x76)
 0h00:04.571 2022/02/14T05:19:18z: 84:f3:eb:7d:7:a8
 0h00:04.572 2022/02/14T05:19:18z: SSID: MU Open
 0h00:04.578 2022/02/14T05:19:18z: AP_STAR tmr
 ets Jan  8 2013,rst cause:4, boot mode:(3,7)

wdt reset
load 0x4010f000, len 1384, room 16 
tail 8
chksum 0x2d
csum 0x2d
v8b899c12
~ld


6.01
 0h00:04.686 2022/02/14T05:39:19z: DS3231
 0h00:04.702 2022/02/14T05:39:19z: BME280 (0x76)
 0h00:04.716 2022/02/14T05:39:19z: 84:f3:eb:7d:7:a8
 0h00:04.717 2022/02/14T05:39:19z: SSID: MU Open
 0h00:04.723 2022/02/14T05:39:19z: AP_STAR tmr
 ets Jan  8 2013,rst cause:4, boot mode:(3,7)

wdt reset
load 0x4010f000, len 1384, room 16 
tail 8
chksum 0x2d
csum 0x2d
v8b899c12
~ld


6.01
 0h00:04.951 2022/02/14T05:59:22z: DS3231
 0h00:04.967 2022/02/14T05:59:22z: BME280 (0x76)
 0h00:04.981 2022/02/14T05:59:22z: 84:f3:eb:7d:7:a8
 0h00:04.982 2022/02/14T05:59:22z: SSID: MU Open
 0h00:04.988 2022/02/14T05:59:22z: AP_STAR tmr
 ets Jan  8 2013,rst cause:4, boot mode:(3,7)

wdt reset
load 0x4010f000, len 1384, room 16 
tail 8
chksum 0x2d
csum 0x2d
v8b899c12
~ld


6.01
 0h00:04.893 2022/02/14T06:19:24z: DS3231
 0h00:04.909 2022/02/14T06:19:24z: BME280 (0x76)
 0h00:04.923 2022/02/14T06:19:24z: 84:f3:eb:7d:7:a8
 0h00:04.924 2022/02/14T06:19:24z: SSID: MU Open
 0h00:04.930 2022/02/14T06:19:24z: AP_STAR tmr
 ets Jan  8 2013,rst cause:4, boot mode:(3,7)

wdt reset
load 0x4010f000, len 1384, room 16 
tail 8
chksum 0x2d
csum 0x2d
v8b899c12
~ld


6.01
 0h00:04.933 2022/02/14T06:39:26z: DS3231
 0h00:04.949 2022/02/14T06:39:26z: BME280 (0x76)
 0h00:04.963 2022/02/14T06:39:26z: 84:f3:eb:7d:7:a8
 0h00:04.965 2022/02/14T06:39:26z: SSID: MU Open
 0h00:04.970 2022/02/14T06:39:26z: AP_STAR tmr
 ets Jan  8 2013,rst cause:4, boot mode:(3,7)

wdt reset
load 0x4010f000, len 1384, room 16 
tail 8
chksum 0x2d
csum 0x2d
v8b899c12
~ld


6.01
 0h00:04.932 2022/02/14T06:59:28z: DS3231
 0h00:04.947 2022/02/14T06:59:28z: BME280 (0x76)
 0h00:04.961 2022/02/14T06:59:28z: 84:f3:eb:7d:7:a8
 0h00:04.963 2022/02/14T06:59:28z: SSID: MU Open
 0h00:04.968 2022/02/14T06:59:28z: AP_STAR tmr
 ets Jan  8 2013,rst cause:4, boot mode:(3,7)

wdt reset
load 0x4010f000, len 1384, room 16 
tail 8
chksum 0x2d
csum 0x2d
v8b899c12
~ld


6.01
 0h00:05.003 2022/02/14T07:19:29z: DS3231
 0h00:05.018 2022/02/14T07:19:29z: BME280 (0x76)
 0h00:05.033 2022/02/14T07:19:29z: 84:f3:eb:7d:7:a8
 0h00:05.034 2022/02/14T07:19:29z: SSID: MU Open
 0h00:05.039 2022/02/14T07:19:29z: AP_STAR tmr
 ets Jan  8 2013,rst cause:4, boot mode:(3,7)

wdt reset
load 0x4010f000, len 1384, room 16 
tail 8
chksum 0x2d
csum 0x2d
v8b899c12
~ld


6.01
 0h00:04.434 2022/02/14T07:39:31z: DS3231
 0h00:04.449 2022/02/14T07:39:31z: BME280 (0x76)
 0h00:04.463 2022/02/14T07:39:31z: 84:f3:eb:7d:7:a8
 0h00:04.465 2022/02/14T07:39:31z: SSID: MU Open
 0h00:04.470 2022/02/14T07:39:31z: AP_STAR tmr
 ets Jan  8 2013,rst cause:4, boot mode:(3,7)

wdt reset
load 0x4010f000, len 1384, room 16 
tail 8
chksum 0x2d
csum 0x2d
v8b899c12
~ld


6.01
 0h00:04.951 2022/02/14T07:59:32z: DS3231
 0h00:04.967 2022/02/14T07:59:32z: BME280 (0x76)
 0h00:04.981 2022/02/14T07:59:32z: 84:f3:eb:7d:7:a8
 0h00:04.983 2022/02/14T07:59:32z: SSID: MU Open
 0h00:04.988 2022/02/14T07:59:32z: AP_STAR tmr
 ets Jan  8 2013,rst cause:4, boot mode:(3,7)

wdt reset
load 0x4010f000, len 1384, room 16 
tail 8
chksum 0x2d
csum 0x2d
v8b899c12
~ld


6.01
 0h00:04.819 2022/02/14T08:19:33z: DS3231
 0h00:04.834 2022/02/14T08:19:33z: BME280 (0x76)
 0h00:04.848 2022/02/14T08:19:33z: 84:f3:eb:7d:7:a8
 0h00:04.850 2022/02/14T08:19:33z: SSID: MU Open
 0h00:04.855 2022/02/14T08:19:33z: AP_STAR tmr
 ets Jan  8 2013,rst cause:4, boot mode:(3,7)

wdt reset
load 0x4010f000, len 1384, room 16 
tail 8
chksum 0x2d
csum 0x2d
v8b899c12
~ld


6.01
 0h00:04.768 2022/02/14T08:39:34z: DS3231
 0h00:04.784 2022/02/14T08:39:34z: BME280 (0x76)
 0h00:04.798 2022/02/14T08:39:34z: 84:f3:eb:7d:7:a8
 0h00:04.800 2022/02/14T08:39:34z: SSID: MU Open
 0h00:04.805 2022/02/14T08:39:34z: AP_STAR tmr
 ets Jan  8 2013,rst cause:4, boot mode:(3,7)

wdt reset
load 0x4010f000, len 1384, room 16 
tail 8
chksum 0x2d
csum 0x2d
v8b899c12
~ld


6.01
 0h00:04.742 2022/02/14T08:59:36z: DS3231
 0h00:04.757 2022/02/14T08:59:36z: BME280 (0x76)
 0h00:04.771 2022/02/14T08:59:36z: 84:f3:eb:7d:7:a8
 0h00:04.773 2022/02/14T08:59:36z: SSID: MU Open
 0h00:04.778 2022/02/14T08:59:36z: AP_STAR tmr
 ets Jan  8 2013,rst cause:4, boot mode:(3,7)

wdt reset
load 0x4010f000, len 1384, room 16 
tail 8
chksum 0x2d
csum 0x2d
v8b899c12
~ld


6.01
 0h00:04.727 2022/02/14T09:19:38z: DS3231
 0h00:04.742 2022/02/14T09:19:39z: BME280 (0x76)
 0h00:04.756 2022/02/14T09:19:39z: 84:f3:eb:7d:7:a8
 0h00:04.758 2022/02/14T09:19:39z: SSID: MU Open
 0h00:04.763 2022/02/14T09:19:39z: AP_STAR tmr
 ets Jan  8 2013,rst cause:4, boot mode:(3,7)

wdt reset
load 0x4010f000, len 1384, room 16 
tail 8
chksum 0x2d
csum 0x2d
v8b899c12
~ld


6.01
 0h00:04.800 2022/02/14T09:39:40z: DS3231
 0h00:04.815 2022/02/14T09:39:40z: BME280 (0x76)
 0h00:04.829 2022/02/14T09:39:40z: 84:f3:eb:7d:7:a8
 0h00:04.831 2022/02/14T09:39:40z: SSID: MU Open
 0h00:04.836 2022/02/14T09:39:40z: AP_STAR tmr
 ets Jan  8 2013,rst cause:4, boot mode:(3,7)

wdt reset
load 0x4010f000, len 1384, room 16 
tail 8
chksum 0x2d
csum 0x2d
v8b899c12
~ld


6.01
 0h00:05.057 2022/02/14T09:59:41z: DS3231
 0h00:05.073 2022/02/14T09:59:41z: BME280 (0x76)
 0h00:05.087 2022/02/14T09:59:41z: 84:f3:eb:7d:7:a8
 0h00:05.088 2022/02/14T09:59:41z: SSID: MU Open
 0h00:05.094 2022/02/14T09:59:41z: AP_STAR tmr
 ets Jan  8 2013,rst cause:4, boot mode:(3,7)

wdt reset
load 0x4010f000, len 1384, room 16 
tail 8
chksum 0x2d
csum 0x2d
v8b899c12
~ld


6.01
 0h00:05.023 2022/02/14T10:19:43z: DS3231
 0h00:05.038 2022/02/14T10:19:43z: BME280 (0x76)
 0h00:05.052 2022/02/14T10:19:43z: 84:f3:eb:7d:7:a8
 0h00:05.054 2022/02/14T10:19:43z: SSID: MU Open
 0h00:05.059 2022/02/14T10:19:43z: AP_STAR tmr
 ets Jan  8 2013,rst cause:4, boot mode:(3,7)

wdt reset
load 0x4010f000, len 1384, room 16 
tail 8
chksum 0x2d
csum 0x2d
v8b899c12
~ld


6.01
 0h00:04.973 2022/02/14T10:39:45z: DS3231
 0h00:04.988 2022/02/14T10:39:45z: BME280 (0x76)
 0h00:05.002 2022/02/14T10:39:45z: 84:f3:eb:7d:7:a8
 0h00:05.004 2022/02/14T10:39:45z: SSID: MU Open
 0h00:05.009 2022/02/14T10:39:45z: AP_STAR tmr
 ets Jan  8 2013,rst cause:4, boot mode:(3,7)

wdt reset
load 0x4010f000, len 1384, room 16 
tail 8
chksum 0x2d
csum 0x2d
v8b899c12
~ld


6.01
 0h00:04.973 2022/02/14T10:59:47z: DS3231
 0h00:04.988 2022/02/14T10:59:47z: BME280 (0x76)
 0h00:05.002 2022/02/14T10:59:47z: 84:f3:eb:7d:7:a8
 0h00:05.004 2022/02/14T10:59:47z: SSID: MU Open
 0h00:05.009 2022/02/14T10:59:47z: AP_STAR tmr
 ets Jan  8 2013,rst cause:4, boot mode:(3,7)

wdt reset
load 0x4010f000, len 1384, room 16 
tail 8
chksum 0x2d
csum 0x2d
v8b899c12
~ld


6.01
 0h00:04.907 2022/02/14T11:19:49z: DS3231
 0h00:04.923 2022/02/14T11:19:49z: BME280 (0x76)
 0h00:04.937 2022/02/14T11:19:49z: 84:f3:eb:7d:7:a8
 0h00:04.939 2022/02/14T11:19:49z: SSID: MU Open
 0h00:04.944 2022/02/14T11:19:49z: AP_STAR tmr
 ets Jan  8 2013,rst cause:4, boot mode:(3,7)

wdt reset
load 0x4010f000, len 1384, room 16 
tail 8
chksum 0x2d
csum 0x2d
v8b899c12
~ld


6.01
 0h00:04.949 2022/02/14T11:39:51z: DS3231
 0h00:04.964 2022/02/14T11:39:51z: BME280 (0x76)
 0h00:04.978 2022/02/14T11:39:51z: 84:f3:eb:7d:7:a8
 0h00:04.980 2022/02/14T11:39:51z: SSID: MU Open
 0h00:04.985 2022/02/14T11:39:51z: AP_STAR tmr
 ets Jan  8 2013,rst cause:4, boot mode:(3,7)

wdt reset
load 0x4010f000, len 1384, room 16 
tail 8
chksum 0x2d
csum 0x2d
v8b899c12
~ld


6.01
 0h00:04.383 2022/02/14T11:59:52z: DS3231
 0h00:04.398 2022/02/14T11:59:52z: BME280 (0x76)
 0h00:04.413 2022/02/14T11:59:52z: 84:f3:eb:7d:7:a8
 0h00:04.414 2022/02/14T11:59:52z: SSID: MU Open
 0h00:04.419 2022/02/14T11:59:52z: AP_STAR tmr
 ets Jan  8 2013,rst cause:4, boot mode:(3,7)

wdt reset
load 0x4010f000, len 1384, room 16 
tail 8
chksum 0x2d
csum 0x2d
v8b899c12
~ld


6.01
 0h00:04.973 2022/02/14T12:19:55z: DS3231
 0h00:04.988 2022/02/14T12:19:55z: BME280 (0x76)
 0h00:05.002 2022/02/14T12:19:55z: 84:f3:eb:7d:7:a8
 0h00:05.004 2022/02/14T12:19:55z: SSID: MU Open
 0h00:05.009 2022/02/14T12:19:55z: AP_STAR tmr
 ets Jan  8 2013,rst cause:4, boot mode:(3,7)

wdt reset
load 0x4010f000, len 1384, room 16 
tail 8
chksum 0x2d
csum 0x2d
v8b899c12
~ld


6.01
 0h00:04.938 2022/02/14T12:39:57z: DS3231
 0h00:04.953 2022/02/14T12:39:57z: BME280 (0x76)
 0h00:04.968 2022/02/14T12:39:57z: 84:f3:eb:7d:7:a8
 0h00:04.969 2022/02/14T12:39:57z: SSID: MU Open
 0h00:04.974 2022/02/14T12:39:57z: AP_STAR tmr
 ets Jan  8 2013,rst cause:4, boot mode:(3,7)

wdt reset
load 0x4010f000, len 1384, room 16 
tail 8
chksum 0x2d
csum 0x2d
v8b899c12
~ld


6.01
 0h00:05.072 2022/02/14T12:59:59z: DS3231
 0h00:05.088 2022/02/14T12:59:59z: BME280 (0x76)
 0h00:05.102 2022/02/14T12:59:59z: 84:f3:eb:7d:7:a8
 0h00:05.104 2022/02/14T12:59:59z: SSID: MU Open
 0h00:05.109 2022/02/14T12:59:59z: AP_STAR tmr
 ets Jan  8 2013,rst cause:4, boot mode:(3,7)

wdt reset
load 0x4010f000, len 1384, room 16 
tail 8
chksum 0x2d
csum 0x2d
v8b899c12
~ld


6.01
 0h00:04.626 2022/02/14T13:20:01z: DS3231
 0h00:04.642 2022/02/14T13:20:01z: BME280 (0x76)
 0h00:04.656 2022/02/14T13:20:01z: 84:f3:eb:7d:7:a8
 0h00:04.658 2022/02/14T13:20:01z: SSID: MU Open
 0h00:04.663 2022/02/14T13:20:01z: AP_STAR tmr
 ets Jan  8 2013,rst cause:4, boot mode:(3,7)

wdt reset
load 0x4010f000, len 1384, room 16 
tail 8
chksum 0x2d
csum 0x2d
v8b899c12
~ld


6.01
 0h00:04.860 2022/02/14T13:40:02z: DS3231
 0h00:04.875 2022/02/14T13:40:02z: BME280 (0x76)
 0h00:04.890 2022/02/14T13:40:02z: 84:f3:eb:7d:7:a8
 0h00:04.891 2022/02/14T13:40:02z: SSID: MU Open
 0h00:04.896 2022/02/14T13:40:02z: AP_STAR tmr
 ets Jan  8 2013,rst cause:4, boot mode:(3,7)

wdt reset
load 0x4010f000, len 1384, room 16 
tail 8
chksum 0x2d
csum 0x2d
v8b899c12
~ld


6.01
 0h00:04.813 2022/02/14T14:00:04z: DS3231
 0h00:04.828 2022/02/14T14:00:04z: BME280 (0x76)
 0h00:04.843 2022/02/14T14:00:04z: 84:f3:eb:7d:7:a8
 0h00:04.844 2022/02/14T14:00:04z: SSID: MU Open
 0h00:04.849 2022/02/14T14:00:04z: AP_STAR tmr
 ets Jan  8 2013,rst cause:4, boot mode:(3,7)

wdt reset
load 0x4010f000, len 1384, room 16 
tail 8
chksum 0x2d
csum 0x2d
v8b899c12
~ld


6.01
 0h00:05.055 2022/02/14T14:20:06z: DS3231
 0h00:05.070 2022/02/14T14:20:06z: BME280 (0x76)
 0h00:05.084 2022/02/14T14:20:06z: 84:f3:eb:7d:7:a8
 0h00:05.086 2022/02/14T14:20:06z: SSID: MU Open
 0h00:05.091 2022/02/14T14:20:06z: AP_STAR tmr
 ets Jan  8 2013,rst cause:4, boot mode:(3,7)

wdt reset
load 0x4010f000, len 1384, room 16 
tail 8
chksum 0x2d
csum 0x2d
v8b899c12
~ld


6.01
 0h00:04.690 2022/02/14T14:40:08z: DS3231
 0h00:04.705 2022/02/14T14:40:08z: BME280 (0x76)
 0h00:04.720 2022/02/14T14:40:08z: 84:f3:eb:7d:7:a8
 0h00:04.721 2022/02/14T14:40:08z: SSID: MU Open
 0h00:04.727 2022/02/14T14:40:08z: AP_STAR tmr
 ets Jan  8 2013,rst cause:4, boot mode:(3,7)

wdt reset
load 0x4010f000, len 1384, room 16 
tail 8
chksum 0x2d
csum 0x2d
v8b899c12
~ld


6.01
 0h00:04.864 2022/02/14T15:00:09z: DS3231
 0h00:04.879 2022/02/14T15:00:09z: BME280 (0x76)
 0h00:04.893 2022/02/14T15:00:09z: 84:f3:eb:7d:7:a8
 0h00:04.895 2022/02/14T15:00:09z: SSID: MU Open
 0h00:04.900 2022/02/14T15:00:09z: AP_STAR tmr
 ets Jan  8 2013,rst cause:4, boot mode:(3,7)

wdt reset
load 0x4010f000, len 1384, room 16 
tail 8
chksum 0x2d
csum 0x2d
v8b899c12
~ld


6.01
 0h00:04.955 2022/02/14T15:20:11z: DS3231
 0h00:04.971 2022/02/14T15:20:11z: BME280 (0x76)
 0h00:04.985 2022/02/14T15:20:11z: 84:f3:eb:7d:7:a8
 0h00:04.987 2022/02/14T15:20:11z: SSID: MU Open
 0h00:04.992 2022/02/14T15:20:11z: AP_STAR tmr
 ets Jan  8 2013,rst cause:4, boot mode:(3,7)

wdt reset
load 0x4010f000, len 1384, room 16 
tail 8
chksum 0x2d
csum 0x2d
v8b899c12
~ld


6.01
 0h00:04.844 2022/02/14T15:40:13z: DS3231
 0h00:04.859 2022/02/14T15:40:13z: BME280 (0x76)
 0h00:04.874 2022/02/14T15:40:13z: 84:f3:eb:7d:7:a8
 0h00:04.875 2022/02/14T15:40:13z: SSID: MU Open
 0h00:04.880 2022/02/14T15:40:13z: AP_STAR tmr
 ets Jan  8 2013,rst cause:4, boot mode:(3,7)

wdt reset
load 0x4010f000, len 1384, room 16 
tail 8
chksum 0x2d
csum 0x2d
v8b899c12
~ld


6.01
 0h00:04.487 2022/02/14T16:00:14z: DS3231
 0h00:04.502 2022/02/14T16:00:14z: BME280 (0x76)
 0h00:04.516 2022/02/14T16:00:14z: 84:f3:eb:7d:7:a8
 0h00:04.518 2022/02/14T16:00:14z: SSID: MU Open
 0h00:04.523 2022/02/14T16:00:14z: AP_STAR tmr
 ets Jan  8 2013,rst cause:4, boot mode:(3,7)

wdt reset
load 0x4010f000, len 1384, room 16 
tail 8
chksum 0x2d
csum 0x2d
v8b899c12
~ld


6.01
 0h00:04.925 2022/02/14T16:20:16z: DS3231
 0h00:04.940 2022/02/14T16:20:16z: BME280 (0x76)
 0h00:04.954 2022/02/14T16:20:16z: 84:f3:eb:7d:7:a8
 0h00:04.956 2022/02/14T16:20:16z: SSID: MU Open
 0h00:04.961 2022/02/14T16:20:16z: AP_STAR tmr
 ets Jan  8 2013,rst cause:4, boot mode:(3,7)

wdt reset
load 0x4010f000, len 1384, room 16 
tail 8
chksum 0x2d
csum 0x2d
v8b899c12
~ld


6.01
 0h00:04.873 2022/02/14T16:40:17z: DS3231
 0h00:04.888 2022/02/14T16:40:17z: BME280 (0x76)
 0h00:04.902 2022/02/14T16:40:17z: 84:f3:eb:7d:7:a8
 0h00:04.904 2022/02/14T16:40:17z: SSID: MU Open
 0h00:04.909 2022/02/14T16:40:17z: AP_STAR tmr
 ets Jan  8 2013,rst cause:4, boot mode:(3,7)

wdt reset
load 0x4010f000, len 1384, room 16 
tail 8
chksum 0x2d
csum 0x2d
v8b899c12
~ld


6.01
 0h00:04.634 2022/02/14T17:00:19z: DS3231
 0h00:04.649 2022/02/14T17:00:19z: BME280 (0x76)
 0h00:04.663 2022/02/14T17:00:19z: 84:f3:eb:7d:7:a8
 0h00:04.665 2022/02/14T17:00:19z: SSID: MU Open
 0h00:04.670 2022/02/14T17:00:19z: AP_STAR tmr
 ets Jan  8 2013,rst cause:4, boot mode:(3,7)

wdt reset
load 0x4010f000, len 1384, room 16 
tail 8
chksum 0x2d
csum 0x2d
v8b899c12
~ld


6.01
 0h00:04.619 2022/02/14T17:20:21z: DS3231
 0h00:04.634 2022/02/14T17:20:21z: BME280 (0x76)
 0h00:04.649 2022/02/14T17:20:21z: 84:f3:eb:7d:7:a8
 0h00:04.650 2022/02/14T17:20:21z: SSID: MU Open
 0h00:04.655 2022/02/14T17:20:21z: AP_STAR tmr
 ets Jan  8 2013,rst cause:4, boot mode:(3,7)

wdt reset
load 0x4010f000, len 1384, room 16 
tail 8
chksum 0x2d
csum 0x2d
v8b899c12
~ld


6.01
 0h00:04.594 2022/02/14T17:40:22z: DS3231
 0h00:04.609 2022/02/14T17:40:22z: BME280 (0x76)
 0h00:04.624 2022/02/14T17:40:22z: 84:f3:eb:7d:7:a8
 0h00:04.625 2022/02/14T17:40:22z: SSID: MU Open
 0h00:04.631 2022/02/14T17:40:22z: AP_STAR tmr
 ets Jan  8 2013,rst cause:4, boot mode:(3,7)

wdt reset
load 0x4010f000, len 1384, room 16 
tail 8
chksum 0x2d
csum 0x2d
v8b899c12
~ld


6.01
 0h00:04.538 2022/02/14T18:00:24z: DS3231
 0h00:04.553 2022/02/14T18:00:24z: BME280 (0x76)
 0h00:04.567 2022/02/14T18:00:24z: 84:f3:eb:7d:7:a8
 0h00:04.569 2022/02/14T18:00:24z: SSID: MU Open
 0h00:04.574 2022/02/14T18:00:24z: AP_STAR tmr
 ets Jan  8 2013,rst cause:4, boot mode:(3,7)

wdt reset
load 0x4010f000, len 1384, room 16 
tail 8
chksum 0x2d
csum 0x2d
v8b899c12
~ld


6.01
 0h00:04.650 2022/02/14T18:20:25z: DS3231
 0h00:04.665 2022/02/14T18:20:25z: BME280 (0x76)
 0h00:04.679 2022/02/14T18:20:25z: 84:f3:eb:7d:7:a8
 0h00:04.681 2022/02/14T18:20:25z: SSID: MU Open
 0h00:04.686 2022/02/14T18:20:25z: AP_STAR tmr
 ets Jan  8 2013,rst cause:4, boot mode:(3,7)

wdt reset
load 0x4010f000, len 1384, room 16 
tail 8
chksum 0x2d
csum 0x2d
v8b899c12
~ld


6.01
 0h00:04.767 2022/02/14T18:40:27z: DS3231
 0h00:04.782 2022/02/14T18:40:27z: BME280 (0x76)
 0h00:04.796 2022/02/14T18:40:27z: 84:f3:eb:7d:7:a8
 0h00:04.798 2022/02/14T18:40:27z: SSID: MU Open
 0h00:04.803 2022/02/14T18:40:27z: AP_STAR tmr
 ets Jan  8 2013,rst cause:4, boot mode:(3,7)

wdt reset
load 0x4010f000, len 1384, room 16 
tail 8
chksum 0x2d
csum 0x2d
v8b899c12
~ld


6.01
 0h00:04.453 2022/02/14T19:00:28z: DS3231
 0h00:04.468 2022/02/14T19:00:28z: BME280 (0x76)
 0h00:04.482 2022/02/14T19:00:28z: 84:f3:eb:7d:7:a8
 0h00:04.484 2022/02/14T19:00:28z: SSID: MU Open
 0h00:04.489 2022/02/14T19:00:28z: AP_STAR tmr
 ets Jan  8 2013,rst cause:4, boot mode:(3,7)

wdt reset
load 0x4010f000, len 1384, room 16 
tail 8
chksum 0x2d
csum 0x2d
v8b899c12
~ld


6.01
 0h00:04.548 2022/02/14T19:20:29z: DS3231
 0h00:04.564 2022/02/14T19:20:29z: BME280 (0x76)
 0h00:04.578 2022/02/14T19:20:29z: 84:f3:eb:7d:7:a8
 0h00:04.579 2022/02/14T19:20:29z: SSID: MU Open
 0h00:04.585 2022/02/14T19:20:29z: AP_STAR tmr
 ets Jan  8 2013,rst cause:4, boot mode:(3,7)

wdt reset
load 0x4010f000, len 1384, room 16 
tail 8
chksum 0x2d
csum 0x2d
v8b899c12
~ld


6.01
 0h00:04.483 2022/02/14T19:40:30z: DS3231
 0h00:04.498 2022/02/14T19:40:30z: BME280 (0x76)
 0h00:04.512 2022/02/14T19:40:30z: 84:f3:eb:7d:7:a8
 0h00:04.514 2022/02/14T19:40:30z: SSID: MU Open
 0h00:04.519 2022/02/14T19:40:30z: AP_STAR tmr
 ets Jan  8 2013,rst cause:4, boot mode:(3,7)

wdt reset
load 0x4010f000, len 1384, room 16 
tail 8
chksum 0x2d
csum 0x2d
v8b899c12
~ld


6.01
 0h00:04.583 2022/02/14T20:00:32z: DS3231
 0h00:04.598 2022/02/14T20:00:32z: BME280 (0x76)
 0h00:04.612 2022/02/14T20:00:32z: 84:f3:eb:7d:7:a8
 0h00:04.614 2022/02/14T20:00:32z: SSID: MU Open
 0h00:04.619 2022/02/14T20:00:32z: AP_STAR tmr
 ets Jan  8 2013,rst cause:4, boot mode:(3,7)

wdt reset
load 0x4010f000, len 1384, room 16 
tail 8
chksum 0x2d
csum 0x2d
v8b899c12
~ld


6.01
 0h00:04.764 2022/02/14T20:20:33z: DS3231
 0h00:04.780 2022/02/14T20:20:33z: BME280 (0x76)
 0h00:04.794 2022/02/14T20:20:33z: 84:f3:eb:7d:7:a8
 0h00:04.796 2022/02/14T20:20:33z: SSID: MU Open
 0h00:04.801 2022/02/14T20:20:33z: AP_STAR tmr
 ets Jan  8 2013,rst cause:4, boot mode:(3,7)

wdt reset
load 0x4010f000, len 1384, room 16 
tail 8
chksum 0x2d
csum 0x2d
v8b899c12
~ld


6.01
 0h00:04.700 2022/02/14T20:40:34z: DS3231
 0h00:04.715 2022/02/14T20:40:34z: BME280 (0x76)
 0h00:04.729 2022/02/14T20:40:34z: 84:f3:eb:7d:7:a8
 0h00:04.731 2022/02/14T20:40:34z: SSID: MU Open
 0h00:04.736 2022/02/14T20:40:34z: AP_STAR tmr
 ets Jan  8 2013,rst cause:4, boot mode:(3,7)

wdt reset
load 0x4010f000, len 1384, room 16 
tail 8
chksum 0x2d
csum 0x2d
v8b899c12
~ld


6.01
 0h00:04.535 2022/02/14T21:00:35z: DS3231
 0h00:04.551 2022/02/14T21:00:35z: BME280 (0x76)
 0h00:04.565 2022/02/14T21:00:35z: 84:f3:eb:7d:7:a8
 0h00:04.566 2022/02/14T21:00:35z: SSID: MU Open
 0h00:04.572 2022/02/14T21:00:35z: AP_STAR tmr
 ets Jan  8 2013,rst cause:4, boot mode:(3,7)

wdt reset
load 0x4010f000, len 1384, room 16 
tail 8
chksum 0x2d
csum 0x2d
v8b899c12
~ld


6.01
 0h00:04.622 2022/02/14T21:20:37z: DS3231
 0h00:04.637 2022/02/14T21:20:37z: BME280 (0x76)
 0h00:04.652 2022/02/14T21:20:37z: 84:f3:eb:7d:7:a8
 0h00:04.653 2022/02/14T21:20:37z: SSID: MU Open
 0h00:04.658 2022/02/14T21:20:37z: AP_STAR tmr
 ets Jan  8 2013,rst cause:4, boot mode:(3,7)

wdt reset
load 0x4010f000, len 1384, room 16 
tail 8
chksum 0x2d
csum 0x2d
v8b899c12
~ld


6.01
 0h00:04.783 2022/02/14T21:40:38z: DS3231
 0h00:04.799 2022/02/14T21:40:38z: BME280 (0x76)
 0h00:04.813 2022/02/14T21:40:38z: 84:f3:eb:7d:7:a8
 0h00:04.815 2022/02/14T21:40:38z: SSID: MU Open
 0h00:04.820 2022/02/14T21:40:38z: AP_STAR tmr
 ets Jan  8 2013,rst cause:4, boot mode:(3,7)

wdt reset
load 0x4010f000, len 1384, room 16 
tail 8
chksum 0x2d
csum 0x2d
v8b899c12
~ld


6.01
 0h00:04.776 2022/02/14T22:00:40z: DS3231
 0h00:04.792 2022/02/14T22:00:40z: BME280 (0x76)
 0h00:04.806 2022/02/14T22:00:40z: 84:f3:eb:7d:7:a8
 0h00:04.808 2022/02/14T22:00:40z: SSID: MU Open
 0h00:04.813 2022/02/14T22:00:40z: AP_STAR tmr connected clients
R tmr
 ets Jan  8 2013,rst cause:4, boot mode:(3,7)

wdt reset
load 0x4010f000, len 1384, room 16 
tail 8
chksum 0x2d
csum 0x2d
v8b899c12
~ld


6.01
 0h00:04.480 2022/02/14T22:22:43z: DS3231
 0h00:04.495 2022/02/14T22:22:43z: BME280 (0x76)
 0h00:04.509 2022/02/14T22:22:43z: 84:f3:eb:7d:7:a8
 0h00:04.511 2022/02/14T22:22:43z: SSID: MU Open
 0h00:04.516 2022/02/14T22:22:43z: AP_STAR tmr
 ets Jan  8 2013,rst cause:4, boot mode:(3,7)

wdt reset
load 0x4010f000, len 1384, room 16 
tail 8
chksum 0x2d
csum 0x2d
v8b899c12
~ld


6.01
 0h00:04.584 2022/02/14T22:42:44z: DS3231
 0h00:04.599 2022/02/14T22:42:44z: BME280 (0x76)
 0h00:04.613 2022/02/14T22:42:44z: 84:f3:eb:7d:7:a8
 0h00:04.615 2022/02/14T22:42:44z: SSID: MU Open
 0h00:04.620 2022/02/14T22:42:44z: AP_STAR tmr
 ets Jan  8 2013,rst cause:4, boot mode:(3,7)

wdt reset
load 0x4010f000, len 1384, room 16 
tail 8
chksum 0x2d
csum 0x2d
v8b899c12
~ld


6.01
 0h00:04.609 2022/02/14T23:02:45z: DS3231
 0h00:04.624 2022/02/14T23:02:45z: BME280 (0x76)
 0h00:04.638 2022/02/14T23:02:45z: 84:f3:eb:7d:7:a8
 0h00:04.640 2022/02/14T23:02:45z: SSID: MU Open
 0h00:04.645 2022/02/14T23:02:45z: AP_STAR tmr
 ets Jan  8 2013,rst cause:4, boot mode:(3,7)

wdt reset
load 0x4010f000, len 1384, room 16 
tail 8
chksum 0x2d
csum 0x2d
v8b899c12
~ld


6.01
 0h00:04.906 2022/02/14T23:22:47z: DS3231
 0h00:04.921 2022/02/14T23:22:47z: BME280 (0x76)
 0h00:04.936 2022/02/14T23:22:47z: 84:f3:eb:7d:7:a8
 0h00:04.937 2022/02/14T23:22:47z: SSID: MU Open
 0h00:04.942 2022/02/14T23:22:47z: AP_STAR tmr
 ets Jan  8 2013,rst cause:4, boot mode:(3,7)

wdt reset
load 0x4010f000, len 1384, room 16 
tail 8
chksum 0x2d
csum 0x2d
v8b899c12
~ld


6.01
 0h00:04.624 2022/02/14T23:42:48z: DS3231
 0h00:04.639 2022/02/14T23:42:48z: BME280 (0x76)
 0h00:04.653 2022/02/14T23:42:48z: 84:f3:eb:7d:7:a8
 0h00:04.655 2022/02/14T23:42:48z: SSID: MU Open
 0h00:04.660 2022/02/14T23:42:48z: AP_STA