R tmr
 ets Jan  8 2013,rst cause:4, boot mode:(3,7)

wdt reset
load 0x4010f000, len 1384, room 16 
tail 8
chksum 0x2d
csum 0x2d
v8b899c12
~ld


6.01
 0h00:04.901 2022/08/31T00:00:20z: DS3231
 0h00:04.916 2022/08/31T00:00:20z: BME280 (0x76)
 0h00:04.931 2022/08/31T00:00:20z: 84:f3:eb:7d:7:a8
 0h00:04.932 2022/08/31T00:00:20z: SSID: MU Open
 0h00:04.937 2022/08/31T00:00:20z: AP_STAR tmr
 ets Jan  8 2013,rst cause:4, boot mode:(3,7)

wdt reset
load 0x4010f000, len 1384, room 16 
tail 8
chksum 0x2d
csum 0x2d
v8b899c12
~ld


6.01
 0h00:05.015 2022/08/31T00:20:25z: DS3231
 0h00:05.031 2022/08/31T00:20:25z: BME280 (0x76)
 0h00:05.045 2022/08/31T00:20:25z: 84:f3:eb:7d:7:a8
 0h00:05.047 2022/08/31T00:20:25z: SSID: MU Open
 0h00:05.052 2022/08/31T00:20:25z: AP_STAR tmr
 ets Jan  8 2013,rst cause:4, boot mode:(3,7)

wdt reset
load 0x4010f000, len 1384, room 16 
tail 8
chksum 0x2d
csum 0x2d
v8b899c12
~ld


6.01
 0h00:04.796 2022/08/31T00:40:28z: DS3231
 0h00:04.811 2022/08/31T00:40:28z: BME280 (0x76)
 0h00:04.826 2022/08/31T00:40:28z: 84:f3:eb:7d:7:a8
 0h00:04.827 2022/08/31T00:40:28z: SSID: MU Open
 0h00:04.832 2022/08/31T00:40:28z: AP_STAR tmr
 ets Jan  8 2013,rst cause:4, boot mode:(3,7)

wdt reset
load 0x4010f000, len 1384, room 16 
tail 8
chksum 0x2d
csum 0x2d
v8b899c12
~ld


6.01
 0h00:04.984 2022/08/31T01:00:32z: DS3231
 0h00:05.000 2022/08/31T01:00:32z: BME280 (0x76)
 0h00:05.014 2022/08/31T01:00:32z: 84:f3:eb:7d:7:a8
 0h00:05.016 2022/08/31T01:00:32z: SSID: MU Open
 0h00:05.021 2022/08/31T01:00:32z: AP_STAR tmr
 ets Jan  8 2013,rst cause:4, boot mode:(3,7)

wdt reset
load 0x4010f000, len 1384, room 16 
tail 8
chksum 0x2d
csum 0x2d
v8b899c12
~ld


6.01
 0h00:05.153 2022/08/31T01:20:36z: DS3231
 0h00:05.168 2022/08/31T01:20:36z: BME280 (0x76)
 0h00:05.182 2022/08/31T01:20:36z: 84:f3:eb:7d:7:a8
 0h00:05.184 2022/08/31T01:20:36z: SSID: MU Open
 0h00:05.189 2022/08/31T01:20:36z: AP_STAR tmr
 ets Jan  8 2013,rst cause:4, boot mode:(3,7)

wdt reset
load 0x4010f000, len 1384, room 16 
tail 8
chksum 0x2d
csum 0x2d
v8b899c12
~ld


6.01
 0h00:04.675 2022/08/31T01:40:40z: DS3231
 0h00:04.690 2022/08/31T01:40:40z: BME280 (0x76)
 0h00:04.704 2022/08/31T01:40:40z: 84:f3:eb:7d:7:a8
 0h00:04.706 2022/08/31T01:40:40z: SSID: MU Open
 0h00:04.711 2022/08/31T01:40:40z: AP_STAR tmr
 ets Jan  8 2013,rst cause:4, boot mode:(3,7)

wdt reset
load 0x4010f000, len 1384, room 16 
tail 8
chksum 0x2d
csum 0x2d
v8b899c12
~ld


6.01
 0h00:04.772 2022/08/31T02:00:43z: DS3231
 0h00:04.787 2022/08/31T02:00:43z: BME280 (0x76)
 0h00:04.802 2022/08/31T02:00:43z: 84:f3:eb:7d:7:a8
 0h00:04.803 2022/08/31T02:00:43z: SSID: MU Open
 0h00:04.809 2022/08/31T02:00:43z: AP_STAR tmr
 ets Jan  8 2013,rst cause:4, boot mode:(3,7)

wdt reset
load 0x4010f000, len 1384, room 16 
tail 8
chksum 0x2d
csum 0x2d
v8b899c12
~ld


6.01
 0h00:05.012 2022/08/31T02:20:48z: DS3231
 0h00:05.027 2022/08/31T02:20:48z: BME280 (0x76)
 0h00:05.042 2022/08/31T02:20:48z: 84:f3:eb:7d:7:a8
 0h00:05.043 2022/08/31T02:20:48z: SSID: MU Open
 0h00:05.048 2022/08/31T02:20:48z: AP_STAR tmr
 ets Jan  8 2013,rst cause:4, boot mode:(3,7)

wdt reset
load 0x4010f000, len 1384, room 16 
tail 8
chksum 0x2d
csum 0x2d
v8b899c12
~ld


6.01
 0h00:04.770 2022/08/31T02:40:52z: DS3231
 0h00:04.785 2022/08/31T02:40:52z: BME280 (0x76)
 0h00:04.799 2022/08/31T02:40:52z: 84:f3:eb:7d:7:a8
 0h00:04.801 2022/08/31T02:40:52z: SSID: MU Open
 0h00:04.806 2022/08/31T02:40:52z: AP_STAR tmr
 ets Jan  8 2013,rst cause:4, boot mode:(3,7)

wdt reset
load 0x4010f000, len 1384, room 16 
tail 8
chksum 0x2d
csum 0x2d
v8b899c12
~ld


6.01
 0h00:05.224 2022/08/31T03:00:56z: DS3231
 0h00:05.239 2022/08/31T03:00:56z: BME280 (0x76)
 0h00:05.253 2022/08/31T03:00:56z: 84:f3:eb:7d:7:a8
 0h00:05.255 2022/08/31T03:00:56z: SSID: MU Open
 0h00:05.260 2022/08/31T03:00:56z: AP_STAR tmr
 ets Jan  8 2013,rst cause:4, boot mode:(3,7)

wdt reset
load 0x4010f000, len 1384, room 16 
tail 8
chksum 0x2d
csum 0x2d
v8b899c12
~ld


6.01
 0h00:05.053 2022/08/31T03:20:59z: DS3231
 0h00:05.068 2022/08/31T03:20:59z: BME280 (0x76)
 0h00:05.082 2022/08/31T03:20:59z: 84:f3:eb:7d:7:a8
 0h00:05.084 2022/08/31T03:20:59z: SSID: MU Open
 0h00:05.089 2022/08/31T03:20:59z: AP_STAR tmr
 ets Jan  8 2013,rst cause:4, boot mode:(3,7)

wdt reset
load 0x4010f000, len 1384, room 16 
tail 8
chksum 0x2d
csum 0x2d
v8b899c12
~ld


6.01
 0h00:04.968 2022/08/31T03:41:03z: DS3231
 0h00:04.984 2022/08/31T03:41:03z: BME280 (0x76)
 0h00:04.998 2022/08/31T03:41:03z: 84:f3:eb:7d:7:a8
 0h00:05.000 2022/08/31T03:41:03z: SSID: MU Open
 0h00:05.005 2022/08/31T03:41:03z: AP_STAR tmr
 ets Jan  8 2013,rst cause:4, boot mode:(3,7)

wdt reset
load 0x4010f000, len 1384, room 16 
tail 8
chksum 0x2d
csum 0x2d
v8b899c12
~ld


6.01
 0h00:05.203 2022/08/31T04:01:08z: DS3231
 0h00:05.218 2022/08/31T04:01:08z: BME280 (0x76)
 0h00:05.233 2022/08/31T04:01:08z: 84:f3:eb:7d:7:a8
 0h00:05.234 2022/08/31T04:01:08z: SSID: MU Open
 0h00:05.239 2022/08/31T04:01:08z: AP_STAR tmr
 ets Jan  8 2013,rst cause:4, boot mode:(3,7)

wdt reset
load 0x4010f000, len 1384, room 16 
tail 8
chksum 0x2d
csum 0x2d
v8b899c12
~ld


6.01
 0h00:05.163 2022/08/31T04:21:12z: DS3231
 0h00:05.178 2022/08/31T04:21:13z: BME280 (0x76)
 0h00:05.192 2022/08/31T04:21:13z: 84:f3:eb:7d:7:a8
 0h00:05.194 2022/08/31T04:21:13z: SSID: MU Open
 0h00:05.199 2022/08/31T04:21:13z: AP_STAR tmr
 ets Jan  8 2013,rst cause:4, boot mode:(3,7)

wdt reset
load 0x4010f000, len 1384, room 16 
tail 8
chksum 0x2d
csum 0x2d
v8b899c12
~ld


6.01
 0h00:05.224 2022/08/31T04:41:17z: DS3231
 0h00:05.239 2022/08/31T04:41:17z: BME280 (0x76)
 0h00:05.253 2022/08/31T04:41:17z: 84:f3:eb:7d:7:a8
 0h00:05.255 2022/08/31T04:41:17z: SSID: MU Open
 0h00:05.260 2022/08/31T04:41:17z: AP_STAR tmr
 ets Jan  8 2013,rst cause:4, boot mode:(3,7)

wdt reset
load 0x4010f000, len 1384, room 16 
tail 8
chksum 0x2d
csum 0x2d
v8b899c12
~ld


6.01
 0h00:04.869 2022/08/31T05:01:21z: DS3231
 0h00:04.885 2022/08/31T05:01:21z: BME280 (0x76)
 0h00:04.899 2022/08/31T05:01:21z: 84:f3:eb:7d:7:a8
 0h00:04.901 2022/08/31T05:01:21z: SSID: MU Open
 0h00:04.906 2022/08/31T05:01:21z: AP_STAR tmr
 ets Jan  8 2013,rst cause:4, boot mode:(3,7)

wdt reset
load 0x4010f000, len 1384, room 16 
tail 8
chksum 0x2d
csum 0x2d
v8b899c12
~ld


6.01
 0h00:05.047 2022/08/31T05:21:25z: DS3231
 0h00:05.063 2022/08/31T05:21:26z: BME280 (0x76)
 0h00:05.077 2022/08/31T05:21:26z: 84:f3:eb:7d:7:a8
 0h00:05.078 2022/08/31T05:21:26z: SSID: MU Open
 0h00:05.084 2022/08/31T05:21:26z: AP_STAR tmr
 ets Jan  8 2013,rst cause:4, boot mode:(3,7)

wdt reset
load 0x4010f000, len 1384, room 16 
tail 8
chksum 0x2d
csum 0x2d
v8b899c12
~ld


6.01
 0h00:04.861 2022/08/31T05:41:29z: DS3231
 0h00:04.876 2022/08/31T05:41:29z: BME280 (0x76)
 0h00:04.891 2022/08/31T05:41:29z: 84:f3:eb:7d:7:a8
 0h00:04.892 2022/08/31T05:41:29z: SSID: MU Open
 0h00:04.897 2022/08/31T05:41:29z: AP_STAR tmr
 ets Jan  8 2013,rst cause:4, boot mode:(3,7)

wdt reset
load 0x4010f000, len 1384, room 16 
tail 8
chksum 0x2d
csum 0x2d
v8b899c12
~ld


6.01
 0h00:04.848 2022/08/31T06:01:33z: DS3231
 0h00:04.863 2022/08/31T06:01:33z: BME280 (0x76)
 0h00:04.878 2022/08/31T06:01:33z: 84:f3:eb:7d:7:a8
 0h00:04.879 2022/08/31T06:01:33z: SSID: MU Open
 0h00:04.884 2022/08/31T06:01:33z: AP_STAR tmr
 ets Jan  8 2013,rst cause:4, boot mode:(3,7)

wdt reset
load 0x4010f000, len 1384, room 16 
tail 8
chksum 0x2d
csum 0x2d
v8b899c12
~ld


6.01
 0h00:04.990 2022/08/31T06:21:36z: DS3231
 0h00:05.006 2022/08/31T06:21:36z: BME280 (0x76)
 0h00:05.020 2022/08/31T06:21:36z: 84:f3:eb:7d:7:a8
 0h00:05.022 2022/08/31T06:21:36z: SSID: MU Open
 0h00:05.027 2022/08/31T06:21:36z: AP_STAR tmr
 ets Jan  8 2013,rst cause:4, boot mode:(3,7)

wdt reset
load 0x4010f000, len 1384, room 16 
tail 8
chksum 0x2d
csum 0x2d
v8b899c12
~ld


6.01
 0h00:04.989 2022/08/31T06:41:40z: DS3231
 0h00:05.004 2022/08/31T06:41:40z: BME280 (0x76)
 0h00:05.018 2022/08/31T06:41:41z: 84:f3:eb:7d:7:a8
 0h00:05.020 2022/08/31T06:41:41z: SSID: MU Open
 0h00:05.025 2022/08/31T06:41:41z: AP_STAR tmr
 ets Jan  8 2013,rst cause:4, boot mode:(3,7)

wdt reset
load 0x4010f000, len 1384, room 16 
tail 8
chksum 0x2d
csum 0x2d
v8b899c12
~ld


6.01
 0h00:04.996 2022/08/31T07:01:45z: DS3231
 0h00:05.012 2022/08/31T07:01:45z: BME280 (0x76)
 0h00:05.026 2022/08/31T07:01:45z: 84:f3:eb:7d:7:a8
 0h00:05.028 2022/08/31T07:01:45z: SSID: MU Open
 0h00:05.033 2022/08/31T07:01:45z: AP_STAR tmr
 ets Jan  8 2013,rst cause:4, boot mode:(3,7)

wdt reset
load 0x4010f000, len 1384, room 16 
tail 8
chksum 0x2d
csum 0x2d
v8b899c12
~ld


6.01
 0h00:05.062 2022/08/31T07:21:49z: DS3231
 0h00:05.078 2022/08/31T07:21:49z: BME280 (0x76)
 0h00:05.092 2022/08/31T07:21:49z: 84:f3:eb:7d:7:a8
 0h00:05.093 2022/08/31T07:21:49z: SSID: MU Open
 0h00:05.099 2022/08/31T07:21:49z: AP_STAR tmr
 ets Jan  8 2013,rst cause:4, boot mode:(3,7)

wdt reset
load 0x4010f000, len 1384, room 16 
tail 8
chksum 0x2d
csum 0x2d
v8b899c12
~ld


6.01
 0h00:05.034 2022/08/31T07:41:53z: DS3231
 0h00:05.050 2022/08/31T07:41:53z: BME280 (0x76)
 0h00:05.064 2022/08/31T07:41:53z: 84:f3:eb:7d:7:a8
 0h00:05.065 2022/08/31T07:41:53z: SSID: MU Open
 0h00:05.071 2022/08/31T07:41:53z: AP_STAR tmr
 ets Jan  8 2013,rst cause:4, boot mode:(3,7)

wdt reset
load 0x4010f000, len 1384, room 16 
tail 8
chksum 0x2d
csum 0x2d
v8b899c12
~ld


6.01
 0h00:04.841 2022/08/31T08:01:58z: DS3231
 0h00:04.857 2022/08/31T08:01:58z: BME280 (0x76)
 0h00:04.871 2022/08/31T08:01:58z: 84:f3:eb:7d:7:a8
 0h00:04.872 2022/08/31T08:01:58z: SSID: MU Open
 0h00:04.878 2022/08/31T08:01:58z: AP_STAR tmr
 ets Jan  8 2013,rst cause:4, boot mode:(3,7)

wdt reset
load 0x4010f000, len 1384, room 16 
tail 8
chksum 0x2d
csum 0x2d
v8b899c12
~ld


6.01
 0h00:04.685 2022/08/31T08:22:01z: DS3231
 0h00:04.701 2022/08/31T08:22:01z: BME280 (0x76)
 0h00:04.715 2022/08/31T08:22:01z: 84:f3:eb:7d:7:a8
 0h00:04.717 2022/08/31T08:22:01z: SSID: MU Open
 0h00:04.722 2022/08/31T08:22:01z: AP_STAR tmr
 ets Jan  8 2013,rst cause:4, boot mode:(3,7)

wdt reset
load 0x4010f000, len 1384, room 16 
tail 8
chksum 0x2d
csum 0x2d
v8b899c12
~ld


6.01
 0h00:04.726 2022/08/31T08:42:04z: DS3231
 0h00:04.742 2022/08/31T08:42:04z: BME280 (0x76)
 0h00:04.756 2022/08/31T08:42:04z: 84:f3:eb:7d:7:a8
 0h00:04.757 2022/08/31T08:42:04z: SSID: MU Open
 0h00:04.763 2022/08/31T08:42:04z: AP_STAR tmr
 ets Jan  8 2013,rst cause:4, boot mode:(3,7)

wdt reset
load 0x4010f000, len 1384, room 16 
tail 8
chksum 0x2d
csum 0x2d
v8b899c12
~ld


6.01
 0h00:04.962 2022/08/31T09:02:08z: DS3231
 0h00:04.977 2022/08/31T09:02:08z: BME280 (0x76)
 0h00:04.992 2022/08/31T09:02:08z: 84:f3:eb:7d:7:a8
 0h00:04.993 2022/08/31T09:02:08z: SSID: MU Open
 0h00:04.998 2022/08/31T09:02:08z: AP_STAR tmr
 ets Jan  8 2013,rst cause:4, boot mode:(3,7)

wdt reset
load 0x4010f000, len 1384, room 16 
tail 8
chksum 0x2d
csum 0x2d
v8b899c12
~ld


6.01
 0h00:04.925 2022/08/31T09:22:12z: DS3231
 0h00:04.941 2022/08/31T09:22:12z: BME280 (0x76)
 0h00:04.955 2022/08/31T09:22:12z: 84:f3:eb:7d:7:a8
 0h00:04.957 2022/08/31T09:22:12z: SSID: MU Open
 0h00:04.962 2022/08/31T09:22:12z: AP_STAR tmr
 ets Jan  8 2013,rst cause:4, boot mode:(3,7)

wdt reset
load 0x4010f000, len 1384, room 16 
tail 8
chksum 0x2d
csum 0x2d
v8b899c12
~ld


6.01
 0h00:04.580 2022/08/31T09:42:15z: DS3231
 0h00:04.595 2022/08/31T09:42:15z: BME280 (0x76)
 0h00:04.610 2022/08/31T09:42:15z: 84:f3:eb:7d:7:a8
 0h00:04.611 2022/08/31T09:42:15z: SSID: MU Open
 0h00:04.616 2022/08/31T09:42:15z: AP_STAR tmr
 ets Jan  8 2013,rst cause:4, boot mode:(3,7)

wdt reset
load 0x4010f000, len 1384, room 16 
tail 8
chksum 0x2d
csum 0x2d
v8b899c12
~ld


6.01
 0h00:04.564 2022/08/31T10:02:18z: DS3231
 0h00:04.579 2022/08/31T10:02:18z: BME280 (0x76)
 0h00:04.593 2022/08/31T10:02:18z: 84:f3:eb:7d:7:a8
 0h00:04.595 2022/08/31T10:02:18z: SSID: MU Open
 0h00:04.600 2022/08/31T10:02:18z: AP_STAR tmr
 ets Jan  8 2013,rst cause:4, boot mode:(3,7)

wdt reset
load 0x4010f000, len 1384, room 16 
tail 8
chksum 0x2d
csum 0x2d
v8b899c12
~ld


6.01
 0h00:04.770 2022/08/31T10:22:22z: DS3231
 0h00:04.785 2022/08/31T10:22:22z: BME280 (0x76)
 0h00:04.799 2022/08/31T10:22:22z: 84:f3:eb:7d:7:a8
 0h00:04.801 2022/08/31T10:22:22z: SSID: MU Open
 0h00:04.806 2022/08/31T10:22:22z: AP_STAR tmr
 ets Jan  8 2013,rst cause:4, boot mode:(3,7)

wdt reset
load 0x4010f000, len 1384, room 16 
tail 8
chksum 0x2d
csum 0x2d
v8b899c12
~ld


6.01
 0h00:04.923 2022/08/31T10:42:26z: DS3231
 0h00:04.938 2022/08/31T10:42:26z: BME280 (0x76)
 0h00:04.952 2022/08/31T10:42:26z: 84:f3:eb:7d:7:a8
 0h00:04.954 2022/08/31T10:42:26z: SSID: MU Open
 0h00:04.959 2022/08/31T10:42:26z: AP_STAR tmr
 ets Jan  8 2013,rst cause:4, boot mode:(3,7)

wdt reset
load 0x4010f000, len 1384, room 16 
tail 8
chksum 0x2d
csum 0x2d
v8b899c12
~ld


6.01
 0h00:04.680 2022/08/31T11:02:29z: DS3231
 0h00:04.696 2022/08/31T11:02:29z: BME280 (0x76)
 0h00:04.710 2022/08/31T11:02:29z: 84:f3:eb:7d:7:a8
 0h00:04.712 2022/08/31T11:02:29z: SSID: MU Open
 0h00:04.717 2022/08/31T11:02:29z: AP_STAR tmr
 ets Jan  8 2013,rst cause:4, boot mode:(3,7)

wdt reset
load 0x4010f000, len 1384, room 16 
tail 8
chksum 0x2d
csum 0x2d
v8b899c12
~ld


6.01
 0h00:05.000 2022/08/31T11:22:33z: DS3231
 0h00:05.015 2022/08/31T11:22:33z: BME280 (0x76)
 0h00:05.029 2022/08/31T11:22:33z: 84:f3:eb:7d:7:a8
 0h00:05.031 2022/08/31T11:22:33z: SSID: MU Open
 0h00:05.036 2022/08/31T11:22:33z: AP_STAR tmr
 ets Jan  8 2013,rst cause:4, boot mode:(3,7)

wdt reset
load 0x4010f000, len 1384, room 16 
tail 8
chksum 0x2d
csum 0x2d
v8b899c12
~ld


6.01
 0h00:04.936 2022/08/31T11:42:37z: DS3231
 0h00:04.951 2022/08/31T11:42:37z: BME280 (0x76)
 0h00:04.965 2022/08/31T11:42:37z: 84:f3:eb:7d:7:a8
 0h00:04.967 2022/08/31T11:42:37z: SSID: MU Open
 0h00:04.972 2022/08/31T11:42:37z: AP_STAR tmr
 ets Jan  8 2013,rst cause:4, boot mode:(3,7)

wdt reset
load 0x4010f000, len 1384, room 16 
tail 8
chksum 0x2d
csum 0x2d
v8b899c12
~ld


6.01
 0h00:05.015 2022/08/31T12:02:41z: DS3231
 0h00:05.031 2022/08/31T12:02:42z: BME280 (0x76)
 0h00:05.045 2022/08/31T12:02:42z: 84:f3:eb:7d:7:a8
 0h00:05.046 2022/08/31T12:02:42z: SSID: MU Open
 0h00:05.052 2022/08/31T12:02:42z: AP_STAR tmr
 ets Jan  8 2013,rst cause:4, boot mode:(3,7)

wdt reset
load 0x4010f000, len 1384, room 16 
tail 8
chksum 0x2d
csum 0x2d
v8b899c12
~ld


6.01
 0h00:04.604 2022/08/31T12:22:44z: DS3231
 0h00:04.619 2022/08/31T12:22:44z: BME280 (0x76)
 0h00:04.633 2022/08/31T12:22:44z: 84:f3:eb:7d:7:a8
 0h00:04.635 2022/08/31T12:22:44z: SSID: MU Open
 0h00:04.640 2022/08/31T12:22:44z: AP_STAR tmr
 ets Jan  8 2013,rst cause:4, boot mode:(3,7)

wdt reset
load 0x4010f000, len 1384, room 16 
tail 8
chksum 0x2d
csum 0x2d
v8b899c12
~ld


6.01
 0h00:04.809 2022/08/31T12:42:48z: DS3231
 0h00:04.824 2022/08/31T12:42:48z: BME280 (0x76)
 0h00:04.838 2022/08/31T12:42:48z: 84:f3:eb:7d:7:a8
 0h00:04.840 2022/08/31T12:42:48z: SSID: MU Open
 0h00:04.845 2022/08/31T12:42:48z: AP_STAR tmr
 ets Jan  8 2013,rst cause:4, boot mode:(3,7)

wdt reset
load 0x4010f000, len 1384, room 16 
tail 8
chksum 0x2d
csum 0x2d
v8b899c12
~ld


6.01
 0h00:04.413 2022/08/31T13:02:51z: DS3231
 0h00:04.428 2022/08/31T13:02:51z: BME280 (0x76)
 0h00:04.442 2022/08/31T13:02:51z: 84:f3:eb:7d:7:a8
 0h00:04.444 2022/08/31T13:02:51z: SSID: MU Open
 0h00:04.449 2022/08/31T13:02:51z: AP_STAR tmr
 ets Jan  8 2013,rst cause:4, boot mode:(3,7)

wdt reset
load 0x4010f000, len 1384, room 16 
tail 8
chksum 0x2d
csum 0x2d
v8b899c12
~ld


6.01
 0h00:04.694 2022/08/31T13:22:54z: DS3231
 0h00:04.709 2022/08/31T13:22:54z: BME280 (0x76)
 0h00:04.723 2022/08/31T13:22:54z: 84:f3:eb:7d:7:a8
 0h00:04.725 2022/08/31T13:22:54z: SSID: MU Open
 0h00:04.730 2022/08/31T13:22:54z: AP_STAR tmr
 ets Jan  8 2013,rst cause:4, boot mode:(3,7)

wdt reset
load 0x4010f000, len 1384, room 16 
tail 8
chksum 0x2d
csum 0x2d
v8b899c12
~ld


6.01
 0h00:04.201 2022/08/31T13:42:57z: DS3231
 0h00:04.216 2022/08/31T13:42:57z: BME280 (0x76)
 0h00:04.230 2022/08/31T13:42:57z: 84:f3:eb:7d:7:a8
 0h00:04.232 2022/08/31T13:42:57z: SSID: MU Open
 0h00:04.237 2022/08/31T13:42:57z: AP_STAR tmr
 ets Jan  8 2013,rst cause:4, boot mode:(3,7)

wdt reset
load 0x4010f000, len 1384, room 16 
tail 8
chksum 0x2d
csum 0x2d
v8b899c12
~ld


6.01
 0h00:04.383 2022/08/31T14:03:00z: DS3231
 0h00:04.398 2022/08/31T14:03:00z: BME280 (0x76)
 0h00:04.412 2022/08/31T14:03:00z: 84:f3:eb:7d:7:a8
 0h00:04.414 2022/08/31T14:03:00z: SSID: MU Open
 0h00:04.419 2022/08/31T14:03:00z: AP_STAR tmr
 ets Jan  8 2013,rst cause:4, boot mode:(3,7)

wdt reset
load 0x4010f000, len 1384, room 16 
tail 8
chksum 0x2d
csum 0x2d
v8b899c12
~ld


6.01
 0h00:04.760 2022/08/31T14:23:03z: DS3231
 0h00:04.775 2022/08/31T14:23:03z: BME280 (0x76)
 0h00:04.789 2022/08/31T14:23:03z: 84:f3:eb:7d:7:a8
 0h00:04.791 2022/08/31T14:23:03z: SSID: MU Open
 0h00:04.796 2022/08/31T14:23:03z: AP_STAR tmr
 ets Jan  8 2013,rst cause:4, boot mode:(3,7)

wdt reset
load 0x4010f000, len 1384, room 16 
tail 8
chksum 0x2d
csum 0x2d
v8b899c12
~ld


6.01
 0h00:04.548 2022/08/31T14:43:07z: DS3231
 0h00:04.563 2022/08/31T14:43:07z: BME280 (0x76)
 0h00:04.577 2022/08/31T14:43:07z: 84:f3:eb:7d:7:a8
 0h00:04.579 2022/08/31T14:43:07z: SSID: MU Open
 0h00:04.584 2022/08/31T14:43:07z: AP_STAR tmr
 ets Jan  8 2013,rst cause:4, boot mode:(3,7)

wdt reset
load 0x4010f000, len 1384, room 16 
tail 8
chksum 0x2d
csum 0x2d
v8b899c12
~ld


6.01
 0h00:04.749 2022/08/31T15:03:10z: DS3231
 0h00:04.765 2022/08/31T15:03:10z: BME280 (0x76)
 0h00:04.779 2022/08/31T15:03:10z: 84:f3:eb:7d:7:a8
 0h00:04.781 2022/08/31T15:03:10z: SSID: MU Open
 0h00:04.786 2022/08/31T15:03:10z: AP_STAR tmr
 ets Jan  8 2013,rst cause:4, boot mode:(3,7)

wdt reset
load 0x4010f000, len 1384, room 16 
tail 8
chksum 0x2d
csum 0x2d
v8b899c12
~ld


6.01
 0h00:04.387 2022/08/31T15:23:13z: DS3231
 0h00:04.402 2022/08/31T15:23:13z: BME280 (0x76)
 0h00:04.416 2022/08/31T15:23:13z: 84:f3:eb:7d:7:a8
 0h00:04.418 2022/08/31T15:23:13z: SSID: MU Open
 0h00:04.423 2022/08/31T15:23:13z: AP_STAR tmr
 ets Jan  8 2013,rst cause:4, boot mode:(3,7)

wdt reset
load 0x4010f000, len 1384, room 16 
tail 8
chksum 0x2d
csum 0x2d
v8b899c12
~ld


6.01
 0h00:04.489 2022/08/31T15:43:16z: DS3231
 0h00:04.505 2022/08/31T15:43:16z: BME280 (0x76)
 0h00:04.519 2022/08/31T15:43:16z: 84:f3:eb:7d:7:a8
 0h00:04.521 2022/08/31T15:43:16z: SSID: MU Open
 0h00:04.526 2022/08/31T15:43:16z: AP_STAR tmr
 ets Jan  8 2013,rst cause:4, boot mode:(3,7)

wdt reset
load 0x4010f000, len 1384, room 16 
tail 8
chksum 0x2d
csum 0x2d
v8b899c12
~ld


6.01
 0h00:04.572 2022/08/31T16:03:19z: DS3231
 0h00:04.587 2022/08/31T16:03:19z: BME280 (0x76)
 0h00:04.601 2022/08/31T16:03:19z: 84:f3:eb:7d:7:a8
 0h00:04.603 2022/08/31T16:03:19z: SSID: MU Open
 0h00:04.608 2022/08/31T16:03:19z: AP_STAR tmr
 ets Jan  8 2013,rst cause:4, boot mode:(3,7)

wdt reset
load 0x4010f000, len 1384, room 16 
tail 8
chksum 0x2d
csum 0x2d
v8b899c12
~ld


6.01
 0h00:04.968 2022/08/31T16:23:23z: DS3231
 0h00:04.984 2022/08/31T16:23:23z: BME280 (0x76)
 0h00:04.998 2022/08/31T16:23:23z: 84:f3:eb:7d:7:a8
 0h00:04.999 2022/08/31T16:23:23z: SSID: MU Open
 0h00:05.005 2022/08/31T16:23:23z: AP_STAR tmr
 ets Jan  8 2013,rst cause:4, boot mode:(3,7)

wdt reset
load 0x4010f000, len 1384, room 16 
tail 8
chksum 0x2d
csum 0x2d
v8b899c12
~ld


6.01
 0h00:04.632 2022/08/31T16:43:27z: DS3231
 0h00:04.647 2022/08/31T16:43:27z: BME280 (0x76)
 0h00:04.662 2022/08/31T16:43:27z: 84:f3:eb:7d:7:a8
 0h00:04.663 2022/08/31T16:43:27z: SSID: MU Open
 0h00:04.668 2022/08/31T16:43:27z: AP_STAR tmr
 ets Jan  8 2013,rst cause:4, boot mode:(3,7)

wdt reset
load 0x4010f000, len 1384, room 16 
tail 8
chksum 0x2d
csum 0x2d
v8b899c12
~ld


6.01
 0h00:04.390 2022/08/31T17:03:30z: DS3231
 0h00:04.405 2022/08/31T17:03:30z: BME280 (0x76)
 0h00:04.419 2022/08/31T17:03:30z: 84:f3:eb:7d:7:a8
 0h00:04.421 2022/08/31T17:03:30z: SSID: MU Open
 0h00:04.426 2022/08/31T17:03:30z: AP_STAR tmr
 ets Jan  8 2013,rst cause:4, boot mode:(3,7)

wdt reset
load 0x4010f000, len 1384, room 16 
tail 8
chksum 0x2d
csum 0x2d
v8b899c12
~ld


6.01
 0h00:04.668 2022/08/31T17:23:33z: DS3231
 0h00:04.683 2022/08/31T17:23:33z: BME280 (0x76)
 0h00:04.697 2022/08/31T17:23:33z: 84:f3:eb:7d:7:a8
 0h00:04.699 2022/08/31T17:23:33z: SSID: MU Open
 0h00:04.704 2022/08/31T17:23:33z: AP_STAR tmr
 ets Jan  8 2013,rst cause:4, boot mode:(3,7)

wdt reset
load 0x4010f000, len 1384, room 16 
tail 8
chksum 0x2d
csum 0x2d
v8b899c12
~ld


6.01
 0h00:04.720 2022/08/31T17:43:36z: DS3231
 0h00:04.735 2022/08/31T17:43:36z: BME280 (0x76)
 0h00:04.749 2022/08/31T17:43:36z: 84:f3:eb:7d:7:a8
 0h00:04.751 2022/08/31T17:43:36z: SSID: MU Open
 0h00:04.756 2022/08/31T17:43:36z: AP_STAR tmr
 ets Jan  8 2013,rst cause:4, boot mode:(3,7)

wdt reset
load 0x4010f000, len 1384, room 16 
tail 8
chksum 0x2d
csum 0x2d
v8b899c12
~ld


6.01
 0h00:04.722 2022/08/31T18:03:39z: DS3231
 0h00:04.737 2022/08/31T18:03:39z: BME280 (0x76)
 0h00:04.751 2022/08/31T18:03:39z: 84:f3:eb:7d:7:a8
 0h00:04.753 2022/08/31T18:03:39z: SSID: MU Open
 0h00:04.758 2022/08/31T18:03:39z: AP_STAR tmr
 ets Jan  8 2013,rst cause:4, boot mode:(3,7)

wdt reset
load 0x4010f000, len 1384, room 16 
tail 8
chksum 0x2d
csum 0x2d
v8b899c12
~ld


6.01
 0h00:04.369 2022/08/31T18:23:41z: DS3231
 0h00:04.384 2022/08/31T18:23:41z: BME280 (0x76)
 0h00:04.399 2022/08/31T18:23:41z: 84:f3:eb:7d:7:a8
 0h00:04.400 2022/08/31T18:23:41z: SSID: MU Open
 0h00:04.405 2022/08/31T18:23:41z: AP_STAR tmr
 ets Jan  8 2013,rst cause:4, boot mode:(3,7)

wdt reset
load 0x4010f000, len 1384, room 16 
tail 8
chksum 0x2d
csum 0x2d
v8b899c12
~ld


6.01
 0h00:04.745 2022/08/31T18:43:44z: DS3231
 0h00:04.760 2022/08/31T18:43:44z: BME280 (0x76)
 0h00:04.774 2022/08/31T18:43:44z: 84:f3:eb:7d:7:a8
 0h00:04.776 2022/08/31T18:43:44z: SSID: MU Open
 0h00:04.781 2022/08/31T18:43:44z: AP_STAR tmr
 ets Jan  8 2013,rst cause:4, boot mode:(3,7)

wdt reset
load 0x4010f000, len 1384, room 16 
tail 8
chksum 0x2d
csum 0x2d
v8b899c12
~ld


6.01
 0h00:04.352 2022/08/31T19:03:48z: DS3231
 0h00:04.367 2022/08/31T19:03:48z: BME280 (0x76)
 0h00:04.382 2022/08/31T19:03:48z: 84:f3:eb:7d:7:a8
 0h00:04.383 2022/08/31T19:03:48z: SSID: MU Open
 0h00:04.388 2022/08/31T19:03:48z: AP_STAR tmr
 ets Jan  8 2013,rst cause:4, boot mode:(3,7)

wdt reset
load 0x4010f000, len 1384, room 16 
tail 8
chksum 0x2d
csum 0x2d
v8b899c12
~ld


6.01
 0h00:04.774 2022/08/31T19:23:51z: DS3231
 0h00:04.789 2022/08/31T19:23:51z: BME280 (0x76)
 0h00:04.803 2022/08/31T19:23:51z: 84:f3:eb:7d:7:a8
 0h00:04.805 2022/08/31T19:23:51z: SSID: MU Open
 0h00:04.810 2022/08/31T19:23:51z: AP_STAR tmr
 ets Jan  8 2013,rst cause:4, boot mode:(3,7)

wdt reset
load 0x4010f000, len 1384, room 16 
tail 8
chksum 0x2d
csum 0x2d
v8b899c12
~ld


6.01
 0h00:04.656 2022/08/31T19:43:54z: DS3231
 0h00:04.672 2022/08/31T19:43:54z: BME280 (0x76)
 0h00:04.686 2022/08/31T19:43:54z: 84:f3:eb:7d:7:a8
 0h00:04.687 2022/08/31T19:43:54z: SSID: MU Open
 0h00:04.693 2022/08/31T19:43:54z: AP_STAR tmr
 ets Jan  8 2013,rst cause:4, boot mode:(3,7)

wdt reset
load 0x4010f000, len 1384, room 16 
tail 8
chksum 0x2d
csum 0x2d
v8b899c12
~ld


6.01
 0h00:04.846 2022/08/31T20:03:58z: DS3231
 0h00:04.861 2022/08/31T20:03:58z: BME280 (0x76)
 0h00:04.875 2022/08/31T20:03:58z: 84:f3:eb:7d:7:a8
 0h00:04.877 2022/08/31T20:03:58z: SSID: MU Open
 0h00:04.882 2022/08/31T20:03:58z: AP_STAR tmr
 ets Jan  8 2013,rst cause:4, boot mode:(3,7)

wdt reset
load 0x4010f000, len 1384, room 16 
tail 8
chksum 0x2d
csum 0x2d
v8b899c12
~ld


6.01
 0h00:04.407 2022/08/31T20:24:02z: DS3231
 0h00:04.423 2022/08/31T20:24:02z: BME280 (0x76)
 0h00:04.437 2022/08/31T20:24:02z: 84:f3:eb:7d:7:a8
 0h00:04.438 2022/08/31T20:24:02z: SSID: MU Open
 0h00:04.444 2022/08/31T20:24:02z: AP_STAR tmr
 ets Jan  8 2013,rst cause:4, boot mode:(3,7)

wdt reset
load 0x4010f000, len 1384, room 16 
tail 8
chksum 0x2d
csum 0x2d
v8b899c12
~ld


6.01
 0h00:04.704 2022/08/31T20:44:04z: DS3231
 0h00:04.719 2022/08/31T20:44:04z: BME280 (0x76)
 0h00:04.734 2022/08/31T20:44:04z: 84:f3:eb:7d:7:a8
 0h00:04.735 2022/08/31T20:44:04z: SSID: MU Open
 0h00:04.740 2022/08/31T20:44:04z: AP_STAR tmr
 ets Jan  8 2013,rst cause:4, boot mode:(3,7)

wdt reset
load 0x4010f000, len 1384, room 16 
tail 8
chksum 0x2d
csum 0x2d
v8b899c12
~ld


6.01
 0h00:04.506 2022/08/31T21:04:07z: DS3231
 0h00:04.522 2022/08/31T21:04:07z: BME280 (0x76)
 0h00:04.536 2022/08/31T21:04:07z: 84:f3:eb:7d:7:a8
 0h00:04.537 2022/08/31T21:04:07z: SSID: MU Open
 0h00:04.543 2022/08/31T21:04:07z: AP_STAR tmr
 ets Jan  8 2013,rst cause:4, boot mode:(3,7)

wdt reset
load 0x4010f000, len 1384, room 16 
tail 8
chksum 0x2d
csum 0x2d
v8b899c12
~ld


6.01
 0h00:04.728 2022/08/31T21:24:11z: DS3231
 0h00:04.744 2022/08/31T21:24:11z: BME280 (0x76)
 0h00:04.758 2022/08/31T21:24:11z: 84:f3:eb:7d:7:a8
 0h00:04.760 2022/08/31T21:24:11z: SSID: MU Open
 0h00:04.765 2022/08/31T21:24:11z: AP_STAR tmr
 ets Jan  8 2013,rst cause:4, boot mode:(3,7)

wdt reset
load 0x4010f000, len 1384, room 16 
tail 8
chksum 0x2d
csum 0x2d
v8b899c12
~ld


6.01
 0h00:04.657 2022/08/31T21:44:13z: DS3231
 0h00:04.672 2022/08/31T21:44:13z: BME280 (0x76)
 0h00:04.687 2022/08/31T21:44:13z: 84:f3:eb:7d:7:a8
 0h00:04.688 2022/08/31T21:44:13z: SSID: MU Open
 0h00:04.693 2022/08/31T21:44:13z: AP_STAR tmr
 ets Jan  8 2013,rst cause:4, boot mode:(3,7)

wdt reset
load 0x4010f000, len 1384, room 16 
tail 8
chksum 0x2d
csum 0x2d
v8b899c12
~ld


6.01
 0h00:04.762 2022/08/31T22:04:16z: DS3231
 0h00:04.777 2022/08/31T22:04:16z: BME280 (0x76)
 0h00:04.791 2022/08/31T22:04:16z: 84:f3:eb:7d:7:a8
 0h00:04.793 2022/08/31T22:04:16z: SSID: MU Open
 0h00:04.798 2022/08/31T22:04:16z: AP_STAR tmr
 ets Jan  8 2013,rst cause:4, boot mode:(3,7)

wdt reset
load 0x4010f000, len 1384, room 16 
tail 8
chksum 0x2d
csum 0x2d
v8b899c12
~ld


6.01
 0h00:04.559 2022/08/31T22:24:20z: DS3231
 0h00:04.574 2022/08/31T22:24:20z: BME280 (0x76)
 0h00:04.588 2022/08/31T22:24:20z: 84:f3:eb:7d:7:a8
 0h00:04.590 2022/08/31T22:24:20z: SSID: MU Open
 0h00:04.595 2022/08/31T22:24:20z: AP_STAR tmr
 ets Jan  8 2013,rst cause:4, boot mode:(3,7)

wdt reset
load 0x4010f000, len 1384, room 16 
tail 8
chksum 0x2d
csum 0x2d
v8b899c12
~ld


6.01
 0h00:04.897 2022/08/31T22:44:24z: DS3231
 0h00:04.912 2022/08/31T22:44:24z: BME280 (0x76)
 0h00:04.926 2022/08/31T22:44:24z: 84:f3:eb:7d:7:a8
 0h00:04.928 2022/08/31T22:44:24z: SSID: MU Open
 0h00:04.933 2022/08/31T22:44:24z: AP_STAR tmr
 ets Jan  8 2013,rst cause:4, boot mode:(3,7)

wdt reset
load 0x4010f000, len 1384, room 16 
tail 8
chksum 0x2d
csum 0x2d
v8b899c12
~ld


6.01
 0h00:04.833 2022/08/31T23:04:28z: DS3231
 0h00:04.848 2022/08/31T23:04:28z: BME280 (0x76)
 0h00:04.862 2022/08/31T23:04:28z: 84:f3:eb:7d:7:a8
 0h00:04.864 2022/08/31T23:04:28z: SSID: MU Open
 0h00:04.869 2022/08/31T23:04:28z: AP_STAR tmr
 ets Jan  8 2013,rst cause:4, boot mode:(3,7)

wdt reset
load 0x4010f000, len 1384, room 16 
tail 8
chksum 0x2d
csum 0x2d
v8b899c12
~ld


6.01
 0h00:04.569 2022/08/31T23:24:31z: DS3231
 0h00:04.584 2022/08/31T23:24:31z: BME280 (0x76)
 0h00:04.598 2022/08/31T23:24:31z: 84:f3:eb:7d:7:a8
 0h00:04.600 2022/08/31T23:24:31z: SSID: MU Open
 0h00:04.605 2022/08/31T23:24:31z: AP_STAR tmr
 ets Jan  8 2013,rst cause:4, boot mode:(3,7)

wdt reset
load 0x4010f000, len 1384, room 16 
tail 8
chksum 0x2d
csum 0x2d
v8b899c12
~ld


6.01
 0h00:05.098 2022/08/31T23:44:35z: DS3231
 0h00:05.114 2022/08/31T23:44:35z: BME280 (0x76)
 0h00:05.128 2022/08/31T23:44:35z: 84:f3:eb:7d:7:a8
 0h00:05.130 2022/08/31T23:44:35z: SSID: MU Open
 0h00:05.135 2022/08/31T23:44:35z: AP_STA