R tmr
 ets Jan  8 2013,rst cause:4, boot mode:(3,7)

wdt reset
load 0x4010f000, len 1384, room 16 
tail 8
chksum 0x2d
csum 0x2d
v8b899c12
~ld


6.01
 0h00:04.115 2022/05/27T00:01:37z: DS3231
 0h00:04.131 2022/05/27T00:01:37z: BME280 (0x76)
 0h00:04.145 2022/05/27T00:01:37z: 84:f3:eb:7d:7:a8
 0h00:04.146 2022/05/27T00:01:37z: SSID: MU Open
 0h00:04.152 2022/05/27T00:01:37z: AP_STAR tmr
 ets Jan  8 2013,rst cause:4, boot mode:(3,7)

wdt reset
load 0x4010f000, len 1384, room 16 
tail 8
chksum 0x2d
csum 0x2d
v8b899c12
~ld


6.01
 0h00:04.282 2022/05/27T00:21:37z: DS3231
 0h00:04.298 2022/05/27T00:21:38z: BME280 (0x76)
 0h00:04.312 2022/05/27T00:21:38z: 84:f3:eb:7d:7:a8
 0h00:04.314 2022/05/27T00:21:38z: SSID: MU Open
 0h00:04.319 2022/05/27T00:21:38z: AP_STAR tmr
 ets Jan  8 2013,rst cause:4, boot mode:(3,7)

wdt reset
load 0x4010f000, len 1384, room 16 
tail 8
chksum 0x2d
csum 0x2d
v8b899c12
~ld


6.01
 0h00:04.093 2022/05/27T00:41:39z: DS3231
 0h00:04.109 2022/05/27T00:41:39z: BME280 (0x76)
 0h00:04.123 2022/05/27T00:41:39z: 84:f3:eb:7d:7:a8
 0h00:04.125 2022/05/27T00:41:39z: SSID: MU Open
 0h00:04.130 2022/05/27T00:41:39z: AP_STAR tmr
 ets Jan  8 2013,rst cause:4, boot mode:(3,7)

wdt reset
load 0x4010f000, len 1384, room 16 
tail 8
chksum 0x2d
csum 0x2d
v8b899c12
~ld


6.01
 0h00:04.119 2022/05/27T01:01:40z: DS3231
 0h00:04.135 2022/05/27T01:01:40z: BME280 (0x76)
 0h00:04.149 2022/05/27T01:01:40z: 84:f3:eb:7d:7:a8
 0h00:04.150 2022/05/27T01:01:40z: SSID: MU Open
 0h00:04.156 2022/05/27T01:01:40z: AP_STAR tmr
 ets Jan  8 2013,rst cause:4, boot mode:(3,7)

wdt reset
load 0x4010f000, len 1384, room 16 
tail 8
chksum 0x2d
csum 0x2d
v8b899c12
~ld


6.01
 0h00:04.283 2022/05/27T01:21:41z: DS3231
 0h00:04.299 2022/05/27T01:21:41z: BME280 (0x76)
 0h00:04.313 2022/05/27T01:21:42z: 84:f3:eb:7d:7:a8
 0h00:04.315 2022/05/27T01:21:42z: SSID: MU Open
 0h00:04.320 2022/05/27T01:21:42z: AP_STAR tmr
 ets Jan  8 2013,rst cause:4, boot mode:(3,7)

wdt reset
load 0x4010f000, len 1384, room 16 
tail 8
chksum 0x2d
csum 0x2d
v8b899c12
~ld


6.01
 0h00:04.328 2022/05/27T01:41:43z: DS3231
 0h00:04.343 2022/05/27T01:41:43z: BME280 (0x76)
 0h00:04.357 2022/05/27T01:41:43z: 84:f3:eb:7d:7:a8
 0h00:04.359 2022/05/27T01:41:43z: SSID: MU Open
 0h00:04.364 2022/05/27T01:41:43z: AP_STAR tmr
 ets Jan  8 2013,rst cause:4, boot mode:(3,7)

wdt reset
load 0x4010f000, len 1384, room 16 
tail 8
chksum 0x2d
csum 0x2d
v8b899c12
~ld


6.01
 0h00:04.342 2022/05/27T02:01:45z: DS3231
 0h00:04.357 2022/05/27T02:01:45z: BME280 (0x76)
 0h00:04.371 2022/05/27T02:01:45z: 84:f3:eb:7d:7:a8
 0h00:04.373 2022/05/27T02:01:45z: SSID: MU Open
 0h00:04.378 2022/05/27T02:01:45z: AP_STAR tmr
 ets Jan  8 2013,rst cause:4, boot mode:(3,7)

wdt reset
load 0x4010f000, len 1384, room 16 
tail 8
chksum 0x2d
csum 0x2d
v8b899c12
~ld


6.01
 0h00:04.086 2022/05/27T02:21:46z: DS3231
 0h00:04.102 2022/05/27T02:21:46z: BME280 (0x76)
 0h00:04.116 2022/05/27T02:21:46z: 84:f3:eb:7d:7:a8
 0h00:04.117 2022/05/27T02:21:46z: SSID: MU Open
 0h00:04.123 2022/05/27T02:21:46z: AP_STAR tmr
 ets Jan  8 2013,rst cause:4, boot mode:(3,7)

wdt reset
load 0x4010f000, len 1384, room 16 
tail 8
chksum 0x2d
csum 0x2d
v8b899c12
~ld


6.01
 0h00:04.033 2022/05/27T02:41:48z: DS3231
 0h00:04.049 2022/05/27T02:41:48z: BME280 (0x76)
 0h00:04.063 2022/05/27T02:41:48z: 84:f3:eb:7d:7:a8
 0h00:04.064 2022/05/27T02:41:48z: SSID: MU Open
 0h00:04.070 2022/05/27T02:41:48z: AP_STAR tmr
 ets Jan  8 2013,rst cause:4, boot mode:(3,7)

wdt reset
load 0x4010f000, len 1384, room 16 
tail 8
chksum 0x2d
csum 0x2d
v8b899c12
~ld


6.01
 0h00:04.268 2022/05/27T03:01:49z: DS3231
 0h00:04.283 2022/05/27T03:01:49z: BME280 (0x76)
 0h00:04.297 2022/05/27T03:01:49z: 84:f3:eb:7d:7:a8
 0h00:04.299 2022/05/27T03:01:49z: SSID: MU Open
 0h00:04.304 2022/05/27T03:01:49z: AP_STAR tmr
 ets Jan  8 2013,rst cause:4, boot mode:(3,7)

wdt reset
load 0x4010f000, len 1384, room 16 
tail 8
chksum 0x2d
csum 0x2d
v8b899c12
~ld


6.01
 0h00:04.428 2022/05/27T03:21:50z: DS3231
 0h00:04.443 2022/05/27T03:21:50z: BME280 (0x76)
 0h00:04.457 2022/05/27T03:21:50z: 84:f3:eb:7d:7:a8
 0h00:04.459 2022/05/27T03:21:50z: SSID: MU Open
 0h00:04.464 2022/05/27T03:21:50z: AP_STAR tmr
 ets Jan  8 2013,rst cause:4, boot mode:(3,7)

wdt reset
load 0x4010f000, len 1384, room 16 
tail 8
chksum 0x2d
csum 0x2d
v8b899c12
~ld


6.01
 0h00:04.417 2022/05/27T03:41:53z: DS3231
 0h00:04.433 2022/05/27T03:41:53z: BME280 (0x76)
 0h00:04.447 2022/05/27T03:41:53z: 84:f3:eb:7d:7:a8
 0h00:04.448 2022/05/27T03:41:53z: SSID: MU Open
 0h00:04.454 2022/05/27T03:41:53z: AP_STAR tmr
 ets Jan  8 2013,rst cause:4, boot mode:(3,7)

wdt reset
load 0x4010f000, len 1384, room 16 
tail 8
chksum 0x2d
csum 0x2d
v8b899c12
~ld


6.01
 0h00:04.479 2022/05/27T04:01:54z: DS3231
 0h00:04.494 2022/05/27T04:01:54z: BME280 (0x76)
 0h00:04.508 2022/05/27T04:01:54z: 84:f3:eb:7d:7:a8
 0h00:04.510 2022/05/27T04:01:54z: SSID: MU Open
 0h00:04.515 2022/05/27T04:01:54z: AP_STAR tmr
 ets Jan  8 2013,rst cause:4, boot mode:(3,7)

wdt reset
load 0x4010f000, len 1384, room 16 
tail 8
chksum 0x2d
csum 0x2d
v8b899c12
~ld


6.01
 0h00:04.383 2022/05/27T04:21:56z: DS3231
 0h00:04.398 2022/05/27T04:21:56z: BME280 (0x76)
 0h00:04.412 2022/05/27T04:21:56z: 84:f3:eb:7d:7:a8
 0h00:04.414 2022/05/27T04:21:56z: SSID: MU Open
 0h00:04.419 2022/05/27T04:21:56z: AP_STAR tmr
 ets Jan  8 2013,rst cause:4, boot mode:(3,7)

wdt reset
load 0x4010f000, len 1384, room 16 
tail 8
chksum 0x2d
csum 0x2d
v8b899c12
~ld


6.01
 0h00:04.035 2022/05/27T04:41:58z: DS3231
 0h00:04.050 2022/05/27T04:41:58z: BME280 (0x76)
 0h00:04.064 2022/05/27T04:41:58z: 84:f3:eb:7d:7:a8
 0h00:04.066 2022/05/27T04:41:58z: SSID: MU Open
 0h00:04.071 2022/05/27T04:41:58z: AP_STAR tmr
 ets Jan  8 2013,rst cause:4, boot mode:(3,7)

wdt reset
load 0x4010f000, len 1384, room 16 
tail 8
chksum 0x2d
csum 0x2d
v8b899c12
~ld


6.01
 0h00:04.514 2022/05/27T05:02:00z: DS3231
 0h00:04.529 2022/05/27T05:02:00z: BME280 (0x76)
 0h00:04.543 2022/05/27T05:02:00z: 84:f3:eb:7d:7:a8
 0h00:04.545 2022/05/27T05:02:00z: SSID: MU Open
 0h00:04.550 2022/05/27T05:02:00z: AP_STAR tmr
 ets Jan  8 2013,rst cause:4, boot mode:(3,7)

wdt reset
load 0x4010f000, len 1384, room 16 
tail 8
chksum 0x2d
csum 0x2d
v8b899c12
~ld


6.01
 0h00:04.267 2022/05/27T05:22:01z: DS3231
 0h00:04.283 2022/05/27T05:22:01z: BME280 (0x76)
 0h00:04.297 2022/05/27T05:22:01z: 84:f3:eb:7d:7:a8
 0h00:04.298 2022/05/27T05:22:01z: SSID: MU Open
 0h00:04.304 2022/05/27T05:22:01z: AP_STAR tmr
 ets Jan  8 2013,rst cause:4, boot mode:(3,7)

wdt reset
load 0x4010f000, len 1384, room 16 
tail 8
chksum 0x2d
csum 0x2d
v8b899c12
~ld


6.01
 0h00:04.275 2022/05/27T05:42:03z: DS3231
 0h00:04.290 2022/05/27T05:42:03z: BME280 (0x76)
 0h00:04.304 2022/05/27T05:42:03z: 84:f3:eb:7d:7:a8
 0h00:04.306 2022/05/27T05:42:03z: SSID: MU Open
 0h00:04.311 2022/05/27T05:42:03z: AP_STAR tmr
 ets Jan  8 2013,rst cause:4, boot mode:(3,7)

wdt reset
load 0x4010f000, len 1384, room 16 
tail 8
chksum 0x2d
csum 0x2d
v8b899c12
~ld


6.01
 0h00:04.460 2022/05/27T06:02:05z: DS3231
 0h00:04.476 2022/05/27T06:02:05z: BME280 (0x76)
 0h00:04.490 2022/05/27T06:02:05z: 84:f3:eb:7d:7:a8
 0h00:04.492 2022/05/27T06:02:05z: SSID: MU Open
 0h00:04.497 2022/05/27T06:02:05z: AP_STAR tmr
 ets Jan  8 2013,rst cause:4, boot mode:(3,7)

wdt reset
load 0x4010f000, len 1384, room 16 
tail 8
chksum 0x2d
csum 0x2d
v8b899c12
~ld


6.01
 0h00:04.391 2022/05/27T06:22:07z: DS3231
 0h00:04.406 2022/05/27T06:22:07z: BME280 (0x76)
 0h00:04.420 2022/05/27T06:22:07z: 84:f3:eb:7d:7:a8
 0h00:04.422 2022/05/27T06:22:07z: SSID: MU Open
 0h00:04.427 2022/05/27T06:22:07z: AP_STAR tmr
 ets Jan  8 2013,rst cause:4, boot mode:(3,7)

wdt reset
load 0x4010f000, len 1384, room 16 
tail 8
chksum 0x2d
csum 0x2d
v8b899c12
~ld


6.01
 0h00:04.363 2022/05/27T06:42:08z: DS3231
 0h00:04.379 2022/05/27T06:42:08z: BME280 (0x76)
 0h00:04.393 2022/05/27T06:42:08z: 84:f3:eb:7d:7:a8
 0h00:04.394 2022/05/27T06:42:08z: SSID: MU Open
 0h00:04.400 2022/05/27T06:42:08z: AP_STAR tmr
 ets Jan  8 2013,rst cause:4, boot mode:(3,7)

wdt reset
load 0x4010f000, len 1384, room 16 
tail 8
chksum 0x2d
csum 0x2d
v8b899c12
~ld


6.01
 0h00:04.454 2022/05/27T07:02:10z: DS3231
 0h00:04.469 2022/05/27T07:02:10z: BME280 (0x76)
 0h00:04.483 2022/05/27T07:02:10z: 84:f3:eb:7d:7:a8
 0h00:04.485 2022/05/27T07:02:10z: SSID: MU Open
 0h00:04.490 2022/05/27T07:02:10z: AP_STAR tmr
 ets Jan  8 2013,rst cause:4, boot mode:(3,7)

wdt reset
load 0x4010f000, len 1384, room 16 
tail 8
chksum 0x2d
csum 0x2d
v8b899c12
~ld


6.01
 0h00:04.601 2022/05/27T07:22:12z: DS3231
 0h00:04.616 2022/05/27T07:22:12z: BME280 (0x76)
 0h00:04.630 2022/05/27T07:22:12z: 84:f3:eb:7d:7:a8
 0h00:04.632 2022/05/27T07:22:12z: SSID: MU Open
 0h00:04.637 2022/05/27T07:22:12z: AP_STAR tmr
 ets Jan  8 2013,rst cause:4, boot mode:(3,7)

wdt reset
load 0x4010f000, len 1384, room 16 
tail 8
chksum 0x2d
csum 0x2d
v8b899c12
~ld


6.01
 0h00:04.322 2022/05/27T07:42:14z: DS3231
 0h00:04.337 2022/05/27T07:42:14z: BME280 (0x76)
 0h00:04.351 2022/05/27T07:42:14z: 84:f3:eb:7d:7:a8
 0h00:04.353 2022/05/27T07:42:14z: SSID: MU Open
 0h00:04.358 2022/05/27T07:42:14z: AP_STAR tmr
 ets Jan  8 2013,rst cause:4, boot mode:(3,7)

wdt reset
load 0x4010f000, len 1384, room 16 
tail 8
chksum 0x2d
csum 0x2d
v8b899c12
~ld


6.01
 0h00:04.608 2022/05/27T08:02:16z: DS3231
 0h00:04.623 2022/05/27T08:02:16z: BME280 (0x76)
 0h00:04.637 2022/05/27T08:02:16z: 84:f3:eb:7d:7:a8
 0h00:04.639 2022/05/27T08:02:16z: SSID: MU Open
 0h00:04.644 2022/05/27T08:02:16z: AP_STAR tmr
 ets Jan  8 2013,rst cause:4, boot mode:(3,7)

wdt reset
load 0x4010f000, len 1384, room 16 
tail 8
chksum 0x2d
csum 0x2d
v8b899c12
~ld


6.01
 0h00:04.632 2022/05/27T08:22:18z: DS3231
 0h00:04.647 2022/05/27T08:22:18z: BME280 (0x76)
 0h00:04.661 2022/05/27T08:22:18z: 84:f3:eb:7d:7:a8
 0h00:04.663 2022/05/27T08:22:18z: SSID: MU Open
 0h00:04.668 2022/05/27T08:22:18z: AP_STAR tmr
 ets Jan  8 2013,rst cause:4, boot mode:(3,7)

wdt reset
load 0x4010f000, len 1384, room 16 
tail 8
chksum 0x2d
csum 0x2d
v8b899c12
~ld


6.01
 0h00:04.596 2022/05/27T08:42:19z: DS3231
 0h00:04.611 2022/05/27T08:42:19z: BME280 (0x76)
 0h00:04.625 2022/05/27T08:42:19z: 84:f3:eb:7d:7:a8
 0h00:04.627 2022/05/27T08:42:19z: SSID: MU Open
 0h00:04.632 2022/05/27T08:42:19z: AP_STAR tmr
 ets Jan  8 2013,rst cause:4, boot mode:(3,7)

wdt reset
load 0x4010f000, len 1384, room 16 
tail 8
chksum 0x2d
csum 0x2d
v8b899c12
~ld


6.01
 0h00:04.635 2022/05/27T09:02:21z: DS3231
 0h00:04.650 2022/05/27T09:02:21z: BME280 (0x76)
 0h00:04.665 2022/05/27T09:02:21z: 84:f3:eb:7d:7:a8
 0h00:04.666 2022/05/27T09:02:21z: SSID: MU Open
 0h00:04.671 2022/05/27T09:02:21z: AP_STAR tmr
 ets Jan  8 2013,rst cause:4, boot mode:(3,7)

wdt reset
load 0x4010f000, len 1384, room 16 
tail 8
chksum 0x2d
csum 0x2d
v8b899c12
~ld


6.01
 0h00:04.492 2022/05/27T09:22:23z: DS3231
 0h00:04.507 2022/05/27T09:22:23z: BME280 (0x76)
 0h00:04.521 2022/05/27T09:22:23z: 84:f3:eb:7d:7:a8
 0h00:04.523 2022/05/27T09:22:23z: SSID: MU Open
 0h00:04.528 2022/05/27T09:22:23z: AP_STAR tmr
 ets Jan  8 2013,rst cause:4, boot mode:(3,7)

wdt reset
load 0x4010f000, len 1384, room 16 
tail 8
chksum 0x2d
csum 0x2d
v8b899c12
~ld


6.01
 0h00:04.754 2022/05/27T09:42:25z: DS3231
 0h00:04.770 2022/05/27T09:42:25z: BME280 (0x76)
 0h00:04.784 2022/05/27T09:42:25z: 84:f3:eb:7d:7:a8
 0h00:04.785 2022/05/27T09:42:25z: SSID: MU Open
 0h00:04.791 2022/05/27T09:42:25z: AP_STAR tmr
 ets Jan  8 2013,rst cause:4, boot mode:(3,7)

wdt reset
load 0x4010f000, len 1384, room 16 
tail 8
chksum 0x2d
csum 0x2d
v8b899c12
~ld


6.01
 0h00:04.670 2022/05/27T10:02:27z: DS3231
 0h00:04.685 2022/05/27T10:02:27z: BME280 (0x76)
 0h00:04.699 2022/05/27T10:02:27z: 84:f3:eb:7d:7:a8
 0h00:04.701 2022/05/27T10:02:27z: SSID: MU Open
 0h00:04.706 2022/05/27T10:02:27z: AP_STAR tmr
 ets Jan  8 2013,rst cause:4, boot mode:(3,7)

wdt reset
load 0x4010f000, len 1384, room 16 
tail 8
chksum 0x2d
csum 0x2d
v8b899c12
~ld


6.01
 0h00:04.643 2022/05/27T10:22:29z: DS3231
 0h00:04.658 2022/05/27T10:22:29z: BME280 (0x76)
 0h00:04.673 2022/05/27T10:22:29z: 84:f3:eb:7d:7:a8
 0h00:04.674 2022/05/27T10:22:29z: SSID: MU Open
 0h00:04.679 2022/05/27T10:22:29z: AP_STAR tmr
 ets Jan  8 2013,rst cause:4, boot mode:(3,7)

wdt reset
load 0x4010f000, len 1384, room 16 
tail 8
chksum 0x2d
csum 0x2d
v8b899c12
~ld


6.01
 0h00:04.386 2022/05/27T10:42:31z: DS3231
 0h00:04.401 2022/05/27T10:42:31z: BME280 (0x76)
 0h00:04.415 2022/05/27T10:42:31z: 84:f3:eb:7d:7:a8
 0h00:04.417 2022/05/27T10:42:31z: SSID: MU Open
 0h00:04.422 2022/05/27T10:42:31z: AP_STAR tmr
 ets Jan  8 2013,rst cause:4, boot mode:(3,7)

wdt reset
load 0x4010f000, len 1384, room 16 
tail 8
chksum 0x2d
csum 0x2d
v8b899c12
~ld


6.01
 0h00:04.343 2022/05/27T11:02:33z: DS3231
 0h00:04.358 2022/05/27T11:02:33z: BME280 (0x76)
 0h00:04.373 2022/05/27T11:02:33z: 84:f3:eb:7d:7:a8
 0h00:04.374 2022/05/27T11:02:33z: SSID: MU Open
 0h00:04.379 2022/05/27T11:02:33z: AP_STAR tmr
 ets Jan  8 2013,rst cause:4, boot mode:(3,7)

wdt reset
load 0x4010f000, len 1384, room 16 
tail 8
chksum 0x2d
csum 0x2d
v8b899c12
~ld


6.01
 0h00:04.493 2022/05/27T11:22:34z: DS3231
 0h00:04.508 2022/05/27T11:22:34z: BME280 (0x76)
 0h00:04.522 2022/05/27T11:22:34z: 84:f3:eb:7d:7:a8
 0h00:04.524 2022/05/27T11:22:34z: SSID: MU Open
 0h00:04.529 2022/05/27T11:22:34z: AP_STAR tmr
 ets Jan  8 2013,rst cause:4, boot mode:(3,7)

wdt reset
load 0x4010f000, len 1384, room 16 
tail 8
chksum 0x2d
csum 0x2d
v8b899c12
~ld


6.01
 0h00:04.437 2022/05/27T11:42:36z: DS3231
 0h00:04.452 2022/05/27T11:42:36z: BME280 (0x76)
 0h00:04.466 2022/05/27T11:42:36z: 84:f3:eb:7d:7:a8
 0h00:04.468 2022/05/27T11:42:36z: SSID: MU Open
 0h00:04.473 2022/05/27T11:42:36z: AP_STAR tmr
 ets Jan  8 2013,rst cause:4, boot mode:(3,7)

wdt reset
load 0x4010f000, len 1384, room 16 
tail 8
chksum 0x2d
csum 0x2d
v8b899c12
~ld


6.01
 0h00:04.534 2022/05/27T12:02:37z: DS3231
 0h00:04.550 2022/05/27T12:02:37z: BME280 (0x76)
 0h00:04.564 2022/05/27T12:02:37z: 84:f3:eb:7d:7:a8
 0h00:04.565 2022/05/27T12:02:37z: SSID: MU Open
 0h00:04.571 2022/05/27T12:02:37z: AP_STAR tmr
 ets Jan  8 2013,rst cause:4, boot mode:(3,7)

wdt reset
load 0x4010f000, len 1384, room 16 
tail 8
chksum 0x2d
csum 0x2d
v8b899c12
~ld


6.01
 0h00:04.374 2022/05/27T12:22:39z: DS3231
 0h00:04.389 2022/05/27T12:22:39z: BME280 (0x76)
 0h00:04.403 2022/05/27T12:22:39z: 84:f3:eb:7d:7:a8
 0h00:04.405 2022/05/27T12:22:39z: SSID: MU Open
 0h00:04.410 2022/05/27T12:22:39z: AP_STAR tmr
 ets Jan  8 2013,rst cause:4, boot mode:(3,7)

wdt reset
load 0x4010f000, len 1384, room 16 
tail 8
chksum 0x2d
csum 0x2d
v8b899c12
~ld


6.01
 0h00:04.442 2022/05/27T12:42:41z: DS3231
 0h00:04.457 2022/05/27T12:42:41z: BME280 (0x76)
 0h00:04.471 2022/05/27T12:42:41z: 84:f3:eb:7d:7:a8
 0h00:04.473 2022/05/27T12:42:41z: SSID: MU Open
 0h00:04.478 2022/05/27T12:42:41z: AP_STAR tmr
 ets Jan  8 2013,rst cause:4, boot mode:(3,7)

wdt reset
load 0x4010f000, len 1384, room 16 
tail 8
chksum 0x2d
csum 0x2d
v8b899c12
~ld


6.01
 0h00:04.486 2022/05/27T13:02:42z: DS3231
 0h00:04.501 2022/05/27T13:02:42z: BME280 (0x76)
 0h00:04.515 2022/05/27T13:02:42z: 84:f3:eb:7d:7:a8
 0h00:04.517 2022/05/27T13:02:42z: SSID: MU Open
 0h00:04.522 2022/05/27T13:02:42z: AP_STAR tmr
 ets Jan  8 2013,rst cause:4, boot mode:(3,7)

wdt reset
load 0x4010f000, len 1384, room 16 
tail 8
chksum 0x2d
csum 0x2d
v8b899c12
~ld


6.01
 0h00:04.278 2022/05/27T13:22:45z: DS3231
 0h00:04.293 2022/05/27T13:22:45z: BME280 (0x76)
 0h00:04.307 2022/05/27T13:22:45z: 84:f3:eb:7d:7:a8
 0h00:04.309 2022/05/27T13:22:45z: SSID: MU Open
 0h00:04.314 2022/05/27T13:22:45z: AP_STAR tmr
 ets Jan  8 2013,rst cause:4, boot mode:(3,7)

wdt reset
load 0x4010f000, len 1384, room 16 
tail 8
chksum 0x2d
csum 0x2d
v8b899c12
~ld


6.01
 0h00:04.292 2022/05/27T13:42:46z: DS3231
 0h00:04.307 2022/05/27T13:42:46z: BME280 (0x76)
 0h00:04.321 2022/05/27T13:42:46z: 84:f3:eb:7d:7:a8
 0h00:04.323 2022/05/27T13:42:46z: SSID: MU Open
 0h00:04.328 2022/05/27T13:42:46z: AP_STAR tmr
 ets Jan  8 2013,rst cause:4, boot mode:(3,7)

wdt reset
load 0x4010f000, len 1384, room 16 
tail 8
chksum 0x2d
csum 0x2d
v8b899c12
~ld


6.01
 0h00:04.415 2022/05/27T14:02:48z: DS3231
 0h00:04.430 2022/05/27T14:02:48z: BME280 (0x76)
 0h00:04.444 2022/05/27T14:02:48z: 84:f3:eb:7d:7:a8
 0h00:04.446 2022/05/27T14:02:48z: SSID: MU Open
 0h00:04.451 2022/05/27T14:02:48z: AP_STAR tmr
 ets Jan  8 2013,rst cause:4, boot mode:(3,7)

wdt reset
load 0x4010f000, len 1384, room 16 
tail 8
chksum 0x2d
csum 0x2d
v8b899c12
~ld


6.01
 0h00:04.259 2022/05/27T14:22:49z: DS3231
 0h00:04.274 2022/05/27T14:22:49z: BME280 (0x76)
 0h00:04.288 2022/05/27T14:22:49z: 84:f3:eb:7d:7:a8
 0h00:04.290 2022/05/27T14:22:49z: SSID: MU Open
 0h00:04.295 2022/05/27T14:22:49z: AP_STAR tmr
 ets Jan  8 2013,rst cause:4, boot mode:(3,7)

wdt reset
load 0x4010f000, len 1384, room 16 
tail 8
chksum 0x2d
csum 0x2d
v8b899c12
~ld


6.01
 0h00:04.569 2022/05/27T14:42:51z: DS3231
 0h00:04.585 2022/05/27T14:42:51z: BME280 (0x76)
 0h00:04.599 2022/05/27T14:42:51z: 84:f3:eb:7d:7:a8
 0h00:04.600 2022/05/27T14:42:51z: SSID: MU Open
 0h00:04.606 2022/05/27T14:42:51z: AP_STAR tmr
 ets Jan  8 2013,rst cause:4, boot mode:(3,7)

wdt reset
load 0x4010f000, len 1384, room 16 
tail 8
chksum 0x2d
csum 0x2d
v8b899c12
~ld


6.01
 0h00:04.441 2022/05/27T15:02:53z: DS3231
 0h00:04.456 2022/05/27T15:02:53z: BME280 (0x76)
 0h00:04.471 2022/05/27T15:02:53z: 84:f3:eb:7d:7:a8
 0h00:04.472 2022/05/27T15:02:53z: SSID: MU Open
 0h00:04.477 2022/05/27T15:02:53z: AP_STAR tmr
 ets Jan  8 2013,rst cause:4, boot mode:(3,7)

wdt reset
load 0x4010f000, len 1384, room 16 
tail 8
chksum 0x2d
csum 0x2d
v8b899c12
~ld


6.01
 0h00:04.205 2022/05/27T15:22:54z: DS3231
 0h00:04.220 2022/05/27T15:22:54z: BME280 (0x76)
 0h00:04.235 2022/05/27T15:22:54z: 84:f3:eb:7d:7:a8
 0h00:04.236 2022/05/27T15:22:54z: SSID: MU Open
 0h00:04.241 2022/05/27T15:22:54z: AP_STAR tmr
 ets Jan  8 2013,rst cause:4, boot mode:(3,7)

wdt reset
load 0x4010f000, len 1384, room 16 
tail 8
chksum 0x2d
csum 0x2d
v8b899c12
~ld


6.01
 0h00:04.326 2022/05/27T15:42:55z: DS3231
 0h00:04.341 2022/05/27T15:42:56z: BME280 (0x76)
 0h00:04.355 2022/05/27T15:42:56z: 84:f3:eb:7d:7:a8
 0h00:04.357 2022/05/27T15:42:56z: SSID: MU Open
 0h00:04.362 2022/05/27T15:42:56z: AP_STAR tmr
 ets Jan  8 2013,rst cause:4, boot mode:(3,7)

wdt reset
load 0x4010f000, len 1384, room 16 
tail 8
chksum 0x2d
csum 0x2d
v8b899c12
~ld


6.01
 0h00:04.359 2022/05/27T16:02:57z: DS3231
 0h00:04.374 2022/05/27T16:02:57z: BME280 (0x76)
 0h00:04.389 2022/05/27T16:02:57z: 84:f3:eb:7d:7:a8
 0h00:04.390 2022/05/27T16:02:57z: SSID: MU Open
 0h00:04.395 2022/05/27T16:02:57z: AP_STAR tmr
 ets Jan  8 2013,rst cause:4, boot mode:(3,7)

wdt reset
load 0x4010f000, len 1384, room 16 
tail 8
chksum 0x2d
csum 0x2d
v8b899c12
~ld


6.01
 0h00:04.349 2022/05/27T16:22:59z: DS3231
 0h00:04.364 2022/05/27T16:22:59z: BME280 (0x76)
 0h00:04.378 2022/05/27T16:22:59z: 84:f3:eb:7d:7:a8
 0h00:04.380 2022/05/27T16:22:59z: SSID: MU Open
 0h00:04.385 2022/05/27T16:22:59z: AP_STAR tmr
 ets Jan  8 2013,rst cause:4, boot mode:(3,7)

wdt reset
load 0x4010f000, len 1384, room 16 
tail 8
chksum 0x2d
csum 0x2d
v8b899c12
~ld


6.01
 0h00:04.206 2022/05/27T16:43:00z: DS3231
 0h00:04.221 2022/05/27T16:43:00z: BME280 (0x76)
 0h00:04.235 2022/05/27T16:43:00z: 84:f3:eb:7d:7:a8
 0h00:04.237 2022/05/27T16:43:00z: SSID: MU Open
 0h00:04.242 2022/05/27T16:43:00z: AP_STAR tmr
 ets Jan  8 2013,rst cause:4, boot mode:(3,7)

wdt reset
load 0x4010f000, len 1384, room 16 
tail 8
chksum 0x2d
csum 0x2d
v8b899c12
~ld


6.01
 0h00:04.411 2022/05/27T17:03:02z: DS3231
 0h00:04.427 2022/05/27T17:03:02z: BME280 (0x76)
 0h00:04.441 2022/05/27T17:03:02z: 84:f3:eb:7d:7:a8
 0h00:04.443 2022/05/27T17:03:02z: SSID: MU Open
 0h00:04.448 2022/05/27T17:03:02z: AP_STAR tmr
 ets Jan  8 2013,rst cause:4, boot mode:(3,7)

wdt reset
load 0x4010f000, len 1384, room 16 
tail 8
chksum 0x2d
csum 0x2d
v8b899c12
~ld


6.01
 0h00:04.151 2022/05/27T17:23:03z: DS3231
 0h00:04.166 2022/05/27T17:23:03z: BME280 (0x76)
 0h00:04.180 2022/05/27T17:23:03z: 84:f3:eb:7d:7:a8
 0h00:04.182 2022/05/27T17:23:03z: SSID: MU Open
 0h00:04.187 2022/05/27T17:23:03z: AP_STAR tmr
 ets Jan  8 2013,rst cause:4, boot mode:(3,7)

wdt reset
load 0x4010f000, len 1384, room 16 
tail 8
chksum 0x2d
csum 0x2d
v8b899c12
~ld


6.01
 0h00:04.381 2022/05/27T17:43:05z: DS3231
 0h00:04.396 2022/05/27T17:43:05z: BME280 (0x76)
 0h00:04.411 2022/05/27T17:43:05z: 84:f3:eb:7d:7:a8
 0h00:04.412 2022/05/27T17:43:05z: SSID: MU Open
 0h00:04.417 2022/05/27T17:43:05z: AP_STAR tmr
 ets Jan  8 2013,rst cause:4, boot mode:(3,7)

wdt reset
load 0x4010f000, len 1384, room 16 
tail 8
chksum 0x2d
csum 0x2d
v8b899c12
~ld


6.01
 0h00:04.227 2022/05/27T18:03:06z: DS3231
 0h00:04.243 2022/05/27T18:03:06z: BME280 (0x76)
 0h00:04.257 2022/05/27T18:03:06z: 84:f3:eb:7d:7:a8
 0h00:04.258 2022/05/27T18:03:06z: SSID: MU Open
 0h00:04.264 2022/05/27T18:03:06z: AP_STAR tmr
 ets Jan  8 2013,rst cause:4, boot mode:(3,7)

wdt reset
load 0x4010f000, len 1384, room 16 
tail 8
chksum 0x2d
csum 0x2d
v8b899c12
~ld


6.01
 0h00:04.476 2022/05/27T18:23:09z: DS3231
 0h00:04.492 2022/05/27T18:23:09z: BME280 (0x76)
 0h00:04.506 2022/05/27T18:23:09z: 84:f3:eb:7d:7:a8
 0h00:04.508 2022/05/27T18:23:09z: SSID: MU Open
 0h00:04.513 2022/05/27T18:23:09z: AP_STAR tmr
 ets Jan  8 2013,rst cause:4, boot mode:(3,7)

wdt reset
load 0x4010f000, len 1384, room 16 
tail 8
chksum 0x2d
csum 0x2d
v8b899c12
~ld


6.01
 0h00:04.209 2022/05/27T18:43:11z: DS3231
 0h00:04.224 2022/05/27T18:43:11z: BME280 (0x76)
 0h00:04.238 2022/05/27T18:43:11z: 84:f3:eb:7d:7:a8
 0h00:04.240 2022/05/27T18:43:11z: SSID: MU Open
 0h00:04.245 2022/05/27T18:43:11z: AP_STAR tmr
 ets Jan  8 2013,rst cause:4, boot mode:(3,7)

wdt reset
load 0x4010f000, len 1384, room 16 
tail 8
chksum 0x2d
csum 0x2d
v8b899c12
~ld


6.01
 0h00:04.154 2022/05/27T19:03:11z: DS3231
 0h00:04.169 2022/05/27T19:03:12z: BME280 (0x76)
 0h00:04.183 2022/05/27T19:03:12z: 84:f3:eb:7d:7:a8
 0h00:04.185 2022/05/27T19:03:12z: SSID: MU Open
 0h00:04.190 2022/05/27T19:03:12z: AP_STAR tmr
 ets Jan  8 2013,rst cause:4, boot mode:(3,7)

wdt reset
load 0x4010f000, len 1384, room 16 
tail 8
chksum 0x2d
csum 0x2d
v8b899c12
~ld


6.01
 0h00:04.364 2022/05/27T19:23:13z: DS3231
 0h00:04.380 2022/05/27T19:23:13z: BME280 (0x76)
 0h00:04.394 2022/05/27T19:23:13z: 84:f3:eb:7d:7:a8
 0h00:04.396 2022/05/27T19:23:13z: SSID: MU Open
 0h00:04.401 2022/05/27T19:23:13z: AP_STAR tmr
 ets Jan  8 2013,rst cause:4, boot mode:(3,7)

wdt reset
load 0x4010f000, len 1384, room 16 
tail 8
chksum 0x2d
csum 0x2d
v8b899c12
~ld


6.01
 0h00:03.987 2022/05/27T19:43:14z: DS3231
 0h00:04.003 2022/05/27T19:43:14z: BME280 (0x76)
 0h00:04.017 2022/05/27T19:43:14z: 84:f3:eb:7d:7:a8
 0h00:04.019 2022/05/27T19:43:14z: SSID: MU Open
 0h00:04.024 2022/05/27T19:43:14z: AP_STAR tmr
 ets Jan  8 2013,rst cause:4, boot mode:(3,7)

wdt reset
load 0x4010f000, len 1384, room 16 
tail 8
chksum 0x2d
csum 0x2d
v8b899c12
~ld


6.01
 0h00:04.201 2022/05/27T20:03:16z: DS3231
 0h00:04.217 2022/05/27T20:03:16z: BME280 (0x76)
 0h00:04.231 2022/05/27T20:03:16z: 84:f3:eb:7d:7:a8
 0h00:04.233 2022/05/27T20:03:16z: SSID: MU Open
 0h00:04.238 2022/05/27T20:03:16z: AP_STAR tmr
 ets Jan  8 2013,rst cause:4, boot mode:(3,7)

wdt reset
load 0x4010f000, len 1384, room 16 
tail 8
chksum 0x2d
csum 0x2d
v8b899c12
~ld


6.01
 0h00:04.376 2022/05/27T20:23:17z: DS3231
 0h00:04.391 2022/05/27T20:23:18z: BME280 (0x76)
 0h00:04.405 2022/05/27T20:23:18z: 84:f3:eb:7d:7:a8
 0h00:04.407 2022/05/27T20:23:18z: SSID: MU Open
 0h00:04.412 2022/05/27T20:23:18z: AP_STAR tmr
 ets Jan  8 2013,rst cause:4, boot mode:(3,7)

wdt reset
load 0x4010f000, len 1384, room 16 
tail 8
chksum 0x2d
csum 0x2d
v8b899c12
~ld


6.01
 0h00:04.051 2022/05/27T20:43:19z: DS3231
 0h00:04.066 2022/05/27T20:43:19z: BME280 (0x76)
 0h00:04.080 2022/05/27T20:43:19z: 84:f3:eb:7d:7:a8
 0h00:04.082 2022/05/27T20:43:19z: SSID: MU Open
 0h00:04.087 2022/05/27T20:43:19z: AP_STAR tmr
 ets Jan  8 2013,rst cause:4, boot mode:(3,7)

wdt reset
load 0x4010f000, len 1384, room 16 
tail 8
chksum 0x2d
csum 0x2d
v8b899c12
~ld


6.01
 0h00:04.306 2022/05/27T21:03:21z: DS3231
 0h00:04.321 2022/05/27T21:03:21z: BME280 (0x76)
 0h00:04.335 2022/05/27T21:03:21z: 84:f3:eb:7d:7:a8
 0h00:04.337 2022/05/27T21:03:21z: SSID: MU Open
 0h00:04.342 2022/05/27T21:03:21z: AP_STAR tmr
 ets Jan  8 2013,rst cause:4, boot mode:(3,7)

wdt reset
load 0x4010f000, len 1384, room 16 
tail 8
chksum 0x2d
csum 0x2d
v8b899c12
~ld


6.01
 0h00:04.203 2022/05/27T21:23:22z: DS3231
 0h00:04.218 2022/05/27T21:23:22z: BME280 (0x76)
 0h00:04.232 2022/05/27T21:23:22z: 84:f3:eb:7d:7:a8
 0h00:04.234 2022/05/27T21:23:22z: SSID: MU Open
 0h00:04.239 2022/05/27T21:23:22z: AP_STAR tmr
 ets Jan  8 2013,rst cause:4, boot mode:(3,7)

wdt reset
load 0x4010f000, len 1384, room 16 
tail 8
chksum 0x2d
csum 0x2d
v8b899c12
~ld


6.01
 0h00:04.339 2022/05/27T21:43:24z: DS3231
 0h00:04.354 2022/05/27T21:43:24z: BME280 (0x76)
 0h00:04.368 2022/05/27T21:43:24z: 84:f3:eb:7d:7:a8
 0h00:04.370 2022/05/27T21:43:24z: SSID: MU Open
 0h00:04.375 2022/05/27T21:43:24z: AP_STAR tmr
 ets Jan  8 2013,rst cause:4, boot mode:(3,7)

wdt reset
load 0x4010f000, len 1384, room 16 
tail 8
chksum 0x2d
csum 0x2d
v8b899c12
~ld


6.01
 0h00:04.374 2022/05/27T22:03:25z: DS3231
 0h00:04.390 2022/05/27T22:03:25z: BME280 (0x76)
 0h00:04.404 2022/05/27T22:03:25z: 84:f3:eb:7d:7:a8
 0h00:04.406 2022/05/27T22:03:25z: SSID: MU Open
 0h00:04.411 2022/05/27T22:03:25z: AP_STAR tmr
 ets Jan  8 2013,rst cause:4, boot mode:(3,7)

wdt reset
load 0x4010f000, len 1384, room 16 
tail 8
chksum 0x2d
csum 0x2d
v8b899c12
~ld


6.01
 0h00:03.893 2022/05/27T22:23:26z: DS3231
 0h00:03.909 2022/05/27T22:23:26z: BME280 (0x76)
 0h00:03.923 2022/05/27T22:23:26z: 84:f3:eb:7d:7:a8
 0h00:03.925 2022/05/27T22:23:26z: SSID: MU Open
 0h00:03.930 2022/05/27T22:23:26z: AP_STAR tmr
 ets Jan  8 2013,rst cause:4, boot mode:(3,7)

wdt reset
load 0x4010f000, len 1384, room 16 
tail 8
chksum 0x2d
csum 0x2d
v8b899c12
~ld


6.01
 0h00:04.328 2022/05/27T22:43:26z: DS3231
 0h00:04.343 2022/05/27T22:43:26z: BME280 (0x76)
 0h00:04.357 2022/05/27T22:43:26z: 84:f3:eb:7d:7:a8
 0h00:04.359 2022/05/27T22:43:26z: SSID: MU Open
 0h00:04.364 2022/05/27T22:43:26z: AP_STAR tmr
 ets Jan  8 2013,rst cause:4, boot mode:(3,7)

wdt reset
load 0x4010f000, len 1384, room 16 
tail 8
chksum 0x2d
csum 0x2d
v8b899c12
~ld


6.01
 0h00:04.407 2022/05/27T23:03:28z: DS3231
 0h00:04.422 2022/05/27T23:03:28z: BME280 (0x76)
 0h00:04.436 2022/05/27T23:03:28z: 84:f3:eb:7d:7:a8
 0h00:04.438 2022/05/27T23:03:28z: SSID: MU Open
 0h00:04.443 2022/05/27T23:03:28z: AP_STAR tmr
 ets Jan  8 2013,rst cause:4, boot mode:(3,7)

wdt reset
load 0x4010f000, len 1384, room 16 
tail 8
chksum 0x2d
csum 0x2d
v8b899c12
~ld


6.01
 0h00:04.250 2022/05/27T23:23:29z: DS3231
 0h00:04.265 2022/05/27T23:23:29z: BME280 (0x76)
 0h00:04.279 2022/05/27T23:23:29z: 84:f3:eb:7d:7:a8
 0h00:04.281 2022/05/27T23:23:29z: SSID: MU Open
 0h00:04.286 2022/05/27T23:23:29z: AP_STAR tmr
 ets Jan  8 2013,rst cause:4, boot mode:(3,7)

wdt reset
load 0x4010f000, len 1384, room 16 
tail 8
chksum 0x2d
csum 0x2d
v8b899c12
~ld


6.01
 0h00:04.493 2022/05/27T23:43:31z: DS3231
 0h00:04.508 2022/05/27T23:43:31z: BME280 (0x76)
 0h00:04.522 2022/05/27T23:43:31z: 84:f3:eb:7d:7:a8
 0h00:04.524 2022/05/27T23:43:31z: SSID: MU Open
 0h00:04.529 2022/05/27T23:43:31z: AP_STA