R tmr
 ets Jan  8 2013,rst cause:4, boot mode:(3,7)

wdt reset
load 0x4010f000, len 1384, room 16 
tail 8
chksum 0x2d
csum 0x2d
v8b899c12
~ld


6.01
 0h00:04.496 2022/03/22T00:01:39z: DS3231
 0h00:04.511 2022/03/22T00:01:39z: BME280 (0x76)
 0h00:04.525 2022/03/22T00:01:39z: 84:f3:eb:7d:7:a8
 0h00:04.527 2022/03/22T00:01:39z: SSID: MU Open
 0h00:04.532 2022/03/22T00:01:39z: AP_STAR tmr
 ets Jan  8 2013,rst cause:4, boot mode:(3,7)

wdt reset
load 0x4010f000, len 1384, room 16 
tail 8
chksum 0x2d
csum 0x2d
v8b899c12
~ld


6.01
 0h00:04.404 2022/03/22T00:21:41z: DS3231
 0h00:04.419 2022/03/22T00:21:41z: BME280 (0x76)
 0h00:04.433 2022/03/22T00:21:41z: 84:f3:eb:7d:7:a8
 0h00:04.435 2022/03/22T00:21:41z: SSID: MU Open
 0h00:04.440 2022/03/22T00:21:41z: AP_STAR tmr
 ets Jan  8 2013,rst cause:4, boot mode:(3,7)

wdt reset
load 0x4010f000, len 1384, room 16 
tail 8
chksum 0x2d
csum 0x2d
v8b899c12
~ld


6.01
 0h00:04.621 2022/03/22T00:41:42z: DS3231
 0h00:04.636 2022/03/22T00:41:42z: BME280 (0x76)
 0h00:04.650 2022/03/22T00:41:42z: 84:f3:eb:7d:7:a8
 0h00:04.652 2022/03/22T00:41:42z: SSID: MU Open
 0h00:04.657 2022/03/22T00:41:42z: AP_STAR tmr
 ets Jan  8 2013,rst cause:4, boot mode:(3,7)

wdt reset
load 0x4010f000, len 1384, room 16 
tail 8
chksum 0x2d
csum 0x2d
v8b899c12
~ld


6.01
 0h00:04.568 2022/03/22T01:01:43z: DS3231
 0h00:04.583 2022/03/22T01:01:43z: BME280 (0x76)
 0h00:04.597 2022/03/22T01:01:43z: 84:f3:eb:7d:7:a8
 0h00:04.599 2022/03/22T01:01:43z: SSID: MU Open
 0h00:04.604 2022/03/22T01:01:43z: AP_STAR tmr
 ets Jan  8 2013,rst cause:4, boot mode:(3,7)

wdt reset
load 0x4010f000, len 1384, room 16 
tail 8
chksum 0x2d
csum 0x2d
v8b899c12
~ld


6.01
 0h00:04.503 2022/03/22T01:21:45z: DS3231
 0h00:04.519 2022/03/22T01:21:45z: BME280 (0x76)
 0h00:04.533 2022/03/22T01:21:45z: 84:f3:eb:7d:7:a8
 0h00:04.535 2022/03/22T01:21:45z: SSID: MU Open
 0h00:04.540 2022/03/22T01:21:45z: AP_STAR tmr
 ets Jan  8 2013,rst cause:4, boot mode:(3,7)

wdt reset
load 0x4010f000, len 1384, room 16 
tail 8
chksum 0x2d
csum 0x2d
v8b899c12
~ld


6.01
 0h00:04.678 2022/03/22T01:41:46z: DS3231
 0h00:04.693 2022/03/22T01:41:47z: BME280 (0x76)
 0h00:04.707 2022/03/22T01:41:47z: 84:f3:eb:7d:7:a8
 0h00:04.709 2022/03/22T01:41:47z: SSID: MU Open
 0h00:04.714 2022/03/22T01:41:47z: AP_STAR tmr
 ets Jan  8 2013,rst cause:4, boot mode:(3,7)

wdt reset
load 0x4010f000, len 1384, room 16 
tail 8
chksum 0x2d
csum 0x2d
v8b899c12
~ld


6.01
 0h00:04.251 2022/03/22T02:01:48z: DS3231
 0h00:04.267 2022/03/22T02:01:48z: BME280 (0x76)
 0h00:04.281 2022/03/22T02:01:48z: 84:f3:eb:7d:7:a8
 0h00:04.282 2022/03/22T02:01:48z: SSID: MU Open
 0h00:04.288 2022/03/22T02:01:48z: AP_STAR tmr
 ets Jan  8 2013,rst cause:4, boot mode:(3,7)

wdt reset
load 0x4010f000, len 1384, room 16 
tail 8
chksum 0x2d
csum 0x2d
v8b899c12
~ld


6.01
 0h00:04.688 2022/03/22T02:21:49z: DS3231
 0h00:04.704 2022/03/22T02:21:49z: BME280 (0x76)
 0h00:04.718 2022/03/22T02:21:49z: 84:f3:eb:7d:7:a8
 0h00:04.720 2022/03/22T02:21:49z: SSID: MU Open
 0h00:04.725 2022/03/22T02:21:49z: AP_STAR tmr
 ets Jan  8 2013,rst cause:4, boot mode:(3,7)

wdt reset
load 0x4010f000, len 1384, room 16 
tail 8
chksum 0x2d
csum 0x2d
v8b899c12
~ld


6.01
 0h00:04.444 2022/03/22T02:41:50z: DS3231
 0h00:04.459 2022/03/22T02:41:50z: BME280 (0x76)
 0h00:04.473 2022/03/22T02:41:50z: 84:f3:eb:7d:7:a8
 0h00:04.475 2022/03/22T02:41:50z: SSID: MU Open
 0h00:04.480 2022/03/22T02:41:50z: AP_STAR tmr
 ets Jan  8 2013,rst cause:4, boot mode:(3,7)

wdt reset
load 0x4010f000, len 1384, room 16 
tail 8
chksum 0x2d
csum 0x2d
v8b899c12
~ld


6.01
 0h00:04.652 2022/03/22T03:01:51z: DS3231
 0h00:04.668 2022/03/22T03:01:51z: BME280 (0x76)
 0h00:04.682 2022/03/22T03:01:51z: 84:f3:eb:7d:7:a8
 0h00:04.683 2022/03/22T03:01:51z: SSID: MU Open
 0h00:04.689 2022/03/22T03:01:51z: AP_STAR tmr
 ets Jan  8 2013,rst cause:4, boot mode:(3,7)

wdt reset
load 0x4010f000, len 1384, room 16 
tail 8
chksum 0x2d
csum 0x2d
v8b899c12
~ld


6.01
 0h00:04.626 2022/03/22T03:21:53z: DS3231
 0h00:04.641 2022/03/22T03:21:53z: BME280 (0x76)
 0h00:04.655 2022/03/22T03:21:53z: 84:f3:eb:7d:7:a8
 0h00:04.657 2022/03/22T03:21:53z: SSID: MU Open
 0h00:04.662 2022/03/22T03:21:53z: AP_STAR tmr
 ets Jan  8 2013,rst cause:4, boot mode:(3,7)

wdt reset
load 0x4010f000, len 1384, room 16 
tail 8
chksum 0x2d
csum 0x2d
v8b899c12
~ld


6.01
 0h00:04.695 2022/03/22T03:41:55z: DS3231
 0h00:04.711 2022/03/22T03:41:55z: BME280 (0x76)
 0h00:04.725 2022/03/22T03:41:55z: 84:f3:eb:7d:7:a8
 0h00:04.727 2022/03/22T03:41:55z: SSID: MU Open
 0h00:04.732 2022/03/22T03:41:55z: AP_STAR tmr
 ets Jan  8 2013,rst cause:4, boot mode:(3,7)

wdt reset
load 0x4010f000, len 1384, room 16 
tail 8
chksum 0x2d
csum 0x2d
v8b899c12
~ld


6.01
 0h00:04.580 2022/03/22T04:01:56z: DS3231
 0h00:04.595 2022/03/22T04:01:56z: BME280 (0x76)
 0h00:04.609 2022/03/22T04:01:57z: 84:f3:eb:7d:7:a8
 0h00:04.611 2022/03/22T04:01:57z: SSID: MU Open
 0h00:04.616 2022/03/22T04:01:57z: AP_STAR tmr
 ets Jan  8 2013,rst cause:4, boot mode:(3,7)

wdt reset
load 0x4010f000, len 1384, room 16 
tail 8
chksum 0x2d
csum 0x2d
v8b899c12
~ld


6.01
 0h00:04.813 2022/03/22T04:21:59z: DS3231
 0h00:04.828 2022/03/22T04:21:59z: BME280 (0x76)
 0h00:04.842 2022/03/22T04:21:59z: 84:f3:eb:7d:7:a8
 0h00:04.844 2022/03/22T04:21:59z: SSID: MU Open
 0h00:04.849 2022/03/22T04:21:59z: AP_STAR tmr
 ets Jan  8 2013,rst cause:4, boot mode:(3,7)

wdt reset
load 0x4010f000, len 1384, room 16 
tail 8
chksum 0x2d
csum 0x2d
v8b899c12
~ld


6.01
 0h00:04.573 2022/03/22T04:42:00z: DS3231
 0h00:04.588 2022/03/22T04:42:00z: BME280 (0x76)
 0h00:04.603 2022/03/22T04:42:00z: 84:f3:eb:7d:7:a8
 0h00:04.604 2022/03/22T04:42:00z: SSID: MU Open
 0h00:04.609 2022/03/22T04:42:00z: AP_STAR tmr
 ets Jan  8 2013,rst cause:4, boot mode:(3,7)

wdt reset
load 0x4010f000, len 1384, room 16 
tail 8
chksum 0x2d
csum 0x2d
v8b899c12
~ld


6.01
 0h00:04.701 2022/03/22T05:02:02z: DS3231
 0h00:04.716 2022/03/22T05:02:02z: BME280 (0x76)
 0h00:04.730 2022/03/22T05:02:02z: 84:f3:eb:7d:7:a8
 0h00:04.732 2022/03/22T05:02:02z: SSID: MU Open
 0h00:04.737 2022/03/22T05:02:02z: AP_STAR tmr
 ets Jan  8 2013,rst cause:4, boot mode:(3,7)

wdt reset
load 0x4010f000, len 1384, room 16 
tail 8
chksum 0x2d
csum 0x2d
v8b899c12
~ld


6.01
 0h00:04.333 2022/03/22T05:22:02z: DS3231
 0h00:04.348 2022/03/22T05:22:03z: BME280 (0x76)
 0h00:04.362 2022/03/22T05:22:03z: 84:f3:eb:7d:7:a8
 0h00:04.364 2022/03/22T05:22:03z: SSID: MU Open
 0h00:04.369 2022/03/22T05:22:03z: AP_STAR tmr
 ets Jan  8 2013,rst cause:4, boot mode:(3,7)

wdt reset
load 0x4010f000, len 1384, room 16 
tail 8
chksum 0x2d
csum 0x2d
v8b899c12
~ld


6.01
 0h00:04.253 2022/03/22T05:42:04z: DS3231
 0h00:04.268 2022/03/22T05:42:04z: BME280 (0x76)
 0h00:04.282 2022/03/22T05:42:04z: 84:f3:eb:7d:7:a8
 0h00:04.284 2022/03/22T05:42:04z: SSID: MU Open
 0h00:04.289 2022/03/22T05:42:04z: AP_STAR tmr
 ets Jan  8 2013,rst cause:4, boot mode:(3,7)

wdt reset
load 0x4010f000, len 1384, room 16 
tail 8
chksum 0x2d
csum 0x2d
v8b899c12
~ld


6.01
 0h00:04.728 2022/03/22T06:02:06z: DS3231
 0h00:04.743 2022/03/22T06:02:06z: BME280 (0x76)
 0h00:04.757 2022/03/22T06:02:06z: 84:f3:eb:7d:7:a8
 0h00:04.759 2022/03/22T06:02:06z: SSID: MU Open
 0h00:04.764 2022/03/22T06:02:06z: AP_STAR tmr
 ets Jan  8 2013,rst cause:4, boot mode:(3,7)

wdt reset
load 0x4010f000, len 1384, room 16 
tail 8
chksum 0x2d
csum 0x2d
v8b899c12
~ld


6.01
 0h00:04.458 2022/03/22T06:22:07z: DS3231
 0h00:04.473 2022/03/22T06:22:07z: BME280 (0x76)
 0h00:04.487 2022/03/22T06:22:07z: 84:f3:eb:7d:7:a8
 0h00:04.489 2022/03/22T06:22:07z: SSID: MU Open
 0h00:04.494 2022/03/22T06:22:07z: AP_STAR tmr
 ets Jan  8 2013,rst cause:4, boot mode:(3,7)

wdt reset
load 0x4010f000, len 1384, room 16 
tail 8
chksum 0x2d
csum 0x2d
v8b899c12
~ld


6.01
 0h00:04.435 2022/03/22T06:42:09z: DS3231
 0h00:04.451 2022/03/22T06:42:09z: BME280 (0x76)
 0h00:04.465 2022/03/22T06:42:09z: 84:f3:eb:7d:7:a8
 0h00:04.466 2022/03/22T06:42:09z: SSID: MU Open
 0h00:04.472 2022/03/22T06:42:09z: AP_STAR tmr
 ets Jan  8 2013,rst cause:4, boot mode:(3,7)

wdt reset
load 0x4010f000, len 1384, room 16 
tail 8
chksum 0x2d
csum 0x2d
v8b899c12
~ld


6.01
 0h00:04.684 2022/03/22T07:02:10z: DS3231
 0h00:04.699 2022/03/22T07:02:10z: BME280 (0x76)
 0h00:04.714 2022/03/22T07:02:10z: 84:f3:eb:7d:7:a8
 0h00:04.715 2022/03/22T07:02:10z: SSID: MU Open
 0h00:04.720 2022/03/22T07:02:10z: AP_STAR tmr
 ets Jan  8 2013,rst cause:4, boot mode:(3,7)

wdt reset
load 0x4010f000, len 1384, room 16 
tail 8
chksum 0x2d
csum 0x2d
v8b899c12
~ld


6.01
 0h00:04.479 2022/03/22T07:22:12z: DS3231
 0h00:04.494 2022/03/22T07:22:12z: BME280 (0x76)
 0h00:04.509 2022/03/22T07:22:12z: 84:f3:eb:7d:7:a8
 0h00:04.510 2022/03/22T07:22:12z: SSID: MU Open
 0h00:04.515 2022/03/22T07:22:12z: AP_STAR tmr
 ets Jan  8 2013,rst cause:4, boot mode:(3,7)

wdt reset
load 0x4010f000, len 1384, room 16 
tail 8
chksum 0x2d
csum 0x2d
v8b899c12
~ld


6.01
 0h00:04.417 2022/03/22T07:42:12z: DS3231
 0h00:04.432 2022/03/22T07:42:12z: BME280 (0x76)
 0h00:04.446 2022/03/22T07:42:12z: 84:f3:eb:7d:7:a8
 0h00:04.448 2022/03/22T07:42:12z: SSID: MU Open
 0h00:04.453 2022/03/22T07:42:12z: AP_STAR tmr
 ets Jan  8 2013,rst cause:4, boot mode:(3,7)

wdt reset
load 0x4010f000, len 1384, room 16 
tail 8
chksum 0x2d
csum 0x2d
v8b899c12
~ld


6.01
 0h00:04.615 2022/03/22T08:02:15z: DS3231
 0h00:04.631 2022/03/22T08:02:15z: BME280 (0x76)
 0h00:04.645 2022/03/22T08:02:15z: 84:f3:eb:7d:7:a8
 0h00:04.646 2022/03/22T08:02:15z: SSID: MU Open
 0h00:04.652 2022/03/22T08:02:15z: AP_STAR tmr
 ets Jan  8 2013,rst cause:4, boot mode:(3,7)

wdt reset
load 0x4010f000, len 1384, room 16 
tail 8
chksum 0x2d
csum 0x2d
v8b899c12
~ld


6.01
 0h00:04.608 2022/03/22T08:22:17z: DS3231
 0h00:04.623 2022/03/22T08:22:17z: BME280 (0x76)
 0h00:04.637 2022/03/22T08:22:17z: 84:f3:eb:7d:7:a8
 0h00:04.639 2022/03/22T08:22:17z: SSID: MU Open
 0h00:04.644 2022/03/22T08:22:17z: AP_STAR tmr
 ets Jan  8 2013,rst cause:4, boot mode:(3,7)

wdt reset
load 0x4010f000, len 1384, room 16 
tail 8
chksum 0x2d
csum 0x2d
v8b899c12
~ld


6.01
 0h00:04.391 2022/03/22T08:42:18z: DS3231
 0h00:04.406 2022/03/22T08:42:18z: BME280 (0x76)
 0h00:04.421 2022/03/22T08:42:18z: 84:f3:eb:7d:7:a8
 0h00:04.422 2022/03/22T08:42:18z: SSID: MU Open
 0h00:04.427 2022/03/22T08:42:18z: AP_STAR tmr
 ets Jan  8 2013,rst cause:4, boot mode:(3,7)

wdt reset
load 0x4010f000, len 1384, room 16 
tail 8
chksum 0x2d
csum 0x2d
v8b899c12
~ld


6.01
 0h00:04.616 2022/03/22T09:02:20z: DS3231
 0h00:04.631 2022/03/22T09:02:20z: BME280 (0x76)
 0h00:04.645 2022/03/22T09:02:20z: 84:f3:eb:7d:7:a8
 0h00:04.647 2022/03/22T09:02:20z: SSID: MU Open
 0h00:04.652 2022/03/22T09:02:20z: AP_STAR tmr
 ets Jan  8 2013,rst cause:4, boot mode:(3,7)

wdt reset
load 0x4010f000, len 1384, room 16 
tail 8
chksum 0x2d
csum 0x2d
v8b899c12
~ld


6.01
 0h00:04.360 2022/03/22T09:22:21z: DS3231
 0h00:04.375 2022/03/22T09:22:21z: BME280 (0x76)
 0h00:04.389 2022/03/22T09:22:21z: 84:f3:eb:7d:7:a8
 0h00:04.391 2022/03/22T09:22:21z: SSID: MU Open
 0h00:04.396 2022/03/22T09:22:21z: AP_STAR tmr
 ets Jan  8 2013,rst cause:4, boot mode:(3,7)

wdt reset
load 0x4010f000, len 1384, room 16 
tail 8
chksum 0x2d
csum 0x2d
v8b899c12
~ld


6.01
 0h00:04.354 2022/03/22T09:42:22z: DS3231
 0h00:04.369 2022/03/22T09:42:22z: BME280 (0x76)
 0h00:04.384 2022/03/22T09:42:22z: 84:f3:eb:7d:7:a8
 0h00:04.385 2022/03/22T09:42:22z: SSID: MU Open
 0h00:04.390 2022/03/22T09:42:22z: AP_STAR tmr
 ets Jan  8 2013,rst cause:4, boot mode:(3,7)

wdt reset
load 0x4010f000, len 1384, room 16 
tail 8
chksum 0x2d
csum 0x2d
v8b899c12
~ld


6.01
 0h00:04.507 2022/03/22T10:02:23z: DS3231
 0h00:04.522 2022/03/22T10:02:23z: BME280 (0x76)
 0h00:04.536 2022/03/22T10:02:23z: 84:f3:eb:7d:7:a8
 0h00:04.538 2022/03/22T10:02:23z: SSID: MU Open
 0h00:04.543 2022/03/22T10:02:23z: AP_STAR tmr
 ets Jan  8 2013,rst cause:4, boot mode:(3,7)

wdt reset
load 0x4010f000, len 1384, room 16 
tail 8
chksum 0x2d
csum 0x2d
v8b899c12
~ld


6.01
 0h00:04.365 2022/03/22T10:22:23z: DS3231
 0h00:04.380 2022/03/22T10:22:23z: BME280 (0x76)
 0h00:04.394 2022/03/22T10:22:23z: 84:f3:eb:7d:7:a8
 0h00:04.396 2022/03/22T10:22:23z: SSID: MU Open
 0h00:04.401 2022/03/22T10:22:23z: AP_STAR tmr
 ets Jan  8 2013,rst cause:4, boot mode:(3,7)

wdt reset
load 0x4010f000, len 1384, room 16 
tail 8
chksum 0x2d
csum 0x2d
v8b899c12
~ld


6.01
 0h00:04.548 2022/03/22T10:42:24z: DS3231
 0h00:04.564 2022/03/22T10:42:24z: BME280 (0x76)
 0h00:04.578 2022/03/22T10:42:24z: 84:f3:eb:7d:7:a8
 0h00:04.580 2022/03/22T10:42:24z: SSID: MU Open
 0h00:04.585 2022/03/22T10:42:24z: AP_STAR tmr
 ets Jan  8 2013,rst cause:4, boot mode:(3,7)

wdt reset
load 0x4010f000, len 1384, room 16 
tail 8
chksum 0x2d
csum 0x2d
v8b899c12
~ld


6.01
 0h00:04.388 2022/03/22T11:02:25z: DS3231
 0h00:04.403 2022/03/22T11:02:25z: BME280 (0x76)
 0h00:04.417 2022/03/22T11:02:25z: 84:f3:eb:7d:7:a8
 0h00:04.419 2022/03/22T11:02:25z: SSID: MU Open
 0h00:04.424 2022/03/22T11:02:25z: AP_STAR tmr
 ets Jan  8 2013,rst cause:4, boot mode:(3,7)

wdt reset
load 0x4010f000, len 1384, room 16 
tail 8
chksum 0x2d
csum 0x2d
v8b899c12
~ld


6.01
 0h00:04.378 2022/03/22T11:22:26z: DS3231
 0h00:04.393 2022/03/22T11:22:26z: BME280 (0x76)
 0h00:04.408 2022/03/22T11:22:26z: 84:f3:eb:7d:7:a8
 0h00:04.409 2022/03/22T11:22:26z: SSID: MU Open
 0h00:04.414 2022/03/22T11:22:26z: AP_STAR tmr
 ets Jan  8 2013,rst cause:4, boot mode:(3,7)

wdt reset
load 0x4010f000, len 1384, room 16 
tail 8
chksum 0x2d
csum 0x2d
v8b899c12
~ld


6.01
 0h00:04.393 2022/03/22T11:42:28z: DS3231
 0h00:04.408 2022/03/22T11:42:28z: BME280 (0x76)
 0h00:04.422 2022/03/22T11:42:28z: 84:f3:eb:7d:7:a8
 0h00:04.424 2022/03/22T11:42:28z: SSID: MU Open
 0h00:04.429 2022/03/22T11:42:28z: AP_STAR tmr
 ets Jan  8 2013,rst cause:4, boot mode:(3,7)

wdt reset
load 0x4010f000, len 1384, room 16 
tail 8
chksum 0x2d
csum 0x2d
v8b899c12
~ld


6.01
 0h00:04.163 2022/03/22T12:02:29z: DS3231
 0h00:04.179 2022/03/22T12:02:29z: BME280 (0x76)
 0h00:04.193 2022/03/22T12:02:29z: 84:f3:eb:7d:7:a8
 0h00:04.195 2022/03/22T12:02:29z: SSID: MU Open
 0h00:04.200 2022/03/22T12:02:29z: AP_STAR tmr
 ets Jan  8 2013,rst cause:4, boot mode:(3,7)

wdt reset
load 0x4010f000, len 1384, room 16 
tail 8
chksum 0x2d
csum 0x2d
v8b899c12
~ld


6.01
 0h00:04.604 2022/03/22T12:22:31z: DS3231
 0h00:04.619 2022/03/22T12:22:31z: BME280 (0x76)
 0h00:04.633 2022/03/22T12:22:31z: 84:f3:eb:7d:7:a8
 0h00:04.635 2022/03/22T12:22:31z: SSID: MU Open
 0h00:04.640 2022/03/22T12:22:31z: AP_STAR tmr
 ets Jan  8 2013,rst cause:4, boot mode:(3,7)

wdt reset
load 0x4010f000, len 1384, room 16 
tail 8
chksum 0x2d
csum 0x2d
v8b899c12
~ld


6.01
 0h00:04.549 2022/03/22T12:42:32z: DS3231
 0h00:04.565 2022/03/22T12:42:32z: BME280 (0x76)
 0h00:04.579 2022/03/22T12:42:32z: 84:f3:eb:7d:7:a8
 0h00:04.580 2022/03/22T12:42:32z: SSID: MU Open
 0h00:04.586 2022/03/22T12:42:32z: AP_STAR tmr
 ets Jan  8 2013,rst cause:4, boot mode:(3,7)

wdt reset
load 0x4010f000, len 1384, room 16 
tail 8
chksum 0x2d
csum 0x2d
v8b899c12
~ld


6.01
 0h00:04.342 2022/03/22T13:02:33z: DS3231
 0h00:04.358 2022/03/22T13:02:33z: BME280 (0x76)
 0h00:04.372 2022/03/22T13:02:33z: 84:f3:eb:7d:7:a8
 0h00:04.374 2022/03/22T13:02:33z: SSID: MU Open
 0h00:04.379 2022/03/22T13:02:33z: AP_STAR tmr
 ets Jan  8 2013,rst cause:4, boot mode:(3,7)

wdt reset
load 0x4010f000, len 1384, room 16 
tail 8
chksum 0x2d
csum 0x2d
v8b899c12
~ld


6.01
 0h00:04.550 2022/03/22T13:22:35z: DS3231
 0h00:04.566 2022/03/22T13:22:35z: BME280 (0x76)
 0h00:04.580 2022/03/22T13:22:35z: 84:f3:eb:7d:7:a8
 0h00:04.581 2022/03/22T13:22:35z: SSID: MU Open
 0h00:04.587 2022/03/22T13:22:35z: AP_STAR tmr
 ets Jan  8 2013,rst cause:4, boot mode:(3,7)

wdt reset
load 0x4010f000, len 1384, room 16 
tail 8
chksum 0x2d
csum 0x2d
v8b899c12
~ld


6.01
 0h00:04.688 2022/03/22T13:42:36z: DS3231
 0h00:04.703 2022/03/22T13:42:36z: BME280 (0x76)
 0h00:04.717 2022/03/22T13:42:36z: 84:f3:eb:7d:7:a8
 0h00:04.719 2022/03/22T13:42:36z: SSID: MU Open
 0h00:04.724 2022/03/22T13:42:36z: AP_STAR tmr
 ets Jan  8 2013,rst cause:4, boot mode:(3,7)

wdt reset
load 0x4010f000, len 1384, room 16 
tail 8
chksum 0x2d
csum 0x2d
v8b899c12
~ld


6.01
 0h00:04.701 2022/03/22T14:02:37z: DS3231
 0h00:04.716 2022/03/22T14:02:37z: BME280 (0x76)
 0h00:04.731 2022/03/22T14:02:37z: 84:f3:eb:7d:7:a8
 0h00:04.732 2022/03/22T14:02:37z: SSID: MU Open
 0h00:04.737 2022/03/22T14:02:37z: AP_STAR tmr
 ets Jan  8 2013,rst cause:4, boot mode:(3,7)

wdt reset
load 0x4010f000, len 1384, room 16 
tail 8
chksum 0x2d
csum 0x2d
v8b899c12
~ld


6.01
 0h00:04.581 2022/03/22T14:22:39z: DS3231
 0h00:04.596 2022/03/22T14:22:39z: BME280 (0x76)
 0h00:04.610 2022/03/22T14:22:39z: 84:f3:eb:7d:7:a8
 0h00:04.612 2022/03/22T14:22:39z: SSID: MU Open
 0h00:04.617 2022/03/22T14:22:39z: AP_STAR tmr
 ets Jan  8 2013,rst cause:4, boot mode:(3,7)

wdt reset
load 0x4010f000, len 1384, room 16 
tail 8
chksum 0x2d
csum 0x2d
v8b899c12
~ld


6.01
 0h00:04.459 2022/03/22T14:42:40z: DS3231
 0h00:04.474 2022/03/22T14:42:40z: BME280 (0x76)
 0h00:04.488 2022/03/22T14:42:40z: 84:f3:eb:7d:7:a8
 0h00:04.490 2022/03/22T14:42:40z: SSID: MU Open
 0h00:04.495 2022/03/22T14:42:40z: AP_STAR tmr
 ets Jan  8 2013,rst cause:4, boot mode:(3,7)

wdt reset
load 0x4010f000, len 1384, room 16 
tail 8
chksum 0x2d
csum 0x2d
v8b899c12
~ld


6.01
 0h00:04.531 2022/03/22T15:02:41z: DS3231
 0h00:04.546 2022/03/22T15:02:41z: BME280 (0x76)
 0h00:04.560 2022/03/22T15:02:41z: 84:f3:eb:7d:7:a8
 0h00:04.562 2022/03/22T15:02:41z: SSID: MU Open
 0h00:04.567 2022/03/22T15:02:41z: AP_STAR tmr
 ets Jan  8 2013,rst cause:4, boot mode:(3,7)

wdt reset
load 0x4010f000, len 1384, room 16 
tail 8
chksum 0x2d
csum 0x2d
v8b899c12
~ld


6.01
 0h00:04.597 2022/03/22T15:22:43z: DS3231
 0h00:04.612 2022/03/22T15:22:43z: BME280 (0x76)
 0h00:04.626 2022/03/22T15:22:43z: 84:f3:eb:7d:7:a8
 0h00:04.628 2022/03/22T15:22:43z: SSID: MU Open
 0h00:04.633 2022/03/22T15:22:43z: AP_STAR tmr
 ets Jan  8 2013,rst cause:4, boot mode:(3,7)

wdt reset
load 0x4010f000, len 1384, room 16 
tail 8
chksum 0x2d
csum 0x2d
v8b899c12
~ld


6.01
 0h00:04.476 2022/03/22T15:42:44z: DS3231
 0h00:04.491 2022/03/22T15:42:44z: BME280 (0x76)
 0h00:04.505 2022/03/22T15:42:44z: 84:f3:eb:7d:7:a8
 0h00:04.507 2022/03/22T15:42:44z: SSID: MU Open
 0h00:04.512 2022/03/22T15:42:44z: AP_STAR tmr
 ets Jan  8 2013,rst cause:4, boot mode:(3,7)

wdt reset
load 0x4010f000, len 1384, room 16 
tail 8
chksum 0x2d
csum 0x2d
v8b899c12
~ld


6.01
 0h00:04.410 2022/03/22T16:02:44z: DS3231
 0h00:04.425 2022/03/22T16:02:44z: BME280 (0x76)
 0h00:04.439 2022/03/22T16:02:44z: 84:f3:eb:7d:7:a8
 0h00:04.441 2022/03/22T16:02:44z: SSID: MU Open
 0h00:04.446 2022/03/22T16:02:44z: AP_STAR tmr
 ets Jan  8 2013,rst cause:4, boot mode:(3,7)

wdt reset
load 0x4010f000, len 1384, room 16 
tail 8
chksum 0x2d
csum 0x2d
v8b899c12
~ld


6.01
 0h00:04.439 2022/03/22T16:22:45z: DS3231
 0h00:04.454 2022/03/22T16:22:45z: BME280 (0x76)
 0h00:04.468 2022/03/22T16:22:45z: 84:f3:eb:7d:7:a8
 0h00:04.470 2022/03/22T16:22:45z: SSID: MU Open
 0h00:04.475 2022/03/22T16:22:45z: AP_STAR tmr
 ets Jan  8 2013,rst cause:4, boot mode:(3,7)

wdt reset
load 0x4010f000, len 1384, room 16 
tail 8
chksum 0x2d
csum 0x2d
v8b899c12
~ld


6.01
 0h00:04.503 2022/03/22T16:42:46z: DS3231
 0h00:04.518 2022/03/22T16:42:46z: BME280 (0x76)
 0h00:04.532 2022/03/22T16:42:46z: 84:f3:eb:7d:7:a8
 0h00:04.534 2022/03/22T16:42:46z: SSID: MU Open
 0h00:04.539 2022/03/22T16:42:46z: AP_STAR tmr
 ets Jan  8 2013,rst cause:4, boot mode:(3,7)

wdt reset
load 0x4010f000, len 1384, room 16 
tail 8
chksum 0x2d
csum 0x2d
v8b899c12
~ld


6.01
 0h00:04.391 2022/03/22T17:02:47z: DS3231
 0h00:04.407 2022/03/22T17:02:47z: BME280 (0x76)
 0h00:04.421 2022/03/22T17:02:47z: 84:f3:eb:7d:7:a8
 0h00:04.423 2022/03/22T17:02:47z: SSID: MU Open
 0h00:04.428 2022/03/22T17:02:47z: AP_STAR tmr
 ets Jan  8 2013,rst cause:4, boot mode:(3,7)

wdt reset
load 0x4010f000, len 1384, room 16 
tail 8
chksum 0x2d
csum 0x2d
v8b899c12
~ld


6.01
 0h00:04.533 2022/03/22T17:22:49z: DS3231
 0h00:04.548 2022/03/22T17:22:49z: BME280 (0x76)
 0h00:04.562 2022/03/22T17:22:49z: 84:f3:eb:7d:7:a8
 0h00:04.564 2022/03/22T17:22:49z: SSID: MU Open
 0h00:04.569 2022/03/22T17:22:49z: AP_STAR tmr
 ets Jan  8 2013,rst cause:4, boot mode:(3,7)

wdt reset
load 0x4010f000, len 1384, room 16 
tail 8
chksum 0x2d
csum 0x2d
v8b899c12
~ld


6.01
 0h00:04.560 2022/03/22T17:42:51z: DS3231
 0h00:04.576 2022/03/22T17:42:51z: BME280 (0x76)
 0h00:04.590 2022/03/22T17:42:51z: 84:f3:eb:7d:7:a8
 0h00:04.592 2022/03/22T17:42:51z: SSID: MU Open
 0h00:04.597 2022/03/22T17:42:51z: AP_STAR tmr
 ets Jan  8 2013,rst cause:4, boot mode:(3,7)

wdt reset
load 0x4010f000, len 1384, room 16 
tail 8
chksum 0x2d
csum 0x2d
v8b899c12
~ld


6.01
 0h00:04.377 2022/03/22T18:02:51z: DS3231
 0h00:04.393 2022/03/22T18:02:51z: BME280 (0x76)
 0h00:04.407 2022/03/22T18:02:51z: 84:f3:eb:7d:7:a8
 0h00:04.408 2022/03/22T18:02:51z: SSID: MU Open
 0h00:04.414 2022/03/22T18:02:51z: AP_STAR tmr
 ets Jan  8 2013,rst cause:4, boot mode:(3,7)

wdt reset
load 0x4010f000, len 1384, room 16 
tail 8
chksum 0x2d
csum 0x2d
v8b899c12
~ld


6.01
 0h00:04.394 2022/03/22T18:22:53z: DS3231
 0h00:04.410 2022/03/22T18:22:53z: BME280 (0x76)
 0h00:04.424 2022/03/22T18:22:53z: 84:f3:eb:7d:7:a8
 0h00:04.425 2022/03/22T18:22:53z: SSID: MU Open
 0h00:04.431 2022/03/22T18:22:53z: AP_STAR tmr
 ets Jan  8 2013,rst cause:4, boot mode:(3,7)

wdt reset
load 0x4010f000, len 1384, room 16 
tail 8
chksum 0x2d
csum 0x2d
v8b899c12
~ld


6.01
 0h00:04.430 2022/03/22T18:42:54z: DS3231
 0h00:04.445 2022/03/22T18:42:54z: BME280 (0x76)
 0h00:04.460 2022/03/22T18:42:54z: 84:f3:eb:7d:7:a8
 0h00:04.461 2022/03/22T18:42:54z: SSID: MU Open
 0h00:04.466 2022/03/22T18:42:54z: AP_STAR tmr
 ets Jan  8 2013,rst cause:4, boot mode:(3,7)

wdt reset
load 0x4010f000, len 1384, room 16 
tail 8
chksum 0x2d
csum 0x2d
v8b899c12
~ld


6.01
 0h00:04.592 2022/03/22T19:02:56z: DS3231
 0h00:04.607 2022/03/22T19:02:56z: BME280 (0x76)
 0h00:04.621 2022/03/22T19:02:56z: 84:f3:eb:7d:7:a8
 0h00:04.623 2022/03/22T19:02:56z: SSID: MU Open
 0h00:04.628 2022/03/22T19:02:56z: AP_STAR tmr
 ets Jan  8 2013,rst cause:4, boot mode:(3,7)

wdt reset
load 0x4010f000, len 1384, room 16 
tail 8
chksum 0x2d
csum 0x2d
v8b899c12
~ld


6.01
 0h00:04.405 2022/03/22T19:22:57z: DS3231
 0h00:04.420 2022/03/22T19:22:57z: BME280 (0x76)
 0h00:04.434 2022/03/22T19:22:57z: 84:f3:eb:7d:7:a8
 0h00:04.436 2022/03/22T19:22:57z: SSID: MU Open
 0h00:04.441 2022/03/22T19:22:57z: AP_STAR tmr
 ets Jan  8 2013,rst cause:4, boot mode:(3,7)

wdt reset
load 0x4010f000, len 1384, room 16 
tail 8
chksum 0x2d
csum 0x2d
v8b899c12
~ld


6.01
 0h00:04.306 2022/03/22T19:42:58z: DS3231
 0h00:04.322 2022/03/22T19:42:58z: BME280 (0x76)
 0h00:04.336 2022/03/22T19:42:58z: 84:f3:eb:7d:7:a8
 0h00:04.338 2022/03/22T19:42:58z: SSID: MU Open
 0h00:04.343 2022/03/22T19:42:58z: AP_STAR tmr
 ets Jan  8 2013,rst cause:4, boot mode:(3,7)

wdt reset
load 0x4010f000, len 1384, room 16 
tail 8
chksum 0x2d
csum 0x2d
v8b899c12
~ld


6.01
 0h00:04.466 2022/03/22T20:02:59z: DS3231
 0h00:04.481 2022/03/22T20:02:59z: BME280 (0x76)
 0h00:04.495 2022/03/22T20:02:59z: 84:f3:eb:7d:7:a8
 0h00:04.497 2022/03/22T20:02:59z: SSID: MU Open
 0h00:04.502 2022/03/22T20:02:59z: AP_STAR tmr
 ets Jan  8 2013,rst cause:4, boot mode:(3,7)

wdt reset
load 0x4010f000, len 1384, room 16 
tail 8
chksum 0x2d
csum 0x2d
v8b899c12
~ld


6.01
 0h00:04.357 2022/03/22T20:23:00z: DS3231
 0h00:04.372 2022/03/22T20:23:00z: BME280 (0x76)
 0h00:04.386 2022/03/22T20:23:00z: 84:f3:eb:7d:7:a8
 0h00:04.388 2022/03/22T20:23:00z: SSID: MU Open
 0h00:04.393 2022/03/22T20:23:00z: AP_STAR tmr
 ets Jan  8 2013,rst cause:4, boot mode:(3,7)

wdt reset
load 0x4010f000, len 1384, room 16 
tail 8
chksum 0x2d
csum 0x2d
v8b899c12
~ld


6.01
 0h00:04.544 2022/03/22T20:43:01z: DS3231
 0h00:04.559 2022/03/22T20:43:01z: BME280 (0x76)
 0h00:04.574 2022/03/22T20:43:01z: 84:f3:eb:7d:7:a8
 0h00:04.575 2022/03/22T20:43:01z: SSID: MU Open
 0h00:04.581 2022/03/22T20:43:01z: AP_STAR tmr
 ets Jan  8 2013,rst cause:4, boot mode:(3,7)

wdt reset
load 0x4010f000, len 1384, room 16 
tail 8
chksum 0x2d
csum 0x2d
v8b899c12
~ld


6.01
 0h00:04.599 2022/03/22T21:03:02z: DS3231
 0h00:04.614 2022/03/22T21:03:02z: BME280 (0x76)
 0h00:04.628 2022/03/22T21:03:02z: 84:f3:eb:7d:7:a8
 0h00:04.630 2022/03/22T21:03:02z: SSID: MU Open
 0h00:04.635 2022/03/22T21:03:02z: AP_STAR tmr
 ets Jan  8 2013,rst cause:4, boot mode:(3,7)

wdt reset
load 0x4010f000, len 1384, room 16 
tail 8
chksum 0x2d
csum 0x2d
v8b899c12
~ld


6.01
 0h00:04.574 2022/03/22T21:23:03z: DS3231
 0h00:04.590 2022/03/22T21:23:03z: BME280 (0x76)
 0h00:04.604 2022/03/22T21:23:03z: 84:f3:eb:7d:7:a8
 0h00:04.606 2022/03/22T21:23:03z: SSID: MU Open
 0h00:04.611 2022/03/22T21:23:03z: AP_STAR tmr
 ets Jan  8 2013,rst cause:4, boot mode:(3,7)

wdt reset
load 0x4010f000, len 1384, room 16 
tail 8
chksum 0x2d
csum 0x2d
v8b899c12
~ld


6.01
 0h00:04.638 2022/03/22T21:43:05z: DS3231
 0h00:04.653 2022/03/22T21:43:05z: BME280 (0x76)
 0h00:04.667 2022/03/22T21:43:05z: 84:f3:eb:7d:7:a8
 0h00:04.669 2022/03/22T21:43:05z: SSID: MU Open
 0h00:04.674 2022/03/22T21:43:05z: AP_STAR tmr
 ets Jan  8 2013,rst cause:4, boot mode:(3,7)

wdt reset
load 0x4010f000, len 1384, room 16 
tail 8
chksum 0x2d
csum 0x2d
v8b899c12
~ld


6.01
 0h00:04.574 2022/03/22T22:03:06z: DS3231
 0h00:04.590 2022/03/22T22:03:06z: BME280 (0x76)
 0h00:04.604 2022/03/22T22:03:06z: 84:f3:eb:7d:7:a8
 0h00:04.605 2022/03/22T22:03:06z: SSID: MU Open
 0h00:04.611 2022/03/22T22:03:06z: AP_STAR tmr
 ets Jan  8 2013,rst cause:4, boot mode:(3,7)

wdt reset
load 0x4010f000, len 1384, room 16 
tail 8
chksum 0x2d
csum 0x2d
v8b899c12
~ld


6.01
 0h00:04.448 2022/03/22T22:23:07z: DS3231
 0h00:04.463 2022/03/22T22:23:07z: BME280 (0x76)
 0h00:04.478 2022/03/22T22:23:07z: 84:f3:eb:7d:7:a8
 0h00:04.479 2022/03/22T22:23:07z: SSID: MU Open
 0h00:04.484 2022/03/22T22:23:07z: AP_STAR tmr
 ets Jan  8 2013,rst cause:4, boot mode:(3,7)

wdt reset
load 0x4010f000, len 1384, room 16 
tail 8
chksum 0x2d
csum 0x2d
v8b899c12
~ld


6.01
 0h00:04.672 2022/03/22T22:43:08z: DS3231
 0h00:04.687 2022/03/22T22:43:08z: BME280 (0x76)
 0h00:04.701 2022/03/22T22:43:08z: 84:f3:eb:7d:7:a8
 0h00:04.703 2022/03/22T22:43:08z: SSID: MU Open
 0h00:04.708 2022/03/22T22:43:08z: AP_STAR tmr
 ets Jan  8 2013,rst cause:4, boot mode:(3,7)

wdt reset
load 0x4010f000, len 1384, room 16 
tail 8
chksum 0x2d
csum 0x2d
v8b899c12
~ld


6.01
 0h00:04.584 2022/03/22T23:03:10z: DS3231
 0h00:04.599 2022/03/22T23:03:10z: BME280 (0x76)
 0h00:04.614 2022/03/22T23:03:10z: 84:f3:eb:7d:7:a8
 0h00:04.615 2022/03/22T23:03:10z: SSID: MU Open
 0h00:04.620 2022/03/22T23:03:10z: AP_STAR tmr
 ets Jan  8 2013,rst cause:4, boot mode:(3,7)

wdt reset
load 0x4010f000, len 1384, room 16 
tail 8
chksum 0x2d
csum 0x2d
v8b899c12
~ld


6.01
 0h00:04.401 2022/03/22T23:23:11z: DS3231
 0h00:04.417 2022/03/22T23:23:11z: BME280 (0x76)
 0h00:04.431 2022/03/22T23:23:11z: 84:f3:eb:7d:7:a8
 0h00:04.432 2022/03/22T23:23:11z: SSID: MU Open
 0h00:04.438 2022/03/22T23:23:11z: AP_STAR tmr
 ets Jan  8 2013,rst cause:4, boot mode:(3,7)

wdt reset
load 0x4010f000, len 1384, room 16 
tail 8
chksum 0x2d
csum 0x2d
v8b899c12
~ld


6.01
 0h00:04.612 2022/03/22T23:43:13z: DS3231
 0h00:04.627 2022/03/22T23:43:13z: BME280 (0x76)
 0h00:04.642 2022/03/22T23:43:13z: 84:f3:eb:7d:7:a8
 0h00:04.643 2022/03/22T23:43:13z: SSID: MU Open
 0h00:04.648 2022/03/22T23:43:13z: AP_STA