R tmr
 ets Jan  8 2013,rst cause:4, boot mode:(3,7)

wdt reset
load 0x4010f000, len 1384, room 16 
tail 8
chksum 0x2d
csum 0x2d
v8b899c12
~ld


6.01
 0h00:04.700 2022/06/29T00:18:48z: DS3231
 0h00:04.716 2022/06/29T00:18:48z: BME280 (0x76)
 0h00:04.730 2022/06/29T00:18:48z: 84:f3:eb:7d:7:a8
 0h00:04.732 2022/06/29T00:18:48z: SSID: MU Open
 0h00:04.737 2022/06/29T00:18:48z: AP_STAR tmr
 ets Jan  8 2013,rst cause:4, boot mode:(3,7)

wdt reset
load 0x4010f000, len 1384, room 16 
tail 8
chksum 0x2d
csum 0x2d
v8b899c12
~ld


6.01
 0h00:04.684 2022/06/29T00:38:50z: DS3231
 0h00:04.699 2022/06/29T00:38:51z: BME280 (0x76)
 0h00:04.714 2022/06/29T00:38:51z: 84:f3:eb:7d:7:a8
 0h00:04.715 2022/06/29T00:38:51z: SSID: MU Open
 0h00:04.720 2022/06/29T00:38:51z: AP_STAR tmr
 ets Jan  8 2013,rst cause:4, boot mode:(3,7)

wdt reset
load 0x4010f000, len 1384, room 16 
tail 8
chksum 0x2d
csum 0x2d
v8b899c12
~ld


6.01
 0h00:04.757 2022/06/29T00:58:53z: DS3231
 0h00:04.772 2022/06/29T00:58:53z: BME280 (0x76)
 0h00:04.787 2022/06/29T00:58:53z: 84:f3:eb:7d:7:a8
 0h00:04.788 2022/06/29T00:58:53z: SSID: MU Open
 0h00:04.793 2022/06/29T00:58:53z: AP_STAR tmr
 ets Jan  8 2013,rst cause:4, boot mode:(3,7)

wdt reset
load 0x4010f000, len 1384, room 16 
tail 8
chksum 0x2d
csum 0x2d
v8b899c12
~ld


6.01
 0h00:04.725 2022/06/29T01:18:57z: DS3231
 0h00:04.741 2022/06/29T01:18:57z: BME280 (0x76)
 0h00:04.755 2022/06/29T01:18:57z: 84:f3:eb:7d:7:a8
 0h00:04.757 2022/06/29T01:18:57z: SSID: MU Open
 0h00:04.762 2022/06/29T01:18:57z: AP_STAR tmr
 ets Jan  8 2013,rst cause:4, boot mode:(3,7)

wdt reset
load 0x4010f000, len 1384, room 16 
tail 8
chksum 0x2d
csum 0x2d
v8b899c12
~ld


6.01
 0h00:04.812 2022/06/29T01:39:00z: DS3231
 0h00:04.827 2022/06/29T01:39:00z: BME280 (0x76)
 0h00:04.841 2022/06/29T01:39:00z: 84:f3:eb:7d:7:a8
 0h00:04.843 2022/06/29T01:39:00z: SSID: MU Open
 0h00:04.848 2022/06/29T01:39:00z: AP_STAR tmr
 ets Jan  8 2013,rst cause:4, boot mode:(3,7)

wdt reset
load 0x4010f000, len 1384, room 16 
tail 8
chksum 0x2d
csum 0x2d
v8b899c12
~ld


6.01
 0h00:04.708 2022/06/29T01:59:02z: DS3231
 0h00:04.723 2022/06/29T01:59:03z: BME280 (0x76)
 0h00:04.737 2022/06/29T01:59:03z: 84:f3:eb:7d:7:a8
 0h00:04.739 2022/06/29T01:59:03z: SSID: MU Open
 0h00:04.744 2022/06/29T01:59:03z: AP_STAR tmr
 ets Jan  8 2013,rst cause:4, boot mode:(3,7)

wdt reset
load 0x4010f000, len 1384, room 16 
tail 8
chksum 0x2d
csum 0x2d
v8b899c12
~ld


6.01
 0h00:04.679 2022/06/29T02:19:05z: DS3231
 0h00:04.694 2022/06/29T02:19:05z: BME280 (0x76)
 0h00:04.708 2022/06/29T02:19:05z: 84:f3:eb:7d:7:a8
 0h00:04.710 2022/06/29T02:19:05z: SSID: MU Open
 0h00:04.715 2022/06/29T02:19:05z: AP_STAR tmr
 ets Jan  8 2013,rst cause:4, boot mode:(3,7)

wdt reset
load 0x4010f000, len 1384, room 16 
tail 8
chksum 0x2d
csum 0x2d
v8b899c12
~ld


6.01
 0h00:04.726 2022/06/29T02:39:08z: DS3231
 0h00:04.741 2022/06/29T02:39:08z: BME280 (0x76)
 0h00:04.755 2022/06/29T02:39:08z: 84:f3:eb:7d:7:a8
 0h00:04.757 2022/06/29T02:39:08z: SSID: MU Open
 0h00:04.762 2022/06/29T02:39:08z: AP_STAR tmr
 ets Jan  8 2013,rst cause:4, boot mode:(3,7)

wdt reset
load 0x4010f000, len 1384, room 16 
tail 8
chksum 0x2d
csum 0x2d
v8b899c12
~ld


6.01
 0h00:04.762 2022/06/29T02:59:10z: DS3231
 0h00:04.777 2022/06/29T02:59:10z: BME280 (0x76)
 0h00:04.791 2022/06/29T02:59:10z: 84:f3:eb:7d:7:a8
 0h00:04.793 2022/06/29T02:59:10z: SSID: MU Open
 0h00:04.798 2022/06/29T02:59:10z: AP_STAR tmr
 ets Jan  8 2013,rst cause:4, boot mode:(3,7)

wdt reset
load 0x4010f000, len 1384, room 16 
tail 8
chksum 0x2d
csum 0x2d
v8b899c12
~ld


6.01
 0h00:04.741 2022/06/29T03:19:13z: DS3231
 0h00:04.756 2022/06/29T03:19:13z: BME280 (0x76)
 0h00:04.770 2022/06/29T03:19:13z: 84:f3:eb:7d:7:a8
 0h00:04.772 2022/06/29T03:19:13z: SSID: MU Open
 0h00:04.777 2022/06/29T03:19:13z: AP_STAR tmr
 ets Jan  8 2013,rst cause:4, boot mode:(3,7)

wdt reset
load 0x4010f000, len 1384, room 16 
tail 8
chksum 0x2d
csum 0x2d
v8b899c12
~ld


6.01
 0h00:04.456 2022/06/29T03:39:15z: DS3231
 0h00:04.472 2022/06/29T03:39:16z: BME280 (0x76)
 0h00:04.486 2022/06/29T03:39:16z: 84:f3:eb:7d:7:a8
 0h00:04.487 2022/06/29T03:39:16z: SSID: MU Open
 0h00:04.493 2022/06/29T03:39:16z: AP_STAR tmr
 ets Jan  8 2013,rst cause:4, boot mode:(3,7)

wdt reset
load 0x4010f000, len 1384, room 16 
tail 8
chksum 0x2d
csum 0x2d
v8b899c12
~ld


6.01
 0h00:04.601 2022/06/29T03:59:18z: DS3231
 0h00:04.616 2022/06/29T03:59:18z: BME280 (0x76)
 0h00:04.631 2022/06/29T03:59:18z: 84:f3:eb:7d:7:a8
 0h00:04.632 2022/06/29T03:59:18z: SSID: MU Open
 0h00:04.637 2022/06/29T03:59:18z: AP_STAR tmr
 ets Jan  8 2013,rst cause:4, boot mode:(3,7)

wdt reset
load 0x4010f000, len 1384, room 16 
tail 8
chksum 0x2d
csum 0x2d
v8b899c12
~ld


6.01
 0h00:04.686 2022/06/29T04:19:20z: DS3231
 0h00:04.701 2022/06/29T04:19:20z: BME280 (0x76)
 0h00:04.715 2022/06/29T04:19:21z: 84:f3:eb:7d:7:a8
 0h00:04.717 2022/06/29T04:19:21z: SSID: MU Open
 0h00:04.722 2022/06/29T04:19:21z: AP_STAR tmr
 ets Jan  8 2013,rst cause:4, boot mode:(3,7)

wdt reset
load 0x4010f000, len 1384, room 16 
tail 8
chksum 0x2d
csum 0x2d
v8b899c12
~ld


6.01
 0h00:04.779 2022/06/29T04:39:23z: DS3231
 0h00:04.794 2022/06/29T04:39:23z: BME280 (0x76)
 0h00:04.808 2022/06/29T04:39:23z: 84:f3:eb:7d:7:a8
 0h00:04.810 2022/06/29T04:39:23z: SSID: MU Open
 0h00:04.815 2022/06/29T04:39:23z: AP_STAR tmr
 ets Jan  8 2013,rst cause:4, boot mode:(3,7)

wdt reset
load 0x4010f000, len 1384, room 16 
tail 8
chksum 0x2d
csum 0x2d
v8b899c12
~ld


6.01
 0h00:04.601 2022/06/29T04:59:25z: DS3231
 0h00:04.616 2022/06/29T04:59:25z: BME280 (0x76)
 0h00:04.630 2022/06/29T04:59:25z: 84:f3:eb:7d:7:a8
 0h00:04.632 2022/06/29T04:59:25z: SSID: MU Open
 0h00:04.637 2022/06/29T04:59:25z: AP_STAR tmr
 ets Jan  8 2013,rst cause:4, boot mode:(3,7)

wdt reset
load 0x4010f000, len 1384, room 16 
tail 8
chksum 0x2d
csum 0x2d
v8b899c12
~ld


6.01
 0h00:04.926 2022/06/29T05:19:29z: DS3231
 0h00:04.941 2022/06/29T05:19:29z: BME280 (0x76)
 0h00:04.955 2022/06/29T05:19:29z: 84:f3:eb:7d:7:a8
 0h00:04.957 2022/06/29T05:19:29z: SSID: MU Open
 0h00:04.962 2022/06/29T05:19:29z: AP_STAR tmr
 ets Jan  8 2013,rst cause:4, boot mode:(3,7)

wdt reset
load 0x4010f000, len 1384, room 16 
tail 8
chksum 0x2d
csum 0x2d
v8b899c12
~ld


6.01
 0h00:04.802 2022/06/29T05:39:31z: DS3231
 0h00:04.817 2022/06/29T05:39:31z: BME280 (0x76)
 0h00:04.831 2022/06/29T05:39:31z: 84:f3:eb:7d:7:a8
 0h00:04.833 2022/06/29T05:39:31z: SSID: MU Open
 0h00:04.838 2022/06/29T05:39:31z: AP_STAR tmr
 ets Jan  8 2013,rst cause:4, boot mode:(3,7)

wdt reset
load 0x4010f000, len 1384, room 16 
tail 8
chksum 0x2d
csum 0x2d
v8b899c12
~ld


6.01
 0h00:04.825 2022/06/29T05:59:34z: DS3231
 0h00:04.840 2022/06/29T05:59:34z: BME280 (0x76)
 0h00:04.854 2022/06/29T05:59:34z: 84:f3:eb:7d:7:a8
 0h00:04.856 2022/06/29T05:59:34z: SSID: MU Open
 0h00:04.861 2022/06/29T05:59:34z: AP_STAR tmr
 ets Jan  8 2013,rst cause:4, boot mode:(3,7)

wdt reset
load 0x4010f000, len 1384, room 16 
tail 8
chksum 0x2d
csum 0x2d
v8b899c12
~ld


6.01
 0h00:04.474 2022/06/29T06:19:36z: DS3231
 0h00:04.489 2022/06/29T06:19:36z: BME280 (0x76)
 0h00:04.503 2022/06/29T06:19:36z: 84:f3:eb:7d:7:a8
 0h00:04.505 2022/06/29T06:19:36z: SSID: MU Open
 0h00:04.510 2022/06/29T06:19:36z: AP_STAR tmr
 ets Jan  8 2013,rst cause:4, boot mode:(3,7)

wdt reset
load 0x4010f000, len 1384, room 16 
tail 8
chksum 0x2d
csum 0x2d
v8b899c12
~ld


6.01
 0h00:04.810 2022/06/29T06:39:39z: DS3231
 0h00:04.826 2022/06/29T06:39:39z: BME280 (0x76)
 0h00:04.840 2022/06/29T06:39:39z: 84:f3:eb:7d:7:a8
 0h00:04.842 2022/06/29T06:39:39z: SSID: MU Open
 0h00:04.847 2022/06/29T06:39:39z: AP_STAR tmr
 ets Jan  8 2013,rst cause:4, boot mode:(3,7)

wdt reset
load 0x4010f000, len 1384, room 16 
tail 8
chksum 0x2d
csum 0x2d
v8b899c12
~ld


6.01
 0h00:04.555 2022/06/29T06:59:41z: DS3231
 0h00:04.570 2022/06/29T06:59:41z: BME280 (0x76)
 0h00:04.584 2022/06/29T06:59:41z: 84:f3:eb:7d:7:a8
 0h00:04.586 2022/06/29T06:59:41z: SSID: MU Open
 0h00:04.591 2022/06/29T06:59:41z: AP_STAR tmr
 ets Jan  8 2013,rst cause:4, boot mode:(3,7)

wdt reset
load 0x4010f000, len 1384, room 16 
tail 8
chksum 0x2d
csum 0x2d
v8b899c12
~ld


6.01
 0h00:04.763 2022/06/29T07:19:43z: DS3231
 0h00:04.778 2022/06/29T07:19:43z: BME280 (0x76)
 0h00:04.793 2022/06/29T07:19:43z: 84:f3:eb:7d:7:a8
 0h00:04.794 2022/06/29T07:19:43z: SSID: MU Open
 0h00:04.799 2022/06/29T07:19:43z: AP_STAR tmr
 ets Jan  8 2013,rst cause:4, boot mode:(3,7)

wdt reset
load 0x4010f000, len 1384, room 16 
tail 8
chksum 0x2d
csum 0x2d
v8b899c12
~ld


6.01
 0h00:04.857 2022/06/29T07:39:46z: DS3231
 0h00:04.873 2022/06/29T07:39:46z: BME280 (0x76)
 0h00:04.887 2022/06/29T07:39:46z: 84:f3:eb:7d:7:a8
 0h00:04.888 2022/06/29T07:39:46z: SSID: MU Open
 0h00:04.894 2022/06/29T07:39:46z: AP_STAR tmr
 ets Jan  8 2013,rst cause:4, boot mode:(3,7)

wdt reset
load 0x4010f000, len 1384, room 16 
tail 8
chksum 0x2d
csum 0x2d
v8b899c12
~ld


6.01
 0h00:04.743 2022/06/29T07:59:48z: DS3231
 0h00:04.758 2022/06/29T07:59:48z: BME280 (0x76)
 0h00:04.772 2022/06/29T07:59:49z: 84:f3:eb:7d:7:a8
 0h00:04.774 2022/06/29T07:59:49z: SSID: MU Open
 0h00:04.779 2022/06/29T07:59:49z: AP_STAR tmr
 ets Jan  8 2013,rst cause:4, boot mode:(3,7)

wdt reset
load 0x4010f000, len 1384, room 16 
tail 8
chksum 0x2d
csum 0x2d
v8b899c12
~ld


6.01
 0h00:04.809 2022/06/29T08:19:51z: DS3231
 0h00:04.825 2022/06/29T08:19:51z: BME280 (0x76)
 0h00:04.839 2022/06/29T08:19:51z: 84:f3:eb:7d:7:a8
 0h00:04.841 2022/06/29T08:19:51z: SSID: MU Open
 0h00:04.846 2022/06/29T08:19:51z: AP_STAR tmr
 ets Jan  8 2013,rst cause:4, boot mode:(3,7)

wdt reset
load 0x4010f000, len 1384, room 16 
tail 8
chksum 0x2d
csum 0x2d
v8b899c12
~ld


6.01
 0h00:04.849 2022/06/29T08:39:54z: DS3231
 0h00:04.864 2022/06/29T08:39:54z: BME280 (0x76)
 0h00:04.878 2022/06/29T08:39:54z: 84:f3:eb:7d:7:a8
 0h00:04.880 2022/06/29T08:39:54z: SSID: MU Open
 0h00:04.885 2022/06/29T08:39:54z: AP_STAR tmr
 ets Jan  8 2013,rst cause:4, boot mode:(3,7)

wdt reset
load 0x4010f000, len 1384, room 16 
tail 8
chksum 0x2d
csum 0x2d
v8b899c12
~ld


6.01
 0h00:04.824 2022/06/29T08:59:56z: DS3231
 0h00:04.840 2022/06/29T08:59:57z: BME280 (0x76)
 0h00:04.854 2022/06/29T08:59:57z: 84:f3:eb:7d:7:a8
 0h00:04.855 2022/06/29T08:59:57z: SSID: MU Open
 0h00:04.861 2022/06/29T08:59:57z: AP_STAR tmr
 ets Jan  8 2013,rst cause:4, boot mode:(3,7)

wdt reset
load 0x4010f000, len 1384, room 16 
tail 8
chksum 0x2d
csum 0x2d
v8b899c12
~ld


6.01
 0h00:04.731 2022/06/29T09:19:59z: DS3231
 0h00:04.746 2022/06/29T09:19:59z: BME280 (0x76)
 0h00:04.761 2022/06/29T09:19:59z: 84:f3:eb:7d:7:a8
 0h00:04.762 2022/06/29T09:19:59z: SSID: MU Open
 0h00:04.767 2022/06/29T09:19:59z: AP_STAR tmr
 ets Jan  8 2013,rst cause:4, boot mode:(3,7)

wdt reset
load 0x4010f000, len 1384, room 16 
tail 8
chksum 0x2d
csum 0x2d
v8b899c12
~ld


6.01
 0h00:04.465 2022/06/29T09:40:01z: DS3231
 0h00:04.480 2022/06/29T09:40:01z: BME280 (0x76)
 0h00:04.494 2022/06/29T09:40:01z: 84:f3:eb:7d:7:a8
 0h00:04.496 2022/06/29T09:40:01z: SSID: MU Open
 0h00:04.501 2022/06/29T09:40:01z: AP_STAR tmr
 ets Jan  8 2013,rst cause:4, boot mode:(3,7)

wdt reset
load 0x4010f000, len 1384, room 16 
tail 8
chksum 0x2d
csum 0x2d
v8b899c12
~ld


6.01
 0h00:04.700 2022/06/29T10:00:04z: DS3231
 0h00:04.715 2022/06/29T10:00:04z: BME280 (0x76)
 0h00:04.729 2022/06/29T10:00:04z: 84:f3:eb:7d:7:a8
 0h00:04.731 2022/06/29T10:00:04z: SSID: MU Open
 0h00:04.736 2022/06/29T10:00:04z: AP_STAR tmr
 ets Jan  8 2013,rst cause:4, boot mode:(3,7)

wdt reset
load 0x4010f000, len 1384, room 16 
tail 8
chksum 0x2d
csum 0x2d
v8b899c12
~ld


6.01
 0h00:04.847 2022/06/29T10:20:07z: DS3231
 0h00:04.862 2022/06/29T10:20:07z: BME280 (0x76)
 0h00:04.877 2022/06/29T10:20:07z: 84:f3:eb:7d:7:a8
 0h00:04.878 2022/06/29T10:20:07z: SSID: MU Open
 0h00:04.883 2022/06/29T10:20:07z: AP_STAR tmr
 ets Jan  8 2013,rst cause:4, boot mode:(3,7)

wdt reset
load 0x4010f000, len 1384, room 16 
tail 8
chksum 0x2d
csum 0x2d
v8b899c12
~ld


6.01
 0h00:04.748 2022/06/29T10:40:10z: DS3231
 0h00:04.764 2022/06/29T10:40:10z: BME280 (0x76)
 0h00:04.778 2022/06/29T10:40:10z: 84:f3:eb:7d:7:a8
 0h00:04.780 2022/06/29T10:40:10z: SSID: MU Open
 0h00:04.785 2022/06/29T10:40:10z: AP_STAR tmr
 ets Jan  8 2013,rst cause:4, boot mode:(3,7)

wdt reset
load 0x4010f000, len 1384, room 16 
tail 8
chksum 0x2d
csum 0x2d
v8b899c12
~ld


6.01
 0h00:04.637 2022/06/29T11:00:12z: DS3231
 0h00:04.652 2022/06/29T11:00:12z: BME280 (0x76)
 0h00:04.666 2022/06/29T11:00:12z: 84:f3:eb:7d:7:a8
 0h00:04.668 2022/06/29T11:00:12z: SSID: MU Open
 0h00:04.673 2022/06/29T11:00:12z: AP_STAR tmr
 ets Jan  8 2013,rst cause:4, boot mode:(3,7)

wdt reset
load 0x4010f000, len 1384, room 16 
tail 8
chksum 0x2d
csum 0x2d
v8b899c12
~ld


6.01
 0h00:04.653 2022/06/29T11:20:15z: DS3231
 0h00:04.669 2022/06/29T11:20:15z: BME280 (0x76)
 0h00:04.683 2022/06/29T11:20:15z: 84:f3:eb:7d:7:a8
 0h00:04.685 2022/06/29T11:20:15z: SSID: MU Open
 0h00:04.690 2022/06/29T11:20:15z: AP_STAR tmr
 ets Jan  8 2013,rst cause:4, boot mode:(3,7)

wdt reset
load 0x4010f000, len 1384, room 16 
tail 8
chksum 0x2d
csum 0x2d
v8b899c12
~ld


6.01
 0h00:04.784 2022/06/29T11:40:18z: DS3231
 0h00:04.800 2022/06/29T11:40:18z: BME280 (0x76)
 0h00:04.814 2022/06/29T11:40:18z: 84:f3:eb:7d:7:a8
 0h00:04.816 2022/06/29T11:40:18z: SSID: MU Open
 0h00:04.821 2022/06/29T11:40:18z: AP_STAR tmr
 ets Jan  8 2013,rst cause:4, boot mode:(3,7)

wdt reset
load 0x4010f000, len 1384, room 16 
tail 8
chksum 0x2d
csum 0x2d
v8b899c12
~ld


6.01
 0h00:04.719 2022/06/29T12:00:21z: DS3231
 0h00:04.734 2022/06/29T12:00:21z: BME280 (0x76)
 0h00:04.748 2022/06/29T12:00:21z: 84:f3:eb:7d:7:a8
 0h00:04.750 2022/06/29T12:00:21z: SSID: MU Open
 0h00:04.755 2022/06/29T12:00:21z: AP_STAR tmr
 ets Jan  8 2013,rst cause:4, boot mode:(3,7)

wdt reset
load 0x4010f000, len 1384, room 16 
tail 8
chksum 0x2d
csum 0x2d
v8b899c12
~ld


6.01
 0h00:04.708 2022/06/29T12:20:23z: DS3231
 0h00:04.723 2022/06/29T12:20:23z: BME280 (0x76)
 0h00:04.737 2022/06/29T12:20:23z: 84:f3:eb:7d:7:a8
 0h00:04.739 2022/06/29T12:20:23z: SSID: MU Open
 0h00:04.744 2022/06/29T12:20:23z: AP_STAR tmr
 ets Jan  8 2013,rst cause:4, boot mode:(3,7)

wdt reset
load 0x4010f000, len 1384, room 16 
tail 8
chksum 0x2d
csum 0x2d
v8b899c12
~ld


6.01
 0h00:04.717 2022/06/29T12:40:25z: DS3231
 0h00:04.732 2022/06/29T12:40:25z: BME280 (0x76)
 0h00:04.746 2022/06/29T12:40:25z: 84:f3:eb:7d:7:a8
 0h00:04.748 2022/06/29T12:40:25z: SSID: MU Open
 0h00:04.753 2022/06/29T12:40:25z: AP_STAR tmr
 ets Jan  8 2013,rst cause:4, boot mode:(3,7)

wdt reset
load 0x4010f000, len 1384, room 16 
tail 8
chksum 0x2d
csum 0x2d
v8b899c12
~ld


6.01
 0h00:04.710 2022/06/29T13:00:28z: DS3231
 0h00:04.725 2022/06/29T13:00:28z: BME280 (0x76)
 0h00:04.739 2022/06/29T13:00:28z: 84:f3:eb:7d:7:a8
 0h00:04.741 2022/06/29T13:00:28z: SSID: MU Open
 0h00:04.746 2022/06/29T13:00:28z: AP_STAR tmr
 ets Jan  8 2013,rst cause:4, boot mode:(3,7)

wdt reset
load 0x4010f000, len 1384, room 16 
tail 8
chksum 0x2d
csum 0x2d
v8b899c12
~ld


6.01
 0h00:04.673 2022/06/29T13:20:31z: DS3231
 0h00:04.688 2022/06/29T13:20:31z: BME280 (0x76)
 0h00:04.703 2022/06/29T13:20:31z: 84:f3:eb:7d:7:a8
 0h00:04.704 2022/06/29T13:20:31z: SSID: MU Open
 0h00:04.709 2022/06/29T13:20:31z: AP_STAR tmr
 ets Jan  8 2013,rst cause:4, boot mode:(3,7)

wdt reset
load 0x4010f000, len 1384, room 16 
tail 8
chksum 0x2d
csum 0x2d
v8b899c12
~ld


6.01
 0h00:04.730 2022/06/29T13:40:33z: DS3231
 0h00:04.745 2022/06/29T13:40:33z: BME280 (0x76)
 0h00:04.759 2022/06/29T13:40:33z: 84:f3:eb:7d:7:a8
 0h00:04.761 2022/06/29T13:40:33z: SSID: MU Open
 0h00:04.766 2022/06/29T13:40:33z: AP_STAR tmr
 ets Jan  8 2013,rst cause:4, boot mode:(3,7)

wdt reset
load 0x4010f000, len 1384, room 16 
tail 8
chksum 0x2d
csum 0x2d
v8b899c12
~ld


6.01
 0h00:04.595 2022/06/29T14:00:35z: DS3231
 0h00:04.610 2022/06/29T14:00:35z: BME280 (0x76)
 0h00:04.624 2022/06/29T14:00:35z: 84:f3:eb:7d:7:a8
 0h00:04.626 2022/06/29T14:00:35z: SSID: MU Open
 0h00:04.631 2022/06/29T14:00:35z: AP_STAR tmr
 ets Jan  8 2013,rst cause:4, boot mode:(3,7)

wdt reset
load 0x4010f000, len 1384, room 16 
tail 8
chksum 0x2d
csum 0x2d
v8b899c12
~ld


6.01
 0h00:04.321 2022/06/29T14:20:37z: DS3231
 0h00:04.337 2022/06/29T14:20:37z: BME280 (0x76)
 0h00:04.351 2022/06/29T14:20:37z: 84:f3:eb:7d:7:a8
 0h00:04.353 2022/06/29T14:20:37z: SSID: MU Open
 0h00:04.358 2022/06/29T14:20:37z: AP_STAR tmr
 ets Jan  8 2013,rst cause:4, boot mode:(3,7)

wdt reset
load 0x4010f000, len 1384, room 16 
tail 8
chksum 0x2d
csum 0x2d
v8b899c12
~ld


6.01
 0h00:04.517 2022/06/29T14:40:39z: DS3231
 0h00:04.533 2022/06/29T14:40:39z: BME280 (0x76)
 0h00:04.547 2022/06/29T14:40:39z: 84:f3:eb:7d:7:a8
 0h00:04.548 2022/06/29T14:40:39z: SSID: MU Open
 0h00:04.554 2022/06/29T14:40:39z: AP_STAR tmr
 ets Jan  8 2013,rst cause:4, boot mode:(3,7)

wdt reset
load 0x4010f000, len 1384, room 16 
tail 8
chksum 0x2d
csum 0x2d
v8b899c12
~ld


6.01
 0h00:04.497 2022/06/29T15:00:41z: DS3231
 0h00:04.512 2022/06/29T15:00:41z: BME280 (0x76)
 0h00:04.527 2022/06/29T15:00:41z: 84:f3:eb:7d:7:a8
 0h00:04.528 2022/06/29T15:00:41z: SSID: MU Open
 0h00:04.533 2022/06/29T15:00:41z: AP_STAR tmr
 ets Jan  8 2013,rst cause:4, boot mode:(3,7)

wdt reset
load 0x4010f000, len 1384, room 16 
tail 8
chksum 0x2d
csum 0x2d
v8b899c12
~ld


6.01
 0h00:04.511 2022/06/29T15:20:44z: DS3231
 0h00:04.526 2022/06/29T15:20:44z: BME280 (0x76)
 0h00:04.540 2022/06/29T15:20:44z: 84:f3:eb:7d:7:a8
 0h00:04.542 2022/06/29T15:20:44z: SSID: MU Open
 0h00:04.547 2022/06/29T15:20:44z: AP_STAR tmr
 ets Jan  8 2013,rst cause:4, boot mode:(3,7)

wdt reset
load 0x4010f000, len 1384, room 16 
tail 8
chksum 0x2d
csum 0x2d
v8b899c12
~ld


6.01
 0h00:04.566 2022/06/29T15:40:46z: DS3231
 0h00:04.582 2022/06/29T15:40:46z: BME280 (0x76)
 0h00:04.596 2022/06/29T15:40:46z: 84:f3:eb:7d:7:a8
 0h00:04.598 2022/06/29T15:40:46z: SSID: MU Open
 0h00:04.603 2022/06/29T15:40:46z: AP_STAR tmr
 ets Jan  8 2013,rst cause:4, boot mode:(3,7)

wdt reset
load 0x4010f000, len 1384, room 16 
tail 8
chksum 0x2d
csum 0x2d
v8b899c12
~ld


6.01
 0h00:04.655 2022/06/29T16:00:49z: DS3231
 0h00:04.670 2022/06/29T16:00:49z: BME280 (0x76)
 0h00:04.684 2022/06/29T16:00:49z: 84:f3:eb:7d:7:a8
 0h00:04.686 2022/06/29T16:00:49z: SSID: MU Open
 0h00:04.691 2022/06/29T16:00:49z: AP_STAR tmr
 ets Jan  8 2013,rst cause:4, boot mode:(3,7)

wdt reset
load 0x4010f000, len 1384, room 16 
tail 8
chksum 0x2d
csum 0x2d
v8b899c12
~ld


6.01
 0h00:04.590 2022/06/29T16:20:52z: DS3231
 0h00:04.605 2022/06/29T16:20:52z: BME280 (0x76)
 0h00:04.619 2022/06/29T16:20:52z: 84:f3:eb:7d:7:a8
 0h00:04.621 2022/06/29T16:20:52z: SSID: MU Open
 0h00:04.626 2022/06/29T16:20:52z: AP_STAR tmr
 ets Jan  8 2013,rst cause:4, boot mode:(3,7)

wdt reset
load 0x4010f000, len 1384, room 16 
tail 8
chksum 0x2d
csum 0x2d
v8b899c12
~ld


6.01
 0h00:04.597 2022/06/29T16:40:55z: DS3231
 0h00:04.612 2022/06/29T16:40:55z: BME280 (0x76)
 0h00:04.626 2022/06/29T16:40:55z: 84:f3:eb:7d:7:a8
 0h00:04.628 2022/06/29T16:40:55z: SSID: MU Open
 0h00:04.633 2022/06/29T16:40:55z: AP_STAR tmr
 ets Jan  8 2013,rst cause:4, boot mode:(3,7)

wdt reset
load 0x4010f000, len 1384, room 16 
tail 8
chksum 0x2d
csum 0x2d
v8b899c12
~ld


6.01
 0h00:04.601 2022/06/29T17:00:56z: DS3231
 0h00:04.616 2022/06/29T17:00:57z: BME280 (0x76)
 0h00:04.630 2022/06/29T17:00:57z: 84:f3:eb:7d:7:a8
 0h00:04.632 2022/06/29T17:00:57z: SSID: MU Open
 0h00:04.637 2022/06/29T17:00:57z: AP_STAR tmr
 ets Jan  8 2013,rst cause:4, boot mode:(3,7)

wdt reset
load 0x4010f000, len 1384, room 16 
tail 8
chksum 0x2d
csum 0x2d
v8b899c12
~ld


6.01
 0h00:04.637 2022/06/29T17:20:59z: DS3231
 0h00:04.652 2022/06/29T17:20:59z: BME280 (0x76)
 0h00:04.667 2022/06/29T17:20:59z: 84:f3:eb:7d:7:a8
 0h00:04.668 2022/06/29T17:20:59z: SSID: MU Open
 0h00:04.674 2022/06/29T17:20:59z: AP_STAR tmr
 ets Jan  8 2013,rst cause:4, boot mode:(3,7)

wdt reset
load 0x4010f000, len 1384, room 16 
tail 8
chksum 0x2d
csum 0x2d
v8b899c12
~ld


6.01
 0h00:04.637 2022/06/29T17:41:01z: DS3231
 0h00:04.652 2022/06/29T17:41:01z: BME280 (0x76)
 0h00:04.666 2022/06/29T17:41:01z: 84:f3:eb:7d:7:a8
 0h00:04.668 2022/06/29T17:41:01z: SSID: MU Open
 0h00:04.673 2022/06/29T17:41:01z: AP_STAR tmr
 ets Jan  8 2013,rst cause:4, boot mode:(3,7)

wdt reset
load 0x4010f000, len 1384, room 16 
tail 8
chksum 0x2d
csum 0x2d
v8b899c12
~ld


6.01
 0h00:04.605 2022/06/29T18:01:04z: DS3231
 0h00:04.620 2022/06/29T18:01:04z: BME280 (0x76)
 0h00:04.634 2022/06/29T18:01:04z: 84:f3:eb:7d:7:a8
 0h00:04.636 2022/06/29T18:01:04z: SSID: MU Open
 0h00:04.641 2022/06/29T18:01:04z: AP_STAR tmr
 ets Jan  8 2013,rst cause:4, boot mode:(3,7)

wdt reset
load 0x4010f000, len 1384, room 16 
tail 8
chksum 0x2d
csum 0x2d
v8b899c12
~ld


6.01
 0h00:04.651 2022/06/29T18:21:07z: DS3231
 0h00:04.667 2022/06/29T18:21:07z: BME280 (0x76)
 0h00:04.681 2022/06/29T18:21:07z: 84:f3:eb:7d:7:a8
 0h00:04.683 2022/06/29T18:21:07z: SSID: MU Open
 0h00:04.688 2022/06/29T18:21:07z: AP_STAR tmr
 ets Jan  8 2013,rst cause:4, boot mode:(3,7)

wdt reset
load 0x4010f000, len 1384, room 16 
tail 8
chksum 0x2d
csum 0x2d
v8b899c12
~ld


6.01
 0h00:04.639 2022/06/29T18:41:10z: DS3231
 0h00:04.654 2022/06/29T18:41:10z: BME280 (0x76)
 0h00:04.669 2022/06/29T18:41:10z: 84:f3:eb:7d:7:a8
 0h00:04.670 2022/06/29T18:41:10z: SSID: MU Open
 0h00:04.675 2022/06/29T18:41:10z: AP_STAR tmr
 ets Jan  8 2013,rst cause:4, boot mode:(3,7)

wdt reset
load 0x4010f000, len 1384, room 16 
tail 8
chksum 0x2d
csum 0x2d
v8b899c12
~ld


6.01
 0h00:04.585 2022/06/29T19:01:13z: DS3231
 0h00:04.600 2022/06/29T19:01:13z: BME280 (0x76)
 0h00:04.615 2022/06/29T19:01:13z: 84:f3:eb:7d:7:a8
 0h00:04.616 2022/06/29T19:01:13z: SSID: MU Open
 0h00:04.621 2022/06/29T19:01:13z: AP_STAR tmr
 ets Jan  8 2013,rst cause:4, boot mode:(3,7)

wdt reset
load 0x4010f000, len 1384, room 16 
tail 8
chksum 0x2d
csum 0x2d
v8b899c12
~ld


6.01
 0h00:04.647 2022/06/29T19:21:15z: DS3231
 0h00:04.663 2022/06/29T19:21:15z: BME280 (0x76)
 0h00:04.677 2022/06/29T19:21:15z: 84:f3:eb:7d:7:a8
 0h00:04.679 2022/06/29T19:21:15z: SSID: MU Open
 0h00:04.684 2022/06/29T19:21:15z: AP_STAR tmr
 ets Jan  8 2013,rst cause:4, boot mode:(3,7)

wdt reset
load 0x4010f000, len 1384, room 16 
tail 8
chksum 0x2d
csum 0x2d
v8b899c12
~ld


6.01
 0h00:04.534 2022/06/29T19:41:18z: DS3231
 0h00:04.550 2022/06/29T19:41:18z: BME280 (0x76)
 0h00:04.564 2022/06/29T19:41:18z: 84:f3:eb:7d:7:a8
 0h00:04.566 2022/06/29T19:41:18z: SSID: MU Open
 0h00:04.571 2022/06/29T19:41:18z: AP_STAR tmr
 ets Jan  8 2013,rst cause:4, boot mode:(3,7)

wdt reset
load 0x4010f000, len 1384, room 16 
tail 8
chksum 0x2d
csum 0x2d
v8b899c12
~ld


6.01
 0h00:04.471 2022/06/29T20:01:20z: DS3231
 0h00:04.486 2022/06/29T20:01:20z: BME280 (0x76)
 0h00:04.500 2022/06/29T20:01:20z: 84:f3:eb:7d:7:a8
 0h00:04.502 2022/06/29T20:01:20z: SSID: MU Open
 0h00:04.507 2022/06/29T20:01:20z: AP_STAR tmr
 ets Jan  8 2013,rst cause:4, boot mode:(3,7)

wdt reset
load 0x4010f000, len 1384, room 16 
tail 8
chksum 0x2d
csum 0x2d
v8b899c12
~ld


6.01
 0h00:04.479 2022/06/29T20:21:22z: DS3231
 0h00:04.494 2022/06/29T20:21:22z: BME280 (0x76)
 0h00:04.508 2022/06/29T20:21:22z: 84:f3:eb:7d:7:a8
 0h00:04.510 2022/06/29T20:21:22z: SSID: MU Open
 0h00:04.515 2022/06/29T20:21:22z: AP_STAR tmr
 ets Jan  8 2013,rst cause:4, boot mode:(3,7)

wdt reset
load 0x4010f000, len 1384, room 16 
tail 8
chksum 0x2d
csum 0x2d
v8b899c12
~ld


6.01
 0h00:04.528 2022/06/29T20:41:25z: DS3231
 0h00:04.543 2022/06/29T20:41:25z: BME280 (0x76)
 0h00:04.558 2022/06/29T20:41:25z: 84:f3:eb:7d:7:a8
 0h00:04.559 2022/06/29T20:41:25z: SSID: MU Open
 0h00:04.564 2022/06/29T20:41:25z: AP_STAR tmr
 ets Jan  8 2013,rst cause:4, boot mode:(3,7)

wdt reset
load 0x4010f000, len 1384, room 16 
tail 8
chksum 0x2d
csum 0x2d
v8b899c12
~ld


6.01
 0h00:04.577 2022/06/29T21:01:27z: DS3231
 0h00:04.593 2022/06/29T21:01:27z: BME280 (0x76)
 0h00:04.607 2022/06/29T21:01:27z: 84:f3:eb:7d:7:a8
 0h00:04.609 2022/06/29T21:01:27z: SSID: MU Open
 0h00:04.614 2022/06/29T21:01:27z: AP_STAR tmr
 ets Jan  8 2013,rst cause:4, boot mode:(3,7)

wdt reset
load 0x4010f000, len 1384, room 16 
tail 8
chksum 0x2d
csum 0x2d
v8b899c12
~ld


6.01
 0h00:04.729 2022/06/29T21:21:30z: DS3231
 0h00:04.745 2022/06/29T21:21:30z: BME280 (0x76)
 0h00:04.759 2022/06/29T21:21:30z: 84:f3:eb:7d:7:a8
 0h00:04.761 2022/06/29T21:21:30z: SSID: MU Open
 0h00:04.766 2022/06/29T21:21:30z: AP_STAR tmr
 ets Jan  8 2013,rst cause:4, boot mode:(3,7)

wdt reset
load 0x4010f000, len 1384, room 16 
tail 8
chksum 0x2d
csum 0x2d
v8b899c12
~ld


6.01
 0h00:04.679 2022/06/29T21:41:33z: DS3231
 0h00:04.694 2022/06/29T21:41:33z: BME280 (0x76)
 0h00:04.708 2022/06/29T21:41:33z: 84:f3:eb:7d:7:a8
 0h00:04.710 2022/06/29T21:41:33z: SSID: MU Open
 0h00:04.715 2022/06/29T21:41:33z: AP_STAR tmr
 ets Jan  8 2013,rst cause:4, boot mode:(3,7)

wdt reset
load 0x4010f000, len 1384, room 16 
tail 8
chksum 0x2d
csum 0x2d
v8b899c12
~ld


6.01
 0h00:04.595 2022/06/29T22:01:35z: DS3231
 0h00:04.610 2022/06/29T22:01:35z: BME280 (0x76)
 0h00:04.624 2022/06/29T22:01:35z: 84:f3:eb:7d:7:a8
 0h00:04.626 2022/06/29T22:01:35z: SSID: MU Open
 0h00:04.631 2022/06/29T22:01:35z: AP_STAR tmr
 ets Jan  8 2013,rst cause:4, boot mode:(3,7)

wdt reset
load 0x4010f000, len 1384, room 16 
tail 8
chksum 0x2d
csum 0x2d
v8b899c12
~ld


6.01
 0h00:04.089 2022/06/29T22:21:37z: DS3231
 0h00:04.105 2022/06/29T22:21:38z: BME280 (0x76)
 0h00:04.119 2022/06/29T22:21:38z: 84:f3:eb:7d:7:a8
 0h00:04.120 2022/06/29T22:21:38z: SSID: MU Open
 0h00:04.126 2022/06/29T22:21:38z: AP_STAR tmr
 ets Jan  8 2013,rst cause:4, boot mode:(3,7)

wdt reset
load 0x4010f000, len 1384, room 16 
tail 8
chksum 0x2d
csum 0x2d
v8b899c12
~ld


6.01
 0h00:04.508 2022/06/29T22:41:39z: DS3231
 0h00:04.523 2022/06/29T22:41:39z: BME280 (0x76)
 0h00:04.537 2022/06/29T22:41:39z: 84:f3:eb:7d:7:a8
 0h00:04.539 2022/06/29T22:41:39z: SSID: MU Open
 0h00:04.544 2022/06/29T22:41:39z: AP_STAR tmr
 ets Jan  8 2013,rst cause:4, boot mode:(3,7)

wdt reset
load 0x4010f000, len 1384, room 16 
tail 8
chksum 0x2d
csum 0x2d
v8b899c12
~ld


6.01
 0h00:04.707 2022/06/29T23:01:42z: DS3231
 0h00:04.722 2022/06/29T23:01:42z: BME280 (0x76)
 0h00:04.736 2022/06/29T23:01:42z: 84:f3:eb:7d:7:a8
 0h00:04.738 2022/06/29T23:01:42z: SSID: MU Open
 0h00:04.743 2022/06/29T23:01:42z: AP_STAR tmr
 ets Jan  8 2013,rst cause:4, boot mode:(3,7)

wdt reset
load 0x4010f000, len 1384, room 16 
tail 8
chksum 0x2d
csum 0x2d
v8b899c12
~ld


6.01
 0h00:04.842 2022/06/29T23:21:44z: DS3231
 0h00:04.858 2022/06/29T23:21:44z: BME280 (0x76)
 0h00:04.872 2022/06/29T23:21:44z: 84:f3:eb:7d:7:a8
 0h00:04.874 2022/06/29T23:21:44z: SSID: MU Open
 0h00:04.879 2022/06/29T23:21:44z: AP_STAR tmr
 ets Jan  8 2013,rst cause:4, boot mode:(3,7)

wdt reset
load 0x4010f000, len 1384, room 16 
tail 8
chksum 0x2d
csum 0x2d
v8b899c12
~ld


6.01
 0h00:04.803 2022/06/29T23:41:48z: DS3231
 0h00:04.818 2022/06/29T23:41:48z: BME280 (0x76)
 0h00:04.833 2022/06/29T23:41:48z: 84:f3:eb:7d:7:a8
 0h00:04.834 2022/06/29T23:41:48z: SSID: MU Open
 0h00:04.839 2022/06/29T23:41:48z: AP_STA