R tmr
 ets Jan  8 2013,rst cause:4, boot mode:(3,7)

wdt reset
load 0x4010f000, len 1384, room 16 
tail 8
chksum 0x2d
csum 0x2d
v8b899c12
~ld


6.01
 0h00:04.425 2022/06/05T00:18:02z: DS3231
 0h00:04.440 2022/06/05T00:18:02z: BME280 (0x76)
 0h00:04.454 2022/06/05T00:18:02z: 84:f3:eb:7d:7:a8
 0h00:04.456 2022/06/05T00:18:02z: SSID: MU Open
 0h00:04.461 2022/06/05T00:18:02z: AP_STAR tmr
 ets Jan  8 2013,rst cause:4, boot mode:(3,7)

wdt reset
load 0x4010f000, len 1384, room 16 
tail 8
chksum 0x2d
csum 0x2d
v8b899c12
~ld


6.01
 0h00:04.228 2022/06/05T00:38:03z: DS3231
 0h00:04.243 2022/06/05T00:38:03z: BME280 (0x76)
 0h00:04.257 2022/06/05T00:38:03z: 84:f3:eb:7d:7:a8
 0h00:04.259 2022/06/05T00:38:03z: SSID: MU Open
 0h00:04.264 2022/06/05T00:38:03z: AP_STAR tmr
 ets Jan  8 2013,rst cause:4, boot mode:(3,7)

wdt reset
load 0x4010f000, len 1384, room 16 
tail 8
chksum 0x2d
csum 0x2d
v8b899c12
~ld


6.01
 0h00:04.441 2022/06/05T00:58:05z: DS3231
 0h00:04.456 2022/06/05T00:58:05z: BME280 (0x76)
 0h00:04.470 2022/06/05T00:58:05z: 84:f3:eb:7d:7:a8
 0h00:04.472 2022/06/05T00:58:05z: SSID: MU Open
 0h00:04.477 2022/06/05T00:58:05z: AP_STAR tmr
 ets Jan  8 2013,rst cause:4, boot mode:(3,7)

wdt reset
load 0x4010f000, len 1384, room 16 
tail 8
chksum 0x2d
csum 0x2d
v8b899c12
~ld


6.01
 0h00:04.432 2022/06/05T01:18:08z: DS3231
 0h00:04.448 2022/06/05T01:18:08z: BME280 (0x76)
 0h00:04.462 2022/06/05T01:18:08z: 84:f3:eb:7d:7:a8
 0h00:04.463 2022/06/05T01:18:08z: SSID: MU Open
 0h00:04.469 2022/06/05T01:18:08z: AP_STAR tmr
 ets Jan  8 2013,rst cause:4, boot mode:(3,7)

wdt reset
load 0x4010f000, len 1384, room 16 
tail 8
chksum 0x2d
csum 0x2d
v8b899c12
~ld


6.01
 0h00:04.552 2022/06/05T01:38:10z: DS3231
 0h00:04.568 2022/06/05T01:38:10z: BME280 (0x76)
 0h00:04.582 2022/06/05T01:38:10z: 84:f3:eb:7d:7:a8
 0h00:04.584 2022/06/05T01:38:10z: SSID: MU Open
 0h00:04.589 2022/06/05T01:38:10z: AP_STAR tmr
 ets Jan  8 2013,rst cause:4, boot mode:(3,7)

wdt reset
load 0x4010f000, len 1384, room 16 
tail 8
chksum 0x2d
csum 0x2d
v8b899c12
~ld


6.01
 0h00:04.543 2022/06/05T01:58:11z: DS3231
 0h00:04.558 2022/06/05T01:58:11z: BME280 (0x76)
 0h00:04.572 2022/06/05T01:58:11z: 84:f3:eb:7d:7:a8
 0h00:04.574 2022/06/05T01:58:11z: SSID: MU Open
 0h00:04.579 2022/06/05T01:58:11z: AP_STAR tmr
 ets Jan  8 2013,rst cause:4, boot mode:(3,7)

wdt reset
load 0x4010f000, len 1384, room 16 
tail 8
chksum 0x2d
csum 0x2d
v8b899c12
~ld


6.01
 0h00:04.353 2022/06/05T02:18:13z: DS3231
 0h00:04.368 2022/06/05T02:18:13z: BME280 (0x76)
 0h00:04.382 2022/06/05T02:18:13z: 84:f3:eb:7d:7:a8
 0h00:04.384 2022/06/05T02:18:13z: SSID: MU Open
 0h00:04.389 2022/06/05T02:18:13z: AP_STAR tmr
 ets Jan  8 2013,rst cause:4, boot mode:(3,7)

wdt reset
load 0x4010f000, len 1384, room 16 
tail 8
chksum 0x2d
csum 0x2d
v8b899c12
~ld


6.01
 0h00:04.478 2022/06/05T02:38:15z: DS3231
 0h00:04.493 2022/06/05T02:38:15z: BME280 (0x76)
 0h00:04.507 2022/06/05T02:38:15z: 84:f3:eb:7d:7:a8
 0h00:04.509 2022/06/05T02:38:15z: SSID: MU Open
 0h00:04.514 2022/06/05T02:38:15z: AP_STAR tmr
 ets Jan  8 2013,rst cause:4, boot mode:(3,7)

wdt reset
load 0x4010f000, len 1384, room 16 
tail 8
chksum 0x2d
csum 0x2d
v8b899c12
~ld


6.01
 0h00:04.410 2022/06/05T02:58:17z: DS3231
 0h00:04.425 2022/06/05T02:58:17z: BME280 (0x76)
 0h00:04.439 2022/06/05T02:58:17z: 84:f3:eb:7d:7:a8
 0h00:04.441 2022/06/05T02:58:17z: SSID: MU Open
 0h00:04.446 2022/06/05T02:58:17z: AP_STAR tmr
 ets Jan  8 2013,rst cause:4, boot mode:(3,7)

wdt reset
load 0x4010f000, len 1384, room 16 
tail 8
chksum 0x2d
csum 0x2d
v8b899c12
~ld


6.01
 0h00:04.445 2022/06/05T03:18:18z: DS3231
 0h00:04.460 2022/06/05T03:18:18z: BME280 (0x76)
 0h00:04.474 2022/06/05T03:18:18z: 84:f3:eb:7d:7:a8
 0h00:04.476 2022/06/05T03:18:18z: SSID: MU Open
 0h00:04.481 2022/06/05T03:18:18z: AP_STAR tmr
 ets Jan  8 2013,rst cause:4, boot mode:(3,7)

wdt reset
load 0x4010f000, len 1384, room 16 
tail 8
chksum 0x2d
csum 0x2d
v8b899c12
~ld


6.01
 0h00:04.474 2022/06/05T03:38:21z: DS3231
 0h00:04.490 2022/06/05T03:38:21z: BME280 (0x76)
 0h00:04.504 2022/06/05T03:38:21z: 84:f3:eb:7d:7:a8
 0h00:04.506 2022/06/05T03:38:21z: SSID: MU Open
 0h00:04.511 2022/06/05T03:38:21z: AP_STAR tmr
 ets Jan  8 2013,rst cause:4, boot mode:(3,7)

wdt reset
load 0x4010f000, len 1384, room 16 
tail 8
chksum 0x2d
csum 0x2d
v8b899c12
~ld


6.01
 0h00:04.434 2022/06/05T03:58:23z: DS3231
 0h00:04.449 2022/06/05T03:58:23z: BME280 (0x76)
 0h00:04.463 2022/06/05T03:58:23z: 84:f3:eb:7d:7:a8
 0h00:04.465 2022/06/05T03:58:23z: SSID: MU Open
 0h00:04.470 2022/06/05T03:58:23z: AP_STAR tmr
 ets Jan  8 2013,rst cause:4, boot mode:(3,7)

wdt reset
load 0x4010f000, len 1384, room 16 
tail 8
chksum 0x2d
csum 0x2d
v8b899c12
~ld


6.01
 0h00:04.630 2022/06/05T04:18:25z: DS3231
 0h00:04.645 2022/06/05T04:18:25z: BME280 (0x76)
 0h00:04.659 2022/06/05T04:18:25z: 84:f3:eb:7d:7:a8
 0h00:04.661 2022/06/05T04:18:25z: SSID: MU Open
 0h00:04.666 2022/06/05T04:18:25z: AP_STAR tmr
 ets Jan  8 2013,rst cause:4, boot mode:(3,7)

wdt reset
load 0x4010f000, len 1384, room 16 
tail 8
chksum 0x2d
csum 0x2d
v8b899c12
~ld


6.01
 0h00:04.536 2022/06/05T04:38:27z: DS3231
 0h00:04.551 2022/06/05T04:38:27z: BME280 (0x76)
 0h00:04.565 2022/06/05T04:38:27z: 84:f3:eb:7d:7:a8
 0h00:04.567 2022/06/05T04:38:27z: SSID: MU Open
 0h00:04.572 2022/06/05T04:38:27z: AP_STAR tmr
 ets Jan  8 2013,rst cause:4, boot mode:(3,7)

wdt reset
load 0x4010f000, len 1384, room 16 
tail 8
chksum 0x2d
csum 0x2d
v8b899c12
~ld


6.01
 0h00:04.577 2022/06/05T04:58:29z: DS3231
 0h00:04.593 2022/06/05T04:58:29z: BME280 (0x76)
 0h00:04.607 2022/06/05T04:58:29z: 84:f3:eb:7d:7:a8
 0h00:04.609 2022/06/05T04:58:29z: SSID: MU Open
 0h00:04.614 2022/06/05T04:58:29z: AP_STAR tmr
 ets Jan  8 2013,rst cause:4, boot mode:(3,7)

wdt reset
load 0x4010f000, len 1384, room 16 
tail 8
chksum 0x2d
csum 0x2d
v8b899c12
~ld


6.01
 0h00:04.480 2022/06/05T05:18:32z: DS3231
 0h00:04.495 2022/06/05T05:18:32z: BME280 (0x76)
 0h00:04.509 2022/06/05T05:18:32z: 84:f3:eb:7d:7:a8
 0h00:04.511 2022/06/05T05:18:32z: SSID: MU Open
 0h00:04.516 2022/06/05T05:18:32z: AP_STAR tmr
 ets Jan  8 2013,rst cause:4, boot mode:(3,7)

wdt reset
load 0x4010f000, len 1384, room 16 
tail 8
chksum 0x2d
csum 0x2d
v8b899c12
~ld


6.01
 0h00:04.548 2022/06/05T05:38:34z: DS3231
 0h00:04.564 2022/06/05T05:38:34z: BME280 (0x76)
 0h00:04.578 2022/06/05T05:38:34z: 84:f3:eb:7d:7:a8
 0h00:04.580 2022/06/05T05:38:34z: SSID: MU Open
 0h00:04.585 2022/06/05T05:38:34z: AP_STAR tmr
 ets Jan  8 2013,rst cause:4, boot mode:(3,7)

wdt reset
load 0x4010f000, len 1384, room 16 
tail 8
chksum 0x2d
csum 0x2d
v8b899c12
~ld


6.01
 0h00:04.527 2022/06/05T05:58:36z: DS3231
 0h00:04.542 2022/06/05T05:58:36z: BME280 (0x76)
 0h00:04.556 2022/06/05T05:58:36z: 84:f3:eb:7d:7:a8
 0h00:04.558 2022/06/05T05:58:36z: SSID: MU Open
 0h00:04.563 2022/06/05T05:58:36z: AP_STAR tmr
 ets Jan  8 2013,rst cause:4, boot mode:(3,7)

wdt reset
load 0x4010f000, len 1384, room 16 
tail 8
chksum 0x2d
csum 0x2d
v8b899c12
~ld


6.01
 0h00:04.485 2022/06/05T06:18:38z: DS3231
 0h00:04.500 2022/06/05T06:18:38z: BME280 (0x76)
 0h00:04.514 2022/06/05T06:18:38z: 84:f3:eb:7d:7:a8
 0h00:04.516 2022/06/05T06:18:38z: SSID: MU Open
 0h00:04.521 2022/06/05T06:18:38z: AP_STAR tmr
 ets Jan  8 2013,rst cause:4, boot mode:(3,7)

wdt reset
load 0x4010f000, len 1384, room 16 
tail 8
chksum 0x2d
csum 0x2d
v8b899c12
~ld


6.01
 0h00:04.506 2022/06/05T06:38:39z: DS3231
 0h00:04.522 2022/06/05T06:38:39z: BME280 (0x76)
 0h00:04.536 2022/06/05T06:38:40z: 84:f3:eb:7d:7:a8
 0h00:04.538 2022/06/05T06:38:40z: SSID: MU Open
 0h00:04.543 2022/06/05T06:38:40z: AP_STAR tmr
 ets Jan  8 2013,rst cause:4, boot mode:(3,7)

wdt reset
load 0x4010f000, len 1384, room 16 
tail 8
chksum 0x2d
csum 0x2d
v8b899c12
~ld


6.01
 0h00:04.503 2022/06/05T06:58:41z: DS3231
 0h00:04.518 2022/06/05T06:58:41z: BME280 (0x76)
 0h00:04.532 2022/06/05T06:58:41z: 84:f3:eb:7d:7:a8
 0h00:04.534 2022/06/05T06:58:41z: SSID: MU Open
 0h00:04.539 2022/06/05T06:58:41z: AP_STAR tmr
 ets Jan  8 2013,rst cause:4, boot mode:(3,7)

wdt reset
load 0x4010f000, len 1384, room 16 
tail 8
chksum 0x2d
csum 0x2d
v8b899c12
~ld


6.01
 0h00:04.504 2022/06/05T07:18:43z: DS3231
 0h00:04.520 2022/06/05T07:18:43z: BME280 (0x76)
 0h00:04.534 2022/06/05T07:18:43z: 84:f3:eb:7d:7:a8
 0h00:04.536 2022/06/05T07:18:43z: SSID: MU Open
 0h00:04.541 2022/06/05T07:18:43z: AP_STAR tmr
 ets Jan  8 2013,rst cause:4, boot mode:(3,7)

wdt reset
load 0x4010f000, len 1384, room 16 
tail 8
chksum 0x2d
csum 0x2d
v8b899c12
~ld


6.01
 0h00:04.498 2022/06/05T07:38:46z: DS3231
 0h00:04.514 2022/06/05T07:38:46z: BME280 (0x76)
 0h00:04.528 2022/06/05T07:38:46z: 84:f3:eb:7d:7:a8
 0h00:04.529 2022/06/05T07:38:46z: SSID: MU Open
 0h00:04.535 2022/06/05T07:38:46z: AP_STAR tmr
 ets Jan  8 2013,rst cause:4, boot mode:(3,7)

wdt reset
load 0x4010f000, len 1384, room 16 
tail 8
chksum 0x2d
csum 0x2d
v8b899c12
~ld


6.01
 0h00:04.451 2022/06/05T07:58:49z: DS3231
 0h00:04.467 2022/06/05T07:58:49z: BME280 (0x76)
 0h00:04.481 2022/06/05T07:58:49z: 84:f3:eb:7d:7:a8
 0h00:04.482 2022/06/05T07:58:49z: SSID: MU Open
 0h00:04.488 2022/06/05T07:58:49z: AP_STAR tmr
 ets Jan  8 2013,rst cause:4, boot mode:(3,7)

wdt reset
load 0x4010f000, len 1384, room 16 
tail 8
chksum 0x2d
csum 0x2d
v8b899c12
~ld


6.01
 0h00:04.469 2022/06/05T08:18:50z: DS3231
 0h00:04.484 2022/06/05T08:18:50z: BME280 (0x76)
 0h00:04.498 2022/06/05T08:18:50z: 84:f3:eb:7d:7:a8
 0h00:04.500 2022/06/05T08:18:50z: SSID: MU Open
 0h00:04.505 2022/06/05T08:18:50z: AP_STAR tmr
 ets Jan  8 2013,rst cause:4, boot mode:(3,7)

wdt reset
load 0x4010f000, len 1384, room 16 
tail 8
chksum 0x2d
csum 0x2d
v8b899c12
~ld


6.01
 0h00:04.440 2022/06/05T08:38:52z: DS3231
 0h00:04.455 2022/06/05T08:38:52z: BME280 (0x76)
 0h00:04.469 2022/06/05T08:38:52z: 84:f3:eb:7d:7:a8
 0h00:04.471 2022/06/05T08:38:52z: SSID: MU Open
 0h00:04.476 2022/06/05T08:38:52z: AP_STAR tmr
 ets Jan  8 2013,rst cause:4, boot mode:(3,7)

wdt reset
load 0x4010f000, len 1384, room 16 
tail 8
chksum 0x2d
csum 0x2d
v8b899c12
~ld


6.01
 0h00:04.467 2022/06/05T08:58:53z: DS3231
 0h00:04.482 2022/06/05T08:58:53z: BME280 (0x76)
 0h00:04.496 2022/06/05T08:58:53z: 84:f3:eb:7d:7:a8
 0h00:04.498 2022/06/05T08:58:53z: SSID: MU Open
 0h00:04.503 2022/06/05T08:58:53z: AP_STAR tmr
 ets Jan  8 2013,rst cause:4, boot mode:(3,7)

wdt reset
load 0x4010f000, len 1384, room 16 
tail 8
chksum 0x2d
csum 0x2d
v8b899c12
~ld


6.01
 0h00:04.481 2022/06/05T09:18:55z: DS3231
 0h00:04.496 2022/06/05T09:18:55z: BME280 (0x76)
 0h00:04.511 2022/06/05T09:18:55z: 84:f3:eb:7d:7:a8
 0h00:04.512 2022/06/05T09:18:55z: SSID: MU Open
 0h00:04.517 2022/06/05T09:18:55z: AP_STAR tmr
 ets Jan  8 2013,rst cause:4, boot mode:(3,7)

wdt reset
load 0x4010f000, len 1384, room 16 
tail 8
chksum 0x2d
csum 0x2d
v8b899c12
~ld


6.01
 0h00:04.464 2022/06/05T09:38:56z: DS3231
 0h00:04.479 2022/06/05T09:38:56z: BME280 (0x76)
 0h00:04.494 2022/06/05T09:38:56z: 84:f3:eb:7d:7:a8
 0h00:04.495 2022/06/05T09:38:56z: SSID: MU Open
 0h00:04.500 2022/06/05T09:38:56z: AP_STAR tmr
 ets Jan  8 2013,rst cause:4, boot mode:(3,7)

wdt reset
load 0x4010f000, len 1384, room 16 
tail 8
chksum 0x2d
csum 0x2d
v8b899c12
~ld


6.01
 0h00:04.500 2022/06/05T09:58:59z: DS3231
 0h00:04.515 2022/06/05T09:58:59z: BME280 (0x76)
 0h00:04.529 2022/06/05T09:58:59z: 84:f3:eb:7d:7:a8
 0h00:04.531 2022/06/05T09:58:59z: SSID: MU Open
 0h00:04.536 2022/06/05T09:58:59z: AP_STAR tmr
 ets Jan  8 2013,rst cause:4, boot mode:(3,7)

wdt reset
load 0x4010f000, len 1384, room 16 
tail 8
chksum 0x2d
csum 0x2d
v8b899c12
~ld


6.01
 0h00:04.241 2022/06/05T10:19:00z: DS3231
 0h00:04.257 2022/06/05T10:19:00z: BME280 (0x76)
 0h00:04.271 2022/06/05T10:19:00z: 84:f3:eb:7d:7:a8
 0h00:04.272 2022/06/05T10:19:00z: SSID: MU Open
 0h00:04.278 2022/06/05T10:19:00z: AP_STAR tmr
 ets Jan  8 2013,rst cause:4, boot mode:(3,7)

wdt reset
load 0x4010f000, len 1384, room 16 
tail 8
chksum 0x2d
csum 0x2d
v8b899c12
~ld


6.01
 0h00:04.263 2022/06/05T10:39:02z: DS3231
 0h00:04.278 2022/06/05T10:39:02z: BME280 (0x76)
 0h00:04.292 2022/06/05T10:39:02z: 84:f3:eb:7d:7:a8
 0h00:04.294 2022/06/05T10:39:02z: SSID: MU Open
 0h00:04.299 2022/06/05T10:39:02z: AP_STAR tmr
 ets Jan  8 2013,rst cause:4, boot mode:(3,7)

wdt reset
load 0x4010f000, len 1384, room 16 
tail 8
chksum 0x2d
csum 0x2d
v8b899c12
~ld


6.01
 0h00:04.513 2022/06/05T10:59:04z: DS3231
 0h00:04.528 2022/06/05T10:59:04z: BME280 (0x76)
 0h00:04.542 2022/06/05T10:59:04z: 84:f3:eb:7d:7:a8
 0h00:04.544 2022/06/05T10:59:04z: SSID: MU Open
 0h00:04.549 2022/06/05T10:59:04z: AP_STAR tmr
 ets Jan  8 2013,rst cause:4, boot mode:(3,7)

wdt reset
load 0x4010f000, len 1384, room 16 
tail 8
chksum 0x2d
csum 0x2d
v8b899c12
~ld


6.01
 0h00:04.454 2022/06/05T11:19:06z: DS3231
 0h00:04.470 2022/06/05T11:19:06z: BME280 (0x76)
 0h00:04.484 2022/06/05T11:19:06z: 84:f3:eb:7d:7:a8
 0h00:04.486 2022/06/05T11:19:06z: SSID: MU Open
 0h00:04.491 2022/06/05T11:19:06z: AP_STAR tmr
 ets Jan  8 2013,rst cause:4, boot mode:(3,7)

wdt reset
load 0x4010f000, len 1384, room 16 
tail 8
chksum 0x2d
csum 0x2d
v8b899c12
~ld


6.01
 0h00:04.467 2022/06/05T11:39:07z: DS3231
 0h00:04.483 2022/06/05T11:39:08z: BME280 (0x76)
 0h00:04.497 2022/06/05T11:39:08z: 84:f3:eb:7d:7:a8
 0h00:04.499 2022/06/05T11:39:08z: SSID: MU Open
 0h00:04.504 2022/06/05T11:39:08z: AP_STAR tmr
 ets Jan  8 2013,rst cause:4, boot mode:(3,7)

wdt reset
load 0x4010f000, len 1384, room 16 
tail 8
chksum 0x2d
csum 0x2d
v8b899c12
~ld


6.01
 0h00:04.450 2022/06/05T11:59:10z: DS3231
 0h00:04.465 2022/06/05T11:59:10z: BME280 (0x76)
 0h00:04.479 2022/06/05T11:59:10z: 84:f3:eb:7d:7:a8
 0h00:04.481 2022/06/05T11:59:10z: SSID: MU Open
 0h00:04.486 2022/06/05T11:59:10z: AP_STAR tmr
 ets Jan  8 2013,rst cause:4, boot mode:(3,7)

wdt reset
load 0x4010f000, len 1384, room 16 
tail 8
chksum 0x2d
csum 0x2d
v8b899c12
~ld


6.01
 0h00:04.360 2022/06/05T12:19:12z: DS3231
 0h00:04.376 2022/06/05T12:19:12z: BME280 (0x76)
 0h00:04.390 2022/06/05T12:19:12z: 84:f3:eb:7d:7:a8
 0h00:04.391 2022/06/05T12:19:12z: SSID: MU Open
 0h00:04.397 2022/06/05T12:19:12z: AP_STAR tmr
 ets Jan  8 2013,rst cause:4, boot mode:(3,7)

wdt reset
load 0x4010f000, len 1384, room 16 
tail 8
chksum 0x2d
csum 0x2d
v8b899c12
~ld


6.01
 0h00:04.423 2022/06/05T12:39:14z: DS3231
 0h00:04.438 2022/06/05T12:39:14z: BME280 (0x76)
 0h00:04.452 2022/06/05T12:39:14z: 84:f3:eb:7d:7:a8
 0h00:04.454 2022/06/05T12:39:14z: SSID: MU Open
 0h00:04.459 2022/06/05T12:39:14z: AP_STAR tmr
 ets Jan  8 2013,rst cause:4, boot mode:(3,7)

wdt reset
load 0x4010f000, len 1384, room 16 
tail 8
chksum 0x2d
csum 0x2d
v8b899c12
~ld


6.01
 0h00:04.391 2022/06/05T12:59:16z: DS3231
 0h00:04.406 2022/06/05T12:59:16z: BME280 (0x76)
 0h00:04.420 2022/06/05T12:59:16z: 84:f3:eb:7d:7:a8
 0h00:04.422 2022/06/05T12:59:16z: SSID: MU Open
 0h00:04.427 2022/06/05T12:59:16z: AP_STAR tmr
 ets Jan  8 2013,rst cause:4, boot mode:(3,7)

wdt reset
load 0x4010f000, len 1384, room 16 
tail 8
chksum 0x2d
csum 0x2d
v8b899c12
~ld


6.01
 0h00:04.457 2022/06/05T13:19:17z: DS3231
 0h00:04.472 2022/06/05T13:19:17z: BME280 (0x76)
 0h00:04.486 2022/06/05T13:19:17z: 84:f3:eb:7d:7:a8
 0h00:04.488 2022/06/05T13:19:17z: SSID: MU Open
 0h00:04.493 2022/06/05T13:19:17z: AP_STAR tmr
 ets Jan  8 2013,rst cause:4, boot mode:(3,7)

wdt reset
load 0x4010f000, len 1384, room 16 
tail 8
chksum 0x2d
csum 0x2d
v8b899c12
~ld


6.01
 0h00:04.281 2022/06/05T13:39:19z: DS3231
 0h00:04.297 2022/06/05T13:39:20z: BME280 (0x76)
 0h00:04.311 2022/06/05T13:39:20z: 84:f3:eb:7d:7:a8
 0h00:04.312 2022/06/05T13:39:20z: SSID: MU Open
 0h00:04.318 2022/06/05T13:39:20z: AP_STAR tmr
 ets Jan  8 2013,rst cause:4, boot mode:(3,7)

wdt reset
load 0x4010f000, len 1384, room 16 
tail 8
chksum 0x2d
csum 0x2d
v8b899c12
~ld


6.01
 0h00:04.428 2022/06/05T13:59:21z: DS3231
 0h00:04.443 2022/06/05T13:59:21z: BME280 (0x76)
 0h00:04.457 2022/06/05T13:59:21z: 84:f3:eb:7d:7:a8
 0h00:04.459 2022/06/05T13:59:21z: SSID: MU Open
 0h00:04.464 2022/06/05T13:59:21z: AP_STAR tmr
 ets Jan  8 2013,rst cause:4, boot mode:(3,7)

wdt reset
load 0x4010f000, len 1384, room 16 
tail 8
chksum 0x2d
csum 0x2d
v8b899c12
~ld


6.01
 0h00:04.406 2022/06/05T14:19:23z: DS3231
 0h00:04.421 2022/06/05T14:19:23z: BME280 (0x76)
 0h00:04.435 2022/06/05T14:19:23z: 84:f3:eb:7d:7:a8
 0h00:04.437 2022/06/05T14:19:23z: SSID: MU Open
 0h00:04.442 2022/06/05T14:19:23z: AP_STAR tmr
 ets Jan  8 2013,rst cause:4, boot mode:(3,7)

wdt reset
load 0x4010f000, len 1384, room 16 
tail 8
chksum 0x2d
csum 0x2d
v8b899c12
~ld


6.01
 0h00:04.395 2022/06/05T14:39:25z: DS3231
 0h00:04.411 2022/06/05T14:39:25z: BME280 (0x76)
 0h00:04.425 2022/06/05T14:39:25z: 84:f3:eb:7d:7:a8
 0h00:04.427 2022/06/05T14:39:25z: SSID: MU Open
 0h00:04.432 2022/06/05T14:39:25z: AP_STAR tmr
 ets Jan  8 2013,rst cause:4, boot mode:(3,7)

wdt reset
load 0x4010f000, len 1384, room 16 
tail 8
chksum 0x2d
csum 0x2d
v8b899c12
~ld


6.01
 0h00:04.357 2022/06/05T14:59:27z: DS3231
 0h00:04.372 2022/06/05T14:59:27z: BME280 (0x76)
 0h00:04.386 2022/06/05T14:59:27z: 84:f3:eb:7d:7:a8
 0h00:04.388 2022/06/05T14:59:27z: SSID: MU Open
 0h00:04.393 2022/06/05T14:59:27z: AP_STAR tmr
 ets Jan  8 2013,rst cause:4, boot mode:(3,7)

wdt reset
load 0x4010f000, len 1384, room 16 
tail 8
chksum 0x2d
csum 0x2d
v8b899c12
~ld


6.01
 0h00:04.373 2022/06/05T15:19:29z: DS3231
 0h00:04.388 2022/06/05T15:19:29z: BME280 (0x76)
 0h00:04.403 2022/06/05T15:19:29z: 84:f3:eb:7d:7:a8
 0h00:04.404 2022/06/05T15:19:29z: SSID: MU Open
 0h00:04.409 2022/06/05T15:19:29z: AP_STAR tmr
 ets Jan  8 2013,rst cause:4, boot mode:(3,7)

wdt reset
load 0x4010f000, len 1384, room 16 
tail 8
chksum 0x2d
csum 0x2d
v8b899c12
~ld


6.01
 0h00:04.339 2022/06/05T15:39:30z: DS3231
 0h00:04.354 2022/06/05T15:39:30z: BME280 (0x76)
 0h00:04.369 2022/06/05T15:39:30z: 84:f3:eb:7d:7:a8
 0h00:04.370 2022/06/05T15:39:30z: SSID: MU Open
 0h00:04.375 2022/06/05T15:39:30z: AP_STAR tmr
 ets Jan  8 2013,rst cause:4, boot mode:(3,7)

wdt reset
load 0x4010f000, len 1384, room 16 
tail 8
chksum 0x2d
csum 0x2d
v8b899c12
~ld


6.01
 0h00:04.344 2022/06/05T15:59:33z: DS3231
 0h00:04.360 2022/06/05T15:59:33z: BME280 (0x76)
 0h00:04.374 2022/06/05T15:59:33z: 84:f3:eb:7d:7:a8
 0h00:04.375 2022/06/05T15:59:33z: SSID: MU Open
 0h00:04.381 2022/06/05T15:59:33z: AP_STAR tmr
 ets Jan  8 2013,rst cause:4, boot mode:(3,7)

wdt reset
load 0x4010f000, len 1384, room 16 
tail 8
chksum 0x2d
csum 0x2d
v8b899c12
~ld


6.01
 0h00:03.999 2022/06/05T16:19:34z: DS3231
 0h00:04.014 2022/06/05T16:19:34z: BME280 (0x76)
 0h00:04.029 2022/06/05T16:19:34z: 84:f3:eb:7d:7:a8
 0h00:04.030 2022/06/05T16:19:34z: SSID: MU Open
 0h00:04.035 2022/06/05T16:19:34z: AP_STAR tmr
 ets Jan  8 2013,rst cause:4, boot mode:(3,7)

wdt reset
load 0x4010f000, len 1384, room 16 
tail 8
chksum 0x2d
csum 0x2d
v8b899c12
~ld


6.01
 0h00:04.222 2022/06/05T16:39:35z: DS3231
 0h00:04.237 2022/06/05T16:39:35z: BME280 (0x76)
 0h00:04.251 2022/06/05T16:39:35z: 84:f3:eb:7d:7:a8
 0h00:04.253 2022/06/05T16:39:35z: SSID: MU Open
 0h00:04.258 2022/06/05T16:39:35z: AP_STAR tmr
 ets Jan  8 2013,rst cause:4, boot mode:(3,7)

wdt reset
load 0x4010f000, len 1384, room 16 
tail 8
chksum 0x2d
csum 0x2d
v8b899c12
~ld


6.01
 0h00:04.065 2022/06/05T16:59:37z: DS3231
 0h00:04.081 2022/06/05T16:59:37z: BME280 (0x76)
 0h00:04.095 2022/06/05T16:59:37z: 84:f3:eb:7d:7:a8
 0h00:04.097 2022/06/05T16:59:37z: SSID: MU Open
 0h00:04.102 2022/06/05T16:59:37z: AP_STAR tmr
 ets Jan  8 2013,rst cause:4, boot mode:(3,7)

wdt reset
load 0x4010f000, len 1384, room 16 
tail 8
chksum 0x2d
csum 0x2d
v8b899c12
~ld


6.01
 0h00:04.345 2022/06/05T17:19:38z: DS3231
 0h00:04.360 2022/06/05T17:19:38z: BME280 (0x76)
 0h00:04.374 2022/06/05T17:19:38z: 84:f3:eb:7d:7:a8
 0h00:04.376 2022/06/05T17:19:38z: SSID: MU Open
 0h00:04.381 2022/06/05T17:19:38z: AP_STAR tmr
 ets Jan  8 2013,rst cause:4, boot mode:(3,7)

wdt reset
load 0x4010f000, len 1384, room 16 
tail 8
chksum 0x2d
csum 0x2d
v8b899c12
~ld


6.01
 0h00:04.399 2022/06/05T17:39:40z: DS3231
 0h00:04.414 2022/06/05T17:39:40z: BME280 (0x76)
 0h00:04.429 2022/06/05T17:39:40z: 84:f3:eb:7d:7:a8
 0h00:04.430 2022/06/05T17:39:40z: SSID: MU Open
 0h00:04.435 2022/06/05T17:39:40z: AP_STAR tmr
 ets Jan  8 2013,rst cause:4, boot mode:(3,7)

wdt reset
load 0x4010f000, len 1384, room 16 
tail 8
chksum 0x2d
csum 0x2d
v8b899c12
~ld


6.01
 0h00:04.319 2022/06/05T17:59:42z: DS3231
 0h00:04.334 2022/06/05T17:59:42z: BME280 (0x76)
 0h00:04.348 2022/06/05T17:59:42z: 84:f3:eb:7d:7:a8
 0h00:04.350 2022/06/05T17:59:42z: SSID: MU Open
 0h00:04.355 2022/06/05T17:59:42z: AP_STAR tmr
 ets Jan  8 2013,rst cause:4, boot mode:(3,7)

wdt reset
load 0x4010f000, len 1384, room 16 
tail 8
chksum 0x2d
csum 0x2d
v8b899c12
~ld


6.01
 0h00:04.335 2022/06/05T18:19:44z: DS3231
 0h00:04.350 2022/06/05T18:19:44z: BME280 (0x76)
 0h00:04.364 2022/06/05T18:19:44z: 84:f3:eb:7d:7:a8
 0h00:04.366 2022/06/05T18:19:44z: SSID: MU Open
 0h00:04.371 2022/06/05T18:19:44z: AP_STAR tmr
 ets Jan  8 2013,rst cause:4, boot mode:(3,7)

wdt reset
load 0x4010f000, len 1384, room 16 
tail 8
chksum 0x2d
csum 0x2d
v8b899c12
~ld


6.01
 0h00:04.352 2022/06/05T18:39:45z: DS3231
 0h00:04.367 2022/06/05T18:39:45z: BME280 (0x76)
 0h00:04.381 2022/06/05T18:39:45z: 84:f3:eb:7d:7:a8
 0h00:04.383 2022/06/05T18:39:45z: SSID: MU Open
 0h00:04.388 2022/06/05T18:39:45z: AP_STAR tmr
 ets Jan  8 2013,rst cause:4, boot mode:(3,7)

wdt reset
load 0x4010f000, len 1384, room 16 
tail 8
chksum 0x2d
csum 0x2d
v8b899c12
~ld


6.01
 0h00:04.332 2022/06/05T18:59:47z: DS3231
 0h00:04.347 2022/06/05T18:59:47z: BME280 (0x76)
 0h00:04.361 2022/06/05T18:59:47z: 84:f3:eb:7d:7:a8
 0h00:04.363 2022/06/05T18:59:47z: SSID: MU Open
 0h00:04.368 2022/06/05T18:59:47z: AP_STAR tmr
 ets Jan  8 2013,rst cause:4, boot mode:(3,7)

wdt reset
load 0x4010f000, len 1384, room 16 
tail 8
chksum 0x2d
csum 0x2d
v8b899c12
~ld


6.01
 0h00:04.340 2022/06/05T19:19:49z: DS3231
 0h00:04.356 2022/06/05T19:19:49z: BME280 (0x76)
 0h00:04.370 2022/06/05T19:19:49z: 84:f3:eb:7d:7:a8
 0h00:04.372 2022/06/05T19:19:49z: SSID: MU Open
 0h00:04.377 2022/06/05T19:19:49z: AP_STAR tmr
 ets Jan  8 2013,rst cause:4, boot mode:(3,7)

wdt reset
load 0x4010f000, len 1384, room 16 
tail 8
chksum 0x2d
csum 0x2d
v8b899c12
~ld


6.01
 0h00:04.346 2022/06/05T19:39:50z: DS3231
 0h00:04.362 2022/06/05T19:39:50z: BME280 (0x76)
 0h00:04.376 2022/06/05T19:39:50z: 84:f3:eb:7d:7:a8
 0h00:04.377 2022/06/05T19:39:50z: SSID: MU Open
 0h00:04.383 2022/06/05T19:39:50z: AP_STAR tmr
 ets Jan  8 2013,rst cause:4, boot mode:(3,7)

wdt reset
load 0x4010f000, len 1384, room 16 
tail 8
chksum 0x2d
csum 0x2d
v8b899c12
~ld


6.01
 0h00:04.506 2022/06/05T19:59:52z: DS3231
 0h00:04.521 2022/06/05T19:59:52z: BME280 (0x76)
 0h00:04.536 2022/06/05T19:59:52z: 84:f3:eb:7d:7:a8
 0h00:04.537 2022/06/05T19:59:52z: SSID: MU Open
 0h00:04.543 2022/06/05T19:59:52z: AP_STAR tmr
 ets Jan  8 2013,rst cause:4, boot mode:(3,7)

wdt reset
load 0x4010f000, len 1384, room 16 
tail 8
chksum 0x2d
csum 0x2d
v8b899c12
~ld


6.01
 0h00:04.510 2022/06/05T20:19:53z: DS3231
 0h00:04.525 2022/06/05T20:19:53z: BME280 (0x76)
 0h00:04.540 2022/06/05T20:19:53z: 84:f3:eb:7d:7:a8
 0h00:04.541 2022/06/05T20:19:53z: SSID: MU Open
 0h00:04.546 2022/06/05T20:19:53z: AP_STAR tmr
 ets Jan  8 2013,rst cause:4, boot mode:(3,7)

wdt reset
load 0x4010f000, len 1384, room 16 
tail 8
chksum 0x2d
csum 0x2d
v8b899c12
~ld


6.01
 0h00:04.471 2022/06/05T20:39:56z: DS3231
 0h00:04.487 2022/06/05T20:39:56z: BME280 (0x76)
 0h00:04.501 2022/06/05T20:39:56z: 84:f3:eb:7d:7:a8
 0h00:04.503 2022/06/05T20:39:56z: SSID: MU Open
 0h00:04.508 2022/06/05T20:39:56z: AP_STAR tmr
 ets Jan  8 2013,rst cause:4, boot mode:(3,7)

wdt reset
load 0x4010f000, len 1384, room 16 
tail 8
chksum 0x2d
csum 0x2d
v8b899c12
~ld


6.01
 0h00:04.645 2022/06/05T20:59:58z: DS3231
 0h00:04.660 2022/06/05T20:59:58z: BME280 (0x76)
 0h00:04.674 2022/06/05T20:59:58z: 84:f3:eb:7d:7:a8
 0h00:04.676 2022/06/05T20:59:58z: SSID: MU Open
 0h00:04.681 2022/06/05T20:59:58z: AP_STAR tmr
 ets Jan  8 2013,rst cause:4, boot mode:(3,7)

wdt reset
load 0x4010f000, len 1384, room 16 
tail 8
chksum 0x2d
csum 0x2d
v8b899c12
~ld


6.01
 0h00:04.625 2022/06/05T21:20:00z: DS3231
 0h00:04.640 2022/06/05T21:20:00z: BME280 (0x76)
 0h00:04.654 2022/06/05T21:20:00z: 84:f3:eb:7d:7:a8
 0h00:04.656 2022/06/05T21:20:00z: SSID: MU Open
 0h00:04.661 2022/06/05T21:20:00z: AP_STAR tmr
 ets Jan  8 2013,rst cause:4, boot mode:(3,7)

wdt reset
load 0x4010f000, len 1384, room 16 
tail 8
chksum 0x2d
csum 0x2d
v8b899c12
~ld


6.01
 0h00:04.436 2022/06/05T21:40:02z: DS3231
 0h00:04.452 2022/06/05T21:40:02z: BME280 (0x76)
 0h00:04.466 2022/06/05T21:40:02z: 84:f3:eb:7d:7:a8
 0h00:04.467 2022/06/05T21:40:02z: SSID: MU Open
 0h00:04.473 2022/06/05T21:40:02z: AP_STAR tmr
 ets Jan  8 2013,rst cause:4, boot mode:(3,7)

wdt reset
load 0x4010f000, len 1384, room 16 
tail 8
chksum 0x2d
csum 0x2d
v8b899c12
~ld


6.01
 0h00:04.639 2022/06/05T22:00:05z: DS3231
 0h00:04.654 2022/06/05T22:00:05z: BME280 (0x76)
 0h00:04.668 2022/06/05T22:00:05z: 84:f3:eb:7d:7:a8
 0h00:04.670 2022/06/05T22:00:05z: SSID: MU Open
 0h00:04.675 2022/06/05T22:00:05z: AP_STAR tmr
 ets Jan  8 2013,rst cause:4, boot mode:(3,7)

wdt reset
load 0x4010f000, len 1384, room 16 
tail 8
chksum 0x2d
csum 0x2d
v8b899c12
~ld


6.01
 0h00:04.526 2022/06/05T22:20:08z: DS3231
 0h00:04.541 2022/06/05T22:20:08z: BME280 (0x76)
 0h00:04.556 2022/06/05T22:20:08z: 84:f3:eb:7d:7:a8
 0h00:04.557 2022/06/05T22:20:08z: SSID: MU Open
 0h00:04.563 2022/06/05T22:20:08z: AP_STAR tmr
 ets Jan  8 2013,rst cause:4, boot mode:(3,7)

wdt reset
load 0x4010f000, len 1384, room 16 
tail 8
chksum 0x2d
csum 0x2d
v8b899c12
~ld


6.01
 0h00:04.395 2022/06/05T22:40:10z: DS3231
 0h00:04.411 2022/06/05T22:40:10z: BME280 (0x76)
 0h00:04.425 2022/06/05T22:40:10z: 84:f3:eb:7d:7:a8
 0h00:04.426 2022/06/05T22:40:10z: SSID: MU Open
 0h00:04.432 2022/06/05T22:40:10z: AP_STAR tmr
 ets Jan  8 2013,rst cause:4, boot mode:(3,7)

wdt reset
load 0x4010f000, len 1384, room 16 
tail 8
chksum 0x2d
csum 0x2d
v8b899c12
~ld


6.01
 0h00:04.405 2022/06/05T23:00:11z: DS3231
 0h00:04.420 2022/06/05T23:00:11z: BME280 (0x76)
 0h00:04.434 2022/06/05T23:00:11z: 84:f3:eb:7d:7:a8
 0h00:04.436 2022/06/05T23:00:11z: SSID: MU Open
 0h00:04.441 2022/06/05T23:00:11z: AP_STAR tmr
 ets Jan  8 2013,rst cause:4, boot mode:(3,7)

wdt reset
load 0x4010f000, len 1384, room 16 
tail 8
chksum 0x2d
csum 0x2d
v8b899c12
~ld


6.01
 0h00:04.618 2022/06/05T23:20:13z: DS3231
 0h00:04.633 2022/06/05T23:20:13z: BME280 (0x76)
 0h00:04.647 2022/06/05T23:20:13z: 84:f3:eb:7d:7:a8
 0h00:04.649 2022/06/05T23:20:13z: SSID: MU Open
 0h00:04.654 2022/06/05T23:20:13z: AP_STAR tmr
 ets Jan  8 2013,rst cause:4, boot mode:(3,7)

wdt reset
load 0x4010f000, len 1384, room 16 
tail 8
chksum 0x2d
csum 0x2d
v8b899c12
~ld


6.01
 0h00:04.579 2022/06/05T23:40:15z: DS3231
 0h00:04.595 2022/06/05T23:40:15z: BME280 (0x76)
 0h00:04.609 2022/06/05T23:40:15z: 84:f3:eb:7d:7:a8
 0h00:04.611 2022/06/05T23:40:15z: SSID: MU Open
 0h00:04.616 2022/06/05T23:40:15z: AP_STA