R tmr
 ets Jan  8 2013,rst cause:4, boot mode:(3,7)

wdt reset
load 0x4010f000, len 1384, room 16 
tail 8
chksum 0x2d
csum 0x2d
v8b899c12
~ld


6.01
 0h00:04.857 2022/04/01T00:13:26z: DS3231
 0h00:04.873 2022/04/01T00:13:26z: BME280 (0x76)
 0h00:04.887 2022/04/01T00:13:26z: 84:f3:eb:7d:7:a8
 0h00:04.888 2022/04/01T00:13:26z: SSID: MU Open
 0h00:04.894 2022/04/01T00:13:26z: AP_STAR tmr
 ets Jan  8 2013,rst cause:4, boot mode:(3,7)

wdt reset
load 0x4010f000, len 1384, room 16 
tail 8
chksum 0x2d
csum 0x2d
v8b899c12
~ld


6.01
 0h00:04.785 2022/04/01T00:33:27z: DS3231
 0h00:04.800 2022/04/01T00:33:27z: BME280 (0x76)
 0h00:04.814 2022/04/01T00:33:27z: 84:f3:eb:7d:7:a8
 0h00:04.816 2022/04/01T00:33:27z: SSID: MU Open
 0h00:04.821 2022/04/01T00:33:27z: AP_STAR tmr
 ets Jan  8 2013,rst cause:4, boot mode:(3,7)

wdt reset
load 0x4010f000, len 1384, room 16 
tail 8
chksum 0x2d
csum 0x2d
v8b899c12
~ld


6.01
 0h00:04.562 2022/04/01T00:53:29z: DS3231
 0h00:04.577 2022/04/01T00:53:29z: BME280 (0x76)
 0h00:04.591 2022/04/01T00:53:29z: 84:f3:eb:7d:7:a8
 0h00:04.593 2022/04/01T00:53:29z: SSID: MU Open
 0h00:04.598 2022/04/01T00:53:29z: AP_STAR tmr
 ets Jan  8 2013,rst cause:4, boot mode:(3,7)

wdt reset
load 0x4010f000, len 1384, room 16 
tail 8
chksum 0x2d
csum 0x2d
v8b899c12
~ld


6.01
 0h00:04.712 2022/04/01T01:13:31z: DS3231
 0h00:04.728 2022/04/01T01:13:31z: BME280 (0x76)
 0h00:04.742 2022/04/01T01:13:31z: 84:f3:eb:7d:7:a8
 0h00:04.743 2022/04/01T01:13:31z: SSID: MU Open
 0h00:04.749 2022/04/01T01:13:31z: AP_STAR tmr
 ets Jan  8 2013,rst cause:4, boot mode:(3,7)

wdt reset
load 0x4010f000, len 1384, room 16 
tail 8
chksum 0x2d
csum 0x2d
v8b899c12
~ld


6.01
 0h00:04.531 2022/04/01T01:33:33z: DS3231
 0h00:04.546 2022/04/01T01:33:33z: BME280 (0x76)
 0h00:04.560 2022/04/01T01:33:33z: 84:f3:eb:7d:7:a8
 0h00:04.562 2022/04/01T01:33:33z: SSID: MU Open
 0h00:04.567 2022/04/01T01:33:33z: AP_STAR tmr
 ets Jan  8 2013,rst cause:4, boot mode:(3,7)

wdt reset
load 0x4010f000, len 1384, room 16 
tail 8
chksum 0x2d
csum 0x2d
v8b899c12
~ld


6.01
 0h00:04.749 2022/04/01T01:53:35z: DS3231
 0h00:04.764 2022/04/01T01:53:35z: BME280 (0x76)
 0h00:04.778 2022/04/01T01:53:35z: 84:f3:eb:7d:7:a8
 0h00:04.780 2022/04/01T01:53:35z: SSID: MU Open
 0h00:04.785 2022/04/01T01:53:35z: AP_STAR tmr
 ets Jan  8 2013,rst cause:4, boot mode:(3,7)

wdt reset
load 0x4010f000, len 1384, room 16 
tail 8
chksum 0x2d
csum 0x2d
v8b899c12
~ld


6.01
 0h00:04.592 2022/04/01T02:13:37z: DS3231
 0h00:04.607 2022/04/01T02:13:37z: BME280 (0x76)
 0h00:04.621 2022/04/01T02:13:37z: 84:f3:eb:7d:7:a8
 0h00:04.623 2022/04/01T02:13:37z: SSID: MU Open
 0h00:04.628 2022/04/01T02:13:37z: AP_STAR tmr
 ets Jan  8 2013,rst cause:4, boot mode:(3,7)

wdt reset
load 0x4010f000, len 1384, room 16 
tail 8
chksum 0x2d
csum 0x2d
v8b899c12
~ld


6.01
 0h00:04.780 2022/04/01T02:33:38z: DS3231
 0h00:04.795 2022/04/01T02:33:38z: BME280 (0x76)
 0h00:04.809 2022/04/01T02:33:38z: 84:f3:eb:7d:7:a8
 0h00:04.811 2022/04/01T02:33:38z: SSID: MU Open
 0h00:04.816 2022/04/01T02:33:38z: AP_STAR tmr
 ets Jan  8 2013,rst cause:4, boot mode:(3,7)

wdt reset
load 0x4010f000, len 1384, room 16 
tail 8
chksum 0x2d
csum 0x2d
v8b899c12
~ld


6.01
 0h00:04.629 2022/04/01T02:53:41z: DS3231
 0h00:04.644 2022/04/01T02:53:41z: BME280 (0x76)
 0h00:04.658 2022/04/01T02:53:41z: 84:f3:eb:7d:7:a8
 0h00:04.660 2022/04/01T02:53:41z: SSID: MU Open
 0h00:04.665 2022/04/01T02:53:41z: AP_STAR tmr
 ets Jan  8 2013,rst cause:4, boot mode:(3,7)

wdt reset
load 0x4010f000, len 1384, room 16 
tail 8
chksum 0x2d
csum 0x2d
v8b899c12
~ld


6.01
 0h00:04.732 2022/04/01T03:13:43z: DS3231
 0h00:04.748 2022/04/01T03:13:43z: BME280 (0x76)
 0h00:04.762 2022/04/01T03:13:43z: 84:f3:eb:7d:7:a8
 0h00:04.763 2022/04/01T03:13:43z: SSID: MU Open
 0h00:04.769 2022/04/01T03:13:43z: AP_STAR tmr
 ets Jan  8 2013,rst cause:4, boot mode:(3,7)

wdt reset
load 0x4010f000, len 1384, room 16 
tail 8
chksum 0x2d
csum 0x2d
v8b899c12
~ld


6.01
 0h00:04.886 2022/04/01T03:33:44z: DS3231
 0h00:04.901 2022/04/01T03:33:44z: BME280 (0x76)
 0h00:04.915 2022/04/01T03:33:44z: 84:f3:eb:7d:7:a8
 0h00:04.917 2022/04/01T03:33:44z: SSID: MU Open
 0h00:04.922 2022/04/01T03:33:44z: AP_STAR tmr
 ets Jan  8 2013,rst cause:4, boot mode:(3,7)

wdt reset
load 0x4010f000, len 1384, room 16 
tail 8
chksum 0x2d
csum 0x2d
v8b899c12
~ld


6.01
 0h00:04.853 2022/04/01T03:53:46z: DS3231
 0h00:04.869 2022/04/01T03:53:46z: BME280 (0x76)
 0h00:04.883 2022/04/01T03:53:46z: 84:f3:eb:7d:7:a8
 0h00:04.885 2022/04/01T03:53:46z: SSID: MU Open
 0h00:04.890 2022/04/01T03:53:46z: AP_STAR tmr
 ets Jan  8 2013,rst cause:4, boot mode:(3,7)

wdt reset
load 0x4010f000, len 1384, room 16 
tail 8
chksum 0x2d
csum 0x2d
v8b899c12
~ld


6.01
 0h00:04.593 2022/04/01T04:13:48z: DS3231
 0h00:04.608 2022/04/01T04:13:48z: BME280 (0x76)
 0h00:04.622 2022/04/01T04:13:48z: 84:f3:eb:7d:7:a8
 0h00:04.624 2022/04/01T04:13:48z: SSID: MU Open
 0h00:04.629 2022/04/01T04:13:48z: AP_STAR tmr
 ets Jan  8 2013,rst cause:4, boot mode:(3,7)

wdt reset
load 0x4010f000, len 1384, room 16 
tail 8
chksum 0x2d
csum 0x2d
v8b899c12
~ld


6.01
 0h00:04.744 2022/04/01T04:33:50z: DS3231
 0h00:04.759 2022/04/01T04:33:50z: BME280 (0x76)
 0h00:04.773 2022/04/01T04:33:50z: 84:f3:eb:7d:7:a8
 0h00:04.775 2022/04/01T04:33:50z: SSID: MU Open
 0h00:04.780 2022/04/01T04:33:50z: AP_STAR tmr
 ets Jan  8 2013,rst cause:4, boot mode:(3,7)

wdt reset
load 0x4010f000, len 1384, room 16 
tail 8
chksum 0x2d
csum 0x2d
v8b899c12
~ld


6.01
 0h00:04.541 2022/04/01T04:53:52z: DS3231
 0h00:04.556 2022/04/01T04:53:52z: BME280 (0x76)
 0h00:04.570 2022/04/01T04:53:52z: 84:f3:eb:7d:7:a8
 0h00:04.572 2022/04/01T04:53:52z: SSID: MU Open
 0h00:04.577 2022/04/01T04:53:52z: AP_STAR tmr
 ets Jan  8 2013,rst cause:4, boot mode:(3,7)

wdt reset
load 0x4010f000, len 1384, room 16 
tail 8
chksum 0x2d
csum 0x2d
v8b899c12
~ld


6.01
 0h00:04.675 2022/04/01T05:13:53z: DS3231
 0h00:04.691 2022/04/01T05:13:54z: BME280 (0x76)
 0h00:04.705 2022/04/01T05:13:54z: 84:f3:eb:7d:7:a8
 0h00:04.706 2022/04/01T05:13:54z: SSID: MU Open
 0h00:04.712 2022/04/01T05:13:54z: AP_STAR tmr
 ets Jan  8 2013,rst cause:4, boot mode:(3,7)

wdt reset
load 0x4010f000, len 1384, room 16 
tail 8
chksum 0x2d
csum 0x2d
v8b899c12
~ld


6.01
 0h00:04.626 2022/04/01T05:33:56z: DS3231
 0h00:04.641 2022/04/01T05:33:56z: BME280 (0x76)
 0h00:04.655 2022/04/01T05:33:56z: 84:f3:eb:7d:7:a8
 0h00:04.657 2022/04/01T05:33:56z: SSID: MU Open
 0h00:04.662 2022/04/01T05:33:56z: AP_STAR tmr
 ets Jan  8 2013,rst cause:4, boot mode:(3,7)

wdt reset
load 0x4010f000, len 1384, room 16 
tail 8
chksum 0x2d
csum 0x2d
v8b899c12
~ld


6.01
 0h00:04.745 2022/04/01T05:53:58z: DS3231
 0h00:04.760 2022/04/01T05:53:58z: BME280 (0x76)
 0h00:04.775 2022/04/01T05:53:58z: 84:f3:eb:7d:7:a8
 0h00:04.776 2022/04/01T05:53:58z: SSID: MU Open
 0h00:04.781 2022/04/01T05:53:58z: AP_STAR tmr
 ets Jan  8 2013,rst cause:4, boot mode:(3,7)

wdt reset
load 0x4010f000, len 1384, room 16 
tail 8
chksum 0x2d
csum 0x2d
v8b899c12
~ld


6.01
 0h00:04.753 2022/04/01T06:14:00z: DS3231
 0h00:04.769 2022/04/01T06:14:00z: BME280 (0x76)
 0h00:04.783 2022/04/01T06:14:00z: 84:f3:eb:7d:7:a8
 0h00:04.785 2022/04/01T06:14:00z: SSID: MU Open
 0h00:04.790 2022/04/01T06:14:00z: AP_STAR tmr
 ets Jan  8 2013,rst cause:4, boot mode:(3,7)

wdt reset
load 0x4010f000, len 1384, room 16 
tail 8
chksum 0x2d
csum 0x2d
v8b899c12
~ld


6.01
 0h00:04.390 2022/04/01T06:34:01z: DS3231
 0h00:04.406 2022/04/01T06:34:01z: BME280 (0x76)
 0h00:04.420 2022/04/01T06:34:01z: 84:f3:eb:7d:7:a8
 0h00:04.421 2022/04/01T06:34:01z: SSID: MU Open
 0h00:04.427 2022/04/01T06:34:01z: AP_STAR tmr
 ets Jan  8 2013,rst cause:4, boot mode:(3,7)

wdt reset
load 0x4010f000, len 1384, room 16 
tail 8
chksum 0x2d
csum 0x2d
v8b899c12
~ld


6.01
 0h00:04.736 2022/04/01T06:54:03z: DS3231
 0h00:04.751 2022/04/01T06:54:03z: BME280 (0x76)
 0h00:04.766 2022/04/01T06:54:04z: 84:f3:eb:7d:7:a8
 0h00:04.767 2022/04/01T06:54:04z: SSID: MU Open
 0h00:04.772 2022/04/01T06:54:04z: AP_STAR tmr
 ets Jan  8 2013,rst cause:4, boot mode:(3,7)

wdt reset
load 0x4010f000, len 1384, room 16 
tail 8
chksum 0x2d
csum 0x2d
v8b899c12
~ld


6.01
 0h00:04.808 2022/04/01T07:14:06z: DS3231
 0h00:04.823 2022/04/01T07:14:06z: BME280 (0x76)
 0h00:04.838 2022/04/01T07:14:06z: 84:f3:eb:7d:7:a8
 0h00:04.839 2022/04/01T07:14:06z: SSID: MU Open
 0h00:04.844 2022/04/01T07:14:06z: AP_STAR tmr
 ets Jan  8 2013,rst cause:4, boot mode:(3,7)

wdt reset
load 0x4010f000, len 1384, room 16 
tail 8
chksum 0x2d
csum 0x2d
v8b899c12
~ld


6.01
 0h00:04.871 2022/04/01T07:34:08z: DS3231
 0h00:04.886 2022/04/01T07:34:08z: BME280 (0x76)
 0h00:04.901 2022/04/01T07:34:08z: 84:f3:eb:7d:7:a8
 0h00:04.902 2022/04/01T07:34:08z: SSID: MU Open
 0h00:04.907 2022/04/01T07:34:08z: AP_STAR tmr
 ets Jan  8 2013,rst cause:4, boot mode:(3,7)

wdt reset
load 0x4010f000, len 1384, room 16 
tail 8
chksum 0x2d
csum 0x2d
v8b899c12
~ld


6.01
 0h00:04.783 2022/04/01T07:54:10z: DS3231
 0h00:04.798 2022/04/01T07:54:10z: BME280 (0x76)
 0h00:04.812 2022/04/01T07:54:10z: 84:f3:eb:7d:7:a8
 0h00:04.814 2022/04/01T07:54:10z: SSID: MU Open
 0h00:04.819 2022/04/01T07:54:10z: AP_STAR tmr
 ets Jan  8 2013,rst cause:4, boot mode:(3,7)

wdt reset
load 0x4010f000, len 1384, room 16 
tail 8
chksum 0x2d
csum 0x2d
v8b899c12
~ld


6.01
 0h00:04.738 2022/04/01T08:14:12z: DS3231
 0h00:04.753 2022/04/01T08:14:12z: BME280 (0x76)
 0h00:04.767 2022/04/01T08:14:12z: 84:f3:eb:7d:7:a8
 0h00:04.769 2022/04/01T08:14:12z: SSID: MU Open
 0h00:04.774 2022/04/01T08:14:12z: AP_STAR tmr
 ets Jan  8 2013,rst cause:4, boot mode:(3,7)

wdt reset
load 0x4010f000, len 1384, room 16 
tail 8
chksum 0x2d
csum 0x2d
v8b899c12
~ld


6.01
 0h00:04.502 2022/04/01T08:34:13z: DS3231
 0h00:04.518 2022/04/01T08:34:13z: BME280 (0x76)
 0h00:04.532 2022/04/01T08:34:13z: 84:f3:eb:7d:7:a8
 0h00:04.534 2022/04/01T08:34:13z: SSID: MU Open
 0h00:04.539 2022/04/01T08:34:13z: AP_STAR tmr
 ets Jan  8 2013,rst cause:4, boot mode:(3,7)

wdt reset
load 0x4010f000, len 1384, room 16 
tail 8
chksum 0x2d
csum 0x2d
v8b899c12
~ld


6.01
 0h00:04.702 2022/04/01T08:54:15z: DS3231
 0h00:04.717 2022/04/01T08:54:15z: BME280 (0x76)
 0h00:04.731 2022/04/01T08:54:15z: 84:f3:eb:7d:7:a8
 0h00:04.733 2022/04/01T08:54:15z: SSID: MU Open
 0h00:04.738 2022/04/01T08:54:15z: AP_STAR tmr
 ets Jan  8 2013,rst cause:4, boot mode:(3,7)

wdt reset
load 0x4010f000, len 1384, room 16 
tail 8
chksum 0x2d
csum 0x2d
v8b899c12
~ld


6.01
 0h00:04.693 2022/04/01T09:14:17z: DS3231
 0h00:04.709 2022/04/01T09:14:17z: BME280 (0x76)
 0h00:04.723 2022/04/01T09:14:17z: 84:f3:eb:7d:7:a8
 0h00:04.724 2022/04/01T09:14:17z: SSID: MU Open
 0h00:04.730 2022/04/01T09:14:17z: AP_STAR tmr
 ets Jan  8 2013,rst cause:4, boot mode:(3,7)

wdt reset
load 0x4010f000, len 1384, room 16 
tail 8
chksum 0x2d
csum 0x2d
v8b899c12
~ld


6.01
 0h00:04.503 2022/04/01T09:34:18z: DS3231
 0h00:04.519 2022/04/01T09:34:18z: BME280 (0x76)
 0h00:04.533 2022/04/01T09:34:18z: 84:f3:eb:7d:7:a8
 0h00:04.534 2022/04/01T09:34:18z: SSID: MU Open
 0h00:04.540 2022/04/01T09:34:18z: AP_STAR tmr
 ets Jan  8 2013,rst cause:4, boot mode:(3,7)

wdt reset
load 0x4010f000, len 1384, room 16 
tail 8
chksum 0x2d
csum 0x2d
v8b899c12
~ld


6.01
 0h00:04.565 2022/04/01T09:54:20z: DS3231
 0h00:04.580 2022/04/01T09:54:20z: BME280 (0x76)
 0h00:04.594 2022/04/01T09:54:20z: 84:f3:eb:7d:7:a8
 0h00:04.596 2022/04/01T09:54:20z: SSID: MU Open
 0h00:04.601 2022/04/01T09:54:20z: AP_STAR tmr
 ets Jan  8 2013,rst cause:4, boot mode:(3,7)

wdt reset
load 0x4010f000, len 1384, room 16 
tail 8
chksum 0x2d
csum 0x2d
v8b899c12
~ld


6.01
 0h00:04.733 2022/04/01T10:14:21z: DS3231
 0h00:04.748 2022/04/01T10:14:21z: BME280 (0x76)
 0h00:04.762 2022/04/01T10:14:21z: 84:f3:eb:7d:7:a8
 0h00:04.764 2022/04/01T10:14:21z: SSID: MU Open
 0h00:04.769 2022/04/01T10:14:21z: AP_STAR tmr
 ets Jan  8 2013,rst cause:4, boot mode:(3,7)

wdt reset
load 0x4010f000, len 1384, room 16 
tail 8
chksum 0x2d
csum 0x2d
v8b899c12
~ld


6.01
 0h00:04.559 2022/04/01T10:34:23z: DS3231
 0h00:04.575 2022/04/01T10:34:23z: BME280 (0x76)
 0h00:04.589 2022/04/01T10:34:23z: 84:f3:eb:7d:7:a8
 0h00:04.590 2022/04/01T10:34:23z: SSID: MU Open
 0h00:04.596 2022/04/01T10:34:23z: AP_STAR tmr
 ets Jan  8 2013,rst cause:4, boot mode:(3,7)

wdt reset
load 0x4010f000, len 1384, room 16 
tail 8
chksum 0x2d
csum 0x2d
v8b899c12
~ld


6.01
 0h00:04.677 2022/04/01T10:54:25z: DS3231
 0h00:04.692 2022/04/01T10:54:25z: BME280 (0x76)
 0h00:04.706 2022/04/01T10:54:25z: 84:f3:eb:7d:7:a8
 0h00:04.708 2022/04/01T10:54:25z: SSID: MU Open
 0h00:04.713 2022/04/01T10:54:25z: AP_STAR tmr
 ets Jan  8 2013,rst cause:4, boot mode:(3,7)

wdt reset
load 0x4010f000, len 1384, room 16 
tail 8
chksum 0x2d
csum 0x2d
v8b899c12
~ld


6.01
 0h00:04.518 2022/04/01T11:14:27z: DS3231
 0h00:04.533 2022/04/01T11:14:27z: BME280 (0x76)
 0h00:04.547 2022/04/01T11:14:27z: 84:f3:eb:7d:7:a8
 0h00:04.549 2022/04/01T11:14:27z: SSID: MU Open
 0h00:04.554 2022/04/01T11:14:27z: AP_STAR tmr
 ets Jan  8 2013,rst cause:4, boot mode:(3,7)

wdt reset
load 0x4010f000, len 1384, room 16 
tail 8
chksum 0x2d
csum 0x2d
v8b899c12
~ld


6.01
 0h00:04.448 2022/04/01T11:34:28z: DS3231
 0h00:04.463 2022/04/01T11:34:28z: BME280 (0x76)
 0h00:04.477 2022/04/01T11:34:28z: 84:f3:eb:7d:7:a8
 0h00:04.479 2022/04/01T11:34:28z: SSID: MU Open
 0h00:04.484 2022/04/01T11:34:28z: AP_STAR tmr
 ets Jan  8 2013,rst cause:4, boot mode:(3,7)

wdt reset
load 0x4010f000, len 1384, room 16 
tail 8
chksum 0x2d
csum 0x2d
v8b899c12
~ld


6.01
 0h00:04.608 2022/04/01T11:54:30z: DS3231
 0h00:04.623 2022/04/01T11:54:30z: BME280 (0x76)
 0h00:04.637 2022/04/01T11:54:30z: 84:f3:eb:7d:7:a8
 0h00:04.639 2022/04/01T11:54:30z: SSID: MU Open
 0h00:04.644 2022/04/01T11:54:30z: AP_STAR tmr
 ets Jan  8 2013,rst cause:4, boot mode:(3,7)

wdt reset
load 0x4010f000, len 1384, room 16 
tail 8
chksum 0x2d
csum 0x2d
v8b899c12
~ld


6.01
 0h00:04.708 2022/04/01T12:14:32z: DS3231
 0h00:04.724 2022/04/01T12:14:32z: BME280 (0x76)
 0h00:04.738 2022/04/01T12:14:32z: 84:f3:eb:7d:7:a8
 0h00:04.740 2022/04/01T12:14:32z: SSID: MU Open
 0h00:04.745 2022/04/01T12:14:32z: AP_STAR tmr
 ets Jan  8 2013,rst cause:4, boot mode:(3,7)

wdt reset
load 0x4010f000, len 1384, room 16 
tail 8
chksum 0x2d
csum 0x2d
v8b899c12
~ld


6.01
 0h00:04.731 2022/04/01T12:34:34z: DS3231
 0h00:04.747 2022/04/01T12:34:34z: BME280 (0x76)
 0h00:04.761 2022/04/01T12:34:34z: 84:f3:eb:7d:7:a8
 0h00:04.763 2022/04/01T12:34:34z: SSID: MU Open
 0h00:04.768 2022/04/01T12:34:34z: AP_STAR tmr
 ets Jan  8 2013,rst cause:4, boot mode:(3,7)

wdt reset
load 0x4010f000, len 1384, room 16 
tail 8
chksum 0x2d
csum 0x2d
v8b899c12
~ld


6.01
 0h00:04.513 2022/04/01T12:54:35z: DS3231
 0h00:04.528 2022/04/01T12:54:35z: BME280 (0x76)
 0h00:04.542 2022/04/01T12:54:35z: 84:f3:eb:7d:7:a8
 0h00:04.544 2022/04/01T12:54:35z: SSID: MU Open
 0h00:04.549 2022/04/01T12:54:35z: AP_STAR tmr
 ets Jan  8 2013,rst cause:4, boot mode:(3,7)

wdt reset
load 0x4010f000, len 1384, room 16 
tail 8
chksum 0x2d
csum 0x2d
v8b899c12
~ld


6.01
 0h00:04.710 2022/04/01T13:14:37z: DS3231
 0h00:04.725 2022/04/01T13:14:37z: BME280 (0x76)
 0h00:04.740 2022/04/01T13:14:37z: 84:f3:eb:7d:7:a8
 0h00:04.741 2022/04/01T13:14:37z: SSID: MU Open
 0h00:04.746 2022/04/01T13:14:37z: AP_STAR tmr
 ets Jan  8 2013,rst cause:4, boot mode:(3,7)

wdt reset
load 0x4010f000, len 1384, room 16 
tail 8
chksum 0x2d
csum 0x2d
v8b899c12
~ld


6.01
 0h00:04.717 2022/04/01T13:34:39z: DS3231
 0h00:04.733 2022/04/01T13:34:39z: BME280 (0x76)
 0h00:04.747 2022/04/01T13:34:39z: 84:f3:eb:7d:7:a8
 0h00:04.749 2022/04/01T13:34:39z: SSID: MU Open
 0h00:04.754 2022/04/01T13:34:39z: AP_STAR tmr
 ets Jan  8 2013,rst cause:4, boot mode:(3,7)

wdt reset
load 0x4010f000, len 1384, room 16 
tail 8
chksum 0x2d
csum 0x2d
v8b899c12
~ld


6.01
 0h00:04.698 2022/04/01T13:54:45z: DS3231
 0h00:04.713 2022/04/01T13:54:45z: BME280 (0x76)
 0h00:04.728 2022/04/01T13:54:45z: 84:f3:eb:7d:7:a8
 0h00:04.729 2022/04/01T13:54:45z: SSID: MU Open
 0h00:04.734 2022/04/01T13:54:45z: AP_STAR tmr
 ets Jan  8 2013,rst cause:4, boot mode:(3,7)

wdt reset
load 0x4010f000, len 1384, room 16 
tail 8
chksum 0x2d
csum 0x2d
v8b899c12
~ld


6.01
 0h00:04.763 2022/04/01T14:14:47z: DS3231
 0h00:04.778 2022/04/01T14:14:47z: BME280 (0x76)
 0h00:04.793 2022/04/01T14:14:47z: 84:f3:eb:7d:7:a8
 0h00:04.794 2022/04/01T14:14:47z: SSID: MU Open
 0h00:04.799 2022/04/01T14:14:47z: AP_STAR tmr
 ets Jan  8 2013,rst cause:4, boot mode:(3,7)

wdt reset
load 0x4010f000, len 1384, room 16 
tail 8
chksum 0x2d
csum 0x2d
v8b899c12
~ld


6.01
 0h00:04.579 2022/04/01T14:34:49z: DS3231
 0h00:04.594 2022/04/01T14:34:49z: BME280 (0x76)
 0h00:04.608 2022/04/01T14:34:49z: 84:f3:eb:7d:7:a8
 0h00:04.610 2022/04/01T14:34:49z: SSID: MU Open
 0h00:04.615 2022/04/01T14:34:49z: AP_STAR tmr
 ets Jan  8 2013,rst cause:4, boot mode:(3,7)

wdt reset
load 0x4010f000, len 1384, room 16 
tail 8
chksum 0x2d
csum 0x2d
v8b899c12
~ld


6.01
 0h00:04.221 2022/04/01T14:54:50z: DS3231
 0h00:04.236 2022/04/01T14:54:50z: BME280 (0x76)
 0h00:04.251 2022/04/01T14:54:50z: 84:f3:eb:7d:7:a8
 0h00:04.252 2022/04/01T14:54:50z: SSID: MU Open
 0h00:04.258 2022/04/01T14:54:50z: AP_STAR tmr
 ets Jan  8 2013,rst cause:4, boot mode:(3,7)

wdt reset
load 0x4010f000, len 1384, room 16 
tail 8
chksum 0x2d
csum 0x2d
v8b899c12
~ld


6.01
 0h00:04.656 2022/04/01T15:14:52z: DS3231
 0h00:04.671 2022/04/01T15:14:52z: BME280 (0x76)
 0h00:04.685 2022/04/01T15:14:52z: 84:f3:eb:7d:7:a8
 0h00:04.687 2022/04/01T15:14:52z: SSID: MU Open
 0h00:04.692 2022/04/01T15:14:52z: AP_STAR tmr
 ets Jan  8 2013,rst cause:4, boot mode:(3,7)

wdt reset
load 0x4010f000, len 1384, room 16 
tail 8
chksum 0x2d
csum 0x2d
v8b899c12
~ld


6.01
 0h00:04.501 2022/04/01T15:34:53z: DS3231
 0h00:04.517 2022/04/01T15:34:53z: BME280 (0x76)
 0h00:04.531 2022/04/01T15:34:53z: 84:f3:eb:7d:7:a8
 0h00:04.532 2022/04/01T15:34:53z: SSID: MU Open
 0h00:04.538 2022/04/01T15:34:53z: AP_STAR tmr
 ets Jan  8 2013,rst cause:4, boot mode:(3,7)

wdt reset
load 0x4010f000, len 1384, room 16 
tail 8
chksum 0x2d
csum 0x2d
v8b899c12
~ld


6.01
 0h00:04.462 2022/04/01T15:54:55z: DS3231
 0h00:04.477 2022/04/01T15:54:55z: BME280 (0x76)
 0h00:04.492 2022/04/01T15:54:55z: 84:f3:eb:7d:7:a8
 0h00:04.493 2022/04/01T15:54:55z: SSID: MU Open
 0h00:04.498 2022/04/01T15:54:55z: AP_STAR tmr
 ets Jan  8 2013,rst cause:4, boot mode:(3,7)

wdt reset
load 0x4010f000, len 1384, room 16 
tail 8
chksum 0x2d
csum 0x2d
v8b899c12
~ld


6.01
 0h00:04.645 2022/04/01T16:14:56z: DS3231
 0h00:04.661 2022/04/01T16:14:56z: BME280 (0x76)
 0h00:04.675 2022/04/01T16:14:56z: 84:f3:eb:7d:7:a8
 0h00:04.677 2022/04/01T16:14:56z: SSID: MU Open
 0h00:04.682 2022/04/01T16:14:56z: AP_STAR tmr
 ets Jan  8 2013,rst cause:4, boot mode:(3,7)

wdt reset
load 0x4010f000, len 1384, room 16 
tail 8
chksum 0x2d
csum 0x2d
v8b899c12
~ld


6.01
 0h00:04.514 2022/04/01T16:34:58z: DS3231
 0h00:04.529 2022/04/01T16:34:58z: BME280 (0x76)
 0h00:04.543 2022/04/01T16:34:58z: 84:f3:eb:7d:7:a8
 0h00:04.545 2022/04/01T16:34:58z: SSID: MU Open
 0h00:04.550 2022/04/01T16:34:58z: AP_STAR tmr
 ets Jan  8 2013,rst cause:4, boot mode:(3,7)

wdt reset
load 0x4010f000, len 1384, room 16 
tail 8
chksum 0x2d
csum 0x2d
v8b899c12
~ld


6.01
 0h00:04.490 2022/04/01T16:55:00z: DS3231
 0h00:04.505 2022/04/01T16:55:00z: BME280 (0x76)
 0h00:04.519 2022/04/01T16:55:00z: 84:f3:eb:7d:7:a8
 0h00:04.521 2022/04/01T16:55:00z: SSID: MU Open
 0h00:04.526 2022/04/01T16:55:00z: AP_STAR tmr
 ets Jan  8 2013,rst cause:4, boot mode:(3,7)

wdt reset
load 0x4010f000, len 1384, room 16 
tail 8
chksum 0x2d
csum 0x2d
v8b899c12
~ld


6.01
 0h00:04.342 2022/04/01T17:15:01z: DS3231
 0h00:04.358 2022/04/01T17:15:01z: BME280 (0x76)
 0h00:04.372 2022/04/01T17:15:01z: 84:f3:eb:7d:7:a8
 0h00:04.374 2022/04/01T17:15:01z: SSID: MU Open
 0h00:04.379 2022/04/01T17:15:01z: AP_STAR tmr
 ets Jan  8 2013,rst cause:4, boot mode:(3,7)

wdt reset
load 0x4010f000, len 1384, room 16 
tail 8
chksum 0x2d
csum 0x2d
v8b899c12
~ld


6.01
 0h00:04.464 2022/04/01T17:35:03z: DS3231
 0h00:04.480 2022/04/01T17:35:03z: BME280 (0x76)
 0h00:04.494 2022/04/01T17:35:03z: 84:f3:eb:7d:7:a8
 0h00:04.496 2022/04/01T17:35:03z: SSID: MU Open
 0h00:04.501 2022/04/01T17:35:03z: AP_STAR tmr
 ets Jan  8 2013,rst cause:4, boot mode:(3,7)

wdt reset
load 0x4010f000, len 1384, room 16 
tail 8
chksum 0x2d
csum 0x2d
v8b899c12
~ld


6.01
 0h00:04.411 2022/04/01T17:55:04z: DS3231
 0h00:04.426 2022/04/01T17:55:04z: BME280 (0x76)
 0h00:04.440 2022/04/01T17:55:04z: 84:f3:eb:7d:7:a8
 0h00:04.442 2022/04/01T17:55:04z: SSID: MU Open
 0h00:04.447 2022/04/01T17:55:04z: AP_STAR tmr
 ets Jan  8 2013,rst cause:4, boot mode:(3,7)

wdt reset
load 0x4010f000, len 1384, room 16 
tail 8
chksum 0x2d
csum 0x2d
v8b899c12
~ld


6.01
 0h00:04.380 2022/04/01T18:15:05z: DS3231
 0h00:04.396 2022/04/01T18:15:05z: BME280 (0x76)
 0h00:04.410 2022/04/01T18:15:05z: 84:f3:eb:7d:7:a8
 0h00:04.411 2022/04/01T18:15:05z: SSID: MU Open
 0h00:04.417 2022/04/01T18:15:05z: AP_STAR tmr
 ets Jan  8 2013,rst cause:4, boot mode:(3,7)

wdt reset
load 0x4010f000, len 1384, room 16 
tail 8
chksum 0x2d
csum 0x2d
v8b899c12
~ld


6.01
 0h00:04.556 2022/04/01T18:35:07z: DS3231
 0h00:04.571 2022/04/01T18:35:07z: BME280 (0x76)
 0h00:04.585 2022/04/01T18:35:07z: 84:f3:eb:7d:7:a8
 0h00:04.587 2022/04/01T18:35:07z: SSID: MU Open
 0h00:04.592 2022/04/01T18:35:07z: AP_STAR tmr
 ets Jan  8 2013,rst cause:4, boot mode:(3,7)

wdt reset
load 0x4010f000, len 1384, room 16 
tail 8
chksum 0x2d
csum 0x2d
v8b899c12
~ld


6.01
 0h00:04.528 2022/04/01T18:55:09z: DS3231
 0h00:04.543 2022/04/01T18:55:09z: BME280 (0x76)
 0h00:04.557 2022/04/01T18:55:09z: 84:f3:eb:7d:7:a8
 0h00:04.559 2022/04/01T18:55:09z: SSID: MU Open
 0h00:04.564 2022/04/01T18:55:09z: AP_STAR tmr
 ets Jan  8 2013,rst cause:4, boot mode:(3,7)

wdt reset
load 0x4010f000, len 1384, room 16 
tail 8
chksum 0x2d
csum 0x2d
v8b899c12
~ld


6.01
 0h00:04.341 2022/04/01T19:15:10z: DS3231
 0h00:04.356 2022/04/01T19:15:10z: BME280 (0x76)
 0h00:04.371 2022/04/01T19:15:10z: 84:f3:eb:7d:7:a8
 0h00:04.372 2022/04/01T19:15:10z: SSID: MU Open
 0h00:04.377 2022/04/01T19:15:10z: AP_STAR tmr
 ets Jan  8 2013,rst cause:4, boot mode:(3,7)

wdt reset
load 0x4010f000, len 1384, room 16 
tail 8
chksum 0x2d
csum 0x2d
v8b899c12
~ld


6.01
 0h00:04.312 2022/04/01T19:35:11z: DS3231
 0h00:04.328 2022/04/01T19:35:11z: BME280 (0x76)
 0h00:04.342 2022/04/01T19:35:11z: 84:f3:eb:7d:7:a8
 0h00:04.344 2022/04/01T19:35:11z: SSID: MU Open
 0h00:04.349 2022/04/01T19:35:11z: AP_STAR tmr
 ets Jan  8 2013,rst cause:4, boot mode:(3,7)

wdt reset
load 0x4010f000, len 1384, room 16 
tail 8
chksum 0x2d
csum 0x2d
v8b899c12
~ld


6.01
 0h00:04.505 2022/04/01T19:55:13z: DS3231
 0h00:04.520 2022/04/01T19:55:13z: BME280 (0x76)
 0h00:04.534 2022/04/01T19:55:13z: 84:f3:eb:7d:7:a8
 0h00:04.536 2022/04/01T19:55:13z: SSID: MU Open
 0h00:04.541 2022/04/01T19:55:13z: AP_STAR tmr
 ets Jan  8 2013,rst cause:4, boot mode:(3,7)

wdt reset
load 0x4010f000, len 1384, room 16 
tail 8
chksum 0x2d
csum 0x2d
v8b899c12
~ld


6.01
 0h00:04.468 2022/04/01T20:15:15z: DS3231
 0h00:04.484 2022/04/01T20:15:15z: BME280 (0x76)
 0h00:04.498 2022/04/01T20:15:15z: 84:f3:eb:7d:7:a8
 0h00:04.500 2022/04/01T20:15:15z: SSID: MU Open
 0h00:04.505 2022/04/01T20:15:15z: AP_STAR tmr
 ets Jan  8 2013,rst cause:4, boot mode:(3,7)

wdt reset
load 0x4010f000, len 1384, room 16 
tail 8
chksum 0x2d
csum 0x2d
v8b899c12
~ld


6.01
 0h00:04.469 2022/04/01T20:35:16z: DS3231
 0h00:04.484 2022/04/01T20:35:16z: BME280 (0x76)
 0h00:04.498 2022/04/01T20:35:16z: 84:f3:eb:7d:7:a8
 0h00:04.500 2022/04/01T20:35:16z: SSID: MU Open
 0h00:04.505 2022/04/01T20:35:16z: AP_STAR tmr
 ets Jan  8 2013,rst cause:4, boot mode:(3,7)

wdt reset
load 0x4010f000, len 1384, room 16 
tail 8
chksum 0x2d
csum 0x2d
v8b899c12
~ld


6.01
 0h00:04.618 2022/04/01T20:55:18z: DS3231
 0h00:04.634 2022/04/01T20:55:18z: BME280 (0x76)
 0h00:04.648 2022/04/01T20:55:18z: 84:f3:eb:7d:7:a8
 0h00:04.650 2022/04/01T20:55:18z: SSID: MU Open
 0h00:04.655 2022/04/01T20:55:18z: AP_STAR tmr
 ets Jan  8 2013,rst cause:4, boot mode:(3,7)

wdt reset
load 0x4010f000, len 1384, room 16 
tail 8
chksum 0x2d
csum 0x2d
v8b899c12
~ld


6.01
 0h00:04.625 2022/04/01T21:15:20z: DS3231
 0h00:04.641 2022/04/01T21:15:20z: BME280 (0x76)
 0h00:04.655 2022/04/01T21:15:20z: 84:f3:eb:7d:7:a8
 0h00:04.657 2022/04/01T21:15:20z: SSID: MU Open
 0h00:04.662 2022/04/01T21:15:20z: AP_STAR tmr
 ets Jan  8 2013,rst cause:4, boot mode:(3,7)

wdt reset
load 0x4010f000, len 1384, room 16 
tail 8
chksum 0x2d
csum 0x2d
v8b899c12
~ld


6.01
 0h00:04.415 2022/04/01T21:35:20z: DS3231
 0h00:04.430 2022/04/01T21:35:20z: BME280 (0x76)
 0h00:04.445 2022/04/01T21:35:20z: 84:f3:eb:7d:7:a8
 0h00:04.446 2022/04/01T21:35:20z: SSID: MU Open
 0h00:04.451 2022/04/01T21:35:20z: AP_STAR tmr
 ets Jan  8 2013,rst cause:4, boot mode:(3,7)

wdt reset
load 0x4010f000, len 1384, room 16 
tail 8
chksum 0x2d
csum 0x2d
v8b899c12
~ld


6.01
 0h00:04.460 2022/04/01T21:55:21z: DS3231
 0h00:04.475 2022/04/01T21:55:21z: BME280 (0x76)
 0h00:04.489 2022/04/01T21:55:21z: 84:f3:eb:7d:7:a8
 0h00:04.491 2022/04/01T21:55:21z: SSID: MU Open
 0h00:04.496 2022/04/01T21:55:21z: AP_STAR tmr
 ets Jan  8 2013,rst cause:4, boot mode:(3,7)

wdt reset
load 0x4010f000, len 1384, room 16 
tail 8
chksum 0x2d
csum 0x2d
v8b899c12
~ld


6.01
 0h00:04.535 2022/04/01T22:15:23z: DS3231
 0h00:04.550 2022/04/01T22:15:23z: BME280 (0x76)
 0h00:04.564 2022/04/01T22:15:23z: 84:f3:eb:7d:7:a8
 0h00:04.566 2022/04/01T22:15:23z: SSID: MU Open
 0h00:04.571 2022/04/01T22:15:23z: AP_STAR tmr
 ets Jan  8 2013,rst cause:4, boot mode:(3,7)

wdt reset
load 0x4010f000, len 1384, room 16 
tail 8
chksum 0x2d
csum 0x2d
v8b899c12
~ld


6.01
 0h00:04.555 2022/04/01T22:35:25z: DS3231
 0h00:04.570 2022/04/01T22:35:25z: BME280 (0x76)
 0h00:04.584 2022/04/01T22:35:25z: 84:f3:eb:7d:7:a8
 0h00:04.586 2022/04/01T22:35:25z: SSID: MU Open
 0h00:04.591 2022/04/01T22:35:25z: AP_STAR tmr
 ets Jan  8 2013,rst cause:4, boot mode:(3,7)

wdt reset
load 0x4010f000, len 1384, room 16 
tail 8
chksum 0x2d
csum 0x2d
v8b899c12
~ld


6.01
 0h00:04.555 2022/04/01T22:55:26z: DS3231
 0h00:04.571 2022/04/01T22:55:26z: BME280 (0x76)
 0h00:04.585 2022/04/01T22:55:26z: 84:f3:eb:7d:7:a8
 0h00:04.586 2022/04/01T22:55:26z: SSID: MU Open
 0h00:04.592 2022/04/01T22:55:26z: AP_STAR tmr
 ets Jan  8 2013,rst cause:4, boot mode:(3,7)

wdt reset
load 0x4010f000, len 1384, room 16 
tail 8
chksum 0x2d
csum 0x2d
v8b899c12
~ld


6.01
 0h00:04.538 2022/04/01T23:15:28z: DS3231
 0h00:04.553 2022/04/01T23:15:28z: BME280 (0x76)
 0h00:04.567 2022/04/01T23:15:28z: 84:f3:eb:7d:7:a8
 0h00:04.569 2022/04/01T23:15:28z: SSID: MU Open
 0h00:04.574 2022/04/01T23:15:28z: AP_STAR tmr
 ets Jan  8 2013,rst cause:4, boot mode:(3,7)

wdt reset
load 0x4010f000, len 1384, room 16 
tail 8
chksum 0x2d
csum 0x2d
v8b899c12
~ld


6.01
 0h00:04.429 2022/04/01T23:35:29z: DS3231
 0h00:04.444 2022/04/01T23:35:29z: BME280 (0x76)
 0h00:04.459 2022/04/01T23:35:29z: 84:f3:eb:7d:7:a8
 0h00:04.460 2022/04/01T23:35:29z: SSID: MU Open
 0h00:04.465 2022/04/01T23:35:29z: AP_STAR tmr
 ets Jan  8 2013,rst cause:4, boot mode:(3,7)

wdt reset
load 0x4010f000, len 1384, room 16 
tail 8
chksum 0x2d
csum 0x2d
v8b899c12
~ld


6.01
 0h00:04.628 2022/04/01T23:55:31z: DS3231
 0h00:04.643 2022/04/01T23:55:31z: BME280 (0x76)
 0h00:04.657 2022/04/01T23:55:31z: 84:f3:eb:7d:7:a8
 0h00:04.659 2022/04/01T23:55:31z: SSID: MU Open
 0h00:04.664 2022/04/01T23:55:31z: AP_STA