R tmr
 ets Jan  8 2013,rst cause:4, boot mode:(3,7)

wdt reset
load 0x4010f000, len 1384, room 16 
tail 8
chksum 0x2d
csum 0x2d
v8b899c12
~ld


6.01
 0h00:07.740 2023/01/09T00:01:16z: DS3231
 0h00:07.756 2023/01/09T00:01:16z: BME280 (0x76)
 0h00:07.770 2023/01/09T00:01:16z: 84:f3:eb:7d:7:a8
 0h00:07.771 2023/01/09T00:01:16z: SSID: MU Open
 0h00:07.777 2023/01/09T00:01:16z: AP_STAR tmr
 ets Jan  8 2013,rst cause:4, boot mode:(3,7)

wdt reset
load 0x4010f000, len 1384, room 16 
tail 8
chksum 0x2d
csum 0x2d
v8b899c12
~ld


6.01
 0h00:07.885 2023/01/09T00:21:28z: DS3231
 0h00:07.900 2023/01/09T00:21:28z: BME280 (0x76)
 0h00:07.914 2023/01/09T00:21:28z: 84:f3:eb:7d:7:a8
 0h00:07.916 2023/01/09T00:21:28z: SSID: MU Open
 0h00:07.921 2023/01/09T00:21:28z: AP_STAR tmr
 ets Jan  8 2013,rst cause:4, boot mode:(3,7)

wdt reset
load 0x4010f000, len 1384, room 16 
tail 8
chksum 0x2d
csum 0x2d
v8b899c12
~ld


6.01
 0h00:06.986 2023/01/09T00:41:38z: DS3231
 0h00:07.002 2023/01/09T00:41:38z: BME280 (0x76)
 0h00:07.016 2023/01/09T00:41:38z: 84:f3:eb:7d:7:a8
 0h00:07.018 2023/01/09T00:41:38z: SSID: MU Open
 0h00:07.023 2023/01/09T00:41:38z: AP_STAR tmr
 ets Jan  8 2013,rst cause:4, boot mode:(3,7)

wdt reset
load 0x4010f000, len 1384, room 16 
tail 8
chksum 0x2d
csum 0x2d
v8b899c12
~ld


6.01
 0h00:07.370 2023/01/09T01:01:49z: DS3231
 0h00:07.386 2023/01/09T01:01:49z: BME280 (0x76)
 0h00:07.400 2023/01/09T01:01:49z: 84:f3:eb:7d:7:a8
 0h00:07.402 2023/01/09T01:01:49z: SSID: MU Open
 0h00:07.407 2023/01/09T01:01:49z: AP_STAR tmr
 ets Jan  8 2013,rst cause:4, boot mode:(3,7)

wdt reset
load 0x4010f000, len 1384, room 16 
tail 8
chksum 0x2d
csum 0x2d
v8b899c12
~ld


6.01
 0h00:07.619 2023/01/09T01:22:00z: DS3231
 0h00:07.634 2023/01/09T01:22:00z: BME280 (0x76)
 0h00:07.648 2023/01/09T01:22:00z: 84:f3:eb:7d:7:a8
 0h00:07.650 2023/01/09T01:22:00z: SSID: MU Open
 0h00:07.655 2023/01/09T01:22:00z: AP_STAR tmr
 ets Jan  8 2013,rst cause:4, boot mode:(3,7)

wdt reset
load 0x4010f000, len 1384, room 16 
tail 8
chksum 0x2d
csum 0x2d
v8b899c12
~ld


6.01
 0h00:07.867 2023/01/09T01:42:12z: DS3231
 0h00:07.882 2023/01/09T01:42:12z: BME280 (0x76)
 0h00:07.896 2023/01/09T01:42:12z: 84:f3:eb:7d:7:a8
 0h00:07.898 2023/01/09T01:42:12z: SSID: MU Open
 0h00:07.903 2023/01/09T01:42:12z: AP_STAR tmr
 ets Jan  8 2013,rst cause:4, boot mode:(3,7)

wdt reset
load 0x4010f000, len 1384, room 16 
tail 8
chksum 0x2d
csum 0x2d
v8b899c12
~ld


6.01
 0h00:06.953 2023/01/09T02:02:22z: DS3231
 0h00:06.968 2023/01/09T02:02:22z: BME280 (0x76)
 0h00:06.983 2023/01/09T02:02:22z: 84:f3:eb:7d:7:a8
 0h00:06.984 2023/01/09T02:02:22z: SSID: MU Open
 0h00:06.989 2023/01/09T02:02:22z: AP_STAR tmr
 ets Jan  8 2013,rst cause:4, boot mode:(3,7)

wdt reset
load 0x4010f000, len 1384, room 16 
tail 8
chksum 0x2d
csum 0x2d
v8b899c12
~ld


6.01
 0h00:07.526 2023/01/09T02:22:33z: DS3231
 0h00:07.541 2023/01/09T02:22:33z: BME280 (0x76)
 0h00:07.555 2023/01/09T02:22:33z: 84:f3:eb:7d:7:a8
 0h00:07.557 2023/01/09T02:22:33z: SSID: MU Open
 0h00:07.562 2023/01/09T02:22:33z: AP_STAR tmr
 ets Jan  8 2013,rst cause:4, boot mode:(3,7)

wdt reset
load 0x4010f000, len 1384, room 16 
tail 8
chksum 0x2d
csum 0x2d
v8b899c12
~ld


6.01
 0h00:07.215 2023/01/09T02:42:43z: DS3231
 0h00:07.231 2023/01/09T02:42:43z: BME280 (0x76)
 0h00:07.245 2023/01/09T02:42:43z: 84:f3:eb:7d:7:a8
 0h00:07.247 2023/01/09T02:42:43z: SSID: MU Open
 0h00:07.252 2023/01/09T02:42:43z: AP_STAR tmr
 ets Jan  8 2013,rst cause:4, boot mode:(3,7)

wdt reset
load 0x4010f000, len 1384, room 16 
tail 8
chksum 0x2d
csum 0x2d
v8b899c12
~ld


6.01
 0h00:06.840 2023/01/09T03:02:53z: DS3231
 0h00:06.855 2023/01/09T03:02:53z: BME280 (0x76)
 0h00:06.870 2023/01/09T03:02:53z: 84:f3:eb:7d:7:a8
 0h00:06.871 2023/01/09T03:02:53z: SSID: MU Open
 0h00:06.876 2023/01/09T03:02:53z: AP_STAR tmr
 ets Jan  8 2013,rst cause:4, boot mode:(3,7)

wdt reset
load 0x4010f000, len 1384, room 16 
tail 8
chksum 0x2d
csum 0x2d
v8b899c12
~ld


6.01
 0h00:07.190 2023/01/09T03:23:03z: DS3231
 0h00:07.206 2023/01/09T03:23:03z: BME280 (0x76)
 0h00:07.220 2023/01/09T03:23:03z: 84:f3:eb:7d:7:a8
 0h00:07.222 2023/01/09T03:23:03z: SSID: MU Open
 0h00:07.227 2023/01/09T03:23:03z: AP_STAR tmr
 ets Jan  8 2013,rst cause:4, boot mode:(3,7)

wdt reset
load 0x4010f000, len 1384, room 16 
tail 8
chksum 0x2d
csum 0x2d
v8b899c12
~ld


6.01
 0h00:07.496 2023/01/09T03:43:14z: DS3231
 0h00:07.511 2023/01/09T03:43:14z: BME280 (0x76)
 0h00:07.525 2023/01/09T03:43:14z: 84:f3:eb:7d:7:a8
 0h00:07.527 2023/01/09T03:43:14z: SSID: MU Open
 0h00:07.532 2023/01/09T03:43:14z: AP_STAR tmr
 ets Jan  8 2013,rst cause:4, boot mode:(3,7)

wdt reset
load 0x4010f000, len 1384, room 16 
tail 8
chksum 0x2d
csum 0x2d
v8b899c12
~ld


6.01
 0h00:07.331 2023/01/09T04:03:24z: DS3231
 0h00:07.346 2023/01/09T04:03:24z: BME280 (0x76)
 0h00:07.360 2023/01/09T04:03:24z: 84:f3:eb:7d:7:a8
 0h00:07.362 2023/01/09T04:03:24z: SSID: MU Open
 0h00:07.367 2023/01/09T04:03:24z: AP_STAR tmr
 ets Jan  8 2013,rst cause:4, boot mode:(3,7)

wdt reset
load 0x4010f000, len 1384, room 16 
tail 8
chksum 0x2d
csum 0x2d
v8b899c12
~ld


6.01
 0h00:07.495 2023/01/09T04:23:35z: DS3231
 0h00:07.511 2023/01/09T04:23:35z: BME280 (0x76)
 0h00:07.525 2023/01/09T04:23:35z: 84:f3:eb:7d:7:a8
 0h00:07.527 2023/01/09T04:23:35z: SSID: MU Open
 0h00:07.532 2023/01/09T04:23:35z: AP_STAR tmr
 ets Jan  8 2013,rst cause:4, boot mode:(3,7)

wdt reset
load 0x4010f000, len 1384, room 16 
tail 8
chksum 0x2d
csum 0x2d
v8b899c12
~ld


6.01
 0h00:07.493 2023/01/09T04:43:45z: DS3231
 0h00:07.508 2023/01/09T04:43:45z: BME280 (0x76)
 0h00:07.522 2023/01/09T04:43:45z: 84:f3:eb:7d:7:a8
 0h00:07.524 2023/01/09T04:43:45z: SSID: MU Open
 0h00:07.529 2023/01/09T04:43:45z: AP_STAR tmr
 ets Jan  8 2013,rst cause:4, boot mode:(3,7)

wdt reset
load 0x4010f000, len 1384, room 16 
tail 8
chksum 0x2d
csum 0x2d
v8b899c12
~ld


6.01
 0h00:07.301 2023/01/09T05:03:56z: DS3231
 0h00:07.316 2023/01/09T05:03:56z: BME280 (0x76)
 0h00:07.330 2023/01/09T05:03:56z: 84:f3:eb:7d:7:a8
 0h00:07.332 2023/01/09T05:03:56z: SSID: MU Open
 0h00:07.337 2023/01/09T05:03:56z: AP_STAR tmr
 ets Jan  8 2013,rst cause:4, boot mode:(3,7)

wdt reset
load 0x4010f000, len 1384, room 16 
tail 8
chksum 0x2d
csum 0x2d
v8b899c12
~ld


6.01
 0h00:07.440 2023/01/09T05:24:06z: DS3231
 0h00:07.456 2023/01/09T05:24:06z: BME280 (0x76)
 0h00:07.470 2023/01/09T05:24:06z: 84:f3:eb:7d:7:a8
 0h00:07.472 2023/01/09T05:24:06z: SSID: MU Open
 0h00:07.477 2023/01/09T05:24:06z: AP_STAR tmr
 ets Jan  8 2013,rst cause:4, boot mode:(3,7)

wdt reset
load 0x4010f000, len 1384, room 16 
tail 8
chksum 0x2d
csum 0x2d
v8b899c12
~ld


6.01
 0h00:07.270 2023/01/09T05:44:16z: DS3231
 0h00:07.285 2023/01/09T05:44:16z: BME280 (0x76)
 0h00:07.299 2023/01/09T05:44:16z: 84:f3:eb:7d:7:a8
 0h00:07.301 2023/01/09T05:44:16z: SSID: MU Open
 0h00:07.306 2023/01/09T05:44:16z: AP_STAR tmr
 ets Jan  8 2013,rst cause:4, boot mode:(3,7)

wdt reset
load 0x4010f000, len 1384, room 16 
tail 8
chksum 0x2d
csum 0x2d
v8b899c12
~ld


6.01
 0h00:06.736 2023/01/09T06:04:26z: DS3231
 0h00:06.751 2023/01/09T06:04:26z: BME280 (0x76)
 0h00:06.766 2023/01/09T06:04:26z: 84:f3:eb:7d:7:a8
 0h00:06.767 2023/01/09T06:04:26z: SSID: MU Open
 0h00:06.772 2023/01/09T06:04:26z: AP_STAR tmr
 ets Jan  8 2013,rst cause:4, boot mode:(3,7)

wdt reset
load 0x4010f000, len 1384, room 16 
tail 8
chksum 0x2d
csum 0x2d
v8b899c12
~ld


6.01
 0h00:07.382 2023/01/09T06:24:36z: DS3231
 0h00:07.397 2023/01/09T06:24:36z: BME280 (0x76)
 0h00:07.412 2023/01/09T06:24:36z: 84:f3:eb:7d:7:a8
 0h00:07.413 2023/01/09T06:24:36z: SSID: MU Open
 0h00:07.418 2023/01/09T06:24:36z: AP_STAR tmr
 ets Jan  8 2013,rst cause:4, boot mode:(3,7)

wdt reset
load 0x4010f000, len 1384, room 16 
tail 8
chksum 0x2d
csum 0x2d
v8b899c12
~ld


6.01
 0h00:07.085 2023/01/09T06:44:46z: DS3231
 0h00:07.100 2023/01/09T06:44:46z: BME280 (0x76)
 0h00:07.114 2023/01/09T06:44:46z: 84:f3:eb:7d:7:a8
 0h00:07.116 2023/01/09T06:44:46z: SSID: MU Open
 0h00:07.121 2023/01/09T06:44:46z: AP_STAR tmr
 ets Jan  8 2013,rst cause:4, boot mode:(3,7)

wdt reset
load 0x4010f000, len 1384, room 16 
tail 8
chksum 0x2d
csum 0x2d
v8b899c12
~ld


6.01
 0h00:07.119 2023/01/09T07:04:55z: DS3231
 0h00:07.134 2023/01/09T07:04:55z: BME280 (0x76)
 0h00:07.148 2023/01/09T07:04:55z: 84:f3:eb:7d:7:a8
 0h00:07.150 2023/01/09T07:04:55z: SSID: MU Open
 0h00:07.155 2023/01/09T07:04:55z: AP_STAR tmr
 ets Jan  8 2013,rst cause:4, boot mode:(3,7)

wdt reset
load 0x4010f000, len 1384, room 16 
tail 8
chksum 0x2d
csum 0x2d
v8b899c12
~ld


6.01
 0h00:07.501 2023/01/09T07:25:05z: DS3231
 0h00:07.516 2023/01/09T07:25:05z: BME280 (0x76)
 0h00:07.530 2023/01/09T07:25:05z: 84:f3:eb:7d:7:a8
 0h00:07.532 2023/01/09T07:25:05z: SSID: MU Open
 0h00:07.537 2023/01/09T07:25:05z: AP_STAR tmr
 ets Jan  8 2013,rst cause:4, boot mode:(3,7)

wdt reset
load 0x4010f000, len 1384, room 16 
tail 8
chksum 0x2d
csum 0x2d
v8b899c12
~ld


6.01
 0h00:07.252 2023/01/09T07:45:15z: DS3231
 0h00:07.267 2023/01/09T07:45:15z: BME280 (0x76)
 0h00:07.281 2023/01/09T07:45:15z: 84:f3:eb:7d:7:a8
 0h00:07.283 2023/01/09T07:45:15z: SSID: MU Open
 0h00:07.288 2023/01/09T07:45:15z: AP_STAR tmr
 ets Jan  8 2013,rst cause:4, boot mode:(3,7)

wdt reset
load 0x4010f000, len 1384, room 16 
tail 8
chksum 0x2d
csum 0x2d
v8b899c12
~ld


6.01
 0h00:07.651 2023/01/09T08:05:26z: DS3231
 0h00:07.667 2023/01/09T08:05:26z: BME280 (0x76)
 0h00:07.681 2023/01/09T08:05:26z: 84:f3:eb:7d:7:a8
 0h00:07.682 2023/01/09T08:05:26z: SSID: MU Open
 0h00:07.688 2023/01/09T08:05:26z: AP_STAR tmr
 ets Jan  8 2013,rst cause:4, boot mode:(3,7)

wdt reset
load 0x4010f000, len 1384, room 16 
tail 8
chksum 0x2d
csum 0x2d
v8b899c12
~ld


6.01
 0h00:07.551 2023/01/09T08:25:37z: DS3231
 0h00:07.566 2023/01/09T08:25:37z: BME280 (0x76)
 0h00:07.580 2023/01/09T08:25:37z: 84:f3:eb:7d:7:a8
 0h00:07.582 2023/01/09T08:25:37z: SSID: MU Open
 0h00:07.587 2023/01/09T08:25:37z: AP_STAR tmr
 ets Jan  8 2013,rst cause:4, boot mode:(3,7)

wdt reset
load 0x4010f000, len 1384, room 16 
tail 8
chksum 0x2d
csum 0x2d
v8b899c12
~ld


6.01
 0h00:07.721 2023/01/09T08:45:48z: DS3231
 0h00:07.737 2023/01/09T08:45:48z: BME280 (0x76)
 0h00:07.751 2023/01/09T08:45:48z: 84:f3:eb:7d:7:a8
 0h00:07.752 2023/01/09T08:45:48z: SSID: MU Open
 0h00:07.758 2023/01/09T08:45:48z: AP_STAR tmr
 ets Jan  8 2013,rst cause:4, boot mode:(3,7)

wdt reset
load 0x4010f000, len 1384, room 16 
tail 8
chksum 0x2d
csum 0x2d
v8b899c12
~ld


6.01
 0h00:07.984 2023/01/09T09:05:59z: DS3231
 0h00:07.999 2023/01/09T09:05:59z: BME280 (0x76)
 0h00:08.013 2023/01/09T09:05:59z: 84:f3:eb:7d:7:a8
 0h00:08.015 2023/01/09T09:05:59z: SSID: MU Open
 0h00:08.020 2023/01/09T09:05:59z: AP_STAR tmr
 ets Jan  8 2013,rst cause:4, boot mode:(3,7)

wdt reset
load 0x4010f000, len 1384, room 16 
tail 8
chksum 0x2d
csum 0x2d
v8b899c12
~ld


6.01
 0h00:08.126 2023/01/09T09:26:11z: DS3231
 0h00:08.141 2023/01/09T09:26:11z: BME280 (0x76)
 0h00:08.155 2023/01/09T09:26:11z: 84:f3:eb:7d:7:a8
 0h00:08.157 2023/01/09T09:26:11z: SSID: MU Open
 0h00:08.162 2023/01/09T09:26:11z: AP_STAR tmr
 ets Jan  8 2013,rst cause:4, boot mode:(3,7)

wdt reset
load 0x4010f000, len 1384, room 16 
tail 8
chksum 0x2d
csum 0x2d
v8b899c12
~ld


6.01
 0h00:07.934 2023/01/09T09:46:22z: DS3231
 0h00:07.949 2023/01/09T09:46:22z: BME280 (0x76)
 0h00:07.964 2023/01/09T09:46:22z: 84:f3:eb:7d:7:a8
 0h00:07.965 2023/01/09T09:46:22z: SSID: MU Open
 0h00:07.970 2023/01/09T09:46:22z: AP_STAR tmr
 ets Jan  8 2013,rst cause:4, boot mode:(3,7)

wdt reset
load 0x4010f000, len 1384, room 16 
tail 8
chksum 0x2d
csum 0x2d
v8b899c12
~ld


6.01
 0h00:07.550 2023/01/09T10:06:33z: DS3231
 0h00:07.566 2023/01/09T10:06:33z: BME280 (0x76)
 0h00:07.580 2023/01/09T10:06:33z: 84:f3:eb:7d:7:a8
 0h00:07.581 2023/01/09T10:06:33z: SSID: MU Open
 0h00:07.587 2023/01/09T10:06:33z: AP_STAR tmr
 ets Jan  8 2013,rst cause:4, boot mode:(3,7)

wdt reset
load 0x4010f000, len 1384, room 16 
tail 8
chksum 0x2d
csum 0x2d
v8b899c12
~ld


6.01
 0h00:07.626 2023/01/09T10:26:44z: DS3231
 0h00:07.641 2023/01/09T10:26:44z: BME280 (0x76)
 0h00:07.655 2023/01/09T10:26:44z: 84:f3:eb:7d:7:a8
 0h00:07.657 2023/01/09T10:26:44z: SSID: MU Open
 0h00:07.662 2023/01/09T10:26:44z: AP_STAR tmr
 ets Jan  8 2013,rst cause:4, boot mode:(3,7)

wdt reset
load 0x4010f000, len 1384, room 16 
tail 8
chksum 0x2d
csum 0x2d
v8b899c12
~ld


6.01
 0h00:07.993 2023/01/09T10:46:55z: DS3231
 0h00:08.009 2023/01/09T10:46:55z: BME280 (0x76)
 0h00:08.023 2023/01/09T10:46:55z: 84:f3:eb:7d:7:a8
 0h00:08.025 2023/01/09T10:46:55z: SSID: MU Open
 0h00:08.030 2023/01/09T10:46:55z: AP_STAR tmr
 ets Jan  8 2013,rst cause:4, boot mode:(3,7)

wdt reset
load 0x4010f000, len 1384, room 16 
tail 8
chksum 0x2d
csum 0x2d
v8b899c12
~ld


6.01
 0h00:07.680 2023/01/09T11:07:06z: DS3231
 0h00:07.696 2023/01/09T11:07:06z: BME280 (0x76)
 0h00:07.710 2023/01/09T11:07:06z: 84:f3:eb:7d:7:a8
 0h00:07.711 2023/01/09T11:07:06z: SSID: MU Open
 0h00:07.717 2023/01/09T11:07:06z: AP_STAR tmr
 ets Jan  8 2013,rst cause:4, boot mode:(3,7)

wdt reset
load 0x4010f000, len 1384, room 16 
tail 8
chksum 0x2d
csum 0x2d
v8b899c12
~ld


6.01
 0h00:07.579 2023/01/09T11:27:17z: DS3231
 0h00:07.595 2023/01/09T11:27:17z: BME280 (0x76)
 0h00:07.609 2023/01/09T11:27:17z: 84:f3:eb:7d:7:a8
 0h00:07.610 2023/01/09T11:27:17z: SSID: MU Open
 0h00:07.616 2023/01/09T11:27:17z: AP_STAR tmr
 ets Jan  8 2013,rst cause:4, boot mode:(3,7)

wdt reset
load 0x4010f000, len 1384, room 16 
tail 8
chksum 0x2d
csum 0x2d
v8b899c12
~ld


6.01
 0h00:07.478 2023/01/09T11:47:28z: DS3231
 0h00:07.494 2023/01/09T11:47:28z: BME280 (0x76)
 0h00:07.508 2023/01/09T11:47:28z: 84:f3:eb:7d:7:a8
 0h00:07.510 2023/01/09T11:47:28z: SSID: MU Open
 0h00:07.515 2023/01/09T11:47:28z: AP_STAR tmr
 ets Jan  8 2013,rst cause:4, boot mode:(3,7)

wdt reset
load 0x4010f000, len 1384, room 16 
tail 8
chksum 0x2d
csum 0x2d
v8b899c12
~ld


6.01
 0h00:07.595 2023/01/09T12:07:39z: DS3231
 0h00:07.611 2023/01/09T12:07:39z: BME280 (0x76)
 0h00:07.625 2023/01/09T12:07:39z: 84:f3:eb:7d:7:a8
 0h00:07.627 2023/01/09T12:07:39z: SSID: MU Open
 0h00:07.632 2023/01/09T12:07:39z: AP_STAR tmr
 ets Jan  8 2013,rst cause:4, boot mode:(3,7)

wdt reset
load 0x4010f000, len 1384, room 16 
tail 8
chksum 0x2d
csum 0x2d
v8b899c12
~ld


6.01
 0h00:07.321 2023/01/09T12:27:50z: DS3231
 0h00:07.337 2023/01/09T12:27:50z: BME280 (0x76)
 0h00:07.351 2023/01/09T12:27:50z: 84:f3:eb:7d:7:a8
 0h00:07.352 2023/01/09T12:27:50z: SSID: MU Open
 0h00:07.358 2023/01/09T12:27:50z: AP_STAR tmr
 ets Jan  8 2013,rst cause:4, boot mode:(3,7)

wdt reset
load 0x4010f000, len 1384, room 16 
tail 8
chksum 0x2d
csum 0x2d
v8b899c12
~ld


6.01
 0h00:07.218 2023/01/09T12:47:59z: DS3231
 0h00:07.233 2023/01/09T12:47:59z: BME280 (0x76)
 0h00:07.247 2023/01/09T12:47:59z: 84:f3:eb:7d:7:a8
 0h00:07.249 2023/01/09T12:47:59z: SSID: MU Open
 0h00:07.254 2023/01/09T12:47:59z: AP_STAR tmr
 ets Jan  8 2013,rst cause:4, boot mode:(3,7)

wdt reset
load 0x4010f000, len 1384, room 16 
tail 8
chksum 0x2d
csum 0x2d
v8b899c12
~ld


6.01
 0h00:07.596 2023/01/09T13:08:10z: DS3231
 0h00:07.612 2023/01/09T13:08:10z: BME280 (0x76)
 0h00:07.626 2023/01/09T13:08:10z: 84:f3:eb:7d:7:a8
 0h00:07.627 2023/01/09T13:08:10z: SSID: MU Open
 0h00:07.633 2023/01/09T13:08:10z: AP_STAR tmr
 ets Jan  8 2013,rst cause:4, boot mode:(3,7)

wdt reset
load 0x4010f000, len 1384, room 16 
tail 8
chksum 0x2d
csum 0x2d
v8b899c12
~ld


6.01
 0h00:07.764 2023/01/09T13:28:22z: DS3231
 0h00:07.779 2023/01/09T13:28:22z: BME280 (0x76)
 0h00:07.793 2023/01/09T13:28:22z: 84:f3:eb:7d:7:a8
 0h00:07.795 2023/01/09T13:28:22z: SSID: MU Open
 0h00:07.800 2023/01/09T13:28:22z: AP_STAR tmr
 ets Jan  8 2013,rst cause:4, boot mode:(3,7)

wdt reset
load 0x4010f000, len 1384, room 16 
tail 8
chksum 0x2d
csum 0x2d
v8b899c12
~ld


6.01
 0h00:07.424 2023/01/09T13:48:33z: DS3231
 0h00:07.439 2023/01/09T13:48:33z: BME280 (0x76)
 0h00:07.453 2023/01/09T13:48:33z: 84:f3:eb:7d:7:a8
 0h00:07.455 2023/01/09T13:48:33z: SSID: MU Open
 0h00:07.460 2023/01/09T13:48:33z: AP_STAR tmr
 ets Jan  8 2013,rst cause:4, boot mode:(3,7)

wdt reset
load 0x4010f000, len 1384, room 16 
tail 8
chksum 0x2d
csum 0x2d
v8b899c12
~ld


6.01
 0h00:07.522 2023/01/09T14:08:44z: DS3231
 0h00:07.537 2023/01/09T14:08:44z: BME280 (0x76)
 0h00:07.551 2023/01/09T14:08:44z: 84:f3:eb:7d:7:a8
 0h00:07.553 2023/01/09T14:08:44z: SSID: MU Open
 0h00:07.558 2023/01/09T14:08:44z: AP_STAR tmr
 ets Jan  8 2013,rst cause:4, boot mode:(3,7)

wdt reset
load 0x4010f000, len 1384, room 16 
tail 8
chksum 0x2d
csum 0x2d
v8b899c12
~ld


6.01
 0h00:07.545 2023/01/09T14:28:54z: DS3231
 0h00:07.561 2023/01/09T14:28:54z: BME280 (0x76)
 0h00:07.575 2023/01/09T14:28:54z: 84:f3:eb:7d:7:a8
 0h00:07.576 2023/01/09T14:28:54z: SSID: MU Open
 0h00:07.582 2023/01/09T14:28:54z: AP_STAR tmr
 ets Jan  8 2013,rst cause:4, boot mode:(3,7)

wdt reset
load 0x4010f000, len 1384, room 16 
tail 8
chksum 0x2d
csum 0x2d
v8b899c12
~ld


6.01
 0h00:07.283 2023/01/09T14:49:06z: DS3231
 0h00:07.298 2023/01/09T14:49:06z: BME280 (0x76)
 0h00:07.312 2023/01/09T14:49:06z: 84:f3:eb:7d:7:a8
 0h00:07.314 2023/01/09T14:49:06z: SSID: MU Open
 0h00:07.319 2023/01/09T14:49:06z: AP_STAR tmr
 ets Jan  8 2013,rst cause:4, boot mode:(3,7)

wdt reset
load 0x4010f000, len 1384, room 16 
tail 8
chksum 0x2d
csum 0x2d
v8b899c12
~ld


6.01
 0h00:07.687 2023/01/09T15:09:17z: DS3231
 0h00:07.703 2023/01/09T15:09:17z: BME280 (0x76)
 0h00:07.717 2023/01/09T15:09:17z: 84:f3:eb:7d:7:a8
 0h00:07.719 2023/01/09T15:09:17z: SSID: MU Open
 0h00:07.724 2023/01/09T15:09:17z: AP_STAR tmr
 ets Jan  8 2013,rst cause:4, boot mode:(3,7)

wdt reset
load 0x4010f000, len 1384, room 16 
tail 8
chksum 0x2d
csum 0x2d
v8b899c12
~ld


6.01
 0h00:07.219 2023/01/09T15:29:28z: DS3231
 0h00:07.234 2023/01/09T15:29:28z: BME280 (0x76)
 0h00:07.248 2023/01/09T15:29:29z: 84:f3:eb:7d:7:a8
 0h00:07.250 2023/01/09T15:29:29z: SSID: MU Open
 0h00:07.255 2023/01/09T15:29:29z: AP_STAR tmr
 ets Jan  8 2013,rst cause:4, boot mode:(3,7)

wdt reset
load 0x4010f000, len 1384, room 16 
tail 8
chksum 0x2d
csum 0x2d
v8b899c12
~ld


6.01
 0h00:07.589 2023/01/09T15:49:40z: DS3231
 0h00:07.605 2023/01/09T15:49:40z: BME280 (0x76)
 0h00:07.619 2023/01/09T15:49:40z: 84:f3:eb:7d:7:a8
 0h00:07.621 2023/01/09T15:49:40z: SSID: MU Open
 0h00:07.626 2023/01/09T15:49:40z: AP_STAR tmr
 ets Jan  8 2013,rst cause:4, boot mode:(3,7)

wdt reset
load 0x4010f000, len 1384, room 16 
tail 8
chksum 0x2d
csum 0x2d
v8b899c12
~ld


6.01
 0h00:06.938 2023/01/09T16:09:50z: DS3231
 0h00:06.953 2023/01/09T16:09:50z: BME280 (0x76)
 0h00:06.967 2023/01/09T16:09:50z: 84:f3:eb:7d:7:a8
 0h00:06.969 2023/01/09T16:09:50z: SSID: MU Open
 0h00:06.974 2023/01/09T16:09:50z: AP_STAR tmr
 ets Jan  8 2013,rst cause:4, boot mode:(3,7)

wdt reset
load 0x4010f000, len 1384, room 16 
tail 8
chksum 0x2d
csum 0x2d
v8b899c12
~ld


6.01
 0h00:07.197 2023/01/09T16:29:59z: DS3231
 0h00:07.212 2023/01/09T16:29:59z: BME280 (0x76)
 0h00:07.226 2023/01/09T16:29:59z: 84:f3:eb:7d:7:a8
 0h00:07.228 2023/01/09T16:29:59z: SSID: MU Open
 0h00:07.233 2023/01/09T16:29:59z: AP_STAR tmr
 ets Jan  8 2013,rst cause:4, boot mode:(3,7)

wdt reset
load 0x4010f000, len 1384, room 16 
tail 8
chksum 0x2d
csum 0x2d
v8b899c12
~ld


6.01
 0h00:06.820 2023/01/09T16:50:09z: DS3231
 0h00:06.835 2023/01/09T16:50:09z: BME280 (0x76)
 0h00:06.849 2023/01/09T16:50:09z: 84:f3:eb:7d:7:a8
 0h00:06.851 2023/01/09T16:50:09z: SSID: MU Open
 0h00:06.856 2023/01/09T16:50:09z: AP_STAR tmr
 ets Jan  8 2013,rst cause:4, boot mode:(3,7)

wdt reset
load 0x4010f000, len 1384, room 16 
tail 8
chksum 0x2d
csum 0x2d
v8b899c12
~ld


6.01
 0h00:07.355 2023/01/09T17:10:19z: DS3231
 0h00:07.370 2023/01/09T17:10:19z: BME280 (0x76)
 0h00:07.384 2023/01/09T17:10:19z: 84:f3:eb:7d:7:a8
 0h00:07.386 2023/01/09T17:10:19z: SSID: MU Open
 0h00:07.391 2023/01/09T17:10:19z: AP_STAR tmr
 ets Jan  8 2013,rst cause:4, boot mode:(3,7)

wdt reset
load 0x4010f000, len 1384, room 16 
tail 8
chksum 0x2d
csum 0x2d
v8b899c12
~ld


6.01
 0h00:06.953 2023/01/09T17:30:28z: DS3231
 0h00:06.968 2023/01/09T17:30:28z: BME280 (0x76)
 0h00:06.982 2023/01/09T17:30:28z: 84:f3:eb:7d:7:a8
 0h00:06.984 2023/01/09T17:30:28z: SSID: MU Open
 0h00:06.989 2023/01/09T17:30:28z: AP_STAR tmr
 ets Jan  8 2013,rst cause:4, boot mode:(3,7)

wdt reset
load 0x4010f000, len 1384, room 16 
tail 8
chksum 0x2d
csum 0x2d
v8b899c12
~ld


6.01
 0h00:06.496 2023/01/09T17:50:37z: DS3231
 0h00:06.511 2023/01/09T17:50:37z: BME280 (0x76)
 0h00:06.525 2023/01/09T17:50:37z: 84:f3:eb:7d:7:a8
 0h00:06.527 2023/01/09T17:50:37z: SSID: MU Open
 0h00:06.532 2023/01/09T17:50:37z: AP_STAR tmr
 ets Jan  8 2013,rst cause:4, boot mode:(3,7)

wdt reset
load 0x4010f000, len 1384, room 16 
tail 8
chksum 0x2d
csum 0x2d
v8b899c12
~ld


6.01
 0h00:06.361 2023/01/09T18:10:45z: DS3231
 0h00:06.376 2023/01/09T18:10:45z: BME280 (0x76)
 0h00:06.390 2023/01/09T18:10:45z: 84:f3:eb:7d:7:a8
 0h00:06.392 2023/01/09T18:10:45z: SSID: MU Open
 0h00:06.397 2023/01/09T18:10:45z: AP_STAR tmr
 ets Jan  8 2013,rst cause:4, boot mode:(3,7)

wdt reset
load 0x4010f000, len 1384, room 16 
tail 8
chksum 0x2d
csum 0x2d
v8b899c12
~ld


6.01
 0h00:06.845 2023/01/09T18:30:54z: DS3231
 0h00:06.861 2023/01/09T18:30:54z: BME280 (0x76)
 0h00:06.875 2023/01/09T18:30:54z: 84:f3:eb:7d:7:a8
 0h00:06.876 2023/01/09T18:30:54z: SSID: MU Open
 0h00:06.882 2023/01/09T18:30:54z: AP_STAR tmr
 ets Jan  8 2013,rst cause:4, boot mode:(3,7)

wdt reset
load 0x4010f000, len 1384, room 16 
tail 8
chksum 0x2d
csum 0x2d
v8b899c12
~ld


6.01
 0h00:06.759 2023/01/09T18:51:04z: DS3231
 0h00:06.774 2023/01/09T18:51:04z: BME280 (0x76)
 0h00:06.788 2023/01/09T18:51:04z: 84:f3:eb:7d:7:a8
 0h00:06.790 2023/01/09T18:51:04z: SSID: MU Open
 0h00:06.795 2023/01/09T18:51:04z: AP_STAR tmr
 ets Jan  8 2013,rst cause:4, boot mode:(3,7)

wdt reset
load 0x4010f000, len 1384, room 16 
tail 8
chksum 0x2d
csum 0x2d
v8b899c12
~ld


6.01
 0h00:06.899 2023/01/09T19:11:12z: DS3231
 0h00:06.915 2023/01/09T19:11:12z: BME280 (0x76)
 0h00:06.929 2023/01/09T19:11:12z: 84:f3:eb:7d:7:a8
 0h00:06.931 2023/01/09T19:11:12z: SSID: MU Open
 0h00:06.936 2023/01/09T19:11:12z: AP_STAR tmr
 ets Jan  8 2013,rst cause:4, boot mode:(3,7)

wdt reset
load 0x4010f000, len 1384, room 16 
tail 8
chksum 0x2d
csum 0x2d
v8b899c12
~ld


6.01
 0h00:06.456 2023/01/09T19:31:22z: DS3231
 0h00:06.472 2023/01/09T19:31:22z: BME280 (0x76)
 0h00:06.486 2023/01/09T19:31:22z: 84:f3:eb:7d:7:a8
 0h00:06.488 2023/01/09T19:31:22z: SSID: MU Open
 0h00:06.493 2023/01/09T19:31:22z: AP_STAR tmr
 ets Jan  8 2013,rst cause:4, boot mode:(3,7)

wdt reset
load 0x4010f000, len 1384, room 16 
tail 8
chksum 0x2d
csum 0x2d
v8b899c12
~ld


6.01
 0h00:06.479 2023/01/09T19:51:30z: DS3231
 0h00:06.494 2023/01/09T19:51:30z: BME280 (0x76)
 0h00:06.508 2023/01/09T19:51:30z: 84:f3:eb:7d:7:a8
 0h00:06.510 2023/01/09T19:51:30z: SSID: MU Open
 0h00:06.515 2023/01/09T19:51:30z: AP_STAR tmr
 ets Jan  8 2013,rst cause:4, boot mode:(3,7)

wdt reset
load 0x4010f000, len 1384, room 16 
tail 8
chksum 0x2d
csum 0x2d
v8b899c12
~ld


6.01
 0h00:06.722 2023/01/09T20:11:39z: DS3231
 0h00:06.738 2023/01/09T20:11:39z: BME280 (0x76)
 0h00:06.752 2023/01/09T20:11:39z: 84:f3:eb:7d:7:a8
 0h00:06.754 2023/01/09T20:11:39z: SSID: MU Open
 0h00:06.759 2023/01/09T20:11:39z: AP_STAR tmr
 ets Jan  8 2013,rst cause:4, boot mode:(3,7)

wdt reset
load 0x4010f000, len 1384, room 16 
tail 8
chksum 0x2d
csum 0x2d
v8b899c12
~ld


6.01
 0h00:06.673 2023/01/09T20:31:47z: DS3231
 0h00:06.689 2023/01/09T20:31:47z: BME280 (0x76)
 0h00:06.703 2023/01/09T20:31:47z: 84:f3:eb:7d:7:a8
 0h00:06.705 2023/01/09T20:31:47z: SSID: MU Open
 0h00:06.710 2023/01/09T20:31:47z: AP_STAR tmr
 ets Jan  8 2013,rst cause:4, boot mode:(3,7)

wdt reset
load 0x4010f000, len 1384, room 16 
tail 8
chksum 0x2d
csum 0x2d
v8b899c12
~ld


6.01
 0h00:06.542 2023/01/09T20:51:56z: DS3231
 0h00:06.558 2023/01/09T20:51:56z: BME280 (0x76)
 0h00:06.572 2023/01/09T20:51:56z: 84:f3:eb:7d:7:a8
 0h00:06.574 2023/01/09T20:51:56z: SSID: MU Open
 0h00:06.579 2023/01/09T20:51:56z: AP_STAR tmr
 ets Jan  8 2013,rst cause:4, boot mode:(3,7)

wdt reset
load 0x4010f000, len 1384, room 16 
tail 8
chksum 0x2d
csum 0x2d
v8b899c12
~ld


6.01
 0h00:06.231 2023/01/09T21:12:05z: DS3231
 0h00:06.246 2023/01/09T21:12:05z: BME280 (0x76)
 0h00:06.261 2023/01/09T21:12:05z: 84:f3:eb:7d:7:a8
 0h00:06.262 2023/01/09T21:12:05z: SSID: MU Open
 0h00:06.267 2023/01/09T21:12:05z: AP_STAR tmr
 ets Jan  8 2013,rst cause:4, boot mode:(3,7)

wdt reset
load 0x4010f000, len 1384, room 16 
tail 8
chksum 0x2d
csum 0x2d
v8b899c12
~ld


6.01
 0h00:07.008 2023/01/09T21:32:14z: DS3231
 0h00:07.023 2023/01/09T21:32:14z: BME280 (0x76)
 0h00:07.037 2023/01/09T21:32:14z: 84:f3:eb:7d:7:a8
 0h00:07.039 2023/01/09T21:32:14z: SSID: MU Open
 0h00:07.044 2023/01/09T21:32:14z: AP_STAR tmr
 ets Jan  8 2013,rst cause:4, boot mode:(3,7)

wdt reset
load 0x4010f000, len 1384, room 16 
tail 8
chksum 0x2d
csum 0x2d
v8b899c12
~ld


6.01
 0h00:06.912 2023/01/09T21:52:22z: DS3231
 0h00:06.927 2023/01/09T21:52:22z: BME280 (0x76)
 0h00:06.941 2023/01/09T21:52:22z: 84:f3:eb:7d:7:a8
 0h00:06.943 2023/01/09T21:52:22z: SSID: MU Open
 0h00:06.948 2023/01/09T21:52:22z: AP_STAR tmr
 ets Jan  8 2013,rst cause:4, boot mode:(3,7)

wdt reset
load 0x4010f000, len 1384, room 16 
tail 8
chksum 0x2d
csum 0x2d
v8b899c12
~ld


6.01
 0h00:06.352 2023/01/09T22:12:30z: DS3231
 0h00:06.367 2023/01/09T22:12:30z: BME280 (0x76)
 0h00:06.381 2023/01/09T22:12:30z: 84:f3:eb:7d:7:a8
 0h00:06.383 2023/01/09T22:12:30z: SSID: MU Open
 0h00:06.388 2023/01/09T22:12:31z: AP_STAR tmr
 ets Jan  8 2013,rst cause:4, boot mode:(3,7)

wdt reset
load 0x4010f000, len 1384, room 16 
tail 8
chksum 0x2d
csum 0x2d
v8b899c12
~ld


6.01
 0h00:06.709 2023/01/09T22:32:40z: DS3231
 0h00:06.724 2023/01/09T22:32:40z: BME280 (0x76)
 0h00:06.738 2023/01/09T22:32:40z: 84:f3:eb:7d:7:a8
 0h00:06.740 2023/01/09T22:32:40z: SSID: MU Open
 0h00:06.745 2023/01/09T22:32:40z: AP_STAR tmr
 ets Jan  8 2013,rst cause:4, boot mode:(3,7)

wdt reset
load 0x4010f000, len 1384, room 16 
tail 8
chksum 0x2d
csum 0x2d
v8b899c12
~ld


6.01
 0h00:06.448 2023/01/09T22:52:49z: DS3231
 0h00:06.464 2023/01/09T22:52:49z: BME280 (0x76)
 0h00:06.478 2023/01/09T22:52:49z: 84:f3:eb:7d:7:a8
 0h00:06.480 2023/01/09T22:52:49z: SSID: MU Open
 0h00:06.485 2023/01/09T22:52:49z: AP_STAR tmr
 ets Jan  8 2013,rst cause:4, boot mode:(3,7)

wdt reset
load 0x4010f000, len 1384, room 16 
tail 8
chksum 0x2d
csum 0x2d
v8b899c12
~ld


6.01
 0h00:06.440 2023/01/09T23:12:57z: DS3231
 0h00:06.455 2023/01/09T23:12:57z: BME280 (0x76)
 0h00:06.470 2023/01/09T23:12:57z: 84:f3:eb:7d:7:a8
 0h00:06.471 2023/01/09T23:12:57z: SSID: MU Open
 0h00:06.476 2023/01/09T23:12:57z: AP_STAR tmr
 ets Jan  8 2013,rst cause:4, boot mode:(3,7)

wdt reset
load 0x4010f000, len 1384, room 16 
tail 8
chksum 0x2d
csum 0x2d
v8b899c12
~ld


6.01
 0h00:06.331 2023/01/09T23:33:05z: DS3231
 0h00:06.346 2023/01/09T23:33:05z: BME280 (0x76)
 0h00:06.360 2023/01/09T23:33:05z: 84:f3:eb:7d:7:a8
 0h00:06.362 2023/01/09T23:33:05z: SSID: MU Open
 0h00:06.367 2023/01/09T23:33:05z: AP_STAR tmr
 ets Jan  8 2013,rst cause:4, boot mode:(3,7)

wdt reset
load 0x4010f000, len 1384, room 16 
tail 8
chksum 0x2d
csum 0x2d
v8b899c12
~ld


6.01
 0h00:06.424 2023/01/09T23:53:13z: DS3231
 0h00:06.439 2023/01/09T23:53:13z: BME280 (0x76)
 0h00:06.453 2023/01/09T23:53:13z: 84:f3:eb:7d:7:a8
 0h00:06.455 2023/01/09T23:53:13z: SSID: MU Open
 0h00:06.460 2023/01/09T23:53:13z: AP_STA