R tmr
 ets Jan  8 2013,rst cause:1, boot mode:(3,7)

load 0x4010f000, len 1384, room 16 
tail 8
chksum 0x2d
csum 0x2d
v8b899c12
~ld


6.01
 0h00:07.161 2023/01/20T00:02:13z: DS3231
 0h00:07.176 2023/01/20T00:02:13z: BME280 (0x76)
 0h00:07.190 2023/01/20T00:02:13z: 84:f3:eb:7d:7:a8
 0h00:07.192 2023/01/20T00:02:13z: SSID: MU Open
 0h00:07.197 2023/01/20T00:02:13z: AP_STAR tmr
 ets Jan  8 2013,rst cause:1, boot mode:(3,7)

load 0x4010f000, len 1384, room 16 
tail 8
chksum 0x2d
csum 0x2d
v8b899c12
~ld


6.01
 0h00:07.185 2023/01/20T00:22:23z: DS3231
 0h00:07.201 2023/01/20T00:22:23z: BME280 (0x76)
 0h00:07.215 2023/01/20T00:22:23z: 84:f3:eb:7d:7:a8
 0h00:07.216 2023/01/20T00:22:23z: SSID: MU Open
 0h00:07.222 2023/01/20T00:22:23z: AP_STAR tmr
 ets Jan  8 2013,rst cause:1, boot mode:(3,7)

load 0x4010f000, len 1384, room 16 
tail 8
chksum 0x2d
csum 0x2d
v8b899c12
~ld


6.01
 0h00:07.246 2023/01/20T00:42:34z: DS3231
 0h00:07.261 2023/01/20T00:42:34z: BME280 (0x76)
 0h00:07.275 2023/01/20T00:42:34z: 84:f3:eb:7d:7:a8
 0h00:07.277 2023/01/20T00:42:34z: SSID: MU Open
 0h00:07.282 2023/01/20T00:42:34z: AP_STAR tmr
 ets Jan  8 2013,rst cause:1, boot mode:(3,7)

load 0x4010f000, len 1384, room 16 
tail 8
chksum 0x2d
csum 0x2d
v8b899c12
~ld


6.01
 0h00:07.033 2023/01/20T01:02:44z: DS3231
 0h00:07.048 2023/01/20T01:02:44z: BME280 (0x76)
 0h00:07.063 2023/01/20T01:02:44z: 84:f3:eb:7d:7:a8
 0h00:07.064 2023/01/20T01:02:44z: SSID: MU Open
 0h00:07.069 2023/01/20T01:02:44z: AP_STAR tmr
 ets Jan  8 2013,rst cause:1, boot mode:(3,7)

load 0x4010f000, len 1384, room 16 
tail 8
chksum 0x2d
csum 0x2d
v8b899c12
~ld


6.01
 0h00:07.042 2023/01/20T01:22:54z: DS3231
 0h00:07.058 2023/01/20T01:22:54z: BME280 (0x76)
 0h00:07.072 2023/01/20T01:22:54z: 84:f3:eb:7d:7:a8
 0h00:07.074 2023/01/20T01:22:54z: SSID: MU Open
 0h00:07.079 2023/01/20T01:22:54z: AP_STAR tmr
 ets Jan  8 2013,rst cause:1, boot mode:(3,7)

load 0x4010f000, len 1384, room 16 
tail 8
chksum 0x2d
csum 0x2d
v8b899c12
~ld


6.01
 0h00:06.913 2023/01/20T01:43:04z: DS3231
 0h00:06.928 2023/01/20T01:43:04z: BME280 (0x76)
 0h00:06.942 2023/01/20T01:43:04z: 84:f3:eb:7d:7:a8
 0h00:06.944 2023/01/20T01:43:04z: SSID: MU Open
 0h00:06.949 2023/01/20T01:43:04z: AP_STAR tmr
 ets Jan  8 2013,rst cause:1, boot mode:(3,7)

load 0x4010f000, len 1384, room 16 
tail 8
chksum 0x2d
csum 0x2d
v8b899c12
~ld


6.01
 0h00:07.007 2023/01/20T02:03:14z: DS3231
 0h00:07.023 2023/01/20T02:03:14z: BME280 (0x76)
 0h00:07.037 2023/01/20T02:03:14z: 84:f3:eb:7d:7:a8
 0h00:07.038 2023/01/20T02:03:14z: SSID: MU Open
 0h00:07.044 2023/01/20T02:03:14z: AP_STAR tmr
 ets Jan  8 2013,rst cause:1, boot mode:(3,7)

load 0x4010f000, len 1384, room 16 
tail 8
chksum 0x2d
csum 0x2d
v8b899c12
~ld


6.01
 0h00:07.098 2023/01/20T02:23:24z: DS3231
 0h00:07.113 2023/01/20T02:23:24z: BME280 (0x76)
 0h00:07.128 2023/01/20T02:23:24z: 84:f3:eb:7d:7:a8
 0h00:07.129 2023/01/20T02:23:24z: SSID: MU Open
 0h00:07.134 2023/01/20T02:23:24z: AP_STAR tmr
 ets Jan  8 2013,rst cause:1, boot mode:(3,7)

load 0x4010f000, len 1384, room 16 
tail 8
chksum 0x2d
csum 0x2d
v8b899c12
~ld


6.01
 0h00:07.038 2023/01/20T02:43:35z: DS3231
 0h00:07.053 2023/01/20T02:43:35z: BME280 (0x76)
 0h00:07.068 2023/01/20T02:43:35z: 84:f3:eb:7d:7:a8
 0h00:07.069 2023/01/20T02:43:35z: SSID: MU Open
 0h00:07.074 2023/01/20T02:43:35z: AP_STAR tmr
 ets Jan  8 2013,rst cause:1, boot mode:(3,7)

load 0x4010f000, len 1384, room 16 
tail 8
chksum 0x2d
csum 0x2d
v8b899c12
~ld


6.01
 0h00:06.975 2023/01/20T03:03:44z: DS3231
 0h00:06.991 2023/01/20T03:03:44z: BME280 (0x76)
 0h00:07.005 2023/01/20T03:03:44z: 84:f3:eb:7d:7:a8
 0h00:07.006 2023/01/20T03:03:44z: SSID: MU Open
 0h00:07.012 2023/01/20T03:03:44z: AP_STAR tmr
 ets Jan  8 2013,rst cause:1, boot mode:(3,7)

load 0x4010f000, len 1384, room 16 
tail 8
chksum 0x2d
csum 0x2d
v8b899c12
~ld


6.01
 0h00:07.003 2023/01/20T03:23:55z: DS3231
 0h00:07.019 2023/01/20T03:23:55z: BME280 (0x76)
 0h00:07.033 2023/01/20T03:23:55z: 84:f3:eb:7d:7:a8
 0h00:07.035 2023/01/20T03:23:55z: SSID: MU Open
 0h00:07.040 2023/01/20T03:23:55z: AP_STAR tmr
 ets Jan  8 2013,rst cause:1, boot mode:(3,7)

load 0x4010f000, len 1384, room 16 
tail 8
chksum 0x2d
csum 0x2d
v8b899c12
~ld


6.01
 0h00:07.191 2023/01/20T03:44:06z: DS3231
 0h00:07.206 2023/01/20T03:44:06z: BME280 (0x76)
 0h00:07.220 2023/01/20T03:44:06z: 84:f3:eb:7d:7:a8
 0h00:07.222 2023/01/20T03:44:06z: SSID: MU Open
 0h00:07.227 2023/01/20T03:44:06z: AP_STAR tmr
 ets Jan  8 2013,rst cause:1, boot mode:(3,7)

load 0x4010f000, len 1384, room 16 
tail 8
chksum 0x2d
csum 0x2d
v8b899c12
~ld


6.01
 0h00:06.996 2023/01/20T04:04:15z: DS3231
 0h00:07.012 2023/01/20T04:04:15z: BME280 (0x76)
 0h00:07.026 2023/01/20T04:04:15z: 84:f3:eb:7d:7:a8
 0h00:07.028 2023/01/20T04:04:15z: SSID: MU Open
 0h00:07.033 2023/01/20T04:04:15z: AP_STAR tmr
 ets Jan  8 2013,rst cause:1, boot mode:(3,7)

load 0x4010f000, len 1384, room 16 
tail 8
chksum 0x2d
csum 0x2d
v8b899c12
~ld


6.01
 0h00:06.747 2023/01/20T04:24:26z: DS3231
 0h00:06.762 2023/01/20T04:24:26z: BME280 (0x76)
 0h00:06.776 2023/01/20T04:24:26z: 84:f3:eb:7d:7:a8
 0h00:06.778 2023/01/20T04:24:26z: SSID: MU Open
 0h00:06.783 2023/01/20T04:24:26z: AP_STAR tmr
 ets Jan  8 2013,rst cause:1, boot mode:(3,7)

load 0x4010f000, len 1384, room 16 
tail 8
chksum 0x2d
csum 0x2d
v8b899c12
~ld


6.01
 0h00:06.718 2023/01/20T04:44:36z: DS3231
 0h00:06.733 2023/01/20T04:44:36z: BME280 (0x76)
 0h00:06.747 2023/01/20T04:44:36z: 84:f3:eb:7d:7:a8
 0h00:06.749 2023/01/20T04:44:36z: SSID: MU Open
 0h00:06.754 2023/01/20T04:44:36z: AP_STAR tmr
 ets Jan  8 2013,rst cause:1, boot mode:(3,7)

load 0x4010f000, len 1384, room 16 
tail 8
chksum 0x2d
csum 0x2d
v8b899c12
~ld


6.01
 0h00:06.735 2023/01/20T05:04:45z: DS3231
 0h00:06.750 2023/01/20T05:04:45z: BME280 (0x76)
 0h00:06.765 2023/01/20T05:04:46z: 84:f3:eb:7d:7:a8
 0h00:06.766 2023/01/20T05:04:46z: SSID: MU Open
 0h00:06.771 2023/01/20T05:04:46z: AP_STAR tmr
 ets Jan  8 2013,rst cause:1, boot mode:(3,7)

load 0x4010f000, len 1384, room 16 
tail 8
chksum 0x2d
csum 0x2d
v8b899c12
~ld


6.01
 0h00:06.797 2023/01/20T05:24:54z: DS3231
 0h00:06.812 2023/01/20T05:24:54z: BME280 (0x76)
 0h00:06.826 2023/01/20T05:24:54z: 84:f3:eb:7d:7:a8
 0h00:06.828 2023/01/20T05:24:54z: SSID: MU Open
 0h00:06.833 2023/01/20T05:24:54z: AP_STAR tmr
 ets Jan  8 2013,rst cause:1, boot mode:(3,7)

load 0x4010f000, len 1384, room 16 
tail 8
chksum 0x2d
csum 0x2d
v8b899c12
~ld


6.01
 0h00:07.152 2023/01/20T05:45:05z: DS3231
 0h00:07.167 2023/01/20T05:45:05z: BME280 (0x76)
 0h00:07.181 2023/01/20T05:45:05z: 84:f3:eb:7d:7:a8
 0h00:07.183 2023/01/20T05:45:05z: SSID: MU Open
 0h00:07.188 2023/01/20T05:45:05z: AP_STAR tmr
 ets Jan  8 2013,rst cause:1, boot mode:(3,7)

load 0x4010f000, len 1384, room 16 
tail 8
chksum 0x2d
csum 0x2d
v8b899c12
~ld


6.01
 0h00:07.326 2023/01/20T06:05:16z: DS3231
 0h00:07.342 2023/01/20T06:05:16z: BME280 (0x76)
 0h00:07.356 2023/01/20T06:05:16z: 84:f3:eb:7d:7:a8
 0h00:07.357 2023/01/20T06:05:16z: SSID: MU Open
 0h00:07.363 2023/01/20T06:05:16z: AP_STAR tmr
 ets Jan  8 2013,rst cause:1, boot mode:(3,7)

load 0x4010f000, len 1384, room 16 
tail 8
chksum 0x2d
csum 0x2d
v8b899c12
~ld


6.01
 0h00:07.495 2023/01/20T06:25:27z: DS3231
 0h00:07.511 2023/01/20T06:25:27z: BME280 (0x76)
 0h00:07.525 2023/01/20T06:25:27z: 84:f3:eb:7d:7:a8
 0h00:07.526 2023/01/20T06:25:27z: SSID: MU Open
 0h00:07.532 2023/01/20T06:25:27z: AP_STAR tmr
 ets Jan  8 2013,rst cause:1, boot mode:(3,7)

load 0x4010f000, len 1384, room 16 
tail 8
chksum 0x2d
csum 0x2d
v8b899c12
~ld


6.01
 0h00:07.173 2023/01/20T06:45:38z: DS3231
 0h00:07.188 2023/01/20T06:45:38z: BME280 (0x76)
 0h00:07.202 2023/01/20T06:45:38z: 84:f3:eb:7d:7:a8
 0h00:07.204 2023/01/20T06:45:38z: SSID: MU Open
 0h00:07.209 2023/01/20T06:45:38z: AP_STAR tmr
 ets Jan  8 2013,rst cause:1, boot mode:(3,7)

load 0x4010f000, len 1384, room 16 
tail 8
chksum 0x2d
csum 0x2d
v8b899c12
~ld


6.01
 0h00:07.507 2023/01/20T07:05:48z: DS3231
 0h00:07.522 2023/01/20T07:05:48z: BME280 (0x76)
 0h00:07.536 2023/01/20T07:05:48z: 84:f3:eb:7d:7:a8
 0h00:07.538 2023/01/20T07:05:48z: SSID: MU Open
 0h00:07.543 2023/01/20T07:05:48z: AP_STAR tmr
 ets Jan  8 2013,rst cause:1, boot mode:(3,7)

load 0x4010f000, len 1384, room 16 
tail 8
chksum 0x2d
csum 0x2d
v8b899c12
~ld


6.01
 0h00:07.388 2023/01/20T07:26:00z: DS3231
 0h00:07.403 2023/01/20T07:26:00z: BME280 (0x76)
 0h00:07.417 2023/01/20T07:26:00z: 84:f3:eb:7d:7:a8
 0h00:07.419 2023/01/20T07:26:00z: SSID: MU Open
 0h00:07.424 2023/01/20T07:26:00z: AP_STAR tmr
 ets Jan  8 2013,rst cause:1, boot mode:(3,7)

load 0x4010f000, len 1384, room 16 
tail 8
chksum 0x2d
csum 0x2d
v8b899c12
~ld


6.01
 0h00:07.612 2023/01/20T07:46:11z: DS3231
 0h00:07.627 2023/01/20T07:46:11z: BME280 (0x76)
 0h00:07.641 2023/01/20T07:46:11z: 84:f3:eb:7d:7:a8
 0h00:07.643 2023/01/20T07:46:11z: SSID: MU Open
 0h00:07.648 2023/01/20T07:46:11z: AP_STAR tmr
 ets Jan  8 2013,rst cause:1, boot mode:(3,7)

load 0x4010f000, len 1384, room 16 
tail 8
chksum 0x2d
csum 0x2d
v8b899c12
~ld


6.01
 0h00:07.800 2023/01/20T08:06:22z: DS3231
 0h00:07.815 2023/01/20T08:06:22z: BME280 (0x76)
 0h00:07.829 2023/01/20T08:06:22z: 84:f3:eb:7d:7:a8
 0h00:07.831 2023/01/20T08:06:22z: SSID: MU Open
 0h00:07.836 2023/01/20T08:06:22z: AP_STAR tmr
 ets Jan  8 2013,rst cause:1, boot mode:(3,7)

load 0x4010f000, len 1384, room 16 
tail 8
chksum 0x2d
csum 0x2d
v8b899c12
~ld


6.01
 0h00:07.646 2023/01/20T08:26:34z: DS3231
 0h00:07.661 2023/01/20T08:26:34z: BME280 (0x76)
 0h00:07.675 2023/01/20T08:26:34z: 84:f3:eb:7d:7:a8
 0h00:07.677 2023/01/20T08:26:34z: SSID: MU Open
 0h00:07.682 2023/01/20T08:26:34z: AP_STAR tmr
 ets Jan  8 2013,rst cause:1, boot mode:(3,7)

load 0x4010f000, len 1384, room 16 
tail 8
chksum 0x2d
csum 0x2d
v8b899c12
~ld


6.01
 0h00:07.652 2023/01/20T08:46:46z: DS3231
 0h00:07.667 2023/01/20T08:46:46z: BME280 (0x76)
 0h00:07.681 2023/01/20T08:46:46z: 84:f3:eb:7d:7:a8
 0h00:07.683 2023/01/20T08:46:46z: SSID: MU Open
 0h00:07.688 2023/01/20T08:46:46z: AP_STAR tmr
 ets Jan  8 2013,rst cause:1, boot mode:(3,7)

load 0x4010f000, len 1384, room 16 
tail 8
chksum 0x2d
csum 0x2d
v8b899c12
~ld


6.01
 0h00:07.512 2023/01/20T09:06:56z: DS3231
 0h00:07.527 2023/01/20T09:06:57z: BME280 (0x76)
 0h00:07.541 2023/01/20T09:06:57z: 84:f3:eb:7d:7:a8
 0h00:07.543 2023/01/20T09:06:57z: SSID: MU Open
 0h00:07.548 2023/01/20T09:06:57z: AP_STAR tmr
 ets Jan  8 2013,rst cause:1, boot mode:(3,7)

load 0x4010f000, len 1384, room 16 
tail 8
chksum 0x2d
csum 0x2d
v8b899c12
~ld


6.01
 0h00:06.826 2023/01/20T09:27:07z: DS3231
 0h00:06.841 2023/01/20T09:27:07z: BME280 (0x76)
 0h00:06.855 2023/01/20T09:27:07z: 84:f3:eb:7d:7:a8
 0h00:06.857 2023/01/20T09:27:07z: SSID: MU Open
 0h00:06.862 2023/01/20T09:27:07z: AP_STAR tmr
 ets Jan  8 2013,rst cause:1, boot mode:(3,7)

load 0x4010f000, len 1384, room 16 
tail 8
chksum 0x2d
csum 0x2d
v8b899c12
~ld


6.01
 0h00:07.587 2023/01/20T09:47:18z: DS3231
 0h00:07.602 2023/01/20T09:47:18z: BME280 (0x76)
 0h00:07.616 2023/01/20T09:47:18z: 84:f3:eb:7d:7:a8
 0h00:07.618 2023/01/20T09:47:18z: SSID: MU Open
 0h00:07.623 2023/01/20T09:47:18z: AP_STAR tmr
 ets Jan  8 2013,rst cause:1, boot mode:(3,7)

load 0x4010f000, len 1384, room 16 
tail 8
chksum 0x2d
csum 0x2d
v8b899c12
~ld


6.01
 0h00:06.601 2023/01/20T10:07:27z: DS3231
 0h00:06.617 2023/01/20T10:07:27z: BME280 (0x76)
 0h00:06.631 2023/01/20T10:07:27z: 84:f3:eb:7d:7:a8
 0h00:06.633 2023/01/20T10:07:27z: SSID: MU Open
 0h00:06.638 2023/01/20T10:07:27z: AP_STAR tmr
 ets Jan  8 2013,rst cause:1, boot mode:(3,7)

load 0x4010f000, len 1384, room 16 
tail 8
chksum 0x2d
csum 0x2d
v8b899c12
~ld


6.01
 0h00:07.208 2023/01/20T10:27:38z: DS3231
 0h00:07.224 2023/01/20T10:27:38z: BME280 (0x76)
 0h00:07.238 2023/01/20T10:27:38z: 84:f3:eb:7d:7:a8
 0h00:07.240 2023/01/20T10:27:38z: SSID: MU Open
 0h00:07.245 2023/01/20T10:27:38z: AP_STAR tmr
 ets Jan  8 2013,rst cause:1, boot mode:(3,7)

load 0x4010f000, len 1384, room 16 
tail 8
chksum 0x2d
csum 0x2d
v8b899c12
~ld


6.01
 0h00:07.311 2023/01/20T10:47:48z: DS3231
 0h00:07.326 2023/01/20T10:47:48z: BME280 (0x76)
 0h00:07.340 2023/01/20T10:47:48z: 84:f3:eb:7d:7:a8
 0h00:07.342 2023/01/20T10:47:48z: SSID: MU Open
 0h00:07.347 2023/01/20T10:47:48z: AP_STAR tmr
 ets Jan  8 2013,rst cause:1, boot mode:(3,7)

load 0x4010f000, len 1384, room 16 
tail 8
chksum 0x2d
csum 0x2d
v8b899c12
~ld


6.01
 0h00:07.175 2023/01/20T11:07:59z: DS3231
 0h00:07.190 2023/01/20T11:07:59z: BME280 (0x76)
 0h00:07.204 2023/01/20T11:07:59z: 84:f3:eb:7d:7:a8
 0h00:07.206 2023/01/20T11:07:59z: SSID: MU Open
 0h00:07.211 2023/01/20T11:07:59z: AP_STAR tmr
 ets Jan  8 2013,rst cause:1, boot mode:(3,7)

load 0x4010f000, len 1384, room 16 
tail 8
chksum 0x2d
csum 0x2d
v8b899c12
~ld


6.01
 0h00:07.369 2023/01/20T11:28:09z: DS3231
 0h00:07.385 2023/01/20T11:28:09z: BME280 (0x76)
 0h00:07.399 2023/01/20T11:28:09z: 84:f3:eb:7d:7:a8
 0h00:07.400 2023/01/20T11:28:09z: SSID: MU Open
 0h00:07.406 2023/01/20T11:28:09z: AP_STAR tmr
 ets Jan  8 2013,rst cause:1, boot mode:(3,7)

load 0x4010f000, len 1384, room 16 
tail 8
chksum 0x2d
csum 0x2d
v8b899c12
~ld


6.01
 0h00:07.076 2023/01/20T11:48:19z: DS3231
 0h00:07.091 2023/01/20T11:48:20z: BME280 (0x76)
 0h00:07.105 2023/01/20T11:48:20z: 84:f3:eb:7d:7:a8
 0h00:07.107 2023/01/20T11:48:20z: SSID: MU Open
 0h00:07.112 2023/01/20T11:48:20z: AP_STAR tmr
 ets Jan  8 2013,rst cause:1, boot mode:(3,7)

load 0x4010f000, len 1384, room 16 
tail 8
chksum 0x2d
csum 0x2d
v8b899c12
~ld


6.01
 0h00:07.083 2023/01/20T12:08:30z: DS3231
 0h00:07.098 2023/01/20T12:08:30z: BME280 (0x76)
 0h00:07.112 2023/01/20T12:08:30z: 84:f3:eb:7d:7:a8
 0h00:07.114 2023/01/20T12:08:30z: SSID: MU Open
 0h00:07.119 2023/01/20T12:08:30z: AP_STAR tmr
 ets Jan  8 2013,rst cause:1, boot mode:(3,7)

load 0x4010f000, len 1384, room 16 
tail 8
chksum 0x2d
csum 0x2d
v8b899c12
~ld


6.01
 0h00:07.287 2023/01/20T12:28:41z: DS3231
 0h00:07.303 2023/01/20T12:28:41z: BME280 (0x76)
 0h00:07.317 2023/01/20T12:28:41z: 84:f3:eb:7d:7:a8
 0h00:07.319 2023/01/20T12:28:41z: SSID: MU Open
 0h00:07.324 2023/01/20T12:28:41z: AP_STAR tmr
 ets Jan  8 2013,rst cause:1, boot mode:(3,7)

load 0x4010f000, len 1384, room 16 
tail 8
chksum 0x2d
csum 0x2d
v8b899c12
~ld


6.01
 0h00:07.397 2023/01/20T12:48:53z: DS3231
 0h00:07.412 2023/01/20T12:48:53z: BME280 (0x76)
 0h00:07.426 2023/01/20T12:48:53z: 84:f3:eb:7d:7:a8
 0h00:07.428 2023/01/20T12:48:53z: SSID: MU Open
 0h00:07.433 2023/01/20T12:48:53z: AP_STAR tmr
 ets Jan  8 2013,rst cause:1, boot mode:(3,7)

load 0x4010f000, len 1384, room 16 
tail 8
chksum 0x2d
csum 0x2d
v8b899c12
~ld


6.01
 0h00:07.307 2023/01/20T13:09:04z: DS3231
 0h00:07.322 2023/01/20T13:09:04z: BME280 (0x76)
 0h00:07.336 2023/01/20T13:09:04z: 84:f3:eb:7d:7:a8
 0h00:07.338 2023/01/20T13:09:04z: SSID: MU Open
 0h00:07.343 2023/01/20T13:09:04z: AP_STAR tmr
 ets Jan  8 2013,rst cause:1, boot mode:(3,7)

load 0x4010f000, len 1384, room 16 
tail 8
chksum 0x2d
csum 0x2d
v8b899c12
~ld


6.01
 0h00:07.220 2023/01/20T13:29:15z: DS3231
 0h00:07.235 2023/01/20T13:29:15z: BME280 (0x76)
 0h00:07.249 2023/01/20T13:29:15z: 84:f3:eb:7d:7:a8
 0h00:07.251 2023/01/20T13:29:15z: SSID: MU Open
 0h00:07.256 2023/01/20T13:29:15z: AP_STAR tmr
 ets Jan  8 2013,rst cause:1, boot mode:(3,7)

load 0x4010f000, len 1384, room 16 
tail 8
chksum 0x2d
csum 0x2d
v8b899c12
~ld


6.01
 0h00:07.276 2023/01/20T13:49:25z: DS3231
 0h00:07.292 2023/01/20T13:49:25z: BME280 (0x76)
 0h00:07.306 2023/01/20T13:49:25z: 84:f3:eb:7d:7:a8
 0h00:07.307 2023/01/20T13:49:25z: SSID: MU Open
 0h00:07.313 2023/01/20T13:49:25z: AP_STAR tmr
 ets Jan  8 2013,rst cause:1, boot mode:(3,7)

load 0x4010f000, len 1384, room 16 
tail 8
chksum 0x2d
csum 0x2d
v8b899c12
~ld


6.01
 0h00:07.787 2023/01/20T14:09:36z: DS3231
 0h00:07.803 2023/01/20T14:09:36z: BME280 (0x76)
 0h00:07.817 2023/01/20T14:09:36z: 84:f3:eb:7d:7:a8
 0h00:07.819 2023/01/20T14:09:36z: SSID: MU Open
 0h00:07.824 2023/01/20T14:09:36z: AP_STAR tmr
 ets Jan  8 2013,rst cause:1, boot mode:(3,7)

load 0x4010f000, len 1384, room 16 
tail 8
chksum 0x2d
csum 0x2d
v8b899c12
~ld


6.01
 0h00:06.854 2023/01/20T14:29:46z: DS3231
 0h00:06.869 2023/01/20T14:29:46z: BME280 (0x76)
 0h00:06.883 2023/01/20T14:29:46z: 84:f3:eb:7d:7:a8
 0h00:06.885 2023/01/20T14:29:46z: SSID: MU Open
 0h00:06.890 2023/01/20T14:29:46z: AP_STAR tmr
 ets Jan  8 2013,rst cause:1, boot mode:(3,7)

load 0x4010f000, len 1384, room 16 
tail 8
chksum 0x2d
csum 0x2d
v8b899c12
~ld


6.01
 0h00:06.965 2023/01/20T14:49:57z: DS3231
 0h00:06.981 2023/01/20T14:49:57z: BME280 (0x76)
 0h00:06.995 2023/01/20T14:49:57z: 84:f3:eb:7d:7:a8
 0h00:06.997 2023/01/20T14:49:57z: SSID: MU Open
 0h00:07.002 2023/01/20T14:49:57z: AP_STAR tmr
 ets Jan  8 2013,rst cause:1, boot mode:(3,7)

load 0x4010f000, len 1384, room 16 
tail 8
chksum 0x2d
csum 0x2d
v8b899c12
~ld


6.01
 0h00:07.171 2023/01/20T15:10:07z: DS3231
 0h00:07.186 2023/01/20T15:10:07z: BME280 (0x76)
 0h00:07.200 2023/01/20T15:10:07z: 84:f3:eb:7d:7:a8
 0h00:07.202 2023/01/20T15:10:07z: SSID: MU Open
 0h00:07.207 2023/01/20T15:10:07z: AP_STAR tmr
 ets Jan  8 2013,rst cause:1, boot mode:(3,7)

load 0x4010f000, len 1384, room 16 
tail 8
chksum 0x2d
csum 0x2d
v8b899c12
~ld


6.01
 0h00:07.748 2023/01/20T15:30:19z: DS3231
 0h00:07.764 2023/01/20T15:30:19z: BME280 (0x76)
 0h00:07.778 2023/01/20T15:30:19z: 84:f3:eb:7d:7:a8
 0h00:07.780 2023/01/20T15:30:19z: SSID: MU Open
 0h00:07.785 2023/01/20T15:30:19z: AP_STAR tmr
 ets Jan  8 2013,rst cause:1, boot mode:(3,7)

load 0x4010f000, len 1384, room 16 
tail 8
chksum 0x2d
csum 0x2d
v8b899c12
~ld


6.01
 0h00:07.001 2023/01/20T15:50:29z: DS3231
 0h00:07.016 2023/01/20T15:50:29z: BME280 (0x76)
 0h00:07.030 2023/01/20T15:50:29z: 84:f3:eb:7d:7:a8
 0h00:07.032 2023/01/20T15:50:29z: SSID: MU Open
 0h00:07.037 2023/01/20T15:50:29z: AP_STAR tmr
 ets Jan  8 2013,rst cause:1, boot mode:(3,7)

load 0x4010f000, len 1384, room 16 
tail 8
chksum 0x2d
csum 0x2d
v8b899c12
~ld


6.01
 0h00:07.049 2023/01/20T16:10:40z: DS3231
 0h00:07.065 2023/01/20T16:10:40z: BME280 (0x76)
 0h00:07.079 2023/01/20T16:10:40z: 84:f3:eb:7d:7:a8
 0h00:07.080 2023/01/20T16:10:40z: SSID: MU Open
 0h00:07.086 2023/01/20T16:10:40z: AP_STAR tmr
 ets Jan  8 2013,rst cause:1, boot mode:(3,7)

load 0x4010f000, len 1384, room 16 
tail 8
chksum 0x2d
csum 0x2d
v8b899c12
~ld


6.01
 0h00:07.052 2023/01/20T16:30:51z: DS3231
 0h00:07.067 2023/01/20T16:30:51z: BME280 (0x76)
 0h00:07.081 2023/01/20T16:30:51z: 84:f3:eb:7d:7:a8
 0h00:07.083 2023/01/20T16:30:51z: SSID: MU Open
 0h00:07.088 2023/01/20T16:30:51z: AP_STAR tmr
 ets Jan  8 2013,rst cause:1, boot mode:(3,7)

load 0x4010f000, len 1384, room 16 
tail 8
chksum 0x2d
csum 0x2d
v8b899c12
~ld


6.01
 0h00:06.990 2023/01/20T16:51:01z: DS3231
 0h00:07.006 2023/01/20T16:51:01z: BME280 (0x76)
 0h00:07.020 2023/01/20T16:51:01z: 84:f3:eb:7d:7:a8
 0h00:07.021 2023/01/20T16:51:01z: SSID: MU Open
 0h00:07.027 2023/01/20T16:51:01z: AP_STAR tmr
 ets Jan  8 2013,rst cause:1, boot mode:(3,7)

load 0x4010f000, len 1384, room 16 
tail 8
chksum 0x2d
csum 0x2d
v8b899c12
~ld


6.01
 0h00:07.008 2023/01/20T17:11:11z: DS3231
 0h00:07.024 2023/01/20T17:11:11z: BME280 (0x76)
 0h00:07.038 2023/01/20T17:11:11z: 84:f3:eb:7d:7:a8
 0h00:07.039 2023/01/20T17:11:11z: SSID: MU Open
 0h00:07.045 2023/01/20T17:11:11z: AP_STAR tmr
 ets Jan  8 2013,rst cause:1, boot mode:(3,7)

load 0x4010f000, len 1384, room 16 
tail 8
chksum 0x2d
csum 0x2d
v8b899c12
~ld


6.01
 0h00:06.844 2023/01/20T17:31:20z: DS3231
 0h00:06.860 2023/01/20T17:31:20z: BME280 (0x76)
 0h00:06.874 2023/01/20T17:31:20z: 84:f3:eb:7d:7:a8
 0h00:06.875 2023/01/20T17:31:20z: SSID: MU Open
 0h00:06.881 2023/01/20T17:31:20z: AP_STAR tmr
 ets Jan  8 2013,rst cause:1, boot mode:(3,7)

load 0x4010f000, len 1384, room 16 
tail 8
chksum 0x2d
csum 0x2d
v8b899c12
~ld


6.01
 0h00:06.420 2023/01/20T17:51:29z: DS3231
 0h00:06.436 2023/01/20T17:51:29z: BME280 (0x76)
 0h00:06.450 2023/01/20T17:51:29z: 84:f3:eb:7d:7:a8
 0h00:06.452 2023/01/20T17:51:29z: SSID: MU Open
 0h00:06.457 2023/01/20T17:51:29z: AP_STAR tmr
 ets Jan  8 2013,rst cause:1, boot mode:(3,7)

load 0x4010f000, len 1384, room 16 
tail 8
chksum 0x2d
csum 0x2d
v8b899c12
~ld


6.01
 0h00:06.841 2023/01/20T18:11:38z: DS3231
 0h00:06.856 2023/01/20T18:11:38z: BME280 (0x76)
 0h00:06.870 2023/01/20T18:11:38z: 84:f3:eb:7d:7:a8
 0h00:06.872 2023/01/20T18:11:38z: SSID: MU Open
 0h00:06.877 2023/01/20T18:11:38z: AP_STAR tmr
 ets Jan  8 2013,rst cause:1, boot mode:(3,7)

load 0x4010f000, len 1384, room 16 
tail 8
chksum 0x2d
csum 0x2d
v8b899c12
~ld


6.01
 0h00:06.607 2023/01/20T18:31:47z: DS3231
 0h00:06.622 2023/01/20T18:31:47z: BME280 (0x76)
 0h00:06.636 2023/01/20T18:31:47z: 84:f3:eb:7d:7:a8
 0h00:06.638 2023/01/20T18:31:47z: SSID: MU Open
 0h00:06.643 2023/01/20T18:31:47z: AP_STAR tmr
 ets Jan  8 2013,rst cause:1, boot mode:(3,7)

load 0x4010f000, len 1384, room 16 
tail 8
chksum 0x2d
csum 0x2d
v8b899c12
~ld


6.01
 0h00:06.726 2023/01/20T18:51:56z: DS3231
 0h00:06.741 2023/01/20T18:51:56z: BME280 (0x76)
 0h00:06.755 2023/01/20T18:51:56z: 84:f3:eb:7d:7:a8
 0h00:06.757 2023/01/20T18:51:56z: SSID: MU Open
 0h00:06.762 2023/01/20T18:51:56z: AP_STAR tmr
 ets Jan  8 2013,rst cause:1, boot mode:(3,7)

load 0x4010f000, len 1384, room 16 
tail 8
chksum 0x2d
csum 0x2d
v8b899c12
~ld


6.01
 0h00:06.884 2023/01/20T19:12:06z: DS3231
 0h00:06.899 2023/01/20T19:12:06z: BME280 (0x76)
 0h00:06.913 2023/01/20T19:12:06z: 84:f3:eb:7d:7:a8
 0h00:06.915 2023/01/20T19:12:06z: SSID: MU Open
 0h00:06.920 2023/01/20T19:12:06z: AP_STAR tmr
 ets Jan  8 2013,rst cause:1, boot mode:(3,7)

load 0x4010f000, len 1384, room 16 
tail 8
chksum 0x2d
csum 0x2d
v8b899c12
~ld


6.01
 0h00:06.768 2023/01/20T19:32:16z: DS3231
 0h00:06.783 2023/01/20T19:32:16z: BME280 (0x76)
 0h00:06.798 2023/01/20T19:32:16z: 84:f3:eb:7d:7:a8
 0h00:06.799 2023/01/20T19:32:16z: SSID: MU Open
 0h00:06.804 2023/01/20T19:32:16z: AP_STAR tmr
 ets Jan  8 2013,rst cause:1, boot mode:(3,7)

load 0x4010f000, len 1384, room 16 
tail 8
chksum 0x2d
csum 0x2d
v8b899c12
~ld


6.01
 0h00:07.045 2023/01/20T19:52:26z: DS3231
 0h00:07.060 2023/01/20T19:52:26z: BME280 (0x76)
 0h00:07.075 2023/01/20T19:52:26z: 84:f3:eb:7d:7:a8
 0h00:07.076 2023/01/20T19:52:26z: SSID: MU Open
 0h00:07.082 2023/01/20T19:52:26z: AP_STAR tmr
 ets Jan  8 2013,rst cause:1, boot mode:(3,7)

load 0x4010f000, len 1384, room 16 
tail 8
chksum 0x2d
csum 0x2d
v8b899c12
~ld


6.01
 0h00:06.686 2023/01/20T20:12:36z: DS3231
 0h00:06.701 2023/01/20T20:12:36z: BME280 (0x76)
 0h00:06.715 2023/01/20T20:12:36z: 84:f3:eb:7d:7:a8
 0h00:06.717 2023/01/20T20:12:36z: SSID: MU Open
 0h00:06.722 2023/01/20T20:12:36z: AP_STAR tmr
 ets Jan  8 2013,rst cause:1, boot mode:(3,7)

load 0x4010f000, len 1384, room 16 
tail 8
chksum 0x2d
csum 0x2d
v8b899c12
~ld


6.01
 0h00:06.897 2023/01/20T20:32:46z: DS3231
 0h00:06.912 2023/01/20T20:32:46z: BME280 (0x76)
 0h00:06.927 2023/01/20T20:32:46z: 84:f3:eb:7d:7:a8
 0h00:06.928 2023/01/20T20:32:46z: SSID: MU Open
 0h00:06.933 2023/01/20T20:32:46z: AP_STAR tmr
 ets Jan  8 2013,rst cause:1, boot mode:(3,7)

load 0x4010f000, len 1384, room 16 
tail 8
chksum 0x2d
csum 0x2d
v8b899c12
~ld


6.01
 0h00:06.957 2023/01/20T20:52:57z: DS3231
 0h00:06.973 2023/01/20T20:52:57z: BME280 (0x76)
 0h00:06.987 2023/01/20T20:52:57z: 84:f3:eb:7d:7:a8
 0h00:06.988 2023/01/20T20:52:57z: SSID: MU Open
 0h00:06.994 2023/01/20T20:52:57z: AP_STAR tmr
 ets Jan  8 2013,rst cause:1, boot mode:(3,7)

load 0x4010f000, len 1384, room 16 
tail 8
chksum 0x2d
csum 0x2d
v8b899c12
~ld


6.01
 0h00:06.780 2023/01/20T21:13:07z: DS3231
 0h00:06.795 2023/01/20T21:13:07z: BME280 (0x76)
 0h00:06.809 2023/01/20T21:13:07z: 84:f3:eb:7d:7:a8
 0h00:06.811 2023/01/20T21:13:07z: SSID: MU Open
 0h00:06.816 2023/01/20T21:13:07z: AP_STAR tmr
 ets Jan  8 2013,rst cause:1, boot mode:(3,7)

load 0x4010f000, len 1384, room 16 
tail 8
chksum 0x2d
csum 0x2d
v8b899c12
~ld


6.01
 0h00:07.091 2023/01/20T21:33:16z: DS3231
 0h00:07.107 2023/01/20T21:33:16z: BME280 (0x76)
 0h00:07.121 2023/01/20T21:33:16z: 84:f3:eb:7d:7:a8
 0h00:07.123 2023/01/20T21:33:16z: SSID: MU Open
 0h00:07.128 2023/01/20T21:33:16z: AP_STAR tmr
 ets Jan  8 2013,rst cause:1, boot mode:(3,7)

load 0x4010f000, len 1384, room 16 
tail 8
chksum 0x2d
csum 0x2d
v8b899c12
~ld


6.01
 0h00:07.195 2023/01/20T21:53:26z: DS3231
 0h00:07.211 2023/01/20T21:53:26z: BME280 (0x76)
 0h00:07.225 2023/01/20T21:53:26z: 84:f3:eb:7d:7:a8
 0h00:07.226 2023/01/20T21:53:26z: SSID: MU Open
 0h00:07.232 2023/01/20T21:53:26z: AP_STAR tmr
 ets Jan  8 2013,rst cause:1, boot mode:(3,7)

load 0x4010f000, len 1384, room 16 
tail 8
chksum 0x2d
csum 0x2d
v8b899c12
~ld


6.01
 0h00:07.082 2023/01/20T22:13:36z: DS3231
 0h00:07.097 2023/01/20T22:13:36z: BME280 (0x76)
 0h00:07.111 2023/01/20T22:13:36z: 84:f3:eb:7d:7:a8
 0h00:07.113 2023/01/20T22:13:36z: SSID: MU Open
 0h00:07.118 2023/01/20T22:13:36z: AP_STAR tmr
 ets Jan  8 2013,rst cause:1, boot mode:(3,7)

load 0x4010f000, len 1384, room 16 
tail 8
chksum 0x2d
csum 0x2d
v8b899c12
~ld


6.01
 0h00:07.145 2023/01/20T22:33:47z: DS3231
 0h00:07.160 2023/01/20T22:33:47z: BME280 (0x76)
 0h00:07.175 2023/01/20T22:33:47z: 84:f3:eb:7d:7:a8
 0h00:07.176 2023/01/20T22:33:47z: SSID: MU Open
 0h00:07.181 2023/01/20T22:33:47z: AP_STAR tmr
 ets Jan  8 2013,rst cause:1, boot mode:(3,7)

load 0x4010f000, len 1384, room 16 
tail 8
chksum 0x2d
csum 0x2d
v8b899c12
~ld


6.01
 0h00:07.071 2023/01/20T22:53:57z: DS3231
 0h00:07.087 2023/01/20T22:53:57z: BME280 (0x76)
 0h00:07.101 2023/01/20T22:53:57z: 84:f3:eb:7d:7:a8
 0h00:07.102 2023/01/20T22:53:57z: SSID: MU Open
 0h00:07.108 2023/01/20T22:53:57z: AP_STAR tmr
 ets Jan  8 2013,rst cause:1, boot mode:(3,7)

load 0x4010f000, len 1384, room 16 
tail 8
chksum 0x2d
csum 0x2d
v8b899c12
~ld


6.01
 0h00:07.277 2023/01/20T23:14:08z: DS3231
 0h00:07.292 2023/01/20T23:14:08z: BME280 (0x76)
 0h00:07.306 2023/01/20T23:14:08z: 84:f3:eb:7d:7:a8
 0h00:07.308 2023/01/20T23:14:08z: SSID: MU Open
 0h00:07.313 2023/01/20T23:14:08z: AP_STAR tmr
 ets Jan  8 2013,rst cause:1, boot mode:(3,7)

load 0x4010f000, len 1384, room 16 
tail 8
chksum 0x2d
csum 0x2d
v8b899c12
~ld


6.01
 0h00:07.257 2023/01/20T23:34:19z: DS3231
 0h00:07.272 2023/01/20T23:34:19z: BME280 (0x76)
 0h00:07.286 2023/01/20T23:34:19z: 84:f3:eb:7d:7:a8
 0h00:07.288 2023/01/20T23:34:19z: SSID: MU Open
 0h00:07.293 2023/01/20T23:34:19z: AP_STAR tmr
 ets Jan  8 2013,rst cause:1, boot mode:(3,7)

load 0x4010f000, len 1384, room 16 
tail 8
chksum 0x2d
csum 0x2d
v8b899c12
~ld


6.01
 0h00:07.700 2023/01/20T23:54:31z: DS3231
 0h00:07.716 2023/01/20T23:54:31z: BME280 (0x76)
 0h00:07.730 2023/01/20T23:54:31z: 84:f3:eb:7d:7:a8
 0h00:07.732 2023/01/20T23:54:31z: SSID: MU Open
 0h00:07.737 2023/01/20T23:54:31z: AP_STA