R tmr
 ets Jan  8 2013,rst cause:1, boot mode:(3,7)

load 0x4010f000, len 1384, room 16 
tail 8
chksum 0x2d
csum 0x2d
v8b899c12
~ld


6.01
 0h00:06.845 2023/01/19T00:09:56z: DS3231
 0h00:06.861 2023/01/19T00:09:56z: BME280 (0x76)
 0h00:06.875 2023/01/19T00:09:56z: 84:f3:eb:7d:7:a8
 0h00:06.876 2023/01/19T00:09:56z: SSID: MU Open
 0h00:06.882 2023/01/19T00:09:56z: AP_STAR tmr
 ets Jan  8 2013,rst cause:1, boot mode:(3,7)

load 0x4010f000, len 1384, room 16 
tail 8
chksum 0x2d
csum 0x2d
v8b899c12
~ld


6.01
 0h00:06.702 2023/01/19T00:30:07z: DS3231
 0h00:06.717 2023/01/19T00:30:07z: BME280 (0x76)
 0h00:06.731 2023/01/19T00:30:07z: 84:f3:eb:7d:7:a8
 0h00:06.733 2023/01/19T00:30:07z: SSID: MU Open
 0h00:06.738 2023/01/19T00:30:07z: AP_STAR tmr
 ets Jan  8 2013,rst cause:1, boot mode:(3,7)

load 0x4010f000, len 1384, room 16 
tail 8
chksum 0x2d
csum 0x2d
v8b899c12
~ld


6.01
 0h00:07.409 2023/01/19T00:50:18z: DS3231
 0h00:07.424 2023/01/19T00:50:18z: BME280 (0x76)
 0h00:07.438 2023/01/19T00:50:18z: 84:f3:eb:7d:7:a8
 0h00:07.440 2023/01/19T00:50:18z: SSID: MU Open
 0h00:07.445 2023/01/19T00:50:18z: AP_STAR tmr
 ets Jan  8 2013,rst cause:1, boot mode:(3,7)

load 0x4010f000, len 1384, room 16 
tail 8
chksum 0x2d
csum 0x2d
v8b899c12
~ld


6.01
 0h00:07.495 2023/01/19T01:10:30z: DS3231
 0h00:07.511 2023/01/19T01:10:30z: BME280 (0x76)
 0h00:07.525 2023/01/19T01:10:30z: 84:f3:eb:7d:7:a8
 0h00:07.527 2023/01/19T01:10:30z: SSID: MU Open
 0h00:07.532 2023/01/19T01:10:30z: AP_STAR tmr
 ets Jan  8 2013,rst cause:1, boot mode:(3,7)

load 0x4010f000, len 1384, room 16 
tail 8
chksum 0x2d
csum 0x2d
v8b899c12
~ld


6.01
 0h00:07.326 2023/01/19T01:30:42z: DS3231
 0h00:07.341 2023/01/19T01:30:42z: BME280 (0x76)
 0h00:07.355 2023/01/19T01:30:42z: 84:f3:eb:7d:7:a8
 0h00:07.357 2023/01/19T01:30:42z: SSID: MU Open
 0h00:07.362 2023/01/19T01:30:42z: AP_STAR tmr
 ets Jan  8 2013,rst cause:1, boot mode:(3,7)

load 0x4010f000, len 1384, room 16 
tail 8
chksum 0x2d
csum 0x2d
v8b899c12
~ld


6.01
 0h00:07.618 2023/01/19T01:50:54z: DS3231
 0h00:07.634 2023/01/19T01:50:54z: BME280 (0x76)
 0h00:07.648 2023/01/19T01:50:54z: 84:f3:eb:7d:7:a8
 0h00:07.649 2023/01/19T01:50:54z: SSID: MU Open
 0h00:07.655 2023/01/19T01:50:54z: AP_STAR tmr
 ets Jan  8 2013,rst cause:1, boot mode:(3,7)

load 0x4010f000, len 1384, room 16 
tail 8
chksum 0x2d
csum 0x2d
v8b899c12
~ld


6.01
 0h00:07.421 2023/01/19T02:11:05z: DS3231
 0h00:07.436 2023/01/19T02:11:05z: BME280 (0x76)
 0h00:07.450 2023/01/19T02:11:05z: 84:f3:eb:7d:7:a8
 0h00:07.452 2023/01/19T02:11:05z: SSID: MU Open
 0h00:07.457 2023/01/19T02:11:05z: AP_STAR tmr
 ets Jan  8 2013,rst cause:1, boot mode:(3,7)

load 0x4010f000, len 1384, room 16 
tail 8
chksum 0x2d
csum 0x2d
v8b899c12
~ld


6.01
 0h00:07.674 2023/01/19T02:31:16z: DS3231
 0h00:07.690 2023/01/19T02:31:16z: BME280 (0x76)
 0h00:07.704 2023/01/19T02:31:16z: 84:f3:eb:7d:7:a8
 0h00:07.706 2023/01/19T02:31:16z: SSID: MU Open
 0h00:07.711 2023/01/19T02:31:16z: AP_STAR tmr
 ets Jan  8 2013,rst cause:1, boot mode:(3,7)

load 0x4010f000, len 1384, room 16 
tail 8
chksum 0x2d
csum 0x2d
v8b899c12
~ld


6.01
 0h00:07.496 2023/01/19T02:51:28z: DS3231
 0h00:07.511 2023/01/19T02:51:28z: BME280 (0x76)
 0h00:07.525 2023/01/19T02:51:28z: 84:f3:eb:7d:7:a8
 0h00:07.527 2023/01/19T02:51:28z: SSID: MU Open
 0h00:07.532 2023/01/19T02:51:28z: AP_STAR tmr
 ets Jan  8 2013,rst cause:1, boot mode:(3,7)

load 0x4010f000, len 1384, room 16 
tail 8
chksum 0x2d
csum 0x2d
v8b899c12
~ld


6.01
 0h00:07.276 2023/01/19T03:11:40z: DS3231
 0h00:07.291 2023/01/19T03:11:40z: BME280 (0x76)
 0h00:07.305 2023/01/19T03:11:40z: 84:f3:eb:7d:7:a8
 0h00:07.307 2023/01/19T03:11:40z: SSID: MU Open
 0h00:07.312 2023/01/19T03:11:40z: AP_STAR tmr
 ets Jan  8 2013,rst cause:1, boot mode:(3,7)

load 0x4010f000, len 1384, room 16 
tail 8
chksum 0x2d
csum 0x2d
v8b899c12
~ld


6.01
 0h00:07.316 2023/01/19T03:31:50z: DS3231
 0h00:07.331 2023/01/19T03:31:50z: BME280 (0x76)
 0h00:07.345 2023/01/19T03:31:50z: 84:f3:eb:7d:7:a8
 0h00:07.347 2023/01/19T03:31:50z: SSID: MU Open
 0h00:07.352 2023/01/19T03:31:50z: AP_STAR tmr
 ets Jan  8 2013,rst cause:1, boot mode:(3,7)

load 0x4010f000, len 1384, room 16 
tail 8
chksum 0x2d
csum 0x2d
v8b899c12
~ld


6.01
 0h00:06.528 2023/01/19T03:52:00z: DS3231
 0h00:06.544 2023/01/19T03:52:00z: BME280 (0x76)
 0h00:06.558 2023/01/19T03:52:00z: 84:f3:eb:7d:7:a8
 0h00:06.560 2023/01/19T03:52:00z: SSID: MU Open
 0h00:06.565 2023/01/19T03:52:00z: AP_STAR tmr
 ets Jan  8 2013,rst cause:1, boot mode:(3,7)

load 0x4010f000, len 1384, room 16 
tail 8
chksum 0x2d
csum 0x2d
v8b899c12
~ld


6.01
 0h00:07.457 2023/01/19T04:12:12z: DS3231
 0h00:07.472 2023/01/19T04:12:12z: BME280 (0x76)
 0h00:07.486 2023/01/19T04:12:12z: 84:f3:eb:7d:7:a8
 0h00:07.488 2023/01/19T04:12:12z: SSID: MU Open
 0h00:07.493 2023/01/19T04:12:12z: AP_STAR tmr
 ets Jan  8 2013,rst cause:1, boot mode:(3,7)

load 0x4010f000, len 1384, room 16 
tail 8
chksum 0x2d
csum 0x2d
v8b899c12
~ld


6.01
 0h00:07.354 2023/01/19T04:32:23z: DS3231
 0h00:07.369 2023/01/19T04:32:23z: BME280 (0x76)
 0h00:07.383 2023/01/19T04:32:23z: 84:f3:eb:7d:7:a8
 0h00:07.385 2023/01/19T04:32:23z: SSID: MU Open
 0h00:07.390 2023/01/19T04:32:23z: AP_STAR tmr
 ets Jan  8 2013,rst cause:1, boot mode:(3,7)

load 0x4010f000, len 1384, room 16 
tail 8
chksum 0x2d
csum 0x2d
v8b899c12
~ld


6.01
 0h00:07.332 2023/01/19T04:52:34z: DS3231
 0h00:07.347 2023/01/19T04:52:34z: BME280 (0x76)
 0h00:07.361 2023/01/19T04:52:34z: 84:f3:eb:7d:7:a8
 0h00:07.363 2023/01/19T04:52:34z: SSID: MU Open
 0h00:07.368 2023/01/19T04:52:34z: AP_STAR tmr
 ets Jan  8 2013,rst cause:1, boot mode:(3,7)

load 0x4010f000, len 1384, room 16 
tail 8
chksum 0x2d
csum 0x2d
v8b899c12
~ld


6.01
 0h00:06.567 2023/01/19T05:12:44z: DS3231
 0h00:06.582 2023/01/19T05:12:44z: BME280 (0x76)
 0h00:06.596 2023/01/19T05:12:44z: 84:f3:eb:7d:7:a8
 0h00:06.598 2023/01/19T05:12:44z: SSID: MU Open
 0h00:06.603 2023/01/19T05:12:44z: AP_STAR tmr
 ets Jan  8 2013,rst cause:1, boot mode:(3,7)

load 0x4010f000, len 1384, room 16 
tail 8
chksum 0x2d
csum 0x2d
v8b899c12
~ld


6.01
 0h00:07.447 2023/01/19T05:32:54z: DS3231
 0h00:07.463 2023/01/19T05:32:54z: BME280 (0x76)
 0h00:07.477 2023/01/19T05:32:54z: 84:f3:eb:7d:7:a8
 0h00:07.479 2023/01/19T05:32:54z: SSID: MU Open
 0h00:07.484 2023/01/19T05:32:54z: AP_STAR tmr
 ets Jan  8 2013,rst cause:1, boot mode:(3,7)

load 0x4010f000, len 1384, room 16 
tail 8
chksum 0x2d
csum 0x2d
v8b899c12
~ld


6.01
 0h00:07.487 2023/01/19T05:53:05z: DS3231
 0h00:07.503 2023/01/19T05:53:05z: BME280 (0x76)
 0h00:07.517 2023/01/19T05:53:05z: 84:f3:eb:7d:7:a8
 0h00:07.519 2023/01/19T05:53:05z: SSID: MU Open
 0h00:07.524 2023/01/19T05:53:05z: AP_STAR tmr
 ets Jan  8 2013,rst cause:1, boot mode:(3,7)

load 0x4010f000, len 1384, room 16 
tail 8
chksum 0x2d
csum 0x2d
v8b899c12
~ld


6.01
 0h00:07.379 2023/01/19T06:13:17z: DS3231
 0h00:07.395 2023/01/19T06:13:17z: BME280 (0x76)
 0h00:07.409 2023/01/19T06:13:17z: 84:f3:eb:7d:7:a8
 0h00:07.411 2023/01/19T06:13:17z: SSID: MU Open
 0h00:07.416 2023/01/19T06:13:17z: AP_STAR tmr
 ets Jan  8 2013,rst cause:1, boot mode:(3,7)

load 0x4010f000, len 1384, room 16 
tail 8
chksum 0x2d
csum 0x2d
v8b899c12
~ld


6.01
 0h00:07.751 2023/01/19T06:33:29z: DS3231
 0h00:07.766 2023/01/19T06:33:29z: BME280 (0x76)
 0h00:07.780 2023/01/19T06:33:29z: 84:f3:eb:7d:7:a8
 0h00:07.782 2023/01/19T06:33:29z: SSID: MU Open
 0h00:07.787 2023/01/19T06:33:29z: AP_STAR tmr
 ets Jan  8 2013,rst cause:1, boot mode:(3,7)

load 0x4010f000, len 1384, room 16 
tail 8
chksum 0x2d
csum 0x2d
v8b899c12
~ld


6.01
 0h00:07.418 2023/01/19T06:53:40z: DS3231
 0h00:07.434 2023/01/19T06:53:40z: BME280 (0x76)
 0h00:07.448 2023/01/19T06:53:40z: 84:f3:eb:7d:7:a8
 0h00:07.449 2023/01/19T06:53:40z: SSID: MU Open
 0h00:07.455 2023/01/19T06:53:40z: AP_STAR tmr
 ets Jan  8 2013,rst cause:1, boot mode:(3,7)

load 0x4010f000, len 1384, room 16 
tail 8
chksum 0x2d
csum 0x2d
v8b899c12
~ld


6.01
 0h00:07.618 2023/01/19T07:13:52z: DS3231
 0h00:07.633 2023/01/19T07:13:52z: BME280 (0x76)
 0h00:07.647 2023/01/19T07:13:52z: 84:f3:eb:7d:7:a8
 0h00:07.649 2023/01/19T07:13:52z: SSID: MU Open
 0h00:07.654 2023/01/19T07:13:52z: AP_STAR tmr
 ets Jan  8 2013,rst cause:1, boot mode:(3,7)

load 0x4010f000, len 1384, room 16 
tail 8
chksum 0x2d
csum 0x2d
v8b899c12
~ld


6.01
 0h00:07.771 2023/01/19T07:34:03z: DS3231
 0h00:07.786 2023/01/19T07:34:03z: BME280 (0x76)
 0h00:07.800 2023/01/19T07:34:03z: 84:f3:eb:7d:7:a8
 0h00:07.802 2023/01/19T07:34:03z: SSID: MU Open
 0h00:07.807 2023/01/19T07:34:03z: AP_STAR tmr
 ets Jan  8 2013,rst cause:1, boot mode:(3,7)

load 0x4010f000, len 1384, room 16 
tail 8
chksum 0x2d
csum 0x2d
v8b899c12
~ld


6.01
 0h00:07.615 2023/01/19T07:54:15z: DS3231
 0h00:07.630 2023/01/19T07:54:15z: BME280 (0x76)
 0h00:07.644 2023/01/19T07:54:15z: 84:f3:eb:7d:7:a8
 0h00:07.646 2023/01/19T07:54:15z: SSID: MU Open
 0h00:07.651 2023/01/19T07:54:15z: AP_STAR tmr
 ets Jan  8 2013,rst cause:1, boot mode:(3,7)

load 0x4010f000, len 1384, room 16 
tail 8
chksum 0x2d
csum 0x2d
v8b899c12
~ld


6.01
 0h00:07.960 2023/01/19T08:14:27z: DS3231
 0h00:07.976 2023/01/19T08:14:27z: BME280 (0x76)
 0h00:07.990 2023/01/19T08:14:27z: 84:f3:eb:7d:7:a8
 0h00:07.991 2023/01/19T08:14:27z: SSID: MU Open
 0h00:07.997 2023/01/19T08:14:27z: AP_STAR tmr
 ets Jan  8 2013,rst cause:1, boot mode:(3,7)

load 0x4010f000, len 1384, room 16 
tail 8
chksum 0x2d
csum 0x2d
v8b899c12
~ld


6.01
 0h00:08.366 2023/01/19T08:34:40z: DS3231
 0h00:08.381 2023/01/19T08:34:40z: BME280 (0x76)
 0h00:08.395 2023/01/19T08:34:40z: 84:f3:eb:7d:7:a8
 0h00:08.397 2023/01/19T08:34:40z: SSID: MU Open
 0h00:08.402 2023/01/19T08:34:40z: AP_STAR tmr
 ets Jan  8 2013,rst cause:1, boot mode:(3,7)

load 0x4010f000, len 1384, room 16 
tail 8
chksum 0x2d
csum 0x2d
v8b899c12
~ld


6.01
 0h00:07.803 2023/01/19T08:54:52z: DS3231
 0h00:07.818 2023/01/19T08:54:52z: BME280 (0x76)
 0h00:07.832 2023/01/19T08:54:52z: 84:f3:eb:7d:7:a8
 0h00:07.834 2023/01/19T08:54:52z: SSID: MU Open
 0h00:07.839 2023/01/19T08:54:52z: AP_STAR tmr
 ets Jan  8 2013,rst cause:1, boot mode:(3,7)

load 0x4010f000, len 1384, room 16 
tail 8
chksum 0x2d
csum 0x2d
v8b899c12
~ld


6.01
 0h00:07.026 2023/01/19T09:15:02z: DS3231
 0h00:07.042 2023/01/19T09:15:02z: BME280 (0x76)
 0h00:07.056 2023/01/19T09:15:02z: 84:f3:eb:7d:7:a8
 0h00:07.057 2023/01/19T09:15:02z: SSID: MU Open
 0h00:07.063 2023/01/19T09:15:02z: AP_STAR tmr
 ets Jan  8 2013,rst cause:1, boot mode:(3,7)

load 0x4010f000, len 1384, room 16 
tail 8
chksum 0x2d
csum 0x2d
v8b899c12
~ld


6.01
 0h00:07.111 2023/01/19T09:35:13z: DS3231
 0h00:07.126 2023/01/19T09:35:13z: BME280 (0x76)
 0h00:07.140 2023/01/19T09:35:13z: 84:f3:eb:7d:7:a8
 0h00:07.142 2023/01/19T09:35:13z: SSID: MU Open
 0h00:07.147 2023/01/19T09:35:13z: AP_STAR tmr
 ets Jan  8 2013,rst cause:1, boot mode:(3,7)

load 0x4010f000, len 1384, room 16 
tail 8
chksum 0x2d
csum 0x2d
v8b899c12
~ld


6.01
 0h00:06.441 2023/01/19T09:55:22z: DS3231
 0h00:06.456 2023/01/19T09:55:22z: BME280 (0x76)
 0h00:06.470 2023/01/19T09:55:22z: 84:f3:eb:7d:7:a8
 0h00:06.472 2023/01/19T09:55:22z: SSID: MU Open
 0h00:06.477 2023/01/19T09:55:22z: AP_STAR tmr
 ets Jan  8 2013,rst cause:1, boot mode:(3,7)

load 0x4010f000, len 1384, room 16 
tail 8
chksum 0x2d
csum 0x2d
v8b899c12
~ld


6.01
 0h00:06.943 2023/01/19T10:15:33z: DS3231
 0h00:06.959 2023/01/19T10:15:33z: BME280 (0x76)
 0h00:06.973 2023/01/19T10:15:33z: 84:f3:eb:7d:7:a8
 0h00:06.974 2023/01/19T10:15:33z: SSID: MU Open
 0h00:06.980 2023/01/19T10:15:33z: AP_STAR tmr
 ets Jan  8 2013,rst cause:1, boot mode:(3,7)

load 0x4010f000, len 1384, room 16 
tail 8
chksum 0x2d
csum 0x2d
v8b899c12
~ld


6.01
 0h00:06.666 2023/01/19T10:35:42z: DS3231
 0h00:06.682 2023/01/19T10:35:42z: BME280 (0x76)
 0h00:06.696 2023/01/19T10:35:42z: 84:f3:eb:7d:7:a8
 0h00:06.697 2023/01/19T10:35:42z: SSID: MU Open
 0h00:06.703 2023/01/19T10:35:42z: AP_STAR tmr
 ets Jan  8 2013,rst cause:1, boot mode:(3,7)

load 0x4010f000, len 1384, room 16 
tail 8
chksum 0x2d
csum 0x2d
v8b899c12
~ld


6.01
 0h00:06.822 2023/01/19T10:55:52z: DS3231
 0h00:06.837 2023/01/19T10:55:52z: BME280 (0x76)
 0h00:06.851 2023/01/19T10:55:52z: 84:f3:eb:7d:7:a8
 0h00:06.853 2023/01/19T10:55:52z: SSID: MU Open
 0h00:06.858 2023/01/19T10:55:52z: AP_STAR tmr
 ets Jan  8 2013,rst cause:1, boot mode:(3,7)

load 0x4010f000, len 1384, room 16 
tail 8
chksum 0x2d
csum 0x2d
v8b899c12
~ld


6.01
 0h00:06.839 2023/01/19T11:16:01z: DS3231
 0h00:06.854 2023/01/19T11:16:01z: BME280 (0x76)
 0h00:06.869 2023/01/19T11:16:01z: 84:f3:eb:7d:7:a8
 0h00:06.870 2023/01/19T11:16:01z: SSID: MU Open
 0h00:06.875 2023/01/19T11:16:01z: AP_STAR tmr
 ets Jan  8 2013,rst cause:1, boot mode:(3,7)

load 0x4010f000, len 1384, room 16 
tail 8
chksum 0x2d
csum 0x2d
v8b899c12
~ld


6.01
 0h00:06.739 2023/01/19T11:36:11z: DS3231
 0h00:06.754 2023/01/19T11:36:11z: BME280 (0x76)
 0h00:06.768 2023/01/19T11:36:11z: 84:f3:eb:7d:7:a8
 0h00:06.770 2023/01/19T11:36:11z: SSID: MU Open
 0h00:06.775 2023/01/19T11:36:11z: AP_STAR tmr
 ets Jan  8 2013,rst cause:1, boot mode:(3,7)

load 0x4010f000, len 1384, room 16 
tail 8
chksum 0x2d
csum 0x2d
v8b899c12
~ld


6.01
 0h00:06.623 2023/01/19T11:56:20z: DS3231
 0h00:06.638 2023/01/19T11:56:20z: BME280 (0x76)
 0h00:06.652 2023/01/19T11:56:20z: 84:f3:eb:7d:7:a8
 0h00:06.654 2023/01/19T11:56:20z: SSID: MU Open
 0h00:06.659 2023/01/19T11:56:20z: AP_STAR tmr
 ets Jan  8 2013,rst cause:1, boot mode:(3,7)

load 0x4010f000, len 1384, room 16 
tail 8
chksum 0x2d
csum 0x2d
v8b899c12
~ld


6.01
 0h00:06.381 2023/01/19T12:16:29z: DS3231
 0h00:06.396 2023/01/19T12:16:29z: BME280 (0x76)
 0h00:06.410 2023/01/19T12:16:29z: 84:f3:eb:7d:7:a8
 0h00:06.412 2023/01/19T12:16:29z: SSID: MU Open
 0h00:06.417 2023/01/19T12:16:29z: AP_STAR tmr
 ets Jan  8 2013,rst cause:1, boot mode:(3,7)

load 0x4010f000, len 1384, room 16 
tail 8
chksum 0x2d
csum 0x2d
v8b899c12
~ld


6.01
 0h00:06.396 2023/01/19T12:36:38z: DS3231
 0h00:06.411 2023/01/19T12:36:38z: BME280 (0x76)
 0h00:06.425 2023/01/19T12:36:38z: 84:f3:eb:7d:7:a8
 0h00:06.427 2023/01/19T12:36:38z: SSID: MU Open
 0h00:06.432 2023/01/19T12:36:38z: AP_STAR tmr
 ets Jan  8 2013,rst cause:1, boot mode:(3,7)

load 0x4010f000, len 1384, room 16 
tail 8
chksum 0x2d
csum 0x2d
v8b899c12
~ld


6.01
 0h00:06.577 2023/01/19T12:56:48z: DS3231
 0h00:06.592 2023/01/19T12:56:48z: BME280 (0x76)
 0h00:06.606 2023/01/19T12:56:48z: 84:f3:eb:7d:7:a8
 0h00:06.608 2023/01/19T12:56:48z: SSID: MU Open
 0h00:06.613 2023/01/19T12:56:48z: AP_STAR tmr
 ets Jan  8 2013,rst cause:1, boot mode:(3,7)

load 0x4010f000, len 1384, room 16 
tail 8
chksum 0x2d
csum 0x2d
v8b899c12
~ld


6.01
 0h00:07.056 2023/01/19T13:16:58z: DS3231
 0h00:07.071 2023/01/19T13:16:58z: BME280 (0x76)
 0h00:07.086 2023/01/19T13:16:58z: 84:f3:eb:7d:7:a8
 0h00:07.087 2023/01/19T13:16:58z: SSID: MU Open
 0h00:07.093 2023/01/19T13:16:58z: AP_STAR tmr
 ets Jan  8 2013,rst cause:1, boot mode:(3,7)

load 0x4010f000, len 1384, room 16 
tail 8
chksum 0x2d
csum 0x2d
v8b899c12
~ld


6.01
 0h00:06.885 2023/01/19T13:37:07z: DS3231
 0h00:06.900 2023/01/19T13:37:07z: BME280 (0x76)
 0h00:06.914 2023/01/19T13:37:07z: 84:f3:eb:7d:7:a8
 0h00:06.916 2023/01/19T13:37:07z: SSID: MU Open
 0h00:06.921 2023/01/19T13:37:07z: AP_STAR tmr
 ets Jan  8 2013,rst cause:1, boot mode:(3,7)

load 0x4010f000, len 1384, room 16 
tail 8
chksum 0x2d
csum 0x2d
v8b899c12
~ld


6.01
 0h00:06.477 2023/01/19T13:57:17z: DS3231
 0h00:06.493 2023/01/19T13:57:17z: BME280 (0x76)
 0h00:06.507 2023/01/19T13:57:17z: 84:f3:eb:7d:7:a8
 0h00:06.509 2023/01/19T13:57:17z: SSID: MU Open
 0h00:06.514 2023/01/19T13:57:17z: AP_STAR tmr
 ets Jan  8 2013,rst cause:1, boot mode:(3,7)

load 0x4010f000, len 1384, room 16 
tail 8
chksum 0x2d
csum 0x2d
v8b899c12
~ld


6.01
 0h00:06.666 2023/01/19T14:17:26z: DS3231
 0h00:06.681 2023/01/19T14:17:26z: BME280 (0x76)
 0h00:06.695 2023/01/19T14:17:26z: 84:f3:eb:7d:7:a8
 0h00:06.697 2023/01/19T14:17:26z: SSID: MU Open
 0h00:06.702 2023/01/19T14:17:26z: AP_STAR tmr
 ets Jan  8 2013,rst cause:1, boot mode:(3,7)

load 0x4010f000, len 1384, room 16 
tail 8
chksum 0x2d
csum 0x2d
v8b899c12
~ld


6.01
 0h00:06.839 2023/01/19T14:37:36z: DS3231
 0h00:06.854 2023/01/19T14:37:36z: BME280 (0x76)
 0h00:06.868 2023/01/19T14:37:36z: 84:f3:eb:7d:7:a8
 0h00:06.870 2023/01/19T14:37:36z: SSID: MU Open
 0h00:06.875 2023/01/19T14:37:36z: AP_STAR tmr
 ets Jan  8 2013,rst cause:1, boot mode:(3,7)

load 0x4010f000, len 1384, room 16 
tail 8
chksum 0x2d
csum 0x2d
v8b899c12
~ld


6.01
 0h00:06.836 2023/01/19T14:57:46z: DS3231
 0h00:06.851 2023/01/19T14:57:46z: BME280 (0x76)
 0h00:06.865 2023/01/19T14:57:46z: 84:f3:eb:7d:7:a8
 0h00:06.867 2023/01/19T14:57:46z: SSID: MU Open
 0h00:06.872 2023/01/19T14:57:46z: AP_STAR tmr
 ets Jan  8 2013,rst cause:1, boot mode:(3,7)

load 0x4010f000, len 1384, room 16 
tail 8
chksum 0x2d
csum 0x2d
v8b899c12
~ld


6.01
 0h00:06.806 2023/01/19T15:17:56z: DS3231
 0h00:06.822 2023/01/19T15:17:56z: BME280 (0x76)
 0h00:06.836 2023/01/19T15:17:56z: 84:f3:eb:7d:7:a8
 0h00:06.837 2023/01/19T15:17:56z: SSID: MU Open
 0h00:06.843 2023/01/19T15:17:56z: AP_STAR tmr
 ets Jan  8 2013,rst cause:1, boot mode:(3,7)

load 0x4010f000, len 1384, room 16 
tail 8
chksum 0x2d
csum 0x2d
v8b899c12
~ld


6.01
 0h00:06.462 2023/01/19T15:38:05z: DS3231
 0h00:06.477 2023/01/19T15:38:05z: BME280 (0x76)
 0h00:06.491 2023/01/19T15:38:05z: 84:f3:eb:7d:7:a8
 0h00:06.493 2023/01/19T15:38:05z: SSID: MU Open
 0h00:06.498 2023/01/19T15:38:05z: AP_STAR tmr
 ets Jan  8 2013,rst cause:1, boot mode:(3,7)

load 0x4010f000, len 1384, room 16 
tail 8
chksum 0x2d
csum 0x2d
v8b899c12
~ld


6.01
 0h00:06.803 2023/01/19T15:58:15z: DS3231
 0h00:06.818 2023/01/19T15:58:15z: BME280 (0x76)
 0h00:06.832 2023/01/19T15:58:15z: 84:f3:eb:7d:7:a8
 0h00:06.834 2023/01/19T15:58:15z: SSID: MU Open
 0h00:06.839 2023/01/19T15:58:15z: AP_STAR tmr
 ets Jan  8 2013,rst cause:1, boot mode:(3,7)

load 0x4010f000, len 1384, room 16 
tail 8
chksum 0x2d
csum 0x2d
v8b899c12
~ld


6.01
 0h00:06.571 2023/01/19T16:18:25z: DS3231
 0h00:06.587 2023/01/19T16:18:25z: BME280 (0x76)
 0h00:06.601 2023/01/19T16:18:25z: 84:f3:eb:7d:7:a8
 0h00:06.603 2023/01/19T16:18:25z: SSID: MU Open
 0h00:06.608 2023/01/19T16:18:25z: AP_STAR tmr
 ets Jan  8 2013,rst cause:1, boot mode:(3,7)

load 0x4010f000, len 1384, room 16 
tail 8
chksum 0x2d
csum 0x2d
v8b899c12
~ld


6.01
 0h00:06.611 2023/01/19T16:38:34z: DS3231
 0h00:06.626 2023/01/19T16:38:34z: BME280 (0x76)
 0h00:06.640 2023/01/19T16:38:34z: 84:f3:eb:7d:7:a8
 0h00:06.642 2023/01/19T16:38:34z: SSID: MU Open
 0h00:06.647 2023/01/19T16:38:34z: AP_STAR tmr
 ets Jan  8 2013,rst cause:1, boot mode:(3,7)

load 0x4010f000, len 1384, room 16 
tail 8
chksum 0x2d
csum 0x2d
v8b899c12
~ld


6.01
 0h00:06.768 2023/01/19T16:58:44z: DS3231
 0h00:06.783 2023/01/19T16:58:44z: BME280 (0x76)
 0h00:06.797 2023/01/19T16:58:44z: 84:f3:eb:7d:7:a8
 0h00:06.799 2023/01/19T16:58:44z: SSID: MU Open
 0h00:06.804 2023/01/19T16:58:44z: AP_STAR tmr
 ets Jan  8 2013,rst cause:1, boot mode:(3,7)

load 0x4010f000, len 1384, room 16 
tail 8
chksum 0x2d
csum 0x2d
v8b899c12
~ld


6.01
 0h00:06.849 2023/01/19T17:18:54z: DS3231
 0h00:06.865 2023/01/19T17:18:54z: BME280 (0x76)
 0h00:06.879 2023/01/19T17:18:54z: 84:f3:eb:7d:7:a8
 0h00:06.881 2023/01/19T17:18:54z: SSID: MU Open
 0h00:06.886 2023/01/19T17:18:54z: AP_STAR tmr
 ets Jan  8 2013,rst cause:1, boot mode:(3,7)

load 0x4010f000, len 1384, room 16 
tail 8
chksum 0x2d
csum 0x2d
v8b899c12
~ld


6.01
 0h00:06.762 2023/01/19T17:39:04z: DS3231
 0h00:06.777 2023/01/19T17:39:04z: BME280 (0x76)
 0h00:06.791 2023/01/19T17:39:04z: 84:f3:eb:7d:7:a8
 0h00:06.793 2023/01/19T17:39:04z: SSID: MU Open
 0h00:06.798 2023/01/19T17:39:04z: AP_STAR tmr
 ets Jan  8 2013,rst cause:1, boot mode:(3,7)

load 0x4010f000, len 1384, room 16 
tail 8
chksum 0x2d
csum 0x2d
v8b899c12
~ld


6.01
 0h00:06.846 2023/01/19T17:59:13z: DS3231
 0h00:06.862 2023/01/19T17:59:13z: BME280 (0x76)
 0h00:06.876 2023/01/19T17:59:13z: 84:f3:eb:7d:7:a8
 0h00:06.878 2023/01/19T17:59:13z: SSID: MU Open
 0h00:06.883 2023/01/19T17:59:13z: AP_STAR tmr
 ets Jan  8 2013,rst cause:1, boot mode:(3,7)

load 0x4010f000, len 1384, room 16 
tail 8
chksum 0x2d
csum 0x2d
v8b899c12
~ld


6.01
 0h00:06.761 2023/01/19T18:19:24z: DS3231
 0h00:06.776 2023/01/19T18:19:24z: BME280 (0x76)
 0h00:06.791 2023/01/19T18:19:24z: 84:f3:eb:7d:7:a8
 0h00:06.792 2023/01/19T18:19:24z: SSID: MU Open
 0h00:06.797 2023/01/19T18:19:24z: AP_STAR tmr
 ets Jan  8 2013,rst cause:1, boot mode:(3,7)

load 0x4010f000, len 1384, room 16 
tail 8
chksum 0x2d
csum 0x2d
v8b899c12
~ld


6.01
 0h00:06.874 2023/01/19T18:39:34z: DS3231
 0h00:06.889 2023/01/19T18:39:34z: BME280 (0x76)
 0h00:06.904 2023/01/19T18:39:34z: 84:f3:eb:7d:7:a8
 0h00:06.905 2023/01/19T18:39:34z: SSID: MU Open
 0h00:06.910 2023/01/19T18:39:34z: AP_STAR tmr
 ets Jan  8 2013,rst cause:1, boot mode:(3,7)

load 0x4010f000, len 1384, room 16 
tail 8
chksum 0x2d
csum 0x2d
v8b899c12
~ld


6.01
 0h00:06.782 2023/01/19T18:59:44z: DS3231
 0h00:06.797 2023/01/19T18:59:44z: BME280 (0x76)
 0h00:06.811 2023/01/19T18:59:44z: 84:f3:eb:7d:7:a8
 0h00:06.813 2023/01/19T18:59:44z: SSID: MU Open
 0h00:06.818 2023/01/19T18:59:44z: AP_STAR tmr
 ets Jan  8 2013,rst cause:1, boot mode:(3,7)

load 0x4010f000, len 1384, room 16 
tail 8
chksum 0x2d
csum 0x2d
v8b899c12
~ld


6.01
 0h00:06.747 2023/01/19T19:19:54z: DS3231
 0h00:06.762 2023/01/19T19:19:54z: BME280 (0x76)
 0h00:06.777 2023/01/19T19:19:54z: 84:f3:eb:7d:7:a8
 0h00:06.778 2023/01/19T19:19:54z: SSID: MU Open
 0h00:06.783 2023/01/19T19:19:54z: AP_STAR tmr
 ets Jan  8 2013,rst cause:1, boot mode:(3,7)

load 0x4010f000, len 1384, room 16 
tail 8
chksum 0x2d
csum 0x2d
v8b899c12
~ld


6.01
 0h00:06.512 2023/01/19T19:40:03z: DS3231
 0h00:06.528 2023/01/19T19:40:03z: BME280 (0x76)
 0h00:06.542 2023/01/19T19:40:03z: 84:f3:eb:7d:7:a8
 0h00:06.543 2023/01/19T19:40:03z: SSID: MU Open
 0h00:06.549 2023/01/19T19:40:03z: AP_STAR tmr
 ets Jan  8 2013,rst cause:1, boot mode:(3,7)

load 0x4010f000, len 1384, room 16 
tail 8
chksum 0x2d
csum 0x2d
v8b899c12
~ld


6.01
 0h00:06.834 2023/01/19T20:00:12z: DS3231
 0h00:06.850 2023/01/19T20:00:12z: BME280 (0x76)
 0h00:06.864 2023/01/19T20:00:12z: 84:f3:eb:7d:7:a8
 0h00:06.866 2023/01/19T20:00:12z: SSID: MU Open
 0h00:06.871 2023/01/19T20:00:12z: AP_STAR tmr
 ets Jan  8 2013,rst cause:1, boot mode:(3,7)

load 0x4010f000, len 1384, room 16 
tail 8
chksum 0x2d
csum 0x2d
v8b899c12
~ld


6.01
 0h00:06.784 2023/01/19T20:20:22z: DS3231
 0h00:06.799 2023/01/19T20:20:22z: BME280 (0x76)
 0h00:06.813 2023/01/19T20:20:22z: 84:f3:eb:7d:7:a8
 0h00:06.815 2023/01/19T20:20:22z: SSID: MU Open
 0h00:06.820 2023/01/19T20:20:22z: AP_STAR tmr
 ets Jan  8 2013,rst cause:1, boot mode:(3,7)

load 0x4010f000, len 1384, room 16 
tail 8
chksum 0x2d
csum 0x2d
v8b899c12
~ld


6.01
 0h00:06.887 2023/01/19T20:40:32z: DS3231
 0h00:06.902 2023/01/19T20:40:32z: BME280 (0x76)
 0h00:06.916 2023/01/19T20:40:32z: 84:f3:eb:7d:7:a8
 0h00:06.918 2023/01/19T20:40:32z: SSID: MU Open
 0h00:06.923 2023/01/19T20:40:32z: AP_STAR tmr
 ets Jan  8 2013,rst cause:1, boot mode:(3,7)

load 0x4010f000, len 1384, room 16 
tail 8
chksum 0x2d
csum 0x2d
v8b899c12
~ld


6.01
 0h00:06.669 2023/01/19T21:00:42z: DS3231
 0h00:06.684 2023/01/19T21:00:42z: BME280 (0x76)
 0h00:06.698 2023/01/19T21:00:42z: 84:f3:eb:7d:7:a8
 0h00:06.700 2023/01/19T21:00:42z: SSID: MU Open
 0h00:06.705 2023/01/19T21:00:42z: AP_STAR tmr
 ets Jan  8 2013,rst cause:1, boot mode:(3,7)

load 0x4010f000, len 1384, room 16 
tail 8
chksum 0x2d
csum 0x2d
v8b899c12
~ld


6.01
 0h00:06.303 2023/01/19T21:20:52z: DS3231
 0h00:06.319 2023/01/19T21:20:52z: BME280 (0x76)
 0h00:06.333 2023/01/19T21:20:52z: 84:f3:eb:7d:7:a8
 0h00:06.334 2023/01/19T21:20:52z: SSID: MU Open
 0h00:06.340 2023/01/19T21:20:52z: AP_STAR tmr
 ets Jan  8 2013,rst cause:1, boot mode:(3,7)

load 0x4010f000, len 1384, room 16 
tail 8
chksum 0x2d
csum 0x2d
v8b899c12
~ld


6.01
 0h00:06.862 2023/01/19T21:41:01z: DS3231
 0h00:06.878 2023/01/19T21:41:01z: BME280 (0x76)
 0h00:06.892 2023/01/19T21:41:01z: 84:f3:eb:7d:7:a8
 0h00:06.894 2023/01/19T21:41:01z: SSID: MU Open
 0h00:06.899 2023/01/19T21:41:01z: AP_STAR tmr
 ets Jan  8 2013,rst cause:1, boot mode:(3,7)

load 0x4010f000, len 1384, room 16 
tail 8
chksum 0x2d
csum 0x2d
v8b899c12
~ld


6.01
 0h00:07.181 2023/01/19T22:01:12z: DS3231
 0h00:07.196 2023/01/19T22:01:12z: BME280 (0x76)
 0h00:07.210 2023/01/19T22:01:12z: 84:f3:eb:7d:7:a8
 0h00:07.212 2023/01/19T22:01:12z: SSID: MU Open
 0h00:07.217 2023/01/19T22:01:12z: AP_STAR tmr
 ets Jan  8 2013,rst cause:1, boot mode:(3,7)

load 0x4010f000, len 1384, room 16 
tail 8
chksum 0x2d
csum 0x2d
v8b899c12
~ld


6.01
 0h00:06.948 2023/01/19T22:21:22z: DS3231
 0h00:06.964 2023/01/19T22:21:22z: BME280 (0x76)
 0h00:06.978 2023/01/19T22:21:22z: 84:f3:eb:7d:7:a8
 0h00:06.980 2023/01/19T22:21:22z: SSID: MU Open
 0h00:06.985 2023/01/19T22:21:22z: AP_STAR tmr
 ets Jan  8 2013,rst cause:1, boot mode:(3,7)

load 0x4010f000, len 1384, room 16 
tail 8
chksum 0x2d
csum 0x2d
v8b899c12
~ld


6.01
 0h00:07.038 2023/01/19T22:41:31z: DS3231
 0h00:07.053 2023/01/19T22:41:31z: BME280 (0x76)
 0h00:07.067 2023/01/19T22:41:31z: 84:f3:eb:7d:7:a8
 0h00:07.069 2023/01/19T22:41:31z: SSID: MU Open
 0h00:07.074 2023/01/19T22:41:31z: AP_STAR tmr
 ets Jan  8 2013,rst cause:1, boot mode:(3,7)

load 0x4010f000, len 1384, room 16 
tail 8
chksum 0x2d
csum 0x2d
v8b899c12
~ld


6.01
 0h00:06.834 2023/01/19T23:01:41z: DS3231
 0h00:06.849 2023/01/19T23:01:41z: BME280 (0x76)
 0h00:06.864 2023/01/19T23:01:41z: 84:f3:eb:7d:7:a8
 0h00:06.865 2023/01/19T23:01:41z: SSID: MU Open
 0h00:06.871 2023/01/19T23:01:41z: AP_STAR tmr
 ets Jan  8 2013,rst cause:1, boot mode:(3,7)

load 0x4010f000, len 1384, room 16 
tail 8
chksum 0x2d
csum 0x2d
v8b899c12
~ld


6.01
 0h00:07.071 2023/01/19T23:21:51z: DS3231
 0h00:07.086 2023/01/19T23:21:51z: BME280 (0x76)
 0h00:07.100 2023/01/19T23:21:51z: 84:f3:eb:7d:7:a8
 0h00:07.102 2023/01/19T23:21:51z: SSID: MU Open
 0h00:07.107 2023/01/19T23:21:51z: AP_STAR tmr
 ets Jan  8 2013,rst cause:1, boot mode:(3,7)

load 0x4010f000, len 1384, room 16 
tail 8
chksum 0x2d
csum 0x2d
v8b899c12
~ld


6.01
 0h00:07.304 2023/01/19T23:42:02z: DS3231
 0h00:07.320 2023/01/19T23:42:02z: BME280 (0x76)
 0h00:07.334 2023/01/19T23:42:02z: 84:f3:eb:7d:7:a8
 0h00:07.335 2023/01/19T23:42:02z: SSID: MU Open
 0h00:07.341 2023/01/19T23:42:02z: AP_STA