R tmr
 ets Jan  8 2013,rst cause:1, boot mode:(3,7)

load 0x4010f000, len 1384, room 16 
tail 8
chksum 0x2d
csum 0x2d
v8b899c12
~ld


6.01
 0h00:06.768 2023/01/23T00:01:09z: DS3231
 0h00:06.784 2023/01/23T00:01:09z: BME280 (0x76)
 0h00:06.798 2023/01/23T00:01:09z: 84:f3:eb:7d:7:a8
 0h00:06.800 2023/01/23T00:01:09z: SSID: MU Open
 0h00:06.805 2023/01/23T00:01:09z: AP_STAR tmr
 ets Jan  8 2013,rst cause:1, boot mode:(3,7)

load 0x4010f000, len 1384, room 16 
tail 8
chksum 0x2d
csum 0x2d
v8b899c12
~ld


6.01
 0h00:06.785 2023/01/23T00:21:18z: DS3231
 0h00:06.800 2023/01/23T00:21:18z: BME280 (0x76)
 0h00:06.814 2023/01/23T00:21:18z: 84:f3:eb:7d:7:a8
 0h00:06.816 2023/01/23T00:21:18z: SSID: MU Open
 0h00:06.821 2023/01/23T00:21:18z: AP_STAR tmr
 ets Jan  8 2013,rst cause:1, boot mode:(3,7)

load 0x4010f000, len 1384, room 16 
tail 8
chksum 0x2d
csum 0x2d
v8b899c12
~ld


6.01
 0h00:06.716 2023/01/23T00:41:28z: DS3231
 0h00:06.731 2023/01/23T00:41:28z: BME280 (0x76)
 0h00:06.745 2023/01/23T00:41:28z: 84:f3:eb:7d:7:a8
 0h00:06.747 2023/01/23T00:41:28z: SSID: MU Open
 0h00:06.752 2023/01/23T00:41:28z: AP_STAR tmr
 ets Jan  8 2013,rst cause:1, boot mode:(3,7)

load 0x4010f000, len 1384, room 16 
tail 8
chksum 0x2d
csum 0x2d
v8b899c12
~ld


6.01
 0h00:06.619 2023/01/23T01:01:38z: DS3231
 0h00:06.635 2023/01/23T01:01:38z: BME280 (0x76)
 0h00:06.649 2023/01/23T01:01:38z: 84:f3:eb:7d:7:a8
 0h00:06.650 2023/01/23T01:01:38z: SSID: MU Open
 0h00:06.656 2023/01/23T01:01:38z: AP_STAR tmr
 ets Jan  8 2013,rst cause:1, boot mode:(3,7)

load 0x4010f000, len 1384, room 16 
tail 8
chksum 0x2d
csum 0x2d
v8b899c12
~ld


6.01
 0h00:06.923 2023/01/23T01:21:47z: DS3231
 0h00:06.938 2023/01/23T01:21:47z: BME280 (0x76)
 0h00:06.952 2023/01/23T01:21:47z: 84:f3:eb:7d:7:a8
 0h00:06.954 2023/01/23T01:21:47z: SSID: MU Open
 0h00:06.959 2023/01/23T01:21:47z: AP_STAR tmr
 ets Jan  8 2013,rst cause:1, boot mode:(3,7)

load 0x4010f000, len 1384, room 16 
tail 8
chksum 0x2d
csum 0x2d
v8b899c12
~ld


6.01
 0h00:06.980 2023/01/23T01:41:57z: DS3231
 0h00:06.995 2023/01/23T01:41:57z: BME280 (0x76)
 0h00:07.009 2023/01/23T01:41:57z: 84:f3:eb:7d:7:a8
 0h00:07.011 2023/01/23T01:41:57z: SSID: MU Open
 0h00:07.016 2023/01/23T01:41:57z: AP_STAR tmr
 ets Jan  8 2013,rst cause:1, boot mode:(3,7)

load 0x4010f000, len 1384, room 16 
tail 8
chksum 0x2d
csum 0x2d
v8b899c12
~ld


6.01
 0h00:06.880 2023/01/23T02:02:08z: DS3231
 0h00:06.895 2023/01/23T02:02:08z: BME280 (0x76)
 0h00:06.909 2023/01/23T02:02:08z: 84:f3:eb:7d:7:a8
 0h00:06.911 2023/01/23T02:02:08z: SSID: MU Open
 0h00:06.916 2023/01/23T02:02:08z: AP_STAR tmr
 ets Jan  8 2013,rst cause:1, boot mode:(3,7)

load 0x4010f000, len 1384, room 16 
tail 8
chksum 0x2d
csum 0x2d
v8b899c12
~ld


6.01
 0h00:06.408 2023/01/23T02:22:17z: DS3231
 0h00:06.423 2023/01/23T02:22:17z: BME280 (0x76)
 0h00:06.438 2023/01/23T02:22:17z: 84:f3:eb:7d:7:a8
 0h00:06.439 2023/01/23T02:22:17z: SSID: MU Open
 0h00:06.444 2023/01/23T02:22:17z: AP_STAR tmr
 ets Jan  8 2013,rst cause:1, boot mode:(3,7)

load 0x4010f000, len 1384, room 16 
tail 8
chksum 0x2d
csum 0x2d
v8b899c12
~ld


6.01
 0h00:06.934 2023/01/23T02:42:27z: DS3231
 0h00:06.950 2023/01/23T02:42:27z: BME280 (0x76)
 0h00:06.964 2023/01/23T02:42:27z: 84:f3:eb:7d:7:a8
 0h00:06.965 2023/01/23T02:42:27z: SSID: MU Open
 0h00:06.971 2023/01/23T02:42:27z: AP_STAR tmr
 ets Jan  8 2013,rst cause:1, boot mode:(3,7)

load 0x4010f000, len 1384, room 16 
tail 8
chksum 0x2d
csum 0x2d
v8b899c12
~ld


6.01
 0h00:07.172 2023/01/23T03:02:38z: DS3231
 0h00:07.187 2023/01/23T03:02:38z: BME280 (0x76)
 0h00:07.201 2023/01/23T03:02:38z: 84:f3:eb:7d:7:a8
 0h00:07.203 2023/01/23T03:02:38z: SSID: MU Open
 0h00:07.208 2023/01/23T03:02:38z: AP_STAR tmr
 ets Jan  8 2013,rst cause:1, boot mode:(3,7)

load 0x4010f000, len 1384, room 16 
tail 8
chksum 0x2d
csum 0x2d
v8b899c12
~ld


6.01
 0h00:07.009 2023/01/23T03:22:48z: DS3231
 0h00:07.025 2023/01/23T03:22:48z: BME280 (0x76)
 0h00:07.039 2023/01/23T03:22:49z: 84:f3:eb:7d:7:a8
 0h00:07.041 2023/01/23T03:22:49z: SSID: MU Open
 0h00:07.046 2023/01/23T03:22:49z: AP_STAR tmr
 ets Jan  8 2013,rst cause:1, boot mode:(3,7)

load 0x4010f000, len 1384, room 16 
tail 8
chksum 0x2d
csum 0x2d
v8b899c12
~ld


6.01
 0h00:07.229 2023/01/23T03:42:59z: DS3231
 0h00:07.244 2023/01/23T03:42:59z: BME280 (0x76)
 0h00:07.258 2023/01/23T03:42:59z: 84:f3:eb:7d:7:a8
 0h00:07.260 2023/01/23T03:42:59z: SSID: MU Open
 0h00:07.265 2023/01/23T03:42:59z: AP_STAR tmr
 ets Jan  8 2013,rst cause:1, boot mode:(3,7)

load 0x4010f000, len 1384, room 16 
tail 8
chksum 0x2d
csum 0x2d
v8b899c12
~ld


6.01
 0h00:07.199 2023/01/23T04:03:10z: DS3231
 0h00:07.215 2023/01/23T04:03:10z: BME280 (0x76)
 0h00:07.229 2023/01/23T04:03:10z: 84:f3:eb:7d:7:a8
 0h00:07.230 2023/01/23T04:03:10z: SSID: MU Open
 0h00:07.236 2023/01/23T04:03:10z: AP_STAR tmr
 ets Jan  8 2013,rst cause:1, boot mode:(3,7)

load 0x4010f000, len 1384, room 16 
tail 8
chksum 0x2d
csum 0x2d
v8b899c12
~ld


6.01
 0h00:07.078 2023/01/23T04:23:20z: DS3231
 0h00:07.093 2023/01/23T04:23:20z: BME280 (0x76)
 0h00:07.108 2023/01/23T04:23:20z: 84:f3:eb:7d:7:a8
 0h00:07.109 2023/01/23T04:23:20z: SSID: MU Open
 0h00:07.114 2023/01/23T04:23:20z: AP_STAR tmr
 ets Jan  8 2013,rst cause:1, boot mode:(3,7)

load 0x4010f000, len 1384, room 16 
tail 8
chksum 0x2d
csum 0x2d
v8b899c12
~ld


6.01
 0h00:07.339 2023/01/23T04:43:31z: DS3231
 0h00:07.355 2023/01/23T04:43:31z: BME280 (0x76)
 0h00:07.369 2023/01/23T04:43:31z: 84:f3:eb:7d:7:a8
 0h00:07.371 2023/01/23T04:43:31z: SSID: MU Open
 0h00:07.376 2023/01/23T04:43:31z: AP_STAR tmr
 ets Jan  8 2013,rst cause:1, boot mode:(3,7)

load 0x4010f000, len 1384, room 16 
tail 8
chksum 0x2d
csum 0x2d
v8b899c12
~ld


6.01
 0h00:07.154 2023/01/23T05:03:42z: DS3231
 0h00:07.169 2023/01/23T05:03:42z: BME280 (0x76)
 0h00:07.184 2023/01/23T05:03:42z: 84:f3:eb:7d:7:a8
 0h00:07.185 2023/01/23T05:03:42z: SSID: MU Open
 0h00:07.190 2023/01/23T05:03:42z: AP_STAR tmr
 ets Jan  8 2013,rst cause:1, boot mode:(3,7)

load 0x4010f000, len 1384, room 16 
tail 8
chksum 0x2d
csum 0x2d
v8b899c12
~ld


6.01
 0h00:06.619 2023/01/23T05:23:51z: DS3231
 0h00:06.635 2023/01/23T05:23:51z: BME280 (0x76)
 0h00:06.649 2023/01/23T05:23:51z: 84:f3:eb:7d:7:a8
 0h00:06.650 2023/01/23T05:23:51z: SSID: MU Open
 0h00:06.656 2023/01/23T05:23:51z: AP_STAR tmr
 ets Jan  8 2013,rst cause:1, boot mode:(3,7)

load 0x4010f000, len 1384, room 16 
tail 8
chksum 0x2d
csum 0x2d
v8b899c12
~ld


6.01
 0h00:06.866 2023/01/23T05:44:01z: DS3231
 0h00:06.881 2023/01/23T05:44:01z: BME280 (0x76)
 0h00:06.895 2023/01/23T05:44:01z: 84:f3:eb:7d:7:a8
 0h00:06.897 2023/01/23T05:44:01z: SSID: MU Open
 0h00:06.902 2023/01/23T05:44:01z: AP_STAR tmr
 ets Jan  8 2013,rst cause:1, boot mode:(3,7)

load 0x4010f000, len 1384, room 16 
tail 8
chksum 0x2d
csum 0x2d
v8b899c12
~ld


6.01
 0h00:07.211 2023/01/23T06:04:12z: DS3231
 0h00:07.227 2023/01/23T06:04:12z: BME280 (0x76)
 0h00:07.241 2023/01/23T06:04:12z: 84:f3:eb:7d:7:a8
 0h00:07.243 2023/01/23T06:04:12z: SSID: MU Open
 0h00:07.248 2023/01/23T06:04:12z: AP_STAR tmr
 ets Jan  8 2013,rst cause:1, boot mode:(3,7)

load 0x4010f000, len 1384, room 16 
tail 8
chksum 0x2d
csum 0x2d
v8b899c12
~ld


6.01
 0h00:07.054 2023/01/23T06:24:22z: DS3231
 0h00:07.070 2023/01/23T06:24:22z: BME280 (0x76)
 0h00:07.084 2023/01/23T06:24:22z: 84:f3:eb:7d:7:a8
 0h00:07.086 2023/01/23T06:24:22z: SSID: MU Open
 0h00:07.091 2023/01/23T06:24:22z: AP_STAR tmr
 ets Jan  8 2013,rst cause:1, boot mode:(3,7)

load 0x4010f000, len 1384, room 16 
tail 8
chksum 0x2d
csum 0x2d
v8b899c12
~ld


6.01
 0h00:07.141 2023/01/23T06:44:32z: DS3231
 0h00:07.156 2023/01/23T06:44:32z: BME280 (0x76)
 0h00:07.170 2023/01/23T06:44:32z: 84:f3:eb:7d:7:a8
 0h00:07.172 2023/01/23T06:44:32z: SSID: MU Open
 0h00:07.177 2023/01/23T06:44:32z: AP_STAR tmr
 ets Jan  8 2013,rst cause:1, boot mode:(3,7)

load 0x4010f000, len 1384, room 16 
tail 8
chksum 0x2d
csum 0x2d
v8b899c12
~ld


6.01
 0h00:07.142 2023/01/23T07:04:43z: DS3231
 0h00:07.158 2023/01/23T07:04:43z: BME280 (0x76)
 0h00:07.172 2023/01/23T07:04:43z: 84:f3:eb:7d:7:a8
 0h00:07.174 2023/01/23T07:04:43z: SSID: MU Open
 0h00:07.179 2023/01/23T07:04:43z: AP_STAR tmr
 ets Jan  8 2013,rst cause:1, boot mode:(3,7)

load 0x4010f000, len 1384, room 16 
tail 8
chksum 0x2d
csum 0x2d
v8b899c12
~ld


6.01
 0h00:07.432 2023/01/23T07:24:54z: DS3231
 0h00:07.448 2023/01/23T07:24:54z: BME280 (0x76)
 0h00:07.462 2023/01/23T07:24:54z: 84:f3:eb:7d:7:a8
 0h00:07.464 2023/01/23T07:24:54z: SSID: MU Open
 0h00:07.469 2023/01/23T07:24:54z: AP_STAR tmr
 ets Jan  8 2013,rst cause:1, boot mode:(3,7)

load 0x4010f000, len 1384, room 16 
tail 8
chksum 0x2d
csum 0x2d
v8b899c12
~ld


6.01
 0h00:07.199 2023/01/23T07:45:04z: DS3231
 0h00:07.214 2023/01/23T07:45:04z: BME280 (0x76)
 0h00:07.228 2023/01/23T07:45:04z: 84:f3:eb:7d:7:a8
 0h00:07.230 2023/01/23T07:45:04z: SSID: MU Open
 0h00:07.235 2023/01/23T07:45:04z: AP_STAR tmr
 ets Jan  8 2013,rst cause:1, boot mode:(3,7)

load 0x4010f000, len 1384, room 16 
tail 8
chksum 0x2d
csum 0x2d
v8b899c12
~ld


6.01
 0h00:07.432 2023/01/23T08:05:15z: DS3231
 0h00:07.447 2023/01/23T08:05:15z: BME280 (0x76)
 0h00:07.461 2023/01/23T08:05:15z: 84:f3:eb:7d:7:a8
 0h00:07.463 2023/01/23T08:05:15z: SSID: MU Open
 0h00:07.468 2023/01/23T08:05:15z: AP_STAR tmr
 ets Jan  8 2013,rst cause:1, boot mode:(3,7)

load 0x4010f000, len 1384, room 16 
tail 8
chksum 0x2d
csum 0x2d
v8b899c12
~ld


6.01
 0h00:07.636 2023/01/23T08:25:27z: DS3231
 0h00:07.651 2023/01/23T08:25:27z: BME280 (0x76)
 0h00:07.665 2023/01/23T08:25:27z: 84:f3:eb:7d:7:a8
 0h00:07.667 2023/01/23T08:25:27z: SSID: MU Open
 0h00:07.672 2023/01/23T08:25:27z: AP_STAR tmr
 ets Jan  8 2013,rst cause:1, boot mode:(3,7)

load 0x4010f000, len 1384, room 16 
tail 8
chksum 0x2d
csum 0x2d
v8b899c12
~ld


6.01
 0h00:07.653 2023/01/23T08:45:38z: DS3231
 0h00:07.668 2023/01/23T08:45:38z: BME280 (0x76)
 0h00:07.682 2023/01/23T08:45:38z: 84:f3:eb:7d:7:a8
 0h00:07.684 2023/01/23T08:45:38z: SSID: MU Open
 0h00:07.689 2023/01/23T08:45:38z: AP_STAR tmr
 ets Jan  8 2013,rst cause:1, boot mode:(3,7)

load 0x4010f000, len 1384, room 16 
tail 8
chksum 0x2d
csum 0x2d
v8b899c12
~ld


6.01
 0h00:06.644 2023/01/23T09:05:49z: DS3231
 0h00:06.660 2023/01/23T09:05:49z: BME280 (0x76)
 0h00:06.674 2023/01/23T09:05:49z: 84:f3:eb:7d:7:a8
 0h00:06.675 2023/01/23T09:05:49z: SSID: MU Open
 0h00:06.681 2023/01/23T09:05:49z: AP_STAR tmr
 ets Jan  8 2013,rst cause:1, boot mode:(3,7)

load 0x4010f000, len 1384, room 16 
tail 8
chksum 0x2d
csum 0x2d
v8b899c12
~ld


6.01
 0h00:07.285 2023/01/23T09:26:00z: DS3231
 0h00:07.300 2023/01/23T09:26:00z: BME280 (0x76)
 0h00:07.314 2023/01/23T09:26:00z: 84:f3:eb:7d:7:a8
 0h00:07.316 2023/01/23T09:26:00z: SSID: MU Open
 0h00:07.321 2023/01/23T09:26:00z: AP_STAR tmr
 ets Jan  8 2013,rst cause:1, boot mode:(3,7)

load 0x4010f000, len 1384, room 16 
tail 8
chksum 0x2d
csum 0x2d
v8b899c12
~ld


6.01
 0h00:07.248 2023/01/23T09:46:10z: DS3231
 0h00:07.264 2023/01/23T09:46:10z: BME280 (0x76)
 0h00:07.278 2023/01/23T09:46:10z: 84:f3:eb:7d:7:a8
 0h00:07.280 2023/01/23T09:46:10z: SSID: MU Open
 0h00:07.285 2023/01/23T09:46:10z: AP_STAR tmr
 ets Jan  8 2013,rst cause:1, boot mode:(3,7)

load 0x4010f000, len 1384, room 16 
tail 8
chksum 0x2d
csum 0x2d
v8b899c12
~ld


6.01
 0h00:07.498 2023/01/23T10:06:21z: DS3231
 0h00:07.513 2023/01/23T10:06:21z: BME280 (0x76)
 0h00:07.527 2023/01/23T10:06:21z: 84:f3:eb:7d:7:a8
 0h00:07.529 2023/01/23T10:06:21z: SSID: MU Open
 0h00:07.534 2023/01/23T10:06:21z: AP_STAR tmr
 ets Jan  8 2013,rst cause:1, boot mode:(3,7)

load 0x4010f000, len 1384, room 16 
tail 8
chksum 0x2d
csum 0x2d
v8b899c12
~ld


6.01
 0h00:07.088 2023/01/23T10:26:32z: DS3231
 0h00:07.103 2023/01/23T10:26:32z: BME280 (0x76)
 0h00:07.117 2023/01/23T10:26:32z: 84:f3:eb:7d:7:a8
 0h00:07.119 2023/01/23T10:26:32z: SSID: MU Open
 0h00:07.124 2023/01/23T10:26:32z: AP_STAR tmr
 ets Jan  8 2013,rst cause:1, boot mode:(3,7)

load 0x4010f000, len 1384, room 16 
tail 8
chksum 0x2d
csum 0x2d
v8b899c12
~ld


6.01
 0h00:07.527 2023/01/23T10:46:42z: DS3231
 0h00:07.542 2023/01/23T10:46:42z: BME280 (0x76)
 0h00:07.556 2023/01/23T10:46:42z: 84:f3:eb:7d:7:a8
 0h00:07.558 2023/01/23T10:46:42z: SSID: MU Open
 0h00:07.563 2023/01/23T10:46:42z: AP_STAR tmr
 ets Jan  8 2013,rst cause:1, boot mode:(3,7)

load 0x4010f000, len 1384, room 16 
tail 8
chksum 0x2d
csum 0x2d
v8b899c12
~ld


6.01
 0h00:07.541 2023/01/23T11:06:54z: DS3231
 0h00:07.556 2023/01/23T11:06:54z: BME280 (0x76)
 0h00:07.570 2023/01/23T11:06:54z: 84:f3:eb:7d:7:a8
 0h00:07.572 2023/01/23T11:06:54z: SSID: MU Open
 0h00:07.577 2023/01/23T11:06:54z: AP_STAR tmr
 ets Jan  8 2013,rst cause:1, boot mode:(3,7)

load 0x4010f000, len 1384, room 16 
tail 8
chksum 0x2d
csum 0x2d
v8b899c12
~ld


6.01
 0h00:07.524 2023/01/23T11:27:05z: DS3231
 0h00:07.540 2023/01/23T11:27:05z: BME280 (0x76)
 0h00:07.554 2023/01/23T11:27:05z: 84:f3:eb:7d:7:a8
 0h00:07.556 2023/01/23T11:27:05z: SSID: MU Open
 0h00:07.561 2023/01/23T11:27:05z: AP_STAR tmr
 ets Jan  8 2013,rst cause:1, boot mode:(3,7)

load 0x4010f000, len 1384, room 16 
tail 8
chksum 0x2d
csum 0x2d
v8b899c12
~ld


6.01
 0h00:07.254 2023/01/23T11:47:16z: DS3231
 0h00:07.269 2023/01/23T11:47:16z: BME280 (0x76)
 0h00:07.283 2023/01/23T11:47:16z: 84:f3:eb:7d:7:a8
 0h00:07.285 2023/01/23T11:47:16z: SSID: MU Open
 0h00:07.290 2023/01/23T11:47:16z: AP_STAR tmr
 ets Jan  8 2013,rst cause:1, boot mode:(3,7)

load 0x4010f000, len 1384, room 16 
tail 8
chksum 0x2d
csum 0x2d
v8b899c12
~ld


6.01
 0h00:07.492 2023/01/23T12:07:28z: DS3231
 0h00:07.508 2023/01/23T12:07:28z: BME280 (0x76)
 0h00:07.522 2023/01/23T12:07:28z: 84:f3:eb:7d:7:a8
 0h00:07.524 2023/01/23T12:07:28z: SSID: MU Open
 0h00:07.529 2023/01/23T12:07:28z: AP_STAR tmr
 ets Jan  8 2013,rst cause:1, boot mode:(3,7)

load 0x4010f000, len 1384, room 16 
tail 8
chksum 0x2d
csum 0x2d
v8b899c12
~ld


6.01
 0h00:07.394 2023/01/23T12:27:39z: DS3231
 0h00:07.410 2023/01/23T12:27:39z: BME280 (0x76)
 0h00:07.424 2023/01/23T12:27:39z: 84:f3:eb:7d:7:a8
 0h00:07.426 2023/01/23T12:27:39z: SSID: MU Open
 0h00:07.431 2023/01/23T12:27:39z: AP_STAR tmr
 ets Jan  8 2013,rst cause:1, boot mode:(3,7)

load 0x4010f000, len 1384, room 16 
tail 8
chksum 0x2d
csum 0x2d
v8b899c12
~ld


6.01
 0h00:06.889 2023/01/23T12:47:49z: DS3231
 0h00:06.904 2023/01/23T12:47:49z: BME280 (0x76)
 0h00:06.918 2023/01/23T12:47:49z: 84:f3:eb:7d:7:a8
 0h00:06.920 2023/01/23T12:47:49z: SSID: MU Open
 0h00:06.925 2023/01/23T12:47:49z: AP_STAR tmr
 ets Jan  8 2013,rst cause:1, boot mode:(3,7)

load 0x4010f000, len 1384, room 16 
tail 8
chksum 0x2d
csum 0x2d
v8b899c12
~ld


6.01
 0h00:07.142 2023/01/23T13:08:00z: DS3231
 0h00:07.157 2023/01/23T13:08:00z: BME280 (0x76)
 0h00:07.171 2023/01/23T13:08:00z: 84:f3:eb:7d:7:a8
 0h00:07.173 2023/01/23T13:08:00z: SSID: MU Open
 0h00:07.178 2023/01/23T13:08:00z: AP_STAR tmr
 ets Jan  8 2013,rst cause:1, boot mode:(3,7)

load 0x4010f000, len 1384, room 16 
tail 8
chksum 0x2d
csum 0x2d
v8b899c12
~ld


6.01
 0h00:07.678 2023/01/23T13:28:10z: DS3231
 0h00:07.693 2023/01/23T13:28:10z: BME280 (0x76)
 0h00:07.707 2023/01/23T13:28:10z: 84:f3:eb:7d:7:a8
 0h00:07.709 2023/01/23T13:28:10z: SSID: MU Open
 0h00:07.714 2023/01/23T13:28:10z: AP_STAR tmr
 ets Jan  8 2013,rst cause:1, boot mode:(3,7)

load 0x4010f000, len 1384, room 16 
tail 8
chksum 0x2d
csum 0x2d
v8b899c12
~ld


6.01
 0h00:07.358 2023/01/23T13:48:21z: DS3231
 0h00:07.374 2023/01/23T13:48:21z: BME280 (0x76)
 0h00:07.388 2023/01/23T13:48:21z: 84:f3:eb:7d:7:a8
 0h00:07.389 2023/01/23T13:48:21z: SSID: MU Open
 0h00:07.395 2023/01/23T13:48:21z: AP_STAR tmr
 ets Jan  8 2013,rst cause:1, boot mode:(3,7)

load 0x4010f000, len 1384, room 16 
tail 8
chksum 0x2d
csum 0x2d
v8b899c12
~ld


6.01
 0h00:07.213 2023/01/23T14:08:32z: DS3231
 0h00:07.229 2023/01/23T14:08:32z: BME280 (0x76)
 0h00:07.243 2023/01/23T14:08:32z: 84:f3:eb:7d:7:a8
 0h00:07.245 2023/01/23T14:08:32z: SSID: MU Open
 0h00:07.250 2023/01/23T14:08:32z: AP_STAR tmr
 ets Jan  8 2013,rst cause:1, boot mode:(3,7)

load 0x4010f000, len 1384, room 16 
tail 8
chksum 0x2d
csum 0x2d
v8b899c12
~ld


6.01
 0h00:07.257 2023/01/23T14:28:43z: DS3231
 0h00:07.272 2023/01/23T14:28:43z: BME280 (0x76)
 0h00:07.286 2023/01/23T14:28:43z: 84:f3:eb:7d:7:a8
 0h00:07.288 2023/01/23T14:28:43z: SSID: MU Open
 0h00:07.293 2023/01/23T14:28:43z: AP_STAR tmr
 ets Jan  8 2013,rst cause:1, boot mode:(3,7)

load 0x4010f000, len 1384, room 16 
tail 8
chksum 0x2d
csum 0x2d
v8b899c12
~ld


6.01
 0h00:07.283 2023/01/23T14:48:53z: DS3231
 0h00:07.298 2023/01/23T14:48:53z: BME280 (0x76)
 0h00:07.312 2023/01/23T14:48:53z: 84:f3:eb:7d:7:a8
 0h00:07.314 2023/01/23T14:48:53z: SSID: MU Open
 0h00:07.319 2023/01/23T14:48:53z: AP_STAR tmr
 ets Jan  8 2013,rst cause:1, boot mode:(3,7)

load 0x4010f000, len 1384, room 16 
tail 8
chksum 0x2d
csum 0x2d
v8b899c12
~ld


6.01
 0h00:07.308 2023/01/23T15:09:04z: DS3231
 0h00:07.324 2023/01/23T15:09:04z: BME280 (0x76)
 0h00:07.338 2023/01/23T15:09:04z: 84:f3:eb:7d:7:a8
 0h00:07.339 2023/01/23T15:09:04z: SSID: MU Open
 0h00:07.345 2023/01/23T15:09:04z: AP_STAR tmr
 ets Jan  8 2013,rst cause:1, boot mode:(3,7)

load 0x4010f000, len 1384, room 16 
tail 8
chksum 0x2d
csum 0x2d
v8b899c12
~ld


6.01
 0h00:07.208 2023/01/23T15:29:15z: DS3231
 0h00:07.224 2023/01/23T15:29:15z: BME280 (0x76)
 0h00:07.238 2023/01/23T15:29:15z: 84:f3:eb:7d:7:a8
 0h00:07.239 2023/01/23T15:29:15z: SSID: MU Open
 0h00:07.245 2023/01/23T15:29:15z: AP_STAR tmr
 ets Jan  8 2013,rst cause:1, boot mode:(3,7)

load 0x4010f000, len 1384, room 16 
tail 8
chksum 0x2d
csum 0x2d
v8b899c12
~ld


6.01
 0h00:07.108 2023/01/23T15:49:25z: DS3231
 0h00:07.123 2023/01/23T15:49:25z: BME280 (0x76)
 0h00:07.137 2023/01/23T15:49:25z: 84:f3:eb:7d:7:a8
 0h00:07.139 2023/01/23T15:49:25z: SSID: MU Open
 0h00:07.144 2023/01/23T15:49:25z: AP_STAR tmr
 ets Jan  8 2013,rst cause:1, boot mode:(3,7)

load 0x4010f000, len 1384, room 16 
tail 8
chksum 0x2d
csum 0x2d
v8b899c12
~ld


6.01
 0h00:07.534 2023/01/23T16:09:37z: DS3231
 0h00:07.550 2023/01/23T16:09:37z: BME280 (0x76)
 0h00:07.564 2023/01/23T16:09:37z: 84:f3:eb:7d:7:a8
 0h00:07.565 2023/01/23T16:09:37z: SSID: MU Open
 0h00:07.571 2023/01/23T16:09:37z: AP_STAR tmr
 ets Jan  8 2013,rst cause:1, boot mode:(3,7)

load 0x4010f000, len 1384, room 16 
tail 8
chksum 0x2d
csum 0x2d
v8b899c12
~ld


6.01
 0h00:07.552 2023/01/23T16:29:48z: DS3231
 0h00:07.567 2023/01/23T16:29:48z: BME280 (0x76)
 0h00:07.581 2023/01/23T16:29:48z: 84:f3:eb:7d:7:a8
 0h00:07.583 2023/01/23T16:29:48z: SSID: MU Open
 0h00:07.588 2023/01/23T16:29:48z: AP_STAR tmr
 ets Jan  8 2013,rst cause:1, boot mode:(3,7)

load 0x4010f000, len 1384, room 16 
tail 8
chksum 0x2d
csum 0x2d
v8b899c12
~ld


6.01
 0h00:07.402 2023/01/23T16:49:59z: DS3231
 0h00:07.417 2023/01/23T16:49:59z: BME280 (0x76)
 0h00:07.432 2023/01/23T16:49:59z: 84:f3:eb:7d:7:a8
 0h00:07.433 2023/01/23T16:49:59z: SSID: MU Open
 0h00:07.438 2023/01/23T16:49:59z: AP_STAR tmr
 ets Jan  8 2013,rst cause:1, boot mode:(3,7)

load 0x4010f000, len 1384, room 16 
tail 8
chksum 0x2d
csum 0x2d
v8b899c12
~ld


6.01
 0h00:07.441 2023/01/23T17:10:11z: DS3231
 0h00:07.456 2023/01/23T17:10:11z: BME280 (0x76)
 0h00:07.470 2023/01/23T17:10:11z: 84:f3:eb:7d:7:a8
 0h00:07.472 2023/01/23T17:10:11z: SSID: MU Open
 0h00:07.477 2023/01/23T17:10:11z: AP_STAR tmr
 ets Jan  8 2013,rst cause:1, boot mode:(3,7)

load 0x4010f000, len 1384, room 16 
tail 8
chksum 0x2d
csum 0x2d
v8b899c12
~ld


6.01
 0h00:07.288 2023/01/23T17:30:22z: DS3231
 0h00:07.303 2023/01/23T17:30:22z: BME280 (0x76)
 0h00:07.317 2023/01/23T17:30:22z: 84:f3:eb:7d:7:a8
 0h00:07.319 2023/01/23T17:30:22z: SSID: MU Open
 0h00:07.324 2023/01/23T17:30:22z: AP_STAR tmr
 ets Jan  8 2013,rst cause:1, boot mode:(3,7)

load 0x4010f000, len 1384, room 16 
tail 8
chksum 0x2d
csum 0x2d
v8b899c12
~ld


6.01
 0h00:07.182 2023/01/23T17:50:33z: DS3231
 0h00:07.197 2023/01/23T17:50:33z: BME280 (0x76)
 0h00:07.211 2023/01/23T17:50:33z: 84:f3:eb:7d:7:a8
 0h00:07.213 2023/01/23T17:50:33z: SSID: MU Open
 0h00:07.218 2023/01/23T17:50:33z: AP_STA