R tmr
 ets Jan  8 2013,rst cause:1, boot mode:(3,7)

load 0x4010f000, len 1384, room 16 
tail 8
chksum 0x2d
csum 0x2d
v8b899c12
~ld


6.01
 0h00:07.195 2023/01/24T00:13:56z: DS3231
 0h00:07.210 2023/01/24T00:13:56z: BME280 (0x76)
 0h00:07.225 2023/01/24T00:13:56z: 84:f3:eb:7d:7:a8
 0h00:07.226 2023/01/24T00:13:56z: SSID: MU Open
 0h00:07.231 2023/01/24T00:13:56z: AP_STAR tmr
 ets Jan  8 2013,rst cause:1, boot mode:(3,7)

load 0x4010f000, len 1384, room 16 
tail 8
chksum 0x2d
csum 0x2d
v8b899c12
~ld


6.01
 0h00:08.432 2023/01/24T00:34:08z: DS3231
 0h00:08.447 2023/01/24T00:34:08z: BME280 (0x76)
 0h00:08.461 2023/01/24T00:34:08z: 84:f3:eb:7d:7:a8
 0h00:08.463 2023/01/24T00:34:08z: SSID: MU Open
 0h00:08.468 2023/01/24T00:34:08z: AP_STAR tmr
 ets Jan  8 2013,rst cause:1, boot mode:(3,7)

load 0x4010f000, len 1384, room 16 
tail 8
chksum 0x2d
csum 0x2d
v8b899c12
~ld


6.01
 0h00:08.397 2023/01/24T00:54:21z: DS3231
 0h00:08.413 2023/01/24T00:54:21z: BME280 (0x76)
 0h00:08.427 2023/01/24T00:54:21z: 84:f3:eb:7d:7:a8
 0h00:08.428 2023/01/24T00:54:21z: SSID: MU Open
 0h00:08.434 2023/01/24T00:54:21z: AP_STAR tmr
 ets Jan  8 2013,rst cause:1, boot mode:(3,7)

load 0x4010f000, len 1384, room 16 
tail 8
chksum 0x2d
csum 0x2d
v8b899c12
~ld


6.01
 0h00:08.256 2023/01/24T01:14:35z: DS3231
 0h00:08.271 2023/01/24T01:14:35z: BME280 (0x76)
 0h00:08.285 2023/01/24T01:14:35z: 84:f3:eb:7d:7:a8
 0h00:08.287 2023/01/24T01:14:35z: SSID: MU Open
 0h00:08.292 2023/01/24T01:14:35z: AP_STAR tmr
 ets Jan  8 2013,rst cause:1, boot mode:(3,7)

load 0x4010f000, len 1384, room 16 
tail 8
chksum 0x2d
csum 0x2d
v8b899c12
~ld


6.01
 0h00:08.617 2023/01/24T01:34:48z: DS3231
 0h00:08.632 2023/01/24T01:34:48z: BME280 (0x76)
 0h00:08.646 2023/01/24T01:34:48z: 84:f3:eb:7d:7:a8
 0h00:08.648 2023/01/24T01:34:48z: SSID: MU Open
 0h00:08.653 2023/01/24T01:34:48z: AP_STAR tmr
 ets Jan  8 2013,rst cause:1, boot mode:(3,7)

load 0x4010f000, len 1384, room 16 
tail 8
chksum 0x2d
csum 0x2d
v8b899c12
~ld


6.01
 0h00:08.689 2023/01/24T01:55:02z: DS3231
 0h00:08.704 2023/01/24T01:55:02z: BME280 (0x76)
 0h00:08.719 2023/01/24T01:55:02z: 84:f3:eb:7d:7:a8
 0h00:08.720 2023/01/24T01:55:02z: SSID: MU Open
 0h00:08.725 2023/01/24T01:55:02z: AP_STAR tmr
 ets Jan  8 2013,rst cause:1, boot mode:(3,7)

load 0x4010f000, len 1384, room 16 
tail 8
chksum 0x2d
csum 0x2d
v8b899c12
~ld


6.01
 0h00:08.846 2023/01/24T02:15:15z: DS3231
 0h00:08.861 2023/01/24T02:15:15z: BME280 (0x76)
 0h00:08.875 2023/01/24T02:15:15z: 84:f3:eb:7d:7:a8
 0h00:08.877 2023/01/24T02:15:15z: SSID: MU Open
 0h00:08.882 2023/01/24T02:15:15z: AP_STAR tmr
 ets Jan  8 2013,rst cause:1, boot mode:(3,7)

load 0x4010f000, len 1384, room 16 
tail 8
chksum 0x2d
csum 0x2d
v8b899c12
~ld


6.01
 0h00:09.052 2023/01/24T02:35:30z: DS3231
 0h00:09.067 2023/01/24T02:35:30z: BME280 (0x76)
 0h00:09.082 2023/01/24T02:35:30z: 84:f3:eb:7d:7:a8
 0h00:09.083 2023/01/24T02:35:30z: SSID: MU Open
 0h00:09.088 2023/01/24T02:35:30z: AP_STAR tmr
 ets Jan  8 2013,rst cause:1, boot mode:(3,7)

load 0x4010f000, len 1384, room 16 
tail 8
chksum 0x2d
csum 0x2d
v8b899c12
~ld


6.01
 0h00:09.023 2023/01/24T02:55:44z: DS3231
 0h00:09.038 2023/01/24T02:55:44z: BME280 (0x76)
 0h00:09.052 2023/01/24T02:55:44z: 84:f3:eb:7d:7:a8
 0h00:09.054 2023/01/24T02:55:44z: SSID: MU Open
 0h00:09.059 2023/01/24T02:55:44z: AP_STAR tmr
 ets Jan  8 2013,rst cause:1, boot mode:(3,7)

load 0x4010f000, len 1384, room 16 
tail 8
chksum 0x2d
csum 0x2d
v8b899c12
~ld


6.01
 0h00:08.933 2023/01/24T03:15:59z: DS3231
 0h00:08.948 2023/01/24T03:15:59z: BME280 (0x76)
 0h00:08.962 2023/01/24T03:15:59z: 84:f3:eb:7d:7:a8
 0h00:08.964 2023/01/24T03:15:59z: SSID: MU Open
 0h00:08.969 2023/01/24T03:15:59z: AP_STAR tmr
 ets Jan  8 2013,rst cause:1, boot mode:(3,7)

load 0x4010f000, len 1384, room 16 
tail 8
chksum 0x2d
csum 0x2d
v8b899c12
~ld


6.01
 0h00:07.932 2023/01/24T03:36:11z: DS3231
 0h00:07.948 2023/01/24T03:36:11z: BME280 (0x76)
 0h00:07.962 2023/01/24T03:36:11z: 84:f3:eb:7d:7:a8
 0h00:07.963 2023/01/24T03:36:11z: SSID: MU Open
 0h00:07.969 2023/01/24T03:36:11z: AP_STAR tmr
 ets Jan  8 2013,rst cause:1, boot mode:(3,7)

load 0x4010f000, len 1384, room 16 
tail 8
chksum 0x2d
csum 0x2d
v8b899c12
~ld


6.01
 0h00:08.079 2023/01/24T03:56:24z: DS3231
 0h00:08.095 2023/01/24T03:56:24z: BME280 (0x76)
 0h00:08.109 2023/01/24T03:56:24z: 84:f3:eb:7d:7:a8
 0h00:08.110 2023/01/24T03:56:24z: SSID: MU Open
 0h00:08.116 2023/01/24T03:56:24z: AP_STAR tmr
 ets Jan  8 2013,rst cause:1, boot mode:(3,7)

load 0x4010f000, len 1384, room 16 
tail 8
chksum 0x2d
csum 0x2d
v8b899c12
~ld


6.01
 0h00:08.470 2023/01/24T04:16:37z: DS3231
 0h00:08.485 2023/01/24T04:16:37z: BME280 (0x76)
 0h00:08.500 2023/01/24T04:16:37z: 84:f3:eb:7d:7:a8
 0h00:08.501 2023/01/24T04:16:37z: SSID: MU Open
 0h00:08.506 2023/01/24T04:16:37z: AP_STAR tmr
 ets Jan  8 2013,rst cause:1, boot mode:(3,7)

load 0x4010f000, len 1384, room 16 
tail 8
chksum 0x2d
csum 0x2d
v8b899c12
~ld


6.01
 0h00:08.125 2023/01/24T04:36:50z: DS3231
 0h00:08.141 2023/01/24T04:36:50z: BME280 (0x76)
 0h00:08.155 2023/01/24T04:36:50z: 84:f3:eb:7d:7:a8
 0h00:08.157 2023/01/24T04:36:50z: SSID: MU Open
 0h00:08.162 2023/01/24T04:36:50z: AP_STAR tmr
 ets Jan  8 2013,rst cause:1, boot mode:(3,7)

load 0x4010f000, len 1384, room 16 
tail 8
chksum 0x2d
csum 0x2d
v8b899c12
~ld


6.01
 0h00:08.347 2023/01/24T04:57:03z: DS3231
 0h00:08.363 2023/01/24T04:57:03z: BME280 (0x76)
 0h00:08.377 2023/01/24T04:57:03z: 84:f3:eb:7d:7:a8
 0h00:08.379 2023/01/24T04:57:03z: SSID: MU Open
 0h00:08.384 2023/01/24T04:57:03z: AP_STAR tmr
 ets Jan  8 2013,rst cause:1, boot mode:(3,7)

load 0x4010f000, len 1384, room 16 
tail 8
chksum 0x2d
csum 0x2d
v8b899c12
~ld


6.01
 0h00:08.703 2023/01/24T05:17:17z: DS3231
 0h00:08.718 2023/01/24T05:17:17z: BME280 (0x76)
 0h00:08.733 2023/01/24T05:17:17z: 84:f3:eb:7d:7:a8
 0h00:08.734 2023/01/24T05:17:17z: SSID: MU Open
 0h00:08.739 2023/01/24T05:17:17z: AP_STAR tmr
 ets Jan  8 2013,rst cause:1, boot mode:(3,7)

load 0x4010f000, len 1384, room 16 
tail 8
chksum 0x2d
csum 0x2d
v8b899c12
~ld


6.01
 0h00:08.810 2023/01/24T05:37:31z: DS3231
 0h00:08.825 2023/01/24T05:37:31z: BME280 (0x76)
 0h00:08.839 2023/01/24T05:37:31z: 84:f3:eb:7d:7:a8
 0h00:08.841 2023/01/24T05:37:31z: SSID: MU Open
 0h00:08.846 2023/01/24T05:37:31z: AP_STAR tmr
 ets Jan  8 2013,rst cause:1, boot mode:(3,7)

load 0x4010f000, len 1384, room 16 
tail 8
chksum 0x2d
csum 0x2d
v8b899c12
~ld


6.01
 0h00:08.302 2023/01/24T05:57:44z: DS3231
 0h00:08.317 2023/01/24T05:57:44z: BME280 (0x76)
 0h00:08.331 2023/01/24T05:57:44z: 84:f3:eb:7d:7:a8
 0h00:08.333 2023/01/24T05:57:44z: SSID: MU Open
 0h00:08.338 2023/01/24T05:57:44z: AP_STAR tmr
 ets Jan  8 2013,rst cause:1, boot mode:(3,7)

load 0x4010f000, len 1384, room 16 
tail 8
chksum 0x2d
csum 0x2d
v8b899c12
~ld


6.01
 0h00:08.257 2023/01/24T06:17:58z: DS3231
 0h00:08.272 2023/01/24T06:17:58z: BME280 (0x76)
 0h00:08.286 2023/01/24T06:17:58z: 84:f3:eb:7d:7:a8
 0h00:08.288 2023/01/24T06:17:58z: SSID: MU Open
 0h00:08.293 2023/01/24T06:17:58z: AP_STAR tmr
 ets Jan  8 2013,rst cause:1, boot mode:(3,7)

load 0x4010f000, len 1384, room 16 
tail 8
chksum 0x2d
csum 0x2d
v8b899c12
~ld


6.01
 0h00:07.928 2023/01/24T06:38:10z: DS3231
 0h00:07.944 2023/01/24T06:38:10z: BME280 (0x76)
 0h00:07.958 2023/01/24T06:38:10z: 84:f3:eb:7d:7:a8
 0h00:07.960 2023/01/24T06:38:10z: SSID: MU Open
 0h00:07.965 2023/01/24T06:38:10z: AP_STAR tmr
 ets Jan  8 2013,rst cause:1, boot mode:(3,7)

load 0x4010f000, len 1384, room 16 
tail 8
chksum 0x2d
csum 0x2d
v8b899c12
~ld


6.01
 0h00:07.524 2023/01/24T06:58:22z: DS3231
 0h00:07.539 2023/01/24T06:58:22z: BME280 (0x76)
 0h00:07.553 2023/01/24T06:58:22z: 84:f3:eb:7d:7:a8
 0h00:07.555 2023/01/24T06:58:22z: SSID: MU Open
 0h00:07.560 2023/01/24T06:58:22z: AP_STAR tmr
 ets Jan  8 2013,rst cause:1, boot mode:(3,7)

load 0x4010f000, len 1384, room 16 
tail 8
chksum 0x2d
csum 0x2d
v8b899c12
~ld


6.01
 0h00:07.780 2023/01/24T07:18:34z: DS3231
 0h00:07.795 2023/01/24T07:18:34z: BME280 (0x76)
 0h00:07.810 2023/01/24T07:18:34z: 84:f3:eb:7d:7:a8
 0h00:07.811 2023/01/24T07:18:34z: SSID: MU Open
 0h00:07.816 2023/01/24T07:18:34z: AP_STAR tmr
 ets Jan  8 2013,rst cause:1, boot mode:(3,7)

load 0x4010f000, len 1384, room 16 
tail 8
chksum 0x2d
csum 0x2d
v8b899c12
~ld


6.01
 0h00:07.823 2023/01/24T07:38:46z: DS3231
 0h00:07.838 2023/01/24T07:38:46z: BME280 (0x76)
 0h00:07.852 2023/01/24T07:38:46z: 84:f3:eb:7d:7:a8
 0h00:07.854 2023/01/24T07:38:46z: SSID: MU Open
 0h00:07.859 2023/01/24T07:38:46z: AP_STAR tmr
 ets Jan  8 2013,rst cause:1, boot mode:(3,7)

load 0x4010f000, len 1384, room 16 
tail 8
chksum 0x2d
csum 0x2d
v8b899c12
~ld


6.01
 0h00:07.582 2023/01/24T07:58:57z: DS3231
 0h00:07.597 2023/01/24T07:58:57z: BME280 (0x76)
 0h00:07.611 2023/01/24T07:58:57z: 84:f3:eb:7d:7:a8
 0h00:07.613 2023/01/24T07:58:57z: SSID: MU Open
 0h00:07.618 2023/01/24T07:58:57z: AP_STAR tmr
 ets Jan  8 2013,rst cause:1, boot mode:(3,7)

load 0x4010f000, len 1384, room 16 
tail 8
chksum 0x2d
csum 0x2d
v8b899c12
~ld


6.01
 0h00:07.793 2023/01/24T08:19:08z: DS3231
 0h00:07.808 2023/01/24T08:19:08z: BME280 (0x76)
 0h00:07.822 2023/01/24T08:19:09z: 84:f3:eb:7d:7:a8
 0h00:07.824 2023/01/24T08:19:09z: SSID: MU Open
 0h00:07.829 2023/01/24T08:19:09z: AP_STAR tmr
 ets Jan  8 2013,rst cause:1, boot mode:(3,7)

load 0x4010f000, len 1384, room 16 
tail 8
chksum 0x2d
csum 0x2d
v8b899c12
~ld


6.01
 0h00:07.993 2023/01/24T08:39:20z: DS3231
 0h00:08.008 2023/01/24T08:39:20z: BME280 (0x76)
 0h00:08.022 2023/01/24T08:39:20z: 84:f3:eb:7d:7:a8
 0h00:08.024 2023/01/24T08:39:20z: SSID: MU Open
 0h00:08.029 2023/01/24T08:39:20z: AP_STAR tmr
 ets Jan  8 2013,rst cause:1, boot mode:(3,7)

load 0x4010f000, len 1384, room 16 
tail 8
chksum 0x2d
csum 0x2d
v8b899c12
~ld


6.01
 0h00:08.011 2023/01/24T08:59:33z: DS3231
 0h00:08.026 2023/01/24T08:59:33z: BME280 (0x76)
 0h00:08.041 2023/01/24T08:59:33z: 84:f3:eb:7d:7:a8
 0h00:08.042 2023/01/24T08:59:33z: SSID: MU Open
 0h00:08.047 2023/01/24T08:59:33z: AP_STAR tmr
 ets Jan  8 2013,rst cause:1, boot mode:(3,7)

load 0x4010f000, len 1384, room 16 
tail 8
chksum 0x2d
csum 0x2d
v8b899c12
~ld


6.01
 0h00:07.357 2023/01/24T09:19:45z: DS3231
 0h00:07.372 2023/01/24T09:19:45z: BME280 (0x76)
 0h00:07.386 2023/01/24T09:19:45z: 84:f3:eb:7d:7:a8
 0h00:07.388 2023/01/24T09:19:45z: SSID: MU Open
 0h00:07.393 2023/01/24T09:19:45z: AP_STAR tmr
 ets Jan  8 2013,rst cause:1, boot mode:(3,7)

load 0x4010f000, len 1384, room 16 
tail 8
chksum 0x2d
csum 0x2d
v8b899c12
~ld


6.01
 0h00:07.876 2023/01/24T09:39:58z: DS3231
 0h00:07.891 2023/01/24T09:39:58z: BME280 (0x76)
 0h00:07.905 2023/01/24T09:39:58z: 84:f3:eb:7d:7:a8
 0h00:07.907 2023/01/24T09:39:58z: SSID: MU Open
 0h00:07.912 2023/01/24T09:39:58z: AP_STAR tmr
 ets Jan  8 2013,rst cause:1, boot mode:(3,7)

load 0x4010f000, len 1384, room 16 
tail 8
chksum 0x2d
csum 0x2d
v8b899c12
~ld


6.01
 0h00:07.847 2023/01/24T10:00:09z: DS3231
 0h00:07.862 2023/01/24T10:00:09z: BME280 (0x76)
 0h00:07.876 2023/01/24T10:00:09z: 84:f3:eb:7d:7:a8
 0h00:07.878 2023/01/24T10:00:09z: SSID: MU Open
 0h00:07.883 2023/01/24T10:00:09z: AP_STAR tmr
 ets Jan  8 2013,rst cause:1, boot mode:(3,7)

load 0x4010f000, len 1384, room 16 
tail 8
chksum 0x2d
csum 0x2d
v8b899c12
~ld


6.01
 0h00:08.180 2023/01/24T10:20:22z: DS3231
 0h00:08.195 2023/01/24T10:20:22z: BME280 (0x76)
 0h00:08.209 2023/01/24T10:20:22z: 84:f3:eb:7d:7:a8
 0h00:08.211 2023/01/24T10:20:22z: SSID: MU Open
 0h00:08.216 2023/01/24T10:20:22z: AP_STAR tmr
 ets Jan  8 2013,rst cause:1, boot mode:(3,7)

load 0x4010f000, len 1384, room 16 
tail 8
chksum 0x2d
csum 0x2d
v8b899c12
~ld


6.01
 0h00:08.446 2023/01/24T10:40:36z: DS3231
 0h00:08.461 2023/01/24T10:40:36z: BME280 (0x76)
 0h00:08.475 2023/01/24T10:40:36z: 84:f3:eb:7d:7:a8
 0h00:08.477 2023/01/24T10:40:36z: SSID: MU Open
 0h00:08.482 2023/01/24T10:40:36z: AP_STAR tmr
 ets Jan  8 2013,rst cause:1, boot mode:(3,7)

load 0x4010f000, len 1384, room 16 
tail 8
chksum 0x2d
csum 0x2d
v8b899c12
~ld


6.01
 0h00:08.756 2023/01/24T11:00:50z: DS3231
 0h00:08.771 2023/01/24T11:00:50z: BME280 (0x76)
 0h00:08.785 2023/01/24T11:00:50z: 84:f3:eb:7d:7:a8
 0h00:08.787 2023/01/24T11:00:50z: SSID: MU Open
 0h00:08.792 2023/01/24T11:00:50z: AP_STAR tmr
 ets Jan  8 2013,rst cause:1, boot mode:(3,7)

load 0x4010f000, len 1384, room 16 
tail 8
chksum 0x2d
csum 0x2d
v8b899c12
~ld


6.01
 0h00:08.496 2023/01/24T11:21:04z: DS3231
 0h00:08.512 2023/01/24T11:21:04z: BME280 (0x76)
 0h00:08.526 2023/01/24T11:21:04z: 84:f3:eb:7d:7:a8
 0h00:08.528 2023/01/24T11:21:04z: SSID: MU Open
 0h00:08.533 2023/01/24T11:21:04z: AP_STAR tmr
 ets Jan  8 2013,rst cause:1, boot mode:(3,7)

load 0x4010f000, len 1384, room 16 
tail 8
chksum 0x2d
csum 0x2d
v8b899c12
~ld


6.01
 0h00:07.644 2023/01/24T11:41:16z: DS3231
 0h00:07.660 2023/01/24T11:41:16z: BME280 (0x76)
 0h00:07.674 2023/01/24T11:41:16z: 84:f3:eb:7d:7:a8
 0h00:07.675 2023/01/24T11:41:16z: SSID: MU Open
 0h00:07.681 2023/01/24T11:41:16z: AP_STAR tmr
 ets Jan  8 2013,rst cause:1, boot mode:(3,7)

load 0x4010f000, len 1384, room 16 
tail 8
chksum 0x2d
csum 0x2d
v8b899c12
~ld


6.01
 0h00:07.621 2023/01/24T12:01:27z: DS3231
 0h00:07.636 2023/01/24T12:01:27z: BME280 (0x76)
 0h00:07.650 2023/01/24T12:01:27z: 84:f3:eb:7d:7:a8
 0h00:07.652 2023/01/24T12:01:27z: SSID: MU Open
 0h00:07.657 2023/01/24T12:01:27z: AP_STAR tmr
 ets Jan  8 2013,rst cause:1, boot mode:(3,7)

load 0x4010f000, len 1384, room 16 
tail 8
chksum 0x2d
csum 0x2d
v8b899c12
~ld


6.01
 0h00:07.785 2023/01/24T12:21:38z: DS3231
 0h00:07.800 2023/01/24T12:21:39z: BME280 (0x76)
 0h00:07.814 2023/01/24T12:21:39z: 84:f3:eb:7d:7:a8
 0h00:07.816 2023/01/24T12:21:39z: SSID: MU Open
 0h00:07.821 2023/01/24T12:21:39z: AP_STAR tmr
 ets Jan  8 2013,rst cause:1, boot mode:(3,7)

load 0x4010f000, len 1384, room 16 
tail 8
chksum 0x2d
csum 0x2d
v8b899c12
~ld


6.01
 0h00:08.306 2023/01/24T12:41:52z: DS3231
 0h00:08.321 2023/01/24T12:41:52z: BME280 (0x76)
 0h00:08.335 2023/01/24T12:41:52z: 84:f3:eb:7d:7:a8
 0h00:08.337 2023/01/24T12:41:52z: SSID: MU Open
 0h00:08.342 2023/01/24T12:41:52z: AP_STAR tmr
 ets Jan  8 2013,rst cause:1, boot mode:(3,7)

load 0x4010f000, len 1384, room 16 
tail 8
chksum 0x2d
csum 0x2d
v8b899c12
~ld


6.01
 0h00:07.700 2023/01/24T13:02:03z: DS3231
 0h00:07.715 2023/01/24T13:02:03z: BME280 (0x76)
 0h00:07.729 2023/01/24T13:02:03z: 84:f3:eb:7d:7:a8
 0h00:07.731 2023/01/24T13:02:03z: SSID: MU Open
 0h00:07.736 2023/01/24T13:02:03z: AP_STAR tmr
 ets Jan  8 2013,rst cause:1, boot mode:(3,7)

load 0x4010f000, len 1384, room 16 
tail 8
chksum 0x2d
csum 0x2d
v8b899c12
~ld


6.01
 0h00:07.942 2023/01/24T13:22:14z: DS3231
 0h00:07.958 2023/01/24T13:22:14z: BME280 (0x76)
 0h00:07.972 2023/01/24T13:22:14z: 84:f3:eb:7d:7:a8
 0h00:07.973 2023/01/24T13:22:14z: SSID: MU Open
 0h00:07.979 2023/01/24T13:22:14z: AP_STAR tmr
 ets Jan  8 2013,rst cause:1, boot mode:(3,7)

load 0x4010f000, len 1384, room 16 
tail 8
chksum 0x2d
csum 0x2d
v8b899c12
~ld


6.01
 0h00:08.004 2023/01/24T13:42:26z: DS3231
 0h00:08.020 2023/01/24T13:42:26z: BME280 (0x76)
 0h00:08.034 2023/01/24T13:42:26z: 84:f3:eb:7d:7:a8
 0h00:08.035 2023/01/24T13:42:26z: SSID: MU Open
 0h00:08.041 2023/01/24T13:42:26z: AP_STAR tmr
 ets Jan  8 2013,rst cause:1, boot mode:(3,7)

load 0x4010f000, len 1384, room 16 
tail 8
chksum 0x2d
csum 0x2d
v8b899c12
~ld


6.01
 0h00:08.033 2023/01/24T14:02:39z: DS3231
 0h00:08.048 2023/01/24T14:02:39z: BME280 (0x76)
 0h00:08.062 2023/01/24T14:02:39z: 84:f3:eb:7d:7:a8
 0h00:08.064 2023/01/24T14:02:39z: SSID: MU Open
 0h00:08.069 2023/01/24T14:02:39z: AP_STAR tmr
 ets Jan  8 2013,rst cause:1, boot mode:(3,7)

load 0x4010f000, len 1384, room 16 
tail 8
chksum 0x2d
csum 0x2d
v8b899c12
~ld


6.01
 0h00:08.265 2023/01/24T14:22:51z: DS3231
 0h00:08.281 2023/01/24T14:22:51z: BME280 (0x76)
 0h00:08.295 2023/01/24T14:22:51z: 84:f3:eb:7d:7:a8
 0h00:08.296 2023/01/24T14:22:51z: SSID: MU Open
 0h00:08.302 2023/01/24T14:22:51z: AP_STAR tmr
 ets Jan  8 2013,rst cause:1, boot mode:(3,7)

load 0x4010f000, len 1384, room 16 
tail 8
chksum 0x2d
csum 0x2d
v8b899c12
~ld


6.01
 0h00:08.489 2023/01/24T14:43:05z: DS3231
 0h00:08.504 2023/01/24T14:43:05z: BME280 (0x76)
 0h00:08.519 2023/01/24T14:43:05z: 84:f3:eb:7d:7:a8
 0h00:08.520 2023/01/24T14:43:05z: SSID: MU Open
 0h00:08.525 2023/01/24T14:43:05z: AP_STAR tmr
 ets Jan  8 2013,rst cause:1, boot mode:(3,7)

load 0x4010f000, len 1384, room 16 
tail 8
chksum 0x2d
csum 0x2d
v8b899c12
~ld


6.01
 0h00:07.997 2023/01/24T15:03:18z: DS3231
 0h00:08.012 2023/01/24T15:03:18z: BME280 (0x76)
 0h00:08.026 2023/01/24T15:03:18z: 84:f3:eb:7d:7:a8
 0h00:08.028 2023/01/24T15:03:18z: SSID: MU Open
 0h00:08.033 2023/01/24T15:03:18z: AP_STAR tmr
 ets Jan  8 2013,rst cause:1, boot mode:(3,7)

load 0x4010f000, len 1384, room 16 
tail 8
chksum 0x2d
csum 0x2d
v8b899c12
~ld


6.01
 0h00:07.839 2023/01/24T15:23:30z: DS3231
 0h00:07.854 2023/01/24T15:23:30z: BME280 (0x76)
 0h00:07.868 2023/01/24T15:23:30z: 84:f3:eb:7d:7:a8
 0h00:07.870 2023/01/24T15:23:30z: SSID: MU Open
 0h00:07.875 2023/01/24T15:23:30z: AP_STAR tmr
 ets Jan  8 2013,rst cause:1, boot mode:(3,7)

load 0x4010f000, len 1384, room 16 
tail 8
chksum 0x2d
csum 0x2d
v8b899c12
~ld


6.01
 0h00:08.300 2023/01/24T15:43:42z: DS3231
 0h00:08.316 2023/01/24T15:43:42z: BME280 (0x76)
 0h00:08.330 2023/01/24T15:43:42z: 84:f3:eb:7d:7:a8
 0h00:08.332 2023/01/24T15:43:42z: SSID: MU Open
 0h00:08.337 2023/01/24T15:43:42z: AP_STAR tmr
 ets Jan  8 2013,rst cause:1, boot mode:(3,7)

load 0x4010f000, len 1384, room 16 
tail 8
chksum 0x2d
csum 0x2d
v8b899c12
~ld


6.01
 0h00:07.947 2023/01/24T16:03:55z: DS3231
 0h00:07.963 2023/01/24T16:03:55z: BME280 (0x76)
 0h00:07.977 2023/01/24T16:03:55z: 84:f3:eb:7d:7:a8
 0h00:07.979 2023/01/24T16:03:55z: SSID: MU Open
 0h00:07.984 2023/01/24T16:03:55z: AP_STAR tmr
 ets Jan  8 2013,rst cause:1, boot mode:(3,7)

load 0x4010f000, len 1384, room 16 
tail 8
chksum 0x2d
csum 0x2d
v8b899c12
~ld


6.01
 0h00:08.175 2023/01/24T16:24:09z: DS3231
 0h00:08.190 2023/01/24T16:24:09z: BME280 (0x76)
 0h00:08.204 2023/01/24T16:24:09z: 84:f3:eb:7d:7:a8
 0h00:08.206 2023/01/24T16:24:09z: SSID: MU Open
 0h00:08.211 2023/01/24T16:24:09z: AP_STAR tmr
 ets Jan  8 2013,rst cause:1, boot mode:(3,7)

load 0x4010f000, len 1384, room 16 
tail 8
chksum 0x2d
csum 0x2d
v8b899c12
~ld


6.01
 0h00:07.179 2023/01/24T16:44:20z: DS3231
 0h00:07.195 2023/01/24T16:44:20z: BME280 (0x76)
 0h00:07.209 2023/01/24T16:44:20z: 84:f3:eb:7d:7:a8
 0h00:07.211 2023/01/24T16:44:20z: SSID: MU Open
 0h00:07.216 2023/01/24T16:44:20z: AP_STAR tmr
 ets Jan  8 2013,rst cause:1, boot mode:(3,7)

load 0x4010f000, len 1384, room 16 
tail 8
chksum 0x2d
csum 0x2d
v8b899c12
~ld


6.01
 0h00:07.310 2023/01/24T17:04:31z: DS3231
 0h00:07.325 2023/01/24T17:04:31z: BME280 (0x76)
 0h00:07.339 2023/01/24T17:04:31z: 84:f3:eb:7d:7:a8
 0h00:07.341 2023/01/24T17:04:31z: SSID: MU Open
 0h00:07.346 2023/01/24T17:04:31z: AP_STAR tmr
 ets Jan  8 2013,rst cause:1, boot mode:(3,7)

load 0x4010f000, len 1384, room 16 
tail 8
chksum 0x2d
csum 0x2d
v8b899c12
~ld


6.01
 0h00:08.113 2023/01/24T17:24:43z: DS3231
 0h00:08.129 2023/01/24T17:24:43z: BME280 (0x76)
 0h00:08.143 2023/01/24T17:24:43z: 84:f3:eb:7d:7:a8
 0h00:08.145 2023/01/24T17:24:43z: SSID: MU Open
 0h00:08.150 2023/01/24T17:24:43z: AP_STAR tmr
 ets Jan  8 2013,rst cause:1, boot mode:(3,7)

load 0x4010f000, len 1384, room 16 
tail 8
chksum 0x2d
csum 0x2d
v8b899c12
~ld


6.01
 0h00:07.701 2023/01/24T17:44:54z: DS3231
 0h00:07.717 2023/01/24T17:44:54z: BME280 (0x76)
 0h00:07.731 2023/01/24T17:44:54z: 84:f3:eb:7d:7:a8
 0h00:07.733 2023/01/24T17:44:54z: SSID: MU Open
 0h00:07.738 2023/01/24T17:44:54z: AP_STAR tmr
 ets Jan  8 2013,rst cause:1, boot mode:(3,7)

load 0x4010f000, len 1384, room 16 
tail 8
chksum 0x2d
csum 0x2d
v8b899c12
~ld


6.01
 0h00:07.875 2023/01/24T18:05:06z: DS3231
 0h00:07.890 2023/01/24T18:05:06z: BME280 (0x76)
 0h00:07.904 2023/01/24T18:05:06z: 84:f3:eb:7d:7:a8
 0h00:07.906 2023/01/24T18:05:06z: SSID: MU Open
 0h00:07.911 2023/01/24T18:05:06z: AP_STAR tmr
 ets Jan  8 2013,rst cause:1, boot mode:(3,7)

load 0x4010f000, len 1384, room 16 
tail 8
chksum 0x2d
csum 0x2d
v8b899c12
~ld


6.01
 0h00:07.577 2023/01/24T18:25:18z: DS3231
 0h00:07.593 2023/01/24T18:25:18z: BME280 (0x76)
 0h00:07.607 2023/01/24T18:25:18z: 84:f3:eb:7d:7:a8
 0h00:07.608 2023/01/24T18:25:18z: SSID: MU Open
 0h00:07.614 2023/01/24T18:25:18z: AP_STAR tmr
 ets Jan  8 2013,rst cause:1, boot mode:(3,7)

load 0x4010f000, len 1384, room 16 
tail 8
chksum 0x2d
csum 0x2d
v8b899c12
~ld


6.01
 0h00:08.120 2023/01/24T18:45:30z: DS3231
 0h00:08.135 2023/01/24T18:45:30z: BME280 (0x76)
 0h00:08.149 2023/01/24T18:45:30z: 84:f3:eb:7d:7:a8
 0h00:08.151 2023/01/24T18:45:30z: SSID: MU Open
 0h00:08.156 2023/01/24T18:45:30z: AP_STAR tmr
 ets Jan  8 2013,rst cause:1, boot mode:(3,7)

load 0x4010f000, len 1384, room 16 
tail 8
chksum 0x2d
csum 0x2d
v8b899c12
~ld


6.01
 0h00:07.587 2023/01/24T19:05:42z: DS3231
 0h00:07.602 2023/01/24T19:05:42z: BME280 (0x76)
 0h00:07.617 2023/01/24T19:05:42z: 84:f3:eb:7d:7:a8
 0h00:07.618 2023/01/24T19:05:42z: SSID: MU Open
 0h00:07.623 2023/01/24T19:05:42z: AP_STAR tmr
 ets Jan  8 2013,rst cause:1, boot mode:(3,7)

load 0x4010f000, len 1384, room 16 
tail 8
chksum 0x2d
csum 0x2d
v8b899c12
~ld


6.01
 0h00:07.809 2023/01/24T19:25:54z: DS3231
 0h00:07.824 2023/01/24T19:25:54z: BME280 (0x76)
 0h00:07.838 2023/01/24T19:25:54z: 84:f3:eb:7d:7:a8
 0h00:07.840 2023/01/24T19:25:54z: SSID: MU Open
 0h00:07.845 2023/01/24T19:25:54z: AP_STAR tmr
 ets Jan  8 2013,rst cause:1, boot mode:(3,7)

load 0x4010f000, len 1384, room 16 
tail 8
chksum 0x2d
csum 0x2d
v8b899c12
~ld


6.01
 0h00:07.840 2023/01/24T19:46:04z: DS3231
 0h00:07.855 2023/01/24T19:46:04z: BME280 (0x76)
 0h00:07.869 2023/01/24T19:46:05z: 84:f3:eb:7d:7:a8
 0h00:07.871 2023/01/24T19:46:05z: SSID: MU Open
 0h00:07.876 2023/01/24T19:46:05z: AP_STAR tmr
 ets Jan  8 2013,rst cause:1, boot mode:(3,7)

load 0x4010f000, len 1384, room 16 
tail 8
chksum 0x2d
csum 0x2d
v8b899c12
~ld


6.01
 0h00:07.629 2023/01/24T20:06:16z: DS3231
 0h00:07.644 2023/01/24T20:06:16z: BME280 (0x76)
 0h00:07.659 2023/01/24T20:06:16z: 84:f3:eb:7d:7:a8
 0h00:07.660 2023/01/24T20:06:16z: SSID: MU Open
 0h00:07.665 2023/01/24T20:06:16z: AP_STAR tmr
 ets Jan  8 2013,rst cause:1, boot mode:(3,7)

load 0x4010f000, len 1384, room 16 
tail 8
chksum 0x2d
csum 0x2d
v8b899c12
~ld


6.01
 0h00:07.614 2023/01/24T20:26:28z: DS3231
 0h00:07.629 2023/01/24T20:26:28z: BME280 (0x76)
 0h00:07.644 2023/01/24T20:26:28z: 84:f3:eb:7d:7:a8
 0h00:07.645 2023/01/24T20:26:28z: SSID: MU Open
 0h00:07.650 2023/01/24T20:26:28z: AP_STAR tmr
 ets Jan  8 2013,rst cause:1, boot mode:(3,7)

load 0x4010f000, len 1384, room 16 
tail 8
chksum 0x2d
csum 0x2d
v8b899c12
~ld


6.01
 0h00:07.123 2023/01/24T20:46:39z: DS3231
 0h00:07.138 2023/01/24T20:46:39z: BME280 (0x76)
 0h00:07.152 2023/01/24T20:46:39z: 84:f3:eb:7d:7:a8
 0h00:07.154 2023/01/24T20:46:39z: SSID: MU Open
 0h00:07.159 2023/01/24T20:46:39z: AP_STAR tmr
 ets Jan  8 2013,rst cause:1, boot mode:(3,7)

load 0x4010f000, len 1384, room 16 
tail 8
chksum 0x2d
csum 0x2d
v8b899c12
~ld


6.01
 0h00:07.755 2023/01/24T21:06:50z: DS3231
 0h00:07.771 2023/01/24T21:06:50z: BME280 (0x76)
 0h00:07.785 2023/01/24T21:06:50z: 84:f3:eb:7d:7:a8
 0h00:07.787 2023/01/24T21:06:50z: SSID: MU Open
 0h00:07.792 2023/01/24T21:06:50z: AP_STAR tmr
 ets Jan  8 2013,rst cause:1, boot mode:(3,7)

load 0x4010f000, len 1384, room 16 
tail 8
chksum 0x2d
csum 0x2d
v8b899c12
~ld


6.01
 0h00:07.837 2023/01/24T21:27:03z: DS3231
 0h00:07.852 2023/01/24T21:27:03z: BME280 (0x76)
 0h00:07.866 2023/01/24T21:27:03z: 84:f3:eb:7d:7:a8
 0h00:07.868 2023/01/24T21:27:03z: SSID: MU Open
 0h00:07.873 2023/01/24T21:27:03z: AP_STAR tmr
 ets Jan  8 2013,rst cause:1, boot mode:(3,7)

load 0x4010f000, len 1384, room 16 
tail 8
chksum 0x2d
csum 0x2d
v8b899c12
~ld


6.01
 0h00:08.399 2023/01/24T21:47:16z: DS3231
 0h00:08.415 2023/01/24T21:47:16z: BME280 (0x76)
 0h00:08.429 2023/01/24T21:47:16z: 84:f3:eb:7d:7:a8
 0h00:08.430 2023/01/24T21:47:16z: SSID: MU Open
 0h00:08.436 2023/01/24T21:47:16z: AP_STAR tmr
 ets Jan  8 2013,rst cause:1, boot mode:(3,7)

load 0x4010f000, len 1384, room 16 
tail 8
chksum 0x2d
csum 0x2d
v8b899c12
~ld


6.01
 0h00:07.500 2023/01/24T22:07:28z: DS3231
 0h00:07.515 2023/01/24T22:07:28z: BME280 (0x76)
 0h00:07.529 2023/01/24T22:07:28z: 84:f3:eb:7d:7:a8
 0h00:07.531 2023/01/24T22:07:28z: SSID: MU Open
 0h00:07.536 2023/01/24T22:07:28z: AP_STAR tmr
 ets Jan  8 2013,rst cause:1, boot mode:(3,7)

load 0x4010f000, len 1384, room 16 
tail 8
chksum 0x2d
csum 0x2d
v8b899c12
~ld


6.01
 0h00:07.300 2023/01/24T22:27:38z: DS3231
 0h00:07.315 2023/01/24T22:27:38z: BME280 (0x76)
 0h00:07.329 2023/01/24T22:27:38z: 84:f3:eb:7d:7:a8
 0h00:07.331 2023/01/24T22:27:38z: SSID: MU Open
 0h00:07.336 2023/01/24T22:27:38z: AP_STAR tmr
 ets Jan  8 2013,rst cause:1, boot mode:(3,7)

load 0x4010f000, len 1384, room 16 
tail 8
chksum 0x2d
csum 0x2d
v8b899c12
~ld


6.01
 0h00:07.471 2023/01/24T22:47:49z: DS3231
 0h00:07.486 2023/01/24T22:47:49z: BME280 (0x76)
 0h00:07.501 2023/01/24T22:47:49z: 84:f3:eb:7d:7:a8
 0h00:07.502 2023/01/24T22:47:49z: SSID: MU Open
 0h00:07.507 2023/01/24T22:47:49z: AP_STAR tmr
 ets Jan  8 2013,rst cause:1, boot mode:(3,7)

load 0x4010f000, len 1384, room 16 
tail 8
chksum 0x2d
csum 0x2d
v8b899c12
~ld


6.01
 0h00:07.647 2023/01/24T23:08:01z: DS3231
 0h00:07.662 2023/01/24T23:08:01z: BME280 (0x76)
 0h00:07.677 2023/01/24T23:08:01z: 84:f3:eb:7d:7:a8
 0h00:07.678 2023/01/24T23:08:01z: SSID: MU Open
 0h00:07.683 2023/01/24T23:08:01z: AP_STAR tmr
 ets Jan  8 2013,rst cause:1, boot mode:(3,7)

load 0x4010f000, len 1384, room 16 
tail 8
chksum 0x2d
csum 0x2d
v8b899c12
~ld


6.01
 0h00:07.364 2023/01/24T23:28:13z: DS3231
 0h00:07.379 2023/01/24T23:28:13z: BME280 (0x76)
 0h00:07.393 2023/01/24T23:28:13z: 84:f3:eb:7d:7:a8
 0h00:07.395 2023/01/24T23:28:13z: SSID: MU Open
 0h00:07.400 2023/01/24T23:28:13z: AP_STAR tmr
 ets Jan  8 2013,rst cause:1, boot mode:(3,7)

load 0x4010f000, len 1384, room 16 
tail 8
chksum 0x2d
csum 0x2d
v8b899c12
~ld


6.01
 0h00:07.173 2023/01/24T23:48:24z: DS3231
 0h00:07.189 2023/01/24T23:48:24z: BME280 (0x76)
 0h00:07.203 2023/01/24T23:48:24z: 84:f3:eb:7d:7:a8
 0h00:07.205 2023/01/24T23:48:24z: SSID: MU Open
 0h00:07.210 2023/01/24T23:48:24z: AP_STA