R tmr
 ets Jan  8 2013,rst cause:1, boot mode:(3,7)

load 0x4010f000, len 1384, room 16 
tail 8
chksum 0x2d
csum 0x2d
v8b899c12
~ld


6.01
 0h00:06.707 2023/01/14T00:12:36z: DS3231
 0h00:06.723 2023/01/14T00:12:36z: BME280 (0x76)
 0h00:06.737 2023/01/14T00:12:37z: 84:f3:eb:7d:7:a8
 0h00:06.738 2023/01/14T00:12:37z: SSID: MU Open
 0h00:06.744 2023/01/14T00:12:37z: AP_STAR tmr
 ets Jan  8 2013,rst cause:1, boot mode:(3,7)

load 0x4010f000, len 1384, room 16 
tail 8
chksum 0x2d
csum 0x2d
v8b899c12
~ld


6.01
 0h00:06.976 2023/01/14T00:32:46z: DS3231
 0h00:06.991 2023/01/14T00:32:46z: BME280 (0x76)
 0h00:07.005 2023/01/14T00:32:46z: 84:f3:eb:7d:7:a8
 0h00:07.007 2023/01/14T00:32:46z: SSID: MU Open
 0h00:07.012 2023/01/14T00:32:46z: AP_STAR tmr
 ets Jan  8 2013,rst cause:1, boot mode:(3,7)

load 0x4010f000, len 1384, room 16 
tail 8
chksum 0x2d
csum 0x2d
v8b899c12
~ld


6.01
 0h00:06.878 2023/01/14T00:52:56z: DS3231
 0h00:06.894 2023/01/14T00:52:56z: BME280 (0x76)
 0h00:06.908 2023/01/14T00:52:56z: 84:f3:eb:7d:7:a8
 0h00:06.910 2023/01/14T00:52:56z: SSID: MU Open
 0h00:06.915 2023/01/14T00:52:56z: AP_STAR tmr
 ets Jan  8 2013,rst cause:1, boot mode:(3,7)

load 0x4010f000, len 1384, room 16 
tail 8
chksum 0x2d
csum 0x2d
v8b899c12
~ld


6.01
 0h00:06.925 2023/01/14T01:13:05z: DS3231
 0h00:06.940 2023/01/14T01:13:05z: BME280 (0x76)
 0h00:06.955 2023/01/14T01:13:05z: 84:f3:eb:7d:7:a8
 0h00:06.956 2023/01/14T01:13:05z: SSID: MU Open
 0h00:06.961 2023/01/14T01:13:05z: AP_STAR tmr
 ets Jan  8 2013,rst cause:1, boot mode:(3,7)

load 0x4010f000, len 1384, room 16 
tail 8
chksum 0x2d
csum 0x2d
v8b899c12
~ld


6.01
 0h00:06.904 2023/01/14T01:33:15z: DS3231
 0h00:06.920 2023/01/14T01:33:15z: BME280 (0x76)
 0h00:06.934 2023/01/14T01:33:15z: 84:f3:eb:7d:7:a8
 0h00:06.935 2023/01/14T01:33:15z: SSID: MU Open
 0h00:06.941 2023/01/14T01:33:15z: AP_STAR tmr
 ets Jan  8 2013,rst cause:1, boot mode:(3,7)

load 0x4010f000, len 1384, room 16 
tail 8
chksum 0x2d
csum 0x2d
v8b899c12
~ld


6.01
 0h00:06.737 2023/01/14T01:53:25z: DS3231
 0h00:06.753 2023/01/14T01:53:25z: BME280 (0x76)
 0h00:06.767 2023/01/14T01:53:25z: 84:f3:eb:7d:7:a8
 0h00:06.768 2023/01/14T01:53:25z: SSID: MU Open
 0h00:06.774 2023/01/14T01:53:25z: AP_STAR tmr
 ets Jan  8 2013,rst cause:1, boot mode:(3,7)

load 0x4010f000, len 1384, room 16 
tail 8
chksum 0x2d
csum 0x2d
v8b899c12
~ld


6.01
 0h00:06.961 2023/01/14T02:13:33z: DS3231
 0h00:06.976 2023/01/14T02:13:33z: BME280 (0x76)
 0h00:06.990 2023/01/14T02:13:34z: 84:f3:eb:7d:7:a8
 0h00:06.992 2023/01/14T02:13:34z: SSID: MU Open
 0h00:06.997 2023/01/14T02:13:34z: AP_STAR tmr
 ets Jan  8 2013,rst cause:1, boot mode:(3,7)

load 0x4010f000, len 1384, room 16 
tail 8
chksum 0x2d
csum 0x2d
v8b899c12
~ld


6.01
 0h00:06.755 2023/01/14T02:33:43z: DS3231
 0h00:06.770 2023/01/14T02:33:43z: BME280 (0x76)
 0h00:06.785 2023/01/14T02:33:43z: 84:f3:eb:7d:7:a8
 0h00:06.786 2023/01/14T02:33:43z: SSID: MU Open
 0h00:06.791 2023/01/14T02:33:43z: AP_STAR tmr
 ets Jan  8 2013,rst cause:1, boot mode:(3,7)

load 0x4010f000, len 1384, room 16 
tail 8
chksum 0x2d
csum 0x2d
v8b899c12
~ld


6.01
 0h00:06.932 2023/01/14T02:53:52z: DS3231
 0h00:06.947 2023/01/14T02:53:52z: BME280 (0x76)
 0h00:06.961 2023/01/14T02:53:52z: 84:f3:eb:7d:7:a8
 0h00:06.963 2023/01/14T02:53:52z: SSID: MU Open
 0h00:06.968 2023/01/14T02:53:52z: AP_STAR tmr
 ets Jan  8 2013,rst cause:1, boot mode:(3,7)

load 0x4010f000, len 1384, room 16 
tail 8
chksum 0x2d
csum 0x2d
v8b899c12
~ld


6.01
 0h00:06.568 2023/01/14T03:14:02z: DS3231
 0h00:06.583 2023/01/14T03:14:02z: BME280 (0x76)
 0h00:06.597 2023/01/14T03:14:02z: 84:f3:eb:7d:7:a8
 0h00:06.599 2023/01/14T03:14:02z: SSID: MU Open
 0h00:06.604 2023/01/14T03:14:02z: AP_STAR tmr
 ets Jan  8 2013,rst cause:1, boot mode:(3,7)

load 0x4010f000, len 1384, room 16 
tail 8
chksum 0x2d
csum 0x2d
v8b899c12
~ld


6.01
 0h00:07.134 2023/01/14T03:34:12z: DS3231
 0h00:07.149 2023/01/14T03:34:12z: BME280 (0x76)
 0h00:07.163 2023/01/14T03:34:12z: 84:f3:eb:7d:7:a8
 0h00:07.165 2023/01/14T03:34:12z: SSID: MU Open
 0h00:07.170 2023/01/14T03:34:12z: AP_STAR tmr
 ets Jan  8 2013,rst cause:1, boot mode:(3,7)

load 0x4010f000, len 1384, room 16 
tail 8
chksum 0x2d
csum 0x2d
v8b899c12
~ld


6.01
 0h00:07.218 2023/01/14T03:54:22z: DS3231
 0h00:07.234 2023/01/14T03:54:22z: BME280 (0x76)
 0h00:07.248 2023/01/14T03:54:22z: 84:f3:eb:7d:7:a8
 0h00:07.250 2023/01/14T03:54:22z: SSID: MU Open
 0h00:07.255 2023/01/14T03:54:22z: AP_STAR tmr
 ets Jan  8 2013,rst cause:1, boot mode:(3,7)

load 0x4010f000, len 1384, room 16 
tail 8
chksum 0x2d
csum 0x2d
v8b899c12
~ld


6.01
 0h00:06.986 2023/01/14T04:14:32z: DS3231
 0h00:07.001 2023/01/14T04:14:32z: BME280 (0x76)
 0h00:07.015 2023/01/14T04:14:32z: 84:f3:eb:7d:7:a8
 0h00:07.017 2023/01/14T04:14:32z: SSID: MU Open
 0h00:07.022 2023/01/14T04:14:32z: AP_STAR tmr
 ets Jan  8 2013,rst cause:1, boot mode:(3,7)

load 0x4010f000, len 1384, room 16 
tail 8
chksum 0x2d
csum 0x2d
v8b899c12
~ld


6.01
 0h00:06.954 2023/01/14T04:34:42z: DS3231
 0h00:06.969 2023/01/14T04:34:42z: BME280 (0x76)
 0h00:06.984 2023/01/14T04:34:42z: 84:f3:eb:7d:7:a8
 0h00:06.985 2023/01/14T04:34:42z: SSID: MU Open
 0h00:06.990 2023/01/14T04:34:42z: AP_STAR tmr
 ets Jan  8 2013,rst cause:1, boot mode:(3,7)

load 0x4010f000, len 1384, room 16 
tail 8
chksum 0x2d
csum 0x2d
v8b899c12
~ld


6.01
 0h00:06.938 2023/01/14T04:54:53z: DS3231
 0h00:06.954 2023/01/14T04:54:53z: BME280 (0x76)
 0h00:06.968 2023/01/14T04:54:53z: 84:f3:eb:7d:7:a8
 0h00:06.969 2023/01/14T04:54:53z: SSID: MU Open
 0h00:06.975 2023/01/14T04:54:53z: AP_STAR tmr
 ets Jan  8 2013,rst cause:1, boot mode:(3,7)

load 0x4010f000, len 1384, room 16 
tail 8
chksum 0x2d
csum 0x2d
v8b899c12
~ld


6.01
 0h00:07.220 2023/01/14T05:15:03z: DS3231
 0h00:07.235 2023/01/14T05:15:03z: BME280 (0x76)
 0h00:07.249 2023/01/14T05:15:03z: 84:f3:eb:7d:7:a8
 0h00:07.251 2023/01/14T05:15:03z: SSID: MU Open
 0h00:07.256 2023/01/14T05:15:03z: AP_STAR tmr
 ets Jan  8 2013,rst cause:1, boot mode:(3,7)

load 0x4010f000, len 1384, room 16 
tail 8
chksum 0x2d
csum 0x2d
v8b899c12
~ld


6.01
 0h00:07.022 2023/01/14T05:35:13z: DS3231
 0h00:07.038 2023/01/14T05:35:13z: BME280 (0x76)
 0h00:07.052 2023/01/14T05:35:13z: 84:f3:eb:7d:7:a8
 0h00:07.054 2023/01/14T05:35:13z: SSID: MU Open
 0h00:07.059 2023/01/14T05:35:13z: AP_STAR tmr
 ets Jan  8 2013,rst cause:1, boot mode:(3,7)

load 0x4010f000, len 1384, room 16 
tail 8
chksum 0x2d
csum 0x2d
v8b899c12
~ld


6.01
 0h00:07.412 2023/01/14T05:55:23z: DS3231
 0h00:07.427 2023/01/14T05:55:23z: BME280 (0x76)
 0h00:07.441 2023/01/14T05:55:23z: 84:f3:eb:7d:7:a8
 0h00:07.443 2023/01/14T05:55:23z: SSID: MU Open
 0h00:07.448 2023/01/14T05:55:23z: AP_STAR tmr
 ets Jan  8 2013,rst cause:1, boot mode:(3,7)

load 0x4010f000, len 1384, room 16 
tail 8
chksum 0x2d
csum 0x2d
v8b899c12
~ld


6.01
 0h00:07.561 2023/01/14T06:15:35z: DS3231
 0h00:07.576 2023/01/14T06:15:35z: BME280 (0x76)
 0h00:07.590 2023/01/14T06:15:35z: 84:f3:eb:7d:7:a8
 0h00:07.592 2023/01/14T06:15:35z: SSID: MU Open
 0h00:07.597 2023/01/14T06:15:35z: AP_STAR tmr
 ets Jan  8 2013,rst cause:1, boot mode:(3,7)

load 0x4010f000, len 1384, room 16 
tail 8
chksum 0x2d
csum 0x2d
v8b899c12
~ld


6.01
 0h00:07.453 2023/01/14T06:35:46z: DS3231
 0h00:07.468 2023/01/14T06:35:46z: BME280 (0x76)
 0h00:07.483 2023/01/14T06:35:46z: 84:f3:eb:7d:7:a8
 0h00:07.484 2023/01/14T06:35:46z: SSID: MU Open
 0h00:07.489 2023/01/14T06:35:46z: AP_STAR tmr
 ets Jan  8 2013,rst cause:1, boot mode:(3,7)

load 0x4010f000, len 1384, room 16 
tail 8
chksum 0x2d
csum 0x2d
v8b899c12
~ld


6.01
 0h00:07.057 2023/01/14T06:55:57z: DS3231
 0h00:07.072 2023/01/14T06:55:57z: BME280 (0x76)
 0h00:07.086 2023/01/14T06:55:57z: 84:f3:eb:7d:7:a8
 0h00:07.088 2023/01/14T06:55:57z: SSID: MU Open
 0h00:07.093 2023/01/14T06:55:57z: AP_STAR tmr
 ets Jan  8 2013,rst cause:1, boot mode:(3,7)

load 0x4010f000, len 1384, room 16 
tail 8
chksum 0x2d
csum 0x2d
v8b899c12
~ld


6.01
 0h00:07.693 2023/01/14T07:16:08z: DS3231
 0h00:07.708 2023/01/14T07:16:08z: BME280 (0x76)
 0h00:07.722 2023/01/14T07:16:08z: 84:f3:eb:7d:7:a8
 0h00:07.724 2023/01/14T07:16:08z: SSID: MU Open
 0h00:07.729 2023/01/14T07:16:08z: AP_STAR tmr
 ets Jan  8 2013,rst cause:1, boot mode:(3,7)

load 0x4010f000, len 1384, room 16 
tail 8
chksum 0x2d
csum 0x2d
v8b899c12
~ld


6.01
 0h00:07.901 2023/01/14T07:36:21z: DS3231
 0h00:07.916 2023/01/14T07:36:21z: BME280 (0x76)
 0h00:07.931 2023/01/14T07:36:21z: 84:f3:eb:7d:7:a8
 0h00:07.932 2023/01/14T07:36:21z: SSID: MU Open
 0h00:07.937 2023/01/14T07:36:21z: AP_STAR tmr
 ets Jan  8 2013,rst cause:1, boot mode:(3,7)

load 0x4010f000, len 1384, room 16 
tail 8
chksum 0x2d
csum 0x2d
v8b899c12
~ld


6.01
 0h00:07.178 2023/01/14T07:56:32z: DS3231
 0h00:07.193 2023/01/14T07:56:32z: BME280 (0x76)
 0h00:07.207 2023/01/14T07:56:32z: 84:f3:eb:7d:7:a8
 0h00:07.209 2023/01/14T07:56:32z: SSID: MU Open
 0h00:07.214 2023/01/14T07:56:32z: AP_STAR tmr
 ets Jan  8 2013,rst cause:1, boot mode:(3,7)

load 0x4010f000, len 1384, room 16 
tail 8
chksum 0x2d
csum 0x2d
v8b899c12
~ld


6.01
 0h00:07.339 2023/01/14T08:16:43z: DS3231
 0h00:07.354 2023/01/14T08:16:43z: BME280 (0x76)
 0h00:07.368 2023/01/14T08:16:43z: 84:f3:eb:7d:7:a8
 0h00:07.370 2023/01/14T08:16:43z: SSID: MU Open
 0h00:07.375 2023/01/14T08:16:43z: AP_STAR tmr
 ets Jan  8 2013,rst cause:1, boot mode:(3,7)

load 0x4010f000, len 1384, room 16 
tail 8
chksum 0x2d
csum 0x2d
v8b899c12
~ld


6.01
 0h00:07.427 2023/01/14T08:36:54z: DS3231
 0h00:07.442 2023/01/14T08:36:54z: BME280 (0x76)
 0h00:07.456 2023/01/14T08:36:54z: 84:f3:eb:7d:7:a8
 0h00:07.458 2023/01/14T08:36:54z: SSID: MU Open
 0h00:07.463 2023/01/14T08:36:54z: AP_STAR tmr
 ets Jan  8 2013,rst cause:1, boot mode:(3,7)

load 0x4010f000, len 1384, room 16 
tail 8
chksum 0x2d
csum 0x2d
v8b899c12
~ld


6.01
 0h00:07.490 2023/01/14T08:57:05z: DS3231
 0h00:07.505 2023/01/14T08:57:05z: BME280 (0x76)
 0h00:07.519 2023/01/14T08:57:05z: 84:f3:eb:7d:7:a8
 0h00:07.521 2023/01/14T08:57:05z: SSID: MU Open
 0h00:07.526 2023/01/14T08:57:05z: AP_STAR tmr
 ets Jan  8 2013,rst cause:1, boot mode:(3,7)

load 0x4010f000, len 1384, room 16 
tail 8
chksum 0x2d
csum 0x2d
v8b899c12
~ld


6.01
 0h00:07.878 2023/01/14T09:17:16z: DS3231
 0h00:07.893 2023/01/14T09:17:16z: BME280 (0x76)
 0h00:07.907 2023/01/14T09:17:16z: 84:f3:eb:7d:7:a8
 0h00:07.909 2023/01/14T09:17:16z: SSID: MU Open
 0h00:07.914 2023/01/14T09:17:16z: AP_STAR tmr
 ets Jan  8 2013,rst cause:1, boot mode:(3,7)

load 0x4010f000, len 1384, room 16 
tail 8
chksum 0x2d
csum 0x2d
v8b899c12
~ld


6.01
 0h00:07.470 2023/01/14T09:37:28z: DS3231
 0h00:07.486 2023/01/14T09:37:28z: BME280 (0x76)
 0h00:07.500 2023/01/14T09:37:28z: 84:f3:eb:7d:7:a8
 0h00:07.502 2023/01/14T09:37:28z: SSID: MU Open
 0h00:07.507 2023/01/14T09:37:28z: AP_STAR tmr
 ets Jan  8 2013,rst cause:1, boot mode:(3,7)

load 0x4010f000, len 1384, room 16 
tail 8
chksum 0x2d
csum 0x2d
v8b899c12
~ld


6.01
 0h00:06.942 2023/01/14T09:57:39z: DS3231
 0h00:06.957 2023/01/14T09:57:39z: BME280 (0x76)
 0h00:06.971 2023/01/14T09:57:39z: 84:f3:eb:7d:7:a8
 0h00:06.973 2023/01/14T09:57:39z: SSID: MU Open
 0h00:06.978 2023/01/14T09:57:39z: AP_STAR tmr
 ets Jan  8 2013,rst cause:1, boot mode:(3,7)

load 0x4010f000, len 1384, room 16 
tail 8
chksum 0x2d
csum 0x2d
v8b899c12
~ld


6.01
 0h00:06.859 2023/01/14T10:17:48z: DS3231
 0h00:06.874 2023/01/14T10:17:48z: BME280 (0x76)
 0h00:06.888 2023/01/14T10:17:48z: 84:f3:eb:7d:7:a8
 0h00:06.890 2023/01/14T10:17:48z: SSID: MU Open
 0h00:06.895 2023/01/14T10:17:48z: AP_STAR tmr
 ets Jan  8 2013,rst cause:1, boot mode:(3,7)

load 0x4010f000, len 1384, room 16 
tail 8
chksum 0x2d
csum 0x2d
v8b899c12
~ld


6.01
 0h00:06.787 2023/01/14T10:37:58z: DS3231
 0h00:06.802 2023/01/14T10:37:58z: BME280 (0x76)
 0h00:06.816 2023/01/14T10:37:58z: 84:f3:eb:7d:7:a8
 0h00:06.818 2023/01/14T10:37:58z: SSID: MU Open
 0h00:06.823 2023/01/14T10:37:58z: AP_STAR tmr
 ets Jan  8 2013,rst cause:1, boot mode:(3,7)

load 0x4010f000, len 1384, room 16 
tail 8
chksum 0x2d
csum 0x2d
v8b899c12
~ld


6.01
 0h00:06.982 2023/01/14T10:58:08z: DS3231
 0h00:06.997 2023/01/14T10:58:08z: BME280 (0x76)
 0h00:07.011 2023/01/14T10:58:08z: 84:f3:eb:7d:7:a8
 0h00:07.013 2023/01/14T10:58:08z: SSID: MU Open
 0h00:07.018 2023/01/14T10:58:08z: AP_STAR tmr
 ets Jan  8 2013,rst cause:1, boot mode:(3,7)

load 0x4010f000, len 1384, room 16 
tail 8
chksum 0x2d
csum 0x2d
v8b899c12
~ld


6.01
 0h00:07.600 2023/01/14T11:18:19z: DS3231
 0h00:07.615 2023/01/14T11:18:19z: BME280 (0x76)
 0h00:07.629 2023/01/14T11:18:19z: 84:f3:eb:7d:7:a8
 0h00:07.631 2023/01/14T11:18:19z: SSID: MU Open
 0h00:07.636 2023/01/14T11:18:19z: AP_STAR tmr
 ets Jan  8 2013,rst cause:1, boot mode:(3,7)

load 0x4010f000, len 1384, room 16 
tail 8
chksum 0x2d
csum 0x2d
v8b899c12
~ld


6.01
 0h00:07.568 2023/01/14T11:38:31z: DS3231
 0h00:07.583 2023/01/14T11:38:31z: BME280 (0x76)
 0h00:07.597 2023/01/14T11:38:31z: 84:f3:eb:7d:7:a8
 0h00:07.599 2023/01/14T11:38:31z: SSID: MU Open
 0h00:07.604 2023/01/14T11:38:31z: AP_STAR tmr
 ets Jan  8 2013,rst cause:1, boot mode:(3,7)

load 0x4010f000, len 1384, room 16 
tail 8
chksum 0x2d
csum 0x2d
v8b899c12
~ld


6.01
 0h00:07.169 2023/01/14T11:58:42z: DS3231
 0h00:07.184 2023/01/14T11:58:42z: BME280 (0x76)
 0h00:07.198 2023/01/14T11:58:42z: 84:f3:eb:7d:7:a8
 0h00:07.200 2023/01/14T11:58:42z: SSID: MU Open
 0h00:07.205 2023/01/14T11:58:42z: AP_STAR tmr
 ets Jan  8 2013,rst cause:1, boot mode:(3,7)

load 0x4010f000, len 1384, room 16 
tail 8
chksum 0x2d
csum 0x2d
v8b899c12
~ld


6.01
 0h00:07.206 2023/01/14T12:18:53z: DS3231
 0h00:07.221 2023/01/14T12:18:53z: BME280 (0x76)
 0h00:07.235 2023/01/14T12:18:53z: 84:f3:eb:7d:7:a8
 0h00:07.237 2023/01/14T12:18:53z: SSID: MU Open
 0h00:07.242 2023/01/14T12:18:53z: AP_STAR tmr
 ets Jan  8 2013,rst cause:1, boot mode:(3,7)

load 0x4010f000, len 1384, room 16 
tail 8
chksum 0x2d
csum 0x2d
v8b899c12
~ld


6.01
 0h00:07.190 2023/01/14T12:39:03z: DS3231
 0h00:07.205 2023/01/14T12:39:03z: BME280 (0x76)
 0h00:07.219 2023/01/14T12:39:03z: 84:f3:eb:7d:7:a8
 0h00:07.221 2023/01/14T12:39:03z: SSID: MU Open
 0h00:07.226 2023/01/14T12:39:03z: AP_STAR tmr
 ets Jan  8 2013,rst cause:1, boot mode:(3,7)

load 0x4010f000, len 1384, room 16 
tail 8
chksum 0x2d
csum 0x2d
v8b899c12
~ld


6.01
 0h00:07.322 2023/01/14T12:59:14z: DS3231
 0h00:07.337 2023/01/14T12:59:14z: BME280 (0x76)
 0h00:07.351 2023/01/14T12:59:14z: 84:f3:eb:7d:7:a8
 0h00:07.353 2023/01/14T12:59:14z: SSID: MU Open
 0h00:07.358 2023/01/14T12:59:14z: AP_STAR tmr
 ets Jan  8 2013,rst cause:1, boot mode:(3,7)

load 0x4010f000, len 1384, room 16 
tail 8
chksum 0x2d
csum 0x2d
v8b899c12
~ld


6.01
 0h00:07.119 2023/01/14T13:19:24z: DS3231
 0h00:07.134 2023/01/14T13:19:24z: BME280 (0x76)
 0h00:07.148 2023/01/14T13:19:24z: 84:f3:eb:7d:7:a8
 0h00:07.150 2023/01/14T13:19:24z: SSID: MU Open
 0h00:07.155 2023/01/14T13:19:24z: AP_STAR tmr
 ets Jan  8 2013,rst cause:1, boot mode:(3,7)

load 0x4010f000, len 1384, room 16 
tail 8
chksum 0x2d
csum 0x2d
v8b899c12
~ld


6.01
 0h00:07.322 2023/01/14T13:39:34z: DS3231
 0h00:07.338 2023/01/14T13:39:34z: BME280 (0x76)
 0h00:07.352 2023/01/14T13:39:34z: 84:f3:eb:7d:7:a8
 0h00:07.354 2023/01/14T13:39:34z: SSID: MU Open
 0h00:07.359 2023/01/14T13:39:34z: AP_STAR tmr
 ets Jan  8 2013,rst cause:1, boot mode:(3,7)

load 0x4010f000, len 1384, room 16 
tail 8
chksum 0x2d
csum 0x2d
v8b899c12
~ld


6.01
 0h00:07.196 2023/01/14T13:59:45z: DS3231
 0h00:07.211 2023/01/14T13:59:45z: BME280 (0x76)
 0h00:07.225 2023/01/14T13:59:45z: 84:f3:eb:7d:7:a8
 0h00:07.227 2023/01/14T13:59:45z: SSID: MU Open
 0h00:07.232 2023/01/14T13:59:45z: AP_STAR tmr
 ets Jan  8 2013,rst cause:1, boot mode:(3,7)

load 0x4010f000, len 1384, room 16 
tail 8
chksum 0x2d
csum 0x2d
v8b899c12
~ld


6.01
 0h00:06.989 2023/01/14T14:19:55z: DS3231
 0h00:07.004 2023/01/14T14:19:55z: BME280 (0x76)
 0h00:07.019 2023/01/14T14:19:55z: 84:f3:eb:7d:7:a8
 0h00:07.020 2023/01/14T14:19:55z: SSID: MU Open
 0h00:07.025 2023/01/14T14:19:55z: AP_STAR tmr
 ets Jan  8 2013,rst cause:1, boot mode:(3,7)

load 0x4010f000, len 1384, room 16 
tail 8
chksum 0x2d
csum 0x2d
v8b899c12
~ld


6.01
 0h00:07.547 2023/01/14T14:40:06z: DS3231
 0h00:07.562 2023/01/14T14:40:06z: BME280 (0x76)
 0h00:07.576 2023/01/14T14:40:06z: 84:f3:eb:7d:7:a8
 0h00:07.578 2023/01/14T14:40:06z: SSID: MU Open
 0h00:07.583 2023/01/14T14:40:06z: AP_STAR tmr
 ets Jan  8 2013,rst cause:1, boot mode:(3,7)

load 0x4010f000, len 1384, room 16 
tail 8
chksum 0x2d
csum 0x2d
v8b899c12
~ld


6.01
 0h00:07.390 2023/01/14T15:00:17z: DS3231
 0h00:07.406 2023/01/14T15:00:17z: BME280 (0x76)
 0h00:07.420 2023/01/14T15:00:17z: 84:f3:eb:7d:7:a8
 0h00:07.421 2023/01/14T15:00:17z: SSID: MU Open
 0h00:07.427 2023/01/14T15:00:17z: AP_STAR tmr
 ets Jan  8 2013,rst cause:1, boot mode:(3,7)

load 0x4010f000, len 1384, room 16 
tail 8
chksum 0x2d
csum 0x2d
v8b899c12
~ld


6.01
 0h00:07.080 2023/01/14T15:20:27z: DS3231
 0h00:07.095 2023/01/14T15:20:27z: BME280 (0x76)
 0h00:07.109 2023/01/14T15:20:27z: 84:f3:eb:7d:7:a8
 0h00:07.111 2023/01/14T15:20:27z: SSID: MU Open
 0h00:07.116 2023/01/14T15:20:27z: AP_STAR tmr
 ets Jan  8 2013,rst cause:1, boot mode:(3,7)

load 0x4010f000, len 1384, room 16 
tail 8
chksum 0x2d
csum 0x2d
v8b899c12
~ld


6.01
 0h00:07.286 2023/01/14T15:40:38z: DS3231
 0h00:07.301 2023/01/14T15:40:38z: BME280 (0x76)
 0h00:07.315 2023/01/14T15:40:38z: 84:f3:eb:7d:7:a8
 0h00:07.317 2023/01/14T15:40:38z: SSID: MU Open
 0h00:07.322 2023/01/14T15:40:38z: AP_STAR tmr
 ets Jan  8 2013,rst cause:1, boot mode:(3,7)

load 0x4010f000, len 1384, room 16 
tail 8
chksum 0x2d
csum 0x2d
v8b899c12
~ld


6.01
 0h00:07.345 2023/01/14T16:00:49z: DS3231
 0h00:07.360 2023/01/14T16:00:49z: BME280 (0x76)
 0h00:07.375 2023/01/14T16:00:49z: 84:f3:eb:7d:7:a8
 0h00:07.376 2023/01/14T16:00:49z: SSID: MU Open
 0h00:07.381 2023/01/14T16:00:49z: AP_STAR tmr
 ets Jan  8 2013,rst cause:1, boot mode:(3,7)

load 0x4010f000, len 1384, room 16 
tail 8
chksum 0x2d
csum 0x2d
v8b899c12
~ld


6.01
 0h00:06.957 2023/01/14T16:20:59z: DS3231
 0h00:06.972 2023/01/14T16:20:59z: BME280 (0x76)
 0h00:06.987 2023/01/14T16:20:59z: 84:f3:eb:7d:7:a8
 0h00:06.988 2023/01/14T16:20:59z: SSID: MU Open
 0h00:06.993 2023/01/14T16:20:59z: AP_STAR tmr
 ets Jan  8 2013,rst cause:1, boot mode:(3,7)

load 0x4010f000, len 1384, room 16 
tail 8
chksum 0x2d
csum 0x2d
v8b899c12
~ld


6.01
 0h00:07.181 2023/01/14T16:41:10z: DS3231
 0h00:07.197 2023/01/14T16:41:10z: BME280 (0x76)
 0h00:07.211 2023/01/14T16:41:10z: 84:f3:eb:7d:7:a8
 0h00:07.212 2023/01/14T16:41:10z: SSID: MU Open
 0h00:07.218 2023/01/14T16:41:10z: AP_STAR tmr
 ets Jan  8 2013,rst cause:1, boot mode:(3,7)

load 0x4010f000, len 1384, room 16 
tail 8
chksum 0x2d
csum 0x2d
v8b899c12
~ld


6.01
 0h00:07.307 2023/01/14T17:01:21z: DS3231
 0h00:07.322 2023/01/14T17:01:21z: BME280 (0x76)
 0h00:07.336 2023/01/14T17:01:21z: 84:f3:eb:7d:7:a8
 0h00:07.338 2023/01/14T17:01:21z: SSID: MU Open
 0h00:07.343 2023/01/14T17:01:21z: AP_STAR tmr
 ets Jan  8 2013,rst cause:1, boot mode:(3,7)

load 0x4010f000, len 1384, room 16 
tail 8
chksum 0x2d
csum 0x2d
v8b899c12
~ld


6.01
 0h00:07.343 2023/01/14T17:21:31z: DS3231
 0h00:07.358 2023/01/14T17:21:31z: BME280 (0x76)
 0h00:07.372 2023/01/14T17:21:31z: 84:f3:eb:7d:7:a8
 0h00:07.374 2023/01/14T17:21:31z: SSID: MU Open
 0h00:07.379 2023/01/14T17:21:31z: AP_STAR tmr
 ets Jan  8 2013,rst cause:1, boot mode:(3,7)

load 0x4010f000, len 1384, room 16 
tail 8
chksum 0x2d
csum 0x2d
v8b899c12
~ld


6.01
 0h00:07.060 2023/01/14T17:41:42z: DS3231
 0h00:07.076 2023/01/14T17:41:42z: BME280 (0x76)
 0h00:07.090 2023/01/14T17:41:42z: 84:f3:eb:7d:7:a8
 0h00:07.092 2023/01/14T17:41:42z: SSID: MU Open
 0h00:07.097 2023/01/14T17:41:42z: AP_STAR tmr
 ets Jan  8 2013,rst cause:1, boot mode:(3,7)

load 0x4010f000, len 1384, room 16 
tail 8
chksum 0x2d
csum 0x2d
v8b899c12
~ld


6.01
 0h00:06.496 2023/01/14T18:01:52z: DS3231
 0h00:06.512 2023/01/14T18:01:52z: BME280 (0x76)
 0h00:06.526 2023/01/14T18:01:52z: 84:f3:eb:7d:7:a8
 0h00:06.527 2023/01/14T18:01:52z: SSID: MU Open
 0h00:06.533 2023/01/14T18:01:52z: AP_STAR tmr
 ets Jan  8 2013,rst cause:1, boot mode:(3,7)

load 0x4010f000, len 1384, room 16 
tail 8
chksum 0x2d
csum 0x2d
v8b899c12
~ld


6.01
 0h00:06.932 2023/01/14T18:22:01z: DS3231
 0h00:06.947 2023/01/14T18:22:01z: BME280 (0x76)
 0h00:06.961 2023/01/14T18:22:01z: 84:f3:eb:7d:7:a8
 0h00:06.963 2023/01/14T18:22:01z: SSID: MU Open
 0h00:06.968 2023/01/14T18:22:01z: AP_STAR tmr
 ets Jan  8 2013,rst cause:1, boot mode:(3,7)

load 0x4010f000, len 1384, room 16 
tail 8
chksum 0x2d
csum 0x2d
v8b899c12
~ld


6.01
 0h00:06.843 2023/01/14T18:42:11z: DS3231
 0h00:06.859 2023/01/14T18:42:11z: BME280 (0x76)
 0h00:06.873 2023/01/14T18:42:11z: 84:f3:eb:7d:7:a8
 0h00:06.875 2023/01/14T18:42:11z: SSID: MU Open
 0h00:06.880 2023/01/14T18:42:11z: AP_STAR tmr
 ets Jan  8 2013,rst cause:1, boot mode:(3,7)

load 0x4010f000, len 1384, room 16 
tail 8
chksum 0x2d
csum 0x2d
v8b899c12
~ld


6.01
 0h00:06.835 2023/01/14T19:02:21z: DS3231
 0h00:06.850 2023/01/14T19:02:21z: BME280 (0x76)
 0h00:06.864 2023/01/14T19:02:21z: 84:f3:eb:7d:7:a8
 0h00:06.866 2023/01/14T19:02:21z: SSID: MU Open
 0h00:06.871 2023/01/14T19:02:21z: AP_STAR tmr
 ets Jan  8 2013,rst cause:1, boot mode:(3,7)

load 0x4010f000, len 1384, room 16 
tail 8
chksum 0x2d
csum 0x2d
v8b899c12
~ld


6.01
 0h00:06.775 2023/01/14T19:22:31z: DS3231
 0h00:06.790 2023/01/14T19:22:31z: BME280 (0x76)
 0h00:06.804 2023/01/14T19:22:31z: 84:f3:eb:7d:7:a8
 0h00:06.806 2023/01/14T19:22:31z: SSID: MU Open
 0h00:06.811 2023/01/14T19:22:31z: AP_STAR tmr
 ets Jan  8 2013,rst cause:1, boot mode:(3,7)

load 0x4010f000, len 1384, room 16 
tail 8
chksum 0x2d
csum 0x2d
v8b899c12
~ld


6.01
 0h00:06.606 2023/01/14T19:42:40z: DS3231
 0h00:06.621 2023/01/14T19:42:40z: BME280 (0x76)
 0h00:06.635 2023/01/14T19:42:40z: 84:f3:eb:7d:7:a8
 0h00:06.637 2023/01/14T19:42:40z: SSID: MU Open
 0h00:06.642 2023/01/14T19:42:40z: AP_STAR tmr
 ets Jan  8 2013,rst cause:1, boot mode:(3,7)

load 0x4010f000, len 1384, room 16 
tail 8
chksum 0x2d
csum 0x2d
v8b899c12
~ld


6.01
 0h00:06.677 2023/01/14T20:02:49z: DS3231
 0h00:06.692 2023/01/14T20:02:49z: BME280 (0x76)
 0h00:06.706 2023/01/14T20:02:49z: 84:f3:eb:7d:7:a8
 0h00:06.708 2023/01/14T20:02:49z: SSID: MU Open
 0h00:06.713 2023/01/14T20:02:49z: AP_STAR tmr
 ets Jan  8 2013,rst cause:1, boot mode:(3,7)

load 0x4010f000, len 1384, room 16 
tail 8
chksum 0x2d
csum 0x2d
v8b899c12
~ld


6.01
 0h00:06.719 2023/01/14T20:22:58z: DS3231
 0h00:06.734 2023/01/14T20:22:58z: BME280 (0x76)
 0h00:06.748 2023/01/14T20:22:58z: 84:f3:eb:7d:7:a8
 0h00:06.750 2023/01/14T20:22:58z: SSID: MU Open
 0h00:06.755 2023/01/14T20:22:58z: AP_STAR tmr
 ets Jan  8 2013,rst cause:1, boot mode:(3,7)

load 0x4010f000, len 1384, room 16 
tail 8
chksum 0x2d
csum 0x2d
v8b899c12
~ld


6.01
 0h00:06.419 2023/01/14T20:43:07z: DS3231
 0h00:06.435 2023/01/14T20:43:07z: BME280 (0x76)
 0h00:06.449 2023/01/14T20:43:07z: 84:f3:eb:7d:7:a8
 0h00:06.450 2023/01/14T20:43:07z: SSID: MU Open
 0h00:06.456 2023/01/14T20:43:07z: AP_STAR tmr
 ets Jan  8 2013,rst cause:1, boot mode:(3,7)

load 0x4010f000, len 1384, room 16 
tail 8
chksum 0x2d
csum 0x2d
v8b899c12
~ld


6.01
 0h00:06.506 2023/01/14T21:03:16z: DS3231
 0h00:06.521 2023/01/14T21:03:16z: BME280 (0x76)
 0h00:06.535 2023/01/14T21:03:16z: 84:f3:eb:7d:7:a8
 0h00:06.537 2023/01/14T21:03:16z: SSID: MU Open
 0h00:06.542 2023/01/14T21:03:16z: AP_STAR tmr
 ets Jan  8 2013,rst cause:1, boot mode:(3,7)

load 0x4010f000, len 1384, room 16 
tail 8
chksum 0x2d
csum 0x2d
v8b899c12
~ld


6.01
 0h00:06.810 2023/01/14T21:23:25z: DS3231
 0h00:06.826 2023/01/14T21:23:25z: BME280 (0x76)
 0h00:06.840 2023/01/14T21:23:25z: 84:f3:eb:7d:7:a8
 0h00:06.842 2023/01/14T21:23:25z: SSID: MU Open
 0h00:06.847 2023/01/14T21:23:25z: AP_STAR tmr
 ets Jan  8 2013,rst cause:1, boot mode:(3,7)

load 0x4010f000, len 1384, room 16 
tail 8
chksum 0x2d
csum 0x2d
v8b899c12
~ld


6.01
 0h00:06.898 2023/01/14T21:43:35z: DS3231
 0h00:06.913 2023/01/14T21:43:35z: BME280 (0x76)
 0h00:06.927 2023/01/14T21:43:35z: 84:f3:eb:7d:7:a8
 0h00:06.929 2023/01/14T21:43:35z: SSID: MU Open
 0h00:06.934 2023/01/14T21:43:35z: AP_STAR tmr
 ets Jan  8 2013,rst cause:1, boot mode:(3,7)

load 0x4010f000, len 1384, room 16 
tail 8
chksum 0x2d
csum 0x2d
v8b899c12
~ld


6.01
 0h00:06.809 2023/01/14T22:03:45z: DS3231
 0h00:06.824 2023/01/14T22:03:45z: BME280 (0x76)
 0h00:06.839 2023/01/14T22:03:45z: 84:f3:eb:7d:7:a8
 0h00:06.840 2023/01/14T22:03:45z: SSID: MU Open
 0h00:06.845 2023/01/14T22:03:45z: AP_STAR tmr
 ets Jan  8 2013,rst cause:1, boot mode:(3,7)

load 0x4010f000, len 1384, room 16 
tail 8
chksum 0x2d
csum 0x2d
v8b899c12
~ld


6.01
 0h00:07.229 2023/01/14T22:23:56z: DS3231
 0h00:07.244 2023/01/14T22:23:56z: BME280 (0x76)
 0h00:07.259 2023/01/14T22:23:56z: 84:f3:eb:7d:7:a8
 0h00:07.260 2023/01/14T22:23:56z: SSID: MU Open
 0h00:07.265 2023/01/14T22:23:56z: AP_STAR tmr
 ets Jan  8 2013,rst cause:1, boot mode:(3,7)

load 0x4010f000, len 1384, room 16 
tail 8
chksum 0x2d
csum 0x2d
v8b899c12
~ld


6.01
 0h00:07.012 2023/01/14T22:44:06z: DS3231
 0h00:07.028 2023/01/14T22:44:06z: BME280 (0x76)
 0h00:07.042 2023/01/14T22:44:06z: 84:f3:eb:7d:7:a8
 0h00:07.043 2023/01/14T22:44:06z: SSID: MU Open
 0h00:07.049 2023/01/14T22:44:06z: AP_STAR tmr
 ets Jan  8 2013,rst cause:1, boot mode:(3,7)

load 0x4010f000, len 1384, room 16 
tail 8
chksum 0x2d
csum 0x2d
v8b899c12
~ld


6.01
 0h00:07.032 2023/01/14T23:04:16z: DS3231
 0h00:07.047 2023/01/14T23:04:16z: BME280 (0x76)
 0h00:07.061 2023/01/14T23:04:16z: 84:f3:eb:7d:7:a8
 0h00:07.063 2023/01/14T23:04:16z: SSID: MU Open
 0h00:07.068 2023/01/14T23:04:16z: AP_STAR tmr
 ets Jan  8 2013,rst cause:1, boot mode:(3,7)

load 0x4010f000, len 1384, room 16 
tail 8
chksum 0x2d
csum 0x2d
v8b899c12
~ld


6.01
 0h00:07.198 2023/01/14T23:24:26z: DS3231
 0h00:07.213 2023/01/14T23:24:26z: BME280 (0x76)
 0h00:07.227 2023/01/14T23:24:26z: 84:f3:eb:7d:7:a8
 0h00:07.229 2023/01/14T23:24:26z: SSID: MU Open
 0h00:07.234 2023/01/14T23:24:26z: AP_STAR tmr
 ets Jan  8 2013,rst cause:1, boot mode:(3,7)

load 0x4010f000, len 1384, room 16 
tail 8
chksum 0x2d
csum 0x2d
v8b899c12
~ld


6.01
 0h00:07.014 2023/01/14T23:44:36z: DS3231
 0h00:07.029 2023/01/14T23:44:36z: BME280 (0x76)
 0h00:07.044 2023/01/14T23:44:36z: 84:f3:eb:7d:7:a8
 0h00:07.045 2023/01/14T23:44:36z: SSID: MU Open
 0h00:07.050 2023/01/14T23:44:36z: AP_STA