R tmr
 ets Jan  8 2013,rst cause:1, boot mode:(3,7)

load 0x4010f000, len 1384, room 16 
tail 8
chksum 0x2d
csum 0x2d
v8b899c12
~ld


6.01
 0h00:06.935 2023/01/18T00:19:07z: DS3231
 0h00:06.951 2023/01/18T00:19:07z: BME280 (0x76)
 0h00:06.965 2023/01/18T00:19:07z: 84:f3:eb:7d:7:a8
 0h00:06.966 2023/01/18T00:19:07z: SSID: MU Open
 0h00:06.972 2023/01/18T00:19:07z: AP_STAR tmr
 ets Jan  8 2013,rst cause:1, boot mode:(3,7)

load 0x4010f000, len 1384, room 16 
tail 8
chksum 0x2d
csum 0x2d
v8b899c12
~ld


6.01
 0h00:07.117 2023/01/18T00:39:17z: DS3231
 0h00:07.133 2023/01/18T00:39:17z: BME280 (0x76)
 0h00:07.147 2023/01/18T00:39:17z: 84:f3:eb:7d:7:a8
 0h00:07.149 2023/01/18T00:39:17z: SSID: MU Open
 0h00:07.154 2023/01/18T00:39:17z: AP_STAR tmr
 ets Jan  8 2013,rst cause:1, boot mode:(3,7)

load 0x4010f000, len 1384, room 16 
tail 8
chksum 0x2d
csum 0x2d
v8b899c12
~ld


6.01
 0h00:06.869 2023/01/18T00:59:26z: DS3231
 0h00:06.885 2023/01/18T00:59:26z: BME280 (0x76)
 0h00:06.899 2023/01/18T00:59:26z: 84:f3:eb:7d:7:a8
 0h00:06.900 2023/01/18T00:59:26z: SSID: MU Open
 0h00:06.906 2023/01/18T00:59:26z: AP_STAR tmr
 ets Jan  8 2013,rst cause:1, boot mode:(3,7)

load 0x4010f000, len 1384, room 16 
tail 8
chksum 0x2d
csum 0x2d
v8b899c12
~ld


6.01
 0h00:06.485 2023/01/18T01:19:36z: DS3231
 0h00:06.501 2023/01/18T01:19:36z: BME280 (0x76)
 0h00:06.515 2023/01/18T01:19:36z: 84:f3:eb:7d:7:a8
 0h00:06.516 2023/01/18T01:19:36z: SSID: MU Open
 0h00:06.522 2023/01/18T01:19:36z: AP_STAR tmr
 ets Jan  8 2013,rst cause:1, boot mode:(3,7)

load 0x4010f000, len 1384, room 16 
tail 8
chksum 0x2d
csum 0x2d
v8b899c12
~ld


6.01
 0h00:06.557 2023/01/18T01:39:45z: DS3231
 0h00:06.572 2023/01/18T01:39:45z: BME280 (0x76)
 0h00:06.586 2023/01/18T01:39:45z: 84:f3:eb:7d:7:a8
 0h00:06.588 2023/01/18T01:39:45z: SSID: MU Open
 0h00:06.593 2023/01/18T01:39:45z: AP_STAR tmr
 ets Jan  8 2013,rst cause:1, boot mode:(3,7)

load 0x4010f000, len 1384, room 16 
tail 8
chksum 0x2d
csum 0x2d
v8b899c12
~ld


6.01
 0h00:06.528 2023/01/18T01:59:54z: DS3231
 0h00:06.543 2023/01/18T01:59:54z: BME280 (0x76)
 0h00:06.557 2023/01/18T01:59:54z: 84:f3:eb:7d:7:a8
 0h00:06.559 2023/01/18T01:59:54z: SSID: MU Open
 0h00:06.564 2023/01/18T01:59:54z: AP_STAR tmr
 ets Jan  8 2013,rst cause:1, boot mode:(3,7)

load 0x4010f000, len 1384, room 16 
tail 8
chksum 0x2d
csum 0x2d
v8b899c12
~ld


6.01
 0h00:06.412 2023/01/18T02:20:03z: DS3231
 0h00:06.427 2023/01/18T02:20:03z: BME280 (0x76)
 0h00:06.441 2023/01/18T02:20:03z: 84:f3:eb:7d:7:a8
 0h00:06.443 2023/01/18T02:20:03z: SSID: MU Open
 0h00:06.448 2023/01/18T02:20:03z: AP_STAR tmr
 ets Jan  8 2013,rst cause:1, boot mode:(3,7)

load 0x4010f000, len 1384, room 16 
tail 8
chksum 0x2d
csum 0x2d
v8b899c12
~ld


6.01
 0h00:06.518 2023/01/18T02:40:11z: DS3231
 0h00:06.534 2023/01/18T02:40:11z: BME280 (0x76)
 0h00:06.548 2023/01/18T02:40:11z: 84:f3:eb:7d:7:a8
 0h00:06.550 2023/01/18T02:40:11z: SSID: MU Open
 0h00:06.555 2023/01/18T02:40:11z: AP_STAR tmr
 ets Jan  8 2013,rst cause:1, boot mode:(3,7)

load 0x4010f000, len 1384, room 16 
tail 8
chksum 0x2d
csum 0x2d
v8b899c12
~ld


6.01
 0h00:06.561 2023/01/18T03:00:20z: DS3231
 0h00:06.576 2023/01/18T03:00:20z: BME280 (0x76)
 0h00:06.590 2023/01/18T03:00:20z: 84:f3:eb:7d:7:a8
 0h00:06.592 2023/01/18T03:00:20z: SSID: MU Open
 0h00:06.597 2023/01/18T03:00:20z: AP_STAR tmr
 ets Jan  8 2013,rst cause:1, boot mode:(3,7)

load 0x4010f000, len 1384, room 16 
tail 8
chksum 0x2d
csum 0x2d
v8b899c12
~ld


6.01
 0h00:06.508 2023/01/18T03:20:28z: DS3231
 0h00:06.524 2023/01/18T03:20:28z: BME280 (0x76)
 0h00:06.538 2023/01/18T03:20:28z: 84:f3:eb:7d:7:a8
 0h00:06.539 2023/01/18T03:20:28z: SSID: MU Open
 0h00:06.545 2023/01/18T03:20:28z: AP_STAR tmr
 ets Jan  8 2013,rst cause:1, boot mode:(3,7)

load 0x4010f000, len 1384, room 16 
tail 8
chksum 0x2d
csum 0x2d
v8b899c12
~ld


6.01
 0h00:06.519 2023/01/18T03:40:38z: DS3231
 0h00:06.534 2023/01/18T03:40:38z: BME280 (0x76)
 0h00:06.548 2023/01/18T03:40:38z: 84:f3:eb:7d:7:a8
 0h00:06.550 2023/01/18T03:40:38z: SSID: MU Open
 0h00:06.555 2023/01/18T03:40:38z: AP_STAR tmr
 ets Jan  8 2013,rst cause:1, boot mode:(3,7)

load 0x4010f000, len 1384, room 16 
tail 8
chksum 0x2d
csum 0x2d
v8b899c12
~ld


6.01
 0h00:06.045 2023/01/18T04:00:46z: DS3231
 0h00:06.060 2023/01/18T04:00:46z: BME280 (0x76)
 0h00:06.074 2023/01/18T04:00:46z: 84:f3:eb:7d:7:a8
 0h00:06.076 2023/01/18T04:00:46z: SSID: MU Open
 0h00:06.081 2023/01/18T04:00:46z: AP_STAR tmr
 ets Jan  8 2013,rst cause:1, boot mode:(3,7)

load 0x4010f000, len 1384, room 16 
tail 8
chksum 0x2d
csum 0x2d
v8b899c12
~ld


6.01
 0h00:06.604 2023/01/18T04:20:55z: DS3231
 0h00:06.620 2023/01/18T04:20:55z: BME280 (0x76)
 0h00:06.634 2023/01/18T04:20:55z: 84:f3:eb:7d:7:a8
 0h00:06.635 2023/01/18T04:20:55z: SSID: MU Open
 0h00:06.641 2023/01/18T04:20:55z: AP_STAR tmr
 ets Jan  8 2013,rst cause:1, boot mode:(3,7)

load 0x4010f000, len 1384, room 16 
tail 8
chksum 0x2d
csum 0x2d
v8b899c12
~ld


6.01
 0h00:06.574 2023/01/18T04:41:04z: DS3231
 0h00:06.589 2023/01/18T04:41:04z: BME280 (0x76)
 0h00:06.603 2023/01/18T04:41:04z: 84:f3:eb:7d:7:a8
 0h00:06.605 2023/01/18T04:41:04z: SSID: MU Open
 0h00:06.610 2023/01/18T04:41:04z: AP_STAR tmr
 ets Jan  8 2013,rst cause:1, boot mode:(3,7)

load 0x4010f000, len 1384, room 16 
tail 8
chksum 0x2d
csum 0x2d
v8b899c12
~ld


6.01
 0h00:06.678 2023/01/18T05:01:14z: DS3231
 0h00:06.694 2023/01/18T05:01:14z: BME280 (0x76)
 0h00:06.708 2023/01/18T05:01:14z: 84:f3:eb:7d:7:a8
 0h00:06.709 2023/01/18T05:01:14z: SSID: MU Open
 0h00:06.715 2023/01/18T05:01:14z: AP_STAR tmr
 ets Jan  8 2013,rst cause:1, boot mode:(3,7)

load 0x4010f000, len 1384, room 16 
tail 8
chksum 0x2d
csum 0x2d
v8b899c12
~ld


6.01
 0h00:06.534 2023/01/18T05:21:22z: DS3231
 0h00:06.549 2023/01/18T05:21:22z: BME280 (0x76)
 0h00:06.564 2023/01/18T05:21:22z: 84:f3:eb:7d:7:a8
 0h00:06.565 2023/01/18T05:21:22z: SSID: MU Open
 0h00:06.570 2023/01/18T05:21:22z: AP_STAR tmr
 ets Jan  8 2013,rst cause:1, boot mode:(3,7)

load 0x4010f000, len 1384, room 16 
tail 8
chksum 0x2d
csum 0x2d
v8b899c12
~ld


6.01
 0h00:06.528 2023/01/18T05:41:31z: DS3231
 0h00:06.543 2023/01/18T05:41:31z: BME280 (0x76)
 0h00:06.557 2023/01/18T05:41:31z: 84:f3:eb:7d:7:a8
 0h00:06.559 2023/01/18T05:41:31z: SSID: MU Open
 0h00:06.564 2023/01/18T05:41:31z: AP_STAR tmr
 ets Jan  8 2013,rst cause:1, boot mode:(3,7)

load 0x4010f000, len 1384, room 16 
tail 8
chksum 0x2d
csum 0x2d
v8b899c12
~ld


6.01
 0h00:06.661 2023/01/18T06:01:40z: DS3231
 0h00:06.676 2023/01/18T06:01:40z: BME280 (0x76)
 0h00:06.690 2023/01/18T06:01:40z: 84:f3:eb:7d:7:a8
 0h00:06.692 2023/01/18T06:01:40z: SSID: MU Open
 0h00:06.697 2023/01/18T06:01:40z: AP_STAR tmr
 ets Jan  8 2013,rst cause:1, boot mode:(3,7)

load 0x4010f000, len 1384, room 16 
tail 8
chksum 0x2d
csum 0x2d
v8b899c12
~ld


6.01
 0h00:06.277 2023/01/18T06:21:48z: DS3231
 0h00:06.292 2023/01/18T06:21:48z: BME280 (0x76)
 0h00:06.306 2023/01/18T06:21:48z: 84:f3:eb:7d:7:a8
 0h00:06.308 2023/01/18T06:21:48z: SSID: MU Open
 0h00:06.313 2023/01/18T06:21:48z: AP_STAR tmr
 ets Jan  8 2013,rst cause:1, boot mode:(3,7)

load 0x4010f000, len 1384, room 16 
tail 8
chksum 0x2d
csum 0x2d
v8b899c12
~ld


6.01
 0h00:06.387 2023/01/18T06:41:57z: DS3231
 0h00:06.403 2023/01/18T06:41:57z: BME280 (0x76)
 0h00:06.417 2023/01/18T06:41:57z: 84:f3:eb:7d:7:a8
 0h00:06.419 2023/01/18T06:41:57z: SSID: MU Open
 0h00:06.424 2023/01/18T06:41:57z: AP_STAR tmr
 ets Jan  8 2013,rst cause:1, boot mode:(3,7)

load 0x4010f000, len 1384, room 16 
tail 8
chksum 0x2d
csum 0x2d
v8b899c12
~ld


6.01
 0h00:06.676 2023/01/18T07:02:06z: DS3231
 0h00:06.692 2023/01/18T07:02:06z: BME280 (0x76)
 0h00:06.706 2023/01/18T07:02:06z: 84:f3:eb:7d:7:a8
 0h00:06.707 2023/01/18T07:02:06z: SSID: MU Open
 0h00:06.713 2023/01/18T07:02:06z: AP_STAR tmr
 ets Jan  8 2013,rst cause:1, boot mode:(3,7)

load 0x4010f000, len 1384, room 16 
tail 8
chksum 0x2d
csum 0x2d
v8b899c12
~ld


6.01
 0h00:06.537 2023/01/18T07:22:15z: DS3231
 0h00:06.552 2023/01/18T07:22:15z: BME280 (0x76)
 0h00:06.566 2023/01/18T07:22:15z: 84:f3:eb:7d:7:a8
 0h00:06.568 2023/01/18T07:22:15z: SSID: MU Open
 0h00:06.573 2023/01/18T07:22:15z: AP_STAR tmr
 ets Jan  8 2013,rst cause:1, boot mode:(3,7)

load 0x4010f000, len 1384, room 16 
tail 8
chksum 0x2d
csum 0x2d
v8b899c12
~ld


6.01
 0h00:06.369 2023/01/18T07:42:25z: DS3231
 0h00:06.384 2023/01/18T07:42:25z: BME280 (0x76)
 0h00:06.398 2023/01/18T07:42:25z: 84:f3:eb:7d:7:a8
 0h00:06.400 2023/01/18T07:42:25z: SSID: MU Open
 0h00:06.405 2023/01/18T07:42:25z: AP_STAR tmr
 ets Jan  8 2013,rst cause:1, boot mode:(3,7)

load 0x4010f000, len 1384, room 16 
tail 8
chksum 0x2d
csum 0x2d
v8b899c12
~ld


6.01
 0h00:06.590 2023/01/18T08:02:34z: DS3231
 0h00:06.605 2023/01/18T08:02:34z: BME280 (0x76)
 0h00:06.620 2023/01/18T08:02:34z: 84:f3:eb:7d:7:a8
 0h00:06.621 2023/01/18T08:02:34z: SSID: MU Open
 0h00:06.626 2023/01/18T08:02:34z: AP_STAR tmr
 ets Jan  8 2013,rst cause:1, boot mode:(3,7)

load 0x4010f000, len 1384, room 16 
tail 8
chksum 0x2d
csum 0x2d
v8b899c12
~ld


6.01
 0h00:06.550 2023/01/18T08:22:43z: DS3231
 0h00:06.565 2023/01/18T08:22:43z: BME280 (0x76)
 0h00:06.579 2023/01/18T08:22:43z: 84:f3:eb:7d:7:a8
 0h00:06.581 2023/01/18T08:22:43z: SSID: MU Open
 0h00:06.586 2023/01/18T08:22:43z: AP_STAR tmr
 ets Jan  8 2013,rst cause:1, boot mode:(3,7)

load 0x4010f000, len 1384, room 16 
tail 8
chksum 0x2d
csum 0x2d
v8b899c12
~ld


6.01
 0h00:06.812 2023/01/18T08:42:53z: DS3231
 0h00:06.828 2023/01/18T08:42:53z: BME280 (0x76)
 0h00:06.842 2023/01/18T08:42:53z: 84:f3:eb:7d:7:a8
 0h00:06.844 2023/01/18T08:42:53z: SSID: MU Open
 0h00:06.849 2023/01/18T08:42:53z: AP_STAR tmr
 ets Jan  8 2013,rst cause:1, boot mode:(3,7)

load 0x4010f000, len 1384, room 16 
tail 8
chksum 0x2d
csum 0x2d
v8b899c12
~ld


6.01
 0h00:06.756 2023/01/18T09:03:02z: DS3231
 0h00:06.771 2023/01/18T09:03:02z: BME280 (0x76)
 0h00:06.785 2023/01/18T09:03:02z: 84:f3:eb:7d:7:a8
 0h00:06.787 2023/01/18T09:03:02z: SSID: MU Open
 0h00:06.792 2023/01/18T09:03:02z: AP_STAR tmr
 ets Jan  8 2013,rst cause:1, boot mode:(3,7)

load 0x4010f000, len 1384, room 16 
tail 8
chksum 0x2d
csum 0x2d
v8b899c12
~ld


6.01
 0h00:06.223 2023/01/18T09:23:12z: DS3231
 0h00:06.238 2023/01/18T09:23:12z: BME280 (0x76)
 0h00:06.252 2023/01/18T09:23:12z: 84:f3:eb:7d:7:a8
 0h00:06.254 2023/01/18T09:23:12z: SSID: MU Open
 0h00:06.259 2023/01/18T09:23:12z: AP_STAR tmr
 ets Jan  8 2013,rst cause:1, boot mode:(3,7)

load 0x4010f000, len 1384, room 16 
tail 8
chksum 0x2d
csum 0x2d
v8b899c12
~ld


6.01
 0h00:06.691 2023/01/18T09:43:20z: DS3231
 0h00:06.706 2023/01/18T09:43:20z: BME280 (0x76)
 0h00:06.721 2023/01/18T09:43:20z: 84:f3:eb:7d:7:a8
 0h00:06.722 2023/01/18T09:43:20z: SSID: MU Open
 0h00:06.727 2023/01/18T09:43:20z: AP_STAR tmr
 ets Jan  8 2013,rst cause:1, boot mode:(3,7)

load 0x4010f000, len 1384, room 16 
tail 8
chksum 0x2d
csum 0x2d
v8b899c12
~ld


6.01
 0h00:06.667 2023/01/18T10:03:30z: DS3231
 0h00:06.682 2023/01/18T10:03:30z: BME280 (0x76)
 0h00:06.697 2023/01/18T10:03:30z: 84:f3:eb:7d:7:a8
 0h00:06.698 2023/01/18T10:03:30z: SSID: MU Open
 0h00:06.704 2023/01/18T10:03:30z: AP_STAR tmr
 ets Jan  8 2013,rst cause:1, boot mode:(3,7)

load 0x4010f000, len 1384, room 16 
tail 8
chksum 0x2d
csum 0x2d
v8b899c12
~ld


6.01
 0h00:06.580 2023/01/18T10:23:38z: DS3231
 0h00:06.595 2023/01/18T10:23:39z: BME280 (0x76)
 0h00:06.610 2023/01/18T10:23:39z: 84:f3:eb:7d:7:a8
 0h00:06.611 2023/01/18T10:23:39z: SSID: MU Open
 0h00:06.616 2023/01/18T10:23:39z: AP_STAR tmr
 ets Jan  8 2013,rst cause:1, boot mode:(3,7)

load 0x4010f000, len 1384, room 16 
tail 8
chksum 0x2d
csum 0x2d
v8b899c12
~ld


6.01
 0h00:06.638 2023/01/18T10:43:47z: DS3231
 0h00:06.654 2023/01/18T10:43:47z: BME280 (0x76)
 0h00:06.668 2023/01/18T10:43:47z: 84:f3:eb:7d:7:a8
 0h00:06.669 2023/01/18T10:43:47z: SSID: MU Open
 0h00:06.675 2023/01/18T10:43:48z: AP_STAR tmr
 ets Jan  8 2013,rst cause:1, boot mode:(3,7)

load 0x4010f000, len 1384, room 16 
tail 8
chksum 0x2d
csum 0x2d
v8b899c12
~ld


6.01
 0h00:06.779 2023/01/18T11:03:57z: DS3231
 0h00:06.795 2023/01/18T11:03:57z: BME280 (0x76)
 0h00:06.809 2023/01/18T11:03:57z: 84:f3:eb:7d:7:a8
 0h00:06.810 2023/01/18T11:03:57z: SSID: MU Open
 0h00:06.816 2023/01/18T11:03:57z: AP_STAR tmr
 ets Jan  8 2013,rst cause:1, boot mode:(3,7)

load 0x4010f000, len 1384, room 16 
tail 8
chksum 0x2d
csum 0x2d
v8b899c12
~ld


6.01
 0h00:06.496 2023/01/18T11:24:05z: DS3231
 0h00:06.512 2023/01/18T11:24:05z: BME280 (0x76)
 0h00:06.526 2023/01/18T11:24:05z: 84:f3:eb:7d:7:a8
 0h00:06.527 2023/01/18T11:24:05z: SSID: MU Open
 0h00:06.533 2023/01/18T11:24:05z: AP_STAR tmr
 ets Jan  8 2013,rst cause:1, boot mode:(3,7)

load 0x4010f000, len 1384, room 16 
tail 8
chksum 0x2d
csum 0x2d
v8b899c12
~ld


6.01
 0h00:06.462 2023/01/18T11:44:15z: DS3231
 0h00:06.477 2023/01/18T11:44:15z: BME280 (0x76)
 0h00:06.492 2023/01/18T11:44:15z: 84:f3:eb:7d:7:a8
 0h00:06.493 2023/01/18T11:44:15z: SSID: MU Open
 0h00:06.498 2023/01/18T11:44:15z: AP_STAR tmr
 ets Jan  8 2013,rst cause:1, boot mode:(3,7)

load 0x4010f000, len 1384, room 16 
tail 8
chksum 0x2d
csum 0x2d
v8b899c12
~ld


6.01
 0h00:06.700 2023/01/18T12:04:24z: DS3231
 0h00:06.715 2023/01/18T12:04:24z: BME280 (0x76)
 0h00:06.730 2023/01/18T12:04:24z: 84:f3:eb:7d:7:a8
 0h00:06.731 2023/01/18T12:04:24z: SSID: MU Open
 0h00:06.736 2023/01/18T12:04:24z: AP_STAR tmr
 ets Jan  8 2013,rst cause:1, boot mode:(3,7)

load 0x4010f000, len 1384, room 16 
tail 8
chksum 0x2d
csum 0x2d
v8b899c12
~ld


6.01
 0h00:06.582 2023/01/18T12:24:33z: DS3231
 0h00:06.597 2023/01/18T12:24:33z: BME280 (0x76)
 0h00:06.611 2023/01/18T12:24:34z: 84:f3:eb:7d:7:a8
 0h00:06.613 2023/01/18T12:24:34z: SSID: MU Open
 0h00:06.618 2023/01/18T12:24:34z: AP_STAR tmr
 ets Jan  8 2013,rst cause:1, boot mode:(3,7)

load 0x4010f000, len 1384, room 16 
tail 8
chksum 0x2d
csum 0x2d
v8b899c12
~ld


6.01
 0h00:06.767 2023/01/18T12:44:42z: DS3231
 0h00:06.783 2023/01/18T12:44:42z: BME280 (0x76)
 0h00:06.797 2023/01/18T12:44:42z: 84:f3:eb:7d:7:a8
 0h00:06.799 2023/01/18T12:44:42z: SSID: MU Open
 0h00:06.804 2023/01/18T12:44:42z: AP_STAR tmr
 ets Jan  8 2013,rst cause:1, boot mode:(3,7)

load 0x4010f000, len 1384, room 16 
tail 8
chksum 0x2d
csum 0x2d
v8b899c12
~ld


6.01
 0h00:06.839 2023/01/18T13:04:52z: DS3231
 0h00:06.854 2023/01/18T13:04:52z: BME280 (0x76)
 0h00:06.868 2023/01/18T13:04:52z: 84:f3:eb:7d:7:a8
 0h00:06.870 2023/01/18T13:04:52z: SSID: MU Open
 0h00:06.875 2023/01/18T13:04:52z: AP_STAR tmr
 ets Jan  8 2013,rst cause:1, boot mode:(3,7)

load 0x4010f000, len 1384, room 16 
tail 8
chksum 0x2d
csum 0x2d
v8b899c12
~ld


6.01
 0h00:06.653 2023/01/18T13:25:01z: DS3231
 0h00:06.668 2023/01/18T13:25:01z: BME280 (0x76)
 0h00:06.682 2023/01/18T13:25:01z: 84:f3:eb:7d:7:a8
 0h00:06.684 2023/01/18T13:25:01z: SSID: MU Open
 0h00:06.689 2023/01/18T13:25:01z: AP_STAR tmr
 ets Jan  8 2013,rst cause:1, boot mode:(3,7)

load 0x4010f000, len 1384, room 16 
tail 8
chksum 0x2d
csum 0x2d
v8b899c12
~ld


6.01
 0h00:06.237 2023/01/18T13:45:10z: DS3231
 0h00:06.252 2023/01/18T13:45:10z: BME280 (0x76)
 0h00:06.267 2023/01/18T13:45:10z: 84:f3:eb:7d:7:a8
 0h00:06.268 2023/01/18T13:45:10z: SSID: MU Open
 0h00:06.273 2023/01/18T13:45:10z: AP_STAR tmr
 ets Jan  8 2013,rst cause:1, boot mode:(3,7)

load 0x4010f000, len 1384, room 16 
tail 8
chksum 0x2d
csum 0x2d
v8b899c12
~ld


6.01
 0h00:06.758 2023/01/18T14:05:20z: DS3231
 0h00:06.773 2023/01/18T14:05:20z: BME280 (0x76)
 0h00:06.787 2023/01/18T14:05:20z: 84:f3:eb:7d:7:a8
 0h00:06.789 2023/01/18T14:05:20z: SSID: MU Open
 0h00:06.794 2023/01/18T14:05:20z: AP_STAR tmr
 ets Jan  8 2013,rst cause:1, boot mode:(3,7)

load 0x4010f000, len 1384, room 16 
tail 8
chksum 0x2d
csum 0x2d
v8b899c12
~ld


6.01
 0h00:06.503 2023/01/18T14:25:29z: DS3231
 0h00:06.518 2023/01/18T14:25:29z: BME280 (0x76)
 0h00:06.533 2023/01/18T14:25:29z: 84:f3:eb:7d:7:a8
 0h00:06.534 2023/01/18T14:25:29z: SSID: MU Open
 0h00:06.539 2023/01/18T14:25:29z: AP_STAR tmr
 ets Jan  8 2013,rst cause:1, boot mode:(3,7)

load 0x4010f000, len 1384, room 16 
tail 8
chksum 0x2d
csum 0x2d
v8b899c12
~ld


6.01
 0h00:06.408 2023/01/18T14:45:37z: DS3231
 0h00:06.424 2023/01/18T14:45:38z: BME280 (0x76)
 0h00:06.438 2023/01/18T14:45:38z: 84:f3:eb:7d:7:a8
 0h00:06.440 2023/01/18T14:45:38z: SSID: MU Open
 0h00:06.445 2023/01/18T14:45:38z: AP_STAR tmr
 ets Jan  8 2013,rst cause:1, boot mode:(3,7)

load 0x4010f000, len 1384, room 16 
tail 8
chksum 0x2d
csum 0x2d
v8b899c12
~ld


6.01
 0h00:06.415 2023/01/18T15:05:46z: DS3231
 0h00:06.431 2023/01/18T15:05:46z: BME280 (0x76)
 0h00:06.445 2023/01/18T15:05:46z: 84:f3:eb:7d:7:a8
 0h00:06.447 2023/01/18T15:05:46z: SSID: MU Open
 0h00:06.452 2023/01/18T15:05:46z: AP_STAR tmr
 ets Jan  8 2013,rst cause:1, boot mode:(3,7)

load 0x4010f000, len 1384, room 16 
tail 8
chksum 0x2d
csum 0x2d
v8b899c12
~ld


6.01
 0h00:06.424 2023/01/18T15:25:55z: DS3231
 0h00:06.440 2023/01/18T15:25:55z: BME280 (0x76)
 0h00:06.454 2023/01/18T15:25:55z: 84:f3:eb:7d:7:a8
 0h00:06.456 2023/01/18T15:25:55z: SSID: MU Open
 0h00:06.461 2023/01/18T15:25:55z: AP_STAR tmr
 ets Jan  8 2013,rst cause:1, boot mode:(3,7)

load 0x4010f000, len 1384, room 16 
tail 8
chksum 0x2d
csum 0x2d
v8b899c12
~ld


6.01
 0h00:06.539 2023/01/18T15:46:03z: DS3231
 0h00:06.554 2023/01/18T15:46:03z: BME280 (0x76)
 0h00:06.568 2023/01/18T15:46:03z: 84:f3:eb:7d:7:a8
 0h00:06.570 2023/01/18T15:46:03z: SSID: MU Open
 0h00:06.575 2023/01/18T15:46:03z: AP_STAR tmr
 ets Jan  8 2013,rst cause:1, boot mode:(3,7)

load 0x4010f000, len 1384, room 16 
tail 8
chksum 0x2d
csum 0x2d
v8b899c12
~ld


6.01
 0h00:06.453 2023/01/18T16:06:12z: DS3231
 0h00:06.468 2023/01/18T16:06:12z: BME280 (0x76)
 0h00:06.483 2023/01/18T16:06:12z: 84:f3:eb:7d:7:a8
 0h00:06.484 2023/01/18T16:06:12z: SSID: MU Open
 0h00:06.489 2023/01/18T16:06:12z: AP_STAR tmr
 ets Jan  8 2013,rst cause:1, boot mode:(3,7)

load 0x4010f000, len 1384, room 16 
tail 8
chksum 0x2d
csum 0x2d
v8b899c12
~ld


6.01
 0h00:06.490 2023/01/18T16:26:21z: DS3231
 0h00:06.506 2023/01/18T16:26:21z: BME280 (0x76)
 0h00:06.520 2023/01/18T16:26:21z: 84:f3:eb:7d:7:a8
 0h00:06.522 2023/01/18T16:26:21z: SSID: MU Open
 0h00:06.527 2023/01/18T16:26:21z: AP_STAR tmr
 ets Jan  8 2013,rst cause:1, boot mode:(3,7)

load 0x4010f000, len 1384, room 16 
tail 8
chksum 0x2d
csum 0x2d
v8b899c12
~ld


6.01
 0h00:06.207 2023/01/18T16:46:29z: DS3231
 0h00:06.222 2023/01/18T16:46:29z: BME280 (0x76)
 0h00:06.236 2023/01/18T16:46:29z: 84:f3:eb:7d:7:a8
 0h00:06.238 2023/01/18T16:46:29z: SSID: MU Open
 0h00:06.243 2023/01/18T16:46:29z: AP_STAR tmr
 ets Jan  8 2013,rst cause:1, boot mode:(3,7)

load 0x4010f000, len 1384, room 16 
tail 8
chksum 0x2d
csum 0x2d
v8b899c12
~ld


6.01
 0h00:06.661 2023/01/18T17:06:38z: DS3231
 0h00:06.677 2023/01/18T17:06:38z: BME280 (0x76)
 0h00:06.691 2023/01/18T17:06:38z: 84:f3:eb:7d:7:a8
 0h00:06.692 2023/01/18T17:06:38z: SSID: MU Open
 0h00:06.698 2023/01/18T17:06:38z: AP_STAR tmr
 ets Jan  8 2013,rst cause:1, boot mode:(3,7)

load 0x4010f000, len 1384, room 16 
tail 8
chksum 0x2d
csum 0x2d
v8b899c12
~ld


6.01
 0h00:06.703 2023/01/18T17:26:48z: DS3231
 0h00:06.719 2023/01/18T17:26:48z: BME280 (0x76)
 0h00:06.733 2023/01/18T17:26:48z: 84:f3:eb:7d:7:a8
 0h00:06.735 2023/01/18T17:26:48z: SSID: MU Open
 0h00:06.740 2023/01/18T17:26:48z: AP_STAR tmr
 ets Jan  8 2013,rst cause:1, boot mode:(3,7)

load 0x4010f000, len 1384, room 16 
tail 8
chksum 0x2d
csum 0x2d
v8b899c12
~ld


6.01
 0h00:06.703 2023/01/18T17:46:58z: DS3231
 0h00:06.718 2023/01/18T17:46:58z: BME280 (0x76)
 0h00:06.732 2023/01/18T17:46:58z: 84:f3:eb:7d:7:a8
 0h00:06.734 2023/01/18T17:46:58z: SSID: MU Open
 0h00:06.739 2023/01/18T17:46:58z: AP_STAR tmr
 ets Jan  8 2013,rst cause:1, boot mode:(3,7)

load 0x4010f000, len 1384, room 16 
tail 8
chksum 0x2d
csum 0x2d
v8b899c12
~ld


6.01
 0h00:06.127 2023/01/18T18:07:06z: DS3231
 0h00:06.142 2023/01/18T18:07:06z: BME280 (0x76)
 0h00:06.156 2023/01/18T18:07:06z: 84:f3:eb:7d:7:a8
 0h00:06.158 2023/01/18T18:07:06z: SSID: MU Open
 0h00:06.163 2023/01/18T18:07:06z: AP_STAR tmr
 ets Jan  8 2013,rst cause:1, boot mode:(3,7)

load 0x4010f000, len 1384, room 16 
tail 8
chksum 0x2d
csum 0x2d
v8b899c12
~ld


6.01
 0h00:06.468 2023/01/18T18:27:15z: DS3231
 0h00:06.484 2023/01/18T18:27:15z: BME280 (0x76)
 0h00:06.498 2023/01/18T18:27:15z: 84:f3:eb:7d:7:a8
 0h00:06.500 2023/01/18T18:27:15z: SSID: MU Open
 0h00:06.505 2023/01/18T18:27:15z: AP_STAR tmr
 ets Jan  8 2013,rst cause:1, boot mode:(3,7)

load 0x4010f000, len 1384, room 16 
tail 8
chksum 0x2d
csum 0x2d
v8b899c12
~ld


6.01
 0h00:06.603 2023/01/18T18:47:25z: DS3231
 0h00:06.619 2023/01/18T18:47:25z: BME280 (0x76)
 0h00:06.633 2023/01/18T18:47:25z: 84:f3:eb:7d:7:a8
 0h00:06.635 2023/01/18T18:47:25z: SSID: MU Open
 0h00:06.640 2023/01/18T18:47:25z: AP_STAR tmr
 ets Jan  8 2013,rst cause:1, boot mode:(3,7)

load 0x4010f000, len 1384, room 16 
tail 8
chksum 0x2d
csum 0x2d
v8b899c12
~ld


6.01
 0h00:06.674 2023/01/18T19:07:33z: DS3231
 0h00:06.689 2023/01/18T19:07:33z: BME280 (0x76)
 0h00:06.704 2023/01/18T19:07:33z: 84:f3:eb:7d:7:a8
 0h00:06.705 2023/01/18T19:07:33z: SSID: MU Open
 0h00:06.710 2023/01/18T19:07:33z: AP_STAR tmr
 ets Jan  8 2013,rst cause:1, boot mode:(3,7)

load 0x4010f000, len 1384, room 16 
tail 8
chksum 0x2d
csum 0x2d
v8b899c12
~ld


6.01
 0h00:06.631 2023/01/18T19:27:42z: DS3231
 0h00:06.646 2023/01/18T19:27:42z: BME280 (0x76)
 0h00:06.660 2023/01/18T19:27:42z: 84:f3:eb:7d:7:a8
 0h00:06.662 2023/01/18T19:27:42z: SSID: MU Open
 0h00:06.667 2023/01/18T19:27:42z: AP_STAR tmr
 ets Jan  8 2013,rst cause:1, boot mode:(3,7)

load 0x4010f000, len 1384, room 16 
tail 8
chksum 0x2d
csum 0x2d
v8b899c12
~ld


6.01
 0h00:06.635 2023/01/18T19:47:52z: DS3231
 0h00:06.650 2023/01/18T19:47:52z: BME280 (0x76)
 0h00:06.664 2023/01/18T19:47:52z: 84:f3:eb:7d:7:a8
 0h00:06.666 2023/01/18T19:47:52z: SSID: MU Open
 0h00:06.671 2023/01/18T19:47:52z: AP_STAR tmr
 ets Jan  8 2013,rst cause:1, boot mode:(3,7)

load 0x4010f000, len 1384, room 16 
tail 8
chksum 0x2d
csum 0x2d
v8b899c12
~ld


6.01
 0h00:06.624 2023/01/18T20:08:01z: DS3231
 0h00:06.639 2023/01/18T20:08:01z: BME280 (0x76)
 0h00:06.654 2023/01/18T20:08:01z: 84:f3:eb:7d:7:a8
 0h00:06.655 2023/01/18T20:08:01z: SSID: MU Open
 0h00:06.660 2023/01/18T20:08:01z: AP_STAR tmr
 ets Jan  8 2013,rst cause:1, boot mode:(3,7)

load 0x4010f000, len 1384, room 16 
tail 8
chksum 0x2d
csum 0x2d
v8b899c12
~ld


6.01
 0h00:06.494 2023/01/18T20:28:10z: DS3231
 0h00:06.509 2023/01/18T20:28:10z: BME280 (0x76)
 0h00:06.523 2023/01/18T20:28:10z: 84:f3:eb:7d:7:a8
 0h00:06.525 2023/01/18T20:28:10z: SSID: MU Open
 0h00:06.530 2023/01/18T20:28:10z: AP_STAR tmr
 ets Jan  8 2013,rst cause:1, boot mode:(3,7)

load 0x4010f000, len 1384, room 16 
tail 8
chksum 0x2d
csum 0x2d
v8b899c12
~ld


6.01
 0h00:06.435 2023/01/18T20:48:18z: DS3231
 0h00:06.450 2023/01/18T20:48:18z: BME280 (0x76)
 0h00:06.465 2023/01/18T20:48:18z: 84:f3:eb:7d:7:a8
 0h00:06.466 2023/01/18T20:48:18z: SSID: MU Open
 0h00:06.471 2023/01/18T20:48:18z: AP_STAR tmr
 ets Jan  8 2013,rst cause:1, boot mode:(3,7)

load 0x4010f000, len 1384, room 16 
tail 8
chksum 0x2d
csum 0x2d
v8b899c12
~ld


6.01
 0h00:06.480 2023/01/18T21:08:27z: DS3231
 0h00:06.495 2023/01/18T21:08:27z: BME280 (0x76)
 0h00:06.510 2023/01/18T21:08:27z: 84:f3:eb:7d:7:a8
 0h00:06.511 2023/01/18T21:08:27z: SSID: MU Open
 0h00:06.516 2023/01/18T21:08:27z: AP_STAR tmr
 ets Jan  8 2013,rst cause:1, boot mode:(3,7)

load 0x4010f000, len 1384, room 16 
tail 8
chksum 0x2d
csum 0x2d
v8b899c12
~ld


6.01
 0h00:06.669 2023/01/18T21:28:36z: DS3231
 0h00:06.685 2023/01/18T21:28:36z: BME280 (0x76)
 0h00:06.699 2023/01/18T21:28:36z: 84:f3:eb:7d:7:a8
 0h00:06.700 2023/01/18T21:28:36z: SSID: MU Open
 0h00:06.706 2023/01/18T21:28:36z: AP_STAR tmr
 ets Jan  8 2013,rst cause:1, boot mode:(3,7)

load 0x4010f000, len 1384, room 16 
tail 8
chksum 0x2d
csum 0x2d
v8b899c12
~ld


6.01
 0h00:07.007 2023/01/18T21:48:46z: DS3231
 0h00:07.022 2023/01/18T21:48:46z: BME280 (0x76)
 0h00:07.036 2023/01/18T21:48:46z: 84:f3:eb:7d:7:a8
 0h00:07.038 2023/01/18T21:48:46z: SSID: MU Open
 0h00:07.043 2023/01/18T21:48:46z: AP_STAR tmr
 ets Jan  8 2013,rst cause:1, boot mode:(3,7)

load 0x4010f000, len 1384, room 16 
tail 8
chksum 0x2d
csum 0x2d
v8b899c12
~ld


6.01
 0h00:06.764 2023/01/18T22:08:56z: DS3231
 0h00:06.779 2023/01/18T22:08:57z: BME280 (0x76)
 0h00:06.793 2023/01/18T22:08:57z: 84:f3:eb:7d:7:a8
 0h00:06.795 2023/01/18T22:08:57z: SSID: MU Open
 0h00:06.800 2023/01/18T22:08:57z: AP_STAR tmr
 ets Jan  8 2013,rst cause:1, boot mode:(3,7)

load 0x4010f000, len 1384, room 16 
tail 8
chksum 0x2d
csum 0x2d
v8b899c12
~ld


6.01
 0h00:06.642 2023/01/18T22:29:06z: DS3231
 0h00:06.658 2023/01/18T22:29:06z: BME280 (0x76)
 0h00:06.672 2023/01/18T22:29:06z: 84:f3:eb:7d:7:a8
 0h00:06.673 2023/01/18T22:29:06z: SSID: MU Open
 0h00:06.679 2023/01/18T22:29:06z: AP_STAR tmr
 ets Jan  8 2013,rst cause:1, boot mode:(3,7)

load 0x4010f000, len 1384, room 16 
tail 8
chksum 0x2d
csum 0x2d
v8b899c12
~ld


6.01
 0h00:06.750 2023/01/18T22:49:15z: DS3231
 0h00:06.765 2023/01/18T22:49:15z: BME280 (0x76)
 0h00:06.779 2023/01/18T22:49:15z: 84:f3:eb:7d:7:a8
 0h00:06.781 2023/01/18T22:49:15z: SSID: MU Open
 0h00:06.786 2023/01/18T22:49:15z: AP_STAR tmr
 ets Jan  8 2013,rst cause:1, boot mode:(3,7)

load 0x4010f000, len 1384, room 16 
tail 8
chksum 0x2d
csum 0x2d
v8b899c12
~ld


6.01
 0h00:07.111 2023/01/18T23:09:25z: DS3231
 0h00:07.126 2023/01/18T23:09:25z: BME280 (0x76)
 0h00:07.141 2023/01/18T23:09:25z: 84:f3:eb:7d:7:a8
 0h00:07.142 2023/01/18T23:09:25z: SSID: MU Open
 0h00:07.147 2023/01/18T23:09:25z: AP_STAR tmr
 ets Jan  8 2013,rst cause:1, boot mode:(3,7)

load 0x4010f000, len 1384, room 16 
tail 8
chksum 0x2d
csum 0x2d
v8b899c12
~ld


6.01
 0h00:06.598 2023/01/18T23:29:36z: DS3231
 0h00:06.614 2023/01/18T23:29:36z: BME280 (0x76)
 0h00:06.628 2023/01/18T23:29:36z: 84:f3:eb:7d:7:a8
 0h00:06.630 2023/01/18T23:29:36z: SSID: MU Open
 0h00:06.635 2023/01/18T23:29:36z: AP_STAR tmr
 ets Jan  8 2013,rst cause:1, boot mode:(3,7)

load 0x4010f000, len 1384, room 16 
tail 8
chksum 0x2d
csum 0x2d
v8b899c12
~ld


6.01
 0h00:07.065 2023/01/18T23:49:46z: DS3231
 0h00:07.080 2023/01/18T23:49:46z: BME280 (0x76)
 0h00:07.094 2023/01/18T23:49:46z: 84:f3:eb:7d:7:a8
 0h00:07.096 2023/01/18T23:49:46z: SSID: MU Open
 0h00:07.101 2023/01/18T23:49:46z: AP_STA