R tmr
 ets Jan  8 2013,rst cause:1, boot mode:(3,7)

load 0x4010f000, len 1384, room 16 
tail 8
chksum 0x2d
csum 0x2d
v8b899c12
~ld


6.01
 0h00:07.779 2023/01/21T00:14:44z: DS3231
 0h00:07.795 2023/01/21T00:14:44z: BME280 (0x76)
 0h00:07.809 2023/01/21T00:14:44z: 84:f3:eb:7d:7:a8
 0h00:07.811 2023/01/21T00:14:44z: SSID: MU Open
 0h00:07.816 2023/01/21T00:14:44z: AP_STAR tmr
 ets Jan  8 2013,rst cause:1, boot mode:(3,7)

load 0x4010f000, len 1384, room 16 
tail 8
chksum 0x2d
csum 0x2d
v8b899c12
~ld


6.01
 0h00:07.931 2023/01/21T00:34:56z: DS3231
 0h00:07.947 2023/01/21T00:34:56z: BME280 (0x76)
 0h00:07.961 2023/01/21T00:34:56z: 84:f3:eb:7d:7:a8
 0h00:07.963 2023/01/21T00:34:56z: SSID: MU Open
 0h00:07.968 2023/01/21T00:34:56z: AP_STAR tmr
 ets Jan  8 2013,rst cause:1, boot mode:(3,7)

load 0x4010f000, len 1384, room 16 
tail 8
chksum 0x2d
csum 0x2d
v8b899c12
~ld


6.01
 0h00:07.079 2023/01/21T00:55:07z: DS3231
 0h00:07.094 2023/01/21T00:55:07z: BME280 (0x76)
 0h00:07.108 2023/01/21T00:55:07z: 84:f3:eb:7d:7:a8
 0h00:07.110 2023/01/21T00:55:07z: SSID: MU Open
 0h00:07.115 2023/01/21T00:55:07z: AP_STAR tmr
 ets Jan  8 2013,rst cause:1, boot mode:(3,7)

load 0x4010f000, len 1384, room 16 
tail 8
chksum 0x2d
csum 0x2d
v8b899c12
~ld


6.01
 0h00:07.943 2023/01/21T01:15:18z: DS3231
 0h00:07.958 2023/01/21T01:15:18z: BME280 (0x76)
 0h00:07.972 2023/01/21T01:15:18z: 84:f3:eb:7d:7:a8
 0h00:07.974 2023/01/21T01:15:18z: SSID: MU Open
 0h00:07.979 2023/01/21T01:15:18z: AP_STAR tmr
 ets Jan  8 2013,rst cause:1, boot mode:(3,7)

load 0x4010f000, len 1384, room 16 
tail 8
chksum 0x2d
csum 0x2d
v8b899c12
~ld


6.01
 0h00:08.276 2023/01/21T01:35:31z: DS3231
 0h00:08.291 2023/01/21T01:35:31z: BME280 (0x76)
 0h00:08.305 2023/01/21T01:35:31z: 84:f3:eb:7d:7:a8
 0h00:08.307 2023/01/21T01:35:31z: SSID: MU Open
 0h00:08.312 2023/01/21T01:35:31z: AP_STAR tmr
 ets Jan  8 2013,rst cause:1, boot mode:(3,7)

load 0x4010f000, len 1384, room 16 
tail 8
chksum 0x2d
csum 0x2d
v8b899c12
~ld


6.01
 0h00:07.743 2023/01/21T01:55:44z: DS3231
 0h00:07.758 2023/01/21T01:55:44z: BME280 (0x76)
 0h00:07.772 2023/01/21T01:55:44z: 84:f3:eb:7d:7:a8
 0h00:07.774 2023/01/21T01:55:44z: SSID: MU Open
 0h00:07.779 2023/01/21T01:55:44z: AP_STAR tmr
 ets Jan  8 2013,rst cause:1, boot mode:(3,7)

load 0x4010f000, len 1384, room 16 
tail 8
chksum 0x2d
csum 0x2d
v8b899c12
~ld


6.01
 0h00:08.065 2023/01/21T02:15:57z: DS3231
 0h00:08.080 2023/01/21T02:15:57z: BME280 (0x76)
 0h00:08.095 2023/01/21T02:15:57z: 84:f3:eb:7d:7:a8
 0h00:08.096 2023/01/21T02:15:57z: SSID: MU Open
 0h00:08.101 2023/01/21T02:15:57z: AP_STAR tmr
 ets Jan  8 2013,rst cause:1, boot mode:(3,7)

load 0x4010f000, len 1384, room 16 
tail 8
chksum 0x2d
csum 0x2d
v8b899c12
~ld


6.01
 0h00:07.545 2023/01/21T02:36:09z: DS3231
 0h00:07.560 2023/01/21T02:36:09z: BME280 (0x76)
 0h00:07.575 2023/01/21T02:36:09z: 84:f3:eb:7d:7:a8
 0h00:07.576 2023/01/21T02:36:09z: SSID: MU Open
 0h00:07.581 2023/01/21T02:36:09z: AP_STAR tmr
 ets Jan  8 2013,rst cause:1, boot mode:(3,7)

load 0x4010f000, len 1384, room 16 
tail 8
chksum 0x2d
csum 0x2d
v8b899c12
~ld


6.01
 0h00:07.794 2023/01/21T02:56:22z: DS3231
 0h00:07.809 2023/01/21T02:56:22z: BME280 (0x76)
 0h00:07.823 2023/01/21T02:56:22z: 84:f3:eb:7d:7:a8
 0h00:07.825 2023/01/21T02:56:22z: SSID: MU Open
 0h00:07.830 2023/01/21T02:56:22z: AP_STAR tmr
 ets Jan  8 2013,rst cause:1, boot mode:(3,7)

load 0x4010f000, len 1384, room 16 
tail 8
chksum 0x2d
csum 0x2d
v8b899c12
~ld


6.01
 0h00:07.730 2023/01/21T03:16:33z: DS3231
 0h00:07.745 2023/01/21T03:16:33z: BME280 (0x76)
 0h00:07.760 2023/01/21T03:16:33z: 84:f3:eb:7d:7:a8
 0h00:07.761 2023/01/21T03:16:33z: SSID: MU Open
 0h00:07.767 2023/01/21T03:16:33z: AP_STAR tmr
 ets Jan  8 2013,rst cause:1, boot mode:(3,7)

load 0x4010f000, len 1384, room 16 
tail 8
chksum 0x2d
csum 0x2d
v8b899c12
~ld


6.01
 0h00:07.409 2023/01/21T03:36:45z: DS3231
 0h00:07.424 2023/01/21T03:36:45z: BME280 (0x76)
 0h00:07.438 2023/01/21T03:36:45z: 84:f3:eb:7d:7:a8
 0h00:07.440 2023/01/21T03:36:45z: SSID: MU Open
 0h00:07.445 2023/01/21T03:36:45z: AP_STAR tmr
 ets Jan  8 2013,rst cause:1, boot mode:(3,7)

load 0x4010f000, len 1384, room 16 
tail 8
chksum 0x2d
csum 0x2d
v8b899c12
~ld


6.01
 0h00:06.940 2023/01/21T03:56:55z: DS3231
 0h00:06.955 2023/01/21T03:56:55z: BME280 (0x76)
 0h00:06.970 2023/01/21T03:56:55z: 84:f3:eb:7d:7:a8
 0h00:06.971 2023/01/21T03:56:55z: SSID: MU Open
 0h00:06.976 2023/01/21T03:56:55z: AP_STAR tmr
 ets Jan  8 2013,rst cause:1, boot mode:(3,7)

load 0x4010f000, len 1384, room 16 
tail 8
chksum 0x2d
csum 0x2d
v8b899c12
~ld


6.01
 0h00:07.203 2023/01/21T04:17:06z: DS3231
 0h00:07.218 2023/01/21T04:17:06z: BME280 (0x76)
 0h00:07.232 2023/01/21T04:17:06z: 84:f3:eb:7d:7:a8
 0h00:07.234 2023/01/21T04:17:06z: SSID: MU Open
 0h00:07.239 2023/01/21T04:17:06z: AP_STAR tmr
 ets Jan  8 2013,rst cause:1, boot mode:(3,7)

load 0x4010f000, len 1384, room 16 
tail 8
chksum 0x2d
csum 0x2d
v8b899c12
~ld


6.01
 0h00:07.143 2023/01/21T04:37:17z: DS3231
 0h00:07.158 2023/01/21T04:37:17z: BME280 (0x76)
 0h00:07.172 2023/01/21T04:37:17z: 84:f3:eb:7d:7:a8
 0h00:07.174 2023/01/21T04:37:17z: SSID: MU Open
 0h00:07.179 2023/01/21T04:37:17z: AP_STAR tmr
 ets Jan  8 2013,rst cause:1, boot mode:(3,7)

load 0x4010f000, len 1384, room 16 
tail 8
chksum 0x2d
csum 0x2d
v8b899c12
~ld


6.01
 0h00:07.006 2023/01/21T04:57:28z: DS3231
 0h00:07.021 2023/01/21T04:57:28z: BME280 (0x76)
 0h00:07.035 2023/01/21T04:57:28z: 84:f3:eb:7d:7:a8
 0h00:07.037 2023/01/21T04:57:28z: SSID: MU Open
 0h00:07.042 2023/01/21T04:57:28z: AP_STAR tmr
 ets Jan  8 2013,rst cause:1, boot mode:(3,7)

load 0x4010f000, len 1384, room 16 
tail 8
chksum 0x2d
csum 0x2d
v8b899c12
~ld


6.01
 0h00:07.486 2023/01/21T05:17:40z: DS3231
 0h00:07.502 2023/01/21T05:17:40z: BME280 (0x76)
 0h00:07.516 2023/01/21T05:17:40z: 84:f3:eb:7d:7:a8
 0h00:07.517 2023/01/21T05:17:40z: SSID: MU Open
 0h00:07.523 2023/01/21T05:17:40z: AP_STAR tmr
 ets Jan  8 2013,rst cause:1, boot mode:(3,7)

load 0x4010f000, len 1384, room 16 
tail 8
chksum 0x2d
csum 0x2d
v8b899c12
~ld


6.01
 0h00:07.175 2023/01/21T05:37:50z: DS3231
 0h00:07.191 2023/01/21T05:37:50z: BME280 (0x76)
 0h00:07.205 2023/01/21T05:37:50z: 84:f3:eb:7d:7:a8
 0h00:07.207 2023/01/21T05:37:50z: SSID: MU Open
 0h00:07.212 2023/01/21T05:37:50z: AP_STAR tmr
 ets Jan  8 2013,rst cause:1, boot mode:(3,7)

load 0x4010f000, len 1384, room 16 
tail 8
chksum 0x2d
csum 0x2d
v8b899c12
~ld


6.01
 0h00:07.221 2023/01/21T05:58:01z: DS3231
 0h00:07.237 2023/01/21T05:58:01z: BME280 (0x76)
 0h00:07.251 2023/01/21T05:58:01z: 84:f3:eb:7d:7:a8
 0h00:07.252 2023/01/21T05:58:01z: SSID: MU Open
 0h00:07.258 2023/01/21T05:58:01z: AP_STAR tmr
 ets Jan  8 2013,rst cause:1, boot mode:(3,7)

load 0x4010f000, len 1384, room 16 
tail 8
chksum 0x2d
csum 0x2d
v8b899c12
~ld


6.01
 0h00:07.074 2023/01/21T06:18:12z: DS3231
 0h00:07.090 2023/01/21T06:18:12z: BME280 (0x76)
 0h00:07.104 2023/01/21T06:18:12z: 84:f3:eb:7d:7:a8
 0h00:07.106 2023/01/21T06:18:12z: SSID: MU Open
 0h00:07.111 2023/01/21T06:18:12z: AP_STAR tmr
 ets Jan  8 2013,rst cause:1, boot mode:(3,7)

load 0x4010f000, len 1384, room 16 
tail 8
chksum 0x2d
csum 0x2d
v8b899c12
~ld


6.01
 0h00:07.100 2023/01/21T06:38:22z: DS3231
 0h00:07.116 2023/01/21T06:38:22z: BME280 (0x76)
 0h00:07.130 2023/01/21T06:38:22z: 84:f3:eb:7d:7:a8
 0h00:07.132 2023/01/21T06:38:22z: SSID: MU Open
 0h00:07.137 2023/01/21T06:38:22z: AP_STAR tmr
 ets Jan  8 2013,rst cause:1, boot mode:(3,7)

load 0x4010f000, len 1384, room 16 
tail 8
chksum 0x2d
csum 0x2d
v8b899c12
~ld


6.01
 0h00:07.362 2023/01/21T06:58:32z: DS3231
 0h00:07.377 2023/01/21T06:58:32z: BME280 (0x76)
 0h00:07.391 2023/01/21T06:58:32z: 84:f3:eb:7d:7:a8
 0h00:07.393 2023/01/21T06:58:32z: SSID: MU Open
 0h00:07.398 2023/01/21T06:58:32z: AP_STAR tmr
 ets Jan  8 2013,rst cause:1, boot mode:(3,7)

load 0x4010f000, len 1384, room 16 
tail 8
chksum 0x2d
csum 0x2d
v8b899c12
~ld


6.01
 0h00:07.019 2023/01/21T07:18:43z: DS3231
 0h00:07.034 2023/01/21T07:18:43z: BME280 (0x76)
 0h00:07.049 2023/01/21T07:18:43z: 84:f3:eb:7d:7:a8
 0h00:07.050 2023/01/21T07:18:43z: SSID: MU Open
 0h00:07.055 2023/01/21T07:18:43z: AP_STAR tmr
 ets Jan  8 2013,rst cause:1, boot mode:(3,7)

load 0x4010f000, len 1384, room 16 
tail 8
chksum 0x2d
csum 0x2d
v8b899c12
~ld


6.01
 0h00:07.254 2023/01/21T07:38:54z: DS3231
 0h00:07.269 2023/01/21T07:38:54z: BME280 (0x76)
 0h00:07.283 2023/01/21T07:38:54z: 84:f3:eb:7d:7:a8
 0h00:07.285 2023/01/21T07:38:54z: SSID: MU Open
 0h00:07.290 2023/01/21T07:38:54z: AP_STAR tmr
 ets Jan  8 2013,rst cause:1, boot mode:(3,7)

load 0x4010f000, len 1384, room 16 
tail 8
chksum 0x2d
csum 0x2d
v8b899c12
~ld


6.01
 0h00:07.589 2023/01/21T07:59:05z: DS3231
 0h00:07.604 2023/01/21T07:59:05z: BME280 (0x76)
 0h00:07.618 2023/01/21T07:59:05z: 84:f3:eb:7d:7:a8
 0h00:07.620 2023/01/21T07:59:05z: SSID: MU Open
 0h00:07.625 2023/01/21T07:59:05z: AP_STAR tmr
 ets Jan  8 2013,rst cause:1, boot mode:(3,7)

load 0x4010f000, len 1384, room 16 
tail 8
chksum 0x2d
csum 0x2d
v8b899c12
~ld


6.01
 0h00:07.732 2023/01/21T08:19:16z: DS3231
 0h00:07.747 2023/01/21T08:19:16z: BME280 (0x76)
 0h00:07.762 2023/01/21T08:19:16z: 84:f3:eb:7d:7:a8
 0h00:07.763 2023/01/21T08:19:16z: SSID: MU Open
 0h00:07.768 2023/01/21T08:19:16z: AP_STAR tmr
 ets Jan  8 2013,rst cause:1, boot mode:(3,7)

load 0x4010f000, len 1384, room 16 
tail 8
chksum 0x2d
csum 0x2d
v8b899c12
~ld


6.01
 0h00:07.518 2023/01/21T08:39:27z: DS3231
 0h00:07.534 2023/01/21T08:39:27z: BME280 (0x76)
 0h00:07.548 2023/01/21T08:39:27z: 84:f3:eb:7d:7:a8
 0h00:07.550 2023/01/21T08:39:27z: SSID: MU Open
 0h00:07.555 2023/01/21T08:39:27z: AP_STAR tmr
 ets Jan  8 2013,rst cause:1, boot mode:(3,7)

load 0x4010f000, len 1384, room 16 
tail 8
chksum 0x2d
csum 0x2d
v8b899c12
~ld


6.01
 0h00:07.230 2023/01/21T08:59:39z: DS3231
 0h00:07.245 2023/01/21T08:59:39z: BME280 (0x76)
 0h00:07.260 2023/01/21T08:59:39z: 84:f3:eb:7d:7:a8
 0h00:07.261 2023/01/21T08:59:39z: SSID: MU Open
 0h00:07.266 2023/01/21T08:59:39z: AP_STAR tmr
 ets Jan  8 2013,rst cause:1, boot mode:(3,7)

load 0x4010f000, len 1384, room 16 
tail 8
chksum 0x2d
csum 0x2d
v8b899c12
~ld


6.01
 0h00:07.163 2023/01/21T09:19:50z: DS3231
 0h00:07.178 2023/01/21T09:19:50z: BME280 (0x76)
 0h00:07.192 2023/01/21T09:19:50z: 84:f3:eb:7d:7:a8
 0h00:07.194 2023/01/21T09:19:50z: SSID: MU Open
 0h00:07.199 2023/01/21T09:19:50z: AP_STAR tmr
 ets Jan  8 2013,rst cause:1, boot mode:(3,7)

load 0x4010f000, len 1384, room 16 
tail 8
chksum 0x2d
csum 0x2d
v8b899c12
~ld


6.01
 0h00:07.750 2023/01/21T09:40:01z: DS3231
 0h00:07.765 2023/01/21T09:40:01z: BME280 (0x76)
 0h00:07.780 2023/01/21T09:40:01z: 84:f3:eb:7d:7:a8
 0h00:07.781 2023/01/21T09:40:01z: SSID: MU Open
 0h00:07.786 2023/01/21T09:40:01z: AP_STAR tmr
 ets Jan  8 2013,rst cause:1, boot mode:(3,7)

load 0x4010f000, len 1384, room 16 
tail 8
chksum 0x2d
csum 0x2d
v8b899c12
~ld


6.01
 0h00:07.984 2023/01/21T10:00:13z: DS3231
 0h00:07.999 2023/01/21T10:00:13z: BME280 (0x76)
 0h00:08.013 2023/01/21T10:00:13z: 84:f3:eb:7d:7:a8
 0h00:08.015 2023/01/21T10:00:13z: SSID: MU Open
 0h00:08.020 2023/01/21T10:00:13z: AP_STAR tmr
 ets Jan  8 2013,rst cause:1, boot mode:(3,7)

load 0x4010f000, len 1384, room 16 
tail 8
chksum 0x2d
csum 0x2d
v8b899c12
~ld


6.01
 0h00:07.476 2023/01/21T10:20:25z: DS3231
 0h00:07.491 2023/01/21T10:20:25z: BME280 (0x76)
 0h00:07.505 2023/01/21T10:20:25z: 84:f3:eb:7d:7:a8
 0h00:07.507 2023/01/21T10:20:25z: SSID: MU Open
 0h00:07.512 2023/01/21T10:20:25z: AP_STAR tmr
 ets Jan  8 2013,rst cause:1, boot mode:(3,7)

load 0x4010f000, len 1384, room 16 
tail 8
chksum 0x2d
csum 0x2d
v8b899c12
~ld


6.01
 0h00:07.873 2023/01/21T10:40:36z: DS3231
 0h00:07.888 2023/01/21T10:40:36z: BME280 (0x76)
 0h00:07.902 2023/01/21T10:40:36z: 84:f3:eb:7d:7:a8
 0h00:07.904 2023/01/21T10:40:36z: SSID: MU Open
 0h00:07.909 2023/01/21T10:40:36z: AP_STAR tmr
 ets Jan  8 2013,rst cause:1, boot mode:(3,7)

load 0x4010f000, len 1384, room 16 
tail 8
chksum 0x2d
csum 0x2d
v8b899c12
~ld


6.01
 0h00:07.700 2023/01/21T11:00:48z: DS3231
 0h00:07.715 2023/01/21T11:00:49z: BME280 (0x76)
 0h00:07.729 2023/01/21T11:00:49z: 84:f3:eb:7d:7:a8
 0h00:07.731 2023/01/21T11:00:49z: SSID: MU Open
 0h00:07.736 2023/01/21T11:00:49z: AP_STAR tmr
 ets Jan  8 2013,rst cause:1, boot mode:(3,7)

load 0x4010f000, len 1384, room 16 
tail 8
chksum 0x2d
csum 0x2d
v8b899c12
~ld


6.01
 0h00:07.883 2023/01/21T11:21:00z: DS3231
 0h00:07.898 2023/01/21T11:21:00z: BME280 (0x76)
 0h00:07.912 2023/01/21T11:21:00z: 84:f3:eb:7d:7:a8
 0h00:07.914 2023/01/21T11:21:00z: SSID: MU Open
 0h00:07.919 2023/01/21T11:21:00z: AP_STAR tmr
 ets Jan  8 2013,rst cause:1, boot mode:(3,7)

load 0x4010f000, len 1384, room 16 
tail 8
chksum 0x2d
csum 0x2d
v8b899c12
~ld


6.01
 0h00:07.712 2023/01/21T11:41:12z: DS3231
 0h00:07.727 2023/01/21T11:41:12z: BME280 (0x76)
 0h00:07.741 2023/01/21T11:41:12z: 84:f3:eb:7d:7:a8
 0h00:07.743 2023/01/21T11:41:12z: SSID: MU Open
 0h00:07.748 2023/01/21T11:41:12z: AP_STAR tmr
 ets Jan  8 2013,rst cause:1, boot mode:(3,7)

load 0x4010f000, len 1384, room 16 
tail 8
chksum 0x2d
csum 0x2d
v8b899c12
~ld


6.01
 0h00:08.013 2023/01/21T12:01:25z: DS3231
 0h00:08.028 2023/01/21T12:01:25z: BME280 (0x76)
 0h00:08.042 2023/01/21T12:01:25z: 84:f3:eb:7d:7:a8
 0h00:08.044 2023/01/21T12:01:25z: SSID: MU Open
 0h00:08.049 2023/01/21T12:01:25z: AP_STAR tmr
 ets Jan  8 2013,rst cause:1, boot mode:(3,7)

load 0x4010f000, len 1384, room 16 
tail 8
chksum 0x2d
csum 0x2d
v8b899c12
~ld


6.01
 0h00:07.783 2023/01/21T12:21:37z: DS3231
 0h00:07.798 2023/01/21T12:21:37z: BME280 (0x76)
 0h00:07.812 2023/01/21T12:21:37z: 84:f3:eb:7d:7:a8
 0h00:07.814 2023/01/21T12:21:37z: SSID: MU Open
 0h00:07.819 2023/01/21T12:21:37z: AP_STAR tmr
 ets Jan  8 2013,rst cause:1, boot mode:(3,7)

load 0x4010f000, len 1384, room 16 
tail 8
chksum 0x2d
csum 0x2d
v8b899c12
~ld


6.01
 0h00:07.575 2023/01/21T12:41:48z: DS3231
 0h00:07.591 2023/01/21T12:41:48z: BME280 (0x76)
 0h00:07.605 2023/01/21T12:41:48z: 84:f3:eb:7d:7:a8
 0h00:07.606 2023/01/21T12:41:48z: SSID: MU Open
 0h00:07.612 2023/01/21T12:41:48z: AP_STAR tmr
 ets Jan  8 2013,rst cause:1, boot mode:(3,7)

load 0x4010f000, len 1384, room 16 
tail 8
chksum 0x2d
csum 0x2d
v8b899c12
~ld


6.01
 0h00:07.790 2023/01/21T13:02:00z: DS3231
 0h00:07.805 2023/01/21T13:02:00z: BME280 (0x76)
 0h00:07.819 2023/01/21T13:02:00z: 84:f3:eb:7d:7:a8
 0h00:07.821 2023/01/21T13:02:00z: SSID: MU Open
 0h00:07.826 2023/01/21T13:02:00z: AP_STAR tmr
 ets Jan  8 2013,rst cause:1, boot mode:(3,7)

load 0x4010f000, len 1384, room 16 
tail 8
chksum 0x2d
csum 0x2d
v8b899c12
~ld


6.01
 0h00:07.821 2023/01/21T13:22:12z: DS3231
 0h00:07.836 2023/01/21T13:22:12z: BME280 (0x76)
 0h00:07.850 2023/01/21T13:22:12z: 84:f3:eb:7d:7:a8
 0h00:07.852 2023/01/21T13:22:12z: SSID: MU Open
 0h00:07.857 2023/01/21T13:22:12z: AP_STAR tmr
 ets Jan  8 2013,rst cause:1, boot mode:(3,7)

load 0x4010f000, len 1384, room 16 
tail 8
chksum 0x2d
csum 0x2d
v8b899c12
~ld


6.01
 0h00:07.581 2023/01/21T13:42:23z: DS3231
 0h00:07.597 2023/01/21T13:42:23z: BME280 (0x76)
 0h00:07.611 2023/01/21T13:42:23z: 84:f3:eb:7d:7:a8
 0h00:07.613 2023/01/21T13:42:23z: SSID: MU Open
 0h00:07.618 2023/01/21T13:42:23z: AP_STAR tmr
 ets Jan  8 2013,rst cause:1, boot mode:(3,7)

load 0x4010f000, len 1384, room 16 
tail 8
chksum 0x2d
csum 0x2d
v8b899c12
~ld


6.01
 0h00:07.005 2023/01/21T14:02:34z: DS3231
 0h00:07.020 2023/01/21T14:02:34z: BME280 (0x76)
 0h00:07.034 2023/01/21T14:02:34z: 84:f3:eb:7d:7:a8
 0h00:07.036 2023/01/21T14:02:34z: SSID: MU Open
 0h00:07.041 2023/01/21T14:02:34z: AP_STAR tmr
 ets Jan  8 2013,rst cause:1, boot mode:(3,7)

load 0x4010f000, len 1384, room 16 
tail 8
chksum 0x2d
csum 0x2d
v8b899c12
~ld


6.01
 0h00:07.234 2023/01/21T14:22:44z: DS3231
 0h00:07.250 2023/01/21T14:22:44z: BME280 (0x76)
 0h00:07.264 2023/01/21T14:22:44z: 84:f3:eb:7d:7:a8
 0h00:07.266 2023/01/21T14:22:44z: SSID: MU Open
 0h00:07.271 2023/01/21T14:22:44z: AP_STAR tmr
 ets Jan  8 2013,rst cause:1, boot mode:(3,7)

load 0x4010f000, len 1384, room 16 
tail 8
chksum 0x2d
csum 0x2d
v8b899c12
~ld


6.01
 0h00:07.446 2023/01/21T14:42:55z: DS3231
 0h00:07.461 2023/01/21T14:42:55z: BME280 (0x76)
 0h00:07.476 2023/01/21T14:42:55z: 84:f3:eb:7d:7:a8
 0h00:07.477 2023/01/21T14:42:55z: SSID: MU Open
 0h00:07.482 2023/01/21T14:42:55z: AP_STAR tmr
 ets Jan  8 2013,rst cause:1, boot mode:(3,7)

load 0x4010f000, len 1384, room 16 
tail 8
chksum 0x2d
csum 0x2d
v8b899c12
~ld


6.01
 0h00:07.867 2023/01/21T15:03:08z: DS3231
 0h00:07.882 2023/01/21T15:03:08z: BME280 (0x76)
 0h00:07.896 2023/01/21T15:03:08z: 84:f3:eb:7d:7:a8
 0h00:07.898 2023/01/21T15:03:08z: SSID: MU Open
 0h00:07.903 2023/01/21T15:03:08z: AP_STAR tmr
 ets Jan  8 2013,rst cause:1, boot mode:(3,7)

load 0x4010f000, len 1384, room 16 
tail 8
chksum 0x2d
csum 0x2d
v8b899c12
~ld


6.01
 0h00:07.390 2023/01/21T15:23:20z: DS3231
 0h00:07.405 2023/01/21T15:23:20z: BME280 (0x76)
 0h00:07.419 2023/01/21T15:23:20z: 84:f3:eb:7d:7:a8
 0h00:07.421 2023/01/21T15:23:20z: SSID: MU Open
 0h00:07.426 2023/01/21T15:23:20z: AP_STAR tmr
 ets Jan  8 2013,rst cause:1, boot mode:(3,7)

load 0x4010f000, len 1384, room 16 
tail 8
chksum 0x2d
csum 0x2d
v8b899c12
~ld


6.01
 0h00:07.780 2023/01/21T15:43:31z: DS3231
 0h00:07.795 2023/01/21T15:43:31z: BME280 (0x76)
 0h00:07.809 2023/01/21T15:43:31z: 84:f3:eb:7d:7:a8
 0h00:07.811 2023/01/21T15:43:31z: SSID: MU Open
 0h00:07.816 2023/01/21T15:43:31z: AP_STAR tmr
 ets Jan  8 2013,rst cause:1, boot mode:(3,7)

load 0x4010f000, len 1384, room 16 
tail 8
chksum 0x2d
csum 0x2d
v8b899c12
~ld


6.01
 0h00:07.795 2023/01/21T16:03:43z: DS3231
 0h00:07.810 2023/01/21T16:03:43z: BME280 (0x76)
 0h00:07.824 2023/01/21T16:03:43z: 84:f3:eb:7d:7:a8
 0h00:07.826 2023/01/21T16:03:43z: SSID: MU Open
 0h00:07.831 2023/01/21T16:03:43z: AP_STAR tmr
 ets Jan  8 2013,rst cause:1, boot mode:(3,7)

load 0x4010f000, len 1384, room 16 
tail 8
chksum 0x2d
csum 0x2d
v8b899c12
~ld


6.01
 0h00:07.177 2023/01/21T16:23:55z: DS3231
 0h00:07.192 2023/01/21T16:23:55z: BME280 (0x76)
 0h00:07.207 2023/01/21T16:23:55z: 84:f3:eb:7d:7:a8
 0h00:07.208 2023/01/21T16:23:55z: SSID: MU Open
 0h00:07.213 2023/01/21T16:23:55z: AP_STAR tmr
 ets Jan  8 2013,rst cause:1, boot mode:(3,7)

load 0x4010f000, len 1384, room 16 
tail 8
chksum 0x2d
csum 0x2d
v8b899c12
~ld


6.01
 0h00:07.534 2023/01/21T16:44:06z: DS3231
 0h00:07.549 2023/01/21T16:44:06z: BME280 (0x76)
 0h00:07.563 2023/01/21T16:44:06z: 84:f3:eb:7d:7:a8
 0h00:07.565 2023/01/21T16:44:06z: SSID: MU Open
 0h00:07.570 2023/01/21T16:44:06z: AP_STAR tmr
 ets Jan  8 2013,rst cause:1, boot mode:(3,7)

load 0x4010f000, len 1384, room 16 
tail 8
chksum 0x2d
csum 0x2d
v8b899c12
~ld


6.01
 0h00:07.135 2023/01/21T17:04:18z: DS3231
 0h00:07.151 2023/01/21T17:04:18z: BME280 (0x76)
 0h00:07.165 2023/01/21T17:04:18z: 84:f3:eb:7d:7:a8
 0h00:07.166 2023/01/21T17:04:18z: SSID: MU Open
 0h00:07.172 2023/01/21T17:04:18z: AP_STAR tmr
 ets Jan  8 2013,rst cause:1, boot mode:(3,7)

load 0x4010f000, len 1384, room 16 
tail 8
chksum 0x2d
csum 0x2d
v8b899c12
~ld


6.01
 0h00:07.200 2023/01/21T17:24:29z: DS3231
 0h00:07.215 2023/01/21T17:24:29z: BME280 (0x76)
 0h00:07.229 2023/01/21T17:24:29z: 84:f3:eb:7d:7:a8
 0h00:07.231 2023/01/21T17:24:29z: SSID: MU Open
 0h00:07.236 2023/01/21T17:24:29z: AP_STAR tmr
 ets Jan  8 2013,rst cause:1, boot mode:(3,7)

load 0x4010f000, len 1384, room 16 
tail 8
chksum 0x2d
csum 0x2d
v8b899c12
~ld


6.01
 0h00:07.195 2023/01/21T17:44:40z: DS3231
 0h00:07.210 2023/01/21T17:44:40z: BME280 (0x76)
 0h00:07.224 2023/01/21T17:44:40z: 84:f3:eb:7d:7:a8
 0h00:07.226 2023/01/21T17:44:40z: SSID: MU Open
 0h00:07.231 2023/01/21T17:44:40z: AP_STAR tmr
 ets Jan  8 2013,rst cause:1, boot mode:(3,7)

load 0x4010f000, len 1384, room 16 
tail 8
chksum 0x2d
csum 0x2d
v8b899c12
~ld


6.01
 0h00:07.640 2023/01/21T18:04:51z: DS3231
 0h00:07.655 2023/01/21T18:04:51z: BME280 (0x76)
 0h00:07.669 2023/01/21T18:04:51z: 84:f3:eb:7d:7:a8
 0h00:07.671 2023/01/21T18:04:51z: SSID: MU Open
 0h00:07.676 2023/01/21T18:04:51z: AP_STAR tmr
 ets Jan  8 2013,rst cause:1, boot mode:(3,7)

load 0x4010f000, len 1384, room 16 
tail 8
chksum 0x2d
csum 0x2d
v8b899c12
~ld


6.01
 0h00:07.509 2023/01/21T18:25:03z: DS3231
 0h00:07.524 2023/01/21T18:25:03z: BME280 (0x76)
 0h00:07.538 2023/01/21T18:25:03z: 84:f3:eb:7d:7:a8
 0h00:07.540 2023/01/21T18:25:03z: SSID: MU Open
 0h00:07.545 2023/01/21T18:25:03z: AP_STAR tmr
 ets Jan  8 2013,rst cause:1, boot mode:(3,7)

load 0x4010f000, len 1384, room 16 
tail 8
chksum 0x2d
csum 0x2d
v8b899c12
~ld


6.01
 0h00:07.436 2023/01/21T18:45:14z: DS3231
 0h00:07.451 2023/01/21T18:45:14z: BME280 (0x76)
 0h00:07.465 2023/01/21T18:45:14z: 84:f3:eb:7d:7:a8
 0h00:07.467 2023/01/21T18:45:14z: SSID: MU Open
 0h00:07.472 2023/01/21T18:45:14z: AP_STAR tmr
 ets Jan  8 2013,rst cause:1, boot mode:(3,7)

load 0x4010f000, len 1384, room 16 
tail 8
chksum 0x2d
csum 0x2d
v8b899c12
~ld


6.01
 0h00:07.189 2023/01/21T19:05:26z: DS3231
 0h00:07.204 2023/01/21T19:05:26z: BME280 (0x76)
 0h00:07.218 2023/01/21T19:05:26z: 84:f3:eb:7d:7:a8
 0h00:07.220 2023/01/21T19:05:26z: SSID: MU Open
 0h00:07.225 2023/01/21T19:05:26z: AP_STAR tmr
 ets Jan  8 2013,rst cause:1, boot mode:(3,7)

load 0x4010f000, len 1384, room 16 
tail 8
chksum 0x2d
csum 0x2d
v8b899c12
~ld


6.01
 0h00:07.221 2023/01/21T19:25:36z: DS3231
 0h00:07.236 2023/01/21T19:25:36z: BME280 (0x76)
 0h00:07.251 2023/01/21T19:25:36z: 84:f3:eb:7d:7:a8
 0h00:07.252 2023/01/21T19:25:36z: SSID: MU Open
 0h00:07.257 2023/01/21T19:25:36z: AP_STAR tmr
 ets Jan  8 2013,rst cause:1, boot mode:(3,7)

load 0x4010f000, len 1384, room 16 
tail 8
chksum 0x2d
csum 0x2d
v8b899c12
~ld


6.01
 0h00:07.007 2023/01/21T19:45:47z: DS3231
 0h00:07.022 2023/01/21T19:45:47z: BME280 (0x76)
 0h00:07.036 2023/01/21T19:45:47z: 84:f3:eb:7d:7:a8
 0h00:07.038 2023/01/21T19:45:47z: SSID: MU Open
 0h00:07.043 2023/01/21T19:45:47z: AP_STAR tmr
 ets Jan  8 2013,rst cause:1, boot mode:(3,7)

load 0x4010f000, len 1384, room 16 
tail 8
chksum 0x2d
csum 0x2d
v8b899c12
~ld


6.01
 0h00:07.116 2023/01/21T20:05:58z: DS3231
 0h00:07.131 2023/01/21T20:05:58z: BME280 (0x76)
 0h00:07.146 2023/01/21T20:05:58z: 84:f3:eb:7d:7:a8
 0h00:07.147 2023/01/21T20:05:58z: SSID: MU Open
 0h00:07.152 2023/01/21T20:05:58z: AP_STAR tmr
 ets Jan  8 2013,rst cause:1, boot mode:(3,7)

load 0x4010f000, len 1384, room 16 
tail 8
chksum 0x2d
csum 0x2d
v8b899c12
~ld


6.01
 0h00:07.361 2023/01/21T20:26:08z: DS3231
 0h00:07.376 2023/01/21T20:26:08z: BME280 (0x76)
 0h00:07.391 2023/01/21T20:26:08z: 84:f3:eb:7d:7:a8
 0h00:07.392 2023/01/21T20:26:08z: SSID: MU Open
 0h00:07.397 2023/01/21T20:26:08z: AP_STAR tmr
 ets Jan  8 2013,rst cause:1, boot mode:(3,7)

load 0x4010f000, len 1384, room 16 
tail 8
chksum 0x2d
csum 0x2d
v8b899c12
~ld


6.01
 0h00:07.893 2023/01/21T20:46:21z: DS3231
 0h00:07.909 2023/01/21T20:46:21z: BME280 (0x76)
 0h00:07.923 2023/01/21T20:46:21z: 84:f3:eb:7d:7:a8
 0h00:07.925 2023/01/21T20:46:21z: SSID: MU Open
 0h00:07.930 2023/01/21T20:46:21z: AP_STAR tmr
 ets Jan  8 2013,rst cause:1, boot mode:(3,7)

load 0x4010f000, len 1384, room 16 
tail 8
chksum 0x2d
csum 0x2d
v8b899c12
~ld


6.01
 0h00:07.749 2023/01/21T21:06:33z: DS3231
 0h00:07.765 2023/01/21T21:06:33z: BME280 (0x76)
 0h00:07.779 2023/01/21T21:06:33z: 84:f3:eb:7d:7:a8
 0h00:07.780 2023/01/21T21:06:33z: SSID: MU Open
 0h00:07.786 2023/01/21T21:06:33z: AP_STAR tmr
 ets Jan  8 2013,rst cause:1, boot mode:(3,7)

load 0x4010f000, len 1384, room 16 
tail 8
chksum 0x2d
csum 0x2d
v8b899c12
~ld


6.01
 0h00:07.292 2023/01/21T21:26:44z: DS3231
 0h00:07.308 2023/01/21T21:26:44z: BME280 (0x76)
 0h00:07.322 2023/01/21T21:26:44z: 84:f3:eb:7d:7:a8
 0h00:07.323 2023/01/21T21:26:44z: SSID: MU Open
 0h00:07.329 2023/01/21T21:26:44z: AP_STAR tmr
 ets Jan  8 2013,rst cause:1, boot mode:(3,7)

load 0x4010f000, len 1384, room 16 
tail 8
chksum 0x2d
csum 0x2d
v8b899c12
~ld


6.01
 0h00:06.738 2023/01/21T21:46:54z: DS3231
 0h00:06.753 2023/01/21T21:46:54z: BME280 (0x76)
 0h00:06.767 2023/01/21T21:46:54z: 84:f3:eb:7d:7:a8
 0h00:06.769 2023/01/21T21:46:54z: SSID: MU Open
 0h00:06.774 2023/01/21T21:46:54z: AP_STAR tmr
 ets Jan  8 2013,rst cause:1, boot mode:(3,7)

load 0x4010f000, len 1384, room 16 
tail 8
chksum 0x2d
csum 0x2d
v8b899c12
~ld


6.01
 0h00:07.504 2023/01/21T22:07:04z: DS3231
 0h00:07.519 2023/01/21T22:07:04z: BME280 (0x76)
 0h00:07.533 2023/01/21T22:07:04z: 84:f3:eb:7d:7:a8
 0h00:07.535 2023/01/21T22:07:04z: SSID: MU Open
 0h00:07.540 2023/01/21T22:07:04z: AP_STAR tmr
 ets Jan  8 2013,rst cause:1, boot mode:(3,7)

load 0x4010f000, len 1384, room 16 
tail 8
chksum 0x2d
csum 0x2d
v8b899c12
~ld


6.01
 0h00:07.687 2023/01/21T22:27:16z: DS3231
 0h00:07.703 2023/01/21T22:27:16z: BME280 (0x76)
 0h00:07.717 2023/01/21T22:27:16z: 84:f3:eb:7d:7:a8
 0h00:07.719 2023/01/21T22:27:16z: SSID: MU Open
 0h00:07.724 2023/01/21T22:27:16z: AP_STAR tmr
 ets Jan  8 2013,rst cause:1, boot mode:(3,7)

load 0x4010f000, len 1384, room 16 
tail 8
chksum 0x2d
csum 0x2d
v8b899c12
~ld


6.01
 0h00:07.492 2023/01/21T22:47:27z: DS3231
 0h00:07.508 2023/01/21T22:47:27z: BME280 (0x76)
 0h00:07.522 2023/01/21T22:47:27z: 84:f3:eb:7d:7:a8
 0h00:07.524 2023/01/21T22:47:27z: SSID: MU Open
 0h00:07.529 2023/01/21T22:47:27z: AP_STAR tmr
 ets Jan  8 2013,rst cause:1, boot mode:(3,7)

load 0x4010f000, len 1384, room 16 
tail 8
chksum 0x2d
csum 0x2d
v8b899c12
~ld


6.01
 0h00:07.336 2023/01/21T23:07:38z: DS3231
 0h00:07.352 2023/01/21T23:07:38z: BME280 (0x76)
 0h00:07.366 2023/01/21T23:07:38z: 84:f3:eb:7d:7:a8
 0h00:07.368 2023/01/21T23:07:38z: SSID: MU Open
 0h00:07.373 2023/01/21T23:07:38z: AP_STAR tmr
 ets Jan  8 2013,rst cause:1, boot mode:(3,7)

load 0x4010f000, len 1384, room 16 
tail 8
chksum 0x2d
csum 0x2d
v8b899c12
~ld


6.01
 0h00:07.325 2023/01/21T23:27:50z: DS3231
 0h00:07.341 2023/01/21T23:27:50z: BME280 (0x76)
 0h00:07.355 2023/01/21T23:27:50z: 84:f3:eb:7d:7:a8
 0h00:07.356 2023/01/21T23:27:50z: SSID: MU Open
 0h00:07.362 2023/01/21T23:27:50z: AP_STAR tmr
 ets Jan  8 2013,rst cause:1, boot mode:(3,7)

load 0x4010f000, len 1384, room 16 
tail 8
chksum 0x2d
csum 0x2d
v8b899c12
~ld


6.01
 0h00:07.646 2023/01/21T23:48:01z: DS3231
 0h00:07.662 2023/01/21T23:48:01z: BME280 (0x76)
 0h00:07.676 2023/01/21T23:48:01z: 84:f3:eb:7d:7:a8
 0h00:07.677 2023/01/21T23:48:01z: SSID: MU Open
 0h00:07.683 2023/01/21T23:48:01z: AP_STA